<?xml version='1.0' encoding='UTF-8'?>
<result>
  <suites>
    <suite>
      <file>/var/lib/jenkins/jobs/Samatha Fork/workspace/service/target/surefire-reports/TEST-com.rackspace.search.elasticsearch.client.ElasticSearchClientFactoryBeanTest.xml</file>
      <name>com.rackspace.search.elasticsearch.client.ElasticSearchClientFactoryBeanTest</name>
      <duration>0.77699995</duration>
      <cases>
        <case>
          <duration>0.159</duration>
          <className>com.rackspace.search.elasticsearch.client.ElasticSearchClientFactoryBeanTest</className>
          <testName>is Index exist</testName>
          <skipped>false</skipped>
          <errorStackTrace>java.lang.IllegalStateException: Failed to load ApplicationContext
	at org.springframework.test.context.TestContext.getApplicationContext(TestContext.java:308)
	at org.springframework.test.context.support.DependencyInjectionTestExecutionListener.injectDependencies(DependencyInjectionTestExecutionListener.java:109)
	at org.springframework.test.context.support.DependencyInjectionTestExecutionListener.prepareTestInstance(DependencyInjectionTestExecutionListener.java:75)
	at org.springframework.test.context.TestContextManager.prepareTestInstance(TestContextManager.java:321)
	at org.spockframework.spring.SpringTestContextManager.prepareTestInstance(SpringTestContextManager.java:49)
	at org.spockframework.spring.SpringInterceptor.interceptSetupMethod(SpringInterceptor.java:42)
	at org.spockframework.runtime.extension.AbstractMethodInterceptor.intercept(AbstractMethodInterceptor.java:28)
	at org.spockframework.runtime.extension.MethodInvocation.proceed(MethodInvocation.java:84)
	at org.spockframework.util.ReflectionUtil.invokeMethod(ReflectionUtil.java:138)
	at org.spockframework.util.ReflectionUtil.invokeMethod(ReflectionUtil.java:138)
	at org.spockframework.util.ReflectionUtil.invokeMethod(ReflectionUtil.java:138)
	at org.apache.maven.surefire.junit4.JUnit4TestSet.execute(JUnit4TestSet.java:53)
	at org.apache.maven.surefire.junit4.JUnit4Provider.executeTestSet(JUnit4Provider.java:123)
	at org.apache.maven.surefire.junit4.JUnit4Provider.invoke(JUnit4Provider.java:104)
	at org.apache.maven.surefire.util.ReflectionUtils.invokeMethodWithArray(ReflectionUtils.java:164)
	at org.apache.maven.surefire.booter.ProviderFactory$ProviderProxy.invoke(ProviderFactory.java:110)
	at org.apache.maven.surefire.booter.SurefireStarter.invokeProvider(SurefireStarter.java:175)
	at org.apache.maven.surefire.booter.SurefireStarter.runSuitesInProcessWhenForked(SurefireStarter.java:107)
	at org.apache.maven.surefire.booter.ForkedBooter.main(ForkedBooter.java:68)
Caused by: org.springframework.beans.factory.BeanCreationException: Error creating bean with name &apos;adminResource&apos;: Injection of autowired dependencies failed; nested exception is org.springframework.beans.factory.BeanCreationException: Could not autowire field: private com.rackspace.search.service.JobService com.rackspace.search.endpoint.AdminResource.jobService; nested exception is org.springframework.beans.factory.CannotLoadBeanClassException: Cannot find class [com.rackspace.search.TestDatasource] for bean with name &apos;coreDataSource&apos; defined in class path resource [test-coreDbContext.xml]; nested exception is java.lang.ClassNotFoundException: com.rackspace.search.TestDatasource
	at org.springframework.beans.factory.annotation.AutowiredAnnotationBeanPostProcessor.postProcessPropertyValues(AutowiredAnnotationBeanPostProcessor.java:288)
	at org.springframework.beans.factory.support.AbstractAutowireCapableBeanFactory.populateBean(AbstractAutowireCapableBeanFactory.java:1074)
	at org.springframework.beans.factory.support.AbstractAutowireCapableBeanFactory.doCreateBean(AbstractAutowireCapableBeanFactory.java:517)
	at org.springframework.beans.factory.support.AbstractAutowireCapableBeanFactory.createBean(AbstractAutowireCapableBeanFactory.java:456)
	at org.springframework.beans.factory.support.AbstractBeanFactory$1.getObject(AbstractBeanFactory.java:293)
	at org.springframework.beans.factory.support.DefaultSingletonBeanRegistry.getSingleton(DefaultSingletonBeanRegistry.java:222)
	at org.springframework.beans.factory.support.AbstractBeanFactory.doGetBean(AbstractBeanFactory.java:290)
	at org.springframework.beans.factory.support.AbstractBeanFactory.getBean(AbstractBeanFactory.java:192)
	at org.springframework.beans.factory.support.DefaultListableBeanFactory.preInstantiateSingletons(DefaultListableBeanFactory.java:585)
	at org.springframework.context.support.AbstractApplicationContext.finishBeanFactoryInitialization(AbstractApplicationContext.java:895)
	at org.springframework.context.support.AbstractApplicationContext.refresh(AbstractApplicationContext.java:425)
	at org.springframework.test.context.support.AbstractGenericContextLoader.loadContext(AbstractGenericContextLoader.java:84)
	at org.springframework.test.context.support.AbstractGenericContextLoader.loadContext(AbstractGenericContextLoader.java:1)
	at org.springframework.test.context.TestContext.loadApplicationContext(TestContext.java:280)
	at org.springframework.test.context.TestContext.getApplicationContext(TestContext.java:304)
	... 18 more
Caused by: org.springframework.beans.factory.BeanCreationException: Could not autowire field: private com.rackspace.search.service.JobService com.rackspace.search.endpoint.AdminResource.jobService; nested exception is org.springframework.beans.factory.CannotLoadBeanClassException: Cannot find class [com.rackspace.search.TestDatasource] for bean with name &apos;coreDataSource&apos; defined in class path resource [test-coreDbContext.xml]; nested exception is java.lang.ClassNotFoundException: com.rackspace.search.TestDatasource
	at org.springframework.beans.factory.annotation.AutowiredAnnotationBeanPostProcessor$AutowiredFieldElement.inject(AutowiredAnnotationBeanPostProcessor.java:508)
	at org.springframework.beans.factory.annotation.InjectionMetadata.inject(InjectionMetadata.java:84)
	at org.springframework.beans.factory.annotation.AutowiredAnnotationBeanPostProcessor.postProcessPropertyValues(AutowiredAnnotationBeanPostProcessor.java:285)
	... 32 more
Caused by: org.springframework.beans.factory.CannotLoadBeanClassException: Cannot find class [com.rackspace.search.TestDatasource] for bean with name &apos;coreDataSource&apos; defined in class path resource [test-coreDbContext.xml]; nested exception is java.lang.ClassNotFoundException: com.rackspace.search.TestDatasource
	at org.springframework.beans.factory.support.AbstractBeanFactory.resolveBeanClass(AbstractBeanFactory.java:1261)
	at org.springframework.beans.factory.support.AbstractAutowireCapableBeanFactory.predictBeanType(AbstractAutowireCapableBeanFactory.java:576)
	at org.springframework.beans.factory.support.AbstractBeanFactory.isFactoryBean(AbstractBeanFactory.java:1330)
	at org.springframework.beans.factory.support.DefaultListableBeanFactory.getBeanNamesForType(DefaultListableBeanFactory.java:317)
	at org.springframework.beans.factory.BeanFactoryUtils.beanNamesForTypeIncludingAncestors(BeanFactoryUtils.java:185)
	at org.springframework.beans.factory.support.DefaultListableBeanFactory.findAutowireCandidates(DefaultListableBeanFactory.java:833)
	at org.springframework.beans.factory.support.DefaultListableBeanFactory.doResolveDependency(DefaultListableBeanFactory.java:790)
	at org.springframework.beans.factory.support.DefaultListableBeanFactory.resolveDependency(DefaultListableBeanFactory.java:707)
	at org.springframework.beans.factory.annotation.AutowiredAnnotationBeanPostProcessor$AutowiredFieldElement.inject(AutowiredAnnotationBeanPostProcessor.java:480)
	... 34 more
Caused by: java.lang.ClassNotFoundException: com.rackspace.search.TestDatasource
	at java.net.URLClassLoader$1.run(URLClassLoader.java:202)
	at java.net.URLClassLoader.findClass(URLClassLoader.java:190)
	at java.lang.ClassLoader.loadClass(ClassLoader.java:306)
	at sun.misc.Launcher$AppClassLoader.loadClass(Launcher.java:301)
	at java.lang.ClassLoader.loadClass(ClassLoader.java:247)
	at org.springframework.util.ClassUtils.forName(ClassUtils.java:257)
	at org.springframework.beans.factory.support.AbstractBeanDefinition.resolveBeanClass(AbstractBeanDefinition.java:408)
	at org.springframework.beans.factory.support.AbstractBeanFactory.doResolveBeanClass(AbstractBeanFactory.java:1282)
	at org.springframework.beans.factory.support.AbstractBeanFactory.resolveBeanClass(AbstractBeanFactory.java:1253)
	... 42 more
</errorStackTrace>
          <errorDetails>Failed to load ApplicationContext</errorDetails>
          <stdout>16:31:21.461 [main] INFO  c.r.s.common.property.PropertyProvider - Loading properties file from file [/var/lib/jenkins/jobs/Samatha Fork/workspace/service/target/properties/local/search.properties]
16:31:21.461 [main] INFO  c.r.s.common.property.PropertyProvider - Loading properties file from file [/var/lib/jenkins/jobs/Samatha Fork/workspace/service/target/properties/local/search.secrets.properties]
16:31:21.461 [main] INFO  c.r.s.common.property.PropertyProvider - Loading properties file from file [/var/lib/jenkins/jobs/Samatha Fork/workspace/service/target/properties/local/elasticsearch.properties]
16:31:21.483 [main] ERROR o.s.test.context.TestContextManager - Caught exception while allowing TestExecutionListener [org.springframework.test.context.support.DependencyInjectionTestExecutionListener@40395aaf] to prepare test instance [com.rackspace.search.elasticsearch.client.ElasticSearchClientFactoryBeanTest@7570b819]
java.lang.IllegalStateException: Failed to load ApplicationContext
	at org.springframework.test.context.TestContext.getApplicationContext(TestContext.java:308) ~[spring-test-3.0.6.RELEASE.jar:3.0.6.RELEASE]
	at org.springframework.test.context.support.DependencyInjectionTestExecutionListener.injectDependencies(DependencyInjectionTestExecutionListener.java:109) ~[spring-test-3.0.6.RELEASE.jar:3.0.6.RELEASE]
	at org.springframework.test.context.support.DependencyInjectionTestExecutionListener.prepareTestInstance(DependencyInjectionTestExecutionListener.java:75) ~[spring-test-3.0.6.RELEASE.jar:3.0.6.RELEASE]
	at org.springframework.test.context.TestContextManager.prepareTestInstance(TestContextManager.java:321) ~[spring-test-3.0.6.RELEASE.jar:3.0.6.RELEASE]
	at org.spockframework.spring.SpringTestContextManager.prepareTestInstance(SpringTestContextManager.java:49) [spock-spring-0.7-groovy-2.0.jar:na]
	at org.spockframework.spring.SpringInterceptor.interceptSetupMethod(SpringInterceptor.java:42) [spock-spring-0.7-groovy-2.0.jar:na]
	at org.spockframework.runtime.extension.AbstractMethodInterceptor.intercept(AbstractMethodInterceptor.java:28) [spock-core-0.7-groovy-2.0.jar:na]
	at org.spockframework.runtime.extension.MethodInvocation.proceed(MethodInvocation.java:84) [spock-core-0.7-groovy-2.0.jar:na]
	at org.spockframework.runtime.BaseSpecRunner.invoke(BaseSpecRunner.java:319) [spock-core-0.7-groovy-2.0.jar:na]
	at org.spockframework.runtime.BaseSpecRunner.invokeSetup(BaseSpecRunner.java:279) [spock-core-0.7-groovy-2.0.jar:na]
	at org.spockframework.runtime.BaseSpecRunner.doRunIteration(BaseSpecRunner.java:255) [spock-core-0.7-groovy-2.0.jar:na]
	at sun.reflect.GeneratedMethodAccessor6.invoke(Unknown Source) ~[na:na]
	at sun.reflect.DelegatingMethodAccessorImpl.invoke(DelegatingMethodAccessorImpl.java:25) ~[na:1.6.0_38]
	at java.lang.reflect.Method.invoke(Method.java:597) ~[na:1.6.0_38]
	at org.spockframework.util.ReflectionUtil.invokeMethod(ReflectionUtil.java:138) [spock-core-0.7-groovy-2.0.jar:na]
	at org.spockframework.runtime.BaseSpecRunner.invokeRaw(BaseSpecRunner.java:330) [spock-core-0.7-groovy-2.0.jar:na]
	at org.spockframework.runtime.BaseSpecRunner.invoke(BaseSpecRunner.java:311) [spock-core-0.7-groovy-2.0.jar:na]
	at org.spockframework.runtime.BaseSpecRunner.runIteration(BaseSpecRunner.java:223) [spock-core-0.7-groovy-2.0.jar:na]
	at org.spockframework.runtime.BaseSpecRunner.initializeAndRunIteration(BaseSpecRunner.java:214) [spock-core-0.7-groovy-2.0.jar:na]
	at org.spockframework.runtime.BaseSpecRunner.runSimpleFeature(BaseSpecRunner.java:205) [spock-core-0.7-groovy-2.0.jar:na]
	at org.spockframework.runtime.BaseSpecRunner.doRunFeature(BaseSpecRunner.java:199) [spock-core-0.7-groovy-2.0.jar:na]
	at sun.reflect.GeneratedMethodAccessor7.invoke(Unknown Source) ~[na:na]
	at sun.reflect.DelegatingMethodAccessorImpl.invoke(DelegatingMethodAccessorImpl.java:25) ~[na:1.6.0_38]
	at java.lang.reflect.Method.invoke(Method.java:597) ~[na:1.6.0_38]
	at org.spockframework.util.ReflectionUtil.invokeMethod(ReflectionUtil.java:138) [spock-core-0.7-groovy-2.0.jar:na]
	at org.spockframework.runtime.BaseSpecRunner.invokeRaw(BaseSpecRunner.java:330) [spock-core-0.7-groovy-2.0.jar:na]
	at org.spockframework.runtime.BaseSpecRunner.invoke(BaseSpecRunner.java:311) [spock-core-0.7-groovy-2.0.jar:na]
	at org.spockframework.runtime.BaseSpecRunner.runFeature(BaseSpecRunner.java:175) [spock-core-0.7-groovy-2.0.jar:na]
	at org.spockframework.runtime.BaseSpecRunner.runFeatures(BaseSpecRunner.java:152) [spock-core-0.7-groovy-2.0.jar:na]
	at org.spockframework.runtime.BaseSpecRunner.doRunSpec(BaseSpecRunner.java:112) [spock-core-0.7-groovy-2.0.jar:na]
	at sun.reflect.NativeMethodAccessorImpl.invoke0(Native Method) ~[na:1.6.0_38]
	at sun.reflect.NativeMethodAccessorImpl.invoke(NativeMethodAccessorImpl.java:39) ~[na:1.6.0_38]
	at sun.reflect.DelegatingMethodAccessorImpl.invoke(DelegatingMethodAccessorImpl.java:25) ~[na:1.6.0_38]
	at java.lang.reflect.Method.invoke(Method.java:597) ~[na:1.6.0_38]
	at org.spockframework.util.ReflectionUtil.invokeMethod(ReflectionUtil.java:138) [spock-core-0.7-groovy-2.0.jar:na]
	at org.spockframework.runtime.BaseSpecRunner.invokeRaw(BaseSpecRunner.java:330) [spock-core-0.7-groovy-2.0.jar:na]
	at org.spockframework.runtime.BaseSpecRunner.invoke(BaseSpecRunner.java:311) [spock-core-0.7-groovy-2.0.jar:na]
	at org.spockframework.runtime.BaseSpecRunner.runSpec(BaseSpecRunner.java:91) [spock-core-0.7-groovy-2.0.jar:na]
	at org.spockframework.runtime.BaseSpecRunner.run(BaseSpecRunner.java:82) [spock-core-0.7-groovy-2.0.jar:na]
	at org.spockframework.runtime.Sputnik.run(Sputnik.java:63) [spock-core-0.7-groovy-2.0.jar:na]
	at org.apache.maven.surefire.junit4.JUnit4TestSet.execute(JUnit4TestSet.java:53) [surefire-junit4-2.10.jar:2.10]
	at org.apache.maven.surefire.junit4.JUnit4Provider.executeTestSet(JUnit4Provider.java:123) [surefire-junit4-2.10.jar:2.10]
	at org.apache.maven.surefire.junit4.JUnit4Provider.invoke(JUnit4Provider.java:104) [surefire-junit4-2.10.jar:2.10]
	at sun.reflect.NativeMethodAccessorImpl.invoke0(Native Method) ~[na:1.6.0_38]
	at sun.reflect.NativeMethodAccessorImpl.invoke(NativeMethodAccessorImpl.java:39) ~[na:1.6.0_38]
	at sun.reflect.DelegatingMethodAccessorImpl.invoke(DelegatingMethodAccessorImpl.java:25) ~[na:1.6.0_38]
	at java.lang.reflect.Method.invoke(Method.java:597) ~[na:1.6.0_38]
	at org.apache.maven.surefire.util.ReflectionUtils.invokeMethodWithArray(ReflectionUtils.java:164) [surefire-api-2.10.jar:2.10]
	at org.apache.maven.surefire.booter.ProviderFactory$ProviderProxy.invoke(ProviderFactory.java:110) [surefire-booter-2.10.jar:2.10]
	at org.apache.maven.surefire.booter.SurefireStarter.invokeProvider(SurefireStarter.java:175) [surefire-booter-2.10.jar:2.10]
	at org.apache.maven.surefire.booter.SurefireStarter.runSuitesInProcessWhenForked(SurefireStarter.java:107) [surefire-booter-2.10.jar:2.10]
	at org.apache.maven.surefire.booter.ForkedBooter.main(ForkedBooter.java:68) [surefire-booter-2.10.jar:2.10]
Caused by: org.springframework.beans.factory.BeanCreationException: Error creating bean with name &apos;adminResource&apos;: Injection of autowired dependencies failed; nested exception is org.springframework.beans.factory.BeanCreationException: Could not autowire field: private com.rackspace.search.service.JobService com.rackspace.search.endpoint.AdminResource.jobService; nested exception is org.springframework.beans.factory.CannotLoadBeanClassException: Cannot find class [com.rackspace.search.TestDatasource] for bean with name &apos;coreDataSource&apos; defined in class path resource [test-coreDbContext.xml]; nested exception is java.lang.ClassNotFoundException: com.rackspace.search.TestDatasource
	at org.springframework.beans.factory.annotation.AutowiredAnnotationBeanPostProcessor.postProcessPropertyValues(AutowiredAnnotationBeanPostProcessor.java:288) ~[spring-beans-3.0.6.RELEASE.jar:3.0.6.RELEASE]
	at org.springframework.beans.factory.support.AbstractAutowireCapableBeanFactory.populateBean(AbstractAutowireCapableBeanFactory.java:1074) ~[spring-beans-3.0.6.RELEASE.jar:3.0.6.RELEASE]
	at org.springframework.beans.factory.support.AbstractAutowireCapableBeanFactory.doCreateBean(AbstractAutowireCapableBeanFactory.java:517) ~[spring-beans-3.0.6.RELEASE.jar:3.0.6.RELEASE]
	at org.springframework.beans.factory.support.AbstractAutowireCapableBeanFactory.createBean(AbstractAutowireCapableBeanFactory.java:456) ~[spring-beans-3.0.6.RELEASE.jar:3.0.6.RELEASE]
	at org.springframework.beans.factory.support.AbstractBeanFactory$1.getObject(AbstractBeanFactory.java:293) ~[spring-beans-3.0.6.RELEASE.jar:3.0.6.RELEASE]
	at org.springframework.beans.factory.support.DefaultSingletonBeanRegistry.getSingleton(DefaultSingletonBeanRegistry.java:222) ~[spring-beans-3.0.6.RELEASE.jar:3.0.6.RELEASE]
	at org.springframework.beans.factory.support.AbstractBeanFactory.doGetBean(AbstractBeanFactory.java:290) ~[spring-beans-3.0.6.RELEASE.jar:3.0.6.RELEASE]
	at org.springframework.beans.factory.support.AbstractBeanFactory.getBean(AbstractBeanFactory.java:192) ~[spring-beans-3.0.6.RELEASE.jar:3.0.6.RELEASE]
	at org.springframework.beans.factory.support.DefaultListableBeanFactory.preInstantiateSingletons(DefaultListableBeanFactory.java:585) ~[spring-beans-3.0.6.RELEASE.jar:3.0.6.RELEASE]
	at org.springframework.context.support.AbstractApplicationContext.finishBeanFactoryInitialization(AbstractApplicationContext.java:895) ~[spring-context-3.0.6.RELEASE.jar:3.0.6.RELEASE]
	at org.springframework.context.support.AbstractApplicationContext.refresh(AbstractApplicationContext.java:425) ~[spring-context-3.0.6.RELEASE.jar:3.0.6.RELEASE]
	at org.springframework.test.context.support.AbstractGenericContextLoader.loadContext(AbstractGenericContextLoader.java:84) ~[spring-test-3.0.6.RELEASE.jar:3.0.6.RELEASE]
	at org.springframework.test.context.support.AbstractGenericContextLoader.loadContext(AbstractGenericContextLoader.java:1) ~[spring-test-3.0.6.RELEASE.jar:3.0.6.RELEASE]
	at org.springframework.test.context.TestContext.loadApplicationContext(TestContext.java:280) ~[spring-test-3.0.6.RELEASE.jar:3.0.6.RELEASE]
	at org.springframework.test.context.TestContext.getApplicationContext(TestContext.java:304) ~[spring-test-3.0.6.RELEASE.jar:3.0.6.RELEASE]
	... 51 common frames omitted
Caused by: org.springframework.beans.factory.BeanCreationException: Could not autowire field: private com.rackspace.search.service.JobService com.rackspace.search.endpoint.AdminResource.jobService; nested exception is org.springframework.beans.factory.CannotLoadBeanClassException: Cannot find class [com.rackspace.search.TestDatasource] for bean with name &apos;coreDataSource&apos; defined in class path resource [test-coreDbContext.xml]; nested exception is java.lang.ClassNotFoundException: com.rackspace.search.TestDatasource
	at org.springframework.beans.factory.annotation.AutowiredAnnotationBeanPostProcessor$AutowiredFieldElement.inject(AutowiredAnnotationBeanPostProcessor.java:508) ~[spring-beans-3.0.6.RELEASE.jar:3.0.6.RELEASE]
	at org.springframework.beans.factory.annotation.InjectionMetadata.inject(InjectionMetadata.java:84) ~[spring-beans-3.0.6.RELEASE.jar:3.0.6.RELEASE]
	at org.springframework.beans.factory.annotation.AutowiredAnnotationBeanPostProcessor.postProcessPropertyValues(AutowiredAnnotationBeanPostProcessor.java:285) ~[spring-beans-3.0.6.RELEASE.jar:3.0.6.RELEASE]
	... 65 common frames omitted
Caused by: org.springframework.beans.factory.CannotLoadBeanClassException: Cannot find class [com.rackspace.search.TestDatasource] for bean with name &apos;coreDataSource&apos; defined in class path resource [test-coreDbContext.xml]; nested exception is java.lang.ClassNotFoundException: com.rackspace.search.TestDatasource
	at org.springframework.beans.factory.support.AbstractBeanFactory.resolveBeanClass(AbstractBeanFactory.java:1261) ~[spring-beans-3.0.6.RELEASE.jar:3.0.6.RELEASE]
	at org.springframework.beans.factory.support.AbstractAutowireCapableBeanFactory.predictBeanType(AbstractAutowireCapableBeanFactory.java:576) ~[spring-beans-3.0.6.RELEASE.jar:3.0.6.RELEASE]
	at org.springframework.beans.factory.support.AbstractBeanFactory.isFactoryBean(AbstractBeanFactory.java:1330) ~[spring-beans-3.0.6.RELEASE.jar:3.0.6.RELEASE]
	at org.springframework.beans.factory.support.DefaultListableBeanFactory.getBeanNamesForType(DefaultListableBeanFactory.java:317) ~[spring-beans-3.0.6.RELEASE.jar:3.0.6.RELEASE]
	at org.springframework.beans.factory.BeanFactoryUtils.beanNamesForTypeIncludingAncestors(BeanFactoryUtils.java:185) ~[spring-beans-3.0.6.RELEASE.jar:3.0.6.RELEASE]
	at org.springframework.beans.factory.support.DefaultListableBeanFactory.findAutowireCandidates(DefaultListableBeanFactory.java:833) ~[spring-beans-3.0.6.RELEASE.jar:3.0.6.RELEASE]
	at org.springframework.beans.factory.support.DefaultListableBeanFactory.doResolveDependency(DefaultListableBeanFactory.java:790) ~[spring-beans-3.0.6.RELEASE.jar:3.0.6.RELEASE]
	at org.springframework.beans.factory.support.DefaultListableBeanFactory.resolveDependency(DefaultListableBeanFactory.java:707) ~[spring-beans-3.0.6.RELEASE.jar:3.0.6.RELEASE]
	at org.springframework.beans.factory.annotation.AutowiredAnnotationBeanPostProcessor$AutowiredFieldElement.inject(AutowiredAnnotationBeanPostProcessor.java:480) ~[spring-beans-3.0.6.RELEASE.jar:3.0.6.RELEASE]
	... 67 common frames omitted
Caused by: java.lang.ClassNotFoundException: com.rackspace.search.TestDatasource
	at java.net.URLClassLoader$1.run(URLClassLoader.java:202) ~[na:1.6.0_38]
	at java.security.AccessController.doPrivileged(Native Method) ~[na:1.6.0_38]
	at java.net.URLClassLoader.findClass(URLClassLoader.java:190) ~[na:1.6.0_38]
	at java.lang.ClassLoader.loadClass(ClassLoader.java:306) ~[na:1.6.0_38]
	at sun.misc.Launcher$AppClassLoader.loadClass(Launcher.java:301) ~[na:1.6.0_38]
	at java.lang.ClassLoader.loadClass(ClassLoader.java:247) ~[na:1.6.0_38]
	at org.springframework.util.ClassUtils.forName(ClassUtils.java:257) ~[spring-core-3.0.6.RELEASE.jar:3.0.6.RELEASE]
	at org.springframework.beans.factory.support.AbstractBeanDefinition.resolveBeanClass(AbstractBeanDefinition.java:408) ~[spring-beans-3.0.6.RELEASE.jar:3.0.6.RELEASE]
	at org.springframework.beans.factory.support.AbstractBeanFactory.doResolveBeanClass(AbstractBeanFactory.java:1282) ~[spring-beans-3.0.6.RELEASE.jar:3.0.6.RELEASE]
	at org.springframework.beans.factory.support.AbstractBeanFactory.resolveBeanClass(AbstractBeanFactory.java:1253) ~[spring-beans-3.0.6.RELEASE.jar:3.0.6.RELEASE]
	... 75 common frames omitted
</stdout>
          <failedSince>1</failedSince>
        </case>
        <case>
          <duration>0.144</duration>
          <className>com.rackspace.search.elasticsearch.client.ElasticSearchClientFactoryBeanTest</className>
          <testName>validate Index Settings</testName>
          <skipped>false</skipped>
          <errorStackTrace>java.lang.IllegalStateException: Failed to load ApplicationContext
	at org.springframework.test.context.TestContext.getApplicationContext(TestContext.java:308)
	at org.springframework.test.context.support.DependencyInjectionTestExecutionListener.injectDependencies(DependencyInjectionTestExecutionListener.java:109)
	at org.springframework.test.context.support.DependencyInjectionTestExecutionListener.prepareTestInstance(DependencyInjectionTestExecutionListener.java:75)
	at org.springframework.test.context.TestContextManager.prepareTestInstance(TestContextManager.java:321)
	at org.spockframework.spring.SpringTestContextManager.prepareTestInstance(SpringTestContextManager.java:49)
	at org.spockframework.spring.SpringInterceptor.interceptSetupMethod(SpringInterceptor.java:42)
	at org.spockframework.runtime.extension.AbstractMethodInterceptor.intercept(AbstractMethodInterceptor.java:28)
	at org.spockframework.runtime.extension.MethodInvocation.proceed(MethodInvocation.java:84)
	at org.spockframework.util.ReflectionUtil.invokeMethod(ReflectionUtil.java:138)
	at org.spockframework.util.ReflectionUtil.invokeMethod(ReflectionUtil.java:138)
	at org.spockframework.util.ReflectionUtil.invokeMethod(ReflectionUtil.java:138)
	at org.apache.maven.surefire.junit4.JUnit4TestSet.execute(JUnit4TestSet.java:53)
	at org.apache.maven.surefire.junit4.JUnit4Provider.executeTestSet(JUnit4Provider.java:123)
	at org.apache.maven.surefire.junit4.JUnit4Provider.invoke(JUnit4Provider.java:104)
	at org.apache.maven.surefire.util.ReflectionUtils.invokeMethodWithArray(ReflectionUtils.java:164)
	at org.apache.maven.surefire.booter.ProviderFactory$ProviderProxy.invoke(ProviderFactory.java:110)
	at org.apache.maven.surefire.booter.SurefireStarter.invokeProvider(SurefireStarter.java:175)
	at org.apache.maven.surefire.booter.SurefireStarter.runSuitesInProcessWhenForked(SurefireStarter.java:107)
	at org.apache.maven.surefire.booter.ForkedBooter.main(ForkedBooter.java:68)
Caused by: org.springframework.beans.factory.BeanCreationException: Error creating bean with name &apos;adminResource&apos;: Injection of autowired dependencies failed; nested exception is org.springframework.beans.factory.BeanCreationException: Could not autowire field: private com.rackspace.search.service.JobService com.rackspace.search.endpoint.AdminResource.jobService; nested exception is org.springframework.beans.factory.CannotLoadBeanClassException: Cannot find class [com.rackspace.search.TestDatasource] for bean with name &apos;coreDataSource&apos; defined in class path resource [test-coreDbContext.xml]; nested exception is java.lang.ClassNotFoundException: com.rackspace.search.TestDatasource
	at org.springframework.beans.factory.annotation.AutowiredAnnotationBeanPostProcessor.postProcessPropertyValues(AutowiredAnnotationBeanPostProcessor.java:288)
	at org.springframework.beans.factory.support.AbstractAutowireCapableBeanFactory.populateBean(AbstractAutowireCapableBeanFactory.java:1074)
	at org.springframework.beans.factory.support.AbstractAutowireCapableBeanFactory.doCreateBean(AbstractAutowireCapableBeanFactory.java:517)
	at org.springframework.beans.factory.support.AbstractAutowireCapableBeanFactory.createBean(AbstractAutowireCapableBeanFactory.java:456)
	at org.springframework.beans.factory.support.AbstractBeanFactory$1.getObject(AbstractBeanFactory.java:293)
	at org.springframework.beans.factory.support.DefaultSingletonBeanRegistry.getSingleton(DefaultSingletonBeanRegistry.java:222)
	at org.springframework.beans.factory.support.AbstractBeanFactory.doGetBean(AbstractBeanFactory.java:290)
	at org.springframework.beans.factory.support.AbstractBeanFactory.getBean(AbstractBeanFactory.java:192)
	at org.springframework.beans.factory.support.DefaultListableBeanFactory.preInstantiateSingletons(DefaultListableBeanFactory.java:585)
	at org.springframework.context.support.AbstractApplicationContext.finishBeanFactoryInitialization(AbstractApplicationContext.java:895)
	at org.springframework.context.support.AbstractApplicationContext.refresh(AbstractApplicationContext.java:425)
	at org.springframework.test.context.support.AbstractGenericContextLoader.loadContext(AbstractGenericContextLoader.java:84)
	at org.springframework.test.context.support.AbstractGenericContextLoader.loadContext(AbstractGenericContextLoader.java:1)
	at org.springframework.test.context.TestContext.loadApplicationContext(TestContext.java:280)
	at org.springframework.test.context.TestContext.getApplicationContext(TestContext.java:304)
	... 18 more
Caused by: org.springframework.beans.factory.BeanCreationException: Could not autowire field: private com.rackspace.search.service.JobService com.rackspace.search.endpoint.AdminResource.jobService; nested exception is org.springframework.beans.factory.CannotLoadBeanClassException: Cannot find class [com.rackspace.search.TestDatasource] for bean with name &apos;coreDataSource&apos; defined in class path resource [test-coreDbContext.xml]; nested exception is java.lang.ClassNotFoundException: com.rackspace.search.TestDatasource
	at org.springframework.beans.factory.annotation.AutowiredAnnotationBeanPostProcessor$AutowiredFieldElement.inject(AutowiredAnnotationBeanPostProcessor.java:508)
	at org.springframework.beans.factory.annotation.InjectionMetadata.inject(InjectionMetadata.java:84)
	at org.springframework.beans.factory.annotation.AutowiredAnnotationBeanPostProcessor.postProcessPropertyValues(AutowiredAnnotationBeanPostProcessor.java:285)
	... 32 more
Caused by: org.springframework.beans.factory.CannotLoadBeanClassException: Cannot find class [com.rackspace.search.TestDatasource] for bean with name &apos;coreDataSource&apos; defined in class path resource [test-coreDbContext.xml]; nested exception is java.lang.ClassNotFoundException: com.rackspace.search.TestDatasource
	at org.springframework.beans.factory.support.AbstractBeanFactory.resolveBeanClass(AbstractBeanFactory.java:1261)
	at org.springframework.beans.factory.support.AbstractAutowireCapableBeanFactory.predictBeanType(AbstractAutowireCapableBeanFactory.java:576)
	at org.springframework.beans.factory.support.AbstractBeanFactory.isFactoryBean(AbstractBeanFactory.java:1330)
	at org.springframework.beans.factory.support.DefaultListableBeanFactory.getBeanNamesForType(DefaultListableBeanFactory.java:317)
	at org.springframework.beans.factory.BeanFactoryUtils.beanNamesForTypeIncludingAncestors(BeanFactoryUtils.java:185)
	at org.springframework.beans.factory.support.DefaultListableBeanFactory.findAutowireCandidates(DefaultListableBeanFactory.java:833)
	at org.springframework.beans.factory.support.DefaultListableBeanFactory.doResolveDependency(DefaultListableBeanFactory.java:790)
	at org.springframework.beans.factory.support.DefaultListableBeanFactory.resolveDependency(DefaultListableBeanFactory.java:707)
	at org.springframework.beans.factory.annotation.AutowiredAnnotationBeanPostProcessor$AutowiredFieldElement.inject(AutowiredAnnotationBeanPostProcessor.java:480)
	... 34 more
Caused by: java.lang.ClassNotFoundException: com.rackspace.search.TestDatasource
	at java.net.URLClassLoader$1.run(URLClassLoader.java:202)
	at java.net.URLClassLoader.findClass(URLClassLoader.java:190)
	at java.lang.ClassLoader.loadClass(ClassLoader.java:306)
	at sun.misc.Launcher$AppClassLoader.loadClass(Launcher.java:301)
	at java.lang.ClassLoader.loadClass(ClassLoader.java:247)
	at org.springframework.util.ClassUtils.forName(ClassUtils.java:257)
	at org.springframework.beans.factory.support.AbstractBeanDefinition.resolveBeanClass(AbstractBeanDefinition.java:408)
	at org.springframework.beans.factory.support.AbstractBeanFactory.doResolveBeanClass(AbstractBeanFactory.java:1282)
	at org.springframework.beans.factory.support.AbstractBeanFactory.resolveBeanClass(AbstractBeanFactory.java:1253)
	... 42 more
</errorStackTrace>
          <errorDetails>Failed to load ApplicationContext</errorDetails>
          <stdout>16:31:21.654 [main] INFO  c.r.s.common.property.PropertyProvider - Loading properties file from file [/var/lib/jenkins/jobs/Samatha Fork/workspace/service/target/properties/local/search.properties]
16:31:21.654 [main] INFO  c.r.s.common.property.PropertyProvider - Loading properties file from file [/var/lib/jenkins/jobs/Samatha Fork/workspace/service/target/properties/local/search.secrets.properties]
16:31:21.655 [main] INFO  c.r.s.common.property.PropertyProvider - Loading properties file from file [/var/lib/jenkins/jobs/Samatha Fork/workspace/service/target/properties/local/elasticsearch.properties]
16:31:21.674 [main] ERROR o.s.test.context.TestContextManager - Caught exception while allowing TestExecutionListener [org.springframework.test.context.support.DependencyInjectionTestExecutionListener@40395aaf] to prepare test instance [com.rackspace.search.elasticsearch.client.ElasticSearchClientFactoryBeanTest@61b80d9b]
java.lang.IllegalStateException: Failed to load ApplicationContext
	at org.springframework.test.context.TestContext.getApplicationContext(TestContext.java:308) ~[spring-test-3.0.6.RELEASE.jar:3.0.6.RELEASE]
	at org.springframework.test.context.support.DependencyInjectionTestExecutionListener.injectDependencies(DependencyInjectionTestExecutionListener.java:109) ~[spring-test-3.0.6.RELEASE.jar:3.0.6.RELEASE]
	at org.springframework.test.context.support.DependencyInjectionTestExecutionListener.prepareTestInstance(DependencyInjectionTestExecutionListener.java:75) ~[spring-test-3.0.6.RELEASE.jar:3.0.6.RELEASE]
	at org.springframework.test.context.TestContextManager.prepareTestInstance(TestContextManager.java:321) ~[spring-test-3.0.6.RELEASE.jar:3.0.6.RELEASE]
	at org.spockframework.spring.SpringTestContextManager.prepareTestInstance(SpringTestContextManager.java:49) [spock-spring-0.7-groovy-2.0.jar:na]
	at org.spockframework.spring.SpringInterceptor.interceptSetupMethod(SpringInterceptor.java:42) [spock-spring-0.7-groovy-2.0.jar:na]
	at org.spockframework.runtime.extension.AbstractMethodInterceptor.intercept(AbstractMethodInterceptor.java:28) [spock-core-0.7-groovy-2.0.jar:na]
	at org.spockframework.runtime.extension.MethodInvocation.proceed(MethodInvocation.java:84) [spock-core-0.7-groovy-2.0.jar:na]
	at org.spockframework.runtime.BaseSpecRunner.invoke(BaseSpecRunner.java:319) [spock-core-0.7-groovy-2.0.jar:na]
	at org.spockframework.runtime.BaseSpecRunner.invokeSetup(BaseSpecRunner.java:279) [spock-core-0.7-groovy-2.0.jar:na]
	at org.spockframework.runtime.BaseSpecRunner.doRunIteration(BaseSpecRunner.java:255) [spock-core-0.7-groovy-2.0.jar:na]
	at sun.reflect.GeneratedMethodAccessor6.invoke(Unknown Source) ~[na:na]
	at sun.reflect.DelegatingMethodAccessorImpl.invoke(DelegatingMethodAccessorImpl.java:25) ~[na:1.6.0_38]
	at java.lang.reflect.Method.invoke(Method.java:597) ~[na:1.6.0_38]
	at org.spockframework.util.ReflectionUtil.invokeMethod(ReflectionUtil.java:138) [spock-core-0.7-groovy-2.0.jar:na]
	at org.spockframework.runtime.BaseSpecRunner.invokeRaw(BaseSpecRunner.java:330) [spock-core-0.7-groovy-2.0.jar:na]
	at org.spockframework.runtime.BaseSpecRunner.invoke(BaseSpecRunner.java:311) [spock-core-0.7-groovy-2.0.jar:na]
	at org.spockframework.runtime.BaseSpecRunner.runIteration(BaseSpecRunner.java:223) [spock-core-0.7-groovy-2.0.jar:na]
	at org.spockframework.runtime.BaseSpecRunner.initializeAndRunIteration(BaseSpecRunner.java:214) [spock-core-0.7-groovy-2.0.jar:na]
	at org.spockframework.runtime.BaseSpecRunner.runSimpleFeature(BaseSpecRunner.java:205) [spock-core-0.7-groovy-2.0.jar:na]
	at org.spockframework.runtime.BaseSpecRunner.doRunFeature(BaseSpecRunner.java:199) [spock-core-0.7-groovy-2.0.jar:na]
	at sun.reflect.GeneratedMethodAccessor7.invoke(Unknown Source) ~[na:na]
	at sun.reflect.DelegatingMethodAccessorImpl.invoke(DelegatingMethodAccessorImpl.java:25) ~[na:1.6.0_38]
	at java.lang.reflect.Method.invoke(Method.java:597) ~[na:1.6.0_38]
	at org.spockframework.util.ReflectionUtil.invokeMethod(ReflectionUtil.java:138) [spock-core-0.7-groovy-2.0.jar:na]
	at org.spockframework.runtime.BaseSpecRunner.invokeRaw(BaseSpecRunner.java:330) [spock-core-0.7-groovy-2.0.jar:na]
	at org.spockframework.runtime.BaseSpecRunner.invoke(BaseSpecRunner.java:311) [spock-core-0.7-groovy-2.0.jar:na]
	at org.spockframework.runtime.BaseSpecRunner.runFeature(BaseSpecRunner.java:175) [spock-core-0.7-groovy-2.0.jar:na]
	at org.spockframework.runtime.BaseSpecRunner.runFeatures(BaseSpecRunner.java:152) [spock-core-0.7-groovy-2.0.jar:na]
	at org.spockframework.runtime.BaseSpecRunner.doRunSpec(BaseSpecRunner.java:112) [spock-core-0.7-groovy-2.0.jar:na]
	at sun.reflect.NativeMethodAccessorImpl.invoke0(Native Method) ~[na:1.6.0_38]
	at sun.reflect.NativeMethodAccessorImpl.invoke(NativeMethodAccessorImpl.java:39) ~[na:1.6.0_38]
	at sun.reflect.DelegatingMethodAccessorImpl.invoke(DelegatingMethodAccessorImpl.java:25) ~[na:1.6.0_38]
	at java.lang.reflect.Method.invoke(Method.java:597) ~[na:1.6.0_38]
	at org.spockframework.util.ReflectionUtil.invokeMethod(ReflectionUtil.java:138) [spock-core-0.7-groovy-2.0.jar:na]
	at org.spockframework.runtime.BaseSpecRunner.invokeRaw(BaseSpecRunner.java:330) [spock-core-0.7-groovy-2.0.jar:na]
	at org.spockframework.runtime.BaseSpecRunner.invoke(BaseSpecRunner.java:311) [spock-core-0.7-groovy-2.0.jar:na]
	at org.spockframework.runtime.BaseSpecRunner.runSpec(BaseSpecRunner.java:91) [spock-core-0.7-groovy-2.0.jar:na]
	at org.spockframework.runtime.BaseSpecRunner.run(BaseSpecRunner.java:82) [spock-core-0.7-groovy-2.0.jar:na]
	at org.spockframework.runtime.Sputnik.run(Sputnik.java:63) [spock-core-0.7-groovy-2.0.jar:na]
	at org.apache.maven.surefire.junit4.JUnit4TestSet.execute(JUnit4TestSet.java:53) [surefire-junit4-2.10.jar:2.10]
	at org.apache.maven.surefire.junit4.JUnit4Provider.executeTestSet(JUnit4Provider.java:123) [surefire-junit4-2.10.jar:2.10]
	at org.apache.maven.surefire.junit4.JUnit4Provider.invoke(JUnit4Provider.java:104) [surefire-junit4-2.10.jar:2.10]
	at sun.reflect.NativeMethodAccessorImpl.invoke0(Native Method) ~[na:1.6.0_38]
	at sun.reflect.NativeMethodAccessorImpl.invoke(NativeMethodAccessorImpl.java:39) ~[na:1.6.0_38]
	at sun.reflect.DelegatingMethodAccessorImpl.invoke(DelegatingMethodAccessorImpl.java:25) ~[na:1.6.0_38]
	at java.lang.reflect.Method.invoke(Method.java:597) ~[na:1.6.0_38]
	at org.apache.maven.surefire.util.ReflectionUtils.invokeMethodWithArray(ReflectionUtils.java:164) [surefire-api-2.10.jar:2.10]
	at org.apache.maven.surefire.booter.ProviderFactory$ProviderProxy.invoke(ProviderFactory.java:110) [surefire-booter-2.10.jar:2.10]
	at org.apache.maven.surefire.booter.SurefireStarter.invokeProvider(SurefireStarter.java:175) [surefire-booter-2.10.jar:2.10]
	at org.apache.maven.surefire.booter.SurefireStarter.runSuitesInProcessWhenForked(SurefireStarter.java:107) [surefire-booter-2.10.jar:2.10]
	at org.apache.maven.surefire.booter.ForkedBooter.main(ForkedBooter.java:68) [surefire-booter-2.10.jar:2.10]
Caused by: org.springframework.beans.factory.BeanCreationException: Error creating bean with name &apos;adminResource&apos;: Injection of autowired dependencies failed; nested exception is org.springframework.beans.factory.BeanCreationException: Could not autowire field: private com.rackspace.search.service.JobService com.rackspace.search.endpoint.AdminResource.jobService; nested exception is org.springframework.beans.factory.CannotLoadBeanClassException: Cannot find class [com.rackspace.search.TestDatasource] for bean with name &apos;coreDataSource&apos; defined in class path resource [test-coreDbContext.xml]; nested exception is java.lang.ClassNotFoundException: com.rackspace.search.TestDatasource
	at org.springframework.beans.factory.annotation.AutowiredAnnotationBeanPostProcessor.postProcessPropertyValues(AutowiredAnnotationBeanPostProcessor.java:288) ~[spring-beans-3.0.6.RELEASE.jar:3.0.6.RELEASE]
	at org.springframework.beans.factory.support.AbstractAutowireCapableBeanFactory.populateBean(AbstractAutowireCapableBeanFactory.java:1074) ~[spring-beans-3.0.6.RELEASE.jar:3.0.6.RELEASE]
	at org.springframework.beans.factory.support.AbstractAutowireCapableBeanFactory.doCreateBean(AbstractAutowireCapableBeanFactory.java:517) ~[spring-beans-3.0.6.RELEASE.jar:3.0.6.RELEASE]
	at org.springframework.beans.factory.support.AbstractAutowireCapableBeanFactory.createBean(AbstractAutowireCapableBeanFactory.java:456) ~[spring-beans-3.0.6.RELEASE.jar:3.0.6.RELEASE]
	at org.springframework.beans.factory.support.AbstractBeanFactory$1.getObject(AbstractBeanFactory.java:293) ~[spring-beans-3.0.6.RELEASE.jar:3.0.6.RELEASE]
	at org.springframework.beans.factory.support.DefaultSingletonBeanRegistry.getSingleton(DefaultSingletonBeanRegistry.java:222) ~[spring-beans-3.0.6.RELEASE.jar:3.0.6.RELEASE]
	at org.springframework.beans.factory.support.AbstractBeanFactory.doGetBean(AbstractBeanFactory.java:290) ~[spring-beans-3.0.6.RELEASE.jar:3.0.6.RELEASE]
	at org.springframework.beans.factory.support.AbstractBeanFactory.getBean(AbstractBeanFactory.java:192) ~[spring-beans-3.0.6.RELEASE.jar:3.0.6.RELEASE]
	at org.springframework.beans.factory.support.DefaultListableBeanFactory.preInstantiateSingletons(DefaultListableBeanFactory.java:585) ~[spring-beans-3.0.6.RELEASE.jar:3.0.6.RELEASE]
	at org.springframework.context.support.AbstractApplicationContext.finishBeanFactoryInitialization(AbstractApplicationContext.java:895) ~[spring-context-3.0.6.RELEASE.jar:3.0.6.RELEASE]
	at org.springframework.context.support.AbstractApplicationContext.refresh(AbstractApplicationContext.java:425) ~[spring-context-3.0.6.RELEASE.jar:3.0.6.RELEASE]
	at org.springframework.test.context.support.AbstractGenericContextLoader.loadContext(AbstractGenericContextLoader.java:84) ~[spring-test-3.0.6.RELEASE.jar:3.0.6.RELEASE]
	at org.springframework.test.context.support.AbstractGenericContextLoader.loadContext(AbstractGenericContextLoader.java:1) ~[spring-test-3.0.6.RELEASE.jar:3.0.6.RELEASE]
	at org.springframework.test.context.TestContext.loadApplicationContext(TestContext.java:280) ~[spring-test-3.0.6.RELEASE.jar:3.0.6.RELEASE]
	at org.springframework.test.context.TestContext.getApplicationContext(TestContext.java:304) ~[spring-test-3.0.6.RELEASE.jar:3.0.6.RELEASE]
	... 51 common frames omitted
Caused by: org.springframework.beans.factory.BeanCreationException: Could not autowire field: private com.rackspace.search.service.JobService com.rackspace.search.endpoint.AdminResource.jobService; nested exception is org.springframework.beans.factory.CannotLoadBeanClassException: Cannot find class [com.rackspace.search.TestDatasource] for bean with name &apos;coreDataSource&apos; defined in class path resource [test-coreDbContext.xml]; nested exception is java.lang.ClassNotFoundException: com.rackspace.search.TestDatasource
	at org.springframework.beans.factory.annotation.AutowiredAnnotationBeanPostProcessor$AutowiredFieldElement.inject(AutowiredAnnotationBeanPostProcessor.java:508) ~[spring-beans-3.0.6.RELEASE.jar:3.0.6.RELEASE]
	at org.springframework.beans.factory.annotation.InjectionMetadata.inject(InjectionMetadata.java:84) ~[spring-beans-3.0.6.RELEASE.jar:3.0.6.RELEASE]
	at org.springframework.beans.factory.annotation.AutowiredAnnotationBeanPostProcessor.postProcessPropertyValues(AutowiredAnnotationBeanPostProcessor.java:285) ~[spring-beans-3.0.6.RELEASE.jar:3.0.6.RELEASE]
	... 65 common frames omitted
Caused by: org.springframework.beans.factory.CannotLoadBeanClassException: Cannot find class [com.rackspace.search.TestDatasource] for bean with name &apos;coreDataSource&apos; defined in class path resource [test-coreDbContext.xml]; nested exception is java.lang.ClassNotFoundException: com.rackspace.search.TestDatasource
	at org.springframework.beans.factory.support.AbstractBeanFactory.resolveBeanClass(AbstractBeanFactory.java:1261) ~[spring-beans-3.0.6.RELEASE.jar:3.0.6.RELEASE]
	at org.springframework.beans.factory.support.AbstractAutowireCapableBeanFactory.predictBeanType(AbstractAutowireCapableBeanFactory.java:576) ~[spring-beans-3.0.6.RELEASE.jar:3.0.6.RELEASE]
	at org.springframework.beans.factory.support.AbstractBeanFactory.isFactoryBean(AbstractBeanFactory.java:1330) ~[spring-beans-3.0.6.RELEASE.jar:3.0.6.RELEASE]
	at org.springframework.beans.factory.support.DefaultListableBeanFactory.getBeanNamesForType(DefaultListableBeanFactory.java:317) ~[spring-beans-3.0.6.RELEASE.jar:3.0.6.RELEASE]
	at org.springframework.beans.factory.BeanFactoryUtils.beanNamesForTypeIncludingAncestors(BeanFactoryUtils.java:185) ~[spring-beans-3.0.6.RELEASE.jar:3.0.6.RELEASE]
	at org.springframework.beans.factory.support.DefaultListableBeanFactory.findAutowireCandidates(DefaultListableBeanFactory.java:833) ~[spring-beans-3.0.6.RELEASE.jar:3.0.6.RELEASE]
	at org.springframework.beans.factory.support.DefaultListableBeanFactory.doResolveDependency(DefaultListableBeanFactory.java:790) ~[spring-beans-3.0.6.RELEASE.jar:3.0.6.RELEASE]
	at org.springframework.beans.factory.support.DefaultListableBeanFactory.resolveDependency(DefaultListableBeanFactory.java:707) ~[spring-beans-3.0.6.RELEASE.jar:3.0.6.RELEASE]
	at org.springframework.beans.factory.annotation.AutowiredAnnotationBeanPostProcessor$AutowiredFieldElement.inject(AutowiredAnnotationBeanPostProcessor.java:480) ~[spring-beans-3.0.6.RELEASE.jar:3.0.6.RELEASE]
	... 67 common frames omitted
Caused by: java.lang.ClassNotFoundException: com.rackspace.search.TestDatasource
	at java.net.URLClassLoader$1.run(URLClassLoader.java:202) ~[na:1.6.0_38]
	at java.security.AccessController.doPrivileged(Native Method) ~[na:1.6.0_38]
	at java.net.URLClassLoader.findClass(URLClassLoader.java:190) ~[na:1.6.0_38]
	at java.lang.ClassLoader.loadClass(ClassLoader.java:306) ~[na:1.6.0_38]
	at sun.misc.Launcher$AppClassLoader.loadClass(Launcher.java:301) ~[na:1.6.0_38]
	at java.lang.ClassLoader.loadClass(ClassLoader.java:247) ~[na:1.6.0_38]
	at org.springframework.util.ClassUtils.forName(ClassUtils.java:257) ~[spring-core-3.0.6.RELEASE.jar:3.0.6.RELEASE]
	at org.springframework.beans.factory.support.AbstractBeanDefinition.resolveBeanClass(AbstractBeanDefinition.java:408) ~[spring-beans-3.0.6.RELEASE.jar:3.0.6.RELEASE]
	at org.springframework.beans.factory.support.AbstractBeanFactory.doResolveBeanClass(AbstractBeanFactory.java:1282) ~[spring-beans-3.0.6.RELEASE.jar:3.0.6.RELEASE]
	at org.springframework.beans.factory.support.AbstractBeanFactory.resolveBeanClass(AbstractBeanFactory.java:1253) ~[spring-beans-3.0.6.RELEASE.jar:3.0.6.RELEASE]
	... 75 common frames omitted
</stdout>
          <failedSince>1</failedSince>
        </case>
        <case>
          <duration>0.474</duration>
          <className>com.rackspace.search.elasticsearch.client.ElasticSearchClientFactoryBeanTest</className>
          <testName>is Mapping Exist for type</testName>
          <skipped>false</skipped>
          <errorStackTrace>java.lang.IllegalStateException: Failed to load ApplicationContext
	at org.springframework.test.context.TestContext.getApplicationContext(TestContext.java:308)
	at org.springframework.test.context.support.DependencyInjectionTestExecutionListener.injectDependencies(DependencyInjectionTestExecutionListener.java:109)
	at org.springframework.test.context.support.DependencyInjectionTestExecutionListener.prepareTestInstance(DependencyInjectionTestExecutionListener.java:75)
	at org.springframework.test.context.TestContextManager.prepareTestInstance(TestContextManager.java:321)
	at org.spockframework.spring.SpringTestContextManager.prepareTestInstance(SpringTestContextManager.java:49)
	at org.spockframework.spring.SpringInterceptor.interceptSetupMethod(SpringInterceptor.java:42)
	at org.spockframework.runtime.extension.AbstractMethodInterceptor.intercept(AbstractMethodInterceptor.java:28)
	at org.spockframework.runtime.extension.MethodInvocation.proceed(MethodInvocation.java:84)
	at org.spockframework.util.ReflectionUtil.invokeMethod(ReflectionUtil.java:138)
	at org.spockframework.util.ReflectionUtil.invokeMethod(ReflectionUtil.java:138)
	at org.spockframework.util.ReflectionUtil.invokeMethod(ReflectionUtil.java:138)
	at org.apache.maven.surefire.junit4.JUnit4TestSet.execute(JUnit4TestSet.java:53)
	at org.apache.maven.surefire.junit4.JUnit4Provider.executeTestSet(JUnit4Provider.java:123)
	at org.apache.maven.surefire.junit4.JUnit4Provider.invoke(JUnit4Provider.java:104)
	at org.apache.maven.surefire.util.ReflectionUtils.invokeMethodWithArray(ReflectionUtils.java:164)
	at org.apache.maven.surefire.booter.ProviderFactory$ProviderProxy.invoke(ProviderFactory.java:110)
	at org.apache.maven.surefire.booter.SurefireStarter.invokeProvider(SurefireStarter.java:175)
	at org.apache.maven.surefire.booter.SurefireStarter.runSuitesInProcessWhenForked(SurefireStarter.java:107)
	at org.apache.maven.surefire.booter.ForkedBooter.main(ForkedBooter.java:68)
Caused by: org.springframework.beans.factory.BeanCreationException: Error creating bean with name &apos;adminResource&apos;: Injection of autowired dependencies failed; nested exception is org.springframework.beans.factory.BeanCreationException: Could not autowire field: private com.rackspace.search.service.JobService com.rackspace.search.endpoint.AdminResource.jobService; nested exception is org.springframework.beans.factory.CannotLoadBeanClassException: Cannot find class [com.rackspace.search.TestDatasource] for bean with name &apos;coreDataSource&apos; defined in class path resource [test-coreDbContext.xml]; nested exception is java.lang.ClassNotFoundException: com.rackspace.search.TestDatasource
	at org.springframework.beans.factory.annotation.AutowiredAnnotationBeanPostProcessor.postProcessPropertyValues(AutowiredAnnotationBeanPostProcessor.java:288)
	at org.springframework.beans.factory.support.AbstractAutowireCapableBeanFactory.populateBean(AbstractAutowireCapableBeanFactory.java:1074)
	at org.springframework.beans.factory.support.AbstractAutowireCapableBeanFactory.doCreateBean(AbstractAutowireCapableBeanFactory.java:517)
	at org.springframework.beans.factory.support.AbstractAutowireCapableBeanFactory.createBean(AbstractAutowireCapableBeanFactory.java:456)
	at org.springframework.beans.factory.support.AbstractBeanFactory$1.getObject(AbstractBeanFactory.java:293)
	at org.springframework.beans.factory.support.DefaultSingletonBeanRegistry.getSingleton(DefaultSingletonBeanRegistry.java:222)
	at org.springframework.beans.factory.support.AbstractBeanFactory.doGetBean(AbstractBeanFactory.java:290)
	at org.springframework.beans.factory.support.AbstractBeanFactory.getBean(AbstractBeanFactory.java:192)
	at org.springframework.beans.factory.support.DefaultListableBeanFactory.preInstantiateSingletons(DefaultListableBeanFactory.java:585)
	at org.springframework.context.support.AbstractApplicationContext.finishBeanFactoryInitialization(AbstractApplicationContext.java:895)
	at org.springframework.context.support.AbstractApplicationContext.refresh(AbstractApplicationContext.java:425)
	at org.springframework.test.context.support.AbstractGenericContextLoader.loadContext(AbstractGenericContextLoader.java:84)
	at org.springframework.test.context.support.AbstractGenericContextLoader.loadContext(AbstractGenericContextLoader.java:1)
	at org.springframework.test.context.TestContext.loadApplicationContext(TestContext.java:280)
	at org.springframework.test.context.TestContext.getApplicationContext(TestContext.java:304)
	... 18 more
Caused by: org.springframework.beans.factory.BeanCreationException: Could not autowire field: private com.rackspace.search.service.JobService com.rackspace.search.endpoint.AdminResource.jobService; nested exception is org.springframework.beans.factory.CannotLoadBeanClassException: Cannot find class [com.rackspace.search.TestDatasource] for bean with name &apos;coreDataSource&apos; defined in class path resource [test-coreDbContext.xml]; nested exception is java.lang.ClassNotFoundException: com.rackspace.search.TestDatasource
	at org.springframework.beans.factory.annotation.AutowiredAnnotationBeanPostProcessor$AutowiredFieldElement.inject(AutowiredAnnotationBeanPostProcessor.java:508)
	at org.springframework.beans.factory.annotation.InjectionMetadata.inject(InjectionMetadata.java:84)
	at org.springframework.beans.factory.annotation.AutowiredAnnotationBeanPostProcessor.postProcessPropertyValues(AutowiredAnnotationBeanPostProcessor.java:285)
	... 32 more
Caused by: org.springframework.beans.factory.CannotLoadBeanClassException: Cannot find class [com.rackspace.search.TestDatasource] for bean with name &apos;coreDataSource&apos; defined in class path resource [test-coreDbContext.xml]; nested exception is java.lang.ClassNotFoundException: com.rackspace.search.TestDatasource
	at org.springframework.beans.factory.support.AbstractBeanFactory.resolveBeanClass(AbstractBeanFactory.java:1261)
	at org.springframework.beans.factory.support.AbstractAutowireCapableBeanFactory.predictBeanType(AbstractAutowireCapableBeanFactory.java:576)
	at org.springframework.beans.factory.support.AbstractBeanFactory.isFactoryBean(AbstractBeanFactory.java:1330)
	at org.springframework.beans.factory.support.DefaultListableBeanFactory.getBeanNamesForType(DefaultListableBeanFactory.java:317)
	at org.springframework.beans.factory.BeanFactoryUtils.beanNamesForTypeIncludingAncestors(BeanFactoryUtils.java:185)
	at org.springframework.beans.factory.support.DefaultListableBeanFactory.findAutowireCandidates(DefaultListableBeanFactory.java:833)
	at org.springframework.beans.factory.support.DefaultListableBeanFactory.doResolveDependency(DefaultListableBeanFactory.java:790)
	at org.springframework.beans.factory.support.DefaultListableBeanFactory.resolveDependency(DefaultListableBeanFactory.java:707)
	at org.springframework.beans.factory.annotation.AutowiredAnnotationBeanPostProcessor$AutowiredFieldElement.inject(AutowiredAnnotationBeanPostProcessor.java:480)
	... 34 more
Caused by: java.lang.ClassNotFoundException: com.rackspace.search.TestDatasource
	at java.net.URLClassLoader$1.run(URLClassLoader.java:202)
	at java.net.URLClassLoader.findClass(URLClassLoader.java:190)
	at java.lang.ClassLoader.loadClass(ClassLoader.java:306)
	at sun.misc.Launcher$AppClassLoader.loadClass(Launcher.java:301)
	at java.lang.ClassLoader.loadClass(ClassLoader.java:247)
	at org.springframework.util.ClassUtils.forName(ClassUtils.java:257)
	at org.springframework.beans.factory.support.AbstractBeanDefinition.resolveBeanClass(AbstractBeanDefinition.java:408)
	at org.springframework.beans.factory.support.AbstractBeanFactory.doResolveBeanClass(AbstractBeanFactory.java:1282)
	at org.springframework.beans.factory.support.AbstractBeanFactory.resolveBeanClass(AbstractBeanFactory.java:1253)
	... 42 more
</errorStackTrace>
          <errorDetails>Failed to load ApplicationContext</errorDetails>
          <stdout>16:31:22.171 [main] INFO  c.r.s.common.property.PropertyProvider - Loading properties file from file [/var/lib/jenkins/jobs/Samatha Fork/workspace/service/target/properties/local/search.properties]
16:31:22.171 [main] INFO  c.r.s.common.property.PropertyProvider - Loading properties file from file [/var/lib/jenkins/jobs/Samatha Fork/workspace/service/target/properties/local/search.secrets.properties]
16:31:22.171 [main] INFO  c.r.s.common.property.PropertyProvider - Loading properties file from file [/var/lib/jenkins/jobs/Samatha Fork/workspace/service/target/properties/local/elasticsearch.properties]
16:31:22.190 [main] ERROR o.s.test.context.TestContextManager - Caught exception while allowing TestExecutionListener [org.springframework.test.context.support.DependencyInjectionTestExecutionListener@40395aaf] to prepare test instance [com.rackspace.search.elasticsearch.client.ElasticSearchClientFactoryBeanTest@449c87c1]
java.lang.IllegalStateException: Failed to load ApplicationContext
	at org.springframework.test.context.TestContext.getApplicationContext(TestContext.java:308) ~[spring-test-3.0.6.RELEASE.jar:3.0.6.RELEASE]
	at org.springframework.test.context.support.DependencyInjectionTestExecutionListener.injectDependencies(DependencyInjectionTestExecutionListener.java:109) ~[spring-test-3.0.6.RELEASE.jar:3.0.6.RELEASE]
	at org.springframework.test.context.support.DependencyInjectionTestExecutionListener.prepareTestInstance(DependencyInjectionTestExecutionListener.java:75) ~[spring-test-3.0.6.RELEASE.jar:3.0.6.RELEASE]
	at org.springframework.test.context.TestContextManager.prepareTestInstance(TestContextManager.java:321) ~[spring-test-3.0.6.RELEASE.jar:3.0.6.RELEASE]
	at org.spockframework.spring.SpringTestContextManager.prepareTestInstance(SpringTestContextManager.java:49) [spock-spring-0.7-groovy-2.0.jar:na]
	at org.spockframework.spring.SpringInterceptor.interceptSetupMethod(SpringInterceptor.java:42) [spock-spring-0.7-groovy-2.0.jar:na]
	at org.spockframework.runtime.extension.AbstractMethodInterceptor.intercept(AbstractMethodInterceptor.java:28) [spock-core-0.7-groovy-2.0.jar:na]
	at org.spockframework.runtime.extension.MethodInvocation.proceed(MethodInvocation.java:84) [spock-core-0.7-groovy-2.0.jar:na]
	at org.spockframework.runtime.BaseSpecRunner.invoke(BaseSpecRunner.java:319) [spock-core-0.7-groovy-2.0.jar:na]
	at org.spockframework.runtime.BaseSpecRunner.invokeSetup(BaseSpecRunner.java:279) [spock-core-0.7-groovy-2.0.jar:na]
	at org.spockframework.runtime.BaseSpecRunner.doRunIteration(BaseSpecRunner.java:255) [spock-core-0.7-groovy-2.0.jar:na]
	at sun.reflect.GeneratedMethodAccessor6.invoke(Unknown Source) ~[na:na]
	at sun.reflect.DelegatingMethodAccessorImpl.invoke(DelegatingMethodAccessorImpl.java:25) ~[na:1.6.0_38]
	at java.lang.reflect.Method.invoke(Method.java:597) ~[na:1.6.0_38]
	at org.spockframework.util.ReflectionUtil.invokeMethod(ReflectionUtil.java:138) [spock-core-0.7-groovy-2.0.jar:na]
	at org.spockframework.runtime.BaseSpecRunner.invokeRaw(BaseSpecRunner.java:330) [spock-core-0.7-groovy-2.0.jar:na]
	at org.spockframework.runtime.BaseSpecRunner.invoke(BaseSpecRunner.java:311) [spock-core-0.7-groovy-2.0.jar:na]
	at org.spockframework.runtime.BaseSpecRunner.runIteration(BaseSpecRunner.java:223) [spock-core-0.7-groovy-2.0.jar:na]
	at org.spockframework.runtime.BaseSpecRunner.initializeAndRunIteration(BaseSpecRunner.java:214) [spock-core-0.7-groovy-2.0.jar:na]
	at org.spockframework.runtime.BaseSpecRunner.runSimpleFeature(BaseSpecRunner.java:205) [spock-core-0.7-groovy-2.0.jar:na]
	at org.spockframework.runtime.BaseSpecRunner.doRunFeature(BaseSpecRunner.java:199) [spock-core-0.7-groovy-2.0.jar:na]
	at sun.reflect.GeneratedMethodAccessor7.invoke(Unknown Source) ~[na:na]
	at sun.reflect.DelegatingMethodAccessorImpl.invoke(DelegatingMethodAccessorImpl.java:25) ~[na:1.6.0_38]
	at java.lang.reflect.Method.invoke(Method.java:597) ~[na:1.6.0_38]
	at org.spockframework.util.ReflectionUtil.invokeMethod(ReflectionUtil.java:138) [spock-core-0.7-groovy-2.0.jar:na]
	at org.spockframework.runtime.BaseSpecRunner.invokeRaw(BaseSpecRunner.java:330) [spock-core-0.7-groovy-2.0.jar:na]
	at org.spockframework.runtime.BaseSpecRunner.invoke(BaseSpecRunner.java:311) [spock-core-0.7-groovy-2.0.jar:na]
	at org.spockframework.runtime.BaseSpecRunner.runFeature(BaseSpecRunner.java:175) [spock-core-0.7-groovy-2.0.jar:na]
	at org.spockframework.runtime.BaseSpecRunner.runFeatures(BaseSpecRunner.java:152) [spock-core-0.7-groovy-2.0.jar:na]
	at org.spockframework.runtime.BaseSpecRunner.doRunSpec(BaseSpecRunner.java:112) [spock-core-0.7-groovy-2.0.jar:na]
	at sun.reflect.NativeMethodAccessorImpl.invoke0(Native Method) ~[na:1.6.0_38]
	at sun.reflect.NativeMethodAccessorImpl.invoke(NativeMethodAccessorImpl.java:39) ~[na:1.6.0_38]
	at sun.reflect.DelegatingMethodAccessorImpl.invoke(DelegatingMethodAccessorImpl.java:25) ~[na:1.6.0_38]
	at java.lang.reflect.Method.invoke(Method.java:597) ~[na:1.6.0_38]
	at org.spockframework.util.ReflectionUtil.invokeMethod(ReflectionUtil.java:138) [spock-core-0.7-groovy-2.0.jar:na]
	at org.spockframework.runtime.BaseSpecRunner.invokeRaw(BaseSpecRunner.java:330) [spock-core-0.7-groovy-2.0.jar:na]
	at org.spockframework.runtime.BaseSpecRunner.invoke(BaseSpecRunner.java:311) [spock-core-0.7-groovy-2.0.jar:na]
	at org.spockframework.runtime.BaseSpecRunner.runSpec(BaseSpecRunner.java:91) [spock-core-0.7-groovy-2.0.jar:na]
	at org.spockframework.runtime.BaseSpecRunner.run(BaseSpecRunner.java:82) [spock-core-0.7-groovy-2.0.jar:na]
	at org.spockframework.runtime.Sputnik.run(Sputnik.java:63) [spock-core-0.7-groovy-2.0.jar:na]
	at org.apache.maven.surefire.junit4.JUnit4TestSet.execute(JUnit4TestSet.java:53) [surefire-junit4-2.10.jar:2.10]
	at org.apache.maven.surefire.junit4.JUnit4Provider.executeTestSet(JUnit4Provider.java:123) [surefire-junit4-2.10.jar:2.10]
	at org.apache.maven.surefire.junit4.JUnit4Provider.invoke(JUnit4Provider.java:104) [surefire-junit4-2.10.jar:2.10]
	at sun.reflect.NativeMethodAccessorImpl.invoke0(Native Method) ~[na:1.6.0_38]
	at sun.reflect.NativeMethodAccessorImpl.invoke(NativeMethodAccessorImpl.java:39) ~[na:1.6.0_38]
	at sun.reflect.DelegatingMethodAccessorImpl.invoke(DelegatingMethodAccessorImpl.java:25) ~[na:1.6.0_38]
	at java.lang.reflect.Method.invoke(Method.java:597) ~[na:1.6.0_38]
	at org.apache.maven.surefire.util.ReflectionUtils.invokeMethodWithArray(ReflectionUtils.java:164) [surefire-api-2.10.jar:2.10]
	at org.apache.maven.surefire.booter.ProviderFactory$ProviderProxy.invoke(ProviderFactory.java:110) [surefire-booter-2.10.jar:2.10]
	at org.apache.maven.surefire.booter.SurefireStarter.invokeProvider(SurefireStarter.java:175) [surefire-booter-2.10.jar:2.10]
	at org.apache.maven.surefire.booter.SurefireStarter.runSuitesInProcessWhenForked(SurefireStarter.java:107) [surefire-booter-2.10.jar:2.10]
	at org.apache.maven.surefire.booter.ForkedBooter.main(ForkedBooter.java:68) [surefire-booter-2.10.jar:2.10]
Caused by: org.springframework.beans.factory.BeanCreationException: Error creating bean with name &apos;adminResource&apos;: Injection of autowired dependencies failed; nested exception is org.springframework.beans.factory.BeanCreationException: Could not autowire field: private com.rackspace.search.service.JobService com.rackspace.search.endpoint.AdminResource.jobService; nested exception is org.springframework.beans.factory.CannotLoadBeanClassException: Cannot find class [com.rackspace.search.TestDatasource] for bean with name &apos;coreDataSource&apos; defined in class path resource [test-coreDbContext.xml]; nested exception is java.lang.ClassNotFoundException: com.rackspace.search.TestDatasource
	at org.springframework.beans.factory.annotation.AutowiredAnnotationBeanPostProcessor.postProcessPropertyValues(AutowiredAnnotationBeanPostProcessor.java:288) ~[spring-beans-3.0.6.RELEASE.jar:3.0.6.RELEASE]
	at org.springframework.beans.factory.support.AbstractAutowireCapableBeanFactory.populateBean(AbstractAutowireCapableBeanFactory.java:1074) ~[spring-beans-3.0.6.RELEASE.jar:3.0.6.RELEASE]
	at org.springframework.beans.factory.support.AbstractAutowireCapableBeanFactory.doCreateBean(AbstractAutowireCapableBeanFactory.java:517) ~[spring-beans-3.0.6.RELEASE.jar:3.0.6.RELEASE]
	at org.springframework.beans.factory.support.AbstractAutowireCapableBeanFactory.createBean(AbstractAutowireCapableBeanFactory.java:456) ~[spring-beans-3.0.6.RELEASE.jar:3.0.6.RELEASE]
	at org.springframework.beans.factory.support.AbstractBeanFactory$1.getObject(AbstractBeanFactory.java:293) ~[spring-beans-3.0.6.RELEASE.jar:3.0.6.RELEASE]
	at org.springframework.beans.factory.support.DefaultSingletonBeanRegistry.getSingleton(DefaultSingletonBeanRegistry.java:222) ~[spring-beans-3.0.6.RELEASE.jar:3.0.6.RELEASE]
	at org.springframework.beans.factory.support.AbstractBeanFactory.doGetBean(AbstractBeanFactory.java:290) ~[spring-beans-3.0.6.RELEASE.jar:3.0.6.RELEASE]
	at org.springframework.beans.factory.support.AbstractBeanFactory.getBean(AbstractBeanFactory.java:192) ~[spring-beans-3.0.6.RELEASE.jar:3.0.6.RELEASE]
	at org.springframework.beans.factory.support.DefaultListableBeanFactory.preInstantiateSingletons(DefaultListableBeanFactory.java:585) ~[spring-beans-3.0.6.RELEASE.jar:3.0.6.RELEASE]
	at org.springframework.context.support.AbstractApplicationContext.finishBeanFactoryInitialization(AbstractApplicationContext.java:895) ~[spring-context-3.0.6.RELEASE.jar:3.0.6.RELEASE]
	at org.springframework.context.support.AbstractApplicationContext.refresh(AbstractApplicationContext.java:425) ~[spring-context-3.0.6.RELEASE.jar:3.0.6.RELEASE]
	at org.springframework.test.context.support.AbstractGenericContextLoader.loadContext(AbstractGenericContextLoader.java:84) ~[spring-test-3.0.6.RELEASE.jar:3.0.6.RELEASE]
	at org.springframework.test.context.support.AbstractGenericContextLoader.loadContext(AbstractGenericContextLoader.java:1) ~[spring-test-3.0.6.RELEASE.jar:3.0.6.RELEASE]
	at org.springframework.test.context.TestContext.loadApplicationContext(TestContext.java:280) ~[spring-test-3.0.6.RELEASE.jar:3.0.6.RELEASE]
	at org.springframework.test.context.TestContext.getApplicationContext(TestContext.java:304) ~[spring-test-3.0.6.RELEASE.jar:3.0.6.RELEASE]
	... 51 common frames omitted
Caused by: org.springframework.beans.factory.BeanCreationException: Could not autowire field: private com.rackspace.search.service.JobService com.rackspace.search.endpoint.AdminResource.jobService; nested exception is org.springframework.beans.factory.CannotLoadBeanClassException: Cannot find class [com.rackspace.search.TestDatasource] for bean with name &apos;coreDataSource&apos; defined in class path resource [test-coreDbContext.xml]; nested exception is java.lang.ClassNotFoundException: com.rackspace.search.TestDatasource
	at org.springframework.beans.factory.annotation.AutowiredAnnotationBeanPostProcessor$AutowiredFieldElement.inject(AutowiredAnnotationBeanPostProcessor.java:508) ~[spring-beans-3.0.6.RELEASE.jar:3.0.6.RELEASE]
	at org.springframework.beans.factory.annotation.InjectionMetadata.inject(InjectionMetadata.java:84) ~[spring-beans-3.0.6.RELEASE.jar:3.0.6.RELEASE]
	at org.springframework.beans.factory.annotation.AutowiredAnnotationBeanPostProcessor.postProcessPropertyValues(AutowiredAnnotationBeanPostProcessor.java:285) ~[spring-beans-3.0.6.RELEASE.jar:3.0.6.RELEASE]
	... 65 common frames omitted
Caused by: org.springframework.beans.factory.CannotLoadBeanClassException: Cannot find class [com.rackspace.search.TestDatasource] for bean with name &apos;coreDataSource&apos; defined in class path resource [test-coreDbContext.xml]; nested exception is java.lang.ClassNotFoundException: com.rackspace.search.TestDatasource
	at org.springframework.beans.factory.support.AbstractBeanFactory.resolveBeanClass(AbstractBeanFactory.java:1261) ~[spring-beans-3.0.6.RELEASE.jar:3.0.6.RELEASE]
	at org.springframework.beans.factory.support.AbstractAutowireCapableBeanFactory.predictBeanType(AbstractAutowireCapableBeanFactory.java:576) ~[spring-beans-3.0.6.RELEASE.jar:3.0.6.RELEASE]
	at org.springframework.beans.factory.support.AbstractBeanFactory.isFactoryBean(AbstractBeanFactory.java:1330) ~[spring-beans-3.0.6.RELEASE.jar:3.0.6.RELEASE]
	at org.springframework.beans.factory.support.DefaultListableBeanFactory.getBeanNamesForType(DefaultListableBeanFactory.java:317) ~[spring-beans-3.0.6.RELEASE.jar:3.0.6.RELEASE]
	at org.springframework.beans.factory.BeanFactoryUtils.beanNamesForTypeIncludingAncestors(BeanFactoryUtils.java:185) ~[spring-beans-3.0.6.RELEASE.jar:3.0.6.RELEASE]
	at org.springframework.beans.factory.support.DefaultListableBeanFactory.findAutowireCandidates(DefaultListableBeanFactory.java:833) ~[spring-beans-3.0.6.RELEASE.jar:3.0.6.RELEASE]
	at org.springframework.beans.factory.support.DefaultListableBeanFactory.doResolveDependency(DefaultListableBeanFactory.java:790) ~[spring-beans-3.0.6.RELEASE.jar:3.0.6.RELEASE]
	at org.springframework.beans.factory.support.DefaultListableBeanFactory.resolveDependency(DefaultListableBeanFactory.java:707) ~[spring-beans-3.0.6.RELEASE.jar:3.0.6.RELEASE]
	at org.springframework.beans.factory.annotation.AutowiredAnnotationBeanPostProcessor$AutowiredFieldElement.inject(AutowiredAnnotationBeanPostProcessor.java:480) ~[spring-beans-3.0.6.RELEASE.jar:3.0.6.RELEASE]
	... 67 common frames omitted
Caused by: java.lang.ClassNotFoundException: com.rackspace.search.TestDatasource
	at java.net.URLClassLoader$1.run(URLClassLoader.java:202) ~[na:1.6.0_38]
	at java.security.AccessController.doPrivileged(Native Method) ~[na:1.6.0_38]
	at java.net.URLClassLoader.findClass(URLClassLoader.java:190) ~[na:1.6.0_38]
	at java.lang.ClassLoader.loadClass(ClassLoader.java:306) ~[na:1.6.0_38]
	at sun.misc.Launcher$AppClassLoader.loadClass(Launcher.java:301) ~[na:1.6.0_38]
	at java.lang.ClassLoader.loadClass(ClassLoader.java:247) ~[na:1.6.0_38]
	at org.springframework.util.ClassUtils.forName(ClassUtils.java:257) ~[spring-core-3.0.6.RELEASE.jar:3.0.6.RELEASE]
	at org.springframework.beans.factory.support.AbstractBeanDefinition.resolveBeanClass(AbstractBeanDefinition.java:408) ~[spring-beans-3.0.6.RELEASE.jar:3.0.6.RELEASE]
	at org.springframework.beans.factory.support.AbstractBeanFactory.doResolveBeanClass(AbstractBeanFactory.java:1282) ~[spring-beans-3.0.6.RELEASE.jar:3.0.6.RELEASE]
	at org.springframework.beans.factory.support.AbstractBeanFactory.resolveBeanClass(AbstractBeanFactory.java:1253) ~[spring-beans-3.0.6.RELEASE.jar:3.0.6.RELEASE]
	... 75 common frames omitted
</stdout>
          <failedSince>1</failedSince>
        </case>
      </cases>
    </suite>
    <suite>
      <file>/var/lib/jenkins/jobs/Samatha Fork/workspace/service/target/surefire-reports/TEST-com.rackspace.search.elasticsearch.client.ElasticSearchClientTest.xml</file>
      <name>com.rackspace.search.elasticsearch.client.ElasticSearchClientTest</name>
      <duration>2.751</duration>
      <cases>
        <case>
          <duration>0.247</duration>
          <className>com.rackspace.search.elasticsearch.client.ElasticSearchClientTest</className>
          <testName>post bulk data</testName>
          <skipped>false</skipped>
          <errorStackTrace>java.lang.IllegalStateException: Failed to load ApplicationContext
	at org.springframework.test.context.TestContext.getApplicationContext(TestContext.java:308)
	at org.springframework.test.context.support.DependencyInjectionTestExecutionListener.injectDependencies(DependencyInjectionTestExecutionListener.java:109)
	at org.springframework.test.context.support.DependencyInjectionTestExecutionListener.prepareTestInstance(DependencyInjectionTestExecutionListener.java:75)
	at org.springframework.test.context.TestContextManager.prepareTestInstance(TestContextManager.java:321)
	at org.spockframework.spring.SpringTestContextManager.prepareTestInstance(SpringTestContextManager.java:49)
	at org.spockframework.spring.SpringInterceptor.interceptSetupMethod(SpringInterceptor.java:42)
	at org.spockframework.runtime.extension.AbstractMethodInterceptor.intercept(AbstractMethodInterceptor.java:28)
	at org.spockframework.runtime.extension.MethodInvocation.proceed(MethodInvocation.java:84)
	at org.spockframework.util.ReflectionUtil.invokeMethod(ReflectionUtil.java:138)
	at org.spockframework.util.ReflectionUtil.invokeMethod(ReflectionUtil.java:138)
	at org.spockframework.util.ReflectionUtil.invokeMethod(ReflectionUtil.java:138)
	at org.apache.maven.surefire.junit4.JUnit4TestSet.execute(JUnit4TestSet.java:53)
	at org.apache.maven.surefire.junit4.JUnit4Provider.executeTestSet(JUnit4Provider.java:123)
	at org.apache.maven.surefire.junit4.JUnit4Provider.invoke(JUnit4Provider.java:104)
	at org.apache.maven.surefire.util.ReflectionUtils.invokeMethodWithArray(ReflectionUtils.java:164)
	at org.apache.maven.surefire.booter.ProviderFactory$ProviderProxy.invoke(ProviderFactory.java:110)
	at org.apache.maven.surefire.booter.SurefireStarter.invokeProvider(SurefireStarter.java:175)
	at org.apache.maven.surefire.booter.SurefireStarter.runSuitesInProcessWhenForked(SurefireStarter.java:107)
	at org.apache.maven.surefire.booter.ForkedBooter.main(ForkedBooter.java:68)
Caused by: org.springframework.beans.factory.BeanCreationException: Error creating bean with name &apos;adminResource&apos;: Injection of autowired dependencies failed; nested exception is org.springframework.beans.factory.BeanCreationException: Could not autowire field: private com.rackspace.search.service.JobService com.rackspace.search.endpoint.AdminResource.jobService; nested exception is org.springframework.beans.factory.CannotLoadBeanClassException: Cannot find class [com.rackspace.search.TestDatasource] for bean with name &apos;coreDataSource&apos; defined in class path resource [test-coreDbContext.xml]; nested exception is java.lang.ClassNotFoundException: com.rackspace.search.TestDatasource
	at org.springframework.beans.factory.annotation.AutowiredAnnotationBeanPostProcessor.postProcessPropertyValues(AutowiredAnnotationBeanPostProcessor.java:288)
	at org.springframework.beans.factory.support.AbstractAutowireCapableBeanFactory.populateBean(AbstractAutowireCapableBeanFactory.java:1074)
	at org.springframework.beans.factory.support.AbstractAutowireCapableBeanFactory.doCreateBean(AbstractAutowireCapableBeanFactory.java:517)
	at org.springframework.beans.factory.support.AbstractAutowireCapableBeanFactory.createBean(AbstractAutowireCapableBeanFactory.java:456)
	at org.springframework.beans.factory.support.AbstractBeanFactory$1.getObject(AbstractBeanFactory.java:293)
	at org.springframework.beans.factory.support.DefaultSingletonBeanRegistry.getSingleton(DefaultSingletonBeanRegistry.java:222)
	at org.springframework.beans.factory.support.AbstractBeanFactory.doGetBean(AbstractBeanFactory.java:290)
	at org.springframework.beans.factory.support.AbstractBeanFactory.getBean(AbstractBeanFactory.java:192)
	at org.springframework.beans.factory.support.DefaultListableBeanFactory.preInstantiateSingletons(DefaultListableBeanFactory.java:585)
	at org.springframework.context.support.AbstractApplicationContext.finishBeanFactoryInitialization(AbstractApplicationContext.java:895)
	at org.springframework.context.support.AbstractApplicationContext.refresh(AbstractApplicationContext.java:425)
	at org.springframework.test.context.support.AbstractGenericContextLoader.loadContext(AbstractGenericContextLoader.java:84)
	at org.springframework.test.context.support.AbstractGenericContextLoader.loadContext(AbstractGenericContextLoader.java:1)
	at org.springframework.test.context.TestContext.loadApplicationContext(TestContext.java:280)
	at org.springframework.test.context.TestContext.getApplicationContext(TestContext.java:304)
	... 18 more
Caused by: org.springframework.beans.factory.BeanCreationException: Could not autowire field: private com.rackspace.search.service.JobService com.rackspace.search.endpoint.AdminResource.jobService; nested exception is org.springframework.beans.factory.CannotLoadBeanClassException: Cannot find class [com.rackspace.search.TestDatasource] for bean with name &apos;coreDataSource&apos; defined in class path resource [test-coreDbContext.xml]; nested exception is java.lang.ClassNotFoundException: com.rackspace.search.TestDatasource
	at org.springframework.beans.factory.annotation.AutowiredAnnotationBeanPostProcessor$AutowiredFieldElement.inject(AutowiredAnnotationBeanPostProcessor.java:508)
	at org.springframework.beans.factory.annotation.InjectionMetadata.inject(InjectionMetadata.java:84)
	at org.springframework.beans.factory.annotation.AutowiredAnnotationBeanPostProcessor.postProcessPropertyValues(AutowiredAnnotationBeanPostProcessor.java:285)
	... 32 more
Caused by: org.springframework.beans.factory.CannotLoadBeanClassException: Cannot find class [com.rackspace.search.TestDatasource] for bean with name &apos;coreDataSource&apos; defined in class path resource [test-coreDbContext.xml]; nested exception is java.lang.ClassNotFoundException: com.rackspace.search.TestDatasource
	at org.springframework.beans.factory.support.AbstractBeanFactory.resolveBeanClass(AbstractBeanFactory.java:1261)
	at org.springframework.beans.factory.support.AbstractAutowireCapableBeanFactory.predictBeanType(AbstractAutowireCapableBeanFactory.java:576)
	at org.springframework.beans.factory.support.AbstractBeanFactory.isFactoryBean(AbstractBeanFactory.java:1330)
	at org.springframework.beans.factory.support.DefaultListableBeanFactory.getBeanNamesForType(DefaultListableBeanFactory.java:317)
	at org.springframework.beans.factory.BeanFactoryUtils.beanNamesForTypeIncludingAncestors(BeanFactoryUtils.java:185)
	at org.springframework.beans.factory.support.DefaultListableBeanFactory.findAutowireCandidates(DefaultListableBeanFactory.java:833)
	at org.springframework.beans.factory.support.DefaultListableBeanFactory.doResolveDependency(DefaultListableBeanFactory.java:790)
	at org.springframework.beans.factory.support.DefaultListableBeanFactory.resolveDependency(DefaultListableBeanFactory.java:707)
	at org.springframework.beans.factory.annotation.AutowiredAnnotationBeanPostProcessor$AutowiredFieldElement.inject(AutowiredAnnotationBeanPostProcessor.java:480)
	... 34 more
Caused by: java.lang.ClassNotFoundException: com.rackspace.search.TestDatasource
	at java.net.URLClassLoader$1.run(URLClassLoader.java:202)
	at java.net.URLClassLoader.findClass(URLClassLoader.java:190)
	at java.lang.ClassLoader.loadClass(ClassLoader.java:306)
	at sun.misc.Launcher$AppClassLoader.loadClass(Launcher.java:301)
	at java.lang.ClassLoader.loadClass(ClassLoader.java:247)
	at org.springframework.util.ClassUtils.forName(ClassUtils.java:257)
	at org.springframework.beans.factory.support.AbstractBeanDefinition.resolveBeanClass(AbstractBeanDefinition.java:408)
	at org.springframework.beans.factory.support.AbstractBeanFactory.doResolveBeanClass(AbstractBeanFactory.java:1282)
	at org.springframework.beans.factory.support.AbstractBeanFactory.resolveBeanClass(AbstractBeanFactory.java:1253)
	... 42 more
</errorStackTrace>
          <errorDetails>Failed to load ApplicationContext</errorDetails>
          <stdout>16:31:22.418 [main] INFO  c.r.s.common.property.PropertyProvider - Loading properties file from file [/var/lib/jenkins/jobs/Samatha Fork/workspace/service/target/properties/local/search.properties]
16:31:22.418 [main] INFO  c.r.s.common.property.PropertyProvider - Loading properties file from file [/var/lib/jenkins/jobs/Samatha Fork/workspace/service/target/properties/local/search.secrets.properties]
16:31:22.418 [main] INFO  c.r.s.common.property.PropertyProvider - Loading properties file from file [/var/lib/jenkins/jobs/Samatha Fork/workspace/service/target/properties/local/elasticsearch.properties]
16:31:22.440 [main] ERROR o.s.test.context.TestContextManager - Caught exception while allowing TestExecutionListener [org.springframework.test.context.support.DependencyInjectionTestExecutionListener@5eb9fde] to prepare test instance [com.rackspace.search.elasticsearch.client.ElasticSearchClientTest@304caadb]
java.lang.IllegalStateException: Failed to load ApplicationContext
	at org.springframework.test.context.TestContext.getApplicationContext(TestContext.java:308) ~[spring-test-3.0.6.RELEASE.jar:3.0.6.RELEASE]
	at org.springframework.test.context.support.DependencyInjectionTestExecutionListener.injectDependencies(DependencyInjectionTestExecutionListener.java:109) ~[spring-test-3.0.6.RELEASE.jar:3.0.6.RELEASE]
	at org.springframework.test.context.support.DependencyInjectionTestExecutionListener.prepareTestInstance(DependencyInjectionTestExecutionListener.java:75) ~[spring-test-3.0.6.RELEASE.jar:3.0.6.RELEASE]
	at org.springframework.test.context.TestContextManager.prepareTestInstance(TestContextManager.java:321) ~[spring-test-3.0.6.RELEASE.jar:3.0.6.RELEASE]
	at org.spockframework.spring.SpringTestContextManager.prepareTestInstance(SpringTestContextManager.java:49) [spock-spring-0.7-groovy-2.0.jar:na]
	at org.spockframework.spring.SpringInterceptor.interceptSetupMethod(SpringInterceptor.java:42) [spock-spring-0.7-groovy-2.0.jar:na]
	at org.spockframework.runtime.extension.AbstractMethodInterceptor.intercept(AbstractMethodInterceptor.java:28) [spock-core-0.7-groovy-2.0.jar:na]
	at org.spockframework.runtime.extension.MethodInvocation.proceed(MethodInvocation.java:84) [spock-core-0.7-groovy-2.0.jar:na]
	at org.spockframework.runtime.BaseSpecRunner.invoke(BaseSpecRunner.java:319) [spock-core-0.7-groovy-2.0.jar:na]
	at org.spockframework.runtime.BaseSpecRunner.invokeSetup(BaseSpecRunner.java:279) [spock-core-0.7-groovy-2.0.jar:na]
	at org.spockframework.runtime.BaseSpecRunner.doRunIteration(BaseSpecRunner.java:255) [spock-core-0.7-groovy-2.0.jar:na]
	at sun.reflect.GeneratedMethodAccessor6.invoke(Unknown Source) ~[na:na]
	at sun.reflect.DelegatingMethodAccessorImpl.invoke(DelegatingMethodAccessorImpl.java:25) ~[na:1.6.0_38]
	at java.lang.reflect.Method.invoke(Method.java:597) ~[na:1.6.0_38]
	at org.spockframework.util.ReflectionUtil.invokeMethod(ReflectionUtil.java:138) [spock-core-0.7-groovy-2.0.jar:na]
	at org.spockframework.runtime.BaseSpecRunner.invokeRaw(BaseSpecRunner.java:330) [spock-core-0.7-groovy-2.0.jar:na]
	at org.spockframework.runtime.BaseSpecRunner.invoke(BaseSpecRunner.java:311) [spock-core-0.7-groovy-2.0.jar:na]
	at org.spockframework.runtime.BaseSpecRunner.runIteration(BaseSpecRunner.java:223) [spock-core-0.7-groovy-2.0.jar:na]
	at org.spockframework.runtime.BaseSpecRunner.initializeAndRunIteration(BaseSpecRunner.java:214) [spock-core-0.7-groovy-2.0.jar:na]
	at org.spockframework.runtime.BaseSpecRunner.runSimpleFeature(BaseSpecRunner.java:205) [spock-core-0.7-groovy-2.0.jar:na]
	at org.spockframework.runtime.BaseSpecRunner.doRunFeature(BaseSpecRunner.java:199) [spock-core-0.7-groovy-2.0.jar:na]
	at sun.reflect.GeneratedMethodAccessor7.invoke(Unknown Source) ~[na:na]
	at sun.reflect.DelegatingMethodAccessorImpl.invoke(DelegatingMethodAccessorImpl.java:25) ~[na:1.6.0_38]
	at java.lang.reflect.Method.invoke(Method.java:597) ~[na:1.6.0_38]
	at org.spockframework.util.ReflectionUtil.invokeMethod(ReflectionUtil.java:138) [spock-core-0.7-groovy-2.0.jar:na]
	at org.spockframework.runtime.BaseSpecRunner.invokeRaw(BaseSpecRunner.java:330) [spock-core-0.7-groovy-2.0.jar:na]
	at org.spockframework.runtime.BaseSpecRunner.invoke(BaseSpecRunner.java:311) [spock-core-0.7-groovy-2.0.jar:na]
	at org.spockframework.runtime.BaseSpecRunner.runFeature(BaseSpecRunner.java:175) [spock-core-0.7-groovy-2.0.jar:na]
	at org.spockframework.runtime.BaseSpecRunner.runFeatures(BaseSpecRunner.java:152) [spock-core-0.7-groovy-2.0.jar:na]
	at org.spockframework.runtime.BaseSpecRunner.doRunSpec(BaseSpecRunner.java:112) [spock-core-0.7-groovy-2.0.jar:na]
	at sun.reflect.NativeMethodAccessorImpl.invoke0(Native Method) ~[na:1.6.0_38]
	at sun.reflect.NativeMethodAccessorImpl.invoke(NativeMethodAccessorImpl.java:39) ~[na:1.6.0_38]
	at sun.reflect.DelegatingMethodAccessorImpl.invoke(DelegatingMethodAccessorImpl.java:25) ~[na:1.6.0_38]
	at java.lang.reflect.Method.invoke(Method.java:597) ~[na:1.6.0_38]
	at org.spockframework.util.ReflectionUtil.invokeMethod(ReflectionUtil.java:138) [spock-core-0.7-groovy-2.0.jar:na]
	at org.spockframework.runtime.BaseSpecRunner.invokeRaw(BaseSpecRunner.java:330) [spock-core-0.7-groovy-2.0.jar:na]
	at org.spockframework.runtime.BaseSpecRunner.invoke(BaseSpecRunner.java:311) [spock-core-0.7-groovy-2.0.jar:na]
	at org.spockframework.runtime.BaseSpecRunner.runSpec(BaseSpecRunner.java:91) [spock-core-0.7-groovy-2.0.jar:na]
	at org.spockframework.runtime.BaseSpecRunner.run(BaseSpecRunner.java:82) [spock-core-0.7-groovy-2.0.jar:na]
	at org.spockframework.runtime.Sputnik.run(Sputnik.java:63) [spock-core-0.7-groovy-2.0.jar:na]
	at org.apache.maven.surefire.junit4.JUnit4TestSet.execute(JUnit4TestSet.java:53) [surefire-junit4-2.10.jar:2.10]
	at org.apache.maven.surefire.junit4.JUnit4Provider.executeTestSet(JUnit4Provider.java:123) [surefire-junit4-2.10.jar:2.10]
	at org.apache.maven.surefire.junit4.JUnit4Provider.invoke(JUnit4Provider.java:104) [surefire-junit4-2.10.jar:2.10]
	at sun.reflect.NativeMethodAccessorImpl.invoke0(Native Method) ~[na:1.6.0_38]
	at sun.reflect.NativeMethodAccessorImpl.invoke(NativeMethodAccessorImpl.java:39) ~[na:1.6.0_38]
	at sun.reflect.DelegatingMethodAccessorImpl.invoke(DelegatingMethodAccessorImpl.java:25) ~[na:1.6.0_38]
	at java.lang.reflect.Method.invoke(Method.java:597) ~[na:1.6.0_38]
	at org.apache.maven.surefire.util.ReflectionUtils.invokeMethodWithArray(ReflectionUtils.java:164) [surefire-api-2.10.jar:2.10]
	at org.apache.maven.surefire.booter.ProviderFactory$ProviderProxy.invoke(ProviderFactory.java:110) [surefire-booter-2.10.jar:2.10]
	at org.apache.maven.surefire.booter.SurefireStarter.invokeProvider(SurefireStarter.java:175) [surefire-booter-2.10.jar:2.10]
	at org.apache.maven.surefire.booter.SurefireStarter.runSuitesInProcessWhenForked(SurefireStarter.java:107) [surefire-booter-2.10.jar:2.10]
	at org.apache.maven.surefire.booter.ForkedBooter.main(ForkedBooter.java:68) [surefire-booter-2.10.jar:2.10]
Caused by: org.springframework.beans.factory.BeanCreationException: Error creating bean with name &apos;adminResource&apos;: Injection of autowired dependencies failed; nested exception is org.springframework.beans.factory.BeanCreationException: Could not autowire field: private com.rackspace.search.service.JobService com.rackspace.search.endpoint.AdminResource.jobService; nested exception is org.springframework.beans.factory.CannotLoadBeanClassException: Cannot find class [com.rackspace.search.TestDatasource] for bean with name &apos;coreDataSource&apos; defined in class path resource [test-coreDbContext.xml]; nested exception is java.lang.ClassNotFoundException: com.rackspace.search.TestDatasource
	at org.springframework.beans.factory.annotation.AutowiredAnnotationBeanPostProcessor.postProcessPropertyValues(AutowiredAnnotationBeanPostProcessor.java:288) ~[spring-beans-3.0.6.RELEASE.jar:3.0.6.RELEASE]
	at org.springframework.beans.factory.support.AbstractAutowireCapableBeanFactory.populateBean(AbstractAutowireCapableBeanFactory.java:1074) ~[spring-beans-3.0.6.RELEASE.jar:3.0.6.RELEASE]
	at org.springframework.beans.factory.support.AbstractAutowireCapableBeanFactory.doCreateBean(AbstractAutowireCapableBeanFactory.java:517) ~[spring-beans-3.0.6.RELEASE.jar:3.0.6.RELEASE]
	at org.springframework.beans.factory.support.AbstractAutowireCapableBeanFactory.createBean(AbstractAutowireCapableBeanFactory.java:456) ~[spring-beans-3.0.6.RELEASE.jar:3.0.6.RELEASE]
	at org.springframework.beans.factory.support.AbstractBeanFactory$1.getObject(AbstractBeanFactory.java:293) ~[spring-beans-3.0.6.RELEASE.jar:3.0.6.RELEASE]
	at org.springframework.beans.factory.support.DefaultSingletonBeanRegistry.getSingleton(DefaultSingletonBeanRegistry.java:222) ~[spring-beans-3.0.6.RELEASE.jar:3.0.6.RELEASE]
	at org.springframework.beans.factory.support.AbstractBeanFactory.doGetBean(AbstractBeanFactory.java:290) ~[spring-beans-3.0.6.RELEASE.jar:3.0.6.RELEASE]
	at org.springframework.beans.factory.support.AbstractBeanFactory.getBean(AbstractBeanFactory.java:192) ~[spring-beans-3.0.6.RELEASE.jar:3.0.6.RELEASE]
	at org.springframework.beans.factory.support.DefaultListableBeanFactory.preInstantiateSingletons(DefaultListableBeanFactory.java:585) ~[spring-beans-3.0.6.RELEASE.jar:3.0.6.RELEASE]
	at org.springframework.context.support.AbstractApplicationContext.finishBeanFactoryInitialization(AbstractApplicationContext.java:895) ~[spring-context-3.0.6.RELEASE.jar:3.0.6.RELEASE]
	at org.springframework.context.support.AbstractApplicationContext.refresh(AbstractApplicationContext.java:425) ~[spring-context-3.0.6.RELEASE.jar:3.0.6.RELEASE]
	at org.springframework.test.context.support.AbstractGenericContextLoader.loadContext(AbstractGenericContextLoader.java:84) ~[spring-test-3.0.6.RELEASE.jar:3.0.6.RELEASE]
	at org.springframework.test.context.support.AbstractGenericContextLoader.loadContext(AbstractGenericContextLoader.java:1) ~[spring-test-3.0.6.RELEASE.jar:3.0.6.RELEASE]
	at org.springframework.test.context.TestContext.loadApplicationContext(TestContext.java:280) ~[spring-test-3.0.6.RELEASE.jar:3.0.6.RELEASE]
	at org.springframework.test.context.TestContext.getApplicationContext(TestContext.java:304) ~[spring-test-3.0.6.RELEASE.jar:3.0.6.RELEASE]
	... 51 common frames omitted
Caused by: org.springframework.beans.factory.BeanCreationException: Could not autowire field: private com.rackspace.search.service.JobService com.rackspace.search.endpoint.AdminResource.jobService; nested exception is org.springframework.beans.factory.CannotLoadBeanClassException: Cannot find class [com.rackspace.search.TestDatasource] for bean with name &apos;coreDataSource&apos; defined in class path resource [test-coreDbContext.xml]; nested exception is java.lang.ClassNotFoundException: com.rackspace.search.TestDatasource
	at org.springframework.beans.factory.annotation.AutowiredAnnotationBeanPostProcessor$AutowiredFieldElement.inject(AutowiredAnnotationBeanPostProcessor.java:508) ~[spring-beans-3.0.6.RELEASE.jar:3.0.6.RELEASE]
	at org.springframework.beans.factory.annotation.InjectionMetadata.inject(InjectionMetadata.java:84) ~[spring-beans-3.0.6.RELEASE.jar:3.0.6.RELEASE]
	at org.springframework.beans.factory.annotation.AutowiredAnnotationBeanPostProcessor.postProcessPropertyValues(AutowiredAnnotationBeanPostProcessor.java:285) ~[spring-beans-3.0.6.RELEASE.jar:3.0.6.RELEASE]
	... 65 common frames omitted
Caused by: org.springframework.beans.factory.CannotLoadBeanClassException: Cannot find class [com.rackspace.search.TestDatasource] for bean with name &apos;coreDataSource&apos; defined in class path resource [test-coreDbContext.xml]; nested exception is java.lang.ClassNotFoundException: com.rackspace.search.TestDatasource
	at org.springframework.beans.factory.support.AbstractBeanFactory.resolveBeanClass(AbstractBeanFactory.java:1261) ~[spring-beans-3.0.6.RELEASE.jar:3.0.6.RELEASE]
	at org.springframework.beans.factory.support.AbstractAutowireCapableBeanFactory.predictBeanType(AbstractAutowireCapableBeanFactory.java:576) ~[spring-beans-3.0.6.RELEASE.jar:3.0.6.RELEASE]
	at org.springframework.beans.factory.support.AbstractBeanFactory.isFactoryBean(AbstractBeanFactory.java:1330) ~[spring-beans-3.0.6.RELEASE.jar:3.0.6.RELEASE]
	at org.springframework.beans.factory.support.DefaultListableBeanFactory.getBeanNamesForType(DefaultListableBeanFactory.java:317) ~[spring-beans-3.0.6.RELEASE.jar:3.0.6.RELEASE]
	at org.springframework.beans.factory.BeanFactoryUtils.beanNamesForTypeIncludingAncestors(BeanFactoryUtils.java:185) ~[spring-beans-3.0.6.RELEASE.jar:3.0.6.RELEASE]
	at org.springframework.beans.factory.support.DefaultListableBeanFactory.findAutowireCandidates(DefaultListableBeanFactory.java:833) ~[spring-beans-3.0.6.RELEASE.jar:3.0.6.RELEASE]
	at org.springframework.beans.factory.support.DefaultListableBeanFactory.doResolveDependency(DefaultListableBeanFactory.java:790) ~[spring-beans-3.0.6.RELEASE.jar:3.0.6.RELEASE]
	at org.springframework.beans.factory.support.DefaultListableBeanFactory.resolveDependency(DefaultListableBeanFactory.java:707) ~[spring-beans-3.0.6.RELEASE.jar:3.0.6.RELEASE]
	at org.springframework.beans.factory.annotation.AutowiredAnnotationBeanPostProcessor$AutowiredFieldElement.inject(AutowiredAnnotationBeanPostProcessor.java:480) ~[spring-beans-3.0.6.RELEASE.jar:3.0.6.RELEASE]
	... 67 common frames omitted
Caused by: java.lang.ClassNotFoundException: com.rackspace.search.TestDatasource
	at java.net.URLClassLoader$1.run(URLClassLoader.java:202) ~[na:1.6.0_38]
	at java.security.AccessController.doPrivileged(Native Method) ~[na:1.6.0_38]
	at java.net.URLClassLoader.findClass(URLClassLoader.java:190) ~[na:1.6.0_38]
	at java.lang.ClassLoader.loadClass(ClassLoader.java:306) ~[na:1.6.0_38]
	at sun.misc.Launcher$AppClassLoader.loadClass(Launcher.java:301) ~[na:1.6.0_38]
	at java.lang.ClassLoader.loadClass(ClassLoader.java:247) ~[na:1.6.0_38]
	at org.springframework.util.ClassUtils.forName(ClassUtils.java:257) ~[spring-core-3.0.6.RELEASE.jar:3.0.6.RELEASE]
	at org.springframework.beans.factory.support.AbstractBeanDefinition.resolveBeanClass(AbstractBeanDefinition.java:408) ~[spring-beans-3.0.6.RELEASE.jar:3.0.6.RELEASE]
	at org.springframework.beans.factory.support.AbstractBeanFactory.doResolveBeanClass(AbstractBeanFactory.java:1282) ~[spring-beans-3.0.6.RELEASE.jar:3.0.6.RELEASE]
	at org.springframework.beans.factory.support.AbstractBeanFactory.resolveBeanClass(AbstractBeanFactory.java:1253) ~[spring-beans-3.0.6.RELEASE.jar:3.0.6.RELEASE]
	... 75 common frames omitted
</stdout>
          <failedSince>1</failedSince>
        </case>
        <case>
          <duration>0.247</duration>
          <className>com.rackspace.search.elasticsearch.client.ElasticSearchClientTest</className>
          <testName>post bulk data</testName>
          <skipped>false</skipped>
          <errorStackTrace>java.lang.NullPointerException: Cannot invoke method getClient() on null object
	at com.rackspace.search.elasticsearch.client.ElasticSearchClientTest.cleanup(ElasticSearchClientTest.groovy:84)
</errorStackTrace>
          <errorDetails>Cannot invoke method getClient() on null object</errorDetails>
          <failedSince>1</failedSince>
        </case>
        <case>
          <duration>0.175</duration>
          <className>com.rackspace.search.elasticsearch.client.ElasticSearchClientTest</className>
          <testName>get All Tickets</testName>
          <skipped>false</skipped>
          <errorStackTrace>java.lang.IllegalStateException: Failed to load ApplicationContext
	at org.springframework.test.context.TestContext.getApplicationContext(TestContext.java:308)
	at org.springframework.test.context.support.DependencyInjectionTestExecutionListener.injectDependencies(DependencyInjectionTestExecutionListener.java:109)
	at org.springframework.test.context.support.DependencyInjectionTestExecutionListener.prepareTestInstance(DependencyInjectionTestExecutionListener.java:75)
	at org.springframework.test.context.TestContextManager.prepareTestInstance(TestContextManager.java:321)
	at org.spockframework.spring.SpringTestContextManager.prepareTestInstance(SpringTestContextManager.java:49)
	at org.spockframework.spring.SpringInterceptor.interceptSetupMethod(SpringInterceptor.java:42)
	at org.spockframework.runtime.extension.AbstractMethodInterceptor.intercept(AbstractMethodInterceptor.java:28)
	at org.spockframework.runtime.extension.MethodInvocation.proceed(MethodInvocation.java:84)
	at org.spockframework.util.ReflectionUtil.invokeMethod(ReflectionUtil.java:138)
	at org.spockframework.util.ReflectionUtil.invokeMethod(ReflectionUtil.java:138)
	at org.spockframework.util.ReflectionUtil.invokeMethod(ReflectionUtil.java:138)
	at org.apache.maven.surefire.junit4.JUnit4TestSet.execute(JUnit4TestSet.java:53)
	at org.apache.maven.surefire.junit4.JUnit4Provider.executeTestSet(JUnit4Provider.java:123)
	at org.apache.maven.surefire.junit4.JUnit4Provider.invoke(JUnit4Provider.java:104)
	at org.apache.maven.surefire.util.ReflectionUtils.invokeMethodWithArray(ReflectionUtils.java:164)
	at org.apache.maven.surefire.booter.ProviderFactory$ProviderProxy.invoke(ProviderFactory.java:110)
	at org.apache.maven.surefire.booter.SurefireStarter.invokeProvider(SurefireStarter.java:175)
	at org.apache.maven.surefire.booter.SurefireStarter.runSuitesInProcessWhenForked(SurefireStarter.java:107)
	at org.apache.maven.surefire.booter.ForkedBooter.main(ForkedBooter.java:68)
Caused by: org.springframework.beans.factory.BeanCreationException: Error creating bean with name &apos;adminResource&apos;: Injection of autowired dependencies failed; nested exception is org.springframework.beans.factory.BeanCreationException: Could not autowire field: private com.rackspace.search.service.JobService com.rackspace.search.endpoint.AdminResource.jobService; nested exception is org.springframework.beans.factory.CannotLoadBeanClassException: Cannot find class [com.rackspace.search.TestDatasource] for bean with name &apos;coreDataSource&apos; defined in class path resource [test-coreDbContext.xml]; nested exception is java.lang.ClassNotFoundException: com.rackspace.search.TestDatasource
	at org.springframework.beans.factory.annotation.AutowiredAnnotationBeanPostProcessor.postProcessPropertyValues(AutowiredAnnotationBeanPostProcessor.java:288)
	at org.springframework.beans.factory.support.AbstractAutowireCapableBeanFactory.populateBean(AbstractAutowireCapableBeanFactory.java:1074)
	at org.springframework.beans.factory.support.AbstractAutowireCapableBeanFactory.doCreateBean(AbstractAutowireCapableBeanFactory.java:517)
	at org.springframework.beans.factory.support.AbstractAutowireCapableBeanFactory.createBean(AbstractAutowireCapableBeanFactory.java:456)
	at org.springframework.beans.factory.support.AbstractBeanFactory$1.getObject(AbstractBeanFactory.java:293)
	at org.springframework.beans.factory.support.DefaultSingletonBeanRegistry.getSingleton(DefaultSingletonBeanRegistry.java:222)
	at org.springframework.beans.factory.support.AbstractBeanFactory.doGetBean(AbstractBeanFactory.java:290)
	at org.springframework.beans.factory.support.AbstractBeanFactory.getBean(AbstractBeanFactory.java:192)
	at org.springframework.beans.factory.support.DefaultListableBeanFactory.preInstantiateSingletons(DefaultListableBeanFactory.java:585)
	at org.springframework.context.support.AbstractApplicationContext.finishBeanFactoryInitialization(AbstractApplicationContext.java:895)
	at org.springframework.context.support.AbstractApplicationContext.refresh(AbstractApplicationContext.java:425)
	at org.springframework.test.context.support.AbstractGenericContextLoader.loadContext(AbstractGenericContextLoader.java:84)
	at org.springframework.test.context.support.AbstractGenericContextLoader.loadContext(AbstractGenericContextLoader.java:1)
	at org.springframework.test.context.TestContext.loadApplicationContext(TestContext.java:280)
	at org.springframework.test.context.TestContext.getApplicationContext(TestContext.java:304)
	... 18 more
Caused by: org.springframework.beans.factory.BeanCreationException: Could not autowire field: private com.rackspace.search.service.JobService com.rackspace.search.endpoint.AdminResource.jobService; nested exception is org.springframework.beans.factory.CannotLoadBeanClassException: Cannot find class [com.rackspace.search.TestDatasource] for bean with name &apos;coreDataSource&apos; defined in class path resource [test-coreDbContext.xml]; nested exception is java.lang.ClassNotFoundException: com.rackspace.search.TestDatasource
	at org.springframework.beans.factory.annotation.AutowiredAnnotationBeanPostProcessor$AutowiredFieldElement.inject(AutowiredAnnotationBeanPostProcessor.java:508)
	at org.springframework.beans.factory.annotation.InjectionMetadata.inject(InjectionMetadata.java:84)
	at org.springframework.beans.factory.annotation.AutowiredAnnotationBeanPostProcessor.postProcessPropertyValues(AutowiredAnnotationBeanPostProcessor.java:285)
	... 32 more
Caused by: org.springframework.beans.factory.CannotLoadBeanClassException: Cannot find class [com.rackspace.search.TestDatasource] for bean with name &apos;coreDataSource&apos; defined in class path resource [test-coreDbContext.xml]; nested exception is java.lang.ClassNotFoundException: com.rackspace.search.TestDatasource
	at org.springframework.beans.factory.support.AbstractBeanFactory.resolveBeanClass(AbstractBeanFactory.java:1261)
	at org.springframework.beans.factory.support.AbstractAutowireCapableBeanFactory.predictBeanType(AbstractAutowireCapableBeanFactory.java:576)
	at org.springframework.beans.factory.support.AbstractBeanFactory.isFactoryBean(AbstractBeanFactory.java:1330)
	at org.springframework.beans.factory.support.DefaultListableBeanFactory.getBeanNamesForType(DefaultListableBeanFactory.java:317)
	at org.springframework.beans.factory.BeanFactoryUtils.beanNamesForTypeIncludingAncestors(BeanFactoryUtils.java:185)
	at org.springframework.beans.factory.support.DefaultListableBeanFactory.findAutowireCandidates(DefaultListableBeanFactory.java:833)
	at org.springframework.beans.factory.support.DefaultListableBeanFactory.doResolveDependency(DefaultListableBeanFactory.java:790)
	at org.springframework.beans.factory.support.DefaultListableBeanFactory.resolveDependency(DefaultListableBeanFactory.java:707)
	at org.springframework.beans.factory.annotation.AutowiredAnnotationBeanPostProcessor$AutowiredFieldElement.inject(AutowiredAnnotationBeanPostProcessor.java:480)
	... 34 more
Caused by: java.lang.ClassNotFoundException: com.rackspace.search.TestDatasource
	at java.net.URLClassLoader$1.run(URLClassLoader.java:202)
	at java.net.URLClassLoader.findClass(URLClassLoader.java:190)
	at java.lang.ClassLoader.loadClass(ClassLoader.java:306)
	at sun.misc.Launcher$AppClassLoader.loadClass(Launcher.java:301)
	at java.lang.ClassLoader.loadClass(ClassLoader.java:247)
	at org.springframework.util.ClassUtils.forName(ClassUtils.java:257)
	at org.springframework.beans.factory.support.AbstractBeanDefinition.resolveBeanClass(AbstractBeanDefinition.java:408)
	at org.springframework.beans.factory.support.AbstractBeanFactory.doResolveBeanClass(AbstractBeanFactory.java:1282)
	at org.springframework.beans.factory.support.AbstractBeanFactory.resolveBeanClass(AbstractBeanFactory.java:1253)
	... 42 more
</errorStackTrace>
          <errorDetails>Failed to load ApplicationContext</errorDetails>
          <stdout>16:31:22.594 [main] INFO  c.r.s.common.property.PropertyProvider - Loading properties file from file [/var/lib/jenkins/jobs/Samatha Fork/workspace/service/target/properties/local/search.properties]
16:31:22.594 [main] INFO  c.r.s.common.property.PropertyProvider - Loading properties file from file [/var/lib/jenkins/jobs/Samatha Fork/workspace/service/target/properties/local/search.secrets.properties]
16:31:22.595 [main] INFO  c.r.s.common.property.PropertyProvider - Loading properties file from file [/var/lib/jenkins/jobs/Samatha Fork/workspace/service/target/properties/local/elasticsearch.properties]
16:31:22.614 [main] ERROR o.s.test.context.TestContextManager - Caught exception while allowing TestExecutionListener [org.springframework.test.context.support.DependencyInjectionTestExecutionListener@5eb9fde] to prepare test instance [com.rackspace.search.elasticsearch.client.ElasticSearchClientTest@7c959fa1]
java.lang.IllegalStateException: Failed to load ApplicationContext
	at org.springframework.test.context.TestContext.getApplicationContext(TestContext.java:308) ~[spring-test-3.0.6.RELEASE.jar:3.0.6.RELEASE]
	at org.springframework.test.context.support.DependencyInjectionTestExecutionListener.injectDependencies(DependencyInjectionTestExecutionListener.java:109) ~[spring-test-3.0.6.RELEASE.jar:3.0.6.RELEASE]
	at org.springframework.test.context.support.DependencyInjectionTestExecutionListener.prepareTestInstance(DependencyInjectionTestExecutionListener.java:75) ~[spring-test-3.0.6.RELEASE.jar:3.0.6.RELEASE]
	at org.springframework.test.context.TestContextManager.prepareTestInstance(TestContextManager.java:321) ~[spring-test-3.0.6.RELEASE.jar:3.0.6.RELEASE]
	at org.spockframework.spring.SpringTestContextManager.prepareTestInstance(SpringTestContextManager.java:49) [spock-spring-0.7-groovy-2.0.jar:na]
	at org.spockframework.spring.SpringInterceptor.interceptSetupMethod(SpringInterceptor.java:42) [spock-spring-0.7-groovy-2.0.jar:na]
	at org.spockframework.runtime.extension.AbstractMethodInterceptor.intercept(AbstractMethodInterceptor.java:28) [spock-core-0.7-groovy-2.0.jar:na]
	at org.spockframework.runtime.extension.MethodInvocation.proceed(MethodInvocation.java:84) [spock-core-0.7-groovy-2.0.jar:na]
	at org.spockframework.runtime.BaseSpecRunner.invoke(BaseSpecRunner.java:319) [spock-core-0.7-groovy-2.0.jar:na]
	at org.spockframework.runtime.BaseSpecRunner.invokeSetup(BaseSpecRunner.java:279) [spock-core-0.7-groovy-2.0.jar:na]
	at org.spockframework.runtime.BaseSpecRunner.doRunIteration(BaseSpecRunner.java:255) [spock-core-0.7-groovy-2.0.jar:na]
	at sun.reflect.GeneratedMethodAccessor6.invoke(Unknown Source) ~[na:na]
	at sun.reflect.DelegatingMethodAccessorImpl.invoke(DelegatingMethodAccessorImpl.java:25) ~[na:1.6.0_38]
	at java.lang.reflect.Method.invoke(Method.java:597) ~[na:1.6.0_38]
	at org.spockframework.util.ReflectionUtil.invokeMethod(ReflectionUtil.java:138) [spock-core-0.7-groovy-2.0.jar:na]
	at org.spockframework.runtime.BaseSpecRunner.invokeRaw(BaseSpecRunner.java:330) [spock-core-0.7-groovy-2.0.jar:na]
	at org.spockframework.runtime.BaseSpecRunner.invoke(BaseSpecRunner.java:311) [spock-core-0.7-groovy-2.0.jar:na]
	at org.spockframework.runtime.BaseSpecRunner.runIteration(BaseSpecRunner.java:223) [spock-core-0.7-groovy-2.0.jar:na]
	at org.spockframework.runtime.BaseSpecRunner.initializeAndRunIteration(BaseSpecRunner.java:214) [spock-core-0.7-groovy-2.0.jar:na]
	at org.spockframework.runtime.BaseSpecRunner.runSimpleFeature(BaseSpecRunner.java:205) [spock-core-0.7-groovy-2.0.jar:na]
	at org.spockframework.runtime.BaseSpecRunner.doRunFeature(BaseSpecRunner.java:199) [spock-core-0.7-groovy-2.0.jar:na]
	at sun.reflect.GeneratedMethodAccessor7.invoke(Unknown Source) ~[na:na]
	at sun.reflect.DelegatingMethodAccessorImpl.invoke(DelegatingMethodAccessorImpl.java:25) ~[na:1.6.0_38]
	at java.lang.reflect.Method.invoke(Method.java:597) ~[na:1.6.0_38]
	at org.spockframework.util.ReflectionUtil.invokeMethod(ReflectionUtil.java:138) [spock-core-0.7-groovy-2.0.jar:na]
	at org.spockframework.runtime.BaseSpecRunner.invokeRaw(BaseSpecRunner.java:330) [spock-core-0.7-groovy-2.0.jar:na]
	at org.spockframework.runtime.BaseSpecRunner.invoke(BaseSpecRunner.java:311) [spock-core-0.7-groovy-2.0.jar:na]
	at org.spockframework.runtime.BaseSpecRunner.runFeature(BaseSpecRunner.java:175) [spock-core-0.7-groovy-2.0.jar:na]
	at org.spockframework.runtime.BaseSpecRunner.runFeatures(BaseSpecRunner.java:152) [spock-core-0.7-groovy-2.0.jar:na]
	at org.spockframework.runtime.BaseSpecRunner.doRunSpec(BaseSpecRunner.java:112) [spock-core-0.7-groovy-2.0.jar:na]
	at sun.reflect.NativeMethodAccessorImpl.invoke0(Native Method) ~[na:1.6.0_38]
	at sun.reflect.NativeMethodAccessorImpl.invoke(NativeMethodAccessorImpl.java:39) ~[na:1.6.0_38]
	at sun.reflect.DelegatingMethodAccessorImpl.invoke(DelegatingMethodAccessorImpl.java:25) ~[na:1.6.0_38]
	at java.lang.reflect.Method.invoke(Method.java:597) ~[na:1.6.0_38]
	at org.spockframework.util.ReflectionUtil.invokeMethod(ReflectionUtil.java:138) [spock-core-0.7-groovy-2.0.jar:na]
	at org.spockframework.runtime.BaseSpecRunner.invokeRaw(BaseSpecRunner.java:330) [spock-core-0.7-groovy-2.0.jar:na]
	at org.spockframework.runtime.BaseSpecRunner.invoke(BaseSpecRunner.java:311) [spock-core-0.7-groovy-2.0.jar:na]
	at org.spockframework.runtime.BaseSpecRunner.runSpec(BaseSpecRunner.java:91) [spock-core-0.7-groovy-2.0.jar:na]
	at org.spockframework.runtime.BaseSpecRunner.run(BaseSpecRunner.java:82) [spock-core-0.7-groovy-2.0.jar:na]
	at org.spockframework.runtime.Sputnik.run(Sputnik.java:63) [spock-core-0.7-groovy-2.0.jar:na]
	at org.apache.maven.surefire.junit4.JUnit4TestSet.execute(JUnit4TestSet.java:53) [surefire-junit4-2.10.jar:2.10]
	at org.apache.maven.surefire.junit4.JUnit4Provider.executeTestSet(JUnit4Provider.java:123) [surefire-junit4-2.10.jar:2.10]
	at org.apache.maven.surefire.junit4.JUnit4Provider.invoke(JUnit4Provider.java:104) [surefire-junit4-2.10.jar:2.10]
	at sun.reflect.NativeMethodAccessorImpl.invoke0(Native Method) ~[na:1.6.0_38]
	at sun.reflect.NativeMethodAccessorImpl.invoke(NativeMethodAccessorImpl.java:39) ~[na:1.6.0_38]
	at sun.reflect.DelegatingMethodAccessorImpl.invoke(DelegatingMethodAccessorImpl.java:25) ~[na:1.6.0_38]
	at java.lang.reflect.Method.invoke(Method.java:597) ~[na:1.6.0_38]
	at org.apache.maven.surefire.util.ReflectionUtils.invokeMethodWithArray(ReflectionUtils.java:164) [surefire-api-2.10.jar:2.10]
	at org.apache.maven.surefire.booter.ProviderFactory$ProviderProxy.invoke(ProviderFactory.java:110) [surefire-booter-2.10.jar:2.10]
	at org.apache.maven.surefire.booter.SurefireStarter.invokeProvider(SurefireStarter.java:175) [surefire-booter-2.10.jar:2.10]
	at org.apache.maven.surefire.booter.SurefireStarter.runSuitesInProcessWhenForked(SurefireStarter.java:107) [surefire-booter-2.10.jar:2.10]
	at org.apache.maven.surefire.booter.ForkedBooter.main(ForkedBooter.java:68) [surefire-booter-2.10.jar:2.10]
Caused by: org.springframework.beans.factory.BeanCreationException: Error creating bean with name &apos;adminResource&apos;: Injection of autowired dependencies failed; nested exception is org.springframework.beans.factory.BeanCreationException: Could not autowire field: private com.rackspace.search.service.JobService com.rackspace.search.endpoint.AdminResource.jobService; nested exception is org.springframework.beans.factory.CannotLoadBeanClassException: Cannot find class [com.rackspace.search.TestDatasource] for bean with name &apos;coreDataSource&apos; defined in class path resource [test-coreDbContext.xml]; nested exception is java.lang.ClassNotFoundException: com.rackspace.search.TestDatasource
	at org.springframework.beans.factory.annotation.AutowiredAnnotationBeanPostProcessor.postProcessPropertyValues(AutowiredAnnotationBeanPostProcessor.java:288) ~[spring-beans-3.0.6.RELEASE.jar:3.0.6.RELEASE]
	at org.springframework.beans.factory.support.AbstractAutowireCapableBeanFactory.populateBean(AbstractAutowireCapableBeanFactory.java:1074) ~[spring-beans-3.0.6.RELEASE.jar:3.0.6.RELEASE]
	at org.springframework.beans.factory.support.AbstractAutowireCapableBeanFactory.doCreateBean(AbstractAutowireCapableBeanFactory.java:517) ~[spring-beans-3.0.6.RELEASE.jar:3.0.6.RELEASE]
	at org.springframework.beans.factory.support.AbstractAutowireCapableBeanFactory.createBean(AbstractAutowireCapableBeanFactory.java:456) ~[spring-beans-3.0.6.RELEASE.jar:3.0.6.RELEASE]
	at org.springframework.beans.factory.support.AbstractBeanFactory$1.getObject(AbstractBeanFactory.java:293) ~[spring-beans-3.0.6.RELEASE.jar:3.0.6.RELEASE]
	at org.springframework.beans.factory.support.DefaultSingletonBeanRegistry.getSingleton(DefaultSingletonBeanRegistry.java:222) ~[spring-beans-3.0.6.RELEASE.jar:3.0.6.RELEASE]
	at org.springframework.beans.factory.support.AbstractBeanFactory.doGetBean(AbstractBeanFactory.java:290) ~[spring-beans-3.0.6.RELEASE.jar:3.0.6.RELEASE]
	at org.springframework.beans.factory.support.AbstractBeanFactory.getBean(AbstractBeanFactory.java:192) ~[spring-beans-3.0.6.RELEASE.jar:3.0.6.RELEASE]
	at org.springframework.beans.factory.support.DefaultListableBeanFactory.preInstantiateSingletons(DefaultListableBeanFactory.java:585) ~[spring-beans-3.0.6.RELEASE.jar:3.0.6.RELEASE]
	at org.springframework.context.support.AbstractApplicationContext.finishBeanFactoryInitialization(AbstractApplicationContext.java:895) ~[spring-context-3.0.6.RELEASE.jar:3.0.6.RELEASE]
	at org.springframework.context.support.AbstractApplicationContext.refresh(AbstractApplicationContext.java:425) ~[spring-context-3.0.6.RELEASE.jar:3.0.6.RELEASE]
	at org.springframework.test.context.support.AbstractGenericContextLoader.loadContext(AbstractGenericContextLoader.java:84) ~[spring-test-3.0.6.RELEASE.jar:3.0.6.RELEASE]
	at org.springframework.test.context.support.AbstractGenericContextLoader.loadContext(AbstractGenericContextLoader.java:1) ~[spring-test-3.0.6.RELEASE.jar:3.0.6.RELEASE]
	at org.springframework.test.context.TestContext.loadApplicationContext(TestContext.java:280) ~[spring-test-3.0.6.RELEASE.jar:3.0.6.RELEASE]
	at org.springframework.test.context.TestContext.getApplicationContext(TestContext.java:304) ~[spring-test-3.0.6.RELEASE.jar:3.0.6.RELEASE]
	... 51 common frames omitted
Caused by: org.springframework.beans.factory.BeanCreationException: Could not autowire field: private com.rackspace.search.service.JobService com.rackspace.search.endpoint.AdminResource.jobService; nested exception is org.springframework.beans.factory.CannotLoadBeanClassException: Cannot find class [com.rackspace.search.TestDatasource] for bean with name &apos;coreDataSource&apos; defined in class path resource [test-coreDbContext.xml]; nested exception is java.lang.ClassNotFoundException: com.rackspace.search.TestDatasource
	at org.springframework.beans.factory.annotation.AutowiredAnnotationBeanPostProcessor$AutowiredFieldElement.inject(AutowiredAnnotationBeanPostProcessor.java:508) ~[spring-beans-3.0.6.RELEASE.jar:3.0.6.RELEASE]
	at org.springframework.beans.factory.annotation.InjectionMetadata.inject(InjectionMetadata.java:84) ~[spring-beans-3.0.6.RELEASE.jar:3.0.6.RELEASE]
	at org.springframework.beans.factory.annotation.AutowiredAnnotationBeanPostProcessor.postProcessPropertyValues(AutowiredAnnotationBeanPostProcessor.java:285) ~[spring-beans-3.0.6.RELEASE.jar:3.0.6.RELEASE]
	... 65 common frames omitted
Caused by: org.springframework.beans.factory.CannotLoadBeanClassException: Cannot find class [com.rackspace.search.TestDatasource] for bean with name &apos;coreDataSource&apos; defined in class path resource [test-coreDbContext.xml]; nested exception is java.lang.ClassNotFoundException: com.rackspace.search.TestDatasource
	at org.springframework.beans.factory.support.AbstractBeanFactory.resolveBeanClass(AbstractBeanFactory.java:1261) ~[spring-beans-3.0.6.RELEASE.jar:3.0.6.RELEASE]
	at org.springframework.beans.factory.support.AbstractAutowireCapableBeanFactory.predictBeanType(AbstractAutowireCapableBeanFactory.java:576) ~[spring-beans-3.0.6.RELEASE.jar:3.0.6.RELEASE]
	at org.springframework.beans.factory.support.AbstractBeanFactory.isFactoryBean(AbstractBeanFactory.java:1330) ~[spring-beans-3.0.6.RELEASE.jar:3.0.6.RELEASE]
	at org.springframework.beans.factory.support.DefaultListableBeanFactory.getBeanNamesForType(DefaultListableBeanFactory.java:317) ~[spring-beans-3.0.6.RELEASE.jar:3.0.6.RELEASE]
	at org.springframework.beans.factory.BeanFactoryUtils.beanNamesForTypeIncludingAncestors(BeanFactoryUtils.java:185) ~[spring-beans-3.0.6.RELEASE.jar:3.0.6.RELEASE]
	at org.springframework.beans.factory.support.DefaultListableBeanFactory.findAutowireCandidates(DefaultListableBeanFactory.java:833) ~[spring-beans-3.0.6.RELEASE.jar:3.0.6.RELEASE]
	at org.springframework.beans.factory.support.DefaultListableBeanFactory.doResolveDependency(DefaultListableBeanFactory.java:790) ~[spring-beans-3.0.6.RELEASE.jar:3.0.6.RELEASE]
	at org.springframework.beans.factory.support.DefaultListableBeanFactory.resolveDependency(DefaultListableBeanFactory.java:707) ~[spring-beans-3.0.6.RELEASE.jar:3.0.6.RELEASE]
	at org.springframework.beans.factory.annotation.AutowiredAnnotationBeanPostProcessor$AutowiredFieldElement.inject(AutowiredAnnotationBeanPostProcessor.java:480) ~[spring-beans-3.0.6.RELEASE.jar:3.0.6.RELEASE]
	... 67 common frames omitted
Caused by: java.lang.ClassNotFoundException: com.rackspace.search.TestDatasource
	at java.net.URLClassLoader$1.run(URLClassLoader.java:202) ~[na:1.6.0_38]
	at java.security.AccessController.doPrivileged(Native Method) ~[na:1.6.0_38]
	at java.net.URLClassLoader.findClass(URLClassLoader.java:190) ~[na:1.6.0_38]
	at java.lang.ClassLoader.loadClass(ClassLoader.java:306) ~[na:1.6.0_38]
	at sun.misc.Launcher$AppClassLoader.loadClass(Launcher.java:301) ~[na:1.6.0_38]
	at java.lang.ClassLoader.loadClass(ClassLoader.java:247) ~[na:1.6.0_38]
	at org.springframework.util.ClassUtils.forName(ClassUtils.java:257) ~[spring-core-3.0.6.RELEASE.jar:3.0.6.RELEASE]
	at org.springframework.beans.factory.support.AbstractBeanDefinition.resolveBeanClass(AbstractBeanDefinition.java:408) ~[spring-beans-3.0.6.RELEASE.jar:3.0.6.RELEASE]
	at org.springframework.beans.factory.support.AbstractBeanFactory.doResolveBeanClass(AbstractBeanFactory.java:1282) ~[spring-beans-3.0.6.RELEASE.jar:3.0.6.RELEASE]
	at org.springframework.beans.factory.support.AbstractBeanFactory.resolveBeanClass(AbstractBeanFactory.java:1253) ~[spring-beans-3.0.6.RELEASE.jar:3.0.6.RELEASE]
	... 75 common frames omitted
</stdout>
          <failedSince>1</failedSince>
        </case>
        <case>
          <duration>0.175</duration>
          <className>com.rackspace.search.elasticsearch.client.ElasticSearchClientTest</className>
          <testName>get All Tickets</testName>
          <skipped>false</skipped>
          <errorStackTrace>java.lang.NullPointerException: Cannot invoke method getClient() on null object
	at com.rackspace.search.elasticsearch.client.ElasticSearchClientTest.cleanup(ElasticSearchClientTest.groovy:84)
</errorStackTrace>
          <errorDetails>Cannot invoke method getClient() on null object</errorDetails>
          <failedSince>1</failedSince>
        </case>
        <case>
          <duration>0.356</duration>
          <className>com.rackspace.search.elasticsearch.client.ElasticSearchClientTest</className>
          <testName>test search tickets for string filed user with single &amp; multiple values and negation</testName>
          <skipped>false</skipped>
          <errorStackTrace>java.lang.IllegalStateException: Failed to load ApplicationContext
	at org.springframework.test.context.TestContext.getApplicationContext(TestContext.java:308)
	at org.springframework.test.context.support.DependencyInjectionTestExecutionListener.injectDependencies(DependencyInjectionTestExecutionListener.java:109)
	at org.springframework.test.context.support.DependencyInjectionTestExecutionListener.prepareTestInstance(DependencyInjectionTestExecutionListener.java:75)
	at org.springframework.test.context.TestContextManager.prepareTestInstance(TestContextManager.java:321)
	at org.spockframework.spring.SpringTestContextManager.prepareTestInstance(SpringTestContextManager.java:49)
	at org.spockframework.spring.SpringInterceptor.interceptSetupMethod(SpringInterceptor.java:42)
	at org.spockframework.runtime.extension.AbstractMethodInterceptor.intercept(AbstractMethodInterceptor.java:28)
	at org.spockframework.runtime.extension.MethodInvocation.proceed(MethodInvocation.java:84)
	at org.spockframework.util.ReflectionUtil.invokeMethod(ReflectionUtil.java:138)
	at org.spockframework.util.ReflectionUtil.invokeMethod(ReflectionUtil.java:138)
	at org.spockframework.util.ReflectionUtil.invokeMethod(ReflectionUtil.java:138)
	at org.apache.maven.surefire.junit4.JUnit4TestSet.execute(JUnit4TestSet.java:53)
	at org.apache.maven.surefire.junit4.JUnit4Provider.executeTestSet(JUnit4Provider.java:123)
	at org.apache.maven.surefire.junit4.JUnit4Provider.invoke(JUnit4Provider.java:104)
	at org.apache.maven.surefire.util.ReflectionUtils.invokeMethodWithArray(ReflectionUtils.java:164)
	at org.apache.maven.surefire.booter.ProviderFactory$ProviderProxy.invoke(ProviderFactory.java:110)
	at org.apache.maven.surefire.booter.SurefireStarter.invokeProvider(SurefireStarter.java:175)
	at org.apache.maven.surefire.booter.SurefireStarter.runSuitesInProcessWhenForked(SurefireStarter.java:107)
	at org.apache.maven.surefire.booter.ForkedBooter.main(ForkedBooter.java:68)
Caused by: org.springframework.beans.factory.BeanCreationException: Error creating bean with name &apos;adminResource&apos;: Injection of autowired dependencies failed; nested exception is org.springframework.beans.factory.BeanCreationException: Could not autowire field: private com.rackspace.search.service.JobService com.rackspace.search.endpoint.AdminResource.jobService; nested exception is org.springframework.beans.factory.CannotLoadBeanClassException: Cannot find class [com.rackspace.search.TestDatasource] for bean with name &apos;coreDataSource&apos; defined in class path resource [test-coreDbContext.xml]; nested exception is java.lang.ClassNotFoundException: com.rackspace.search.TestDatasource
	at org.springframework.beans.factory.annotation.AutowiredAnnotationBeanPostProcessor.postProcessPropertyValues(AutowiredAnnotationBeanPostProcessor.java:288)
	at org.springframework.beans.factory.support.AbstractAutowireCapableBeanFactory.populateBean(AbstractAutowireCapableBeanFactory.java:1074)
	at org.springframework.beans.factory.support.AbstractAutowireCapableBeanFactory.doCreateBean(AbstractAutowireCapableBeanFactory.java:517)
	at org.springframework.beans.factory.support.AbstractAutowireCapableBeanFactory.createBean(AbstractAutowireCapableBeanFactory.java:456)
	at org.springframework.beans.factory.support.AbstractBeanFactory$1.getObject(AbstractBeanFactory.java:293)
	at org.springframework.beans.factory.support.DefaultSingletonBeanRegistry.getSingleton(DefaultSingletonBeanRegistry.java:222)
	at org.springframework.beans.factory.support.AbstractBeanFactory.doGetBean(AbstractBeanFactory.java:290)
	at org.springframework.beans.factory.support.AbstractBeanFactory.getBean(AbstractBeanFactory.java:192)
	at org.springframework.beans.factory.support.DefaultListableBeanFactory.preInstantiateSingletons(DefaultListableBeanFactory.java:585)
	at org.springframework.context.support.AbstractApplicationContext.finishBeanFactoryInitialization(AbstractApplicationContext.java:895)
	at org.springframework.context.support.AbstractApplicationContext.refresh(AbstractApplicationContext.java:425)
	at org.springframework.test.context.support.AbstractGenericContextLoader.loadContext(AbstractGenericContextLoader.java:84)
	at org.springframework.test.context.support.AbstractGenericContextLoader.loadContext(AbstractGenericContextLoader.java:1)
	at org.springframework.test.context.TestContext.loadApplicationContext(TestContext.java:280)
	at org.springframework.test.context.TestContext.getApplicationContext(TestContext.java:304)
	... 18 more
Caused by: org.springframework.beans.factory.BeanCreationException: Could not autowire field: private com.rackspace.search.service.JobService com.rackspace.search.endpoint.AdminResource.jobService; nested exception is org.springframework.beans.factory.CannotLoadBeanClassException: Cannot find class [com.rackspace.search.TestDatasource] for bean with name &apos;coreDataSource&apos; defined in class path resource [test-coreDbContext.xml]; nested exception is java.lang.ClassNotFoundException: com.rackspace.search.TestDatasource
	at org.springframework.beans.factory.annotation.AutowiredAnnotationBeanPostProcessor$AutowiredFieldElement.inject(AutowiredAnnotationBeanPostProcessor.java:508)
	at org.springframework.beans.factory.annotation.InjectionMetadata.inject(InjectionMetadata.java:84)
	at org.springframework.beans.factory.annotation.AutowiredAnnotationBeanPostProcessor.postProcessPropertyValues(AutowiredAnnotationBeanPostProcessor.java:285)
	... 32 more
Caused by: org.springframework.beans.factory.CannotLoadBeanClassException: Cannot find class [com.rackspace.search.TestDatasource] for bean with name &apos;coreDataSource&apos; defined in class path resource [test-coreDbContext.xml]; nested exception is java.lang.ClassNotFoundException: com.rackspace.search.TestDatasource
	at org.springframework.beans.factory.support.AbstractBeanFactory.resolveBeanClass(AbstractBeanFactory.java:1261)
	at org.springframework.beans.factory.support.AbstractAutowireCapableBeanFactory.predictBeanType(AbstractAutowireCapableBeanFactory.java:576)
	at org.springframework.beans.factory.support.AbstractBeanFactory.isFactoryBean(AbstractBeanFactory.java:1330)
	at org.springframework.beans.factory.support.DefaultListableBeanFactory.getBeanNamesForType(DefaultListableBeanFactory.java:317)
	at org.springframework.beans.factory.BeanFactoryUtils.beanNamesForTypeIncludingAncestors(BeanFactoryUtils.java:185)
	at org.springframework.beans.factory.support.DefaultListableBeanFactory.findAutowireCandidates(DefaultListableBeanFactory.java:833)
	at org.springframework.beans.factory.support.DefaultListableBeanFactory.doResolveDependency(DefaultListableBeanFactory.java:790)
	at org.springframework.beans.factory.support.DefaultListableBeanFactory.resolveDependency(DefaultListableBeanFactory.java:707)
	at org.springframework.beans.factory.annotation.AutowiredAnnotationBeanPostProcessor$AutowiredFieldElement.inject(AutowiredAnnotationBeanPostProcessor.java:480)
	... 34 more
Caused by: java.lang.ClassNotFoundException: com.rackspace.search.TestDatasource
	at java.net.URLClassLoader$1.run(URLClassLoader.java:202)
	at java.net.URLClassLoader.findClass(URLClassLoader.java:190)
	at java.lang.ClassLoader.loadClass(ClassLoader.java:306)
	at sun.misc.Launcher$AppClassLoader.loadClass(Launcher.java:301)
	at java.lang.ClassLoader.loadClass(ClassLoader.java:247)
	at org.springframework.util.ClassUtils.forName(ClassUtils.java:257)
	at org.springframework.beans.factory.support.AbstractBeanDefinition.resolveBeanClass(AbstractBeanDefinition.java:408)
	at org.springframework.beans.factory.support.AbstractBeanFactory.doResolveBeanClass(AbstractBeanFactory.java:1282)
	at org.springframework.beans.factory.support.AbstractBeanFactory.resolveBeanClass(AbstractBeanFactory.java:1253)
	... 42 more
</errorStackTrace>
          <errorDetails>Failed to load ApplicationContext</errorDetails>
          <stdout>16:31:22.781 [main] INFO  c.r.s.common.property.PropertyProvider - Loading properties file from file [/var/lib/jenkins/jobs/Samatha Fork/workspace/service/target/properties/local/search.properties]
16:31:22.781 [main] INFO  c.r.s.common.property.PropertyProvider - Loading properties file from file [/var/lib/jenkins/jobs/Samatha Fork/workspace/service/target/properties/local/search.secrets.properties]
16:31:22.782 [main] INFO  c.r.s.common.property.PropertyProvider - Loading properties file from file [/var/lib/jenkins/jobs/Samatha Fork/workspace/service/target/properties/local/elasticsearch.properties]
16:31:22.804 [main] ERROR o.s.test.context.TestContextManager - Caught exception while allowing TestExecutionListener [org.springframework.test.context.support.DependencyInjectionTestExecutionListener@5eb9fde] to prepare test instance [com.rackspace.search.elasticsearch.client.ElasticSearchClientTest@1e37504d]
java.lang.IllegalStateException: Failed to load ApplicationContext
	at org.springframework.test.context.TestContext.getApplicationContext(TestContext.java:308) ~[spring-test-3.0.6.RELEASE.jar:3.0.6.RELEASE]
	at org.springframework.test.context.support.DependencyInjectionTestExecutionListener.injectDependencies(DependencyInjectionTestExecutionListener.java:109) ~[spring-test-3.0.6.RELEASE.jar:3.0.6.RELEASE]
	at org.springframework.test.context.support.DependencyInjectionTestExecutionListener.prepareTestInstance(DependencyInjectionTestExecutionListener.java:75) ~[spring-test-3.0.6.RELEASE.jar:3.0.6.RELEASE]
	at org.springframework.test.context.TestContextManager.prepareTestInstance(TestContextManager.java:321) ~[spring-test-3.0.6.RELEASE.jar:3.0.6.RELEASE]
	at org.spockframework.spring.SpringTestContextManager.prepareTestInstance(SpringTestContextManager.java:49) [spock-spring-0.7-groovy-2.0.jar:na]
	at org.spockframework.spring.SpringInterceptor.interceptSetupMethod(SpringInterceptor.java:42) [spock-spring-0.7-groovy-2.0.jar:na]
	at org.spockframework.runtime.extension.AbstractMethodInterceptor.intercept(AbstractMethodInterceptor.java:28) [spock-core-0.7-groovy-2.0.jar:na]
	at org.spockframework.runtime.extension.MethodInvocation.proceed(MethodInvocation.java:84) [spock-core-0.7-groovy-2.0.jar:na]
	at org.spockframework.runtime.BaseSpecRunner.invoke(BaseSpecRunner.java:319) [spock-core-0.7-groovy-2.0.jar:na]
	at org.spockframework.runtime.BaseSpecRunner.invokeSetup(BaseSpecRunner.java:279) [spock-core-0.7-groovy-2.0.jar:na]
	at org.spockframework.runtime.BaseSpecRunner.doRunIteration(BaseSpecRunner.java:255) [spock-core-0.7-groovy-2.0.jar:na]
	at sun.reflect.GeneratedMethodAccessor6.invoke(Unknown Source) ~[na:na]
	at sun.reflect.DelegatingMethodAccessorImpl.invoke(DelegatingMethodAccessorImpl.java:25) ~[na:1.6.0_38]
	at java.lang.reflect.Method.invoke(Method.java:597) ~[na:1.6.0_38]
	at org.spockframework.util.ReflectionUtil.invokeMethod(ReflectionUtil.java:138) [spock-core-0.7-groovy-2.0.jar:na]
	at org.spockframework.runtime.BaseSpecRunner.invokeRaw(BaseSpecRunner.java:330) [spock-core-0.7-groovy-2.0.jar:na]
	at org.spockframework.runtime.BaseSpecRunner.invoke(BaseSpecRunner.java:311) [spock-core-0.7-groovy-2.0.jar:na]
	at org.spockframework.runtime.BaseSpecRunner.runIteration(BaseSpecRunner.java:223) [spock-core-0.7-groovy-2.0.jar:na]
	at org.spockframework.runtime.BaseSpecRunner.initializeAndRunIteration(BaseSpecRunner.java:214) [spock-core-0.7-groovy-2.0.jar:na]
	at org.spockframework.runtime.BaseSpecRunner.runSimpleFeature(BaseSpecRunner.java:205) [spock-core-0.7-groovy-2.0.jar:na]
	at org.spockframework.runtime.BaseSpecRunner.doRunFeature(BaseSpecRunner.java:199) [spock-core-0.7-groovy-2.0.jar:na]
	at sun.reflect.GeneratedMethodAccessor7.invoke(Unknown Source) ~[na:na]
	at sun.reflect.DelegatingMethodAccessorImpl.invoke(DelegatingMethodAccessorImpl.java:25) ~[na:1.6.0_38]
	at java.lang.reflect.Method.invoke(Method.java:597) ~[na:1.6.0_38]
	at org.spockframework.util.ReflectionUtil.invokeMethod(ReflectionUtil.java:138) [spock-core-0.7-groovy-2.0.jar:na]
	at org.spockframework.runtime.BaseSpecRunner.invokeRaw(BaseSpecRunner.java:330) [spock-core-0.7-groovy-2.0.jar:na]
	at org.spockframework.runtime.BaseSpecRunner.invoke(BaseSpecRunner.java:311) [spock-core-0.7-groovy-2.0.jar:na]
	at org.spockframework.runtime.BaseSpecRunner.runFeature(BaseSpecRunner.java:175) [spock-core-0.7-groovy-2.0.jar:na]
	at org.spockframework.runtime.BaseSpecRunner.runFeatures(BaseSpecRunner.java:152) [spock-core-0.7-groovy-2.0.jar:na]
	at org.spockframework.runtime.BaseSpecRunner.doRunSpec(BaseSpecRunner.java:112) [spock-core-0.7-groovy-2.0.jar:na]
	at sun.reflect.NativeMethodAccessorImpl.invoke0(Native Method) ~[na:1.6.0_38]
	at sun.reflect.NativeMethodAccessorImpl.invoke(NativeMethodAccessorImpl.java:39) ~[na:1.6.0_38]
	at sun.reflect.DelegatingMethodAccessorImpl.invoke(DelegatingMethodAccessorImpl.java:25) ~[na:1.6.0_38]
	at java.lang.reflect.Method.invoke(Method.java:597) ~[na:1.6.0_38]
	at org.spockframework.util.ReflectionUtil.invokeMethod(ReflectionUtil.java:138) [spock-core-0.7-groovy-2.0.jar:na]
	at org.spockframework.runtime.BaseSpecRunner.invokeRaw(BaseSpecRunner.java:330) [spock-core-0.7-groovy-2.0.jar:na]
	at org.spockframework.runtime.BaseSpecRunner.invoke(BaseSpecRunner.java:311) [spock-core-0.7-groovy-2.0.jar:na]
	at org.spockframework.runtime.BaseSpecRunner.runSpec(BaseSpecRunner.java:91) [spock-core-0.7-groovy-2.0.jar:na]
	at org.spockframework.runtime.BaseSpecRunner.run(BaseSpecRunner.java:82) [spock-core-0.7-groovy-2.0.jar:na]
	at org.spockframework.runtime.Sputnik.run(Sputnik.java:63) [spock-core-0.7-groovy-2.0.jar:na]
	at org.apache.maven.surefire.junit4.JUnit4TestSet.execute(JUnit4TestSet.java:53) [surefire-junit4-2.10.jar:2.10]
	at org.apache.maven.surefire.junit4.JUnit4Provider.executeTestSet(JUnit4Provider.java:123) [surefire-junit4-2.10.jar:2.10]
	at org.apache.maven.surefire.junit4.JUnit4Provider.invoke(JUnit4Provider.java:104) [surefire-junit4-2.10.jar:2.10]
	at sun.reflect.NativeMethodAccessorImpl.invoke0(Native Method) ~[na:1.6.0_38]
	at sun.reflect.NativeMethodAccessorImpl.invoke(NativeMethodAccessorImpl.java:39) ~[na:1.6.0_38]
	at sun.reflect.DelegatingMethodAccessorImpl.invoke(DelegatingMethodAccessorImpl.java:25) ~[na:1.6.0_38]
	at java.lang.reflect.Method.invoke(Method.java:597) ~[na:1.6.0_38]
	at org.apache.maven.surefire.util.ReflectionUtils.invokeMethodWithArray(ReflectionUtils.java:164) [surefire-api-2.10.jar:2.10]
	at org.apache.maven.surefire.booter.ProviderFactory$ProviderProxy.invoke(ProviderFactory.java:110) [surefire-booter-2.10.jar:2.10]
	at org.apache.maven.surefire.booter.SurefireStarter.invokeProvider(SurefireStarter.java:175) [surefire-booter-2.10.jar:2.10]
	at org.apache.maven.surefire.booter.SurefireStarter.runSuitesInProcessWhenForked(SurefireStarter.java:107) [surefire-booter-2.10.jar:2.10]
	at org.apache.maven.surefire.booter.ForkedBooter.main(ForkedBooter.java:68) [surefire-booter-2.10.jar:2.10]
Caused by: org.springframework.beans.factory.BeanCreationException: Error creating bean with name &apos;adminResource&apos;: Injection of autowired dependencies failed; nested exception is org.springframework.beans.factory.BeanCreationException: Could not autowire field: private com.rackspace.search.service.JobService com.rackspace.search.endpoint.AdminResource.jobService; nested exception is org.springframework.beans.factory.CannotLoadBeanClassException: Cannot find class [com.rackspace.search.TestDatasource] for bean with name &apos;coreDataSource&apos; defined in class path resource [test-coreDbContext.xml]; nested exception is java.lang.ClassNotFoundException: com.rackspace.search.TestDatasource
	at org.springframework.beans.factory.annotation.AutowiredAnnotationBeanPostProcessor.postProcessPropertyValues(AutowiredAnnotationBeanPostProcessor.java:288) ~[spring-beans-3.0.6.RELEASE.jar:3.0.6.RELEASE]
	at org.springframework.beans.factory.support.AbstractAutowireCapableBeanFactory.populateBean(AbstractAutowireCapableBeanFactory.java:1074) ~[spring-beans-3.0.6.RELEASE.jar:3.0.6.RELEASE]
	at org.springframework.beans.factory.support.AbstractAutowireCapableBeanFactory.doCreateBean(AbstractAutowireCapableBeanFactory.java:517) ~[spring-beans-3.0.6.RELEASE.jar:3.0.6.RELEASE]
	at org.springframework.beans.factory.support.AbstractAutowireCapableBeanFactory.createBean(AbstractAutowireCapableBeanFactory.java:456) ~[spring-beans-3.0.6.RELEASE.jar:3.0.6.RELEASE]
	at org.springframework.beans.factory.support.AbstractBeanFactory$1.getObject(AbstractBeanFactory.java:293) ~[spring-beans-3.0.6.RELEASE.jar:3.0.6.RELEASE]
	at org.springframework.beans.factory.support.DefaultSingletonBeanRegistry.getSingleton(DefaultSingletonBeanRegistry.java:222) ~[spring-beans-3.0.6.RELEASE.jar:3.0.6.RELEASE]
	at org.springframework.beans.factory.support.AbstractBeanFactory.doGetBean(AbstractBeanFactory.java:290) ~[spring-beans-3.0.6.RELEASE.jar:3.0.6.RELEASE]
	at org.springframework.beans.factory.support.AbstractBeanFactory.getBean(AbstractBeanFactory.java:192) ~[spring-beans-3.0.6.RELEASE.jar:3.0.6.RELEASE]
	at org.springframework.beans.factory.support.DefaultListableBeanFactory.preInstantiateSingletons(DefaultListableBeanFactory.java:585) ~[spring-beans-3.0.6.RELEASE.jar:3.0.6.RELEASE]
	at org.springframework.context.support.AbstractApplicationContext.finishBeanFactoryInitialization(AbstractApplicationContext.java:895) ~[spring-context-3.0.6.RELEASE.jar:3.0.6.RELEASE]
	at org.springframework.context.support.AbstractApplicationContext.refresh(AbstractApplicationContext.java:425) ~[spring-context-3.0.6.RELEASE.jar:3.0.6.RELEASE]
	at org.springframework.test.context.support.AbstractGenericContextLoader.loadContext(AbstractGenericContextLoader.java:84) ~[spring-test-3.0.6.RELEASE.jar:3.0.6.RELEASE]
	at org.springframework.test.context.support.AbstractGenericContextLoader.loadContext(AbstractGenericContextLoader.java:1) ~[spring-test-3.0.6.RELEASE.jar:3.0.6.RELEASE]
	at org.springframework.test.context.TestContext.loadApplicationContext(TestContext.java:280) ~[spring-test-3.0.6.RELEASE.jar:3.0.6.RELEASE]
	at org.springframework.test.context.TestContext.getApplicationContext(TestContext.java:304) ~[spring-test-3.0.6.RELEASE.jar:3.0.6.RELEASE]
	... 51 common frames omitted
Caused by: org.springframework.beans.factory.BeanCreationException: Could not autowire field: private com.rackspace.search.service.JobService com.rackspace.search.endpoint.AdminResource.jobService; nested exception is org.springframework.beans.factory.CannotLoadBeanClassException: Cannot find class [com.rackspace.search.TestDatasource] for bean with name &apos;coreDataSource&apos; defined in class path resource [test-coreDbContext.xml]; nested exception is java.lang.ClassNotFoundException: com.rackspace.search.TestDatasource
	at org.springframework.beans.factory.annotation.AutowiredAnnotationBeanPostProcessor$AutowiredFieldElement.inject(AutowiredAnnotationBeanPostProcessor.java:508) ~[spring-beans-3.0.6.RELEASE.jar:3.0.6.RELEASE]
	at org.springframework.beans.factory.annotation.InjectionMetadata.inject(InjectionMetadata.java:84) ~[spring-beans-3.0.6.RELEASE.jar:3.0.6.RELEASE]
	at org.springframework.beans.factory.annotation.AutowiredAnnotationBeanPostProcessor.postProcessPropertyValues(AutowiredAnnotationBeanPostProcessor.java:285) ~[spring-beans-3.0.6.RELEASE.jar:3.0.6.RELEASE]
	... 65 common frames omitted
Caused by: org.springframework.beans.factory.CannotLoadBeanClassException: Cannot find class [com.rackspace.search.TestDatasource] for bean with name &apos;coreDataSource&apos; defined in class path resource [test-coreDbContext.xml]; nested exception is java.lang.ClassNotFoundException: com.rackspace.search.TestDatasource
	at org.springframework.beans.factory.support.AbstractBeanFactory.resolveBeanClass(AbstractBeanFactory.java:1261) ~[spring-beans-3.0.6.RELEASE.jar:3.0.6.RELEASE]
	at org.springframework.beans.factory.support.AbstractAutowireCapableBeanFactory.predictBeanType(AbstractAutowireCapableBeanFactory.java:576) ~[spring-beans-3.0.6.RELEASE.jar:3.0.6.RELEASE]
	at org.springframework.beans.factory.support.AbstractBeanFactory.isFactoryBean(AbstractBeanFactory.java:1330) ~[spring-beans-3.0.6.RELEASE.jar:3.0.6.RELEASE]
	at org.springframework.beans.factory.support.DefaultListableBeanFactory.getBeanNamesForType(DefaultListableBeanFactory.java:317) ~[spring-beans-3.0.6.RELEASE.jar:3.0.6.RELEASE]
	at org.springframework.beans.factory.BeanFactoryUtils.beanNamesForTypeIncludingAncestors(BeanFactoryUtils.java:185) ~[spring-beans-3.0.6.RELEASE.jar:3.0.6.RELEASE]
	at org.springframework.beans.factory.support.DefaultListableBeanFactory.findAutowireCandidates(DefaultListableBeanFactory.java:833) ~[spring-beans-3.0.6.RELEASE.jar:3.0.6.RELEASE]
	at org.springframework.beans.factory.support.DefaultListableBeanFactory.doResolveDependency(DefaultListableBeanFactory.java:790) ~[spring-beans-3.0.6.RELEASE.jar:3.0.6.RELEASE]
	at org.springframework.beans.factory.support.DefaultListableBeanFactory.resolveDependency(DefaultListableBeanFactory.java:707) ~[spring-beans-3.0.6.RELEASE.jar:3.0.6.RELEASE]
	at org.springframework.beans.factory.annotation.AutowiredAnnotationBeanPostProcessor$AutowiredFieldElement.inject(AutowiredAnnotationBeanPostProcessor.java:480) ~[spring-beans-3.0.6.RELEASE.jar:3.0.6.RELEASE]
	... 67 common frames omitted
Caused by: java.lang.ClassNotFoundException: com.rackspace.search.TestDatasource
	at java.net.URLClassLoader$1.run(URLClassLoader.java:202) ~[na:1.6.0_38]
	at java.security.AccessController.doPrivileged(Native Method) ~[na:1.6.0_38]
	at java.net.URLClassLoader.findClass(URLClassLoader.java:190) ~[na:1.6.0_38]
	at java.lang.ClassLoader.loadClass(ClassLoader.java:306) ~[na:1.6.0_38]
	at sun.misc.Launcher$AppClassLoader.loadClass(Launcher.java:301) ~[na:1.6.0_38]
	at java.lang.ClassLoader.loadClass(ClassLoader.java:247) ~[na:1.6.0_38]
	at org.springframework.util.ClassUtils.forName(ClassUtils.java:257) ~[spring-core-3.0.6.RELEASE.jar:3.0.6.RELEASE]
	at org.springframework.beans.factory.support.AbstractBeanDefinition.resolveBeanClass(AbstractBeanDefinition.java:408) ~[spring-beans-3.0.6.RELEASE.jar:3.0.6.RELEASE]
	at org.springframework.beans.factory.support.AbstractBeanFactory.doResolveBeanClass(AbstractBeanFactory.java:1282) ~[spring-beans-3.0.6.RELEASE.jar:3.0.6.RELEASE]
	at org.springframework.beans.factory.support.AbstractBeanFactory.resolveBeanClass(AbstractBeanFactory.java:1253) ~[spring-beans-3.0.6.RELEASE.jar:3.0.6.RELEASE]
	... 75 common frames omitted
</stdout>
          <failedSince>1</failedSince>
        </case>
        <case>
          <duration>0.356</duration>
          <className>com.rackspace.search.elasticsearch.client.ElasticSearchClientTest</className>
          <testName>test search tickets for string filed user with single &amp; multiple values and negation</testName>
          <skipped>false</skipped>
          <errorStackTrace>java.lang.NullPointerException: Cannot invoke method getClient() on null object
	at com.rackspace.search.elasticsearch.client.ElasticSearchClientTest.cleanup(ElasticSearchClientTest.groovy:84)
</errorStackTrace>
          <errorDetails>Cannot invoke method getClient() on null object</errorDetails>
          <failedSince>1</failedSince>
        </case>
        <case>
          <duration>0.308</duration>
          <className>com.rackspace.search.elasticsearch.client.ElasticSearchClientTest</className>
          <testName>test search tickets with a range filter and negated range filter</testName>
          <skipped>false</skipped>
          <errorStackTrace>java.lang.IllegalStateException: Failed to load ApplicationContext
	at org.springframework.test.context.TestContext.getApplicationContext(TestContext.java:308)
	at org.springframework.test.context.support.DependencyInjectionTestExecutionListener.injectDependencies(DependencyInjectionTestExecutionListener.java:109)
	at org.springframework.test.context.support.DependencyInjectionTestExecutionListener.prepareTestInstance(DependencyInjectionTestExecutionListener.java:75)
	at org.springframework.test.context.TestContextManager.prepareTestInstance(TestContextManager.java:321)
	at org.spockframework.spring.SpringTestContextManager.prepareTestInstance(SpringTestContextManager.java:49)
	at org.spockframework.spring.SpringInterceptor.interceptSetupMethod(SpringInterceptor.java:42)
	at org.spockframework.runtime.extension.AbstractMethodInterceptor.intercept(AbstractMethodInterceptor.java:28)
	at org.spockframework.runtime.extension.MethodInvocation.proceed(MethodInvocation.java:84)
	at org.spockframework.util.ReflectionUtil.invokeMethod(ReflectionUtil.java:138)
	at org.spockframework.util.ReflectionUtil.invokeMethod(ReflectionUtil.java:138)
	at org.spockframework.util.ReflectionUtil.invokeMethod(ReflectionUtil.java:138)
	at org.apache.maven.surefire.junit4.JUnit4TestSet.execute(JUnit4TestSet.java:53)
	at org.apache.maven.surefire.junit4.JUnit4Provider.executeTestSet(JUnit4Provider.java:123)
	at org.apache.maven.surefire.junit4.JUnit4Provider.invoke(JUnit4Provider.java:104)
	at org.apache.maven.surefire.util.ReflectionUtils.invokeMethodWithArray(ReflectionUtils.java:164)
	at org.apache.maven.surefire.booter.ProviderFactory$ProviderProxy.invoke(ProviderFactory.java:110)
	at org.apache.maven.surefire.booter.SurefireStarter.invokeProvider(SurefireStarter.java:175)
	at org.apache.maven.surefire.booter.SurefireStarter.runSuitesInProcessWhenForked(SurefireStarter.java:107)
	at org.apache.maven.surefire.booter.ForkedBooter.main(ForkedBooter.java:68)
Caused by: org.springframework.beans.factory.BeanCreationException: Error creating bean with name &apos;adminResource&apos;: Injection of autowired dependencies failed; nested exception is org.springframework.beans.factory.BeanCreationException: Could not autowire field: private com.rackspace.search.service.JobService com.rackspace.search.endpoint.AdminResource.jobService; nested exception is org.springframework.beans.factory.CannotLoadBeanClassException: Cannot find class [com.rackspace.search.TestDatasource] for bean with name &apos;coreDataSource&apos; defined in class path resource [test-coreDbContext.xml]; nested exception is java.lang.ClassNotFoundException: com.rackspace.search.TestDatasource
	at org.springframework.beans.factory.annotation.AutowiredAnnotationBeanPostProcessor.postProcessPropertyValues(AutowiredAnnotationBeanPostProcessor.java:288)
	at org.springframework.beans.factory.support.AbstractAutowireCapableBeanFactory.populateBean(AbstractAutowireCapableBeanFactory.java:1074)
	at org.springframework.beans.factory.support.AbstractAutowireCapableBeanFactory.doCreateBean(AbstractAutowireCapableBeanFactory.java:517)
	at org.springframework.beans.factory.support.AbstractAutowireCapableBeanFactory.createBean(AbstractAutowireCapableBeanFactory.java:456)
	at org.springframework.beans.factory.support.AbstractBeanFactory$1.getObject(AbstractBeanFactory.java:293)
	at org.springframework.beans.factory.support.DefaultSingletonBeanRegistry.getSingleton(DefaultSingletonBeanRegistry.java:222)
	at org.springframework.beans.factory.support.AbstractBeanFactory.doGetBean(AbstractBeanFactory.java:290)
	at org.springframework.beans.factory.support.AbstractBeanFactory.getBean(AbstractBeanFactory.java:192)
	at org.springframework.beans.factory.support.DefaultListableBeanFactory.preInstantiateSingletons(DefaultListableBeanFactory.java:585)
	at org.springframework.context.support.AbstractApplicationContext.finishBeanFactoryInitialization(AbstractApplicationContext.java:895)
	at org.springframework.context.support.AbstractApplicationContext.refresh(AbstractApplicationContext.java:425)
	at org.springframework.test.context.support.AbstractGenericContextLoader.loadContext(AbstractGenericContextLoader.java:84)
	at org.springframework.test.context.support.AbstractGenericContextLoader.loadContext(AbstractGenericContextLoader.java:1)
	at org.springframework.test.context.TestContext.loadApplicationContext(TestContext.java:280)
	at org.springframework.test.context.TestContext.getApplicationContext(TestContext.java:304)
	... 18 more
Caused by: org.springframework.beans.factory.BeanCreationException: Could not autowire field: private com.rackspace.search.service.JobService com.rackspace.search.endpoint.AdminResource.jobService; nested exception is org.springframework.beans.factory.CannotLoadBeanClassException: Cannot find class [com.rackspace.search.TestDatasource] for bean with name &apos;coreDataSource&apos; defined in class path resource [test-coreDbContext.xml]; nested exception is java.lang.ClassNotFoundException: com.rackspace.search.TestDatasource
	at org.springframework.beans.factory.annotation.AutowiredAnnotationBeanPostProcessor$AutowiredFieldElement.inject(AutowiredAnnotationBeanPostProcessor.java:508)
	at org.springframework.beans.factory.annotation.InjectionMetadata.inject(InjectionMetadata.java:84)
	at org.springframework.beans.factory.annotation.AutowiredAnnotationBeanPostProcessor.postProcessPropertyValues(AutowiredAnnotationBeanPostProcessor.java:285)
	... 32 more
Caused by: org.springframework.beans.factory.CannotLoadBeanClassException: Cannot find class [com.rackspace.search.TestDatasource] for bean with name &apos;coreDataSource&apos; defined in class path resource [test-coreDbContext.xml]; nested exception is java.lang.ClassNotFoundException: com.rackspace.search.TestDatasource
	at org.springframework.beans.factory.support.AbstractBeanFactory.resolveBeanClass(AbstractBeanFactory.java:1261)
	at org.springframework.beans.factory.support.AbstractAutowireCapableBeanFactory.predictBeanType(AbstractAutowireCapableBeanFactory.java:576)
	at org.springframework.beans.factory.support.AbstractBeanFactory.isFactoryBean(AbstractBeanFactory.java:1330)
	at org.springframework.beans.factory.support.DefaultListableBeanFactory.getBeanNamesForType(DefaultListableBeanFactory.java:317)
	at org.springframework.beans.factory.BeanFactoryUtils.beanNamesForTypeIncludingAncestors(BeanFactoryUtils.java:185)
	at org.springframework.beans.factory.support.DefaultListableBeanFactory.findAutowireCandidates(DefaultListableBeanFactory.java:833)
	at org.springframework.beans.factory.support.DefaultListableBeanFactory.doResolveDependency(DefaultListableBeanFactory.java:790)
	at org.springframework.beans.factory.support.DefaultListableBeanFactory.resolveDependency(DefaultListableBeanFactory.java:707)
	at org.springframework.beans.factory.annotation.AutowiredAnnotationBeanPostProcessor$AutowiredFieldElement.inject(AutowiredAnnotationBeanPostProcessor.java:480)
	... 34 more
Caused by: java.lang.ClassNotFoundException: com.rackspace.search.TestDatasource
	at java.net.URLClassLoader$1.run(URLClassLoader.java:202)
	at java.net.URLClassLoader.findClass(URLClassLoader.java:190)
	at java.lang.ClassLoader.loadClass(ClassLoader.java:306)
	at sun.misc.Launcher$AppClassLoader.loadClass(Launcher.java:301)
	at java.lang.ClassLoader.loadClass(ClassLoader.java:247)
	at org.springframework.util.ClassUtils.forName(ClassUtils.java:257)
	at org.springframework.beans.factory.support.AbstractBeanDefinition.resolveBeanClass(AbstractBeanDefinition.java:408)
	at org.springframework.beans.factory.support.AbstractBeanFactory.doResolveBeanClass(AbstractBeanFactory.java:1282)
	at org.springframework.beans.factory.support.AbstractBeanFactory.resolveBeanClass(AbstractBeanFactory.java:1253)
	... 42 more
</errorStackTrace>
          <errorDetails>Failed to load ApplicationContext</errorDetails>
          <stdout>16:31:23.095 [main] INFO  c.r.s.common.property.PropertyProvider - Loading properties file from file [/var/lib/jenkins/jobs/Samatha Fork/workspace/service/target/properties/local/search.properties]
16:31:23.095 [main] INFO  c.r.s.common.property.PropertyProvider - Loading properties file from file [/var/lib/jenkins/jobs/Samatha Fork/workspace/service/target/properties/local/search.secrets.properties]
16:31:23.095 [main] INFO  c.r.s.common.property.PropertyProvider - Loading properties file from file [/var/lib/jenkins/jobs/Samatha Fork/workspace/service/target/properties/local/elasticsearch.properties]
16:31:23.207 [main] ERROR o.s.test.context.TestContextManager - Caught exception while allowing TestExecutionListener [org.springframework.test.context.support.DependencyInjectionTestExecutionListener@5eb9fde] to prepare test instance [com.rackspace.search.elasticsearch.client.ElasticSearchClientTest@675926d1]
java.lang.IllegalStateException: Failed to load ApplicationContext
	at org.springframework.test.context.TestContext.getApplicationContext(TestContext.java:308) ~[spring-test-3.0.6.RELEASE.jar:3.0.6.RELEASE]
	at org.springframework.test.context.support.DependencyInjectionTestExecutionListener.injectDependencies(DependencyInjectionTestExecutionListener.java:109) ~[spring-test-3.0.6.RELEASE.jar:3.0.6.RELEASE]
	at org.springframework.test.context.support.DependencyInjectionTestExecutionListener.prepareTestInstance(DependencyInjectionTestExecutionListener.java:75) ~[spring-test-3.0.6.RELEASE.jar:3.0.6.RELEASE]
	at org.springframework.test.context.TestContextManager.prepareTestInstance(TestContextManager.java:321) ~[spring-test-3.0.6.RELEASE.jar:3.0.6.RELEASE]
	at org.spockframework.spring.SpringTestContextManager.prepareTestInstance(SpringTestContextManager.java:49) [spock-spring-0.7-groovy-2.0.jar:na]
	at org.spockframework.spring.SpringInterceptor.interceptSetupMethod(SpringInterceptor.java:42) [spock-spring-0.7-groovy-2.0.jar:na]
	at org.spockframework.runtime.extension.AbstractMethodInterceptor.intercept(AbstractMethodInterceptor.java:28) [spock-core-0.7-groovy-2.0.jar:na]
	at org.spockframework.runtime.extension.MethodInvocation.proceed(MethodInvocation.java:84) [spock-core-0.7-groovy-2.0.jar:na]
	at org.spockframework.runtime.BaseSpecRunner.invoke(BaseSpecRunner.java:319) [spock-core-0.7-groovy-2.0.jar:na]
	at org.spockframework.runtime.BaseSpecRunner.invokeSetup(BaseSpecRunner.java:279) [spock-core-0.7-groovy-2.0.jar:na]
	at org.spockframework.runtime.BaseSpecRunner.doRunIteration(BaseSpecRunner.java:255) [spock-core-0.7-groovy-2.0.jar:na]
	at sun.reflect.GeneratedMethodAccessor6.invoke(Unknown Source) ~[na:na]
	at sun.reflect.DelegatingMethodAccessorImpl.invoke(DelegatingMethodAccessorImpl.java:25) ~[na:1.6.0_38]
	at java.lang.reflect.Method.invoke(Method.java:597) ~[na:1.6.0_38]
	at org.spockframework.util.ReflectionUtil.invokeMethod(ReflectionUtil.java:138) [spock-core-0.7-groovy-2.0.jar:na]
	at org.spockframework.runtime.BaseSpecRunner.invokeRaw(BaseSpecRunner.java:330) [spock-core-0.7-groovy-2.0.jar:na]
	at org.spockframework.runtime.BaseSpecRunner.invoke(BaseSpecRunner.java:311) [spock-core-0.7-groovy-2.0.jar:na]
	at org.spockframework.runtime.BaseSpecRunner.runIteration(BaseSpecRunner.java:223) [spock-core-0.7-groovy-2.0.jar:na]
	at org.spockframework.runtime.BaseSpecRunner.initializeAndRunIteration(BaseSpecRunner.java:214) [spock-core-0.7-groovy-2.0.jar:na]
	at org.spockframework.runtime.BaseSpecRunner.runSimpleFeature(BaseSpecRunner.java:205) [spock-core-0.7-groovy-2.0.jar:na]
	at org.spockframework.runtime.BaseSpecRunner.doRunFeature(BaseSpecRunner.java:199) [spock-core-0.7-groovy-2.0.jar:na]
	at sun.reflect.GeneratedMethodAccessor7.invoke(Unknown Source) ~[na:na]
	at sun.reflect.DelegatingMethodAccessorImpl.invoke(DelegatingMethodAccessorImpl.java:25) ~[na:1.6.0_38]
	at java.lang.reflect.Method.invoke(Method.java:597) ~[na:1.6.0_38]
	at org.spockframework.util.ReflectionUtil.invokeMethod(ReflectionUtil.java:138) [spock-core-0.7-groovy-2.0.jar:na]
	at org.spockframework.runtime.BaseSpecRunner.invokeRaw(BaseSpecRunner.java:330) [spock-core-0.7-groovy-2.0.jar:na]
	at org.spockframework.runtime.BaseSpecRunner.invoke(BaseSpecRunner.java:311) [spock-core-0.7-groovy-2.0.jar:na]
	at org.spockframework.runtime.BaseSpecRunner.runFeature(BaseSpecRunner.java:175) [spock-core-0.7-groovy-2.0.jar:na]
	at org.spockframework.runtime.BaseSpecRunner.runFeatures(BaseSpecRunner.java:152) [spock-core-0.7-groovy-2.0.jar:na]
	at org.spockframework.runtime.BaseSpecRunner.doRunSpec(BaseSpecRunner.java:112) [spock-core-0.7-groovy-2.0.jar:na]
	at sun.reflect.NativeMethodAccessorImpl.invoke0(Native Method) ~[na:1.6.0_38]
	at sun.reflect.NativeMethodAccessorImpl.invoke(NativeMethodAccessorImpl.java:39) ~[na:1.6.0_38]
	at sun.reflect.DelegatingMethodAccessorImpl.invoke(DelegatingMethodAccessorImpl.java:25) ~[na:1.6.0_38]
	at java.lang.reflect.Method.invoke(Method.java:597) ~[na:1.6.0_38]
	at org.spockframework.util.ReflectionUtil.invokeMethod(ReflectionUtil.java:138) [spock-core-0.7-groovy-2.0.jar:na]
	at org.spockframework.runtime.BaseSpecRunner.invokeRaw(BaseSpecRunner.java:330) [spock-core-0.7-groovy-2.0.jar:na]
	at org.spockframework.runtime.BaseSpecRunner.invoke(BaseSpecRunner.java:311) [spock-core-0.7-groovy-2.0.jar:na]
	at org.spockframework.runtime.BaseSpecRunner.runSpec(BaseSpecRunner.java:91) [spock-core-0.7-groovy-2.0.jar:na]
	at org.spockframework.runtime.BaseSpecRunner.run(BaseSpecRunner.java:82) [spock-core-0.7-groovy-2.0.jar:na]
	at org.spockframework.runtime.Sputnik.run(Sputnik.java:63) [spock-core-0.7-groovy-2.0.jar:na]
	at org.apache.maven.surefire.junit4.JUnit4TestSet.execute(JUnit4TestSet.java:53) [surefire-junit4-2.10.jar:2.10]
	at org.apache.maven.surefire.junit4.JUnit4Provider.executeTestSet(JUnit4Provider.java:123) [surefire-junit4-2.10.jar:2.10]
	at org.apache.maven.surefire.junit4.JUnit4Provider.invoke(JUnit4Provider.java:104) [surefire-junit4-2.10.jar:2.10]
	at sun.reflect.NativeMethodAccessorImpl.invoke0(Native Method) ~[na:1.6.0_38]
	at sun.reflect.NativeMethodAccessorImpl.invoke(NativeMethodAccessorImpl.java:39) ~[na:1.6.0_38]
	at sun.reflect.DelegatingMethodAccessorImpl.invoke(DelegatingMethodAccessorImpl.java:25) ~[na:1.6.0_38]
	at java.lang.reflect.Method.invoke(Method.java:597) ~[na:1.6.0_38]
	at org.apache.maven.surefire.util.ReflectionUtils.invokeMethodWithArray(ReflectionUtils.java:164) [surefire-api-2.10.jar:2.10]
	at org.apache.maven.surefire.booter.ProviderFactory$ProviderProxy.invoke(ProviderFactory.java:110) [surefire-booter-2.10.jar:2.10]
	at org.apache.maven.surefire.booter.SurefireStarter.invokeProvider(SurefireStarter.java:175) [surefire-booter-2.10.jar:2.10]
	at org.apache.maven.surefire.booter.SurefireStarter.runSuitesInProcessWhenForked(SurefireStarter.java:107) [surefire-booter-2.10.jar:2.10]
	at org.apache.maven.surefire.booter.ForkedBooter.main(ForkedBooter.java:68) [surefire-booter-2.10.jar:2.10]
Caused by: org.springframework.beans.factory.BeanCreationException: Error creating bean with name &apos;adminResource&apos;: Injection of autowired dependencies failed; nested exception is org.springframework.beans.factory.BeanCreationException: Could not autowire field: private com.rackspace.search.service.JobService com.rackspace.search.endpoint.AdminResource.jobService; nested exception is org.springframework.beans.factory.CannotLoadBeanClassException: Cannot find class [com.rackspace.search.TestDatasource] for bean with name &apos;coreDataSource&apos; defined in class path resource [test-coreDbContext.xml]; nested exception is java.lang.ClassNotFoundException: com.rackspace.search.TestDatasource
	at org.springframework.beans.factory.annotation.AutowiredAnnotationBeanPostProcessor.postProcessPropertyValues(AutowiredAnnotationBeanPostProcessor.java:288) ~[spring-beans-3.0.6.RELEASE.jar:3.0.6.RELEASE]
	at org.springframework.beans.factory.support.AbstractAutowireCapableBeanFactory.populateBean(AbstractAutowireCapableBeanFactory.java:1074) ~[spring-beans-3.0.6.RELEASE.jar:3.0.6.RELEASE]
	at org.springframework.beans.factory.support.AbstractAutowireCapableBeanFactory.doCreateBean(AbstractAutowireCapableBeanFactory.java:517) ~[spring-beans-3.0.6.RELEASE.jar:3.0.6.RELEASE]
	at org.springframework.beans.factory.support.AbstractAutowireCapableBeanFactory.createBean(AbstractAutowireCapableBeanFactory.java:456) ~[spring-beans-3.0.6.RELEASE.jar:3.0.6.RELEASE]
	at org.springframework.beans.factory.support.AbstractBeanFactory$1.getObject(AbstractBeanFactory.java:293) ~[spring-beans-3.0.6.RELEASE.jar:3.0.6.RELEASE]
	at org.springframework.beans.factory.support.DefaultSingletonBeanRegistry.getSingleton(DefaultSingletonBeanRegistry.java:222) ~[spring-beans-3.0.6.RELEASE.jar:3.0.6.RELEASE]
	at org.springframework.beans.factory.support.AbstractBeanFactory.doGetBean(AbstractBeanFactory.java:290) ~[spring-beans-3.0.6.RELEASE.jar:3.0.6.RELEASE]
	at org.springframework.beans.factory.support.AbstractBeanFactory.getBean(AbstractBeanFactory.java:192) ~[spring-beans-3.0.6.RELEASE.jar:3.0.6.RELEASE]
	at org.springframework.beans.factory.support.DefaultListableBeanFactory.preInstantiateSingletons(DefaultListableBeanFactory.java:585) ~[spring-beans-3.0.6.RELEASE.jar:3.0.6.RELEASE]
	at org.springframework.context.support.AbstractApplicationContext.finishBeanFactoryInitialization(AbstractApplicationContext.java:895) ~[spring-context-3.0.6.RELEASE.jar:3.0.6.RELEASE]
	at org.springframework.context.support.AbstractApplicationContext.refresh(AbstractApplicationContext.java:425) ~[spring-context-3.0.6.RELEASE.jar:3.0.6.RELEASE]
	at org.springframework.test.context.support.AbstractGenericContextLoader.loadContext(AbstractGenericContextLoader.java:84) ~[spring-test-3.0.6.RELEASE.jar:3.0.6.RELEASE]
	at org.springframework.test.context.support.AbstractGenericContextLoader.loadContext(AbstractGenericContextLoader.java:1) ~[spring-test-3.0.6.RELEASE.jar:3.0.6.RELEASE]
	at org.springframework.test.context.TestContext.loadApplicationContext(TestContext.java:280) ~[spring-test-3.0.6.RELEASE.jar:3.0.6.RELEASE]
	at org.springframework.test.context.TestContext.getApplicationContext(TestContext.java:304) ~[spring-test-3.0.6.RELEASE.jar:3.0.6.RELEASE]
	... 51 common frames omitted
Caused by: org.springframework.beans.factory.BeanCreationException: Could not autowire field: private com.rackspace.search.service.JobService com.rackspace.search.endpoint.AdminResource.jobService; nested exception is org.springframework.beans.factory.CannotLoadBeanClassException: Cannot find class [com.rackspace.search.TestDatasource] for bean with name &apos;coreDataSource&apos; defined in class path resource [test-coreDbContext.xml]; nested exception is java.lang.ClassNotFoundException: com.rackspace.search.TestDatasource
	at org.springframework.beans.factory.annotation.AutowiredAnnotationBeanPostProcessor$AutowiredFieldElement.inject(AutowiredAnnotationBeanPostProcessor.java:508) ~[spring-beans-3.0.6.RELEASE.jar:3.0.6.RELEASE]
	at org.springframework.beans.factory.annotation.InjectionMetadata.inject(InjectionMetadata.java:84) ~[spring-beans-3.0.6.RELEASE.jar:3.0.6.RELEASE]
	at org.springframework.beans.factory.annotation.AutowiredAnnotationBeanPostProcessor.postProcessPropertyValues(AutowiredAnnotationBeanPostProcessor.java:285) ~[spring-beans-3.0.6.RELEASE.jar:3.0.6.RELEASE]
	... 65 common frames omitted
Caused by: org.springframework.beans.factory.CannotLoadBeanClassException: Cannot find class [com.rackspace.search.TestDatasource] for bean with name &apos;coreDataSource&apos; defined in class path resource [test-coreDbContext.xml]; nested exception is java.lang.ClassNotFoundException: com.rackspace.search.TestDatasource
	at org.springframework.beans.factory.support.AbstractBeanFactory.resolveBeanClass(AbstractBeanFactory.java:1261) ~[spring-beans-3.0.6.RELEASE.jar:3.0.6.RELEASE]
	at org.springframework.beans.factory.support.AbstractAutowireCapableBeanFactory.predictBeanType(AbstractAutowireCapableBeanFactory.java:576) ~[spring-beans-3.0.6.RELEASE.jar:3.0.6.RELEASE]
	at org.springframework.beans.factory.support.AbstractBeanFactory.isFactoryBean(AbstractBeanFactory.java:1330) ~[spring-beans-3.0.6.RELEASE.jar:3.0.6.RELEASE]
	at org.springframework.beans.factory.support.DefaultListableBeanFactory.getBeanNamesForType(DefaultListableBeanFactory.java:317) ~[spring-beans-3.0.6.RELEASE.jar:3.0.6.RELEASE]
	at org.springframework.beans.factory.BeanFactoryUtils.beanNamesForTypeIncludingAncestors(BeanFactoryUtils.java:185) ~[spring-beans-3.0.6.RELEASE.jar:3.0.6.RELEASE]
	at org.springframework.beans.factory.support.DefaultListableBeanFactory.findAutowireCandidates(DefaultListableBeanFactory.java:833) ~[spring-beans-3.0.6.RELEASE.jar:3.0.6.RELEASE]
	at org.springframework.beans.factory.support.DefaultListableBeanFactory.doResolveDependency(DefaultListableBeanFactory.java:790) ~[spring-beans-3.0.6.RELEASE.jar:3.0.6.RELEASE]
	at org.springframework.beans.factory.support.DefaultListableBeanFactory.resolveDependency(DefaultListableBeanFactory.java:707) ~[spring-beans-3.0.6.RELEASE.jar:3.0.6.RELEASE]
	at org.springframework.beans.factory.annotation.AutowiredAnnotationBeanPostProcessor$AutowiredFieldElement.inject(AutowiredAnnotationBeanPostProcessor.java:480) ~[spring-beans-3.0.6.RELEASE.jar:3.0.6.RELEASE]
	... 67 common frames omitted
Caused by: java.lang.ClassNotFoundException: com.rackspace.search.TestDatasource
	at java.net.URLClassLoader$1.run(URLClassLoader.java:202) ~[na:1.6.0_38]
	at java.security.AccessController.doPrivileged(Native Method) ~[na:1.6.0_38]
	at java.net.URLClassLoader.findClass(URLClassLoader.java:190) ~[na:1.6.0_38]
	at java.lang.ClassLoader.loadClass(ClassLoader.java:306) ~[na:1.6.0_38]
	at sun.misc.Launcher$AppClassLoader.loadClass(Launcher.java:301) ~[na:1.6.0_38]
	at java.lang.ClassLoader.loadClass(ClassLoader.java:247) ~[na:1.6.0_38]
	at org.springframework.util.ClassUtils.forName(ClassUtils.java:257) ~[spring-core-3.0.6.RELEASE.jar:3.0.6.RELEASE]
	at org.springframework.beans.factory.support.AbstractBeanDefinition.resolveBeanClass(AbstractBeanDefinition.java:408) ~[spring-beans-3.0.6.RELEASE.jar:3.0.6.RELEASE]
	at org.springframework.beans.factory.support.AbstractBeanFactory.doResolveBeanClass(AbstractBeanFactory.java:1282) ~[spring-beans-3.0.6.RELEASE.jar:3.0.6.RELEASE]
	at org.springframework.beans.factory.support.AbstractBeanFactory.resolveBeanClass(AbstractBeanFactory.java:1253) ~[spring-beans-3.0.6.RELEASE.jar:3.0.6.RELEASE]
	... 75 common frames omitted
</stdout>
          <failedSince>1</failedSince>
        </case>
        <case>
          <duration>0.309</duration>
          <className>com.rackspace.search.elasticsearch.client.ElasticSearchClientTest</className>
          <testName>test search tickets with a range filter and negated range filter</testName>
          <skipped>false</skipped>
          <errorStackTrace>java.lang.NullPointerException: Cannot invoke method getClient() on null object
	at com.rackspace.search.elasticsearch.client.ElasticSearchClientTest.cleanup(ElasticSearchClientTest.groovy:84)
</errorStackTrace>
          <errorDetails>Cannot invoke method getClient() on null object</errorDetails>
          <failedSince>1</failedSince>
        </case>
        <case>
          <duration>0.206</duration>
          <className>com.rackspace.search.elasticsearch.client.ElasticSearchClientTest</className>
          <testName>test sort tickets with single &amp; multiple values</testName>
          <skipped>false</skipped>
          <errorStackTrace>java.lang.IllegalStateException: Failed to load ApplicationContext
	at org.springframework.test.context.TestContext.getApplicationContext(TestContext.java:308)
	at org.springframework.test.context.support.DependencyInjectionTestExecutionListener.injectDependencies(DependencyInjectionTestExecutionListener.java:109)
	at org.springframework.test.context.support.DependencyInjectionTestExecutionListener.prepareTestInstance(DependencyInjectionTestExecutionListener.java:75)
	at org.springframework.test.context.TestContextManager.prepareTestInstance(TestContextManager.java:321)
	at org.spockframework.spring.SpringTestContextManager.prepareTestInstance(SpringTestContextManager.java:49)
	at org.spockframework.spring.SpringInterceptor.interceptSetupMethod(SpringInterceptor.java:42)
	at org.spockframework.runtime.extension.AbstractMethodInterceptor.intercept(AbstractMethodInterceptor.java:28)
	at org.spockframework.runtime.extension.MethodInvocation.proceed(MethodInvocation.java:84)
	at org.spockframework.util.ReflectionUtil.invokeMethod(ReflectionUtil.java:138)
	at org.spockframework.util.ReflectionUtil.invokeMethod(ReflectionUtil.java:138)
	at org.spockframework.util.ReflectionUtil.invokeMethod(ReflectionUtil.java:138)
	at org.apache.maven.surefire.junit4.JUnit4TestSet.execute(JUnit4TestSet.java:53)
	at org.apache.maven.surefire.junit4.JUnit4Provider.executeTestSet(JUnit4Provider.java:123)
	at org.apache.maven.surefire.junit4.JUnit4Provider.invoke(JUnit4Provider.java:104)
	at org.apache.maven.surefire.util.ReflectionUtils.invokeMethodWithArray(ReflectionUtils.java:164)
	at org.apache.maven.surefire.booter.ProviderFactory$ProviderProxy.invoke(ProviderFactory.java:110)
	at org.apache.maven.surefire.booter.SurefireStarter.invokeProvider(SurefireStarter.java:175)
	at org.apache.maven.surefire.booter.SurefireStarter.runSuitesInProcessWhenForked(SurefireStarter.java:107)
	at org.apache.maven.surefire.booter.ForkedBooter.main(ForkedBooter.java:68)
Caused by: org.springframework.beans.factory.BeanCreationException: Error creating bean with name &apos;adminResource&apos;: Injection of autowired dependencies failed; nested exception is org.springframework.beans.factory.BeanCreationException: Could not autowire field: private com.rackspace.search.service.JobService com.rackspace.search.endpoint.AdminResource.jobService; nested exception is org.springframework.beans.factory.CannotLoadBeanClassException: Cannot find class [com.rackspace.search.TestDatasource] for bean with name &apos;coreDataSource&apos; defined in class path resource [test-coreDbContext.xml]; nested exception is java.lang.ClassNotFoundException: com.rackspace.search.TestDatasource
	at org.springframework.beans.factory.annotation.AutowiredAnnotationBeanPostProcessor.postProcessPropertyValues(AutowiredAnnotationBeanPostProcessor.java:288)
	at org.springframework.beans.factory.support.AbstractAutowireCapableBeanFactory.populateBean(AbstractAutowireCapableBeanFactory.java:1074)
	at org.springframework.beans.factory.support.AbstractAutowireCapableBeanFactory.doCreateBean(AbstractAutowireCapableBeanFactory.java:517)
	at org.springframework.beans.factory.support.AbstractAutowireCapableBeanFactory.createBean(AbstractAutowireCapableBeanFactory.java:456)
	at org.springframework.beans.factory.support.AbstractBeanFactory$1.getObject(AbstractBeanFactory.java:293)
	at org.springframework.beans.factory.support.DefaultSingletonBeanRegistry.getSingleton(DefaultSingletonBeanRegistry.java:222)
	at org.springframework.beans.factory.support.AbstractBeanFactory.doGetBean(AbstractBeanFactory.java:290)
	at org.springframework.beans.factory.support.AbstractBeanFactory.getBean(AbstractBeanFactory.java:192)
	at org.springframework.beans.factory.support.DefaultListableBeanFactory.preInstantiateSingletons(DefaultListableBeanFactory.java:585)
	at org.springframework.context.support.AbstractApplicationContext.finishBeanFactoryInitialization(AbstractApplicationContext.java:895)
	at org.springframework.context.support.AbstractApplicationContext.refresh(AbstractApplicationContext.java:425)
	at org.springframework.test.context.support.AbstractGenericContextLoader.loadContext(AbstractGenericContextLoader.java:84)
	at org.springframework.test.context.support.AbstractGenericContextLoader.loadContext(AbstractGenericContextLoader.java:1)
	at org.springframework.test.context.TestContext.loadApplicationContext(TestContext.java:280)
	at org.springframework.test.context.TestContext.getApplicationContext(TestContext.java:304)
	... 18 more
Caused by: org.springframework.beans.factory.BeanCreationException: Could not autowire field: private com.rackspace.search.service.JobService com.rackspace.search.endpoint.AdminResource.jobService; nested exception is org.springframework.beans.factory.CannotLoadBeanClassException: Cannot find class [com.rackspace.search.TestDatasource] for bean with name &apos;coreDataSource&apos; defined in class path resource [test-coreDbContext.xml]; nested exception is java.lang.ClassNotFoundException: com.rackspace.search.TestDatasource
	at org.springframework.beans.factory.annotation.AutowiredAnnotationBeanPostProcessor$AutowiredFieldElement.inject(AutowiredAnnotationBeanPostProcessor.java:508)
	at org.springframework.beans.factory.annotation.InjectionMetadata.inject(InjectionMetadata.java:84)
	at org.springframework.beans.factory.annotation.AutowiredAnnotationBeanPostProcessor.postProcessPropertyValues(AutowiredAnnotationBeanPostProcessor.java:285)
	... 32 more
Caused by: org.springframework.beans.factory.CannotLoadBeanClassException: Cannot find class [com.rackspace.search.TestDatasource] for bean with name &apos;coreDataSource&apos; defined in class path resource [test-coreDbContext.xml]; nested exception is java.lang.ClassNotFoundException: com.rackspace.search.TestDatasource
	at org.springframework.beans.factory.support.AbstractBeanFactory.resolveBeanClass(AbstractBeanFactory.java:1261)
	at org.springframework.beans.factory.support.AbstractAutowireCapableBeanFactory.predictBeanType(AbstractAutowireCapableBeanFactory.java:576)
	at org.springframework.beans.factory.support.AbstractBeanFactory.isFactoryBean(AbstractBeanFactory.java:1330)
	at org.springframework.beans.factory.support.DefaultListableBeanFactory.getBeanNamesForType(DefaultListableBeanFactory.java:317)
	at org.springframework.beans.factory.BeanFactoryUtils.beanNamesForTypeIncludingAncestors(BeanFactoryUtils.java:185)
	at org.springframework.beans.factory.support.DefaultListableBeanFactory.findAutowireCandidates(DefaultListableBeanFactory.java:833)
	at org.springframework.beans.factory.support.DefaultListableBeanFactory.doResolveDependency(DefaultListableBeanFactory.java:790)
	at org.springframework.beans.factory.support.DefaultListableBeanFactory.resolveDependency(DefaultListableBeanFactory.java:707)
	at org.springframework.beans.factory.annotation.AutowiredAnnotationBeanPostProcessor$AutowiredFieldElement.inject(AutowiredAnnotationBeanPostProcessor.java:480)
	... 34 more
Caused by: java.lang.ClassNotFoundException: com.rackspace.search.TestDatasource
	at java.net.URLClassLoader$1.run(URLClassLoader.java:202)
	at java.net.URLClassLoader.findClass(URLClassLoader.java:190)
	at java.lang.ClassLoader.loadClass(ClassLoader.java:306)
	at sun.misc.Launcher$AppClassLoader.loadClass(Launcher.java:301)
	at java.lang.ClassLoader.loadClass(ClassLoader.java:247)
	at org.springframework.util.ClassUtils.forName(ClassUtils.java:257)
	at org.springframework.beans.factory.support.AbstractBeanDefinition.resolveBeanClass(AbstractBeanDefinition.java:408)
	at org.springframework.beans.factory.support.AbstractBeanFactory.doResolveBeanClass(AbstractBeanFactory.java:1282)
	at org.springframework.beans.factory.support.AbstractBeanFactory.resolveBeanClass(AbstractBeanFactory.java:1253)
	... 42 more
</errorStackTrace>
          <errorDetails>Failed to load ApplicationContext</errorDetails>
          <stdout>16:31:23.369 [main] INFO  c.r.s.common.property.PropertyProvider - Loading properties file from file [/var/lib/jenkins/jobs/Samatha Fork/workspace/service/target/properties/local/search.properties]
16:31:23.369 [main] INFO  c.r.s.common.property.PropertyProvider - Loading properties file from file [/var/lib/jenkins/jobs/Samatha Fork/workspace/service/target/properties/local/search.secrets.properties]
16:31:23.369 [main] INFO  c.r.s.common.property.PropertyProvider - Loading properties file from file [/var/lib/jenkins/jobs/Samatha Fork/workspace/service/target/properties/local/elasticsearch.properties]
16:31:23.390 [main] ERROR o.s.test.context.TestContextManager - Caught exception while allowing TestExecutionListener [org.springframework.test.context.support.DependencyInjectionTestExecutionListener@5eb9fde] to prepare test instance [com.rackspace.search.elasticsearch.client.ElasticSearchClientTest@621bedb0]
java.lang.IllegalStateException: Failed to load ApplicationContext
	at org.springframework.test.context.TestContext.getApplicationContext(TestContext.java:308) ~[spring-test-3.0.6.RELEASE.jar:3.0.6.RELEASE]
	at org.springframework.test.context.support.DependencyInjectionTestExecutionListener.injectDependencies(DependencyInjectionTestExecutionListener.java:109) ~[spring-test-3.0.6.RELEASE.jar:3.0.6.RELEASE]
	at org.springframework.test.context.support.DependencyInjectionTestExecutionListener.prepareTestInstance(DependencyInjectionTestExecutionListener.java:75) ~[spring-test-3.0.6.RELEASE.jar:3.0.6.RELEASE]
	at org.springframework.test.context.TestContextManager.prepareTestInstance(TestContextManager.java:321) ~[spring-test-3.0.6.RELEASE.jar:3.0.6.RELEASE]
	at org.spockframework.spring.SpringTestContextManager.prepareTestInstance(SpringTestContextManager.java:49) [spock-spring-0.7-groovy-2.0.jar:na]
	at org.spockframework.spring.SpringInterceptor.interceptSetupMethod(SpringInterceptor.java:42) [spock-spring-0.7-groovy-2.0.jar:na]
	at org.spockframework.runtime.extension.AbstractMethodInterceptor.intercept(AbstractMethodInterceptor.java:28) [spock-core-0.7-groovy-2.0.jar:na]
	at org.spockframework.runtime.extension.MethodInvocation.proceed(MethodInvocation.java:84) [spock-core-0.7-groovy-2.0.jar:na]
	at org.spockframework.runtime.BaseSpecRunner.invoke(BaseSpecRunner.java:319) [spock-core-0.7-groovy-2.0.jar:na]
	at org.spockframework.runtime.BaseSpecRunner.invokeSetup(BaseSpecRunner.java:279) [spock-core-0.7-groovy-2.0.jar:na]
	at org.spockframework.runtime.BaseSpecRunner.doRunIteration(BaseSpecRunner.java:255) [spock-core-0.7-groovy-2.0.jar:na]
	at sun.reflect.GeneratedMethodAccessor6.invoke(Unknown Source) ~[na:na]
	at sun.reflect.DelegatingMethodAccessorImpl.invoke(DelegatingMethodAccessorImpl.java:25) ~[na:1.6.0_38]
	at java.lang.reflect.Method.invoke(Method.java:597) ~[na:1.6.0_38]
	at org.spockframework.util.ReflectionUtil.invokeMethod(ReflectionUtil.java:138) [spock-core-0.7-groovy-2.0.jar:na]
	at org.spockframework.runtime.BaseSpecRunner.invokeRaw(BaseSpecRunner.java:330) [spock-core-0.7-groovy-2.0.jar:na]
	at org.spockframework.runtime.BaseSpecRunner.invoke(BaseSpecRunner.java:311) [spock-core-0.7-groovy-2.0.jar:na]
	at org.spockframework.runtime.BaseSpecRunner.runIteration(BaseSpecRunner.java:223) [spock-core-0.7-groovy-2.0.jar:na]
	at org.spockframework.runtime.BaseSpecRunner.initializeAndRunIteration(BaseSpecRunner.java:214) [spock-core-0.7-groovy-2.0.jar:na]
	at org.spockframework.runtime.BaseSpecRunner.runSimpleFeature(BaseSpecRunner.java:205) [spock-core-0.7-groovy-2.0.jar:na]
	at org.spockframework.runtime.BaseSpecRunner.doRunFeature(BaseSpecRunner.java:199) [spock-core-0.7-groovy-2.0.jar:na]
	at sun.reflect.GeneratedMethodAccessor7.invoke(Unknown Source) ~[na:na]
	at sun.reflect.DelegatingMethodAccessorImpl.invoke(DelegatingMethodAccessorImpl.java:25) ~[na:1.6.0_38]
	at java.lang.reflect.Method.invoke(Method.java:597) ~[na:1.6.0_38]
	at org.spockframework.util.ReflectionUtil.invokeMethod(ReflectionUtil.java:138) [spock-core-0.7-groovy-2.0.jar:na]
	at org.spockframework.runtime.BaseSpecRunner.invokeRaw(BaseSpecRunner.java:330) [spock-core-0.7-groovy-2.0.jar:na]
	at org.spockframework.runtime.BaseSpecRunner.invoke(BaseSpecRunner.java:311) [spock-core-0.7-groovy-2.0.jar:na]
	at org.spockframework.runtime.BaseSpecRunner.runFeature(BaseSpecRunner.java:175) [spock-core-0.7-groovy-2.0.jar:na]
	at org.spockframework.runtime.BaseSpecRunner.runFeatures(BaseSpecRunner.java:152) [spock-core-0.7-groovy-2.0.jar:na]
	at org.spockframework.runtime.BaseSpecRunner.doRunSpec(BaseSpecRunner.java:112) [spock-core-0.7-groovy-2.0.jar:na]
	at sun.reflect.NativeMethodAccessorImpl.invoke0(Native Method) ~[na:1.6.0_38]
	at sun.reflect.NativeMethodAccessorImpl.invoke(NativeMethodAccessorImpl.java:39) ~[na:1.6.0_38]
	at sun.reflect.DelegatingMethodAccessorImpl.invoke(DelegatingMethodAccessorImpl.java:25) ~[na:1.6.0_38]
	at java.lang.reflect.Method.invoke(Method.java:597) ~[na:1.6.0_38]
	at org.spockframework.util.ReflectionUtil.invokeMethod(ReflectionUtil.java:138) [spock-core-0.7-groovy-2.0.jar:na]
	at org.spockframework.runtime.BaseSpecRunner.invokeRaw(BaseSpecRunner.java:330) [spock-core-0.7-groovy-2.0.jar:na]
	at org.spockframework.runtime.BaseSpecRunner.invoke(BaseSpecRunner.java:311) [spock-core-0.7-groovy-2.0.jar:na]
	at org.spockframework.runtime.BaseSpecRunner.runSpec(BaseSpecRunner.java:91) [spock-core-0.7-groovy-2.0.jar:na]
	at org.spockframework.runtime.BaseSpecRunner.run(BaseSpecRunner.java:82) [spock-core-0.7-groovy-2.0.jar:na]
	at org.spockframework.runtime.Sputnik.run(Sputnik.java:63) [spock-core-0.7-groovy-2.0.jar:na]
	at org.apache.maven.surefire.junit4.JUnit4TestSet.execute(JUnit4TestSet.java:53) [surefire-junit4-2.10.jar:2.10]
	at org.apache.maven.surefire.junit4.JUnit4Provider.executeTestSet(JUnit4Provider.java:123) [surefire-junit4-2.10.jar:2.10]
	at org.apache.maven.surefire.junit4.JUnit4Provider.invoke(JUnit4Provider.java:104) [surefire-junit4-2.10.jar:2.10]
	at sun.reflect.NativeMethodAccessorImpl.invoke0(Native Method) ~[na:1.6.0_38]
	at sun.reflect.NativeMethodAccessorImpl.invoke(NativeMethodAccessorImpl.java:39) ~[na:1.6.0_38]
	at sun.reflect.DelegatingMethodAccessorImpl.invoke(DelegatingMethodAccessorImpl.java:25) ~[na:1.6.0_38]
	at java.lang.reflect.Method.invoke(Method.java:597) ~[na:1.6.0_38]
	at org.apache.maven.surefire.util.ReflectionUtils.invokeMethodWithArray(ReflectionUtils.java:164) [surefire-api-2.10.jar:2.10]
	at org.apache.maven.surefire.booter.ProviderFactory$ProviderProxy.invoke(ProviderFactory.java:110) [surefire-booter-2.10.jar:2.10]
	at org.apache.maven.surefire.booter.SurefireStarter.invokeProvider(SurefireStarter.java:175) [surefire-booter-2.10.jar:2.10]
	at org.apache.maven.surefire.booter.SurefireStarter.runSuitesInProcessWhenForked(SurefireStarter.java:107) [surefire-booter-2.10.jar:2.10]
	at org.apache.maven.surefire.booter.ForkedBooter.main(ForkedBooter.java:68) [surefire-booter-2.10.jar:2.10]
Caused by: org.springframework.beans.factory.BeanCreationException: Error creating bean with name &apos;adminResource&apos;: Injection of autowired dependencies failed; nested exception is org.springframework.beans.factory.BeanCreationException: Could not autowire field: private com.rackspace.search.service.JobService com.rackspace.search.endpoint.AdminResource.jobService; nested exception is org.springframework.beans.factory.CannotLoadBeanClassException: Cannot find class [com.rackspace.search.TestDatasource] for bean with name &apos;coreDataSource&apos; defined in class path resource [test-coreDbContext.xml]; nested exception is java.lang.ClassNotFoundException: com.rackspace.search.TestDatasource
	at org.springframework.beans.factory.annotation.AutowiredAnnotationBeanPostProcessor.postProcessPropertyValues(AutowiredAnnotationBeanPostProcessor.java:288) ~[spring-beans-3.0.6.RELEASE.jar:3.0.6.RELEASE]
	at org.springframework.beans.factory.support.AbstractAutowireCapableBeanFactory.populateBean(AbstractAutowireCapableBeanFactory.java:1074) ~[spring-beans-3.0.6.RELEASE.jar:3.0.6.RELEASE]
	at org.springframework.beans.factory.support.AbstractAutowireCapableBeanFactory.doCreateBean(AbstractAutowireCapableBeanFactory.java:517) ~[spring-beans-3.0.6.RELEASE.jar:3.0.6.RELEASE]
	at org.springframework.beans.factory.support.AbstractAutowireCapableBeanFactory.createBean(AbstractAutowireCapableBeanFactory.java:456) ~[spring-beans-3.0.6.RELEASE.jar:3.0.6.RELEASE]
	at org.springframework.beans.factory.support.AbstractBeanFactory$1.getObject(AbstractBeanFactory.java:293) ~[spring-beans-3.0.6.RELEASE.jar:3.0.6.RELEASE]
	at org.springframework.beans.factory.support.DefaultSingletonBeanRegistry.getSingleton(DefaultSingletonBeanRegistry.java:222) ~[spring-beans-3.0.6.RELEASE.jar:3.0.6.RELEASE]
	at org.springframework.beans.factory.support.AbstractBeanFactory.doGetBean(AbstractBeanFactory.java:290) ~[spring-beans-3.0.6.RELEASE.jar:3.0.6.RELEASE]
	at org.springframework.beans.factory.support.AbstractBeanFactory.getBean(AbstractBeanFactory.java:192) ~[spring-beans-3.0.6.RELEASE.jar:3.0.6.RELEASE]
	at org.springframework.beans.factory.support.DefaultListableBeanFactory.preInstantiateSingletons(DefaultListableBeanFactory.java:585) ~[spring-beans-3.0.6.RELEASE.jar:3.0.6.RELEASE]
	at org.springframework.context.support.AbstractApplicationContext.finishBeanFactoryInitialization(AbstractApplicationContext.java:895) ~[spring-context-3.0.6.RELEASE.jar:3.0.6.RELEASE]
	at org.springframework.context.support.AbstractApplicationContext.refresh(AbstractApplicationContext.java:425) ~[spring-context-3.0.6.RELEASE.jar:3.0.6.RELEASE]
	at org.springframework.test.context.support.AbstractGenericContextLoader.loadContext(AbstractGenericContextLoader.java:84) ~[spring-test-3.0.6.RELEASE.jar:3.0.6.RELEASE]
	at org.springframework.test.context.support.AbstractGenericContextLoader.loadContext(AbstractGenericContextLoader.java:1) ~[spring-test-3.0.6.RELEASE.jar:3.0.6.RELEASE]
	at org.springframework.test.context.TestContext.loadApplicationContext(TestContext.java:280) ~[spring-test-3.0.6.RELEASE.jar:3.0.6.RELEASE]
	at org.springframework.test.context.TestContext.getApplicationContext(TestContext.java:304) ~[spring-test-3.0.6.RELEASE.jar:3.0.6.RELEASE]
	... 51 common frames omitted
Caused by: org.springframework.beans.factory.BeanCreationException: Could not autowire field: private com.rackspace.search.service.JobService com.rackspace.search.endpoint.AdminResource.jobService; nested exception is org.springframework.beans.factory.CannotLoadBeanClassException: Cannot find class [com.rackspace.search.TestDatasource] for bean with name &apos;coreDataSource&apos; defined in class path resource [test-coreDbContext.xml]; nested exception is java.lang.ClassNotFoundException: com.rackspace.search.TestDatasource
	at org.springframework.beans.factory.annotation.AutowiredAnnotationBeanPostProcessor$AutowiredFieldElement.inject(AutowiredAnnotationBeanPostProcessor.java:508) ~[spring-beans-3.0.6.RELEASE.jar:3.0.6.RELEASE]
	at org.springframework.beans.factory.annotation.InjectionMetadata.inject(InjectionMetadata.java:84) ~[spring-beans-3.0.6.RELEASE.jar:3.0.6.RELEASE]
	at org.springframework.beans.factory.annotation.AutowiredAnnotationBeanPostProcessor.postProcessPropertyValues(AutowiredAnnotationBeanPostProcessor.java:285) ~[spring-beans-3.0.6.RELEASE.jar:3.0.6.RELEASE]
	... 65 common frames omitted
Caused by: org.springframework.beans.factory.CannotLoadBeanClassException: Cannot find class [com.rackspace.search.TestDatasource] for bean with name &apos;coreDataSource&apos; defined in class path resource [test-coreDbContext.xml]; nested exception is java.lang.ClassNotFoundException: com.rackspace.search.TestDatasource
	at org.springframework.beans.factory.support.AbstractBeanFactory.resolveBeanClass(AbstractBeanFactory.java:1261) ~[spring-beans-3.0.6.RELEASE.jar:3.0.6.RELEASE]
	at org.springframework.beans.factory.support.AbstractAutowireCapableBeanFactory.predictBeanType(AbstractAutowireCapableBeanFactory.java:576) ~[spring-beans-3.0.6.RELEASE.jar:3.0.6.RELEASE]
	at org.springframework.beans.factory.support.AbstractBeanFactory.isFactoryBean(AbstractBeanFactory.java:1330) ~[spring-beans-3.0.6.RELEASE.jar:3.0.6.RELEASE]
	at org.springframework.beans.factory.support.DefaultListableBeanFactory.getBeanNamesForType(DefaultListableBeanFactory.java:317) ~[spring-beans-3.0.6.RELEASE.jar:3.0.6.RELEASE]
	at org.springframework.beans.factory.BeanFactoryUtils.beanNamesForTypeIncludingAncestors(BeanFactoryUtils.java:185) ~[spring-beans-3.0.6.RELEASE.jar:3.0.6.RELEASE]
	at org.springframework.beans.factory.support.DefaultListableBeanFactory.findAutowireCandidates(DefaultListableBeanFactory.java:833) ~[spring-beans-3.0.6.RELEASE.jar:3.0.6.RELEASE]
	at org.springframework.beans.factory.support.DefaultListableBeanFactory.doResolveDependency(DefaultListableBeanFactory.java:790) ~[spring-beans-3.0.6.RELEASE.jar:3.0.6.RELEASE]
	at org.springframework.beans.factory.support.DefaultListableBeanFactory.resolveDependency(DefaultListableBeanFactory.java:707) ~[spring-beans-3.0.6.RELEASE.jar:3.0.6.RELEASE]
	at org.springframework.beans.factory.annotation.AutowiredAnnotationBeanPostProcessor$AutowiredFieldElement.inject(AutowiredAnnotationBeanPostProcessor.java:480) ~[spring-beans-3.0.6.RELEASE.jar:3.0.6.RELEASE]
	... 67 common frames omitted
Caused by: java.lang.ClassNotFoundException: com.rackspace.search.TestDatasource
	at java.net.URLClassLoader$1.run(URLClassLoader.java:202) ~[na:1.6.0_38]
	at java.security.AccessController.doPrivileged(Native Method) ~[na:1.6.0_38]
	at java.net.URLClassLoader.findClass(URLClassLoader.java:190) ~[na:1.6.0_38]
	at java.lang.ClassLoader.loadClass(ClassLoader.java:306) ~[na:1.6.0_38]
	at sun.misc.Launcher$AppClassLoader.loadClass(Launcher.java:301) ~[na:1.6.0_38]
	at java.lang.ClassLoader.loadClass(ClassLoader.java:247) ~[na:1.6.0_38]
	at org.springframework.util.ClassUtils.forName(ClassUtils.java:257) ~[spring-core-3.0.6.RELEASE.jar:3.0.6.RELEASE]
	at org.springframework.beans.factory.support.AbstractBeanDefinition.resolveBeanClass(AbstractBeanDefinition.java:408) ~[spring-beans-3.0.6.RELEASE.jar:3.0.6.RELEASE]
	at org.springframework.beans.factory.support.AbstractBeanFactory.doResolveBeanClass(AbstractBeanFactory.java:1282) ~[spring-beans-3.0.6.RELEASE.jar:3.0.6.RELEASE]
	at org.springframework.beans.factory.support.AbstractBeanFactory.resolveBeanClass(AbstractBeanFactory.java:1253) ~[spring-beans-3.0.6.RELEASE.jar:3.0.6.RELEASE]
	... 75 common frames omitted
</stdout>
          <failedSince>1</failedSince>
        </case>
        <case>
          <duration>0.206</duration>
          <className>com.rackspace.search.elasticsearch.client.ElasticSearchClientTest</className>
          <testName>test sort tickets with single &amp; multiple values</testName>
          <skipped>false</skipped>
          <errorStackTrace>java.lang.NullPointerException: Cannot invoke method getClient() on null object
	at com.rackspace.search.elasticsearch.client.ElasticSearchClientTest.cleanup(ElasticSearchClientTest.groovy:84)
</errorStackTrace>
          <errorDetails>Cannot invoke method getClient() on null object</errorDetails>
          <failedSince>1</failedSince>
        </case>
        <case>
          <duration>0.083</duration>
          <className>com.rackspace.search.elasticsearch.client.ElasticSearchClientTest</className>
          <testName>test sort tickets for priority field without sorting order</testName>
          <skipped>false</skipped>
          <errorStackTrace>java.lang.IllegalStateException: Failed to load ApplicationContext
	at org.springframework.test.context.TestContext.getApplicationContext(TestContext.java:308)
	at org.springframework.test.context.support.DependencyInjectionTestExecutionListener.injectDependencies(DependencyInjectionTestExecutionListener.java:109)
	at org.springframework.test.context.support.DependencyInjectionTestExecutionListener.prepareTestInstance(DependencyInjectionTestExecutionListener.java:75)
	at org.springframework.test.context.TestContextManager.prepareTestInstance(TestContextManager.java:321)
	at org.spockframework.spring.SpringTestContextManager.prepareTestInstance(SpringTestContextManager.java:49)
	at org.spockframework.spring.SpringInterceptor.interceptSetupMethod(SpringInterceptor.java:42)
	at org.spockframework.runtime.extension.AbstractMethodInterceptor.intercept(AbstractMethodInterceptor.java:28)
	at org.spockframework.runtime.extension.MethodInvocation.proceed(MethodInvocation.java:84)
	at org.spockframework.util.ReflectionUtil.invokeMethod(ReflectionUtil.java:138)
	at org.spockframework.util.ReflectionUtil.invokeMethod(ReflectionUtil.java:138)
	at org.spockframework.util.ReflectionUtil.invokeMethod(ReflectionUtil.java:138)
	at org.apache.maven.surefire.junit4.JUnit4TestSet.execute(JUnit4TestSet.java:53)
	at org.apache.maven.surefire.junit4.JUnit4Provider.executeTestSet(JUnit4Provider.java:123)
	at org.apache.maven.surefire.junit4.JUnit4Provider.invoke(JUnit4Provider.java:104)
	at org.apache.maven.surefire.util.ReflectionUtils.invokeMethodWithArray(ReflectionUtils.java:164)
	at org.apache.maven.surefire.booter.ProviderFactory$ProviderProxy.invoke(ProviderFactory.java:110)
	at org.apache.maven.surefire.booter.SurefireStarter.invokeProvider(SurefireStarter.java:175)
	at org.apache.maven.surefire.booter.SurefireStarter.runSuitesInProcessWhenForked(SurefireStarter.java:107)
	at org.apache.maven.surefire.booter.ForkedBooter.main(ForkedBooter.java:68)
Caused by: org.springframework.beans.factory.BeanCreationException: Error creating bean with name &apos;adminResource&apos;: Injection of autowired dependencies failed; nested exception is org.springframework.beans.factory.BeanCreationException: Could not autowire field: private com.rackspace.search.service.JobService com.rackspace.search.endpoint.AdminResource.jobService; nested exception is org.springframework.beans.factory.CannotLoadBeanClassException: Cannot find class [com.rackspace.search.TestDatasource] for bean with name &apos;coreDataSource&apos; defined in class path resource [test-coreDbContext.xml]; nested exception is java.lang.ClassNotFoundException: com.rackspace.search.TestDatasource
	at org.springframework.beans.factory.annotation.AutowiredAnnotationBeanPostProcessor.postProcessPropertyValues(AutowiredAnnotationBeanPostProcessor.java:288)
	at org.springframework.beans.factory.support.AbstractAutowireCapableBeanFactory.populateBean(AbstractAutowireCapableBeanFactory.java:1074)
	at org.springframework.beans.factory.support.AbstractAutowireCapableBeanFactory.doCreateBean(AbstractAutowireCapableBeanFactory.java:517)
	at org.springframework.beans.factory.support.AbstractAutowireCapableBeanFactory.createBean(AbstractAutowireCapableBeanFactory.java:456)
	at org.springframework.beans.factory.support.AbstractBeanFactory$1.getObject(AbstractBeanFactory.java:293)
	at org.springframework.beans.factory.support.DefaultSingletonBeanRegistry.getSingleton(DefaultSingletonBeanRegistry.java:222)
	at org.springframework.beans.factory.support.AbstractBeanFactory.doGetBean(AbstractBeanFactory.java:290)
	at org.springframework.beans.factory.support.AbstractBeanFactory.getBean(AbstractBeanFactory.java:192)
	at org.springframework.beans.factory.support.DefaultListableBeanFactory.preInstantiateSingletons(DefaultListableBeanFactory.java:585)
	at org.springframework.context.support.AbstractApplicationContext.finishBeanFactoryInitialization(AbstractApplicationContext.java:895)
	at org.springframework.context.support.AbstractApplicationContext.refresh(AbstractApplicationContext.java:425)
	at org.springframework.test.context.support.AbstractGenericContextLoader.loadContext(AbstractGenericContextLoader.java:84)
	at org.springframework.test.context.support.AbstractGenericContextLoader.loadContext(AbstractGenericContextLoader.java:1)
	at org.springframework.test.context.TestContext.loadApplicationContext(TestContext.java:280)
	at org.springframework.test.context.TestContext.getApplicationContext(TestContext.java:304)
	... 18 more
Caused by: org.springframework.beans.factory.BeanCreationException: Could not autowire field: private com.rackspace.search.service.JobService com.rackspace.search.endpoint.AdminResource.jobService; nested exception is org.springframework.beans.factory.CannotLoadBeanClassException: Cannot find class [com.rackspace.search.TestDatasource] for bean with name &apos;coreDataSource&apos; defined in class path resource [test-coreDbContext.xml]; nested exception is java.lang.ClassNotFoundException: com.rackspace.search.TestDatasource
	at org.springframework.beans.factory.annotation.AutowiredAnnotationBeanPostProcessor$AutowiredFieldElement.inject(AutowiredAnnotationBeanPostProcessor.java:508)
	at org.springframework.beans.factory.annotation.InjectionMetadata.inject(InjectionMetadata.java:84)
	at org.springframework.beans.factory.annotation.AutowiredAnnotationBeanPostProcessor.postProcessPropertyValues(AutowiredAnnotationBeanPostProcessor.java:285)
	... 32 more
Caused by: org.springframework.beans.factory.CannotLoadBeanClassException: Cannot find class [com.rackspace.search.TestDatasource] for bean with name &apos;coreDataSource&apos; defined in class path resource [test-coreDbContext.xml]; nested exception is java.lang.ClassNotFoundException: com.rackspace.search.TestDatasource
	at org.springframework.beans.factory.support.AbstractBeanFactory.resolveBeanClass(AbstractBeanFactory.java:1261)
	at org.springframework.beans.factory.support.AbstractAutowireCapableBeanFactory.predictBeanType(AbstractAutowireCapableBeanFactory.java:576)
	at org.springframework.beans.factory.support.AbstractBeanFactory.isFactoryBean(AbstractBeanFactory.java:1330)
	at org.springframework.beans.factory.support.DefaultListableBeanFactory.getBeanNamesForType(DefaultListableBeanFactory.java:317)
	at org.springframework.beans.factory.BeanFactoryUtils.beanNamesForTypeIncludingAncestors(BeanFactoryUtils.java:185)
	at org.springframework.beans.factory.support.DefaultListableBeanFactory.findAutowireCandidates(DefaultListableBeanFactory.java:833)
	at org.springframework.beans.factory.support.DefaultListableBeanFactory.doResolveDependency(DefaultListableBeanFactory.java:790)
	at org.springframework.beans.factory.support.DefaultListableBeanFactory.resolveDependency(DefaultListableBeanFactory.java:707)
	at org.springframework.beans.factory.annotation.AutowiredAnnotationBeanPostProcessor$AutowiredFieldElement.inject(AutowiredAnnotationBeanPostProcessor.java:480)
	... 34 more
Caused by: java.lang.ClassNotFoundException: com.rackspace.search.TestDatasource
	at java.net.URLClassLoader$1.run(URLClassLoader.java:202)
	at java.net.URLClassLoader.findClass(URLClassLoader.java:190)
	at java.lang.ClassLoader.loadClass(ClassLoader.java:306)
	at sun.misc.Launcher$AppClassLoader.loadClass(Launcher.java:301)
	at java.lang.ClassLoader.loadClass(ClassLoader.java:247)
	at org.springframework.util.ClassUtils.forName(ClassUtils.java:257)
	at org.springframework.beans.factory.support.AbstractBeanDefinition.resolveBeanClass(AbstractBeanDefinition.java:408)
	at org.springframework.beans.factory.support.AbstractBeanFactory.doResolveBeanClass(AbstractBeanFactory.java:1282)
	at org.springframework.beans.factory.support.AbstractBeanFactory.resolveBeanClass(AbstractBeanFactory.java:1253)
	... 42 more
</errorStackTrace>
          <errorDetails>Failed to load ApplicationContext</errorDetails>
          <stdout>16:31:23.552 [main] INFO  c.r.s.common.property.PropertyProvider - Loading properties file from file [/var/lib/jenkins/jobs/Samatha Fork/workspace/service/target/properties/local/search.properties]
16:31:23.552 [main] INFO  c.r.s.common.property.PropertyProvider - Loading properties file from file [/var/lib/jenkins/jobs/Samatha Fork/workspace/service/target/properties/local/search.secrets.properties]
16:31:23.552 [main] INFO  c.r.s.common.property.PropertyProvider - Loading properties file from file [/var/lib/jenkins/jobs/Samatha Fork/workspace/service/target/properties/local/elasticsearch.properties]
16:31:23.570 [main] ERROR o.s.test.context.TestContextManager - Caught exception while allowing TestExecutionListener [org.springframework.test.context.support.DependencyInjectionTestExecutionListener@5eb9fde] to prepare test instance [com.rackspace.search.elasticsearch.client.ElasticSearchClientTest@1dcbcf91]
java.lang.IllegalStateException: Failed to load ApplicationContext
	at org.springframework.test.context.TestContext.getApplicationContext(TestContext.java:308) ~[spring-test-3.0.6.RELEASE.jar:3.0.6.RELEASE]
	at org.springframework.test.context.support.DependencyInjectionTestExecutionListener.injectDependencies(DependencyInjectionTestExecutionListener.java:109) ~[spring-test-3.0.6.RELEASE.jar:3.0.6.RELEASE]
	at org.springframework.test.context.support.DependencyInjectionTestExecutionListener.prepareTestInstance(DependencyInjectionTestExecutionListener.java:75) ~[spring-test-3.0.6.RELEASE.jar:3.0.6.RELEASE]
	at org.springframework.test.context.TestContextManager.prepareTestInstance(TestContextManager.java:321) ~[spring-test-3.0.6.RELEASE.jar:3.0.6.RELEASE]
	at org.spockframework.spring.SpringTestContextManager.prepareTestInstance(SpringTestContextManager.java:49) [spock-spring-0.7-groovy-2.0.jar:na]
	at org.spockframework.spring.SpringInterceptor.interceptSetupMethod(SpringInterceptor.java:42) [spock-spring-0.7-groovy-2.0.jar:na]
	at org.spockframework.runtime.extension.AbstractMethodInterceptor.intercept(AbstractMethodInterceptor.java:28) [spock-core-0.7-groovy-2.0.jar:na]
	at org.spockframework.runtime.extension.MethodInvocation.proceed(MethodInvocation.java:84) [spock-core-0.7-groovy-2.0.jar:na]
	at org.spockframework.runtime.BaseSpecRunner.invoke(BaseSpecRunner.java:319) [spock-core-0.7-groovy-2.0.jar:na]
	at org.spockframework.runtime.BaseSpecRunner.invokeSetup(BaseSpecRunner.java:279) [spock-core-0.7-groovy-2.0.jar:na]
	at org.spockframework.runtime.BaseSpecRunner.doRunIteration(BaseSpecRunner.java:255) [spock-core-0.7-groovy-2.0.jar:na]
	at sun.reflect.GeneratedMethodAccessor6.invoke(Unknown Source) ~[na:na]
	at sun.reflect.DelegatingMethodAccessorImpl.invoke(DelegatingMethodAccessorImpl.java:25) ~[na:1.6.0_38]
	at java.lang.reflect.Method.invoke(Method.java:597) ~[na:1.6.0_38]
	at org.spockframework.util.ReflectionUtil.invokeMethod(ReflectionUtil.java:138) [spock-core-0.7-groovy-2.0.jar:na]
	at org.spockframework.runtime.BaseSpecRunner.invokeRaw(BaseSpecRunner.java:330) [spock-core-0.7-groovy-2.0.jar:na]
	at org.spockframework.runtime.BaseSpecRunner.invoke(BaseSpecRunner.java:311) [spock-core-0.7-groovy-2.0.jar:na]
	at org.spockframework.runtime.BaseSpecRunner.runIteration(BaseSpecRunner.java:223) [spock-core-0.7-groovy-2.0.jar:na]
	at org.spockframework.runtime.BaseSpecRunner.initializeAndRunIteration(BaseSpecRunner.java:214) [spock-core-0.7-groovy-2.0.jar:na]
	at org.spockframework.runtime.BaseSpecRunner.runSimpleFeature(BaseSpecRunner.java:205) [spock-core-0.7-groovy-2.0.jar:na]
	at org.spockframework.runtime.BaseSpecRunner.doRunFeature(BaseSpecRunner.java:199) [spock-core-0.7-groovy-2.0.jar:na]
	at sun.reflect.GeneratedMethodAccessor7.invoke(Unknown Source) ~[na:na]
	at sun.reflect.DelegatingMethodAccessorImpl.invoke(DelegatingMethodAccessorImpl.java:25) ~[na:1.6.0_38]
	at java.lang.reflect.Method.invoke(Method.java:597) ~[na:1.6.0_38]
	at org.spockframework.util.ReflectionUtil.invokeMethod(ReflectionUtil.java:138) [spock-core-0.7-groovy-2.0.jar:na]
	at org.spockframework.runtime.BaseSpecRunner.invokeRaw(BaseSpecRunner.java:330) [spock-core-0.7-groovy-2.0.jar:na]
	at org.spockframework.runtime.BaseSpecRunner.invoke(BaseSpecRunner.java:311) [spock-core-0.7-groovy-2.0.jar:na]
	at org.spockframework.runtime.BaseSpecRunner.runFeature(BaseSpecRunner.java:175) [spock-core-0.7-groovy-2.0.jar:na]
	at org.spockframework.runtime.BaseSpecRunner.runFeatures(BaseSpecRunner.java:152) [spock-core-0.7-groovy-2.0.jar:na]
	at org.spockframework.runtime.BaseSpecRunner.doRunSpec(BaseSpecRunner.java:112) [spock-core-0.7-groovy-2.0.jar:na]
	at sun.reflect.NativeMethodAccessorImpl.invoke0(Native Method) ~[na:1.6.0_38]
	at sun.reflect.NativeMethodAccessorImpl.invoke(NativeMethodAccessorImpl.java:39) ~[na:1.6.0_38]
	at sun.reflect.DelegatingMethodAccessorImpl.invoke(DelegatingMethodAccessorImpl.java:25) ~[na:1.6.0_38]
	at java.lang.reflect.Method.invoke(Method.java:597) ~[na:1.6.0_38]
	at org.spockframework.util.ReflectionUtil.invokeMethod(ReflectionUtil.java:138) [spock-core-0.7-groovy-2.0.jar:na]
	at org.spockframework.runtime.BaseSpecRunner.invokeRaw(BaseSpecRunner.java:330) [spock-core-0.7-groovy-2.0.jar:na]
	at org.spockframework.runtime.BaseSpecRunner.invoke(BaseSpecRunner.java:311) [spock-core-0.7-groovy-2.0.jar:na]
	at org.spockframework.runtime.BaseSpecRunner.runSpec(BaseSpecRunner.java:91) [spock-core-0.7-groovy-2.0.jar:na]
	at org.spockframework.runtime.BaseSpecRunner.run(BaseSpecRunner.java:82) [spock-core-0.7-groovy-2.0.jar:na]
	at org.spockframework.runtime.Sputnik.run(Sputnik.java:63) [spock-core-0.7-groovy-2.0.jar:na]
	at org.apache.maven.surefire.junit4.JUnit4TestSet.execute(JUnit4TestSet.java:53) [surefire-junit4-2.10.jar:2.10]
	at org.apache.maven.surefire.junit4.JUnit4Provider.executeTestSet(JUnit4Provider.java:123) [surefire-junit4-2.10.jar:2.10]
	at org.apache.maven.surefire.junit4.JUnit4Provider.invoke(JUnit4Provider.java:104) [surefire-junit4-2.10.jar:2.10]
	at sun.reflect.NativeMethodAccessorImpl.invoke0(Native Method) ~[na:1.6.0_38]
	at sun.reflect.NativeMethodAccessorImpl.invoke(NativeMethodAccessorImpl.java:39) ~[na:1.6.0_38]
	at sun.reflect.DelegatingMethodAccessorImpl.invoke(DelegatingMethodAccessorImpl.java:25) ~[na:1.6.0_38]
	at java.lang.reflect.Method.invoke(Method.java:597) ~[na:1.6.0_38]
	at org.apache.maven.surefire.util.ReflectionUtils.invokeMethodWithArray(ReflectionUtils.java:164) [surefire-api-2.10.jar:2.10]
	at org.apache.maven.surefire.booter.ProviderFactory$ProviderProxy.invoke(ProviderFactory.java:110) [surefire-booter-2.10.jar:2.10]
	at org.apache.maven.surefire.booter.SurefireStarter.invokeProvider(SurefireStarter.java:175) [surefire-booter-2.10.jar:2.10]
	at org.apache.maven.surefire.booter.SurefireStarter.runSuitesInProcessWhenForked(SurefireStarter.java:107) [surefire-booter-2.10.jar:2.10]
	at org.apache.maven.surefire.booter.ForkedBooter.main(ForkedBooter.java:68) [surefire-booter-2.10.jar:2.10]
Caused by: org.springframework.beans.factory.BeanCreationException: Error creating bean with name &apos;adminResource&apos;: Injection of autowired dependencies failed; nested exception is org.springframework.beans.factory.BeanCreationException: Could not autowire field: private com.rackspace.search.service.JobService com.rackspace.search.endpoint.AdminResource.jobService; nested exception is org.springframework.beans.factory.CannotLoadBeanClassException: Cannot find class [com.rackspace.search.TestDatasource] for bean with name &apos;coreDataSource&apos; defined in class path resource [test-coreDbContext.xml]; nested exception is java.lang.ClassNotFoundException: com.rackspace.search.TestDatasource
	at org.springframework.beans.factory.annotation.AutowiredAnnotationBeanPostProcessor.postProcessPropertyValues(AutowiredAnnotationBeanPostProcessor.java:288) ~[spring-beans-3.0.6.RELEASE.jar:3.0.6.RELEASE]
	at org.springframework.beans.factory.support.AbstractAutowireCapableBeanFactory.populateBean(AbstractAutowireCapableBeanFactory.java:1074) ~[spring-beans-3.0.6.RELEASE.jar:3.0.6.RELEASE]
	at org.springframework.beans.factory.support.AbstractAutowireCapableBeanFactory.doCreateBean(AbstractAutowireCapableBeanFactory.java:517) ~[spring-beans-3.0.6.RELEASE.jar:3.0.6.RELEASE]
	at org.springframework.beans.factory.support.AbstractAutowireCapableBeanFactory.createBean(AbstractAutowireCapableBeanFactory.java:456) ~[spring-beans-3.0.6.RELEASE.jar:3.0.6.RELEASE]
	at org.springframework.beans.factory.support.AbstractBeanFactory$1.getObject(AbstractBeanFactory.java:293) ~[spring-beans-3.0.6.RELEASE.jar:3.0.6.RELEASE]
	at org.springframework.beans.factory.support.DefaultSingletonBeanRegistry.getSingleton(DefaultSingletonBeanRegistry.java:222) ~[spring-beans-3.0.6.RELEASE.jar:3.0.6.RELEASE]
	at org.springframework.beans.factory.support.AbstractBeanFactory.doGetBean(AbstractBeanFactory.java:290) ~[spring-beans-3.0.6.RELEASE.jar:3.0.6.RELEASE]
	at org.springframework.beans.factory.support.AbstractBeanFactory.getBean(AbstractBeanFactory.java:192) ~[spring-beans-3.0.6.RELEASE.jar:3.0.6.RELEASE]
	at org.springframework.beans.factory.support.DefaultListableBeanFactory.preInstantiateSingletons(DefaultListableBeanFactory.java:585) ~[spring-beans-3.0.6.RELEASE.jar:3.0.6.RELEASE]
	at org.springframework.context.support.AbstractApplicationContext.finishBeanFactoryInitialization(AbstractApplicationContext.java:895) ~[spring-context-3.0.6.RELEASE.jar:3.0.6.RELEASE]
	at org.springframework.context.support.AbstractApplicationContext.refresh(AbstractApplicationContext.java:425) ~[spring-context-3.0.6.RELEASE.jar:3.0.6.RELEASE]
	at org.springframework.test.context.support.AbstractGenericContextLoader.loadContext(AbstractGenericContextLoader.java:84) ~[spring-test-3.0.6.RELEASE.jar:3.0.6.RELEASE]
	at org.springframework.test.context.support.AbstractGenericContextLoader.loadContext(AbstractGenericContextLoader.java:1) ~[spring-test-3.0.6.RELEASE.jar:3.0.6.RELEASE]
	at org.springframework.test.context.TestContext.loadApplicationContext(TestContext.java:280) ~[spring-test-3.0.6.RELEASE.jar:3.0.6.RELEASE]
	at org.springframework.test.context.TestContext.getApplicationContext(TestContext.java:304) ~[spring-test-3.0.6.RELEASE.jar:3.0.6.RELEASE]
	... 51 common frames omitted
Caused by: org.springframework.beans.factory.BeanCreationException: Could not autowire field: private com.rackspace.search.service.JobService com.rackspace.search.endpoint.AdminResource.jobService; nested exception is org.springframework.beans.factory.CannotLoadBeanClassException: Cannot find class [com.rackspace.search.TestDatasource] for bean with name &apos;coreDataSource&apos; defined in class path resource [test-coreDbContext.xml]; nested exception is java.lang.ClassNotFoundException: com.rackspace.search.TestDatasource
	at org.springframework.beans.factory.annotation.AutowiredAnnotationBeanPostProcessor$AutowiredFieldElement.inject(AutowiredAnnotationBeanPostProcessor.java:508) ~[spring-beans-3.0.6.RELEASE.jar:3.0.6.RELEASE]
	at org.springframework.beans.factory.annotation.InjectionMetadata.inject(InjectionMetadata.java:84) ~[spring-beans-3.0.6.RELEASE.jar:3.0.6.RELEASE]
	at org.springframework.beans.factory.annotation.AutowiredAnnotationBeanPostProcessor.postProcessPropertyValues(AutowiredAnnotationBeanPostProcessor.java:285) ~[spring-beans-3.0.6.RELEASE.jar:3.0.6.RELEASE]
	... 65 common frames omitted
Caused by: org.springframework.beans.factory.CannotLoadBeanClassException: Cannot find class [com.rackspace.search.TestDatasource] for bean with name &apos;coreDataSource&apos; defined in class path resource [test-coreDbContext.xml]; nested exception is java.lang.ClassNotFoundException: com.rackspace.search.TestDatasource
	at org.springframework.beans.factory.support.AbstractBeanFactory.resolveBeanClass(AbstractBeanFactory.java:1261) ~[spring-beans-3.0.6.RELEASE.jar:3.0.6.RELEASE]
	at org.springframework.beans.factory.support.AbstractAutowireCapableBeanFactory.predictBeanType(AbstractAutowireCapableBeanFactory.java:576) ~[spring-beans-3.0.6.RELEASE.jar:3.0.6.RELEASE]
	at org.springframework.beans.factory.support.AbstractBeanFactory.isFactoryBean(AbstractBeanFactory.java:1330) ~[spring-beans-3.0.6.RELEASE.jar:3.0.6.RELEASE]
	at org.springframework.beans.factory.support.DefaultListableBeanFactory.getBeanNamesForType(DefaultListableBeanFactory.java:317) ~[spring-beans-3.0.6.RELEASE.jar:3.0.6.RELEASE]
	at org.springframework.beans.factory.BeanFactoryUtils.beanNamesForTypeIncludingAncestors(BeanFactoryUtils.java:185) ~[spring-beans-3.0.6.RELEASE.jar:3.0.6.RELEASE]
	at org.springframework.beans.factory.support.DefaultListableBeanFactory.findAutowireCandidates(DefaultListableBeanFactory.java:833) ~[spring-beans-3.0.6.RELEASE.jar:3.0.6.RELEASE]
	at org.springframework.beans.factory.support.DefaultListableBeanFactory.doResolveDependency(DefaultListableBeanFactory.java:790) ~[spring-beans-3.0.6.RELEASE.jar:3.0.6.RELEASE]
	at org.springframework.beans.factory.support.DefaultListableBeanFactory.resolveDependency(DefaultListableBeanFactory.java:707) ~[spring-beans-3.0.6.RELEASE.jar:3.0.6.RELEASE]
	at org.springframework.beans.factory.annotation.AutowiredAnnotationBeanPostProcessor$AutowiredFieldElement.inject(AutowiredAnnotationBeanPostProcessor.java:480) ~[spring-beans-3.0.6.RELEASE.jar:3.0.6.RELEASE]
	... 67 common frames omitted
Caused by: java.lang.ClassNotFoundException: com.rackspace.search.TestDatasource
	at java.net.URLClassLoader$1.run(URLClassLoader.java:202) ~[na:1.6.0_38]
	at java.security.AccessController.doPrivileged(Native Method) ~[na:1.6.0_38]
	at java.net.URLClassLoader.findClass(URLClassLoader.java:190) ~[na:1.6.0_38]
	at java.lang.ClassLoader.loadClass(ClassLoader.java:306) ~[na:1.6.0_38]
	at sun.misc.Launcher$AppClassLoader.loadClass(Launcher.java:301) ~[na:1.6.0_38]
	at java.lang.ClassLoader.loadClass(ClassLoader.java:247) ~[na:1.6.0_38]
	at org.springframework.util.ClassUtils.forName(ClassUtils.java:257) ~[spring-core-3.0.6.RELEASE.jar:3.0.6.RELEASE]
	at org.springframework.beans.factory.support.AbstractBeanDefinition.resolveBeanClass(AbstractBeanDefinition.java:408) ~[spring-beans-3.0.6.RELEASE.jar:3.0.6.RELEASE]
	at org.springframework.beans.factory.support.AbstractBeanFactory.doResolveBeanClass(AbstractBeanFactory.java:1282) ~[spring-beans-3.0.6.RELEASE.jar:3.0.6.RELEASE]
	at org.springframework.beans.factory.support.AbstractBeanFactory.resolveBeanClass(AbstractBeanFactory.java:1253) ~[spring-beans-3.0.6.RELEASE.jar:3.0.6.RELEASE]
	... 75 common frames omitted
</stdout>
          <failedSince>1</failedSince>
        </case>
        <case>
          <duration>0.083</duration>
          <className>com.rackspace.search.elasticsearch.client.ElasticSearchClientTest</className>
          <testName>test sort tickets for priority field without sorting order</testName>
          <skipped>false</skipped>
          <errorStackTrace>java.lang.NullPointerException: Cannot invoke method getClient() on null object
	at com.rackspace.search.elasticsearch.client.ElasticSearchClientTest.cleanup(ElasticSearchClientTest.groovy:84)
</errorStackTrace>
          <errorDetails>Cannot invoke method getClient() on null object</errorDetails>
          <failedSince>1</failedSince>
        </case>
      </cases>
    </suite>
    <suite>
      <file>/var/lib/jenkins/jobs/Samatha Fork/workspace/service/target/surefire-reports/TEST-com.rackspace.search.gateway.core.CoreAuthGatewayTest.xml</file>
      <name>com.rackspace.search.gateway.core.CoreAuthGatewayTest</name>
      <duration>0.0</duration>
      <cases>
        <case>
          <duration>0.0</duration>
          <className>com.rackspace.search.gateway.core.CoreAuthGatewayTest</className>
          <testName>should get authtoken</testName>
          <skipped>false</skipped>
          <failedSince>0</failedSince>
        </case>
        <case>
          <duration>0.0</duration>
          <className>com.rackspace.search.gateway.core.CoreAuthGatewayTest</className>
          <testName>should not call core when authtoken is valid</testName>
          <skipped>false</skipped>
          <failedSince>0</failedSince>
        </case>
      </cases>
    </suite>
    <suite>
      <file>/var/lib/jenkins/jobs/Samatha Fork/workspace/service/target/surefire-reports/TEST-com.rackspace.search.gateway.core.CoreTicketGatewayTest.xml</file>
      <name>com.rackspace.search.gateway.core.CoreTicketGatewayTest</name>
      <duration>0.239</duration>
      <cases>
        <case>
          <duration>0.0</duration>
          <className>com.rackspace.search.gateway.core.CoreTicketGatewayTest</className>
          <testName>should get tickets</testName>
          <skipped>false</skipped>
          <failedSince>0</failedSince>
        </case>
        <case>
          <duration>0.083</duration>
          <className>com.rackspace.search.gateway.core.CoreTicketGatewayTest</className>
          <testName>should get tickets -- session key expired</testName>
          <skipped>false</skipped>
          <failedSince>0</failedSince>
        </case>
        <case>
          <duration>0.0</duration>
          <className>com.rackspace.search.gateway.core.CoreTicketGatewayTest</className>
          <testName>get core tickets -- should throw exception</testName>
          <skipped>false</skipped>
          <failedSince>0</failedSince>
        </case>
        <case>
          <duration>0.0010</duration>
          <className>com.rackspace.search.gateway.core.CoreTicketGatewayTest</className>
          <testName>test for pagination and max tickets parameter</testName>
          <skipped>false</skipped>
          <failedSince>0</failedSince>
        </case>
        <case>
          <duration>0.155</duration>
          <className>com.rackspace.search.gateway.core.CoreTicketGatewayTest</className>
          <testName>get Core Tickets for CoreTicketOnGoingSync</testName>
          <skipped>false</skipped>
          <failedSince>0</failedSince>
        </case>
        <case>
          <duration>0.0</duration>
          <className>com.rackspace.search.gateway.core.CoreTicketGatewayTest</className>
          <testName>get core tickets for OnGoingSync -- should throw exception</testName>
          <skipped>false</skipped>
          <failedSince>0</failedSince>
        </case>
      </cases>
    </suite>
    <suite>
      <file>/var/lib/jenkins/jobs/Samatha Fork/workspace/service/target/surefire-reports/TEST-com.rackspace.search.service.JobServiceTest.xml</file>
      <name>com.rackspace.search.service.JobServiceTest</name>
      <duration>5.191</duration>
      <cases>
        <case>
          <duration>1.707</duration>
          <className>com.rackspace.search.service.JobServiceTest</className>
          <testName>should get scheduled job details</testName>
          <skipped>false</skipped>
          <errorStackTrace>java.lang.IllegalStateException: Failed to load ApplicationContext
	at org.springframework.test.context.TestContext.getApplicationContext(TestContext.java:308)
	at org.springframework.test.context.support.DependencyInjectionTestExecutionListener.injectDependencies(DependencyInjectionTestExecutionListener.java:109)
	at org.springframework.test.context.support.DependencyInjectionTestExecutionListener.prepareTestInstance(DependencyInjectionTestExecutionListener.java:75)
	at org.springframework.test.context.TestContextManager.prepareTestInstance(TestContextManager.java:321)
	at org.spockframework.spring.SpringTestContextManager.prepareTestInstance(SpringTestContextManager.java:49)
	at org.spockframework.spring.SpringInterceptor.interceptSetupMethod(SpringInterceptor.java:42)
	at org.spockframework.runtime.extension.AbstractMethodInterceptor.intercept(AbstractMethodInterceptor.java:28)
	at org.spockframework.runtime.extension.MethodInvocation.proceed(MethodInvocation.java:84)
	at org.spockframework.util.ReflectionUtil.invokeMethod(ReflectionUtil.java:138)
	at org.spockframework.util.ReflectionUtil.invokeMethod(ReflectionUtil.java:138)
	at org.spockframework.util.ReflectionUtil.invokeMethod(ReflectionUtil.java:138)
	at org.apache.maven.surefire.junit4.JUnit4TestSet.execute(JUnit4TestSet.java:53)
	at org.apache.maven.surefire.junit4.JUnit4Provider.executeTestSet(JUnit4Provider.java:123)
	at org.apache.maven.surefire.junit4.JUnit4Provider.invoke(JUnit4Provider.java:104)
	at org.apache.maven.surefire.util.ReflectionUtils.invokeMethodWithArray(ReflectionUtils.java:164)
	at org.apache.maven.surefire.booter.ProviderFactory$ProviderProxy.invoke(ProviderFactory.java:110)
	at org.apache.maven.surefire.booter.SurefireStarter.invokeProvider(SurefireStarter.java:175)
	at org.apache.maven.surefire.booter.SurefireStarter.runSuitesInProcessWhenForked(SurefireStarter.java:107)
	at org.apache.maven.surefire.booter.ForkedBooter.main(ForkedBooter.java:68)
Caused by: org.springframework.beans.factory.BeanCreationException: Error creating bean with name &apos;adminResource&apos;: Injection of autowired dependencies failed; nested exception is org.springframework.beans.factory.BeanCreationException: Could not autowire field: private com.rackspace.search.service.JobService com.rackspace.search.endpoint.AdminResource.jobService; nested exception is org.springframework.beans.factory.CannotLoadBeanClassException: Cannot find class [com.rackspace.search.TestDatasource] for bean with name &apos;coreDataSource&apos; defined in class path resource [test-coreDbContext.xml]; nested exception is java.lang.ClassNotFoundException: com.rackspace.search.TestDatasource
	at org.springframework.beans.factory.annotation.AutowiredAnnotationBeanPostProcessor.postProcessPropertyValues(AutowiredAnnotationBeanPostProcessor.java:288)
	at org.springframework.beans.factory.support.AbstractAutowireCapableBeanFactory.populateBean(AbstractAutowireCapableBeanFactory.java:1074)
	at org.springframework.beans.factory.support.AbstractAutowireCapableBeanFactory.doCreateBean(AbstractAutowireCapableBeanFactory.java:517)
	at org.springframework.beans.factory.support.AbstractAutowireCapableBeanFactory.createBean(AbstractAutowireCapableBeanFactory.java:456)
	at org.springframework.beans.factory.support.AbstractBeanFactory$1.getObject(AbstractBeanFactory.java:293)
	at org.springframework.beans.factory.support.DefaultSingletonBeanRegistry.getSingleton(DefaultSingletonBeanRegistry.java:222)
	at org.springframework.beans.factory.support.AbstractBeanFactory.doGetBean(AbstractBeanFactory.java:290)
	at org.springframework.beans.factory.support.AbstractBeanFactory.getBean(AbstractBeanFactory.java:192)
	at org.springframework.beans.factory.support.DefaultListableBeanFactory.preInstantiateSingletons(DefaultListableBeanFactory.java:585)
	at org.springframework.context.support.AbstractApplicationContext.finishBeanFactoryInitialization(AbstractApplicationContext.java:895)
	at org.springframework.context.support.AbstractApplicationContext.refresh(AbstractApplicationContext.java:425)
	at org.springframework.test.context.support.AbstractGenericContextLoader.loadContext(AbstractGenericContextLoader.java:84)
	at org.springframework.test.context.support.AbstractGenericContextLoader.loadContext(AbstractGenericContextLoader.java:1)
	at org.springframework.test.context.TestContext.loadApplicationContext(TestContext.java:280)
	at org.springframework.test.context.TestContext.getApplicationContext(TestContext.java:304)
	... 18 more
Caused by: org.springframework.beans.factory.BeanCreationException: Could not autowire field: private com.rackspace.search.service.JobService com.rackspace.search.endpoint.AdminResource.jobService; nested exception is org.springframework.beans.factory.CannotLoadBeanClassException: Cannot find class [com.rackspace.search.TestDatasource] for bean with name &apos;coreDataSource&apos; defined in class path resource [test-coreDbContext.xml]; nested exception is java.lang.ClassNotFoundException: com.rackspace.search.TestDatasource
	at org.springframework.beans.factory.annotation.AutowiredAnnotationBeanPostProcessor$AutowiredFieldElement.inject(AutowiredAnnotationBeanPostProcessor.java:508)
	at org.springframework.beans.factory.annotation.InjectionMetadata.inject(InjectionMetadata.java:84)
	at org.springframework.beans.factory.annotation.AutowiredAnnotationBeanPostProcessor.postProcessPropertyValues(AutowiredAnnotationBeanPostProcessor.java:285)
	... 32 more
Caused by: org.springframework.beans.factory.CannotLoadBeanClassException: Cannot find class [com.rackspace.search.TestDatasource] for bean with name &apos;coreDataSource&apos; defined in class path resource [test-coreDbContext.xml]; nested exception is java.lang.ClassNotFoundException: com.rackspace.search.TestDatasource
	at org.springframework.beans.factory.support.AbstractBeanFactory.resolveBeanClass(AbstractBeanFactory.java:1261)
	at org.springframework.beans.factory.support.AbstractAutowireCapableBeanFactory.predictBeanType(AbstractAutowireCapableBeanFactory.java:576)
	at org.springframework.beans.factory.support.AbstractBeanFactory.isFactoryBean(AbstractBeanFactory.java:1330)
	at org.springframework.beans.factory.support.DefaultListableBeanFactory.getBeanNamesForType(DefaultListableBeanFactory.java:317)
	at org.springframework.beans.factory.BeanFactoryUtils.beanNamesForTypeIncludingAncestors(BeanFactoryUtils.java:185)
	at org.springframework.beans.factory.support.DefaultListableBeanFactory.findAutowireCandidates(DefaultListableBeanFactory.java:833)
	at org.springframework.beans.factory.support.DefaultListableBeanFactory.doResolveDependency(DefaultListableBeanFactory.java:790)
	at org.springframework.beans.factory.support.DefaultListableBeanFactory.resolveDependency(DefaultListableBeanFactory.java:707)
	at org.springframework.beans.factory.annotation.AutowiredAnnotationBeanPostProcessor$AutowiredFieldElement.inject(AutowiredAnnotationBeanPostProcessor.java:480)
	... 34 more
Caused by: java.lang.ClassNotFoundException: com.rackspace.search.TestDatasource
	at java.net.URLClassLoader$1.run(URLClassLoader.java:202)
	at java.net.URLClassLoader.findClass(URLClassLoader.java:190)
	at java.lang.ClassLoader.loadClass(ClassLoader.java:306)
	at sun.misc.Launcher$AppClassLoader.loadClass(Launcher.java:301)
	at java.lang.ClassLoader.loadClass(ClassLoader.java:247)
	at org.springframework.util.ClassUtils.forName(ClassUtils.java:257)
	at org.springframework.beans.factory.support.AbstractBeanDefinition.resolveBeanClass(AbstractBeanDefinition.java:408)
	at org.springframework.beans.factory.support.AbstractBeanFactory.doResolveBeanClass(AbstractBeanFactory.java:1282)
	at org.springframework.beans.factory.support.AbstractBeanFactory.resolveBeanClass(AbstractBeanFactory.java:1253)
	... 42 more
</errorStackTrace>
          <errorDetails>Failed to load ApplicationContext</errorDetails>
          <stdout>16:31:18.434 [main] INFO  c.r.s.common.property.PropertyProvider - Loading properties file from file [/var/lib/jenkins/jobs/Samatha Fork/workspace/service/target/properties/local/search.properties]
16:31:18.438 [main] INFO  c.r.s.common.property.PropertyProvider - Loading properties file from file [/var/lib/jenkins/jobs/Samatha Fork/workspace/service/target/properties/local/search.secrets.properties]
16:31:18.439 [main] INFO  c.r.s.common.property.PropertyProvider - Loading properties file from file [/var/lib/jenkins/jobs/Samatha Fork/workspace/service/target/properties/local/elasticsearch.properties]
16:31:18.557 [main] ERROR o.s.test.context.TestContextManager - Caught exception while allowing TestExecutionListener [org.springframework.test.context.support.DependencyInjectionTestExecutionListener@6eef4599] to prepare test instance [com.rackspace.search.service.JobServiceTest@1ec278b5]
java.lang.IllegalStateException: Failed to load ApplicationContext
	at org.springframework.test.context.TestContext.getApplicationContext(TestContext.java:308) ~[spring-test-3.0.6.RELEASE.jar:3.0.6.RELEASE]
	at org.springframework.test.context.support.DependencyInjectionTestExecutionListener.injectDependencies(DependencyInjectionTestExecutionListener.java:109) ~[spring-test-3.0.6.RELEASE.jar:3.0.6.RELEASE]
	at org.springframework.test.context.support.DependencyInjectionTestExecutionListener.prepareTestInstance(DependencyInjectionTestExecutionListener.java:75) ~[spring-test-3.0.6.RELEASE.jar:3.0.6.RELEASE]
	at org.springframework.test.context.TestContextManager.prepareTestInstance(TestContextManager.java:321) ~[spring-test-3.0.6.RELEASE.jar:3.0.6.RELEASE]
	at org.spockframework.spring.SpringTestContextManager.prepareTestInstance(SpringTestContextManager.java:49) [spock-spring-0.7-groovy-2.0.jar:na]
	at org.spockframework.spring.SpringInterceptor.interceptSetupMethod(SpringInterceptor.java:42) [spock-spring-0.7-groovy-2.0.jar:na]
	at org.spockframework.runtime.extension.AbstractMethodInterceptor.intercept(AbstractMethodInterceptor.java:28) [spock-core-0.7-groovy-2.0.jar:na]
	at org.spockframework.runtime.extension.MethodInvocation.proceed(MethodInvocation.java:84) [spock-core-0.7-groovy-2.0.jar:na]
	at org.spockframework.runtime.BaseSpecRunner.invoke(BaseSpecRunner.java:319) [spock-core-0.7-groovy-2.0.jar:na]
	at org.spockframework.runtime.BaseSpecRunner.invokeSetup(BaseSpecRunner.java:279) [spock-core-0.7-groovy-2.0.jar:na]
	at org.spockframework.runtime.BaseSpecRunner.doRunIteration(BaseSpecRunner.java:255) [spock-core-0.7-groovy-2.0.jar:na]
	at sun.reflect.NativeMethodAccessorImpl.invoke0(Native Method) ~[na:1.6.0_38]
	at sun.reflect.NativeMethodAccessorImpl.invoke(NativeMethodAccessorImpl.java:39) ~[na:1.6.0_38]
	at sun.reflect.DelegatingMethodAccessorImpl.invoke(DelegatingMethodAccessorImpl.java:25) ~[na:1.6.0_38]
	at java.lang.reflect.Method.invoke(Method.java:597) ~[na:1.6.0_38]
	at org.spockframework.util.ReflectionUtil.invokeMethod(ReflectionUtil.java:138) [spock-core-0.7-groovy-2.0.jar:na]
	at org.spockframework.runtime.BaseSpecRunner.invokeRaw(BaseSpecRunner.java:330) [spock-core-0.7-groovy-2.0.jar:na]
	at org.spockframework.runtime.BaseSpecRunner.invoke(BaseSpecRunner.java:311) [spock-core-0.7-groovy-2.0.jar:na]
	at org.spockframework.runtime.BaseSpecRunner.runIteration(BaseSpecRunner.java:223) [spock-core-0.7-groovy-2.0.jar:na]
	at org.spockframework.runtime.BaseSpecRunner.initializeAndRunIteration(BaseSpecRunner.java:214) [spock-core-0.7-groovy-2.0.jar:na]
	at org.spockframework.runtime.BaseSpecRunner.runSimpleFeature(BaseSpecRunner.java:205) [spock-core-0.7-groovy-2.0.jar:na]
	at org.spockframework.runtime.BaseSpecRunner.doRunFeature(BaseSpecRunner.java:199) [spock-core-0.7-groovy-2.0.jar:na]
	at sun.reflect.NativeMethodAccessorImpl.invoke0(Native Method) ~[na:1.6.0_38]
	at sun.reflect.NativeMethodAccessorImpl.invoke(NativeMethodAccessorImpl.java:39) ~[na:1.6.0_38]
	at sun.reflect.DelegatingMethodAccessorImpl.invoke(DelegatingMethodAccessorImpl.java:25) ~[na:1.6.0_38]
	at java.lang.reflect.Method.invoke(Method.java:597) ~[na:1.6.0_38]
	at org.spockframework.util.ReflectionUtil.invokeMethod(ReflectionUtil.java:138) [spock-core-0.7-groovy-2.0.jar:na]
	at org.spockframework.runtime.BaseSpecRunner.invokeRaw(BaseSpecRunner.java:330) [spock-core-0.7-groovy-2.0.jar:na]
	at org.spockframework.runtime.BaseSpecRunner.invoke(BaseSpecRunner.java:311) [spock-core-0.7-groovy-2.0.jar:na]
	at org.spockframework.runtime.BaseSpecRunner.runFeature(BaseSpecRunner.java:175) [spock-core-0.7-groovy-2.0.jar:na]
	at org.spockframework.runtime.BaseSpecRunner.runFeatures(BaseSpecRunner.java:152) [spock-core-0.7-groovy-2.0.jar:na]
	at org.spockframework.runtime.BaseSpecRunner.doRunSpec(BaseSpecRunner.java:112) [spock-core-0.7-groovy-2.0.jar:na]
	at sun.reflect.NativeMethodAccessorImpl.invoke0(Native Method) ~[na:1.6.0_38]
	at sun.reflect.NativeMethodAccessorImpl.invoke(NativeMethodAccessorImpl.java:39) ~[na:1.6.0_38]
	at sun.reflect.DelegatingMethodAccessorImpl.invoke(DelegatingMethodAccessorImpl.java:25) ~[na:1.6.0_38]
	at java.lang.reflect.Method.invoke(Method.java:597) ~[na:1.6.0_38]
	at org.spockframework.util.ReflectionUtil.invokeMethod(ReflectionUtil.java:138) [spock-core-0.7-groovy-2.0.jar:na]
	at org.spockframework.runtime.BaseSpecRunner.invokeRaw(BaseSpecRunner.java:330) [spock-core-0.7-groovy-2.0.jar:na]
	at org.spockframework.runtime.BaseSpecRunner.invoke(BaseSpecRunner.java:311) [spock-core-0.7-groovy-2.0.jar:na]
	at org.spockframework.runtime.BaseSpecRunner.runSpec(BaseSpecRunner.java:91) [spock-core-0.7-groovy-2.0.jar:na]
	at org.spockframework.runtime.BaseSpecRunner.run(BaseSpecRunner.java:82) [spock-core-0.7-groovy-2.0.jar:na]
	at org.spockframework.runtime.Sputnik.run(Sputnik.java:63) [spock-core-0.7-groovy-2.0.jar:na]
	at org.apache.maven.surefire.junit4.JUnit4TestSet.execute(JUnit4TestSet.java:53) [surefire-junit4-2.10.jar:2.10]
	at org.apache.maven.surefire.junit4.JUnit4Provider.executeTestSet(JUnit4Provider.java:123) [surefire-junit4-2.10.jar:2.10]
	at org.apache.maven.surefire.junit4.JUnit4Provider.invoke(JUnit4Provider.java:104) [surefire-junit4-2.10.jar:2.10]
	at sun.reflect.NativeMethodAccessorImpl.invoke0(Native Method) ~[na:1.6.0_38]
	at sun.reflect.NativeMethodAccessorImpl.invoke(NativeMethodAccessorImpl.java:39) ~[na:1.6.0_38]
	at sun.reflect.DelegatingMethodAccessorImpl.invoke(DelegatingMethodAccessorImpl.java:25) ~[na:1.6.0_38]
	at java.lang.reflect.Method.invoke(Method.java:597) ~[na:1.6.0_38]
	at org.apache.maven.surefire.util.ReflectionUtils.invokeMethodWithArray(ReflectionUtils.java:164) [surefire-api-2.10.jar:2.10]
	at org.apache.maven.surefire.booter.ProviderFactory$ProviderProxy.invoke(ProviderFactory.java:110) [surefire-booter-2.10.jar:2.10]
	at org.apache.maven.surefire.booter.SurefireStarter.invokeProvider(SurefireStarter.java:175) [surefire-booter-2.10.jar:2.10]
	at org.apache.maven.surefire.booter.SurefireStarter.runSuitesInProcessWhenForked(SurefireStarter.java:107) [surefire-booter-2.10.jar:2.10]
	at org.apache.maven.surefire.booter.ForkedBooter.main(ForkedBooter.java:68) [surefire-booter-2.10.jar:2.10]
Caused by: org.springframework.beans.factory.BeanCreationException: Error creating bean with name &apos;adminResource&apos;: Injection of autowired dependencies failed; nested exception is org.springframework.beans.factory.BeanCreationException: Could not autowire field: private com.rackspace.search.service.JobService com.rackspace.search.endpoint.AdminResource.jobService; nested exception is org.springframework.beans.factory.CannotLoadBeanClassException: Cannot find class [com.rackspace.search.TestDatasource] for bean with name &apos;coreDataSource&apos; defined in class path resource [test-coreDbContext.xml]; nested exception is java.lang.ClassNotFoundException: com.rackspace.search.TestDatasource
	at org.springframework.beans.factory.annotation.AutowiredAnnotationBeanPostProcessor.postProcessPropertyValues(AutowiredAnnotationBeanPostProcessor.java:288) ~[spring-beans-3.0.6.RELEASE.jar:3.0.6.RELEASE]
	at org.springframework.beans.factory.support.AbstractAutowireCapableBeanFactory.populateBean(AbstractAutowireCapableBeanFactory.java:1074) ~[spring-beans-3.0.6.RELEASE.jar:3.0.6.RELEASE]
	at org.springframework.beans.factory.support.AbstractAutowireCapableBeanFactory.doCreateBean(AbstractAutowireCapableBeanFactory.java:517) ~[spring-beans-3.0.6.RELEASE.jar:3.0.6.RELEASE]
	at org.springframework.beans.factory.support.AbstractAutowireCapableBeanFactory.createBean(AbstractAutowireCapableBeanFactory.java:456) ~[spring-beans-3.0.6.RELEASE.jar:3.0.6.RELEASE]
	at org.springframework.beans.factory.support.AbstractBeanFactory$1.getObject(AbstractBeanFactory.java:293) ~[spring-beans-3.0.6.RELEASE.jar:3.0.6.RELEASE]
	at org.springframework.beans.factory.support.DefaultSingletonBeanRegistry.getSingleton(DefaultSingletonBeanRegistry.java:222) ~[spring-beans-3.0.6.RELEASE.jar:3.0.6.RELEASE]
	at org.springframework.beans.factory.support.AbstractBeanFactory.doGetBean(AbstractBeanFactory.java:290) ~[spring-beans-3.0.6.RELEASE.jar:3.0.6.RELEASE]
	at org.springframework.beans.factory.support.AbstractBeanFactory.getBean(AbstractBeanFactory.java:192) ~[spring-beans-3.0.6.RELEASE.jar:3.0.6.RELEASE]
	at org.springframework.beans.factory.support.DefaultListableBeanFactory.preInstantiateSingletons(DefaultListableBeanFactory.java:585) ~[spring-beans-3.0.6.RELEASE.jar:3.0.6.RELEASE]
	at org.springframework.context.support.AbstractApplicationContext.finishBeanFactoryInitialization(AbstractApplicationContext.java:895) ~[spring-context-3.0.6.RELEASE.jar:3.0.6.RELEASE]
	at org.springframework.context.support.AbstractApplicationContext.refresh(AbstractApplicationContext.java:425) ~[spring-context-3.0.6.RELEASE.jar:3.0.6.RELEASE]
	at org.springframework.test.context.support.AbstractGenericContextLoader.loadContext(AbstractGenericContextLoader.java:84) ~[spring-test-3.0.6.RELEASE.jar:3.0.6.RELEASE]
	at org.springframework.test.context.support.AbstractGenericContextLoader.loadContext(AbstractGenericContextLoader.java:1) ~[spring-test-3.0.6.RELEASE.jar:3.0.6.RELEASE]
	at org.springframework.test.context.TestContext.loadApplicationContext(TestContext.java:280) ~[spring-test-3.0.6.RELEASE.jar:3.0.6.RELEASE]
	at org.springframework.test.context.TestContext.getApplicationContext(TestContext.java:304) ~[spring-test-3.0.6.RELEASE.jar:3.0.6.RELEASE]
	... 53 common frames omitted
Caused by: org.springframework.beans.factory.BeanCreationException: Could not autowire field: private com.rackspace.search.service.JobService com.rackspace.search.endpoint.AdminResource.jobService; nested exception is org.springframework.beans.factory.CannotLoadBeanClassException: Cannot find class [com.rackspace.search.TestDatasource] for bean with name &apos;coreDataSource&apos; defined in class path resource [test-coreDbContext.xml]; nested exception is java.lang.ClassNotFoundException: com.rackspace.search.TestDatasource
	at org.springframework.beans.factory.annotation.AutowiredAnnotationBeanPostProcessor$AutowiredFieldElement.inject(AutowiredAnnotationBeanPostProcessor.java:508) ~[spring-beans-3.0.6.RELEASE.jar:3.0.6.RELEASE]
	at org.springframework.beans.factory.annotation.InjectionMetadata.inject(InjectionMetadata.java:84) ~[spring-beans-3.0.6.RELEASE.jar:3.0.6.RELEASE]
	at org.springframework.beans.factory.annotation.AutowiredAnnotationBeanPostProcessor.postProcessPropertyValues(AutowiredAnnotationBeanPostProcessor.java:285) ~[spring-beans-3.0.6.RELEASE.jar:3.0.6.RELEASE]
	... 67 common frames omitted
Caused by: org.springframework.beans.factory.CannotLoadBeanClassException: Cannot find class [com.rackspace.search.TestDatasource] for bean with name &apos;coreDataSource&apos; defined in class path resource [test-coreDbContext.xml]; nested exception is java.lang.ClassNotFoundException: com.rackspace.search.TestDatasource
	at org.springframework.beans.factory.support.AbstractBeanFactory.resolveBeanClass(AbstractBeanFactory.java:1261) ~[spring-beans-3.0.6.RELEASE.jar:3.0.6.RELEASE]
	at org.springframework.beans.factory.support.AbstractAutowireCapableBeanFactory.predictBeanType(AbstractAutowireCapableBeanFactory.java:576) ~[spring-beans-3.0.6.RELEASE.jar:3.0.6.RELEASE]
	at org.springframework.beans.factory.support.AbstractBeanFactory.isFactoryBean(AbstractBeanFactory.java:1330) ~[spring-beans-3.0.6.RELEASE.jar:3.0.6.RELEASE]
	at org.springframework.beans.factory.support.DefaultListableBeanFactory.getBeanNamesForType(DefaultListableBeanFactory.java:317) ~[spring-beans-3.0.6.RELEASE.jar:3.0.6.RELEASE]
	at org.springframework.beans.factory.BeanFactoryUtils.beanNamesForTypeIncludingAncestors(BeanFactoryUtils.java:185) ~[spring-beans-3.0.6.RELEASE.jar:3.0.6.RELEASE]
	at org.springframework.beans.factory.support.DefaultListableBeanFactory.findAutowireCandidates(DefaultListableBeanFactory.java:833) ~[spring-beans-3.0.6.RELEASE.jar:3.0.6.RELEASE]
	at org.springframework.beans.factory.support.DefaultListableBeanFactory.doResolveDependency(DefaultListableBeanFactory.java:790) ~[spring-beans-3.0.6.RELEASE.jar:3.0.6.RELEASE]
	at org.springframework.beans.factory.support.DefaultListableBeanFactory.resolveDependency(DefaultListableBeanFactory.java:707) ~[spring-beans-3.0.6.RELEASE.jar:3.0.6.RELEASE]
	at org.springframework.beans.factory.annotation.AutowiredAnnotationBeanPostProcessor$AutowiredFieldElement.inject(AutowiredAnnotationBeanPostProcessor.java:480) ~[spring-beans-3.0.6.RELEASE.jar:3.0.6.RELEASE]
	... 69 common frames omitted
Caused by: java.lang.ClassNotFoundException: com.rackspace.search.TestDatasource
	at java.net.URLClassLoader$1.run(URLClassLoader.java:202) ~[na:1.6.0_38]
	at java.security.AccessController.doPrivileged(Native Method) ~[na:1.6.0_38]
	at java.net.URLClassLoader.findClass(URLClassLoader.java:190) ~[na:1.6.0_38]
	at java.lang.ClassLoader.loadClass(ClassLoader.java:306) ~[na:1.6.0_38]
	at sun.misc.Launcher$AppClassLoader.loadClass(Launcher.java:301) ~[na:1.6.0_38]
	at java.lang.ClassLoader.loadClass(ClassLoader.java:247) ~[na:1.6.0_38]
	at org.springframework.util.ClassUtils.forName(ClassUtils.java:257) ~[spring-core-3.0.6.RELEASE.jar:3.0.6.RELEASE]
	at org.springframework.beans.factory.support.AbstractBeanDefinition.resolveBeanClass(AbstractBeanDefinition.java:408) ~[spring-beans-3.0.6.RELEASE.jar:3.0.6.RELEASE]
	at org.springframework.beans.factory.support.AbstractBeanFactory.doResolveBeanClass(AbstractBeanFactory.java:1282) ~[spring-beans-3.0.6.RELEASE.jar:3.0.6.RELEASE]
	at org.springframework.beans.factory.support.AbstractBeanFactory.resolveBeanClass(AbstractBeanFactory.java:1253) ~[spring-beans-3.0.6.RELEASE.jar:3.0.6.RELEASE]
	... 77 common frames omitted
</stdout>
          <failedSince>1</failedSince>
        </case>
        <case>
          <duration>1.708</duration>
          <className>com.rackspace.search.service.JobServiceTest</className>
          <testName>should get scheduled job details</testName>
          <skipped>false</skipped>
          <errorStackTrace>java.lang.NullPointerException
	at com.rackspace.search.service.JobServiceTest.cleanup(JobServiceTest.groovy:32)
</errorStackTrace>
          <failedSince>1</failedSince>
        </case>
        <case>
          <duration>0.677</duration>
          <className>com.rackspace.search.service.JobServiceTest</className>
          <testName>should return null If job is not exist</testName>
          <skipped>false</skipped>
          <errorStackTrace>java.lang.IllegalStateException: Failed to load ApplicationContext
	at org.springframework.test.context.TestContext.getApplicationContext(TestContext.java:308)
	at org.springframework.test.context.support.DependencyInjectionTestExecutionListener.injectDependencies(DependencyInjectionTestExecutionListener.java:109)
	at org.springframework.test.context.support.DependencyInjectionTestExecutionListener.prepareTestInstance(DependencyInjectionTestExecutionListener.java:75)
	at org.springframework.test.context.TestContextManager.prepareTestInstance(TestContextManager.java:321)
	at org.spockframework.spring.SpringTestContextManager.prepareTestInstance(SpringTestContextManager.java:49)
	at org.spockframework.spring.SpringInterceptor.interceptSetupMethod(SpringInterceptor.java:42)
	at org.spockframework.runtime.extension.AbstractMethodInterceptor.intercept(AbstractMethodInterceptor.java:28)
	at org.spockframework.runtime.extension.MethodInvocation.proceed(MethodInvocation.java:84)
	at org.spockframework.util.ReflectionUtil.invokeMethod(ReflectionUtil.java:138)
	at org.spockframework.util.ReflectionUtil.invokeMethod(ReflectionUtil.java:138)
	at org.spockframework.util.ReflectionUtil.invokeMethod(ReflectionUtil.java:138)
	at org.apache.maven.surefire.junit4.JUnit4TestSet.execute(JUnit4TestSet.java:53)
	at org.apache.maven.surefire.junit4.JUnit4Provider.executeTestSet(JUnit4Provider.java:123)
	at org.apache.maven.surefire.junit4.JUnit4Provider.invoke(JUnit4Provider.java:104)
	at org.apache.maven.surefire.util.ReflectionUtils.invokeMethodWithArray(ReflectionUtils.java:164)
	at org.apache.maven.surefire.booter.ProviderFactory$ProviderProxy.invoke(ProviderFactory.java:110)
	at org.apache.maven.surefire.booter.SurefireStarter.invokeProvider(SurefireStarter.java:175)
	at org.apache.maven.surefire.booter.SurefireStarter.runSuitesInProcessWhenForked(SurefireStarter.java:107)
	at org.apache.maven.surefire.booter.ForkedBooter.main(ForkedBooter.java:68)
Caused by: org.springframework.beans.factory.BeanCreationException: Error creating bean with name &apos;adminResource&apos;: Injection of autowired dependencies failed; nested exception is org.springframework.beans.factory.BeanCreationException: Could not autowire field: private com.rackspace.search.service.JobService com.rackspace.search.endpoint.AdminResource.jobService; nested exception is org.springframework.beans.factory.CannotLoadBeanClassException: Cannot find class [com.rackspace.search.TestDatasource] for bean with name &apos;coreDataSource&apos; defined in class path resource [test-coreDbContext.xml]; nested exception is java.lang.ClassNotFoundException: com.rackspace.search.TestDatasource
	at org.springframework.beans.factory.annotation.AutowiredAnnotationBeanPostProcessor.postProcessPropertyValues(AutowiredAnnotationBeanPostProcessor.java:288)
	at org.springframework.beans.factory.support.AbstractAutowireCapableBeanFactory.populateBean(AbstractAutowireCapableBeanFactory.java:1074)
	at org.springframework.beans.factory.support.AbstractAutowireCapableBeanFactory.doCreateBean(AbstractAutowireCapableBeanFactory.java:517)
	at org.springframework.beans.factory.support.AbstractAutowireCapableBeanFactory.createBean(AbstractAutowireCapableBeanFactory.java:456)
	at org.springframework.beans.factory.support.AbstractBeanFactory$1.getObject(AbstractBeanFactory.java:293)
	at org.springframework.beans.factory.support.DefaultSingletonBeanRegistry.getSingleton(DefaultSingletonBeanRegistry.java:222)
	at org.springframework.beans.factory.support.AbstractBeanFactory.doGetBean(AbstractBeanFactory.java:290)
	at org.springframework.beans.factory.support.AbstractBeanFactory.getBean(AbstractBeanFactory.java:192)
	at org.springframework.beans.factory.support.DefaultListableBeanFactory.preInstantiateSingletons(DefaultListableBeanFactory.java:585)
	at org.springframework.context.support.AbstractApplicationContext.finishBeanFactoryInitialization(AbstractApplicationContext.java:895)
	at org.springframework.context.support.AbstractApplicationContext.refresh(AbstractApplicationContext.java:425)
	at org.springframework.test.context.support.AbstractGenericContextLoader.loadContext(AbstractGenericContextLoader.java:84)
	at org.springframework.test.context.support.AbstractGenericContextLoader.loadContext(AbstractGenericContextLoader.java:1)
	at org.springframework.test.context.TestContext.loadApplicationContext(TestContext.java:280)
	at org.springframework.test.context.TestContext.getApplicationContext(TestContext.java:304)
	... 18 more
Caused by: org.springframework.beans.factory.BeanCreationException: Could not autowire field: private com.rackspace.search.service.JobService com.rackspace.search.endpoint.AdminResource.jobService; nested exception is org.springframework.beans.factory.CannotLoadBeanClassException: Cannot find class [com.rackspace.search.TestDatasource] for bean with name &apos;coreDataSource&apos; defined in class path resource [test-coreDbContext.xml]; nested exception is java.lang.ClassNotFoundException: com.rackspace.search.TestDatasource
	at org.springframework.beans.factory.annotation.AutowiredAnnotationBeanPostProcessor$AutowiredFieldElement.inject(AutowiredAnnotationBeanPostProcessor.java:508)
	at org.springframework.beans.factory.annotation.InjectionMetadata.inject(InjectionMetadata.java:84)
	at org.springframework.beans.factory.annotation.AutowiredAnnotationBeanPostProcessor.postProcessPropertyValues(AutowiredAnnotationBeanPostProcessor.java:285)
	... 32 more
Caused by: org.springframework.beans.factory.CannotLoadBeanClassException: Cannot find class [com.rackspace.search.TestDatasource] for bean with name &apos;coreDataSource&apos; defined in class path resource [test-coreDbContext.xml]; nested exception is java.lang.ClassNotFoundException: com.rackspace.search.TestDatasource
	at org.springframework.beans.factory.support.AbstractBeanFactory.resolveBeanClass(AbstractBeanFactory.java:1261)
	at org.springframework.beans.factory.support.AbstractAutowireCapableBeanFactory.predictBeanType(AbstractAutowireCapableBeanFactory.java:576)
	at org.springframework.beans.factory.support.AbstractBeanFactory.isFactoryBean(AbstractBeanFactory.java:1330)
	at org.springframework.beans.factory.support.DefaultListableBeanFactory.getBeanNamesForType(DefaultListableBeanFactory.java:317)
	at org.springframework.beans.factory.BeanFactoryUtils.beanNamesForTypeIncludingAncestors(BeanFactoryUtils.java:185)
	at org.springframework.beans.factory.support.DefaultListableBeanFactory.findAutowireCandidates(DefaultListableBeanFactory.java:833)
	at org.springframework.beans.factory.support.DefaultListableBeanFactory.doResolveDependency(DefaultListableBeanFactory.java:790)
	at org.springframework.beans.factory.support.DefaultListableBeanFactory.resolveDependency(DefaultListableBeanFactory.java:707)
	at org.springframework.beans.factory.annotation.AutowiredAnnotationBeanPostProcessor$AutowiredFieldElement.inject(AutowiredAnnotationBeanPostProcessor.java:480)
	... 34 more
Caused by: java.lang.ClassNotFoundException: com.rackspace.search.TestDatasource
	at java.net.URLClassLoader$1.run(URLClassLoader.java:202)
	at java.net.URLClassLoader.findClass(URLClassLoader.java:190)
	at java.lang.ClassLoader.loadClass(ClassLoader.java:306)
	at sun.misc.Launcher$AppClassLoader.loadClass(Launcher.java:301)
	at java.lang.ClassLoader.loadClass(ClassLoader.java:247)
	at org.springframework.util.ClassUtils.forName(ClassUtils.java:257)
	at org.springframework.beans.factory.support.AbstractBeanDefinition.resolveBeanClass(AbstractBeanDefinition.java:408)
	at org.springframework.beans.factory.support.AbstractBeanFactory.doResolveBeanClass(AbstractBeanFactory.java:1282)
	at org.springframework.beans.factory.support.AbstractBeanFactory.resolveBeanClass(AbstractBeanFactory.java:1253)
	... 42 more
</errorStackTrace>
          <errorDetails>Failed to load ApplicationContext</errorDetails>
          <stdout>16:31:19.188 [main] INFO  c.r.s.common.property.PropertyProvider - Loading properties file from file [/var/lib/jenkins/jobs/Samatha Fork/workspace/service/target/properties/local/search.properties]
16:31:19.192 [main] INFO  c.r.s.common.property.PropertyProvider - Loading properties file from file [/var/lib/jenkins/jobs/Samatha Fork/workspace/service/target/properties/local/search.secrets.properties]
16:31:19.192 [main] INFO  c.r.s.common.property.PropertyProvider - Loading properties file from file [/var/lib/jenkins/jobs/Samatha Fork/workspace/service/target/properties/local/elasticsearch.properties]
16:31:19.249 [main] ERROR o.s.test.context.TestContextManager - Caught exception while allowing TestExecutionListener [org.springframework.test.context.support.DependencyInjectionTestExecutionListener@6eef4599] to prepare test instance [com.rackspace.search.service.JobServiceTest@20fc40ae]
java.lang.IllegalStateException: Failed to load ApplicationContext
	at org.springframework.test.context.TestContext.getApplicationContext(TestContext.java:308) ~[spring-test-3.0.6.RELEASE.jar:3.0.6.RELEASE]
	at org.springframework.test.context.support.DependencyInjectionTestExecutionListener.injectDependencies(DependencyInjectionTestExecutionListener.java:109) ~[spring-test-3.0.6.RELEASE.jar:3.0.6.RELEASE]
	at org.springframework.test.context.support.DependencyInjectionTestExecutionListener.prepareTestInstance(DependencyInjectionTestExecutionListener.java:75) ~[spring-test-3.0.6.RELEASE.jar:3.0.6.RELEASE]
	at org.springframework.test.context.TestContextManager.prepareTestInstance(TestContextManager.java:321) ~[spring-test-3.0.6.RELEASE.jar:3.0.6.RELEASE]
	at org.spockframework.spring.SpringTestContextManager.prepareTestInstance(SpringTestContextManager.java:49) [spock-spring-0.7-groovy-2.0.jar:na]
	at org.spockframework.spring.SpringInterceptor.interceptSetupMethod(SpringInterceptor.java:42) [spock-spring-0.7-groovy-2.0.jar:na]
	at org.spockframework.runtime.extension.AbstractMethodInterceptor.intercept(AbstractMethodInterceptor.java:28) [spock-core-0.7-groovy-2.0.jar:na]
	at org.spockframework.runtime.extension.MethodInvocation.proceed(MethodInvocation.java:84) [spock-core-0.7-groovy-2.0.jar:na]
	at org.spockframework.runtime.BaseSpecRunner.invoke(BaseSpecRunner.java:319) [spock-core-0.7-groovy-2.0.jar:na]
	at org.spockframework.runtime.BaseSpecRunner.invokeSetup(BaseSpecRunner.java:279) [spock-core-0.7-groovy-2.0.jar:na]
	at org.spockframework.runtime.BaseSpecRunner.doRunIteration(BaseSpecRunner.java:255) [spock-core-0.7-groovy-2.0.jar:na]
	at sun.reflect.NativeMethodAccessorImpl.invoke0(Native Method) ~[na:1.6.0_38]
	at sun.reflect.NativeMethodAccessorImpl.invoke(NativeMethodAccessorImpl.java:39) ~[na:1.6.0_38]
	at sun.reflect.DelegatingMethodAccessorImpl.invoke(DelegatingMethodAccessorImpl.java:25) ~[na:1.6.0_38]
	at java.lang.reflect.Method.invoke(Method.java:597) ~[na:1.6.0_38]
	at org.spockframework.util.ReflectionUtil.invokeMethod(ReflectionUtil.java:138) [spock-core-0.7-groovy-2.0.jar:na]
	at org.spockframework.runtime.BaseSpecRunner.invokeRaw(BaseSpecRunner.java:330) [spock-core-0.7-groovy-2.0.jar:na]
	at org.spockframework.runtime.BaseSpecRunner.invoke(BaseSpecRunner.java:311) [spock-core-0.7-groovy-2.0.jar:na]
	at org.spockframework.runtime.BaseSpecRunner.runIteration(BaseSpecRunner.java:223) [spock-core-0.7-groovy-2.0.jar:na]
	at org.spockframework.runtime.BaseSpecRunner.initializeAndRunIteration(BaseSpecRunner.java:214) [spock-core-0.7-groovy-2.0.jar:na]
	at org.spockframework.runtime.BaseSpecRunner.runSimpleFeature(BaseSpecRunner.java:205) [spock-core-0.7-groovy-2.0.jar:na]
	at org.spockframework.runtime.BaseSpecRunner.doRunFeature(BaseSpecRunner.java:199) [spock-core-0.7-groovy-2.0.jar:na]
	at sun.reflect.NativeMethodAccessorImpl.invoke0(Native Method) ~[na:1.6.0_38]
	at sun.reflect.NativeMethodAccessorImpl.invoke(NativeMethodAccessorImpl.java:39) ~[na:1.6.0_38]
	at sun.reflect.DelegatingMethodAccessorImpl.invoke(DelegatingMethodAccessorImpl.java:25) ~[na:1.6.0_38]
	at java.lang.reflect.Method.invoke(Method.java:597) ~[na:1.6.0_38]
	at org.spockframework.util.ReflectionUtil.invokeMethod(ReflectionUtil.java:138) [spock-core-0.7-groovy-2.0.jar:na]
	at org.spockframework.runtime.BaseSpecRunner.invokeRaw(BaseSpecRunner.java:330) [spock-core-0.7-groovy-2.0.jar:na]
	at org.spockframework.runtime.BaseSpecRunner.invoke(BaseSpecRunner.java:311) [spock-core-0.7-groovy-2.0.jar:na]
	at org.spockframework.runtime.BaseSpecRunner.runFeature(BaseSpecRunner.java:175) [spock-core-0.7-groovy-2.0.jar:na]
	at org.spockframework.runtime.BaseSpecRunner.runFeatures(BaseSpecRunner.java:152) [spock-core-0.7-groovy-2.0.jar:na]
	at org.spockframework.runtime.BaseSpecRunner.doRunSpec(BaseSpecRunner.java:112) [spock-core-0.7-groovy-2.0.jar:na]
	at sun.reflect.NativeMethodAccessorImpl.invoke0(Native Method) ~[na:1.6.0_38]
	at sun.reflect.NativeMethodAccessorImpl.invoke(NativeMethodAccessorImpl.java:39) ~[na:1.6.0_38]
	at sun.reflect.DelegatingMethodAccessorImpl.invoke(DelegatingMethodAccessorImpl.java:25) ~[na:1.6.0_38]
	at java.lang.reflect.Method.invoke(Method.java:597) ~[na:1.6.0_38]
	at org.spockframework.util.ReflectionUtil.invokeMethod(ReflectionUtil.java:138) [spock-core-0.7-groovy-2.0.jar:na]
	at org.spockframework.runtime.BaseSpecRunner.invokeRaw(BaseSpecRunner.java:330) [spock-core-0.7-groovy-2.0.jar:na]
	at org.spockframework.runtime.BaseSpecRunner.invoke(BaseSpecRunner.java:311) [spock-core-0.7-groovy-2.0.jar:na]
	at org.spockframework.runtime.BaseSpecRunner.runSpec(BaseSpecRunner.java:91) [spock-core-0.7-groovy-2.0.jar:na]
	at org.spockframework.runtime.BaseSpecRunner.run(BaseSpecRunner.java:82) [spock-core-0.7-groovy-2.0.jar:na]
	at org.spockframework.runtime.Sputnik.run(Sputnik.java:63) [spock-core-0.7-groovy-2.0.jar:na]
	at org.apache.maven.surefire.junit4.JUnit4TestSet.execute(JUnit4TestSet.java:53) [surefire-junit4-2.10.jar:2.10]
	at org.apache.maven.surefire.junit4.JUnit4Provider.executeTestSet(JUnit4Provider.java:123) [surefire-junit4-2.10.jar:2.10]
	at org.apache.maven.surefire.junit4.JUnit4Provider.invoke(JUnit4Provider.java:104) [surefire-junit4-2.10.jar:2.10]
	at sun.reflect.NativeMethodAccessorImpl.invoke0(Native Method) ~[na:1.6.0_38]
	at sun.reflect.NativeMethodAccessorImpl.invoke(NativeMethodAccessorImpl.java:39) ~[na:1.6.0_38]
	at sun.reflect.DelegatingMethodAccessorImpl.invoke(DelegatingMethodAccessorImpl.java:25) ~[na:1.6.0_38]
	at java.lang.reflect.Method.invoke(Method.java:597) ~[na:1.6.0_38]
	at org.apache.maven.surefire.util.ReflectionUtils.invokeMethodWithArray(ReflectionUtils.java:164) [surefire-api-2.10.jar:2.10]
	at org.apache.maven.surefire.booter.ProviderFactory$ProviderProxy.invoke(ProviderFactory.java:110) [surefire-booter-2.10.jar:2.10]
	at org.apache.maven.surefire.booter.SurefireStarter.invokeProvider(SurefireStarter.java:175) [surefire-booter-2.10.jar:2.10]
	at org.apache.maven.surefire.booter.SurefireStarter.runSuitesInProcessWhenForked(SurefireStarter.java:107) [surefire-booter-2.10.jar:2.10]
	at org.apache.maven.surefire.booter.ForkedBooter.main(ForkedBooter.java:68) [surefire-booter-2.10.jar:2.10]
Caused by: org.springframework.beans.factory.BeanCreationException: Error creating bean with name &apos;adminResource&apos;: Injection of autowired dependencies failed; nested exception is org.springframework.beans.factory.BeanCreationException: Could not autowire field: private com.rackspace.search.service.JobService com.rackspace.search.endpoint.AdminResource.jobService; nested exception is org.springframework.beans.factory.CannotLoadBeanClassException: Cannot find class [com.rackspace.search.TestDatasource] for bean with name &apos;coreDataSource&apos; defined in class path resource [test-coreDbContext.xml]; nested exception is java.lang.ClassNotFoundException: com.rackspace.search.TestDatasource
	at org.springframework.beans.factory.annotation.AutowiredAnnotationBeanPostProcessor.postProcessPropertyValues(AutowiredAnnotationBeanPostProcessor.java:288) ~[spring-beans-3.0.6.RELEASE.jar:3.0.6.RELEASE]
	at org.springframework.beans.factory.support.AbstractAutowireCapableBeanFactory.populateBean(AbstractAutowireCapableBeanFactory.java:1074) ~[spring-beans-3.0.6.RELEASE.jar:3.0.6.RELEASE]
	at org.springframework.beans.factory.support.AbstractAutowireCapableBeanFactory.doCreateBean(AbstractAutowireCapableBeanFactory.java:517) ~[spring-beans-3.0.6.RELEASE.jar:3.0.6.RELEASE]
	at org.springframework.beans.factory.support.AbstractAutowireCapableBeanFactory.createBean(AbstractAutowireCapableBeanFactory.java:456) ~[spring-beans-3.0.6.RELEASE.jar:3.0.6.RELEASE]
	at org.springframework.beans.factory.support.AbstractBeanFactory$1.getObject(AbstractBeanFactory.java:293) ~[spring-beans-3.0.6.RELEASE.jar:3.0.6.RELEASE]
	at org.springframework.beans.factory.support.DefaultSingletonBeanRegistry.getSingleton(DefaultSingletonBeanRegistry.java:222) ~[spring-beans-3.0.6.RELEASE.jar:3.0.6.RELEASE]
	at org.springframework.beans.factory.support.AbstractBeanFactory.doGetBean(AbstractBeanFactory.java:290) ~[spring-beans-3.0.6.RELEASE.jar:3.0.6.RELEASE]
	at org.springframework.beans.factory.support.AbstractBeanFactory.getBean(AbstractBeanFactory.java:192) ~[spring-beans-3.0.6.RELEASE.jar:3.0.6.RELEASE]
	at org.springframework.beans.factory.support.DefaultListableBeanFactory.preInstantiateSingletons(DefaultListableBeanFactory.java:585) ~[spring-beans-3.0.6.RELEASE.jar:3.0.6.RELEASE]
	at org.springframework.context.support.AbstractApplicationContext.finishBeanFactoryInitialization(AbstractApplicationContext.java:895) ~[spring-context-3.0.6.RELEASE.jar:3.0.6.RELEASE]
	at org.springframework.context.support.AbstractApplicationContext.refresh(AbstractApplicationContext.java:425) ~[spring-context-3.0.6.RELEASE.jar:3.0.6.RELEASE]
	at org.springframework.test.context.support.AbstractGenericContextLoader.loadContext(AbstractGenericContextLoader.java:84) ~[spring-test-3.0.6.RELEASE.jar:3.0.6.RELEASE]
	at org.springframework.test.context.support.AbstractGenericContextLoader.loadContext(AbstractGenericContextLoader.java:1) ~[spring-test-3.0.6.RELEASE.jar:3.0.6.RELEASE]
	at org.springframework.test.context.TestContext.loadApplicationContext(TestContext.java:280) ~[spring-test-3.0.6.RELEASE.jar:3.0.6.RELEASE]
	at org.springframework.test.context.TestContext.getApplicationContext(TestContext.java:304) ~[spring-test-3.0.6.RELEASE.jar:3.0.6.RELEASE]
	... 53 common frames omitted
Caused by: org.springframework.beans.factory.BeanCreationException: Could not autowire field: private com.rackspace.search.service.JobService com.rackspace.search.endpoint.AdminResource.jobService; nested exception is org.springframework.beans.factory.CannotLoadBeanClassException: Cannot find class [com.rackspace.search.TestDatasource] for bean with name &apos;coreDataSource&apos; defined in class path resource [test-coreDbContext.xml]; nested exception is java.lang.ClassNotFoundException: com.rackspace.search.TestDatasource
	at org.springframework.beans.factory.annotation.AutowiredAnnotationBeanPostProcessor$AutowiredFieldElement.inject(AutowiredAnnotationBeanPostProcessor.java:508) ~[spring-beans-3.0.6.RELEASE.jar:3.0.6.RELEASE]
	at org.springframework.beans.factory.annotation.InjectionMetadata.inject(InjectionMetadata.java:84) ~[spring-beans-3.0.6.RELEASE.jar:3.0.6.RELEASE]
	at org.springframework.beans.factory.annotation.AutowiredAnnotationBeanPostProcessor.postProcessPropertyValues(AutowiredAnnotationBeanPostProcessor.java:285) ~[spring-beans-3.0.6.RELEASE.jar:3.0.6.RELEASE]
	... 67 common frames omitted
Caused by: org.springframework.beans.factory.CannotLoadBeanClassException: Cannot find class [com.rackspace.search.TestDatasource] for bean with name &apos;coreDataSource&apos; defined in class path resource [test-coreDbContext.xml]; nested exception is java.lang.ClassNotFoundException: com.rackspace.search.TestDatasource
	at org.springframework.beans.factory.support.AbstractBeanFactory.resolveBeanClass(AbstractBeanFactory.java:1261) ~[spring-beans-3.0.6.RELEASE.jar:3.0.6.RELEASE]
	at org.springframework.beans.factory.support.AbstractAutowireCapableBeanFactory.predictBeanType(AbstractAutowireCapableBeanFactory.java:576) ~[spring-beans-3.0.6.RELEASE.jar:3.0.6.RELEASE]
	at org.springframework.beans.factory.support.AbstractBeanFactory.isFactoryBean(AbstractBeanFactory.java:1330) ~[spring-beans-3.0.6.RELEASE.jar:3.0.6.RELEASE]
	at org.springframework.beans.factory.support.DefaultListableBeanFactory.getBeanNamesForType(DefaultListableBeanFactory.java:317) ~[spring-beans-3.0.6.RELEASE.jar:3.0.6.RELEASE]
	at org.springframework.beans.factory.BeanFactoryUtils.beanNamesForTypeIncludingAncestors(BeanFactoryUtils.java:185) ~[spring-beans-3.0.6.RELEASE.jar:3.0.6.RELEASE]
	at org.springframework.beans.factory.support.DefaultListableBeanFactory.findAutowireCandidates(DefaultListableBeanFactory.java:833) ~[spring-beans-3.0.6.RELEASE.jar:3.0.6.RELEASE]
	at org.springframework.beans.factory.support.DefaultListableBeanFactory.doResolveDependency(DefaultListableBeanFactory.java:790) ~[spring-beans-3.0.6.RELEASE.jar:3.0.6.RELEASE]
	at org.springframework.beans.factory.support.DefaultListableBeanFactory.resolveDependency(DefaultListableBeanFactory.java:707) ~[spring-beans-3.0.6.RELEASE.jar:3.0.6.RELEASE]
	at org.springframework.beans.factory.annotation.AutowiredAnnotationBeanPostProcessor$AutowiredFieldElement.inject(AutowiredAnnotationBeanPostProcessor.java:480) ~[spring-beans-3.0.6.RELEASE.jar:3.0.6.RELEASE]
	... 69 common frames omitted
Caused by: java.lang.ClassNotFoundException: com.rackspace.search.TestDatasource
	at java.net.URLClassLoader$1.run(URLClassLoader.java:202) ~[na:1.6.0_38]
	at java.security.AccessController.doPrivileged(Native Method) ~[na:1.6.0_38]
	at java.net.URLClassLoader.findClass(URLClassLoader.java:190) ~[na:1.6.0_38]
	at java.lang.ClassLoader.loadClass(ClassLoader.java:306) ~[na:1.6.0_38]
	at sun.misc.Launcher$AppClassLoader.loadClass(Launcher.java:301) ~[na:1.6.0_38]
	at java.lang.ClassLoader.loadClass(ClassLoader.java:247) ~[na:1.6.0_38]
	at org.springframework.util.ClassUtils.forName(ClassUtils.java:257) ~[spring-core-3.0.6.RELEASE.jar:3.0.6.RELEASE]
	at org.springframework.beans.factory.support.AbstractBeanDefinition.resolveBeanClass(AbstractBeanDefinition.java:408) ~[spring-beans-3.0.6.RELEASE.jar:3.0.6.RELEASE]
	at org.springframework.beans.factory.support.AbstractBeanFactory.doResolveBeanClass(AbstractBeanFactory.java:1282) ~[spring-beans-3.0.6.RELEASE.jar:3.0.6.RELEASE]
	at org.springframework.beans.factory.support.AbstractBeanFactory.resolveBeanClass(AbstractBeanFactory.java:1253) ~[spring-beans-3.0.6.RELEASE.jar:3.0.6.RELEASE]
	... 77 common frames omitted
</stdout>
          <failedSince>1</failedSince>
        </case>
        <case>
          <duration>0.677</duration>
          <className>com.rackspace.search.service.JobServiceTest</className>
          <testName>should return null If job is not exist</testName>
          <skipped>false</skipped>
          <errorStackTrace>java.lang.NullPointerException
	at com.rackspace.search.service.JobServiceTest.cleanup(JobServiceTest.groovy:32)
</errorStackTrace>
          <failedSince>1</failedSince>
        </case>
        <case>
          <duration>0.211</duration>
          <className>com.rackspace.search.service.JobServiceTest</className>
          <testName>get All jobs</testName>
          <skipped>false</skipped>
          <errorStackTrace>java.lang.IllegalStateException: Failed to load ApplicationContext
	at org.springframework.test.context.TestContext.getApplicationContext(TestContext.java:308)
	at org.springframework.test.context.support.DependencyInjectionTestExecutionListener.injectDependencies(DependencyInjectionTestExecutionListener.java:109)
	at org.springframework.test.context.support.DependencyInjectionTestExecutionListener.prepareTestInstance(DependencyInjectionTestExecutionListener.java:75)
	at org.springframework.test.context.TestContextManager.prepareTestInstance(TestContextManager.java:321)
	at org.spockframework.spring.SpringTestContextManager.prepareTestInstance(SpringTestContextManager.java:49)
	at org.spockframework.spring.SpringInterceptor.interceptSetupMethod(SpringInterceptor.java:42)
	at org.spockframework.runtime.extension.AbstractMethodInterceptor.intercept(AbstractMethodInterceptor.java:28)
	at org.spockframework.runtime.extension.MethodInvocation.proceed(MethodInvocation.java:84)
	at org.spockframework.util.ReflectionUtil.invokeMethod(ReflectionUtil.java:138)
	at org.spockframework.util.ReflectionUtil.invokeMethod(ReflectionUtil.java:138)
	at org.spockframework.util.ReflectionUtil.invokeMethod(ReflectionUtil.java:138)
	at org.apache.maven.surefire.junit4.JUnit4TestSet.execute(JUnit4TestSet.java:53)
	at org.apache.maven.surefire.junit4.JUnit4Provider.executeTestSet(JUnit4Provider.java:123)
	at org.apache.maven.surefire.junit4.JUnit4Provider.invoke(JUnit4Provider.java:104)
	at org.apache.maven.surefire.util.ReflectionUtils.invokeMethodWithArray(ReflectionUtils.java:164)
	at org.apache.maven.surefire.booter.ProviderFactory$ProviderProxy.invoke(ProviderFactory.java:110)
	at org.apache.maven.surefire.booter.SurefireStarter.invokeProvider(SurefireStarter.java:175)
	at org.apache.maven.surefire.booter.SurefireStarter.runSuitesInProcessWhenForked(SurefireStarter.java:107)
	at org.apache.maven.surefire.booter.ForkedBooter.main(ForkedBooter.java:68)
Caused by: org.springframework.beans.factory.BeanCreationException: Error creating bean with name &apos;adminResource&apos;: Injection of autowired dependencies failed; nested exception is org.springframework.beans.factory.BeanCreationException: Could not autowire field: private com.rackspace.search.service.JobService com.rackspace.search.endpoint.AdminResource.jobService; nested exception is org.springframework.beans.factory.CannotLoadBeanClassException: Cannot find class [com.rackspace.search.TestDatasource] for bean with name &apos;coreDataSource&apos; defined in class path resource [test-coreDbContext.xml]; nested exception is java.lang.ClassNotFoundException: com.rackspace.search.TestDatasource
	at org.springframework.beans.factory.annotation.AutowiredAnnotationBeanPostProcessor.postProcessPropertyValues(AutowiredAnnotationBeanPostProcessor.java:288)
	at org.springframework.beans.factory.support.AbstractAutowireCapableBeanFactory.populateBean(AbstractAutowireCapableBeanFactory.java:1074)
	at org.springframework.beans.factory.support.AbstractAutowireCapableBeanFactory.doCreateBean(AbstractAutowireCapableBeanFactory.java:517)
	at org.springframework.beans.factory.support.AbstractAutowireCapableBeanFactory.createBean(AbstractAutowireCapableBeanFactory.java:456)
	at org.springframework.beans.factory.support.AbstractBeanFactory$1.getObject(AbstractBeanFactory.java:293)
	at org.springframework.beans.factory.support.DefaultSingletonBeanRegistry.getSingleton(DefaultSingletonBeanRegistry.java:222)
	at org.springframework.beans.factory.support.AbstractBeanFactory.doGetBean(AbstractBeanFactory.java:290)
	at org.springframework.beans.factory.support.AbstractBeanFactory.getBean(AbstractBeanFactory.java:192)
	at org.springframework.beans.factory.support.DefaultListableBeanFactory.preInstantiateSingletons(DefaultListableBeanFactory.java:585)
	at org.springframework.context.support.AbstractApplicationContext.finishBeanFactoryInitialization(AbstractApplicationContext.java:895)
	at org.springframework.context.support.AbstractApplicationContext.refresh(AbstractApplicationContext.java:425)
	at org.springframework.test.context.support.AbstractGenericContextLoader.loadContext(AbstractGenericContextLoader.java:84)
	at org.springframework.test.context.support.AbstractGenericContextLoader.loadContext(AbstractGenericContextLoader.java:1)
	at org.springframework.test.context.TestContext.loadApplicationContext(TestContext.java:280)
	at org.springframework.test.context.TestContext.getApplicationContext(TestContext.java:304)
	... 18 more
Caused by: org.springframework.beans.factory.BeanCreationException: Could not autowire field: private com.rackspace.search.service.JobService com.rackspace.search.endpoint.AdminResource.jobService; nested exception is org.springframework.beans.factory.CannotLoadBeanClassException: Cannot find class [com.rackspace.search.TestDatasource] for bean with name &apos;coreDataSource&apos; defined in class path resource [test-coreDbContext.xml]; nested exception is java.lang.ClassNotFoundException: com.rackspace.search.TestDatasource
	at org.springframework.beans.factory.annotation.AutowiredAnnotationBeanPostProcessor$AutowiredFieldElement.inject(AutowiredAnnotationBeanPostProcessor.java:508)
	at org.springframework.beans.factory.annotation.InjectionMetadata.inject(InjectionMetadata.java:84)
	at org.springframework.beans.factory.annotation.AutowiredAnnotationBeanPostProcessor.postProcessPropertyValues(AutowiredAnnotationBeanPostProcessor.java:285)
	... 32 more
Caused by: org.springframework.beans.factory.CannotLoadBeanClassException: Cannot find class [com.rackspace.search.TestDatasource] for bean with name &apos;coreDataSource&apos; defined in class path resource [test-coreDbContext.xml]; nested exception is java.lang.ClassNotFoundException: com.rackspace.search.TestDatasource
	at org.springframework.beans.factory.support.AbstractBeanFactory.resolveBeanClass(AbstractBeanFactory.java:1261)
	at org.springframework.beans.factory.support.AbstractAutowireCapableBeanFactory.predictBeanType(AbstractAutowireCapableBeanFactory.java:576)
	at org.springframework.beans.factory.support.AbstractBeanFactory.isFactoryBean(AbstractBeanFactory.java:1330)
	at org.springframework.beans.factory.support.DefaultListableBeanFactory.getBeanNamesForType(DefaultListableBeanFactory.java:317)
	at org.springframework.beans.factory.BeanFactoryUtils.beanNamesForTypeIncludingAncestors(BeanFactoryUtils.java:185)
	at org.springframework.beans.factory.support.DefaultListableBeanFactory.findAutowireCandidates(DefaultListableBeanFactory.java:833)
	at org.springframework.beans.factory.support.DefaultListableBeanFactory.doResolveDependency(DefaultListableBeanFactory.java:790)
	at org.springframework.beans.factory.support.DefaultListableBeanFactory.resolveDependency(DefaultListableBeanFactory.java:707)
	at org.springframework.beans.factory.annotation.AutowiredAnnotationBeanPostProcessor$AutowiredFieldElement.inject(AutowiredAnnotationBeanPostProcessor.java:480)
	... 34 more
Caused by: java.lang.ClassNotFoundException: com.rackspace.search.TestDatasource
	at java.net.URLClassLoader$1.run(URLClassLoader.java:202)
	at java.net.URLClassLoader.findClass(URLClassLoader.java:190)
	at java.lang.ClassLoader.loadClass(ClassLoader.java:306)
	at sun.misc.Launcher$AppClassLoader.loadClass(Launcher.java:301)
	at java.lang.ClassLoader.loadClass(ClassLoader.java:247)
	at org.springframework.util.ClassUtils.forName(ClassUtils.java:257)
	at org.springframework.beans.factory.support.AbstractBeanDefinition.resolveBeanClass(AbstractBeanDefinition.java:408)
	at org.springframework.beans.factory.support.AbstractBeanFactory.doResolveBeanClass(AbstractBeanFactory.java:1282)
	at org.springframework.beans.factory.support.AbstractBeanFactory.resolveBeanClass(AbstractBeanFactory.java:1253)
	... 42 more
</errorStackTrace>
          <errorDetails>Failed to load ApplicationContext</errorDetails>
          <stdout>16:31:19.551 [main] INFO  c.r.s.common.property.PropertyProvider - Loading properties file from file [/var/lib/jenkins/jobs/Samatha Fork/workspace/service/target/properties/local/search.properties]
16:31:19.551 [main] INFO  c.r.s.common.property.PropertyProvider - Loading properties file from file [/var/lib/jenkins/jobs/Samatha Fork/workspace/service/target/properties/local/search.secrets.properties]
16:31:19.552 [main] INFO  c.r.s.common.property.PropertyProvider - Loading properties file from file [/var/lib/jenkins/jobs/Samatha Fork/workspace/service/target/properties/local/elasticsearch.properties]
16:31:19.580 [main] ERROR o.s.test.context.TestContextManager - Caught exception while allowing TestExecutionListener [org.springframework.test.context.support.DependencyInjectionTestExecutionListener@6eef4599] to prepare test instance [com.rackspace.search.service.JobServiceTest@904eabb]
java.lang.IllegalStateException: Failed to load ApplicationContext
	at org.springframework.test.context.TestContext.getApplicationContext(TestContext.java:308) ~[spring-test-3.0.6.RELEASE.jar:3.0.6.RELEASE]
	at org.springframework.test.context.support.DependencyInjectionTestExecutionListener.injectDependencies(DependencyInjectionTestExecutionListener.java:109) ~[spring-test-3.0.6.RELEASE.jar:3.0.6.RELEASE]
	at org.springframework.test.context.support.DependencyInjectionTestExecutionListener.prepareTestInstance(DependencyInjectionTestExecutionListener.java:75) ~[spring-test-3.0.6.RELEASE.jar:3.0.6.RELEASE]
	at org.springframework.test.context.TestContextManager.prepareTestInstance(TestContextManager.java:321) ~[spring-test-3.0.6.RELEASE.jar:3.0.6.RELEASE]
	at org.spockframework.spring.SpringTestContextManager.prepareTestInstance(SpringTestContextManager.java:49) [spock-spring-0.7-groovy-2.0.jar:na]
	at org.spockframework.spring.SpringInterceptor.interceptSetupMethod(SpringInterceptor.java:42) [spock-spring-0.7-groovy-2.0.jar:na]
	at org.spockframework.runtime.extension.AbstractMethodInterceptor.intercept(AbstractMethodInterceptor.java:28) [spock-core-0.7-groovy-2.0.jar:na]
	at org.spockframework.runtime.extension.MethodInvocation.proceed(MethodInvocation.java:84) [spock-core-0.7-groovy-2.0.jar:na]
	at org.spockframework.runtime.BaseSpecRunner.invoke(BaseSpecRunner.java:319) [spock-core-0.7-groovy-2.0.jar:na]
	at org.spockframework.runtime.BaseSpecRunner.invokeSetup(BaseSpecRunner.java:279) [spock-core-0.7-groovy-2.0.jar:na]
	at org.spockframework.runtime.BaseSpecRunner.doRunIteration(BaseSpecRunner.java:255) [spock-core-0.7-groovy-2.0.jar:na]
	at sun.reflect.GeneratedMethodAccessor6.invoke(Unknown Source) ~[na:na]
	at sun.reflect.DelegatingMethodAccessorImpl.invoke(DelegatingMethodAccessorImpl.java:25) ~[na:1.6.0_38]
	at java.lang.reflect.Method.invoke(Method.java:597) ~[na:1.6.0_38]
	at org.spockframework.util.ReflectionUtil.invokeMethod(ReflectionUtil.java:138) [spock-core-0.7-groovy-2.0.jar:na]
	at org.spockframework.runtime.BaseSpecRunner.invokeRaw(BaseSpecRunner.java:330) [spock-core-0.7-groovy-2.0.jar:na]
	at org.spockframework.runtime.BaseSpecRunner.invoke(BaseSpecRunner.java:311) [spock-core-0.7-groovy-2.0.jar:na]
	at org.spockframework.runtime.BaseSpecRunner.runIteration(BaseSpecRunner.java:223) [spock-core-0.7-groovy-2.0.jar:na]
	at org.spockframework.runtime.BaseSpecRunner.initializeAndRunIteration(BaseSpecRunner.java:214) [spock-core-0.7-groovy-2.0.jar:na]
	at org.spockframework.runtime.BaseSpecRunner.runSimpleFeature(BaseSpecRunner.java:205) [spock-core-0.7-groovy-2.0.jar:na]
	at org.spockframework.runtime.BaseSpecRunner.doRunFeature(BaseSpecRunner.java:199) [spock-core-0.7-groovy-2.0.jar:na]
	at sun.reflect.NativeMethodAccessorImpl.invoke0(Native Method) ~[na:1.6.0_38]
	at sun.reflect.NativeMethodAccessorImpl.invoke(NativeMethodAccessorImpl.java:39) ~[na:1.6.0_38]
	at sun.reflect.DelegatingMethodAccessorImpl.invoke(DelegatingMethodAccessorImpl.java:25) ~[na:1.6.0_38]
	at java.lang.reflect.Method.invoke(Method.java:597) ~[na:1.6.0_38]
	at org.spockframework.util.ReflectionUtil.invokeMethod(ReflectionUtil.java:138) [spock-core-0.7-groovy-2.0.jar:na]
	at org.spockframework.runtime.BaseSpecRunner.invokeRaw(BaseSpecRunner.java:330) [spock-core-0.7-groovy-2.0.jar:na]
	at org.spockframework.runtime.BaseSpecRunner.invoke(BaseSpecRunner.java:311) [spock-core-0.7-groovy-2.0.jar:na]
	at org.spockframework.runtime.BaseSpecRunner.runFeature(BaseSpecRunner.java:175) [spock-core-0.7-groovy-2.0.jar:na]
	at org.spockframework.runtime.BaseSpecRunner.runFeatures(BaseSpecRunner.java:152) [spock-core-0.7-groovy-2.0.jar:na]
	at org.spockframework.runtime.BaseSpecRunner.doRunSpec(BaseSpecRunner.java:112) [spock-core-0.7-groovy-2.0.jar:na]
	at sun.reflect.NativeMethodAccessorImpl.invoke0(Native Method) ~[na:1.6.0_38]
	at sun.reflect.NativeMethodAccessorImpl.invoke(NativeMethodAccessorImpl.java:39) ~[na:1.6.0_38]
	at sun.reflect.DelegatingMethodAccessorImpl.invoke(DelegatingMethodAccessorImpl.java:25) ~[na:1.6.0_38]
	at java.lang.reflect.Method.invoke(Method.java:597) ~[na:1.6.0_38]
	at org.spockframework.util.ReflectionUtil.invokeMethod(ReflectionUtil.java:138) [spock-core-0.7-groovy-2.0.jar:na]
	at org.spockframework.runtime.BaseSpecRunner.invokeRaw(BaseSpecRunner.java:330) [spock-core-0.7-groovy-2.0.jar:na]
	at org.spockframework.runtime.BaseSpecRunner.invoke(BaseSpecRunner.java:311) [spock-core-0.7-groovy-2.0.jar:na]
	at org.spockframework.runtime.BaseSpecRunner.runSpec(BaseSpecRunner.java:91) [spock-core-0.7-groovy-2.0.jar:na]
	at org.spockframework.runtime.BaseSpecRunner.run(BaseSpecRunner.java:82) [spock-core-0.7-groovy-2.0.jar:na]
	at org.spockframework.runtime.Sputnik.run(Sputnik.java:63) [spock-core-0.7-groovy-2.0.jar:na]
	at org.apache.maven.surefire.junit4.JUnit4TestSet.execute(JUnit4TestSet.java:53) [surefire-junit4-2.10.jar:2.10]
	at org.apache.maven.surefire.junit4.JUnit4Provider.executeTestSet(JUnit4Provider.java:123) [surefire-junit4-2.10.jar:2.10]
	at org.apache.maven.surefire.junit4.JUnit4Provider.invoke(JUnit4Provider.java:104) [surefire-junit4-2.10.jar:2.10]
	at sun.reflect.NativeMethodAccessorImpl.invoke0(Native Method) ~[na:1.6.0_38]
	at sun.reflect.NativeMethodAccessorImpl.invoke(NativeMethodAccessorImpl.java:39) ~[na:1.6.0_38]
	at sun.reflect.DelegatingMethodAccessorImpl.invoke(DelegatingMethodAccessorImpl.java:25) ~[na:1.6.0_38]
	at java.lang.reflect.Method.invoke(Method.java:597) ~[na:1.6.0_38]
	at org.apache.maven.surefire.util.ReflectionUtils.invokeMethodWithArray(ReflectionUtils.java:164) [surefire-api-2.10.jar:2.10]
	at org.apache.maven.surefire.booter.ProviderFactory$ProviderProxy.invoke(ProviderFactory.java:110) [surefire-booter-2.10.jar:2.10]
	at org.apache.maven.surefire.booter.SurefireStarter.invokeProvider(SurefireStarter.java:175) [surefire-booter-2.10.jar:2.10]
	at org.apache.maven.surefire.booter.SurefireStarter.runSuitesInProcessWhenForked(SurefireStarter.java:107) [surefire-booter-2.10.jar:2.10]
	at org.apache.maven.surefire.booter.ForkedBooter.main(ForkedBooter.java:68) [surefire-booter-2.10.jar:2.10]
Caused by: org.springframework.beans.factory.BeanCreationException: Error creating bean with name &apos;adminResource&apos;: Injection of autowired dependencies failed; nested exception is org.springframework.beans.factory.BeanCreationException: Could not autowire field: private com.rackspace.search.service.JobService com.rackspace.search.endpoint.AdminResource.jobService; nested exception is org.springframework.beans.factory.CannotLoadBeanClassException: Cannot find class [com.rackspace.search.TestDatasource] for bean with name &apos;coreDataSource&apos; defined in class path resource [test-coreDbContext.xml]; nested exception is java.lang.ClassNotFoundException: com.rackspace.search.TestDatasource
	at org.springframework.beans.factory.annotation.AutowiredAnnotationBeanPostProcessor.postProcessPropertyValues(AutowiredAnnotationBeanPostProcessor.java:288) ~[spring-beans-3.0.6.RELEASE.jar:3.0.6.RELEASE]
	at org.springframework.beans.factory.support.AbstractAutowireCapableBeanFactory.populateBean(AbstractAutowireCapableBeanFactory.java:1074) ~[spring-beans-3.0.6.RELEASE.jar:3.0.6.RELEASE]
	at org.springframework.beans.factory.support.AbstractAutowireCapableBeanFactory.doCreateBean(AbstractAutowireCapableBeanFactory.java:517) ~[spring-beans-3.0.6.RELEASE.jar:3.0.6.RELEASE]
	at org.springframework.beans.factory.support.AbstractAutowireCapableBeanFactory.createBean(AbstractAutowireCapableBeanFactory.java:456) ~[spring-beans-3.0.6.RELEASE.jar:3.0.6.RELEASE]
	at org.springframework.beans.factory.support.AbstractBeanFactory$1.getObject(AbstractBeanFactory.java:293) ~[spring-beans-3.0.6.RELEASE.jar:3.0.6.RELEASE]
	at org.springframework.beans.factory.support.DefaultSingletonBeanRegistry.getSingleton(DefaultSingletonBeanRegistry.java:222) ~[spring-beans-3.0.6.RELEASE.jar:3.0.6.RELEASE]
	at org.springframework.beans.factory.support.AbstractBeanFactory.doGetBean(AbstractBeanFactory.java:290) ~[spring-beans-3.0.6.RELEASE.jar:3.0.6.RELEASE]
	at org.springframework.beans.factory.support.AbstractBeanFactory.getBean(AbstractBeanFactory.java:192) ~[spring-beans-3.0.6.RELEASE.jar:3.0.6.RELEASE]
	at org.springframework.beans.factory.support.DefaultListableBeanFactory.preInstantiateSingletons(DefaultListableBeanFactory.java:585) ~[spring-beans-3.0.6.RELEASE.jar:3.0.6.RELEASE]
	at org.springframework.context.support.AbstractApplicationContext.finishBeanFactoryInitialization(AbstractApplicationContext.java:895) ~[spring-context-3.0.6.RELEASE.jar:3.0.6.RELEASE]
	at org.springframework.context.support.AbstractApplicationContext.refresh(AbstractApplicationContext.java:425) ~[spring-context-3.0.6.RELEASE.jar:3.0.6.RELEASE]
	at org.springframework.test.context.support.AbstractGenericContextLoader.loadContext(AbstractGenericContextLoader.java:84) ~[spring-test-3.0.6.RELEASE.jar:3.0.6.RELEASE]
	at org.springframework.test.context.support.AbstractGenericContextLoader.loadContext(AbstractGenericContextLoader.java:1) ~[spring-test-3.0.6.RELEASE.jar:3.0.6.RELEASE]
	at org.springframework.test.context.TestContext.loadApplicationContext(TestContext.java:280) ~[spring-test-3.0.6.RELEASE.jar:3.0.6.RELEASE]
	at org.springframework.test.context.TestContext.getApplicationContext(TestContext.java:304) ~[spring-test-3.0.6.RELEASE.jar:3.0.6.RELEASE]
	... 52 common frames omitted
Caused by: org.springframework.beans.factory.BeanCreationException: Could not autowire field: private com.rackspace.search.service.JobService com.rackspace.search.endpoint.AdminResource.jobService; nested exception is org.springframework.beans.factory.CannotLoadBeanClassException: Cannot find class [com.rackspace.search.TestDatasource] for bean with name &apos;coreDataSource&apos; defined in class path resource [test-coreDbContext.xml]; nested exception is java.lang.ClassNotFoundException: com.rackspace.search.TestDatasource
	at org.springframework.beans.factory.annotation.AutowiredAnnotationBeanPostProcessor$AutowiredFieldElement.inject(AutowiredAnnotationBeanPostProcessor.java:508) ~[spring-beans-3.0.6.RELEASE.jar:3.0.6.RELEASE]
	at org.springframework.beans.factory.annotation.InjectionMetadata.inject(InjectionMetadata.java:84) ~[spring-beans-3.0.6.RELEASE.jar:3.0.6.RELEASE]
	at org.springframework.beans.factory.annotation.AutowiredAnnotationBeanPostProcessor.postProcessPropertyValues(AutowiredAnnotationBeanPostProcessor.java:285) ~[spring-beans-3.0.6.RELEASE.jar:3.0.6.RELEASE]
	... 66 common frames omitted
Caused by: org.springframework.beans.factory.CannotLoadBeanClassException: Cannot find class [com.rackspace.search.TestDatasource] for bean with name &apos;coreDataSource&apos; defined in class path resource [test-coreDbContext.xml]; nested exception is java.lang.ClassNotFoundException: com.rackspace.search.TestDatasource
	at org.springframework.beans.factory.support.AbstractBeanFactory.resolveBeanClass(AbstractBeanFactory.java:1261) ~[spring-beans-3.0.6.RELEASE.jar:3.0.6.RELEASE]
	at org.springframework.beans.factory.support.AbstractAutowireCapableBeanFactory.predictBeanType(AbstractAutowireCapableBeanFactory.java:576) ~[spring-beans-3.0.6.RELEASE.jar:3.0.6.RELEASE]
	at org.springframework.beans.factory.support.AbstractBeanFactory.isFactoryBean(AbstractBeanFactory.java:1330) ~[spring-beans-3.0.6.RELEASE.jar:3.0.6.RELEASE]
	at org.springframework.beans.factory.support.DefaultListableBeanFactory.getBeanNamesForType(DefaultListableBeanFactory.java:317) ~[spring-beans-3.0.6.RELEASE.jar:3.0.6.RELEASE]
	at org.springframework.beans.factory.BeanFactoryUtils.beanNamesForTypeIncludingAncestors(BeanFactoryUtils.java:185) ~[spring-beans-3.0.6.RELEASE.jar:3.0.6.RELEASE]
	at org.springframework.beans.factory.support.DefaultListableBeanFactory.findAutowireCandidates(DefaultListableBeanFactory.java:833) ~[spring-beans-3.0.6.RELEASE.jar:3.0.6.RELEASE]
	at org.springframework.beans.factory.support.DefaultListableBeanFactory.doResolveDependency(DefaultListableBeanFactory.java:790) ~[spring-beans-3.0.6.RELEASE.jar:3.0.6.RELEASE]
	at org.springframework.beans.factory.support.DefaultListableBeanFactory.resolveDependency(DefaultListableBeanFactory.java:707) ~[spring-beans-3.0.6.RELEASE.jar:3.0.6.RELEASE]
	at org.springframework.beans.factory.annotation.AutowiredAnnotationBeanPostProcessor$AutowiredFieldElement.inject(AutowiredAnnotationBeanPostProcessor.java:480) ~[spring-beans-3.0.6.RELEASE.jar:3.0.6.RELEASE]
	... 68 common frames omitted
Caused by: java.lang.ClassNotFoundException: com.rackspace.search.TestDatasource
	at java.net.URLClassLoader$1.run(URLClassLoader.java:202) ~[na:1.6.0_38]
	at java.security.AccessController.doPrivileged(Native Method) ~[na:1.6.0_38]
	at java.net.URLClassLoader.findClass(URLClassLoader.java:190) ~[na:1.6.0_38]
	at java.lang.ClassLoader.loadClass(ClassLoader.java:306) ~[na:1.6.0_38]
	at sun.misc.Launcher$AppClassLoader.loadClass(Launcher.java:301) ~[na:1.6.0_38]
	at java.lang.ClassLoader.loadClass(ClassLoader.java:247) ~[na:1.6.0_38]
	at org.springframework.util.ClassUtils.forName(ClassUtils.java:257) ~[spring-core-3.0.6.RELEASE.jar:3.0.6.RELEASE]
	at org.springframework.beans.factory.support.AbstractBeanDefinition.resolveBeanClass(AbstractBeanDefinition.java:408) ~[spring-beans-3.0.6.RELEASE.jar:3.0.6.RELEASE]
	at org.springframework.beans.factory.support.AbstractBeanFactory.doResolveBeanClass(AbstractBeanFactory.java:1282) ~[spring-beans-3.0.6.RELEASE.jar:3.0.6.RELEASE]
	at org.springframework.beans.factory.support.AbstractBeanFactory.resolveBeanClass(AbstractBeanFactory.java:1253) ~[spring-beans-3.0.6.RELEASE.jar:3.0.6.RELEASE]
	... 76 common frames omitted
</stdout>
          <failedSince>1</failedSince>
        </case>
        <case>
          <duration>0.211</duration>
          <className>com.rackspace.search.service.JobServiceTest</className>
          <testName>get All jobs</testName>
          <skipped>false</skipped>
          <errorStackTrace>java.lang.NullPointerException
	at com.rackspace.search.service.JobServiceTest.cleanup(JobServiceTest.groovy:32)
</errorStackTrace>
          <failedSince>1</failedSince>
        </case>
      </cases>
    </suite>
    <suite>
      <file>/var/lib/jenkins/jobs/Samatha Fork/workspace/service/target/surefire-reports/TEST-com.rackspace.search.service.TicketSearchServiceTest.xml</file>
      <name>com.rackspace.search.service.TicketSearchServiceTest</name>
      <duration>3.1299999</duration>
      <cases>
        <case>
          <duration>0.502</duration>
          <className>com.rackspace.search.service.TicketSearchServiceTest</className>
          <testName>should get ticket</testName>
          <skipped>false</skipped>
          <errorStackTrace>java.lang.IllegalStateException: Failed to load ApplicationContext
	at org.springframework.test.context.TestContext.getApplicationContext(TestContext.java:308)
	at org.springframework.test.context.support.DependencyInjectionTestExecutionListener.injectDependencies(DependencyInjectionTestExecutionListener.java:109)
	at org.springframework.test.context.support.DependencyInjectionTestExecutionListener.prepareTestInstance(DependencyInjectionTestExecutionListener.java:75)
	at org.springframework.test.context.TestContextManager.prepareTestInstance(TestContextManager.java:321)
	at org.spockframework.spring.SpringTestContextManager.prepareTestInstance(SpringTestContextManager.java:49)
	at org.spockframework.spring.SpringInterceptor.interceptSetupMethod(SpringInterceptor.java:42)
	at org.spockframework.runtime.extension.AbstractMethodInterceptor.intercept(AbstractMethodInterceptor.java:28)
	at org.spockframework.runtime.extension.MethodInvocation.proceed(MethodInvocation.java:84)
	at org.spockframework.util.ReflectionUtil.invokeMethod(ReflectionUtil.java:138)
	at org.spockframework.util.ReflectionUtil.invokeMethod(ReflectionUtil.java:138)
	at org.spockframework.util.ReflectionUtil.invokeMethod(ReflectionUtil.java:138)
	at org.apache.maven.surefire.junit4.JUnit4TestSet.execute(JUnit4TestSet.java:53)
	at org.apache.maven.surefire.junit4.JUnit4Provider.executeTestSet(JUnit4Provider.java:123)
	at org.apache.maven.surefire.junit4.JUnit4Provider.invoke(JUnit4Provider.java:104)
	at org.apache.maven.surefire.util.ReflectionUtils.invokeMethodWithArray(ReflectionUtils.java:164)
	at org.apache.maven.surefire.booter.ProviderFactory$ProviderProxy.invoke(ProviderFactory.java:110)
	at org.apache.maven.surefire.booter.SurefireStarter.invokeProvider(SurefireStarter.java:175)
	at org.apache.maven.surefire.booter.SurefireStarter.runSuitesInProcessWhenForked(SurefireStarter.java:107)
	at org.apache.maven.surefire.booter.ForkedBooter.main(ForkedBooter.java:68)
Caused by: org.springframework.beans.factory.BeanCreationException: Error creating bean with name &apos;adminResource&apos;: Injection of autowired dependencies failed; nested exception is org.springframework.beans.factory.BeanCreationException: Could not autowire field: private com.rackspace.search.service.JobService com.rackspace.search.endpoint.AdminResource.jobService; nested exception is org.springframework.beans.factory.CannotLoadBeanClassException: Cannot find class [com.rackspace.search.TestDatasource] for bean with name &apos;coreDataSource&apos; defined in class path resource [test-coreDbContext.xml]; nested exception is java.lang.ClassNotFoundException: com.rackspace.search.TestDatasource
	at org.springframework.beans.factory.annotation.AutowiredAnnotationBeanPostProcessor.postProcessPropertyValues(AutowiredAnnotationBeanPostProcessor.java:288)
	at org.springframework.beans.factory.support.AbstractAutowireCapableBeanFactory.populateBean(AbstractAutowireCapableBeanFactory.java:1074)
	at org.springframework.beans.factory.support.AbstractAutowireCapableBeanFactory.doCreateBean(AbstractAutowireCapableBeanFactory.java:517)
	at org.springframework.beans.factory.support.AbstractAutowireCapableBeanFactory.createBean(AbstractAutowireCapableBeanFactory.java:456)
	at org.springframework.beans.factory.support.AbstractBeanFactory$1.getObject(AbstractBeanFactory.java:293)
	at org.springframework.beans.factory.support.DefaultSingletonBeanRegistry.getSingleton(DefaultSingletonBeanRegistry.java:222)
	at org.springframework.beans.factory.support.AbstractBeanFactory.doGetBean(AbstractBeanFactory.java:290)
	at org.springframework.beans.factory.support.AbstractBeanFactory.getBean(AbstractBeanFactory.java:192)
	at org.springframework.beans.factory.support.DefaultListableBeanFactory.preInstantiateSingletons(DefaultListableBeanFactory.java:585)
	at org.springframework.context.support.AbstractApplicationContext.finishBeanFactoryInitialization(AbstractApplicationContext.java:895)
	at org.springframework.context.support.AbstractApplicationContext.refresh(AbstractApplicationContext.java:425)
	at org.springframework.test.context.support.AbstractGenericContextLoader.loadContext(AbstractGenericContextLoader.java:84)
	at org.springframework.test.context.support.AbstractGenericContextLoader.loadContext(AbstractGenericContextLoader.java:1)
	at org.springframework.test.context.TestContext.loadApplicationContext(TestContext.java:280)
	at org.springframework.test.context.TestContext.getApplicationContext(TestContext.java:304)
	... 18 more
Caused by: org.springframework.beans.factory.BeanCreationException: Could not autowire field: private com.rackspace.search.service.JobService com.rackspace.search.endpoint.AdminResource.jobService; nested exception is org.springframework.beans.factory.CannotLoadBeanClassException: Cannot find class [com.rackspace.search.TestDatasource] for bean with name &apos;coreDataSource&apos; defined in class path resource [test-coreDbContext.xml]; nested exception is java.lang.ClassNotFoundException: com.rackspace.search.TestDatasource
	at org.springframework.beans.factory.annotation.AutowiredAnnotationBeanPostProcessor$AutowiredFieldElement.inject(AutowiredAnnotationBeanPostProcessor.java:508)
	at org.springframework.beans.factory.annotation.InjectionMetadata.inject(InjectionMetadata.java:84)
	at org.springframework.beans.factory.annotation.AutowiredAnnotationBeanPostProcessor.postProcessPropertyValues(AutowiredAnnotationBeanPostProcessor.java:285)
	... 32 more
Caused by: org.springframework.beans.factory.CannotLoadBeanClassException: Cannot find class [com.rackspace.search.TestDatasource] for bean with name &apos;coreDataSource&apos; defined in class path resource [test-coreDbContext.xml]; nested exception is java.lang.ClassNotFoundException: com.rackspace.search.TestDatasource
	at org.springframework.beans.factory.support.AbstractBeanFactory.resolveBeanClass(AbstractBeanFactory.java:1261)
	at org.springframework.beans.factory.support.AbstractAutowireCapableBeanFactory.predictBeanType(AbstractAutowireCapableBeanFactory.java:576)
	at org.springframework.beans.factory.support.AbstractBeanFactory.isFactoryBean(AbstractBeanFactory.java:1330)
	at org.springframework.beans.factory.support.DefaultListableBeanFactory.getBeanNamesForType(DefaultListableBeanFactory.java:317)
	at org.springframework.beans.factory.BeanFactoryUtils.beanNamesForTypeIncludingAncestors(BeanFactoryUtils.java:185)
	at org.springframework.beans.factory.support.DefaultListableBeanFactory.findAutowireCandidates(DefaultListableBeanFactory.java:833)
	at org.springframework.beans.factory.support.DefaultListableBeanFactory.doResolveDependency(DefaultListableBeanFactory.java:790)
	at org.springframework.beans.factory.support.DefaultListableBeanFactory.resolveDependency(DefaultListableBeanFactory.java:707)
	at org.springframework.beans.factory.annotation.AutowiredAnnotationBeanPostProcessor$AutowiredFieldElement.inject(AutowiredAnnotationBeanPostProcessor.java:480)
	... 34 more
Caused by: java.lang.ClassNotFoundException: com.rackspace.search.TestDatasource
	at java.net.URLClassLoader$1.run(URLClassLoader.java:202)
	at java.net.URLClassLoader.findClass(URLClassLoader.java:190)
	at java.lang.ClassLoader.loadClass(ClassLoader.java:306)
	at sun.misc.Launcher$AppClassLoader.loadClass(Launcher.java:301)
	at java.lang.ClassLoader.loadClass(ClassLoader.java:247)
	at org.springframework.util.ClassUtils.forName(ClassUtils.java:257)
	at org.springframework.beans.factory.support.AbstractBeanDefinition.resolveBeanClass(AbstractBeanDefinition.java:408)
	at org.springframework.beans.factory.support.AbstractBeanFactory.doResolveBeanClass(AbstractBeanFactory.java:1282)
	at org.springframework.beans.factory.support.AbstractBeanFactory.resolveBeanClass(AbstractBeanFactory.java:1253)
	... 42 more
</errorStackTrace>
          <errorDetails>Failed to load ApplicationContext</errorDetails>
          <stdout>16:31:20.053 [main] INFO  c.r.s.common.property.PropertyProvider - Loading properties file from file [/var/lib/jenkins/jobs/Samatha Fork/workspace/service/target/properties/local/search.properties]
16:31:20.053 [main] INFO  c.r.s.common.property.PropertyProvider - Loading properties file from file [/var/lib/jenkins/jobs/Samatha Fork/workspace/service/target/properties/local/search.secrets.properties]
16:31:20.053 [main] INFO  c.r.s.common.property.PropertyProvider - Loading properties file from file [/var/lib/jenkins/jobs/Samatha Fork/workspace/service/target/properties/local/elasticsearch.properties]
16:31:20.077 [main] ERROR o.s.test.context.TestContextManager - Caught exception while allowing TestExecutionListener [org.springframework.test.context.support.DependencyInjectionTestExecutionListener@448d5a91] to prepare test instance [com.rackspace.search.service.TicketSearchServiceTest@1c3508c0]
java.lang.IllegalStateException: Failed to load ApplicationContext
	at org.springframework.test.context.TestContext.getApplicationContext(TestContext.java:308) ~[spring-test-3.0.6.RELEASE.jar:3.0.6.RELEASE]
	at org.springframework.test.context.support.DependencyInjectionTestExecutionListener.injectDependencies(DependencyInjectionTestExecutionListener.java:109) ~[spring-test-3.0.6.RELEASE.jar:3.0.6.RELEASE]
	at org.springframework.test.context.support.DependencyInjectionTestExecutionListener.prepareTestInstance(DependencyInjectionTestExecutionListener.java:75) ~[spring-test-3.0.6.RELEASE.jar:3.0.6.RELEASE]
	at org.springframework.test.context.TestContextManager.prepareTestInstance(TestContextManager.java:321) ~[spring-test-3.0.6.RELEASE.jar:3.0.6.RELEASE]
	at org.spockframework.spring.SpringTestContextManager.prepareTestInstance(SpringTestContextManager.java:49) [spock-spring-0.7-groovy-2.0.jar:na]
	at org.spockframework.spring.SpringInterceptor.interceptSetupMethod(SpringInterceptor.java:42) [spock-spring-0.7-groovy-2.0.jar:na]
	at org.spockframework.runtime.extension.AbstractMethodInterceptor.intercept(AbstractMethodInterceptor.java:28) [spock-core-0.7-groovy-2.0.jar:na]
	at org.spockframework.runtime.extension.MethodInvocation.proceed(MethodInvocation.java:84) [spock-core-0.7-groovy-2.0.jar:na]
	at org.spockframework.runtime.BaseSpecRunner.invoke(BaseSpecRunner.java:319) [spock-core-0.7-groovy-2.0.jar:na]
	at org.spockframework.runtime.BaseSpecRunner.invokeSetup(BaseSpecRunner.java:279) [spock-core-0.7-groovy-2.0.jar:na]
	at org.spockframework.runtime.BaseSpecRunner.doRunIteration(BaseSpecRunner.java:255) [spock-core-0.7-groovy-2.0.jar:na]
	at sun.reflect.GeneratedMethodAccessor6.invoke(Unknown Source) ~[na:na]
	at sun.reflect.DelegatingMethodAccessorImpl.invoke(DelegatingMethodAccessorImpl.java:25) ~[na:1.6.0_38]
	at java.lang.reflect.Method.invoke(Method.java:597) ~[na:1.6.0_38]
	at org.spockframework.util.ReflectionUtil.invokeMethod(ReflectionUtil.java:138) [spock-core-0.7-groovy-2.0.jar:na]
	at org.spockframework.runtime.BaseSpecRunner.invokeRaw(BaseSpecRunner.java:330) [spock-core-0.7-groovy-2.0.jar:na]
	at org.spockframework.runtime.BaseSpecRunner.invoke(BaseSpecRunner.java:311) [spock-core-0.7-groovy-2.0.jar:na]
	at org.spockframework.runtime.BaseSpecRunner.runIteration(BaseSpecRunner.java:223) [spock-core-0.7-groovy-2.0.jar:na]
	at org.spockframework.runtime.BaseSpecRunner.initializeAndRunIteration(BaseSpecRunner.java:214) [spock-core-0.7-groovy-2.0.jar:na]
	at org.spockframework.runtime.BaseSpecRunner.runSimpleFeature(BaseSpecRunner.java:205) [spock-core-0.7-groovy-2.0.jar:na]
	at org.spockframework.runtime.BaseSpecRunner.doRunFeature(BaseSpecRunner.java:199) [spock-core-0.7-groovy-2.0.jar:na]
	at sun.reflect.GeneratedMethodAccessor7.invoke(Unknown Source) ~[na:na]
	at sun.reflect.DelegatingMethodAccessorImpl.invoke(DelegatingMethodAccessorImpl.java:25) ~[na:1.6.0_38]
	at java.lang.reflect.Method.invoke(Method.java:597) ~[na:1.6.0_38]
	at org.spockframework.util.ReflectionUtil.invokeMethod(ReflectionUtil.java:138) [spock-core-0.7-groovy-2.0.jar:na]
	at org.spockframework.runtime.BaseSpecRunner.invokeRaw(BaseSpecRunner.java:330) [spock-core-0.7-groovy-2.0.jar:na]
	at org.spockframework.runtime.BaseSpecRunner.invoke(BaseSpecRunner.java:311) [spock-core-0.7-groovy-2.0.jar:na]
	at org.spockframework.runtime.BaseSpecRunner.runFeature(BaseSpecRunner.java:175) [spock-core-0.7-groovy-2.0.jar:na]
	at org.spockframework.runtime.BaseSpecRunner.runFeatures(BaseSpecRunner.java:152) [spock-core-0.7-groovy-2.0.jar:na]
	at org.spockframework.runtime.BaseSpecRunner.doRunSpec(BaseSpecRunner.java:112) [spock-core-0.7-groovy-2.0.jar:na]
	at sun.reflect.NativeMethodAccessorImpl.invoke0(Native Method) ~[na:1.6.0_38]
	at sun.reflect.NativeMethodAccessorImpl.invoke(NativeMethodAccessorImpl.java:39) ~[na:1.6.0_38]
	at sun.reflect.DelegatingMethodAccessorImpl.invoke(DelegatingMethodAccessorImpl.java:25) ~[na:1.6.0_38]
	at java.lang.reflect.Method.invoke(Method.java:597) ~[na:1.6.0_38]
	at org.spockframework.util.ReflectionUtil.invokeMethod(ReflectionUtil.java:138) [spock-core-0.7-groovy-2.0.jar:na]
	at org.spockframework.runtime.BaseSpecRunner.invokeRaw(BaseSpecRunner.java:330) [spock-core-0.7-groovy-2.0.jar:na]
	at org.spockframework.runtime.BaseSpecRunner.invoke(BaseSpecRunner.java:311) [spock-core-0.7-groovy-2.0.jar:na]
	at org.spockframework.runtime.BaseSpecRunner.runSpec(BaseSpecRunner.java:91) [spock-core-0.7-groovy-2.0.jar:na]
	at org.spockframework.runtime.BaseSpecRunner.run(BaseSpecRunner.java:82) [spock-core-0.7-groovy-2.0.jar:na]
	at org.spockframework.runtime.Sputnik.run(Sputnik.java:63) [spock-core-0.7-groovy-2.0.jar:na]
	at org.apache.maven.surefire.junit4.JUnit4TestSet.execute(JUnit4TestSet.java:53) [surefire-junit4-2.10.jar:2.10]
	at org.apache.maven.surefire.junit4.JUnit4Provider.executeTestSet(JUnit4Provider.java:123) [surefire-junit4-2.10.jar:2.10]
	at org.apache.maven.surefire.junit4.JUnit4Provider.invoke(JUnit4Provider.java:104) [surefire-junit4-2.10.jar:2.10]
	at sun.reflect.NativeMethodAccessorImpl.invoke0(Native Method) ~[na:1.6.0_38]
	at sun.reflect.NativeMethodAccessorImpl.invoke(NativeMethodAccessorImpl.java:39) ~[na:1.6.0_38]
	at sun.reflect.DelegatingMethodAccessorImpl.invoke(DelegatingMethodAccessorImpl.java:25) ~[na:1.6.0_38]
	at java.lang.reflect.Method.invoke(Method.java:597) ~[na:1.6.0_38]
	at org.apache.maven.surefire.util.ReflectionUtils.invokeMethodWithArray(ReflectionUtils.java:164) [surefire-api-2.10.jar:2.10]
	at org.apache.maven.surefire.booter.ProviderFactory$ProviderProxy.invoke(ProviderFactory.java:110) [surefire-booter-2.10.jar:2.10]
	at org.apache.maven.surefire.booter.SurefireStarter.invokeProvider(SurefireStarter.java:175) [surefire-booter-2.10.jar:2.10]
	at org.apache.maven.surefire.booter.SurefireStarter.runSuitesInProcessWhenForked(SurefireStarter.java:107) [surefire-booter-2.10.jar:2.10]
	at org.apache.maven.surefire.booter.ForkedBooter.main(ForkedBooter.java:68) [surefire-booter-2.10.jar:2.10]
Caused by: org.springframework.beans.factory.BeanCreationException: Error creating bean with name &apos;adminResource&apos;: Injection of autowired dependencies failed; nested exception is org.springframework.beans.factory.BeanCreationException: Could not autowire field: private com.rackspace.search.service.JobService com.rackspace.search.endpoint.AdminResource.jobService; nested exception is org.springframework.beans.factory.CannotLoadBeanClassException: Cannot find class [com.rackspace.search.TestDatasource] for bean with name &apos;coreDataSource&apos; defined in class path resource [test-coreDbContext.xml]; nested exception is java.lang.ClassNotFoundException: com.rackspace.search.TestDatasource
	at org.springframework.beans.factory.annotation.AutowiredAnnotationBeanPostProcessor.postProcessPropertyValues(AutowiredAnnotationBeanPostProcessor.java:288) ~[spring-beans-3.0.6.RELEASE.jar:3.0.6.RELEASE]
	at org.springframework.beans.factory.support.AbstractAutowireCapableBeanFactory.populateBean(AbstractAutowireCapableBeanFactory.java:1074) ~[spring-beans-3.0.6.RELEASE.jar:3.0.6.RELEASE]
	at org.springframework.beans.factory.support.AbstractAutowireCapableBeanFactory.doCreateBean(AbstractAutowireCapableBeanFactory.java:517) ~[spring-beans-3.0.6.RELEASE.jar:3.0.6.RELEASE]
	at org.springframework.beans.factory.support.AbstractAutowireCapableBeanFactory.createBean(AbstractAutowireCapableBeanFactory.java:456) ~[spring-beans-3.0.6.RELEASE.jar:3.0.6.RELEASE]
	at org.springframework.beans.factory.support.AbstractBeanFactory$1.getObject(AbstractBeanFactory.java:293) ~[spring-beans-3.0.6.RELEASE.jar:3.0.6.RELEASE]
	at org.springframework.beans.factory.support.DefaultSingletonBeanRegistry.getSingleton(DefaultSingletonBeanRegistry.java:222) ~[spring-beans-3.0.6.RELEASE.jar:3.0.6.RELEASE]
	at org.springframework.beans.factory.support.AbstractBeanFactory.doGetBean(AbstractBeanFactory.java:290) ~[spring-beans-3.0.6.RELEASE.jar:3.0.6.RELEASE]
	at org.springframework.beans.factory.support.AbstractBeanFactory.getBean(AbstractBeanFactory.java:192) ~[spring-beans-3.0.6.RELEASE.jar:3.0.6.RELEASE]
	at org.springframework.beans.factory.support.DefaultListableBeanFactory.preInstantiateSingletons(DefaultListableBeanFactory.java:585) ~[spring-beans-3.0.6.RELEASE.jar:3.0.6.RELEASE]
	at org.springframework.context.support.AbstractApplicationContext.finishBeanFactoryInitialization(AbstractApplicationContext.java:895) ~[spring-context-3.0.6.RELEASE.jar:3.0.6.RELEASE]
	at org.springframework.context.support.AbstractApplicationContext.refresh(AbstractApplicationContext.java:425) ~[spring-context-3.0.6.RELEASE.jar:3.0.6.RELEASE]
	at org.springframework.test.context.support.AbstractGenericContextLoader.loadContext(AbstractGenericContextLoader.java:84) ~[spring-test-3.0.6.RELEASE.jar:3.0.6.RELEASE]
	at org.springframework.test.context.support.AbstractGenericContextLoader.loadContext(AbstractGenericContextLoader.java:1) ~[spring-test-3.0.6.RELEASE.jar:3.0.6.RELEASE]
	at org.springframework.test.context.TestContext.loadApplicationContext(TestContext.java:280) ~[spring-test-3.0.6.RELEASE.jar:3.0.6.RELEASE]
	at org.springframework.test.context.TestContext.getApplicationContext(TestContext.java:304) ~[spring-test-3.0.6.RELEASE.jar:3.0.6.RELEASE]
	... 51 common frames omitted
Caused by: org.springframework.beans.factory.BeanCreationException: Could not autowire field: private com.rackspace.search.service.JobService com.rackspace.search.endpoint.AdminResource.jobService; nested exception is org.springframework.beans.factory.CannotLoadBeanClassException: Cannot find class [com.rackspace.search.TestDatasource] for bean with name &apos;coreDataSource&apos; defined in class path resource [test-coreDbContext.xml]; nested exception is java.lang.ClassNotFoundException: com.rackspace.search.TestDatasource
	at org.springframework.beans.factory.annotation.AutowiredAnnotationBeanPostProcessor$AutowiredFieldElement.inject(AutowiredAnnotationBeanPostProcessor.java:508) ~[spring-beans-3.0.6.RELEASE.jar:3.0.6.RELEASE]
	at org.springframework.beans.factory.annotation.InjectionMetadata.inject(InjectionMetadata.java:84) ~[spring-beans-3.0.6.RELEASE.jar:3.0.6.RELEASE]
	at org.springframework.beans.factory.annotation.AutowiredAnnotationBeanPostProcessor.postProcessPropertyValues(AutowiredAnnotationBeanPostProcessor.java:285) ~[spring-beans-3.0.6.RELEASE.jar:3.0.6.RELEASE]
	... 65 common frames omitted
Caused by: org.springframework.beans.factory.CannotLoadBeanClassException: Cannot find class [com.rackspace.search.TestDatasource] for bean with name &apos;coreDataSource&apos; defined in class path resource [test-coreDbContext.xml]; nested exception is java.lang.ClassNotFoundException: com.rackspace.search.TestDatasource
	at org.springframework.beans.factory.support.AbstractBeanFactory.resolveBeanClass(AbstractBeanFactory.java:1261) ~[spring-beans-3.0.6.RELEASE.jar:3.0.6.RELEASE]
	at org.springframework.beans.factory.support.AbstractAutowireCapableBeanFactory.predictBeanType(AbstractAutowireCapableBeanFactory.java:576) ~[spring-beans-3.0.6.RELEASE.jar:3.0.6.RELEASE]
	at org.springframework.beans.factory.support.AbstractBeanFactory.isFactoryBean(AbstractBeanFactory.java:1330) ~[spring-beans-3.0.6.RELEASE.jar:3.0.6.RELEASE]
	at org.springframework.beans.factory.support.DefaultListableBeanFactory.getBeanNamesForType(DefaultListableBeanFactory.java:317) ~[spring-beans-3.0.6.RELEASE.jar:3.0.6.RELEASE]
	at org.springframework.beans.factory.BeanFactoryUtils.beanNamesForTypeIncludingAncestors(BeanFactoryUtils.java:185) ~[spring-beans-3.0.6.RELEASE.jar:3.0.6.RELEASE]
	at org.springframework.beans.factory.support.DefaultListableBeanFactory.findAutowireCandidates(DefaultListableBeanFactory.java:833) ~[spring-beans-3.0.6.RELEASE.jar:3.0.6.RELEASE]
	at org.springframework.beans.factory.support.DefaultListableBeanFactory.doResolveDependency(DefaultListableBeanFactory.java:790) ~[spring-beans-3.0.6.RELEASE.jar:3.0.6.RELEASE]
	at org.springframework.beans.factory.support.DefaultListableBeanFactory.resolveDependency(DefaultListableBeanFactory.java:707) ~[spring-beans-3.0.6.RELEASE.jar:3.0.6.RELEASE]
	at org.springframework.beans.factory.annotation.AutowiredAnnotationBeanPostProcessor$AutowiredFieldElement.inject(AutowiredAnnotationBeanPostProcessor.java:480) ~[spring-beans-3.0.6.RELEASE.jar:3.0.6.RELEASE]
	... 67 common frames omitted
Caused by: java.lang.ClassNotFoundException: com.rackspace.search.TestDatasource
	at java.net.URLClassLoader$1.run(URLClassLoader.java:202) ~[na:1.6.0_38]
	at java.security.AccessController.doPrivileged(Native Method) ~[na:1.6.0_38]
	at java.net.URLClassLoader.findClass(URLClassLoader.java:190) ~[na:1.6.0_38]
	at java.lang.ClassLoader.loadClass(ClassLoader.java:306) ~[na:1.6.0_38]
	at sun.misc.Launcher$AppClassLoader.loadClass(Launcher.java:301) ~[na:1.6.0_38]
	at java.lang.ClassLoader.loadClass(ClassLoader.java:247) ~[na:1.6.0_38]
	at org.springframework.util.ClassUtils.forName(ClassUtils.java:257) ~[spring-core-3.0.6.RELEASE.jar:3.0.6.RELEASE]
	at org.springframework.beans.factory.support.AbstractBeanDefinition.resolveBeanClass(AbstractBeanDefinition.java:408) ~[spring-beans-3.0.6.RELEASE.jar:3.0.6.RELEASE]
	at org.springframework.beans.factory.support.AbstractBeanFactory.doResolveBeanClass(AbstractBeanFactory.java:1282) ~[spring-beans-3.0.6.RELEASE.jar:3.0.6.RELEASE]
	at org.springframework.beans.factory.support.AbstractBeanFactory.resolveBeanClass(AbstractBeanFactory.java:1253) ~[spring-beans-3.0.6.RELEASE.jar:3.0.6.RELEASE]
	... 75 common frames omitted
</stdout>
          <failedSince>1</failedSince>
        </case>
        <case>
          <duration>0.502</duration>
          <className>com.rackspace.search.service.TicketSearchServiceTest</className>
          <testName>should get ticket</testName>
          <skipped>false</skipped>
          <errorStackTrace>java.lang.NullPointerException
	at com.rackspace.search.service.TicketSearchServiceTest.cleanup(TicketSearchServiceTest.groovy:30)
</errorStackTrace>
          <failedSince>1</failedSince>
        </case>
        <case>
          <duration>1.063</duration>
          <className>com.rackspace.search.service.TicketSearchServiceTest</className>
          <testName>should throw not found exception</testName>
          <skipped>false</skipped>
          <errorStackTrace>java.lang.IllegalStateException: Failed to load ApplicationContext
	at org.springframework.test.context.TestContext.getApplicationContext(TestContext.java:308)
	at org.springframework.test.context.support.DependencyInjectionTestExecutionListener.injectDependencies(DependencyInjectionTestExecutionListener.java:109)
	at org.springframework.test.context.support.DependencyInjectionTestExecutionListener.prepareTestInstance(DependencyInjectionTestExecutionListener.java:75)
	at org.springframework.test.context.TestContextManager.prepareTestInstance(TestContextManager.java:321)
	at org.spockframework.spring.SpringTestContextManager.prepareTestInstance(SpringTestContextManager.java:49)
	at org.spockframework.spring.SpringInterceptor.interceptSetupMethod(SpringInterceptor.java:42)
	at org.spockframework.runtime.extension.AbstractMethodInterceptor.intercept(AbstractMethodInterceptor.java:28)
	at org.spockframework.runtime.extension.MethodInvocation.proceed(MethodInvocation.java:84)
	at org.spockframework.util.ReflectionUtil.invokeMethod(ReflectionUtil.java:138)
	at org.spockframework.util.ReflectionUtil.invokeMethod(ReflectionUtil.java:138)
	at org.spockframework.util.ReflectionUtil.invokeMethod(ReflectionUtil.java:138)
	at org.apache.maven.surefire.junit4.JUnit4TestSet.execute(JUnit4TestSet.java:53)
	at org.apache.maven.surefire.junit4.JUnit4Provider.executeTestSet(JUnit4Provider.java:123)
	at org.apache.maven.surefire.junit4.JUnit4Provider.invoke(JUnit4Provider.java:104)
	at org.apache.maven.surefire.util.ReflectionUtils.invokeMethodWithArray(ReflectionUtils.java:164)
	at org.apache.maven.surefire.booter.ProviderFactory$ProviderProxy.invoke(ProviderFactory.java:110)
	at org.apache.maven.surefire.booter.SurefireStarter.invokeProvider(SurefireStarter.java:175)
	at org.apache.maven.surefire.booter.SurefireStarter.runSuitesInProcessWhenForked(SurefireStarter.java:107)
	at org.apache.maven.surefire.booter.ForkedBooter.main(ForkedBooter.java:68)
Caused by: org.springframework.beans.factory.BeanCreationException: Error creating bean with name &apos;adminResource&apos;: Injection of autowired dependencies failed; nested exception is org.springframework.beans.factory.BeanCreationException: Could not autowire field: private com.rackspace.search.service.JobService com.rackspace.search.endpoint.AdminResource.jobService; nested exception is org.springframework.beans.factory.CannotLoadBeanClassException: Cannot find class [com.rackspace.search.TestDatasource] for bean with name &apos;coreDataSource&apos; defined in class path resource [test-coreDbContext.xml]; nested exception is java.lang.ClassNotFoundException: com.rackspace.search.TestDatasource
	at org.springframework.beans.factory.annotation.AutowiredAnnotationBeanPostProcessor.postProcessPropertyValues(AutowiredAnnotationBeanPostProcessor.java:288)
	at org.springframework.beans.factory.support.AbstractAutowireCapableBeanFactory.populateBean(AbstractAutowireCapableBeanFactory.java:1074)
	at org.springframework.beans.factory.support.AbstractAutowireCapableBeanFactory.doCreateBean(AbstractAutowireCapableBeanFactory.java:517)
	at org.springframework.beans.factory.support.AbstractAutowireCapableBeanFactory.createBean(AbstractAutowireCapableBeanFactory.java:456)
	at org.springframework.beans.factory.support.AbstractBeanFactory$1.getObject(AbstractBeanFactory.java:293)
	at org.springframework.beans.factory.support.DefaultSingletonBeanRegistry.getSingleton(DefaultSingletonBeanRegistry.java:222)
	at org.springframework.beans.factory.support.AbstractBeanFactory.doGetBean(AbstractBeanFactory.java:290)
	at org.springframework.beans.factory.support.AbstractBeanFactory.getBean(AbstractBeanFactory.java:192)
	at org.springframework.beans.factory.support.DefaultListableBeanFactory.preInstantiateSingletons(DefaultListableBeanFactory.java:585)
	at org.springframework.context.support.AbstractApplicationContext.finishBeanFactoryInitialization(AbstractApplicationContext.java:895)
	at org.springframework.context.support.AbstractApplicationContext.refresh(AbstractApplicationContext.java:425)
	at org.springframework.test.context.support.AbstractGenericContextLoader.loadContext(AbstractGenericContextLoader.java:84)
	at org.springframework.test.context.support.AbstractGenericContextLoader.loadContext(AbstractGenericContextLoader.java:1)
	at org.springframework.test.context.TestContext.loadApplicationContext(TestContext.java:280)
	at org.springframework.test.context.TestContext.getApplicationContext(TestContext.java:304)
	... 18 more
Caused by: org.springframework.beans.factory.BeanCreationException: Could not autowire field: private com.rackspace.search.service.JobService com.rackspace.search.endpoint.AdminResource.jobService; nested exception is org.springframework.beans.factory.CannotLoadBeanClassException: Cannot find class [com.rackspace.search.TestDatasource] for bean with name &apos;coreDataSource&apos; defined in class path resource [test-coreDbContext.xml]; nested exception is java.lang.ClassNotFoundException: com.rackspace.search.TestDatasource
	at org.springframework.beans.factory.annotation.AutowiredAnnotationBeanPostProcessor$AutowiredFieldElement.inject(AutowiredAnnotationBeanPostProcessor.java:508)
	at org.springframework.beans.factory.annotation.InjectionMetadata.inject(InjectionMetadata.java:84)
	at org.springframework.beans.factory.annotation.AutowiredAnnotationBeanPostProcessor.postProcessPropertyValues(AutowiredAnnotationBeanPostProcessor.java:285)
	... 32 more
Caused by: org.springframework.beans.factory.CannotLoadBeanClassException: Cannot find class [com.rackspace.search.TestDatasource] for bean with name &apos;coreDataSource&apos; defined in class path resource [test-coreDbContext.xml]; nested exception is java.lang.ClassNotFoundException: com.rackspace.search.TestDatasource
	at org.springframework.beans.factory.support.AbstractBeanFactory.resolveBeanClass(AbstractBeanFactory.java:1261)
	at org.springframework.beans.factory.support.AbstractAutowireCapableBeanFactory.predictBeanType(AbstractAutowireCapableBeanFactory.java:576)
	at org.springframework.beans.factory.support.AbstractBeanFactory.isFactoryBean(AbstractBeanFactory.java:1330)
	at org.springframework.beans.factory.support.DefaultListableBeanFactory.getBeanNamesForType(DefaultListableBeanFactory.java:317)
	at org.springframework.beans.factory.BeanFactoryUtils.beanNamesForTypeIncludingAncestors(BeanFactoryUtils.java:185)
	at org.springframework.beans.factory.support.DefaultListableBeanFactory.findAutowireCandidates(DefaultListableBeanFactory.java:833)
	at org.springframework.beans.factory.support.DefaultListableBeanFactory.doResolveDependency(DefaultListableBeanFactory.java:790)
	at org.springframework.beans.factory.support.DefaultListableBeanFactory.resolveDependency(DefaultListableBeanFactory.java:707)
	at org.springframework.beans.factory.annotation.AutowiredAnnotationBeanPostProcessor$AutowiredFieldElement.inject(AutowiredAnnotationBeanPostProcessor.java:480)
	... 34 more
Caused by: java.lang.ClassNotFoundException: com.rackspace.search.TestDatasource
	at java.net.URLClassLoader$1.run(URLClassLoader.java:202)
	at java.net.URLClassLoader.findClass(URLClassLoader.java:190)
	at java.lang.ClassLoader.loadClass(ClassLoader.java:306)
	at sun.misc.Launcher$AppClassLoader.loadClass(Launcher.java:301)
	at java.lang.ClassLoader.loadClass(ClassLoader.java:247)
	at org.springframework.util.ClassUtils.forName(ClassUtils.java:257)
	at org.springframework.beans.factory.support.AbstractBeanDefinition.resolveBeanClass(AbstractBeanDefinition.java:408)
	at org.springframework.beans.factory.support.AbstractBeanFactory.doResolveBeanClass(AbstractBeanFactory.java:1282)
	at org.springframework.beans.factory.support.AbstractBeanFactory.resolveBeanClass(AbstractBeanFactory.java:1253)
	... 42 more
</errorStackTrace>
          <errorDetails>Failed to load ApplicationContext</errorDetails>
          <stdout>16:31:20.413 [main] INFO  c.r.s.common.property.PropertyProvider - Loading properties file from file [/var/lib/jenkins/jobs/Samatha Fork/workspace/service/target/properties/local/search.properties]
16:31:20.413 [main] INFO  c.r.s.common.property.PropertyProvider - Loading properties file from file [/var/lib/jenkins/jobs/Samatha Fork/workspace/service/target/properties/local/search.secrets.properties]
16:31:20.413 [main] INFO  c.r.s.common.property.PropertyProvider - Loading properties file from file [/var/lib/jenkins/jobs/Samatha Fork/workspace/service/target/properties/local/elasticsearch.properties]
16:31:20.433 [main] ERROR o.s.test.context.TestContextManager - Caught exception while allowing TestExecutionListener [org.springframework.test.context.support.DependencyInjectionTestExecutionListener@448d5a91] to prepare test instance [com.rackspace.search.service.TicketSearchServiceTest@2f984f7d]
java.lang.IllegalStateException: Failed to load ApplicationContext
	at org.springframework.test.context.TestContext.getApplicationContext(TestContext.java:308) ~[spring-test-3.0.6.RELEASE.jar:3.0.6.RELEASE]
	at org.springframework.test.context.support.DependencyInjectionTestExecutionListener.injectDependencies(DependencyInjectionTestExecutionListener.java:109) ~[spring-test-3.0.6.RELEASE.jar:3.0.6.RELEASE]
	at org.springframework.test.context.support.DependencyInjectionTestExecutionListener.prepareTestInstance(DependencyInjectionTestExecutionListener.java:75) ~[spring-test-3.0.6.RELEASE.jar:3.0.6.RELEASE]
	at org.springframework.test.context.TestContextManager.prepareTestInstance(TestContextManager.java:321) ~[spring-test-3.0.6.RELEASE.jar:3.0.6.RELEASE]
	at org.spockframework.spring.SpringTestContextManager.prepareTestInstance(SpringTestContextManager.java:49) [spock-spring-0.7-groovy-2.0.jar:na]
	at org.spockframework.spring.SpringInterceptor.interceptSetupMethod(SpringInterceptor.java:42) [spock-spring-0.7-groovy-2.0.jar:na]
	at org.spockframework.runtime.extension.AbstractMethodInterceptor.intercept(AbstractMethodInterceptor.java:28) [spock-core-0.7-groovy-2.0.jar:na]
	at org.spockframework.runtime.extension.MethodInvocation.proceed(MethodInvocation.java:84) [spock-core-0.7-groovy-2.0.jar:na]
	at org.spockframework.runtime.BaseSpecRunner.invoke(BaseSpecRunner.java:319) [spock-core-0.7-groovy-2.0.jar:na]
	at org.spockframework.runtime.BaseSpecRunner.invokeSetup(BaseSpecRunner.java:279) [spock-core-0.7-groovy-2.0.jar:na]
	at org.spockframework.runtime.BaseSpecRunner.doRunIteration(BaseSpecRunner.java:255) [spock-core-0.7-groovy-2.0.jar:na]
	at sun.reflect.GeneratedMethodAccessor6.invoke(Unknown Source) ~[na:na]
	at sun.reflect.DelegatingMethodAccessorImpl.invoke(DelegatingMethodAccessorImpl.java:25) ~[na:1.6.0_38]
	at java.lang.reflect.Method.invoke(Method.java:597) ~[na:1.6.0_38]
	at org.spockframework.util.ReflectionUtil.invokeMethod(ReflectionUtil.java:138) [spock-core-0.7-groovy-2.0.jar:na]
	at org.spockframework.runtime.BaseSpecRunner.invokeRaw(BaseSpecRunner.java:330) [spock-core-0.7-groovy-2.0.jar:na]
	at org.spockframework.runtime.BaseSpecRunner.invoke(BaseSpecRunner.java:311) [spock-core-0.7-groovy-2.0.jar:na]
	at org.spockframework.runtime.BaseSpecRunner.runIteration(BaseSpecRunner.java:223) [spock-core-0.7-groovy-2.0.jar:na]
	at org.spockframework.runtime.BaseSpecRunner.initializeAndRunIteration(BaseSpecRunner.java:214) [spock-core-0.7-groovy-2.0.jar:na]
	at org.spockframework.runtime.BaseSpecRunner.runSimpleFeature(BaseSpecRunner.java:205) [spock-core-0.7-groovy-2.0.jar:na]
	at org.spockframework.runtime.BaseSpecRunner.doRunFeature(BaseSpecRunner.java:199) [spock-core-0.7-groovy-2.0.jar:na]
	at sun.reflect.GeneratedMethodAccessor7.invoke(Unknown Source) ~[na:na]
	at sun.reflect.DelegatingMethodAccessorImpl.invoke(DelegatingMethodAccessorImpl.java:25) ~[na:1.6.0_38]
	at java.lang.reflect.Method.invoke(Method.java:597) ~[na:1.6.0_38]
	at org.spockframework.util.ReflectionUtil.invokeMethod(ReflectionUtil.java:138) [spock-core-0.7-groovy-2.0.jar:na]
	at org.spockframework.runtime.BaseSpecRunner.invokeRaw(BaseSpecRunner.java:330) [spock-core-0.7-groovy-2.0.jar:na]
	at org.spockframework.runtime.BaseSpecRunner.invoke(BaseSpecRunner.java:311) [spock-core-0.7-groovy-2.0.jar:na]
	at org.spockframework.runtime.BaseSpecRunner.runFeature(BaseSpecRunner.java:175) [spock-core-0.7-groovy-2.0.jar:na]
	at org.spockframework.runtime.BaseSpecRunner.runFeatures(BaseSpecRunner.java:152) [spock-core-0.7-groovy-2.0.jar:na]
	at org.spockframework.runtime.BaseSpecRunner.doRunSpec(BaseSpecRunner.java:112) [spock-core-0.7-groovy-2.0.jar:na]
	at sun.reflect.NativeMethodAccessorImpl.invoke0(Native Method) ~[na:1.6.0_38]
	at sun.reflect.NativeMethodAccessorImpl.invoke(NativeMethodAccessorImpl.java:39) ~[na:1.6.0_38]
	at sun.reflect.DelegatingMethodAccessorImpl.invoke(DelegatingMethodAccessorImpl.java:25) ~[na:1.6.0_38]
	at java.lang.reflect.Method.invoke(Method.java:597) ~[na:1.6.0_38]
	at org.spockframework.util.ReflectionUtil.invokeMethod(ReflectionUtil.java:138) [spock-core-0.7-groovy-2.0.jar:na]
	at org.spockframework.runtime.BaseSpecRunner.invokeRaw(BaseSpecRunner.java:330) [spock-core-0.7-groovy-2.0.jar:na]
	at org.spockframework.runtime.BaseSpecRunner.invoke(BaseSpecRunner.java:311) [spock-core-0.7-groovy-2.0.jar:na]
	at org.spockframework.runtime.BaseSpecRunner.runSpec(BaseSpecRunner.java:91) [spock-core-0.7-groovy-2.0.jar:na]
	at org.spockframework.runtime.BaseSpecRunner.run(BaseSpecRunner.java:82) [spock-core-0.7-groovy-2.0.jar:na]
	at org.spockframework.runtime.Sputnik.run(Sputnik.java:63) [spock-core-0.7-groovy-2.0.jar:na]
	at org.apache.maven.surefire.junit4.JUnit4TestSet.execute(JUnit4TestSet.java:53) [surefire-junit4-2.10.jar:2.10]
	at org.apache.maven.surefire.junit4.JUnit4Provider.executeTestSet(JUnit4Provider.java:123) [surefire-junit4-2.10.jar:2.10]
	at org.apache.maven.surefire.junit4.JUnit4Provider.invoke(JUnit4Provider.java:104) [surefire-junit4-2.10.jar:2.10]
	at sun.reflect.NativeMethodAccessorImpl.invoke0(Native Method) ~[na:1.6.0_38]
	at sun.reflect.NativeMethodAccessorImpl.invoke(NativeMethodAccessorImpl.java:39) ~[na:1.6.0_38]
	at sun.reflect.DelegatingMethodAccessorImpl.invoke(DelegatingMethodAccessorImpl.java:25) ~[na:1.6.0_38]
	at java.lang.reflect.Method.invoke(Method.java:597) ~[na:1.6.0_38]
	at org.apache.maven.surefire.util.ReflectionUtils.invokeMethodWithArray(ReflectionUtils.java:164) [surefire-api-2.10.jar:2.10]
	at org.apache.maven.surefire.booter.ProviderFactory$ProviderProxy.invoke(ProviderFactory.java:110) [surefire-booter-2.10.jar:2.10]
	at org.apache.maven.surefire.booter.SurefireStarter.invokeProvider(SurefireStarter.java:175) [surefire-booter-2.10.jar:2.10]
	at org.apache.maven.surefire.booter.SurefireStarter.runSuitesInProcessWhenForked(SurefireStarter.java:107) [surefire-booter-2.10.jar:2.10]
	at org.apache.maven.surefire.booter.ForkedBooter.main(ForkedBooter.java:68) [surefire-booter-2.10.jar:2.10]
Caused by: org.springframework.beans.factory.BeanCreationException: Error creating bean with name &apos;adminResource&apos;: Injection of autowired dependencies failed; nested exception is org.springframework.beans.factory.BeanCreationException: Could not autowire field: private com.rackspace.search.service.JobService com.rackspace.search.endpoint.AdminResource.jobService; nested exception is org.springframework.beans.factory.CannotLoadBeanClassException: Cannot find class [com.rackspace.search.TestDatasource] for bean with name &apos;coreDataSource&apos; defined in class path resource [test-coreDbContext.xml]; nested exception is java.lang.ClassNotFoundException: com.rackspace.search.TestDatasource
	at org.springframework.beans.factory.annotation.AutowiredAnnotationBeanPostProcessor.postProcessPropertyValues(AutowiredAnnotationBeanPostProcessor.java:288) ~[spring-beans-3.0.6.RELEASE.jar:3.0.6.RELEASE]
	at org.springframework.beans.factory.support.AbstractAutowireCapableBeanFactory.populateBean(AbstractAutowireCapableBeanFactory.java:1074) ~[spring-beans-3.0.6.RELEASE.jar:3.0.6.RELEASE]
	at org.springframework.beans.factory.support.AbstractAutowireCapableBeanFactory.doCreateBean(AbstractAutowireCapableBeanFactory.java:517) ~[spring-beans-3.0.6.RELEASE.jar:3.0.6.RELEASE]
	at org.springframework.beans.factory.support.AbstractAutowireCapableBeanFactory.createBean(AbstractAutowireCapableBeanFactory.java:456) ~[spring-beans-3.0.6.RELEASE.jar:3.0.6.RELEASE]
	at org.springframework.beans.factory.support.AbstractBeanFactory$1.getObject(AbstractBeanFactory.java:293) ~[spring-beans-3.0.6.RELEASE.jar:3.0.6.RELEASE]
	at org.springframework.beans.factory.support.DefaultSingletonBeanRegistry.getSingleton(DefaultSingletonBeanRegistry.java:222) ~[spring-beans-3.0.6.RELEASE.jar:3.0.6.RELEASE]
	at org.springframework.beans.factory.support.AbstractBeanFactory.doGetBean(AbstractBeanFactory.java:290) ~[spring-beans-3.0.6.RELEASE.jar:3.0.6.RELEASE]
	at org.springframework.beans.factory.support.AbstractBeanFactory.getBean(AbstractBeanFactory.java:192) ~[spring-beans-3.0.6.RELEASE.jar:3.0.6.RELEASE]
	at org.springframework.beans.factory.support.DefaultListableBeanFactory.preInstantiateSingletons(DefaultListableBeanFactory.java:585) ~[spring-beans-3.0.6.RELEASE.jar:3.0.6.RELEASE]
	at org.springframework.context.support.AbstractApplicationContext.finishBeanFactoryInitialization(AbstractApplicationContext.java:895) ~[spring-context-3.0.6.RELEASE.jar:3.0.6.RELEASE]
	at org.springframework.context.support.AbstractApplicationContext.refresh(AbstractApplicationContext.java:425) ~[spring-context-3.0.6.RELEASE.jar:3.0.6.RELEASE]
	at org.springframework.test.context.support.AbstractGenericContextLoader.loadContext(AbstractGenericContextLoader.java:84) ~[spring-test-3.0.6.RELEASE.jar:3.0.6.RELEASE]
	at org.springframework.test.context.support.AbstractGenericContextLoader.loadContext(AbstractGenericContextLoader.java:1) ~[spring-test-3.0.6.RELEASE.jar:3.0.6.RELEASE]
	at org.springframework.test.context.TestContext.loadApplicationContext(TestContext.java:280) ~[spring-test-3.0.6.RELEASE.jar:3.0.6.RELEASE]
	at org.springframework.test.context.TestContext.getApplicationContext(TestContext.java:304) ~[spring-test-3.0.6.RELEASE.jar:3.0.6.RELEASE]
	... 51 common frames omitted
Caused by: org.springframework.beans.factory.BeanCreationException: Could not autowire field: private com.rackspace.search.service.JobService com.rackspace.search.endpoint.AdminResource.jobService; nested exception is org.springframework.beans.factory.CannotLoadBeanClassException: Cannot find class [com.rackspace.search.TestDatasource] for bean with name &apos;coreDataSource&apos; defined in class path resource [test-coreDbContext.xml]; nested exception is java.lang.ClassNotFoundException: com.rackspace.search.TestDatasource
	at org.springframework.beans.factory.annotation.AutowiredAnnotationBeanPostProcessor$AutowiredFieldElement.inject(AutowiredAnnotationBeanPostProcessor.java:508) ~[spring-beans-3.0.6.RELEASE.jar:3.0.6.RELEASE]
	at org.springframework.beans.factory.annotation.InjectionMetadata.inject(InjectionMetadata.java:84) ~[spring-beans-3.0.6.RELEASE.jar:3.0.6.RELEASE]
	at org.springframework.beans.factory.annotation.AutowiredAnnotationBeanPostProcessor.postProcessPropertyValues(AutowiredAnnotationBeanPostProcessor.java:285) ~[spring-beans-3.0.6.RELEASE.jar:3.0.6.RELEASE]
	... 65 common frames omitted
Caused by: org.springframework.beans.factory.CannotLoadBeanClassException: Cannot find class [com.rackspace.search.TestDatasource] for bean with name &apos;coreDataSource&apos; defined in class path resource [test-coreDbContext.xml]; nested exception is java.lang.ClassNotFoundException: com.rackspace.search.TestDatasource
	at org.springframework.beans.factory.support.AbstractBeanFactory.resolveBeanClass(AbstractBeanFactory.java:1261) ~[spring-beans-3.0.6.RELEASE.jar:3.0.6.RELEASE]
	at org.springframework.beans.factory.support.AbstractAutowireCapableBeanFactory.predictBeanType(AbstractAutowireCapableBeanFactory.java:576) ~[spring-beans-3.0.6.RELEASE.jar:3.0.6.RELEASE]
	at org.springframework.beans.factory.support.AbstractBeanFactory.isFactoryBean(AbstractBeanFactory.java:1330) ~[spring-beans-3.0.6.RELEASE.jar:3.0.6.RELEASE]
	at org.springframework.beans.factory.support.DefaultListableBeanFactory.getBeanNamesForType(DefaultListableBeanFactory.java:317) ~[spring-beans-3.0.6.RELEASE.jar:3.0.6.RELEASE]
	at org.springframework.beans.factory.BeanFactoryUtils.beanNamesForTypeIncludingAncestors(BeanFactoryUtils.java:185) ~[spring-beans-3.0.6.RELEASE.jar:3.0.6.RELEASE]
	at org.springframework.beans.factory.support.DefaultListableBeanFactory.findAutowireCandidates(DefaultListableBeanFactory.java:833) ~[spring-beans-3.0.6.RELEASE.jar:3.0.6.RELEASE]
	at org.springframework.beans.factory.support.DefaultListableBeanFactory.doResolveDependency(DefaultListableBeanFactory.java:790) ~[spring-beans-3.0.6.RELEASE.jar:3.0.6.RELEASE]
	at org.springframework.beans.factory.support.DefaultListableBeanFactory.resolveDependency(DefaultListableBeanFactory.java:707) ~[spring-beans-3.0.6.RELEASE.jar:3.0.6.RELEASE]
	at org.springframework.beans.factory.annotation.AutowiredAnnotationBeanPostProcessor$AutowiredFieldElement.inject(AutowiredAnnotationBeanPostProcessor.java:480) ~[spring-beans-3.0.6.RELEASE.jar:3.0.6.RELEASE]
	... 67 common frames omitted
Caused by: java.lang.ClassNotFoundException: com.rackspace.search.TestDatasource
	at java.net.URLClassLoader$1.run(URLClassLoader.java:202) ~[na:1.6.0_38]
	at java.security.AccessController.doPrivileged(Native Method) ~[na:1.6.0_38]
	at java.net.URLClassLoader.findClass(URLClassLoader.java:190) ~[na:1.6.0_38]
	at java.lang.ClassLoader.loadClass(ClassLoader.java:306) ~[na:1.6.0_38]
	at sun.misc.Launcher$AppClassLoader.loadClass(Launcher.java:301) ~[na:1.6.0_38]
	at java.lang.ClassLoader.loadClass(ClassLoader.java:247) ~[na:1.6.0_38]
	at org.springframework.util.ClassUtils.forName(ClassUtils.java:257) ~[spring-core-3.0.6.RELEASE.jar:3.0.6.RELEASE]
	at org.springframework.beans.factory.support.AbstractBeanDefinition.resolveBeanClass(AbstractBeanDefinition.java:408) ~[spring-beans-3.0.6.RELEASE.jar:3.0.6.RELEASE]
	at org.springframework.beans.factory.support.AbstractBeanFactory.doResolveBeanClass(AbstractBeanFactory.java:1282) ~[spring-beans-3.0.6.RELEASE.jar:3.0.6.RELEASE]
	at org.springframework.beans.factory.support.AbstractBeanFactory.resolveBeanClass(AbstractBeanFactory.java:1253) ~[spring-beans-3.0.6.RELEASE.jar:3.0.6.RELEASE]
	... 75 common frames omitted
</stdout>
          <failedSince>1</failedSince>
        </case>
        <case>
          <duration>1.063</duration>
          <className>com.rackspace.search.service.TicketSearchServiceTest</className>
          <testName>should throw not found exception</testName>
          <skipped>false</skipped>
          <errorStackTrace>java.lang.NullPointerException
	at com.rackspace.search.service.TicketSearchServiceTest.cleanup(TicketSearchServiceTest.groovy:30)
</errorStackTrace>
          <failedSince>1</failedSince>
        </case>
      </cases>
    </suite>
    <suite>
      <file>/var/lib/jenkins/jobs/Samatha Fork/workspace/service/target/surefire-reports/TEST-com.rackspace.search.service.core.CoreTicketOnGoingSyncActorTest.xml</file>
      <name>com.rackspace.search.service.core.CoreTicketOnGoingSyncActorTest</name>
      <duration>0.43600002</duration>
      <cases>
        <case>
          <duration>0.41</duration>
          <className>com.rackspace.search.service.core.CoreTicketOnGoingSyncActorTest</className>
          <testName>should post data to searchClient</testName>
          <skipped>false</skipped>
          <failedSince>0</failedSince>
        </case>
        <case>
          <duration>0.02</duration>
          <className>com.rackspace.search.service.core.CoreTicketOnGoingSyncActorTest</className>
          <testName>multiple messages to actor result in posting multiple payloads to searchClient</testName>
          <skipped>false</skipped>
          <failedSince>0</failedSince>
        </case>
        <case>
          <duration>0.0060</duration>
          <className>com.rackspace.search.service.core.CoreTicketOnGoingSyncActorTest</className>
          <testName>should post data to searchClient If syncJob status is not STOPPED</testName>
          <skipped>false</skipped>
          <failedSince>0</failedSince>
        </case>
      </cases>
    </suite>
    <suite>
      <file>/var/lib/jenkins/jobs/Samatha Fork/workspace/service/target/surefire-reports/TEST-com.rackspace.search.service.core.CoreTicketOneTimeSyncJobTest.xml</file>
      <name>com.rackspace.search.service.core.CoreTicketOneTimeSyncJobTest</name>
      <duration>0.332</duration>
      <cases>
        <case>
          <duration>0.321</duration>
          <className>com.rackspace.search.service.core.CoreTicketOneTimeSyncJobTest</className>
          <testName>should test starting job</testName>
          <skipped>false</skipped>
          <failedSince>0</failedSince>
        </case>
        <case>
          <duration>0.0030</duration>
          <className>com.rackspace.search.service.core.CoreTicketOneTimeSyncJobTest</className>
          <testName>Job already running .. should throw exception</testName>
          <skipped>false</skipped>
          <failedSince>0</failedSince>
        </case>
        <case>
          <duration>0.0080</duration>
          <className>com.rackspace.search.service.core.CoreTicketOneTimeSyncJobTest</className>
          <testName>sync job not exists.. create new one</testName>
          <skipped>false</skipped>
          <failedSince>0</failedSince>
        </case>
      </cases>
    </suite>
    <suite>
      <file>/var/lib/jenkins/jobs/Samatha Fork/workspace/service/target/surefire-reports/TEST-com.rackspace.search.service.core.CoreTicketOnetimeSyncActorTest.xml</file>
      <name>com.rackspace.search.service.core.CoreTicketOnetimeSyncActorTest</name>
      <duration>0.020999998</duration>
      <cases>
        <case>
          <duration>0.01</duration>
          <className>com.rackspace.search.service.core.CoreTicketOnetimeSyncActorTest</className>
          <testName>should post data to searchClient</testName>
          <skipped>false</skipped>
          <failedSince>0</failedSince>
        </case>
        <case>
          <duration>0.0060</duration>
          <className>com.rackspace.search.service.core.CoreTicketOnetimeSyncActorTest</className>
          <testName>multiple messages to actor result in posting multiple payloads to searchClient</testName>
          <skipped>false</skipped>
          <failedSince>0</failedSince>
        </case>
        <case>
          <duration>0.0050</duration>
          <className>com.rackspace.search.service.core.CoreTicketOnetimeSyncActorTest</className>
          <testName>should test when completed message is sent</testName>
          <skipped>false</skipped>
          <failedSince>0</failedSince>
        </case>
      </cases>
    </suite>
    <suite>
      <file>/var/lib/jenkins/jobs/Samatha Fork/workspace/service/target/surefire-reports/TEST-com.rackspace.search.service.core.CoreTicketOngoingSyncJobTest.xml</file>
      <name>com.rackspace.search.service.core.CoreTicketOngoingSyncJobTest</name>
      <duration>1.128</duration>
      <cases>
        <case>
          <duration>1.102</duration>
          <className>com.rackspace.search.service.core.CoreTicketOngoingSyncJobTest</className>
          <testName>should test starting job</testName>
          <skipped>false</skipped>
          <failedSince>0</failedSince>
        </case>
        <case>
          <duration>0.013</duration>
          <className>com.rackspace.search.service.core.CoreTicketOngoingSyncJobTest</className>
          <testName>Job already running .. should throw exception</testName>
          <skipped>false</skipped>
          <failedSince>0</failedSince>
        </case>
        <case>
          <duration>0.013</duration>
          <className>com.rackspace.search.service.core.CoreTicketOngoingSyncJobTest</className>
          <testName>if the request Json have is_enabled false.. should update the job Status</testName>
          <skipped>false</skipped>
          <failedSince>0</failedSince>
        </case>
      </cases>
    </suite>
    <suite>
      <file>/var/lib/jenkins/jobs/Samatha Fork/workspace/service/target/surefire-reports/TEST-com.rackspace.search.service.core.CoreTicketProcessorTest.xml</file>
      <name>com.rackspace.search.service.core.CoreTicketProcessorTest</name>
      <duration>0.049</duration>
      <cases>
        <case>
          <duration>0.049</duration>
          <className>com.rackspace.search.service.core.CoreTicketProcessorTest</className>
          <testName>make sure date is converted to UTC time zone</testName>
          <skipped>false</skipped>
          <failedSince>0</failedSince>
        </case>
      </cases>
    </suite>
  </suites>
  <duration>14.054</duration>
  <keepLongStdio>false</keepLongStdio>
</result>