<?xml version='1.0' encoding='UTF-8'?>
<result>
  <suites>
    <suite>
      <file>/var/lib/jenkins/jobs/Samatha Fork/workspace/service/target/surefire-reports/TEST-com.rackspace.search.elasticsearch.client.ElasticSearchClientFactoryBeanTest.xml</file>
      <name>com.rackspace.search.elasticsearch.client.ElasticSearchClientFactoryBeanTest</name>
      <duration>2.696</duration>
      <cases>
        <case>
          <duration>1.379</duration>
          <className>com.rackspace.search.elasticsearch.client.ElasticSearchClientFactoryBeanTest</className>
          <testName>is Index exist</testName>
          <skipped>false</skipped>
          <errorStackTrace>java.lang.IllegalStateException: Failed to load ApplicationContext
	at org.springframework.test.context.TestContext.getApplicationContext(TestContext.java:308)
	at org.springframework.test.context.support.DependencyInjectionTestExecutionListener.injectDependencies(DependencyInjectionTestExecutionListener.java:109)
	at org.springframework.test.context.support.DependencyInjectionTestExecutionListener.prepareTestInstance(DependencyInjectionTestExecutionListener.java:75)
	at org.springframework.test.context.TestContextManager.prepareTestInstance(TestContextManager.java:321)
	at org.spockframework.spring.SpringTestContextManager.prepareTestInstance(SpringTestContextManager.java:49)
	at org.spockframework.spring.SpringInterceptor.interceptSetupMethod(SpringInterceptor.java:42)
	at org.spockframework.runtime.extension.AbstractMethodInterceptor.intercept(AbstractMethodInterceptor.java:28)
	at org.spockframework.runtime.extension.MethodInvocation.proceed(MethodInvocation.java:84)
	at org.spockframework.util.ReflectionUtil.invokeMethod(ReflectionUtil.java:138)
	at org.spockframework.util.ReflectionUtil.invokeMethod(ReflectionUtil.java:138)
	at org.spockframework.util.ReflectionUtil.invokeMethod(ReflectionUtil.java:138)
	at org.apache.maven.surefire.junit4.JUnit4TestSet.execute(JUnit4TestSet.java:53)
	at org.apache.maven.surefire.junit4.JUnit4Provider.executeTestSet(JUnit4Provider.java:123)
	at org.apache.maven.surefire.junit4.JUnit4Provider.invoke(JUnit4Provider.java:104)
	at org.apache.maven.surefire.util.ReflectionUtils.invokeMethodWithArray(ReflectionUtils.java:164)
	at org.apache.maven.surefire.booter.ProviderFactory$ProviderProxy.invoke(ProviderFactory.java:110)
	at org.apache.maven.surefire.booter.SurefireStarter.invokeProvider(SurefireStarter.java:175)
	at org.apache.maven.surefire.booter.SurefireStarter.runSuitesInProcessWhenForked(SurefireStarter.java:107)
	at org.apache.maven.surefire.booter.ForkedBooter.main(ForkedBooter.java:68)
Caused by: org.springframework.beans.factory.BeanCreationException: Error creating bean with name &apos;adminResource&apos;: Injection of autowired dependencies failed; nested exception is org.springframework.beans.factory.BeanCreationException: Could not autowire field: private com.rackspace.search.service.core.CoreTicketOngoingSyncJob com.rackspace.search.endpoint.AdminResource.coreTicketOngoingSyncJob; nested exception is org.springframework.beans.factory.BeanCreationException: Error creating bean with name &apos;coreTicketOngoingSyncJob&apos;: Invocation of init method failed; nested exception is org.elasticsearch.indices.IndexMissingException: [admin] missing
	at org.springframework.beans.factory.annotation.AutowiredAnnotationBeanPostProcessor.postProcessPropertyValues(AutowiredAnnotationBeanPostProcessor.java:288)
	at org.springframework.beans.factory.support.AbstractAutowireCapableBeanFactory.populateBean(AbstractAutowireCapableBeanFactory.java:1074)
	at org.springframework.beans.factory.support.AbstractAutowireCapableBeanFactory.doCreateBean(AbstractAutowireCapableBeanFactory.java:517)
	at org.springframework.beans.factory.support.AbstractAutowireCapableBeanFactory.createBean(AbstractAutowireCapableBeanFactory.java:456)
	at org.springframework.beans.factory.support.AbstractBeanFactory$1.getObject(AbstractBeanFactory.java:293)
	at org.springframework.beans.factory.support.DefaultSingletonBeanRegistry.getSingleton(DefaultSingletonBeanRegistry.java:222)
	at org.springframework.beans.factory.support.AbstractBeanFactory.doGetBean(AbstractBeanFactory.java:290)
	at org.springframework.beans.factory.support.AbstractBeanFactory.getBean(AbstractBeanFactory.java:192)
	at org.springframework.beans.factory.support.DefaultListableBeanFactory.preInstantiateSingletons(DefaultListableBeanFactory.java:585)
	at org.springframework.context.support.AbstractApplicationContext.finishBeanFactoryInitialization(AbstractApplicationContext.java:895)
	at org.springframework.context.support.AbstractApplicationContext.refresh(AbstractApplicationContext.java:425)
	at org.springframework.test.context.support.AbstractGenericContextLoader.loadContext(AbstractGenericContextLoader.java:84)
	at org.springframework.test.context.support.AbstractGenericContextLoader.loadContext(AbstractGenericContextLoader.java:1)
	at org.springframework.test.context.TestContext.loadApplicationContext(TestContext.java:280)
	at org.springframework.test.context.TestContext.getApplicationContext(TestContext.java:304)
	... 18 more
Caused by: org.springframework.beans.factory.BeanCreationException: Could not autowire field: private com.rackspace.search.service.core.CoreTicketOngoingSyncJob com.rackspace.search.endpoint.AdminResource.coreTicketOngoingSyncJob; nested exception is org.springframework.beans.factory.BeanCreationException: Error creating bean with name &apos;coreTicketOngoingSyncJob&apos;: Invocation of init method failed; nested exception is org.elasticsearch.indices.IndexMissingException: [admin] missing
	at org.springframework.beans.factory.annotation.AutowiredAnnotationBeanPostProcessor$AutowiredFieldElement.inject(AutowiredAnnotationBeanPostProcessor.java:508)
	at org.springframework.beans.factory.annotation.InjectionMetadata.inject(InjectionMetadata.java:84)
	at org.springframework.beans.factory.annotation.AutowiredAnnotationBeanPostProcessor.postProcessPropertyValues(AutowiredAnnotationBeanPostProcessor.java:285)
	... 32 more
Caused by: org.springframework.beans.factory.BeanCreationException: Error creating bean with name &apos;coreTicketOngoingSyncJob&apos;: Invocation of init method failed; nested exception is org.elasticsearch.indices.IndexMissingException: [admin] missing
	at org.springframework.beans.factory.annotation.InitDestroyAnnotationBeanPostProcessor.postProcessBeforeInitialization(InitDestroyAnnotationBeanPostProcessor.java:133)
	at org.springframework.beans.factory.support.AbstractAutowireCapableBeanFactory.applyBeanPostProcessorsBeforeInitialization(AbstractAutowireCapableBeanFactory.java:394)
	at org.springframework.beans.factory.support.AbstractAutowireCapableBeanFactory.initializeBean(AbstractAutowireCapableBeanFactory.java:1413)
	at org.springframework.beans.factory.support.AbstractAutowireCapableBeanFactory.doCreateBean(AbstractAutowireCapableBeanFactory.java:519)
	at org.springframework.beans.factory.support.AbstractAutowireCapableBeanFactory.createBean(AbstractAutowireCapableBeanFactory.java:456)
	at org.springframework.beans.factory.support.AbstractBeanFactory$1.getObject(AbstractBeanFactory.java:293)
	at org.springframework.beans.factory.support.DefaultSingletonBeanRegistry.getSingleton(DefaultSingletonBeanRegistry.java:222)
	at org.springframework.beans.factory.support.AbstractBeanFactory.doGetBean(AbstractBeanFactory.java:290)
	at org.springframework.beans.factory.support.AbstractBeanFactory.getBean(AbstractBeanFactory.java:192)
	at org.springframework.beans.factory.support.DefaultListableBeanFactory.findAutowireCandidates(DefaultListableBeanFactory.java:848)
	at org.springframework.beans.factory.support.DefaultListableBeanFactory.doResolveDependency(DefaultListableBeanFactory.java:790)
	at org.springframework.beans.factory.support.DefaultListableBeanFactory.resolveDependency(DefaultListableBeanFactory.java:707)
	at org.springframework.beans.factory.annotation.AutowiredAnnotationBeanPostProcessor$AutowiredFieldElement.inject(AutowiredAnnotationBeanPostProcessor.java:480)
	... 34 more
Caused by: org.elasticsearch.indices.IndexMissingException: [admin] missing
	at org.elasticsearch.cluster.metadata.MetaData.concreteIndex(MetaData.java:211)
	at org.elasticsearch.action.support.single.shard.TransportShardSingleOperationAction$AsyncSingleAction.&lt;init&gt;(TransportShardSingleOperationAction.java:107)
	at org.elasticsearch.action.support.single.shard.TransportShardSingleOperationAction$AsyncSingleAction.&lt;init&gt;(TransportShardSingleOperationAction.java:88)
	at org.elasticsearch.action.support.single.shard.TransportShardSingleOperationAction.doExecute(TransportShardSingleOperationAction.java:69)
	at org.elasticsearch.action.support.single.shard.TransportShardSingleOperationAction.doExecute(TransportShardSingleOperationAction.java:45)
	at org.elasticsearch.action.support.BaseAction.execute(BaseAction.java:61)
	at org.elasticsearch.client.node.NodeClient.get(NodeClient.java:152)
	at org.elasticsearch.client.action.get.GetRequestBuilder.doExecute(GetRequestBuilder.java:119)
	at org.elasticsearch.client.action.support.BaseRequestBuilder.execute(BaseRequestBuilder.java:56)
	at org.elasticsearch.client.action.support.BaseRequestBuilder.execute(BaseRequestBuilder.java:51)
	at com.rackspace.search.elasticsearch.client.ElasticSearchClient.getDocument(ElasticSearchClient.groovy:202)
	at com.rackspace.search.service.JobService.getJob(JobService.groovy:38)
	at com.rackspace.search.service.core.CoreTicketOngoingSyncJob.setupActivities(CoreTicketOnGoingSyncJob.groovy:54)
	at org.springframework.beans.factory.annotation.InitDestroyAnnotationBeanPostProcessor$LifecycleElement.invoke(InitDestroyAnnotationBeanPostProcessor.java:340)
	at org.springframework.beans.factory.annotation.InitDestroyAnnotationBeanPostProcessor$LifecycleMetadata.invokeInitMethods(InitDestroyAnnotationBeanPostProcessor.java:293)
	at org.springframework.beans.factory.annotation.InitDestroyAnnotationBeanPostProcessor.postProcessBeforeInitialization(InitDestroyAnnotationBeanPostProcessor.java:130)
	... 46 more
</errorStackTrace>
          <errorDetails>Failed to load ApplicationContext</errorDetails>
          <stdout>15:10:12.588 [main] INFO  c.r.s.common.property.PropertyProvider - Loading properties file from file [/var/lib/jenkins/jobs/Samatha Fork/workspace/service/target/properties/local/search.properties]
15:10:12.588 [main] INFO  c.r.s.common.property.PropertyProvider - Loading properties file from file [/var/lib/jenkins/jobs/Samatha Fork/workspace/service/target/properties/local/search.secrets.properties]
15:10:12.588 [main] INFO  c.r.s.common.property.PropertyProvider - Loading properties file from file [/var/lib/jenkins/jobs/Samatha Fork/workspace/service/target/properties/local/elasticsearch.properties]
15:10:12.604 [main] INFO  c.r.s.elasticsearch.ElasticSearchServer - Starting the Elastic Search server node:
15:10:12.607 [main] INFO  org.elasticsearch.node - [ticket.node] {elasticsearch/0.16.2}[12468]: initializing ...
15:10:12.607 [main] INFO  org.elasticsearch.plugins - [ticket.node] loaded []
15:10:12.849 [main] INFO  org.elasticsearch.node - [ticket.node] {elasticsearch/0.16.2}[12468]: initialized
15:10:12.850 [main] INFO  c.r.s.elasticsearch.ElasticSearchServer - Starting the Elastic Search server node with these settings:
15:10:12.851 [main] INFO  c.r.s.elasticsearch.ElasticSearchServer - Elasticsearch Settings :  [node.local:true, index.analysis.analyzer.search_standard.filter:[lowercase], elastic.config.path:/var/lib/jenkins/jobs/Samatha Fork/workspace/service/target/properties/local/elasticsearch, path.data:/var/lib/jenkins/jobs/Samatha Fork/workspace/service/target/elasticsearch/data, ticket.core.dateformat:yyyy-MM-dd HH:mm:ss, cluster.name:ticket.cluster, index.analysis.analyzer.search_standard.type:standard, path.conf:/var/lib/jenkins/jobs/Samatha Fork/workspace/service/target/properties/local/elasticsearch, core.api.password:qwerty, ticket.ongoingsync.delay.seconds:2000, name:ticket.node, path.logs:/var/lib/jenkins/jobs/Samatha Fork/workspace/service/target/elasticsearch/logs, http.enabled:true, index.number_of_replicas:0, ticket.document.idName:number, core.api.endpoint:https://ws.staging.core.rackspace.com/ctkapi, ticket.document.type:ticket, ticket.index.name:ticket, admin.index.name:admin, indices.structure:/indices_structure.json, index.store.fs.memory.enabled:false, index.number_of_shards:5, admin.document.type:syncJob, ticket.core.date.timezone:CST, ticket.search.allowedRangeParams:created_at,updated_at,last_public_response_date, ticket.search.allowedTermParams:source_system,number,created_at,updated_at,last_public_response_date,status,queue,category,priority,assignee.name,account.number, core.api.username:rcameron, ticket.elastic.dateformat:yyyy-MM-dd&apos;T&apos;HH:mm:ss.SSSZZ, discovery.zen.ping.multicast.enabled:false, action.auto_create_index:1, path.home:/var/lib/jenkins/jobs/Samatha Fork/workspace/service, path.work:/var/lib/jenkins/jobs/Samatha Fork/workspace/service/work, path.work_with_cluster:/var/lib/jenkins/jobs/Samatha Fork/workspace/service/work/ticket.cluster, path.data_with_cluster:/var/lib/jenkins/jobs/Samatha Fork/workspace/service/target/elasticsearch/data/ticket.cluster]
15:10:12.853 [main] INFO  org.elasticsearch.node - [ticket.node] {elasticsearch/0.16.2}[12468]: starting ...
15:10:12.854 [main] INFO  org.elasticsearch.transport - [ticket.node] bound_address {local[6]}, publish_address {local[6]}
15:10:12.855 [elasticsearch[ticket.node]clusterService#updateTask-pool-81-thread-1] INFO  org.elasticsearch.cluster.service - [ticket.node] new_master [ticket.node][6][local[6]]{local=true}, reason: local-disco-initial_connect(master)
15:10:13.718 [main] INFO  org.elasticsearch.discovery - [ticket.node] ticket.cluster/6
15:10:13.721 [elasticsearch[ticket.node]clusterService#updateTask-pool-81-thread-1] INFO  org.elasticsearch.gateway - [ticket.node] recovered [0] indices into cluster_state
15:10:13.722 [main] INFO  org.elasticsearch.http - [ticket.node] bound_address {inet[/0:0:0:0:0:0:0:0:9200]}, publish_address {inet[/10.14.208.252:9200]}
15:10:13.723 [main] INFO  org.elasticsearch.node - [ticket.node] {elasticsearch/0.16.2}[12468]: started
15:10:13.723 [main] INFO  c.r.s.elasticsearch.ElasticSearchServer - Elastic Search server is started.
15:10:13.724 [main] INFO  c.r.s.elasticsearch.ElasticSearchServer - ES cluster status is GREEN
15:10:13.783 [main] INFO  org.elasticsearch.node - [ticket.node] {elasticsearch/0.16.2}[12468]: stopping ...
15:10:13.786 [main] INFO  org.elasticsearch.node - [ticket.node] {elasticsearch/0.16.2}[12468]: stopped
15:10:13.786 [main] INFO  org.elasticsearch.node - [ticket.node] {elasticsearch/0.16.2}[12468]: closing ...
15:10:13.789 [main] INFO  org.elasticsearch.node - [ticket.node] {elasticsearch/0.16.2}[12468]: closed
15:10:13.796 [main] ERROR o.s.test.context.TestContextManager - Caught exception while allowing TestExecutionListener [org.springframework.test.context.support.DependencyInjectionTestExecutionListener@7344119b] to prepare test instance [com.rackspace.search.elasticsearch.client.ElasticSearchClientFactoryBeanTest@79e0123b]
java.lang.IllegalStateException: Failed to load ApplicationContext
	at org.springframework.test.context.TestContext.getApplicationContext(TestContext.java:308) ~[spring-test-3.0.6.RELEASE.jar:3.0.6.RELEASE]
	at org.springframework.test.context.support.DependencyInjectionTestExecutionListener.injectDependencies(DependencyInjectionTestExecutionListener.java:109) ~[spring-test-3.0.6.RELEASE.jar:3.0.6.RELEASE]
	at org.springframework.test.context.support.DependencyInjectionTestExecutionListener.prepareTestInstance(DependencyInjectionTestExecutionListener.java:75) ~[spring-test-3.0.6.RELEASE.jar:3.0.6.RELEASE]
	at org.springframework.test.context.TestContextManager.prepareTestInstance(TestContextManager.java:321) ~[spring-test-3.0.6.RELEASE.jar:3.0.6.RELEASE]
	at org.spockframework.spring.SpringTestContextManager.prepareTestInstance(SpringTestContextManager.java:49) [spock-spring-0.7-groovy-2.0.jar:na]
	at org.spockframework.spring.SpringInterceptor.interceptSetupMethod(SpringInterceptor.java:42) [spock-spring-0.7-groovy-2.0.jar:na]
	at org.spockframework.runtime.extension.AbstractMethodInterceptor.intercept(AbstractMethodInterceptor.java:28) [spock-core-0.7-groovy-2.0.jar:na]
	at org.spockframework.runtime.extension.MethodInvocation.proceed(MethodInvocation.java:84) [spock-core-0.7-groovy-2.0.jar:na]
	at org.spockframework.runtime.BaseSpecRunner.invoke(BaseSpecRunner.java:319) [spock-core-0.7-groovy-2.0.jar:na]
	at org.spockframework.runtime.BaseSpecRunner.invokeSetup(BaseSpecRunner.java:279) [spock-core-0.7-groovy-2.0.jar:na]
	at org.spockframework.runtime.BaseSpecRunner.doRunIteration(BaseSpecRunner.java:255) [spock-core-0.7-groovy-2.0.jar:na]
	at sun.reflect.GeneratedMethodAccessor11.invoke(Unknown Source) ~[na:na]
	at sun.reflect.DelegatingMethodAccessorImpl.invoke(DelegatingMethodAccessorImpl.java:25) ~[na:1.6.0_38]
	at java.lang.reflect.Method.invoke(Method.java:597) ~[na:1.6.0_38]
	at org.spockframework.util.ReflectionUtil.invokeMethod(ReflectionUtil.java:138) [spock-core-0.7-groovy-2.0.jar:na]
	at org.spockframework.runtime.BaseSpecRunner.invokeRaw(BaseSpecRunner.java:330) [spock-core-0.7-groovy-2.0.jar:na]
	at org.spockframework.runtime.BaseSpecRunner.invoke(BaseSpecRunner.java:311) [spock-core-0.7-groovy-2.0.jar:na]
	at org.spockframework.runtime.BaseSpecRunner.runIteration(BaseSpecRunner.java:223) [spock-core-0.7-groovy-2.0.jar:na]
	at org.spockframework.runtime.BaseSpecRunner.initializeAndRunIteration(BaseSpecRunner.java:214) [spock-core-0.7-groovy-2.0.jar:na]
	at org.spockframework.runtime.BaseSpecRunner.runSimpleFeature(BaseSpecRunner.java:205) [spock-core-0.7-groovy-2.0.jar:na]
	at org.spockframework.runtime.BaseSpecRunner.doRunFeature(BaseSpecRunner.java:199) [spock-core-0.7-groovy-2.0.jar:na]
	at sun.reflect.GeneratedMethodAccessor12.invoke(Unknown Source) ~[na:na]
	at sun.reflect.DelegatingMethodAccessorImpl.invoke(DelegatingMethodAccessorImpl.java:25) ~[na:1.6.0_38]
	at java.lang.reflect.Method.invoke(Method.java:597) ~[na:1.6.0_38]
	at org.spockframework.util.ReflectionUtil.invokeMethod(ReflectionUtil.java:138) [spock-core-0.7-groovy-2.0.jar:na]
	at org.spockframework.runtime.BaseSpecRunner.invokeRaw(BaseSpecRunner.java:330) [spock-core-0.7-groovy-2.0.jar:na]
	at org.spockframework.runtime.BaseSpecRunner.invoke(BaseSpecRunner.java:311) [spock-core-0.7-groovy-2.0.jar:na]
	at org.spockframework.runtime.BaseSpecRunner.runFeature(BaseSpecRunner.java:175) [spock-core-0.7-groovy-2.0.jar:na]
	at org.spockframework.runtime.BaseSpecRunner.runFeatures(BaseSpecRunner.java:152) [spock-core-0.7-groovy-2.0.jar:na]
	at org.spockframework.runtime.BaseSpecRunner.doRunSpec(BaseSpecRunner.java:112) [spock-core-0.7-groovy-2.0.jar:na]
	at sun.reflect.NativeMethodAccessorImpl.invoke0(Native Method) ~[na:1.6.0_38]
	at sun.reflect.NativeMethodAccessorImpl.invoke(NativeMethodAccessorImpl.java:39) ~[na:1.6.0_38]
	at sun.reflect.DelegatingMethodAccessorImpl.invoke(DelegatingMethodAccessorImpl.java:25) ~[na:1.6.0_38]
	at java.lang.reflect.Method.invoke(Method.java:597) ~[na:1.6.0_38]
	at org.spockframework.util.ReflectionUtil.invokeMethod(ReflectionUtil.java:138) [spock-core-0.7-groovy-2.0.jar:na]
	at org.spockframework.runtime.BaseSpecRunner.invokeRaw(BaseSpecRunner.java:330) [spock-core-0.7-groovy-2.0.jar:na]
	at org.spockframework.runtime.BaseSpecRunner.invoke(BaseSpecRunner.java:311) [spock-core-0.7-groovy-2.0.jar:na]
	at org.spockframework.runtime.BaseSpecRunner.runSpec(BaseSpecRunner.java:91) [spock-core-0.7-groovy-2.0.jar:na]
	at org.spockframework.runtime.BaseSpecRunner.run(BaseSpecRunner.java:82) [spock-core-0.7-groovy-2.0.jar:na]
	at org.spockframework.runtime.Sputnik.run(Sputnik.java:63) [spock-core-0.7-groovy-2.0.jar:na]
	at org.apache.maven.surefire.junit4.JUnit4TestSet.execute(JUnit4TestSet.java:53) [surefire-junit4-2.10.jar:2.10]
	at org.apache.maven.surefire.junit4.JUnit4Provider.executeTestSet(JUnit4Provider.java:123) [surefire-junit4-2.10.jar:2.10]
	at org.apache.maven.surefire.junit4.JUnit4Provider.invoke(JUnit4Provider.java:104) [surefire-junit4-2.10.jar:2.10]
	at sun.reflect.NativeMethodAccessorImpl.invoke0(Native Method) ~[na:1.6.0_38]
	at sun.reflect.NativeMethodAccessorImpl.invoke(NativeMethodAccessorImpl.java:39) ~[na:1.6.0_38]
	at sun.reflect.DelegatingMethodAccessorImpl.invoke(DelegatingMethodAccessorImpl.java:25) ~[na:1.6.0_38]
	at java.lang.reflect.Method.invoke(Method.java:597) ~[na:1.6.0_38]
	at org.apache.maven.surefire.util.ReflectionUtils.invokeMethodWithArray(ReflectionUtils.java:164) [surefire-api-2.10.jar:2.10]
	at org.apache.maven.surefire.booter.ProviderFactory$ProviderProxy.invoke(ProviderFactory.java:110) [surefire-booter-2.10.jar:2.10]
	at org.apache.maven.surefire.booter.SurefireStarter.invokeProvider(SurefireStarter.java:175) [surefire-booter-2.10.jar:2.10]
	at org.apache.maven.surefire.booter.SurefireStarter.runSuitesInProcessWhenForked(SurefireStarter.java:107) [surefire-booter-2.10.jar:2.10]
	at org.apache.maven.surefire.booter.ForkedBooter.main(ForkedBooter.java:68) [surefire-booter-2.10.jar:2.10]
Caused by: org.springframework.beans.factory.BeanCreationException: Error creating bean with name &apos;adminResource&apos;: Injection of autowired dependencies failed; nested exception is org.springframework.beans.factory.BeanCreationException: Could not autowire field: private com.rackspace.search.service.core.CoreTicketOngoingSyncJob com.rackspace.search.endpoint.AdminResource.coreTicketOngoingSyncJob; nested exception is org.springframework.beans.factory.BeanCreationException: Error creating bean with name &apos;coreTicketOngoingSyncJob&apos;: Invocation of init method failed; nested exception is org.elasticsearch.indices.IndexMissingException: [admin] missing
	at org.springframework.beans.factory.annotation.AutowiredAnnotationBeanPostProcessor.postProcessPropertyValues(AutowiredAnnotationBeanPostProcessor.java:288) ~[spring-beans-3.0.6.RELEASE.jar:3.0.6.RELEASE]
	at org.springframework.beans.factory.support.AbstractAutowireCapableBeanFactory.populateBean(AbstractAutowireCapableBeanFactory.java:1074) ~[spring-beans-3.0.6.RELEASE.jar:3.0.6.RELEASE]
	at org.springframework.beans.factory.support.AbstractAutowireCapableBeanFactory.doCreateBean(AbstractAutowireCapableBeanFactory.java:517) ~[spring-beans-3.0.6.RELEASE.jar:3.0.6.RELEASE]
	at org.springframework.beans.factory.support.AbstractAutowireCapableBeanFactory.createBean(AbstractAutowireCapableBeanFactory.java:456) ~[spring-beans-3.0.6.RELEASE.jar:3.0.6.RELEASE]
	at org.springframework.beans.factory.support.AbstractBeanFactory$1.getObject(AbstractBeanFactory.java:293) ~[spring-beans-3.0.6.RELEASE.jar:3.0.6.RELEASE]
	at org.springframework.beans.factory.support.DefaultSingletonBeanRegistry.getSingleton(DefaultSingletonBeanRegistry.java:222) ~[spring-beans-3.0.6.RELEASE.jar:3.0.6.RELEASE]
	at org.springframework.beans.factory.support.AbstractBeanFactory.doGetBean(AbstractBeanFactory.java:290) ~[spring-beans-3.0.6.RELEASE.jar:3.0.6.RELEASE]
	at org.springframework.beans.factory.support.AbstractBeanFactory.getBean(AbstractBeanFactory.java:192) ~[spring-beans-3.0.6.RELEASE.jar:3.0.6.RELEASE]
	at org.springframework.beans.factory.support.DefaultListableBeanFactory.preInstantiateSingletons(DefaultListableBeanFactory.java:585) ~[spring-beans-3.0.6.RELEASE.jar:3.0.6.RELEASE]
	at org.springframework.context.support.AbstractApplicationContext.finishBeanFactoryInitialization(AbstractApplicationContext.java:895) ~[spring-context-3.0.6.RELEASE.jar:3.0.6.RELEASE]
	at org.springframework.context.support.AbstractApplicationContext.refresh(AbstractApplicationContext.java:425) ~[spring-context-3.0.6.RELEASE.jar:3.0.6.RELEASE]
	at org.springframework.test.context.support.AbstractGenericContextLoader.loadContext(AbstractGenericContextLoader.java:84) ~[spring-test-3.0.6.RELEASE.jar:3.0.6.RELEASE]
	at org.springframework.test.context.support.AbstractGenericContextLoader.loadContext(AbstractGenericContextLoader.java:1) ~[spring-test-3.0.6.RELEASE.jar:3.0.6.RELEASE]
	at org.springframework.test.context.TestContext.loadApplicationContext(TestContext.java:280) ~[spring-test-3.0.6.RELEASE.jar:3.0.6.RELEASE]
	at org.springframework.test.context.TestContext.getApplicationContext(TestContext.java:304) ~[spring-test-3.0.6.RELEASE.jar:3.0.6.RELEASE]
	... 51 common frames omitted
Caused by: org.springframework.beans.factory.BeanCreationException: Could not autowire field: private com.rackspace.search.service.core.CoreTicketOngoingSyncJob com.rackspace.search.endpoint.AdminResource.coreTicketOngoingSyncJob; nested exception is org.springframework.beans.factory.BeanCreationException: Error creating bean with name &apos;coreTicketOngoingSyncJob&apos;: Invocation of init method failed; nested exception is org.elasticsearch.indices.IndexMissingException: [admin] missing
	at org.springframework.beans.factory.annotation.AutowiredAnnotationBeanPostProcessor$AutowiredFieldElement.inject(AutowiredAnnotationBeanPostProcessor.java:508) ~[spring-beans-3.0.6.RELEASE.jar:3.0.6.RELEASE]
	at org.springframework.beans.factory.annotation.InjectionMetadata.inject(InjectionMetadata.java:84) ~[spring-beans-3.0.6.RELEASE.jar:3.0.6.RELEASE]
	at org.springframework.beans.factory.annotation.AutowiredAnnotationBeanPostProcessor.postProcessPropertyValues(AutowiredAnnotationBeanPostProcessor.java:285) ~[spring-beans-3.0.6.RELEASE.jar:3.0.6.RELEASE]
	... 65 common frames omitted
Caused by: org.springframework.beans.factory.BeanCreationException: Error creating bean with name &apos;coreTicketOngoingSyncJob&apos;: Invocation of init method failed; nested exception is org.elasticsearch.indices.IndexMissingException: [admin] missing
	at org.springframework.beans.factory.annotation.InitDestroyAnnotationBeanPostProcessor.postProcessBeforeInitialization(InitDestroyAnnotationBeanPostProcessor.java:133) ~[spring-beans-3.0.6.RELEASE.jar:3.0.6.RELEASE]
	at org.springframework.beans.factory.support.AbstractAutowireCapableBeanFactory.applyBeanPostProcessorsBeforeInitialization(AbstractAutowireCapableBeanFactory.java:394) ~[spring-beans-3.0.6.RELEASE.jar:3.0.6.RELEASE]
	at org.springframework.beans.factory.support.AbstractAutowireCapableBeanFactory.initializeBean(AbstractAutowireCapableBeanFactory.java:1413) ~[spring-beans-3.0.6.RELEASE.jar:3.0.6.RELEASE]
	at org.springframework.beans.factory.support.AbstractAutowireCapableBeanFactory.doCreateBean(AbstractAutowireCapableBeanFactory.java:519) ~[spring-beans-3.0.6.RELEASE.jar:3.0.6.RELEASE]
	at org.springframework.beans.factory.support.AbstractAutowireCapableBeanFactory.createBean(AbstractAutowireCapableBeanFactory.java:456) ~[spring-beans-3.0.6.RELEASE.jar:3.0.6.RELEASE]
	at org.springframework.beans.factory.support.AbstractBeanFactory$1.getObject(AbstractBeanFactory.java:293) ~[spring-beans-3.0.6.RELEASE.jar:3.0.6.RELEASE]
	at org.springframework.beans.factory.support.DefaultSingletonBeanRegistry.getSingleton(DefaultSingletonBeanRegistry.java:222) ~[spring-beans-3.0.6.RELEASE.jar:3.0.6.RELEASE]
	at org.springframework.beans.factory.support.AbstractBeanFactory.doGetBean(AbstractBeanFactory.java:290) ~[spring-beans-3.0.6.RELEASE.jar:3.0.6.RELEASE]
	at org.springframework.beans.factory.support.AbstractBeanFactory.getBean(AbstractBeanFactory.java:192) ~[spring-beans-3.0.6.RELEASE.jar:3.0.6.RELEASE]
	at org.springframework.beans.factory.support.DefaultListableBeanFactory.findAutowireCandidates(DefaultListableBeanFactory.java:848) ~[spring-beans-3.0.6.RELEASE.jar:3.0.6.RELEASE]
	at org.springframework.beans.factory.support.DefaultListableBeanFactory.doResolveDependency(DefaultListableBeanFactory.java:790) ~[spring-beans-3.0.6.RELEASE.jar:3.0.6.RELEASE]
	at org.springframework.beans.factory.support.DefaultListableBeanFactory.resolveDependency(DefaultListableBeanFactory.java:707) ~[spring-beans-3.0.6.RELEASE.jar:3.0.6.RELEASE]
	at org.springframework.beans.factory.annotation.AutowiredAnnotationBeanPostProcessor$AutowiredFieldElement.inject(AutowiredAnnotationBeanPostProcessor.java:480) ~[spring-beans-3.0.6.RELEASE.jar:3.0.6.RELEASE]
	... 67 common frames omitted
Caused by: org.elasticsearch.indices.IndexMissingException: [admin] missing
	at org.elasticsearch.cluster.metadata.MetaData.concreteIndex(MetaData.java:211) ~[elasticsearch-0.16.2.jar:na]
	at org.elasticsearch.action.support.single.shard.TransportShardSingleOperationAction$AsyncSingleAction.&lt;init&gt;(TransportShardSingleOperationAction.java:107) ~[elasticsearch-0.16.2.jar:na]
	at org.elasticsearch.action.support.single.shard.TransportShardSingleOperationAction$AsyncSingleAction.&lt;init&gt;(TransportShardSingleOperationAction.java:88) ~[elasticsearch-0.16.2.jar:na]
	at org.elasticsearch.action.support.single.shard.TransportShardSingleOperationAction.doExecute(TransportShardSingleOperationAction.java:69) ~[elasticsearch-0.16.2.jar:na]
	at org.elasticsearch.action.support.single.shard.TransportShardSingleOperationAction.doExecute(TransportShardSingleOperationAction.java:45) ~[elasticsearch-0.16.2.jar:na]
	at org.elasticsearch.action.support.BaseAction.execute(BaseAction.java:61) ~[elasticsearch-0.16.2.jar:na]
	at org.elasticsearch.client.node.NodeClient.get(NodeClient.java:152) ~[elasticsearch-0.16.2.jar:na]
	at org.elasticsearch.client.action.get.GetRequestBuilder.doExecute(GetRequestBuilder.java:119) ~[elasticsearch-0.16.2.jar:na]
	at org.elasticsearch.client.action.support.BaseRequestBuilder.execute(BaseRequestBuilder.java:56) ~[elasticsearch-0.16.2.jar:na]
	at org.elasticsearch.client.action.support.BaseRequestBuilder.execute(BaseRequestBuilder.java:51) ~[elasticsearch-0.16.2.jar:na]
	at org.elasticsearch.client.action.RequestBuilder$execute.call(Unknown Source) ~[na:na]
	at com.rackspace.search.elasticsearch.client.ElasticSearchClient.getDocument(ElasticSearchClient.groovy:202) ~[classes/:na]
	at com.rackspace.search.elasticsearch.client.ElasticSearchClient$getDocument.call(Unknown Source) ~[na:na]
	at com.rackspace.search.service.JobService.getJob(JobService.groovy:38) ~[classes/:na]
	at com.rackspace.search.service.JobService$getJob.call(Unknown Source) ~[na:na]
	at com.rackspace.search.service.core.CoreTicketOngoingSyncJob.setupActivities(CoreTicketOnGoingSyncJob.groovy:54) ~[classes/:na]
	at sun.reflect.NativeMethodAccessorImpl.invoke0(Native Method) ~[na:1.6.0_38]
	at sun.reflect.NativeMethodAccessorImpl.invoke(NativeMethodAccessorImpl.java:39) ~[na:1.6.0_38]
	at sun.reflect.DelegatingMethodAccessorImpl.invoke(DelegatingMethodAccessorImpl.java:25) ~[na:1.6.0_38]
	at java.lang.reflect.Method.invoke(Method.java:597) ~[na:1.6.0_38]
	at org.springframework.beans.factory.annotation.InitDestroyAnnotationBeanPostProcessor$LifecycleElement.invoke(InitDestroyAnnotationBeanPostProcessor.java:340) ~[spring-beans-3.0.6.RELEASE.jar:3.0.6.RELEASE]
	at org.springframework.beans.factory.annotation.InitDestroyAnnotationBeanPostProcessor$LifecycleMetadata.invokeInitMethods(InitDestroyAnnotationBeanPostProcessor.java:293) ~[spring-beans-3.0.6.RELEASE.jar:3.0.6.RELEASE]
	at org.springframework.beans.factory.annotation.InitDestroyAnnotationBeanPostProcessor.postProcessBeforeInitialization(InitDestroyAnnotationBeanPostProcessor.java:130) ~[spring-beans-3.0.6.RELEASE.jar:3.0.6.RELEASE]
	... 79 common frames omitted
</stdout>
          <failedSince>1</failedSince>
        </case>
        <case>
          <duration>0.483</duration>
          <className>com.rackspace.search.elasticsearch.client.ElasticSearchClientFactoryBeanTest</className>
          <testName>validate Index Settings</testName>
          <skipped>false</skipped>
          <errorStackTrace>java.lang.IllegalStateException: Failed to load ApplicationContext
	at org.springframework.test.context.TestContext.getApplicationContext(TestContext.java:308)
	at org.springframework.test.context.support.DependencyInjectionTestExecutionListener.injectDependencies(DependencyInjectionTestExecutionListener.java:109)
	at org.springframework.test.context.support.DependencyInjectionTestExecutionListener.prepareTestInstance(DependencyInjectionTestExecutionListener.java:75)
	at org.springframework.test.context.TestContextManager.prepareTestInstance(TestContextManager.java:321)
	at org.spockframework.spring.SpringTestContextManager.prepareTestInstance(SpringTestContextManager.java:49)
	at org.spockframework.spring.SpringInterceptor.interceptSetupMethod(SpringInterceptor.java:42)
	at org.spockframework.runtime.extension.AbstractMethodInterceptor.intercept(AbstractMethodInterceptor.java:28)
	at org.spockframework.runtime.extension.MethodInvocation.proceed(MethodInvocation.java:84)
	at org.spockframework.util.ReflectionUtil.invokeMethod(ReflectionUtil.java:138)
	at org.spockframework.util.ReflectionUtil.invokeMethod(ReflectionUtil.java:138)
	at org.spockframework.util.ReflectionUtil.invokeMethod(ReflectionUtil.java:138)
	at org.apache.maven.surefire.junit4.JUnit4TestSet.execute(JUnit4TestSet.java:53)
	at org.apache.maven.surefire.junit4.JUnit4Provider.executeTestSet(JUnit4Provider.java:123)
	at org.apache.maven.surefire.junit4.JUnit4Provider.invoke(JUnit4Provider.java:104)
	at org.apache.maven.surefire.util.ReflectionUtils.invokeMethodWithArray(ReflectionUtils.java:164)
	at org.apache.maven.surefire.booter.ProviderFactory$ProviderProxy.invoke(ProviderFactory.java:110)
	at org.apache.maven.surefire.booter.SurefireStarter.invokeProvider(SurefireStarter.java:175)
	at org.apache.maven.surefire.booter.SurefireStarter.runSuitesInProcessWhenForked(SurefireStarter.java:107)
	at org.apache.maven.surefire.booter.ForkedBooter.main(ForkedBooter.java:68)
Caused by: org.springframework.beans.factory.BeanCreationException: Error creating bean with name &apos;adminResource&apos;: Injection of autowired dependencies failed; nested exception is org.springframework.beans.factory.BeanCreationException: Could not autowire field: private com.rackspace.search.service.core.CoreTicketOngoingSyncJob com.rackspace.search.endpoint.AdminResource.coreTicketOngoingSyncJob; nested exception is org.springframework.beans.factory.BeanCreationException: Error creating bean with name &apos;coreTicketOngoingSyncJob&apos;: Invocation of init method failed; nested exception is org.elasticsearch.indices.IndexMissingException: [admin] missing
	at org.springframework.beans.factory.annotation.AutowiredAnnotationBeanPostProcessor.postProcessPropertyValues(AutowiredAnnotationBeanPostProcessor.java:288)
	at org.springframework.beans.factory.support.AbstractAutowireCapableBeanFactory.populateBean(AbstractAutowireCapableBeanFactory.java:1074)
	at org.springframework.beans.factory.support.AbstractAutowireCapableBeanFactory.doCreateBean(AbstractAutowireCapableBeanFactory.java:517)
	at org.springframework.beans.factory.support.AbstractAutowireCapableBeanFactory.createBean(AbstractAutowireCapableBeanFactory.java:456)
	at org.springframework.beans.factory.support.AbstractBeanFactory$1.getObject(AbstractBeanFactory.java:293)
	at org.springframework.beans.factory.support.DefaultSingletonBeanRegistry.getSingleton(DefaultSingletonBeanRegistry.java:222)
	at org.springframework.beans.factory.support.AbstractBeanFactory.doGetBean(AbstractBeanFactory.java:290)
	at org.springframework.beans.factory.support.AbstractBeanFactory.getBean(AbstractBeanFactory.java:192)
	at org.springframework.beans.factory.support.DefaultListableBeanFactory.preInstantiateSingletons(DefaultListableBeanFactory.java:585)
	at org.springframework.context.support.AbstractApplicationContext.finishBeanFactoryInitialization(AbstractApplicationContext.java:895)
	at org.springframework.context.support.AbstractApplicationContext.refresh(AbstractApplicationContext.java:425)
	at org.springframework.test.context.support.AbstractGenericContextLoader.loadContext(AbstractGenericContextLoader.java:84)
	at org.springframework.test.context.support.AbstractGenericContextLoader.loadContext(AbstractGenericContextLoader.java:1)
	at org.springframework.test.context.TestContext.loadApplicationContext(TestContext.java:280)
	at org.springframework.test.context.TestContext.getApplicationContext(TestContext.java:304)
	... 18 more
Caused by: org.springframework.beans.factory.BeanCreationException: Could not autowire field: private com.rackspace.search.service.core.CoreTicketOngoingSyncJob com.rackspace.search.endpoint.AdminResource.coreTicketOngoingSyncJob; nested exception is org.springframework.beans.factory.BeanCreationException: Error creating bean with name &apos;coreTicketOngoingSyncJob&apos;: Invocation of init method failed; nested exception is org.elasticsearch.indices.IndexMissingException: [admin] missing
	at org.springframework.beans.factory.annotation.AutowiredAnnotationBeanPostProcessor$AutowiredFieldElement.inject(AutowiredAnnotationBeanPostProcessor.java:508)
	at org.springframework.beans.factory.annotation.InjectionMetadata.inject(InjectionMetadata.java:84)
	at org.springframework.beans.factory.annotation.AutowiredAnnotationBeanPostProcessor.postProcessPropertyValues(AutowiredAnnotationBeanPostProcessor.java:285)
	... 32 more
Caused by: org.springframework.beans.factory.BeanCreationException: Error creating bean with name &apos;coreTicketOngoingSyncJob&apos;: Invocation of init method failed; nested exception is org.elasticsearch.indices.IndexMissingException: [admin] missing
	at org.springframework.beans.factory.annotation.InitDestroyAnnotationBeanPostProcessor.postProcessBeforeInitialization(InitDestroyAnnotationBeanPostProcessor.java:133)
	at org.springframework.beans.factory.support.AbstractAutowireCapableBeanFactory.applyBeanPostProcessorsBeforeInitialization(AbstractAutowireCapableBeanFactory.java:394)
	at org.springframework.beans.factory.support.AbstractAutowireCapableBeanFactory.initializeBean(AbstractAutowireCapableBeanFactory.java:1413)
	at org.springframework.beans.factory.support.AbstractAutowireCapableBeanFactory.doCreateBean(AbstractAutowireCapableBeanFactory.java:519)
	at org.springframework.beans.factory.support.AbstractAutowireCapableBeanFactory.createBean(AbstractAutowireCapableBeanFactory.java:456)
	at org.springframework.beans.factory.support.AbstractBeanFactory$1.getObject(AbstractBeanFactory.java:293)
	at org.springframework.beans.factory.support.DefaultSingletonBeanRegistry.getSingleton(DefaultSingletonBeanRegistry.java:222)
	at org.springframework.beans.factory.support.AbstractBeanFactory.doGetBean(AbstractBeanFactory.java:290)
	at org.springframework.beans.factory.support.AbstractBeanFactory.getBean(AbstractBeanFactory.java:192)
	at org.springframework.beans.factory.support.DefaultListableBeanFactory.findAutowireCandidates(DefaultListableBeanFactory.java:848)
	at org.springframework.beans.factory.support.DefaultListableBeanFactory.doResolveDependency(DefaultListableBeanFactory.java:790)
	at org.springframework.beans.factory.support.DefaultListableBeanFactory.resolveDependency(DefaultListableBeanFactory.java:707)
	at org.springframework.beans.factory.annotation.AutowiredAnnotationBeanPostProcessor$AutowiredFieldElement.inject(AutowiredAnnotationBeanPostProcessor.java:480)
	... 34 more
Caused by: org.elasticsearch.indices.IndexMissingException: [admin] missing
	at org.elasticsearch.cluster.metadata.MetaData.concreteIndex(MetaData.java:211)
	at org.elasticsearch.action.support.single.shard.TransportShardSingleOperationAction$AsyncSingleAction.&lt;init&gt;(TransportShardSingleOperationAction.java:107)
	at org.elasticsearch.action.support.single.shard.TransportShardSingleOperationAction$AsyncSingleAction.&lt;init&gt;(TransportShardSingleOperationAction.java:88)
	at org.elasticsearch.action.support.single.shard.TransportShardSingleOperationAction.doExecute(TransportShardSingleOperationAction.java:69)
	at org.elasticsearch.action.support.single.shard.TransportShardSingleOperationAction.doExecute(TransportShardSingleOperationAction.java:45)
	at org.elasticsearch.action.support.BaseAction.execute(BaseAction.java:61)
	at org.elasticsearch.client.node.NodeClient.get(NodeClient.java:152)
	at org.elasticsearch.client.action.get.GetRequestBuilder.doExecute(GetRequestBuilder.java:119)
	at org.elasticsearch.client.action.support.BaseRequestBuilder.execute(BaseRequestBuilder.java:56)
	at org.elasticsearch.client.action.support.BaseRequestBuilder.execute(BaseRequestBuilder.java:51)
	at com.rackspace.search.elasticsearch.client.ElasticSearchClient.getDocument(ElasticSearchClient.groovy:202)
	at com.rackspace.search.service.JobService.getJob(JobService.groovy:38)
	at com.rackspace.search.service.core.CoreTicketOngoingSyncJob.setupActivities(CoreTicketOnGoingSyncJob.groovy:54)
	at org.springframework.beans.factory.annotation.InitDestroyAnnotationBeanPostProcessor$LifecycleElement.invoke(InitDestroyAnnotationBeanPostProcessor.java:340)
	at org.springframework.beans.factory.annotation.InitDestroyAnnotationBeanPostProcessor$LifecycleMetadata.invokeInitMethods(InitDestroyAnnotationBeanPostProcessor.java:293)
	at org.springframework.beans.factory.annotation.InitDestroyAnnotationBeanPostProcessor.postProcessBeforeInitialization(InitDestroyAnnotationBeanPostProcessor.java:130)
	... 46 more
</errorStackTrace>
          <errorDetails>Failed to load ApplicationContext</errorDetails>
          <stdout>15:10:13.991 [main] INFO  c.r.s.common.property.PropertyProvider - Loading properties file from file [/var/lib/jenkins/jobs/Samatha Fork/workspace/service/target/properties/local/search.properties]
15:10:13.991 [main] INFO  c.r.s.common.property.PropertyProvider - Loading properties file from file [/var/lib/jenkins/jobs/Samatha Fork/workspace/service/target/properties/local/search.secrets.properties]
15:10:13.991 [main] INFO  c.r.s.common.property.PropertyProvider - Loading properties file from file [/var/lib/jenkins/jobs/Samatha Fork/workspace/service/target/properties/local/elasticsearch.properties]
15:10:14.005 [main] INFO  c.r.s.elasticsearch.ElasticSearchServer - Starting the Elastic Search server node:
15:10:14.007 [main] INFO  org.elasticsearch.node - [ticket.node] {elasticsearch/0.16.2}[12468]: initializing ...
15:10:14.008 [main] INFO  org.elasticsearch.plugins - [ticket.node] loaded []
15:10:14.221 [main] INFO  org.elasticsearch.node - [ticket.node] {elasticsearch/0.16.2}[12468]: initialized
15:10:14.221 [main] INFO  c.r.s.elasticsearch.ElasticSearchServer - Starting the Elastic Search server node with these settings:
15:10:14.222 [main] INFO  c.r.s.elasticsearch.ElasticSearchServer - Elasticsearch Settings :  [node.local:true, index.analysis.analyzer.search_standard.filter:[lowercase], elastic.config.path:/var/lib/jenkins/jobs/Samatha Fork/workspace/service/target/properties/local/elasticsearch, path.data:/var/lib/jenkins/jobs/Samatha Fork/workspace/service/target/elasticsearch/data, ticket.core.dateformat:yyyy-MM-dd HH:mm:ss, cluster.name:ticket.cluster, index.analysis.analyzer.search_standard.type:standard, path.conf:/var/lib/jenkins/jobs/Samatha Fork/workspace/service/target/properties/local/elasticsearch, core.api.password:qwerty, ticket.ongoingsync.delay.seconds:2000, name:ticket.node, path.logs:/var/lib/jenkins/jobs/Samatha Fork/workspace/service/target/elasticsearch/logs, http.enabled:true, index.number_of_replicas:0, ticket.document.idName:number, core.api.endpoint:https://ws.staging.core.rackspace.com/ctkapi, ticket.document.type:ticket, ticket.index.name:ticket, admin.index.name:admin, indices.structure:/indices_structure.json, index.store.fs.memory.enabled:false, index.number_of_shards:5, admin.document.type:syncJob, ticket.core.date.timezone:CST, ticket.search.allowedRangeParams:created_at,updated_at,last_public_response_date, ticket.search.allowedTermParams:source_system,number,created_at,updated_at,last_public_response_date,status,queue,category,priority,assignee.name,account.number, core.api.username:rcameron, ticket.elastic.dateformat:yyyy-MM-dd&apos;T&apos;HH:mm:ss.SSSZZ, discovery.zen.ping.multicast.enabled:false, action.auto_create_index:1, path.home:/var/lib/jenkins/jobs/Samatha Fork/workspace/service, path.work:/var/lib/jenkins/jobs/Samatha Fork/workspace/service/work, path.work_with_cluster:/var/lib/jenkins/jobs/Samatha Fork/workspace/service/work/ticket.cluster, path.data_with_cluster:/var/lib/jenkins/jobs/Samatha Fork/workspace/service/target/elasticsearch/data/ticket.cluster]
15:10:14.223 [main] INFO  org.elasticsearch.node - [ticket.node] {elasticsearch/0.16.2}[12468]: starting ...
15:10:14.223 [main] INFO  org.elasticsearch.transport - [ticket.node] bound_address {local[7]}, publish_address {local[7]}
15:10:14.224 [elasticsearch[ticket.node]clusterService#updateTask-pool-95-thread-1] INFO  org.elasticsearch.cluster.service - [ticket.node] new_master [ticket.node][7][local[7]]{local=true}, reason: local-disco-initial_connect(master)
15:10:14.225 [main] INFO  org.elasticsearch.discovery - [ticket.node] ticket.cluster/7
15:10:14.229 [main] INFO  org.elasticsearch.http - [ticket.node] bound_address {inet[/0:0:0:0:0:0:0:0:9200]}, publish_address {inet[/10.14.208.252:9200]}
15:10:14.230 [main] INFO  org.elasticsearch.node - [ticket.node] {elasticsearch/0.16.2}[12468]: started
15:10:14.230 [main] INFO  c.r.s.elasticsearch.ElasticSearchServer - Elastic Search server is started.
15:10:14.230 [main] INFO  c.r.s.elasticsearch.ElasticSearchServer - ES cluster status is RED. Waiting for ES recovery.
15:10:14.237 [elasticsearch[ticket.node]clusterService#updateTask-pool-95-thread-1] INFO  org.elasticsearch.gateway - [ticket.node] recovered [0] indices into cluster_state
15:10:14.238 [main] INFO  c.r.s.elasticsearch.ElasticSearchServer - ES cluster status is GREEN
15:10:14.287 [main] INFO  org.elasticsearch.node - [ticket.node] {elasticsearch/0.16.2}[12468]: stopping ...
15:10:14.293 [main] INFO  org.elasticsearch.node - [ticket.node] {elasticsearch/0.16.2}[12468]: stopped
15:10:14.294 [main] INFO  org.elasticsearch.node - [ticket.node] {elasticsearch/0.16.2}[12468]: closing ...
15:10:14.297 [main] INFO  org.elasticsearch.node - [ticket.node] {elasticsearch/0.16.2}[12468]: closed
15:10:14.304 [main] ERROR o.s.test.context.TestContextManager - Caught exception while allowing TestExecutionListener [org.springframework.test.context.support.DependencyInjectionTestExecutionListener@7344119b] to prepare test instance [com.rackspace.search.elasticsearch.client.ElasticSearchClientFactoryBeanTest@4c93912f]
java.lang.IllegalStateException: Failed to load ApplicationContext
	at org.springframework.test.context.TestContext.getApplicationContext(TestContext.java:308) ~[spring-test-3.0.6.RELEASE.jar:3.0.6.RELEASE]
	at org.springframework.test.context.support.DependencyInjectionTestExecutionListener.injectDependencies(DependencyInjectionTestExecutionListener.java:109) ~[spring-test-3.0.6.RELEASE.jar:3.0.6.RELEASE]
	at org.springframework.test.context.support.DependencyInjectionTestExecutionListener.prepareTestInstance(DependencyInjectionTestExecutionListener.java:75) ~[spring-test-3.0.6.RELEASE.jar:3.0.6.RELEASE]
	at org.springframework.test.context.TestContextManager.prepareTestInstance(TestContextManager.java:321) ~[spring-test-3.0.6.RELEASE.jar:3.0.6.RELEASE]
	at org.spockframework.spring.SpringTestContextManager.prepareTestInstance(SpringTestContextManager.java:49) [spock-spring-0.7-groovy-2.0.jar:na]
	at org.spockframework.spring.SpringInterceptor.interceptSetupMethod(SpringInterceptor.java:42) [spock-spring-0.7-groovy-2.0.jar:na]
	at org.spockframework.runtime.extension.AbstractMethodInterceptor.intercept(AbstractMethodInterceptor.java:28) [spock-core-0.7-groovy-2.0.jar:na]
	at org.spockframework.runtime.extension.MethodInvocation.proceed(MethodInvocation.java:84) [spock-core-0.7-groovy-2.0.jar:na]
	at org.spockframework.runtime.BaseSpecRunner.invoke(BaseSpecRunner.java:319) [spock-core-0.7-groovy-2.0.jar:na]
	at org.spockframework.runtime.BaseSpecRunner.invokeSetup(BaseSpecRunner.java:279) [spock-core-0.7-groovy-2.0.jar:na]
	at org.spockframework.runtime.BaseSpecRunner.doRunIteration(BaseSpecRunner.java:255) [spock-core-0.7-groovy-2.0.jar:na]
	at sun.reflect.GeneratedMethodAccessor11.invoke(Unknown Source) ~[na:na]
	at sun.reflect.DelegatingMethodAccessorImpl.invoke(DelegatingMethodAccessorImpl.java:25) ~[na:1.6.0_38]
	at java.lang.reflect.Method.invoke(Method.java:597) ~[na:1.6.0_38]
	at org.spockframework.util.ReflectionUtil.invokeMethod(ReflectionUtil.java:138) [spock-core-0.7-groovy-2.0.jar:na]
	at org.spockframework.runtime.BaseSpecRunner.invokeRaw(BaseSpecRunner.java:330) [spock-core-0.7-groovy-2.0.jar:na]
	at org.spockframework.runtime.BaseSpecRunner.invoke(BaseSpecRunner.java:311) [spock-core-0.7-groovy-2.0.jar:na]
	at org.spockframework.runtime.BaseSpecRunner.runIteration(BaseSpecRunner.java:223) [spock-core-0.7-groovy-2.0.jar:na]
	at org.spockframework.runtime.BaseSpecRunner.initializeAndRunIteration(BaseSpecRunner.java:214) [spock-core-0.7-groovy-2.0.jar:na]
	at org.spockframework.runtime.BaseSpecRunner.runSimpleFeature(BaseSpecRunner.java:205) [spock-core-0.7-groovy-2.0.jar:na]
	at org.spockframework.runtime.BaseSpecRunner.doRunFeature(BaseSpecRunner.java:199) [spock-core-0.7-groovy-2.0.jar:na]
	at sun.reflect.GeneratedMethodAccessor12.invoke(Unknown Source) ~[na:na]
	at sun.reflect.DelegatingMethodAccessorImpl.invoke(DelegatingMethodAccessorImpl.java:25) ~[na:1.6.0_38]
	at java.lang.reflect.Method.invoke(Method.java:597) ~[na:1.6.0_38]
	at org.spockframework.util.ReflectionUtil.invokeMethod(ReflectionUtil.java:138) [spock-core-0.7-groovy-2.0.jar:na]
	at org.spockframework.runtime.BaseSpecRunner.invokeRaw(BaseSpecRunner.java:330) [spock-core-0.7-groovy-2.0.jar:na]
	at org.spockframework.runtime.BaseSpecRunner.invoke(BaseSpecRunner.java:311) [spock-core-0.7-groovy-2.0.jar:na]
	at org.spockframework.runtime.BaseSpecRunner.runFeature(BaseSpecRunner.java:175) [spock-core-0.7-groovy-2.0.jar:na]
	at org.spockframework.runtime.BaseSpecRunner.runFeatures(BaseSpecRunner.java:152) [spock-core-0.7-groovy-2.0.jar:na]
	at org.spockframework.runtime.BaseSpecRunner.doRunSpec(BaseSpecRunner.java:112) [spock-core-0.7-groovy-2.0.jar:na]
	at sun.reflect.NativeMethodAccessorImpl.invoke0(Native Method) ~[na:1.6.0_38]
	at sun.reflect.NativeMethodAccessorImpl.invoke(NativeMethodAccessorImpl.java:39) ~[na:1.6.0_38]
	at sun.reflect.DelegatingMethodAccessorImpl.invoke(DelegatingMethodAccessorImpl.java:25) ~[na:1.6.0_38]
	at java.lang.reflect.Method.invoke(Method.java:597) ~[na:1.6.0_38]
	at org.spockframework.util.ReflectionUtil.invokeMethod(ReflectionUtil.java:138) [spock-core-0.7-groovy-2.0.jar:na]
	at org.spockframework.runtime.BaseSpecRunner.invokeRaw(BaseSpecRunner.java:330) [spock-core-0.7-groovy-2.0.jar:na]
	at org.spockframework.runtime.BaseSpecRunner.invoke(BaseSpecRunner.java:311) [spock-core-0.7-groovy-2.0.jar:na]
	at org.spockframework.runtime.BaseSpecRunner.runSpec(BaseSpecRunner.java:91) [spock-core-0.7-groovy-2.0.jar:na]
	at org.spockframework.runtime.BaseSpecRunner.run(BaseSpecRunner.java:82) [spock-core-0.7-groovy-2.0.jar:na]
	at org.spockframework.runtime.Sputnik.run(Sputnik.java:63) [spock-core-0.7-groovy-2.0.jar:na]
	at org.apache.maven.surefire.junit4.JUnit4TestSet.execute(JUnit4TestSet.java:53) [surefire-junit4-2.10.jar:2.10]
	at org.apache.maven.surefire.junit4.JUnit4Provider.executeTestSet(JUnit4Provider.java:123) [surefire-junit4-2.10.jar:2.10]
	at org.apache.maven.surefire.junit4.JUnit4Provider.invoke(JUnit4Provider.java:104) [surefire-junit4-2.10.jar:2.10]
	at sun.reflect.NativeMethodAccessorImpl.invoke0(Native Method) ~[na:1.6.0_38]
	at sun.reflect.NativeMethodAccessorImpl.invoke(NativeMethodAccessorImpl.java:39) ~[na:1.6.0_38]
	at sun.reflect.DelegatingMethodAccessorImpl.invoke(DelegatingMethodAccessorImpl.java:25) ~[na:1.6.0_38]
	at java.lang.reflect.Method.invoke(Method.java:597) ~[na:1.6.0_38]
	at org.apache.maven.surefire.util.ReflectionUtils.invokeMethodWithArray(ReflectionUtils.java:164) [surefire-api-2.10.jar:2.10]
	at org.apache.maven.surefire.booter.ProviderFactory$ProviderProxy.invoke(ProviderFactory.java:110) [surefire-booter-2.10.jar:2.10]
	at org.apache.maven.surefire.booter.SurefireStarter.invokeProvider(SurefireStarter.java:175) [surefire-booter-2.10.jar:2.10]
	at org.apache.maven.surefire.booter.SurefireStarter.runSuitesInProcessWhenForked(SurefireStarter.java:107) [surefire-booter-2.10.jar:2.10]
	at org.apache.maven.surefire.booter.ForkedBooter.main(ForkedBooter.java:68) [surefire-booter-2.10.jar:2.10]
Caused by: org.springframework.beans.factory.BeanCreationException: Error creating bean with name &apos;adminResource&apos;: Injection of autowired dependencies failed; nested exception is org.springframework.beans.factory.BeanCreationException: Could not autowire field: private com.rackspace.search.service.core.CoreTicketOngoingSyncJob com.rackspace.search.endpoint.AdminResource.coreTicketOngoingSyncJob; nested exception is org.springframework.beans.factory.BeanCreationException: Error creating bean with name &apos;coreTicketOngoingSyncJob&apos;: Invocation of init method failed; nested exception is org.elasticsearch.indices.IndexMissingException: [admin] missing
	at org.springframework.beans.factory.annotation.AutowiredAnnotationBeanPostProcessor.postProcessPropertyValues(AutowiredAnnotationBeanPostProcessor.java:288) ~[spring-beans-3.0.6.RELEASE.jar:3.0.6.RELEASE]
	at org.springframework.beans.factory.support.AbstractAutowireCapableBeanFactory.populateBean(AbstractAutowireCapableBeanFactory.java:1074) ~[spring-beans-3.0.6.RELEASE.jar:3.0.6.RELEASE]
	at org.springframework.beans.factory.support.AbstractAutowireCapableBeanFactory.doCreateBean(AbstractAutowireCapableBeanFactory.java:517) ~[spring-beans-3.0.6.RELEASE.jar:3.0.6.RELEASE]
	at org.springframework.beans.factory.support.AbstractAutowireCapableBeanFactory.createBean(AbstractAutowireCapableBeanFactory.java:456) ~[spring-beans-3.0.6.RELEASE.jar:3.0.6.RELEASE]
	at org.springframework.beans.factory.support.AbstractBeanFactory$1.getObject(AbstractBeanFactory.java:293) ~[spring-beans-3.0.6.RELEASE.jar:3.0.6.RELEASE]
	at org.springframework.beans.factory.support.DefaultSingletonBeanRegistry.getSingleton(DefaultSingletonBeanRegistry.java:222) ~[spring-beans-3.0.6.RELEASE.jar:3.0.6.RELEASE]
	at org.springframework.beans.factory.support.AbstractBeanFactory.doGetBean(AbstractBeanFactory.java:290) ~[spring-beans-3.0.6.RELEASE.jar:3.0.6.RELEASE]
	at org.springframework.beans.factory.support.AbstractBeanFactory.getBean(AbstractBeanFactory.java:192) ~[spring-beans-3.0.6.RELEASE.jar:3.0.6.RELEASE]
	at org.springframework.beans.factory.support.DefaultListableBeanFactory.preInstantiateSingletons(DefaultListableBeanFactory.java:585) ~[spring-beans-3.0.6.RELEASE.jar:3.0.6.RELEASE]
	at org.springframework.context.support.AbstractApplicationContext.finishBeanFactoryInitialization(AbstractApplicationContext.java:895) ~[spring-context-3.0.6.RELEASE.jar:3.0.6.RELEASE]
	at org.springframework.context.support.AbstractApplicationContext.refresh(AbstractApplicationContext.java:425) ~[spring-context-3.0.6.RELEASE.jar:3.0.6.RELEASE]
	at org.springframework.test.context.support.AbstractGenericContextLoader.loadContext(AbstractGenericContextLoader.java:84) ~[spring-test-3.0.6.RELEASE.jar:3.0.6.RELEASE]
	at org.springframework.test.context.support.AbstractGenericContextLoader.loadContext(AbstractGenericContextLoader.java:1) ~[spring-test-3.0.6.RELEASE.jar:3.0.6.RELEASE]
	at org.springframework.test.context.TestContext.loadApplicationContext(TestContext.java:280) ~[spring-test-3.0.6.RELEASE.jar:3.0.6.RELEASE]
	at org.springframework.test.context.TestContext.getApplicationContext(TestContext.java:304) ~[spring-test-3.0.6.RELEASE.jar:3.0.6.RELEASE]
	... 51 common frames omitted
Caused by: org.springframework.beans.factory.BeanCreationException: Could not autowire field: private com.rackspace.search.service.core.CoreTicketOngoingSyncJob com.rackspace.search.endpoint.AdminResource.coreTicketOngoingSyncJob; nested exception is org.springframework.beans.factory.BeanCreationException: Error creating bean with name &apos;coreTicketOngoingSyncJob&apos;: Invocation of init method failed; nested exception is org.elasticsearch.indices.IndexMissingException: [admin] missing
	at org.springframework.beans.factory.annotation.AutowiredAnnotationBeanPostProcessor$AutowiredFieldElement.inject(AutowiredAnnotationBeanPostProcessor.java:508) ~[spring-beans-3.0.6.RELEASE.jar:3.0.6.RELEASE]
	at org.springframework.beans.factory.annotation.InjectionMetadata.inject(InjectionMetadata.java:84) ~[spring-beans-3.0.6.RELEASE.jar:3.0.6.RELEASE]
	at org.springframework.beans.factory.annotation.AutowiredAnnotationBeanPostProcessor.postProcessPropertyValues(AutowiredAnnotationBeanPostProcessor.java:285) ~[spring-beans-3.0.6.RELEASE.jar:3.0.6.RELEASE]
	... 65 common frames omitted
Caused by: org.springframework.beans.factory.BeanCreationException: Error creating bean with name &apos;coreTicketOngoingSyncJob&apos;: Invocation of init method failed; nested exception is org.elasticsearch.indices.IndexMissingException: [admin] missing
	at org.springframework.beans.factory.annotation.InitDestroyAnnotationBeanPostProcessor.postProcessBeforeInitialization(InitDestroyAnnotationBeanPostProcessor.java:133) ~[spring-beans-3.0.6.RELEASE.jar:3.0.6.RELEASE]
	at org.springframework.beans.factory.support.AbstractAutowireCapableBeanFactory.applyBeanPostProcessorsBeforeInitialization(AbstractAutowireCapableBeanFactory.java:394) ~[spring-beans-3.0.6.RELEASE.jar:3.0.6.RELEASE]
	at org.springframework.beans.factory.support.AbstractAutowireCapableBeanFactory.initializeBean(AbstractAutowireCapableBeanFactory.java:1413) ~[spring-beans-3.0.6.RELEASE.jar:3.0.6.RELEASE]
	at org.springframework.beans.factory.support.AbstractAutowireCapableBeanFactory.doCreateBean(AbstractAutowireCapableBeanFactory.java:519) ~[spring-beans-3.0.6.RELEASE.jar:3.0.6.RELEASE]
	at org.springframework.beans.factory.support.AbstractAutowireCapableBeanFactory.createBean(AbstractAutowireCapableBeanFactory.java:456) ~[spring-beans-3.0.6.RELEASE.jar:3.0.6.RELEASE]
	at org.springframework.beans.factory.support.AbstractBeanFactory$1.getObject(AbstractBeanFactory.java:293) ~[spring-beans-3.0.6.RELEASE.jar:3.0.6.RELEASE]
	at org.springframework.beans.factory.support.DefaultSingletonBeanRegistry.getSingleton(DefaultSingletonBeanRegistry.java:222) ~[spring-beans-3.0.6.RELEASE.jar:3.0.6.RELEASE]
	at org.springframework.beans.factory.support.AbstractBeanFactory.doGetBean(AbstractBeanFactory.java:290) ~[spring-beans-3.0.6.RELEASE.jar:3.0.6.RELEASE]
	at org.springframework.beans.factory.support.AbstractBeanFactory.getBean(AbstractBeanFactory.java:192) ~[spring-beans-3.0.6.RELEASE.jar:3.0.6.RELEASE]
	at org.springframework.beans.factory.support.DefaultListableBeanFactory.findAutowireCandidates(DefaultListableBeanFactory.java:848) ~[spring-beans-3.0.6.RELEASE.jar:3.0.6.RELEASE]
	at org.springframework.beans.factory.support.DefaultListableBeanFactory.doResolveDependency(DefaultListableBeanFactory.java:790) ~[spring-beans-3.0.6.RELEASE.jar:3.0.6.RELEASE]
	at org.springframework.beans.factory.support.DefaultListableBeanFactory.resolveDependency(DefaultListableBeanFactory.java:707) ~[spring-beans-3.0.6.RELEASE.jar:3.0.6.RELEASE]
	at org.springframework.beans.factory.annotation.AutowiredAnnotationBeanPostProcessor$AutowiredFieldElement.inject(AutowiredAnnotationBeanPostProcessor.java:480) ~[spring-beans-3.0.6.RELEASE.jar:3.0.6.RELEASE]
	... 67 common frames omitted
Caused by: org.elasticsearch.indices.IndexMissingException: [admin] missing
	at org.elasticsearch.cluster.metadata.MetaData.concreteIndex(MetaData.java:211) ~[elasticsearch-0.16.2.jar:na]
	at org.elasticsearch.action.support.single.shard.TransportShardSingleOperationAction$AsyncSingleAction.&lt;init&gt;(TransportShardSingleOperationAction.java:107) ~[elasticsearch-0.16.2.jar:na]
	at org.elasticsearch.action.support.single.shard.TransportShardSingleOperationAction$AsyncSingleAction.&lt;init&gt;(TransportShardSingleOperationAction.java:88) ~[elasticsearch-0.16.2.jar:na]
	at org.elasticsearch.action.support.single.shard.TransportShardSingleOperationAction.doExecute(TransportShardSingleOperationAction.java:69) ~[elasticsearch-0.16.2.jar:na]
	at org.elasticsearch.action.support.single.shard.TransportShardSingleOperationAction.doExecute(TransportShardSingleOperationAction.java:45) ~[elasticsearch-0.16.2.jar:na]
	at org.elasticsearch.action.support.BaseAction.execute(BaseAction.java:61) ~[elasticsearch-0.16.2.jar:na]
	at org.elasticsearch.client.node.NodeClient.get(NodeClient.java:152) ~[elasticsearch-0.16.2.jar:na]
	at org.elasticsearch.client.action.get.GetRequestBuilder.doExecute(GetRequestBuilder.java:119) ~[elasticsearch-0.16.2.jar:na]
	at org.elasticsearch.client.action.support.BaseRequestBuilder.execute(BaseRequestBuilder.java:56) ~[elasticsearch-0.16.2.jar:na]
	at org.elasticsearch.client.action.support.BaseRequestBuilder.execute(BaseRequestBuilder.java:51) ~[elasticsearch-0.16.2.jar:na]
	at org.elasticsearch.client.action.RequestBuilder$execute.call(Unknown Source) ~[na:na]
	at com.rackspace.search.elasticsearch.client.ElasticSearchClient.getDocument(ElasticSearchClient.groovy:202) ~[classes/:na]
	at com.rackspace.search.elasticsearch.client.ElasticSearchClient$getDocument.call(Unknown Source) ~[na:na]
	at com.rackspace.search.service.JobService.getJob(JobService.groovy:38) ~[classes/:na]
	at com.rackspace.search.service.JobService$getJob.call(Unknown Source) ~[na:na]
	at com.rackspace.search.service.core.CoreTicketOngoingSyncJob.setupActivities(CoreTicketOnGoingSyncJob.groovy:54) ~[classes/:na]
	at sun.reflect.NativeMethodAccessorImpl.invoke0(Native Method) ~[na:1.6.0_38]
	at sun.reflect.NativeMethodAccessorImpl.invoke(NativeMethodAccessorImpl.java:39) ~[na:1.6.0_38]
	at sun.reflect.DelegatingMethodAccessorImpl.invoke(DelegatingMethodAccessorImpl.java:25) ~[na:1.6.0_38]
	at java.lang.reflect.Method.invoke(Method.java:597) ~[na:1.6.0_38]
	at org.springframework.beans.factory.annotation.InitDestroyAnnotationBeanPostProcessor$LifecycleElement.invoke(InitDestroyAnnotationBeanPostProcessor.java:340) ~[spring-beans-3.0.6.RELEASE.jar:3.0.6.RELEASE]
	at org.springframework.beans.factory.annotation.InitDestroyAnnotationBeanPostProcessor$LifecycleMetadata.invokeInitMethods(InitDestroyAnnotationBeanPostProcessor.java:293) ~[spring-beans-3.0.6.RELEASE.jar:3.0.6.RELEASE]
	at org.springframework.beans.factory.annotation.InitDestroyAnnotationBeanPostProcessor.postProcessBeforeInitialization(InitDestroyAnnotationBeanPostProcessor.java:130) ~[spring-beans-3.0.6.RELEASE.jar:3.0.6.RELEASE]
	... 79 common frames omitted
</stdout>
          <failedSince>1</failedSince>
        </case>
        <case>
          <duration>0.834</duration>
          <className>com.rackspace.search.elasticsearch.client.ElasticSearchClientFactoryBeanTest</className>
          <testName>is Mapping Exist for type</testName>
          <skipped>false</skipped>
          <errorStackTrace>java.lang.IllegalStateException: Failed to load ApplicationContext
	at org.springframework.test.context.TestContext.getApplicationContext(TestContext.java:308)
	at org.springframework.test.context.support.DependencyInjectionTestExecutionListener.injectDependencies(DependencyInjectionTestExecutionListener.java:109)
	at org.springframework.test.context.support.DependencyInjectionTestExecutionListener.prepareTestInstance(DependencyInjectionTestExecutionListener.java:75)
	at org.springframework.test.context.TestContextManager.prepareTestInstance(TestContextManager.java:321)
	at org.spockframework.spring.SpringTestContextManager.prepareTestInstance(SpringTestContextManager.java:49)
	at org.spockframework.spring.SpringInterceptor.interceptSetupMethod(SpringInterceptor.java:42)
	at org.spockframework.runtime.extension.AbstractMethodInterceptor.intercept(AbstractMethodInterceptor.java:28)
	at org.spockframework.runtime.extension.MethodInvocation.proceed(MethodInvocation.java:84)
	at org.spockframework.util.ReflectionUtil.invokeMethod(ReflectionUtil.java:138)
	at org.spockframework.util.ReflectionUtil.invokeMethod(ReflectionUtil.java:138)
	at org.spockframework.util.ReflectionUtil.invokeMethod(ReflectionUtil.java:138)
	at org.apache.maven.surefire.junit4.JUnit4TestSet.execute(JUnit4TestSet.java:53)
	at org.apache.maven.surefire.junit4.JUnit4Provider.executeTestSet(JUnit4Provider.java:123)
	at org.apache.maven.surefire.junit4.JUnit4Provider.invoke(JUnit4Provider.java:104)
	at org.apache.maven.surefire.util.ReflectionUtils.invokeMethodWithArray(ReflectionUtils.java:164)
	at org.apache.maven.surefire.booter.ProviderFactory$ProviderProxy.invoke(ProviderFactory.java:110)
	at org.apache.maven.surefire.booter.SurefireStarter.invokeProvider(SurefireStarter.java:175)
	at org.apache.maven.surefire.booter.SurefireStarter.runSuitesInProcessWhenForked(SurefireStarter.java:107)
	at org.apache.maven.surefire.booter.ForkedBooter.main(ForkedBooter.java:68)
Caused by: org.springframework.beans.factory.BeanCreationException: Error creating bean with name &apos;adminResource&apos;: Injection of autowired dependencies failed; nested exception is org.springframework.beans.factory.BeanCreationException: Could not autowire field: private com.rackspace.search.service.core.CoreTicketOngoingSyncJob com.rackspace.search.endpoint.AdminResource.coreTicketOngoingSyncJob; nested exception is org.springframework.beans.factory.BeanCreationException: Error creating bean with name &apos;coreTicketOngoingSyncJob&apos;: Invocation of init method failed; nested exception is org.elasticsearch.indices.IndexMissingException: [admin] missing
	at org.springframework.beans.factory.annotation.AutowiredAnnotationBeanPostProcessor.postProcessPropertyValues(AutowiredAnnotationBeanPostProcessor.java:288)
	at org.springframework.beans.factory.support.AbstractAutowireCapableBeanFactory.populateBean(AbstractAutowireCapableBeanFactory.java:1074)
	at org.springframework.beans.factory.support.AbstractAutowireCapableBeanFactory.doCreateBean(AbstractAutowireCapableBeanFactory.java:517)
	at org.springframework.beans.factory.support.AbstractAutowireCapableBeanFactory.createBean(AbstractAutowireCapableBeanFactory.java:456)
	at org.springframework.beans.factory.support.AbstractBeanFactory$1.getObject(AbstractBeanFactory.java:293)
	at org.springframework.beans.factory.support.DefaultSingletonBeanRegistry.getSingleton(DefaultSingletonBeanRegistry.java:222)
	at org.springframework.beans.factory.support.AbstractBeanFactory.doGetBean(AbstractBeanFactory.java:290)
	at org.springframework.beans.factory.support.AbstractBeanFactory.getBean(AbstractBeanFactory.java:192)
	at org.springframework.beans.factory.support.DefaultListableBeanFactory.preInstantiateSingletons(DefaultListableBeanFactory.java:585)
	at org.springframework.context.support.AbstractApplicationContext.finishBeanFactoryInitialization(AbstractApplicationContext.java:895)
	at org.springframework.context.support.AbstractApplicationContext.refresh(AbstractApplicationContext.java:425)
	at org.springframework.test.context.support.AbstractGenericContextLoader.loadContext(AbstractGenericContextLoader.java:84)
	at org.springframework.test.context.support.AbstractGenericContextLoader.loadContext(AbstractGenericContextLoader.java:1)
	at org.springframework.test.context.TestContext.loadApplicationContext(TestContext.java:280)
	at org.springframework.test.context.TestContext.getApplicationContext(TestContext.java:304)
	... 18 more
Caused by: org.springframework.beans.factory.BeanCreationException: Could not autowire field: private com.rackspace.search.service.core.CoreTicketOngoingSyncJob com.rackspace.search.endpoint.AdminResource.coreTicketOngoingSyncJob; nested exception is org.springframework.beans.factory.BeanCreationException: Error creating bean with name &apos;coreTicketOngoingSyncJob&apos;: Invocation of init method failed; nested exception is org.elasticsearch.indices.IndexMissingException: [admin] missing
	at org.springframework.beans.factory.annotation.AutowiredAnnotationBeanPostProcessor$AutowiredFieldElement.inject(AutowiredAnnotationBeanPostProcessor.java:508)
	at org.springframework.beans.factory.annotation.InjectionMetadata.inject(InjectionMetadata.java:84)
	at org.springframework.beans.factory.annotation.AutowiredAnnotationBeanPostProcessor.postProcessPropertyValues(AutowiredAnnotationBeanPostProcessor.java:285)
	... 32 more
Caused by: org.springframework.beans.factory.BeanCreationException: Error creating bean with name &apos;coreTicketOngoingSyncJob&apos;: Invocation of init method failed; nested exception is org.elasticsearch.indices.IndexMissingException: [admin] missing
	at org.springframework.beans.factory.annotation.InitDestroyAnnotationBeanPostProcessor.postProcessBeforeInitialization(InitDestroyAnnotationBeanPostProcessor.java:133)
	at org.springframework.beans.factory.support.AbstractAutowireCapableBeanFactory.applyBeanPostProcessorsBeforeInitialization(AbstractAutowireCapableBeanFactory.java:394)
	at org.springframework.beans.factory.support.AbstractAutowireCapableBeanFactory.initializeBean(AbstractAutowireCapableBeanFactory.java:1413)
	at org.springframework.beans.factory.support.AbstractAutowireCapableBeanFactory.doCreateBean(AbstractAutowireCapableBeanFactory.java:519)
	at org.springframework.beans.factory.support.AbstractAutowireCapableBeanFactory.createBean(AbstractAutowireCapableBeanFactory.java:456)
	at org.springframework.beans.factory.support.AbstractBeanFactory$1.getObject(AbstractBeanFactory.java:293)
	at org.springframework.beans.factory.support.DefaultSingletonBeanRegistry.getSingleton(DefaultSingletonBeanRegistry.java:222)
	at org.springframework.beans.factory.support.AbstractBeanFactory.doGetBean(AbstractBeanFactory.java:290)
	at org.springframework.beans.factory.support.AbstractBeanFactory.getBean(AbstractBeanFactory.java:192)
	at org.springframework.beans.factory.support.DefaultListableBeanFactory.findAutowireCandidates(DefaultListableBeanFactory.java:848)
	at org.springframework.beans.factory.support.DefaultListableBeanFactory.doResolveDependency(DefaultListableBeanFactory.java:790)
	at org.springframework.beans.factory.support.DefaultListableBeanFactory.resolveDependency(DefaultListableBeanFactory.java:707)
	at org.springframework.beans.factory.annotation.AutowiredAnnotationBeanPostProcessor$AutowiredFieldElement.inject(AutowiredAnnotationBeanPostProcessor.java:480)
	... 34 more
Caused by: org.elasticsearch.indices.IndexMissingException: [admin] missing
	at org.elasticsearch.cluster.metadata.MetaData.concreteIndex(MetaData.java:211)
	at org.elasticsearch.action.support.single.shard.TransportShardSingleOperationAction$AsyncSingleAction.&lt;init&gt;(TransportShardSingleOperationAction.java:107)
	at org.elasticsearch.action.support.single.shard.TransportShardSingleOperationAction$AsyncSingleAction.&lt;init&gt;(TransportShardSingleOperationAction.java:88)
	at org.elasticsearch.action.support.single.shard.TransportShardSingleOperationAction.doExecute(TransportShardSingleOperationAction.java:69)
	at org.elasticsearch.action.support.single.shard.TransportShardSingleOperationAction.doExecute(TransportShardSingleOperationAction.java:45)
	at org.elasticsearch.action.support.BaseAction.execute(BaseAction.java:61)
	at org.elasticsearch.client.node.NodeClient.get(NodeClient.java:152)
	at org.elasticsearch.client.action.get.GetRequestBuilder.doExecute(GetRequestBuilder.java:119)
	at org.elasticsearch.client.action.support.BaseRequestBuilder.execute(BaseRequestBuilder.java:56)
	at org.elasticsearch.client.action.support.BaseRequestBuilder.execute(BaseRequestBuilder.java:51)
	at com.rackspace.search.elasticsearch.client.ElasticSearchClient.getDocument(ElasticSearchClient.groovy:202)
	at com.rackspace.search.service.JobService.getJob(JobService.groovy:38)
	at com.rackspace.search.service.core.CoreTicketOngoingSyncJob.setupActivities(CoreTicketOnGoingSyncJob.groovy:54)
	at org.springframework.beans.factory.annotation.InitDestroyAnnotationBeanPostProcessor$LifecycleElement.invoke(InitDestroyAnnotationBeanPostProcessor.java:340)
	at org.springframework.beans.factory.annotation.InitDestroyAnnotationBeanPostProcessor$LifecycleMetadata.invokeInitMethods(InitDestroyAnnotationBeanPostProcessor.java:293)
	at org.springframework.beans.factory.annotation.InitDestroyAnnotationBeanPostProcessor.postProcessBeforeInitialization(InitDestroyAnnotationBeanPostProcessor.java:130)
	... 46 more
</errorStackTrace>
          <errorDetails>Failed to load ApplicationContext</errorDetails>
          <stdout>15:10:14.695 [main] INFO  c.r.s.common.property.PropertyProvider - Loading properties file from file [/var/lib/jenkins/jobs/Samatha Fork/workspace/service/target/properties/local/search.properties]
15:10:14.695 [main] INFO  c.r.s.common.property.PropertyProvider - Loading properties file from file [/var/lib/jenkins/jobs/Samatha Fork/workspace/service/target/properties/local/search.secrets.properties]
15:10:14.695 [main] INFO  c.r.s.common.property.PropertyProvider - Loading properties file from file [/var/lib/jenkins/jobs/Samatha Fork/workspace/service/target/properties/local/elasticsearch.properties]
15:10:14.709 [main] INFO  c.r.s.elasticsearch.ElasticSearchServer - Starting the Elastic Search server node:
15:10:14.711 [main] INFO  org.elasticsearch.node - [ticket.node] {elasticsearch/0.16.2}[12468]: initializing ...
15:10:14.711 [main] INFO  org.elasticsearch.plugins - [ticket.node] loaded []
15:10:14.927 [main] INFO  org.elasticsearch.node - [ticket.node] {elasticsearch/0.16.2}[12468]: initialized
15:10:14.927 [main] INFO  c.r.s.elasticsearch.ElasticSearchServer - Starting the Elastic Search server node with these settings:
15:10:14.927 [main] INFO  c.r.s.elasticsearch.ElasticSearchServer - Elasticsearch Settings :  [node.local:true, index.analysis.analyzer.search_standard.filter:[lowercase], elastic.config.path:/var/lib/jenkins/jobs/Samatha Fork/workspace/service/target/properties/local/elasticsearch, path.data:/var/lib/jenkins/jobs/Samatha Fork/workspace/service/target/elasticsearch/data, ticket.core.dateformat:yyyy-MM-dd HH:mm:ss, cluster.name:ticket.cluster, index.analysis.analyzer.search_standard.type:standard, path.conf:/var/lib/jenkins/jobs/Samatha Fork/workspace/service/target/properties/local/elasticsearch, core.api.password:qwerty, ticket.ongoingsync.delay.seconds:2000, name:ticket.node, path.logs:/var/lib/jenkins/jobs/Samatha Fork/workspace/service/target/elasticsearch/logs, http.enabled:true, index.number_of_replicas:0, ticket.document.idName:number, core.api.endpoint:https://ws.staging.core.rackspace.com/ctkapi, ticket.document.type:ticket, ticket.index.name:ticket, admin.index.name:admin, indices.structure:/indices_structure.json, index.store.fs.memory.enabled:false, index.number_of_shards:5, admin.document.type:syncJob, ticket.core.date.timezone:CST, ticket.search.allowedRangeParams:created_at,updated_at,last_public_response_date, ticket.search.allowedTermParams:source_system,number,created_at,updated_at,last_public_response_date,status,queue,category,priority,assignee.name,account.number, core.api.username:rcameron, ticket.elastic.dateformat:yyyy-MM-dd&apos;T&apos;HH:mm:ss.SSSZZ, discovery.zen.ping.multicast.enabled:false, action.auto_create_index:1, path.home:/var/lib/jenkins/jobs/Samatha Fork/workspace/service, path.work:/var/lib/jenkins/jobs/Samatha Fork/workspace/service/work, path.work_with_cluster:/var/lib/jenkins/jobs/Samatha Fork/workspace/service/work/ticket.cluster, path.data_with_cluster:/var/lib/jenkins/jobs/Samatha Fork/workspace/service/target/elasticsearch/data/ticket.cluster]
15:10:14.928 [main] INFO  org.elasticsearch.node - [ticket.node] {elasticsearch/0.16.2}[12468]: starting ...
15:10:14.929 [main] INFO  org.elasticsearch.transport - [ticket.node] bound_address {local[8]}, publish_address {local[8]}
15:10:14.930 [elasticsearch[ticket.node]clusterService#updateTask-pool-109-thread-1] INFO  org.elasticsearch.cluster.service - [ticket.node] new_master [ticket.node][8][local[8]]{local=true}, reason: local-disco-initial_connect(master)
15:10:14.931 [main] INFO  org.elasticsearch.discovery - [ticket.node] ticket.cluster/8
15:10:14.936 [main] INFO  org.elasticsearch.http - [ticket.node] bound_address {inet[/0:0:0:0:0:0:0:0:9200]}, publish_address {inet[/10.14.208.252:9200]}
15:10:14.937 [main] INFO  org.elasticsearch.node - [ticket.node] {elasticsearch/0.16.2}[12468]: started
15:10:14.937 [main] INFO  c.r.s.elasticsearch.ElasticSearchServer - Elastic Search server is started.
15:10:14.943 [main] INFO  c.r.s.elasticsearch.ElasticSearchServer - ES cluster status is RED. Waiting for ES recovery.
15:10:14.944 [elasticsearch[ticket.node]clusterService#updateTask-pool-109-thread-1] INFO  org.elasticsearch.gateway - [ticket.node] recovered [0] indices into cluster_state
15:10:14.945 [main] INFO  c.r.s.elasticsearch.ElasticSearchServer - ES cluster status is GREEN
15:10:15.003 [main] INFO  org.elasticsearch.node - [ticket.node] {elasticsearch/0.16.2}[12468]: stopping ...
15:10:15.032 [main] INFO  org.elasticsearch.node - [ticket.node] {elasticsearch/0.16.2}[12468]: stopped
15:10:15.034 [main] INFO  org.elasticsearch.node - [ticket.node] {elasticsearch/0.16.2}[12468]: closing ...
15:10:15.037 [main] INFO  org.elasticsearch.node - [ticket.node] {elasticsearch/0.16.2}[12468]: closed
15:10:15.045 [main] ERROR o.s.test.context.TestContextManager - Caught exception while allowing TestExecutionListener [org.springframework.test.context.support.DependencyInjectionTestExecutionListener@7344119b] to prepare test instance [com.rackspace.search.elasticsearch.client.ElasticSearchClientFactoryBeanTest@22f1d7a]
java.lang.IllegalStateException: Failed to load ApplicationContext
	at org.springframework.test.context.TestContext.getApplicationContext(TestContext.java:308) ~[spring-test-3.0.6.RELEASE.jar:3.0.6.RELEASE]
	at org.springframework.test.context.support.DependencyInjectionTestExecutionListener.injectDependencies(DependencyInjectionTestExecutionListener.java:109) ~[spring-test-3.0.6.RELEASE.jar:3.0.6.RELEASE]
	at org.springframework.test.context.support.DependencyInjectionTestExecutionListener.prepareTestInstance(DependencyInjectionTestExecutionListener.java:75) ~[spring-test-3.0.6.RELEASE.jar:3.0.6.RELEASE]
	at org.springframework.test.context.TestContextManager.prepareTestInstance(TestContextManager.java:321) ~[spring-test-3.0.6.RELEASE.jar:3.0.6.RELEASE]
	at org.spockframework.spring.SpringTestContextManager.prepareTestInstance(SpringTestContextManager.java:49) [spock-spring-0.7-groovy-2.0.jar:na]
	at org.spockframework.spring.SpringInterceptor.interceptSetupMethod(SpringInterceptor.java:42) [spock-spring-0.7-groovy-2.0.jar:na]
	at org.spockframework.runtime.extension.AbstractMethodInterceptor.intercept(AbstractMethodInterceptor.java:28) [spock-core-0.7-groovy-2.0.jar:na]
	at org.spockframework.runtime.extension.MethodInvocation.proceed(MethodInvocation.java:84) [spock-core-0.7-groovy-2.0.jar:na]
	at org.spockframework.runtime.BaseSpecRunner.invoke(BaseSpecRunner.java:319) [spock-core-0.7-groovy-2.0.jar:na]
	at org.spockframework.runtime.BaseSpecRunner.invokeSetup(BaseSpecRunner.java:279) [spock-core-0.7-groovy-2.0.jar:na]
	at org.spockframework.runtime.BaseSpecRunner.doRunIteration(BaseSpecRunner.java:255) [spock-core-0.7-groovy-2.0.jar:na]
	at sun.reflect.GeneratedMethodAccessor11.invoke(Unknown Source) ~[na:na]
	at sun.reflect.DelegatingMethodAccessorImpl.invoke(DelegatingMethodAccessorImpl.java:25) ~[na:1.6.0_38]
	at java.lang.reflect.Method.invoke(Method.java:597) ~[na:1.6.0_38]
	at org.spockframework.util.ReflectionUtil.invokeMethod(ReflectionUtil.java:138) [spock-core-0.7-groovy-2.0.jar:na]
	at org.spockframework.runtime.BaseSpecRunner.invokeRaw(BaseSpecRunner.java:330) [spock-core-0.7-groovy-2.0.jar:na]
	at org.spockframework.runtime.BaseSpecRunner.invoke(BaseSpecRunner.java:311) [spock-core-0.7-groovy-2.0.jar:na]
	at org.spockframework.runtime.BaseSpecRunner.runIteration(BaseSpecRunner.java:223) [spock-core-0.7-groovy-2.0.jar:na]
	at org.spockframework.runtime.BaseSpecRunner.initializeAndRunIteration(BaseSpecRunner.java:214) [spock-core-0.7-groovy-2.0.jar:na]
	at org.spockframework.runtime.BaseSpecRunner.runSimpleFeature(BaseSpecRunner.java:205) [spock-core-0.7-groovy-2.0.jar:na]
	at org.spockframework.runtime.BaseSpecRunner.doRunFeature(BaseSpecRunner.java:199) [spock-core-0.7-groovy-2.0.jar:na]
	at sun.reflect.GeneratedMethodAccessor12.invoke(Unknown Source) ~[na:na]
	at sun.reflect.DelegatingMethodAccessorImpl.invoke(DelegatingMethodAccessorImpl.java:25) ~[na:1.6.0_38]
	at java.lang.reflect.Method.invoke(Method.java:597) ~[na:1.6.0_38]
	at org.spockframework.util.ReflectionUtil.invokeMethod(ReflectionUtil.java:138) [spock-core-0.7-groovy-2.0.jar:na]
	at org.spockframework.runtime.BaseSpecRunner.invokeRaw(BaseSpecRunner.java:330) [spock-core-0.7-groovy-2.0.jar:na]
	at org.spockframework.runtime.BaseSpecRunner.invoke(BaseSpecRunner.java:311) [spock-core-0.7-groovy-2.0.jar:na]
	at org.spockframework.runtime.BaseSpecRunner.runFeature(BaseSpecRunner.java:175) [spock-core-0.7-groovy-2.0.jar:na]
	at org.spockframework.runtime.BaseSpecRunner.runFeatures(BaseSpecRunner.java:152) [spock-core-0.7-groovy-2.0.jar:na]
	at org.spockframework.runtime.BaseSpecRunner.doRunSpec(BaseSpecRunner.java:112) [spock-core-0.7-groovy-2.0.jar:na]
	at sun.reflect.NativeMethodAccessorImpl.invoke0(Native Method) ~[na:1.6.0_38]
	at sun.reflect.NativeMethodAccessorImpl.invoke(NativeMethodAccessorImpl.java:39) ~[na:1.6.0_38]
	at sun.reflect.DelegatingMethodAccessorImpl.invoke(DelegatingMethodAccessorImpl.java:25) ~[na:1.6.0_38]
	at java.lang.reflect.Method.invoke(Method.java:597) ~[na:1.6.0_38]
	at org.spockframework.util.ReflectionUtil.invokeMethod(ReflectionUtil.java:138) [spock-core-0.7-groovy-2.0.jar:na]
	at org.spockframework.runtime.BaseSpecRunner.invokeRaw(BaseSpecRunner.java:330) [spock-core-0.7-groovy-2.0.jar:na]
	at org.spockframework.runtime.BaseSpecRunner.invoke(BaseSpecRunner.java:311) [spock-core-0.7-groovy-2.0.jar:na]
	at org.spockframework.runtime.BaseSpecRunner.runSpec(BaseSpecRunner.java:91) [spock-core-0.7-groovy-2.0.jar:na]
	at org.spockframework.runtime.BaseSpecRunner.run(BaseSpecRunner.java:82) [spock-core-0.7-groovy-2.0.jar:na]
	at org.spockframework.runtime.Sputnik.run(Sputnik.java:63) [spock-core-0.7-groovy-2.0.jar:na]
	at org.apache.maven.surefire.junit4.JUnit4TestSet.execute(JUnit4TestSet.java:53) [surefire-junit4-2.10.jar:2.10]
	at org.apache.maven.surefire.junit4.JUnit4Provider.executeTestSet(JUnit4Provider.java:123) [surefire-junit4-2.10.jar:2.10]
	at org.apache.maven.surefire.junit4.JUnit4Provider.invoke(JUnit4Provider.java:104) [surefire-junit4-2.10.jar:2.10]
	at sun.reflect.NativeMethodAccessorImpl.invoke0(Native Method) ~[na:1.6.0_38]
	at sun.reflect.NativeMethodAccessorImpl.invoke(NativeMethodAccessorImpl.java:39) ~[na:1.6.0_38]
	at sun.reflect.DelegatingMethodAccessorImpl.invoke(DelegatingMethodAccessorImpl.java:25) ~[na:1.6.0_38]
	at java.lang.reflect.Method.invoke(Method.java:597) ~[na:1.6.0_38]
	at org.apache.maven.surefire.util.ReflectionUtils.invokeMethodWithArray(ReflectionUtils.java:164) [surefire-api-2.10.jar:2.10]
	at org.apache.maven.surefire.booter.ProviderFactory$ProviderProxy.invoke(ProviderFactory.java:110) [surefire-booter-2.10.jar:2.10]
	at org.apache.maven.surefire.booter.SurefireStarter.invokeProvider(SurefireStarter.java:175) [surefire-booter-2.10.jar:2.10]
	at org.apache.maven.surefire.booter.SurefireStarter.runSuitesInProcessWhenForked(SurefireStarter.java:107) [surefire-booter-2.10.jar:2.10]
	at org.apache.maven.surefire.booter.ForkedBooter.main(ForkedBooter.java:68) [surefire-booter-2.10.jar:2.10]
Caused by: org.springframework.beans.factory.BeanCreationException: Error creating bean with name &apos;adminResource&apos;: Injection of autowired dependencies failed; nested exception is org.springframework.beans.factory.BeanCreationException: Could not autowire field: private com.rackspace.search.service.core.CoreTicketOngoingSyncJob com.rackspace.search.endpoint.AdminResource.coreTicketOngoingSyncJob; nested exception is org.springframework.beans.factory.BeanCreationException: Error creating bean with name &apos;coreTicketOngoingSyncJob&apos;: Invocation of init method failed; nested exception is org.elasticsearch.indices.IndexMissingException: [admin] missing
	at org.springframework.beans.factory.annotation.AutowiredAnnotationBeanPostProcessor.postProcessPropertyValues(AutowiredAnnotationBeanPostProcessor.java:288) ~[spring-beans-3.0.6.RELEASE.jar:3.0.6.RELEASE]
	at org.springframework.beans.factory.support.AbstractAutowireCapableBeanFactory.populateBean(AbstractAutowireCapableBeanFactory.java:1074) ~[spring-beans-3.0.6.RELEASE.jar:3.0.6.RELEASE]
	at org.springframework.beans.factory.support.AbstractAutowireCapableBeanFactory.doCreateBean(AbstractAutowireCapableBeanFactory.java:517) ~[spring-beans-3.0.6.RELEASE.jar:3.0.6.RELEASE]
	at org.springframework.beans.factory.support.AbstractAutowireCapableBeanFactory.createBean(AbstractAutowireCapableBeanFactory.java:456) ~[spring-beans-3.0.6.RELEASE.jar:3.0.6.RELEASE]
	at org.springframework.beans.factory.support.AbstractBeanFactory$1.getObject(AbstractBeanFactory.java:293) ~[spring-beans-3.0.6.RELEASE.jar:3.0.6.RELEASE]
	at org.springframework.beans.factory.support.DefaultSingletonBeanRegistry.getSingleton(DefaultSingletonBeanRegistry.java:222) ~[spring-beans-3.0.6.RELEASE.jar:3.0.6.RELEASE]
	at org.springframework.beans.factory.support.AbstractBeanFactory.doGetBean(AbstractBeanFactory.java:290) ~[spring-beans-3.0.6.RELEASE.jar:3.0.6.RELEASE]
	at org.springframework.beans.factory.support.AbstractBeanFactory.getBean(AbstractBeanFactory.java:192) ~[spring-beans-3.0.6.RELEASE.jar:3.0.6.RELEASE]
	at org.springframework.beans.factory.support.DefaultListableBeanFactory.preInstantiateSingletons(DefaultListableBeanFactory.java:585) ~[spring-beans-3.0.6.RELEASE.jar:3.0.6.RELEASE]
	at org.springframework.context.support.AbstractApplicationContext.finishBeanFactoryInitialization(AbstractApplicationContext.java:895) ~[spring-context-3.0.6.RELEASE.jar:3.0.6.RELEASE]
	at org.springframework.context.support.AbstractApplicationContext.refresh(AbstractApplicationContext.java:425) ~[spring-context-3.0.6.RELEASE.jar:3.0.6.RELEASE]
	at org.springframework.test.context.support.AbstractGenericContextLoader.loadContext(AbstractGenericContextLoader.java:84) ~[spring-test-3.0.6.RELEASE.jar:3.0.6.RELEASE]
	at org.springframework.test.context.support.AbstractGenericContextLoader.loadContext(AbstractGenericContextLoader.java:1) ~[spring-test-3.0.6.RELEASE.jar:3.0.6.RELEASE]
	at org.springframework.test.context.TestContext.loadApplicationContext(TestContext.java:280) ~[spring-test-3.0.6.RELEASE.jar:3.0.6.RELEASE]
	at org.springframework.test.context.TestContext.getApplicationContext(TestContext.java:304) ~[spring-test-3.0.6.RELEASE.jar:3.0.6.RELEASE]
	... 51 common frames omitted
Caused by: org.springframework.beans.factory.BeanCreationException: Could not autowire field: private com.rackspace.search.service.core.CoreTicketOngoingSyncJob com.rackspace.search.endpoint.AdminResource.coreTicketOngoingSyncJob; nested exception is org.springframework.beans.factory.BeanCreationException: Error creating bean with name &apos;coreTicketOngoingSyncJob&apos;: Invocation of init method failed; nested exception is org.elasticsearch.indices.IndexMissingException: [admin] missing
	at org.springframework.beans.factory.annotation.AutowiredAnnotationBeanPostProcessor$AutowiredFieldElement.inject(AutowiredAnnotationBeanPostProcessor.java:508) ~[spring-beans-3.0.6.RELEASE.jar:3.0.6.RELEASE]
	at org.springframework.beans.factory.annotation.InjectionMetadata.inject(InjectionMetadata.java:84) ~[spring-beans-3.0.6.RELEASE.jar:3.0.6.RELEASE]
	at org.springframework.beans.factory.annotation.AutowiredAnnotationBeanPostProcessor.postProcessPropertyValues(AutowiredAnnotationBeanPostProcessor.java:285) ~[spring-beans-3.0.6.RELEASE.jar:3.0.6.RELEASE]
	... 65 common frames omitted
Caused by: org.springframework.beans.factory.BeanCreationException: Error creating bean with name &apos;coreTicketOngoingSyncJob&apos;: Invocation of init method failed; nested exception is org.elasticsearch.indices.IndexMissingException: [admin] missing
	at org.springframework.beans.factory.annotation.InitDestroyAnnotationBeanPostProcessor.postProcessBeforeInitialization(InitDestroyAnnotationBeanPostProcessor.java:133) ~[spring-beans-3.0.6.RELEASE.jar:3.0.6.RELEASE]
	at org.springframework.beans.factory.support.AbstractAutowireCapableBeanFactory.applyBeanPostProcessorsBeforeInitialization(AbstractAutowireCapableBeanFactory.java:394) ~[spring-beans-3.0.6.RELEASE.jar:3.0.6.RELEASE]
	at org.springframework.beans.factory.support.AbstractAutowireCapableBeanFactory.initializeBean(AbstractAutowireCapableBeanFactory.java:1413) ~[spring-beans-3.0.6.RELEASE.jar:3.0.6.RELEASE]
	at org.springframework.beans.factory.support.AbstractAutowireCapableBeanFactory.doCreateBean(AbstractAutowireCapableBeanFactory.java:519) ~[spring-beans-3.0.6.RELEASE.jar:3.0.6.RELEASE]
	at org.springframework.beans.factory.support.AbstractAutowireCapableBeanFactory.createBean(AbstractAutowireCapableBeanFactory.java:456) ~[spring-beans-3.0.6.RELEASE.jar:3.0.6.RELEASE]
	at org.springframework.beans.factory.support.AbstractBeanFactory$1.getObject(AbstractBeanFactory.java:293) ~[spring-beans-3.0.6.RELEASE.jar:3.0.6.RELEASE]
	at org.springframework.beans.factory.support.DefaultSingletonBeanRegistry.getSingleton(DefaultSingletonBeanRegistry.java:222) ~[spring-beans-3.0.6.RELEASE.jar:3.0.6.RELEASE]
	at org.springframework.beans.factory.support.AbstractBeanFactory.doGetBean(AbstractBeanFactory.java:290) ~[spring-beans-3.0.6.RELEASE.jar:3.0.6.RELEASE]
	at org.springframework.beans.factory.support.AbstractBeanFactory.getBean(AbstractBeanFactory.java:192) ~[spring-beans-3.0.6.RELEASE.jar:3.0.6.RELEASE]
	at org.springframework.beans.factory.support.DefaultListableBeanFactory.findAutowireCandidates(DefaultListableBeanFactory.java:848) ~[spring-beans-3.0.6.RELEASE.jar:3.0.6.RELEASE]
	at org.springframework.beans.factory.support.DefaultListableBeanFactory.doResolveDependency(DefaultListableBeanFactory.java:790) ~[spring-beans-3.0.6.RELEASE.jar:3.0.6.RELEASE]
	at org.springframework.beans.factory.support.DefaultListableBeanFactory.resolveDependency(DefaultListableBeanFactory.java:707) ~[spring-beans-3.0.6.RELEASE.jar:3.0.6.RELEASE]
	at org.springframework.beans.factory.annotation.AutowiredAnnotationBeanPostProcessor$AutowiredFieldElement.inject(AutowiredAnnotationBeanPostProcessor.java:480) ~[spring-beans-3.0.6.RELEASE.jar:3.0.6.RELEASE]
	... 67 common frames omitted
Caused by: org.elasticsearch.indices.IndexMissingException: [admin] missing
	at org.elasticsearch.cluster.metadata.MetaData.concreteIndex(MetaData.java:211) ~[elasticsearch-0.16.2.jar:na]
	at org.elasticsearch.action.support.single.shard.TransportShardSingleOperationAction$AsyncSingleAction.&lt;init&gt;(TransportShardSingleOperationAction.java:107) ~[elasticsearch-0.16.2.jar:na]
	at org.elasticsearch.action.support.single.shard.TransportShardSingleOperationAction$AsyncSingleAction.&lt;init&gt;(TransportShardSingleOperationAction.java:88) ~[elasticsearch-0.16.2.jar:na]
	at org.elasticsearch.action.support.single.shard.TransportShardSingleOperationAction.doExecute(TransportShardSingleOperationAction.java:69) ~[elasticsearch-0.16.2.jar:na]
	at org.elasticsearch.action.support.single.shard.TransportShardSingleOperationAction.doExecute(TransportShardSingleOperationAction.java:45) ~[elasticsearch-0.16.2.jar:na]
	at org.elasticsearch.action.support.BaseAction.execute(BaseAction.java:61) ~[elasticsearch-0.16.2.jar:na]
	at org.elasticsearch.client.node.NodeClient.get(NodeClient.java:152) ~[elasticsearch-0.16.2.jar:na]
	at org.elasticsearch.client.action.get.GetRequestBuilder.doExecute(GetRequestBuilder.java:119) ~[elasticsearch-0.16.2.jar:na]
	at org.elasticsearch.client.action.support.BaseRequestBuilder.execute(BaseRequestBuilder.java:56) ~[elasticsearch-0.16.2.jar:na]
	at org.elasticsearch.client.action.support.BaseRequestBuilder.execute(BaseRequestBuilder.java:51) ~[elasticsearch-0.16.2.jar:na]
	at org.elasticsearch.client.action.RequestBuilder$execute.call(Unknown Source) ~[na:na]
	at com.rackspace.search.elasticsearch.client.ElasticSearchClient.getDocument(ElasticSearchClient.groovy:202) ~[classes/:na]
	at com.rackspace.search.elasticsearch.client.ElasticSearchClient$getDocument.call(Unknown Source) ~[na:na]
	at com.rackspace.search.service.JobService.getJob(JobService.groovy:38) ~[classes/:na]
	at com.rackspace.search.service.JobService$getJob.call(Unknown Source) ~[na:na]
	at com.rackspace.search.service.core.CoreTicketOngoingSyncJob.setupActivities(CoreTicketOnGoingSyncJob.groovy:54) ~[classes/:na]
	at sun.reflect.NativeMethodAccessorImpl.invoke0(Native Method) ~[na:1.6.0_38]
	at sun.reflect.NativeMethodAccessorImpl.invoke(NativeMethodAccessorImpl.java:39) ~[na:1.6.0_38]
	at sun.reflect.DelegatingMethodAccessorImpl.invoke(DelegatingMethodAccessorImpl.java:25) ~[na:1.6.0_38]
	at java.lang.reflect.Method.invoke(Method.java:597) ~[na:1.6.0_38]
	at org.springframework.beans.factory.annotation.InitDestroyAnnotationBeanPostProcessor$LifecycleElement.invoke(InitDestroyAnnotationBeanPostProcessor.java:340) ~[spring-beans-3.0.6.RELEASE.jar:3.0.6.RELEASE]
	at org.springframework.beans.factory.annotation.InitDestroyAnnotationBeanPostProcessor$LifecycleMetadata.invokeInitMethods(InitDestroyAnnotationBeanPostProcessor.java:293) ~[spring-beans-3.0.6.RELEASE.jar:3.0.6.RELEASE]
	at org.springframework.beans.factory.annotation.InitDestroyAnnotationBeanPostProcessor.postProcessBeforeInitialization(InitDestroyAnnotationBeanPostProcessor.java:130) ~[spring-beans-3.0.6.RELEASE.jar:3.0.6.RELEASE]
	... 79 common frames omitted
</stdout>
          <failedSince>1</failedSince>
        </case>
      </cases>
    </suite>
    <suite>
      <file>/var/lib/jenkins/jobs/Samatha Fork/workspace/service/target/surefire-reports/TEST-com.rackspace.search.elasticsearch.client.ElasticSearchClientTest.xml</file>
      <name>com.rackspace.search.elasticsearch.client.ElasticSearchClientTest</name>
      <duration>8.684</duration>
      <cases>
        <case>
          <duration>1.496</duration>
          <className>com.rackspace.search.elasticsearch.client.ElasticSearchClientTest</className>
          <testName>post bulk data</testName>
          <skipped>false</skipped>
          <errorStackTrace>java.lang.IllegalStateException: Failed to load ApplicationContext
	at org.springframework.test.context.TestContext.getApplicationContext(TestContext.java:308)
	at org.springframework.test.context.support.DependencyInjectionTestExecutionListener.injectDependencies(DependencyInjectionTestExecutionListener.java:109)
	at org.springframework.test.context.support.DependencyInjectionTestExecutionListener.prepareTestInstance(DependencyInjectionTestExecutionListener.java:75)
	at org.springframework.test.context.TestContextManager.prepareTestInstance(TestContextManager.java:321)
	at org.spockframework.spring.SpringTestContextManager.prepareTestInstance(SpringTestContextManager.java:49)
	at org.spockframework.spring.SpringInterceptor.interceptSetupMethod(SpringInterceptor.java:42)
	at org.spockframework.runtime.extension.AbstractMethodInterceptor.intercept(AbstractMethodInterceptor.java:28)
	at org.spockframework.runtime.extension.MethodInvocation.proceed(MethodInvocation.java:84)
	at org.spockframework.util.ReflectionUtil.invokeMethod(ReflectionUtil.java:138)
	at org.spockframework.util.ReflectionUtil.invokeMethod(ReflectionUtil.java:138)
	at org.spockframework.util.ReflectionUtil.invokeMethod(ReflectionUtil.java:138)
	at org.apache.maven.surefire.junit4.JUnit4TestSet.execute(JUnit4TestSet.java:53)
	at org.apache.maven.surefire.junit4.JUnit4Provider.executeTestSet(JUnit4Provider.java:123)
	at org.apache.maven.surefire.junit4.JUnit4Provider.invoke(JUnit4Provider.java:104)
	at org.apache.maven.surefire.util.ReflectionUtils.invokeMethodWithArray(ReflectionUtils.java:164)
	at org.apache.maven.surefire.booter.ProviderFactory$ProviderProxy.invoke(ProviderFactory.java:110)
	at org.apache.maven.surefire.booter.SurefireStarter.invokeProvider(SurefireStarter.java:175)
	at org.apache.maven.surefire.booter.SurefireStarter.runSuitesInProcessWhenForked(SurefireStarter.java:107)
	at org.apache.maven.surefire.booter.ForkedBooter.main(ForkedBooter.java:68)
Caused by: org.springframework.beans.factory.BeanCreationException: Error creating bean with name &apos;adminResource&apos;: Injection of autowired dependencies failed; nested exception is org.springframework.beans.factory.BeanCreationException: Could not autowire field: private com.rackspace.search.service.core.CoreTicketOngoingSyncJob com.rackspace.search.endpoint.AdminResource.coreTicketOngoingSyncJob; nested exception is org.springframework.beans.factory.BeanCreationException: Error creating bean with name &apos;coreTicketOngoingSyncJob&apos;: Invocation of init method failed; nested exception is org.elasticsearch.indices.IndexMissingException: [admin] missing
	at org.springframework.beans.factory.annotation.AutowiredAnnotationBeanPostProcessor.postProcessPropertyValues(AutowiredAnnotationBeanPostProcessor.java:288)
	at org.springframework.beans.factory.support.AbstractAutowireCapableBeanFactory.populateBean(AbstractAutowireCapableBeanFactory.java:1074)
	at org.springframework.beans.factory.support.AbstractAutowireCapableBeanFactory.doCreateBean(AbstractAutowireCapableBeanFactory.java:517)
	at org.springframework.beans.factory.support.AbstractAutowireCapableBeanFactory.createBean(AbstractAutowireCapableBeanFactory.java:456)
	at org.springframework.beans.factory.support.AbstractBeanFactory$1.getObject(AbstractBeanFactory.java:293)
	at org.springframework.beans.factory.support.DefaultSingletonBeanRegistry.getSingleton(DefaultSingletonBeanRegistry.java:222)
	at org.springframework.beans.factory.support.AbstractBeanFactory.doGetBean(AbstractBeanFactory.java:290)
	at org.springframework.beans.factory.support.AbstractBeanFactory.getBean(AbstractBeanFactory.java:192)
	at org.springframework.beans.factory.support.DefaultListableBeanFactory.preInstantiateSingletons(DefaultListableBeanFactory.java:585)
	at org.springframework.context.support.AbstractApplicationContext.finishBeanFactoryInitialization(AbstractApplicationContext.java:895)
	at org.springframework.context.support.AbstractApplicationContext.refresh(AbstractApplicationContext.java:425)
	at org.springframework.test.context.support.AbstractGenericContextLoader.loadContext(AbstractGenericContextLoader.java:84)
	at org.springframework.test.context.support.AbstractGenericContextLoader.loadContext(AbstractGenericContextLoader.java:1)
	at org.springframework.test.context.TestContext.loadApplicationContext(TestContext.java:280)
	at org.springframework.test.context.TestContext.getApplicationContext(TestContext.java:304)
	... 18 more
Caused by: org.springframework.beans.factory.BeanCreationException: Could not autowire field: private com.rackspace.search.service.core.CoreTicketOngoingSyncJob com.rackspace.search.endpoint.AdminResource.coreTicketOngoingSyncJob; nested exception is org.springframework.beans.factory.BeanCreationException: Error creating bean with name &apos;coreTicketOngoingSyncJob&apos;: Invocation of init method failed; nested exception is org.elasticsearch.indices.IndexMissingException: [admin] missing
	at org.springframework.beans.factory.annotation.AutowiredAnnotationBeanPostProcessor$AutowiredFieldElement.inject(AutowiredAnnotationBeanPostProcessor.java:508)
	at org.springframework.beans.factory.annotation.InjectionMetadata.inject(InjectionMetadata.java:84)
	at org.springframework.beans.factory.annotation.AutowiredAnnotationBeanPostProcessor.postProcessPropertyValues(AutowiredAnnotationBeanPostProcessor.java:285)
	... 32 more
Caused by: org.springframework.beans.factory.BeanCreationException: Error creating bean with name &apos;coreTicketOngoingSyncJob&apos;: Invocation of init method failed; nested exception is org.elasticsearch.indices.IndexMissingException: [admin] missing
	at org.springframework.beans.factory.annotation.InitDestroyAnnotationBeanPostProcessor.postProcessBeforeInitialization(InitDestroyAnnotationBeanPostProcessor.java:133)
	at org.springframework.beans.factory.support.AbstractAutowireCapableBeanFactory.applyBeanPostProcessorsBeforeInitialization(AbstractAutowireCapableBeanFactory.java:394)
	at org.springframework.beans.factory.support.AbstractAutowireCapableBeanFactory.initializeBean(AbstractAutowireCapableBeanFactory.java:1413)
	at org.springframework.beans.factory.support.AbstractAutowireCapableBeanFactory.doCreateBean(AbstractAutowireCapableBeanFactory.java:519)
	at org.springframework.beans.factory.support.AbstractAutowireCapableBeanFactory.createBean(AbstractAutowireCapableBeanFactory.java:456)
	at org.springframework.beans.factory.support.AbstractBeanFactory$1.getObject(AbstractBeanFactory.java:293)
	at org.springframework.beans.factory.support.DefaultSingletonBeanRegistry.getSingleton(DefaultSingletonBeanRegistry.java:222)
	at org.springframework.beans.factory.support.AbstractBeanFactory.doGetBean(AbstractBeanFactory.java:290)
	at org.springframework.beans.factory.support.AbstractBeanFactory.getBean(AbstractBeanFactory.java:192)
	at org.springframework.beans.factory.support.DefaultListableBeanFactory.findAutowireCandidates(DefaultListableBeanFactory.java:848)
	at org.springframework.beans.factory.support.DefaultListableBeanFactory.doResolveDependency(DefaultListableBeanFactory.java:790)
	at org.springframework.beans.factory.support.DefaultListableBeanFactory.resolveDependency(DefaultListableBeanFactory.java:707)
	at org.springframework.beans.factory.annotation.AutowiredAnnotationBeanPostProcessor$AutowiredFieldElement.inject(AutowiredAnnotationBeanPostProcessor.java:480)
	... 34 more
Caused by: org.elasticsearch.indices.IndexMissingException: [admin] missing
	at org.elasticsearch.cluster.metadata.MetaData.concreteIndex(MetaData.java:211)
	at org.elasticsearch.action.support.single.shard.TransportShardSingleOperationAction$AsyncSingleAction.&lt;init&gt;(TransportShardSingleOperationAction.java:107)
	at org.elasticsearch.action.support.single.shard.TransportShardSingleOperationAction$AsyncSingleAction.&lt;init&gt;(TransportShardSingleOperationAction.java:88)
	at org.elasticsearch.action.support.single.shard.TransportShardSingleOperationAction.doExecute(TransportShardSingleOperationAction.java:69)
	at org.elasticsearch.action.support.single.shard.TransportShardSingleOperationAction.doExecute(TransportShardSingleOperationAction.java:45)
	at org.elasticsearch.action.support.BaseAction.execute(BaseAction.java:61)
	at org.elasticsearch.client.node.NodeClient.get(NodeClient.java:152)
	at org.elasticsearch.client.action.get.GetRequestBuilder.doExecute(GetRequestBuilder.java:119)
	at org.elasticsearch.client.action.support.BaseRequestBuilder.execute(BaseRequestBuilder.java:56)
	at org.elasticsearch.client.action.support.BaseRequestBuilder.execute(BaseRequestBuilder.java:51)
	at com.rackspace.search.elasticsearch.client.ElasticSearchClient.getDocument(ElasticSearchClient.groovy:202)
	at com.rackspace.search.service.JobService.getJob(JobService.groovy:38)
	at com.rackspace.search.service.core.CoreTicketOngoingSyncJob.setupActivities(CoreTicketOnGoingSyncJob.groovy:54)
	at org.springframework.beans.factory.annotation.InitDestroyAnnotationBeanPostProcessor$LifecycleElement.invoke(InitDestroyAnnotationBeanPostProcessor.java:340)
	at org.springframework.beans.factory.annotation.InitDestroyAnnotationBeanPostProcessor$LifecycleMetadata.invokeInitMethods(InitDestroyAnnotationBeanPostProcessor.java:293)
	at org.springframework.beans.factory.annotation.InitDestroyAnnotationBeanPostProcessor.postProcessBeforeInitialization(InitDestroyAnnotationBeanPostProcessor.java:130)
	... 46 more
</errorStackTrace>
          <errorDetails>Failed to load ApplicationContext</errorDetails>
          <stdout>15:10:15.958 [main] INFO  c.r.s.common.property.PropertyProvider - Loading properties file from file [/var/lib/jenkins/jobs/Samatha Fork/workspace/service/target/properties/local/search.properties]
15:10:15.958 [main] INFO  c.r.s.common.property.PropertyProvider - Loading properties file from file [/var/lib/jenkins/jobs/Samatha Fork/workspace/service/target/properties/local/search.secrets.properties]
15:10:15.958 [main] INFO  c.r.s.common.property.PropertyProvider - Loading properties file from file [/var/lib/jenkins/jobs/Samatha Fork/workspace/service/target/properties/local/elasticsearch.properties]
15:10:15.972 [main] INFO  c.r.s.elasticsearch.ElasticSearchServer - Starting the Elastic Search server node:
15:10:15.975 [main] INFO  org.elasticsearch.node - [ticket.node] {elasticsearch/0.16.2}[12468]: initializing ...
15:10:15.976 [main] INFO  org.elasticsearch.plugins - [ticket.node] loaded []
15:10:16.270 [main] INFO  org.elasticsearch.node - [ticket.node] {elasticsearch/0.16.2}[12468]: initialized
15:10:16.271 [main] INFO  c.r.s.elasticsearch.ElasticSearchServer - Starting the Elastic Search server node with these settings:
15:10:16.271 [main] INFO  c.r.s.elasticsearch.ElasticSearchServer - Elasticsearch Settings :  [node.local:true, index.analysis.analyzer.search_standard.filter:[lowercase], elastic.config.path:/var/lib/jenkins/jobs/Samatha Fork/workspace/service/target/properties/local/elasticsearch, path.data:/var/lib/jenkins/jobs/Samatha Fork/workspace/service/target/elasticsearch/data, ticket.core.dateformat:yyyy-MM-dd HH:mm:ss, cluster.name:ticket.cluster, index.analysis.analyzer.search_standard.type:standard, path.conf:/var/lib/jenkins/jobs/Samatha Fork/workspace/service/target/properties/local/elasticsearch, core.api.password:qwerty, ticket.ongoingsync.delay.seconds:2000, name:ticket.node, path.logs:/var/lib/jenkins/jobs/Samatha Fork/workspace/service/target/elasticsearch/logs, http.enabled:true, index.number_of_replicas:0, ticket.document.idName:number, core.api.endpoint:https://ws.staging.core.rackspace.com/ctkapi, ticket.document.type:ticket, ticket.index.name:ticket, admin.index.name:admin, indices.structure:/indices_structure.json, index.store.fs.memory.enabled:false, index.number_of_shards:5, admin.document.type:syncJob, ticket.core.date.timezone:CST, ticket.search.allowedRangeParams:created_at,updated_at,last_public_response_date, ticket.search.allowedTermParams:source_system,number,created_at,updated_at,last_public_response_date,status,queue,category,priority,assignee.name,account.number, core.api.username:rcameron, ticket.elastic.dateformat:yyyy-MM-dd&apos;T&apos;HH:mm:ss.SSSZZ, discovery.zen.ping.multicast.enabled:false, action.auto_create_index:1, path.home:/var/lib/jenkins/jobs/Samatha Fork/workspace/service, path.work:/var/lib/jenkins/jobs/Samatha Fork/workspace/service/work, path.work_with_cluster:/var/lib/jenkins/jobs/Samatha Fork/workspace/service/work/ticket.cluster, path.data_with_cluster:/var/lib/jenkins/jobs/Samatha Fork/workspace/service/target/elasticsearch/data/ticket.cluster]
15:10:16.273 [main] INFO  org.elasticsearch.node - [ticket.node] {elasticsearch/0.16.2}[12468]: starting ...
15:10:16.274 [main] INFO  org.elasticsearch.transport - [ticket.node] bound_address {local[9]}, publish_address {local[9]}
15:10:16.275 [elasticsearch[ticket.node]clusterService#updateTask-pool-123-thread-1] INFO  org.elasticsearch.cluster.service - [ticket.node] new_master [ticket.node][9][local[9]]{local=true}, reason: local-disco-initial_connect(master)
15:10:16.276 [main] INFO  org.elasticsearch.discovery - [ticket.node] ticket.cluster/9
15:10:16.281 [main] INFO  org.elasticsearch.http - [ticket.node] bound_address {inet[/0:0:0:0:0:0:0:0:9200]}, publish_address {inet[/10.14.208.252:9200]}
15:10:16.282 [main] INFO  org.elasticsearch.node - [ticket.node] {elasticsearch/0.16.2}[12468]: started
15:10:16.283 [main] INFO  c.r.s.elasticsearch.ElasticSearchServer - Elastic Search server is started.
15:10:16.285 [main] INFO  c.r.s.elasticsearch.ElasticSearchServer - ES cluster status is RED. Waiting for ES recovery.
15:10:16.286 [main] INFO  c.r.s.elasticsearch.ElasticSearchServer - ES cluster status is GREEN
15:10:16.328 [main] INFO  org.elasticsearch.node - [ticket.node] {elasticsearch/0.16.2}[12468]: stopping ...
15:10:16.436 [elasticsearch[ticket.node]clusterService#updateTask-pool-123-thread-1] INFO  org.elasticsearch.gateway - [ticket.node] recovered [0] indices into cluster_state
15:10:16.661 [main] INFO  org.elasticsearch.node - [ticket.node] {elasticsearch/0.16.2}[12468]: stopped
15:10:16.661 [main] INFO  org.elasticsearch.node - [ticket.node] {elasticsearch/0.16.2}[12468]: closing ...
15:10:16.666 [main] INFO  org.elasticsearch.node - [ticket.node] {elasticsearch/0.16.2}[12468]: closed
15:10:16.673 [main] ERROR o.s.test.context.TestContextManager - Caught exception while allowing TestExecutionListener [org.springframework.test.context.support.DependencyInjectionTestExecutionListener@35cfee57] to prepare test instance [com.rackspace.search.elasticsearch.client.ElasticSearchClientTest@6628ad5a]
java.lang.IllegalStateException: Failed to load ApplicationContext
	at org.springframework.test.context.TestContext.getApplicationContext(TestContext.java:308) ~[spring-test-3.0.6.RELEASE.jar:3.0.6.RELEASE]
	at org.springframework.test.context.support.DependencyInjectionTestExecutionListener.injectDependencies(DependencyInjectionTestExecutionListener.java:109) ~[spring-test-3.0.6.RELEASE.jar:3.0.6.RELEASE]
	at org.springframework.test.context.support.DependencyInjectionTestExecutionListener.prepareTestInstance(DependencyInjectionTestExecutionListener.java:75) ~[spring-test-3.0.6.RELEASE.jar:3.0.6.RELEASE]
	at org.springframework.test.context.TestContextManager.prepareTestInstance(TestContextManager.java:321) ~[spring-test-3.0.6.RELEASE.jar:3.0.6.RELEASE]
	at org.spockframework.spring.SpringTestContextManager.prepareTestInstance(SpringTestContextManager.java:49) [spock-spring-0.7-groovy-2.0.jar:na]
	at org.spockframework.spring.SpringInterceptor.interceptSetupMethod(SpringInterceptor.java:42) [spock-spring-0.7-groovy-2.0.jar:na]
	at org.spockframework.runtime.extension.AbstractMethodInterceptor.intercept(AbstractMethodInterceptor.java:28) [spock-core-0.7-groovy-2.0.jar:na]
	at org.spockframework.runtime.extension.MethodInvocation.proceed(MethodInvocation.java:84) [spock-core-0.7-groovy-2.0.jar:na]
	at org.spockframework.runtime.BaseSpecRunner.invoke(BaseSpecRunner.java:319) [spock-core-0.7-groovy-2.0.jar:na]
	at org.spockframework.runtime.BaseSpecRunner.invokeSetup(BaseSpecRunner.java:279) [spock-core-0.7-groovy-2.0.jar:na]
	at org.spockframework.runtime.BaseSpecRunner.doRunIteration(BaseSpecRunner.java:255) [spock-core-0.7-groovy-2.0.jar:na]
	at sun.reflect.GeneratedMethodAccessor11.invoke(Unknown Source) ~[na:na]
	at sun.reflect.DelegatingMethodAccessorImpl.invoke(DelegatingMethodAccessorImpl.java:25) ~[na:1.6.0_38]
	at java.lang.reflect.Method.invoke(Method.java:597) ~[na:1.6.0_38]
	at org.spockframework.util.ReflectionUtil.invokeMethod(ReflectionUtil.java:138) [spock-core-0.7-groovy-2.0.jar:na]
	at org.spockframework.runtime.BaseSpecRunner.invokeRaw(BaseSpecRunner.java:330) [spock-core-0.7-groovy-2.0.jar:na]
	at org.spockframework.runtime.BaseSpecRunner.invoke(BaseSpecRunner.java:311) [spock-core-0.7-groovy-2.0.jar:na]
	at org.spockframework.runtime.BaseSpecRunner.runIteration(BaseSpecRunner.java:223) [spock-core-0.7-groovy-2.0.jar:na]
	at org.spockframework.runtime.BaseSpecRunner.initializeAndRunIteration(BaseSpecRunner.java:214) [spock-core-0.7-groovy-2.0.jar:na]
	at org.spockframework.runtime.BaseSpecRunner.runSimpleFeature(BaseSpecRunner.java:205) [spock-core-0.7-groovy-2.0.jar:na]
	at org.spockframework.runtime.BaseSpecRunner.doRunFeature(BaseSpecRunner.java:199) [spock-core-0.7-groovy-2.0.jar:na]
	at sun.reflect.GeneratedMethodAccessor12.invoke(Unknown Source) ~[na:na]
	at sun.reflect.DelegatingMethodAccessorImpl.invoke(DelegatingMethodAccessorImpl.java:25) ~[na:1.6.0_38]
	at java.lang.reflect.Method.invoke(Method.java:597) ~[na:1.6.0_38]
	at org.spockframework.util.ReflectionUtil.invokeMethod(ReflectionUtil.java:138) [spock-core-0.7-groovy-2.0.jar:na]
	at org.spockframework.runtime.BaseSpecRunner.invokeRaw(BaseSpecRunner.java:330) [spock-core-0.7-groovy-2.0.jar:na]
	at org.spockframework.runtime.BaseSpecRunner.invoke(BaseSpecRunner.java:311) [spock-core-0.7-groovy-2.0.jar:na]
	at org.spockframework.runtime.BaseSpecRunner.runFeature(BaseSpecRunner.java:175) [spock-core-0.7-groovy-2.0.jar:na]
	at org.spockframework.runtime.BaseSpecRunner.runFeatures(BaseSpecRunner.java:152) [spock-core-0.7-groovy-2.0.jar:na]
	at org.spockframework.runtime.BaseSpecRunner.doRunSpec(BaseSpecRunner.java:112) [spock-core-0.7-groovy-2.0.jar:na]
	at sun.reflect.NativeMethodAccessorImpl.invoke0(Native Method) ~[na:1.6.0_38]
	at sun.reflect.NativeMethodAccessorImpl.invoke(NativeMethodAccessorImpl.java:39) ~[na:1.6.0_38]
	at sun.reflect.DelegatingMethodAccessorImpl.invoke(DelegatingMethodAccessorImpl.java:25) ~[na:1.6.0_38]
	at java.lang.reflect.Method.invoke(Method.java:597) ~[na:1.6.0_38]
	at org.spockframework.util.ReflectionUtil.invokeMethod(ReflectionUtil.java:138) [spock-core-0.7-groovy-2.0.jar:na]
	at org.spockframework.runtime.BaseSpecRunner.invokeRaw(BaseSpecRunner.java:330) [spock-core-0.7-groovy-2.0.jar:na]
	at org.spockframework.runtime.BaseSpecRunner.invoke(BaseSpecRunner.java:311) [spock-core-0.7-groovy-2.0.jar:na]
	at org.spockframework.runtime.BaseSpecRunner.runSpec(BaseSpecRunner.java:91) [spock-core-0.7-groovy-2.0.jar:na]
	at org.spockframework.runtime.BaseSpecRunner.run(BaseSpecRunner.java:82) [spock-core-0.7-groovy-2.0.jar:na]
	at org.spockframework.runtime.Sputnik.run(Sputnik.java:63) [spock-core-0.7-groovy-2.0.jar:na]
	at org.apache.maven.surefire.junit4.JUnit4TestSet.execute(JUnit4TestSet.java:53) [surefire-junit4-2.10.jar:2.10]
	at org.apache.maven.surefire.junit4.JUnit4Provider.executeTestSet(JUnit4Provider.java:123) [surefire-junit4-2.10.jar:2.10]
	at org.apache.maven.surefire.junit4.JUnit4Provider.invoke(JUnit4Provider.java:104) [surefire-junit4-2.10.jar:2.10]
	at sun.reflect.NativeMethodAccessorImpl.invoke0(Native Method) ~[na:1.6.0_38]
	at sun.reflect.NativeMethodAccessorImpl.invoke(NativeMethodAccessorImpl.java:39) ~[na:1.6.0_38]
	at sun.reflect.DelegatingMethodAccessorImpl.invoke(DelegatingMethodAccessorImpl.java:25) ~[na:1.6.0_38]
	at java.lang.reflect.Method.invoke(Method.java:597) ~[na:1.6.0_38]
	at org.apache.maven.surefire.util.ReflectionUtils.invokeMethodWithArray(ReflectionUtils.java:164) [surefire-api-2.10.jar:2.10]
	at org.apache.maven.surefire.booter.ProviderFactory$ProviderProxy.invoke(ProviderFactory.java:110) [surefire-booter-2.10.jar:2.10]
	at org.apache.maven.surefire.booter.SurefireStarter.invokeProvider(SurefireStarter.java:175) [surefire-booter-2.10.jar:2.10]
	at org.apache.maven.surefire.booter.SurefireStarter.runSuitesInProcessWhenForked(SurefireStarter.java:107) [surefire-booter-2.10.jar:2.10]
	at org.apache.maven.surefire.booter.ForkedBooter.main(ForkedBooter.java:68) [surefire-booter-2.10.jar:2.10]
Caused by: org.springframework.beans.factory.BeanCreationException: Error creating bean with name &apos;adminResource&apos;: Injection of autowired dependencies failed; nested exception is org.springframework.beans.factory.BeanCreationException: Could not autowire field: private com.rackspace.search.service.core.CoreTicketOngoingSyncJob com.rackspace.search.endpoint.AdminResource.coreTicketOngoingSyncJob; nested exception is org.springframework.beans.factory.BeanCreationException: Error creating bean with name &apos;coreTicketOngoingSyncJob&apos;: Invocation of init method failed; nested exception is org.elasticsearch.indices.IndexMissingException: [admin] missing
	at org.springframework.beans.factory.annotation.AutowiredAnnotationBeanPostProcessor.postProcessPropertyValues(AutowiredAnnotationBeanPostProcessor.java:288) ~[spring-beans-3.0.6.RELEASE.jar:3.0.6.RELEASE]
	at org.springframework.beans.factory.support.AbstractAutowireCapableBeanFactory.populateBean(AbstractAutowireCapableBeanFactory.java:1074) ~[spring-beans-3.0.6.RELEASE.jar:3.0.6.RELEASE]
	at org.springframework.beans.factory.support.AbstractAutowireCapableBeanFactory.doCreateBean(AbstractAutowireCapableBeanFactory.java:517) ~[spring-beans-3.0.6.RELEASE.jar:3.0.6.RELEASE]
	at org.springframework.beans.factory.support.AbstractAutowireCapableBeanFactory.createBean(AbstractAutowireCapableBeanFactory.java:456) ~[spring-beans-3.0.6.RELEASE.jar:3.0.6.RELEASE]
	at org.springframework.beans.factory.support.AbstractBeanFactory$1.getObject(AbstractBeanFactory.java:293) ~[spring-beans-3.0.6.RELEASE.jar:3.0.6.RELEASE]
	at org.springframework.beans.factory.support.DefaultSingletonBeanRegistry.getSingleton(DefaultSingletonBeanRegistry.java:222) ~[spring-beans-3.0.6.RELEASE.jar:3.0.6.RELEASE]
	at org.springframework.beans.factory.support.AbstractBeanFactory.doGetBean(AbstractBeanFactory.java:290) ~[spring-beans-3.0.6.RELEASE.jar:3.0.6.RELEASE]
	at org.springframework.beans.factory.support.AbstractBeanFactory.getBean(AbstractBeanFactory.java:192) ~[spring-beans-3.0.6.RELEASE.jar:3.0.6.RELEASE]
	at org.springframework.beans.factory.support.DefaultListableBeanFactory.preInstantiateSingletons(DefaultListableBeanFactory.java:585) ~[spring-beans-3.0.6.RELEASE.jar:3.0.6.RELEASE]
	at org.springframework.context.support.AbstractApplicationContext.finishBeanFactoryInitialization(AbstractApplicationContext.java:895) ~[spring-context-3.0.6.RELEASE.jar:3.0.6.RELEASE]
	at org.springframework.context.support.AbstractApplicationContext.refresh(AbstractApplicationContext.java:425) ~[spring-context-3.0.6.RELEASE.jar:3.0.6.RELEASE]
	at org.springframework.test.context.support.AbstractGenericContextLoader.loadContext(AbstractGenericContextLoader.java:84) ~[spring-test-3.0.6.RELEASE.jar:3.0.6.RELEASE]
	at org.springframework.test.context.support.AbstractGenericContextLoader.loadContext(AbstractGenericContextLoader.java:1) ~[spring-test-3.0.6.RELEASE.jar:3.0.6.RELEASE]
	at org.springframework.test.context.TestContext.loadApplicationContext(TestContext.java:280) ~[spring-test-3.0.6.RELEASE.jar:3.0.6.RELEASE]
	at org.springframework.test.context.TestContext.getApplicationContext(TestContext.java:304) ~[spring-test-3.0.6.RELEASE.jar:3.0.6.RELEASE]
	... 51 common frames omitted
Caused by: org.springframework.beans.factory.BeanCreationException: Could not autowire field: private com.rackspace.search.service.core.CoreTicketOngoingSyncJob com.rackspace.search.endpoint.AdminResource.coreTicketOngoingSyncJob; nested exception is org.springframework.beans.factory.BeanCreationException: Error creating bean with name &apos;coreTicketOngoingSyncJob&apos;: Invocation of init method failed; nested exception is org.elasticsearch.indices.IndexMissingException: [admin] missing
	at org.springframework.beans.factory.annotation.AutowiredAnnotationBeanPostProcessor$AutowiredFieldElement.inject(AutowiredAnnotationBeanPostProcessor.java:508) ~[spring-beans-3.0.6.RELEASE.jar:3.0.6.RELEASE]
	at org.springframework.beans.factory.annotation.InjectionMetadata.inject(InjectionMetadata.java:84) ~[spring-beans-3.0.6.RELEASE.jar:3.0.6.RELEASE]
	at org.springframework.beans.factory.annotation.AutowiredAnnotationBeanPostProcessor.postProcessPropertyValues(AutowiredAnnotationBeanPostProcessor.java:285) ~[spring-beans-3.0.6.RELEASE.jar:3.0.6.RELEASE]
	... 65 common frames omitted
Caused by: org.springframework.beans.factory.BeanCreationException: Error creating bean with name &apos;coreTicketOngoingSyncJob&apos;: Invocation of init method failed; nested exception is org.elasticsearch.indices.IndexMissingException: [admin] missing
	at org.springframework.beans.factory.annotation.InitDestroyAnnotationBeanPostProcessor.postProcessBeforeInitialization(InitDestroyAnnotationBeanPostProcessor.java:133) ~[spring-beans-3.0.6.RELEASE.jar:3.0.6.RELEASE]
	at org.springframework.beans.factory.support.AbstractAutowireCapableBeanFactory.applyBeanPostProcessorsBeforeInitialization(AbstractAutowireCapableBeanFactory.java:394) ~[spring-beans-3.0.6.RELEASE.jar:3.0.6.RELEASE]
	at org.springframework.beans.factory.support.AbstractAutowireCapableBeanFactory.initializeBean(AbstractAutowireCapableBeanFactory.java:1413) ~[spring-beans-3.0.6.RELEASE.jar:3.0.6.RELEASE]
	at org.springframework.beans.factory.support.AbstractAutowireCapableBeanFactory.doCreateBean(AbstractAutowireCapableBeanFactory.java:519) ~[spring-beans-3.0.6.RELEASE.jar:3.0.6.RELEASE]
	at org.springframework.beans.factory.support.AbstractAutowireCapableBeanFactory.createBean(AbstractAutowireCapableBeanFactory.java:456) ~[spring-beans-3.0.6.RELEASE.jar:3.0.6.RELEASE]
	at org.springframework.beans.factory.support.AbstractBeanFactory$1.getObject(AbstractBeanFactory.java:293) ~[spring-beans-3.0.6.RELEASE.jar:3.0.6.RELEASE]
	at org.springframework.beans.factory.support.DefaultSingletonBeanRegistry.getSingleton(DefaultSingletonBeanRegistry.java:222) ~[spring-beans-3.0.6.RELEASE.jar:3.0.6.RELEASE]
	at org.springframework.beans.factory.support.AbstractBeanFactory.doGetBean(AbstractBeanFactory.java:290) ~[spring-beans-3.0.6.RELEASE.jar:3.0.6.RELEASE]
	at org.springframework.beans.factory.support.AbstractBeanFactory.getBean(AbstractBeanFactory.java:192) ~[spring-beans-3.0.6.RELEASE.jar:3.0.6.RELEASE]
	at org.springframework.beans.factory.support.DefaultListableBeanFactory.findAutowireCandidates(DefaultListableBeanFactory.java:848) ~[spring-beans-3.0.6.RELEASE.jar:3.0.6.RELEASE]
	at org.springframework.beans.factory.support.DefaultListableBeanFactory.doResolveDependency(DefaultListableBeanFactory.java:790) ~[spring-beans-3.0.6.RELEASE.jar:3.0.6.RELEASE]
	at org.springframework.beans.factory.support.DefaultListableBeanFactory.resolveDependency(DefaultListableBeanFactory.java:707) ~[spring-beans-3.0.6.RELEASE.jar:3.0.6.RELEASE]
	at org.springframework.beans.factory.annotation.AutowiredAnnotationBeanPostProcessor$AutowiredFieldElement.inject(AutowiredAnnotationBeanPostProcessor.java:480) ~[spring-beans-3.0.6.RELEASE.jar:3.0.6.RELEASE]
	... 67 common frames omitted
Caused by: org.elasticsearch.indices.IndexMissingException: [admin] missing
	at org.elasticsearch.cluster.metadata.MetaData.concreteIndex(MetaData.java:211) ~[elasticsearch-0.16.2.jar:na]
	at org.elasticsearch.action.support.single.shard.TransportShardSingleOperationAction$AsyncSingleAction.&lt;init&gt;(TransportShardSingleOperationAction.java:107) ~[elasticsearch-0.16.2.jar:na]
	at org.elasticsearch.action.support.single.shard.TransportShardSingleOperationAction$AsyncSingleAction.&lt;init&gt;(TransportShardSingleOperationAction.java:88) ~[elasticsearch-0.16.2.jar:na]
	at org.elasticsearch.action.support.single.shard.TransportShardSingleOperationAction.doExecute(TransportShardSingleOperationAction.java:69) ~[elasticsearch-0.16.2.jar:na]
	at org.elasticsearch.action.support.single.shard.TransportShardSingleOperationAction.doExecute(TransportShardSingleOperationAction.java:45) ~[elasticsearch-0.16.2.jar:na]
	at org.elasticsearch.action.support.BaseAction.execute(BaseAction.java:61) ~[elasticsearch-0.16.2.jar:na]
	at org.elasticsearch.client.node.NodeClient.get(NodeClient.java:152) ~[elasticsearch-0.16.2.jar:na]
	at org.elasticsearch.client.action.get.GetRequestBuilder.doExecute(GetRequestBuilder.java:119) ~[elasticsearch-0.16.2.jar:na]
	at org.elasticsearch.client.action.support.BaseRequestBuilder.execute(BaseRequestBuilder.java:56) ~[elasticsearch-0.16.2.jar:na]
	at org.elasticsearch.client.action.support.BaseRequestBuilder.execute(BaseRequestBuilder.java:51) ~[elasticsearch-0.16.2.jar:na]
	at org.elasticsearch.client.action.RequestBuilder$execute.call(Unknown Source) ~[na:na]
	at com.rackspace.search.elasticsearch.client.ElasticSearchClient.getDocument(ElasticSearchClient.groovy:202) ~[classes/:na]
	at com.rackspace.search.elasticsearch.client.ElasticSearchClient$getDocument.call(Unknown Source) ~[na:na]
	at com.rackspace.search.service.JobService.getJob(JobService.groovy:38) ~[classes/:na]
	at com.rackspace.search.service.JobService$getJob.call(Unknown Source) ~[na:na]
	at com.rackspace.search.service.core.CoreTicketOngoingSyncJob.setupActivities(CoreTicketOnGoingSyncJob.groovy:54) ~[classes/:na]
	at sun.reflect.NativeMethodAccessorImpl.invoke0(Native Method) ~[na:1.6.0_38]
	at sun.reflect.NativeMethodAccessorImpl.invoke(NativeMethodAccessorImpl.java:39) ~[na:1.6.0_38]
	at sun.reflect.DelegatingMethodAccessorImpl.invoke(DelegatingMethodAccessorImpl.java:25) ~[na:1.6.0_38]
	at java.lang.reflect.Method.invoke(Method.java:597) ~[na:1.6.0_38]
	at org.springframework.beans.factory.annotation.InitDestroyAnnotationBeanPostProcessor$LifecycleElement.invoke(InitDestroyAnnotationBeanPostProcessor.java:340) ~[spring-beans-3.0.6.RELEASE.jar:3.0.6.RELEASE]
	at org.springframework.beans.factory.annotation.InitDestroyAnnotationBeanPostProcessor$LifecycleMetadata.invokeInitMethods(InitDestroyAnnotationBeanPostProcessor.java:293) ~[spring-beans-3.0.6.RELEASE.jar:3.0.6.RELEASE]
	at org.springframework.beans.factory.annotation.InitDestroyAnnotationBeanPostProcessor.postProcessBeforeInitialization(InitDestroyAnnotationBeanPostProcessor.java:130) ~[spring-beans-3.0.6.RELEASE.jar:3.0.6.RELEASE]
	... 79 common frames omitted
</stdout>
          <failedSince>1</failedSince>
        </case>
        <case>
          <duration>1.497</duration>
          <className>com.rackspace.search.elasticsearch.client.ElasticSearchClientTest</className>
          <testName>post bulk data</testName>
          <skipped>false</skipped>
          <errorStackTrace>java.lang.NullPointerException: Cannot invoke method getClient() on null object
	at com.rackspace.search.elasticsearch.client.ElasticSearchClientTest.cleanup(ElasticSearchClientTest.groovy:84)
</errorStackTrace>
          <errorDetails>Cannot invoke method getClient() on null object</errorDetails>
          <failedSince>1</failedSince>
        </case>
        <case>
          <duration>0.802</duration>
          <className>com.rackspace.search.elasticsearch.client.ElasticSearchClientTest</className>
          <testName>get All Tickets</testName>
          <skipped>false</skipped>
          <errorStackTrace>java.lang.IllegalStateException: Failed to load ApplicationContext
	at org.springframework.test.context.TestContext.getApplicationContext(TestContext.java:308)
	at org.springframework.test.context.support.DependencyInjectionTestExecutionListener.injectDependencies(DependencyInjectionTestExecutionListener.java:109)
	at org.springframework.test.context.support.DependencyInjectionTestExecutionListener.prepareTestInstance(DependencyInjectionTestExecutionListener.java:75)
	at org.springframework.test.context.TestContextManager.prepareTestInstance(TestContextManager.java:321)
	at org.spockframework.spring.SpringTestContextManager.prepareTestInstance(SpringTestContextManager.java:49)
	at org.spockframework.spring.SpringInterceptor.interceptSetupMethod(SpringInterceptor.java:42)
	at org.spockframework.runtime.extension.AbstractMethodInterceptor.intercept(AbstractMethodInterceptor.java:28)
	at org.spockframework.runtime.extension.MethodInvocation.proceed(MethodInvocation.java:84)
	at org.spockframework.util.ReflectionUtil.invokeMethod(ReflectionUtil.java:138)
	at org.spockframework.util.ReflectionUtil.invokeMethod(ReflectionUtil.java:138)
	at org.spockframework.util.ReflectionUtil.invokeMethod(ReflectionUtil.java:138)
	at org.apache.maven.surefire.junit4.JUnit4TestSet.execute(JUnit4TestSet.java:53)
	at org.apache.maven.surefire.junit4.JUnit4Provider.executeTestSet(JUnit4Provider.java:123)
	at org.apache.maven.surefire.junit4.JUnit4Provider.invoke(JUnit4Provider.java:104)
	at org.apache.maven.surefire.util.ReflectionUtils.invokeMethodWithArray(ReflectionUtils.java:164)
	at org.apache.maven.surefire.booter.ProviderFactory$ProviderProxy.invoke(ProviderFactory.java:110)
	at org.apache.maven.surefire.booter.SurefireStarter.invokeProvider(SurefireStarter.java:175)
	at org.apache.maven.surefire.booter.SurefireStarter.runSuitesInProcessWhenForked(SurefireStarter.java:107)
	at org.apache.maven.surefire.booter.ForkedBooter.main(ForkedBooter.java:68)
Caused by: org.springframework.beans.factory.BeanCreationException: Error creating bean with name &apos;adminResource&apos;: Injection of autowired dependencies failed; nested exception is org.springframework.beans.factory.BeanCreationException: Could not autowire field: private com.rackspace.search.service.core.CoreTicketOngoingSyncJob com.rackspace.search.endpoint.AdminResource.coreTicketOngoingSyncJob; nested exception is org.springframework.beans.factory.BeanCreationException: Error creating bean with name &apos;coreTicketOngoingSyncJob&apos;: Invocation of init method failed; nested exception is org.elasticsearch.indices.IndexMissingException: [admin] missing
	at org.springframework.beans.factory.annotation.AutowiredAnnotationBeanPostProcessor.postProcessPropertyValues(AutowiredAnnotationBeanPostProcessor.java:288)
	at org.springframework.beans.factory.support.AbstractAutowireCapableBeanFactory.populateBean(AbstractAutowireCapableBeanFactory.java:1074)
	at org.springframework.beans.factory.support.AbstractAutowireCapableBeanFactory.doCreateBean(AbstractAutowireCapableBeanFactory.java:517)
	at org.springframework.beans.factory.support.AbstractAutowireCapableBeanFactory.createBean(AbstractAutowireCapableBeanFactory.java:456)
	at org.springframework.beans.factory.support.AbstractBeanFactory$1.getObject(AbstractBeanFactory.java:293)
	at org.springframework.beans.factory.support.DefaultSingletonBeanRegistry.getSingleton(DefaultSingletonBeanRegistry.java:222)
	at org.springframework.beans.factory.support.AbstractBeanFactory.doGetBean(AbstractBeanFactory.java:290)
	at org.springframework.beans.factory.support.AbstractBeanFactory.getBean(AbstractBeanFactory.java:192)
	at org.springframework.beans.factory.support.DefaultListableBeanFactory.preInstantiateSingletons(DefaultListableBeanFactory.java:585)
	at org.springframework.context.support.AbstractApplicationContext.finishBeanFactoryInitialization(AbstractApplicationContext.java:895)
	at org.springframework.context.support.AbstractApplicationContext.refresh(AbstractApplicationContext.java:425)
	at org.springframework.test.context.support.AbstractGenericContextLoader.loadContext(AbstractGenericContextLoader.java:84)
	at org.springframework.test.context.support.AbstractGenericContextLoader.loadContext(AbstractGenericContextLoader.java:1)
	at org.springframework.test.context.TestContext.loadApplicationContext(TestContext.java:280)
	at org.springframework.test.context.TestContext.getApplicationContext(TestContext.java:304)
	... 18 more
Caused by: org.springframework.beans.factory.BeanCreationException: Could not autowire field: private com.rackspace.search.service.core.CoreTicketOngoingSyncJob com.rackspace.search.endpoint.AdminResource.coreTicketOngoingSyncJob; nested exception is org.springframework.beans.factory.BeanCreationException: Error creating bean with name &apos;coreTicketOngoingSyncJob&apos;: Invocation of init method failed; nested exception is org.elasticsearch.indices.IndexMissingException: [admin] missing
	at org.springframework.beans.factory.annotation.AutowiredAnnotationBeanPostProcessor$AutowiredFieldElement.inject(AutowiredAnnotationBeanPostProcessor.java:508)
	at org.springframework.beans.factory.annotation.InjectionMetadata.inject(InjectionMetadata.java:84)
	at org.springframework.beans.factory.annotation.AutowiredAnnotationBeanPostProcessor.postProcessPropertyValues(AutowiredAnnotationBeanPostProcessor.java:285)
	... 32 more
Caused by: org.springframework.beans.factory.BeanCreationException: Error creating bean with name &apos;coreTicketOngoingSyncJob&apos;: Invocation of init method failed; nested exception is org.elasticsearch.indices.IndexMissingException: [admin] missing
	at org.springframework.beans.factory.annotation.InitDestroyAnnotationBeanPostProcessor.postProcessBeforeInitialization(InitDestroyAnnotationBeanPostProcessor.java:133)
	at org.springframework.beans.factory.support.AbstractAutowireCapableBeanFactory.applyBeanPostProcessorsBeforeInitialization(AbstractAutowireCapableBeanFactory.java:394)
	at org.springframework.beans.factory.support.AbstractAutowireCapableBeanFactory.initializeBean(AbstractAutowireCapableBeanFactory.java:1413)
	at org.springframework.beans.factory.support.AbstractAutowireCapableBeanFactory.doCreateBean(AbstractAutowireCapableBeanFactory.java:519)
	at org.springframework.beans.factory.support.AbstractAutowireCapableBeanFactory.createBean(AbstractAutowireCapableBeanFactory.java:456)
	at org.springframework.beans.factory.support.AbstractBeanFactory$1.getObject(AbstractBeanFactory.java:293)
	at org.springframework.beans.factory.support.DefaultSingletonBeanRegistry.getSingleton(DefaultSingletonBeanRegistry.java:222)
	at org.springframework.beans.factory.support.AbstractBeanFactory.doGetBean(AbstractBeanFactory.java:290)
	at org.springframework.beans.factory.support.AbstractBeanFactory.getBean(AbstractBeanFactory.java:192)
	at org.springframework.beans.factory.support.DefaultListableBeanFactory.findAutowireCandidates(DefaultListableBeanFactory.java:848)
	at org.springframework.beans.factory.support.DefaultListableBeanFactory.doResolveDependency(DefaultListableBeanFactory.java:790)
	at org.springframework.beans.factory.support.DefaultListableBeanFactory.resolveDependency(DefaultListableBeanFactory.java:707)
	at org.springframework.beans.factory.annotation.AutowiredAnnotationBeanPostProcessor$AutowiredFieldElement.inject(AutowiredAnnotationBeanPostProcessor.java:480)
	... 34 more
Caused by: org.elasticsearch.indices.IndexMissingException: [admin] missing
	at org.elasticsearch.cluster.metadata.MetaData.concreteIndex(MetaData.java:211)
	at org.elasticsearch.action.support.single.shard.TransportShardSingleOperationAction$AsyncSingleAction.&lt;init&gt;(TransportShardSingleOperationAction.java:107)
	at org.elasticsearch.action.support.single.shard.TransportShardSingleOperationAction$AsyncSingleAction.&lt;init&gt;(TransportShardSingleOperationAction.java:88)
	at org.elasticsearch.action.support.single.shard.TransportShardSingleOperationAction.doExecute(TransportShardSingleOperationAction.java:69)
	at org.elasticsearch.action.support.single.shard.TransportShardSingleOperationAction.doExecute(TransportShardSingleOperationAction.java:45)
	at org.elasticsearch.action.support.BaseAction.execute(BaseAction.java:61)
	at org.elasticsearch.client.node.NodeClient.get(NodeClient.java:152)
	at org.elasticsearch.client.action.get.GetRequestBuilder.doExecute(GetRequestBuilder.java:119)
	at org.elasticsearch.client.action.support.BaseRequestBuilder.execute(BaseRequestBuilder.java:56)
	at org.elasticsearch.client.action.support.BaseRequestBuilder.execute(BaseRequestBuilder.java:51)
	at com.rackspace.search.elasticsearch.client.ElasticSearchClient.getDocument(ElasticSearchClient.groovy:202)
	at com.rackspace.search.service.JobService.getJob(JobService.groovy:38)
	at com.rackspace.search.service.core.CoreTicketOngoingSyncJob.setupActivities(CoreTicketOnGoingSyncJob.groovy:54)
	at org.springframework.beans.factory.annotation.InitDestroyAnnotationBeanPostProcessor$LifecycleElement.invoke(InitDestroyAnnotationBeanPostProcessor.java:340)
	at org.springframework.beans.factory.annotation.InitDestroyAnnotationBeanPostProcessor$LifecycleMetadata.invokeInitMethods(InitDestroyAnnotationBeanPostProcessor.java:293)
	at org.springframework.beans.factory.annotation.InitDestroyAnnotationBeanPostProcessor.postProcessBeforeInitialization(InitDestroyAnnotationBeanPostProcessor.java:130)
	... 46 more
</errorStackTrace>
          <errorDetails>Failed to load ApplicationContext</errorDetails>
          <stdout>15:10:16.912 [main] INFO  c.r.s.common.property.PropertyProvider - Loading properties file from file [/var/lib/jenkins/jobs/Samatha Fork/workspace/service/target/properties/local/search.properties]
15:10:16.914 [main] INFO  c.r.s.common.property.PropertyProvider - Loading properties file from file [/var/lib/jenkins/jobs/Samatha Fork/workspace/service/target/properties/local/search.secrets.properties]
15:10:16.914 [main] INFO  c.r.s.common.property.PropertyProvider - Loading properties file from file [/var/lib/jenkins/jobs/Samatha Fork/workspace/service/target/properties/local/elasticsearch.properties]
15:10:16.930 [main] INFO  c.r.s.elasticsearch.ElasticSearchServer - Starting the Elastic Search server node:
15:10:16.933 [main] INFO  org.elasticsearch.node - [ticket.node] {elasticsearch/0.16.2}[12468]: initializing ...
15:10:16.934 [main] INFO  org.elasticsearch.plugins - [ticket.node] loaded []
15:10:17.276 [main] INFO  org.elasticsearch.node - [ticket.node] {elasticsearch/0.16.2}[12468]: initialized
15:10:17.277 [main] INFO  c.r.s.elasticsearch.ElasticSearchServer - Starting the Elastic Search server node with these settings:
15:10:17.279 [main] INFO  c.r.s.elasticsearch.ElasticSearchServer - Elasticsearch Settings :  [node.local:true, index.analysis.analyzer.search_standard.filter:[lowercase], elastic.config.path:/var/lib/jenkins/jobs/Samatha Fork/workspace/service/target/properties/local/elasticsearch, path.data:/var/lib/jenkins/jobs/Samatha Fork/workspace/service/target/elasticsearch/data, ticket.core.dateformat:yyyy-MM-dd HH:mm:ss, cluster.name:ticket.cluster, index.analysis.analyzer.search_standard.type:standard, path.conf:/var/lib/jenkins/jobs/Samatha Fork/workspace/service/target/properties/local/elasticsearch, core.api.password:qwerty, ticket.ongoingsync.delay.seconds:2000, name:ticket.node, path.logs:/var/lib/jenkins/jobs/Samatha Fork/workspace/service/target/elasticsearch/logs, http.enabled:true, index.number_of_replicas:0, ticket.document.idName:number, core.api.endpoint:https://ws.staging.core.rackspace.com/ctkapi, ticket.document.type:ticket, ticket.index.name:ticket, admin.index.name:admin, indices.structure:/indices_structure.json, index.store.fs.memory.enabled:false, index.number_of_shards:5, admin.document.type:syncJob, ticket.core.date.timezone:CST, ticket.search.allowedRangeParams:created_at,updated_at,last_public_response_date, ticket.search.allowedTermParams:source_system,number,created_at,updated_at,last_public_response_date,status,queue,category,priority,assignee.name,account.number, core.api.username:rcameron, ticket.elastic.dateformat:yyyy-MM-dd&apos;T&apos;HH:mm:ss.SSSZZ, discovery.zen.ping.multicast.enabled:false, action.auto_create_index:1, path.home:/var/lib/jenkins/jobs/Samatha Fork/workspace/service, path.work:/var/lib/jenkins/jobs/Samatha Fork/workspace/service/work, path.work_with_cluster:/var/lib/jenkins/jobs/Samatha Fork/workspace/service/work/ticket.cluster, path.data_with_cluster:/var/lib/jenkins/jobs/Samatha Fork/workspace/service/target/elasticsearch/data/ticket.cluster]
15:10:17.280 [main] INFO  org.elasticsearch.node - [ticket.node] {elasticsearch/0.16.2}[12468]: starting ...
15:10:17.281 [main] INFO  org.elasticsearch.transport - [ticket.node] bound_address {local[10]}, publish_address {local[10]}
15:10:17.283 [elasticsearch[ticket.node]clusterService#updateTask-pool-137-thread-1] INFO  org.elasticsearch.cluster.service - [ticket.node] new_master [ticket.node][10][local[10]]{local=true}, reason: local-disco-initial_connect(master)
15:10:17.284 [main] INFO  org.elasticsearch.discovery - [ticket.node] ticket.cluster/10
15:10:17.302 [main] INFO  org.elasticsearch.http - [ticket.node] bound_address {inet[/0:0:0:0:0:0:0:0:9200]}, publish_address {inet[/10.14.208.252:9200]}
15:10:17.303 [main] INFO  org.elasticsearch.node - [ticket.node] {elasticsearch/0.16.2}[12468]: started
15:10:17.304 [main] INFO  c.r.s.elasticsearch.ElasticSearchServer - Elastic Search server is started.
15:10:17.307 [main] INFO  c.r.s.elasticsearch.ElasticSearchServer - ES cluster status is RED. Waiting for ES recovery.
15:10:17.309 [elasticsearch[ticket.node]clusterService#updateTask-pool-137-thread-1] INFO  org.elasticsearch.gateway - [ticket.node] recovered [0] indices into cluster_state
15:10:17.310 [main] INFO  c.r.s.elasticsearch.ElasticSearchServer - ES cluster status is GREEN
15:10:17.397 [main] INFO  org.elasticsearch.node - [ticket.node] {elasticsearch/0.16.2}[12468]: stopping ...
15:10:17.464 [main] INFO  org.elasticsearch.node - [ticket.node] {elasticsearch/0.16.2}[12468]: stopped
15:10:17.465 [main] INFO  org.elasticsearch.node - [ticket.node] {elasticsearch/0.16.2}[12468]: closing ...
15:10:17.471 [main] INFO  org.elasticsearch.node - [ticket.node] {elasticsearch/0.16.2}[12468]: closed
15:10:17.478 [main] ERROR o.s.test.context.TestContextManager - Caught exception while allowing TestExecutionListener [org.springframework.test.context.support.DependencyInjectionTestExecutionListener@35cfee57] to prepare test instance [com.rackspace.search.elasticsearch.client.ElasticSearchClientTest@426f411f]
java.lang.IllegalStateException: Failed to load ApplicationContext
	at org.springframework.test.context.TestContext.getApplicationContext(TestContext.java:308) ~[spring-test-3.0.6.RELEASE.jar:3.0.6.RELEASE]
	at org.springframework.test.context.support.DependencyInjectionTestExecutionListener.injectDependencies(DependencyInjectionTestExecutionListener.java:109) ~[spring-test-3.0.6.RELEASE.jar:3.0.6.RELEASE]
	at org.springframework.test.context.support.DependencyInjectionTestExecutionListener.prepareTestInstance(DependencyInjectionTestExecutionListener.java:75) ~[spring-test-3.0.6.RELEASE.jar:3.0.6.RELEASE]
	at org.springframework.test.context.TestContextManager.prepareTestInstance(TestContextManager.java:321) ~[spring-test-3.0.6.RELEASE.jar:3.0.6.RELEASE]
	at org.spockframework.spring.SpringTestContextManager.prepareTestInstance(SpringTestContextManager.java:49) [spock-spring-0.7-groovy-2.0.jar:na]
	at org.spockframework.spring.SpringInterceptor.interceptSetupMethod(SpringInterceptor.java:42) [spock-spring-0.7-groovy-2.0.jar:na]
	at org.spockframework.runtime.extension.AbstractMethodInterceptor.intercept(AbstractMethodInterceptor.java:28) [spock-core-0.7-groovy-2.0.jar:na]
	at org.spockframework.runtime.extension.MethodInvocation.proceed(MethodInvocation.java:84) [spock-core-0.7-groovy-2.0.jar:na]
	at org.spockframework.runtime.BaseSpecRunner.invoke(BaseSpecRunner.java:319) [spock-core-0.7-groovy-2.0.jar:na]
	at org.spockframework.runtime.BaseSpecRunner.invokeSetup(BaseSpecRunner.java:279) [spock-core-0.7-groovy-2.0.jar:na]
	at org.spockframework.runtime.BaseSpecRunner.doRunIteration(BaseSpecRunner.java:255) [spock-core-0.7-groovy-2.0.jar:na]
	at sun.reflect.GeneratedMethodAccessor11.invoke(Unknown Source) ~[na:na]
	at sun.reflect.DelegatingMethodAccessorImpl.invoke(DelegatingMethodAccessorImpl.java:25) ~[na:1.6.0_38]
	at java.lang.reflect.Method.invoke(Method.java:597) ~[na:1.6.0_38]
	at org.spockframework.util.ReflectionUtil.invokeMethod(ReflectionUtil.java:138) [spock-core-0.7-groovy-2.0.jar:na]
	at org.spockframework.runtime.BaseSpecRunner.invokeRaw(BaseSpecRunner.java:330) [spock-core-0.7-groovy-2.0.jar:na]
	at org.spockframework.runtime.BaseSpecRunner.invoke(BaseSpecRunner.java:311) [spock-core-0.7-groovy-2.0.jar:na]
	at org.spockframework.runtime.BaseSpecRunner.runIteration(BaseSpecRunner.java:223) [spock-core-0.7-groovy-2.0.jar:na]
	at org.spockframework.runtime.BaseSpecRunner.initializeAndRunIteration(BaseSpecRunner.java:214) [spock-core-0.7-groovy-2.0.jar:na]
	at org.spockframework.runtime.BaseSpecRunner.runSimpleFeature(BaseSpecRunner.java:205) [spock-core-0.7-groovy-2.0.jar:na]
	at org.spockframework.runtime.BaseSpecRunner.doRunFeature(BaseSpecRunner.java:199) [spock-core-0.7-groovy-2.0.jar:na]
	at sun.reflect.GeneratedMethodAccessor12.invoke(Unknown Source) ~[na:na]
	at sun.reflect.DelegatingMethodAccessorImpl.invoke(DelegatingMethodAccessorImpl.java:25) ~[na:1.6.0_38]
	at java.lang.reflect.Method.invoke(Method.java:597) ~[na:1.6.0_38]
	at org.spockframework.util.ReflectionUtil.invokeMethod(ReflectionUtil.java:138) [spock-core-0.7-groovy-2.0.jar:na]
	at org.spockframework.runtime.BaseSpecRunner.invokeRaw(BaseSpecRunner.java:330) [spock-core-0.7-groovy-2.0.jar:na]
	at org.spockframework.runtime.BaseSpecRunner.invoke(BaseSpecRunner.java:311) [spock-core-0.7-groovy-2.0.jar:na]
	at org.spockframework.runtime.BaseSpecRunner.runFeature(BaseSpecRunner.java:175) [spock-core-0.7-groovy-2.0.jar:na]
	at org.spockframework.runtime.BaseSpecRunner.runFeatures(BaseSpecRunner.java:152) [spock-core-0.7-groovy-2.0.jar:na]
	at org.spockframework.runtime.BaseSpecRunner.doRunSpec(BaseSpecRunner.java:112) [spock-core-0.7-groovy-2.0.jar:na]
	at sun.reflect.NativeMethodAccessorImpl.invoke0(Native Method) ~[na:1.6.0_38]
	at sun.reflect.NativeMethodAccessorImpl.invoke(NativeMethodAccessorImpl.java:39) ~[na:1.6.0_38]
	at sun.reflect.DelegatingMethodAccessorImpl.invoke(DelegatingMethodAccessorImpl.java:25) ~[na:1.6.0_38]
	at java.lang.reflect.Method.invoke(Method.java:597) ~[na:1.6.0_38]
	at org.spockframework.util.ReflectionUtil.invokeMethod(ReflectionUtil.java:138) [spock-core-0.7-groovy-2.0.jar:na]
	at org.spockframework.runtime.BaseSpecRunner.invokeRaw(BaseSpecRunner.java:330) [spock-core-0.7-groovy-2.0.jar:na]
	at org.spockframework.runtime.BaseSpecRunner.invoke(BaseSpecRunner.java:311) [spock-core-0.7-groovy-2.0.jar:na]
	at org.spockframework.runtime.BaseSpecRunner.runSpec(BaseSpecRunner.java:91) [spock-core-0.7-groovy-2.0.jar:na]
	at org.spockframework.runtime.BaseSpecRunner.run(BaseSpecRunner.java:82) [spock-core-0.7-groovy-2.0.jar:na]
	at org.spockframework.runtime.Sputnik.run(Sputnik.java:63) [spock-core-0.7-groovy-2.0.jar:na]
	at org.apache.maven.surefire.junit4.JUnit4TestSet.execute(JUnit4TestSet.java:53) [surefire-junit4-2.10.jar:2.10]
	at org.apache.maven.surefire.junit4.JUnit4Provider.executeTestSet(JUnit4Provider.java:123) [surefire-junit4-2.10.jar:2.10]
	at org.apache.maven.surefire.junit4.JUnit4Provider.invoke(JUnit4Provider.java:104) [surefire-junit4-2.10.jar:2.10]
	at sun.reflect.NativeMethodAccessorImpl.invoke0(Native Method) ~[na:1.6.0_38]
	at sun.reflect.NativeMethodAccessorImpl.invoke(NativeMethodAccessorImpl.java:39) ~[na:1.6.0_38]
	at sun.reflect.DelegatingMethodAccessorImpl.invoke(DelegatingMethodAccessorImpl.java:25) ~[na:1.6.0_38]
	at java.lang.reflect.Method.invoke(Method.java:597) ~[na:1.6.0_38]
	at org.apache.maven.surefire.util.ReflectionUtils.invokeMethodWithArray(ReflectionUtils.java:164) [surefire-api-2.10.jar:2.10]
	at org.apache.maven.surefire.booter.ProviderFactory$ProviderProxy.invoke(ProviderFactory.java:110) [surefire-booter-2.10.jar:2.10]
	at org.apache.maven.surefire.booter.SurefireStarter.invokeProvider(SurefireStarter.java:175) [surefire-booter-2.10.jar:2.10]
	at org.apache.maven.surefire.booter.SurefireStarter.runSuitesInProcessWhenForked(SurefireStarter.java:107) [surefire-booter-2.10.jar:2.10]
	at org.apache.maven.surefire.booter.ForkedBooter.main(ForkedBooter.java:68) [surefire-booter-2.10.jar:2.10]
Caused by: org.springframework.beans.factory.BeanCreationException: Error creating bean with name &apos;adminResource&apos;: Injection of autowired dependencies failed; nested exception is org.springframework.beans.factory.BeanCreationException: Could not autowire field: private com.rackspace.search.service.core.CoreTicketOngoingSyncJob com.rackspace.search.endpoint.AdminResource.coreTicketOngoingSyncJob; nested exception is org.springframework.beans.factory.BeanCreationException: Error creating bean with name &apos;coreTicketOngoingSyncJob&apos;: Invocation of init method failed; nested exception is org.elasticsearch.indices.IndexMissingException: [admin] missing
	at org.springframework.beans.factory.annotation.AutowiredAnnotationBeanPostProcessor.postProcessPropertyValues(AutowiredAnnotationBeanPostProcessor.java:288) ~[spring-beans-3.0.6.RELEASE.jar:3.0.6.RELEASE]
	at org.springframework.beans.factory.support.AbstractAutowireCapableBeanFactory.populateBean(AbstractAutowireCapableBeanFactory.java:1074) ~[spring-beans-3.0.6.RELEASE.jar:3.0.6.RELEASE]
	at org.springframework.beans.factory.support.AbstractAutowireCapableBeanFactory.doCreateBean(AbstractAutowireCapableBeanFactory.java:517) ~[spring-beans-3.0.6.RELEASE.jar:3.0.6.RELEASE]
	at org.springframework.beans.factory.support.AbstractAutowireCapableBeanFactory.createBean(AbstractAutowireCapableBeanFactory.java:456) ~[spring-beans-3.0.6.RELEASE.jar:3.0.6.RELEASE]
	at org.springframework.beans.factory.support.AbstractBeanFactory$1.getObject(AbstractBeanFactory.java:293) ~[spring-beans-3.0.6.RELEASE.jar:3.0.6.RELEASE]
	at org.springframework.beans.factory.support.DefaultSingletonBeanRegistry.getSingleton(DefaultSingletonBeanRegistry.java:222) ~[spring-beans-3.0.6.RELEASE.jar:3.0.6.RELEASE]
	at org.springframework.beans.factory.support.AbstractBeanFactory.doGetBean(AbstractBeanFactory.java:290) ~[spring-beans-3.0.6.RELEASE.jar:3.0.6.RELEASE]
	at org.springframework.beans.factory.support.AbstractBeanFactory.getBean(AbstractBeanFactory.java:192) ~[spring-beans-3.0.6.RELEASE.jar:3.0.6.RELEASE]
	at org.springframework.beans.factory.support.DefaultListableBeanFactory.preInstantiateSingletons(DefaultListableBeanFactory.java:585) ~[spring-beans-3.0.6.RELEASE.jar:3.0.6.RELEASE]
	at org.springframework.context.support.AbstractApplicationContext.finishBeanFactoryInitialization(AbstractApplicationContext.java:895) ~[spring-context-3.0.6.RELEASE.jar:3.0.6.RELEASE]
	at org.springframework.context.support.AbstractApplicationContext.refresh(AbstractApplicationContext.java:425) ~[spring-context-3.0.6.RELEASE.jar:3.0.6.RELEASE]
	at org.springframework.test.context.support.AbstractGenericContextLoader.loadContext(AbstractGenericContextLoader.java:84) ~[spring-test-3.0.6.RELEASE.jar:3.0.6.RELEASE]
	at org.springframework.test.context.support.AbstractGenericContextLoader.loadContext(AbstractGenericContextLoader.java:1) ~[spring-test-3.0.6.RELEASE.jar:3.0.6.RELEASE]
	at org.springframework.test.context.TestContext.loadApplicationContext(TestContext.java:280) ~[spring-test-3.0.6.RELEASE.jar:3.0.6.RELEASE]
	at org.springframework.test.context.TestContext.getApplicationContext(TestContext.java:304) ~[spring-test-3.0.6.RELEASE.jar:3.0.6.RELEASE]
	... 51 common frames omitted
Caused by: org.springframework.beans.factory.BeanCreationException: Could not autowire field: private com.rackspace.search.service.core.CoreTicketOngoingSyncJob com.rackspace.search.endpoint.AdminResource.coreTicketOngoingSyncJob; nested exception is org.springframework.beans.factory.BeanCreationException: Error creating bean with name &apos;coreTicketOngoingSyncJob&apos;: Invocation of init method failed; nested exception is org.elasticsearch.indices.IndexMissingException: [admin] missing
	at org.springframework.beans.factory.annotation.AutowiredAnnotationBeanPostProcessor$AutowiredFieldElement.inject(AutowiredAnnotationBeanPostProcessor.java:508) ~[spring-beans-3.0.6.RELEASE.jar:3.0.6.RELEASE]
	at org.springframework.beans.factory.annotation.InjectionMetadata.inject(InjectionMetadata.java:84) ~[spring-beans-3.0.6.RELEASE.jar:3.0.6.RELEASE]
	at org.springframework.beans.factory.annotation.AutowiredAnnotationBeanPostProcessor.postProcessPropertyValues(AutowiredAnnotationBeanPostProcessor.java:285) ~[spring-beans-3.0.6.RELEASE.jar:3.0.6.RELEASE]
	... 65 common frames omitted
Caused by: org.springframework.beans.factory.BeanCreationException: Error creating bean with name &apos;coreTicketOngoingSyncJob&apos;: Invocation of init method failed; nested exception is org.elasticsearch.indices.IndexMissingException: [admin] missing
	at org.springframework.beans.factory.annotation.InitDestroyAnnotationBeanPostProcessor.postProcessBeforeInitialization(InitDestroyAnnotationBeanPostProcessor.java:133) ~[spring-beans-3.0.6.RELEASE.jar:3.0.6.RELEASE]
	at org.springframework.beans.factory.support.AbstractAutowireCapableBeanFactory.applyBeanPostProcessorsBeforeInitialization(AbstractAutowireCapableBeanFactory.java:394) ~[spring-beans-3.0.6.RELEASE.jar:3.0.6.RELEASE]
	at org.springframework.beans.factory.support.AbstractAutowireCapableBeanFactory.initializeBean(AbstractAutowireCapableBeanFactory.java:1413) ~[spring-beans-3.0.6.RELEASE.jar:3.0.6.RELEASE]
	at org.springframework.beans.factory.support.AbstractAutowireCapableBeanFactory.doCreateBean(AbstractAutowireCapableBeanFactory.java:519) ~[spring-beans-3.0.6.RELEASE.jar:3.0.6.RELEASE]
	at org.springframework.beans.factory.support.AbstractAutowireCapableBeanFactory.createBean(AbstractAutowireCapableBeanFactory.java:456) ~[spring-beans-3.0.6.RELEASE.jar:3.0.6.RELEASE]
	at org.springframework.beans.factory.support.AbstractBeanFactory$1.getObject(AbstractBeanFactory.java:293) ~[spring-beans-3.0.6.RELEASE.jar:3.0.6.RELEASE]
	at org.springframework.beans.factory.support.DefaultSingletonBeanRegistry.getSingleton(DefaultSingletonBeanRegistry.java:222) ~[spring-beans-3.0.6.RELEASE.jar:3.0.6.RELEASE]
	at org.springframework.beans.factory.support.AbstractBeanFactory.doGetBean(AbstractBeanFactory.java:290) ~[spring-beans-3.0.6.RELEASE.jar:3.0.6.RELEASE]
	at org.springframework.beans.factory.support.AbstractBeanFactory.getBean(AbstractBeanFactory.java:192) ~[spring-beans-3.0.6.RELEASE.jar:3.0.6.RELEASE]
	at org.springframework.beans.factory.support.DefaultListableBeanFactory.findAutowireCandidates(DefaultListableBeanFactory.java:848) ~[spring-beans-3.0.6.RELEASE.jar:3.0.6.RELEASE]
	at org.springframework.beans.factory.support.DefaultListableBeanFactory.doResolveDependency(DefaultListableBeanFactory.java:790) ~[spring-beans-3.0.6.RELEASE.jar:3.0.6.RELEASE]
	at org.springframework.beans.factory.support.DefaultListableBeanFactory.resolveDependency(DefaultListableBeanFactory.java:707) ~[spring-beans-3.0.6.RELEASE.jar:3.0.6.RELEASE]
	at org.springframework.beans.factory.annotation.AutowiredAnnotationBeanPostProcessor$AutowiredFieldElement.inject(AutowiredAnnotationBeanPostProcessor.java:480) ~[spring-beans-3.0.6.RELEASE.jar:3.0.6.RELEASE]
	... 67 common frames omitted
Caused by: org.elasticsearch.indices.IndexMissingException: [admin] missing
	at org.elasticsearch.cluster.metadata.MetaData.concreteIndex(MetaData.java:211) ~[elasticsearch-0.16.2.jar:na]
	at org.elasticsearch.action.support.single.shard.TransportShardSingleOperationAction$AsyncSingleAction.&lt;init&gt;(TransportShardSingleOperationAction.java:107) ~[elasticsearch-0.16.2.jar:na]
	at org.elasticsearch.action.support.single.shard.TransportShardSingleOperationAction$AsyncSingleAction.&lt;init&gt;(TransportShardSingleOperationAction.java:88) ~[elasticsearch-0.16.2.jar:na]
	at org.elasticsearch.action.support.single.shard.TransportShardSingleOperationAction.doExecute(TransportShardSingleOperationAction.java:69) ~[elasticsearch-0.16.2.jar:na]
	at org.elasticsearch.action.support.single.shard.TransportShardSingleOperationAction.doExecute(TransportShardSingleOperationAction.java:45) ~[elasticsearch-0.16.2.jar:na]
	at org.elasticsearch.action.support.BaseAction.execute(BaseAction.java:61) ~[elasticsearch-0.16.2.jar:na]
	at org.elasticsearch.client.node.NodeClient.get(NodeClient.java:152) ~[elasticsearch-0.16.2.jar:na]
	at org.elasticsearch.client.action.get.GetRequestBuilder.doExecute(GetRequestBuilder.java:119) ~[elasticsearch-0.16.2.jar:na]
	at org.elasticsearch.client.action.support.BaseRequestBuilder.execute(BaseRequestBuilder.java:56) ~[elasticsearch-0.16.2.jar:na]
	at org.elasticsearch.client.action.support.BaseRequestBuilder.execute(BaseRequestBuilder.java:51) ~[elasticsearch-0.16.2.jar:na]
	at org.elasticsearch.client.action.RequestBuilder$execute.call(Unknown Source) ~[na:na]
	at com.rackspace.search.elasticsearch.client.ElasticSearchClient.getDocument(ElasticSearchClient.groovy:202) ~[classes/:na]
	at com.rackspace.search.elasticsearch.client.ElasticSearchClient$getDocument.call(Unknown Source) ~[na:na]
	at com.rackspace.search.service.JobService.getJob(JobService.groovy:38) ~[classes/:na]
	at com.rackspace.search.service.JobService$getJob.call(Unknown Source) ~[na:na]
	at com.rackspace.search.service.core.CoreTicketOngoingSyncJob.setupActivities(CoreTicketOnGoingSyncJob.groovy:54) ~[classes/:na]
	at sun.reflect.NativeMethodAccessorImpl.invoke0(Native Method) ~[na:1.6.0_38]
	at sun.reflect.NativeMethodAccessorImpl.invoke(NativeMethodAccessorImpl.java:39) ~[na:1.6.0_38]
	at sun.reflect.DelegatingMethodAccessorImpl.invoke(DelegatingMethodAccessorImpl.java:25) ~[na:1.6.0_38]
	at java.lang.reflect.Method.invoke(Method.java:597) ~[na:1.6.0_38]
	at org.springframework.beans.factory.annotation.InitDestroyAnnotationBeanPostProcessor$LifecycleElement.invoke(InitDestroyAnnotationBeanPostProcessor.java:340) ~[spring-beans-3.0.6.RELEASE.jar:3.0.6.RELEASE]
	at org.springframework.beans.factory.annotation.InitDestroyAnnotationBeanPostProcessor$LifecycleMetadata.invokeInitMethods(InitDestroyAnnotationBeanPostProcessor.java:293) ~[spring-beans-3.0.6.RELEASE.jar:3.0.6.RELEASE]
	at org.springframework.beans.factory.annotation.InitDestroyAnnotationBeanPostProcessor.postProcessBeforeInitialization(InitDestroyAnnotationBeanPostProcessor.java:130) ~[spring-beans-3.0.6.RELEASE.jar:3.0.6.RELEASE]
	... 79 common frames omitted
</stdout>
          <failedSince>1</failedSince>
        </case>
        <case>
          <duration>0.802</duration>
          <className>com.rackspace.search.elasticsearch.client.ElasticSearchClientTest</className>
          <testName>get All Tickets</testName>
          <skipped>false</skipped>
          <errorStackTrace>java.lang.NullPointerException: Cannot invoke method getClient() on null object
	at com.rackspace.search.elasticsearch.client.ElasticSearchClientTest.cleanup(ElasticSearchClientTest.groovy:84)
</errorStackTrace>
          <errorDetails>Cannot invoke method getClient() on null object</errorDetails>
          <failedSince>1</failedSince>
        </case>
        <case>
          <duration>0.71</duration>
          <className>com.rackspace.search.elasticsearch.client.ElasticSearchClientTest</className>
          <testName>test search tickets for string filed user with single &amp; multiple values and negation</testName>
          <skipped>false</skipped>
          <errorStackTrace>java.lang.IllegalStateException: Failed to load ApplicationContext
	at org.springframework.test.context.TestContext.getApplicationContext(TestContext.java:308)
	at org.springframework.test.context.support.DependencyInjectionTestExecutionListener.injectDependencies(DependencyInjectionTestExecutionListener.java:109)
	at org.springframework.test.context.support.DependencyInjectionTestExecutionListener.prepareTestInstance(DependencyInjectionTestExecutionListener.java:75)
	at org.springframework.test.context.TestContextManager.prepareTestInstance(TestContextManager.java:321)
	at org.spockframework.spring.SpringTestContextManager.prepareTestInstance(SpringTestContextManager.java:49)
	at org.spockframework.spring.SpringInterceptor.interceptSetupMethod(SpringInterceptor.java:42)
	at org.spockframework.runtime.extension.AbstractMethodInterceptor.intercept(AbstractMethodInterceptor.java:28)
	at org.spockframework.runtime.extension.MethodInvocation.proceed(MethodInvocation.java:84)
	at org.spockframework.util.ReflectionUtil.invokeMethod(ReflectionUtil.java:138)
	at org.spockframework.util.ReflectionUtil.invokeMethod(ReflectionUtil.java:138)
	at org.spockframework.util.ReflectionUtil.invokeMethod(ReflectionUtil.java:138)
	at org.apache.maven.surefire.junit4.JUnit4TestSet.execute(JUnit4TestSet.java:53)
	at org.apache.maven.surefire.junit4.JUnit4Provider.executeTestSet(JUnit4Provider.java:123)
	at org.apache.maven.surefire.junit4.JUnit4Provider.invoke(JUnit4Provider.java:104)
	at org.apache.maven.surefire.util.ReflectionUtils.invokeMethodWithArray(ReflectionUtils.java:164)
	at org.apache.maven.surefire.booter.ProviderFactory$ProviderProxy.invoke(ProviderFactory.java:110)
	at org.apache.maven.surefire.booter.SurefireStarter.invokeProvider(SurefireStarter.java:175)
	at org.apache.maven.surefire.booter.SurefireStarter.runSuitesInProcessWhenForked(SurefireStarter.java:107)
	at org.apache.maven.surefire.booter.ForkedBooter.main(ForkedBooter.java:68)
Caused by: org.springframework.beans.factory.BeanCreationException: Error creating bean with name &apos;adminResource&apos;: Injection of autowired dependencies failed; nested exception is org.springframework.beans.factory.BeanCreationException: Could not autowire field: private com.rackspace.search.service.core.CoreTicketOngoingSyncJob com.rackspace.search.endpoint.AdminResource.coreTicketOngoingSyncJob; nested exception is org.springframework.beans.factory.BeanCreationException: Error creating bean with name &apos;coreTicketOngoingSyncJob&apos;: Invocation of init method failed; nested exception is org.elasticsearch.indices.IndexMissingException: [admin] missing
	at org.springframework.beans.factory.annotation.AutowiredAnnotationBeanPostProcessor.postProcessPropertyValues(AutowiredAnnotationBeanPostProcessor.java:288)
	at org.springframework.beans.factory.support.AbstractAutowireCapableBeanFactory.populateBean(AbstractAutowireCapableBeanFactory.java:1074)
	at org.springframework.beans.factory.support.AbstractAutowireCapableBeanFactory.doCreateBean(AbstractAutowireCapableBeanFactory.java:517)
	at org.springframework.beans.factory.support.AbstractAutowireCapableBeanFactory.createBean(AbstractAutowireCapableBeanFactory.java:456)
	at org.springframework.beans.factory.support.AbstractBeanFactory$1.getObject(AbstractBeanFactory.java:293)
	at org.springframework.beans.factory.support.DefaultSingletonBeanRegistry.getSingleton(DefaultSingletonBeanRegistry.java:222)
	at org.springframework.beans.factory.support.AbstractBeanFactory.doGetBean(AbstractBeanFactory.java:290)
	at org.springframework.beans.factory.support.AbstractBeanFactory.getBean(AbstractBeanFactory.java:192)
	at org.springframework.beans.factory.support.DefaultListableBeanFactory.preInstantiateSingletons(DefaultListableBeanFactory.java:585)
	at org.springframework.context.support.AbstractApplicationContext.finishBeanFactoryInitialization(AbstractApplicationContext.java:895)
	at org.springframework.context.support.AbstractApplicationContext.refresh(AbstractApplicationContext.java:425)
	at org.springframework.test.context.support.AbstractGenericContextLoader.loadContext(AbstractGenericContextLoader.java:84)
	at org.springframework.test.context.support.AbstractGenericContextLoader.loadContext(AbstractGenericContextLoader.java:1)
	at org.springframework.test.context.TestContext.loadApplicationContext(TestContext.java:280)
	at org.springframework.test.context.TestContext.getApplicationContext(TestContext.java:304)
	... 18 more
Caused by: org.springframework.beans.factory.BeanCreationException: Could not autowire field: private com.rackspace.search.service.core.CoreTicketOngoingSyncJob com.rackspace.search.endpoint.AdminResource.coreTicketOngoingSyncJob; nested exception is org.springframework.beans.factory.BeanCreationException: Error creating bean with name &apos;coreTicketOngoingSyncJob&apos;: Invocation of init method failed; nested exception is org.elasticsearch.indices.IndexMissingException: [admin] missing
	at org.springframework.beans.factory.annotation.AutowiredAnnotationBeanPostProcessor$AutowiredFieldElement.inject(AutowiredAnnotationBeanPostProcessor.java:508)
	at org.springframework.beans.factory.annotation.InjectionMetadata.inject(InjectionMetadata.java:84)
	at org.springframework.beans.factory.annotation.AutowiredAnnotationBeanPostProcessor.postProcessPropertyValues(AutowiredAnnotationBeanPostProcessor.java:285)
	... 32 more
Caused by: org.springframework.beans.factory.BeanCreationException: Error creating bean with name &apos;coreTicketOngoingSyncJob&apos;: Invocation of init method failed; nested exception is org.elasticsearch.indices.IndexMissingException: [admin] missing
	at org.springframework.beans.factory.annotation.InitDestroyAnnotationBeanPostProcessor.postProcessBeforeInitialization(InitDestroyAnnotationBeanPostProcessor.java:133)
	at org.springframework.beans.factory.support.AbstractAutowireCapableBeanFactory.applyBeanPostProcessorsBeforeInitialization(AbstractAutowireCapableBeanFactory.java:394)
	at org.springframework.beans.factory.support.AbstractAutowireCapableBeanFactory.initializeBean(AbstractAutowireCapableBeanFactory.java:1413)
	at org.springframework.beans.factory.support.AbstractAutowireCapableBeanFactory.doCreateBean(AbstractAutowireCapableBeanFactory.java:519)
	at org.springframework.beans.factory.support.AbstractAutowireCapableBeanFactory.createBean(AbstractAutowireCapableBeanFactory.java:456)
	at org.springframework.beans.factory.support.AbstractBeanFactory$1.getObject(AbstractBeanFactory.java:293)
	at org.springframework.beans.factory.support.DefaultSingletonBeanRegistry.getSingleton(DefaultSingletonBeanRegistry.java:222)
	at org.springframework.beans.factory.support.AbstractBeanFactory.doGetBean(AbstractBeanFactory.java:290)
	at org.springframework.beans.factory.support.AbstractBeanFactory.getBean(AbstractBeanFactory.java:192)
	at org.springframework.beans.factory.support.DefaultListableBeanFactory.findAutowireCandidates(DefaultListableBeanFactory.java:848)
	at org.springframework.beans.factory.support.DefaultListableBeanFactory.doResolveDependency(DefaultListableBeanFactory.java:790)
	at org.springframework.beans.factory.support.DefaultListableBeanFactory.resolveDependency(DefaultListableBeanFactory.java:707)
	at org.springframework.beans.factory.annotation.AutowiredAnnotationBeanPostProcessor$AutowiredFieldElement.inject(AutowiredAnnotationBeanPostProcessor.java:480)
	... 34 more
Caused by: org.elasticsearch.indices.IndexMissingException: [admin] missing
	at org.elasticsearch.cluster.metadata.MetaData.concreteIndex(MetaData.java:211)
	at org.elasticsearch.action.support.single.shard.TransportShardSingleOperationAction$AsyncSingleAction.&lt;init&gt;(TransportShardSingleOperationAction.java:107)
	at org.elasticsearch.action.support.single.shard.TransportShardSingleOperationAction$AsyncSingleAction.&lt;init&gt;(TransportShardSingleOperationAction.java:88)
	at org.elasticsearch.action.support.single.shard.TransportShardSingleOperationAction.doExecute(TransportShardSingleOperationAction.java:69)
	at org.elasticsearch.action.support.single.shard.TransportShardSingleOperationAction.doExecute(TransportShardSingleOperationAction.java:45)
	at org.elasticsearch.action.support.BaseAction.execute(BaseAction.java:61)
	at org.elasticsearch.client.node.NodeClient.get(NodeClient.java:152)
	at org.elasticsearch.client.action.get.GetRequestBuilder.doExecute(GetRequestBuilder.java:119)
	at org.elasticsearch.client.action.support.BaseRequestBuilder.execute(BaseRequestBuilder.java:56)
	at org.elasticsearch.client.action.support.BaseRequestBuilder.execute(BaseRequestBuilder.java:51)
	at com.rackspace.search.elasticsearch.client.ElasticSearchClient.getDocument(ElasticSearchClient.groovy:202)
	at com.rackspace.search.service.JobService.getJob(JobService.groovy:38)
	at com.rackspace.search.service.core.CoreTicketOngoingSyncJob.setupActivities(CoreTicketOnGoingSyncJob.groovy:54)
	at org.springframework.beans.factory.annotation.InitDestroyAnnotationBeanPostProcessor$LifecycleElement.invoke(InitDestroyAnnotationBeanPostProcessor.java:340)
	at org.springframework.beans.factory.annotation.InitDestroyAnnotationBeanPostProcessor$LifecycleMetadata.invokeInitMethods(InitDestroyAnnotationBeanPostProcessor.java:293)
	at org.springframework.beans.factory.annotation.InitDestroyAnnotationBeanPostProcessor.postProcessBeforeInitialization(InitDestroyAnnotationBeanPostProcessor.java:130)
	... 46 more
</errorStackTrace>
          <errorDetails>Failed to load ApplicationContext</errorDetails>
          <stdout>15:10:17.662 [main] INFO  c.r.s.common.property.PropertyProvider - Loading properties file from file [/var/lib/jenkins/jobs/Samatha Fork/workspace/service/target/properties/local/search.properties]
15:10:17.662 [main] INFO  c.r.s.common.property.PropertyProvider - Loading properties file from file [/var/lib/jenkins/jobs/Samatha Fork/workspace/service/target/properties/local/search.secrets.properties]
15:10:17.662 [main] INFO  c.r.s.common.property.PropertyProvider - Loading properties file from file [/var/lib/jenkins/jobs/Samatha Fork/workspace/service/target/properties/local/elasticsearch.properties]
15:10:17.674 [main] INFO  c.r.s.elasticsearch.ElasticSearchServer - Starting the Elastic Search server node:
15:10:17.676 [main] INFO  org.elasticsearch.node - [ticket.node] {elasticsearch/0.16.2}[12468]: initializing ...
15:10:17.677 [main] INFO  org.elasticsearch.plugins - [ticket.node] loaded []
15:10:18.036 [main] INFO  org.elasticsearch.node - [ticket.node] {elasticsearch/0.16.2}[12468]: initialized
15:10:18.036 [main] INFO  c.r.s.elasticsearch.ElasticSearchServer - Starting the Elastic Search server node with these settings:
15:10:18.036 [main] INFO  c.r.s.elasticsearch.ElasticSearchServer - Elasticsearch Settings :  [node.local:true, index.analysis.analyzer.search_standard.filter:[lowercase], elastic.config.path:/var/lib/jenkins/jobs/Samatha Fork/workspace/service/target/properties/local/elasticsearch, path.data:/var/lib/jenkins/jobs/Samatha Fork/workspace/service/target/elasticsearch/data, ticket.core.dateformat:yyyy-MM-dd HH:mm:ss, cluster.name:ticket.cluster, index.analysis.analyzer.search_standard.type:standard, path.conf:/var/lib/jenkins/jobs/Samatha Fork/workspace/service/target/properties/local/elasticsearch, core.api.password:qwerty, ticket.ongoingsync.delay.seconds:2000, name:ticket.node, path.logs:/var/lib/jenkins/jobs/Samatha Fork/workspace/service/target/elasticsearch/logs, http.enabled:true, index.number_of_replicas:0, ticket.document.idName:number, core.api.endpoint:https://ws.staging.core.rackspace.com/ctkapi, ticket.document.type:ticket, ticket.index.name:ticket, admin.index.name:admin, indices.structure:/indices_structure.json, index.store.fs.memory.enabled:false, index.number_of_shards:5, admin.document.type:syncJob, ticket.core.date.timezone:CST, ticket.search.allowedRangeParams:created_at,updated_at,last_public_response_date, ticket.search.allowedTermParams:source_system,number,created_at,updated_at,last_public_response_date,status,queue,category,priority,assignee.name,account.number, core.api.username:rcameron, ticket.elastic.dateformat:yyyy-MM-dd&apos;T&apos;HH:mm:ss.SSSZZ, discovery.zen.ping.multicast.enabled:false, action.auto_create_index:1, path.home:/var/lib/jenkins/jobs/Samatha Fork/workspace/service, path.work:/var/lib/jenkins/jobs/Samatha Fork/workspace/service/work, path.work_with_cluster:/var/lib/jenkins/jobs/Samatha Fork/workspace/service/work/ticket.cluster, path.data_with_cluster:/var/lib/jenkins/jobs/Samatha Fork/workspace/service/target/elasticsearch/data/ticket.cluster]
15:10:18.036 [main] INFO  org.elasticsearch.node - [ticket.node] {elasticsearch/0.16.2}[12468]: starting ...
15:10:18.037 [main] INFO  org.elasticsearch.transport - [ticket.node] bound_address {local[11]}, publish_address {local[11]}
15:10:18.038 [elasticsearch[ticket.node]clusterService#updateTask-pool-151-thread-1] INFO  org.elasticsearch.cluster.service - [ticket.node] new_master [ticket.node][11][local[11]]{local=true}, reason: local-disco-initial_connect(master)
15:10:18.039 [main] INFO  org.elasticsearch.discovery - [ticket.node] ticket.cluster/11
15:10:18.050 [main] INFO  org.elasticsearch.http - [ticket.node] bound_address {inet[/0:0:0:0:0:0:0:0:9200]}, publish_address {inet[/10.14.208.252:9200]}
15:10:18.050 [main] INFO  org.elasticsearch.node - [ticket.node] {elasticsearch/0.16.2}[12468]: started
15:10:18.050 [main] INFO  c.r.s.elasticsearch.ElasticSearchServer - Elastic Search server is started.
15:10:18.052 [elasticsearch[ticket.node]clusterService#updateTask-pool-151-thread-1] INFO  org.elasticsearch.gateway - [ticket.node] recovered [0] indices into cluster_state
15:10:18.053 [main] INFO  c.r.s.elasticsearch.ElasticSearchServer - ES cluster status is GREEN
15:10:18.095 [main] INFO  org.elasticsearch.node - [ticket.node] {elasticsearch/0.16.2}[12468]: stopping ...
15:10:18.177 [main] INFO  org.elasticsearch.node - [ticket.node] {elasticsearch/0.16.2}[12468]: stopped
15:10:18.178 [main] INFO  org.elasticsearch.node - [ticket.node] {elasticsearch/0.16.2}[12468]: closing ...
15:10:18.181 [main] INFO  org.elasticsearch.node - [ticket.node] {elasticsearch/0.16.2}[12468]: closed
15:10:18.189 [main] ERROR o.s.test.context.TestContextManager - Caught exception while allowing TestExecutionListener [org.springframework.test.context.support.DependencyInjectionTestExecutionListener@35cfee57] to prepare test instance [com.rackspace.search.elasticsearch.client.ElasticSearchClientTest@f0d797f]
java.lang.IllegalStateException: Failed to load ApplicationContext
	at org.springframework.test.context.TestContext.getApplicationContext(TestContext.java:308) ~[spring-test-3.0.6.RELEASE.jar:3.0.6.RELEASE]
	at org.springframework.test.context.support.DependencyInjectionTestExecutionListener.injectDependencies(DependencyInjectionTestExecutionListener.java:109) ~[spring-test-3.0.6.RELEASE.jar:3.0.6.RELEASE]
	at org.springframework.test.context.support.DependencyInjectionTestExecutionListener.prepareTestInstance(DependencyInjectionTestExecutionListener.java:75) ~[spring-test-3.0.6.RELEASE.jar:3.0.6.RELEASE]
	at org.springframework.test.context.TestContextManager.prepareTestInstance(TestContextManager.java:321) ~[spring-test-3.0.6.RELEASE.jar:3.0.6.RELEASE]
	at org.spockframework.spring.SpringTestContextManager.prepareTestInstance(SpringTestContextManager.java:49) [spock-spring-0.7-groovy-2.0.jar:na]
	at org.spockframework.spring.SpringInterceptor.interceptSetupMethod(SpringInterceptor.java:42) [spock-spring-0.7-groovy-2.0.jar:na]
	at org.spockframework.runtime.extension.AbstractMethodInterceptor.intercept(AbstractMethodInterceptor.java:28) [spock-core-0.7-groovy-2.0.jar:na]
	at org.spockframework.runtime.extension.MethodInvocation.proceed(MethodInvocation.java:84) [spock-core-0.7-groovy-2.0.jar:na]
	at org.spockframework.runtime.BaseSpecRunner.invoke(BaseSpecRunner.java:319) [spock-core-0.7-groovy-2.0.jar:na]
	at org.spockframework.runtime.BaseSpecRunner.invokeSetup(BaseSpecRunner.java:279) [spock-core-0.7-groovy-2.0.jar:na]
	at org.spockframework.runtime.BaseSpecRunner.doRunIteration(BaseSpecRunner.java:255) [spock-core-0.7-groovy-2.0.jar:na]
	at sun.reflect.GeneratedMethodAccessor11.invoke(Unknown Source) ~[na:na]
	at sun.reflect.DelegatingMethodAccessorImpl.invoke(DelegatingMethodAccessorImpl.java:25) ~[na:1.6.0_38]
	at java.lang.reflect.Method.invoke(Method.java:597) ~[na:1.6.0_38]
	at org.spockframework.util.ReflectionUtil.invokeMethod(ReflectionUtil.java:138) [spock-core-0.7-groovy-2.0.jar:na]
	at org.spockframework.runtime.BaseSpecRunner.invokeRaw(BaseSpecRunner.java:330) [spock-core-0.7-groovy-2.0.jar:na]
	at org.spockframework.runtime.BaseSpecRunner.invoke(BaseSpecRunner.java:311) [spock-core-0.7-groovy-2.0.jar:na]
	at org.spockframework.runtime.BaseSpecRunner.runIteration(BaseSpecRunner.java:223) [spock-core-0.7-groovy-2.0.jar:na]
	at org.spockframework.runtime.BaseSpecRunner.initializeAndRunIteration(BaseSpecRunner.java:214) [spock-core-0.7-groovy-2.0.jar:na]
	at org.spockframework.runtime.BaseSpecRunner.runSimpleFeature(BaseSpecRunner.java:205) [spock-core-0.7-groovy-2.0.jar:na]
	at org.spockframework.runtime.BaseSpecRunner.doRunFeature(BaseSpecRunner.java:199) [spock-core-0.7-groovy-2.0.jar:na]
	at sun.reflect.GeneratedMethodAccessor12.invoke(Unknown Source) ~[na:na]
	at sun.reflect.DelegatingMethodAccessorImpl.invoke(DelegatingMethodAccessorImpl.java:25) ~[na:1.6.0_38]
	at java.lang.reflect.Method.invoke(Method.java:597) ~[na:1.6.0_38]
	at org.spockframework.util.ReflectionUtil.invokeMethod(ReflectionUtil.java:138) [spock-core-0.7-groovy-2.0.jar:na]
	at org.spockframework.runtime.BaseSpecRunner.invokeRaw(BaseSpecRunner.java:330) [spock-core-0.7-groovy-2.0.jar:na]
	at org.spockframework.runtime.BaseSpecRunner.invoke(BaseSpecRunner.java:311) [spock-core-0.7-groovy-2.0.jar:na]
	at org.spockframework.runtime.BaseSpecRunner.runFeature(BaseSpecRunner.java:175) [spock-core-0.7-groovy-2.0.jar:na]
	at org.spockframework.runtime.BaseSpecRunner.runFeatures(BaseSpecRunner.java:152) [spock-core-0.7-groovy-2.0.jar:na]
	at org.spockframework.runtime.BaseSpecRunner.doRunSpec(BaseSpecRunner.java:112) [spock-core-0.7-groovy-2.0.jar:na]
	at sun.reflect.NativeMethodAccessorImpl.invoke0(Native Method) ~[na:1.6.0_38]
	at sun.reflect.NativeMethodAccessorImpl.invoke(NativeMethodAccessorImpl.java:39) ~[na:1.6.0_38]
	at sun.reflect.DelegatingMethodAccessorImpl.invoke(DelegatingMethodAccessorImpl.java:25) ~[na:1.6.0_38]
	at java.lang.reflect.Method.invoke(Method.java:597) ~[na:1.6.0_38]
	at org.spockframework.util.ReflectionUtil.invokeMethod(ReflectionUtil.java:138) [spock-core-0.7-groovy-2.0.jar:na]
	at org.spockframework.runtime.BaseSpecRunner.invokeRaw(BaseSpecRunner.java:330) [spock-core-0.7-groovy-2.0.jar:na]
	at org.spockframework.runtime.BaseSpecRunner.invoke(BaseSpecRunner.java:311) [spock-core-0.7-groovy-2.0.jar:na]
	at org.spockframework.runtime.BaseSpecRunner.runSpec(BaseSpecRunner.java:91) [spock-core-0.7-groovy-2.0.jar:na]
	at org.spockframework.runtime.BaseSpecRunner.run(BaseSpecRunner.java:82) [spock-core-0.7-groovy-2.0.jar:na]
	at org.spockframework.runtime.Sputnik.run(Sputnik.java:63) [spock-core-0.7-groovy-2.0.jar:na]
	at org.apache.maven.surefire.junit4.JUnit4TestSet.execute(JUnit4TestSet.java:53) [surefire-junit4-2.10.jar:2.10]
	at org.apache.maven.surefire.junit4.JUnit4Provider.executeTestSet(JUnit4Provider.java:123) [surefire-junit4-2.10.jar:2.10]
	at org.apache.maven.surefire.junit4.JUnit4Provider.invoke(JUnit4Provider.java:104) [surefire-junit4-2.10.jar:2.10]
	at sun.reflect.NativeMethodAccessorImpl.invoke0(Native Method) ~[na:1.6.0_38]
	at sun.reflect.NativeMethodAccessorImpl.invoke(NativeMethodAccessorImpl.java:39) ~[na:1.6.0_38]
	at sun.reflect.DelegatingMethodAccessorImpl.invoke(DelegatingMethodAccessorImpl.java:25) ~[na:1.6.0_38]
	at java.lang.reflect.Method.invoke(Method.java:597) ~[na:1.6.0_38]
	at org.apache.maven.surefire.util.ReflectionUtils.invokeMethodWithArray(ReflectionUtils.java:164) [surefire-api-2.10.jar:2.10]
	at org.apache.maven.surefire.booter.ProviderFactory$ProviderProxy.invoke(ProviderFactory.java:110) [surefire-booter-2.10.jar:2.10]
	at org.apache.maven.surefire.booter.SurefireStarter.invokeProvider(SurefireStarter.java:175) [surefire-booter-2.10.jar:2.10]
	at org.apache.maven.surefire.booter.SurefireStarter.runSuitesInProcessWhenForked(SurefireStarter.java:107) [surefire-booter-2.10.jar:2.10]
	at org.apache.maven.surefire.booter.ForkedBooter.main(ForkedBooter.java:68) [surefire-booter-2.10.jar:2.10]
Caused by: org.springframework.beans.factory.BeanCreationException: Error creating bean with name &apos;adminResource&apos;: Injection of autowired dependencies failed; nested exception is org.springframework.beans.factory.BeanCreationException: Could not autowire field: private com.rackspace.search.service.core.CoreTicketOngoingSyncJob com.rackspace.search.endpoint.AdminResource.coreTicketOngoingSyncJob; nested exception is org.springframework.beans.factory.BeanCreationException: Error creating bean with name &apos;coreTicketOngoingSyncJob&apos;: Invocation of init method failed; nested exception is org.elasticsearch.indices.IndexMissingException: [admin] missing
	at org.springframework.beans.factory.annotation.AutowiredAnnotationBeanPostProcessor.postProcessPropertyValues(AutowiredAnnotationBeanPostProcessor.java:288) ~[spring-beans-3.0.6.RELEASE.jar:3.0.6.RELEASE]
	at org.springframework.beans.factory.support.AbstractAutowireCapableBeanFactory.populateBean(AbstractAutowireCapableBeanFactory.java:1074) ~[spring-beans-3.0.6.RELEASE.jar:3.0.6.RELEASE]
	at org.springframework.beans.factory.support.AbstractAutowireCapableBeanFactory.doCreateBean(AbstractAutowireCapableBeanFactory.java:517) ~[spring-beans-3.0.6.RELEASE.jar:3.0.6.RELEASE]
	at org.springframework.beans.factory.support.AbstractAutowireCapableBeanFactory.createBean(AbstractAutowireCapableBeanFactory.java:456) ~[spring-beans-3.0.6.RELEASE.jar:3.0.6.RELEASE]
	at org.springframework.beans.factory.support.AbstractBeanFactory$1.getObject(AbstractBeanFactory.java:293) ~[spring-beans-3.0.6.RELEASE.jar:3.0.6.RELEASE]
	at org.springframework.beans.factory.support.DefaultSingletonBeanRegistry.getSingleton(DefaultSingletonBeanRegistry.java:222) ~[spring-beans-3.0.6.RELEASE.jar:3.0.6.RELEASE]
	at org.springframework.beans.factory.support.AbstractBeanFactory.doGetBean(AbstractBeanFactory.java:290) ~[spring-beans-3.0.6.RELEASE.jar:3.0.6.RELEASE]
	at org.springframework.beans.factory.support.AbstractBeanFactory.getBean(AbstractBeanFactory.java:192) ~[spring-beans-3.0.6.RELEASE.jar:3.0.6.RELEASE]
	at org.springframework.beans.factory.support.DefaultListableBeanFactory.preInstantiateSingletons(DefaultListableBeanFactory.java:585) ~[spring-beans-3.0.6.RELEASE.jar:3.0.6.RELEASE]
	at org.springframework.context.support.AbstractApplicationContext.finishBeanFactoryInitialization(AbstractApplicationContext.java:895) ~[spring-context-3.0.6.RELEASE.jar:3.0.6.RELEASE]
	at org.springframework.context.support.AbstractApplicationContext.refresh(AbstractApplicationContext.java:425) ~[spring-context-3.0.6.RELEASE.jar:3.0.6.RELEASE]
	at org.springframework.test.context.support.AbstractGenericContextLoader.loadContext(AbstractGenericContextLoader.java:84) ~[spring-test-3.0.6.RELEASE.jar:3.0.6.RELEASE]
	at org.springframework.test.context.support.AbstractGenericContextLoader.loadContext(AbstractGenericContextLoader.java:1) ~[spring-test-3.0.6.RELEASE.jar:3.0.6.RELEASE]
	at org.springframework.test.context.TestContext.loadApplicationContext(TestContext.java:280) ~[spring-test-3.0.6.RELEASE.jar:3.0.6.RELEASE]
	at org.springframework.test.context.TestContext.getApplicationContext(TestContext.java:304) ~[spring-test-3.0.6.RELEASE.jar:3.0.6.RELEASE]
	... 51 common frames omitted
Caused by: org.springframework.beans.factory.BeanCreationException: Could not autowire field: private com.rackspace.search.service.core.CoreTicketOngoingSyncJob com.rackspace.search.endpoint.AdminResource.coreTicketOngoingSyncJob; nested exception is org.springframework.beans.factory.BeanCreationException: Error creating bean with name &apos;coreTicketOngoingSyncJob&apos;: Invocation of init method failed; nested exception is org.elasticsearch.indices.IndexMissingException: [admin] missing
	at org.springframework.beans.factory.annotation.AutowiredAnnotationBeanPostProcessor$AutowiredFieldElement.inject(AutowiredAnnotationBeanPostProcessor.java:508) ~[spring-beans-3.0.6.RELEASE.jar:3.0.6.RELEASE]
	at org.springframework.beans.factory.annotation.InjectionMetadata.inject(InjectionMetadata.java:84) ~[spring-beans-3.0.6.RELEASE.jar:3.0.6.RELEASE]
	at org.springframework.beans.factory.annotation.AutowiredAnnotationBeanPostProcessor.postProcessPropertyValues(AutowiredAnnotationBeanPostProcessor.java:285) ~[spring-beans-3.0.6.RELEASE.jar:3.0.6.RELEASE]
	... 65 common frames omitted
Caused by: org.springframework.beans.factory.BeanCreationException: Error creating bean with name &apos;coreTicketOngoingSyncJob&apos;: Invocation of init method failed; nested exception is org.elasticsearch.indices.IndexMissingException: [admin] missing
	at org.springframework.beans.factory.annotation.InitDestroyAnnotationBeanPostProcessor.postProcessBeforeInitialization(InitDestroyAnnotationBeanPostProcessor.java:133) ~[spring-beans-3.0.6.RELEASE.jar:3.0.6.RELEASE]
	at org.springframework.beans.factory.support.AbstractAutowireCapableBeanFactory.applyBeanPostProcessorsBeforeInitialization(AbstractAutowireCapableBeanFactory.java:394) ~[spring-beans-3.0.6.RELEASE.jar:3.0.6.RELEASE]
	at org.springframework.beans.factory.support.AbstractAutowireCapableBeanFactory.initializeBean(AbstractAutowireCapableBeanFactory.java:1413) ~[spring-beans-3.0.6.RELEASE.jar:3.0.6.RELEASE]
	at org.springframework.beans.factory.support.AbstractAutowireCapableBeanFactory.doCreateBean(AbstractAutowireCapableBeanFactory.java:519) ~[spring-beans-3.0.6.RELEASE.jar:3.0.6.RELEASE]
	at org.springframework.beans.factory.support.AbstractAutowireCapableBeanFactory.createBean(AbstractAutowireCapableBeanFactory.java:456) ~[spring-beans-3.0.6.RELEASE.jar:3.0.6.RELEASE]
	at org.springframework.beans.factory.support.AbstractBeanFactory$1.getObject(AbstractBeanFactory.java:293) ~[spring-beans-3.0.6.RELEASE.jar:3.0.6.RELEASE]
	at org.springframework.beans.factory.support.DefaultSingletonBeanRegistry.getSingleton(DefaultSingletonBeanRegistry.java:222) ~[spring-beans-3.0.6.RELEASE.jar:3.0.6.RELEASE]
	at org.springframework.beans.factory.support.AbstractBeanFactory.doGetBean(AbstractBeanFactory.java:290) ~[spring-beans-3.0.6.RELEASE.jar:3.0.6.RELEASE]
	at org.springframework.beans.factory.support.AbstractBeanFactory.getBean(AbstractBeanFactory.java:192) ~[spring-beans-3.0.6.RELEASE.jar:3.0.6.RELEASE]
	at org.springframework.beans.factory.support.DefaultListableBeanFactory.findAutowireCandidates(DefaultListableBeanFactory.java:848) ~[spring-beans-3.0.6.RELEASE.jar:3.0.6.RELEASE]
	at org.springframework.beans.factory.support.DefaultListableBeanFactory.doResolveDependency(DefaultListableBeanFactory.java:790) ~[spring-beans-3.0.6.RELEASE.jar:3.0.6.RELEASE]
	at org.springframework.beans.factory.support.DefaultListableBeanFactory.resolveDependency(DefaultListableBeanFactory.java:707) ~[spring-beans-3.0.6.RELEASE.jar:3.0.6.RELEASE]
	at org.springframework.beans.factory.annotation.AutowiredAnnotationBeanPostProcessor$AutowiredFieldElement.inject(AutowiredAnnotationBeanPostProcessor.java:480) ~[spring-beans-3.0.6.RELEASE.jar:3.0.6.RELEASE]
	... 67 common frames omitted
Caused by: org.elasticsearch.indices.IndexMissingException: [admin] missing
	at org.elasticsearch.cluster.metadata.MetaData.concreteIndex(MetaData.java:211) ~[elasticsearch-0.16.2.jar:na]
	at org.elasticsearch.action.support.single.shard.TransportShardSingleOperationAction$AsyncSingleAction.&lt;init&gt;(TransportShardSingleOperationAction.java:107) ~[elasticsearch-0.16.2.jar:na]
	at org.elasticsearch.action.support.single.shard.TransportShardSingleOperationAction$AsyncSingleAction.&lt;init&gt;(TransportShardSingleOperationAction.java:88) ~[elasticsearch-0.16.2.jar:na]
	at org.elasticsearch.action.support.single.shard.TransportShardSingleOperationAction.doExecute(TransportShardSingleOperationAction.java:69) ~[elasticsearch-0.16.2.jar:na]
	at org.elasticsearch.action.support.single.shard.TransportShardSingleOperationAction.doExecute(TransportShardSingleOperationAction.java:45) ~[elasticsearch-0.16.2.jar:na]
	at org.elasticsearch.action.support.BaseAction.execute(BaseAction.java:61) ~[elasticsearch-0.16.2.jar:na]
	at org.elasticsearch.client.node.NodeClient.get(NodeClient.java:152) ~[elasticsearch-0.16.2.jar:na]
	at org.elasticsearch.client.action.get.GetRequestBuilder.doExecute(GetRequestBuilder.java:119) ~[elasticsearch-0.16.2.jar:na]
	at org.elasticsearch.client.action.support.BaseRequestBuilder.execute(BaseRequestBuilder.java:56) ~[elasticsearch-0.16.2.jar:na]
	at org.elasticsearch.client.action.support.BaseRequestBuilder.execute(BaseRequestBuilder.java:51) ~[elasticsearch-0.16.2.jar:na]
	at org.elasticsearch.client.action.RequestBuilder$execute.call(Unknown Source) ~[na:na]
	at com.rackspace.search.elasticsearch.client.ElasticSearchClient.getDocument(ElasticSearchClient.groovy:202) ~[classes/:na]
	at com.rackspace.search.elasticsearch.client.ElasticSearchClient$getDocument.call(Unknown Source) ~[na:na]
	at com.rackspace.search.service.JobService.getJob(JobService.groovy:38) ~[classes/:na]
	at com.rackspace.search.service.JobService$getJob.call(Unknown Source) ~[na:na]
	at com.rackspace.search.service.core.CoreTicketOngoingSyncJob.setupActivities(CoreTicketOnGoingSyncJob.groovy:54) ~[classes/:na]
	at sun.reflect.NativeMethodAccessorImpl.invoke0(Native Method) ~[na:1.6.0_38]
	at sun.reflect.NativeMethodAccessorImpl.invoke(NativeMethodAccessorImpl.java:39) ~[na:1.6.0_38]
	at sun.reflect.DelegatingMethodAccessorImpl.invoke(DelegatingMethodAccessorImpl.java:25) ~[na:1.6.0_38]
	at java.lang.reflect.Method.invoke(Method.java:597) ~[na:1.6.0_38]
	at org.springframework.beans.factory.annotation.InitDestroyAnnotationBeanPostProcessor$LifecycleElement.invoke(InitDestroyAnnotationBeanPostProcessor.java:340) ~[spring-beans-3.0.6.RELEASE.jar:3.0.6.RELEASE]
	at org.springframework.beans.factory.annotation.InitDestroyAnnotationBeanPostProcessor$LifecycleMetadata.invokeInitMethods(InitDestroyAnnotationBeanPostProcessor.java:293) ~[spring-beans-3.0.6.RELEASE.jar:3.0.6.RELEASE]
	at org.springframework.beans.factory.annotation.InitDestroyAnnotationBeanPostProcessor.postProcessBeforeInitialization(InitDestroyAnnotationBeanPostProcessor.java:130) ~[spring-beans-3.0.6.RELEASE.jar:3.0.6.RELEASE]
	... 79 common frames omitted
</stdout>
          <failedSince>1</failedSince>
        </case>
        <case>
          <duration>0.71</duration>
          <className>com.rackspace.search.elasticsearch.client.ElasticSearchClientTest</className>
          <testName>test search tickets for string filed user with single &amp; multiple values and negation</testName>
          <skipped>false</skipped>
          <errorStackTrace>java.lang.NullPointerException: Cannot invoke method getClient() on null object
	at com.rackspace.search.elasticsearch.client.ElasticSearchClientTest.cleanup(ElasticSearchClientTest.groovy:84)
</errorStackTrace>
          <errorDetails>Cannot invoke method getClient() on null object</errorDetails>
          <failedSince>1</failedSince>
        </case>
        <case>
          <duration>0.621</duration>
          <className>com.rackspace.search.elasticsearch.client.ElasticSearchClientTest</className>
          <testName>test search tickets with a range filter and negated range filter</testName>
          <skipped>false</skipped>
          <errorStackTrace>java.lang.IllegalStateException: Failed to load ApplicationContext
	at org.springframework.test.context.TestContext.getApplicationContext(TestContext.java:308)
	at org.springframework.test.context.support.DependencyInjectionTestExecutionListener.injectDependencies(DependencyInjectionTestExecutionListener.java:109)
	at org.springframework.test.context.support.DependencyInjectionTestExecutionListener.prepareTestInstance(DependencyInjectionTestExecutionListener.java:75)
	at org.springframework.test.context.TestContextManager.prepareTestInstance(TestContextManager.java:321)
	at org.spockframework.spring.SpringTestContextManager.prepareTestInstance(SpringTestContextManager.java:49)
	at org.spockframework.spring.SpringInterceptor.interceptSetupMethod(SpringInterceptor.java:42)
	at org.spockframework.runtime.extension.AbstractMethodInterceptor.intercept(AbstractMethodInterceptor.java:28)
	at org.spockframework.runtime.extension.MethodInvocation.proceed(MethodInvocation.java:84)
	at org.spockframework.util.ReflectionUtil.invokeMethod(ReflectionUtil.java:138)
	at org.spockframework.util.ReflectionUtil.invokeMethod(ReflectionUtil.java:138)
	at org.spockframework.util.ReflectionUtil.invokeMethod(ReflectionUtil.java:138)
	at org.apache.maven.surefire.junit4.JUnit4TestSet.execute(JUnit4TestSet.java:53)
	at org.apache.maven.surefire.junit4.JUnit4Provider.executeTestSet(JUnit4Provider.java:123)
	at org.apache.maven.surefire.junit4.JUnit4Provider.invoke(JUnit4Provider.java:104)
	at org.apache.maven.surefire.util.ReflectionUtils.invokeMethodWithArray(ReflectionUtils.java:164)
	at org.apache.maven.surefire.booter.ProviderFactory$ProviderProxy.invoke(ProviderFactory.java:110)
	at org.apache.maven.surefire.booter.SurefireStarter.invokeProvider(SurefireStarter.java:175)
	at org.apache.maven.surefire.booter.SurefireStarter.runSuitesInProcessWhenForked(SurefireStarter.java:107)
	at org.apache.maven.surefire.booter.ForkedBooter.main(ForkedBooter.java:68)
Caused by: org.springframework.beans.factory.BeanCreationException: Error creating bean with name &apos;adminResource&apos;: Injection of autowired dependencies failed; nested exception is org.springframework.beans.factory.BeanCreationException: Could not autowire field: private com.rackspace.search.service.core.CoreTicketOngoingSyncJob com.rackspace.search.endpoint.AdminResource.coreTicketOngoingSyncJob; nested exception is org.springframework.beans.factory.BeanCreationException: Error creating bean with name &apos;coreTicketOngoingSyncJob&apos;: Invocation of init method failed; nested exception is org.elasticsearch.indices.IndexMissingException: [admin] missing
	at org.springframework.beans.factory.annotation.AutowiredAnnotationBeanPostProcessor.postProcessPropertyValues(AutowiredAnnotationBeanPostProcessor.java:288)
	at org.springframework.beans.factory.support.AbstractAutowireCapableBeanFactory.populateBean(AbstractAutowireCapableBeanFactory.java:1074)
	at org.springframework.beans.factory.support.AbstractAutowireCapableBeanFactory.doCreateBean(AbstractAutowireCapableBeanFactory.java:517)
	at org.springframework.beans.factory.support.AbstractAutowireCapableBeanFactory.createBean(AbstractAutowireCapableBeanFactory.java:456)
	at org.springframework.beans.factory.support.AbstractBeanFactory$1.getObject(AbstractBeanFactory.java:293)
	at org.springframework.beans.factory.support.DefaultSingletonBeanRegistry.getSingleton(DefaultSingletonBeanRegistry.java:222)
	at org.springframework.beans.factory.support.AbstractBeanFactory.doGetBean(AbstractBeanFactory.java:290)
	at org.springframework.beans.factory.support.AbstractBeanFactory.getBean(AbstractBeanFactory.java:192)
	at org.springframework.beans.factory.support.DefaultListableBeanFactory.preInstantiateSingletons(DefaultListableBeanFactory.java:585)
	at org.springframework.context.support.AbstractApplicationContext.finishBeanFactoryInitialization(AbstractApplicationContext.java:895)
	at org.springframework.context.support.AbstractApplicationContext.refresh(AbstractApplicationContext.java:425)
	at org.springframework.test.context.support.AbstractGenericContextLoader.loadContext(AbstractGenericContextLoader.java:84)
	at org.springframework.test.context.support.AbstractGenericContextLoader.loadContext(AbstractGenericContextLoader.java:1)
	at org.springframework.test.context.TestContext.loadApplicationContext(TestContext.java:280)
	at org.springframework.test.context.TestContext.getApplicationContext(TestContext.java:304)
	... 18 more
Caused by: org.springframework.beans.factory.BeanCreationException: Could not autowire field: private com.rackspace.search.service.core.CoreTicketOngoingSyncJob com.rackspace.search.endpoint.AdminResource.coreTicketOngoingSyncJob; nested exception is org.springframework.beans.factory.BeanCreationException: Error creating bean with name &apos;coreTicketOngoingSyncJob&apos;: Invocation of init method failed; nested exception is org.elasticsearch.indices.IndexMissingException: [admin] missing
	at org.springframework.beans.factory.annotation.AutowiredAnnotationBeanPostProcessor$AutowiredFieldElement.inject(AutowiredAnnotationBeanPostProcessor.java:508)
	at org.springframework.beans.factory.annotation.InjectionMetadata.inject(InjectionMetadata.java:84)
	at org.springframework.beans.factory.annotation.AutowiredAnnotationBeanPostProcessor.postProcessPropertyValues(AutowiredAnnotationBeanPostProcessor.java:285)
	... 32 more
Caused by: org.springframework.beans.factory.BeanCreationException: Error creating bean with name &apos;coreTicketOngoingSyncJob&apos;: Invocation of init method failed; nested exception is org.elasticsearch.indices.IndexMissingException: [admin] missing
	at org.springframework.beans.factory.annotation.InitDestroyAnnotationBeanPostProcessor.postProcessBeforeInitialization(InitDestroyAnnotationBeanPostProcessor.java:133)
	at org.springframework.beans.factory.support.AbstractAutowireCapableBeanFactory.applyBeanPostProcessorsBeforeInitialization(AbstractAutowireCapableBeanFactory.java:394)
	at org.springframework.beans.factory.support.AbstractAutowireCapableBeanFactory.initializeBean(AbstractAutowireCapableBeanFactory.java:1413)
	at org.springframework.beans.factory.support.AbstractAutowireCapableBeanFactory.doCreateBean(AbstractAutowireCapableBeanFactory.java:519)
	at org.springframework.beans.factory.support.AbstractAutowireCapableBeanFactory.createBean(AbstractAutowireCapableBeanFactory.java:456)
	at org.springframework.beans.factory.support.AbstractBeanFactory$1.getObject(AbstractBeanFactory.java:293)
	at org.springframework.beans.factory.support.DefaultSingletonBeanRegistry.getSingleton(DefaultSingletonBeanRegistry.java:222)
	at org.springframework.beans.factory.support.AbstractBeanFactory.doGetBean(AbstractBeanFactory.java:290)
	at org.springframework.beans.factory.support.AbstractBeanFactory.getBean(AbstractBeanFactory.java:192)
	at org.springframework.beans.factory.support.DefaultListableBeanFactory.findAutowireCandidates(DefaultListableBeanFactory.java:848)
	at org.springframework.beans.factory.support.DefaultListableBeanFactory.doResolveDependency(DefaultListableBeanFactory.java:790)
	at org.springframework.beans.factory.support.DefaultListableBeanFactory.resolveDependency(DefaultListableBeanFactory.java:707)
	at org.springframework.beans.factory.annotation.AutowiredAnnotationBeanPostProcessor$AutowiredFieldElement.inject(AutowiredAnnotationBeanPostProcessor.java:480)
	... 34 more
Caused by: org.elasticsearch.indices.IndexMissingException: [admin] missing
	at org.elasticsearch.cluster.metadata.MetaData.concreteIndex(MetaData.java:211)
	at org.elasticsearch.action.support.single.shard.TransportShardSingleOperationAction$AsyncSingleAction.&lt;init&gt;(TransportShardSingleOperationAction.java:107)
	at org.elasticsearch.action.support.single.shard.TransportShardSingleOperationAction$AsyncSingleAction.&lt;init&gt;(TransportShardSingleOperationAction.java:88)
	at org.elasticsearch.action.support.single.shard.TransportShardSingleOperationAction.doExecute(TransportShardSingleOperationAction.java:69)
	at org.elasticsearch.action.support.single.shard.TransportShardSingleOperationAction.doExecute(TransportShardSingleOperationAction.java:45)
	at org.elasticsearch.action.support.BaseAction.execute(BaseAction.java:61)
	at org.elasticsearch.client.node.NodeClient.get(NodeClient.java:152)
	at org.elasticsearch.client.action.get.GetRequestBuilder.doExecute(GetRequestBuilder.java:119)
	at org.elasticsearch.client.action.support.BaseRequestBuilder.execute(BaseRequestBuilder.java:56)
	at org.elasticsearch.client.action.support.BaseRequestBuilder.execute(BaseRequestBuilder.java:51)
	at com.rackspace.search.elasticsearch.client.ElasticSearchClient.getDocument(ElasticSearchClient.groovy:202)
	at com.rackspace.search.service.JobService.getJob(JobService.groovy:38)
	at com.rackspace.search.service.core.CoreTicketOngoingSyncJob.setupActivities(CoreTicketOnGoingSyncJob.groovy:54)
	at org.springframework.beans.factory.annotation.InitDestroyAnnotationBeanPostProcessor$LifecycleElement.invoke(InitDestroyAnnotationBeanPostProcessor.java:340)
	at org.springframework.beans.factory.annotation.InitDestroyAnnotationBeanPostProcessor$LifecycleMetadata.invokeInitMethods(InitDestroyAnnotationBeanPostProcessor.java:293)
	at org.springframework.beans.factory.annotation.InitDestroyAnnotationBeanPostProcessor.postProcessBeforeInitialization(InitDestroyAnnotationBeanPostProcessor.java:130)
	... 46 more
</errorStackTrace>
          <errorDetails>Failed to load ApplicationContext</errorDetails>
          <stdout>15:10:18.323 [main] INFO  c.r.s.common.property.PropertyProvider - Loading properties file from file [/var/lib/jenkins/jobs/Samatha Fork/workspace/service/target/properties/local/search.properties]
15:10:18.323 [main] INFO  c.r.s.common.property.PropertyProvider - Loading properties file from file [/var/lib/jenkins/jobs/Samatha Fork/workspace/service/target/properties/local/search.secrets.properties]
15:10:18.323 [main] INFO  c.r.s.common.property.PropertyProvider - Loading properties file from file [/var/lib/jenkins/jobs/Samatha Fork/workspace/service/target/properties/local/elasticsearch.properties]
15:10:18.335 [main] INFO  c.r.s.elasticsearch.ElasticSearchServer - Starting the Elastic Search server node:
15:10:18.337 [main] INFO  org.elasticsearch.node - [ticket.node] {elasticsearch/0.16.2}[12468]: initializing ...
15:10:18.338 [main] INFO  org.elasticsearch.plugins - [ticket.node] loaded []
15:10:18.526 [main] INFO  org.elasticsearch.node - [ticket.node] {elasticsearch/0.16.2}[12468]: initialized
15:10:18.527 [main] INFO  c.r.s.elasticsearch.ElasticSearchServer - Starting the Elastic Search server node with these settings:
15:10:18.527 [main] INFO  c.r.s.elasticsearch.ElasticSearchServer - Elasticsearch Settings :  [node.local:true, index.analysis.analyzer.search_standard.filter:[lowercase], elastic.config.path:/var/lib/jenkins/jobs/Samatha Fork/workspace/service/target/properties/local/elasticsearch, path.data:/var/lib/jenkins/jobs/Samatha Fork/workspace/service/target/elasticsearch/data, ticket.core.dateformat:yyyy-MM-dd HH:mm:ss, cluster.name:ticket.cluster, index.analysis.analyzer.search_standard.type:standard, path.conf:/var/lib/jenkins/jobs/Samatha Fork/workspace/service/target/properties/local/elasticsearch, core.api.password:qwerty, ticket.ongoingsync.delay.seconds:2000, name:ticket.node, path.logs:/var/lib/jenkins/jobs/Samatha Fork/workspace/service/target/elasticsearch/logs, http.enabled:true, index.number_of_replicas:0, ticket.document.idName:number, core.api.endpoint:https://ws.staging.core.rackspace.com/ctkapi, ticket.document.type:ticket, ticket.index.name:ticket, admin.index.name:admin, indices.structure:/indices_structure.json, index.store.fs.memory.enabled:false, index.number_of_shards:5, admin.document.type:syncJob, ticket.core.date.timezone:CST, ticket.search.allowedRangeParams:created_at,updated_at,last_public_response_date, ticket.search.allowedTermParams:source_system,number,created_at,updated_at,last_public_response_date,status,queue,category,priority,assignee.name,account.number, core.api.username:rcameron, ticket.elastic.dateformat:yyyy-MM-dd&apos;T&apos;HH:mm:ss.SSSZZ, discovery.zen.ping.multicast.enabled:false, action.auto_create_index:1, path.home:/var/lib/jenkins/jobs/Samatha Fork/workspace/service, path.work:/var/lib/jenkins/jobs/Samatha Fork/workspace/service/work, path.work_with_cluster:/var/lib/jenkins/jobs/Samatha Fork/workspace/service/work/ticket.cluster, path.data_with_cluster:/var/lib/jenkins/jobs/Samatha Fork/workspace/service/target/elasticsearch/data/ticket.cluster]
15:10:18.527 [main] INFO  org.elasticsearch.node - [ticket.node] {elasticsearch/0.16.2}[12468]: starting ...
15:10:18.528 [main] INFO  org.elasticsearch.transport - [ticket.node] bound_address {local[12]}, publish_address {local[12]}
15:10:18.529 [elasticsearch[ticket.node]clusterService#updateTask-pool-165-thread-1] INFO  org.elasticsearch.cluster.service - [ticket.node] new_master [ticket.node][12][local[12]]{local=true}, reason: local-disco-initial_connect(master)
15:10:18.529 [main] INFO  org.elasticsearch.discovery - [ticket.node] ticket.cluster/12
15:10:18.549 [main] INFO  org.elasticsearch.http - [ticket.node] bound_address {inet[/0:0:0:0:0:0:0:0:9200]}, publish_address {inet[/10.14.208.252:9200]}
15:10:18.550 [main] INFO  org.elasticsearch.node - [ticket.node] {elasticsearch/0.16.2}[12468]: started
15:10:18.551 [main] INFO  c.r.s.elasticsearch.ElasticSearchServer - Elastic Search server is started.
15:10:18.552 [elasticsearch[ticket.node]clusterService#updateTask-pool-165-thread-1] INFO  org.elasticsearch.gateway - [ticket.node] recovered [0] indices into cluster_state
15:10:18.555 [main] INFO  c.r.s.elasticsearch.ElasticSearchServer - ES cluster status is GREEN
15:10:18.601 [main] INFO  org.elasticsearch.node - [ticket.node] {elasticsearch/0.16.2}[12468]: stopping ...
15:10:18.607 [main] INFO  org.elasticsearch.node - [ticket.node] {elasticsearch/0.16.2}[12468]: stopped
15:10:18.608 [main] INFO  org.elasticsearch.node - [ticket.node] {elasticsearch/0.16.2}[12468]: closing ...
15:10:18.639 [main] INFO  org.elasticsearch.node - [ticket.node] {elasticsearch/0.16.2}[12468]: closed
15:10:18.646 [main] ERROR o.s.test.context.TestContextManager - Caught exception while allowing TestExecutionListener [org.springframework.test.context.support.DependencyInjectionTestExecutionListener@35cfee57] to prepare test instance [com.rackspace.search.elasticsearch.client.ElasticSearchClientTest@6ab8a28b]
java.lang.IllegalStateException: Failed to load ApplicationContext
	at org.springframework.test.context.TestContext.getApplicationContext(TestContext.java:308) ~[spring-test-3.0.6.RELEASE.jar:3.0.6.RELEASE]
	at org.springframework.test.context.support.DependencyInjectionTestExecutionListener.injectDependencies(DependencyInjectionTestExecutionListener.java:109) ~[spring-test-3.0.6.RELEASE.jar:3.0.6.RELEASE]
	at org.springframework.test.context.support.DependencyInjectionTestExecutionListener.prepareTestInstance(DependencyInjectionTestExecutionListener.java:75) ~[spring-test-3.0.6.RELEASE.jar:3.0.6.RELEASE]
	at org.springframework.test.context.TestContextManager.prepareTestInstance(TestContextManager.java:321) ~[spring-test-3.0.6.RELEASE.jar:3.0.6.RELEASE]
	at org.spockframework.spring.SpringTestContextManager.prepareTestInstance(SpringTestContextManager.java:49) [spock-spring-0.7-groovy-2.0.jar:na]
	at org.spockframework.spring.SpringInterceptor.interceptSetupMethod(SpringInterceptor.java:42) [spock-spring-0.7-groovy-2.0.jar:na]
	at org.spockframework.runtime.extension.AbstractMethodInterceptor.intercept(AbstractMethodInterceptor.java:28) [spock-core-0.7-groovy-2.0.jar:na]
	at org.spockframework.runtime.extension.MethodInvocation.proceed(MethodInvocation.java:84) [spock-core-0.7-groovy-2.0.jar:na]
	at org.spockframework.runtime.BaseSpecRunner.invoke(BaseSpecRunner.java:319) [spock-core-0.7-groovy-2.0.jar:na]
	at org.spockframework.runtime.BaseSpecRunner.invokeSetup(BaseSpecRunner.java:279) [spock-core-0.7-groovy-2.0.jar:na]
	at org.spockframework.runtime.BaseSpecRunner.doRunIteration(BaseSpecRunner.java:255) [spock-core-0.7-groovy-2.0.jar:na]
	at sun.reflect.GeneratedMethodAccessor11.invoke(Unknown Source) ~[na:na]
	at sun.reflect.DelegatingMethodAccessorImpl.invoke(DelegatingMethodAccessorImpl.java:25) ~[na:1.6.0_38]
	at java.lang.reflect.Method.invoke(Method.java:597) ~[na:1.6.0_38]
	at org.spockframework.util.ReflectionUtil.invokeMethod(ReflectionUtil.java:138) [spock-core-0.7-groovy-2.0.jar:na]
	at org.spockframework.runtime.BaseSpecRunner.invokeRaw(BaseSpecRunner.java:330) [spock-core-0.7-groovy-2.0.jar:na]
	at org.spockframework.runtime.BaseSpecRunner.invoke(BaseSpecRunner.java:311) [spock-core-0.7-groovy-2.0.jar:na]
	at org.spockframework.runtime.BaseSpecRunner.runIteration(BaseSpecRunner.java:223) [spock-core-0.7-groovy-2.0.jar:na]
	at org.spockframework.runtime.BaseSpecRunner.initializeAndRunIteration(BaseSpecRunner.java:214) [spock-core-0.7-groovy-2.0.jar:na]
	at org.spockframework.runtime.BaseSpecRunner.runSimpleFeature(BaseSpecRunner.java:205) [spock-core-0.7-groovy-2.0.jar:na]
	at org.spockframework.runtime.BaseSpecRunner.doRunFeature(BaseSpecRunner.java:199) [spock-core-0.7-groovy-2.0.jar:na]
	at sun.reflect.GeneratedMethodAccessor12.invoke(Unknown Source) ~[na:na]
	at sun.reflect.DelegatingMethodAccessorImpl.invoke(DelegatingMethodAccessorImpl.java:25) ~[na:1.6.0_38]
	at java.lang.reflect.Method.invoke(Method.java:597) ~[na:1.6.0_38]
	at org.spockframework.util.ReflectionUtil.invokeMethod(ReflectionUtil.java:138) [spock-core-0.7-groovy-2.0.jar:na]
	at org.spockframework.runtime.BaseSpecRunner.invokeRaw(BaseSpecRunner.java:330) [spock-core-0.7-groovy-2.0.jar:na]
	at org.spockframework.runtime.BaseSpecRunner.invoke(BaseSpecRunner.java:311) [spock-core-0.7-groovy-2.0.jar:na]
	at org.spockframework.runtime.BaseSpecRunner.runFeature(BaseSpecRunner.java:175) [spock-core-0.7-groovy-2.0.jar:na]
	at org.spockframework.runtime.BaseSpecRunner.runFeatures(BaseSpecRunner.java:152) [spock-core-0.7-groovy-2.0.jar:na]
	at org.spockframework.runtime.BaseSpecRunner.doRunSpec(BaseSpecRunner.java:112) [spock-core-0.7-groovy-2.0.jar:na]
	at sun.reflect.NativeMethodAccessorImpl.invoke0(Native Method) ~[na:1.6.0_38]
	at sun.reflect.NativeMethodAccessorImpl.invoke(NativeMethodAccessorImpl.java:39) ~[na:1.6.0_38]
	at sun.reflect.DelegatingMethodAccessorImpl.invoke(DelegatingMethodAccessorImpl.java:25) ~[na:1.6.0_38]
	at java.lang.reflect.Method.invoke(Method.java:597) ~[na:1.6.0_38]
	at org.spockframework.util.ReflectionUtil.invokeMethod(ReflectionUtil.java:138) [spock-core-0.7-groovy-2.0.jar:na]
	at org.spockframework.runtime.BaseSpecRunner.invokeRaw(BaseSpecRunner.java:330) [spock-core-0.7-groovy-2.0.jar:na]
	at org.spockframework.runtime.BaseSpecRunner.invoke(BaseSpecRunner.java:311) [spock-core-0.7-groovy-2.0.jar:na]
	at org.spockframework.runtime.BaseSpecRunner.runSpec(BaseSpecRunner.java:91) [spock-core-0.7-groovy-2.0.jar:na]
	at org.spockframework.runtime.BaseSpecRunner.run(BaseSpecRunner.java:82) [spock-core-0.7-groovy-2.0.jar:na]
	at org.spockframework.runtime.Sputnik.run(Sputnik.java:63) [spock-core-0.7-groovy-2.0.jar:na]
	at org.apache.maven.surefire.junit4.JUnit4TestSet.execute(JUnit4TestSet.java:53) [surefire-junit4-2.10.jar:2.10]
	at org.apache.maven.surefire.junit4.JUnit4Provider.executeTestSet(JUnit4Provider.java:123) [surefire-junit4-2.10.jar:2.10]
	at org.apache.maven.surefire.junit4.JUnit4Provider.invoke(JUnit4Provider.java:104) [surefire-junit4-2.10.jar:2.10]
	at sun.reflect.NativeMethodAccessorImpl.invoke0(Native Method) ~[na:1.6.0_38]
	at sun.reflect.NativeMethodAccessorImpl.invoke(NativeMethodAccessorImpl.java:39) ~[na:1.6.0_38]
	at sun.reflect.DelegatingMethodAccessorImpl.invoke(DelegatingMethodAccessorImpl.java:25) ~[na:1.6.0_38]
	at java.lang.reflect.Method.invoke(Method.java:597) ~[na:1.6.0_38]
	at org.apache.maven.surefire.util.ReflectionUtils.invokeMethodWithArray(ReflectionUtils.java:164) [surefire-api-2.10.jar:2.10]
	at org.apache.maven.surefire.booter.ProviderFactory$ProviderProxy.invoke(ProviderFactory.java:110) [surefire-booter-2.10.jar:2.10]
	at org.apache.maven.surefire.booter.SurefireStarter.invokeProvider(SurefireStarter.java:175) [surefire-booter-2.10.jar:2.10]
	at org.apache.maven.surefire.booter.SurefireStarter.runSuitesInProcessWhenForked(SurefireStarter.java:107) [surefire-booter-2.10.jar:2.10]
	at org.apache.maven.surefire.booter.ForkedBooter.main(ForkedBooter.java:68) [surefire-booter-2.10.jar:2.10]
Caused by: org.springframework.beans.factory.BeanCreationException: Error creating bean with name &apos;adminResource&apos;: Injection of autowired dependencies failed; nested exception is org.springframework.beans.factory.BeanCreationException: Could not autowire field: private com.rackspace.search.service.core.CoreTicketOngoingSyncJob com.rackspace.search.endpoint.AdminResource.coreTicketOngoingSyncJob; nested exception is org.springframework.beans.factory.BeanCreationException: Error creating bean with name &apos;coreTicketOngoingSyncJob&apos;: Invocation of init method failed; nested exception is org.elasticsearch.indices.IndexMissingException: [admin] missing
	at org.springframework.beans.factory.annotation.AutowiredAnnotationBeanPostProcessor.postProcessPropertyValues(AutowiredAnnotationBeanPostProcessor.java:288) ~[spring-beans-3.0.6.RELEASE.jar:3.0.6.RELEASE]
	at org.springframework.beans.factory.support.AbstractAutowireCapableBeanFactory.populateBean(AbstractAutowireCapableBeanFactory.java:1074) ~[spring-beans-3.0.6.RELEASE.jar:3.0.6.RELEASE]
	at org.springframework.beans.factory.support.AbstractAutowireCapableBeanFactory.doCreateBean(AbstractAutowireCapableBeanFactory.java:517) ~[spring-beans-3.0.6.RELEASE.jar:3.0.6.RELEASE]
	at org.springframework.beans.factory.support.AbstractAutowireCapableBeanFactory.createBean(AbstractAutowireCapableBeanFactory.java:456) ~[spring-beans-3.0.6.RELEASE.jar:3.0.6.RELEASE]
	at org.springframework.beans.factory.support.AbstractBeanFactory$1.getObject(AbstractBeanFactory.java:293) ~[spring-beans-3.0.6.RELEASE.jar:3.0.6.RELEASE]
	at org.springframework.beans.factory.support.DefaultSingletonBeanRegistry.getSingleton(DefaultSingletonBeanRegistry.java:222) ~[spring-beans-3.0.6.RELEASE.jar:3.0.6.RELEASE]
	at org.springframework.beans.factory.support.AbstractBeanFactory.doGetBean(AbstractBeanFactory.java:290) ~[spring-beans-3.0.6.RELEASE.jar:3.0.6.RELEASE]
	at org.springframework.beans.factory.support.AbstractBeanFactory.getBean(AbstractBeanFactory.java:192) ~[spring-beans-3.0.6.RELEASE.jar:3.0.6.RELEASE]
	at org.springframework.beans.factory.support.DefaultListableBeanFactory.preInstantiateSingletons(DefaultListableBeanFactory.java:585) ~[spring-beans-3.0.6.RELEASE.jar:3.0.6.RELEASE]
	at org.springframework.context.support.AbstractApplicationContext.finishBeanFactoryInitialization(AbstractApplicationContext.java:895) ~[spring-context-3.0.6.RELEASE.jar:3.0.6.RELEASE]
	at org.springframework.context.support.AbstractApplicationContext.refresh(AbstractApplicationContext.java:425) ~[spring-context-3.0.6.RELEASE.jar:3.0.6.RELEASE]
	at org.springframework.test.context.support.AbstractGenericContextLoader.loadContext(AbstractGenericContextLoader.java:84) ~[spring-test-3.0.6.RELEASE.jar:3.0.6.RELEASE]
	at org.springframework.test.context.support.AbstractGenericContextLoader.loadContext(AbstractGenericContextLoader.java:1) ~[spring-test-3.0.6.RELEASE.jar:3.0.6.RELEASE]
	at org.springframework.test.context.TestContext.loadApplicationContext(TestContext.java:280) ~[spring-test-3.0.6.RELEASE.jar:3.0.6.RELEASE]
	at org.springframework.test.context.TestContext.getApplicationContext(TestContext.java:304) ~[spring-test-3.0.6.RELEASE.jar:3.0.6.RELEASE]
	... 51 common frames omitted
Caused by: org.springframework.beans.factory.BeanCreationException: Could not autowire field: private com.rackspace.search.service.core.CoreTicketOngoingSyncJob com.rackspace.search.endpoint.AdminResource.coreTicketOngoingSyncJob; nested exception is org.springframework.beans.factory.BeanCreationException: Error creating bean with name &apos;coreTicketOngoingSyncJob&apos;: Invocation of init method failed; nested exception is org.elasticsearch.indices.IndexMissingException: [admin] missing
	at org.springframework.beans.factory.annotation.AutowiredAnnotationBeanPostProcessor$AutowiredFieldElement.inject(AutowiredAnnotationBeanPostProcessor.java:508) ~[spring-beans-3.0.6.RELEASE.jar:3.0.6.RELEASE]
	at org.springframework.beans.factory.annotation.InjectionMetadata.inject(InjectionMetadata.java:84) ~[spring-beans-3.0.6.RELEASE.jar:3.0.6.RELEASE]
	at org.springframework.beans.factory.annotation.AutowiredAnnotationBeanPostProcessor.postProcessPropertyValues(AutowiredAnnotationBeanPostProcessor.java:285) ~[spring-beans-3.0.6.RELEASE.jar:3.0.6.RELEASE]
	... 65 common frames omitted
Caused by: org.springframework.beans.factory.BeanCreationException: Error creating bean with name &apos;coreTicketOngoingSyncJob&apos;: Invocation of init method failed; nested exception is org.elasticsearch.indices.IndexMissingException: [admin] missing
	at org.springframework.beans.factory.annotation.InitDestroyAnnotationBeanPostProcessor.postProcessBeforeInitialization(InitDestroyAnnotationBeanPostProcessor.java:133) ~[spring-beans-3.0.6.RELEASE.jar:3.0.6.RELEASE]
	at org.springframework.beans.factory.support.AbstractAutowireCapableBeanFactory.applyBeanPostProcessorsBeforeInitialization(AbstractAutowireCapableBeanFactory.java:394) ~[spring-beans-3.0.6.RELEASE.jar:3.0.6.RELEASE]
	at org.springframework.beans.factory.support.AbstractAutowireCapableBeanFactory.initializeBean(AbstractAutowireCapableBeanFactory.java:1413) ~[spring-beans-3.0.6.RELEASE.jar:3.0.6.RELEASE]
	at org.springframework.beans.factory.support.AbstractAutowireCapableBeanFactory.doCreateBean(AbstractAutowireCapableBeanFactory.java:519) ~[spring-beans-3.0.6.RELEASE.jar:3.0.6.RELEASE]
	at org.springframework.beans.factory.support.AbstractAutowireCapableBeanFactory.createBean(AbstractAutowireCapableBeanFactory.java:456) ~[spring-beans-3.0.6.RELEASE.jar:3.0.6.RELEASE]
	at org.springframework.beans.factory.support.AbstractBeanFactory$1.getObject(AbstractBeanFactory.java:293) ~[spring-beans-3.0.6.RELEASE.jar:3.0.6.RELEASE]
	at org.springframework.beans.factory.support.DefaultSingletonBeanRegistry.getSingleton(DefaultSingletonBeanRegistry.java:222) ~[spring-beans-3.0.6.RELEASE.jar:3.0.6.RELEASE]
	at org.springframework.beans.factory.support.AbstractBeanFactory.doGetBean(AbstractBeanFactory.java:290) ~[spring-beans-3.0.6.RELEASE.jar:3.0.6.RELEASE]
	at org.springframework.beans.factory.support.AbstractBeanFactory.getBean(AbstractBeanFactory.java:192) ~[spring-beans-3.0.6.RELEASE.jar:3.0.6.RELEASE]
	at org.springframework.beans.factory.support.DefaultListableBeanFactory.findAutowireCandidates(DefaultListableBeanFactory.java:848) ~[spring-beans-3.0.6.RELEASE.jar:3.0.6.RELEASE]
	at org.springframework.beans.factory.support.DefaultListableBeanFactory.doResolveDependency(DefaultListableBeanFactory.java:790) ~[spring-beans-3.0.6.RELEASE.jar:3.0.6.RELEASE]
	at org.springframework.beans.factory.support.DefaultListableBeanFactory.resolveDependency(DefaultListableBeanFactory.java:707) ~[spring-beans-3.0.6.RELEASE.jar:3.0.6.RELEASE]
	at org.springframework.beans.factory.annotation.AutowiredAnnotationBeanPostProcessor$AutowiredFieldElement.inject(AutowiredAnnotationBeanPostProcessor.java:480) ~[spring-beans-3.0.6.RELEASE.jar:3.0.6.RELEASE]
	... 67 common frames omitted
Caused by: org.elasticsearch.indices.IndexMissingException: [admin] missing
	at org.elasticsearch.cluster.metadata.MetaData.concreteIndex(MetaData.java:211) ~[elasticsearch-0.16.2.jar:na]
	at org.elasticsearch.action.support.single.shard.TransportShardSingleOperationAction$AsyncSingleAction.&lt;init&gt;(TransportShardSingleOperationAction.java:107) ~[elasticsearch-0.16.2.jar:na]
	at org.elasticsearch.action.support.single.shard.TransportShardSingleOperationAction$AsyncSingleAction.&lt;init&gt;(TransportShardSingleOperationAction.java:88) ~[elasticsearch-0.16.2.jar:na]
	at org.elasticsearch.action.support.single.shard.TransportShardSingleOperationAction.doExecute(TransportShardSingleOperationAction.java:69) ~[elasticsearch-0.16.2.jar:na]
	at org.elasticsearch.action.support.single.shard.TransportShardSingleOperationAction.doExecute(TransportShardSingleOperationAction.java:45) ~[elasticsearch-0.16.2.jar:na]
	at org.elasticsearch.action.support.BaseAction.execute(BaseAction.java:61) ~[elasticsearch-0.16.2.jar:na]
	at org.elasticsearch.client.node.NodeClient.get(NodeClient.java:152) ~[elasticsearch-0.16.2.jar:na]
	at org.elasticsearch.client.action.get.GetRequestBuilder.doExecute(GetRequestBuilder.java:119) ~[elasticsearch-0.16.2.jar:na]
	at org.elasticsearch.client.action.support.BaseRequestBuilder.execute(BaseRequestBuilder.java:56) ~[elasticsearch-0.16.2.jar:na]
	at org.elasticsearch.client.action.support.BaseRequestBuilder.execute(BaseRequestBuilder.java:51) ~[elasticsearch-0.16.2.jar:na]
	at org.elasticsearch.client.action.RequestBuilder$execute.call(Unknown Source) ~[na:na]
	at com.rackspace.search.elasticsearch.client.ElasticSearchClient.getDocument(ElasticSearchClient.groovy:202) ~[classes/:na]
	at com.rackspace.search.elasticsearch.client.ElasticSearchClient$getDocument.call(Unknown Source) ~[na:na]
	at com.rackspace.search.service.JobService.getJob(JobService.groovy:38) ~[classes/:na]
	at com.rackspace.search.service.JobService$getJob.call(Unknown Source) ~[na:na]
	at com.rackspace.search.service.core.CoreTicketOngoingSyncJob.setupActivities(CoreTicketOnGoingSyncJob.groovy:54) ~[classes/:na]
	at sun.reflect.NativeMethodAccessorImpl.invoke0(Native Method) ~[na:1.6.0_38]
	at sun.reflect.NativeMethodAccessorImpl.invoke(NativeMethodAccessorImpl.java:39) ~[na:1.6.0_38]
	at sun.reflect.DelegatingMethodAccessorImpl.invoke(DelegatingMethodAccessorImpl.java:25) ~[na:1.6.0_38]
	at java.lang.reflect.Method.invoke(Method.java:597) ~[na:1.6.0_38]
	at org.springframework.beans.factory.annotation.InitDestroyAnnotationBeanPostProcessor$LifecycleElement.invoke(InitDestroyAnnotationBeanPostProcessor.java:340) ~[spring-beans-3.0.6.RELEASE.jar:3.0.6.RELEASE]
	at org.springframework.beans.factory.annotation.InitDestroyAnnotationBeanPostProcessor$LifecycleMetadata.invokeInitMethods(InitDestroyAnnotationBeanPostProcessor.java:293) ~[spring-beans-3.0.6.RELEASE.jar:3.0.6.RELEASE]
	at org.springframework.beans.factory.annotation.InitDestroyAnnotationBeanPostProcessor.postProcessBeforeInitialization(InitDestroyAnnotationBeanPostProcessor.java:130) ~[spring-beans-3.0.6.RELEASE.jar:3.0.6.RELEASE]
	... 79 common frames omitted
</stdout>
          <failedSince>1</failedSince>
        </case>
        <case>
          <duration>0.621</duration>
          <className>com.rackspace.search.elasticsearch.client.ElasticSearchClientTest</className>
          <testName>test search tickets with a range filter and negated range filter</testName>
          <skipped>false</skipped>
          <errorStackTrace>java.lang.NullPointerException: Cannot invoke method getClient() on null object
	at com.rackspace.search.elasticsearch.client.ElasticSearchClientTest.cleanup(ElasticSearchClientTest.groovy:84)
</errorStackTrace>
          <errorDetails>Cannot invoke method getClient() on null object</errorDetails>
          <failedSince>1</failedSince>
        </case>
        <case>
          <duration>0.215</duration>
          <className>com.rackspace.search.elasticsearch.client.ElasticSearchClientTest</className>
          <testName>test sort tickets with single &amp; multiple values</testName>
          <skipped>false</skipped>
          <errorStackTrace>java.lang.IllegalStateException: Failed to load ApplicationContext
	at org.springframework.test.context.TestContext.getApplicationContext(TestContext.java:308)
	at org.springframework.test.context.support.DependencyInjectionTestExecutionListener.injectDependencies(DependencyInjectionTestExecutionListener.java:109)
	at org.springframework.test.context.support.DependencyInjectionTestExecutionListener.prepareTestInstance(DependencyInjectionTestExecutionListener.java:75)
	at org.springframework.test.context.TestContextManager.prepareTestInstance(TestContextManager.java:321)
	at org.spockframework.spring.SpringTestContextManager.prepareTestInstance(SpringTestContextManager.java:49)
	at org.spockframework.spring.SpringInterceptor.interceptSetupMethod(SpringInterceptor.java:42)
	at org.spockframework.runtime.extension.AbstractMethodInterceptor.intercept(AbstractMethodInterceptor.java:28)
	at org.spockframework.runtime.extension.MethodInvocation.proceed(MethodInvocation.java:84)
	at org.spockframework.util.ReflectionUtil.invokeMethod(ReflectionUtil.java:138)
	at org.spockframework.util.ReflectionUtil.invokeMethod(ReflectionUtil.java:138)
	at org.spockframework.util.ReflectionUtil.invokeMethod(ReflectionUtil.java:138)
	at org.apache.maven.surefire.junit4.JUnit4TestSet.execute(JUnit4TestSet.java:53)
	at org.apache.maven.surefire.junit4.JUnit4Provider.executeTestSet(JUnit4Provider.java:123)
	at org.apache.maven.surefire.junit4.JUnit4Provider.invoke(JUnit4Provider.java:104)
	at org.apache.maven.surefire.util.ReflectionUtils.invokeMethodWithArray(ReflectionUtils.java:164)
	at org.apache.maven.surefire.booter.ProviderFactory$ProviderProxy.invoke(ProviderFactory.java:110)
	at org.apache.maven.surefire.booter.SurefireStarter.invokeProvider(SurefireStarter.java:175)
	at org.apache.maven.surefire.booter.SurefireStarter.runSuitesInProcessWhenForked(SurefireStarter.java:107)
	at org.apache.maven.surefire.booter.ForkedBooter.main(ForkedBooter.java:68)
Caused by: org.springframework.beans.factory.BeanCreationException: Error creating bean with name &apos;adminResource&apos;: Injection of autowired dependencies failed; nested exception is org.springframework.beans.factory.BeanCreationException: Could not autowire field: private com.rackspace.search.service.core.CoreTicketOngoingSyncJob com.rackspace.search.endpoint.AdminResource.coreTicketOngoingSyncJob; nested exception is org.springframework.beans.factory.BeanCreationException: Error creating bean with name &apos;coreTicketOngoingSyncJob&apos;: Invocation of init method failed; nested exception is org.elasticsearch.indices.IndexMissingException: [admin] missing
	at org.springframework.beans.factory.annotation.AutowiredAnnotationBeanPostProcessor.postProcessPropertyValues(AutowiredAnnotationBeanPostProcessor.java:288)
	at org.springframework.beans.factory.support.AbstractAutowireCapableBeanFactory.populateBean(AbstractAutowireCapableBeanFactory.java:1074)
	at org.springframework.beans.factory.support.AbstractAutowireCapableBeanFactory.doCreateBean(AbstractAutowireCapableBeanFactory.java:517)
	at org.springframework.beans.factory.support.AbstractAutowireCapableBeanFactory.createBean(AbstractAutowireCapableBeanFactory.java:456)
	at org.springframework.beans.factory.support.AbstractBeanFactory$1.getObject(AbstractBeanFactory.java:293)
	at org.springframework.beans.factory.support.DefaultSingletonBeanRegistry.getSingleton(DefaultSingletonBeanRegistry.java:222)
	at org.springframework.beans.factory.support.AbstractBeanFactory.doGetBean(AbstractBeanFactory.java:290)
	at org.springframework.beans.factory.support.AbstractBeanFactory.getBean(AbstractBeanFactory.java:192)
	at org.springframework.beans.factory.support.DefaultListableBeanFactory.preInstantiateSingletons(DefaultListableBeanFactory.java:585)
	at org.springframework.context.support.AbstractApplicationContext.finishBeanFactoryInitialization(AbstractApplicationContext.java:895)
	at org.springframework.context.support.AbstractApplicationContext.refresh(AbstractApplicationContext.java:425)
	at org.springframework.test.context.support.AbstractGenericContextLoader.loadContext(AbstractGenericContextLoader.java:84)
	at org.springframework.test.context.support.AbstractGenericContextLoader.loadContext(AbstractGenericContextLoader.java:1)
	at org.springframework.test.context.TestContext.loadApplicationContext(TestContext.java:280)
	at org.springframework.test.context.TestContext.getApplicationContext(TestContext.java:304)
	... 18 more
Caused by: org.springframework.beans.factory.BeanCreationException: Could not autowire field: private com.rackspace.search.service.core.CoreTicketOngoingSyncJob com.rackspace.search.endpoint.AdminResource.coreTicketOngoingSyncJob; nested exception is org.springframework.beans.factory.BeanCreationException: Error creating bean with name &apos;coreTicketOngoingSyncJob&apos;: Invocation of init method failed; nested exception is org.elasticsearch.indices.IndexMissingException: [admin] missing
	at org.springframework.beans.factory.annotation.AutowiredAnnotationBeanPostProcessor$AutowiredFieldElement.inject(AutowiredAnnotationBeanPostProcessor.java:508)
	at org.springframework.beans.factory.annotation.InjectionMetadata.inject(InjectionMetadata.java:84)
	at org.springframework.beans.factory.annotation.AutowiredAnnotationBeanPostProcessor.postProcessPropertyValues(AutowiredAnnotationBeanPostProcessor.java:285)
	... 32 more
Caused by: org.springframework.beans.factory.BeanCreationException: Error creating bean with name &apos;coreTicketOngoingSyncJob&apos;: Invocation of init method failed; nested exception is org.elasticsearch.indices.IndexMissingException: [admin] missing
	at org.springframework.beans.factory.annotation.InitDestroyAnnotationBeanPostProcessor.postProcessBeforeInitialization(InitDestroyAnnotationBeanPostProcessor.java:133)
	at org.springframework.beans.factory.support.AbstractAutowireCapableBeanFactory.applyBeanPostProcessorsBeforeInitialization(AbstractAutowireCapableBeanFactory.java:394)
	at org.springframework.beans.factory.support.AbstractAutowireCapableBeanFactory.initializeBean(AbstractAutowireCapableBeanFactory.java:1413)
	at org.springframework.beans.factory.support.AbstractAutowireCapableBeanFactory.doCreateBean(AbstractAutowireCapableBeanFactory.java:519)
	at org.springframework.beans.factory.support.AbstractAutowireCapableBeanFactory.createBean(AbstractAutowireCapableBeanFactory.java:456)
	at org.springframework.beans.factory.support.AbstractBeanFactory$1.getObject(AbstractBeanFactory.java:293)
	at org.springframework.beans.factory.support.DefaultSingletonBeanRegistry.getSingleton(DefaultSingletonBeanRegistry.java:222)
	at org.springframework.beans.factory.support.AbstractBeanFactory.doGetBean(AbstractBeanFactory.java:290)
	at org.springframework.beans.factory.support.AbstractBeanFactory.getBean(AbstractBeanFactory.java:192)
	at org.springframework.beans.factory.support.DefaultListableBeanFactory.findAutowireCandidates(DefaultListableBeanFactory.java:848)
	at org.springframework.beans.factory.support.DefaultListableBeanFactory.doResolveDependency(DefaultListableBeanFactory.java:790)
	at org.springframework.beans.factory.support.DefaultListableBeanFactory.resolveDependency(DefaultListableBeanFactory.java:707)
	at org.springframework.beans.factory.annotation.AutowiredAnnotationBeanPostProcessor$AutowiredFieldElement.inject(AutowiredAnnotationBeanPostProcessor.java:480)
	... 34 more
Caused by: org.elasticsearch.indices.IndexMissingException: [admin] missing
	at org.elasticsearch.cluster.metadata.MetaData.concreteIndex(MetaData.java:211)
	at org.elasticsearch.action.support.single.shard.TransportShardSingleOperationAction$AsyncSingleAction.&lt;init&gt;(TransportShardSingleOperationAction.java:107)
	at org.elasticsearch.action.support.single.shard.TransportShardSingleOperationAction$AsyncSingleAction.&lt;init&gt;(TransportShardSingleOperationAction.java:88)
	at org.elasticsearch.action.support.single.shard.TransportShardSingleOperationAction.doExecute(TransportShardSingleOperationAction.java:69)
	at org.elasticsearch.action.support.single.shard.TransportShardSingleOperationAction.doExecute(TransportShardSingleOperationAction.java:45)
	at org.elasticsearch.action.support.BaseAction.execute(BaseAction.java:61)
	at org.elasticsearch.client.node.NodeClient.get(NodeClient.java:152)
	at org.elasticsearch.client.action.get.GetRequestBuilder.doExecute(GetRequestBuilder.java:119)
	at org.elasticsearch.client.action.support.BaseRequestBuilder.execute(BaseRequestBuilder.java:56)
	at org.elasticsearch.client.action.support.BaseRequestBuilder.execute(BaseRequestBuilder.java:51)
	at com.rackspace.search.elasticsearch.client.ElasticSearchClient.getDocument(ElasticSearchClient.groovy:202)
	at com.rackspace.search.service.JobService.getJob(JobService.groovy:38)
	at com.rackspace.search.service.core.CoreTicketOngoingSyncJob.setupActivities(CoreTicketOnGoingSyncJob.groovy:54)
	at org.springframework.beans.factory.annotation.InitDestroyAnnotationBeanPostProcessor$LifecycleElement.invoke(InitDestroyAnnotationBeanPostProcessor.java:340)
	at org.springframework.beans.factory.annotation.InitDestroyAnnotationBeanPostProcessor$LifecycleMetadata.invokeInitMethods(InitDestroyAnnotationBeanPostProcessor.java:293)
	at org.springframework.beans.factory.annotation.InitDestroyAnnotationBeanPostProcessor.postProcessBeforeInitialization(InitDestroyAnnotationBeanPostProcessor.java:130)
	... 46 more
</errorStackTrace>
          <errorDetails>Failed to load ApplicationContext</errorDetails>
          <stdout>15:10:18.770 [main] INFO  c.r.s.common.property.PropertyProvider - Loading properties file from file [/var/lib/jenkins/jobs/Samatha Fork/workspace/service/target/properties/local/search.properties]
15:10:18.770 [main] INFO  c.r.s.common.property.PropertyProvider - Loading properties file from file [/var/lib/jenkins/jobs/Samatha Fork/workspace/service/target/properties/local/search.secrets.properties]
15:10:18.770 [main] INFO  c.r.s.common.property.PropertyProvider - Loading properties file from file [/var/lib/jenkins/jobs/Samatha Fork/workspace/service/target/properties/local/elasticsearch.properties]
15:10:18.786 [main] INFO  c.r.s.elasticsearch.ElasticSearchServer - Starting the Elastic Search server node:
15:10:18.788 [main] INFO  org.elasticsearch.node - [ticket.node] {elasticsearch/0.16.2}[12468]: initializing ...
15:10:18.789 [main] INFO  org.elasticsearch.plugins - [ticket.node] loaded []
15:10:18.956 [main] INFO  org.elasticsearch.node - [ticket.node] {elasticsearch/0.16.2}[12468]: initialized
15:10:18.956 [main] INFO  c.r.s.elasticsearch.ElasticSearchServer - Starting the Elastic Search server node with these settings:
15:10:18.957 [main] INFO  c.r.s.elasticsearch.ElasticSearchServer - Elasticsearch Settings :  [node.local:true, index.analysis.analyzer.search_standard.filter:[lowercase], elastic.config.path:/var/lib/jenkins/jobs/Samatha Fork/workspace/service/target/properties/local/elasticsearch, path.data:/var/lib/jenkins/jobs/Samatha Fork/workspace/service/target/elasticsearch/data, ticket.core.dateformat:yyyy-MM-dd HH:mm:ss, cluster.name:ticket.cluster, index.analysis.analyzer.search_standard.type:standard, path.conf:/var/lib/jenkins/jobs/Samatha Fork/workspace/service/target/properties/local/elasticsearch, core.api.password:qwerty, ticket.ongoingsync.delay.seconds:2000, name:ticket.node, path.logs:/var/lib/jenkins/jobs/Samatha Fork/workspace/service/target/elasticsearch/logs, http.enabled:true, index.number_of_replicas:0, ticket.document.idName:number, core.api.endpoint:https://ws.staging.core.rackspace.com/ctkapi, ticket.document.type:ticket, ticket.index.name:ticket, admin.index.name:admin, indices.structure:/indices_structure.json, index.store.fs.memory.enabled:false, index.number_of_shards:5, admin.document.type:syncJob, ticket.core.date.timezone:CST, ticket.search.allowedRangeParams:created_at,updated_at,last_public_response_date, ticket.search.allowedTermParams:source_system,number,created_at,updated_at,last_public_response_date,status,queue,category,priority,assignee.name,account.number, core.api.username:rcameron, ticket.elastic.dateformat:yyyy-MM-dd&apos;T&apos;HH:mm:ss.SSSZZ, discovery.zen.ping.multicast.enabled:false, action.auto_create_index:1, path.home:/var/lib/jenkins/jobs/Samatha Fork/workspace/service, path.work:/var/lib/jenkins/jobs/Samatha Fork/workspace/service/work, path.work_with_cluster:/var/lib/jenkins/jobs/Samatha Fork/workspace/service/work/ticket.cluster, path.data_with_cluster:/var/lib/jenkins/jobs/Samatha Fork/workspace/service/target/elasticsearch/data/ticket.cluster]
15:10:18.957 [main] INFO  org.elasticsearch.node - [ticket.node] {elasticsearch/0.16.2}[12468]: starting ...
15:10:18.958 [main] INFO  org.elasticsearch.transport - [ticket.node] bound_address {local[13]}, publish_address {local[13]}
15:10:18.958 [elasticsearch[ticket.node]clusterService#updateTask-pool-179-thread-1] INFO  org.elasticsearch.cluster.service - [ticket.node] new_master [ticket.node][13][local[13]]{local=true}, reason: local-disco-initial_connect(master)
15:10:18.959 [main] INFO  org.elasticsearch.discovery - [ticket.node] ticket.cluster/13
15:10:18.962 [main] INFO  org.elasticsearch.http - [ticket.node] bound_address {inet[/0:0:0:0:0:0:0:0:9200]}, publish_address {inet[/10.14.208.252:9200]}
15:10:18.963 [main] INFO  org.elasticsearch.node - [ticket.node] {elasticsearch/0.16.2}[12468]: started
15:10:18.963 [main] INFO  c.r.s.elasticsearch.ElasticSearchServer - Elastic Search server is started.
15:10:18.964 [elasticsearch[ticket.node]clusterService#updateTask-pool-179-thread-1] INFO  org.elasticsearch.gateway - [ticket.node] recovered [0] indices into cluster_state
15:10:18.964 [main] INFO  c.r.s.elasticsearch.ElasticSearchServer - ES cluster status is GREEN
15:10:19.011 [main] INFO  org.elasticsearch.node - [ticket.node] {elasticsearch/0.16.2}[12468]: stopping ...
15:10:19.016 [main] INFO  org.elasticsearch.node - [ticket.node] {elasticsearch/0.16.2}[12468]: stopped
15:10:19.016 [main] INFO  org.elasticsearch.node - [ticket.node] {elasticsearch/0.16.2}[12468]: closing ...
15:10:19.019 [main] INFO  org.elasticsearch.node - [ticket.node] {elasticsearch/0.16.2}[12468]: closed
15:10:19.026 [main] ERROR o.s.test.context.TestContextManager - Caught exception while allowing TestExecutionListener [org.springframework.test.context.support.DependencyInjectionTestExecutionListener@35cfee57] to prepare test instance [com.rackspace.search.elasticsearch.client.ElasticSearchClientTest@73600b34]
java.lang.IllegalStateException: Failed to load ApplicationContext
	at org.springframework.test.context.TestContext.getApplicationContext(TestContext.java:308) ~[spring-test-3.0.6.RELEASE.jar:3.0.6.RELEASE]
	at org.springframework.test.context.support.DependencyInjectionTestExecutionListener.injectDependencies(DependencyInjectionTestExecutionListener.java:109) ~[spring-test-3.0.6.RELEASE.jar:3.0.6.RELEASE]
	at org.springframework.test.context.support.DependencyInjectionTestExecutionListener.prepareTestInstance(DependencyInjectionTestExecutionListener.java:75) ~[spring-test-3.0.6.RELEASE.jar:3.0.6.RELEASE]
	at org.springframework.test.context.TestContextManager.prepareTestInstance(TestContextManager.java:321) ~[spring-test-3.0.6.RELEASE.jar:3.0.6.RELEASE]
	at org.spockframework.spring.SpringTestContextManager.prepareTestInstance(SpringTestContextManager.java:49) [spock-spring-0.7-groovy-2.0.jar:na]
	at org.spockframework.spring.SpringInterceptor.interceptSetupMethod(SpringInterceptor.java:42) [spock-spring-0.7-groovy-2.0.jar:na]
	at org.spockframework.runtime.extension.AbstractMethodInterceptor.intercept(AbstractMethodInterceptor.java:28) [spock-core-0.7-groovy-2.0.jar:na]
	at org.spockframework.runtime.extension.MethodInvocation.proceed(MethodInvocation.java:84) [spock-core-0.7-groovy-2.0.jar:na]
	at org.spockframework.runtime.BaseSpecRunner.invoke(BaseSpecRunner.java:319) [spock-core-0.7-groovy-2.0.jar:na]
	at org.spockframework.runtime.BaseSpecRunner.invokeSetup(BaseSpecRunner.java:279) [spock-core-0.7-groovy-2.0.jar:na]
	at org.spockframework.runtime.BaseSpecRunner.doRunIteration(BaseSpecRunner.java:255) [spock-core-0.7-groovy-2.0.jar:na]
	at sun.reflect.GeneratedMethodAccessor11.invoke(Unknown Source) ~[na:na]
	at sun.reflect.DelegatingMethodAccessorImpl.invoke(DelegatingMethodAccessorImpl.java:25) ~[na:1.6.0_38]
	at java.lang.reflect.Method.invoke(Method.java:597) ~[na:1.6.0_38]
	at org.spockframework.util.ReflectionUtil.invokeMethod(ReflectionUtil.java:138) [spock-core-0.7-groovy-2.0.jar:na]
	at org.spockframework.runtime.BaseSpecRunner.invokeRaw(BaseSpecRunner.java:330) [spock-core-0.7-groovy-2.0.jar:na]
	at org.spockframework.runtime.BaseSpecRunner.invoke(BaseSpecRunner.java:311) [spock-core-0.7-groovy-2.0.jar:na]
	at org.spockframework.runtime.BaseSpecRunner.runIteration(BaseSpecRunner.java:223) [spock-core-0.7-groovy-2.0.jar:na]
	at org.spockframework.runtime.BaseSpecRunner.initializeAndRunIteration(BaseSpecRunner.java:214) [spock-core-0.7-groovy-2.0.jar:na]
	at org.spockframework.runtime.BaseSpecRunner.runSimpleFeature(BaseSpecRunner.java:205) [spock-core-0.7-groovy-2.0.jar:na]
	at org.spockframework.runtime.BaseSpecRunner.doRunFeature(BaseSpecRunner.java:199) [spock-core-0.7-groovy-2.0.jar:na]
	at sun.reflect.GeneratedMethodAccessor12.invoke(Unknown Source) ~[na:na]
	at sun.reflect.DelegatingMethodAccessorImpl.invoke(DelegatingMethodAccessorImpl.java:25) ~[na:1.6.0_38]
	at java.lang.reflect.Method.invoke(Method.java:597) ~[na:1.6.0_38]
	at org.spockframework.util.ReflectionUtil.invokeMethod(ReflectionUtil.java:138) [spock-core-0.7-groovy-2.0.jar:na]
	at org.spockframework.runtime.BaseSpecRunner.invokeRaw(BaseSpecRunner.java:330) [spock-core-0.7-groovy-2.0.jar:na]
	at org.spockframework.runtime.BaseSpecRunner.invoke(BaseSpecRunner.java:311) [spock-core-0.7-groovy-2.0.jar:na]
	at org.spockframework.runtime.BaseSpecRunner.runFeature(BaseSpecRunner.java:175) [spock-core-0.7-groovy-2.0.jar:na]
	at org.spockframework.runtime.BaseSpecRunner.runFeatures(BaseSpecRunner.java:152) [spock-core-0.7-groovy-2.0.jar:na]
	at org.spockframework.runtime.BaseSpecRunner.doRunSpec(BaseSpecRunner.java:112) [spock-core-0.7-groovy-2.0.jar:na]
	at sun.reflect.NativeMethodAccessorImpl.invoke0(Native Method) ~[na:1.6.0_38]
	at sun.reflect.NativeMethodAccessorImpl.invoke(NativeMethodAccessorImpl.java:39) ~[na:1.6.0_38]
	at sun.reflect.DelegatingMethodAccessorImpl.invoke(DelegatingMethodAccessorImpl.java:25) ~[na:1.6.0_38]
	at java.lang.reflect.Method.invoke(Method.java:597) ~[na:1.6.0_38]
	at org.spockframework.util.ReflectionUtil.invokeMethod(ReflectionUtil.java:138) [spock-core-0.7-groovy-2.0.jar:na]
	at org.spockframework.runtime.BaseSpecRunner.invokeRaw(BaseSpecRunner.java:330) [spock-core-0.7-groovy-2.0.jar:na]
	at org.spockframework.runtime.BaseSpecRunner.invoke(BaseSpecRunner.java:311) [spock-core-0.7-groovy-2.0.jar:na]
	at org.spockframework.runtime.BaseSpecRunner.runSpec(BaseSpecRunner.java:91) [spock-core-0.7-groovy-2.0.jar:na]
	at org.spockframework.runtime.BaseSpecRunner.run(BaseSpecRunner.java:82) [spock-core-0.7-groovy-2.0.jar:na]
	at org.spockframework.runtime.Sputnik.run(Sputnik.java:63) [spock-core-0.7-groovy-2.0.jar:na]
	at org.apache.maven.surefire.junit4.JUnit4TestSet.execute(JUnit4TestSet.java:53) [surefire-junit4-2.10.jar:2.10]
	at org.apache.maven.surefire.junit4.JUnit4Provider.executeTestSet(JUnit4Provider.java:123) [surefire-junit4-2.10.jar:2.10]
	at org.apache.maven.surefire.junit4.JUnit4Provider.invoke(JUnit4Provider.java:104) [surefire-junit4-2.10.jar:2.10]
	at sun.reflect.NativeMethodAccessorImpl.invoke0(Native Method) ~[na:1.6.0_38]
	at sun.reflect.NativeMethodAccessorImpl.invoke(NativeMethodAccessorImpl.java:39) ~[na:1.6.0_38]
	at sun.reflect.DelegatingMethodAccessorImpl.invoke(DelegatingMethodAccessorImpl.java:25) ~[na:1.6.0_38]
	at java.lang.reflect.Method.invoke(Method.java:597) ~[na:1.6.0_38]
	at org.apache.maven.surefire.util.ReflectionUtils.invokeMethodWithArray(ReflectionUtils.java:164) [surefire-api-2.10.jar:2.10]
	at org.apache.maven.surefire.booter.ProviderFactory$ProviderProxy.invoke(ProviderFactory.java:110) [surefire-booter-2.10.jar:2.10]
	at org.apache.maven.surefire.booter.SurefireStarter.invokeProvider(SurefireStarter.java:175) [surefire-booter-2.10.jar:2.10]
	at org.apache.maven.surefire.booter.SurefireStarter.runSuitesInProcessWhenForked(SurefireStarter.java:107) [surefire-booter-2.10.jar:2.10]
	at org.apache.maven.surefire.booter.ForkedBooter.main(ForkedBooter.java:68) [surefire-booter-2.10.jar:2.10]
Caused by: org.springframework.beans.factory.BeanCreationException: Error creating bean with name &apos;adminResource&apos;: Injection of autowired dependencies failed; nested exception is org.springframework.beans.factory.BeanCreationException: Could not autowire field: private com.rackspace.search.service.core.CoreTicketOngoingSyncJob com.rackspace.search.endpoint.AdminResource.coreTicketOngoingSyncJob; nested exception is org.springframework.beans.factory.BeanCreationException: Error creating bean with name &apos;coreTicketOngoingSyncJob&apos;: Invocation of init method failed; nested exception is org.elasticsearch.indices.IndexMissingException: [admin] missing
	at org.springframework.beans.factory.annotation.AutowiredAnnotationBeanPostProcessor.postProcessPropertyValues(AutowiredAnnotationBeanPostProcessor.java:288) ~[spring-beans-3.0.6.RELEASE.jar:3.0.6.RELEASE]
	at org.springframework.beans.factory.support.AbstractAutowireCapableBeanFactory.populateBean(AbstractAutowireCapableBeanFactory.java:1074) ~[spring-beans-3.0.6.RELEASE.jar:3.0.6.RELEASE]
	at org.springframework.beans.factory.support.AbstractAutowireCapableBeanFactory.doCreateBean(AbstractAutowireCapableBeanFactory.java:517) ~[spring-beans-3.0.6.RELEASE.jar:3.0.6.RELEASE]
	at org.springframework.beans.factory.support.AbstractAutowireCapableBeanFactory.createBean(AbstractAutowireCapableBeanFactory.java:456) ~[spring-beans-3.0.6.RELEASE.jar:3.0.6.RELEASE]
	at org.springframework.beans.factory.support.AbstractBeanFactory$1.getObject(AbstractBeanFactory.java:293) ~[spring-beans-3.0.6.RELEASE.jar:3.0.6.RELEASE]
	at org.springframework.beans.factory.support.DefaultSingletonBeanRegistry.getSingleton(DefaultSingletonBeanRegistry.java:222) ~[spring-beans-3.0.6.RELEASE.jar:3.0.6.RELEASE]
	at org.springframework.beans.factory.support.AbstractBeanFactory.doGetBean(AbstractBeanFactory.java:290) ~[spring-beans-3.0.6.RELEASE.jar:3.0.6.RELEASE]
	at org.springframework.beans.factory.support.AbstractBeanFactory.getBean(AbstractBeanFactory.java:192) ~[spring-beans-3.0.6.RELEASE.jar:3.0.6.RELEASE]
	at org.springframework.beans.factory.support.DefaultListableBeanFactory.preInstantiateSingletons(DefaultListableBeanFactory.java:585) ~[spring-beans-3.0.6.RELEASE.jar:3.0.6.RELEASE]
	at org.springframework.context.support.AbstractApplicationContext.finishBeanFactoryInitialization(AbstractApplicationContext.java:895) ~[spring-context-3.0.6.RELEASE.jar:3.0.6.RELEASE]
	at org.springframework.context.support.AbstractApplicationContext.refresh(AbstractApplicationContext.java:425) ~[spring-context-3.0.6.RELEASE.jar:3.0.6.RELEASE]
	at org.springframework.test.context.support.AbstractGenericContextLoader.loadContext(AbstractGenericContextLoader.java:84) ~[spring-test-3.0.6.RELEASE.jar:3.0.6.RELEASE]
	at org.springframework.test.context.support.AbstractGenericContextLoader.loadContext(AbstractGenericContextLoader.java:1) ~[spring-test-3.0.6.RELEASE.jar:3.0.6.RELEASE]
	at org.springframework.test.context.TestContext.loadApplicationContext(TestContext.java:280) ~[spring-test-3.0.6.RELEASE.jar:3.0.6.RELEASE]
	at org.springframework.test.context.TestContext.getApplicationContext(TestContext.java:304) ~[spring-test-3.0.6.RELEASE.jar:3.0.6.RELEASE]
	... 51 common frames omitted
Caused by: org.springframework.beans.factory.BeanCreationException: Could not autowire field: private com.rackspace.search.service.core.CoreTicketOngoingSyncJob com.rackspace.search.endpoint.AdminResource.coreTicketOngoingSyncJob; nested exception is org.springframework.beans.factory.BeanCreationException: Error creating bean with name &apos;coreTicketOngoingSyncJob&apos;: Invocation of init method failed; nested exception is org.elasticsearch.indices.IndexMissingException: [admin] missing
	at org.springframework.beans.factory.annotation.AutowiredAnnotationBeanPostProcessor$AutowiredFieldElement.inject(AutowiredAnnotationBeanPostProcessor.java:508) ~[spring-beans-3.0.6.RELEASE.jar:3.0.6.RELEASE]
	at org.springframework.beans.factory.annotation.InjectionMetadata.inject(InjectionMetadata.java:84) ~[spring-beans-3.0.6.RELEASE.jar:3.0.6.RELEASE]
	at org.springframework.beans.factory.annotation.AutowiredAnnotationBeanPostProcessor.postProcessPropertyValues(AutowiredAnnotationBeanPostProcessor.java:285) ~[spring-beans-3.0.6.RELEASE.jar:3.0.6.RELEASE]
	... 65 common frames omitted
Caused by: org.springframework.beans.factory.BeanCreationException: Error creating bean with name &apos;coreTicketOngoingSyncJob&apos;: Invocation of init method failed; nested exception is org.elasticsearch.indices.IndexMissingException: [admin] missing
	at org.springframework.beans.factory.annotation.InitDestroyAnnotationBeanPostProcessor.postProcessBeforeInitialization(InitDestroyAnnotationBeanPostProcessor.java:133) ~[spring-beans-3.0.6.RELEASE.jar:3.0.6.RELEASE]
	at org.springframework.beans.factory.support.AbstractAutowireCapableBeanFactory.applyBeanPostProcessorsBeforeInitialization(AbstractAutowireCapableBeanFactory.java:394) ~[spring-beans-3.0.6.RELEASE.jar:3.0.6.RELEASE]
	at org.springframework.beans.factory.support.AbstractAutowireCapableBeanFactory.initializeBean(AbstractAutowireCapableBeanFactory.java:1413) ~[spring-beans-3.0.6.RELEASE.jar:3.0.6.RELEASE]
	at org.springframework.beans.factory.support.AbstractAutowireCapableBeanFactory.doCreateBean(AbstractAutowireCapableBeanFactory.java:519) ~[spring-beans-3.0.6.RELEASE.jar:3.0.6.RELEASE]
	at org.springframework.beans.factory.support.AbstractAutowireCapableBeanFactory.createBean(AbstractAutowireCapableBeanFactory.java:456) ~[spring-beans-3.0.6.RELEASE.jar:3.0.6.RELEASE]
	at org.springframework.beans.factory.support.AbstractBeanFactory$1.getObject(AbstractBeanFactory.java:293) ~[spring-beans-3.0.6.RELEASE.jar:3.0.6.RELEASE]
	at org.springframework.beans.factory.support.DefaultSingletonBeanRegistry.getSingleton(DefaultSingletonBeanRegistry.java:222) ~[spring-beans-3.0.6.RELEASE.jar:3.0.6.RELEASE]
	at org.springframework.beans.factory.support.AbstractBeanFactory.doGetBean(AbstractBeanFactory.java:290) ~[spring-beans-3.0.6.RELEASE.jar:3.0.6.RELEASE]
	at org.springframework.beans.factory.support.AbstractBeanFactory.getBean(AbstractBeanFactory.java:192) ~[spring-beans-3.0.6.RELEASE.jar:3.0.6.RELEASE]
	at org.springframework.beans.factory.support.DefaultListableBeanFactory.findAutowireCandidates(DefaultListableBeanFactory.java:848) ~[spring-beans-3.0.6.RELEASE.jar:3.0.6.RELEASE]
	at org.springframework.beans.factory.support.DefaultListableBeanFactory.doResolveDependency(DefaultListableBeanFactory.java:790) ~[spring-beans-3.0.6.RELEASE.jar:3.0.6.RELEASE]
	at org.springframework.beans.factory.support.DefaultListableBeanFactory.resolveDependency(DefaultListableBeanFactory.java:707) ~[spring-beans-3.0.6.RELEASE.jar:3.0.6.RELEASE]
	at org.springframework.beans.factory.annotation.AutowiredAnnotationBeanPostProcessor$AutowiredFieldElement.inject(AutowiredAnnotationBeanPostProcessor.java:480) ~[spring-beans-3.0.6.RELEASE.jar:3.0.6.RELEASE]
	... 67 common frames omitted
Caused by: org.elasticsearch.indices.IndexMissingException: [admin] missing
	at org.elasticsearch.cluster.metadata.MetaData.concreteIndex(MetaData.java:211) ~[elasticsearch-0.16.2.jar:na]
	at org.elasticsearch.action.support.single.shard.TransportShardSingleOperationAction$AsyncSingleAction.&lt;init&gt;(TransportShardSingleOperationAction.java:107) ~[elasticsearch-0.16.2.jar:na]
	at org.elasticsearch.action.support.single.shard.TransportShardSingleOperationAction$AsyncSingleAction.&lt;init&gt;(TransportShardSingleOperationAction.java:88) ~[elasticsearch-0.16.2.jar:na]
	at org.elasticsearch.action.support.single.shard.TransportShardSingleOperationAction.doExecute(TransportShardSingleOperationAction.java:69) ~[elasticsearch-0.16.2.jar:na]
	at org.elasticsearch.action.support.single.shard.TransportShardSingleOperationAction.doExecute(TransportShardSingleOperationAction.java:45) ~[elasticsearch-0.16.2.jar:na]
	at org.elasticsearch.action.support.BaseAction.execute(BaseAction.java:61) ~[elasticsearch-0.16.2.jar:na]
	at org.elasticsearch.client.node.NodeClient.get(NodeClient.java:152) ~[elasticsearch-0.16.2.jar:na]
	at org.elasticsearch.client.action.get.GetRequestBuilder.doExecute(GetRequestBuilder.java:119) ~[elasticsearch-0.16.2.jar:na]
	at org.elasticsearch.client.action.support.BaseRequestBuilder.execute(BaseRequestBuilder.java:56) ~[elasticsearch-0.16.2.jar:na]
	at org.elasticsearch.client.action.support.BaseRequestBuilder.execute(BaseRequestBuilder.java:51) ~[elasticsearch-0.16.2.jar:na]
	at org.elasticsearch.client.action.RequestBuilder$execute.call(Unknown Source) ~[na:na]
	at com.rackspace.search.elasticsearch.client.ElasticSearchClient.getDocument(ElasticSearchClient.groovy:202) ~[classes/:na]
	at com.rackspace.search.elasticsearch.client.ElasticSearchClient$getDocument.call(Unknown Source) ~[na:na]
	at com.rackspace.search.service.JobService.getJob(JobService.groovy:38) ~[classes/:na]
	at com.rackspace.search.service.JobService$getJob.call(Unknown Source) ~[na:na]
	at com.rackspace.search.service.core.CoreTicketOngoingSyncJob.setupActivities(CoreTicketOnGoingSyncJob.groovy:54) ~[classes/:na]
	at sun.reflect.NativeMethodAccessorImpl.invoke0(Native Method) ~[na:1.6.0_38]
	at sun.reflect.NativeMethodAccessorImpl.invoke(NativeMethodAccessorImpl.java:39) ~[na:1.6.0_38]
	at sun.reflect.DelegatingMethodAccessorImpl.invoke(DelegatingMethodAccessorImpl.java:25) ~[na:1.6.0_38]
	at java.lang.reflect.Method.invoke(Method.java:597) ~[na:1.6.0_38]
	at org.springframework.beans.factory.annotation.InitDestroyAnnotationBeanPostProcessor$LifecycleElement.invoke(InitDestroyAnnotationBeanPostProcessor.java:340) ~[spring-beans-3.0.6.RELEASE.jar:3.0.6.RELEASE]
	at org.springframework.beans.factory.annotation.InitDestroyAnnotationBeanPostProcessor$LifecycleMetadata.invokeInitMethods(InitDestroyAnnotationBeanPostProcessor.java:293) ~[spring-beans-3.0.6.RELEASE.jar:3.0.6.RELEASE]
	at org.springframework.beans.factory.annotation.InitDestroyAnnotationBeanPostProcessor.postProcessBeforeInitialization(InitDestroyAnnotationBeanPostProcessor.java:130) ~[spring-beans-3.0.6.RELEASE.jar:3.0.6.RELEASE]
	... 79 common frames omitted
</stdout>
          <failedSince>1</failedSince>
        </case>
        <case>
          <duration>0.215</duration>
          <className>com.rackspace.search.elasticsearch.client.ElasticSearchClientTest</className>
          <testName>test sort tickets with single &amp; multiple values</testName>
          <skipped>false</skipped>
          <errorStackTrace>java.lang.NullPointerException: Cannot invoke method getClient() on null object
	at com.rackspace.search.elasticsearch.client.ElasticSearchClientTest.cleanup(ElasticSearchClientTest.groovy:84)
</errorStackTrace>
          <errorDetails>Cannot invoke method getClient() on null object</errorDetails>
          <failedSince>1</failedSince>
        </case>
        <case>
          <duration>0.497</duration>
          <className>com.rackspace.search.elasticsearch.client.ElasticSearchClientTest</className>
          <testName>test sort tickets for priority field without sorting order</testName>
          <skipped>false</skipped>
          <errorStackTrace>java.lang.IllegalStateException: Failed to load ApplicationContext
	at org.springframework.test.context.TestContext.getApplicationContext(TestContext.java:308)
	at org.springframework.test.context.support.DependencyInjectionTestExecutionListener.injectDependencies(DependencyInjectionTestExecutionListener.java:109)
	at org.springframework.test.context.support.DependencyInjectionTestExecutionListener.prepareTestInstance(DependencyInjectionTestExecutionListener.java:75)
	at org.springframework.test.context.TestContextManager.prepareTestInstance(TestContextManager.java:321)
	at org.spockframework.spring.SpringTestContextManager.prepareTestInstance(SpringTestContextManager.java:49)
	at org.spockframework.spring.SpringInterceptor.interceptSetupMethod(SpringInterceptor.java:42)
	at org.spockframework.runtime.extension.AbstractMethodInterceptor.intercept(AbstractMethodInterceptor.java:28)
	at org.spockframework.runtime.extension.MethodInvocation.proceed(MethodInvocation.java:84)
	at org.spockframework.util.ReflectionUtil.invokeMethod(ReflectionUtil.java:138)
	at org.spockframework.util.ReflectionUtil.invokeMethod(ReflectionUtil.java:138)
	at org.spockframework.util.ReflectionUtil.invokeMethod(ReflectionUtil.java:138)
	at org.apache.maven.surefire.junit4.JUnit4TestSet.execute(JUnit4TestSet.java:53)
	at org.apache.maven.surefire.junit4.JUnit4Provider.executeTestSet(JUnit4Provider.java:123)
	at org.apache.maven.surefire.junit4.JUnit4Provider.invoke(JUnit4Provider.java:104)
	at org.apache.maven.surefire.util.ReflectionUtils.invokeMethodWithArray(ReflectionUtils.java:164)
	at org.apache.maven.surefire.booter.ProviderFactory$ProviderProxy.invoke(ProviderFactory.java:110)
	at org.apache.maven.surefire.booter.SurefireStarter.invokeProvider(SurefireStarter.java:175)
	at org.apache.maven.surefire.booter.SurefireStarter.runSuitesInProcessWhenForked(SurefireStarter.java:107)
	at org.apache.maven.surefire.booter.ForkedBooter.main(ForkedBooter.java:68)
Caused by: org.springframework.beans.factory.BeanCreationException: Error creating bean with name &apos;adminResource&apos;: Injection of autowired dependencies failed; nested exception is org.springframework.beans.factory.BeanCreationException: Could not autowire field: private com.rackspace.search.service.core.CoreTicketOngoingSyncJob com.rackspace.search.endpoint.AdminResource.coreTicketOngoingSyncJob; nested exception is org.springframework.beans.factory.BeanCreationException: Error creating bean with name &apos;coreTicketOngoingSyncJob&apos;: Invocation of init method failed; nested exception is org.elasticsearch.indices.IndexMissingException: [admin] missing
	at org.springframework.beans.factory.annotation.AutowiredAnnotationBeanPostProcessor.postProcessPropertyValues(AutowiredAnnotationBeanPostProcessor.java:288)
	at org.springframework.beans.factory.support.AbstractAutowireCapableBeanFactory.populateBean(AbstractAutowireCapableBeanFactory.java:1074)
	at org.springframework.beans.factory.support.AbstractAutowireCapableBeanFactory.doCreateBean(AbstractAutowireCapableBeanFactory.java:517)
	at org.springframework.beans.factory.support.AbstractAutowireCapableBeanFactory.createBean(AbstractAutowireCapableBeanFactory.java:456)
	at org.springframework.beans.factory.support.AbstractBeanFactory$1.getObject(AbstractBeanFactory.java:293)
	at org.springframework.beans.factory.support.DefaultSingletonBeanRegistry.getSingleton(DefaultSingletonBeanRegistry.java:222)
	at org.springframework.beans.factory.support.AbstractBeanFactory.doGetBean(AbstractBeanFactory.java:290)
	at org.springframework.beans.factory.support.AbstractBeanFactory.getBean(AbstractBeanFactory.java:192)
	at org.springframework.beans.factory.support.DefaultListableBeanFactory.preInstantiateSingletons(DefaultListableBeanFactory.java:585)
	at org.springframework.context.support.AbstractApplicationContext.finishBeanFactoryInitialization(AbstractApplicationContext.java:895)
	at org.springframework.context.support.AbstractApplicationContext.refresh(AbstractApplicationContext.java:425)
	at org.springframework.test.context.support.AbstractGenericContextLoader.loadContext(AbstractGenericContextLoader.java:84)
	at org.springframework.test.context.support.AbstractGenericContextLoader.loadContext(AbstractGenericContextLoader.java:1)
	at org.springframework.test.context.TestContext.loadApplicationContext(TestContext.java:280)
	at org.springframework.test.context.TestContext.getApplicationContext(TestContext.java:304)
	... 18 more
Caused by: org.springframework.beans.factory.BeanCreationException: Could not autowire field: private com.rackspace.search.service.core.CoreTicketOngoingSyncJob com.rackspace.search.endpoint.AdminResource.coreTicketOngoingSyncJob; nested exception is org.springframework.beans.factory.BeanCreationException: Error creating bean with name &apos;coreTicketOngoingSyncJob&apos;: Invocation of init method failed; nested exception is org.elasticsearch.indices.IndexMissingException: [admin] missing
	at org.springframework.beans.factory.annotation.AutowiredAnnotationBeanPostProcessor$AutowiredFieldElement.inject(AutowiredAnnotationBeanPostProcessor.java:508)
	at org.springframework.beans.factory.annotation.InjectionMetadata.inject(InjectionMetadata.java:84)
	at org.springframework.beans.factory.annotation.AutowiredAnnotationBeanPostProcessor.postProcessPropertyValues(AutowiredAnnotationBeanPostProcessor.java:285)
	... 32 more
Caused by: org.springframework.beans.factory.BeanCreationException: Error creating bean with name &apos;coreTicketOngoingSyncJob&apos;: Invocation of init method failed; nested exception is org.elasticsearch.indices.IndexMissingException: [admin] missing
	at org.springframework.beans.factory.annotation.InitDestroyAnnotationBeanPostProcessor.postProcessBeforeInitialization(InitDestroyAnnotationBeanPostProcessor.java:133)
	at org.springframework.beans.factory.support.AbstractAutowireCapableBeanFactory.applyBeanPostProcessorsBeforeInitialization(AbstractAutowireCapableBeanFactory.java:394)
	at org.springframework.beans.factory.support.AbstractAutowireCapableBeanFactory.initializeBean(AbstractAutowireCapableBeanFactory.java:1413)
	at org.springframework.beans.factory.support.AbstractAutowireCapableBeanFactory.doCreateBean(AbstractAutowireCapableBeanFactory.java:519)
	at org.springframework.beans.factory.support.AbstractAutowireCapableBeanFactory.createBean(AbstractAutowireCapableBeanFactory.java:456)
	at org.springframework.beans.factory.support.AbstractBeanFactory$1.getObject(AbstractBeanFactory.java:293)
	at org.springframework.beans.factory.support.DefaultSingletonBeanRegistry.getSingleton(DefaultSingletonBeanRegistry.java:222)
	at org.springframework.beans.factory.support.AbstractBeanFactory.doGetBean(AbstractBeanFactory.java:290)
	at org.springframework.beans.factory.support.AbstractBeanFactory.getBean(AbstractBeanFactory.java:192)
	at org.springframework.beans.factory.support.DefaultListableBeanFactory.findAutowireCandidates(DefaultListableBeanFactory.java:848)
	at org.springframework.beans.factory.support.DefaultListableBeanFactory.doResolveDependency(DefaultListableBeanFactory.java:790)
	at org.springframework.beans.factory.support.DefaultListableBeanFactory.resolveDependency(DefaultListableBeanFactory.java:707)
	at org.springframework.beans.factory.annotation.AutowiredAnnotationBeanPostProcessor$AutowiredFieldElement.inject(AutowiredAnnotationBeanPostProcessor.java:480)
	... 34 more
Caused by: org.elasticsearch.indices.IndexMissingException: [admin] missing
	at org.elasticsearch.cluster.metadata.MetaData.concreteIndex(MetaData.java:211)
	at org.elasticsearch.action.support.single.shard.TransportShardSingleOperationAction$AsyncSingleAction.&lt;init&gt;(TransportShardSingleOperationAction.java:107)
	at org.elasticsearch.action.support.single.shard.TransportShardSingleOperationAction$AsyncSingleAction.&lt;init&gt;(TransportShardSingleOperationAction.java:88)
	at org.elasticsearch.action.support.single.shard.TransportShardSingleOperationAction.doExecute(TransportShardSingleOperationAction.java:69)
	at org.elasticsearch.action.support.single.shard.TransportShardSingleOperationAction.doExecute(TransportShardSingleOperationAction.java:45)
	at org.elasticsearch.action.support.BaseAction.execute(BaseAction.java:61)
	at org.elasticsearch.client.node.NodeClient.get(NodeClient.java:152)
	at org.elasticsearch.client.action.get.GetRequestBuilder.doExecute(GetRequestBuilder.java:119)
	at org.elasticsearch.client.action.support.BaseRequestBuilder.execute(BaseRequestBuilder.java:56)
	at org.elasticsearch.client.action.support.BaseRequestBuilder.execute(BaseRequestBuilder.java:51)
	at com.rackspace.search.elasticsearch.client.ElasticSearchClient.getDocument(ElasticSearchClient.groovy:202)
	at com.rackspace.search.service.JobService.getJob(JobService.groovy:38)
	at com.rackspace.search.service.core.CoreTicketOngoingSyncJob.setupActivities(CoreTicketOnGoingSyncJob.groovy:54)
	at org.springframework.beans.factory.annotation.InitDestroyAnnotationBeanPostProcessor$LifecycleElement.invoke(InitDestroyAnnotationBeanPostProcessor.java:340)
	at org.springframework.beans.factory.annotation.InitDestroyAnnotationBeanPostProcessor$LifecycleMetadata.invokeInitMethods(InitDestroyAnnotationBeanPostProcessor.java:293)
	at org.springframework.beans.factory.annotation.InitDestroyAnnotationBeanPostProcessor.postProcessBeforeInitialization(InitDestroyAnnotationBeanPostProcessor.java:130)
	... 46 more
</errorStackTrace>
          <errorDetails>Failed to load ApplicationContext</errorDetails>
          <stdout>15:10:19.137 [main] INFO  c.r.s.common.property.PropertyProvider - Loading properties file from file [/var/lib/jenkins/jobs/Samatha Fork/workspace/service/target/properties/local/search.properties]
15:10:19.138 [main] INFO  c.r.s.common.property.PropertyProvider - Loading properties file from file [/var/lib/jenkins/jobs/Samatha Fork/workspace/service/target/properties/local/search.secrets.properties]
15:10:19.139 [main] INFO  c.r.s.common.property.PropertyProvider - Loading properties file from file [/var/lib/jenkins/jobs/Samatha Fork/workspace/service/target/properties/local/elasticsearch.properties]
15:10:19.149 [main] INFO  c.r.s.elasticsearch.ElasticSearchServer - Starting the Elastic Search server node:
15:10:19.152 [main] INFO  org.elasticsearch.node - [ticket.node] {elasticsearch/0.16.2}[12468]: initializing ...
15:10:19.153 [main] INFO  org.elasticsearch.plugins - [ticket.node] loaded []
15:10:19.430 [main] INFO  org.elasticsearch.node - [ticket.node] {elasticsearch/0.16.2}[12468]: initialized
15:10:19.431 [main] INFO  c.r.s.elasticsearch.ElasticSearchServer - Starting the Elastic Search server node with these settings:
15:10:19.432 [main] INFO  c.r.s.elasticsearch.ElasticSearchServer - Elasticsearch Settings :  [node.local:true, index.analysis.analyzer.search_standard.filter:[lowercase], elastic.config.path:/var/lib/jenkins/jobs/Samatha Fork/workspace/service/target/properties/local/elasticsearch, path.data:/var/lib/jenkins/jobs/Samatha Fork/workspace/service/target/elasticsearch/data, ticket.core.dateformat:yyyy-MM-dd HH:mm:ss, cluster.name:ticket.cluster, index.analysis.analyzer.search_standard.type:standard, path.conf:/var/lib/jenkins/jobs/Samatha Fork/workspace/service/target/properties/local/elasticsearch, core.api.password:qwerty, ticket.ongoingsync.delay.seconds:2000, name:ticket.node, path.logs:/var/lib/jenkins/jobs/Samatha Fork/workspace/service/target/elasticsearch/logs, http.enabled:true, index.number_of_replicas:0, ticket.document.idName:number, core.api.endpoint:https://ws.staging.core.rackspace.com/ctkapi, ticket.document.type:ticket, ticket.index.name:ticket, admin.index.name:admin, indices.structure:/indices_structure.json, index.store.fs.memory.enabled:false, index.number_of_shards:5, admin.document.type:syncJob, ticket.core.date.timezone:CST, ticket.search.allowedRangeParams:created_at,updated_at,last_public_response_date, ticket.search.allowedTermParams:source_system,number,created_at,updated_at,last_public_response_date,status,queue,category,priority,assignee.name,account.number, core.api.username:rcameron, ticket.elastic.dateformat:yyyy-MM-dd&apos;T&apos;HH:mm:ss.SSSZZ, discovery.zen.ping.multicast.enabled:false, action.auto_create_index:1, path.home:/var/lib/jenkins/jobs/Samatha Fork/workspace/service, path.work:/var/lib/jenkins/jobs/Samatha Fork/workspace/service/work, path.work_with_cluster:/var/lib/jenkins/jobs/Samatha Fork/workspace/service/work/ticket.cluster, path.data_with_cluster:/var/lib/jenkins/jobs/Samatha Fork/workspace/service/target/elasticsearch/data/ticket.cluster]
15:10:19.434 [main] INFO  org.elasticsearch.node - [ticket.node] {elasticsearch/0.16.2}[12468]: starting ...
15:10:19.436 [main] INFO  org.elasticsearch.transport - [ticket.node] bound_address {local[14]}, publish_address {local[14]}
15:10:19.437 [elasticsearch[ticket.node]clusterService#updateTask-pool-193-thread-1] INFO  org.elasticsearch.cluster.service - [ticket.node] new_master [ticket.node][14][local[14]]{local=true}, reason: local-disco-initial_connect(master)
15:10:19.439 [main] INFO  org.elasticsearch.discovery - [ticket.node] ticket.cluster/14
15:10:19.443 [main] INFO  org.elasticsearch.http - [ticket.node] bound_address {inet[/0:0:0:0:0:0:0:0:9200]}, publish_address {inet[/10.14.208.252:9200]}
15:10:19.444 [main] INFO  org.elasticsearch.node - [ticket.node] {elasticsearch/0.16.2}[12468]: started
15:10:19.445 [main] INFO  c.r.s.elasticsearch.ElasticSearchServer - Elastic Search server is started.
15:10:19.447 [elasticsearch[ticket.node]clusterService#updateTask-pool-193-thread-1] INFO  org.elasticsearch.gateway - [ticket.node] recovered [0] indices into cluster_state
15:10:19.450 [main] INFO  c.r.s.elasticsearch.ElasticSearchServer - ES cluster status is GREEN
15:10:19.504 [main] INFO  org.elasticsearch.node - [ticket.node] {elasticsearch/0.16.2}[12468]: stopping ...
15:10:19.512 [main] INFO  org.elasticsearch.node - [ticket.node] {elasticsearch/0.16.2}[12468]: stopped
15:10:19.513 [main] INFO  org.elasticsearch.node - [ticket.node] {elasticsearch/0.16.2}[12468]: closing ...
15:10:19.516 [main] INFO  org.elasticsearch.node - [ticket.node] {elasticsearch/0.16.2}[12468]: closed
15:10:19.524 [main] ERROR o.s.test.context.TestContextManager - Caught exception while allowing TestExecutionListener [org.springframework.test.context.support.DependencyInjectionTestExecutionListener@35cfee57] to prepare test instance [com.rackspace.search.elasticsearch.client.ElasticSearchClientTest@50735aa1]
java.lang.IllegalStateException: Failed to load ApplicationContext
	at org.springframework.test.context.TestContext.getApplicationContext(TestContext.java:308) ~[spring-test-3.0.6.RELEASE.jar:3.0.6.RELEASE]
	at org.springframework.test.context.support.DependencyInjectionTestExecutionListener.injectDependencies(DependencyInjectionTestExecutionListener.java:109) ~[spring-test-3.0.6.RELEASE.jar:3.0.6.RELEASE]
	at org.springframework.test.context.support.DependencyInjectionTestExecutionListener.prepareTestInstance(DependencyInjectionTestExecutionListener.java:75) ~[spring-test-3.0.6.RELEASE.jar:3.0.6.RELEASE]
	at org.springframework.test.context.TestContextManager.prepareTestInstance(TestContextManager.java:321) ~[spring-test-3.0.6.RELEASE.jar:3.0.6.RELEASE]
	at org.spockframework.spring.SpringTestContextManager.prepareTestInstance(SpringTestContextManager.java:49) [spock-spring-0.7-groovy-2.0.jar:na]
	at org.spockframework.spring.SpringInterceptor.interceptSetupMethod(SpringInterceptor.java:42) [spock-spring-0.7-groovy-2.0.jar:na]
	at org.spockframework.runtime.extension.AbstractMethodInterceptor.intercept(AbstractMethodInterceptor.java:28) [spock-core-0.7-groovy-2.0.jar:na]
	at org.spockframework.runtime.extension.MethodInvocation.proceed(MethodInvocation.java:84) [spock-core-0.7-groovy-2.0.jar:na]
	at org.spockframework.runtime.BaseSpecRunner.invoke(BaseSpecRunner.java:319) [spock-core-0.7-groovy-2.0.jar:na]
	at org.spockframework.runtime.BaseSpecRunner.invokeSetup(BaseSpecRunner.java:279) [spock-core-0.7-groovy-2.0.jar:na]
	at org.spockframework.runtime.BaseSpecRunner.doRunIteration(BaseSpecRunner.java:255) [spock-core-0.7-groovy-2.0.jar:na]
	at sun.reflect.GeneratedMethodAccessor11.invoke(Unknown Source) ~[na:na]
	at sun.reflect.DelegatingMethodAccessorImpl.invoke(DelegatingMethodAccessorImpl.java:25) ~[na:1.6.0_38]
	at java.lang.reflect.Method.invoke(Method.java:597) ~[na:1.6.0_38]
	at org.spockframework.util.ReflectionUtil.invokeMethod(ReflectionUtil.java:138) [spock-core-0.7-groovy-2.0.jar:na]
	at org.spockframework.runtime.BaseSpecRunner.invokeRaw(BaseSpecRunner.java:330) [spock-core-0.7-groovy-2.0.jar:na]
	at org.spockframework.runtime.BaseSpecRunner.invoke(BaseSpecRunner.java:311) [spock-core-0.7-groovy-2.0.jar:na]
	at org.spockframework.runtime.BaseSpecRunner.runIteration(BaseSpecRunner.java:223) [spock-core-0.7-groovy-2.0.jar:na]
	at org.spockframework.runtime.BaseSpecRunner.initializeAndRunIteration(BaseSpecRunner.java:214) [spock-core-0.7-groovy-2.0.jar:na]
	at org.spockframework.runtime.BaseSpecRunner.runSimpleFeature(BaseSpecRunner.java:205) [spock-core-0.7-groovy-2.0.jar:na]
	at org.spockframework.runtime.BaseSpecRunner.doRunFeature(BaseSpecRunner.java:199) [spock-core-0.7-groovy-2.0.jar:na]
	at sun.reflect.GeneratedMethodAccessor12.invoke(Unknown Source) ~[na:na]
	at sun.reflect.DelegatingMethodAccessorImpl.invoke(DelegatingMethodAccessorImpl.java:25) ~[na:1.6.0_38]
	at java.lang.reflect.Method.invoke(Method.java:597) ~[na:1.6.0_38]
	at org.spockframework.util.ReflectionUtil.invokeMethod(ReflectionUtil.java:138) [spock-core-0.7-groovy-2.0.jar:na]
	at org.spockframework.runtime.BaseSpecRunner.invokeRaw(BaseSpecRunner.java:330) [spock-core-0.7-groovy-2.0.jar:na]
	at org.spockframework.runtime.BaseSpecRunner.invoke(BaseSpecRunner.java:311) [spock-core-0.7-groovy-2.0.jar:na]
	at org.spockframework.runtime.BaseSpecRunner.runFeature(BaseSpecRunner.java:175) [spock-core-0.7-groovy-2.0.jar:na]
	at org.spockframework.runtime.BaseSpecRunner.runFeatures(BaseSpecRunner.java:152) [spock-core-0.7-groovy-2.0.jar:na]
	at org.spockframework.runtime.BaseSpecRunner.doRunSpec(BaseSpecRunner.java:112) [spock-core-0.7-groovy-2.0.jar:na]
	at sun.reflect.NativeMethodAccessorImpl.invoke0(Native Method) ~[na:1.6.0_38]
	at sun.reflect.NativeMethodAccessorImpl.invoke(NativeMethodAccessorImpl.java:39) ~[na:1.6.0_38]
	at sun.reflect.DelegatingMethodAccessorImpl.invoke(DelegatingMethodAccessorImpl.java:25) ~[na:1.6.0_38]
	at java.lang.reflect.Method.invoke(Method.java:597) ~[na:1.6.0_38]
	at org.spockframework.util.ReflectionUtil.invokeMethod(ReflectionUtil.java:138) [spock-core-0.7-groovy-2.0.jar:na]
	at org.spockframework.runtime.BaseSpecRunner.invokeRaw(BaseSpecRunner.java:330) [spock-core-0.7-groovy-2.0.jar:na]
	at org.spockframework.runtime.BaseSpecRunner.invoke(BaseSpecRunner.java:311) [spock-core-0.7-groovy-2.0.jar:na]
	at org.spockframework.runtime.BaseSpecRunner.runSpec(BaseSpecRunner.java:91) [spock-core-0.7-groovy-2.0.jar:na]
	at org.spockframework.runtime.BaseSpecRunner.run(BaseSpecRunner.java:82) [spock-core-0.7-groovy-2.0.jar:na]
	at org.spockframework.runtime.Sputnik.run(Sputnik.java:63) [spock-core-0.7-groovy-2.0.jar:na]
	at org.apache.maven.surefire.junit4.JUnit4TestSet.execute(JUnit4TestSet.java:53) [surefire-junit4-2.10.jar:2.10]
	at org.apache.maven.surefire.junit4.JUnit4Provider.executeTestSet(JUnit4Provider.java:123) [surefire-junit4-2.10.jar:2.10]
	at org.apache.maven.surefire.junit4.JUnit4Provider.invoke(JUnit4Provider.java:104) [surefire-junit4-2.10.jar:2.10]
	at sun.reflect.NativeMethodAccessorImpl.invoke0(Native Method) ~[na:1.6.0_38]
	at sun.reflect.NativeMethodAccessorImpl.invoke(NativeMethodAccessorImpl.java:39) ~[na:1.6.0_38]
	at sun.reflect.DelegatingMethodAccessorImpl.invoke(DelegatingMethodAccessorImpl.java:25) ~[na:1.6.0_38]
	at java.lang.reflect.Method.invoke(Method.java:597) ~[na:1.6.0_38]
	at org.apache.maven.surefire.util.ReflectionUtils.invokeMethodWithArray(ReflectionUtils.java:164) [surefire-api-2.10.jar:2.10]
	at org.apache.maven.surefire.booter.ProviderFactory$ProviderProxy.invoke(ProviderFactory.java:110) [surefire-booter-2.10.jar:2.10]
	at org.apache.maven.surefire.booter.SurefireStarter.invokeProvider(SurefireStarter.java:175) [surefire-booter-2.10.jar:2.10]
	at org.apache.maven.surefire.booter.SurefireStarter.runSuitesInProcessWhenForked(SurefireStarter.java:107) [surefire-booter-2.10.jar:2.10]
	at org.apache.maven.surefire.booter.ForkedBooter.main(ForkedBooter.java:68) [surefire-booter-2.10.jar:2.10]
Caused by: org.springframework.beans.factory.BeanCreationException: Error creating bean with name &apos;adminResource&apos;: Injection of autowired dependencies failed; nested exception is org.springframework.beans.factory.BeanCreationException: Could not autowire field: private com.rackspace.search.service.core.CoreTicketOngoingSyncJob com.rackspace.search.endpoint.AdminResource.coreTicketOngoingSyncJob; nested exception is org.springframework.beans.factory.BeanCreationException: Error creating bean with name &apos;coreTicketOngoingSyncJob&apos;: Invocation of init method failed; nested exception is org.elasticsearch.indices.IndexMissingException: [admin] missing
	at org.springframework.beans.factory.annotation.AutowiredAnnotationBeanPostProcessor.postProcessPropertyValues(AutowiredAnnotationBeanPostProcessor.java:288) ~[spring-beans-3.0.6.RELEASE.jar:3.0.6.RELEASE]
	at org.springframework.beans.factory.support.AbstractAutowireCapableBeanFactory.populateBean(AbstractAutowireCapableBeanFactory.java:1074) ~[spring-beans-3.0.6.RELEASE.jar:3.0.6.RELEASE]
	at org.springframework.beans.factory.support.AbstractAutowireCapableBeanFactory.doCreateBean(AbstractAutowireCapableBeanFactory.java:517) ~[spring-beans-3.0.6.RELEASE.jar:3.0.6.RELEASE]
	at org.springframework.beans.factory.support.AbstractAutowireCapableBeanFactory.createBean(AbstractAutowireCapableBeanFactory.java:456) ~[spring-beans-3.0.6.RELEASE.jar:3.0.6.RELEASE]
	at org.springframework.beans.factory.support.AbstractBeanFactory$1.getObject(AbstractBeanFactory.java:293) ~[spring-beans-3.0.6.RELEASE.jar:3.0.6.RELEASE]
	at org.springframework.beans.factory.support.DefaultSingletonBeanRegistry.getSingleton(DefaultSingletonBeanRegistry.java:222) ~[spring-beans-3.0.6.RELEASE.jar:3.0.6.RELEASE]
	at org.springframework.beans.factory.support.AbstractBeanFactory.doGetBean(AbstractBeanFactory.java:290) ~[spring-beans-3.0.6.RELEASE.jar:3.0.6.RELEASE]
	at org.springframework.beans.factory.support.AbstractBeanFactory.getBean(AbstractBeanFactory.java:192) ~[spring-beans-3.0.6.RELEASE.jar:3.0.6.RELEASE]
	at org.springframework.beans.factory.support.DefaultListableBeanFactory.preInstantiateSingletons(DefaultListableBeanFactory.java:585) ~[spring-beans-3.0.6.RELEASE.jar:3.0.6.RELEASE]
	at org.springframework.context.support.AbstractApplicationContext.finishBeanFactoryInitialization(AbstractApplicationContext.java:895) ~[spring-context-3.0.6.RELEASE.jar:3.0.6.RELEASE]
	at org.springframework.context.support.AbstractApplicationContext.refresh(AbstractApplicationContext.java:425) ~[spring-context-3.0.6.RELEASE.jar:3.0.6.RELEASE]
	at org.springframework.test.context.support.AbstractGenericContextLoader.loadContext(AbstractGenericContextLoader.java:84) ~[spring-test-3.0.6.RELEASE.jar:3.0.6.RELEASE]
	at org.springframework.test.context.support.AbstractGenericContextLoader.loadContext(AbstractGenericContextLoader.java:1) ~[spring-test-3.0.6.RELEASE.jar:3.0.6.RELEASE]
	at org.springframework.test.context.TestContext.loadApplicationContext(TestContext.java:280) ~[spring-test-3.0.6.RELEASE.jar:3.0.6.RELEASE]
	at org.springframework.test.context.TestContext.getApplicationContext(TestContext.java:304) ~[spring-test-3.0.6.RELEASE.jar:3.0.6.RELEASE]
	... 51 common frames omitted
Caused by: org.springframework.beans.factory.BeanCreationException: Could not autowire field: private com.rackspace.search.service.core.CoreTicketOngoingSyncJob com.rackspace.search.endpoint.AdminResource.coreTicketOngoingSyncJob; nested exception is org.springframework.beans.factory.BeanCreationException: Error creating bean with name &apos;coreTicketOngoingSyncJob&apos;: Invocation of init method failed; nested exception is org.elasticsearch.indices.IndexMissingException: [admin] missing
	at org.springframework.beans.factory.annotation.AutowiredAnnotationBeanPostProcessor$AutowiredFieldElement.inject(AutowiredAnnotationBeanPostProcessor.java:508) ~[spring-beans-3.0.6.RELEASE.jar:3.0.6.RELEASE]
	at org.springframework.beans.factory.annotation.InjectionMetadata.inject(InjectionMetadata.java:84) ~[spring-beans-3.0.6.RELEASE.jar:3.0.6.RELEASE]
	at org.springframework.beans.factory.annotation.AutowiredAnnotationBeanPostProcessor.postProcessPropertyValues(AutowiredAnnotationBeanPostProcessor.java:285) ~[spring-beans-3.0.6.RELEASE.jar:3.0.6.RELEASE]
	... 65 common frames omitted
Caused by: org.springframework.beans.factory.BeanCreationException: Error creating bean with name &apos;coreTicketOngoingSyncJob&apos;: Invocation of init method failed; nested exception is org.elasticsearch.indices.IndexMissingException: [admin] missing
	at org.springframework.beans.factory.annotation.InitDestroyAnnotationBeanPostProcessor.postProcessBeforeInitialization(InitDestroyAnnotationBeanPostProcessor.java:133) ~[spring-beans-3.0.6.RELEASE.jar:3.0.6.RELEASE]
	at org.springframework.beans.factory.support.AbstractAutowireCapableBeanFactory.applyBeanPostProcessorsBeforeInitialization(AbstractAutowireCapableBeanFactory.java:394) ~[spring-beans-3.0.6.RELEASE.jar:3.0.6.RELEASE]
	at org.springframework.beans.factory.support.AbstractAutowireCapableBeanFactory.initializeBean(AbstractAutowireCapableBeanFactory.java:1413) ~[spring-beans-3.0.6.RELEASE.jar:3.0.6.RELEASE]
	at org.springframework.beans.factory.support.AbstractAutowireCapableBeanFactory.doCreateBean(AbstractAutowireCapableBeanFactory.java:519) ~[spring-beans-3.0.6.RELEASE.jar:3.0.6.RELEASE]
	at org.springframework.beans.factory.support.AbstractAutowireCapableBeanFactory.createBean(AbstractAutowireCapableBeanFactory.java:456) ~[spring-beans-3.0.6.RELEASE.jar:3.0.6.RELEASE]
	at org.springframework.beans.factory.support.AbstractBeanFactory$1.getObject(AbstractBeanFactory.java:293) ~[spring-beans-3.0.6.RELEASE.jar:3.0.6.RELEASE]
	at org.springframework.beans.factory.support.DefaultSingletonBeanRegistry.getSingleton(DefaultSingletonBeanRegistry.java:222) ~[spring-beans-3.0.6.RELEASE.jar:3.0.6.RELEASE]
	at org.springframework.beans.factory.support.AbstractBeanFactory.doGetBean(AbstractBeanFactory.java:290) ~[spring-beans-3.0.6.RELEASE.jar:3.0.6.RELEASE]
	at org.springframework.beans.factory.support.AbstractBeanFactory.getBean(AbstractBeanFactory.java:192) ~[spring-beans-3.0.6.RELEASE.jar:3.0.6.RELEASE]
	at org.springframework.beans.factory.support.DefaultListableBeanFactory.findAutowireCandidates(DefaultListableBeanFactory.java:848) ~[spring-beans-3.0.6.RELEASE.jar:3.0.6.RELEASE]
	at org.springframework.beans.factory.support.DefaultListableBeanFactory.doResolveDependency(DefaultListableBeanFactory.java:790) ~[spring-beans-3.0.6.RELEASE.jar:3.0.6.RELEASE]
	at org.springframework.beans.factory.support.DefaultListableBeanFactory.resolveDependency(DefaultListableBeanFactory.java:707) ~[spring-beans-3.0.6.RELEASE.jar:3.0.6.RELEASE]
	at org.springframework.beans.factory.annotation.AutowiredAnnotationBeanPostProcessor$AutowiredFieldElement.inject(AutowiredAnnotationBeanPostProcessor.java:480) ~[spring-beans-3.0.6.RELEASE.jar:3.0.6.RELEASE]
	... 67 common frames omitted
Caused by: org.elasticsearch.indices.IndexMissingException: [admin] missing
	at org.elasticsearch.cluster.metadata.MetaData.concreteIndex(MetaData.java:211) ~[elasticsearch-0.16.2.jar:na]
	at org.elasticsearch.action.support.single.shard.TransportShardSingleOperationAction$AsyncSingleAction.&lt;init&gt;(TransportShardSingleOperationAction.java:107) ~[elasticsearch-0.16.2.jar:na]
	at org.elasticsearch.action.support.single.shard.TransportShardSingleOperationAction$AsyncSingleAction.&lt;init&gt;(TransportShardSingleOperationAction.java:88) ~[elasticsearch-0.16.2.jar:na]
	at org.elasticsearch.action.support.single.shard.TransportShardSingleOperationAction.doExecute(TransportShardSingleOperationAction.java:69) ~[elasticsearch-0.16.2.jar:na]
	at org.elasticsearch.action.support.single.shard.TransportShardSingleOperationAction.doExecute(TransportShardSingleOperationAction.java:45) ~[elasticsearch-0.16.2.jar:na]
	at org.elasticsearch.action.support.BaseAction.execute(BaseAction.java:61) ~[elasticsearch-0.16.2.jar:na]
	at org.elasticsearch.client.node.NodeClient.get(NodeClient.java:152) ~[elasticsearch-0.16.2.jar:na]
	at org.elasticsearch.client.action.get.GetRequestBuilder.doExecute(GetRequestBuilder.java:119) ~[elasticsearch-0.16.2.jar:na]
	at org.elasticsearch.client.action.support.BaseRequestBuilder.execute(BaseRequestBuilder.java:56) ~[elasticsearch-0.16.2.jar:na]
	at org.elasticsearch.client.action.support.BaseRequestBuilder.execute(BaseRequestBuilder.java:51) ~[elasticsearch-0.16.2.jar:na]
	at org.elasticsearch.client.action.RequestBuilder$execute.call(Unknown Source) ~[na:na]
	at com.rackspace.search.elasticsearch.client.ElasticSearchClient.getDocument(ElasticSearchClient.groovy:202) ~[classes/:na]
	at com.rackspace.search.elasticsearch.client.ElasticSearchClient$getDocument.call(Unknown Source) ~[na:na]
	at com.rackspace.search.service.JobService.getJob(JobService.groovy:38) ~[classes/:na]
	at com.rackspace.search.service.JobService$getJob.call(Unknown Source) ~[na:na]
	at com.rackspace.search.service.core.CoreTicketOngoingSyncJob.setupActivities(CoreTicketOnGoingSyncJob.groovy:54) ~[classes/:na]
	at sun.reflect.NativeMethodAccessorImpl.invoke0(Native Method) ~[na:1.6.0_38]
	at sun.reflect.NativeMethodAccessorImpl.invoke(NativeMethodAccessorImpl.java:39) ~[na:1.6.0_38]
	at sun.reflect.DelegatingMethodAccessorImpl.invoke(DelegatingMethodAccessorImpl.java:25) ~[na:1.6.0_38]
	at java.lang.reflect.Method.invoke(Method.java:597) ~[na:1.6.0_38]
	at org.springframework.beans.factory.annotation.InitDestroyAnnotationBeanPostProcessor$LifecycleElement.invoke(InitDestroyAnnotationBeanPostProcessor.java:340) ~[spring-beans-3.0.6.RELEASE.jar:3.0.6.RELEASE]
	at org.springframework.beans.factory.annotation.InitDestroyAnnotationBeanPostProcessor$LifecycleMetadata.invokeInitMethods(InitDestroyAnnotationBeanPostProcessor.java:293) ~[spring-beans-3.0.6.RELEASE.jar:3.0.6.RELEASE]
	at org.springframework.beans.factory.annotation.InitDestroyAnnotationBeanPostProcessor.postProcessBeforeInitialization(InitDestroyAnnotationBeanPostProcessor.java:130) ~[spring-beans-3.0.6.RELEASE.jar:3.0.6.RELEASE]
	... 79 common frames omitted
</stdout>
          <failedSince>1</failedSince>
        </case>
        <case>
          <duration>0.498</duration>
          <className>com.rackspace.search.elasticsearch.client.ElasticSearchClientTest</className>
          <testName>test sort tickets for priority field without sorting order</testName>
          <skipped>false</skipped>
          <errorStackTrace>java.lang.NullPointerException: Cannot invoke method getClient() on null object
	at com.rackspace.search.elasticsearch.client.ElasticSearchClientTest.cleanup(ElasticSearchClientTest.groovy:84)
</errorStackTrace>
          <errorDetails>Cannot invoke method getClient() on null object</errorDetails>
          <failedSince>1</failedSince>
        </case>
      </cases>
    </suite>
    <suite>
      <file>/var/lib/jenkins/jobs/Samatha Fork/workspace/service/target/surefire-reports/TEST-com.rackspace.search.gateway.core.CoreAuthGatewayTest.xml</file>
      <name>com.rackspace.search.gateway.core.CoreAuthGatewayTest</name>
      <duration>0.0</duration>
      <cases>
        <case>
          <duration>0.0</duration>
          <className>com.rackspace.search.gateway.core.CoreAuthGatewayTest</className>
          <testName>should get authtoken</testName>
          <skipped>false</skipped>
          <failedSince>0</failedSince>
        </case>
        <case>
          <duration>0.0</duration>
          <className>com.rackspace.search.gateway.core.CoreAuthGatewayTest</className>
          <testName>should not call core when authtoken is valid</testName>
          <skipped>false</skipped>
          <failedSince>0</failedSince>
        </case>
      </cases>
    </suite>
    <suite>
      <file>/var/lib/jenkins/jobs/Samatha Fork/workspace/service/target/surefire-reports/TEST-com.rackspace.search.gateway.core.CoreTicketGatewayTest.xml</file>
      <name>com.rackspace.search.gateway.core.CoreTicketGatewayTest</name>
      <duration>0.0010</duration>
      <cases>
        <case>
          <duration>0.0</duration>
          <className>com.rackspace.search.gateway.core.CoreTicketGatewayTest</className>
          <testName>should get tickets</testName>
          <skipped>false</skipped>
          <failedSince>0</failedSince>
        </case>
        <case>
          <duration>0.0</duration>
          <className>com.rackspace.search.gateway.core.CoreTicketGatewayTest</className>
          <testName>should get tickets -- session key expired</testName>
          <skipped>false</skipped>
          <failedSince>0</failedSince>
        </case>
        <case>
          <duration>0.0</duration>
          <className>com.rackspace.search.gateway.core.CoreTicketGatewayTest</className>
          <testName>get core tickets -- should throw exception</testName>
          <skipped>false</skipped>
          <failedSince>0</failedSince>
        </case>
        <case>
          <duration>0.0</duration>
          <className>com.rackspace.search.gateway.core.CoreTicketGatewayTest</className>
          <testName>test for pagination and max tickets parameter</testName>
          <skipped>false</skipped>
          <failedSince>0</failedSince>
        </case>
        <case>
          <duration>0.0</duration>
          <className>com.rackspace.search.gateway.core.CoreTicketGatewayTest</className>
          <testName>get Core Tickets for CoreTicketOnGoingSync</testName>
          <skipped>false</skipped>
          <failedSince>0</failedSince>
        </case>
        <case>
          <duration>0.0010</duration>
          <className>com.rackspace.search.gateway.core.CoreTicketGatewayTest</className>
          <testName>get core tickets for OnGoingSync -- should throw exception</testName>
          <skipped>false</skipped>
          <failedSince>0</failedSince>
        </case>
      </cases>
    </suite>
    <suite>
      <file>/var/lib/jenkins/jobs/Samatha Fork/workspace/service/target/surefire-reports/TEST-com.rackspace.search.service.JobServiceTest.xml</file>
      <name>com.rackspace.search.service.JobServiceTest</name>
      <duration>16.855</duration>
      <cases>
        <case>
          <duration>5.94</duration>
          <className>com.rackspace.search.service.JobServiceTest</className>
          <testName>should get scheduled job details</testName>
          <skipped>false</skipped>
          <errorStackTrace>java.lang.IllegalStateException: Failed to load ApplicationContext
	at org.springframework.test.context.TestContext.getApplicationContext(TestContext.java:308)
	at org.springframework.test.context.support.DependencyInjectionTestExecutionListener.injectDependencies(DependencyInjectionTestExecutionListener.java:109)
	at org.springframework.test.context.support.DependencyInjectionTestExecutionListener.prepareTestInstance(DependencyInjectionTestExecutionListener.java:75)
	at org.springframework.test.context.TestContextManager.prepareTestInstance(TestContextManager.java:321)
	at org.spockframework.spring.SpringTestContextManager.prepareTestInstance(SpringTestContextManager.java:49)
	at org.spockframework.spring.SpringInterceptor.interceptSetupMethod(SpringInterceptor.java:42)
	at org.spockframework.runtime.extension.AbstractMethodInterceptor.intercept(AbstractMethodInterceptor.java:28)
	at org.spockframework.runtime.extension.MethodInvocation.proceed(MethodInvocation.java:84)
	at org.spockframework.util.ReflectionUtil.invokeMethod(ReflectionUtil.java:138)
	at org.spockframework.util.ReflectionUtil.invokeMethod(ReflectionUtil.java:138)
	at org.spockframework.util.ReflectionUtil.invokeMethod(ReflectionUtil.java:138)
	at org.apache.maven.surefire.junit4.JUnit4TestSet.execute(JUnit4TestSet.java:53)
	at org.apache.maven.surefire.junit4.JUnit4Provider.executeTestSet(JUnit4Provider.java:123)
	at org.apache.maven.surefire.junit4.JUnit4Provider.invoke(JUnit4Provider.java:104)
	at org.apache.maven.surefire.util.ReflectionUtils.invokeMethodWithArray(ReflectionUtils.java:164)
	at org.apache.maven.surefire.booter.ProviderFactory$ProviderProxy.invoke(ProviderFactory.java:110)
	at org.apache.maven.surefire.booter.SurefireStarter.invokeProvider(SurefireStarter.java:175)
	at org.apache.maven.surefire.booter.SurefireStarter.runSuitesInProcessWhenForked(SurefireStarter.java:107)
	at org.apache.maven.surefire.booter.ForkedBooter.main(ForkedBooter.java:68)
Caused by: org.springframework.beans.factory.BeanCreationException: Error creating bean with name &apos;adminResource&apos;: Injection of autowired dependencies failed; nested exception is org.springframework.beans.factory.BeanCreationException: Could not autowire field: private com.rackspace.search.service.core.CoreTicketOngoingSyncJob com.rackspace.search.endpoint.AdminResource.coreTicketOngoingSyncJob; nested exception is org.springframework.beans.factory.BeanCreationException: Error creating bean with name &apos;coreTicketOngoingSyncJob&apos;: Invocation of init method failed; nested exception is org.elasticsearch.indices.IndexMissingException: [admin] missing
	at org.springframework.beans.factory.annotation.AutowiredAnnotationBeanPostProcessor.postProcessPropertyValues(AutowiredAnnotationBeanPostProcessor.java:288)
	at org.springframework.beans.factory.support.AbstractAutowireCapableBeanFactory.populateBean(AbstractAutowireCapableBeanFactory.java:1074)
	at org.springframework.beans.factory.support.AbstractAutowireCapableBeanFactory.doCreateBean(AbstractAutowireCapableBeanFactory.java:517)
	at org.springframework.beans.factory.support.AbstractAutowireCapableBeanFactory.createBean(AbstractAutowireCapableBeanFactory.java:456)
	at org.springframework.beans.factory.support.AbstractBeanFactory$1.getObject(AbstractBeanFactory.java:293)
	at org.springframework.beans.factory.support.DefaultSingletonBeanRegistry.getSingleton(DefaultSingletonBeanRegistry.java:222)
	at org.springframework.beans.factory.support.AbstractBeanFactory.doGetBean(AbstractBeanFactory.java:290)
	at org.springframework.beans.factory.support.AbstractBeanFactory.getBean(AbstractBeanFactory.java:192)
	at org.springframework.beans.factory.support.DefaultListableBeanFactory.preInstantiateSingletons(DefaultListableBeanFactory.java:585)
	at org.springframework.context.support.AbstractApplicationContext.finishBeanFactoryInitialization(AbstractApplicationContext.java:895)
	at org.springframework.context.support.AbstractApplicationContext.refresh(AbstractApplicationContext.java:425)
	at org.springframework.test.context.support.AbstractGenericContextLoader.loadContext(AbstractGenericContextLoader.java:84)
	at org.springframework.test.context.support.AbstractGenericContextLoader.loadContext(AbstractGenericContextLoader.java:1)
	at org.springframework.test.context.TestContext.loadApplicationContext(TestContext.java:280)
	at org.springframework.test.context.TestContext.getApplicationContext(TestContext.java:304)
	... 18 more
Caused by: org.springframework.beans.factory.BeanCreationException: Could not autowire field: private com.rackspace.search.service.core.CoreTicketOngoingSyncJob com.rackspace.search.endpoint.AdminResource.coreTicketOngoingSyncJob; nested exception is org.springframework.beans.factory.BeanCreationException: Error creating bean with name &apos;coreTicketOngoingSyncJob&apos;: Invocation of init method failed; nested exception is org.elasticsearch.indices.IndexMissingException: [admin] missing
	at org.springframework.beans.factory.annotation.AutowiredAnnotationBeanPostProcessor$AutowiredFieldElement.inject(AutowiredAnnotationBeanPostProcessor.java:508)
	at org.springframework.beans.factory.annotation.InjectionMetadata.inject(InjectionMetadata.java:84)
	at org.springframework.beans.factory.annotation.AutowiredAnnotationBeanPostProcessor.postProcessPropertyValues(AutowiredAnnotationBeanPostProcessor.java:285)
	... 32 more
Caused by: org.springframework.beans.factory.BeanCreationException: Error creating bean with name &apos;coreTicketOngoingSyncJob&apos;: Invocation of init method failed; nested exception is org.elasticsearch.indices.IndexMissingException: [admin] missing
	at org.springframework.beans.factory.annotation.InitDestroyAnnotationBeanPostProcessor.postProcessBeforeInitialization(InitDestroyAnnotationBeanPostProcessor.java:133)
	at org.springframework.beans.factory.support.AbstractAutowireCapableBeanFactory.applyBeanPostProcessorsBeforeInitialization(AbstractAutowireCapableBeanFactory.java:394)
	at org.springframework.beans.factory.support.AbstractAutowireCapableBeanFactory.initializeBean(AbstractAutowireCapableBeanFactory.java:1413)
	at org.springframework.beans.factory.support.AbstractAutowireCapableBeanFactory.doCreateBean(AbstractAutowireCapableBeanFactory.java:519)
	at org.springframework.beans.factory.support.AbstractAutowireCapableBeanFactory.createBean(AbstractAutowireCapableBeanFactory.java:456)
	at org.springframework.beans.factory.support.AbstractBeanFactory$1.getObject(AbstractBeanFactory.java:293)
	at org.springframework.beans.factory.support.DefaultSingletonBeanRegistry.getSingleton(DefaultSingletonBeanRegistry.java:222)
	at org.springframework.beans.factory.support.AbstractBeanFactory.doGetBean(AbstractBeanFactory.java:290)
	at org.springframework.beans.factory.support.AbstractBeanFactory.getBean(AbstractBeanFactory.java:192)
	at org.springframework.beans.factory.support.DefaultListableBeanFactory.findAutowireCandidates(DefaultListableBeanFactory.java:848)
	at org.springframework.beans.factory.support.DefaultListableBeanFactory.doResolveDependency(DefaultListableBeanFactory.java:790)
	at org.springframework.beans.factory.support.DefaultListableBeanFactory.resolveDependency(DefaultListableBeanFactory.java:707)
	at org.springframework.beans.factory.annotation.AutowiredAnnotationBeanPostProcessor$AutowiredFieldElement.inject(AutowiredAnnotationBeanPostProcessor.java:480)
	... 34 more
Caused by: org.elasticsearch.indices.IndexMissingException: [admin] missing
	at org.elasticsearch.cluster.metadata.MetaData.concreteIndex(MetaData.java:211)
	at org.elasticsearch.action.support.single.shard.TransportShardSingleOperationAction$AsyncSingleAction.&lt;init&gt;(TransportShardSingleOperationAction.java:107)
	at org.elasticsearch.action.support.single.shard.TransportShardSingleOperationAction$AsyncSingleAction.&lt;init&gt;(TransportShardSingleOperationAction.java:88)
	at org.elasticsearch.action.support.single.shard.TransportShardSingleOperationAction.doExecute(TransportShardSingleOperationAction.java:69)
	at org.elasticsearch.action.support.single.shard.TransportShardSingleOperationAction.doExecute(TransportShardSingleOperationAction.java:45)
	at org.elasticsearch.action.support.BaseAction.execute(BaseAction.java:61)
	at org.elasticsearch.client.node.NodeClient.get(NodeClient.java:152)
	at org.elasticsearch.client.action.get.GetRequestBuilder.doExecute(GetRequestBuilder.java:119)
	at org.elasticsearch.client.action.support.BaseRequestBuilder.execute(BaseRequestBuilder.java:56)
	at org.elasticsearch.client.action.support.BaseRequestBuilder.execute(BaseRequestBuilder.java:51)
	at com.rackspace.search.elasticsearch.client.ElasticSearchClient.getDocument(ElasticSearchClient.groovy:202)
	at com.rackspace.search.service.JobService.getJob(JobService.groovy:38)
	at com.rackspace.search.service.core.CoreTicketOngoingSyncJob.setupActivities(CoreTicketOnGoingSyncJob.groovy:54)
	at org.springframework.beans.factory.annotation.InitDestroyAnnotationBeanPostProcessor$LifecycleElement.invoke(InitDestroyAnnotationBeanPostProcessor.java:340)
	at org.springframework.beans.factory.annotation.InitDestroyAnnotationBeanPostProcessor$LifecycleMetadata.invokeInitMethods(InitDestroyAnnotationBeanPostProcessor.java:293)
	at org.springframework.beans.factory.annotation.InitDestroyAnnotationBeanPostProcessor.postProcessBeforeInitialization(InitDestroyAnnotationBeanPostProcessor.java:130)
	... 46 more
</errorStackTrace>
          <errorDetails>Failed to load ApplicationContext</errorDetails>
          <stdout>15:10:03.975 [main] INFO  c.r.s.common.property.PropertyProvider - Loading properties file from file [/var/lib/jenkins/jobs/Samatha Fork/workspace/service/target/properties/local/search.properties]
15:10:03.979 [main] INFO  c.r.s.common.property.PropertyProvider - Loading properties file from file [/var/lib/jenkins/jobs/Samatha Fork/workspace/service/target/properties/local/search.secrets.properties]
15:10:03.980 [main] INFO  c.r.s.common.property.PropertyProvider - Loading properties file from file [/var/lib/jenkins/jobs/Samatha Fork/workspace/service/target/properties/local/elasticsearch.properties]
15:10:04.199 [main] INFO  c.r.s.elasticsearch.ElasticSearchServer - Starting the Elastic Search server node:
15:10:04.385 [main] INFO  org.elasticsearch.node - [ticket.node] {elasticsearch/0.16.2}[12468]: initializing ...
15:10:04.404 [main] INFO  org.elasticsearch.plugins - [ticket.node] loaded []
15:10:07.556 [main] INFO  org.elasticsearch.node - [ticket.node] {elasticsearch/0.16.2}[12468]: initialized
15:10:07.557 [main] INFO  c.r.s.elasticsearch.ElasticSearchServer - Starting the Elastic Search server node with these settings:
15:10:07.564 [main] INFO  c.r.s.elasticsearch.ElasticSearchServer - Elasticsearch Settings :  [node.local:true, index.analysis.analyzer.search_standard.filter:[lowercase], elastic.config.path:/var/lib/jenkins/jobs/Samatha Fork/workspace/service/target/properties/local/elasticsearch, path.data:/var/lib/jenkins/jobs/Samatha Fork/workspace/service/target/elasticsearch/data, ticket.core.dateformat:yyyy-MM-dd HH:mm:ss, cluster.name:ticket.cluster, index.analysis.analyzer.search_standard.type:standard, path.conf:/var/lib/jenkins/jobs/Samatha Fork/workspace/service/target/properties/local/elasticsearch, core.api.password:qwerty, ticket.ongoingsync.delay.seconds:2000, name:ticket.node, path.logs:/var/lib/jenkins/jobs/Samatha Fork/workspace/service/target/elasticsearch/logs, http.enabled:true, index.number_of_replicas:0, ticket.document.idName:number, core.api.endpoint:https://ws.staging.core.rackspace.com/ctkapi, ticket.document.type:ticket, ticket.index.name:ticket, admin.index.name:admin, indices.structure:/indices_structure.json, index.store.fs.memory.enabled:false, index.number_of_shards:5, admin.document.type:syncJob, ticket.core.date.timezone:CST, ticket.search.allowedRangeParams:created_at,updated_at,last_public_response_date, ticket.search.allowedTermParams:source_system,number,created_at,updated_at,last_public_response_date,status,queue,category,priority,assignee.name,account.number, core.api.username:rcameron, ticket.elastic.dateformat:yyyy-MM-dd&apos;T&apos;HH:mm:ss.SSSZZ, discovery.zen.ping.multicast.enabled:false, action.auto_create_index:1, path.home:/var/lib/jenkins/jobs/Samatha Fork/workspace/service, path.work:/var/lib/jenkins/jobs/Samatha Fork/workspace/service/work, path.work_with_cluster:/var/lib/jenkins/jobs/Samatha Fork/workspace/service/work/ticket.cluster, path.data_with_cluster:/var/lib/jenkins/jobs/Samatha Fork/workspace/service/target/elasticsearch/data/ticket.cluster]
15:10:07.568 [main] INFO  org.elasticsearch.node - [ticket.node] {elasticsearch/0.16.2}[12468]: starting ...
15:10:07.582 [main] INFO  org.elasticsearch.transport - [ticket.node] bound_address {local[1]}, publish_address {local[1]}
15:10:07.590 [elasticsearch[ticket.node]clusterService#updateTask-pool-11-thread-1] INFO  org.elasticsearch.cluster.service - [ticket.node] new_master [ticket.node][1][local[1]]{local=true}, reason: local-disco-initial_connect(master)
15:10:07.595 [main] INFO  org.elasticsearch.discovery - [ticket.node] ticket.cluster/1
15:10:07.704 [main] INFO  org.elasticsearch.http - [ticket.node] bound_address {inet[/0:0:0:0:0:0:0:0:9200]}, publish_address {inet[/10.14.208.252:9200]}
15:10:07.705 [main] INFO  org.elasticsearch.node - [ticket.node] {elasticsearch/0.16.2}[12468]: started
15:10:07.706 [main] INFO  c.r.s.elasticsearch.ElasticSearchServer - Elastic Search server is started.
15:10:07.754 [main] INFO  c.r.s.elasticsearch.ElasticSearchServer - ES cluster status is GREEN
15:10:08.078 [elasticsearch[ticket.node]clusterService#updateTask-pool-11-thread-1] INFO  org.elasticsearch.gateway - [ticket.node] recovered [0] indices into cluster_state
15:10:08.528 [main] INFO  org.elasticsearch.node - [ticket.node] {elasticsearch/0.16.2}[12468]: stopping ...
15:10:08.548 [main] INFO  org.elasticsearch.node - [ticket.node] {elasticsearch/0.16.2}[12468]: stopped
15:10:08.549 [main] INFO  org.elasticsearch.node - [ticket.node] {elasticsearch/0.16.2}[12468]: closing ...
15:10:08.562 [main] INFO  org.elasticsearch.node - [ticket.node] {elasticsearch/0.16.2}[12468]: closed
15:10:08.574 [main] ERROR o.s.test.context.TestContextManager - Caught exception while allowing TestExecutionListener [org.springframework.test.context.support.DependencyInjectionTestExecutionListener@1453ecec] to prepare test instance [com.rackspace.search.service.JobServiceTest@11e78461]
java.lang.IllegalStateException: Failed to load ApplicationContext
	at org.springframework.test.context.TestContext.getApplicationContext(TestContext.java:308) ~[spring-test-3.0.6.RELEASE.jar:3.0.6.RELEASE]
	at org.springframework.test.context.support.DependencyInjectionTestExecutionListener.injectDependencies(DependencyInjectionTestExecutionListener.java:109) ~[spring-test-3.0.6.RELEASE.jar:3.0.6.RELEASE]
	at org.springframework.test.context.support.DependencyInjectionTestExecutionListener.prepareTestInstance(DependencyInjectionTestExecutionListener.java:75) ~[spring-test-3.0.6.RELEASE.jar:3.0.6.RELEASE]
	at org.springframework.test.context.TestContextManager.prepareTestInstance(TestContextManager.java:321) ~[spring-test-3.0.6.RELEASE.jar:3.0.6.RELEASE]
	at org.spockframework.spring.SpringTestContextManager.prepareTestInstance(SpringTestContextManager.java:49) [spock-spring-0.7-groovy-2.0.jar:na]
	at org.spockframework.spring.SpringInterceptor.interceptSetupMethod(SpringInterceptor.java:42) [spock-spring-0.7-groovy-2.0.jar:na]
	at org.spockframework.runtime.extension.AbstractMethodInterceptor.intercept(AbstractMethodInterceptor.java:28) [spock-core-0.7-groovy-2.0.jar:na]
	at org.spockframework.runtime.extension.MethodInvocation.proceed(MethodInvocation.java:84) [spock-core-0.7-groovy-2.0.jar:na]
	at org.spockframework.runtime.BaseSpecRunner.invoke(BaseSpecRunner.java:319) [spock-core-0.7-groovy-2.0.jar:na]
	at org.spockframework.runtime.BaseSpecRunner.invokeSetup(BaseSpecRunner.java:279) [spock-core-0.7-groovy-2.0.jar:na]
	at org.spockframework.runtime.BaseSpecRunner.doRunIteration(BaseSpecRunner.java:255) [spock-core-0.7-groovy-2.0.jar:na]
	at sun.reflect.NativeMethodAccessorImpl.invoke0(Native Method) ~[na:1.6.0_38]
	at sun.reflect.NativeMethodAccessorImpl.invoke(NativeMethodAccessorImpl.java:39) ~[na:1.6.0_38]
	at sun.reflect.DelegatingMethodAccessorImpl.invoke(DelegatingMethodAccessorImpl.java:25) ~[na:1.6.0_38]
	at java.lang.reflect.Method.invoke(Method.java:597) ~[na:1.6.0_38]
	at org.spockframework.util.ReflectionUtil.invokeMethod(ReflectionUtil.java:138) [spock-core-0.7-groovy-2.0.jar:na]
	at org.spockframework.runtime.BaseSpecRunner.invokeRaw(BaseSpecRunner.java:330) [spock-core-0.7-groovy-2.0.jar:na]
	at org.spockframework.runtime.BaseSpecRunner.invoke(BaseSpecRunner.java:311) [spock-core-0.7-groovy-2.0.jar:na]
	at org.spockframework.runtime.BaseSpecRunner.runIteration(BaseSpecRunner.java:223) [spock-core-0.7-groovy-2.0.jar:na]
	at org.spockframework.runtime.BaseSpecRunner.initializeAndRunIteration(BaseSpecRunner.java:214) [spock-core-0.7-groovy-2.0.jar:na]
	at org.spockframework.runtime.BaseSpecRunner.runSimpleFeature(BaseSpecRunner.java:205) [spock-core-0.7-groovy-2.0.jar:na]
	at org.spockframework.runtime.BaseSpecRunner.doRunFeature(BaseSpecRunner.java:199) [spock-core-0.7-groovy-2.0.jar:na]
	at sun.reflect.NativeMethodAccessorImpl.invoke0(Native Method) ~[na:1.6.0_38]
	at sun.reflect.NativeMethodAccessorImpl.invoke(NativeMethodAccessorImpl.java:39) ~[na:1.6.0_38]
	at sun.reflect.DelegatingMethodAccessorImpl.invoke(DelegatingMethodAccessorImpl.java:25) ~[na:1.6.0_38]
	at java.lang.reflect.Method.invoke(Method.java:597) ~[na:1.6.0_38]
	at org.spockframework.util.ReflectionUtil.invokeMethod(ReflectionUtil.java:138) [spock-core-0.7-groovy-2.0.jar:na]
	at org.spockframework.runtime.BaseSpecRunner.invokeRaw(BaseSpecRunner.java:330) [spock-core-0.7-groovy-2.0.jar:na]
	at org.spockframework.runtime.BaseSpecRunner.invoke(BaseSpecRunner.java:311) [spock-core-0.7-groovy-2.0.jar:na]
	at org.spockframework.runtime.BaseSpecRunner.runFeature(BaseSpecRunner.java:175) [spock-core-0.7-groovy-2.0.jar:na]
	at org.spockframework.runtime.BaseSpecRunner.runFeatures(BaseSpecRunner.java:152) [spock-core-0.7-groovy-2.0.jar:na]
	at org.spockframework.runtime.BaseSpecRunner.doRunSpec(BaseSpecRunner.java:112) [spock-core-0.7-groovy-2.0.jar:na]
	at sun.reflect.NativeMethodAccessorImpl.invoke0(Native Method) ~[na:1.6.0_38]
	at sun.reflect.NativeMethodAccessorImpl.invoke(NativeMethodAccessorImpl.java:39) ~[na:1.6.0_38]
	at sun.reflect.DelegatingMethodAccessorImpl.invoke(DelegatingMethodAccessorImpl.java:25) ~[na:1.6.0_38]
	at java.lang.reflect.Method.invoke(Method.java:597) ~[na:1.6.0_38]
	at org.spockframework.util.ReflectionUtil.invokeMethod(ReflectionUtil.java:138) [spock-core-0.7-groovy-2.0.jar:na]
	at org.spockframework.runtime.BaseSpecRunner.invokeRaw(BaseSpecRunner.java:330) [spock-core-0.7-groovy-2.0.jar:na]
	at org.spockframework.runtime.BaseSpecRunner.invoke(BaseSpecRunner.java:311) [spock-core-0.7-groovy-2.0.jar:na]
	at org.spockframework.runtime.BaseSpecRunner.runSpec(BaseSpecRunner.java:91) [spock-core-0.7-groovy-2.0.jar:na]
	at org.spockframework.runtime.BaseSpecRunner.run(BaseSpecRunner.java:82) [spock-core-0.7-groovy-2.0.jar:na]
	at org.spockframework.runtime.Sputnik.run(Sputnik.java:63) [spock-core-0.7-groovy-2.0.jar:na]
	at org.apache.maven.surefire.junit4.JUnit4TestSet.execute(JUnit4TestSet.java:53) [surefire-junit4-2.10.jar:2.10]
	at org.apache.maven.surefire.junit4.JUnit4Provider.executeTestSet(JUnit4Provider.java:123) [surefire-junit4-2.10.jar:2.10]
	at org.apache.maven.surefire.junit4.JUnit4Provider.invoke(JUnit4Provider.java:104) [surefire-junit4-2.10.jar:2.10]
	at sun.reflect.NativeMethodAccessorImpl.invoke0(Native Method) ~[na:1.6.0_38]
	at sun.reflect.NativeMethodAccessorImpl.invoke(NativeMethodAccessorImpl.java:39) ~[na:1.6.0_38]
	at sun.reflect.DelegatingMethodAccessorImpl.invoke(DelegatingMethodAccessorImpl.java:25) ~[na:1.6.0_38]
	at java.lang.reflect.Method.invoke(Method.java:597) ~[na:1.6.0_38]
	at org.apache.maven.surefire.util.ReflectionUtils.invokeMethodWithArray(ReflectionUtils.java:164) [surefire-api-2.10.jar:2.10]
	at org.apache.maven.surefire.booter.ProviderFactory$ProviderProxy.invoke(ProviderFactory.java:110) [surefire-booter-2.10.jar:2.10]
	at org.apache.maven.surefire.booter.SurefireStarter.invokeProvider(SurefireStarter.java:175) [surefire-booter-2.10.jar:2.10]
	at org.apache.maven.surefire.booter.SurefireStarter.runSuitesInProcessWhenForked(SurefireStarter.java:107) [surefire-booter-2.10.jar:2.10]
	at org.apache.maven.surefire.booter.ForkedBooter.main(ForkedBooter.java:68) [surefire-booter-2.10.jar:2.10]
Caused by: org.springframework.beans.factory.BeanCreationException: Error creating bean with name &apos;adminResource&apos;: Injection of autowired dependencies failed; nested exception is org.springframework.beans.factory.BeanCreationException: Could not autowire field: private com.rackspace.search.service.core.CoreTicketOngoingSyncJob com.rackspace.search.endpoint.AdminResource.coreTicketOngoingSyncJob; nested exception is org.springframework.beans.factory.BeanCreationException: Error creating bean with name &apos;coreTicketOngoingSyncJob&apos;: Invocation of init method failed; nested exception is org.elasticsearch.indices.IndexMissingException: [admin] missing
	at org.springframework.beans.factory.annotation.AutowiredAnnotationBeanPostProcessor.postProcessPropertyValues(AutowiredAnnotationBeanPostProcessor.java:288) ~[spring-beans-3.0.6.RELEASE.jar:3.0.6.RELEASE]
	at org.springframework.beans.factory.support.AbstractAutowireCapableBeanFactory.populateBean(AbstractAutowireCapableBeanFactory.java:1074) ~[spring-beans-3.0.6.RELEASE.jar:3.0.6.RELEASE]
	at org.springframework.beans.factory.support.AbstractAutowireCapableBeanFactory.doCreateBean(AbstractAutowireCapableBeanFactory.java:517) ~[spring-beans-3.0.6.RELEASE.jar:3.0.6.RELEASE]
	at org.springframework.beans.factory.support.AbstractAutowireCapableBeanFactory.createBean(AbstractAutowireCapableBeanFactory.java:456) ~[spring-beans-3.0.6.RELEASE.jar:3.0.6.RELEASE]
	at org.springframework.beans.factory.support.AbstractBeanFactory$1.getObject(AbstractBeanFactory.java:293) ~[spring-beans-3.0.6.RELEASE.jar:3.0.6.RELEASE]
	at org.springframework.beans.factory.support.DefaultSingletonBeanRegistry.getSingleton(DefaultSingletonBeanRegistry.java:222) ~[spring-beans-3.0.6.RELEASE.jar:3.0.6.RELEASE]
	at org.springframework.beans.factory.support.AbstractBeanFactory.doGetBean(AbstractBeanFactory.java:290) ~[spring-beans-3.0.6.RELEASE.jar:3.0.6.RELEASE]
	at org.springframework.beans.factory.support.AbstractBeanFactory.getBean(AbstractBeanFactory.java:192) ~[spring-beans-3.0.6.RELEASE.jar:3.0.6.RELEASE]
	at org.springframework.beans.factory.support.DefaultListableBeanFactory.preInstantiateSingletons(DefaultListableBeanFactory.java:585) ~[spring-beans-3.0.6.RELEASE.jar:3.0.6.RELEASE]
	at org.springframework.context.support.AbstractApplicationContext.finishBeanFactoryInitialization(AbstractApplicationContext.java:895) ~[spring-context-3.0.6.RELEASE.jar:3.0.6.RELEASE]
	at org.springframework.context.support.AbstractApplicationContext.refresh(AbstractApplicationContext.java:425) ~[spring-context-3.0.6.RELEASE.jar:3.0.6.RELEASE]
	at org.springframework.test.context.support.AbstractGenericContextLoader.loadContext(AbstractGenericContextLoader.java:84) ~[spring-test-3.0.6.RELEASE.jar:3.0.6.RELEASE]
	at org.springframework.test.context.support.AbstractGenericContextLoader.loadContext(AbstractGenericContextLoader.java:1) ~[spring-test-3.0.6.RELEASE.jar:3.0.6.RELEASE]
	at org.springframework.test.context.TestContext.loadApplicationContext(TestContext.java:280) ~[spring-test-3.0.6.RELEASE.jar:3.0.6.RELEASE]
	at org.springframework.test.context.TestContext.getApplicationContext(TestContext.java:304) ~[spring-test-3.0.6.RELEASE.jar:3.0.6.RELEASE]
	... 53 common frames omitted
Caused by: org.springframework.beans.factory.BeanCreationException: Could not autowire field: private com.rackspace.search.service.core.CoreTicketOngoingSyncJob com.rackspace.search.endpoint.AdminResource.coreTicketOngoingSyncJob; nested exception is org.springframework.beans.factory.BeanCreationException: Error creating bean with name &apos;coreTicketOngoingSyncJob&apos;: Invocation of init method failed; nested exception is org.elasticsearch.indices.IndexMissingException: [admin] missing
	at org.springframework.beans.factory.annotation.AutowiredAnnotationBeanPostProcessor$AutowiredFieldElement.inject(AutowiredAnnotationBeanPostProcessor.java:508) ~[spring-beans-3.0.6.RELEASE.jar:3.0.6.RELEASE]
	at org.springframework.beans.factory.annotation.InjectionMetadata.inject(InjectionMetadata.java:84) ~[spring-beans-3.0.6.RELEASE.jar:3.0.6.RELEASE]
	at org.springframework.beans.factory.annotation.AutowiredAnnotationBeanPostProcessor.postProcessPropertyValues(AutowiredAnnotationBeanPostProcessor.java:285) ~[spring-beans-3.0.6.RELEASE.jar:3.0.6.RELEASE]
	... 67 common frames omitted
Caused by: org.springframework.beans.factory.BeanCreationException: Error creating bean with name &apos;coreTicketOngoingSyncJob&apos;: Invocation of init method failed; nested exception is org.elasticsearch.indices.IndexMissingException: [admin] missing
	at org.springframework.beans.factory.annotation.InitDestroyAnnotationBeanPostProcessor.postProcessBeforeInitialization(InitDestroyAnnotationBeanPostProcessor.java:133) ~[spring-beans-3.0.6.RELEASE.jar:3.0.6.RELEASE]
	at org.springframework.beans.factory.support.AbstractAutowireCapableBeanFactory.applyBeanPostProcessorsBeforeInitialization(AbstractAutowireCapableBeanFactory.java:394) ~[spring-beans-3.0.6.RELEASE.jar:3.0.6.RELEASE]
	at org.springframework.beans.factory.support.AbstractAutowireCapableBeanFactory.initializeBean(AbstractAutowireCapableBeanFactory.java:1413) ~[spring-beans-3.0.6.RELEASE.jar:3.0.6.RELEASE]
	at org.springframework.beans.factory.support.AbstractAutowireCapableBeanFactory.doCreateBean(AbstractAutowireCapableBeanFactory.java:519) ~[spring-beans-3.0.6.RELEASE.jar:3.0.6.RELEASE]
	at org.springframework.beans.factory.support.AbstractAutowireCapableBeanFactory.createBean(AbstractAutowireCapableBeanFactory.java:456) ~[spring-beans-3.0.6.RELEASE.jar:3.0.6.RELEASE]
	at org.springframework.beans.factory.support.AbstractBeanFactory$1.getObject(AbstractBeanFactory.java:293) ~[spring-beans-3.0.6.RELEASE.jar:3.0.6.RELEASE]
	at org.springframework.beans.factory.support.DefaultSingletonBeanRegistry.getSingleton(DefaultSingletonBeanRegistry.java:222) ~[spring-beans-3.0.6.RELEASE.jar:3.0.6.RELEASE]
	at org.springframework.beans.factory.support.AbstractBeanFactory.doGetBean(AbstractBeanFactory.java:290) ~[spring-beans-3.0.6.RELEASE.jar:3.0.6.RELEASE]
	at org.springframework.beans.factory.support.AbstractBeanFactory.getBean(AbstractBeanFactory.java:192) ~[spring-beans-3.0.6.RELEASE.jar:3.0.6.RELEASE]
	at org.springframework.beans.factory.support.DefaultListableBeanFactory.findAutowireCandidates(DefaultListableBeanFactory.java:848) ~[spring-beans-3.0.6.RELEASE.jar:3.0.6.RELEASE]
	at org.springframework.beans.factory.support.DefaultListableBeanFactory.doResolveDependency(DefaultListableBeanFactory.java:790) ~[spring-beans-3.0.6.RELEASE.jar:3.0.6.RELEASE]
	at org.springframework.beans.factory.support.DefaultListableBeanFactory.resolveDependency(DefaultListableBeanFactory.java:707) ~[spring-beans-3.0.6.RELEASE.jar:3.0.6.RELEASE]
	at org.springframework.beans.factory.annotation.AutowiredAnnotationBeanPostProcessor$AutowiredFieldElement.inject(AutowiredAnnotationBeanPostProcessor.java:480) ~[spring-beans-3.0.6.RELEASE.jar:3.0.6.RELEASE]
	... 69 common frames omitted
Caused by: org.elasticsearch.indices.IndexMissingException: [admin] missing
	at org.elasticsearch.cluster.metadata.MetaData.concreteIndex(MetaData.java:211) ~[elasticsearch-0.16.2.jar:na]
	at org.elasticsearch.action.support.single.shard.TransportShardSingleOperationAction$AsyncSingleAction.&lt;init&gt;(TransportShardSingleOperationAction.java:107) ~[elasticsearch-0.16.2.jar:na]
	at org.elasticsearch.action.support.single.shard.TransportShardSingleOperationAction$AsyncSingleAction.&lt;init&gt;(TransportShardSingleOperationAction.java:88) ~[elasticsearch-0.16.2.jar:na]
	at org.elasticsearch.action.support.single.shard.TransportShardSingleOperationAction.doExecute(TransportShardSingleOperationAction.java:69) ~[elasticsearch-0.16.2.jar:na]
	at org.elasticsearch.action.support.single.shard.TransportShardSingleOperationAction.doExecute(TransportShardSingleOperationAction.java:45) ~[elasticsearch-0.16.2.jar:na]
	at org.elasticsearch.action.support.BaseAction.execute(BaseAction.java:61) ~[elasticsearch-0.16.2.jar:na]
	at org.elasticsearch.client.node.NodeClient.get(NodeClient.java:152) ~[elasticsearch-0.16.2.jar:na]
	at org.elasticsearch.client.action.get.GetRequestBuilder.doExecute(GetRequestBuilder.java:119) ~[elasticsearch-0.16.2.jar:na]
	at org.elasticsearch.client.action.support.BaseRequestBuilder.execute(BaseRequestBuilder.java:56) ~[elasticsearch-0.16.2.jar:na]
	at org.elasticsearch.client.action.support.BaseRequestBuilder.execute(BaseRequestBuilder.java:51) ~[elasticsearch-0.16.2.jar:na]
	at org.elasticsearch.client.action.RequestBuilder$execute.call(Unknown Source) ~[na:na]
	at org.codehaus.groovy.runtime.callsite.CallSiteArray.defaultCall(CallSiteArray.java:45) ~[groovy-all-2.1.1.jar:2.1.1]
	at org.codehaus.groovy.runtime.callsite.AbstractCallSite.call(AbstractCallSite.java:108) ~[groovy-all-2.1.1.jar:2.1.1]
	at org.codehaus.groovy.runtime.callsite.AbstractCallSite.call(AbstractCallSite.java:112) ~[groovy-all-2.1.1.jar:2.1.1]
	at com.rackspace.search.elasticsearch.client.ElasticSearchClient.getDocument(ElasticSearchClient.groovy:202) ~[classes/:na]
	at com.rackspace.search.elasticsearch.client.ElasticSearchClient$getDocument.call(Unknown Source) ~[na:na]
	at org.codehaus.groovy.runtime.callsite.CallSiteArray.defaultCall(CallSiteArray.java:45) ~[groovy-all-2.1.1.jar:2.1.1]
	at org.codehaus.groovy.runtime.callsite.AbstractCallSite.call(AbstractCallSite.java:108) ~[groovy-all-2.1.1.jar:2.1.1]
	at org.codehaus.groovy.runtime.callsite.AbstractCallSite.call(AbstractCallSite.java:124) ~[groovy-all-2.1.1.jar:2.1.1]
	at com.rackspace.search.service.JobService.getJob(JobService.groovy:38) ~[classes/:na]
	at com.rackspace.search.service.JobService$getJob.call(Unknown Source) ~[na:na]
	at org.codehaus.groovy.runtime.callsite.CallSiteArray.defaultCall(CallSiteArray.java:45) ~[groovy-all-2.1.1.jar:2.1.1]
	at org.codehaus.groovy.runtime.callsite.AbstractCallSite.call(AbstractCallSite.java:108) ~[groovy-all-2.1.1.jar:2.1.1]
	at org.codehaus.groovy.runtime.callsite.AbstractCallSite.call(AbstractCallSite.java:116) ~[groovy-all-2.1.1.jar:2.1.1]
	at com.rackspace.search.service.core.CoreTicketOngoingSyncJob.setupActivities(CoreTicketOnGoingSyncJob.groovy:54) ~[classes/:na]
	at sun.reflect.NativeMethodAccessorImpl.invoke0(Native Method) ~[na:1.6.0_38]
	at sun.reflect.NativeMethodAccessorImpl.invoke(NativeMethodAccessorImpl.java:39) ~[na:1.6.0_38]
	at sun.reflect.DelegatingMethodAccessorImpl.invoke(DelegatingMethodAccessorImpl.java:25) ~[na:1.6.0_38]
	at java.lang.reflect.Method.invoke(Method.java:597) ~[na:1.6.0_38]
	at org.springframework.beans.factory.annotation.InitDestroyAnnotationBeanPostProcessor$LifecycleElement.invoke(InitDestroyAnnotationBeanPostProcessor.java:340) ~[spring-beans-3.0.6.RELEASE.jar:3.0.6.RELEASE]
	at org.springframework.beans.factory.annotation.InitDestroyAnnotationBeanPostProcessor$LifecycleMetadata.invokeInitMethods(InitDestroyAnnotationBeanPostProcessor.java:293) ~[spring-beans-3.0.6.RELEASE.jar:3.0.6.RELEASE]
	at org.springframework.beans.factory.annotation.InitDestroyAnnotationBeanPostProcessor.postProcessBeforeInitialization(InitDestroyAnnotationBeanPostProcessor.java:130) ~[spring-beans-3.0.6.RELEASE.jar:3.0.6.RELEASE]
	... 81 common frames omitted
</stdout>
          <stderr>Apr 2, 2013 3:10:08 PM com.mchange.v2.log.MLog &lt;clinit&gt;
INFO: MLog clients using java 1.4+ standard logging.
Apr 2, 2013 3:10:08 PM com.mchange.v2.c3p0.C3P0Registry banner
INFO: Initializing c3p0-0.9.1.2 [built 21-May-2007 15:04:56; debug? true; trace: 10]
</stderr>
          <failedSince>1</failedSince>
        </case>
        <case>
          <duration>5.94</duration>
          <className>com.rackspace.search.service.JobServiceTest</className>
          <testName>should get scheduled job details</testName>
          <skipped>false</skipped>
          <errorStackTrace>java.lang.NullPointerException
	at com.rackspace.search.service.JobServiceTest.cleanup(JobServiceTest.groovy:32)
</errorStackTrace>
          <failedSince>1</failedSince>
        </case>
        <case>
          <duration>0.707</duration>
          <className>com.rackspace.search.service.JobServiceTest</className>
          <testName>should return null If job is not exist</testName>
          <skipped>false</skipped>
          <errorStackTrace>java.lang.IllegalStateException: Failed to load ApplicationContext
	at org.springframework.test.context.TestContext.getApplicationContext(TestContext.java:308)
	at org.springframework.test.context.support.DependencyInjectionTestExecutionListener.injectDependencies(DependencyInjectionTestExecutionListener.java:109)
	at org.springframework.test.context.support.DependencyInjectionTestExecutionListener.prepareTestInstance(DependencyInjectionTestExecutionListener.java:75)
	at org.springframework.test.context.TestContextManager.prepareTestInstance(TestContextManager.java:321)
	at org.spockframework.spring.SpringTestContextManager.prepareTestInstance(SpringTestContextManager.java:49)
	at org.spockframework.spring.SpringInterceptor.interceptSetupMethod(SpringInterceptor.java:42)
	at org.spockframework.runtime.extension.AbstractMethodInterceptor.intercept(AbstractMethodInterceptor.java:28)
	at org.spockframework.runtime.extension.MethodInvocation.proceed(MethodInvocation.java:84)
	at org.spockframework.util.ReflectionUtil.invokeMethod(ReflectionUtil.java:138)
	at org.spockframework.util.ReflectionUtil.invokeMethod(ReflectionUtil.java:138)
	at org.spockframework.util.ReflectionUtil.invokeMethod(ReflectionUtil.java:138)
	at org.apache.maven.surefire.junit4.JUnit4TestSet.execute(JUnit4TestSet.java:53)
	at org.apache.maven.surefire.junit4.JUnit4Provider.executeTestSet(JUnit4Provider.java:123)
	at org.apache.maven.surefire.junit4.JUnit4Provider.invoke(JUnit4Provider.java:104)
	at org.apache.maven.surefire.util.ReflectionUtils.invokeMethodWithArray(ReflectionUtils.java:164)
	at org.apache.maven.surefire.booter.ProviderFactory$ProviderProxy.invoke(ProviderFactory.java:110)
	at org.apache.maven.surefire.booter.SurefireStarter.invokeProvider(SurefireStarter.java:175)
	at org.apache.maven.surefire.booter.SurefireStarter.runSuitesInProcessWhenForked(SurefireStarter.java:107)
	at org.apache.maven.surefire.booter.ForkedBooter.main(ForkedBooter.java:68)
Caused by: org.springframework.beans.factory.BeanCreationException: Error creating bean with name &apos;adminResource&apos;: Injection of autowired dependencies failed; nested exception is org.springframework.beans.factory.BeanCreationException: Could not autowire field: private com.rackspace.search.service.core.CoreTicketOngoingSyncJob com.rackspace.search.endpoint.AdminResource.coreTicketOngoingSyncJob; nested exception is org.springframework.beans.factory.BeanCreationException: Error creating bean with name &apos;coreTicketOngoingSyncJob&apos;: Invocation of init method failed; nested exception is org.elasticsearch.indices.IndexMissingException: [admin] missing
	at org.springframework.beans.factory.annotation.AutowiredAnnotationBeanPostProcessor.postProcessPropertyValues(AutowiredAnnotationBeanPostProcessor.java:288)
	at org.springframework.beans.factory.support.AbstractAutowireCapableBeanFactory.populateBean(AbstractAutowireCapableBeanFactory.java:1074)
	at org.springframework.beans.factory.support.AbstractAutowireCapableBeanFactory.doCreateBean(AbstractAutowireCapableBeanFactory.java:517)
	at org.springframework.beans.factory.support.AbstractAutowireCapableBeanFactory.createBean(AbstractAutowireCapableBeanFactory.java:456)
	at org.springframework.beans.factory.support.AbstractBeanFactory$1.getObject(AbstractBeanFactory.java:293)
	at org.springframework.beans.factory.support.DefaultSingletonBeanRegistry.getSingleton(DefaultSingletonBeanRegistry.java:222)
	at org.springframework.beans.factory.support.AbstractBeanFactory.doGetBean(AbstractBeanFactory.java:290)
	at org.springframework.beans.factory.support.AbstractBeanFactory.getBean(AbstractBeanFactory.java:192)
	at org.springframework.beans.factory.support.DefaultListableBeanFactory.preInstantiateSingletons(DefaultListableBeanFactory.java:585)
	at org.springframework.context.support.AbstractApplicationContext.finishBeanFactoryInitialization(AbstractApplicationContext.java:895)
	at org.springframework.context.support.AbstractApplicationContext.refresh(AbstractApplicationContext.java:425)
	at org.springframework.test.context.support.AbstractGenericContextLoader.loadContext(AbstractGenericContextLoader.java:84)
	at org.springframework.test.context.support.AbstractGenericContextLoader.loadContext(AbstractGenericContextLoader.java:1)
	at org.springframework.test.context.TestContext.loadApplicationContext(TestContext.java:280)
	at org.springframework.test.context.TestContext.getApplicationContext(TestContext.java:304)
	... 18 more
Caused by: org.springframework.beans.factory.BeanCreationException: Could not autowire field: private com.rackspace.search.service.core.CoreTicketOngoingSyncJob com.rackspace.search.endpoint.AdminResource.coreTicketOngoingSyncJob; nested exception is org.springframework.beans.factory.BeanCreationException: Error creating bean with name &apos;coreTicketOngoingSyncJob&apos;: Invocation of init method failed; nested exception is org.elasticsearch.indices.IndexMissingException: [admin] missing
	at org.springframework.beans.factory.annotation.AutowiredAnnotationBeanPostProcessor$AutowiredFieldElement.inject(AutowiredAnnotationBeanPostProcessor.java:508)
	at org.springframework.beans.factory.annotation.InjectionMetadata.inject(InjectionMetadata.java:84)
	at org.springframework.beans.factory.annotation.AutowiredAnnotationBeanPostProcessor.postProcessPropertyValues(AutowiredAnnotationBeanPostProcessor.java:285)
	... 32 more
Caused by: org.springframework.beans.factory.BeanCreationException: Error creating bean with name &apos;coreTicketOngoingSyncJob&apos;: Invocation of init method failed; nested exception is org.elasticsearch.indices.IndexMissingException: [admin] missing
	at org.springframework.beans.factory.annotation.InitDestroyAnnotationBeanPostProcessor.postProcessBeforeInitialization(InitDestroyAnnotationBeanPostProcessor.java:133)
	at org.springframework.beans.factory.support.AbstractAutowireCapableBeanFactory.applyBeanPostProcessorsBeforeInitialization(AbstractAutowireCapableBeanFactory.java:394)
	at org.springframework.beans.factory.support.AbstractAutowireCapableBeanFactory.initializeBean(AbstractAutowireCapableBeanFactory.java:1413)
	at org.springframework.beans.factory.support.AbstractAutowireCapableBeanFactory.doCreateBean(AbstractAutowireCapableBeanFactory.java:519)
	at org.springframework.beans.factory.support.AbstractAutowireCapableBeanFactory.createBean(AbstractAutowireCapableBeanFactory.java:456)
	at org.springframework.beans.factory.support.AbstractBeanFactory$1.getObject(AbstractBeanFactory.java:293)
	at org.springframework.beans.factory.support.DefaultSingletonBeanRegistry.getSingleton(DefaultSingletonBeanRegistry.java:222)
	at org.springframework.beans.factory.support.AbstractBeanFactory.doGetBean(AbstractBeanFactory.java:290)
	at org.springframework.beans.factory.support.AbstractBeanFactory.getBean(AbstractBeanFactory.java:192)
	at org.springframework.beans.factory.support.DefaultListableBeanFactory.findAutowireCandidates(DefaultListableBeanFactory.java:848)
	at org.springframework.beans.factory.support.DefaultListableBeanFactory.doResolveDependency(DefaultListableBeanFactory.java:790)
	at org.springframework.beans.factory.support.DefaultListableBeanFactory.resolveDependency(DefaultListableBeanFactory.java:707)
	at org.springframework.beans.factory.annotation.AutowiredAnnotationBeanPostProcessor$AutowiredFieldElement.inject(AutowiredAnnotationBeanPostProcessor.java:480)
	... 34 more
Caused by: org.elasticsearch.indices.IndexMissingException: [admin] missing
	at org.elasticsearch.cluster.metadata.MetaData.concreteIndex(MetaData.java:211)
	at org.elasticsearch.action.support.single.shard.TransportShardSingleOperationAction$AsyncSingleAction.&lt;init&gt;(TransportShardSingleOperationAction.java:107)
	at org.elasticsearch.action.support.single.shard.TransportShardSingleOperationAction$AsyncSingleAction.&lt;init&gt;(TransportShardSingleOperationAction.java:88)
	at org.elasticsearch.action.support.single.shard.TransportShardSingleOperationAction.doExecute(TransportShardSingleOperationAction.java:69)
	at org.elasticsearch.action.support.single.shard.TransportShardSingleOperationAction.doExecute(TransportShardSingleOperationAction.java:45)
	at org.elasticsearch.action.support.BaseAction.execute(BaseAction.java:61)
	at org.elasticsearch.client.node.NodeClient.get(NodeClient.java:152)
	at org.elasticsearch.client.action.get.GetRequestBuilder.doExecute(GetRequestBuilder.java:119)
	at org.elasticsearch.client.action.support.BaseRequestBuilder.execute(BaseRequestBuilder.java:56)
	at org.elasticsearch.client.action.support.BaseRequestBuilder.execute(BaseRequestBuilder.java:51)
	at com.rackspace.search.elasticsearch.client.ElasticSearchClient.getDocument(ElasticSearchClient.groovy:202)
	at com.rackspace.search.service.JobService.getJob(JobService.groovy:38)
	at com.rackspace.search.service.core.CoreTicketOngoingSyncJob.setupActivities(CoreTicketOnGoingSyncJob.groovy:54)
	at org.springframework.beans.factory.annotation.InitDestroyAnnotationBeanPostProcessor$LifecycleElement.invoke(InitDestroyAnnotationBeanPostProcessor.java:340)
	at org.springframework.beans.factory.annotation.InitDestroyAnnotationBeanPostProcessor$LifecycleMetadata.invokeInitMethods(InitDestroyAnnotationBeanPostProcessor.java:293)
	at org.springframework.beans.factory.annotation.InitDestroyAnnotationBeanPostProcessor.postProcessBeforeInitialization(InitDestroyAnnotationBeanPostProcessor.java:130)
	... 46 more
</errorStackTrace>
          <errorDetails>Failed to load ApplicationContext</errorDetails>
          <stdout>15:10:08.876 [main] INFO  c.r.s.common.property.PropertyProvider - Loading properties file from file [/var/lib/jenkins/jobs/Samatha Fork/workspace/service/target/properties/local/search.properties]
15:10:08.876 [main] INFO  c.r.s.common.property.PropertyProvider - Loading properties file from file [/var/lib/jenkins/jobs/Samatha Fork/workspace/service/target/properties/local/search.secrets.properties]
15:10:08.877 [main] INFO  c.r.s.common.property.PropertyProvider - Loading properties file from file [/var/lib/jenkins/jobs/Samatha Fork/workspace/service/target/properties/local/elasticsearch.properties]
15:10:08.898 [main] INFO  c.r.s.elasticsearch.ElasticSearchServer - Starting the Elastic Search server node:
15:10:08.902 [main] INFO  org.elasticsearch.node - [ticket.node] {elasticsearch/0.16.2}[12468]: initializing ...
15:10:08.902 [main] INFO  org.elasticsearch.plugins - [ticket.node] loaded []
15:10:09.338 [main] INFO  org.elasticsearch.node - [ticket.node] {elasticsearch/0.16.2}[12468]: initialized
15:10:09.339 [main] INFO  c.r.s.elasticsearch.ElasticSearchServer - Starting the Elastic Search server node with these settings:
15:10:09.339 [main] INFO  c.r.s.elasticsearch.ElasticSearchServer - Elasticsearch Settings :  [node.local:true, index.analysis.analyzer.search_standard.filter:[lowercase], elastic.config.path:/var/lib/jenkins/jobs/Samatha Fork/workspace/service/target/properties/local/elasticsearch, path.data:/var/lib/jenkins/jobs/Samatha Fork/workspace/service/target/elasticsearch/data, ticket.core.dateformat:yyyy-MM-dd HH:mm:ss, cluster.name:ticket.cluster, index.analysis.analyzer.search_standard.type:standard, path.conf:/var/lib/jenkins/jobs/Samatha Fork/workspace/service/target/properties/local/elasticsearch, core.api.password:qwerty, ticket.ongoingsync.delay.seconds:2000, name:ticket.node, path.logs:/var/lib/jenkins/jobs/Samatha Fork/workspace/service/target/elasticsearch/logs, http.enabled:true, index.number_of_replicas:0, ticket.document.idName:number, core.api.endpoint:https://ws.staging.core.rackspace.com/ctkapi, ticket.document.type:ticket, ticket.index.name:ticket, admin.index.name:admin, indices.structure:/indices_structure.json, index.store.fs.memory.enabled:false, index.number_of_shards:5, admin.document.type:syncJob, ticket.core.date.timezone:CST, ticket.search.allowedRangeParams:created_at,updated_at,last_public_response_date, ticket.search.allowedTermParams:source_system,number,created_at,updated_at,last_public_response_date,status,queue,category,priority,assignee.name,account.number, core.api.username:rcameron, ticket.elastic.dateformat:yyyy-MM-dd&apos;T&apos;HH:mm:ss.SSSZZ, discovery.zen.ping.multicast.enabled:false, action.auto_create_index:1, path.home:/var/lib/jenkins/jobs/Samatha Fork/workspace/service, path.work:/var/lib/jenkins/jobs/Samatha Fork/workspace/service/work, path.work_with_cluster:/var/lib/jenkins/jobs/Samatha Fork/workspace/service/work/ticket.cluster, path.data_with_cluster:/var/lib/jenkins/jobs/Samatha Fork/workspace/service/target/elasticsearch/data/ticket.cluster]
15:10:09.340 [main] INFO  org.elasticsearch.node - [ticket.node] {elasticsearch/0.16.2}[12468]: starting ...
15:10:09.341 [main] INFO  org.elasticsearch.transport - [ticket.node] bound_address {local[2]}, publish_address {local[2]}
15:10:09.342 [elasticsearch[ticket.node]clusterService#updateTask-pool-25-thread-1] INFO  org.elasticsearch.cluster.service - [ticket.node] new_master [ticket.node][2][local[2]]{local=true}, reason: local-disco-initial_connect(master)
15:10:09.343 [main] INFO  org.elasticsearch.discovery - [ticket.node] ticket.cluster/2
15:10:09.386 [main] INFO  org.elasticsearch.http - [ticket.node] bound_address {inet[/0:0:0:0:0:0:0:0:9200]}, publish_address {inet[/10.14.208.252:9200]}
15:10:09.386 [main] INFO  org.elasticsearch.node - [ticket.node] {elasticsearch/0.16.2}[12468]: started
15:10:09.387 [main] INFO  c.r.s.elasticsearch.ElasticSearchServer - Elastic Search server is started.
15:10:09.388 [elasticsearch[ticket.node]clusterService#updateTask-pool-25-thread-1] INFO  org.elasticsearch.gateway - [ticket.node] recovered [0] indices into cluster_state
15:10:09.390 [main] INFO  c.r.s.elasticsearch.ElasticSearchServer - ES cluster status is GREEN
15:10:09.469 [main] INFO  org.elasticsearch.node - [ticket.node] {elasticsearch/0.16.2}[12468]: stopping ...
15:10:09.475 [main] INFO  org.elasticsearch.node - [ticket.node] {elasticsearch/0.16.2}[12468]: stopped
15:10:09.476 [main] INFO  org.elasticsearch.node - [ticket.node] {elasticsearch/0.16.2}[12468]: closing ...
15:10:09.488 [main] INFO  org.elasticsearch.node - [ticket.node] {elasticsearch/0.16.2}[12468]: closed
15:10:09.495 [main] ERROR o.s.test.context.TestContextManager - Caught exception while allowing TestExecutionListener [org.springframework.test.context.support.DependencyInjectionTestExecutionListener@1453ecec] to prepare test instance [com.rackspace.search.service.JobServiceTest@1b9b7dfa]
java.lang.IllegalStateException: Failed to load ApplicationContext
	at org.springframework.test.context.TestContext.getApplicationContext(TestContext.java:308) ~[spring-test-3.0.6.RELEASE.jar:3.0.6.RELEASE]
	at org.springframework.test.context.support.DependencyInjectionTestExecutionListener.injectDependencies(DependencyInjectionTestExecutionListener.java:109) ~[spring-test-3.0.6.RELEASE.jar:3.0.6.RELEASE]
	at org.springframework.test.context.support.DependencyInjectionTestExecutionListener.prepareTestInstance(DependencyInjectionTestExecutionListener.java:75) ~[spring-test-3.0.6.RELEASE.jar:3.0.6.RELEASE]
	at org.springframework.test.context.TestContextManager.prepareTestInstance(TestContextManager.java:321) ~[spring-test-3.0.6.RELEASE.jar:3.0.6.RELEASE]
	at org.spockframework.spring.SpringTestContextManager.prepareTestInstance(SpringTestContextManager.java:49) [spock-spring-0.7-groovy-2.0.jar:na]
	at org.spockframework.spring.SpringInterceptor.interceptSetupMethod(SpringInterceptor.java:42) [spock-spring-0.7-groovy-2.0.jar:na]
	at org.spockframework.runtime.extension.AbstractMethodInterceptor.intercept(AbstractMethodInterceptor.java:28) [spock-core-0.7-groovy-2.0.jar:na]
	at org.spockframework.runtime.extension.MethodInvocation.proceed(MethodInvocation.java:84) [spock-core-0.7-groovy-2.0.jar:na]
	at org.spockframework.runtime.BaseSpecRunner.invoke(BaseSpecRunner.java:319) [spock-core-0.7-groovy-2.0.jar:na]
	at org.spockframework.runtime.BaseSpecRunner.invokeSetup(BaseSpecRunner.java:279) [spock-core-0.7-groovy-2.0.jar:na]
	at org.spockframework.runtime.BaseSpecRunner.doRunIteration(BaseSpecRunner.java:255) [spock-core-0.7-groovy-2.0.jar:na]
	at sun.reflect.NativeMethodAccessorImpl.invoke0(Native Method) ~[na:1.6.0_38]
	at sun.reflect.NativeMethodAccessorImpl.invoke(NativeMethodAccessorImpl.java:39) ~[na:1.6.0_38]
	at sun.reflect.DelegatingMethodAccessorImpl.invoke(DelegatingMethodAccessorImpl.java:25) ~[na:1.6.0_38]
	at java.lang.reflect.Method.invoke(Method.java:597) ~[na:1.6.0_38]
	at org.spockframework.util.ReflectionUtil.invokeMethod(ReflectionUtil.java:138) [spock-core-0.7-groovy-2.0.jar:na]
	at org.spockframework.runtime.BaseSpecRunner.invokeRaw(BaseSpecRunner.java:330) [spock-core-0.7-groovy-2.0.jar:na]
	at org.spockframework.runtime.BaseSpecRunner.invoke(BaseSpecRunner.java:311) [spock-core-0.7-groovy-2.0.jar:na]
	at org.spockframework.runtime.BaseSpecRunner.runIteration(BaseSpecRunner.java:223) [spock-core-0.7-groovy-2.0.jar:na]
	at org.spockframework.runtime.BaseSpecRunner.initializeAndRunIteration(BaseSpecRunner.java:214) [spock-core-0.7-groovy-2.0.jar:na]
	at org.spockframework.runtime.BaseSpecRunner.runSimpleFeature(BaseSpecRunner.java:205) [spock-core-0.7-groovy-2.0.jar:na]
	at org.spockframework.runtime.BaseSpecRunner.doRunFeature(BaseSpecRunner.java:199) [spock-core-0.7-groovy-2.0.jar:na]
	at sun.reflect.NativeMethodAccessorImpl.invoke0(Native Method) ~[na:1.6.0_38]
	at sun.reflect.NativeMethodAccessorImpl.invoke(NativeMethodAccessorImpl.java:39) ~[na:1.6.0_38]
	at sun.reflect.DelegatingMethodAccessorImpl.invoke(DelegatingMethodAccessorImpl.java:25) ~[na:1.6.0_38]
	at java.lang.reflect.Method.invoke(Method.java:597) ~[na:1.6.0_38]
	at org.spockframework.util.ReflectionUtil.invokeMethod(ReflectionUtil.java:138) [spock-core-0.7-groovy-2.0.jar:na]
	at org.spockframework.runtime.BaseSpecRunner.invokeRaw(BaseSpecRunner.java:330) [spock-core-0.7-groovy-2.0.jar:na]
	at org.spockframework.runtime.BaseSpecRunner.invoke(BaseSpecRunner.java:311) [spock-core-0.7-groovy-2.0.jar:na]
	at org.spockframework.runtime.BaseSpecRunner.runFeature(BaseSpecRunner.java:175) [spock-core-0.7-groovy-2.0.jar:na]
	at org.spockframework.runtime.BaseSpecRunner.runFeatures(BaseSpecRunner.java:152) [spock-core-0.7-groovy-2.0.jar:na]
	at org.spockframework.runtime.BaseSpecRunner.doRunSpec(BaseSpecRunner.java:112) [spock-core-0.7-groovy-2.0.jar:na]
	at sun.reflect.NativeMethodAccessorImpl.invoke0(Native Method) ~[na:1.6.0_38]
	at sun.reflect.NativeMethodAccessorImpl.invoke(NativeMethodAccessorImpl.java:39) ~[na:1.6.0_38]
	at sun.reflect.DelegatingMethodAccessorImpl.invoke(DelegatingMethodAccessorImpl.java:25) ~[na:1.6.0_38]
	at java.lang.reflect.Method.invoke(Method.java:597) ~[na:1.6.0_38]
	at org.spockframework.util.ReflectionUtil.invokeMethod(ReflectionUtil.java:138) [spock-core-0.7-groovy-2.0.jar:na]
	at org.spockframework.runtime.BaseSpecRunner.invokeRaw(BaseSpecRunner.java:330) [spock-core-0.7-groovy-2.0.jar:na]
	at org.spockframework.runtime.BaseSpecRunner.invoke(BaseSpecRunner.java:311) [spock-core-0.7-groovy-2.0.jar:na]
	at org.spockframework.runtime.BaseSpecRunner.runSpec(BaseSpecRunner.java:91) [spock-core-0.7-groovy-2.0.jar:na]
	at org.spockframework.runtime.BaseSpecRunner.run(BaseSpecRunner.java:82) [spock-core-0.7-groovy-2.0.jar:na]
	at org.spockframework.runtime.Sputnik.run(Sputnik.java:63) [spock-core-0.7-groovy-2.0.jar:na]
	at org.apache.maven.surefire.junit4.JUnit4TestSet.execute(JUnit4TestSet.java:53) [surefire-junit4-2.10.jar:2.10]
	at org.apache.maven.surefire.junit4.JUnit4Provider.executeTestSet(JUnit4Provider.java:123) [surefire-junit4-2.10.jar:2.10]
	at org.apache.maven.surefire.junit4.JUnit4Provider.invoke(JUnit4Provider.java:104) [surefire-junit4-2.10.jar:2.10]
	at sun.reflect.NativeMethodAccessorImpl.invoke0(Native Method) ~[na:1.6.0_38]
	at sun.reflect.NativeMethodAccessorImpl.invoke(NativeMethodAccessorImpl.java:39) ~[na:1.6.0_38]
	at sun.reflect.DelegatingMethodAccessorImpl.invoke(DelegatingMethodAccessorImpl.java:25) ~[na:1.6.0_38]
	at java.lang.reflect.Method.invoke(Method.java:597) ~[na:1.6.0_38]
	at org.apache.maven.surefire.util.ReflectionUtils.invokeMethodWithArray(ReflectionUtils.java:164) [surefire-api-2.10.jar:2.10]
	at org.apache.maven.surefire.booter.ProviderFactory$ProviderProxy.invoke(ProviderFactory.java:110) [surefire-booter-2.10.jar:2.10]
	at org.apache.maven.surefire.booter.SurefireStarter.invokeProvider(SurefireStarter.java:175) [surefire-booter-2.10.jar:2.10]
	at org.apache.maven.surefire.booter.SurefireStarter.runSuitesInProcessWhenForked(SurefireStarter.java:107) [surefire-booter-2.10.jar:2.10]
	at org.apache.maven.surefire.booter.ForkedBooter.main(ForkedBooter.java:68) [surefire-booter-2.10.jar:2.10]
Caused by: org.springframework.beans.factory.BeanCreationException: Error creating bean with name &apos;adminResource&apos;: Injection of autowired dependencies failed; nested exception is org.springframework.beans.factory.BeanCreationException: Could not autowire field: private com.rackspace.search.service.core.CoreTicketOngoingSyncJob com.rackspace.search.endpoint.AdminResource.coreTicketOngoingSyncJob; nested exception is org.springframework.beans.factory.BeanCreationException: Error creating bean with name &apos;coreTicketOngoingSyncJob&apos;: Invocation of init method failed; nested exception is org.elasticsearch.indices.IndexMissingException: [admin] missing
	at org.springframework.beans.factory.annotation.AutowiredAnnotationBeanPostProcessor.postProcessPropertyValues(AutowiredAnnotationBeanPostProcessor.java:288) ~[spring-beans-3.0.6.RELEASE.jar:3.0.6.RELEASE]
	at org.springframework.beans.factory.support.AbstractAutowireCapableBeanFactory.populateBean(AbstractAutowireCapableBeanFactory.java:1074) ~[spring-beans-3.0.6.RELEASE.jar:3.0.6.RELEASE]
	at org.springframework.beans.factory.support.AbstractAutowireCapableBeanFactory.doCreateBean(AbstractAutowireCapableBeanFactory.java:517) ~[spring-beans-3.0.6.RELEASE.jar:3.0.6.RELEASE]
	at org.springframework.beans.factory.support.AbstractAutowireCapableBeanFactory.createBean(AbstractAutowireCapableBeanFactory.java:456) ~[spring-beans-3.0.6.RELEASE.jar:3.0.6.RELEASE]
	at org.springframework.beans.factory.support.AbstractBeanFactory$1.getObject(AbstractBeanFactory.java:293) ~[spring-beans-3.0.6.RELEASE.jar:3.0.6.RELEASE]
	at org.springframework.beans.factory.support.DefaultSingletonBeanRegistry.getSingleton(DefaultSingletonBeanRegistry.java:222) ~[spring-beans-3.0.6.RELEASE.jar:3.0.6.RELEASE]
	at org.springframework.beans.factory.support.AbstractBeanFactory.doGetBean(AbstractBeanFactory.java:290) ~[spring-beans-3.0.6.RELEASE.jar:3.0.6.RELEASE]
	at org.springframework.beans.factory.support.AbstractBeanFactory.getBean(AbstractBeanFactory.java:192) ~[spring-beans-3.0.6.RELEASE.jar:3.0.6.RELEASE]
	at org.springframework.beans.factory.support.DefaultListableBeanFactory.preInstantiateSingletons(DefaultListableBeanFactory.java:585) ~[spring-beans-3.0.6.RELEASE.jar:3.0.6.RELEASE]
	at org.springframework.context.support.AbstractApplicationContext.finishBeanFactoryInitialization(AbstractApplicationContext.java:895) ~[spring-context-3.0.6.RELEASE.jar:3.0.6.RELEASE]
	at org.springframework.context.support.AbstractApplicationContext.refresh(AbstractApplicationContext.java:425) ~[spring-context-3.0.6.RELEASE.jar:3.0.6.RELEASE]
	at org.springframework.test.context.support.AbstractGenericContextLoader.loadContext(AbstractGenericContextLoader.java:84) ~[spring-test-3.0.6.RELEASE.jar:3.0.6.RELEASE]
	at org.springframework.test.context.support.AbstractGenericContextLoader.loadContext(AbstractGenericContextLoader.java:1) ~[spring-test-3.0.6.RELEASE.jar:3.0.6.RELEASE]
	at org.springframework.test.context.TestContext.loadApplicationContext(TestContext.java:280) ~[spring-test-3.0.6.RELEASE.jar:3.0.6.RELEASE]
	at org.springframework.test.context.TestContext.getApplicationContext(TestContext.java:304) ~[spring-test-3.0.6.RELEASE.jar:3.0.6.RELEASE]
	... 53 common frames omitted
Caused by: org.springframework.beans.factory.BeanCreationException: Could not autowire field: private com.rackspace.search.service.core.CoreTicketOngoingSyncJob com.rackspace.search.endpoint.AdminResource.coreTicketOngoingSyncJob; nested exception is org.springframework.beans.factory.BeanCreationException: Error creating bean with name &apos;coreTicketOngoingSyncJob&apos;: Invocation of init method failed; nested exception is org.elasticsearch.indices.IndexMissingException: [admin] missing
	at org.springframework.beans.factory.annotation.AutowiredAnnotationBeanPostProcessor$AutowiredFieldElement.inject(AutowiredAnnotationBeanPostProcessor.java:508) ~[spring-beans-3.0.6.RELEASE.jar:3.0.6.RELEASE]
	at org.springframework.beans.factory.annotation.InjectionMetadata.inject(InjectionMetadata.java:84) ~[spring-beans-3.0.6.RELEASE.jar:3.0.6.RELEASE]
	at org.springframework.beans.factory.annotation.AutowiredAnnotationBeanPostProcessor.postProcessPropertyValues(AutowiredAnnotationBeanPostProcessor.java:285) ~[spring-beans-3.0.6.RELEASE.jar:3.0.6.RELEASE]
	... 67 common frames omitted
Caused by: org.springframework.beans.factory.BeanCreationException: Error creating bean with name &apos;coreTicketOngoingSyncJob&apos;: Invocation of init method failed; nested exception is org.elasticsearch.indices.IndexMissingException: [admin] missing
	at org.springframework.beans.factory.annotation.InitDestroyAnnotationBeanPostProcessor.postProcessBeforeInitialization(InitDestroyAnnotationBeanPostProcessor.java:133) ~[spring-beans-3.0.6.RELEASE.jar:3.0.6.RELEASE]
	at org.springframework.beans.factory.support.AbstractAutowireCapableBeanFactory.applyBeanPostProcessorsBeforeInitialization(AbstractAutowireCapableBeanFactory.java:394) ~[spring-beans-3.0.6.RELEASE.jar:3.0.6.RELEASE]
	at org.springframework.beans.factory.support.AbstractAutowireCapableBeanFactory.initializeBean(AbstractAutowireCapableBeanFactory.java:1413) ~[spring-beans-3.0.6.RELEASE.jar:3.0.6.RELEASE]
	at org.springframework.beans.factory.support.AbstractAutowireCapableBeanFactory.doCreateBean(AbstractAutowireCapableBeanFactory.java:519) ~[spring-beans-3.0.6.RELEASE.jar:3.0.6.RELEASE]
	at org.springframework.beans.factory.support.AbstractAutowireCapableBeanFactory.createBean(AbstractAutowireCapableBeanFactory.java:456) ~[spring-beans-3.0.6.RELEASE.jar:3.0.6.RELEASE]
	at org.springframework.beans.factory.support.AbstractBeanFactory$1.getObject(AbstractBeanFactory.java:293) ~[spring-beans-3.0.6.RELEASE.jar:3.0.6.RELEASE]
	at org.springframework.beans.factory.support.DefaultSingletonBeanRegistry.getSingleton(DefaultSingletonBeanRegistry.java:222) ~[spring-beans-3.0.6.RELEASE.jar:3.0.6.RELEASE]
	at org.springframework.beans.factory.support.AbstractBeanFactory.doGetBean(AbstractBeanFactory.java:290) ~[spring-beans-3.0.6.RELEASE.jar:3.0.6.RELEASE]
	at org.springframework.beans.factory.support.AbstractBeanFactory.getBean(AbstractBeanFactory.java:192) ~[spring-beans-3.0.6.RELEASE.jar:3.0.6.RELEASE]
	at org.springframework.beans.factory.support.DefaultListableBeanFactory.findAutowireCandidates(DefaultListableBeanFactory.java:848) ~[spring-beans-3.0.6.RELEASE.jar:3.0.6.RELEASE]
	at org.springframework.beans.factory.support.DefaultListableBeanFactory.doResolveDependency(DefaultListableBeanFactory.java:790) ~[spring-beans-3.0.6.RELEASE.jar:3.0.6.RELEASE]
	at org.springframework.beans.factory.support.DefaultListableBeanFactory.resolveDependency(DefaultListableBeanFactory.java:707) ~[spring-beans-3.0.6.RELEASE.jar:3.0.6.RELEASE]
	at org.springframework.beans.factory.annotation.AutowiredAnnotationBeanPostProcessor$AutowiredFieldElement.inject(AutowiredAnnotationBeanPostProcessor.java:480) ~[spring-beans-3.0.6.RELEASE.jar:3.0.6.RELEASE]
	... 69 common frames omitted
Caused by: org.elasticsearch.indices.IndexMissingException: [admin] missing
	at org.elasticsearch.cluster.metadata.MetaData.concreteIndex(MetaData.java:211) ~[elasticsearch-0.16.2.jar:na]
	at org.elasticsearch.action.support.single.shard.TransportShardSingleOperationAction$AsyncSingleAction.&lt;init&gt;(TransportShardSingleOperationAction.java:107) ~[elasticsearch-0.16.2.jar:na]
	at org.elasticsearch.action.support.single.shard.TransportShardSingleOperationAction$AsyncSingleAction.&lt;init&gt;(TransportShardSingleOperationAction.java:88) ~[elasticsearch-0.16.2.jar:na]
	at org.elasticsearch.action.support.single.shard.TransportShardSingleOperationAction.doExecute(TransportShardSingleOperationAction.java:69) ~[elasticsearch-0.16.2.jar:na]
	at org.elasticsearch.action.support.single.shard.TransportShardSingleOperationAction.doExecute(TransportShardSingleOperationAction.java:45) ~[elasticsearch-0.16.2.jar:na]
	at org.elasticsearch.action.support.BaseAction.execute(BaseAction.java:61) ~[elasticsearch-0.16.2.jar:na]
	at org.elasticsearch.client.node.NodeClient.get(NodeClient.java:152) ~[elasticsearch-0.16.2.jar:na]
	at org.elasticsearch.client.action.get.GetRequestBuilder.doExecute(GetRequestBuilder.java:119) ~[elasticsearch-0.16.2.jar:na]
	at org.elasticsearch.client.action.support.BaseRequestBuilder.execute(BaseRequestBuilder.java:56) ~[elasticsearch-0.16.2.jar:na]
	at org.elasticsearch.client.action.support.BaseRequestBuilder.execute(BaseRequestBuilder.java:51) ~[elasticsearch-0.16.2.jar:na]
	at org.elasticsearch.client.action.RequestBuilder$execute.call(Unknown Source) ~[na:na]
	at com.rackspace.search.elasticsearch.client.ElasticSearchClient.getDocument(ElasticSearchClient.groovy:202) ~[classes/:na]
	at com.rackspace.search.elasticsearch.client.ElasticSearchClient$getDocument.call(Unknown Source) ~[na:na]
	at com.rackspace.search.service.JobService.getJob(JobService.groovy:38) ~[classes/:na]
	at com.rackspace.search.service.JobService$getJob.call(Unknown Source) ~[na:na]
	at com.rackspace.search.service.core.CoreTicketOngoingSyncJob.setupActivities(CoreTicketOnGoingSyncJob.groovy:54) ~[classes/:na]
	at sun.reflect.NativeMethodAccessorImpl.invoke0(Native Method) ~[na:1.6.0_38]
	at sun.reflect.NativeMethodAccessorImpl.invoke(NativeMethodAccessorImpl.java:39) ~[na:1.6.0_38]
	at sun.reflect.DelegatingMethodAccessorImpl.invoke(DelegatingMethodAccessorImpl.java:25) ~[na:1.6.0_38]
	at java.lang.reflect.Method.invoke(Method.java:597) ~[na:1.6.0_38]
	at org.springframework.beans.factory.annotation.InitDestroyAnnotationBeanPostProcessor$LifecycleElement.invoke(InitDestroyAnnotationBeanPostProcessor.java:340) ~[spring-beans-3.0.6.RELEASE.jar:3.0.6.RELEASE]
	at org.springframework.beans.factory.annotation.InitDestroyAnnotationBeanPostProcessor$LifecycleMetadata.invokeInitMethods(InitDestroyAnnotationBeanPostProcessor.java:293) ~[spring-beans-3.0.6.RELEASE.jar:3.0.6.RELEASE]
	at org.springframework.beans.factory.annotation.InitDestroyAnnotationBeanPostProcessor.postProcessBeforeInitialization(InitDestroyAnnotationBeanPostProcessor.java:130) ~[spring-beans-3.0.6.RELEASE.jar:3.0.6.RELEASE]
	... 81 common frames omitted
</stdout>
          <failedSince>1</failedSince>
        </case>
        <case>
          <duration>0.708</duration>
          <className>com.rackspace.search.service.JobServiceTest</className>
          <testName>should return null If job is not exist</testName>
          <skipped>false</skipped>
          <errorStackTrace>java.lang.NullPointerException
	at com.rackspace.search.service.JobServiceTest.cleanup(JobServiceTest.groovy:32)
</errorStackTrace>
          <failedSince>1</failedSince>
        </case>
        <case>
          <duration>1.78</duration>
          <className>com.rackspace.search.service.JobServiceTest</className>
          <testName>get All jobs</testName>
          <skipped>false</skipped>
          <errorStackTrace>java.lang.IllegalStateException: Failed to load ApplicationContext
	at org.springframework.test.context.TestContext.getApplicationContext(TestContext.java:308)
	at org.springframework.test.context.support.DependencyInjectionTestExecutionListener.injectDependencies(DependencyInjectionTestExecutionListener.java:109)
	at org.springframework.test.context.support.DependencyInjectionTestExecutionListener.prepareTestInstance(DependencyInjectionTestExecutionListener.java:75)
	at org.springframework.test.context.TestContextManager.prepareTestInstance(TestContextManager.java:321)
	at org.spockframework.spring.SpringTestContextManager.prepareTestInstance(SpringTestContextManager.java:49)
	at org.spockframework.spring.SpringInterceptor.interceptSetupMethod(SpringInterceptor.java:42)
	at org.spockframework.runtime.extension.AbstractMethodInterceptor.intercept(AbstractMethodInterceptor.java:28)
	at org.spockframework.runtime.extension.MethodInvocation.proceed(MethodInvocation.java:84)
	at org.spockframework.util.ReflectionUtil.invokeMethod(ReflectionUtil.java:138)
	at org.spockframework.util.ReflectionUtil.invokeMethod(ReflectionUtil.java:138)
	at org.spockframework.util.ReflectionUtil.invokeMethod(ReflectionUtil.java:138)
	at org.apache.maven.surefire.junit4.JUnit4TestSet.execute(JUnit4TestSet.java:53)
	at org.apache.maven.surefire.junit4.JUnit4Provider.executeTestSet(JUnit4Provider.java:123)
	at org.apache.maven.surefire.junit4.JUnit4Provider.invoke(JUnit4Provider.java:104)
	at org.apache.maven.surefire.util.ReflectionUtils.invokeMethodWithArray(ReflectionUtils.java:164)
	at org.apache.maven.surefire.booter.ProviderFactory$ProviderProxy.invoke(ProviderFactory.java:110)
	at org.apache.maven.surefire.booter.SurefireStarter.invokeProvider(SurefireStarter.java:175)
	at org.apache.maven.surefire.booter.SurefireStarter.runSuitesInProcessWhenForked(SurefireStarter.java:107)
	at org.apache.maven.surefire.booter.ForkedBooter.main(ForkedBooter.java:68)
Caused by: org.springframework.beans.factory.BeanCreationException: Error creating bean with name &apos;adminResource&apos;: Injection of autowired dependencies failed; nested exception is org.springframework.beans.factory.BeanCreationException: Could not autowire field: private com.rackspace.search.service.core.CoreTicketOngoingSyncJob com.rackspace.search.endpoint.AdminResource.coreTicketOngoingSyncJob; nested exception is org.springframework.beans.factory.BeanCreationException: Error creating bean with name &apos;coreTicketOngoingSyncJob&apos;: Invocation of init method failed; nested exception is org.elasticsearch.indices.IndexMissingException: [admin] missing
	at org.springframework.beans.factory.annotation.AutowiredAnnotationBeanPostProcessor.postProcessPropertyValues(AutowiredAnnotationBeanPostProcessor.java:288)
	at org.springframework.beans.factory.support.AbstractAutowireCapableBeanFactory.populateBean(AbstractAutowireCapableBeanFactory.java:1074)
	at org.springframework.beans.factory.support.AbstractAutowireCapableBeanFactory.doCreateBean(AbstractAutowireCapableBeanFactory.java:517)
	at org.springframework.beans.factory.support.AbstractAutowireCapableBeanFactory.createBean(AbstractAutowireCapableBeanFactory.java:456)
	at org.springframework.beans.factory.support.AbstractBeanFactory$1.getObject(AbstractBeanFactory.java:293)
	at org.springframework.beans.factory.support.DefaultSingletonBeanRegistry.getSingleton(DefaultSingletonBeanRegistry.java:222)
	at org.springframework.beans.factory.support.AbstractBeanFactory.doGetBean(AbstractBeanFactory.java:290)
	at org.springframework.beans.factory.support.AbstractBeanFactory.getBean(AbstractBeanFactory.java:192)
	at org.springframework.beans.factory.support.DefaultListableBeanFactory.preInstantiateSingletons(DefaultListableBeanFactory.java:585)
	at org.springframework.context.support.AbstractApplicationContext.finishBeanFactoryInitialization(AbstractApplicationContext.java:895)
	at org.springframework.context.support.AbstractApplicationContext.refresh(AbstractApplicationContext.java:425)
	at org.springframework.test.context.support.AbstractGenericContextLoader.loadContext(AbstractGenericContextLoader.java:84)
	at org.springframework.test.context.support.AbstractGenericContextLoader.loadContext(AbstractGenericContextLoader.java:1)
	at org.springframework.test.context.TestContext.loadApplicationContext(TestContext.java:280)
	at org.springframework.test.context.TestContext.getApplicationContext(TestContext.java:304)
	... 18 more
Caused by: org.springframework.beans.factory.BeanCreationException: Could not autowire field: private com.rackspace.search.service.core.CoreTicketOngoingSyncJob com.rackspace.search.endpoint.AdminResource.coreTicketOngoingSyncJob; nested exception is org.springframework.beans.factory.BeanCreationException: Error creating bean with name &apos;coreTicketOngoingSyncJob&apos;: Invocation of init method failed; nested exception is org.elasticsearch.indices.IndexMissingException: [admin] missing
	at org.springframework.beans.factory.annotation.AutowiredAnnotationBeanPostProcessor$AutowiredFieldElement.inject(AutowiredAnnotationBeanPostProcessor.java:508)
	at org.springframework.beans.factory.annotation.InjectionMetadata.inject(InjectionMetadata.java:84)
	at org.springframework.beans.factory.annotation.AutowiredAnnotationBeanPostProcessor.postProcessPropertyValues(AutowiredAnnotationBeanPostProcessor.java:285)
	... 32 more
Caused by: org.springframework.beans.factory.BeanCreationException: Error creating bean with name &apos;coreTicketOngoingSyncJob&apos;: Invocation of init method failed; nested exception is org.elasticsearch.indices.IndexMissingException: [admin] missing
	at org.springframework.beans.factory.annotation.InitDestroyAnnotationBeanPostProcessor.postProcessBeforeInitialization(InitDestroyAnnotationBeanPostProcessor.java:133)
	at org.springframework.beans.factory.support.AbstractAutowireCapableBeanFactory.applyBeanPostProcessorsBeforeInitialization(AbstractAutowireCapableBeanFactory.java:394)
	at org.springframework.beans.factory.support.AbstractAutowireCapableBeanFactory.initializeBean(AbstractAutowireCapableBeanFactory.java:1413)
	at org.springframework.beans.factory.support.AbstractAutowireCapableBeanFactory.doCreateBean(AbstractAutowireCapableBeanFactory.java:519)
	at org.springframework.beans.factory.support.AbstractAutowireCapableBeanFactory.createBean(AbstractAutowireCapableBeanFactory.java:456)
	at org.springframework.beans.factory.support.AbstractBeanFactory$1.getObject(AbstractBeanFactory.java:293)
	at org.springframework.beans.factory.support.DefaultSingletonBeanRegistry.getSingleton(DefaultSingletonBeanRegistry.java:222)
	at org.springframework.beans.factory.support.AbstractBeanFactory.doGetBean(AbstractBeanFactory.java:290)
	at org.springframework.beans.factory.support.AbstractBeanFactory.getBean(AbstractBeanFactory.java:192)
	at org.springframework.beans.factory.support.DefaultListableBeanFactory.findAutowireCandidates(DefaultListableBeanFactory.java:848)
	at org.springframework.beans.factory.support.DefaultListableBeanFactory.doResolveDependency(DefaultListableBeanFactory.java:790)
	at org.springframework.beans.factory.support.DefaultListableBeanFactory.resolveDependency(DefaultListableBeanFactory.java:707)
	at org.springframework.beans.factory.annotation.AutowiredAnnotationBeanPostProcessor$AutowiredFieldElement.inject(AutowiredAnnotationBeanPostProcessor.java:480)
	... 34 more
Caused by: org.elasticsearch.indices.IndexMissingException: [admin] missing
	at org.elasticsearch.cluster.metadata.MetaData.concreteIndex(MetaData.java:211)
	at org.elasticsearch.action.support.single.shard.TransportShardSingleOperationAction$AsyncSingleAction.&lt;init&gt;(TransportShardSingleOperationAction.java:107)
	at org.elasticsearch.action.support.single.shard.TransportShardSingleOperationAction$AsyncSingleAction.&lt;init&gt;(TransportShardSingleOperationAction.java:88)
	at org.elasticsearch.action.support.single.shard.TransportShardSingleOperationAction.doExecute(TransportShardSingleOperationAction.java:69)
	at org.elasticsearch.action.support.single.shard.TransportShardSingleOperationAction.doExecute(TransportShardSingleOperationAction.java:45)
	at org.elasticsearch.action.support.BaseAction.execute(BaseAction.java:61)
	at org.elasticsearch.client.node.NodeClient.get(NodeClient.java:152)
	at org.elasticsearch.client.action.get.GetRequestBuilder.doExecute(GetRequestBuilder.java:119)
	at org.elasticsearch.client.action.support.BaseRequestBuilder.execute(BaseRequestBuilder.java:56)
	at org.elasticsearch.client.action.support.BaseRequestBuilder.execute(BaseRequestBuilder.java:51)
	at com.rackspace.search.elasticsearch.client.ElasticSearchClient.getDocument(ElasticSearchClient.groovy:202)
	at com.rackspace.search.service.JobService.getJob(JobService.groovy:38)
	at com.rackspace.search.service.core.CoreTicketOngoingSyncJob.setupActivities(CoreTicketOnGoingSyncJob.groovy:54)
	at org.springframework.beans.factory.annotation.InitDestroyAnnotationBeanPostProcessor$LifecycleElement.invoke(InitDestroyAnnotationBeanPostProcessor.java:340)
	at org.springframework.beans.factory.annotation.InitDestroyAnnotationBeanPostProcessor$LifecycleMetadata.invokeInitMethods(InitDestroyAnnotationBeanPostProcessor.java:293)
	at org.springframework.beans.factory.annotation.InitDestroyAnnotationBeanPostProcessor.postProcessBeforeInitialization(InitDestroyAnnotationBeanPostProcessor.java:130)
	... 46 more
</errorStackTrace>
          <errorDetails>Failed to load ApplicationContext</errorDetails>
          <stdout>15:10:09.839 [main] INFO  c.r.s.common.property.PropertyProvider - Loading properties file from file [/var/lib/jenkins/jobs/Samatha Fork/workspace/service/target/properties/local/search.properties]
15:10:09.839 [main] INFO  c.r.s.common.property.PropertyProvider - Loading properties file from file [/var/lib/jenkins/jobs/Samatha Fork/workspace/service/target/properties/local/search.secrets.properties]
15:10:09.839 [main] INFO  c.r.s.common.property.PropertyProvider - Loading properties file from file [/var/lib/jenkins/jobs/Samatha Fork/workspace/service/target/properties/local/elasticsearch.properties]
15:10:09.863 [main] INFO  c.r.s.elasticsearch.ElasticSearchServer - Starting the Elastic Search server node:
15:10:09.868 [main] INFO  org.elasticsearch.node - [ticket.node] {elasticsearch/0.16.2}[12468]: initializing ...
15:10:09.868 [main] INFO  org.elasticsearch.plugins - [ticket.node] loaded []
15:10:10.192 [main] INFO  org.elasticsearch.node - [ticket.node] {elasticsearch/0.16.2}[12468]: initialized
15:10:10.192 [main] INFO  c.r.s.elasticsearch.ElasticSearchServer - Starting the Elastic Search server node with these settings:
15:10:10.193 [main] INFO  c.r.s.elasticsearch.ElasticSearchServer - Elasticsearch Settings :  [node.local:true, index.analysis.analyzer.search_standard.filter:[lowercase], elastic.config.path:/var/lib/jenkins/jobs/Samatha Fork/workspace/service/target/properties/local/elasticsearch, path.data:/var/lib/jenkins/jobs/Samatha Fork/workspace/service/target/elasticsearch/data, ticket.core.dateformat:yyyy-MM-dd HH:mm:ss, cluster.name:ticket.cluster, index.analysis.analyzer.search_standard.type:standard, path.conf:/var/lib/jenkins/jobs/Samatha Fork/workspace/service/target/properties/local/elasticsearch, core.api.password:qwerty, ticket.ongoingsync.delay.seconds:2000, name:ticket.node, path.logs:/var/lib/jenkins/jobs/Samatha Fork/workspace/service/target/elasticsearch/logs, http.enabled:true, index.number_of_replicas:0, ticket.document.idName:number, core.api.endpoint:https://ws.staging.core.rackspace.com/ctkapi, ticket.document.type:ticket, ticket.index.name:ticket, admin.index.name:admin, indices.structure:/indices_structure.json, index.store.fs.memory.enabled:false, index.number_of_shards:5, admin.document.type:syncJob, ticket.core.date.timezone:CST, ticket.search.allowedRangeParams:created_at,updated_at,last_public_response_date, ticket.search.allowedTermParams:source_system,number,created_at,updated_at,last_public_response_date,status,queue,category,priority,assignee.name,account.number, core.api.username:rcameron, ticket.elastic.dateformat:yyyy-MM-dd&apos;T&apos;HH:mm:ss.SSSZZ, discovery.zen.ping.multicast.enabled:false, action.auto_create_index:1, path.home:/var/lib/jenkins/jobs/Samatha Fork/workspace/service, path.work:/var/lib/jenkins/jobs/Samatha Fork/workspace/service/work, path.work_with_cluster:/var/lib/jenkins/jobs/Samatha Fork/workspace/service/work/ticket.cluster, path.data_with_cluster:/var/lib/jenkins/jobs/Samatha Fork/workspace/service/target/elasticsearch/data/ticket.cluster]
15:10:10.193 [main] INFO  org.elasticsearch.node - [ticket.node] {elasticsearch/0.16.2}[12468]: starting ...
15:10:10.194 [main] INFO  org.elasticsearch.transport - [ticket.node] bound_address {local[3]}, publish_address {local[3]}
15:10:10.331 [elasticsearch[ticket.node]clusterService#updateTask-pool-39-thread-1] INFO  org.elasticsearch.cluster.service - [ticket.node] new_master [ticket.node][3][local[3]]{local=true}, reason: local-disco-initial_connect(master)
15:10:10.332 [main] INFO  org.elasticsearch.discovery - [ticket.node] ticket.cluster/3
15:10:10.336 [elasticsearch[ticket.node]clusterService#updateTask-pool-39-thread-1] INFO  org.elasticsearch.gateway - [ticket.node] recovered [0] indices into cluster_state
15:10:10.340 [main] INFO  org.elasticsearch.http - [ticket.node] bound_address {inet[/0:0:0:0:0:0:0:0:9200]}, publish_address {inet[/10.14.208.252:9200]}
15:10:10.341 [main] INFO  org.elasticsearch.node - [ticket.node] {elasticsearch/0.16.2}[12468]: started
15:10:10.341 [main] INFO  c.r.s.elasticsearch.ElasticSearchServer - Elastic Search server is started.
15:10:10.342 [main] INFO  c.r.s.elasticsearch.ElasticSearchServer - ES cluster status is GREEN
15:10:10.406 [main] INFO  org.elasticsearch.node - [ticket.node] {elasticsearch/0.16.2}[12468]: stopping ...
15:10:10.827 [main] INFO  org.elasticsearch.node - [ticket.node] {elasticsearch/0.16.2}[12468]: stopped
15:10:10.827 [main] INFO  org.elasticsearch.node - [ticket.node] {elasticsearch/0.16.2}[12468]: closing ...
15:10:10.841 [main] INFO  org.elasticsearch.node - [ticket.node] {elasticsearch/0.16.2}[12468]: closed
15:10:10.849 [main] ERROR o.s.test.context.TestContextManager - Caught exception while allowing TestExecutionListener [org.springframework.test.context.support.DependencyInjectionTestExecutionListener@1453ecec] to prepare test instance [com.rackspace.search.service.JobServiceTest@19ad0dd8]
java.lang.IllegalStateException: Failed to load ApplicationContext
	at org.springframework.test.context.TestContext.getApplicationContext(TestContext.java:308) ~[spring-test-3.0.6.RELEASE.jar:3.0.6.RELEASE]
	at org.springframework.test.context.support.DependencyInjectionTestExecutionListener.injectDependencies(DependencyInjectionTestExecutionListener.java:109) ~[spring-test-3.0.6.RELEASE.jar:3.0.6.RELEASE]
	at org.springframework.test.context.support.DependencyInjectionTestExecutionListener.prepareTestInstance(DependencyInjectionTestExecutionListener.java:75) ~[spring-test-3.0.6.RELEASE.jar:3.0.6.RELEASE]
	at org.springframework.test.context.TestContextManager.prepareTestInstance(TestContextManager.java:321) ~[spring-test-3.0.6.RELEASE.jar:3.0.6.RELEASE]
	at org.spockframework.spring.SpringTestContextManager.prepareTestInstance(SpringTestContextManager.java:49) [spock-spring-0.7-groovy-2.0.jar:na]
	at org.spockframework.spring.SpringInterceptor.interceptSetupMethod(SpringInterceptor.java:42) [spock-spring-0.7-groovy-2.0.jar:na]
	at org.spockframework.runtime.extension.AbstractMethodInterceptor.intercept(AbstractMethodInterceptor.java:28) [spock-core-0.7-groovy-2.0.jar:na]
	at org.spockframework.runtime.extension.MethodInvocation.proceed(MethodInvocation.java:84) [spock-core-0.7-groovy-2.0.jar:na]
	at org.spockframework.runtime.BaseSpecRunner.invoke(BaseSpecRunner.java:319) [spock-core-0.7-groovy-2.0.jar:na]
	at org.spockframework.runtime.BaseSpecRunner.invokeSetup(BaseSpecRunner.java:279) [spock-core-0.7-groovy-2.0.jar:na]
	at org.spockframework.runtime.BaseSpecRunner.doRunIteration(BaseSpecRunner.java:255) [spock-core-0.7-groovy-2.0.jar:na]
	at sun.reflect.GeneratedMethodAccessor11.invoke(Unknown Source) ~[na:na]
	at sun.reflect.DelegatingMethodAccessorImpl.invoke(DelegatingMethodAccessorImpl.java:25) ~[na:1.6.0_38]
	at java.lang.reflect.Method.invoke(Method.java:597) ~[na:1.6.0_38]
	at org.spockframework.util.ReflectionUtil.invokeMethod(ReflectionUtil.java:138) [spock-core-0.7-groovy-2.0.jar:na]
	at org.spockframework.runtime.BaseSpecRunner.invokeRaw(BaseSpecRunner.java:330) [spock-core-0.7-groovy-2.0.jar:na]
	at org.spockframework.runtime.BaseSpecRunner.invoke(BaseSpecRunner.java:311) [spock-core-0.7-groovy-2.0.jar:na]
	at org.spockframework.runtime.BaseSpecRunner.runIteration(BaseSpecRunner.java:223) [spock-core-0.7-groovy-2.0.jar:na]
	at org.spockframework.runtime.BaseSpecRunner.initializeAndRunIteration(BaseSpecRunner.java:214) [spock-core-0.7-groovy-2.0.jar:na]
	at org.spockframework.runtime.BaseSpecRunner.runSimpleFeature(BaseSpecRunner.java:205) [spock-core-0.7-groovy-2.0.jar:na]
	at org.spockframework.runtime.BaseSpecRunner.doRunFeature(BaseSpecRunner.java:199) [spock-core-0.7-groovy-2.0.jar:na]
	at sun.reflect.NativeMethodAccessorImpl.invoke0(Native Method) ~[na:1.6.0_38]
	at sun.reflect.NativeMethodAccessorImpl.invoke(NativeMethodAccessorImpl.java:39) ~[na:1.6.0_38]
	at sun.reflect.DelegatingMethodAccessorImpl.invoke(DelegatingMethodAccessorImpl.java:25) ~[na:1.6.0_38]
	at java.lang.reflect.Method.invoke(Method.java:597) ~[na:1.6.0_38]
	at org.spockframework.util.ReflectionUtil.invokeMethod(ReflectionUtil.java:138) [spock-core-0.7-groovy-2.0.jar:na]
	at org.spockframework.runtime.BaseSpecRunner.invokeRaw(BaseSpecRunner.java:330) [spock-core-0.7-groovy-2.0.jar:na]
	at org.spockframework.runtime.BaseSpecRunner.invoke(BaseSpecRunner.java:311) [spock-core-0.7-groovy-2.0.jar:na]
	at org.spockframework.runtime.BaseSpecRunner.runFeature(BaseSpecRunner.java:175) [spock-core-0.7-groovy-2.0.jar:na]
	at org.spockframework.runtime.BaseSpecRunner.runFeatures(BaseSpecRunner.java:152) [spock-core-0.7-groovy-2.0.jar:na]
	at org.spockframework.runtime.BaseSpecRunner.doRunSpec(BaseSpecRunner.java:112) [spock-core-0.7-groovy-2.0.jar:na]
	at sun.reflect.NativeMethodAccessorImpl.invoke0(Native Method) ~[na:1.6.0_38]
	at sun.reflect.NativeMethodAccessorImpl.invoke(NativeMethodAccessorImpl.java:39) ~[na:1.6.0_38]
	at sun.reflect.DelegatingMethodAccessorImpl.invoke(DelegatingMethodAccessorImpl.java:25) ~[na:1.6.0_38]
	at java.lang.reflect.Method.invoke(Method.java:597) ~[na:1.6.0_38]
	at org.spockframework.util.ReflectionUtil.invokeMethod(ReflectionUtil.java:138) [spock-core-0.7-groovy-2.0.jar:na]
	at org.spockframework.runtime.BaseSpecRunner.invokeRaw(BaseSpecRunner.java:330) [spock-core-0.7-groovy-2.0.jar:na]
	at org.spockframework.runtime.BaseSpecRunner.invoke(BaseSpecRunner.java:311) [spock-core-0.7-groovy-2.0.jar:na]
	at org.spockframework.runtime.BaseSpecRunner.runSpec(BaseSpecRunner.java:91) [spock-core-0.7-groovy-2.0.jar:na]
	at org.spockframework.runtime.BaseSpecRunner.run(BaseSpecRunner.java:82) [spock-core-0.7-groovy-2.0.jar:na]
	at org.spockframework.runtime.Sputnik.run(Sputnik.java:63) [spock-core-0.7-groovy-2.0.jar:na]
	at org.apache.maven.surefire.junit4.JUnit4TestSet.execute(JUnit4TestSet.java:53) [surefire-junit4-2.10.jar:2.10]
	at org.apache.maven.surefire.junit4.JUnit4Provider.executeTestSet(JUnit4Provider.java:123) [surefire-junit4-2.10.jar:2.10]
	at org.apache.maven.surefire.junit4.JUnit4Provider.invoke(JUnit4Provider.java:104) [surefire-junit4-2.10.jar:2.10]
	at sun.reflect.NativeMethodAccessorImpl.invoke0(Native Method) ~[na:1.6.0_38]
	at sun.reflect.NativeMethodAccessorImpl.invoke(NativeMethodAccessorImpl.java:39) ~[na:1.6.0_38]
	at sun.reflect.DelegatingMethodAccessorImpl.invoke(DelegatingMethodAccessorImpl.java:25) ~[na:1.6.0_38]
	at java.lang.reflect.Method.invoke(Method.java:597) ~[na:1.6.0_38]
	at org.apache.maven.surefire.util.ReflectionUtils.invokeMethodWithArray(ReflectionUtils.java:164) [surefire-api-2.10.jar:2.10]
	at org.apache.maven.surefire.booter.ProviderFactory$ProviderProxy.invoke(ProviderFactory.java:110) [surefire-booter-2.10.jar:2.10]
	at org.apache.maven.surefire.booter.SurefireStarter.invokeProvider(SurefireStarter.java:175) [surefire-booter-2.10.jar:2.10]
	at org.apache.maven.surefire.booter.SurefireStarter.runSuitesInProcessWhenForked(SurefireStarter.java:107) [surefire-booter-2.10.jar:2.10]
	at org.apache.maven.surefire.booter.ForkedBooter.main(ForkedBooter.java:68) [surefire-booter-2.10.jar:2.10]
Caused by: org.springframework.beans.factory.BeanCreationException: Error creating bean with name &apos;adminResource&apos;: Injection of autowired dependencies failed; nested exception is org.springframework.beans.factory.BeanCreationException: Could not autowire field: private com.rackspace.search.service.core.CoreTicketOngoingSyncJob com.rackspace.search.endpoint.AdminResource.coreTicketOngoingSyncJob; nested exception is org.springframework.beans.factory.BeanCreationException: Error creating bean with name &apos;coreTicketOngoingSyncJob&apos;: Invocation of init method failed; nested exception is org.elasticsearch.indices.IndexMissingException: [admin] missing
	at org.springframework.beans.factory.annotation.AutowiredAnnotationBeanPostProcessor.postProcessPropertyValues(AutowiredAnnotationBeanPostProcessor.java:288) ~[spring-beans-3.0.6.RELEASE.jar:3.0.6.RELEASE]
	at org.springframework.beans.factory.support.AbstractAutowireCapableBeanFactory.populateBean(AbstractAutowireCapableBeanFactory.java:1074) ~[spring-beans-3.0.6.RELEASE.jar:3.0.6.RELEASE]
	at org.springframework.beans.factory.support.AbstractAutowireCapableBeanFactory.doCreateBean(AbstractAutowireCapableBeanFactory.java:517) ~[spring-beans-3.0.6.RELEASE.jar:3.0.6.RELEASE]
	at org.springframework.beans.factory.support.AbstractAutowireCapableBeanFactory.createBean(AbstractAutowireCapableBeanFactory.java:456) ~[spring-beans-3.0.6.RELEASE.jar:3.0.6.RELEASE]
	at org.springframework.beans.factory.support.AbstractBeanFactory$1.getObject(AbstractBeanFactory.java:293) ~[spring-beans-3.0.6.RELEASE.jar:3.0.6.RELEASE]
	at org.springframework.beans.factory.support.DefaultSingletonBeanRegistry.getSingleton(DefaultSingletonBeanRegistry.java:222) ~[spring-beans-3.0.6.RELEASE.jar:3.0.6.RELEASE]
	at org.springframework.beans.factory.support.AbstractBeanFactory.doGetBean(AbstractBeanFactory.java:290) ~[spring-beans-3.0.6.RELEASE.jar:3.0.6.RELEASE]
	at org.springframework.beans.factory.support.AbstractBeanFactory.getBean(AbstractBeanFactory.java:192) ~[spring-beans-3.0.6.RELEASE.jar:3.0.6.RELEASE]
	at org.springframework.beans.factory.support.DefaultListableBeanFactory.preInstantiateSingletons(DefaultListableBeanFactory.java:585) ~[spring-beans-3.0.6.RELEASE.jar:3.0.6.RELEASE]
	at org.springframework.context.support.AbstractApplicationContext.finishBeanFactoryInitialization(AbstractApplicationContext.java:895) ~[spring-context-3.0.6.RELEASE.jar:3.0.6.RELEASE]
	at org.springframework.context.support.AbstractApplicationContext.refresh(AbstractApplicationContext.java:425) ~[spring-context-3.0.6.RELEASE.jar:3.0.6.RELEASE]
	at org.springframework.test.context.support.AbstractGenericContextLoader.loadContext(AbstractGenericContextLoader.java:84) ~[spring-test-3.0.6.RELEASE.jar:3.0.6.RELEASE]
	at org.springframework.test.context.support.AbstractGenericContextLoader.loadContext(AbstractGenericContextLoader.java:1) ~[spring-test-3.0.6.RELEASE.jar:3.0.6.RELEASE]
	at org.springframework.test.context.TestContext.loadApplicationContext(TestContext.java:280) ~[spring-test-3.0.6.RELEASE.jar:3.0.6.RELEASE]
	at org.springframework.test.context.TestContext.getApplicationContext(TestContext.java:304) ~[spring-test-3.0.6.RELEASE.jar:3.0.6.RELEASE]
	... 52 common frames omitted
Caused by: org.springframework.beans.factory.BeanCreationException: Could not autowire field: private com.rackspace.search.service.core.CoreTicketOngoingSyncJob com.rackspace.search.endpoint.AdminResource.coreTicketOngoingSyncJob; nested exception is org.springframework.beans.factory.BeanCreationException: Error creating bean with name &apos;coreTicketOngoingSyncJob&apos;: Invocation of init method failed; nested exception is org.elasticsearch.indices.IndexMissingException: [admin] missing
	at org.springframework.beans.factory.annotation.AutowiredAnnotationBeanPostProcessor$AutowiredFieldElement.inject(AutowiredAnnotationBeanPostProcessor.java:508) ~[spring-beans-3.0.6.RELEASE.jar:3.0.6.RELEASE]
	at org.springframework.beans.factory.annotation.InjectionMetadata.inject(InjectionMetadata.java:84) ~[spring-beans-3.0.6.RELEASE.jar:3.0.6.RELEASE]
	at org.springframework.beans.factory.annotation.AutowiredAnnotationBeanPostProcessor.postProcessPropertyValues(AutowiredAnnotationBeanPostProcessor.java:285) ~[spring-beans-3.0.6.RELEASE.jar:3.0.6.RELEASE]
	... 66 common frames omitted
Caused by: org.springframework.beans.factory.BeanCreationException: Error creating bean with name &apos;coreTicketOngoingSyncJob&apos;: Invocation of init method failed; nested exception is org.elasticsearch.indices.IndexMissingException: [admin] missing
	at org.springframework.beans.factory.annotation.InitDestroyAnnotationBeanPostProcessor.postProcessBeforeInitialization(InitDestroyAnnotationBeanPostProcessor.java:133) ~[spring-beans-3.0.6.RELEASE.jar:3.0.6.RELEASE]
	at org.springframework.beans.factory.support.AbstractAutowireCapableBeanFactory.applyBeanPostProcessorsBeforeInitialization(AbstractAutowireCapableBeanFactory.java:394) ~[spring-beans-3.0.6.RELEASE.jar:3.0.6.RELEASE]
	at org.springframework.beans.factory.support.AbstractAutowireCapableBeanFactory.initializeBean(AbstractAutowireCapableBeanFactory.java:1413) ~[spring-beans-3.0.6.RELEASE.jar:3.0.6.RELEASE]
	at org.springframework.beans.factory.support.AbstractAutowireCapableBeanFactory.doCreateBean(AbstractAutowireCapableBeanFactory.java:519) ~[spring-beans-3.0.6.RELEASE.jar:3.0.6.RELEASE]
	at org.springframework.beans.factory.support.AbstractAutowireCapableBeanFactory.createBean(AbstractAutowireCapableBeanFactory.java:456) ~[spring-beans-3.0.6.RELEASE.jar:3.0.6.RELEASE]
	at org.springframework.beans.factory.support.AbstractBeanFactory$1.getObject(AbstractBeanFactory.java:293) ~[spring-beans-3.0.6.RELEASE.jar:3.0.6.RELEASE]
	at org.springframework.beans.factory.support.DefaultSingletonBeanRegistry.getSingleton(DefaultSingletonBeanRegistry.java:222) ~[spring-beans-3.0.6.RELEASE.jar:3.0.6.RELEASE]
	at org.springframework.beans.factory.support.AbstractBeanFactory.doGetBean(AbstractBeanFactory.java:290) ~[spring-beans-3.0.6.RELEASE.jar:3.0.6.RELEASE]
	at org.springframework.beans.factory.support.AbstractBeanFactory.getBean(AbstractBeanFactory.java:192) ~[spring-beans-3.0.6.RELEASE.jar:3.0.6.RELEASE]
	at org.springframework.beans.factory.support.DefaultListableBeanFactory.findAutowireCandidates(DefaultListableBeanFactory.java:848) ~[spring-beans-3.0.6.RELEASE.jar:3.0.6.RELEASE]
	at org.springframework.beans.factory.support.DefaultListableBeanFactory.doResolveDependency(DefaultListableBeanFactory.java:790) ~[spring-beans-3.0.6.RELEASE.jar:3.0.6.RELEASE]
	at org.springframework.beans.factory.support.DefaultListableBeanFactory.resolveDependency(DefaultListableBeanFactory.java:707) ~[spring-beans-3.0.6.RELEASE.jar:3.0.6.RELEASE]
	at org.springframework.beans.factory.annotation.AutowiredAnnotationBeanPostProcessor$AutowiredFieldElement.inject(AutowiredAnnotationBeanPostProcessor.java:480) ~[spring-beans-3.0.6.RELEASE.jar:3.0.6.RELEASE]
	... 68 common frames omitted
Caused by: org.elasticsearch.indices.IndexMissingException: [admin] missing
	at org.elasticsearch.cluster.metadata.MetaData.concreteIndex(MetaData.java:211) ~[elasticsearch-0.16.2.jar:na]
	at org.elasticsearch.action.support.single.shard.TransportShardSingleOperationAction$AsyncSingleAction.&lt;init&gt;(TransportShardSingleOperationAction.java:107) ~[elasticsearch-0.16.2.jar:na]
	at org.elasticsearch.action.support.single.shard.TransportShardSingleOperationAction$AsyncSingleAction.&lt;init&gt;(TransportShardSingleOperationAction.java:88) ~[elasticsearch-0.16.2.jar:na]
	at org.elasticsearch.action.support.single.shard.TransportShardSingleOperationAction.doExecute(TransportShardSingleOperationAction.java:69) ~[elasticsearch-0.16.2.jar:na]
	at org.elasticsearch.action.support.single.shard.TransportShardSingleOperationAction.doExecute(TransportShardSingleOperationAction.java:45) ~[elasticsearch-0.16.2.jar:na]
	at org.elasticsearch.action.support.BaseAction.execute(BaseAction.java:61) ~[elasticsearch-0.16.2.jar:na]
	at org.elasticsearch.client.node.NodeClient.get(NodeClient.java:152) ~[elasticsearch-0.16.2.jar:na]
	at org.elasticsearch.client.action.get.GetRequestBuilder.doExecute(GetRequestBuilder.java:119) ~[elasticsearch-0.16.2.jar:na]
	at org.elasticsearch.client.action.support.BaseRequestBuilder.execute(BaseRequestBuilder.java:56) ~[elasticsearch-0.16.2.jar:na]
	at org.elasticsearch.client.action.support.BaseRequestBuilder.execute(BaseRequestBuilder.java:51) ~[elasticsearch-0.16.2.jar:na]
	at org.elasticsearch.client.action.RequestBuilder$execute.call(Unknown Source) ~[na:na]
	at com.rackspace.search.elasticsearch.client.ElasticSearchClient.getDocument(ElasticSearchClient.groovy:202) ~[classes/:na]
	at com.rackspace.search.elasticsearch.client.ElasticSearchClient$getDocument.call(Unknown Source) ~[na:na]
	at com.rackspace.search.service.JobService.getJob(JobService.groovy:38) ~[classes/:na]
	at com.rackspace.search.service.JobService$getJob.call(Unknown Source) ~[na:na]
	at com.rackspace.search.service.core.CoreTicketOngoingSyncJob.setupActivities(CoreTicketOnGoingSyncJob.groovy:54) ~[classes/:na]
	at sun.reflect.NativeMethodAccessorImpl.invoke0(Native Method) ~[na:1.6.0_38]
	at sun.reflect.NativeMethodAccessorImpl.invoke(NativeMethodAccessorImpl.java:39) ~[na:1.6.0_38]
	at sun.reflect.DelegatingMethodAccessorImpl.invoke(DelegatingMethodAccessorImpl.java:25) ~[na:1.6.0_38]
	at java.lang.reflect.Method.invoke(Method.java:597) ~[na:1.6.0_38]
	at org.springframework.beans.factory.annotation.InitDestroyAnnotationBeanPostProcessor$LifecycleElement.invoke(InitDestroyAnnotationBeanPostProcessor.java:340) ~[spring-beans-3.0.6.RELEASE.jar:3.0.6.RELEASE]
	at org.springframework.beans.factory.annotation.InitDestroyAnnotationBeanPostProcessor$LifecycleMetadata.invokeInitMethods(InitDestroyAnnotationBeanPostProcessor.java:293) ~[spring-beans-3.0.6.RELEASE.jar:3.0.6.RELEASE]
	at org.springframework.beans.factory.annotation.InitDestroyAnnotationBeanPostProcessor.postProcessBeforeInitialization(InitDestroyAnnotationBeanPostProcessor.java:130) ~[spring-beans-3.0.6.RELEASE.jar:3.0.6.RELEASE]
	... 80 common frames omitted
</stdout>
          <failedSince>1</failedSince>
        </case>
        <case>
          <duration>1.78</duration>
          <className>com.rackspace.search.service.JobServiceTest</className>
          <testName>get All jobs</testName>
          <skipped>false</skipped>
          <errorStackTrace>java.lang.NullPointerException
	at com.rackspace.search.service.JobServiceTest.cleanup(JobServiceTest.groovy:32)
</errorStackTrace>
          <failedSince>1</failedSince>
        </case>
      </cases>
    </suite>
    <suite>
      <file>/var/lib/jenkins/jobs/Samatha Fork/workspace/service/target/surefire-reports/TEST-com.rackspace.search.service.TicketSearchServiceTest.xml</file>
      <name>com.rackspace.search.service.TicketSearchServiceTest</name>
      <duration>2.289</duration>
      <cases>
        <case>
          <duration>0.19</duration>
          <className>com.rackspace.search.service.TicketSearchServiceTest</className>
          <testName>should get ticket</testName>
          <skipped>false</skipped>
          <errorStackTrace>java.lang.IllegalStateException: Failed to load ApplicationContext
	at org.springframework.test.context.TestContext.getApplicationContext(TestContext.java:308)
	at org.springframework.test.context.support.DependencyInjectionTestExecutionListener.injectDependencies(DependencyInjectionTestExecutionListener.java:109)
	at org.springframework.test.context.support.DependencyInjectionTestExecutionListener.prepareTestInstance(DependencyInjectionTestExecutionListener.java:75)
	at org.springframework.test.context.TestContextManager.prepareTestInstance(TestContextManager.java:321)
	at org.spockframework.spring.SpringTestContextManager.prepareTestInstance(SpringTestContextManager.java:49)
	at org.spockframework.spring.SpringInterceptor.interceptSetupMethod(SpringInterceptor.java:42)
	at org.spockframework.runtime.extension.AbstractMethodInterceptor.intercept(AbstractMethodInterceptor.java:28)
	at org.spockframework.runtime.extension.MethodInvocation.proceed(MethodInvocation.java:84)
	at org.spockframework.util.ReflectionUtil.invokeMethod(ReflectionUtil.java:138)
	at org.spockframework.util.ReflectionUtil.invokeMethod(ReflectionUtil.java:138)
	at org.spockframework.util.ReflectionUtil.invokeMethod(ReflectionUtil.java:138)
	at org.apache.maven.surefire.junit4.JUnit4TestSet.execute(JUnit4TestSet.java:53)
	at org.apache.maven.surefire.junit4.JUnit4Provider.executeTestSet(JUnit4Provider.java:123)
	at org.apache.maven.surefire.junit4.JUnit4Provider.invoke(JUnit4Provider.java:104)
	at org.apache.maven.surefire.util.ReflectionUtils.invokeMethodWithArray(ReflectionUtils.java:164)
	at org.apache.maven.surefire.booter.ProviderFactory$ProviderProxy.invoke(ProviderFactory.java:110)
	at org.apache.maven.surefire.booter.SurefireStarter.invokeProvider(SurefireStarter.java:175)
	at org.apache.maven.surefire.booter.SurefireStarter.runSuitesInProcessWhenForked(SurefireStarter.java:107)
	at org.apache.maven.surefire.booter.ForkedBooter.main(ForkedBooter.java:68)
Caused by: org.springframework.beans.factory.BeanCreationException: Error creating bean with name &apos;adminResource&apos;: Injection of autowired dependencies failed; nested exception is org.springframework.beans.factory.BeanCreationException: Could not autowire field: private com.rackspace.search.service.core.CoreTicketOngoingSyncJob com.rackspace.search.endpoint.AdminResource.coreTicketOngoingSyncJob; nested exception is org.springframework.beans.factory.BeanCreationException: Error creating bean with name &apos;coreTicketOngoingSyncJob&apos;: Invocation of init method failed; nested exception is org.elasticsearch.indices.IndexMissingException: [admin] missing
	at org.springframework.beans.factory.annotation.AutowiredAnnotationBeanPostProcessor.postProcessPropertyValues(AutowiredAnnotationBeanPostProcessor.java:288)
	at org.springframework.beans.factory.support.AbstractAutowireCapableBeanFactory.populateBean(AbstractAutowireCapableBeanFactory.java:1074)
	at org.springframework.beans.factory.support.AbstractAutowireCapableBeanFactory.doCreateBean(AbstractAutowireCapableBeanFactory.java:517)
	at org.springframework.beans.factory.support.AbstractAutowireCapableBeanFactory.createBean(AbstractAutowireCapableBeanFactory.java:456)
	at org.springframework.beans.factory.support.AbstractBeanFactory$1.getObject(AbstractBeanFactory.java:293)
	at org.springframework.beans.factory.support.DefaultSingletonBeanRegistry.getSingleton(DefaultSingletonBeanRegistry.java:222)
	at org.springframework.beans.factory.support.AbstractBeanFactory.doGetBean(AbstractBeanFactory.java:290)
	at org.springframework.beans.factory.support.AbstractBeanFactory.getBean(AbstractBeanFactory.java:192)
	at org.springframework.beans.factory.support.DefaultListableBeanFactory.preInstantiateSingletons(DefaultListableBeanFactory.java:585)
	at org.springframework.context.support.AbstractApplicationContext.finishBeanFactoryInitialization(AbstractApplicationContext.java:895)
	at org.springframework.context.support.AbstractApplicationContext.refresh(AbstractApplicationContext.java:425)
	at org.springframework.test.context.support.AbstractGenericContextLoader.loadContext(AbstractGenericContextLoader.java:84)
	at org.springframework.test.context.support.AbstractGenericContextLoader.loadContext(AbstractGenericContextLoader.java:1)
	at org.springframework.test.context.TestContext.loadApplicationContext(TestContext.java:280)
	at org.springframework.test.context.TestContext.getApplicationContext(TestContext.java:304)
	... 18 more
Caused by: org.springframework.beans.factory.BeanCreationException: Could not autowire field: private com.rackspace.search.service.core.CoreTicketOngoingSyncJob com.rackspace.search.endpoint.AdminResource.coreTicketOngoingSyncJob; nested exception is org.springframework.beans.factory.BeanCreationException: Error creating bean with name &apos;coreTicketOngoingSyncJob&apos;: Invocation of init method failed; nested exception is org.elasticsearch.indices.IndexMissingException: [admin] missing
	at org.springframework.beans.factory.annotation.AutowiredAnnotationBeanPostProcessor$AutowiredFieldElement.inject(AutowiredAnnotationBeanPostProcessor.java:508)
	at org.springframework.beans.factory.annotation.InjectionMetadata.inject(InjectionMetadata.java:84)
	at org.springframework.beans.factory.annotation.AutowiredAnnotationBeanPostProcessor.postProcessPropertyValues(AutowiredAnnotationBeanPostProcessor.java:285)
	... 32 more
Caused by: org.springframework.beans.factory.BeanCreationException: Error creating bean with name &apos;coreTicketOngoingSyncJob&apos;: Invocation of init method failed; nested exception is org.elasticsearch.indices.IndexMissingException: [admin] missing
	at org.springframework.beans.factory.annotation.InitDestroyAnnotationBeanPostProcessor.postProcessBeforeInitialization(InitDestroyAnnotationBeanPostProcessor.java:133)
	at org.springframework.beans.factory.support.AbstractAutowireCapableBeanFactory.applyBeanPostProcessorsBeforeInitialization(AbstractAutowireCapableBeanFactory.java:394)
	at org.springframework.beans.factory.support.AbstractAutowireCapableBeanFactory.initializeBean(AbstractAutowireCapableBeanFactory.java:1413)
	at org.springframework.beans.factory.support.AbstractAutowireCapableBeanFactory.doCreateBean(AbstractAutowireCapableBeanFactory.java:519)
	at org.springframework.beans.factory.support.AbstractAutowireCapableBeanFactory.createBean(AbstractAutowireCapableBeanFactory.java:456)
	at org.springframework.beans.factory.support.AbstractBeanFactory$1.getObject(AbstractBeanFactory.java:293)
	at org.springframework.beans.factory.support.DefaultSingletonBeanRegistry.getSingleton(DefaultSingletonBeanRegistry.java:222)
	at org.springframework.beans.factory.support.AbstractBeanFactory.doGetBean(AbstractBeanFactory.java:290)
	at org.springframework.beans.factory.support.AbstractBeanFactory.getBean(AbstractBeanFactory.java:192)
	at org.springframework.beans.factory.support.DefaultListableBeanFactory.findAutowireCandidates(DefaultListableBeanFactory.java:848)
	at org.springframework.beans.factory.support.DefaultListableBeanFactory.doResolveDependency(DefaultListableBeanFactory.java:790)
	at org.springframework.beans.factory.support.DefaultListableBeanFactory.resolveDependency(DefaultListableBeanFactory.java:707)
	at org.springframework.beans.factory.annotation.AutowiredAnnotationBeanPostProcessor$AutowiredFieldElement.inject(AutowiredAnnotationBeanPostProcessor.java:480)
	... 34 more
Caused by: org.elasticsearch.indices.IndexMissingException: [admin] missing
	at org.elasticsearch.cluster.metadata.MetaData.concreteIndex(MetaData.java:211)
	at org.elasticsearch.action.support.single.shard.TransportShardSingleOperationAction$AsyncSingleAction.&lt;init&gt;(TransportShardSingleOperationAction.java:107)
	at org.elasticsearch.action.support.single.shard.TransportShardSingleOperationAction$AsyncSingleAction.&lt;init&gt;(TransportShardSingleOperationAction.java:88)
	at org.elasticsearch.action.support.single.shard.TransportShardSingleOperationAction.doExecute(TransportShardSingleOperationAction.java:69)
	at org.elasticsearch.action.support.single.shard.TransportShardSingleOperationAction.doExecute(TransportShardSingleOperationAction.java:45)
	at org.elasticsearch.action.support.BaseAction.execute(BaseAction.java:61)
	at org.elasticsearch.client.node.NodeClient.get(NodeClient.java:152)
	at org.elasticsearch.client.action.get.GetRequestBuilder.doExecute(GetRequestBuilder.java:119)
	at org.elasticsearch.client.action.support.BaseRequestBuilder.execute(BaseRequestBuilder.java:56)
	at org.elasticsearch.client.action.support.BaseRequestBuilder.execute(BaseRequestBuilder.java:51)
	at com.rackspace.search.elasticsearch.client.ElasticSearchClient.getDocument(ElasticSearchClient.groovy:202)
	at com.rackspace.search.service.JobService.getJob(JobService.groovy:38)
	at com.rackspace.search.service.core.CoreTicketOngoingSyncJob.setupActivities(CoreTicketOnGoingSyncJob.groovy:54)
	at org.springframework.beans.factory.annotation.InitDestroyAnnotationBeanPostProcessor$LifecycleElement.invoke(InitDestroyAnnotationBeanPostProcessor.java:340)
	at org.springframework.beans.factory.annotation.InitDestroyAnnotationBeanPostProcessor$LifecycleMetadata.invokeInitMethods(InitDestroyAnnotationBeanPostProcessor.java:293)
	at org.springframework.beans.factory.annotation.InitDestroyAnnotationBeanPostProcessor.postProcessBeforeInitialization(InitDestroyAnnotationBeanPostProcessor.java:130)
	... 46 more
</errorStackTrace>
          <errorDetails>Failed to load ApplicationContext</errorDetails>
          <stdout>15:10:11.068 [main] INFO  c.r.s.common.property.PropertyProvider - Loading properties file from file [/var/lib/jenkins/jobs/Samatha Fork/workspace/service/target/properties/local/search.properties]
15:10:11.068 [main] INFO  c.r.s.common.property.PropertyProvider - Loading properties file from file [/var/lib/jenkins/jobs/Samatha Fork/workspace/service/target/properties/local/search.secrets.properties]
15:10:11.068 [main] INFO  c.r.s.common.property.PropertyProvider - Loading properties file from file [/var/lib/jenkins/jobs/Samatha Fork/workspace/service/target/properties/local/elasticsearch.properties]
15:10:11.085 [main] INFO  c.r.s.elasticsearch.ElasticSearchServer - Starting the Elastic Search server node:
15:10:11.088 [main] INFO  org.elasticsearch.node - [ticket.node] {elasticsearch/0.16.2}[12468]: initializing ...
15:10:11.089 [main] INFO  org.elasticsearch.plugins - [ticket.node] loaded []
15:10:11.338 [main] INFO  org.elasticsearch.node - [ticket.node] {elasticsearch/0.16.2}[12468]: initialized
15:10:11.339 [main] INFO  c.r.s.elasticsearch.ElasticSearchServer - Starting the Elastic Search server node with these settings:
15:10:11.339 [main] INFO  c.r.s.elasticsearch.ElasticSearchServer - Elasticsearch Settings :  [node.local:true, index.analysis.analyzer.search_standard.filter:[lowercase], elastic.config.path:/var/lib/jenkins/jobs/Samatha Fork/workspace/service/target/properties/local/elasticsearch, path.data:/var/lib/jenkins/jobs/Samatha Fork/workspace/service/target/elasticsearch/data, ticket.core.dateformat:yyyy-MM-dd HH:mm:ss, cluster.name:ticket.cluster, index.analysis.analyzer.search_standard.type:standard, path.conf:/var/lib/jenkins/jobs/Samatha Fork/workspace/service/target/properties/local/elasticsearch, core.api.password:qwerty, ticket.ongoingsync.delay.seconds:2000, name:ticket.node, path.logs:/var/lib/jenkins/jobs/Samatha Fork/workspace/service/target/elasticsearch/logs, http.enabled:true, index.number_of_replicas:0, ticket.document.idName:number, core.api.endpoint:https://ws.staging.core.rackspace.com/ctkapi, ticket.document.type:ticket, ticket.index.name:ticket, admin.index.name:admin, indices.structure:/indices_structure.json, index.store.fs.memory.enabled:false, index.number_of_shards:5, admin.document.type:syncJob, ticket.core.date.timezone:CST, ticket.search.allowedRangeParams:created_at,updated_at,last_public_response_date, ticket.search.allowedTermParams:source_system,number,created_at,updated_at,last_public_response_date,status,queue,category,priority,assignee.name,account.number, core.api.username:rcameron, ticket.elastic.dateformat:yyyy-MM-dd&apos;T&apos;HH:mm:ss.SSSZZ, discovery.zen.ping.multicast.enabled:false, action.auto_create_index:1, path.home:/var/lib/jenkins/jobs/Samatha Fork/workspace/service, path.work:/var/lib/jenkins/jobs/Samatha Fork/workspace/service/work, path.work_with_cluster:/var/lib/jenkins/jobs/Samatha Fork/workspace/service/work/ticket.cluster, path.data_with_cluster:/var/lib/jenkins/jobs/Samatha Fork/workspace/service/target/elasticsearch/data/ticket.cluster]
15:10:11.339 [main] INFO  org.elasticsearch.node - [ticket.node] {elasticsearch/0.16.2}[12468]: starting ...
15:10:11.340 [main] INFO  org.elasticsearch.transport - [ticket.node] bound_address {local[4]}, publish_address {local[4]}
15:10:11.372 [elasticsearch[ticket.node]clusterService#updateTask-pool-53-thread-1] INFO  org.elasticsearch.cluster.service - [ticket.node] new_master [ticket.node][4][local[4]]{local=true}, reason: local-disco-initial_connect(master)
15:10:11.375 [main] INFO  org.elasticsearch.discovery - [ticket.node] ticket.cluster/4
15:10:11.381 [main] INFO  org.elasticsearch.http - [ticket.node] bound_address {inet[/0:0:0:0:0:0:0:0:9200]}, publish_address {inet[/10.14.208.252:9200]}
15:10:11.381 [main] INFO  org.elasticsearch.node - [ticket.node] {elasticsearch/0.16.2}[12468]: started
15:10:11.382 [main] INFO  c.r.s.elasticsearch.ElasticSearchServer - Elastic Search server is started.
15:10:11.385 [elasticsearch[ticket.node]clusterService#updateTask-pool-53-thread-1] INFO  org.elasticsearch.gateway - [ticket.node] recovered [0] indices into cluster_state
15:10:11.387 [main] INFO  c.r.s.elasticsearch.ElasticSearchServer - ES cluster status is GREEN
15:10:11.446 [main] INFO  org.elasticsearch.node - [ticket.node] {elasticsearch/0.16.2}[12468]: stopping ...
15:10:11.454 [main] INFO  org.elasticsearch.node - [ticket.node] {elasticsearch/0.16.2}[12468]: stopped
15:10:11.455 [main] INFO  org.elasticsearch.node - [ticket.node] {elasticsearch/0.16.2}[12468]: closing ...
15:10:11.459 [main] INFO  org.elasticsearch.node - [ticket.node] {elasticsearch/0.16.2}[12468]: closed
15:10:11.467 [main] ERROR o.s.test.context.TestContextManager - Caught exception while allowing TestExecutionListener [org.springframework.test.context.support.DependencyInjectionTestExecutionListener@59cfb84c] to prepare test instance [com.rackspace.search.service.TicketSearchServiceTest@544cb3a4]
java.lang.IllegalStateException: Failed to load ApplicationContext
	at org.springframework.test.context.TestContext.getApplicationContext(TestContext.java:308) ~[spring-test-3.0.6.RELEASE.jar:3.0.6.RELEASE]
	at org.springframework.test.context.support.DependencyInjectionTestExecutionListener.injectDependencies(DependencyInjectionTestExecutionListener.java:109) ~[spring-test-3.0.6.RELEASE.jar:3.0.6.RELEASE]
	at org.springframework.test.context.support.DependencyInjectionTestExecutionListener.prepareTestInstance(DependencyInjectionTestExecutionListener.java:75) ~[spring-test-3.0.6.RELEASE.jar:3.0.6.RELEASE]
	at org.springframework.test.context.TestContextManager.prepareTestInstance(TestContextManager.java:321) ~[spring-test-3.0.6.RELEASE.jar:3.0.6.RELEASE]
	at org.spockframework.spring.SpringTestContextManager.prepareTestInstance(SpringTestContextManager.java:49) [spock-spring-0.7-groovy-2.0.jar:na]
	at org.spockframework.spring.SpringInterceptor.interceptSetupMethod(SpringInterceptor.java:42) [spock-spring-0.7-groovy-2.0.jar:na]
	at org.spockframework.runtime.extension.AbstractMethodInterceptor.intercept(AbstractMethodInterceptor.java:28) [spock-core-0.7-groovy-2.0.jar:na]
	at org.spockframework.runtime.extension.MethodInvocation.proceed(MethodInvocation.java:84) [spock-core-0.7-groovy-2.0.jar:na]
	at org.spockframework.runtime.BaseSpecRunner.invoke(BaseSpecRunner.java:319) [spock-core-0.7-groovy-2.0.jar:na]
	at org.spockframework.runtime.BaseSpecRunner.invokeSetup(BaseSpecRunner.java:279) [spock-core-0.7-groovy-2.0.jar:na]
	at org.spockframework.runtime.BaseSpecRunner.doRunIteration(BaseSpecRunner.java:255) [spock-core-0.7-groovy-2.0.jar:na]
	at sun.reflect.GeneratedMethodAccessor11.invoke(Unknown Source) ~[na:na]
	at sun.reflect.DelegatingMethodAccessorImpl.invoke(DelegatingMethodAccessorImpl.java:25) ~[na:1.6.0_38]
	at java.lang.reflect.Method.invoke(Method.java:597) ~[na:1.6.0_38]
	at org.spockframework.util.ReflectionUtil.invokeMethod(ReflectionUtil.java:138) [spock-core-0.7-groovy-2.0.jar:na]
	at org.spockframework.runtime.BaseSpecRunner.invokeRaw(BaseSpecRunner.java:330) [spock-core-0.7-groovy-2.0.jar:na]
	at org.spockframework.runtime.BaseSpecRunner.invoke(BaseSpecRunner.java:311) [spock-core-0.7-groovy-2.0.jar:na]
	at org.spockframework.runtime.BaseSpecRunner.runIteration(BaseSpecRunner.java:223) [spock-core-0.7-groovy-2.0.jar:na]
	at org.spockframework.runtime.BaseSpecRunner.initializeAndRunIteration(BaseSpecRunner.java:214) [spock-core-0.7-groovy-2.0.jar:na]
	at org.spockframework.runtime.BaseSpecRunner.runSimpleFeature(BaseSpecRunner.java:205) [spock-core-0.7-groovy-2.0.jar:na]
	at org.spockframework.runtime.BaseSpecRunner.doRunFeature(BaseSpecRunner.java:199) [spock-core-0.7-groovy-2.0.jar:na]
	at sun.reflect.GeneratedMethodAccessor12.invoke(Unknown Source) ~[na:na]
	at sun.reflect.DelegatingMethodAccessorImpl.invoke(DelegatingMethodAccessorImpl.java:25) ~[na:1.6.0_38]
	at java.lang.reflect.Method.invoke(Method.java:597) ~[na:1.6.0_38]
	at org.spockframework.util.ReflectionUtil.invokeMethod(ReflectionUtil.java:138) [spock-core-0.7-groovy-2.0.jar:na]
	at org.spockframework.runtime.BaseSpecRunner.invokeRaw(BaseSpecRunner.java:330) [spock-core-0.7-groovy-2.0.jar:na]
	at org.spockframework.runtime.BaseSpecRunner.invoke(BaseSpecRunner.java:311) [spock-core-0.7-groovy-2.0.jar:na]
	at org.spockframework.runtime.BaseSpecRunner.runFeature(BaseSpecRunner.java:175) [spock-core-0.7-groovy-2.0.jar:na]
	at org.spockframework.runtime.BaseSpecRunner.runFeatures(BaseSpecRunner.java:152) [spock-core-0.7-groovy-2.0.jar:na]
	at org.spockframework.runtime.BaseSpecRunner.doRunSpec(BaseSpecRunner.java:112) [spock-core-0.7-groovy-2.0.jar:na]
	at sun.reflect.NativeMethodAccessorImpl.invoke0(Native Method) ~[na:1.6.0_38]
	at sun.reflect.NativeMethodAccessorImpl.invoke(NativeMethodAccessorImpl.java:39) ~[na:1.6.0_38]
	at sun.reflect.DelegatingMethodAccessorImpl.invoke(DelegatingMethodAccessorImpl.java:25) ~[na:1.6.0_38]
	at java.lang.reflect.Method.invoke(Method.java:597) ~[na:1.6.0_38]
	at org.spockframework.util.ReflectionUtil.invokeMethod(ReflectionUtil.java:138) [spock-core-0.7-groovy-2.0.jar:na]
	at org.spockframework.runtime.BaseSpecRunner.invokeRaw(BaseSpecRunner.java:330) [spock-core-0.7-groovy-2.0.jar:na]
	at org.spockframework.runtime.BaseSpecRunner.invoke(BaseSpecRunner.java:311) [spock-core-0.7-groovy-2.0.jar:na]
	at org.spockframework.runtime.BaseSpecRunner.runSpec(BaseSpecRunner.java:91) [spock-core-0.7-groovy-2.0.jar:na]
	at org.spockframework.runtime.BaseSpecRunner.run(BaseSpecRunner.java:82) [spock-core-0.7-groovy-2.0.jar:na]
	at org.spockframework.runtime.Sputnik.run(Sputnik.java:63) [spock-core-0.7-groovy-2.0.jar:na]
	at org.apache.maven.surefire.junit4.JUnit4TestSet.execute(JUnit4TestSet.java:53) [surefire-junit4-2.10.jar:2.10]
	at org.apache.maven.surefire.junit4.JUnit4Provider.executeTestSet(JUnit4Provider.java:123) [surefire-junit4-2.10.jar:2.10]
	at org.apache.maven.surefire.junit4.JUnit4Provider.invoke(JUnit4Provider.java:104) [surefire-junit4-2.10.jar:2.10]
	at sun.reflect.NativeMethodAccessorImpl.invoke0(Native Method) ~[na:1.6.0_38]
	at sun.reflect.NativeMethodAccessorImpl.invoke(NativeMethodAccessorImpl.java:39) ~[na:1.6.0_38]
	at sun.reflect.DelegatingMethodAccessorImpl.invoke(DelegatingMethodAccessorImpl.java:25) ~[na:1.6.0_38]
	at java.lang.reflect.Method.invoke(Method.java:597) ~[na:1.6.0_38]
	at org.apache.maven.surefire.util.ReflectionUtils.invokeMethodWithArray(ReflectionUtils.java:164) [surefire-api-2.10.jar:2.10]
	at org.apache.maven.surefire.booter.ProviderFactory$ProviderProxy.invoke(ProviderFactory.java:110) [surefire-booter-2.10.jar:2.10]
	at org.apache.maven.surefire.booter.SurefireStarter.invokeProvider(SurefireStarter.java:175) [surefire-booter-2.10.jar:2.10]
	at org.apache.maven.surefire.booter.SurefireStarter.runSuitesInProcessWhenForked(SurefireStarter.java:107) [surefire-booter-2.10.jar:2.10]
	at org.apache.maven.surefire.booter.ForkedBooter.main(ForkedBooter.java:68) [surefire-booter-2.10.jar:2.10]
Caused by: org.springframework.beans.factory.BeanCreationException: Error creating bean with name &apos;adminResource&apos;: Injection of autowired dependencies failed; nested exception is org.springframework.beans.factory.BeanCreationException: Could not autowire field: private com.rackspace.search.service.core.CoreTicketOngoingSyncJob com.rackspace.search.endpoint.AdminResource.coreTicketOngoingSyncJob; nested exception is org.springframework.beans.factory.BeanCreationException: Error creating bean with name &apos;coreTicketOngoingSyncJob&apos;: Invocation of init method failed; nested exception is org.elasticsearch.indices.IndexMissingException: [admin] missing
	at org.springframework.beans.factory.annotation.AutowiredAnnotationBeanPostProcessor.postProcessPropertyValues(AutowiredAnnotationBeanPostProcessor.java:288) ~[spring-beans-3.0.6.RELEASE.jar:3.0.6.RELEASE]
	at org.springframework.beans.factory.support.AbstractAutowireCapableBeanFactory.populateBean(AbstractAutowireCapableBeanFactory.java:1074) ~[spring-beans-3.0.6.RELEASE.jar:3.0.6.RELEASE]
	at org.springframework.beans.factory.support.AbstractAutowireCapableBeanFactory.doCreateBean(AbstractAutowireCapableBeanFactory.java:517) ~[spring-beans-3.0.6.RELEASE.jar:3.0.6.RELEASE]
	at org.springframework.beans.factory.support.AbstractAutowireCapableBeanFactory.createBean(AbstractAutowireCapableBeanFactory.java:456) ~[spring-beans-3.0.6.RELEASE.jar:3.0.6.RELEASE]
	at org.springframework.beans.factory.support.AbstractBeanFactory$1.getObject(AbstractBeanFactory.java:293) ~[spring-beans-3.0.6.RELEASE.jar:3.0.6.RELEASE]
	at org.springframework.beans.factory.support.DefaultSingletonBeanRegistry.getSingleton(DefaultSingletonBeanRegistry.java:222) ~[spring-beans-3.0.6.RELEASE.jar:3.0.6.RELEASE]
	at org.springframework.beans.factory.support.AbstractBeanFactory.doGetBean(AbstractBeanFactory.java:290) ~[spring-beans-3.0.6.RELEASE.jar:3.0.6.RELEASE]
	at org.springframework.beans.factory.support.AbstractBeanFactory.getBean(AbstractBeanFactory.java:192) ~[spring-beans-3.0.6.RELEASE.jar:3.0.6.RELEASE]
	at org.springframework.beans.factory.support.DefaultListableBeanFactory.preInstantiateSingletons(DefaultListableBeanFactory.java:585) ~[spring-beans-3.0.6.RELEASE.jar:3.0.6.RELEASE]
	at org.springframework.context.support.AbstractApplicationContext.finishBeanFactoryInitialization(AbstractApplicationContext.java:895) ~[spring-context-3.0.6.RELEASE.jar:3.0.6.RELEASE]
	at org.springframework.context.support.AbstractApplicationContext.refresh(AbstractApplicationContext.java:425) ~[spring-context-3.0.6.RELEASE.jar:3.0.6.RELEASE]
	at org.springframework.test.context.support.AbstractGenericContextLoader.loadContext(AbstractGenericContextLoader.java:84) ~[spring-test-3.0.6.RELEASE.jar:3.0.6.RELEASE]
	at org.springframework.test.context.support.AbstractGenericContextLoader.loadContext(AbstractGenericContextLoader.java:1) ~[spring-test-3.0.6.RELEASE.jar:3.0.6.RELEASE]
	at org.springframework.test.context.TestContext.loadApplicationContext(TestContext.java:280) ~[spring-test-3.0.6.RELEASE.jar:3.0.6.RELEASE]
	at org.springframework.test.context.TestContext.getApplicationContext(TestContext.java:304) ~[spring-test-3.0.6.RELEASE.jar:3.0.6.RELEASE]
	... 51 common frames omitted
Caused by: org.springframework.beans.factory.BeanCreationException: Could not autowire field: private com.rackspace.search.service.core.CoreTicketOngoingSyncJob com.rackspace.search.endpoint.AdminResource.coreTicketOngoingSyncJob; nested exception is org.springframework.beans.factory.BeanCreationException: Error creating bean with name &apos;coreTicketOngoingSyncJob&apos;: Invocation of init method failed; nested exception is org.elasticsearch.indices.IndexMissingException: [admin] missing
	at org.springframework.beans.factory.annotation.AutowiredAnnotationBeanPostProcessor$AutowiredFieldElement.inject(AutowiredAnnotationBeanPostProcessor.java:508) ~[spring-beans-3.0.6.RELEASE.jar:3.0.6.RELEASE]
	at org.springframework.beans.factory.annotation.InjectionMetadata.inject(InjectionMetadata.java:84) ~[spring-beans-3.0.6.RELEASE.jar:3.0.6.RELEASE]
	at org.springframework.beans.factory.annotation.AutowiredAnnotationBeanPostProcessor.postProcessPropertyValues(AutowiredAnnotationBeanPostProcessor.java:285) ~[spring-beans-3.0.6.RELEASE.jar:3.0.6.RELEASE]
	... 65 common frames omitted
Caused by: org.springframework.beans.factory.BeanCreationException: Error creating bean with name &apos;coreTicketOngoingSyncJob&apos;: Invocation of init method failed; nested exception is org.elasticsearch.indices.IndexMissingException: [admin] missing
	at org.springframework.beans.factory.annotation.InitDestroyAnnotationBeanPostProcessor.postProcessBeforeInitialization(InitDestroyAnnotationBeanPostProcessor.java:133) ~[spring-beans-3.0.6.RELEASE.jar:3.0.6.RELEASE]
	at org.springframework.beans.factory.support.AbstractAutowireCapableBeanFactory.applyBeanPostProcessorsBeforeInitialization(AbstractAutowireCapableBeanFactory.java:394) ~[spring-beans-3.0.6.RELEASE.jar:3.0.6.RELEASE]
	at org.springframework.beans.factory.support.AbstractAutowireCapableBeanFactory.initializeBean(AbstractAutowireCapableBeanFactory.java:1413) ~[spring-beans-3.0.6.RELEASE.jar:3.0.6.RELEASE]
	at org.springframework.beans.factory.support.AbstractAutowireCapableBeanFactory.doCreateBean(AbstractAutowireCapableBeanFactory.java:519) ~[spring-beans-3.0.6.RELEASE.jar:3.0.6.RELEASE]
	at org.springframework.beans.factory.support.AbstractAutowireCapableBeanFactory.createBean(AbstractAutowireCapableBeanFactory.java:456) ~[spring-beans-3.0.6.RELEASE.jar:3.0.6.RELEASE]
	at org.springframework.beans.factory.support.AbstractBeanFactory$1.getObject(AbstractBeanFactory.java:293) ~[spring-beans-3.0.6.RELEASE.jar:3.0.6.RELEASE]
	at org.springframework.beans.factory.support.DefaultSingletonBeanRegistry.getSingleton(DefaultSingletonBeanRegistry.java:222) ~[spring-beans-3.0.6.RELEASE.jar:3.0.6.RELEASE]
	at org.springframework.beans.factory.support.AbstractBeanFactory.doGetBean(AbstractBeanFactory.java:290) ~[spring-beans-3.0.6.RELEASE.jar:3.0.6.RELEASE]
	at org.springframework.beans.factory.support.AbstractBeanFactory.getBean(AbstractBeanFactory.java:192) ~[spring-beans-3.0.6.RELEASE.jar:3.0.6.RELEASE]
	at org.springframework.beans.factory.support.DefaultListableBeanFactory.findAutowireCandidates(DefaultListableBeanFactory.java:848) ~[spring-beans-3.0.6.RELEASE.jar:3.0.6.RELEASE]
	at org.springframework.beans.factory.support.DefaultListableBeanFactory.doResolveDependency(DefaultListableBeanFactory.java:790) ~[spring-beans-3.0.6.RELEASE.jar:3.0.6.RELEASE]
	at org.springframework.beans.factory.support.DefaultListableBeanFactory.resolveDependency(DefaultListableBeanFactory.java:707) ~[spring-beans-3.0.6.RELEASE.jar:3.0.6.RELEASE]
	at org.springframework.beans.factory.annotation.AutowiredAnnotationBeanPostProcessor$AutowiredFieldElement.inject(AutowiredAnnotationBeanPostProcessor.java:480) ~[spring-beans-3.0.6.RELEASE.jar:3.0.6.RELEASE]
	... 67 common frames omitted
Caused by: org.elasticsearch.indices.IndexMissingException: [admin] missing
	at org.elasticsearch.cluster.metadata.MetaData.concreteIndex(MetaData.java:211) ~[elasticsearch-0.16.2.jar:na]
	at org.elasticsearch.action.support.single.shard.TransportShardSingleOperationAction$AsyncSingleAction.&lt;init&gt;(TransportShardSingleOperationAction.java:107) ~[elasticsearch-0.16.2.jar:na]
	at org.elasticsearch.action.support.single.shard.TransportShardSingleOperationAction$AsyncSingleAction.&lt;init&gt;(TransportShardSingleOperationAction.java:88) ~[elasticsearch-0.16.2.jar:na]
	at org.elasticsearch.action.support.single.shard.TransportShardSingleOperationAction.doExecute(TransportShardSingleOperationAction.java:69) ~[elasticsearch-0.16.2.jar:na]
	at org.elasticsearch.action.support.single.shard.TransportShardSingleOperationAction.doExecute(TransportShardSingleOperationAction.java:45) ~[elasticsearch-0.16.2.jar:na]
	at org.elasticsearch.action.support.BaseAction.execute(BaseAction.java:61) ~[elasticsearch-0.16.2.jar:na]
	at org.elasticsearch.client.node.NodeClient.get(NodeClient.java:152) ~[elasticsearch-0.16.2.jar:na]
	at org.elasticsearch.client.action.get.GetRequestBuilder.doExecute(GetRequestBuilder.java:119) ~[elasticsearch-0.16.2.jar:na]
	at org.elasticsearch.client.action.support.BaseRequestBuilder.execute(BaseRequestBuilder.java:56) ~[elasticsearch-0.16.2.jar:na]
	at org.elasticsearch.client.action.support.BaseRequestBuilder.execute(BaseRequestBuilder.java:51) ~[elasticsearch-0.16.2.jar:na]
	at org.elasticsearch.client.action.RequestBuilder$execute.call(Unknown Source) ~[na:na]
	at com.rackspace.search.elasticsearch.client.ElasticSearchClient.getDocument(ElasticSearchClient.groovy:202) ~[classes/:na]
	at com.rackspace.search.elasticsearch.client.ElasticSearchClient$getDocument.call(Unknown Source) ~[na:na]
	at com.rackspace.search.service.JobService.getJob(JobService.groovy:38) ~[classes/:na]
	at com.rackspace.search.service.JobService$getJob.call(Unknown Source) ~[na:na]
	at com.rackspace.search.service.core.CoreTicketOngoingSyncJob.setupActivities(CoreTicketOnGoingSyncJob.groovy:54) ~[classes/:na]
	at sun.reflect.NativeMethodAccessorImpl.invoke0(Native Method) ~[na:1.6.0_38]
	at sun.reflect.NativeMethodAccessorImpl.invoke(NativeMethodAccessorImpl.java:39) ~[na:1.6.0_38]
	at sun.reflect.DelegatingMethodAccessorImpl.invoke(DelegatingMethodAccessorImpl.java:25) ~[na:1.6.0_38]
	at java.lang.reflect.Method.invoke(Method.java:597) ~[na:1.6.0_38]
	at org.springframework.beans.factory.annotation.InitDestroyAnnotationBeanPostProcessor$LifecycleElement.invoke(InitDestroyAnnotationBeanPostProcessor.java:340) ~[spring-beans-3.0.6.RELEASE.jar:3.0.6.RELEASE]
	at org.springframework.beans.factory.annotation.InitDestroyAnnotationBeanPostProcessor$LifecycleMetadata.invokeInitMethods(InitDestroyAnnotationBeanPostProcessor.java:293) ~[spring-beans-3.0.6.RELEASE.jar:3.0.6.RELEASE]
	at org.springframework.beans.factory.annotation.InitDestroyAnnotationBeanPostProcessor.postProcessBeforeInitialization(InitDestroyAnnotationBeanPostProcessor.java:130) ~[spring-beans-3.0.6.RELEASE.jar:3.0.6.RELEASE]
	... 79 common frames omitted
</stdout>
          <failedSince>1</failedSince>
        </case>
        <case>
          <duration>0.191</duration>
          <className>com.rackspace.search.service.TicketSearchServiceTest</className>
          <testName>should get ticket</testName>
          <skipped>false</skipped>
          <errorStackTrace>java.lang.NullPointerException
	at com.rackspace.search.service.TicketSearchServiceTest.cleanup(TicketSearchServiceTest.groovy:30)
</errorStackTrace>
          <failedSince>1</failedSince>
        </case>
        <case>
          <duration>0.954</duration>
          <className>com.rackspace.search.service.TicketSearchServiceTest</className>
          <testName>should throw not found exception</testName>
          <skipped>false</skipped>
          <errorStackTrace>java.lang.IllegalStateException: Failed to load ApplicationContext
	at org.springframework.test.context.TestContext.getApplicationContext(TestContext.java:308)
	at org.springframework.test.context.support.DependencyInjectionTestExecutionListener.injectDependencies(DependencyInjectionTestExecutionListener.java:109)
	at org.springframework.test.context.support.DependencyInjectionTestExecutionListener.prepareTestInstance(DependencyInjectionTestExecutionListener.java:75)
	at org.springframework.test.context.TestContextManager.prepareTestInstance(TestContextManager.java:321)
	at org.spockframework.spring.SpringTestContextManager.prepareTestInstance(SpringTestContextManager.java:49)
	at org.spockframework.spring.SpringInterceptor.interceptSetupMethod(SpringInterceptor.java:42)
	at org.spockframework.runtime.extension.AbstractMethodInterceptor.intercept(AbstractMethodInterceptor.java:28)
	at org.spockframework.runtime.extension.MethodInvocation.proceed(MethodInvocation.java:84)
	at org.spockframework.util.ReflectionUtil.invokeMethod(ReflectionUtil.java:138)
	at org.spockframework.util.ReflectionUtil.invokeMethod(ReflectionUtil.java:138)
	at org.spockframework.util.ReflectionUtil.invokeMethod(ReflectionUtil.java:138)
	at org.apache.maven.surefire.junit4.JUnit4TestSet.execute(JUnit4TestSet.java:53)
	at org.apache.maven.surefire.junit4.JUnit4Provider.executeTestSet(JUnit4Provider.java:123)
	at org.apache.maven.surefire.junit4.JUnit4Provider.invoke(JUnit4Provider.java:104)
	at org.apache.maven.surefire.util.ReflectionUtils.invokeMethodWithArray(ReflectionUtils.java:164)
	at org.apache.maven.surefire.booter.ProviderFactory$ProviderProxy.invoke(ProviderFactory.java:110)
	at org.apache.maven.surefire.booter.SurefireStarter.invokeProvider(SurefireStarter.java:175)
	at org.apache.maven.surefire.booter.SurefireStarter.runSuitesInProcessWhenForked(SurefireStarter.java:107)
	at org.apache.maven.surefire.booter.ForkedBooter.main(ForkedBooter.java:68)
Caused by: org.springframework.beans.factory.BeanCreationException: Error creating bean with name &apos;adminResource&apos;: Injection of autowired dependencies failed; nested exception is org.springframework.beans.factory.BeanCreationException: Could not autowire field: private com.rackspace.search.service.core.CoreTicketOngoingSyncJob com.rackspace.search.endpoint.AdminResource.coreTicketOngoingSyncJob; nested exception is org.springframework.beans.factory.BeanCreationException: Error creating bean with name &apos;coreTicketOngoingSyncJob&apos;: Invocation of init method failed; nested exception is org.elasticsearch.indices.IndexMissingException: [admin] missing
	at org.springframework.beans.factory.annotation.AutowiredAnnotationBeanPostProcessor.postProcessPropertyValues(AutowiredAnnotationBeanPostProcessor.java:288)
	at org.springframework.beans.factory.support.AbstractAutowireCapableBeanFactory.populateBean(AbstractAutowireCapableBeanFactory.java:1074)
	at org.springframework.beans.factory.support.AbstractAutowireCapableBeanFactory.doCreateBean(AbstractAutowireCapableBeanFactory.java:517)
	at org.springframework.beans.factory.support.AbstractAutowireCapableBeanFactory.createBean(AbstractAutowireCapableBeanFactory.java:456)
	at org.springframework.beans.factory.support.AbstractBeanFactory$1.getObject(AbstractBeanFactory.java:293)
	at org.springframework.beans.factory.support.DefaultSingletonBeanRegistry.getSingleton(DefaultSingletonBeanRegistry.java:222)
	at org.springframework.beans.factory.support.AbstractBeanFactory.doGetBean(AbstractBeanFactory.java:290)
	at org.springframework.beans.factory.support.AbstractBeanFactory.getBean(AbstractBeanFactory.java:192)
	at org.springframework.beans.factory.support.DefaultListableBeanFactory.preInstantiateSingletons(DefaultListableBeanFactory.java:585)
	at org.springframework.context.support.AbstractApplicationContext.finishBeanFactoryInitialization(AbstractApplicationContext.java:895)
	at org.springframework.context.support.AbstractApplicationContext.refresh(AbstractApplicationContext.java:425)
	at org.springframework.test.context.support.AbstractGenericContextLoader.loadContext(AbstractGenericContextLoader.java:84)
	at org.springframework.test.context.support.AbstractGenericContextLoader.loadContext(AbstractGenericContextLoader.java:1)
	at org.springframework.test.context.TestContext.loadApplicationContext(TestContext.java:280)
	at org.springframework.test.context.TestContext.getApplicationContext(TestContext.java:304)
	... 18 more
Caused by: org.springframework.beans.factory.BeanCreationException: Could not autowire field: private com.rackspace.search.service.core.CoreTicketOngoingSyncJob com.rackspace.search.endpoint.AdminResource.coreTicketOngoingSyncJob; nested exception is org.springframework.beans.factory.BeanCreationException: Error creating bean with name &apos;coreTicketOngoingSyncJob&apos;: Invocation of init method failed; nested exception is org.elasticsearch.indices.IndexMissingException: [admin] missing
	at org.springframework.beans.factory.annotation.AutowiredAnnotationBeanPostProcessor$AutowiredFieldElement.inject(AutowiredAnnotationBeanPostProcessor.java:508)
	at org.springframework.beans.factory.annotation.InjectionMetadata.inject(InjectionMetadata.java:84)
	at org.springframework.beans.factory.annotation.AutowiredAnnotationBeanPostProcessor.postProcessPropertyValues(AutowiredAnnotationBeanPostProcessor.java:285)
	... 32 more
Caused by: org.springframework.beans.factory.BeanCreationException: Error creating bean with name &apos;coreTicketOngoingSyncJob&apos;: Invocation of init method failed; nested exception is org.elasticsearch.indices.IndexMissingException: [admin] missing
	at org.springframework.beans.factory.annotation.InitDestroyAnnotationBeanPostProcessor.postProcessBeforeInitialization(InitDestroyAnnotationBeanPostProcessor.java:133)
	at org.springframework.beans.factory.support.AbstractAutowireCapableBeanFactory.applyBeanPostProcessorsBeforeInitialization(AbstractAutowireCapableBeanFactory.java:394)
	at org.springframework.beans.factory.support.AbstractAutowireCapableBeanFactory.initializeBean(AbstractAutowireCapableBeanFactory.java:1413)
	at org.springframework.beans.factory.support.AbstractAutowireCapableBeanFactory.doCreateBean(AbstractAutowireCapableBeanFactory.java:519)
	at org.springframework.beans.factory.support.AbstractAutowireCapableBeanFactory.createBean(AbstractAutowireCapableBeanFactory.java:456)
	at org.springframework.beans.factory.support.AbstractBeanFactory$1.getObject(AbstractBeanFactory.java:293)
	at org.springframework.beans.factory.support.DefaultSingletonBeanRegistry.getSingleton(DefaultSingletonBeanRegistry.java:222)
	at org.springframework.beans.factory.support.AbstractBeanFactory.doGetBean(AbstractBeanFactory.java:290)
	at org.springframework.beans.factory.support.AbstractBeanFactory.getBean(AbstractBeanFactory.java:192)
	at org.springframework.beans.factory.support.DefaultListableBeanFactory.findAutowireCandidates(DefaultListableBeanFactory.java:848)
	at org.springframework.beans.factory.support.DefaultListableBeanFactory.doResolveDependency(DefaultListableBeanFactory.java:790)
	at org.springframework.beans.factory.support.DefaultListableBeanFactory.resolveDependency(DefaultListableBeanFactory.java:707)
	at org.springframework.beans.factory.annotation.AutowiredAnnotationBeanPostProcessor$AutowiredFieldElement.inject(AutowiredAnnotationBeanPostProcessor.java:480)
	... 34 more
Caused by: org.elasticsearch.indices.IndexMissingException: [admin] missing
	at org.elasticsearch.cluster.metadata.MetaData.concreteIndex(MetaData.java:211)
	at org.elasticsearch.action.support.single.shard.TransportShardSingleOperationAction$AsyncSingleAction.&lt;init&gt;(TransportShardSingleOperationAction.java:107)
	at org.elasticsearch.action.support.single.shard.TransportShardSingleOperationAction$AsyncSingleAction.&lt;init&gt;(TransportShardSingleOperationAction.java:88)
	at org.elasticsearch.action.support.single.shard.TransportShardSingleOperationAction.doExecute(TransportShardSingleOperationAction.java:69)
	at org.elasticsearch.action.support.single.shard.TransportShardSingleOperationAction.doExecute(TransportShardSingleOperationAction.java:45)
	at org.elasticsearch.action.support.BaseAction.execute(BaseAction.java:61)
	at org.elasticsearch.client.node.NodeClient.get(NodeClient.java:152)
	at org.elasticsearch.client.action.get.GetRequestBuilder.doExecute(GetRequestBuilder.java:119)
	at org.elasticsearch.client.action.support.BaseRequestBuilder.execute(BaseRequestBuilder.java:56)
	at org.elasticsearch.client.action.support.BaseRequestBuilder.execute(BaseRequestBuilder.java:51)
	at com.rackspace.search.elasticsearch.client.ElasticSearchClient.getDocument(ElasticSearchClient.groovy:202)
	at com.rackspace.search.service.JobService.getJob(JobService.groovy:38)
	at com.rackspace.search.service.core.CoreTicketOngoingSyncJob.setupActivities(CoreTicketOnGoingSyncJob.groovy:54)
	at org.springframework.beans.factory.annotation.InitDestroyAnnotationBeanPostProcessor$LifecycleElement.invoke(InitDestroyAnnotationBeanPostProcessor.java:340)
	at org.springframework.beans.factory.annotation.InitDestroyAnnotationBeanPostProcessor$LifecycleMetadata.invokeInitMethods(InitDestroyAnnotationBeanPostProcessor.java:293)
	at org.springframework.beans.factory.annotation.InitDestroyAnnotationBeanPostProcessor.postProcessBeforeInitialization(InitDestroyAnnotationBeanPostProcessor.java:130)
	... 46 more
</errorStackTrace>
          <errorDetails>Failed to load ApplicationContext</errorDetails>
          <stdout>15:10:11.790 [main] INFO  c.r.s.common.property.PropertyProvider - Loading properties file from file [/var/lib/jenkins/jobs/Samatha Fork/workspace/service/target/properties/local/search.properties]
15:10:11.790 [main] INFO  c.r.s.common.property.PropertyProvider - Loading properties file from file [/var/lib/jenkins/jobs/Samatha Fork/workspace/service/target/properties/local/search.secrets.properties]
15:10:11.791 [main] INFO  c.r.s.common.property.PropertyProvider - Loading properties file from file [/var/lib/jenkins/jobs/Samatha Fork/workspace/service/target/properties/local/elasticsearch.properties]
15:10:11.806 [main] INFO  c.r.s.elasticsearch.ElasticSearchServer - Starting the Elastic Search server node:
15:10:11.809 [main] INFO  org.elasticsearch.node - [ticket.node] {elasticsearch/0.16.2}[12468]: initializing ...
15:10:11.809 [main] INFO  org.elasticsearch.plugins - [ticket.node] loaded []
15:10:12.026 [main] INFO  org.elasticsearch.node - [ticket.node] {elasticsearch/0.16.2}[12468]: initialized
15:10:12.027 [main] INFO  c.r.s.elasticsearch.ElasticSearchServer - Starting the Elastic Search server node with these settings:
15:10:12.028 [main] INFO  c.r.s.elasticsearch.ElasticSearchServer - Elasticsearch Settings :  [node.local:true, index.analysis.analyzer.search_standard.filter:[lowercase], elastic.config.path:/var/lib/jenkins/jobs/Samatha Fork/workspace/service/target/properties/local/elasticsearch, path.data:/var/lib/jenkins/jobs/Samatha Fork/workspace/service/target/elasticsearch/data, ticket.core.dateformat:yyyy-MM-dd HH:mm:ss, cluster.name:ticket.cluster, index.analysis.analyzer.search_standard.type:standard, path.conf:/var/lib/jenkins/jobs/Samatha Fork/workspace/service/target/properties/local/elasticsearch, core.api.password:qwerty, ticket.ongoingsync.delay.seconds:2000, name:ticket.node, path.logs:/var/lib/jenkins/jobs/Samatha Fork/workspace/service/target/elasticsearch/logs, http.enabled:true, index.number_of_replicas:0, ticket.document.idName:number, core.api.endpoint:https://ws.staging.core.rackspace.com/ctkapi, ticket.document.type:ticket, ticket.index.name:ticket, admin.index.name:admin, indices.structure:/indices_structure.json, index.store.fs.memory.enabled:false, index.number_of_shards:5, admin.document.type:syncJob, ticket.core.date.timezone:CST, ticket.search.allowedRangeParams:created_at,updated_at,last_public_response_date, ticket.search.allowedTermParams:source_system,number,created_at,updated_at,last_public_response_date,status,queue,category,priority,assignee.name,account.number, core.api.username:rcameron, ticket.elastic.dateformat:yyyy-MM-dd&apos;T&apos;HH:mm:ss.SSSZZ, discovery.zen.ping.multicast.enabled:false, action.auto_create_index:1, path.home:/var/lib/jenkins/jobs/Samatha Fork/workspace/service, path.work:/var/lib/jenkins/jobs/Samatha Fork/workspace/service/work, path.work_with_cluster:/var/lib/jenkins/jobs/Samatha Fork/workspace/service/work/ticket.cluster, path.data_with_cluster:/var/lib/jenkins/jobs/Samatha Fork/workspace/service/target/elasticsearch/data/ticket.cluster]
15:10:12.029 [main] INFO  org.elasticsearch.node - [ticket.node] {elasticsearch/0.16.2}[12468]: starting ...
15:10:12.031 [main] INFO  org.elasticsearch.transport - [ticket.node] bound_address {local[5]}, publish_address {local[5]}
15:10:12.032 [elasticsearch[ticket.node]clusterService#updateTask-pool-67-thread-1] INFO  org.elasticsearch.cluster.service - [ticket.node] new_master [ticket.node][5][local[5]]{local=true}, reason: local-disco-initial_connect(master)
15:10:12.033 [main] INFO  org.elasticsearch.discovery - [ticket.node] ticket.cluster/5
15:10:12.037 [elasticsearch[ticket.node]clusterService#updateTask-pool-67-thread-1] INFO  org.elasticsearch.gateway - [ticket.node] recovered [0] indices into cluster_state
15:10:12.042 [main] INFO  org.elasticsearch.http - [ticket.node] bound_address {inet[/0:0:0:0:0:0:0:0:9200]}, publish_address {inet[/10.14.208.252:9200]}
15:10:12.043 [main] INFO  org.elasticsearch.node - [ticket.node] {elasticsearch/0.16.2}[12468]: started
15:10:12.044 [main] INFO  c.r.s.elasticsearch.ElasticSearchServer - Elastic Search server is started.
15:10:12.046 [main] INFO  c.r.s.elasticsearch.ElasticSearchServer - ES cluster status is GREEN
15:10:12.109 [main] INFO  org.elasticsearch.node - [ticket.node] {elasticsearch/0.16.2}[12468]: stopping ...
15:10:12.112 [main] INFO  org.elasticsearch.node - [ticket.node] {elasticsearch/0.16.2}[12468]: stopped
15:10:12.112 [main] INFO  org.elasticsearch.node - [ticket.node] {elasticsearch/0.16.2}[12468]: closing ...
15:10:12.116 [main] INFO  org.elasticsearch.node - [ticket.node] {elasticsearch/0.16.2}[12468]: closed
15:10:12.124 [main] ERROR o.s.test.context.TestContextManager - Caught exception while allowing TestExecutionListener [org.springframework.test.context.support.DependencyInjectionTestExecutionListener@59cfb84c] to prepare test instance [com.rackspace.search.service.TicketSearchServiceTest@532c734c]
java.lang.IllegalStateException: Failed to load ApplicationContext
	at org.springframework.test.context.TestContext.getApplicationContext(TestContext.java:308) ~[spring-test-3.0.6.RELEASE.jar:3.0.6.RELEASE]
	at org.springframework.test.context.support.DependencyInjectionTestExecutionListener.injectDependencies(DependencyInjectionTestExecutionListener.java:109) ~[spring-test-3.0.6.RELEASE.jar:3.0.6.RELEASE]
	at org.springframework.test.context.support.DependencyInjectionTestExecutionListener.prepareTestInstance(DependencyInjectionTestExecutionListener.java:75) ~[spring-test-3.0.6.RELEASE.jar:3.0.6.RELEASE]
	at org.springframework.test.context.TestContextManager.prepareTestInstance(TestContextManager.java:321) ~[spring-test-3.0.6.RELEASE.jar:3.0.6.RELEASE]
	at org.spockframework.spring.SpringTestContextManager.prepareTestInstance(SpringTestContextManager.java:49) [spock-spring-0.7-groovy-2.0.jar:na]
	at org.spockframework.spring.SpringInterceptor.interceptSetupMethod(SpringInterceptor.java:42) [spock-spring-0.7-groovy-2.0.jar:na]
	at org.spockframework.runtime.extension.AbstractMethodInterceptor.intercept(AbstractMethodInterceptor.java:28) [spock-core-0.7-groovy-2.0.jar:na]
	at org.spockframework.runtime.extension.MethodInvocation.proceed(MethodInvocation.java:84) [spock-core-0.7-groovy-2.0.jar:na]
	at org.spockframework.runtime.BaseSpecRunner.invoke(BaseSpecRunner.java:319) [spock-core-0.7-groovy-2.0.jar:na]
	at org.spockframework.runtime.BaseSpecRunner.invokeSetup(BaseSpecRunner.java:279) [spock-core-0.7-groovy-2.0.jar:na]
	at org.spockframework.runtime.BaseSpecRunner.doRunIteration(BaseSpecRunner.java:255) [spock-core-0.7-groovy-2.0.jar:na]
	at sun.reflect.GeneratedMethodAccessor11.invoke(Unknown Source) ~[na:na]
	at sun.reflect.DelegatingMethodAccessorImpl.invoke(DelegatingMethodAccessorImpl.java:25) ~[na:1.6.0_38]
	at java.lang.reflect.Method.invoke(Method.java:597) ~[na:1.6.0_38]
	at org.spockframework.util.ReflectionUtil.invokeMethod(ReflectionUtil.java:138) [spock-core-0.7-groovy-2.0.jar:na]
	at org.spockframework.runtime.BaseSpecRunner.invokeRaw(BaseSpecRunner.java:330) [spock-core-0.7-groovy-2.0.jar:na]
	at org.spockframework.runtime.BaseSpecRunner.invoke(BaseSpecRunner.java:311) [spock-core-0.7-groovy-2.0.jar:na]
	at org.spockframework.runtime.BaseSpecRunner.runIteration(BaseSpecRunner.java:223) [spock-core-0.7-groovy-2.0.jar:na]
	at org.spockframework.runtime.BaseSpecRunner.initializeAndRunIteration(BaseSpecRunner.java:214) [spock-core-0.7-groovy-2.0.jar:na]
	at org.spockframework.runtime.BaseSpecRunner.runSimpleFeature(BaseSpecRunner.java:205) [spock-core-0.7-groovy-2.0.jar:na]
	at org.spockframework.runtime.BaseSpecRunner.doRunFeature(BaseSpecRunner.java:199) [spock-core-0.7-groovy-2.0.jar:na]
	at sun.reflect.GeneratedMethodAccessor12.invoke(Unknown Source) ~[na:na]
	at sun.reflect.DelegatingMethodAccessorImpl.invoke(DelegatingMethodAccessorImpl.java:25) ~[na:1.6.0_38]
	at java.lang.reflect.Method.invoke(Method.java:597) ~[na:1.6.0_38]
	at org.spockframework.util.ReflectionUtil.invokeMethod(ReflectionUtil.java:138) [spock-core-0.7-groovy-2.0.jar:na]
	at org.spockframework.runtime.BaseSpecRunner.invokeRaw(BaseSpecRunner.java:330) [spock-core-0.7-groovy-2.0.jar:na]
	at org.spockframework.runtime.BaseSpecRunner.invoke(BaseSpecRunner.java:311) [spock-core-0.7-groovy-2.0.jar:na]
	at org.spockframework.runtime.BaseSpecRunner.runFeature(BaseSpecRunner.java:175) [spock-core-0.7-groovy-2.0.jar:na]
	at org.spockframework.runtime.BaseSpecRunner.runFeatures(BaseSpecRunner.java:152) [spock-core-0.7-groovy-2.0.jar:na]
	at org.spockframework.runtime.BaseSpecRunner.doRunSpec(BaseSpecRunner.java:112) [spock-core-0.7-groovy-2.0.jar:na]
	at sun.reflect.NativeMethodAccessorImpl.invoke0(Native Method) ~[na:1.6.0_38]
	at sun.reflect.NativeMethodAccessorImpl.invoke(NativeMethodAccessorImpl.java:39) ~[na:1.6.0_38]
	at sun.reflect.DelegatingMethodAccessorImpl.invoke(DelegatingMethodAccessorImpl.java:25) ~[na:1.6.0_38]
	at java.lang.reflect.Method.invoke(Method.java:597) ~[na:1.6.0_38]
	at org.spockframework.util.ReflectionUtil.invokeMethod(ReflectionUtil.java:138) [spock-core-0.7-groovy-2.0.jar:na]
	at org.spockframework.runtime.BaseSpecRunner.invokeRaw(BaseSpecRunner.java:330) [spock-core-0.7-groovy-2.0.jar:na]
	at org.spockframework.runtime.BaseSpecRunner.invoke(BaseSpecRunner.java:311) [spock-core-0.7-groovy-2.0.jar:na]
	at org.spockframework.runtime.BaseSpecRunner.runSpec(BaseSpecRunner.java:91) [spock-core-0.7-groovy-2.0.jar:na]
	at org.spockframework.runtime.BaseSpecRunner.run(BaseSpecRunner.java:82) [spock-core-0.7-groovy-2.0.jar:na]
	at org.spockframework.runtime.Sputnik.run(Sputnik.java:63) [spock-core-0.7-groovy-2.0.jar:na]
	at org.apache.maven.surefire.junit4.JUnit4TestSet.execute(JUnit4TestSet.java:53) [surefire-junit4-2.10.jar:2.10]
	at org.apache.maven.surefire.junit4.JUnit4Provider.executeTestSet(JUnit4Provider.java:123) [surefire-junit4-2.10.jar:2.10]
	at org.apache.maven.surefire.junit4.JUnit4Provider.invoke(JUnit4Provider.java:104) [surefire-junit4-2.10.jar:2.10]
	at sun.reflect.NativeMethodAccessorImpl.invoke0(Native Method) ~[na:1.6.0_38]
	at sun.reflect.NativeMethodAccessorImpl.invoke(NativeMethodAccessorImpl.java:39) ~[na:1.6.0_38]
	at sun.reflect.DelegatingMethodAccessorImpl.invoke(DelegatingMethodAccessorImpl.java:25) ~[na:1.6.0_38]
	at java.lang.reflect.Method.invoke(Method.java:597) ~[na:1.6.0_38]
	at org.apache.maven.surefire.util.ReflectionUtils.invokeMethodWithArray(ReflectionUtils.java:164) [surefire-api-2.10.jar:2.10]
	at org.apache.maven.surefire.booter.ProviderFactory$ProviderProxy.invoke(ProviderFactory.java:110) [surefire-booter-2.10.jar:2.10]
	at org.apache.maven.surefire.booter.SurefireStarter.invokeProvider(SurefireStarter.java:175) [surefire-booter-2.10.jar:2.10]
	at org.apache.maven.surefire.booter.SurefireStarter.runSuitesInProcessWhenForked(SurefireStarter.java:107) [surefire-booter-2.10.jar:2.10]
	at org.apache.maven.surefire.booter.ForkedBooter.main(ForkedBooter.java:68) [surefire-booter-2.10.jar:2.10]
Caused by: org.springframework.beans.factory.BeanCreationException: Error creating bean with name &apos;adminResource&apos;: Injection of autowired dependencies failed; nested exception is org.springframework.beans.factory.BeanCreationException: Could not autowire field: private com.rackspace.search.service.core.CoreTicketOngoingSyncJob com.rackspace.search.endpoint.AdminResource.coreTicketOngoingSyncJob; nested exception is org.springframework.beans.factory.BeanCreationException: Error creating bean with name &apos;coreTicketOngoingSyncJob&apos;: Invocation of init method failed; nested exception is org.elasticsearch.indices.IndexMissingException: [admin] missing
	at org.springframework.beans.factory.annotation.AutowiredAnnotationBeanPostProcessor.postProcessPropertyValues(AutowiredAnnotationBeanPostProcessor.java:288) ~[spring-beans-3.0.6.RELEASE.jar:3.0.6.RELEASE]
	at org.springframework.beans.factory.support.AbstractAutowireCapableBeanFactory.populateBean(AbstractAutowireCapableBeanFactory.java:1074) ~[spring-beans-3.0.6.RELEASE.jar:3.0.6.RELEASE]
	at org.springframework.beans.factory.support.AbstractAutowireCapableBeanFactory.doCreateBean(AbstractAutowireCapableBeanFactory.java:517) ~[spring-beans-3.0.6.RELEASE.jar:3.0.6.RELEASE]
	at org.springframework.beans.factory.support.AbstractAutowireCapableBeanFactory.createBean(AbstractAutowireCapableBeanFactory.java:456) ~[spring-beans-3.0.6.RELEASE.jar:3.0.6.RELEASE]
	at org.springframework.beans.factory.support.AbstractBeanFactory$1.getObject(AbstractBeanFactory.java:293) ~[spring-beans-3.0.6.RELEASE.jar:3.0.6.RELEASE]
	at org.springframework.beans.factory.support.DefaultSingletonBeanRegistry.getSingleton(DefaultSingletonBeanRegistry.java:222) ~[spring-beans-3.0.6.RELEASE.jar:3.0.6.RELEASE]
	at org.springframework.beans.factory.support.AbstractBeanFactory.doGetBean(AbstractBeanFactory.java:290) ~[spring-beans-3.0.6.RELEASE.jar:3.0.6.RELEASE]
	at org.springframework.beans.factory.support.AbstractBeanFactory.getBean(AbstractBeanFactory.java:192) ~[spring-beans-3.0.6.RELEASE.jar:3.0.6.RELEASE]
	at org.springframework.beans.factory.support.DefaultListableBeanFactory.preInstantiateSingletons(DefaultListableBeanFactory.java:585) ~[spring-beans-3.0.6.RELEASE.jar:3.0.6.RELEASE]
	at org.springframework.context.support.AbstractApplicationContext.finishBeanFactoryInitialization(AbstractApplicationContext.java:895) ~[spring-context-3.0.6.RELEASE.jar:3.0.6.RELEASE]
	at org.springframework.context.support.AbstractApplicationContext.refresh(AbstractApplicationContext.java:425) ~[spring-context-3.0.6.RELEASE.jar:3.0.6.RELEASE]
	at org.springframework.test.context.support.AbstractGenericContextLoader.loadContext(AbstractGenericContextLoader.java:84) ~[spring-test-3.0.6.RELEASE.jar:3.0.6.RELEASE]
	at org.springframework.test.context.support.AbstractGenericContextLoader.loadContext(AbstractGenericContextLoader.java:1) ~[spring-test-3.0.6.RELEASE.jar:3.0.6.RELEASE]
	at org.springframework.test.context.TestContext.loadApplicationContext(TestContext.java:280) ~[spring-test-3.0.6.RELEASE.jar:3.0.6.RELEASE]
	at org.springframework.test.context.TestContext.getApplicationContext(TestContext.java:304) ~[spring-test-3.0.6.RELEASE.jar:3.0.6.RELEASE]
	... 51 common frames omitted
Caused by: org.springframework.beans.factory.BeanCreationException: Could not autowire field: private com.rackspace.search.service.core.CoreTicketOngoingSyncJob com.rackspace.search.endpoint.AdminResource.coreTicketOngoingSyncJob; nested exception is org.springframework.beans.factory.BeanCreationException: Error creating bean with name &apos;coreTicketOngoingSyncJob&apos;: Invocation of init method failed; nested exception is org.elasticsearch.indices.IndexMissingException: [admin] missing
	at org.springframework.beans.factory.annotation.AutowiredAnnotationBeanPostProcessor$AutowiredFieldElement.inject(AutowiredAnnotationBeanPostProcessor.java:508) ~[spring-beans-3.0.6.RELEASE.jar:3.0.6.RELEASE]
	at org.springframework.beans.factory.annotation.InjectionMetadata.inject(InjectionMetadata.java:84) ~[spring-beans-3.0.6.RELEASE.jar:3.0.6.RELEASE]
	at org.springframework.beans.factory.annotation.AutowiredAnnotationBeanPostProcessor.postProcessPropertyValues(AutowiredAnnotationBeanPostProcessor.java:285) ~[spring-beans-3.0.6.RELEASE.jar:3.0.6.RELEASE]
	... 65 common frames omitted
Caused by: org.springframework.beans.factory.BeanCreationException: Error creating bean with name &apos;coreTicketOngoingSyncJob&apos;: Invocation of init method failed; nested exception is org.elasticsearch.indices.IndexMissingException: [admin] missing
	at org.springframework.beans.factory.annotation.InitDestroyAnnotationBeanPostProcessor.postProcessBeforeInitialization(InitDestroyAnnotationBeanPostProcessor.java:133) ~[spring-beans-3.0.6.RELEASE.jar:3.0.6.RELEASE]
	at org.springframework.beans.factory.support.AbstractAutowireCapableBeanFactory.applyBeanPostProcessorsBeforeInitialization(AbstractAutowireCapableBeanFactory.java:394) ~[spring-beans-3.0.6.RELEASE.jar:3.0.6.RELEASE]
	at org.springframework.beans.factory.support.AbstractAutowireCapableBeanFactory.initializeBean(AbstractAutowireCapableBeanFactory.java:1413) ~[spring-beans-3.0.6.RELEASE.jar:3.0.6.RELEASE]
	at org.springframework.beans.factory.support.AbstractAutowireCapableBeanFactory.doCreateBean(AbstractAutowireCapableBeanFactory.java:519) ~[spring-beans-3.0.6.RELEASE.jar:3.0.6.RELEASE]
	at org.springframework.beans.factory.support.AbstractAutowireCapableBeanFactory.createBean(AbstractAutowireCapableBeanFactory.java:456) ~[spring-beans-3.0.6.RELEASE.jar:3.0.6.RELEASE]
	at org.springframework.beans.factory.support.AbstractBeanFactory$1.getObject(AbstractBeanFactory.java:293) ~[spring-beans-3.0.6.RELEASE.jar:3.0.6.RELEASE]
	at org.springframework.beans.factory.support.DefaultSingletonBeanRegistry.getSingleton(DefaultSingletonBeanRegistry.java:222) ~[spring-beans-3.0.6.RELEASE.jar:3.0.6.RELEASE]
	at org.springframework.beans.factory.support.AbstractBeanFactory.doGetBean(AbstractBeanFactory.java:290) ~[spring-beans-3.0.6.RELEASE.jar:3.0.6.RELEASE]
	at org.springframework.beans.factory.support.AbstractBeanFactory.getBean(AbstractBeanFactory.java:192) ~[spring-beans-3.0.6.RELEASE.jar:3.0.6.RELEASE]
	at org.springframework.beans.factory.support.DefaultListableBeanFactory.findAutowireCandidates(DefaultListableBeanFactory.java:848) ~[spring-beans-3.0.6.RELEASE.jar:3.0.6.RELEASE]
	at org.springframework.beans.factory.support.DefaultListableBeanFactory.doResolveDependency(DefaultListableBeanFactory.java:790) ~[spring-beans-3.0.6.RELEASE.jar:3.0.6.RELEASE]
	at org.springframework.beans.factory.support.DefaultListableBeanFactory.resolveDependency(DefaultListableBeanFactory.java:707) ~[spring-beans-3.0.6.RELEASE.jar:3.0.6.RELEASE]
	at org.springframework.beans.factory.annotation.AutowiredAnnotationBeanPostProcessor$AutowiredFieldElement.inject(AutowiredAnnotationBeanPostProcessor.java:480) ~[spring-beans-3.0.6.RELEASE.jar:3.0.6.RELEASE]
	... 67 common frames omitted
Caused by: org.elasticsearch.indices.IndexMissingException: [admin] missing
	at org.elasticsearch.cluster.metadata.MetaData.concreteIndex(MetaData.java:211) ~[elasticsearch-0.16.2.jar:na]
	at org.elasticsearch.action.support.single.shard.TransportShardSingleOperationAction$AsyncSingleAction.&lt;init&gt;(TransportShardSingleOperationAction.java:107) ~[elasticsearch-0.16.2.jar:na]
	at org.elasticsearch.action.support.single.shard.TransportShardSingleOperationAction$AsyncSingleAction.&lt;init&gt;(TransportShardSingleOperationAction.java:88) ~[elasticsearch-0.16.2.jar:na]
	at org.elasticsearch.action.support.single.shard.TransportShardSingleOperationAction.doExecute(TransportShardSingleOperationAction.java:69) ~[elasticsearch-0.16.2.jar:na]
	at org.elasticsearch.action.support.single.shard.TransportShardSingleOperationAction.doExecute(TransportShardSingleOperationAction.java:45) ~[elasticsearch-0.16.2.jar:na]
	at org.elasticsearch.action.support.BaseAction.execute(BaseAction.java:61) ~[elasticsearch-0.16.2.jar:na]
	at org.elasticsearch.client.node.NodeClient.get(NodeClient.java:152) ~[elasticsearch-0.16.2.jar:na]
	at org.elasticsearch.client.action.get.GetRequestBuilder.doExecute(GetRequestBuilder.java:119) ~[elasticsearch-0.16.2.jar:na]
	at org.elasticsearch.client.action.support.BaseRequestBuilder.execute(BaseRequestBuilder.java:56) ~[elasticsearch-0.16.2.jar:na]
	at org.elasticsearch.client.action.support.BaseRequestBuilder.execute(BaseRequestBuilder.java:51) ~[elasticsearch-0.16.2.jar:na]
	at org.elasticsearch.client.action.RequestBuilder$execute.call(Unknown Source) ~[na:na]
	at com.rackspace.search.elasticsearch.client.ElasticSearchClient.getDocument(ElasticSearchClient.groovy:202) ~[classes/:na]
	at com.rackspace.search.elasticsearch.client.ElasticSearchClient$getDocument.call(Unknown Source) ~[na:na]
	at com.rackspace.search.service.JobService.getJob(JobService.groovy:38) ~[classes/:na]
	at com.rackspace.search.service.JobService$getJob.call(Unknown Source) ~[na:na]
	at com.rackspace.search.service.core.CoreTicketOngoingSyncJob.setupActivities(CoreTicketOnGoingSyncJob.groovy:54) ~[classes/:na]
	at sun.reflect.NativeMethodAccessorImpl.invoke0(Native Method) ~[na:1.6.0_38]
	at sun.reflect.NativeMethodAccessorImpl.invoke(NativeMethodAccessorImpl.java:39) ~[na:1.6.0_38]
	at sun.reflect.DelegatingMethodAccessorImpl.invoke(DelegatingMethodAccessorImpl.java:25) ~[na:1.6.0_38]
	at java.lang.reflect.Method.invoke(Method.java:597) ~[na:1.6.0_38]
	at org.springframework.beans.factory.annotation.InitDestroyAnnotationBeanPostProcessor$LifecycleElement.invoke(InitDestroyAnnotationBeanPostProcessor.java:340) ~[spring-beans-3.0.6.RELEASE.jar:3.0.6.RELEASE]
	at org.springframework.beans.factory.annotation.InitDestroyAnnotationBeanPostProcessor$LifecycleMetadata.invokeInitMethods(InitDestroyAnnotationBeanPostProcessor.java:293) ~[spring-beans-3.0.6.RELEASE.jar:3.0.6.RELEASE]
	at org.springframework.beans.factory.annotation.InitDestroyAnnotationBeanPostProcessor.postProcessBeforeInitialization(InitDestroyAnnotationBeanPostProcessor.java:130) ~[spring-beans-3.0.6.RELEASE.jar:3.0.6.RELEASE]
	... 79 common frames omitted
</stdout>
          <failedSince>1</failedSince>
        </case>
        <case>
          <duration>0.954</duration>
          <className>com.rackspace.search.service.TicketSearchServiceTest</className>
          <testName>should throw not found exception</testName>
          <skipped>false</skipped>
          <errorStackTrace>java.lang.NullPointerException
	at com.rackspace.search.service.TicketSearchServiceTest.cleanup(TicketSearchServiceTest.groovy:30)
</errorStackTrace>
          <failedSince>1</failedSince>
        </case>
      </cases>
    </suite>
    <suite>
      <file>/var/lib/jenkins/jobs/Samatha Fork/workspace/service/target/surefire-reports/TEST-com.rackspace.search.service.core.CoreTicketOnGoingSyncActorTest.xml</file>
      <name>com.rackspace.search.service.core.CoreTicketOnGoingSyncActorTest</name>
      <duration>1.084</duration>
      <cases>
        <case>
          <duration>1.084</duration>
          <className>com.rackspace.search.service.core.CoreTicketOnGoingSyncActorTest</className>
          <testName>should post data to searchClient</testName>
          <skipped>false</skipped>
          <failedSince>0</failedSince>
        </case>
        <case>
          <duration>0.0</duration>
          <className>com.rackspace.search.service.core.CoreTicketOnGoingSyncActorTest</className>
          <testName>multiple messages to actor result in posting multiple payloads to searchClient</testName>
          <skipped>false</skipped>
          <failedSince>0</failedSince>
        </case>
        <case>
          <duration>0.0</duration>
          <className>com.rackspace.search.service.core.CoreTicketOnGoingSyncActorTest</className>
          <testName>should post data to searchClient If syncJob status is not STOPPED</testName>
          <skipped>false</skipped>
          <failedSince>0</failedSince>
        </case>
      </cases>
    </suite>
    <suite>
      <file>/var/lib/jenkins/jobs/Samatha Fork/workspace/service/target/surefire-reports/TEST-com.rackspace.search.service.core.CoreTicketOneTimeSyncJobTest.xml</file>
      <name>com.rackspace.search.service.core.CoreTicketOneTimeSyncJobTest</name>
      <duration>0.271</duration>
      <cases>
        <case>
          <duration>0.259</duration>
          <className>com.rackspace.search.service.core.CoreTicketOneTimeSyncJobTest</className>
          <testName>should test starting job</testName>
          <skipped>false</skipped>
          <failedSince>0</failedSince>
        </case>
        <case>
          <duration>0.011</duration>
          <className>com.rackspace.search.service.core.CoreTicketOneTimeSyncJobTest</className>
          <testName>Job already running .. should throw exception</testName>
          <skipped>false</skipped>
          <failedSince>0</failedSince>
        </case>
        <case>
          <duration>0.0010</duration>
          <className>com.rackspace.search.service.core.CoreTicketOneTimeSyncJobTest</className>
          <testName>sync job not exists.. create new one</testName>
          <skipped>false</skipped>
          <failedSince>0</failedSince>
        </case>
      </cases>
    </suite>
    <suite>
      <file>/var/lib/jenkins/jobs/Samatha Fork/workspace/service/target/surefire-reports/TEST-com.rackspace.search.service.core.CoreTicketOnetimeSyncActorTest.xml</file>
      <name>com.rackspace.search.service.core.CoreTicketOnetimeSyncActorTest</name>
      <duration>0.0</duration>
      <cases>
        <case>
          <duration>0.0</duration>
          <className>com.rackspace.search.service.core.CoreTicketOnetimeSyncActorTest</className>
          <testName>should post data to searchClient</testName>
          <skipped>false</skipped>
          <failedSince>0</failedSince>
        </case>
        <case>
          <duration>0.0</duration>
          <className>com.rackspace.search.service.core.CoreTicketOnetimeSyncActorTest</className>
          <testName>multiple messages to actor result in posting multiple payloads to searchClient</testName>
          <skipped>false</skipped>
          <failedSince>0</failedSince>
        </case>
        <case>
          <duration>0.0</duration>
          <className>com.rackspace.search.service.core.CoreTicketOnetimeSyncActorTest</className>
          <testName>should test when completed message is sent</testName>
          <skipped>false</skipped>
          <failedSince>0</failedSince>
        </case>
      </cases>
    </suite>
    <suite>
      <file>/var/lib/jenkins/jobs/Samatha Fork/workspace/service/target/surefire-reports/TEST-com.rackspace.search.service.core.CoreTicketOngoingSyncJobTest.xml</file>
      <name>com.rackspace.search.service.core.CoreTicketOngoingSyncJobTest</name>
      <duration>1.127</duration>
      <cases>
        <case>
          <duration>1.127</duration>
          <className>com.rackspace.search.service.core.CoreTicketOngoingSyncJobTest</className>
          <testName>should test starting job</testName>
          <skipped>false</skipped>
          <failedSince>0</failedSince>
        </case>
        <case>
          <duration>0.0</duration>
          <className>com.rackspace.search.service.core.CoreTicketOngoingSyncJobTest</className>
          <testName>Job already running .. should throw exception</testName>
          <skipped>false</skipped>
          <failedSince>0</failedSince>
        </case>
        <case>
          <duration>0.0</duration>
          <className>com.rackspace.search.service.core.CoreTicketOngoingSyncJobTest</className>
          <testName>if the request Json have is_enabled false.. should update the job Status</testName>
          <skipped>false</skipped>
          <failedSince>0</failedSince>
        </case>
      </cases>
    </suite>
    <suite>
      <file>/var/lib/jenkins/jobs/Samatha Fork/workspace/service/target/surefire-reports/TEST-com.rackspace.search.service.core.CoreTicketProcessorTest.xml</file>
      <name>com.rackspace.search.service.core.CoreTicketProcessorTest</name>
      <duration>0.08</duration>
      <cases>
        <case>
          <duration>0.08</duration>
          <className>com.rackspace.search.service.core.CoreTicketProcessorTest</className>
          <testName>make sure date is converted to UTC time zone</testName>
          <skipped>false</skipped>
          <failedSince>0</failedSince>
        </case>
      </cases>
    </suite>
  </suites>
  <duration>33.087</duration>
  <keepLongStdio>false</keepLongStdio>
</result>