<?xml version='1.0' encoding='UTF-8'?>
<result>
  <suites>
    <suite>
      <file>/var/lib/jenkins/jobs/Samatha Fork/workspace/service/target/surefire-reports/TEST-com.rackspace.search.elasticsearch.client.ElasticSearchClientFactoryBeanTest.xml</file>
      <name>com.rackspace.search.elasticsearch.client.ElasticSearchClientFactoryBeanTest</name>
      <duration>1.619</duration>
      <cases>
        <case>
          <duration>0.739</duration>
          <className>com.rackspace.search.elasticsearch.client.ElasticSearchClientFactoryBeanTest</className>
          <testName>is Index exist</testName>
          <skipped>false</skipped>
          <errorStackTrace>java.lang.IllegalStateException: Failed to load ApplicationContext
	at org.springframework.test.context.TestContext.getApplicationContext(TestContext.java:308)
	at org.springframework.test.context.support.DependencyInjectionTestExecutionListener.injectDependencies(DependencyInjectionTestExecutionListener.java:109)
	at org.springframework.test.context.support.DependencyInjectionTestExecutionListener.prepareTestInstance(DependencyInjectionTestExecutionListener.java:75)
	at org.springframework.test.context.TestContextManager.prepareTestInstance(TestContextManager.java:321)
	at org.spockframework.spring.SpringTestContextManager.prepareTestInstance(SpringTestContextManager.java:49)
	at org.spockframework.spring.SpringInterceptor.interceptSetupMethod(SpringInterceptor.java:42)
	at org.spockframework.runtime.extension.AbstractMethodInterceptor.intercept(AbstractMethodInterceptor.java:28)
	at org.spockframework.runtime.extension.MethodInvocation.proceed(MethodInvocation.java:84)
	at org.spockframework.util.ReflectionUtil.invokeMethod(ReflectionUtil.java:138)
	at org.spockframework.util.ReflectionUtil.invokeMethod(ReflectionUtil.java:138)
	at org.spockframework.util.ReflectionUtil.invokeMethod(ReflectionUtil.java:138)
	at org.apache.maven.surefire.junit4.JUnit4TestSet.execute(JUnit4TestSet.java:53)
	at org.apache.maven.surefire.junit4.JUnit4Provider.executeTestSet(JUnit4Provider.java:123)
	at org.apache.maven.surefire.junit4.JUnit4Provider.invoke(JUnit4Provider.java:104)
	at org.apache.maven.surefire.util.ReflectionUtils.invokeMethodWithArray(ReflectionUtils.java:164)
	at org.apache.maven.surefire.booter.ProviderFactory$ProviderProxy.invoke(ProviderFactory.java:110)
	at org.apache.maven.surefire.booter.SurefireStarter.invokeProvider(SurefireStarter.java:175)
	at org.apache.maven.surefire.booter.SurefireStarter.runSuitesInProcessWhenForked(SurefireStarter.java:107)
	at org.apache.maven.surefire.booter.ForkedBooter.main(ForkedBooter.java:68)
Caused by: org.springframework.beans.factory.BeanCreationException: Error creating bean with name &apos;adminResource&apos;: Injection of autowired dependencies failed; nested exception is org.springframework.beans.factory.BeanCreationException: Could not autowire field: private com.rackspace.search.service.core.CoreTicketOngoingSyncJob com.rackspace.search.endpoint.AdminResource.coreTicketOngoingSyncJob; nested exception is org.springframework.beans.factory.BeanCreationException: Error creating bean with name &apos;coreTicketOngoingSyncJob&apos;: Invocation of init method failed; nested exception is org.elasticsearch.indices.IndexMissingException: [admin] missing
	at org.springframework.beans.factory.annotation.AutowiredAnnotationBeanPostProcessor.postProcessPropertyValues(AutowiredAnnotationBeanPostProcessor.java:288)
	at org.springframework.beans.factory.support.AbstractAutowireCapableBeanFactory.populateBean(AbstractAutowireCapableBeanFactory.java:1074)
	at org.springframework.beans.factory.support.AbstractAutowireCapableBeanFactory.doCreateBean(AbstractAutowireCapableBeanFactory.java:517)
	at org.springframework.beans.factory.support.AbstractAutowireCapableBeanFactory.createBean(AbstractAutowireCapableBeanFactory.java:456)
	at org.springframework.beans.factory.support.AbstractBeanFactory$1.getObject(AbstractBeanFactory.java:293)
	at org.springframework.beans.factory.support.DefaultSingletonBeanRegistry.getSingleton(DefaultSingletonBeanRegistry.java:222)
	at org.springframework.beans.factory.support.AbstractBeanFactory.doGetBean(AbstractBeanFactory.java:290)
	at org.springframework.beans.factory.support.AbstractBeanFactory.getBean(AbstractBeanFactory.java:192)
	at org.springframework.beans.factory.support.DefaultListableBeanFactory.preInstantiateSingletons(DefaultListableBeanFactory.java:585)
	at org.springframework.context.support.AbstractApplicationContext.finishBeanFactoryInitialization(AbstractApplicationContext.java:895)
	at org.springframework.context.support.AbstractApplicationContext.refresh(AbstractApplicationContext.java:425)
	at org.springframework.test.context.support.AbstractGenericContextLoader.loadContext(AbstractGenericContextLoader.java:84)
	at org.springframework.test.context.support.AbstractGenericContextLoader.loadContext(AbstractGenericContextLoader.java:1)
	at org.springframework.test.context.TestContext.loadApplicationContext(TestContext.java:280)
	at org.springframework.test.context.TestContext.getApplicationContext(TestContext.java:304)
	... 18 more
Caused by: org.springframework.beans.factory.BeanCreationException: Could not autowire field: private com.rackspace.search.service.core.CoreTicketOngoingSyncJob com.rackspace.search.endpoint.AdminResource.coreTicketOngoingSyncJob; nested exception is org.springframework.beans.factory.BeanCreationException: Error creating bean with name &apos;coreTicketOngoingSyncJob&apos;: Invocation of init method failed; nested exception is org.elasticsearch.indices.IndexMissingException: [admin] missing
	at org.springframework.beans.factory.annotation.AutowiredAnnotationBeanPostProcessor$AutowiredFieldElement.inject(AutowiredAnnotationBeanPostProcessor.java:508)
	at org.springframework.beans.factory.annotation.InjectionMetadata.inject(InjectionMetadata.java:84)
	at org.springframework.beans.factory.annotation.AutowiredAnnotationBeanPostProcessor.postProcessPropertyValues(AutowiredAnnotationBeanPostProcessor.java:285)
	... 32 more
Caused by: org.springframework.beans.factory.BeanCreationException: Error creating bean with name &apos;coreTicketOngoingSyncJob&apos;: Invocation of init method failed; nested exception is org.elasticsearch.indices.IndexMissingException: [admin] missing
	at org.springframework.beans.factory.annotation.InitDestroyAnnotationBeanPostProcessor.postProcessBeforeInitialization(InitDestroyAnnotationBeanPostProcessor.java:133)
	at org.springframework.beans.factory.support.AbstractAutowireCapableBeanFactory.applyBeanPostProcessorsBeforeInitialization(AbstractAutowireCapableBeanFactory.java:394)
	at org.springframework.beans.factory.support.AbstractAutowireCapableBeanFactory.initializeBean(AbstractAutowireCapableBeanFactory.java:1413)
	at org.springframework.beans.factory.support.AbstractAutowireCapableBeanFactory.doCreateBean(AbstractAutowireCapableBeanFactory.java:519)
	at org.springframework.beans.factory.support.AbstractAutowireCapableBeanFactory.createBean(AbstractAutowireCapableBeanFactory.java:456)
	at org.springframework.beans.factory.support.AbstractBeanFactory$1.getObject(AbstractBeanFactory.java:293)
	at org.springframework.beans.factory.support.DefaultSingletonBeanRegistry.getSingleton(DefaultSingletonBeanRegistry.java:222)
	at org.springframework.beans.factory.support.AbstractBeanFactory.doGetBean(AbstractBeanFactory.java:290)
	at org.springframework.beans.factory.support.AbstractBeanFactory.getBean(AbstractBeanFactory.java:192)
	at org.springframework.beans.factory.support.DefaultListableBeanFactory.findAutowireCandidates(DefaultListableBeanFactory.java:848)
	at org.springframework.beans.factory.support.DefaultListableBeanFactory.doResolveDependency(DefaultListableBeanFactory.java:790)
	at org.springframework.beans.factory.support.DefaultListableBeanFactory.resolveDependency(DefaultListableBeanFactory.java:707)
	at org.springframework.beans.factory.annotation.AutowiredAnnotationBeanPostProcessor$AutowiredFieldElement.inject(AutowiredAnnotationBeanPostProcessor.java:480)
	... 34 more
Caused by: org.elasticsearch.indices.IndexMissingException: [admin] missing
	at org.elasticsearch.cluster.metadata.MetaData.concreteIndex(MetaData.java:211)
	at org.elasticsearch.action.support.single.shard.TransportShardSingleOperationAction$AsyncSingleAction.&lt;init&gt;(TransportShardSingleOperationAction.java:107)
	at org.elasticsearch.action.support.single.shard.TransportShardSingleOperationAction$AsyncSingleAction.&lt;init&gt;(TransportShardSingleOperationAction.java:88)
	at org.elasticsearch.action.support.single.shard.TransportShardSingleOperationAction.doExecute(TransportShardSingleOperationAction.java:69)
	at org.elasticsearch.action.support.single.shard.TransportShardSingleOperationAction.doExecute(TransportShardSingleOperationAction.java:45)
	at org.elasticsearch.action.support.BaseAction.execute(BaseAction.java:61)
	at org.elasticsearch.client.node.NodeClient.get(NodeClient.java:152)
	at org.elasticsearch.client.action.get.GetRequestBuilder.doExecute(GetRequestBuilder.java:119)
	at org.elasticsearch.client.action.support.BaseRequestBuilder.execute(BaseRequestBuilder.java:56)
	at org.elasticsearch.client.action.support.BaseRequestBuilder.execute(BaseRequestBuilder.java:51)
	at com.rackspace.search.elasticsearch.client.ElasticSearchClient.getDocument(ElasticSearchClient.groovy:202)
	at com.rackspace.search.service.JobService.getJob(JobService.groovy:38)
	at com.rackspace.search.service.core.CoreTicketOngoingSyncJob.setupActivities(CoreTicketOnGoingSyncJob.groovy:54)
	at org.springframework.beans.factory.annotation.InitDestroyAnnotationBeanPostProcessor$LifecycleElement.invoke(InitDestroyAnnotationBeanPostProcessor.java:340)
	at org.springframework.beans.factory.annotation.InitDestroyAnnotationBeanPostProcessor$LifecycleMetadata.invokeInitMethods(InitDestroyAnnotationBeanPostProcessor.java:293)
	at org.springframework.beans.factory.annotation.InitDestroyAnnotationBeanPostProcessor.postProcessBeforeInitialization(InitDestroyAnnotationBeanPostProcessor.java:130)
	... 46 more
</errorStackTrace>
          <errorDetails>Failed to load ApplicationContext</errorDetails>
          <stdout>16:33:18.384 [main] INFO  c.r.s.common.property.PropertyProvider - Loading properties file from file [/var/lib/jenkins/jobs/Samatha Fork/workspace/service/target/properties/local/search.properties]
16:33:18.385 [main] INFO  c.r.s.common.property.PropertyProvider - Loading properties file from file [/var/lib/jenkins/jobs/Samatha Fork/workspace/service/target/properties/local/search.secrets.properties]
16:33:18.385 [main] INFO  c.r.s.common.property.PropertyProvider - Loading properties file from file [/var/lib/jenkins/jobs/Samatha Fork/workspace/service/target/properties/local/elasticsearch.properties]
16:33:18.407 [main] INFO  c.r.s.elasticsearch.ElasticSearchServer - Starting the Elastic Search server node:
16:33:18.410 [main] INFO  org.elasticsearch.node - [ticket.node] {elasticsearch/0.16.2}[16944]: initializing ...
16:33:18.410 [main] INFO  org.elasticsearch.plugins - [ticket.node] loaded []
16:33:18.701 [main] INFO  org.elasticsearch.node - [ticket.node] {elasticsearch/0.16.2}[16944]: initialized
16:33:18.702 [main] INFO  c.r.s.elasticsearch.ElasticSearchServer - Starting the Elastic Search server node with these settings:
16:33:18.703 [main] INFO  c.r.s.elasticsearch.ElasticSearchServer - Elasticsearch Settings :  [core.db.url:jdbc:postgresql://dev.db.core.rackspace.com:5432/core_dev, node.local:true, index.analysis.analyzer.search_standard.filter:[lowercase], elastic.config.path:/var/lib/jenkins/jobs/Samatha Fork/workspace/service/target/properties/local/elasticsearch, path.data:/var/lib/jenkins/jobs/Samatha Fork/workspace/service/target/elasticsearch/data, ticket.core.dateformat:yyyy-MM-dd HH:mm:ss, cluster.name:ticket.cluster, index.analysis.analyzer.search_standard.type:standard, core.db.password:, path.conf:/var/lib/jenkins/jobs/Samatha Fork/workspace/service/target/properties/local/elasticsearch, core.api.password:qwerty, ticket.ongoingsync.delay.seconds:2000, name:ticket.node, http.enabled:true, path.logs:/var/lib/jenkins/jobs/Samatha Fork/workspace/service/target/elasticsearch/logs, index.number_of_replicas:0, ticket.document.idName:number, core.api.endpoint:https://ws.staging.core.rackspace.com/ctkapi, ticket.document.type:ticket, ticket.index.name:ticket, admin.index.name:admin, indices.structure:/indices_structure.json, index.store.fs.memory.enabled:false, index.number_of_shards:5, admin.document.type:syncJob, core.db.username:usq_read, ticket.core.date.timezone:CST, ticket.search.allowedRangeParams:created_at,updated_at,last_public_response_date, ticket.search.allowedTermParams:source_system,number,created_at,updated_at,last_public_response_date,status,queue,category,priority,assignee.name,account.number, core.driver.class:org.postgresql.Driver, core.api.username:rcameron, ticket.elastic.dateformat:yyyy-MM-dd&apos;T&apos;HH:mm:ss.SSSZZ, discovery.zen.ping.multicast.enabled:false, action.auto_create_index:1, path.home:/var/lib/jenkins/jobs/Samatha Fork/workspace/service, path.work:/var/lib/jenkins/jobs/Samatha Fork/workspace/service/work, path.work_with_cluster:/var/lib/jenkins/jobs/Samatha Fork/workspace/service/work/ticket.cluster, path.data_with_cluster:/var/lib/jenkins/jobs/Samatha Fork/workspace/service/target/elasticsearch/data/ticket.cluster]
16:33:18.704 [main] INFO  org.elasticsearch.node - [ticket.node] {elasticsearch/0.16.2}[16944]: starting ...
16:33:18.706 [main] INFO  org.elasticsearch.transport - [ticket.node] bound_address {local[6]}, publish_address {local[6]}
16:33:18.707 [elasticsearch[ticket.node]clusterService#updateTask-pool-81-thread-1] INFO  org.elasticsearch.cluster.service - [ticket.node] new_master [ticket.node][6][local[6]]{local=true}, reason: local-disco-initial_connect(master)
16:33:18.708 [main] INFO  org.elasticsearch.discovery - [ticket.node] ticket.cluster/6
16:33:18.713 [main] INFO  org.elasticsearch.http - [ticket.node] bound_address {inet[/0:0:0:0:0:0:0:0:9200]}, publish_address {inet[/10.14.208.252:9200]}
16:33:18.714 [main] INFO  org.elasticsearch.node - [ticket.node] {elasticsearch/0.16.2}[16944]: started
16:33:18.715 [main] INFO  c.r.s.elasticsearch.ElasticSearchServer - Elastic Search server is started.
16:33:18.717 [main] INFO  c.r.s.elasticsearch.ElasticSearchServer - ES cluster status is RED. Waiting for ES recovery.
16:33:18.721 [main] INFO  c.r.s.elasticsearch.ElasticSearchServer - ES cluster status is GREEN
16:33:18.722 [elasticsearch[ticket.node]clusterService#updateTask-pool-81-thread-1] INFO  org.elasticsearch.gateway - [ticket.node] recovered [0] indices into cluster_state
16:33:18.761 [main] INFO  org.elasticsearch.node - [ticket.node] {elasticsearch/0.16.2}[16944]: stopping ...
16:33:18.764 [main] INFO  org.elasticsearch.node - [ticket.node] {elasticsearch/0.16.2}[16944]: stopped
16:33:18.764 [main] INFO  org.elasticsearch.node - [ticket.node] {elasticsearch/0.16.2}[16944]: closing ...
16:33:18.767 [main] INFO  org.elasticsearch.node - [ticket.node] {elasticsearch/0.16.2}[16944]: closed
16:33:18.774 [main] ERROR o.s.test.context.TestContextManager - Caught exception while allowing TestExecutionListener [org.springframework.test.context.support.DependencyInjectionTestExecutionListener@15aec462] to prepare test instance [com.rackspace.search.elasticsearch.client.ElasticSearchClientFactoryBeanTest@4df090d]
java.lang.IllegalStateException: Failed to load ApplicationContext
	at org.springframework.test.context.TestContext.getApplicationContext(TestContext.java:308) ~[spring-test-3.0.6.RELEASE.jar:3.0.6.RELEASE]
	at org.springframework.test.context.support.DependencyInjectionTestExecutionListener.injectDependencies(DependencyInjectionTestExecutionListener.java:109) ~[spring-test-3.0.6.RELEASE.jar:3.0.6.RELEASE]
	at org.springframework.test.context.support.DependencyInjectionTestExecutionListener.prepareTestInstance(DependencyInjectionTestExecutionListener.java:75) ~[spring-test-3.0.6.RELEASE.jar:3.0.6.RELEASE]
	at org.springframework.test.context.TestContextManager.prepareTestInstance(TestContextManager.java:321) ~[spring-test-3.0.6.RELEASE.jar:3.0.6.RELEASE]
	at org.spockframework.spring.SpringTestContextManager.prepareTestInstance(SpringTestContextManager.java:49) [spock-spring-0.7-groovy-2.0.jar:na]
	at org.spockframework.spring.SpringInterceptor.interceptSetupMethod(SpringInterceptor.java:42) [spock-spring-0.7-groovy-2.0.jar:na]
	at org.spockframework.runtime.extension.AbstractMethodInterceptor.intercept(AbstractMethodInterceptor.java:28) [spock-core-0.7-groovy-2.0.jar:na]
	at org.spockframework.runtime.extension.MethodInvocation.proceed(MethodInvocation.java:84) [spock-core-0.7-groovy-2.0.jar:na]
	at org.spockframework.runtime.BaseSpecRunner.invoke(BaseSpecRunner.java:319) [spock-core-0.7-groovy-2.0.jar:na]
	at org.spockframework.runtime.BaseSpecRunner.invokeSetup(BaseSpecRunner.java:279) [spock-core-0.7-groovy-2.0.jar:na]
	at org.spockframework.runtime.BaseSpecRunner.doRunIteration(BaseSpecRunner.java:255) [spock-core-0.7-groovy-2.0.jar:na]
	at sun.reflect.GeneratedMethodAccessor11.invoke(Unknown Source) ~[na:na]
	at sun.reflect.DelegatingMethodAccessorImpl.invoke(DelegatingMethodAccessorImpl.java:25) ~[na:1.6.0_38]
	at java.lang.reflect.Method.invoke(Method.java:597) ~[na:1.6.0_38]
	at org.spockframework.util.ReflectionUtil.invokeMethod(ReflectionUtil.java:138) [spock-core-0.7-groovy-2.0.jar:na]
	at org.spockframework.runtime.BaseSpecRunner.invokeRaw(BaseSpecRunner.java:330) [spock-core-0.7-groovy-2.0.jar:na]
	at org.spockframework.runtime.BaseSpecRunner.invoke(BaseSpecRunner.java:311) [spock-core-0.7-groovy-2.0.jar:na]
	at org.spockframework.runtime.BaseSpecRunner.runIteration(BaseSpecRunner.java:223) [spock-core-0.7-groovy-2.0.jar:na]
	at org.spockframework.runtime.BaseSpecRunner.initializeAndRunIteration(BaseSpecRunner.java:214) [spock-core-0.7-groovy-2.0.jar:na]
	at org.spockframework.runtime.BaseSpecRunner.runSimpleFeature(BaseSpecRunner.java:205) [spock-core-0.7-groovy-2.0.jar:na]
	at org.spockframework.runtime.BaseSpecRunner.doRunFeature(BaseSpecRunner.java:199) [spock-core-0.7-groovy-2.0.jar:na]
	at sun.reflect.GeneratedMethodAccessor12.invoke(Unknown Source) ~[na:na]
	at sun.reflect.DelegatingMethodAccessorImpl.invoke(DelegatingMethodAccessorImpl.java:25) ~[na:1.6.0_38]
	at java.lang.reflect.Method.invoke(Method.java:597) ~[na:1.6.0_38]
	at org.spockframework.util.ReflectionUtil.invokeMethod(ReflectionUtil.java:138) [spock-core-0.7-groovy-2.0.jar:na]
	at org.spockframework.runtime.BaseSpecRunner.invokeRaw(BaseSpecRunner.java:330) [spock-core-0.7-groovy-2.0.jar:na]
	at org.spockframework.runtime.BaseSpecRunner.invoke(BaseSpecRunner.java:311) [spock-core-0.7-groovy-2.0.jar:na]
	at org.spockframework.runtime.BaseSpecRunner.runFeature(BaseSpecRunner.java:175) [spock-core-0.7-groovy-2.0.jar:na]
	at org.spockframework.runtime.BaseSpecRunner.runFeatures(BaseSpecRunner.java:152) [spock-core-0.7-groovy-2.0.jar:na]
	at org.spockframework.runtime.BaseSpecRunner.doRunSpec(BaseSpecRunner.java:112) [spock-core-0.7-groovy-2.0.jar:na]
	at sun.reflect.NativeMethodAccessorImpl.invoke0(Native Method) ~[na:1.6.0_38]
	at sun.reflect.NativeMethodAccessorImpl.invoke(NativeMethodAccessorImpl.java:39) ~[na:1.6.0_38]
	at sun.reflect.DelegatingMethodAccessorImpl.invoke(DelegatingMethodAccessorImpl.java:25) ~[na:1.6.0_38]
	at java.lang.reflect.Method.invoke(Method.java:597) ~[na:1.6.0_38]
	at org.spockframework.util.ReflectionUtil.invokeMethod(ReflectionUtil.java:138) [spock-core-0.7-groovy-2.0.jar:na]
	at org.spockframework.runtime.BaseSpecRunner.invokeRaw(BaseSpecRunner.java:330) [spock-core-0.7-groovy-2.0.jar:na]
	at org.spockframework.runtime.BaseSpecRunner.invoke(BaseSpecRunner.java:311) [spock-core-0.7-groovy-2.0.jar:na]
	at org.spockframework.runtime.BaseSpecRunner.runSpec(BaseSpecRunner.java:91) [spock-core-0.7-groovy-2.0.jar:na]
	at org.spockframework.runtime.BaseSpecRunner.run(BaseSpecRunner.java:82) [spock-core-0.7-groovy-2.0.jar:na]
	at org.spockframework.runtime.Sputnik.run(Sputnik.java:63) [spock-core-0.7-groovy-2.0.jar:na]
	at org.apache.maven.surefire.junit4.JUnit4TestSet.execute(JUnit4TestSet.java:53) [surefire-junit4-2.10.jar:2.10]
	at org.apache.maven.surefire.junit4.JUnit4Provider.executeTestSet(JUnit4Provider.java:123) [surefire-junit4-2.10.jar:2.10]
	at org.apache.maven.surefire.junit4.JUnit4Provider.invoke(JUnit4Provider.java:104) [surefire-junit4-2.10.jar:2.10]
	at sun.reflect.NativeMethodAccessorImpl.invoke0(Native Method) ~[na:1.6.0_38]
	at sun.reflect.NativeMethodAccessorImpl.invoke(NativeMethodAccessorImpl.java:39) ~[na:1.6.0_38]
	at sun.reflect.DelegatingMethodAccessorImpl.invoke(DelegatingMethodAccessorImpl.java:25) ~[na:1.6.0_38]
	at java.lang.reflect.Method.invoke(Method.java:597) ~[na:1.6.0_38]
	at org.apache.maven.surefire.util.ReflectionUtils.invokeMethodWithArray(ReflectionUtils.java:164) [surefire-api-2.10.jar:2.10]
	at org.apache.maven.surefire.booter.ProviderFactory$ProviderProxy.invoke(ProviderFactory.java:110) [surefire-booter-2.10.jar:2.10]
	at org.apache.maven.surefire.booter.SurefireStarter.invokeProvider(SurefireStarter.java:175) [surefire-booter-2.10.jar:2.10]
	at org.apache.maven.surefire.booter.SurefireStarter.runSuitesInProcessWhenForked(SurefireStarter.java:107) [surefire-booter-2.10.jar:2.10]
	at org.apache.maven.surefire.booter.ForkedBooter.main(ForkedBooter.java:68) [surefire-booter-2.10.jar:2.10]
Caused by: org.springframework.beans.factory.BeanCreationException: Error creating bean with name &apos;adminResource&apos;: Injection of autowired dependencies failed; nested exception is org.springframework.beans.factory.BeanCreationException: Could not autowire field: private com.rackspace.search.service.core.CoreTicketOngoingSyncJob com.rackspace.search.endpoint.AdminResource.coreTicketOngoingSyncJob; nested exception is org.springframework.beans.factory.BeanCreationException: Error creating bean with name &apos;coreTicketOngoingSyncJob&apos;: Invocation of init method failed; nested exception is org.elasticsearch.indices.IndexMissingException: [admin] missing
	at org.springframework.beans.factory.annotation.AutowiredAnnotationBeanPostProcessor.postProcessPropertyValues(AutowiredAnnotationBeanPostProcessor.java:288) ~[spring-beans-3.0.6.RELEASE.jar:3.0.6.RELEASE]
	at org.springframework.beans.factory.support.AbstractAutowireCapableBeanFactory.populateBean(AbstractAutowireCapableBeanFactory.java:1074) ~[spring-beans-3.0.6.RELEASE.jar:3.0.6.RELEASE]
	at org.springframework.beans.factory.support.AbstractAutowireCapableBeanFactory.doCreateBean(AbstractAutowireCapableBeanFactory.java:517) ~[spring-beans-3.0.6.RELEASE.jar:3.0.6.RELEASE]
	at org.springframework.beans.factory.support.AbstractAutowireCapableBeanFactory.createBean(AbstractAutowireCapableBeanFactory.java:456) ~[spring-beans-3.0.6.RELEASE.jar:3.0.6.RELEASE]
	at org.springframework.beans.factory.support.AbstractBeanFactory$1.getObject(AbstractBeanFactory.java:293) ~[spring-beans-3.0.6.RELEASE.jar:3.0.6.RELEASE]
	at org.springframework.beans.factory.support.DefaultSingletonBeanRegistry.getSingleton(DefaultSingletonBeanRegistry.java:222) ~[spring-beans-3.0.6.RELEASE.jar:3.0.6.RELEASE]
	at org.springframework.beans.factory.support.AbstractBeanFactory.doGetBean(AbstractBeanFactory.java:290) ~[spring-beans-3.0.6.RELEASE.jar:3.0.6.RELEASE]
	at org.springframework.beans.factory.support.AbstractBeanFactory.getBean(AbstractBeanFactory.java:192) ~[spring-beans-3.0.6.RELEASE.jar:3.0.6.RELEASE]
	at org.springframework.beans.factory.support.DefaultListableBeanFactory.preInstantiateSingletons(DefaultListableBeanFactory.java:585) ~[spring-beans-3.0.6.RELEASE.jar:3.0.6.RELEASE]
	at org.springframework.context.support.AbstractApplicationContext.finishBeanFactoryInitialization(AbstractApplicationContext.java:895) ~[spring-context-3.0.6.RELEASE.jar:3.0.6.RELEASE]
	at org.springframework.context.support.AbstractApplicationContext.refresh(AbstractApplicationContext.java:425) ~[spring-context-3.0.6.RELEASE.jar:3.0.6.RELEASE]
	at org.springframework.test.context.support.AbstractGenericContextLoader.loadContext(AbstractGenericContextLoader.java:84) ~[spring-test-3.0.6.RELEASE.jar:3.0.6.RELEASE]
	at org.springframework.test.context.support.AbstractGenericContextLoader.loadContext(AbstractGenericContextLoader.java:1) ~[spring-test-3.0.6.RELEASE.jar:3.0.6.RELEASE]
	at org.springframework.test.context.TestContext.loadApplicationContext(TestContext.java:280) ~[spring-test-3.0.6.RELEASE.jar:3.0.6.RELEASE]
	at org.springframework.test.context.TestContext.getApplicationContext(TestContext.java:304) ~[spring-test-3.0.6.RELEASE.jar:3.0.6.RELEASE]
	... 51 common frames omitted
Caused by: org.springframework.beans.factory.BeanCreationException: Could not autowire field: private com.rackspace.search.service.core.CoreTicketOngoingSyncJob com.rackspace.search.endpoint.AdminResource.coreTicketOngoingSyncJob; nested exception is org.springframework.beans.factory.BeanCreationException: Error creating bean with name &apos;coreTicketOngoingSyncJob&apos;: Invocation of init method failed; nested exception is org.elasticsearch.indices.IndexMissingException: [admin] missing
	at org.springframework.beans.factory.annotation.AutowiredAnnotationBeanPostProcessor$AutowiredFieldElement.inject(AutowiredAnnotationBeanPostProcessor.java:508) ~[spring-beans-3.0.6.RELEASE.jar:3.0.6.RELEASE]
	at org.springframework.beans.factory.annotation.InjectionMetadata.inject(InjectionMetadata.java:84) ~[spring-beans-3.0.6.RELEASE.jar:3.0.6.RELEASE]
	at org.springframework.beans.factory.annotation.AutowiredAnnotationBeanPostProcessor.postProcessPropertyValues(AutowiredAnnotationBeanPostProcessor.java:285) ~[spring-beans-3.0.6.RELEASE.jar:3.0.6.RELEASE]
	... 65 common frames omitted
Caused by: org.springframework.beans.factory.BeanCreationException: Error creating bean with name &apos;coreTicketOngoingSyncJob&apos;: Invocation of init method failed; nested exception is org.elasticsearch.indices.IndexMissingException: [admin] missing
	at org.springframework.beans.factory.annotation.InitDestroyAnnotationBeanPostProcessor.postProcessBeforeInitialization(InitDestroyAnnotationBeanPostProcessor.java:133) ~[spring-beans-3.0.6.RELEASE.jar:3.0.6.RELEASE]
	at org.springframework.beans.factory.support.AbstractAutowireCapableBeanFactory.applyBeanPostProcessorsBeforeInitialization(AbstractAutowireCapableBeanFactory.java:394) ~[spring-beans-3.0.6.RELEASE.jar:3.0.6.RELEASE]
	at org.springframework.beans.factory.support.AbstractAutowireCapableBeanFactory.initializeBean(AbstractAutowireCapableBeanFactory.java:1413) ~[spring-beans-3.0.6.RELEASE.jar:3.0.6.RELEASE]
	at org.springframework.beans.factory.support.AbstractAutowireCapableBeanFactory.doCreateBean(AbstractAutowireCapableBeanFactory.java:519) ~[spring-beans-3.0.6.RELEASE.jar:3.0.6.RELEASE]
	at org.springframework.beans.factory.support.AbstractAutowireCapableBeanFactory.createBean(AbstractAutowireCapableBeanFactory.java:456) ~[spring-beans-3.0.6.RELEASE.jar:3.0.6.RELEASE]
	at org.springframework.beans.factory.support.AbstractBeanFactory$1.getObject(AbstractBeanFactory.java:293) ~[spring-beans-3.0.6.RELEASE.jar:3.0.6.RELEASE]
	at org.springframework.beans.factory.support.DefaultSingletonBeanRegistry.getSingleton(DefaultSingletonBeanRegistry.java:222) ~[spring-beans-3.0.6.RELEASE.jar:3.0.6.RELEASE]
	at org.springframework.beans.factory.support.AbstractBeanFactory.doGetBean(AbstractBeanFactory.java:290) ~[spring-beans-3.0.6.RELEASE.jar:3.0.6.RELEASE]
	at org.springframework.beans.factory.support.AbstractBeanFactory.getBean(AbstractBeanFactory.java:192) ~[spring-beans-3.0.6.RELEASE.jar:3.0.6.RELEASE]
	at org.springframework.beans.factory.support.DefaultListableBeanFactory.findAutowireCandidates(DefaultListableBeanFactory.java:848) ~[spring-beans-3.0.6.RELEASE.jar:3.0.6.RELEASE]
	at org.springframework.beans.factory.support.DefaultListableBeanFactory.doResolveDependency(DefaultListableBeanFactory.java:790) ~[spring-beans-3.0.6.RELEASE.jar:3.0.6.RELEASE]
	at org.springframework.beans.factory.support.DefaultListableBeanFactory.resolveDependency(DefaultListableBeanFactory.java:707) ~[spring-beans-3.0.6.RELEASE.jar:3.0.6.RELEASE]
	at org.springframework.beans.factory.annotation.AutowiredAnnotationBeanPostProcessor$AutowiredFieldElement.inject(AutowiredAnnotationBeanPostProcessor.java:480) ~[spring-beans-3.0.6.RELEASE.jar:3.0.6.RELEASE]
	... 67 common frames omitted
Caused by: org.elasticsearch.indices.IndexMissingException: [admin] missing
	at org.elasticsearch.cluster.metadata.MetaData.concreteIndex(MetaData.java:211) ~[elasticsearch-0.16.2.jar:na]
	at org.elasticsearch.action.support.single.shard.TransportShardSingleOperationAction$AsyncSingleAction.&lt;init&gt;(TransportShardSingleOperationAction.java:107) ~[elasticsearch-0.16.2.jar:na]
	at org.elasticsearch.action.support.single.shard.TransportShardSingleOperationAction$AsyncSingleAction.&lt;init&gt;(TransportShardSingleOperationAction.java:88) ~[elasticsearch-0.16.2.jar:na]
	at org.elasticsearch.action.support.single.shard.TransportShardSingleOperationAction.doExecute(TransportShardSingleOperationAction.java:69) ~[elasticsearch-0.16.2.jar:na]
	at org.elasticsearch.action.support.single.shard.TransportShardSingleOperationAction.doExecute(TransportShardSingleOperationAction.java:45) ~[elasticsearch-0.16.2.jar:na]
	at org.elasticsearch.action.support.BaseAction.execute(BaseAction.java:61) ~[elasticsearch-0.16.2.jar:na]
	at org.elasticsearch.client.node.NodeClient.get(NodeClient.java:152) ~[elasticsearch-0.16.2.jar:na]
	at org.elasticsearch.client.action.get.GetRequestBuilder.doExecute(GetRequestBuilder.java:119) ~[elasticsearch-0.16.2.jar:na]
	at org.elasticsearch.client.action.support.BaseRequestBuilder.execute(BaseRequestBuilder.java:56) ~[elasticsearch-0.16.2.jar:na]
	at org.elasticsearch.client.action.support.BaseRequestBuilder.execute(BaseRequestBuilder.java:51) ~[elasticsearch-0.16.2.jar:na]
	at org.elasticsearch.client.action.RequestBuilder$execute.call(Unknown Source) ~[na:na]
	at com.rackspace.search.elasticsearch.client.ElasticSearchClient.getDocument(ElasticSearchClient.groovy:202) ~[classes/:na]
	at com.rackspace.search.elasticsearch.client.ElasticSearchClient$getDocument.call(Unknown Source) ~[na:na]
	at com.rackspace.search.service.JobService.getJob(JobService.groovy:38) ~[classes/:na]
	at com.rackspace.search.service.JobService$getJob.call(Unknown Source) ~[na:na]
	at com.rackspace.search.service.core.CoreTicketOngoingSyncJob.setupActivities(CoreTicketOnGoingSyncJob.groovy:54) ~[classes/:na]
	at sun.reflect.NativeMethodAccessorImpl.invoke0(Native Method) ~[na:1.6.0_38]
	at sun.reflect.NativeMethodAccessorImpl.invoke(NativeMethodAccessorImpl.java:39) ~[na:1.6.0_38]
	at sun.reflect.DelegatingMethodAccessorImpl.invoke(DelegatingMethodAccessorImpl.java:25) ~[na:1.6.0_38]
	at java.lang.reflect.Method.invoke(Method.java:597) ~[na:1.6.0_38]
	at org.springframework.beans.factory.annotation.InitDestroyAnnotationBeanPostProcessor$LifecycleElement.invoke(InitDestroyAnnotationBeanPostProcessor.java:340) ~[spring-beans-3.0.6.RELEASE.jar:3.0.6.RELEASE]
	at org.springframework.beans.factory.annotation.InitDestroyAnnotationBeanPostProcessor$LifecycleMetadata.invokeInitMethods(InitDestroyAnnotationBeanPostProcessor.java:293) ~[spring-beans-3.0.6.RELEASE.jar:3.0.6.RELEASE]
	at org.springframework.beans.factory.annotation.InitDestroyAnnotationBeanPostProcessor.postProcessBeforeInitialization(InitDestroyAnnotationBeanPostProcessor.java:130) ~[spring-beans-3.0.6.RELEASE.jar:3.0.6.RELEASE]
	... 79 common frames omitted
</stdout>
          <failedSince>1</failedSince>
        </case>
        <case>
          <duration>0.413</duration>
          <className>com.rackspace.search.elasticsearch.client.ElasticSearchClientFactoryBeanTest</className>
          <testName>validate Index Settings</testName>
          <skipped>false</skipped>
          <errorStackTrace>java.lang.IllegalStateException: Failed to load ApplicationContext
	at org.springframework.test.context.TestContext.getApplicationContext(TestContext.java:308)
	at org.springframework.test.context.support.DependencyInjectionTestExecutionListener.injectDependencies(DependencyInjectionTestExecutionListener.java:109)
	at org.springframework.test.context.support.DependencyInjectionTestExecutionListener.prepareTestInstance(DependencyInjectionTestExecutionListener.java:75)
	at org.springframework.test.context.TestContextManager.prepareTestInstance(TestContextManager.java:321)
	at org.spockframework.spring.SpringTestContextManager.prepareTestInstance(SpringTestContextManager.java:49)
	at org.spockframework.spring.SpringInterceptor.interceptSetupMethod(SpringInterceptor.java:42)
	at org.spockframework.runtime.extension.AbstractMethodInterceptor.intercept(AbstractMethodInterceptor.java:28)
	at org.spockframework.runtime.extension.MethodInvocation.proceed(MethodInvocation.java:84)
	at org.spockframework.util.ReflectionUtil.invokeMethod(ReflectionUtil.java:138)
	at org.spockframework.util.ReflectionUtil.invokeMethod(ReflectionUtil.java:138)
	at org.spockframework.util.ReflectionUtil.invokeMethod(ReflectionUtil.java:138)
	at org.apache.maven.surefire.junit4.JUnit4TestSet.execute(JUnit4TestSet.java:53)
	at org.apache.maven.surefire.junit4.JUnit4Provider.executeTestSet(JUnit4Provider.java:123)
	at org.apache.maven.surefire.junit4.JUnit4Provider.invoke(JUnit4Provider.java:104)
	at org.apache.maven.surefire.util.ReflectionUtils.invokeMethodWithArray(ReflectionUtils.java:164)
	at org.apache.maven.surefire.booter.ProviderFactory$ProviderProxy.invoke(ProviderFactory.java:110)
	at org.apache.maven.surefire.booter.SurefireStarter.invokeProvider(SurefireStarter.java:175)
	at org.apache.maven.surefire.booter.SurefireStarter.runSuitesInProcessWhenForked(SurefireStarter.java:107)
	at org.apache.maven.surefire.booter.ForkedBooter.main(ForkedBooter.java:68)
Caused by: org.springframework.beans.factory.BeanCreationException: Error creating bean with name &apos;adminResource&apos;: Injection of autowired dependencies failed; nested exception is org.springframework.beans.factory.BeanCreationException: Could not autowire field: private com.rackspace.search.service.core.CoreTicketOngoingSyncJob com.rackspace.search.endpoint.AdminResource.coreTicketOngoingSyncJob; nested exception is org.springframework.beans.factory.BeanCreationException: Error creating bean with name &apos;coreTicketOngoingSyncJob&apos;: Invocation of init method failed; nested exception is org.elasticsearch.indices.IndexMissingException: [admin] missing
	at org.springframework.beans.factory.annotation.AutowiredAnnotationBeanPostProcessor.postProcessPropertyValues(AutowiredAnnotationBeanPostProcessor.java:288)
	at org.springframework.beans.factory.support.AbstractAutowireCapableBeanFactory.populateBean(AbstractAutowireCapableBeanFactory.java:1074)
	at org.springframework.beans.factory.support.AbstractAutowireCapableBeanFactory.doCreateBean(AbstractAutowireCapableBeanFactory.java:517)
	at org.springframework.beans.factory.support.AbstractAutowireCapableBeanFactory.createBean(AbstractAutowireCapableBeanFactory.java:456)
	at org.springframework.beans.factory.support.AbstractBeanFactory$1.getObject(AbstractBeanFactory.java:293)
	at org.springframework.beans.factory.support.DefaultSingletonBeanRegistry.getSingleton(DefaultSingletonBeanRegistry.java:222)
	at org.springframework.beans.factory.support.AbstractBeanFactory.doGetBean(AbstractBeanFactory.java:290)
	at org.springframework.beans.factory.support.AbstractBeanFactory.getBean(AbstractBeanFactory.java:192)
	at org.springframework.beans.factory.support.DefaultListableBeanFactory.preInstantiateSingletons(DefaultListableBeanFactory.java:585)
	at org.springframework.context.support.AbstractApplicationContext.finishBeanFactoryInitialization(AbstractApplicationContext.java:895)
	at org.springframework.context.support.AbstractApplicationContext.refresh(AbstractApplicationContext.java:425)
	at org.springframework.test.context.support.AbstractGenericContextLoader.loadContext(AbstractGenericContextLoader.java:84)
	at org.springframework.test.context.support.AbstractGenericContextLoader.loadContext(AbstractGenericContextLoader.java:1)
	at org.springframework.test.context.TestContext.loadApplicationContext(TestContext.java:280)
	at org.springframework.test.context.TestContext.getApplicationContext(TestContext.java:304)
	... 18 more
Caused by: org.springframework.beans.factory.BeanCreationException: Could not autowire field: private com.rackspace.search.service.core.CoreTicketOngoingSyncJob com.rackspace.search.endpoint.AdminResource.coreTicketOngoingSyncJob; nested exception is org.springframework.beans.factory.BeanCreationException: Error creating bean with name &apos;coreTicketOngoingSyncJob&apos;: Invocation of init method failed; nested exception is org.elasticsearch.indices.IndexMissingException: [admin] missing
	at org.springframework.beans.factory.annotation.AutowiredAnnotationBeanPostProcessor$AutowiredFieldElement.inject(AutowiredAnnotationBeanPostProcessor.java:508)
	at org.springframework.beans.factory.annotation.InjectionMetadata.inject(InjectionMetadata.java:84)
	at org.springframework.beans.factory.annotation.AutowiredAnnotationBeanPostProcessor.postProcessPropertyValues(AutowiredAnnotationBeanPostProcessor.java:285)
	... 32 more
Caused by: org.springframework.beans.factory.BeanCreationException: Error creating bean with name &apos;coreTicketOngoingSyncJob&apos;: Invocation of init method failed; nested exception is org.elasticsearch.indices.IndexMissingException: [admin] missing
	at org.springframework.beans.factory.annotation.InitDestroyAnnotationBeanPostProcessor.postProcessBeforeInitialization(InitDestroyAnnotationBeanPostProcessor.java:133)
	at org.springframework.beans.factory.support.AbstractAutowireCapableBeanFactory.applyBeanPostProcessorsBeforeInitialization(AbstractAutowireCapableBeanFactory.java:394)
	at org.springframework.beans.factory.support.AbstractAutowireCapableBeanFactory.initializeBean(AbstractAutowireCapableBeanFactory.java:1413)
	at org.springframework.beans.factory.support.AbstractAutowireCapableBeanFactory.doCreateBean(AbstractAutowireCapableBeanFactory.java:519)
	at org.springframework.beans.factory.support.AbstractAutowireCapableBeanFactory.createBean(AbstractAutowireCapableBeanFactory.java:456)
	at org.springframework.beans.factory.support.AbstractBeanFactory$1.getObject(AbstractBeanFactory.java:293)
	at org.springframework.beans.factory.support.DefaultSingletonBeanRegistry.getSingleton(DefaultSingletonBeanRegistry.java:222)
	at org.springframework.beans.factory.support.AbstractBeanFactory.doGetBean(AbstractBeanFactory.java:290)
	at org.springframework.beans.factory.support.AbstractBeanFactory.getBean(AbstractBeanFactory.java:192)
	at org.springframework.beans.factory.support.DefaultListableBeanFactory.findAutowireCandidates(DefaultListableBeanFactory.java:848)
	at org.springframework.beans.factory.support.DefaultListableBeanFactory.doResolveDependency(DefaultListableBeanFactory.java:790)
	at org.springframework.beans.factory.support.DefaultListableBeanFactory.resolveDependency(DefaultListableBeanFactory.java:707)
	at org.springframework.beans.factory.annotation.AutowiredAnnotationBeanPostProcessor$AutowiredFieldElement.inject(AutowiredAnnotationBeanPostProcessor.java:480)
	... 34 more
Caused by: org.elasticsearch.indices.IndexMissingException: [admin] missing
	at org.elasticsearch.cluster.metadata.MetaData.concreteIndex(MetaData.java:211)
	at org.elasticsearch.action.support.single.shard.TransportShardSingleOperationAction$AsyncSingleAction.&lt;init&gt;(TransportShardSingleOperationAction.java:107)
	at org.elasticsearch.action.support.single.shard.TransportShardSingleOperationAction$AsyncSingleAction.&lt;init&gt;(TransportShardSingleOperationAction.java:88)
	at org.elasticsearch.action.support.single.shard.TransportShardSingleOperationAction.doExecute(TransportShardSingleOperationAction.java:69)
	at org.elasticsearch.action.support.single.shard.TransportShardSingleOperationAction.doExecute(TransportShardSingleOperationAction.java:45)
	at org.elasticsearch.action.support.BaseAction.execute(BaseAction.java:61)
	at org.elasticsearch.client.node.NodeClient.get(NodeClient.java:152)
	at org.elasticsearch.client.action.get.GetRequestBuilder.doExecute(GetRequestBuilder.java:119)
	at org.elasticsearch.client.action.support.BaseRequestBuilder.execute(BaseRequestBuilder.java:56)
	at org.elasticsearch.client.action.support.BaseRequestBuilder.execute(BaseRequestBuilder.java:51)
	at com.rackspace.search.elasticsearch.client.ElasticSearchClient.getDocument(ElasticSearchClient.groovy:202)
	at com.rackspace.search.service.JobService.getJob(JobService.groovy:38)
	at com.rackspace.search.service.core.CoreTicketOngoingSyncJob.setupActivities(CoreTicketOnGoingSyncJob.groovy:54)
	at org.springframework.beans.factory.annotation.InitDestroyAnnotationBeanPostProcessor$LifecycleElement.invoke(InitDestroyAnnotationBeanPostProcessor.java:340)
	at org.springframework.beans.factory.annotation.InitDestroyAnnotationBeanPostProcessor$LifecycleMetadata.invokeInitMethods(InitDestroyAnnotationBeanPostProcessor.java:293)
	at org.springframework.beans.factory.annotation.InitDestroyAnnotationBeanPostProcessor.postProcessBeforeInitialization(InitDestroyAnnotationBeanPostProcessor.java:130)
	... 46 more
</errorStackTrace>
          <errorDetails>Failed to load ApplicationContext</errorDetails>
          <stdout>16:33:18.909 [main] INFO  c.r.s.common.property.PropertyProvider - Loading properties file from file [/var/lib/jenkins/jobs/Samatha Fork/workspace/service/target/properties/local/search.properties]
16:33:18.909 [main] INFO  c.r.s.common.property.PropertyProvider - Loading properties file from file [/var/lib/jenkins/jobs/Samatha Fork/workspace/service/target/properties/local/search.secrets.properties]
16:33:18.909 [main] INFO  c.r.s.common.property.PropertyProvider - Loading properties file from file [/var/lib/jenkins/jobs/Samatha Fork/workspace/service/target/properties/local/elasticsearch.properties]
16:33:18.922 [main] INFO  c.r.s.elasticsearch.ElasticSearchServer - Starting the Elastic Search server node:
16:33:18.925 [main] INFO  org.elasticsearch.node - [ticket.node] {elasticsearch/0.16.2}[16944]: initializing ...
16:33:18.925 [main] INFO  org.elasticsearch.plugins - [ticket.node] loaded []
16:33:19.127 [main] INFO  org.elasticsearch.node - [ticket.node] {elasticsearch/0.16.2}[16944]: initialized
16:33:19.128 [main] INFO  c.r.s.elasticsearch.ElasticSearchServer - Starting the Elastic Search server node with these settings:
16:33:19.129 [main] INFO  c.r.s.elasticsearch.ElasticSearchServer - Elasticsearch Settings :  [core.db.url:jdbc:postgresql://dev.db.core.rackspace.com:5432/core_dev, node.local:true, index.analysis.analyzer.search_standard.filter:[lowercase], elastic.config.path:/var/lib/jenkins/jobs/Samatha Fork/workspace/service/target/properties/local/elasticsearch, path.data:/var/lib/jenkins/jobs/Samatha Fork/workspace/service/target/elasticsearch/data, ticket.core.dateformat:yyyy-MM-dd HH:mm:ss, cluster.name:ticket.cluster, index.analysis.analyzer.search_standard.type:standard, core.db.password:, path.conf:/var/lib/jenkins/jobs/Samatha Fork/workspace/service/target/properties/local/elasticsearch, core.api.password:qwerty, ticket.ongoingsync.delay.seconds:2000, name:ticket.node, http.enabled:true, path.logs:/var/lib/jenkins/jobs/Samatha Fork/workspace/service/target/elasticsearch/logs, index.number_of_replicas:0, ticket.document.idName:number, core.api.endpoint:https://ws.staging.core.rackspace.com/ctkapi, ticket.document.type:ticket, ticket.index.name:ticket, admin.index.name:admin, indices.structure:/indices_structure.json, index.store.fs.memory.enabled:false, index.number_of_shards:5, admin.document.type:syncJob, core.db.username:usq_read, ticket.core.date.timezone:CST, ticket.search.allowedRangeParams:created_at,updated_at,last_public_response_date, ticket.search.allowedTermParams:source_system,number,created_at,updated_at,last_public_response_date,status,queue,category,priority,assignee.name,account.number, core.driver.class:org.postgresql.Driver, core.api.username:rcameron, ticket.elastic.dateformat:yyyy-MM-dd&apos;T&apos;HH:mm:ss.SSSZZ, discovery.zen.ping.multicast.enabled:false, action.auto_create_index:1, path.home:/var/lib/jenkins/jobs/Samatha Fork/workspace/service, path.work:/var/lib/jenkins/jobs/Samatha Fork/workspace/service/work, path.work_with_cluster:/var/lib/jenkins/jobs/Samatha Fork/workspace/service/work/ticket.cluster, path.data_with_cluster:/var/lib/jenkins/jobs/Samatha Fork/workspace/service/target/elasticsearch/data/ticket.cluster]
16:33:19.131 [main] INFO  org.elasticsearch.node - [ticket.node] {elasticsearch/0.16.2}[16944]: starting ...
16:33:19.132 [main] INFO  org.elasticsearch.transport - [ticket.node] bound_address {local[7]}, publish_address {local[7]}
16:33:19.133 [elasticsearch[ticket.node]clusterService#updateTask-pool-95-thread-1] INFO  org.elasticsearch.cluster.service - [ticket.node] new_master [ticket.node][7][local[7]]{local=true}, reason: local-disco-initial_connect(master)
16:33:19.135 [main] INFO  org.elasticsearch.discovery - [ticket.node] ticket.cluster/7
16:33:19.139 [elasticsearch[ticket.node]clusterService#updateTask-pool-95-thread-1] INFO  org.elasticsearch.gateway - [ticket.node] recovered [0] indices into cluster_state
16:33:19.141 [main] INFO  org.elasticsearch.http - [ticket.node] bound_address {inet[/0:0:0:0:0:0:0:0:9200]}, publish_address {inet[/10.14.208.252:9200]}
16:33:19.142 [main] INFO  org.elasticsearch.node - [ticket.node] {elasticsearch/0.16.2}[16944]: started
16:33:19.143 [main] INFO  c.r.s.elasticsearch.ElasticSearchServer - Elastic Search server is started.
16:33:19.144 [main] INFO  c.r.s.elasticsearch.ElasticSearchServer - ES cluster status is GREEN
16:33:19.175 [main] INFO  org.elasticsearch.node - [ticket.node] {elasticsearch/0.16.2}[16944]: stopping ...
16:33:19.181 [main] INFO  org.elasticsearch.node - [ticket.node] {elasticsearch/0.16.2}[16944]: stopped
16:33:19.181 [main] INFO  org.elasticsearch.node - [ticket.node] {elasticsearch/0.16.2}[16944]: closing ...
16:33:19.184 [main] INFO  org.elasticsearch.node - [ticket.node] {elasticsearch/0.16.2}[16944]: closed
16:33:19.191 [main] ERROR o.s.test.context.TestContextManager - Caught exception while allowing TestExecutionListener [org.springframework.test.context.support.DependencyInjectionTestExecutionListener@15aec462] to prepare test instance [com.rackspace.search.elasticsearch.client.ElasticSearchClientFactoryBeanTest@730aca93]
java.lang.IllegalStateException: Failed to load ApplicationContext
	at org.springframework.test.context.TestContext.getApplicationContext(TestContext.java:308) ~[spring-test-3.0.6.RELEASE.jar:3.0.6.RELEASE]
	at org.springframework.test.context.support.DependencyInjectionTestExecutionListener.injectDependencies(DependencyInjectionTestExecutionListener.java:109) ~[spring-test-3.0.6.RELEASE.jar:3.0.6.RELEASE]
	at org.springframework.test.context.support.DependencyInjectionTestExecutionListener.prepareTestInstance(DependencyInjectionTestExecutionListener.java:75) ~[spring-test-3.0.6.RELEASE.jar:3.0.6.RELEASE]
	at org.springframework.test.context.TestContextManager.prepareTestInstance(TestContextManager.java:321) ~[spring-test-3.0.6.RELEASE.jar:3.0.6.RELEASE]
	at org.spockframework.spring.SpringTestContextManager.prepareTestInstance(SpringTestContextManager.java:49) [spock-spring-0.7-groovy-2.0.jar:na]
	at org.spockframework.spring.SpringInterceptor.interceptSetupMethod(SpringInterceptor.java:42) [spock-spring-0.7-groovy-2.0.jar:na]
	at org.spockframework.runtime.extension.AbstractMethodInterceptor.intercept(AbstractMethodInterceptor.java:28) [spock-core-0.7-groovy-2.0.jar:na]
	at org.spockframework.runtime.extension.MethodInvocation.proceed(MethodInvocation.java:84) [spock-core-0.7-groovy-2.0.jar:na]
	at org.spockframework.runtime.BaseSpecRunner.invoke(BaseSpecRunner.java:319) [spock-core-0.7-groovy-2.0.jar:na]
	at org.spockframework.runtime.BaseSpecRunner.invokeSetup(BaseSpecRunner.java:279) [spock-core-0.7-groovy-2.0.jar:na]
	at org.spockframework.runtime.BaseSpecRunner.doRunIteration(BaseSpecRunner.java:255) [spock-core-0.7-groovy-2.0.jar:na]
	at sun.reflect.GeneratedMethodAccessor11.invoke(Unknown Source) ~[na:na]
	at sun.reflect.DelegatingMethodAccessorImpl.invoke(DelegatingMethodAccessorImpl.java:25) ~[na:1.6.0_38]
	at java.lang.reflect.Method.invoke(Method.java:597) ~[na:1.6.0_38]
	at org.spockframework.util.ReflectionUtil.invokeMethod(ReflectionUtil.java:138) [spock-core-0.7-groovy-2.0.jar:na]
	at org.spockframework.runtime.BaseSpecRunner.invokeRaw(BaseSpecRunner.java:330) [spock-core-0.7-groovy-2.0.jar:na]
	at org.spockframework.runtime.BaseSpecRunner.invoke(BaseSpecRunner.java:311) [spock-core-0.7-groovy-2.0.jar:na]
	at org.spockframework.runtime.BaseSpecRunner.runIteration(BaseSpecRunner.java:223) [spock-core-0.7-groovy-2.0.jar:na]
	at org.spockframework.runtime.BaseSpecRunner.initializeAndRunIteration(BaseSpecRunner.java:214) [spock-core-0.7-groovy-2.0.jar:na]
	at org.spockframework.runtime.BaseSpecRunner.runSimpleFeature(BaseSpecRunner.java:205) [spock-core-0.7-groovy-2.0.jar:na]
	at org.spockframework.runtime.BaseSpecRunner.doRunFeature(BaseSpecRunner.java:199) [spock-core-0.7-groovy-2.0.jar:na]
	at sun.reflect.GeneratedMethodAccessor12.invoke(Unknown Source) ~[na:na]
	at sun.reflect.DelegatingMethodAccessorImpl.invoke(DelegatingMethodAccessorImpl.java:25) ~[na:1.6.0_38]
	at java.lang.reflect.Method.invoke(Method.java:597) ~[na:1.6.0_38]
	at org.spockframework.util.ReflectionUtil.invokeMethod(ReflectionUtil.java:138) [spock-core-0.7-groovy-2.0.jar:na]
	at org.spockframework.runtime.BaseSpecRunner.invokeRaw(BaseSpecRunner.java:330) [spock-core-0.7-groovy-2.0.jar:na]
	at org.spockframework.runtime.BaseSpecRunner.invoke(BaseSpecRunner.java:311) [spock-core-0.7-groovy-2.0.jar:na]
	at org.spockframework.runtime.BaseSpecRunner.runFeature(BaseSpecRunner.java:175) [spock-core-0.7-groovy-2.0.jar:na]
	at org.spockframework.runtime.BaseSpecRunner.runFeatures(BaseSpecRunner.java:152) [spock-core-0.7-groovy-2.0.jar:na]
	at org.spockframework.runtime.BaseSpecRunner.doRunSpec(BaseSpecRunner.java:112) [spock-core-0.7-groovy-2.0.jar:na]
	at sun.reflect.NativeMethodAccessorImpl.invoke0(Native Method) ~[na:1.6.0_38]
	at sun.reflect.NativeMethodAccessorImpl.invoke(NativeMethodAccessorImpl.java:39) ~[na:1.6.0_38]
	at sun.reflect.DelegatingMethodAccessorImpl.invoke(DelegatingMethodAccessorImpl.java:25) ~[na:1.6.0_38]
	at java.lang.reflect.Method.invoke(Method.java:597) ~[na:1.6.0_38]
	at org.spockframework.util.ReflectionUtil.invokeMethod(ReflectionUtil.java:138) [spock-core-0.7-groovy-2.0.jar:na]
	at org.spockframework.runtime.BaseSpecRunner.invokeRaw(BaseSpecRunner.java:330) [spock-core-0.7-groovy-2.0.jar:na]
	at org.spockframework.runtime.BaseSpecRunner.invoke(BaseSpecRunner.java:311) [spock-core-0.7-groovy-2.0.jar:na]
	at org.spockframework.runtime.BaseSpecRunner.runSpec(BaseSpecRunner.java:91) [spock-core-0.7-groovy-2.0.jar:na]
	at org.spockframework.runtime.BaseSpecRunner.run(BaseSpecRunner.java:82) [spock-core-0.7-groovy-2.0.jar:na]
	at org.spockframework.runtime.Sputnik.run(Sputnik.java:63) [spock-core-0.7-groovy-2.0.jar:na]
	at org.apache.maven.surefire.junit4.JUnit4TestSet.execute(JUnit4TestSet.java:53) [surefire-junit4-2.10.jar:2.10]
	at org.apache.maven.surefire.junit4.JUnit4Provider.executeTestSet(JUnit4Provider.java:123) [surefire-junit4-2.10.jar:2.10]
	at org.apache.maven.surefire.junit4.JUnit4Provider.invoke(JUnit4Provider.java:104) [surefire-junit4-2.10.jar:2.10]
	at sun.reflect.NativeMethodAccessorImpl.invoke0(Native Method) ~[na:1.6.0_38]
	at sun.reflect.NativeMethodAccessorImpl.invoke(NativeMethodAccessorImpl.java:39) ~[na:1.6.0_38]
	at sun.reflect.DelegatingMethodAccessorImpl.invoke(DelegatingMethodAccessorImpl.java:25) ~[na:1.6.0_38]
	at java.lang.reflect.Method.invoke(Method.java:597) ~[na:1.6.0_38]
	at org.apache.maven.surefire.util.ReflectionUtils.invokeMethodWithArray(ReflectionUtils.java:164) [surefire-api-2.10.jar:2.10]
	at org.apache.maven.surefire.booter.ProviderFactory$ProviderProxy.invoke(ProviderFactory.java:110) [surefire-booter-2.10.jar:2.10]
	at org.apache.maven.surefire.booter.SurefireStarter.invokeProvider(SurefireStarter.java:175) [surefire-booter-2.10.jar:2.10]
	at org.apache.maven.surefire.booter.SurefireStarter.runSuitesInProcessWhenForked(SurefireStarter.java:107) [surefire-booter-2.10.jar:2.10]
	at org.apache.maven.surefire.booter.ForkedBooter.main(ForkedBooter.java:68) [surefire-booter-2.10.jar:2.10]
Caused by: org.springframework.beans.factory.BeanCreationException: Error creating bean with name &apos;adminResource&apos;: Injection of autowired dependencies failed; nested exception is org.springframework.beans.factory.BeanCreationException: Could not autowire field: private com.rackspace.search.service.core.CoreTicketOngoingSyncJob com.rackspace.search.endpoint.AdminResource.coreTicketOngoingSyncJob; nested exception is org.springframework.beans.factory.BeanCreationException: Error creating bean with name &apos;coreTicketOngoingSyncJob&apos;: Invocation of init method failed; nested exception is org.elasticsearch.indices.IndexMissingException: [admin] missing
	at org.springframework.beans.factory.annotation.AutowiredAnnotationBeanPostProcessor.postProcessPropertyValues(AutowiredAnnotationBeanPostProcessor.java:288) ~[spring-beans-3.0.6.RELEASE.jar:3.0.6.RELEASE]
	at org.springframework.beans.factory.support.AbstractAutowireCapableBeanFactory.populateBean(AbstractAutowireCapableBeanFactory.java:1074) ~[spring-beans-3.0.6.RELEASE.jar:3.0.6.RELEASE]
	at org.springframework.beans.factory.support.AbstractAutowireCapableBeanFactory.doCreateBean(AbstractAutowireCapableBeanFactory.java:517) ~[spring-beans-3.0.6.RELEASE.jar:3.0.6.RELEASE]
	at org.springframework.beans.factory.support.AbstractAutowireCapableBeanFactory.createBean(AbstractAutowireCapableBeanFactory.java:456) ~[spring-beans-3.0.6.RELEASE.jar:3.0.6.RELEASE]
	at org.springframework.beans.factory.support.AbstractBeanFactory$1.getObject(AbstractBeanFactory.java:293) ~[spring-beans-3.0.6.RELEASE.jar:3.0.6.RELEASE]
	at org.springframework.beans.factory.support.DefaultSingletonBeanRegistry.getSingleton(DefaultSingletonBeanRegistry.java:222) ~[spring-beans-3.0.6.RELEASE.jar:3.0.6.RELEASE]
	at org.springframework.beans.factory.support.AbstractBeanFactory.doGetBean(AbstractBeanFactory.java:290) ~[spring-beans-3.0.6.RELEASE.jar:3.0.6.RELEASE]
	at org.springframework.beans.factory.support.AbstractBeanFactory.getBean(AbstractBeanFactory.java:192) ~[spring-beans-3.0.6.RELEASE.jar:3.0.6.RELEASE]
	at org.springframework.beans.factory.support.DefaultListableBeanFactory.preInstantiateSingletons(DefaultListableBeanFactory.java:585) ~[spring-beans-3.0.6.RELEASE.jar:3.0.6.RELEASE]
	at org.springframework.context.support.AbstractApplicationContext.finishBeanFactoryInitialization(AbstractApplicationContext.java:895) ~[spring-context-3.0.6.RELEASE.jar:3.0.6.RELEASE]
	at org.springframework.context.support.AbstractApplicationContext.refresh(AbstractApplicationContext.java:425) ~[spring-context-3.0.6.RELEASE.jar:3.0.6.RELEASE]
	at org.springframework.test.context.support.AbstractGenericContextLoader.loadContext(AbstractGenericContextLoader.java:84) ~[spring-test-3.0.6.RELEASE.jar:3.0.6.RELEASE]
	at org.springframework.test.context.support.AbstractGenericContextLoader.loadContext(AbstractGenericContextLoader.java:1) ~[spring-test-3.0.6.RELEASE.jar:3.0.6.RELEASE]
	at org.springframework.test.context.TestContext.loadApplicationContext(TestContext.java:280) ~[spring-test-3.0.6.RELEASE.jar:3.0.6.RELEASE]
	at org.springframework.test.context.TestContext.getApplicationContext(TestContext.java:304) ~[spring-test-3.0.6.RELEASE.jar:3.0.6.RELEASE]
	... 51 common frames omitted
Caused by: org.springframework.beans.factory.BeanCreationException: Could not autowire field: private com.rackspace.search.service.core.CoreTicketOngoingSyncJob com.rackspace.search.endpoint.AdminResource.coreTicketOngoingSyncJob; nested exception is org.springframework.beans.factory.BeanCreationException: Error creating bean with name &apos;coreTicketOngoingSyncJob&apos;: Invocation of init method failed; nested exception is org.elasticsearch.indices.IndexMissingException: [admin] missing
	at org.springframework.beans.factory.annotation.AutowiredAnnotationBeanPostProcessor$AutowiredFieldElement.inject(AutowiredAnnotationBeanPostProcessor.java:508) ~[spring-beans-3.0.6.RELEASE.jar:3.0.6.RELEASE]
	at org.springframework.beans.factory.annotation.InjectionMetadata.inject(InjectionMetadata.java:84) ~[spring-beans-3.0.6.RELEASE.jar:3.0.6.RELEASE]
	at org.springframework.beans.factory.annotation.AutowiredAnnotationBeanPostProcessor.postProcessPropertyValues(AutowiredAnnotationBeanPostProcessor.java:285) ~[spring-beans-3.0.6.RELEASE.jar:3.0.6.RELEASE]
	... 65 common frames omitted
Caused by: org.springframework.beans.factory.BeanCreationException: Error creating bean with name &apos;coreTicketOngoingSyncJob&apos;: Invocation of init method failed; nested exception is org.elasticsearch.indices.IndexMissingException: [admin] missing
	at org.springframework.beans.factory.annotation.InitDestroyAnnotationBeanPostProcessor.postProcessBeforeInitialization(InitDestroyAnnotationBeanPostProcessor.java:133) ~[spring-beans-3.0.6.RELEASE.jar:3.0.6.RELEASE]
	at org.springframework.beans.factory.support.AbstractAutowireCapableBeanFactory.applyBeanPostProcessorsBeforeInitialization(AbstractAutowireCapableBeanFactory.java:394) ~[spring-beans-3.0.6.RELEASE.jar:3.0.6.RELEASE]
	at org.springframework.beans.factory.support.AbstractAutowireCapableBeanFactory.initializeBean(AbstractAutowireCapableBeanFactory.java:1413) ~[spring-beans-3.0.6.RELEASE.jar:3.0.6.RELEASE]
	at org.springframework.beans.factory.support.AbstractAutowireCapableBeanFactory.doCreateBean(AbstractAutowireCapableBeanFactory.java:519) ~[spring-beans-3.0.6.RELEASE.jar:3.0.6.RELEASE]
	at org.springframework.beans.factory.support.AbstractAutowireCapableBeanFactory.createBean(AbstractAutowireCapableBeanFactory.java:456) ~[spring-beans-3.0.6.RELEASE.jar:3.0.6.RELEASE]
	at org.springframework.beans.factory.support.AbstractBeanFactory$1.getObject(AbstractBeanFactory.java:293) ~[spring-beans-3.0.6.RELEASE.jar:3.0.6.RELEASE]
	at org.springframework.beans.factory.support.DefaultSingletonBeanRegistry.getSingleton(DefaultSingletonBeanRegistry.java:222) ~[spring-beans-3.0.6.RELEASE.jar:3.0.6.RELEASE]
	at org.springframework.beans.factory.support.AbstractBeanFactory.doGetBean(AbstractBeanFactory.java:290) ~[spring-beans-3.0.6.RELEASE.jar:3.0.6.RELEASE]
	at org.springframework.beans.factory.support.AbstractBeanFactory.getBean(AbstractBeanFactory.java:192) ~[spring-beans-3.0.6.RELEASE.jar:3.0.6.RELEASE]
	at org.springframework.beans.factory.support.DefaultListableBeanFactory.findAutowireCandidates(DefaultListableBeanFactory.java:848) ~[spring-beans-3.0.6.RELEASE.jar:3.0.6.RELEASE]
	at org.springframework.beans.factory.support.DefaultListableBeanFactory.doResolveDependency(DefaultListableBeanFactory.java:790) ~[spring-beans-3.0.6.RELEASE.jar:3.0.6.RELEASE]
	at org.springframework.beans.factory.support.DefaultListableBeanFactory.resolveDependency(DefaultListableBeanFactory.java:707) ~[spring-beans-3.0.6.RELEASE.jar:3.0.6.RELEASE]
	at org.springframework.beans.factory.annotation.AutowiredAnnotationBeanPostProcessor$AutowiredFieldElement.inject(AutowiredAnnotationBeanPostProcessor.java:480) ~[spring-beans-3.0.6.RELEASE.jar:3.0.6.RELEASE]
	... 67 common frames omitted
Caused by: org.elasticsearch.indices.IndexMissingException: [admin] missing
	at org.elasticsearch.cluster.metadata.MetaData.concreteIndex(MetaData.java:211) ~[elasticsearch-0.16.2.jar:na]
	at org.elasticsearch.action.support.single.shard.TransportShardSingleOperationAction$AsyncSingleAction.&lt;init&gt;(TransportShardSingleOperationAction.java:107) ~[elasticsearch-0.16.2.jar:na]
	at org.elasticsearch.action.support.single.shard.TransportShardSingleOperationAction$AsyncSingleAction.&lt;init&gt;(TransportShardSingleOperationAction.java:88) ~[elasticsearch-0.16.2.jar:na]
	at org.elasticsearch.action.support.single.shard.TransportShardSingleOperationAction.doExecute(TransportShardSingleOperationAction.java:69) ~[elasticsearch-0.16.2.jar:na]
	at org.elasticsearch.action.support.single.shard.TransportShardSingleOperationAction.doExecute(TransportShardSingleOperationAction.java:45) ~[elasticsearch-0.16.2.jar:na]
	at org.elasticsearch.action.support.BaseAction.execute(BaseAction.java:61) ~[elasticsearch-0.16.2.jar:na]
	at org.elasticsearch.client.node.NodeClient.get(NodeClient.java:152) ~[elasticsearch-0.16.2.jar:na]
	at org.elasticsearch.client.action.get.GetRequestBuilder.doExecute(GetRequestBuilder.java:119) ~[elasticsearch-0.16.2.jar:na]
	at org.elasticsearch.client.action.support.BaseRequestBuilder.execute(BaseRequestBuilder.java:56) ~[elasticsearch-0.16.2.jar:na]
	at org.elasticsearch.client.action.support.BaseRequestBuilder.execute(BaseRequestBuilder.java:51) ~[elasticsearch-0.16.2.jar:na]
	at org.elasticsearch.client.action.RequestBuilder$execute.call(Unknown Source) ~[na:na]
	at com.rackspace.search.elasticsearch.client.ElasticSearchClient.getDocument(ElasticSearchClient.groovy:202) ~[classes/:na]
	at com.rackspace.search.elasticsearch.client.ElasticSearchClient$getDocument.call(Unknown Source) ~[na:na]
	at com.rackspace.search.service.JobService.getJob(JobService.groovy:38) ~[classes/:na]
	at com.rackspace.search.service.JobService$getJob.call(Unknown Source) ~[na:na]
	at com.rackspace.search.service.core.CoreTicketOngoingSyncJob.setupActivities(CoreTicketOnGoingSyncJob.groovy:54) ~[classes/:na]
	at sun.reflect.NativeMethodAccessorImpl.invoke0(Native Method) ~[na:1.6.0_38]
	at sun.reflect.NativeMethodAccessorImpl.invoke(NativeMethodAccessorImpl.java:39) ~[na:1.6.0_38]
	at sun.reflect.DelegatingMethodAccessorImpl.invoke(DelegatingMethodAccessorImpl.java:25) ~[na:1.6.0_38]
	at java.lang.reflect.Method.invoke(Method.java:597) ~[na:1.6.0_38]
	at org.springframework.beans.factory.annotation.InitDestroyAnnotationBeanPostProcessor$LifecycleElement.invoke(InitDestroyAnnotationBeanPostProcessor.java:340) ~[spring-beans-3.0.6.RELEASE.jar:3.0.6.RELEASE]
	at org.springframework.beans.factory.annotation.InitDestroyAnnotationBeanPostProcessor$LifecycleMetadata.invokeInitMethods(InitDestroyAnnotationBeanPostProcessor.java:293) ~[spring-beans-3.0.6.RELEASE.jar:3.0.6.RELEASE]
	at org.springframework.beans.factory.annotation.InitDestroyAnnotationBeanPostProcessor.postProcessBeforeInitialization(InitDestroyAnnotationBeanPostProcessor.java:130) ~[spring-beans-3.0.6.RELEASE.jar:3.0.6.RELEASE]
	... 79 common frames omitted
</stdout>
          <failedSince>1</failedSince>
        </case>
        <case>
          <duration>0.467</duration>
          <className>com.rackspace.search.elasticsearch.client.ElasticSearchClientFactoryBeanTest</className>
          <testName>is Mapping Exist for type</testName>
          <skipped>false</skipped>
          <errorStackTrace>java.lang.IllegalStateException: Failed to load ApplicationContext
	at org.springframework.test.context.TestContext.getApplicationContext(TestContext.java:308)
	at org.springframework.test.context.support.DependencyInjectionTestExecutionListener.injectDependencies(DependencyInjectionTestExecutionListener.java:109)
	at org.springframework.test.context.support.DependencyInjectionTestExecutionListener.prepareTestInstance(DependencyInjectionTestExecutionListener.java:75)
	at org.springframework.test.context.TestContextManager.prepareTestInstance(TestContextManager.java:321)
	at org.spockframework.spring.SpringTestContextManager.prepareTestInstance(SpringTestContextManager.java:49)
	at org.spockframework.spring.SpringInterceptor.interceptSetupMethod(SpringInterceptor.java:42)
	at org.spockframework.runtime.extension.AbstractMethodInterceptor.intercept(AbstractMethodInterceptor.java:28)
	at org.spockframework.runtime.extension.MethodInvocation.proceed(MethodInvocation.java:84)
	at org.spockframework.util.ReflectionUtil.invokeMethod(ReflectionUtil.java:138)
	at org.spockframework.util.ReflectionUtil.invokeMethod(ReflectionUtil.java:138)
	at org.spockframework.util.ReflectionUtil.invokeMethod(ReflectionUtil.java:138)
	at org.apache.maven.surefire.junit4.JUnit4TestSet.execute(JUnit4TestSet.java:53)
	at org.apache.maven.surefire.junit4.JUnit4Provider.executeTestSet(JUnit4Provider.java:123)
	at org.apache.maven.surefire.junit4.JUnit4Provider.invoke(JUnit4Provider.java:104)
	at org.apache.maven.surefire.util.ReflectionUtils.invokeMethodWithArray(ReflectionUtils.java:164)
	at org.apache.maven.surefire.booter.ProviderFactory$ProviderProxy.invoke(ProviderFactory.java:110)
	at org.apache.maven.surefire.booter.SurefireStarter.invokeProvider(SurefireStarter.java:175)
	at org.apache.maven.surefire.booter.SurefireStarter.runSuitesInProcessWhenForked(SurefireStarter.java:107)
	at org.apache.maven.surefire.booter.ForkedBooter.main(ForkedBooter.java:68)
Caused by: org.springframework.beans.factory.BeanCreationException: Error creating bean with name &apos;adminResource&apos;: Injection of autowired dependencies failed; nested exception is org.springframework.beans.factory.BeanCreationException: Could not autowire field: private com.rackspace.search.service.core.CoreTicketOngoingSyncJob com.rackspace.search.endpoint.AdminResource.coreTicketOngoingSyncJob; nested exception is org.springframework.beans.factory.BeanCreationException: Error creating bean with name &apos;coreTicketOngoingSyncJob&apos;: Invocation of init method failed; nested exception is org.elasticsearch.indices.IndexMissingException: [admin] missing
	at org.springframework.beans.factory.annotation.AutowiredAnnotationBeanPostProcessor.postProcessPropertyValues(AutowiredAnnotationBeanPostProcessor.java:288)
	at org.springframework.beans.factory.support.AbstractAutowireCapableBeanFactory.populateBean(AbstractAutowireCapableBeanFactory.java:1074)
	at org.springframework.beans.factory.support.AbstractAutowireCapableBeanFactory.doCreateBean(AbstractAutowireCapableBeanFactory.java:517)
	at org.springframework.beans.factory.support.AbstractAutowireCapableBeanFactory.createBean(AbstractAutowireCapableBeanFactory.java:456)
	at org.springframework.beans.factory.support.AbstractBeanFactory$1.getObject(AbstractBeanFactory.java:293)
	at org.springframework.beans.factory.support.DefaultSingletonBeanRegistry.getSingleton(DefaultSingletonBeanRegistry.java:222)
	at org.springframework.beans.factory.support.AbstractBeanFactory.doGetBean(AbstractBeanFactory.java:290)
	at org.springframework.beans.factory.support.AbstractBeanFactory.getBean(AbstractBeanFactory.java:192)
	at org.springframework.beans.factory.support.DefaultListableBeanFactory.preInstantiateSingletons(DefaultListableBeanFactory.java:585)
	at org.springframework.context.support.AbstractApplicationContext.finishBeanFactoryInitialization(AbstractApplicationContext.java:895)
	at org.springframework.context.support.AbstractApplicationContext.refresh(AbstractApplicationContext.java:425)
	at org.springframework.test.context.support.AbstractGenericContextLoader.loadContext(AbstractGenericContextLoader.java:84)
	at org.springframework.test.context.support.AbstractGenericContextLoader.loadContext(AbstractGenericContextLoader.java:1)
	at org.springframework.test.context.TestContext.loadApplicationContext(TestContext.java:280)
	at org.springframework.test.context.TestContext.getApplicationContext(TestContext.java:304)
	... 18 more
Caused by: org.springframework.beans.factory.BeanCreationException: Could not autowire field: private com.rackspace.search.service.core.CoreTicketOngoingSyncJob com.rackspace.search.endpoint.AdminResource.coreTicketOngoingSyncJob; nested exception is org.springframework.beans.factory.BeanCreationException: Error creating bean with name &apos;coreTicketOngoingSyncJob&apos;: Invocation of init method failed; nested exception is org.elasticsearch.indices.IndexMissingException: [admin] missing
	at org.springframework.beans.factory.annotation.AutowiredAnnotationBeanPostProcessor$AutowiredFieldElement.inject(AutowiredAnnotationBeanPostProcessor.java:508)
	at org.springframework.beans.factory.annotation.InjectionMetadata.inject(InjectionMetadata.java:84)
	at org.springframework.beans.factory.annotation.AutowiredAnnotationBeanPostProcessor.postProcessPropertyValues(AutowiredAnnotationBeanPostProcessor.java:285)
	... 32 more
Caused by: org.springframework.beans.factory.BeanCreationException: Error creating bean with name &apos;coreTicketOngoingSyncJob&apos;: Invocation of init method failed; nested exception is org.elasticsearch.indices.IndexMissingException: [admin] missing
	at org.springframework.beans.factory.annotation.InitDestroyAnnotationBeanPostProcessor.postProcessBeforeInitialization(InitDestroyAnnotationBeanPostProcessor.java:133)
	at org.springframework.beans.factory.support.AbstractAutowireCapableBeanFactory.applyBeanPostProcessorsBeforeInitialization(AbstractAutowireCapableBeanFactory.java:394)
	at org.springframework.beans.factory.support.AbstractAutowireCapableBeanFactory.initializeBean(AbstractAutowireCapableBeanFactory.java:1413)
	at org.springframework.beans.factory.support.AbstractAutowireCapableBeanFactory.doCreateBean(AbstractAutowireCapableBeanFactory.java:519)
	at org.springframework.beans.factory.support.AbstractAutowireCapableBeanFactory.createBean(AbstractAutowireCapableBeanFactory.java:456)
	at org.springframework.beans.factory.support.AbstractBeanFactory$1.getObject(AbstractBeanFactory.java:293)
	at org.springframework.beans.factory.support.DefaultSingletonBeanRegistry.getSingleton(DefaultSingletonBeanRegistry.java:222)
	at org.springframework.beans.factory.support.AbstractBeanFactory.doGetBean(AbstractBeanFactory.java:290)
	at org.springframework.beans.factory.support.AbstractBeanFactory.getBean(AbstractBeanFactory.java:192)
	at org.springframework.beans.factory.support.DefaultListableBeanFactory.findAutowireCandidates(DefaultListableBeanFactory.java:848)
	at org.springframework.beans.factory.support.DefaultListableBeanFactory.doResolveDependency(DefaultListableBeanFactory.java:790)
	at org.springframework.beans.factory.support.DefaultListableBeanFactory.resolveDependency(DefaultListableBeanFactory.java:707)
	at org.springframework.beans.factory.annotation.AutowiredAnnotationBeanPostProcessor$AutowiredFieldElement.inject(AutowiredAnnotationBeanPostProcessor.java:480)
	... 34 more
Caused by: org.elasticsearch.indices.IndexMissingException: [admin] missing
	at org.elasticsearch.cluster.metadata.MetaData.concreteIndex(MetaData.java:211)
	at org.elasticsearch.action.support.single.shard.TransportShardSingleOperationAction$AsyncSingleAction.&lt;init&gt;(TransportShardSingleOperationAction.java:107)
	at org.elasticsearch.action.support.single.shard.TransportShardSingleOperationAction$AsyncSingleAction.&lt;init&gt;(TransportShardSingleOperationAction.java:88)
	at org.elasticsearch.action.support.single.shard.TransportShardSingleOperationAction.doExecute(TransportShardSingleOperationAction.java:69)
	at org.elasticsearch.action.support.single.shard.TransportShardSingleOperationAction.doExecute(TransportShardSingleOperationAction.java:45)
	at org.elasticsearch.action.support.BaseAction.execute(BaseAction.java:61)
	at org.elasticsearch.client.node.NodeClient.get(NodeClient.java:152)
	at org.elasticsearch.client.action.get.GetRequestBuilder.doExecute(GetRequestBuilder.java:119)
	at org.elasticsearch.client.action.support.BaseRequestBuilder.execute(BaseRequestBuilder.java:56)
	at org.elasticsearch.client.action.support.BaseRequestBuilder.execute(BaseRequestBuilder.java:51)
	at com.rackspace.search.elasticsearch.client.ElasticSearchClient.getDocument(ElasticSearchClient.groovy:202)
	at com.rackspace.search.service.JobService.getJob(JobService.groovy:38)
	at com.rackspace.search.service.core.CoreTicketOngoingSyncJob.setupActivities(CoreTicketOnGoingSyncJob.groovy:54)
	at org.springframework.beans.factory.annotation.InitDestroyAnnotationBeanPostProcessor$LifecycleElement.invoke(InitDestroyAnnotationBeanPostProcessor.java:340)
	at org.springframework.beans.factory.annotation.InitDestroyAnnotationBeanPostProcessor$LifecycleMetadata.invokeInitMethods(InitDestroyAnnotationBeanPostProcessor.java:293)
	at org.springframework.beans.factory.annotation.InitDestroyAnnotationBeanPostProcessor.postProcessBeforeInitialization(InitDestroyAnnotationBeanPostProcessor.java:130)
	... 46 more
</errorStackTrace>
          <errorDetails>Failed to load ApplicationContext</errorDetails>
          <stdout>16:33:19.325 [main] INFO  c.r.s.common.property.PropertyProvider - Loading properties file from file [/var/lib/jenkins/jobs/Samatha Fork/workspace/service/target/properties/local/search.properties]
16:33:19.325 [main] INFO  c.r.s.common.property.PropertyProvider - Loading properties file from file [/var/lib/jenkins/jobs/Samatha Fork/workspace/service/target/properties/local/search.secrets.properties]
16:33:19.326 [main] INFO  c.r.s.common.property.PropertyProvider - Loading properties file from file [/var/lib/jenkins/jobs/Samatha Fork/workspace/service/target/properties/local/elasticsearch.properties]
16:33:19.339 [main] INFO  c.r.s.elasticsearch.ElasticSearchServer - Starting the Elastic Search server node:
16:33:19.346 [main] INFO  org.elasticsearch.node - [ticket.node] {elasticsearch/0.16.2}[16944]: initializing ...
16:33:19.346 [main] INFO  org.elasticsearch.plugins - [ticket.node] loaded []
16:33:19.560 [main] INFO  org.elasticsearch.node - [ticket.node] {elasticsearch/0.16.2}[16944]: initialized
16:33:19.561 [main] INFO  c.r.s.elasticsearch.ElasticSearchServer - Starting the Elastic Search server node with these settings:
16:33:19.562 [main] INFO  c.r.s.elasticsearch.ElasticSearchServer - Elasticsearch Settings :  [core.db.url:jdbc:postgresql://dev.db.core.rackspace.com:5432/core_dev, node.local:true, index.analysis.analyzer.search_standard.filter:[lowercase], elastic.config.path:/var/lib/jenkins/jobs/Samatha Fork/workspace/service/target/properties/local/elasticsearch, path.data:/var/lib/jenkins/jobs/Samatha Fork/workspace/service/target/elasticsearch/data, ticket.core.dateformat:yyyy-MM-dd HH:mm:ss, cluster.name:ticket.cluster, index.analysis.analyzer.search_standard.type:standard, core.db.password:, path.conf:/var/lib/jenkins/jobs/Samatha Fork/workspace/service/target/properties/local/elasticsearch, core.api.password:qwerty, ticket.ongoingsync.delay.seconds:2000, name:ticket.node, http.enabled:true, path.logs:/var/lib/jenkins/jobs/Samatha Fork/workspace/service/target/elasticsearch/logs, index.number_of_replicas:0, ticket.document.idName:number, core.api.endpoint:https://ws.staging.core.rackspace.com/ctkapi, ticket.document.type:ticket, ticket.index.name:ticket, admin.index.name:admin, indices.structure:/indices_structure.json, index.store.fs.memory.enabled:false, index.number_of_shards:5, admin.document.type:syncJob, core.db.username:usq_read, ticket.core.date.timezone:CST, ticket.search.allowedRangeParams:created_at,updated_at,last_public_response_date, ticket.search.allowedTermParams:source_system,number,created_at,updated_at,last_public_response_date,status,queue,category,priority,assignee.name,account.number, core.driver.class:org.postgresql.Driver, core.api.username:rcameron, ticket.elastic.dateformat:yyyy-MM-dd&apos;T&apos;HH:mm:ss.SSSZZ, discovery.zen.ping.multicast.enabled:false, action.auto_create_index:1, path.home:/var/lib/jenkins/jobs/Samatha Fork/workspace/service, path.work:/var/lib/jenkins/jobs/Samatha Fork/workspace/service/work, path.work_with_cluster:/var/lib/jenkins/jobs/Samatha Fork/workspace/service/work/ticket.cluster, path.data_with_cluster:/var/lib/jenkins/jobs/Samatha Fork/workspace/service/target/elasticsearch/data/ticket.cluster]
16:33:19.564 [main] INFO  org.elasticsearch.node - [ticket.node] {elasticsearch/0.16.2}[16944]: starting ...
16:33:19.565 [main] INFO  org.elasticsearch.transport - [ticket.node] bound_address {local[8]}, publish_address {local[8]}
16:33:19.567 [elasticsearch[ticket.node]clusterService#updateTask-pool-109-thread-1] INFO  org.elasticsearch.cluster.service - [ticket.node] new_master [ticket.node][8][local[8]]{local=true}, reason: local-disco-initial_connect(master)
16:33:19.568 [main] INFO  org.elasticsearch.discovery - [ticket.node] ticket.cluster/8
16:33:19.573 [main] INFO  org.elasticsearch.http - [ticket.node] bound_address {inet[/0:0:0:0:0:0:0:0:9200]}, publish_address {inet[/10.14.208.252:9200]}
16:33:19.574 [main] INFO  org.elasticsearch.node - [ticket.node] {elasticsearch/0.16.2}[16944]: started
16:33:19.575 [main] INFO  c.r.s.elasticsearch.ElasticSearchServer - Elastic Search server is started.
16:33:19.577 [elasticsearch[ticket.node]clusterService#updateTask-pool-109-thread-1] INFO  org.elasticsearch.gateway - [ticket.node] recovered [0] indices into cluster_state
16:33:19.579 [main] INFO  c.r.s.elasticsearch.ElasticSearchServer - ES cluster status is GREEN
16:33:19.612 [main] INFO  org.elasticsearch.node - [ticket.node] {elasticsearch/0.16.2}[16944]: stopping ...
16:33:19.615 [main] INFO  org.elasticsearch.node - [ticket.node] {elasticsearch/0.16.2}[16944]: stopped
16:33:19.615 [main] INFO  org.elasticsearch.node - [ticket.node] {elasticsearch/0.16.2}[16944]: closing ...
16:33:19.617 [main] INFO  org.elasticsearch.node - [ticket.node] {elasticsearch/0.16.2}[16944]: closed
16:33:19.624 [main] ERROR o.s.test.context.TestContextManager - Caught exception while allowing TestExecutionListener [org.springframework.test.context.support.DependencyInjectionTestExecutionListener@15aec462] to prepare test instance [com.rackspace.search.elasticsearch.client.ElasticSearchClientFactoryBeanTest@11e95d95]
java.lang.IllegalStateException: Failed to load ApplicationContext
	at org.springframework.test.context.TestContext.getApplicationContext(TestContext.java:308) ~[spring-test-3.0.6.RELEASE.jar:3.0.6.RELEASE]
	at org.springframework.test.context.support.DependencyInjectionTestExecutionListener.injectDependencies(DependencyInjectionTestExecutionListener.java:109) ~[spring-test-3.0.6.RELEASE.jar:3.0.6.RELEASE]
	at org.springframework.test.context.support.DependencyInjectionTestExecutionListener.prepareTestInstance(DependencyInjectionTestExecutionListener.java:75) ~[spring-test-3.0.6.RELEASE.jar:3.0.6.RELEASE]
	at org.springframework.test.context.TestContextManager.prepareTestInstance(TestContextManager.java:321) ~[spring-test-3.0.6.RELEASE.jar:3.0.6.RELEASE]
	at org.spockframework.spring.SpringTestContextManager.prepareTestInstance(SpringTestContextManager.java:49) [spock-spring-0.7-groovy-2.0.jar:na]
	at org.spockframework.spring.SpringInterceptor.interceptSetupMethod(SpringInterceptor.java:42) [spock-spring-0.7-groovy-2.0.jar:na]
	at org.spockframework.runtime.extension.AbstractMethodInterceptor.intercept(AbstractMethodInterceptor.java:28) [spock-core-0.7-groovy-2.0.jar:na]
	at org.spockframework.runtime.extension.MethodInvocation.proceed(MethodInvocation.java:84) [spock-core-0.7-groovy-2.0.jar:na]
	at org.spockframework.runtime.BaseSpecRunner.invoke(BaseSpecRunner.java:319) [spock-core-0.7-groovy-2.0.jar:na]
	at org.spockframework.runtime.BaseSpecRunner.invokeSetup(BaseSpecRunner.java:279) [spock-core-0.7-groovy-2.0.jar:na]
	at org.spockframework.runtime.BaseSpecRunner.doRunIteration(BaseSpecRunner.java:255) [spock-core-0.7-groovy-2.0.jar:na]
	at sun.reflect.GeneratedMethodAccessor11.invoke(Unknown Source) ~[na:na]
	at sun.reflect.DelegatingMethodAccessorImpl.invoke(DelegatingMethodAccessorImpl.java:25) ~[na:1.6.0_38]
	at java.lang.reflect.Method.invoke(Method.java:597) ~[na:1.6.0_38]
	at org.spockframework.util.ReflectionUtil.invokeMethod(ReflectionUtil.java:138) [spock-core-0.7-groovy-2.0.jar:na]
	at org.spockframework.runtime.BaseSpecRunner.invokeRaw(BaseSpecRunner.java:330) [spock-core-0.7-groovy-2.0.jar:na]
	at org.spockframework.runtime.BaseSpecRunner.invoke(BaseSpecRunner.java:311) [spock-core-0.7-groovy-2.0.jar:na]
	at org.spockframework.runtime.BaseSpecRunner.runIteration(BaseSpecRunner.java:223) [spock-core-0.7-groovy-2.0.jar:na]
	at org.spockframework.runtime.BaseSpecRunner.initializeAndRunIteration(BaseSpecRunner.java:214) [spock-core-0.7-groovy-2.0.jar:na]
	at org.spockframework.runtime.BaseSpecRunner.runSimpleFeature(BaseSpecRunner.java:205) [spock-core-0.7-groovy-2.0.jar:na]
	at org.spockframework.runtime.BaseSpecRunner.doRunFeature(BaseSpecRunner.java:199) [spock-core-0.7-groovy-2.0.jar:na]
	at sun.reflect.GeneratedMethodAccessor12.invoke(Unknown Source) ~[na:na]
	at sun.reflect.DelegatingMethodAccessorImpl.invoke(DelegatingMethodAccessorImpl.java:25) ~[na:1.6.0_38]
	at java.lang.reflect.Method.invoke(Method.java:597) ~[na:1.6.0_38]
	at org.spockframework.util.ReflectionUtil.invokeMethod(ReflectionUtil.java:138) [spock-core-0.7-groovy-2.0.jar:na]
	at org.spockframework.runtime.BaseSpecRunner.invokeRaw(BaseSpecRunner.java:330) [spock-core-0.7-groovy-2.0.jar:na]
	at org.spockframework.runtime.BaseSpecRunner.invoke(BaseSpecRunner.java:311) [spock-core-0.7-groovy-2.0.jar:na]
	at org.spockframework.runtime.BaseSpecRunner.runFeature(BaseSpecRunner.java:175) [spock-core-0.7-groovy-2.0.jar:na]
	at org.spockframework.runtime.BaseSpecRunner.runFeatures(BaseSpecRunner.java:152) [spock-core-0.7-groovy-2.0.jar:na]
	at org.spockframework.runtime.BaseSpecRunner.doRunSpec(BaseSpecRunner.java:112) [spock-core-0.7-groovy-2.0.jar:na]
	at sun.reflect.NativeMethodAccessorImpl.invoke0(Native Method) ~[na:1.6.0_38]
	at sun.reflect.NativeMethodAccessorImpl.invoke(NativeMethodAccessorImpl.java:39) ~[na:1.6.0_38]
	at sun.reflect.DelegatingMethodAccessorImpl.invoke(DelegatingMethodAccessorImpl.java:25) ~[na:1.6.0_38]
	at java.lang.reflect.Method.invoke(Method.java:597) ~[na:1.6.0_38]
	at org.spockframework.util.ReflectionUtil.invokeMethod(ReflectionUtil.java:138) [spock-core-0.7-groovy-2.0.jar:na]
	at org.spockframework.runtime.BaseSpecRunner.invokeRaw(BaseSpecRunner.java:330) [spock-core-0.7-groovy-2.0.jar:na]
	at org.spockframework.runtime.BaseSpecRunner.invoke(BaseSpecRunner.java:311) [spock-core-0.7-groovy-2.0.jar:na]
	at org.spockframework.runtime.BaseSpecRunner.runSpec(BaseSpecRunner.java:91) [spock-core-0.7-groovy-2.0.jar:na]
	at org.spockframework.runtime.BaseSpecRunner.run(BaseSpecRunner.java:82) [spock-core-0.7-groovy-2.0.jar:na]
	at org.spockframework.runtime.Sputnik.run(Sputnik.java:63) [spock-core-0.7-groovy-2.0.jar:na]
	at org.apache.maven.surefire.junit4.JUnit4TestSet.execute(JUnit4TestSet.java:53) [surefire-junit4-2.10.jar:2.10]
	at org.apache.maven.surefire.junit4.JUnit4Provider.executeTestSet(JUnit4Provider.java:123) [surefire-junit4-2.10.jar:2.10]
	at org.apache.maven.surefire.junit4.JUnit4Provider.invoke(JUnit4Provider.java:104) [surefire-junit4-2.10.jar:2.10]
	at sun.reflect.NativeMethodAccessorImpl.invoke0(Native Method) ~[na:1.6.0_38]
	at sun.reflect.NativeMethodAccessorImpl.invoke(NativeMethodAccessorImpl.java:39) ~[na:1.6.0_38]
	at sun.reflect.DelegatingMethodAccessorImpl.invoke(DelegatingMethodAccessorImpl.java:25) ~[na:1.6.0_38]
	at java.lang.reflect.Method.invoke(Method.java:597) ~[na:1.6.0_38]
	at org.apache.maven.surefire.util.ReflectionUtils.invokeMethodWithArray(ReflectionUtils.java:164) [surefire-api-2.10.jar:2.10]
	at org.apache.maven.surefire.booter.ProviderFactory$ProviderProxy.invoke(ProviderFactory.java:110) [surefire-booter-2.10.jar:2.10]
	at org.apache.maven.surefire.booter.SurefireStarter.invokeProvider(SurefireStarter.java:175) [surefire-booter-2.10.jar:2.10]
	at org.apache.maven.surefire.booter.SurefireStarter.runSuitesInProcessWhenForked(SurefireStarter.java:107) [surefire-booter-2.10.jar:2.10]
	at org.apache.maven.surefire.booter.ForkedBooter.main(ForkedBooter.java:68) [surefire-booter-2.10.jar:2.10]
Caused by: org.springframework.beans.factory.BeanCreationException: Error creating bean with name &apos;adminResource&apos;: Injection of autowired dependencies failed; nested exception is org.springframework.beans.factory.BeanCreationException: Could not autowire field: private com.rackspace.search.service.core.CoreTicketOngoingSyncJob com.rackspace.search.endpoint.AdminResource.coreTicketOngoingSyncJob; nested exception is org.springframework.beans.factory.BeanCreationException: Error creating bean with name &apos;coreTicketOngoingSyncJob&apos;: Invocation of init method failed; nested exception is org.elasticsearch.indices.IndexMissingException: [admin] missing
	at org.springframework.beans.factory.annotation.AutowiredAnnotationBeanPostProcessor.postProcessPropertyValues(AutowiredAnnotationBeanPostProcessor.java:288) ~[spring-beans-3.0.6.RELEASE.jar:3.0.6.RELEASE]
	at org.springframework.beans.factory.support.AbstractAutowireCapableBeanFactory.populateBean(AbstractAutowireCapableBeanFactory.java:1074) ~[spring-beans-3.0.6.RELEASE.jar:3.0.6.RELEASE]
	at org.springframework.beans.factory.support.AbstractAutowireCapableBeanFactory.doCreateBean(AbstractAutowireCapableBeanFactory.java:517) ~[spring-beans-3.0.6.RELEASE.jar:3.0.6.RELEASE]
	at org.springframework.beans.factory.support.AbstractAutowireCapableBeanFactory.createBean(AbstractAutowireCapableBeanFactory.java:456) ~[spring-beans-3.0.6.RELEASE.jar:3.0.6.RELEASE]
	at org.springframework.beans.factory.support.AbstractBeanFactory$1.getObject(AbstractBeanFactory.java:293) ~[spring-beans-3.0.6.RELEASE.jar:3.0.6.RELEASE]
	at org.springframework.beans.factory.support.DefaultSingletonBeanRegistry.getSingleton(DefaultSingletonBeanRegistry.java:222) ~[spring-beans-3.0.6.RELEASE.jar:3.0.6.RELEASE]
	at org.springframework.beans.factory.support.AbstractBeanFactory.doGetBean(AbstractBeanFactory.java:290) ~[spring-beans-3.0.6.RELEASE.jar:3.0.6.RELEASE]
	at org.springframework.beans.factory.support.AbstractBeanFactory.getBean(AbstractBeanFactory.java:192) ~[spring-beans-3.0.6.RELEASE.jar:3.0.6.RELEASE]
	at org.springframework.beans.factory.support.DefaultListableBeanFactory.preInstantiateSingletons(DefaultListableBeanFactory.java:585) ~[spring-beans-3.0.6.RELEASE.jar:3.0.6.RELEASE]
	at org.springframework.context.support.AbstractApplicationContext.finishBeanFactoryInitialization(AbstractApplicationContext.java:895) ~[spring-context-3.0.6.RELEASE.jar:3.0.6.RELEASE]
	at org.springframework.context.support.AbstractApplicationContext.refresh(AbstractApplicationContext.java:425) ~[spring-context-3.0.6.RELEASE.jar:3.0.6.RELEASE]
	at org.springframework.test.context.support.AbstractGenericContextLoader.loadContext(AbstractGenericContextLoader.java:84) ~[spring-test-3.0.6.RELEASE.jar:3.0.6.RELEASE]
	at org.springframework.test.context.support.AbstractGenericContextLoader.loadContext(AbstractGenericContextLoader.java:1) ~[spring-test-3.0.6.RELEASE.jar:3.0.6.RELEASE]
	at org.springframework.test.context.TestContext.loadApplicationContext(TestContext.java:280) ~[spring-test-3.0.6.RELEASE.jar:3.0.6.RELEASE]
	at org.springframework.test.context.TestContext.getApplicationContext(TestContext.java:304) ~[spring-test-3.0.6.RELEASE.jar:3.0.6.RELEASE]
	... 51 common frames omitted
Caused by: org.springframework.beans.factory.BeanCreationException: Could not autowire field: private com.rackspace.search.service.core.CoreTicketOngoingSyncJob com.rackspace.search.endpoint.AdminResource.coreTicketOngoingSyncJob; nested exception is org.springframework.beans.factory.BeanCreationException: Error creating bean with name &apos;coreTicketOngoingSyncJob&apos;: Invocation of init method failed; nested exception is org.elasticsearch.indices.IndexMissingException: [admin] missing
	at org.springframework.beans.factory.annotation.AutowiredAnnotationBeanPostProcessor$AutowiredFieldElement.inject(AutowiredAnnotationBeanPostProcessor.java:508) ~[spring-beans-3.0.6.RELEASE.jar:3.0.6.RELEASE]
	at org.springframework.beans.factory.annotation.InjectionMetadata.inject(InjectionMetadata.java:84) ~[spring-beans-3.0.6.RELEASE.jar:3.0.6.RELEASE]
	at org.springframework.beans.factory.annotation.AutowiredAnnotationBeanPostProcessor.postProcessPropertyValues(AutowiredAnnotationBeanPostProcessor.java:285) ~[spring-beans-3.0.6.RELEASE.jar:3.0.6.RELEASE]
	... 65 common frames omitted
Caused by: org.springframework.beans.factory.BeanCreationException: Error creating bean with name &apos;coreTicketOngoingSyncJob&apos;: Invocation of init method failed; nested exception is org.elasticsearch.indices.IndexMissingException: [admin] missing
	at org.springframework.beans.factory.annotation.InitDestroyAnnotationBeanPostProcessor.postProcessBeforeInitialization(InitDestroyAnnotationBeanPostProcessor.java:133) ~[spring-beans-3.0.6.RELEASE.jar:3.0.6.RELEASE]
	at org.springframework.beans.factory.support.AbstractAutowireCapableBeanFactory.applyBeanPostProcessorsBeforeInitialization(AbstractAutowireCapableBeanFactory.java:394) ~[spring-beans-3.0.6.RELEASE.jar:3.0.6.RELEASE]
	at org.springframework.beans.factory.support.AbstractAutowireCapableBeanFactory.initializeBean(AbstractAutowireCapableBeanFactory.java:1413) ~[spring-beans-3.0.6.RELEASE.jar:3.0.6.RELEASE]
	at org.springframework.beans.factory.support.AbstractAutowireCapableBeanFactory.doCreateBean(AbstractAutowireCapableBeanFactory.java:519) ~[spring-beans-3.0.6.RELEASE.jar:3.0.6.RELEASE]
	at org.springframework.beans.factory.support.AbstractAutowireCapableBeanFactory.createBean(AbstractAutowireCapableBeanFactory.java:456) ~[spring-beans-3.0.6.RELEASE.jar:3.0.6.RELEASE]
	at org.springframework.beans.factory.support.AbstractBeanFactory$1.getObject(AbstractBeanFactory.java:293) ~[spring-beans-3.0.6.RELEASE.jar:3.0.6.RELEASE]
	at org.springframework.beans.factory.support.DefaultSingletonBeanRegistry.getSingleton(DefaultSingletonBeanRegistry.java:222) ~[spring-beans-3.0.6.RELEASE.jar:3.0.6.RELEASE]
	at org.springframework.beans.factory.support.AbstractBeanFactory.doGetBean(AbstractBeanFactory.java:290) ~[spring-beans-3.0.6.RELEASE.jar:3.0.6.RELEASE]
	at org.springframework.beans.factory.support.AbstractBeanFactory.getBean(AbstractBeanFactory.java:192) ~[spring-beans-3.0.6.RELEASE.jar:3.0.6.RELEASE]
	at org.springframework.beans.factory.support.DefaultListableBeanFactory.findAutowireCandidates(DefaultListableBeanFactory.java:848) ~[spring-beans-3.0.6.RELEASE.jar:3.0.6.RELEASE]
	at org.springframework.beans.factory.support.DefaultListableBeanFactory.doResolveDependency(DefaultListableBeanFactory.java:790) ~[spring-beans-3.0.6.RELEASE.jar:3.0.6.RELEASE]
	at org.springframework.beans.factory.support.DefaultListableBeanFactory.resolveDependency(DefaultListableBeanFactory.java:707) ~[spring-beans-3.0.6.RELEASE.jar:3.0.6.RELEASE]
	at org.springframework.beans.factory.annotation.AutowiredAnnotationBeanPostProcessor$AutowiredFieldElement.inject(AutowiredAnnotationBeanPostProcessor.java:480) ~[spring-beans-3.0.6.RELEASE.jar:3.0.6.RELEASE]
	... 67 common frames omitted
Caused by: org.elasticsearch.indices.IndexMissingException: [admin] missing
	at org.elasticsearch.cluster.metadata.MetaData.concreteIndex(MetaData.java:211) ~[elasticsearch-0.16.2.jar:na]
	at org.elasticsearch.action.support.single.shard.TransportShardSingleOperationAction$AsyncSingleAction.&lt;init&gt;(TransportShardSingleOperationAction.java:107) ~[elasticsearch-0.16.2.jar:na]
	at org.elasticsearch.action.support.single.shard.TransportShardSingleOperationAction$AsyncSingleAction.&lt;init&gt;(TransportShardSingleOperationAction.java:88) ~[elasticsearch-0.16.2.jar:na]
	at org.elasticsearch.action.support.single.shard.TransportShardSingleOperationAction.doExecute(TransportShardSingleOperationAction.java:69) ~[elasticsearch-0.16.2.jar:na]
	at org.elasticsearch.action.support.single.shard.TransportShardSingleOperationAction.doExecute(TransportShardSingleOperationAction.java:45) ~[elasticsearch-0.16.2.jar:na]
	at org.elasticsearch.action.support.BaseAction.execute(BaseAction.java:61) ~[elasticsearch-0.16.2.jar:na]
	at org.elasticsearch.client.node.NodeClient.get(NodeClient.java:152) ~[elasticsearch-0.16.2.jar:na]
	at org.elasticsearch.client.action.get.GetRequestBuilder.doExecute(GetRequestBuilder.java:119) ~[elasticsearch-0.16.2.jar:na]
	at org.elasticsearch.client.action.support.BaseRequestBuilder.execute(BaseRequestBuilder.java:56) ~[elasticsearch-0.16.2.jar:na]
	at org.elasticsearch.client.action.support.BaseRequestBuilder.execute(BaseRequestBuilder.java:51) ~[elasticsearch-0.16.2.jar:na]
	at org.elasticsearch.client.action.RequestBuilder$execute.call(Unknown Source) ~[na:na]
	at com.rackspace.search.elasticsearch.client.ElasticSearchClient.getDocument(ElasticSearchClient.groovy:202) ~[classes/:na]
	at com.rackspace.search.elasticsearch.client.ElasticSearchClient$getDocument.call(Unknown Source) ~[na:na]
	at com.rackspace.search.service.JobService.getJob(JobService.groovy:38) ~[classes/:na]
	at com.rackspace.search.service.JobService$getJob.call(Unknown Source) ~[na:na]
	at com.rackspace.search.service.core.CoreTicketOngoingSyncJob.setupActivities(CoreTicketOnGoingSyncJob.groovy:54) ~[classes/:na]
	at sun.reflect.NativeMethodAccessorImpl.invoke0(Native Method) ~[na:1.6.0_38]
	at sun.reflect.NativeMethodAccessorImpl.invoke(NativeMethodAccessorImpl.java:39) ~[na:1.6.0_38]
	at sun.reflect.DelegatingMethodAccessorImpl.invoke(DelegatingMethodAccessorImpl.java:25) ~[na:1.6.0_38]
	at java.lang.reflect.Method.invoke(Method.java:597) ~[na:1.6.0_38]
	at org.springframework.beans.factory.annotation.InitDestroyAnnotationBeanPostProcessor$LifecycleElement.invoke(InitDestroyAnnotationBeanPostProcessor.java:340) ~[spring-beans-3.0.6.RELEASE.jar:3.0.6.RELEASE]
	at org.springframework.beans.factory.annotation.InitDestroyAnnotationBeanPostProcessor$LifecycleMetadata.invokeInitMethods(InitDestroyAnnotationBeanPostProcessor.java:293) ~[spring-beans-3.0.6.RELEASE.jar:3.0.6.RELEASE]
	at org.springframework.beans.factory.annotation.InitDestroyAnnotationBeanPostProcessor.postProcessBeforeInitialization(InitDestroyAnnotationBeanPostProcessor.java:130) ~[spring-beans-3.0.6.RELEASE.jar:3.0.6.RELEASE]
	... 79 common frames omitted
</stdout>
          <failedSince>1</failedSince>
        </case>
      </cases>
    </suite>
    <suite>
      <file>/var/lib/jenkins/jobs/Samatha Fork/workspace/service/target/surefire-reports/TEST-com.rackspace.search.elasticsearch.client.ElasticSearchClientTest.xml</file>
      <name>com.rackspace.search.elasticsearch.client.ElasticSearchClientTest</name>
      <duration>6.279</duration>
      <cases>
        <case>
          <duration>0.425</duration>
          <className>com.rackspace.search.elasticsearch.client.ElasticSearchClientTest</className>
          <testName>post bulk data</testName>
          <skipped>false</skipped>
          <errorStackTrace>java.lang.IllegalStateException: Failed to load ApplicationContext
	at org.springframework.test.context.TestContext.getApplicationContext(TestContext.java:308)
	at org.springframework.test.context.support.DependencyInjectionTestExecutionListener.injectDependencies(DependencyInjectionTestExecutionListener.java:109)
	at org.springframework.test.context.support.DependencyInjectionTestExecutionListener.prepareTestInstance(DependencyInjectionTestExecutionListener.java:75)
	at org.springframework.test.context.TestContextManager.prepareTestInstance(TestContextManager.java:321)
	at org.spockframework.spring.SpringTestContextManager.prepareTestInstance(SpringTestContextManager.java:49)
	at org.spockframework.spring.SpringInterceptor.interceptSetupMethod(SpringInterceptor.java:42)
	at org.spockframework.runtime.extension.AbstractMethodInterceptor.intercept(AbstractMethodInterceptor.java:28)
	at org.spockframework.runtime.extension.MethodInvocation.proceed(MethodInvocation.java:84)
	at org.spockframework.util.ReflectionUtil.invokeMethod(ReflectionUtil.java:138)
	at org.spockframework.util.ReflectionUtil.invokeMethod(ReflectionUtil.java:138)
	at org.spockframework.util.ReflectionUtil.invokeMethod(ReflectionUtil.java:138)
	at org.apache.maven.surefire.junit4.JUnit4TestSet.execute(JUnit4TestSet.java:53)
	at org.apache.maven.surefire.junit4.JUnit4Provider.executeTestSet(JUnit4Provider.java:123)
	at org.apache.maven.surefire.junit4.JUnit4Provider.invoke(JUnit4Provider.java:104)
	at org.apache.maven.surefire.util.ReflectionUtils.invokeMethodWithArray(ReflectionUtils.java:164)
	at org.apache.maven.surefire.booter.ProviderFactory$ProviderProxy.invoke(ProviderFactory.java:110)
	at org.apache.maven.surefire.booter.SurefireStarter.invokeProvider(SurefireStarter.java:175)
	at org.apache.maven.surefire.booter.SurefireStarter.runSuitesInProcessWhenForked(SurefireStarter.java:107)
	at org.apache.maven.surefire.booter.ForkedBooter.main(ForkedBooter.java:68)
Caused by: org.springframework.beans.factory.BeanCreationException: Error creating bean with name &apos;adminResource&apos;: Injection of autowired dependencies failed; nested exception is org.springframework.beans.factory.BeanCreationException: Could not autowire field: private com.rackspace.search.service.core.CoreTicketOngoingSyncJob com.rackspace.search.endpoint.AdminResource.coreTicketOngoingSyncJob; nested exception is org.springframework.beans.factory.BeanCreationException: Error creating bean with name &apos;coreTicketOngoingSyncJob&apos;: Invocation of init method failed; nested exception is org.elasticsearch.indices.IndexMissingException: [admin] missing
	at org.springframework.beans.factory.annotation.AutowiredAnnotationBeanPostProcessor.postProcessPropertyValues(AutowiredAnnotationBeanPostProcessor.java:288)
	at org.springframework.beans.factory.support.AbstractAutowireCapableBeanFactory.populateBean(AbstractAutowireCapableBeanFactory.java:1074)
	at org.springframework.beans.factory.support.AbstractAutowireCapableBeanFactory.doCreateBean(AbstractAutowireCapableBeanFactory.java:517)
	at org.springframework.beans.factory.support.AbstractAutowireCapableBeanFactory.createBean(AbstractAutowireCapableBeanFactory.java:456)
	at org.springframework.beans.factory.support.AbstractBeanFactory$1.getObject(AbstractBeanFactory.java:293)
	at org.springframework.beans.factory.support.DefaultSingletonBeanRegistry.getSingleton(DefaultSingletonBeanRegistry.java:222)
	at org.springframework.beans.factory.support.AbstractBeanFactory.doGetBean(AbstractBeanFactory.java:290)
	at org.springframework.beans.factory.support.AbstractBeanFactory.getBean(AbstractBeanFactory.java:192)
	at org.springframework.beans.factory.support.DefaultListableBeanFactory.preInstantiateSingletons(DefaultListableBeanFactory.java:585)
	at org.springframework.context.support.AbstractApplicationContext.finishBeanFactoryInitialization(AbstractApplicationContext.java:895)
	at org.springframework.context.support.AbstractApplicationContext.refresh(AbstractApplicationContext.java:425)
	at org.springframework.test.context.support.AbstractGenericContextLoader.loadContext(AbstractGenericContextLoader.java:84)
	at org.springframework.test.context.support.AbstractGenericContextLoader.loadContext(AbstractGenericContextLoader.java:1)
	at org.springframework.test.context.TestContext.loadApplicationContext(TestContext.java:280)
	at org.springframework.test.context.TestContext.getApplicationContext(TestContext.java:304)
	... 18 more
Caused by: org.springframework.beans.factory.BeanCreationException: Could not autowire field: private com.rackspace.search.service.core.CoreTicketOngoingSyncJob com.rackspace.search.endpoint.AdminResource.coreTicketOngoingSyncJob; nested exception is org.springframework.beans.factory.BeanCreationException: Error creating bean with name &apos;coreTicketOngoingSyncJob&apos;: Invocation of init method failed; nested exception is org.elasticsearch.indices.IndexMissingException: [admin] missing
	at org.springframework.beans.factory.annotation.AutowiredAnnotationBeanPostProcessor$AutowiredFieldElement.inject(AutowiredAnnotationBeanPostProcessor.java:508)
	at org.springframework.beans.factory.annotation.InjectionMetadata.inject(InjectionMetadata.java:84)
	at org.springframework.beans.factory.annotation.AutowiredAnnotationBeanPostProcessor.postProcessPropertyValues(AutowiredAnnotationBeanPostProcessor.java:285)
	... 32 more
Caused by: org.springframework.beans.factory.BeanCreationException: Error creating bean with name &apos;coreTicketOngoingSyncJob&apos;: Invocation of init method failed; nested exception is org.elasticsearch.indices.IndexMissingException: [admin] missing
	at org.springframework.beans.factory.annotation.InitDestroyAnnotationBeanPostProcessor.postProcessBeforeInitialization(InitDestroyAnnotationBeanPostProcessor.java:133)
	at org.springframework.beans.factory.support.AbstractAutowireCapableBeanFactory.applyBeanPostProcessorsBeforeInitialization(AbstractAutowireCapableBeanFactory.java:394)
	at org.springframework.beans.factory.support.AbstractAutowireCapableBeanFactory.initializeBean(AbstractAutowireCapableBeanFactory.java:1413)
	at org.springframework.beans.factory.support.AbstractAutowireCapableBeanFactory.doCreateBean(AbstractAutowireCapableBeanFactory.java:519)
	at org.springframework.beans.factory.support.AbstractAutowireCapableBeanFactory.createBean(AbstractAutowireCapableBeanFactory.java:456)
	at org.springframework.beans.factory.support.AbstractBeanFactory$1.getObject(AbstractBeanFactory.java:293)
	at org.springframework.beans.factory.support.DefaultSingletonBeanRegistry.getSingleton(DefaultSingletonBeanRegistry.java:222)
	at org.springframework.beans.factory.support.AbstractBeanFactory.doGetBean(AbstractBeanFactory.java:290)
	at org.springframework.beans.factory.support.AbstractBeanFactory.getBean(AbstractBeanFactory.java:192)
	at org.springframework.beans.factory.support.DefaultListableBeanFactory.findAutowireCandidates(DefaultListableBeanFactory.java:848)
	at org.springframework.beans.factory.support.DefaultListableBeanFactory.doResolveDependency(DefaultListableBeanFactory.java:790)
	at org.springframework.beans.factory.support.DefaultListableBeanFactory.resolveDependency(DefaultListableBeanFactory.java:707)
	at org.springframework.beans.factory.annotation.AutowiredAnnotationBeanPostProcessor$AutowiredFieldElement.inject(AutowiredAnnotationBeanPostProcessor.java:480)
	... 34 more
Caused by: org.elasticsearch.indices.IndexMissingException: [admin] missing
	at org.elasticsearch.cluster.metadata.MetaData.concreteIndex(MetaData.java:211)
	at org.elasticsearch.action.support.single.shard.TransportShardSingleOperationAction$AsyncSingleAction.&lt;init&gt;(TransportShardSingleOperationAction.java:107)
	at org.elasticsearch.action.support.single.shard.TransportShardSingleOperationAction$AsyncSingleAction.&lt;init&gt;(TransportShardSingleOperationAction.java:88)
	at org.elasticsearch.action.support.single.shard.TransportShardSingleOperationAction.doExecute(TransportShardSingleOperationAction.java:69)
	at org.elasticsearch.action.support.single.shard.TransportShardSingleOperationAction.doExecute(TransportShardSingleOperationAction.java:45)
	at org.elasticsearch.action.support.BaseAction.execute(BaseAction.java:61)
	at org.elasticsearch.client.node.NodeClient.get(NodeClient.java:152)
	at org.elasticsearch.client.action.get.GetRequestBuilder.doExecute(GetRequestBuilder.java:119)
	at org.elasticsearch.client.action.support.BaseRequestBuilder.execute(BaseRequestBuilder.java:56)
	at org.elasticsearch.client.action.support.BaseRequestBuilder.execute(BaseRequestBuilder.java:51)
	at com.rackspace.search.elasticsearch.client.ElasticSearchClient.getDocument(ElasticSearchClient.groovy:202)
	at com.rackspace.search.service.JobService.getJob(JobService.groovy:38)
	at com.rackspace.search.service.core.CoreTicketOngoingSyncJob.setupActivities(CoreTicketOnGoingSyncJob.groovy:54)
	at org.springframework.beans.factory.annotation.InitDestroyAnnotationBeanPostProcessor$LifecycleElement.invoke(InitDestroyAnnotationBeanPostProcessor.java:340)
	at org.springframework.beans.factory.annotation.InitDestroyAnnotationBeanPostProcessor$LifecycleMetadata.invokeInitMethods(InitDestroyAnnotationBeanPostProcessor.java:293)
	at org.springframework.beans.factory.annotation.InitDestroyAnnotationBeanPostProcessor.postProcessBeforeInitialization(InitDestroyAnnotationBeanPostProcessor.java:130)
	... 46 more
</errorStackTrace>
          <errorDetails>Failed to load ApplicationContext</errorDetails>
          <stdout>16:33:19.954 [main] INFO  c.r.s.common.property.PropertyProvider - Loading properties file from file [/var/lib/jenkins/jobs/Samatha Fork/workspace/service/target/properties/local/search.properties]
16:33:19.954 [main] INFO  c.r.s.common.property.PropertyProvider - Loading properties file from file [/var/lib/jenkins/jobs/Samatha Fork/workspace/service/target/properties/local/search.secrets.properties]
16:33:19.954 [main] INFO  c.r.s.common.property.PropertyProvider - Loading properties file from file [/var/lib/jenkins/jobs/Samatha Fork/workspace/service/target/properties/local/elasticsearch.properties]
16:33:19.968 [main] INFO  c.r.s.elasticsearch.ElasticSearchServer - Starting the Elastic Search server node:
16:33:19.970 [main] INFO  org.elasticsearch.node - [ticket.node] {elasticsearch/0.16.2}[16944]: initializing ...
16:33:19.970 [main] INFO  org.elasticsearch.plugins - [ticket.node] loaded []
16:33:20.185 [main] INFO  org.elasticsearch.node - [ticket.node] {elasticsearch/0.16.2}[16944]: initialized
16:33:20.185 [main] INFO  c.r.s.elasticsearch.ElasticSearchServer - Starting the Elastic Search server node with these settings:
16:33:20.186 [main] INFO  c.r.s.elasticsearch.ElasticSearchServer - Elasticsearch Settings :  [core.db.url:jdbc:postgresql://dev.db.core.rackspace.com:5432/core_dev, node.local:true, index.analysis.analyzer.search_standard.filter:[lowercase], elastic.config.path:/var/lib/jenkins/jobs/Samatha Fork/workspace/service/target/properties/local/elasticsearch, path.data:/var/lib/jenkins/jobs/Samatha Fork/workspace/service/target/elasticsearch/data, ticket.core.dateformat:yyyy-MM-dd HH:mm:ss, cluster.name:ticket.cluster, index.analysis.analyzer.search_standard.type:standard, core.db.password:, path.conf:/var/lib/jenkins/jobs/Samatha Fork/workspace/service/target/properties/local/elasticsearch, core.api.password:qwerty, ticket.ongoingsync.delay.seconds:2000, name:ticket.node, http.enabled:true, path.logs:/var/lib/jenkins/jobs/Samatha Fork/workspace/service/target/elasticsearch/logs, index.number_of_replicas:0, ticket.document.idName:number, core.api.endpoint:https://ws.staging.core.rackspace.com/ctkapi, ticket.document.type:ticket, ticket.index.name:ticket, admin.index.name:admin, indices.structure:/indices_structure.json, index.store.fs.memory.enabled:false, index.number_of_shards:5, admin.document.type:syncJob, core.db.username:usq_read, ticket.core.date.timezone:CST, ticket.search.allowedRangeParams:created_at,updated_at,last_public_response_date, ticket.search.allowedTermParams:source_system,number,created_at,updated_at,last_public_response_date,status,queue,category,priority,assignee.name,account.number, core.driver.class:org.postgresql.Driver, core.api.username:rcameron, ticket.elastic.dateformat:yyyy-MM-dd&apos;T&apos;HH:mm:ss.SSSZZ, discovery.zen.ping.multicast.enabled:false, action.auto_create_index:1, path.home:/var/lib/jenkins/jobs/Samatha Fork/workspace/service, path.work:/var/lib/jenkins/jobs/Samatha Fork/workspace/service/work, path.work_with_cluster:/var/lib/jenkins/jobs/Samatha Fork/workspace/service/work/ticket.cluster, path.data_with_cluster:/var/lib/jenkins/jobs/Samatha Fork/workspace/service/target/elasticsearch/data/ticket.cluster]
16:33:20.186 [main] INFO  org.elasticsearch.node - [ticket.node] {elasticsearch/0.16.2}[16944]: starting ...
16:33:20.187 [main] INFO  org.elasticsearch.transport - [ticket.node] bound_address {local[9]}, publish_address {local[9]}
16:33:20.188 [elasticsearch[ticket.node]clusterService#updateTask-pool-123-thread-1] INFO  org.elasticsearch.cluster.service - [ticket.node] new_master [ticket.node][9][local[9]]{local=true}, reason: local-disco-initial_connect(master)
16:33:20.189 [main] INFO  org.elasticsearch.discovery - [ticket.node] ticket.cluster/9
16:33:20.194 [main] INFO  org.elasticsearch.http - [ticket.node] bound_address {inet[/0:0:0:0:0:0:0:0:9200]}, publish_address {inet[/10.14.208.252:9200]}
16:33:20.194 [main] INFO  org.elasticsearch.node - [ticket.node] {elasticsearch/0.16.2}[16944]: started
16:33:20.194 [main] INFO  c.r.s.elasticsearch.ElasticSearchServer - Elastic Search server is started.
16:33:20.196 [elasticsearch[ticket.node]clusterService#updateTask-pool-123-thread-1] INFO  org.elasticsearch.gateway - [ticket.node] recovered [0] indices into cluster_state
16:33:20.227 [main] INFO  c.r.s.elasticsearch.ElasticSearchServer - ES cluster status is GREEN
16:33:20.259 [main] INFO  org.elasticsearch.node - [ticket.node] {elasticsearch/0.16.2}[16944]: stopping ...
16:33:20.269 [main] INFO  org.elasticsearch.node - [ticket.node] {elasticsearch/0.16.2}[16944]: stopped
16:33:20.269 [main] INFO  org.elasticsearch.node - [ticket.node] {elasticsearch/0.16.2}[16944]: closing ...
16:33:20.272 [main] INFO  org.elasticsearch.node - [ticket.node] {elasticsearch/0.16.2}[16944]: closed
16:33:20.280 [main] ERROR o.s.test.context.TestContextManager - Caught exception while allowing TestExecutionListener [org.springframework.test.context.support.DependencyInjectionTestExecutionListener@284d0371] to prepare test instance [com.rackspace.search.elasticsearch.client.ElasticSearchClientTest@581d0462]
java.lang.IllegalStateException: Failed to load ApplicationContext
	at org.springframework.test.context.TestContext.getApplicationContext(TestContext.java:308) ~[spring-test-3.0.6.RELEASE.jar:3.0.6.RELEASE]
	at org.springframework.test.context.support.DependencyInjectionTestExecutionListener.injectDependencies(DependencyInjectionTestExecutionListener.java:109) ~[spring-test-3.0.6.RELEASE.jar:3.0.6.RELEASE]
	at org.springframework.test.context.support.DependencyInjectionTestExecutionListener.prepareTestInstance(DependencyInjectionTestExecutionListener.java:75) ~[spring-test-3.0.6.RELEASE.jar:3.0.6.RELEASE]
	at org.springframework.test.context.TestContextManager.prepareTestInstance(TestContextManager.java:321) ~[spring-test-3.0.6.RELEASE.jar:3.0.6.RELEASE]
	at org.spockframework.spring.SpringTestContextManager.prepareTestInstance(SpringTestContextManager.java:49) [spock-spring-0.7-groovy-2.0.jar:na]
	at org.spockframework.spring.SpringInterceptor.interceptSetupMethod(SpringInterceptor.java:42) [spock-spring-0.7-groovy-2.0.jar:na]
	at org.spockframework.runtime.extension.AbstractMethodInterceptor.intercept(AbstractMethodInterceptor.java:28) [spock-core-0.7-groovy-2.0.jar:na]
	at org.spockframework.runtime.extension.MethodInvocation.proceed(MethodInvocation.java:84) [spock-core-0.7-groovy-2.0.jar:na]
	at org.spockframework.runtime.BaseSpecRunner.invoke(BaseSpecRunner.java:319) [spock-core-0.7-groovy-2.0.jar:na]
	at org.spockframework.runtime.BaseSpecRunner.invokeSetup(BaseSpecRunner.java:279) [spock-core-0.7-groovy-2.0.jar:na]
	at org.spockframework.runtime.BaseSpecRunner.doRunIteration(BaseSpecRunner.java:255) [spock-core-0.7-groovy-2.0.jar:na]
	at sun.reflect.GeneratedMethodAccessor11.invoke(Unknown Source) ~[na:na]
	at sun.reflect.DelegatingMethodAccessorImpl.invoke(DelegatingMethodAccessorImpl.java:25) ~[na:1.6.0_38]
	at java.lang.reflect.Method.invoke(Method.java:597) ~[na:1.6.0_38]
	at org.spockframework.util.ReflectionUtil.invokeMethod(ReflectionUtil.java:138) [spock-core-0.7-groovy-2.0.jar:na]
	at org.spockframework.runtime.BaseSpecRunner.invokeRaw(BaseSpecRunner.java:330) [spock-core-0.7-groovy-2.0.jar:na]
	at org.spockframework.runtime.BaseSpecRunner.invoke(BaseSpecRunner.java:311) [spock-core-0.7-groovy-2.0.jar:na]
	at org.spockframework.runtime.BaseSpecRunner.runIteration(BaseSpecRunner.java:223) [spock-core-0.7-groovy-2.0.jar:na]
	at org.spockframework.runtime.BaseSpecRunner.initializeAndRunIteration(BaseSpecRunner.java:214) [spock-core-0.7-groovy-2.0.jar:na]
	at org.spockframework.runtime.BaseSpecRunner.runSimpleFeature(BaseSpecRunner.java:205) [spock-core-0.7-groovy-2.0.jar:na]
	at org.spockframework.runtime.BaseSpecRunner.doRunFeature(BaseSpecRunner.java:199) [spock-core-0.7-groovy-2.0.jar:na]
	at sun.reflect.GeneratedMethodAccessor12.invoke(Unknown Source) ~[na:na]
	at sun.reflect.DelegatingMethodAccessorImpl.invoke(DelegatingMethodAccessorImpl.java:25) ~[na:1.6.0_38]
	at java.lang.reflect.Method.invoke(Method.java:597) ~[na:1.6.0_38]
	at org.spockframework.util.ReflectionUtil.invokeMethod(ReflectionUtil.java:138) [spock-core-0.7-groovy-2.0.jar:na]
	at org.spockframework.runtime.BaseSpecRunner.invokeRaw(BaseSpecRunner.java:330) [spock-core-0.7-groovy-2.0.jar:na]
	at org.spockframework.runtime.BaseSpecRunner.invoke(BaseSpecRunner.java:311) [spock-core-0.7-groovy-2.0.jar:na]
	at org.spockframework.runtime.BaseSpecRunner.runFeature(BaseSpecRunner.java:175) [spock-core-0.7-groovy-2.0.jar:na]
	at org.spockframework.runtime.BaseSpecRunner.runFeatures(BaseSpecRunner.java:152) [spock-core-0.7-groovy-2.0.jar:na]
	at org.spockframework.runtime.BaseSpecRunner.doRunSpec(BaseSpecRunner.java:112) [spock-core-0.7-groovy-2.0.jar:na]
	at sun.reflect.NativeMethodAccessorImpl.invoke0(Native Method) ~[na:1.6.0_38]
	at sun.reflect.NativeMethodAccessorImpl.invoke(NativeMethodAccessorImpl.java:39) ~[na:1.6.0_38]
	at sun.reflect.DelegatingMethodAccessorImpl.invoke(DelegatingMethodAccessorImpl.java:25) ~[na:1.6.0_38]
	at java.lang.reflect.Method.invoke(Method.java:597) ~[na:1.6.0_38]
	at org.spockframework.util.ReflectionUtil.invokeMethod(ReflectionUtil.java:138) [spock-core-0.7-groovy-2.0.jar:na]
	at org.spockframework.runtime.BaseSpecRunner.invokeRaw(BaseSpecRunner.java:330) [spock-core-0.7-groovy-2.0.jar:na]
	at org.spockframework.runtime.BaseSpecRunner.invoke(BaseSpecRunner.java:311) [spock-core-0.7-groovy-2.0.jar:na]
	at org.spockframework.runtime.BaseSpecRunner.runSpec(BaseSpecRunner.java:91) [spock-core-0.7-groovy-2.0.jar:na]
	at org.spockframework.runtime.BaseSpecRunner.run(BaseSpecRunner.java:82) [spock-core-0.7-groovy-2.0.jar:na]
	at org.spockframework.runtime.Sputnik.run(Sputnik.java:63) [spock-core-0.7-groovy-2.0.jar:na]
	at org.apache.maven.surefire.junit4.JUnit4TestSet.execute(JUnit4TestSet.java:53) [surefire-junit4-2.10.jar:2.10]
	at org.apache.maven.surefire.junit4.JUnit4Provider.executeTestSet(JUnit4Provider.java:123) [surefire-junit4-2.10.jar:2.10]
	at org.apache.maven.surefire.junit4.JUnit4Provider.invoke(JUnit4Provider.java:104) [surefire-junit4-2.10.jar:2.10]
	at sun.reflect.NativeMethodAccessorImpl.invoke0(Native Method) ~[na:1.6.0_38]
	at sun.reflect.NativeMethodAccessorImpl.invoke(NativeMethodAccessorImpl.java:39) ~[na:1.6.0_38]
	at sun.reflect.DelegatingMethodAccessorImpl.invoke(DelegatingMethodAccessorImpl.java:25) ~[na:1.6.0_38]
	at java.lang.reflect.Method.invoke(Method.java:597) ~[na:1.6.0_38]
	at org.apache.maven.surefire.util.ReflectionUtils.invokeMethodWithArray(ReflectionUtils.java:164) [surefire-api-2.10.jar:2.10]
	at org.apache.maven.surefire.booter.ProviderFactory$ProviderProxy.invoke(ProviderFactory.java:110) [surefire-booter-2.10.jar:2.10]
	at org.apache.maven.surefire.booter.SurefireStarter.invokeProvider(SurefireStarter.java:175) [surefire-booter-2.10.jar:2.10]
	at org.apache.maven.surefire.booter.SurefireStarter.runSuitesInProcessWhenForked(SurefireStarter.java:107) [surefire-booter-2.10.jar:2.10]
	at org.apache.maven.surefire.booter.ForkedBooter.main(ForkedBooter.java:68) [surefire-booter-2.10.jar:2.10]
Caused by: org.springframework.beans.factory.BeanCreationException: Error creating bean with name &apos;adminResource&apos;: Injection of autowired dependencies failed; nested exception is org.springframework.beans.factory.BeanCreationException: Could not autowire field: private com.rackspace.search.service.core.CoreTicketOngoingSyncJob com.rackspace.search.endpoint.AdminResource.coreTicketOngoingSyncJob; nested exception is org.springframework.beans.factory.BeanCreationException: Error creating bean with name &apos;coreTicketOngoingSyncJob&apos;: Invocation of init method failed; nested exception is org.elasticsearch.indices.IndexMissingException: [admin] missing
	at org.springframework.beans.factory.annotation.AutowiredAnnotationBeanPostProcessor.postProcessPropertyValues(AutowiredAnnotationBeanPostProcessor.java:288) ~[spring-beans-3.0.6.RELEASE.jar:3.0.6.RELEASE]
	at org.springframework.beans.factory.support.AbstractAutowireCapableBeanFactory.populateBean(AbstractAutowireCapableBeanFactory.java:1074) ~[spring-beans-3.0.6.RELEASE.jar:3.0.6.RELEASE]
	at org.springframework.beans.factory.support.AbstractAutowireCapableBeanFactory.doCreateBean(AbstractAutowireCapableBeanFactory.java:517) ~[spring-beans-3.0.6.RELEASE.jar:3.0.6.RELEASE]
	at org.springframework.beans.factory.support.AbstractAutowireCapableBeanFactory.createBean(AbstractAutowireCapableBeanFactory.java:456) ~[spring-beans-3.0.6.RELEASE.jar:3.0.6.RELEASE]
	at org.springframework.beans.factory.support.AbstractBeanFactory$1.getObject(AbstractBeanFactory.java:293) ~[spring-beans-3.0.6.RELEASE.jar:3.0.6.RELEASE]
	at org.springframework.beans.factory.support.DefaultSingletonBeanRegistry.getSingleton(DefaultSingletonBeanRegistry.java:222) ~[spring-beans-3.0.6.RELEASE.jar:3.0.6.RELEASE]
	at org.springframework.beans.factory.support.AbstractBeanFactory.doGetBean(AbstractBeanFactory.java:290) ~[spring-beans-3.0.6.RELEASE.jar:3.0.6.RELEASE]
	at org.springframework.beans.factory.support.AbstractBeanFactory.getBean(AbstractBeanFactory.java:192) ~[spring-beans-3.0.6.RELEASE.jar:3.0.6.RELEASE]
	at org.springframework.beans.factory.support.DefaultListableBeanFactory.preInstantiateSingletons(DefaultListableBeanFactory.java:585) ~[spring-beans-3.0.6.RELEASE.jar:3.0.6.RELEASE]
	at org.springframework.context.support.AbstractApplicationContext.finishBeanFactoryInitialization(AbstractApplicationContext.java:895) ~[spring-context-3.0.6.RELEASE.jar:3.0.6.RELEASE]
	at org.springframework.context.support.AbstractApplicationContext.refresh(AbstractApplicationContext.java:425) ~[spring-context-3.0.6.RELEASE.jar:3.0.6.RELEASE]
	at org.springframework.test.context.support.AbstractGenericContextLoader.loadContext(AbstractGenericContextLoader.java:84) ~[spring-test-3.0.6.RELEASE.jar:3.0.6.RELEASE]
	at org.springframework.test.context.support.AbstractGenericContextLoader.loadContext(AbstractGenericContextLoader.java:1) ~[spring-test-3.0.6.RELEASE.jar:3.0.6.RELEASE]
	at org.springframework.test.context.TestContext.loadApplicationContext(TestContext.java:280) ~[spring-test-3.0.6.RELEASE.jar:3.0.6.RELEASE]
	at org.springframework.test.context.TestContext.getApplicationContext(TestContext.java:304) ~[spring-test-3.0.6.RELEASE.jar:3.0.6.RELEASE]
	... 51 common frames omitted
Caused by: org.springframework.beans.factory.BeanCreationException: Could not autowire field: private com.rackspace.search.service.core.CoreTicketOngoingSyncJob com.rackspace.search.endpoint.AdminResource.coreTicketOngoingSyncJob; nested exception is org.springframework.beans.factory.BeanCreationException: Error creating bean with name &apos;coreTicketOngoingSyncJob&apos;: Invocation of init method failed; nested exception is org.elasticsearch.indices.IndexMissingException: [admin] missing
	at org.springframework.beans.factory.annotation.AutowiredAnnotationBeanPostProcessor$AutowiredFieldElement.inject(AutowiredAnnotationBeanPostProcessor.java:508) ~[spring-beans-3.0.6.RELEASE.jar:3.0.6.RELEASE]
	at org.springframework.beans.factory.annotation.InjectionMetadata.inject(InjectionMetadata.java:84) ~[spring-beans-3.0.6.RELEASE.jar:3.0.6.RELEASE]
	at org.springframework.beans.factory.annotation.AutowiredAnnotationBeanPostProcessor.postProcessPropertyValues(AutowiredAnnotationBeanPostProcessor.java:285) ~[spring-beans-3.0.6.RELEASE.jar:3.0.6.RELEASE]
	... 65 common frames omitted
Caused by: org.springframework.beans.factory.BeanCreationException: Error creating bean with name &apos;coreTicketOngoingSyncJob&apos;: Invocation of init method failed; nested exception is org.elasticsearch.indices.IndexMissingException: [admin] missing
	at org.springframework.beans.factory.annotation.InitDestroyAnnotationBeanPostProcessor.postProcessBeforeInitialization(InitDestroyAnnotationBeanPostProcessor.java:133) ~[spring-beans-3.0.6.RELEASE.jar:3.0.6.RELEASE]
	at org.springframework.beans.factory.support.AbstractAutowireCapableBeanFactory.applyBeanPostProcessorsBeforeInitialization(AbstractAutowireCapableBeanFactory.java:394) ~[spring-beans-3.0.6.RELEASE.jar:3.0.6.RELEASE]
	at org.springframework.beans.factory.support.AbstractAutowireCapableBeanFactory.initializeBean(AbstractAutowireCapableBeanFactory.java:1413) ~[spring-beans-3.0.6.RELEASE.jar:3.0.6.RELEASE]
	at org.springframework.beans.factory.support.AbstractAutowireCapableBeanFactory.doCreateBean(AbstractAutowireCapableBeanFactory.java:519) ~[spring-beans-3.0.6.RELEASE.jar:3.0.6.RELEASE]
	at org.springframework.beans.factory.support.AbstractAutowireCapableBeanFactory.createBean(AbstractAutowireCapableBeanFactory.java:456) ~[spring-beans-3.0.6.RELEASE.jar:3.0.6.RELEASE]
	at org.springframework.beans.factory.support.AbstractBeanFactory$1.getObject(AbstractBeanFactory.java:293) ~[spring-beans-3.0.6.RELEASE.jar:3.0.6.RELEASE]
	at org.springframework.beans.factory.support.DefaultSingletonBeanRegistry.getSingleton(DefaultSingletonBeanRegistry.java:222) ~[spring-beans-3.0.6.RELEASE.jar:3.0.6.RELEASE]
	at org.springframework.beans.factory.support.AbstractBeanFactory.doGetBean(AbstractBeanFactory.java:290) ~[spring-beans-3.0.6.RELEASE.jar:3.0.6.RELEASE]
	at org.springframework.beans.factory.support.AbstractBeanFactory.getBean(AbstractBeanFactory.java:192) ~[spring-beans-3.0.6.RELEASE.jar:3.0.6.RELEASE]
	at org.springframework.beans.factory.support.DefaultListableBeanFactory.findAutowireCandidates(DefaultListableBeanFactory.java:848) ~[spring-beans-3.0.6.RELEASE.jar:3.0.6.RELEASE]
	at org.springframework.beans.factory.support.DefaultListableBeanFactory.doResolveDependency(DefaultListableBeanFactory.java:790) ~[spring-beans-3.0.6.RELEASE.jar:3.0.6.RELEASE]
	at org.springframework.beans.factory.support.DefaultListableBeanFactory.resolveDependency(DefaultListableBeanFactory.java:707) ~[spring-beans-3.0.6.RELEASE.jar:3.0.6.RELEASE]
	at org.springframework.beans.factory.annotation.AutowiredAnnotationBeanPostProcessor$AutowiredFieldElement.inject(AutowiredAnnotationBeanPostProcessor.java:480) ~[spring-beans-3.0.6.RELEASE.jar:3.0.6.RELEASE]
	... 67 common frames omitted
Caused by: org.elasticsearch.indices.IndexMissingException: [admin] missing
	at org.elasticsearch.cluster.metadata.MetaData.concreteIndex(MetaData.java:211) ~[elasticsearch-0.16.2.jar:na]
	at org.elasticsearch.action.support.single.shard.TransportShardSingleOperationAction$AsyncSingleAction.&lt;init&gt;(TransportShardSingleOperationAction.java:107) ~[elasticsearch-0.16.2.jar:na]
	at org.elasticsearch.action.support.single.shard.TransportShardSingleOperationAction$AsyncSingleAction.&lt;init&gt;(TransportShardSingleOperationAction.java:88) ~[elasticsearch-0.16.2.jar:na]
	at org.elasticsearch.action.support.single.shard.TransportShardSingleOperationAction.doExecute(TransportShardSingleOperationAction.java:69) ~[elasticsearch-0.16.2.jar:na]
	at org.elasticsearch.action.support.single.shard.TransportShardSingleOperationAction.doExecute(TransportShardSingleOperationAction.java:45) ~[elasticsearch-0.16.2.jar:na]
	at org.elasticsearch.action.support.BaseAction.execute(BaseAction.java:61) ~[elasticsearch-0.16.2.jar:na]
	at org.elasticsearch.client.node.NodeClient.get(NodeClient.java:152) ~[elasticsearch-0.16.2.jar:na]
	at org.elasticsearch.client.action.get.GetRequestBuilder.doExecute(GetRequestBuilder.java:119) ~[elasticsearch-0.16.2.jar:na]
	at org.elasticsearch.client.action.support.BaseRequestBuilder.execute(BaseRequestBuilder.java:56) ~[elasticsearch-0.16.2.jar:na]
	at org.elasticsearch.client.action.support.BaseRequestBuilder.execute(BaseRequestBuilder.java:51) ~[elasticsearch-0.16.2.jar:na]
	at org.elasticsearch.client.action.RequestBuilder$execute.call(Unknown Source) ~[na:na]
	at com.rackspace.search.elasticsearch.client.ElasticSearchClient.getDocument(ElasticSearchClient.groovy:202) ~[classes/:na]
	at com.rackspace.search.elasticsearch.client.ElasticSearchClient$getDocument.call(Unknown Source) ~[na:na]
	at com.rackspace.search.service.JobService.getJob(JobService.groovy:38) ~[classes/:na]
	at com.rackspace.search.service.JobService$getJob.call(Unknown Source) ~[na:na]
	at com.rackspace.search.service.core.CoreTicketOngoingSyncJob.setupActivities(CoreTicketOnGoingSyncJob.groovy:54) ~[classes/:na]
	at sun.reflect.NativeMethodAccessorImpl.invoke0(Native Method) ~[na:1.6.0_38]
	at sun.reflect.NativeMethodAccessorImpl.invoke(NativeMethodAccessorImpl.java:39) ~[na:1.6.0_38]
	at sun.reflect.DelegatingMethodAccessorImpl.invoke(DelegatingMethodAccessorImpl.java:25) ~[na:1.6.0_38]
	at java.lang.reflect.Method.invoke(Method.java:597) ~[na:1.6.0_38]
	at org.springframework.beans.factory.annotation.InitDestroyAnnotationBeanPostProcessor$LifecycleElement.invoke(InitDestroyAnnotationBeanPostProcessor.java:340) ~[spring-beans-3.0.6.RELEASE.jar:3.0.6.RELEASE]
	at org.springframework.beans.factory.annotation.InitDestroyAnnotationBeanPostProcessor$LifecycleMetadata.invokeInitMethods(InitDestroyAnnotationBeanPostProcessor.java:293) ~[spring-beans-3.0.6.RELEASE.jar:3.0.6.RELEASE]
	at org.springframework.beans.factory.annotation.InitDestroyAnnotationBeanPostProcessor.postProcessBeforeInitialization(InitDestroyAnnotationBeanPostProcessor.java:130) ~[spring-beans-3.0.6.RELEASE.jar:3.0.6.RELEASE]
	... 79 common frames omitted
</stdout>
          <failedSince>1</failedSince>
        </case>
        <case>
          <duration>0.426</duration>
          <className>com.rackspace.search.elasticsearch.client.ElasticSearchClientTest</className>
          <testName>post bulk data</testName>
          <skipped>false</skipped>
          <errorStackTrace>java.lang.NullPointerException: Cannot invoke method getClient() on null object
	at com.rackspace.search.elasticsearch.client.ElasticSearchClientTest.cleanup(ElasticSearchClientTest.groovy:84)
</errorStackTrace>
          <errorDetails>Cannot invoke method getClient() on null object</errorDetails>
          <failedSince>1</failedSince>
        </case>
        <case>
          <duration>1.02</duration>
          <className>com.rackspace.search.elasticsearch.client.ElasticSearchClientTest</className>
          <testName>get All Tickets</testName>
          <skipped>false</skipped>
          <errorStackTrace>java.lang.IllegalStateException: Failed to load ApplicationContext
	at org.springframework.test.context.TestContext.getApplicationContext(TestContext.java:308)
	at org.springframework.test.context.support.DependencyInjectionTestExecutionListener.injectDependencies(DependencyInjectionTestExecutionListener.java:109)
	at org.springframework.test.context.support.DependencyInjectionTestExecutionListener.prepareTestInstance(DependencyInjectionTestExecutionListener.java:75)
	at org.springframework.test.context.TestContextManager.prepareTestInstance(TestContextManager.java:321)
	at org.spockframework.spring.SpringTestContextManager.prepareTestInstance(SpringTestContextManager.java:49)
	at org.spockframework.spring.SpringInterceptor.interceptSetupMethod(SpringInterceptor.java:42)
	at org.spockframework.runtime.extension.AbstractMethodInterceptor.intercept(AbstractMethodInterceptor.java:28)
	at org.spockframework.runtime.extension.MethodInvocation.proceed(MethodInvocation.java:84)
	at org.spockframework.util.ReflectionUtil.invokeMethod(ReflectionUtil.java:138)
	at org.spockframework.util.ReflectionUtil.invokeMethod(ReflectionUtil.java:138)
	at org.spockframework.util.ReflectionUtil.invokeMethod(ReflectionUtil.java:138)
	at org.apache.maven.surefire.junit4.JUnit4TestSet.execute(JUnit4TestSet.java:53)
	at org.apache.maven.surefire.junit4.JUnit4Provider.executeTestSet(JUnit4Provider.java:123)
	at org.apache.maven.surefire.junit4.JUnit4Provider.invoke(JUnit4Provider.java:104)
	at org.apache.maven.surefire.util.ReflectionUtils.invokeMethodWithArray(ReflectionUtils.java:164)
	at org.apache.maven.surefire.booter.ProviderFactory$ProviderProxy.invoke(ProviderFactory.java:110)
	at org.apache.maven.surefire.booter.SurefireStarter.invokeProvider(SurefireStarter.java:175)
	at org.apache.maven.surefire.booter.SurefireStarter.runSuitesInProcessWhenForked(SurefireStarter.java:107)
	at org.apache.maven.surefire.booter.ForkedBooter.main(ForkedBooter.java:68)
Caused by: org.springframework.beans.factory.BeanCreationException: Error creating bean with name &apos;adminResource&apos;: Injection of autowired dependencies failed; nested exception is org.springframework.beans.factory.BeanCreationException: Could not autowire field: private com.rackspace.search.service.core.CoreTicketOngoingSyncJob com.rackspace.search.endpoint.AdminResource.coreTicketOngoingSyncJob; nested exception is org.springframework.beans.factory.BeanCreationException: Error creating bean with name &apos;coreTicketOngoingSyncJob&apos;: Invocation of init method failed; nested exception is org.elasticsearch.indices.IndexMissingException: [admin] missing
	at org.springframework.beans.factory.annotation.AutowiredAnnotationBeanPostProcessor.postProcessPropertyValues(AutowiredAnnotationBeanPostProcessor.java:288)
	at org.springframework.beans.factory.support.AbstractAutowireCapableBeanFactory.populateBean(AbstractAutowireCapableBeanFactory.java:1074)
	at org.springframework.beans.factory.support.AbstractAutowireCapableBeanFactory.doCreateBean(AbstractAutowireCapableBeanFactory.java:517)
	at org.springframework.beans.factory.support.AbstractAutowireCapableBeanFactory.createBean(AbstractAutowireCapableBeanFactory.java:456)
	at org.springframework.beans.factory.support.AbstractBeanFactory$1.getObject(AbstractBeanFactory.java:293)
	at org.springframework.beans.factory.support.DefaultSingletonBeanRegistry.getSingleton(DefaultSingletonBeanRegistry.java:222)
	at org.springframework.beans.factory.support.AbstractBeanFactory.doGetBean(AbstractBeanFactory.java:290)
	at org.springframework.beans.factory.support.AbstractBeanFactory.getBean(AbstractBeanFactory.java:192)
	at org.springframework.beans.factory.support.DefaultListableBeanFactory.preInstantiateSingletons(DefaultListableBeanFactory.java:585)
	at org.springframework.context.support.AbstractApplicationContext.finishBeanFactoryInitialization(AbstractApplicationContext.java:895)
	at org.springframework.context.support.AbstractApplicationContext.refresh(AbstractApplicationContext.java:425)
	at org.springframework.test.context.support.AbstractGenericContextLoader.loadContext(AbstractGenericContextLoader.java:84)
	at org.springframework.test.context.support.AbstractGenericContextLoader.loadContext(AbstractGenericContextLoader.java:1)
	at org.springframework.test.context.TestContext.loadApplicationContext(TestContext.java:280)
	at org.springframework.test.context.TestContext.getApplicationContext(TestContext.java:304)
	... 18 more
Caused by: org.springframework.beans.factory.BeanCreationException: Could not autowire field: private com.rackspace.search.service.core.CoreTicketOngoingSyncJob com.rackspace.search.endpoint.AdminResource.coreTicketOngoingSyncJob; nested exception is org.springframework.beans.factory.BeanCreationException: Error creating bean with name &apos;coreTicketOngoingSyncJob&apos;: Invocation of init method failed; nested exception is org.elasticsearch.indices.IndexMissingException: [admin] missing
	at org.springframework.beans.factory.annotation.AutowiredAnnotationBeanPostProcessor$AutowiredFieldElement.inject(AutowiredAnnotationBeanPostProcessor.java:508)
	at org.springframework.beans.factory.annotation.InjectionMetadata.inject(InjectionMetadata.java:84)
	at org.springframework.beans.factory.annotation.AutowiredAnnotationBeanPostProcessor.postProcessPropertyValues(AutowiredAnnotationBeanPostProcessor.java:285)
	... 32 more
Caused by: org.springframework.beans.factory.BeanCreationException: Error creating bean with name &apos;coreTicketOngoingSyncJob&apos;: Invocation of init method failed; nested exception is org.elasticsearch.indices.IndexMissingException: [admin] missing
	at org.springframework.beans.factory.annotation.InitDestroyAnnotationBeanPostProcessor.postProcessBeforeInitialization(InitDestroyAnnotationBeanPostProcessor.java:133)
	at org.springframework.beans.factory.support.AbstractAutowireCapableBeanFactory.applyBeanPostProcessorsBeforeInitialization(AbstractAutowireCapableBeanFactory.java:394)
	at org.springframework.beans.factory.support.AbstractAutowireCapableBeanFactory.initializeBean(AbstractAutowireCapableBeanFactory.java:1413)
	at org.springframework.beans.factory.support.AbstractAutowireCapableBeanFactory.doCreateBean(AbstractAutowireCapableBeanFactory.java:519)
	at org.springframework.beans.factory.support.AbstractAutowireCapableBeanFactory.createBean(AbstractAutowireCapableBeanFactory.java:456)
	at org.springframework.beans.factory.support.AbstractBeanFactory$1.getObject(AbstractBeanFactory.java:293)
	at org.springframework.beans.factory.support.DefaultSingletonBeanRegistry.getSingleton(DefaultSingletonBeanRegistry.java:222)
	at org.springframework.beans.factory.support.AbstractBeanFactory.doGetBean(AbstractBeanFactory.java:290)
	at org.springframework.beans.factory.support.AbstractBeanFactory.getBean(AbstractBeanFactory.java:192)
	at org.springframework.beans.factory.support.DefaultListableBeanFactory.findAutowireCandidates(DefaultListableBeanFactory.java:848)
	at org.springframework.beans.factory.support.DefaultListableBeanFactory.doResolveDependency(DefaultListableBeanFactory.java:790)
	at org.springframework.beans.factory.support.DefaultListableBeanFactory.resolveDependency(DefaultListableBeanFactory.java:707)
	at org.springframework.beans.factory.annotation.AutowiredAnnotationBeanPostProcessor$AutowiredFieldElement.inject(AutowiredAnnotationBeanPostProcessor.java:480)
	... 34 more
Caused by: org.elasticsearch.indices.IndexMissingException: [admin] missing
	at org.elasticsearch.cluster.metadata.MetaData.concreteIndex(MetaData.java:211)
	at org.elasticsearch.action.support.single.shard.TransportShardSingleOperationAction$AsyncSingleAction.&lt;init&gt;(TransportShardSingleOperationAction.java:107)
	at org.elasticsearch.action.support.single.shard.TransportShardSingleOperationAction$AsyncSingleAction.&lt;init&gt;(TransportShardSingleOperationAction.java:88)
	at org.elasticsearch.action.support.single.shard.TransportShardSingleOperationAction.doExecute(TransportShardSingleOperationAction.java:69)
	at org.elasticsearch.action.support.single.shard.TransportShardSingleOperationAction.doExecute(TransportShardSingleOperationAction.java:45)
	at org.elasticsearch.action.support.BaseAction.execute(BaseAction.java:61)
	at org.elasticsearch.client.node.NodeClient.get(NodeClient.java:152)
	at org.elasticsearch.client.action.get.GetRequestBuilder.doExecute(GetRequestBuilder.java:119)
	at org.elasticsearch.client.action.support.BaseRequestBuilder.execute(BaseRequestBuilder.java:56)
	at org.elasticsearch.client.action.support.BaseRequestBuilder.execute(BaseRequestBuilder.java:51)
	at com.rackspace.search.elasticsearch.client.ElasticSearchClient.getDocument(ElasticSearchClient.groovy:202)
	at com.rackspace.search.service.JobService.getJob(JobService.groovy:38)
	at com.rackspace.search.service.core.CoreTicketOngoingSyncJob.setupActivities(CoreTicketOnGoingSyncJob.groovy:54)
	at org.springframework.beans.factory.annotation.InitDestroyAnnotationBeanPostProcessor$LifecycleElement.invoke(InitDestroyAnnotationBeanPostProcessor.java:340)
	at org.springframework.beans.factory.annotation.InitDestroyAnnotationBeanPostProcessor$LifecycleMetadata.invokeInitMethods(InitDestroyAnnotationBeanPostProcessor.java:293)
	at org.springframework.beans.factory.annotation.InitDestroyAnnotationBeanPostProcessor.postProcessBeforeInitialization(InitDestroyAnnotationBeanPostProcessor.java:130)
	... 46 more
</errorStackTrace>
          <errorDetails>Failed to load ApplicationContext</errorDetails>
          <stdout>16:33:20.419 [main] INFO  c.r.s.common.property.PropertyProvider - Loading properties file from file [/var/lib/jenkins/jobs/Samatha Fork/workspace/service/target/properties/local/search.properties]
16:33:20.420 [main] INFO  c.r.s.common.property.PropertyProvider - Loading properties file from file [/var/lib/jenkins/jobs/Samatha Fork/workspace/service/target/properties/local/search.secrets.properties]
16:33:20.421 [main] INFO  c.r.s.common.property.PropertyProvider - Loading properties file from file [/var/lib/jenkins/jobs/Samatha Fork/workspace/service/target/properties/local/elasticsearch.properties]
16:33:20.438 [main] INFO  c.r.s.elasticsearch.ElasticSearchServer - Starting the Elastic Search server node:
16:33:20.441 [main] INFO  org.elasticsearch.node - [ticket.node] {elasticsearch/0.16.2}[16944]: initializing ...
16:33:20.442 [main] INFO  org.elasticsearch.plugins - [ticket.node] loaded []
16:33:20.727 [main] INFO  org.elasticsearch.node - [ticket.node] {elasticsearch/0.16.2}[16944]: initialized
16:33:20.727 [main] INFO  c.r.s.elasticsearch.ElasticSearchServer - Starting the Elastic Search server node with these settings:
16:33:20.727 [main] INFO  c.r.s.elasticsearch.ElasticSearchServer - Elasticsearch Settings :  [core.db.url:jdbc:postgresql://dev.db.core.rackspace.com:5432/core_dev, node.local:true, index.analysis.analyzer.search_standard.filter:[lowercase], elastic.config.path:/var/lib/jenkins/jobs/Samatha Fork/workspace/service/target/properties/local/elasticsearch, path.data:/var/lib/jenkins/jobs/Samatha Fork/workspace/service/target/elasticsearch/data, ticket.core.dateformat:yyyy-MM-dd HH:mm:ss, cluster.name:ticket.cluster, index.analysis.analyzer.search_standard.type:standard, core.db.password:, path.conf:/var/lib/jenkins/jobs/Samatha Fork/workspace/service/target/properties/local/elasticsearch, core.api.password:qwerty, ticket.ongoingsync.delay.seconds:2000, name:ticket.node, http.enabled:true, path.logs:/var/lib/jenkins/jobs/Samatha Fork/workspace/service/target/elasticsearch/logs, index.number_of_replicas:0, ticket.document.idName:number, core.api.endpoint:https://ws.staging.core.rackspace.com/ctkapi, ticket.document.type:ticket, ticket.index.name:ticket, admin.index.name:admin, indices.structure:/indices_structure.json, index.store.fs.memory.enabled:false, index.number_of_shards:5, admin.document.type:syncJob, core.db.username:usq_read, ticket.core.date.timezone:CST, ticket.search.allowedRangeParams:created_at,updated_at,last_public_response_date, ticket.search.allowedTermParams:source_system,number,created_at,updated_at,last_public_response_date,status,queue,category,priority,assignee.name,account.number, core.driver.class:org.postgresql.Driver, core.api.username:rcameron, ticket.elastic.dateformat:yyyy-MM-dd&apos;T&apos;HH:mm:ss.SSSZZ, discovery.zen.ping.multicast.enabled:false, action.auto_create_index:1, path.home:/var/lib/jenkins/jobs/Samatha Fork/workspace/service, path.work:/var/lib/jenkins/jobs/Samatha Fork/workspace/service/work, path.work_with_cluster:/var/lib/jenkins/jobs/Samatha Fork/workspace/service/work/ticket.cluster, path.data_with_cluster:/var/lib/jenkins/jobs/Samatha Fork/workspace/service/target/elasticsearch/data/ticket.cluster]
16:33:20.728 [main] INFO  org.elasticsearch.node - [ticket.node] {elasticsearch/0.16.2}[16944]: starting ...
16:33:20.728 [main] INFO  org.elasticsearch.transport - [ticket.node] bound_address {local[10]}, publish_address {local[10]}
16:33:20.729 [elasticsearch[ticket.node]clusterService#updateTask-pool-137-thread-1] INFO  org.elasticsearch.cluster.service - [ticket.node] new_master [ticket.node][10][local[10]]{local=true}, reason: local-disco-initial_connect(master)
16:33:20.730 [main] INFO  org.elasticsearch.discovery - [ticket.node] ticket.cluster/10
16:33:20.735 [main] INFO  org.elasticsearch.http - [ticket.node] bound_address {inet[/0:0:0:0:0:0:0:0:9200]}, publish_address {inet[/10.14.208.252:9200]}
16:33:20.735 [main] INFO  org.elasticsearch.node - [ticket.node] {elasticsearch/0.16.2}[16944]: started
16:33:20.735 [main] INFO  c.r.s.elasticsearch.ElasticSearchServer - Elastic Search server is started.
16:33:20.736 [main] INFO  c.r.s.elasticsearch.ElasticSearchServer - ES cluster status is GREEN
16:33:20.766 [main] INFO  org.elasticsearch.node - [ticket.node] {elasticsearch/0.16.2}[16944]: stopping ...
16:33:20.766 [elasticsearch[ticket.node]clusterService#updateTask-pool-137-thread-1] INFO  org.elasticsearch.gateway - [ticket.node] recovered [0] indices into cluster_state
16:33:20.772 [main] INFO  org.elasticsearch.node - [ticket.node] {elasticsearch/0.16.2}[16944]: stopped
16:33:20.772 [main] INFO  org.elasticsearch.node - [ticket.node] {elasticsearch/0.16.2}[16944]: closing ...
16:33:20.774 [main] INFO  org.elasticsearch.node - [ticket.node] {elasticsearch/0.16.2}[16944]: closed
16:33:20.781 [main] ERROR o.s.test.context.TestContextManager - Caught exception while allowing TestExecutionListener [org.springframework.test.context.support.DependencyInjectionTestExecutionListener@284d0371] to prepare test instance [com.rackspace.search.elasticsearch.client.ElasticSearchClientTest@6a269101]
java.lang.IllegalStateException: Failed to load ApplicationContext
	at org.springframework.test.context.TestContext.getApplicationContext(TestContext.java:308) ~[spring-test-3.0.6.RELEASE.jar:3.0.6.RELEASE]
	at org.springframework.test.context.support.DependencyInjectionTestExecutionListener.injectDependencies(DependencyInjectionTestExecutionListener.java:109) ~[spring-test-3.0.6.RELEASE.jar:3.0.6.RELEASE]
	at org.springframework.test.context.support.DependencyInjectionTestExecutionListener.prepareTestInstance(DependencyInjectionTestExecutionListener.java:75) ~[spring-test-3.0.6.RELEASE.jar:3.0.6.RELEASE]
	at org.springframework.test.context.TestContextManager.prepareTestInstance(TestContextManager.java:321) ~[spring-test-3.0.6.RELEASE.jar:3.0.6.RELEASE]
	at org.spockframework.spring.SpringTestContextManager.prepareTestInstance(SpringTestContextManager.java:49) [spock-spring-0.7-groovy-2.0.jar:na]
	at org.spockframework.spring.SpringInterceptor.interceptSetupMethod(SpringInterceptor.java:42) [spock-spring-0.7-groovy-2.0.jar:na]
	at org.spockframework.runtime.extension.AbstractMethodInterceptor.intercept(AbstractMethodInterceptor.java:28) [spock-core-0.7-groovy-2.0.jar:na]
	at org.spockframework.runtime.extension.MethodInvocation.proceed(MethodInvocation.java:84) [spock-core-0.7-groovy-2.0.jar:na]
	at org.spockframework.runtime.BaseSpecRunner.invoke(BaseSpecRunner.java:319) [spock-core-0.7-groovy-2.0.jar:na]
	at org.spockframework.runtime.BaseSpecRunner.invokeSetup(BaseSpecRunner.java:279) [spock-core-0.7-groovy-2.0.jar:na]
	at org.spockframework.runtime.BaseSpecRunner.doRunIteration(BaseSpecRunner.java:255) [spock-core-0.7-groovy-2.0.jar:na]
	at sun.reflect.GeneratedMethodAccessor11.invoke(Unknown Source) ~[na:na]
	at sun.reflect.DelegatingMethodAccessorImpl.invoke(DelegatingMethodAccessorImpl.java:25) ~[na:1.6.0_38]
	at java.lang.reflect.Method.invoke(Method.java:597) ~[na:1.6.0_38]
	at org.spockframework.util.ReflectionUtil.invokeMethod(ReflectionUtil.java:138) [spock-core-0.7-groovy-2.0.jar:na]
	at org.spockframework.runtime.BaseSpecRunner.invokeRaw(BaseSpecRunner.java:330) [spock-core-0.7-groovy-2.0.jar:na]
	at org.spockframework.runtime.BaseSpecRunner.invoke(BaseSpecRunner.java:311) [spock-core-0.7-groovy-2.0.jar:na]
	at org.spockframework.runtime.BaseSpecRunner.runIteration(BaseSpecRunner.java:223) [spock-core-0.7-groovy-2.0.jar:na]
	at org.spockframework.runtime.BaseSpecRunner.initializeAndRunIteration(BaseSpecRunner.java:214) [spock-core-0.7-groovy-2.0.jar:na]
	at org.spockframework.runtime.BaseSpecRunner.runSimpleFeature(BaseSpecRunner.java:205) [spock-core-0.7-groovy-2.0.jar:na]
	at org.spockframework.runtime.BaseSpecRunner.doRunFeature(BaseSpecRunner.java:199) [spock-core-0.7-groovy-2.0.jar:na]
	at sun.reflect.GeneratedMethodAccessor12.invoke(Unknown Source) ~[na:na]
	at sun.reflect.DelegatingMethodAccessorImpl.invoke(DelegatingMethodAccessorImpl.java:25) ~[na:1.6.0_38]
	at java.lang.reflect.Method.invoke(Method.java:597) ~[na:1.6.0_38]
	at org.spockframework.util.ReflectionUtil.invokeMethod(ReflectionUtil.java:138) [spock-core-0.7-groovy-2.0.jar:na]
	at org.spockframework.runtime.BaseSpecRunner.invokeRaw(BaseSpecRunner.java:330) [spock-core-0.7-groovy-2.0.jar:na]
	at org.spockframework.runtime.BaseSpecRunner.invoke(BaseSpecRunner.java:311) [spock-core-0.7-groovy-2.0.jar:na]
	at org.spockframework.runtime.BaseSpecRunner.runFeature(BaseSpecRunner.java:175) [spock-core-0.7-groovy-2.0.jar:na]
	at org.spockframework.runtime.BaseSpecRunner.runFeatures(BaseSpecRunner.java:152) [spock-core-0.7-groovy-2.0.jar:na]
	at org.spockframework.runtime.BaseSpecRunner.doRunSpec(BaseSpecRunner.java:112) [spock-core-0.7-groovy-2.0.jar:na]
	at sun.reflect.NativeMethodAccessorImpl.invoke0(Native Method) ~[na:1.6.0_38]
	at sun.reflect.NativeMethodAccessorImpl.invoke(NativeMethodAccessorImpl.java:39) ~[na:1.6.0_38]
	at sun.reflect.DelegatingMethodAccessorImpl.invoke(DelegatingMethodAccessorImpl.java:25) ~[na:1.6.0_38]
	at java.lang.reflect.Method.invoke(Method.java:597) ~[na:1.6.0_38]
	at org.spockframework.util.ReflectionUtil.invokeMethod(ReflectionUtil.java:138) [spock-core-0.7-groovy-2.0.jar:na]
	at org.spockframework.runtime.BaseSpecRunner.invokeRaw(BaseSpecRunner.java:330) [spock-core-0.7-groovy-2.0.jar:na]
	at org.spockframework.runtime.BaseSpecRunner.invoke(BaseSpecRunner.java:311) [spock-core-0.7-groovy-2.0.jar:na]
	at org.spockframework.runtime.BaseSpecRunner.runSpec(BaseSpecRunner.java:91) [spock-core-0.7-groovy-2.0.jar:na]
	at org.spockframework.runtime.BaseSpecRunner.run(BaseSpecRunner.java:82) [spock-core-0.7-groovy-2.0.jar:na]
	at org.spockframework.runtime.Sputnik.run(Sputnik.java:63) [spock-core-0.7-groovy-2.0.jar:na]
	at org.apache.maven.surefire.junit4.JUnit4TestSet.execute(JUnit4TestSet.java:53) [surefire-junit4-2.10.jar:2.10]
	at org.apache.maven.surefire.junit4.JUnit4Provider.executeTestSet(JUnit4Provider.java:123) [surefire-junit4-2.10.jar:2.10]
	at org.apache.maven.surefire.junit4.JUnit4Provider.invoke(JUnit4Provider.java:104) [surefire-junit4-2.10.jar:2.10]
	at sun.reflect.NativeMethodAccessorImpl.invoke0(Native Method) ~[na:1.6.0_38]
	at sun.reflect.NativeMethodAccessorImpl.invoke(NativeMethodAccessorImpl.java:39) ~[na:1.6.0_38]
	at sun.reflect.DelegatingMethodAccessorImpl.invoke(DelegatingMethodAccessorImpl.java:25) ~[na:1.6.0_38]
	at java.lang.reflect.Method.invoke(Method.java:597) ~[na:1.6.0_38]
	at org.apache.maven.surefire.util.ReflectionUtils.invokeMethodWithArray(ReflectionUtils.java:164) [surefire-api-2.10.jar:2.10]
	at org.apache.maven.surefire.booter.ProviderFactory$ProviderProxy.invoke(ProviderFactory.java:110) [surefire-booter-2.10.jar:2.10]
	at org.apache.maven.surefire.booter.SurefireStarter.invokeProvider(SurefireStarter.java:175) [surefire-booter-2.10.jar:2.10]
	at org.apache.maven.surefire.booter.SurefireStarter.runSuitesInProcessWhenForked(SurefireStarter.java:107) [surefire-booter-2.10.jar:2.10]
	at org.apache.maven.surefire.booter.ForkedBooter.main(ForkedBooter.java:68) [surefire-booter-2.10.jar:2.10]
Caused by: org.springframework.beans.factory.BeanCreationException: Error creating bean with name &apos;adminResource&apos;: Injection of autowired dependencies failed; nested exception is org.springframework.beans.factory.BeanCreationException: Could not autowire field: private com.rackspace.search.service.core.CoreTicketOngoingSyncJob com.rackspace.search.endpoint.AdminResource.coreTicketOngoingSyncJob; nested exception is org.springframework.beans.factory.BeanCreationException: Error creating bean with name &apos;coreTicketOngoingSyncJob&apos;: Invocation of init method failed; nested exception is org.elasticsearch.indices.IndexMissingException: [admin] missing
	at org.springframework.beans.factory.annotation.AutowiredAnnotationBeanPostProcessor.postProcessPropertyValues(AutowiredAnnotationBeanPostProcessor.java:288) ~[spring-beans-3.0.6.RELEASE.jar:3.0.6.RELEASE]
	at org.springframework.beans.factory.support.AbstractAutowireCapableBeanFactory.populateBean(AbstractAutowireCapableBeanFactory.java:1074) ~[spring-beans-3.0.6.RELEASE.jar:3.0.6.RELEASE]
	at org.springframework.beans.factory.support.AbstractAutowireCapableBeanFactory.doCreateBean(AbstractAutowireCapableBeanFactory.java:517) ~[spring-beans-3.0.6.RELEASE.jar:3.0.6.RELEASE]
	at org.springframework.beans.factory.support.AbstractAutowireCapableBeanFactory.createBean(AbstractAutowireCapableBeanFactory.java:456) ~[spring-beans-3.0.6.RELEASE.jar:3.0.6.RELEASE]
	at org.springframework.beans.factory.support.AbstractBeanFactory$1.getObject(AbstractBeanFactory.java:293) ~[spring-beans-3.0.6.RELEASE.jar:3.0.6.RELEASE]
	at org.springframework.beans.factory.support.DefaultSingletonBeanRegistry.getSingleton(DefaultSingletonBeanRegistry.java:222) ~[spring-beans-3.0.6.RELEASE.jar:3.0.6.RELEASE]
	at org.springframework.beans.factory.support.AbstractBeanFactory.doGetBean(AbstractBeanFactory.java:290) ~[spring-beans-3.0.6.RELEASE.jar:3.0.6.RELEASE]
	at org.springframework.beans.factory.support.AbstractBeanFactory.getBean(AbstractBeanFactory.java:192) ~[spring-beans-3.0.6.RELEASE.jar:3.0.6.RELEASE]
	at org.springframework.beans.factory.support.DefaultListableBeanFactory.preInstantiateSingletons(DefaultListableBeanFactory.java:585) ~[spring-beans-3.0.6.RELEASE.jar:3.0.6.RELEASE]
	at org.springframework.context.support.AbstractApplicationContext.finishBeanFactoryInitialization(AbstractApplicationContext.java:895) ~[spring-context-3.0.6.RELEASE.jar:3.0.6.RELEASE]
	at org.springframework.context.support.AbstractApplicationContext.refresh(AbstractApplicationContext.java:425) ~[spring-context-3.0.6.RELEASE.jar:3.0.6.RELEASE]
	at org.springframework.test.context.support.AbstractGenericContextLoader.loadContext(AbstractGenericContextLoader.java:84) ~[spring-test-3.0.6.RELEASE.jar:3.0.6.RELEASE]
	at org.springframework.test.context.support.AbstractGenericContextLoader.loadContext(AbstractGenericContextLoader.java:1) ~[spring-test-3.0.6.RELEASE.jar:3.0.6.RELEASE]
	at org.springframework.test.context.TestContext.loadApplicationContext(TestContext.java:280) ~[spring-test-3.0.6.RELEASE.jar:3.0.6.RELEASE]
	at org.springframework.test.context.TestContext.getApplicationContext(TestContext.java:304) ~[spring-test-3.0.6.RELEASE.jar:3.0.6.RELEASE]
	... 51 common frames omitted
Caused by: org.springframework.beans.factory.BeanCreationException: Could not autowire field: private com.rackspace.search.service.core.CoreTicketOngoingSyncJob com.rackspace.search.endpoint.AdminResource.coreTicketOngoingSyncJob; nested exception is org.springframework.beans.factory.BeanCreationException: Error creating bean with name &apos;coreTicketOngoingSyncJob&apos;: Invocation of init method failed; nested exception is org.elasticsearch.indices.IndexMissingException: [admin] missing
	at org.springframework.beans.factory.annotation.AutowiredAnnotationBeanPostProcessor$AutowiredFieldElement.inject(AutowiredAnnotationBeanPostProcessor.java:508) ~[spring-beans-3.0.6.RELEASE.jar:3.0.6.RELEASE]
	at org.springframework.beans.factory.annotation.InjectionMetadata.inject(InjectionMetadata.java:84) ~[spring-beans-3.0.6.RELEASE.jar:3.0.6.RELEASE]
	at org.springframework.beans.factory.annotation.AutowiredAnnotationBeanPostProcessor.postProcessPropertyValues(AutowiredAnnotationBeanPostProcessor.java:285) ~[spring-beans-3.0.6.RELEASE.jar:3.0.6.RELEASE]
	... 65 common frames omitted
Caused by: org.springframework.beans.factory.BeanCreationException: Error creating bean with name &apos;coreTicketOngoingSyncJob&apos;: Invocation of init method failed; nested exception is org.elasticsearch.indices.IndexMissingException: [admin] missing
	at org.springframework.beans.factory.annotation.InitDestroyAnnotationBeanPostProcessor.postProcessBeforeInitialization(InitDestroyAnnotationBeanPostProcessor.java:133) ~[spring-beans-3.0.6.RELEASE.jar:3.0.6.RELEASE]
	at org.springframework.beans.factory.support.AbstractAutowireCapableBeanFactory.applyBeanPostProcessorsBeforeInitialization(AbstractAutowireCapableBeanFactory.java:394) ~[spring-beans-3.0.6.RELEASE.jar:3.0.6.RELEASE]
	at org.springframework.beans.factory.support.AbstractAutowireCapableBeanFactory.initializeBean(AbstractAutowireCapableBeanFactory.java:1413) ~[spring-beans-3.0.6.RELEASE.jar:3.0.6.RELEASE]
	at org.springframework.beans.factory.support.AbstractAutowireCapableBeanFactory.doCreateBean(AbstractAutowireCapableBeanFactory.java:519) ~[spring-beans-3.0.6.RELEASE.jar:3.0.6.RELEASE]
	at org.springframework.beans.factory.support.AbstractAutowireCapableBeanFactory.createBean(AbstractAutowireCapableBeanFactory.java:456) ~[spring-beans-3.0.6.RELEASE.jar:3.0.6.RELEASE]
	at org.springframework.beans.factory.support.AbstractBeanFactory$1.getObject(AbstractBeanFactory.java:293) ~[spring-beans-3.0.6.RELEASE.jar:3.0.6.RELEASE]
	at org.springframework.beans.factory.support.DefaultSingletonBeanRegistry.getSingleton(DefaultSingletonBeanRegistry.java:222) ~[spring-beans-3.0.6.RELEASE.jar:3.0.6.RELEASE]
	at org.springframework.beans.factory.support.AbstractBeanFactory.doGetBean(AbstractBeanFactory.java:290) ~[spring-beans-3.0.6.RELEASE.jar:3.0.6.RELEASE]
	at org.springframework.beans.factory.support.AbstractBeanFactory.getBean(AbstractBeanFactory.java:192) ~[spring-beans-3.0.6.RELEASE.jar:3.0.6.RELEASE]
	at org.springframework.beans.factory.support.DefaultListableBeanFactory.findAutowireCandidates(DefaultListableBeanFactory.java:848) ~[spring-beans-3.0.6.RELEASE.jar:3.0.6.RELEASE]
	at org.springframework.beans.factory.support.DefaultListableBeanFactory.doResolveDependency(DefaultListableBeanFactory.java:790) ~[spring-beans-3.0.6.RELEASE.jar:3.0.6.RELEASE]
	at org.springframework.beans.factory.support.DefaultListableBeanFactory.resolveDependency(DefaultListableBeanFactory.java:707) ~[spring-beans-3.0.6.RELEASE.jar:3.0.6.RELEASE]
	at org.springframework.beans.factory.annotation.AutowiredAnnotationBeanPostProcessor$AutowiredFieldElement.inject(AutowiredAnnotationBeanPostProcessor.java:480) ~[spring-beans-3.0.6.RELEASE.jar:3.0.6.RELEASE]
	... 67 common frames omitted
Caused by: org.elasticsearch.indices.IndexMissingException: [admin] missing
	at org.elasticsearch.cluster.metadata.MetaData.concreteIndex(MetaData.java:211) ~[elasticsearch-0.16.2.jar:na]
	at org.elasticsearch.action.support.single.shard.TransportShardSingleOperationAction$AsyncSingleAction.&lt;init&gt;(TransportShardSingleOperationAction.java:107) ~[elasticsearch-0.16.2.jar:na]
	at org.elasticsearch.action.support.single.shard.TransportShardSingleOperationAction$AsyncSingleAction.&lt;init&gt;(TransportShardSingleOperationAction.java:88) ~[elasticsearch-0.16.2.jar:na]
	at org.elasticsearch.action.support.single.shard.TransportShardSingleOperationAction.doExecute(TransportShardSingleOperationAction.java:69) ~[elasticsearch-0.16.2.jar:na]
	at org.elasticsearch.action.support.single.shard.TransportShardSingleOperationAction.doExecute(TransportShardSingleOperationAction.java:45) ~[elasticsearch-0.16.2.jar:na]
	at org.elasticsearch.action.support.BaseAction.execute(BaseAction.java:61) ~[elasticsearch-0.16.2.jar:na]
	at org.elasticsearch.client.node.NodeClient.get(NodeClient.java:152) ~[elasticsearch-0.16.2.jar:na]
	at org.elasticsearch.client.action.get.GetRequestBuilder.doExecute(GetRequestBuilder.java:119) ~[elasticsearch-0.16.2.jar:na]
	at org.elasticsearch.client.action.support.BaseRequestBuilder.execute(BaseRequestBuilder.java:56) ~[elasticsearch-0.16.2.jar:na]
	at org.elasticsearch.client.action.support.BaseRequestBuilder.execute(BaseRequestBuilder.java:51) ~[elasticsearch-0.16.2.jar:na]
	at org.elasticsearch.client.action.RequestBuilder$execute.call(Unknown Source) ~[na:na]
	at com.rackspace.search.elasticsearch.client.ElasticSearchClient.getDocument(ElasticSearchClient.groovy:202) ~[classes/:na]
	at com.rackspace.search.elasticsearch.client.ElasticSearchClient$getDocument.call(Unknown Source) ~[na:na]
	at com.rackspace.search.service.JobService.getJob(JobService.groovy:38) ~[classes/:na]
	at com.rackspace.search.service.JobService$getJob.call(Unknown Source) ~[na:na]
	at com.rackspace.search.service.core.CoreTicketOngoingSyncJob.setupActivities(CoreTicketOnGoingSyncJob.groovy:54) ~[classes/:na]
	at sun.reflect.NativeMethodAccessorImpl.invoke0(Native Method) ~[na:1.6.0_38]
	at sun.reflect.NativeMethodAccessorImpl.invoke(NativeMethodAccessorImpl.java:39) ~[na:1.6.0_38]
	at sun.reflect.DelegatingMethodAccessorImpl.invoke(DelegatingMethodAccessorImpl.java:25) ~[na:1.6.0_38]
	at java.lang.reflect.Method.invoke(Method.java:597) ~[na:1.6.0_38]
	at org.springframework.beans.factory.annotation.InitDestroyAnnotationBeanPostProcessor$LifecycleElement.invoke(InitDestroyAnnotationBeanPostProcessor.java:340) ~[spring-beans-3.0.6.RELEASE.jar:3.0.6.RELEASE]
	at org.springframework.beans.factory.annotation.InitDestroyAnnotationBeanPostProcessor$LifecycleMetadata.invokeInitMethods(InitDestroyAnnotationBeanPostProcessor.java:293) ~[spring-beans-3.0.6.RELEASE.jar:3.0.6.RELEASE]
	at org.springframework.beans.factory.annotation.InitDestroyAnnotationBeanPostProcessor.postProcessBeforeInitialization(InitDestroyAnnotationBeanPostProcessor.java:130) ~[spring-beans-3.0.6.RELEASE.jar:3.0.6.RELEASE]
	... 79 common frames omitted
</stdout>
          <failedSince>1</failedSince>
        </case>
        <case>
          <duration>1.02</duration>
          <className>com.rackspace.search.elasticsearch.client.ElasticSearchClientTest</className>
          <testName>get All Tickets</testName>
          <skipped>false</skipped>
          <errorStackTrace>java.lang.NullPointerException: Cannot invoke method getClient() on null object
	at com.rackspace.search.elasticsearch.client.ElasticSearchClientTest.cleanup(ElasticSearchClientTest.groovy:84)
</errorStackTrace>
          <errorDetails>Cannot invoke method getClient() on null object</errorDetails>
          <failedSince>1</failedSince>
        </case>
        <case>
          <duration>0.112</duration>
          <className>com.rackspace.search.elasticsearch.client.ElasticSearchClientTest</className>
          <testName>test search tickets for string filed user with single &amp; multiple values and negation</testName>
          <skipped>false</skipped>
          <errorStackTrace>java.lang.IllegalStateException: Failed to load ApplicationContext
	at org.springframework.test.context.TestContext.getApplicationContext(TestContext.java:308)
	at org.springframework.test.context.support.DependencyInjectionTestExecutionListener.injectDependencies(DependencyInjectionTestExecutionListener.java:109)
	at org.springframework.test.context.support.DependencyInjectionTestExecutionListener.prepareTestInstance(DependencyInjectionTestExecutionListener.java:75)
	at org.springframework.test.context.TestContextManager.prepareTestInstance(TestContextManager.java:321)
	at org.spockframework.spring.SpringTestContextManager.prepareTestInstance(SpringTestContextManager.java:49)
	at org.spockframework.spring.SpringInterceptor.interceptSetupMethod(SpringInterceptor.java:42)
	at org.spockframework.runtime.extension.AbstractMethodInterceptor.intercept(AbstractMethodInterceptor.java:28)
	at org.spockframework.runtime.extension.MethodInvocation.proceed(MethodInvocation.java:84)
	at org.spockframework.util.ReflectionUtil.invokeMethod(ReflectionUtil.java:138)
	at org.spockframework.util.ReflectionUtil.invokeMethod(ReflectionUtil.java:138)
	at org.spockframework.util.ReflectionUtil.invokeMethod(ReflectionUtil.java:138)
	at org.apache.maven.surefire.junit4.JUnit4TestSet.execute(JUnit4TestSet.java:53)
	at org.apache.maven.surefire.junit4.JUnit4Provider.executeTestSet(JUnit4Provider.java:123)
	at org.apache.maven.surefire.junit4.JUnit4Provider.invoke(JUnit4Provider.java:104)
	at org.apache.maven.surefire.util.ReflectionUtils.invokeMethodWithArray(ReflectionUtils.java:164)
	at org.apache.maven.surefire.booter.ProviderFactory$ProviderProxy.invoke(ProviderFactory.java:110)
	at org.apache.maven.surefire.booter.SurefireStarter.invokeProvider(SurefireStarter.java:175)
	at org.apache.maven.surefire.booter.SurefireStarter.runSuitesInProcessWhenForked(SurefireStarter.java:107)
	at org.apache.maven.surefire.booter.ForkedBooter.main(ForkedBooter.java:68)
Caused by: org.springframework.beans.factory.BeanCreationException: Error creating bean with name &apos;adminResource&apos;: Injection of autowired dependencies failed; nested exception is org.springframework.beans.factory.BeanCreationException: Could not autowire field: private com.rackspace.search.service.core.CoreTicketOngoingSyncJob com.rackspace.search.endpoint.AdminResource.coreTicketOngoingSyncJob; nested exception is org.springframework.beans.factory.BeanCreationException: Error creating bean with name &apos;coreTicketOngoingSyncJob&apos;: Invocation of init method failed; nested exception is org.elasticsearch.indices.IndexMissingException: [admin] missing
	at org.springframework.beans.factory.annotation.AutowiredAnnotationBeanPostProcessor.postProcessPropertyValues(AutowiredAnnotationBeanPostProcessor.java:288)
	at org.springframework.beans.factory.support.AbstractAutowireCapableBeanFactory.populateBean(AbstractAutowireCapableBeanFactory.java:1074)
	at org.springframework.beans.factory.support.AbstractAutowireCapableBeanFactory.doCreateBean(AbstractAutowireCapableBeanFactory.java:517)
	at org.springframework.beans.factory.support.AbstractAutowireCapableBeanFactory.createBean(AbstractAutowireCapableBeanFactory.java:456)
	at org.springframework.beans.factory.support.AbstractBeanFactory$1.getObject(AbstractBeanFactory.java:293)
	at org.springframework.beans.factory.support.DefaultSingletonBeanRegistry.getSingleton(DefaultSingletonBeanRegistry.java:222)
	at org.springframework.beans.factory.support.AbstractBeanFactory.doGetBean(AbstractBeanFactory.java:290)
	at org.springframework.beans.factory.support.AbstractBeanFactory.getBean(AbstractBeanFactory.java:192)
	at org.springframework.beans.factory.support.DefaultListableBeanFactory.preInstantiateSingletons(DefaultListableBeanFactory.java:585)
	at org.springframework.context.support.AbstractApplicationContext.finishBeanFactoryInitialization(AbstractApplicationContext.java:895)
	at org.springframework.context.support.AbstractApplicationContext.refresh(AbstractApplicationContext.java:425)
	at org.springframework.test.context.support.AbstractGenericContextLoader.loadContext(AbstractGenericContextLoader.java:84)
	at org.springframework.test.context.support.AbstractGenericContextLoader.loadContext(AbstractGenericContextLoader.java:1)
	at org.springframework.test.context.TestContext.loadApplicationContext(TestContext.java:280)
	at org.springframework.test.context.TestContext.getApplicationContext(TestContext.java:304)
	... 18 more
Caused by: org.springframework.beans.factory.BeanCreationException: Could not autowire field: private com.rackspace.search.service.core.CoreTicketOngoingSyncJob com.rackspace.search.endpoint.AdminResource.coreTicketOngoingSyncJob; nested exception is org.springframework.beans.factory.BeanCreationException: Error creating bean with name &apos;coreTicketOngoingSyncJob&apos;: Invocation of init method failed; nested exception is org.elasticsearch.indices.IndexMissingException: [admin] missing
	at org.springframework.beans.factory.annotation.AutowiredAnnotationBeanPostProcessor$AutowiredFieldElement.inject(AutowiredAnnotationBeanPostProcessor.java:508)
	at org.springframework.beans.factory.annotation.InjectionMetadata.inject(InjectionMetadata.java:84)
	at org.springframework.beans.factory.annotation.AutowiredAnnotationBeanPostProcessor.postProcessPropertyValues(AutowiredAnnotationBeanPostProcessor.java:285)
	... 32 more
Caused by: org.springframework.beans.factory.BeanCreationException: Error creating bean with name &apos;coreTicketOngoingSyncJob&apos;: Invocation of init method failed; nested exception is org.elasticsearch.indices.IndexMissingException: [admin] missing
	at org.springframework.beans.factory.annotation.InitDestroyAnnotationBeanPostProcessor.postProcessBeforeInitialization(InitDestroyAnnotationBeanPostProcessor.java:133)
	at org.springframework.beans.factory.support.AbstractAutowireCapableBeanFactory.applyBeanPostProcessorsBeforeInitialization(AbstractAutowireCapableBeanFactory.java:394)
	at org.springframework.beans.factory.support.AbstractAutowireCapableBeanFactory.initializeBean(AbstractAutowireCapableBeanFactory.java:1413)
	at org.springframework.beans.factory.support.AbstractAutowireCapableBeanFactory.doCreateBean(AbstractAutowireCapableBeanFactory.java:519)
	at org.springframework.beans.factory.support.AbstractAutowireCapableBeanFactory.createBean(AbstractAutowireCapableBeanFactory.java:456)
	at org.springframework.beans.factory.support.AbstractBeanFactory$1.getObject(AbstractBeanFactory.java:293)
	at org.springframework.beans.factory.support.DefaultSingletonBeanRegistry.getSingleton(DefaultSingletonBeanRegistry.java:222)
	at org.springframework.beans.factory.support.AbstractBeanFactory.doGetBean(AbstractBeanFactory.java:290)
	at org.springframework.beans.factory.support.AbstractBeanFactory.getBean(AbstractBeanFactory.java:192)
	at org.springframework.beans.factory.support.DefaultListableBeanFactory.findAutowireCandidates(DefaultListableBeanFactory.java:848)
	at org.springframework.beans.factory.support.DefaultListableBeanFactory.doResolveDependency(DefaultListableBeanFactory.java:790)
	at org.springframework.beans.factory.support.DefaultListableBeanFactory.resolveDependency(DefaultListableBeanFactory.java:707)
	at org.springframework.beans.factory.annotation.AutowiredAnnotationBeanPostProcessor$AutowiredFieldElement.inject(AutowiredAnnotationBeanPostProcessor.java:480)
	... 34 more
Caused by: org.elasticsearch.indices.IndexMissingException: [admin] missing
	at org.elasticsearch.cluster.metadata.MetaData.concreteIndex(MetaData.java:211)
	at org.elasticsearch.action.support.single.shard.TransportShardSingleOperationAction$AsyncSingleAction.&lt;init&gt;(TransportShardSingleOperationAction.java:107)
	at org.elasticsearch.action.support.single.shard.TransportShardSingleOperationAction$AsyncSingleAction.&lt;init&gt;(TransportShardSingleOperationAction.java:88)
	at org.elasticsearch.action.support.single.shard.TransportShardSingleOperationAction.doExecute(TransportShardSingleOperationAction.java:69)
	at org.elasticsearch.action.support.single.shard.TransportShardSingleOperationAction.doExecute(TransportShardSingleOperationAction.java:45)
	at org.elasticsearch.action.support.BaseAction.execute(BaseAction.java:61)
	at org.elasticsearch.client.node.NodeClient.get(NodeClient.java:152)
	at org.elasticsearch.client.action.get.GetRequestBuilder.doExecute(GetRequestBuilder.java:119)
	at org.elasticsearch.client.action.support.BaseRequestBuilder.execute(BaseRequestBuilder.java:56)
	at org.elasticsearch.client.action.support.BaseRequestBuilder.execute(BaseRequestBuilder.java:51)
	at com.rackspace.search.elasticsearch.client.ElasticSearchClient.getDocument(ElasticSearchClient.groovy:202)
	at com.rackspace.search.service.JobService.getJob(JobService.groovy:38)
	at com.rackspace.search.service.core.CoreTicketOngoingSyncJob.setupActivities(CoreTicketOnGoingSyncJob.groovy:54)
	at org.springframework.beans.factory.annotation.InitDestroyAnnotationBeanPostProcessor$LifecycleElement.invoke(InitDestroyAnnotationBeanPostProcessor.java:340)
	at org.springframework.beans.factory.annotation.InitDestroyAnnotationBeanPostProcessor$LifecycleMetadata.invokeInitMethods(InitDestroyAnnotationBeanPostProcessor.java:293)
	at org.springframework.beans.factory.annotation.InitDestroyAnnotationBeanPostProcessor.postProcessBeforeInitialization(InitDestroyAnnotationBeanPostProcessor.java:130)
	... 46 more
</errorStackTrace>
          <errorDetails>Failed to load ApplicationContext</errorDetails>
          <stdout>16:33:20.884 [main] INFO  c.r.s.common.property.PropertyProvider - Loading properties file from file [/var/lib/jenkins/jobs/Samatha Fork/workspace/service/target/properties/local/search.properties]
16:33:20.884 [main] INFO  c.r.s.common.property.PropertyProvider - Loading properties file from file [/var/lib/jenkins/jobs/Samatha Fork/workspace/service/target/properties/local/search.secrets.properties]
16:33:20.884 [main] INFO  c.r.s.common.property.PropertyProvider - Loading properties file from file [/var/lib/jenkins/jobs/Samatha Fork/workspace/service/target/properties/local/elasticsearch.properties]
16:33:20.896 [main] INFO  c.r.s.elasticsearch.ElasticSearchServer - Starting the Elastic Search server node:
16:33:20.898 [main] INFO  org.elasticsearch.node - [ticket.node] {elasticsearch/0.16.2}[16944]: initializing ...
16:33:20.898 [main] INFO  org.elasticsearch.plugins - [ticket.node] loaded []
16:33:21.074 [main] INFO  org.elasticsearch.node - [ticket.node] {elasticsearch/0.16.2}[16944]: initialized
16:33:21.075 [main] INFO  c.r.s.elasticsearch.ElasticSearchServer - Starting the Elastic Search server node with these settings:
16:33:21.075 [main] INFO  c.r.s.elasticsearch.ElasticSearchServer - Elasticsearch Settings :  [core.db.url:jdbc:postgresql://dev.db.core.rackspace.com:5432/core_dev, node.local:true, index.analysis.analyzer.search_standard.filter:[lowercase], elastic.config.path:/var/lib/jenkins/jobs/Samatha Fork/workspace/service/target/properties/local/elasticsearch, path.data:/var/lib/jenkins/jobs/Samatha Fork/workspace/service/target/elasticsearch/data, ticket.core.dateformat:yyyy-MM-dd HH:mm:ss, cluster.name:ticket.cluster, index.analysis.analyzer.search_standard.type:standard, core.db.password:, path.conf:/var/lib/jenkins/jobs/Samatha Fork/workspace/service/target/properties/local/elasticsearch, core.api.password:qwerty, ticket.ongoingsync.delay.seconds:2000, name:ticket.node, http.enabled:true, path.logs:/var/lib/jenkins/jobs/Samatha Fork/workspace/service/target/elasticsearch/logs, index.number_of_replicas:0, ticket.document.idName:number, core.api.endpoint:https://ws.staging.core.rackspace.com/ctkapi, ticket.document.type:ticket, ticket.index.name:ticket, admin.index.name:admin, indices.structure:/indices_structure.json, index.store.fs.memory.enabled:false, index.number_of_shards:5, admin.document.type:syncJob, core.db.username:usq_read, ticket.core.date.timezone:CST, ticket.search.allowedRangeParams:created_at,updated_at,last_public_response_date, ticket.search.allowedTermParams:source_system,number,created_at,updated_at,last_public_response_date,status,queue,category,priority,assignee.name,account.number, core.driver.class:org.postgresql.Driver, core.api.username:rcameron, ticket.elastic.dateformat:yyyy-MM-dd&apos;T&apos;HH:mm:ss.SSSZZ, discovery.zen.ping.multicast.enabled:false, action.auto_create_index:1, path.home:/var/lib/jenkins/jobs/Samatha Fork/workspace/service, path.work:/var/lib/jenkins/jobs/Samatha Fork/workspace/service/work, path.work_with_cluster:/var/lib/jenkins/jobs/Samatha Fork/workspace/service/work/ticket.cluster, path.data_with_cluster:/var/lib/jenkins/jobs/Samatha Fork/workspace/service/target/elasticsearch/data/ticket.cluster]
16:33:21.075 [main] INFO  org.elasticsearch.node - [ticket.node] {elasticsearch/0.16.2}[16944]: starting ...
16:33:21.076 [main] INFO  org.elasticsearch.transport - [ticket.node] bound_address {local[11]}, publish_address {local[11]}
16:33:21.076 [elasticsearch[ticket.node]clusterService#updateTask-pool-151-thread-1] INFO  org.elasticsearch.cluster.service - [ticket.node] new_master [ticket.node][11][local[11]]{local=true}, reason: local-disco-initial_connect(master)
16:33:21.077 [main] INFO  org.elasticsearch.discovery - [ticket.node] ticket.cluster/11
16:33:21.081 [main] INFO  org.elasticsearch.http - [ticket.node] bound_address {inet[/0:0:0:0:0:0:0:0:9200]}, publish_address {inet[/10.14.208.252:9200]}
16:33:21.081 [main] INFO  org.elasticsearch.node - [ticket.node] {elasticsearch/0.16.2}[16944]: started
16:33:21.081 [main] INFO  c.r.s.elasticsearch.ElasticSearchServer - Elastic Search server is started.
16:33:21.082 [elasticsearch[ticket.node]clusterService#updateTask-pool-151-thread-1] INFO  org.elasticsearch.gateway - [ticket.node] recovered [0] indices into cluster_state
16:33:21.085 [main] INFO  c.r.s.elasticsearch.ElasticSearchServer - ES cluster status is GREEN
16:33:21.108 [main] INFO  org.elasticsearch.node - [ticket.node] {elasticsearch/0.16.2}[16944]: stopping ...
16:33:21.328 [main] INFO  org.elasticsearch.node - [ticket.node] {elasticsearch/0.16.2}[16944]: stopped
16:33:21.328 [main] INFO  org.elasticsearch.node - [ticket.node] {elasticsearch/0.16.2}[16944]: closing ...
16:33:21.331 [main] INFO  org.elasticsearch.node - [ticket.node] {elasticsearch/0.16.2}[16944]: closed
16:33:21.412 [main] ERROR o.s.test.context.TestContextManager - Caught exception while allowing TestExecutionListener [org.springframework.test.context.support.DependencyInjectionTestExecutionListener@284d0371] to prepare test instance [com.rackspace.search.elasticsearch.client.ElasticSearchClientTest@2bb57fd1]
java.lang.IllegalStateException: Failed to load ApplicationContext
	at org.springframework.test.context.TestContext.getApplicationContext(TestContext.java:308) ~[spring-test-3.0.6.RELEASE.jar:3.0.6.RELEASE]
	at org.springframework.test.context.support.DependencyInjectionTestExecutionListener.injectDependencies(DependencyInjectionTestExecutionListener.java:109) ~[spring-test-3.0.6.RELEASE.jar:3.0.6.RELEASE]
	at org.springframework.test.context.support.DependencyInjectionTestExecutionListener.prepareTestInstance(DependencyInjectionTestExecutionListener.java:75) ~[spring-test-3.0.6.RELEASE.jar:3.0.6.RELEASE]
	at org.springframework.test.context.TestContextManager.prepareTestInstance(TestContextManager.java:321) ~[spring-test-3.0.6.RELEASE.jar:3.0.6.RELEASE]
	at org.spockframework.spring.SpringTestContextManager.prepareTestInstance(SpringTestContextManager.java:49) [spock-spring-0.7-groovy-2.0.jar:na]
	at org.spockframework.spring.SpringInterceptor.interceptSetupMethod(SpringInterceptor.java:42) [spock-spring-0.7-groovy-2.0.jar:na]
	at org.spockframework.runtime.extension.AbstractMethodInterceptor.intercept(AbstractMethodInterceptor.java:28) [spock-core-0.7-groovy-2.0.jar:na]
	at org.spockframework.runtime.extension.MethodInvocation.proceed(MethodInvocation.java:84) [spock-core-0.7-groovy-2.0.jar:na]
	at org.spockframework.runtime.BaseSpecRunner.invoke(BaseSpecRunner.java:319) [spock-core-0.7-groovy-2.0.jar:na]
	at org.spockframework.runtime.BaseSpecRunner.invokeSetup(BaseSpecRunner.java:279) [spock-core-0.7-groovy-2.0.jar:na]
	at org.spockframework.runtime.BaseSpecRunner.doRunIteration(BaseSpecRunner.java:255) [spock-core-0.7-groovy-2.0.jar:na]
	at sun.reflect.GeneratedMethodAccessor11.invoke(Unknown Source) ~[na:na]
	at sun.reflect.DelegatingMethodAccessorImpl.invoke(DelegatingMethodAccessorImpl.java:25) ~[na:1.6.0_38]
	at java.lang.reflect.Method.invoke(Method.java:597) ~[na:1.6.0_38]
	at org.spockframework.util.ReflectionUtil.invokeMethod(ReflectionUtil.java:138) [spock-core-0.7-groovy-2.0.jar:na]
	at org.spockframework.runtime.BaseSpecRunner.invokeRaw(BaseSpecRunner.java:330) [spock-core-0.7-groovy-2.0.jar:na]
	at org.spockframework.runtime.BaseSpecRunner.invoke(BaseSpecRunner.java:311) [spock-core-0.7-groovy-2.0.jar:na]
	at org.spockframework.runtime.BaseSpecRunner.runIteration(BaseSpecRunner.java:223) [spock-core-0.7-groovy-2.0.jar:na]
	at org.spockframework.runtime.BaseSpecRunner.initializeAndRunIteration(BaseSpecRunner.java:214) [spock-core-0.7-groovy-2.0.jar:na]
	at org.spockframework.runtime.BaseSpecRunner.runSimpleFeature(BaseSpecRunner.java:205) [spock-core-0.7-groovy-2.0.jar:na]
	at org.spockframework.runtime.BaseSpecRunner.doRunFeature(BaseSpecRunner.java:199) [spock-core-0.7-groovy-2.0.jar:na]
	at sun.reflect.GeneratedMethodAccessor12.invoke(Unknown Source) ~[na:na]
	at sun.reflect.DelegatingMethodAccessorImpl.invoke(DelegatingMethodAccessorImpl.java:25) ~[na:1.6.0_38]
	at java.lang.reflect.Method.invoke(Method.java:597) ~[na:1.6.0_38]
	at org.spockframework.util.ReflectionUtil.invokeMethod(ReflectionUtil.java:138) [spock-core-0.7-groovy-2.0.jar:na]
	at org.spockframework.runtime.BaseSpecRunner.invokeRaw(BaseSpecRunner.java:330) [spock-core-0.7-groovy-2.0.jar:na]
	at org.spockframework.runtime.BaseSpecRunner.invoke(BaseSpecRunner.java:311) [spock-core-0.7-groovy-2.0.jar:na]
	at org.spockframework.runtime.BaseSpecRunner.runFeature(BaseSpecRunner.java:175) [spock-core-0.7-groovy-2.0.jar:na]
	at org.spockframework.runtime.BaseSpecRunner.runFeatures(BaseSpecRunner.java:152) [spock-core-0.7-groovy-2.0.jar:na]
	at org.spockframework.runtime.BaseSpecRunner.doRunSpec(BaseSpecRunner.java:112) [spock-core-0.7-groovy-2.0.jar:na]
	at sun.reflect.NativeMethodAccessorImpl.invoke0(Native Method) ~[na:1.6.0_38]
	at sun.reflect.NativeMethodAccessorImpl.invoke(NativeMethodAccessorImpl.java:39) ~[na:1.6.0_38]
	at sun.reflect.DelegatingMethodAccessorImpl.invoke(DelegatingMethodAccessorImpl.java:25) ~[na:1.6.0_38]
	at java.lang.reflect.Method.invoke(Method.java:597) ~[na:1.6.0_38]
	at org.spockframework.util.ReflectionUtil.invokeMethod(ReflectionUtil.java:138) [spock-core-0.7-groovy-2.0.jar:na]
	at org.spockframework.runtime.BaseSpecRunner.invokeRaw(BaseSpecRunner.java:330) [spock-core-0.7-groovy-2.0.jar:na]
	at org.spockframework.runtime.BaseSpecRunner.invoke(BaseSpecRunner.java:311) [spock-core-0.7-groovy-2.0.jar:na]
	at org.spockframework.runtime.BaseSpecRunner.runSpec(BaseSpecRunner.java:91) [spock-core-0.7-groovy-2.0.jar:na]
	at org.spockframework.runtime.BaseSpecRunner.run(BaseSpecRunner.java:82) [spock-core-0.7-groovy-2.0.jar:na]
	at org.spockframework.runtime.Sputnik.run(Sputnik.java:63) [spock-core-0.7-groovy-2.0.jar:na]
	at org.apache.maven.surefire.junit4.JUnit4TestSet.execute(JUnit4TestSet.java:53) [surefire-junit4-2.10.jar:2.10]
	at org.apache.maven.surefire.junit4.JUnit4Provider.executeTestSet(JUnit4Provider.java:123) [surefire-junit4-2.10.jar:2.10]
	at org.apache.maven.surefire.junit4.JUnit4Provider.invoke(JUnit4Provider.java:104) [surefire-junit4-2.10.jar:2.10]
	at sun.reflect.NativeMethodAccessorImpl.invoke0(Native Method) ~[na:1.6.0_38]
	at sun.reflect.NativeMethodAccessorImpl.invoke(NativeMethodAccessorImpl.java:39) ~[na:1.6.0_38]
	at sun.reflect.DelegatingMethodAccessorImpl.invoke(DelegatingMethodAccessorImpl.java:25) ~[na:1.6.0_38]
	at java.lang.reflect.Method.invoke(Method.java:597) ~[na:1.6.0_38]
	at org.apache.maven.surefire.util.ReflectionUtils.invokeMethodWithArray(ReflectionUtils.java:164) [surefire-api-2.10.jar:2.10]
	at org.apache.maven.surefire.booter.ProviderFactory$ProviderProxy.invoke(ProviderFactory.java:110) [surefire-booter-2.10.jar:2.10]
	at org.apache.maven.surefire.booter.SurefireStarter.invokeProvider(SurefireStarter.java:175) [surefire-booter-2.10.jar:2.10]
	at org.apache.maven.surefire.booter.SurefireStarter.runSuitesInProcessWhenForked(SurefireStarter.java:107) [surefire-booter-2.10.jar:2.10]
	at org.apache.maven.surefire.booter.ForkedBooter.main(ForkedBooter.java:68) [surefire-booter-2.10.jar:2.10]
Caused by: org.springframework.beans.factory.BeanCreationException: Error creating bean with name &apos;adminResource&apos;: Injection of autowired dependencies failed; nested exception is org.springframework.beans.factory.BeanCreationException: Could not autowire field: private com.rackspace.search.service.core.CoreTicketOngoingSyncJob com.rackspace.search.endpoint.AdminResource.coreTicketOngoingSyncJob; nested exception is org.springframework.beans.factory.BeanCreationException: Error creating bean with name &apos;coreTicketOngoingSyncJob&apos;: Invocation of init method failed; nested exception is org.elasticsearch.indices.IndexMissingException: [admin] missing
	at org.springframework.beans.factory.annotation.AutowiredAnnotationBeanPostProcessor.postProcessPropertyValues(AutowiredAnnotationBeanPostProcessor.java:288) ~[spring-beans-3.0.6.RELEASE.jar:3.0.6.RELEASE]
	at org.springframework.beans.factory.support.AbstractAutowireCapableBeanFactory.populateBean(AbstractAutowireCapableBeanFactory.java:1074) ~[spring-beans-3.0.6.RELEASE.jar:3.0.6.RELEASE]
	at org.springframework.beans.factory.support.AbstractAutowireCapableBeanFactory.doCreateBean(AbstractAutowireCapableBeanFactory.java:517) ~[spring-beans-3.0.6.RELEASE.jar:3.0.6.RELEASE]
	at org.springframework.beans.factory.support.AbstractAutowireCapableBeanFactory.createBean(AbstractAutowireCapableBeanFactory.java:456) ~[spring-beans-3.0.6.RELEASE.jar:3.0.6.RELEASE]
	at org.springframework.beans.factory.support.AbstractBeanFactory$1.getObject(AbstractBeanFactory.java:293) ~[spring-beans-3.0.6.RELEASE.jar:3.0.6.RELEASE]
	at org.springframework.beans.factory.support.DefaultSingletonBeanRegistry.getSingleton(DefaultSingletonBeanRegistry.java:222) ~[spring-beans-3.0.6.RELEASE.jar:3.0.6.RELEASE]
	at org.springframework.beans.factory.support.AbstractBeanFactory.doGetBean(AbstractBeanFactory.java:290) ~[spring-beans-3.0.6.RELEASE.jar:3.0.6.RELEASE]
	at org.springframework.beans.factory.support.AbstractBeanFactory.getBean(AbstractBeanFactory.java:192) ~[spring-beans-3.0.6.RELEASE.jar:3.0.6.RELEASE]
	at org.springframework.beans.factory.support.DefaultListableBeanFactory.preInstantiateSingletons(DefaultListableBeanFactory.java:585) ~[spring-beans-3.0.6.RELEASE.jar:3.0.6.RELEASE]
	at org.springframework.context.support.AbstractApplicationContext.finishBeanFactoryInitialization(AbstractApplicationContext.java:895) ~[spring-context-3.0.6.RELEASE.jar:3.0.6.RELEASE]
	at org.springframework.context.support.AbstractApplicationContext.refresh(AbstractApplicationContext.java:425) ~[spring-context-3.0.6.RELEASE.jar:3.0.6.RELEASE]
	at org.springframework.test.context.support.AbstractGenericContextLoader.loadContext(AbstractGenericContextLoader.java:84) ~[spring-test-3.0.6.RELEASE.jar:3.0.6.RELEASE]
	at org.springframework.test.context.support.AbstractGenericContextLoader.loadContext(AbstractGenericContextLoader.java:1) ~[spring-test-3.0.6.RELEASE.jar:3.0.6.RELEASE]
	at org.springframework.test.context.TestContext.loadApplicationContext(TestContext.java:280) ~[spring-test-3.0.6.RELEASE.jar:3.0.6.RELEASE]
	at org.springframework.test.context.TestContext.getApplicationContext(TestContext.java:304) ~[spring-test-3.0.6.RELEASE.jar:3.0.6.RELEASE]
	... 51 common frames omitted
Caused by: org.springframework.beans.factory.BeanCreationException: Could not autowire field: private com.rackspace.search.service.core.CoreTicketOngoingSyncJob com.rackspace.search.endpoint.AdminResource.coreTicketOngoingSyncJob; nested exception is org.springframework.beans.factory.BeanCreationException: Error creating bean with name &apos;coreTicketOngoingSyncJob&apos;: Invocation of init method failed; nested exception is org.elasticsearch.indices.IndexMissingException: [admin] missing
	at org.springframework.beans.factory.annotation.AutowiredAnnotationBeanPostProcessor$AutowiredFieldElement.inject(AutowiredAnnotationBeanPostProcessor.java:508) ~[spring-beans-3.0.6.RELEASE.jar:3.0.6.RELEASE]
	at org.springframework.beans.factory.annotation.InjectionMetadata.inject(InjectionMetadata.java:84) ~[spring-beans-3.0.6.RELEASE.jar:3.0.6.RELEASE]
	at org.springframework.beans.factory.annotation.AutowiredAnnotationBeanPostProcessor.postProcessPropertyValues(AutowiredAnnotationBeanPostProcessor.java:285) ~[spring-beans-3.0.6.RELEASE.jar:3.0.6.RELEASE]
	... 65 common frames omitted
Caused by: org.springframework.beans.factory.BeanCreationException: Error creating bean with name &apos;coreTicketOngoingSyncJob&apos;: Invocation of init method failed; nested exception is org.elasticsearch.indices.IndexMissingException: [admin] missing
	at org.springframework.beans.factory.annotation.InitDestroyAnnotationBeanPostProcessor.postProcessBeforeInitialization(InitDestroyAnnotationBeanPostProcessor.java:133) ~[spring-beans-3.0.6.RELEASE.jar:3.0.6.RELEASE]
	at org.springframework.beans.factory.support.AbstractAutowireCapableBeanFactory.applyBeanPostProcessorsBeforeInitialization(AbstractAutowireCapableBeanFactory.java:394) ~[spring-beans-3.0.6.RELEASE.jar:3.0.6.RELEASE]
	at org.springframework.beans.factory.support.AbstractAutowireCapableBeanFactory.initializeBean(AbstractAutowireCapableBeanFactory.java:1413) ~[spring-beans-3.0.6.RELEASE.jar:3.0.6.RELEASE]
	at org.springframework.beans.factory.support.AbstractAutowireCapableBeanFactory.doCreateBean(AbstractAutowireCapableBeanFactory.java:519) ~[spring-beans-3.0.6.RELEASE.jar:3.0.6.RELEASE]
	at org.springframework.beans.factory.support.AbstractAutowireCapableBeanFactory.createBean(AbstractAutowireCapableBeanFactory.java:456) ~[spring-beans-3.0.6.RELEASE.jar:3.0.6.RELEASE]
	at org.springframework.beans.factory.support.AbstractBeanFactory$1.getObject(AbstractBeanFactory.java:293) ~[spring-beans-3.0.6.RELEASE.jar:3.0.6.RELEASE]
	at org.springframework.beans.factory.support.DefaultSingletonBeanRegistry.getSingleton(DefaultSingletonBeanRegistry.java:222) ~[spring-beans-3.0.6.RELEASE.jar:3.0.6.RELEASE]
	at org.springframework.beans.factory.support.AbstractBeanFactory.doGetBean(AbstractBeanFactory.java:290) ~[spring-beans-3.0.6.RELEASE.jar:3.0.6.RELEASE]
	at org.springframework.beans.factory.support.AbstractBeanFactory.getBean(AbstractBeanFactory.java:192) ~[spring-beans-3.0.6.RELEASE.jar:3.0.6.RELEASE]
	at org.springframework.beans.factory.support.DefaultListableBeanFactory.findAutowireCandidates(DefaultListableBeanFactory.java:848) ~[spring-beans-3.0.6.RELEASE.jar:3.0.6.RELEASE]
	at org.springframework.beans.factory.support.DefaultListableBeanFactory.doResolveDependency(DefaultListableBeanFactory.java:790) ~[spring-beans-3.0.6.RELEASE.jar:3.0.6.RELEASE]
	at org.springframework.beans.factory.support.DefaultListableBeanFactory.resolveDependency(DefaultListableBeanFactory.java:707) ~[spring-beans-3.0.6.RELEASE.jar:3.0.6.RELEASE]
	at org.springframework.beans.factory.annotation.AutowiredAnnotationBeanPostProcessor$AutowiredFieldElement.inject(AutowiredAnnotationBeanPostProcessor.java:480) ~[spring-beans-3.0.6.RELEASE.jar:3.0.6.RELEASE]
	... 67 common frames omitted
Caused by: org.elasticsearch.indices.IndexMissingException: [admin] missing
	at org.elasticsearch.cluster.metadata.MetaData.concreteIndex(MetaData.java:211) ~[elasticsearch-0.16.2.jar:na]
	at org.elasticsearch.action.support.single.shard.TransportShardSingleOperationAction$AsyncSingleAction.&lt;init&gt;(TransportShardSingleOperationAction.java:107) ~[elasticsearch-0.16.2.jar:na]
	at org.elasticsearch.action.support.single.shard.TransportShardSingleOperationAction$AsyncSingleAction.&lt;init&gt;(TransportShardSingleOperationAction.java:88) ~[elasticsearch-0.16.2.jar:na]
	at org.elasticsearch.action.support.single.shard.TransportShardSingleOperationAction.doExecute(TransportShardSingleOperationAction.java:69) ~[elasticsearch-0.16.2.jar:na]
	at org.elasticsearch.action.support.single.shard.TransportShardSingleOperationAction.doExecute(TransportShardSingleOperationAction.java:45) ~[elasticsearch-0.16.2.jar:na]
	at org.elasticsearch.action.support.BaseAction.execute(BaseAction.java:61) ~[elasticsearch-0.16.2.jar:na]
	at org.elasticsearch.client.node.NodeClient.get(NodeClient.java:152) ~[elasticsearch-0.16.2.jar:na]
	at org.elasticsearch.client.action.get.GetRequestBuilder.doExecute(GetRequestBuilder.java:119) ~[elasticsearch-0.16.2.jar:na]
	at org.elasticsearch.client.action.support.BaseRequestBuilder.execute(BaseRequestBuilder.java:56) ~[elasticsearch-0.16.2.jar:na]
	at org.elasticsearch.client.action.support.BaseRequestBuilder.execute(BaseRequestBuilder.java:51) ~[elasticsearch-0.16.2.jar:na]
	at org.elasticsearch.client.action.RequestBuilder$execute.call(Unknown Source) ~[na:na]
	at com.rackspace.search.elasticsearch.client.ElasticSearchClient.getDocument(ElasticSearchClient.groovy:202) ~[classes/:na]
	at com.rackspace.search.elasticsearch.client.ElasticSearchClient$getDocument.call(Unknown Source) ~[na:na]
	at com.rackspace.search.service.JobService.getJob(JobService.groovy:38) ~[classes/:na]
	at com.rackspace.search.service.JobService$getJob.call(Unknown Source) ~[na:na]
	at com.rackspace.search.service.core.CoreTicketOngoingSyncJob.setupActivities(CoreTicketOnGoingSyncJob.groovy:54) ~[classes/:na]
	at sun.reflect.NativeMethodAccessorImpl.invoke0(Native Method) ~[na:1.6.0_38]
	at sun.reflect.NativeMethodAccessorImpl.invoke(NativeMethodAccessorImpl.java:39) ~[na:1.6.0_38]
	at sun.reflect.DelegatingMethodAccessorImpl.invoke(DelegatingMethodAccessorImpl.java:25) ~[na:1.6.0_38]
	at java.lang.reflect.Method.invoke(Method.java:597) ~[na:1.6.0_38]
	at org.springframework.beans.factory.annotation.InitDestroyAnnotationBeanPostProcessor$LifecycleElement.invoke(InitDestroyAnnotationBeanPostProcessor.java:340) ~[spring-beans-3.0.6.RELEASE.jar:3.0.6.RELEASE]
	at org.springframework.beans.factory.annotation.InitDestroyAnnotationBeanPostProcessor$LifecycleMetadata.invokeInitMethods(InitDestroyAnnotationBeanPostProcessor.java:293) ~[spring-beans-3.0.6.RELEASE.jar:3.0.6.RELEASE]
	at org.springframework.beans.factory.annotation.InitDestroyAnnotationBeanPostProcessor.postProcessBeforeInitialization(InitDestroyAnnotationBeanPostProcessor.java:130) ~[spring-beans-3.0.6.RELEASE.jar:3.0.6.RELEASE]
	... 79 common frames omitted
</stdout>
          <failedSince>1</failedSince>
        </case>
        <case>
          <duration>0.113</duration>
          <className>com.rackspace.search.elasticsearch.client.ElasticSearchClientTest</className>
          <testName>test search tickets for string filed user with single &amp; multiple values and negation</testName>
          <skipped>false</skipped>
          <errorStackTrace>java.lang.NullPointerException: Cannot invoke method getClient() on null object
	at com.rackspace.search.elasticsearch.client.ElasticSearchClientTest.cleanup(ElasticSearchClientTest.groovy:84)
</errorStackTrace>
          <errorDetails>Cannot invoke method getClient() on null object</errorDetails>
          <failedSince>1</failedSince>
        </case>
        <case>
          <duration>0.776</duration>
          <className>com.rackspace.search.elasticsearch.client.ElasticSearchClientTest</className>
          <testName>test search tickets with a range filter and negated range filter</testName>
          <skipped>false</skipped>
          <errorStackTrace>java.lang.IllegalStateException: Failed to load ApplicationContext
	at org.springframework.test.context.TestContext.getApplicationContext(TestContext.java:308)
	at org.springframework.test.context.support.DependencyInjectionTestExecutionListener.injectDependencies(DependencyInjectionTestExecutionListener.java:109)
	at org.springframework.test.context.support.DependencyInjectionTestExecutionListener.prepareTestInstance(DependencyInjectionTestExecutionListener.java:75)
	at org.springframework.test.context.TestContextManager.prepareTestInstance(TestContextManager.java:321)
	at org.spockframework.spring.SpringTestContextManager.prepareTestInstance(SpringTestContextManager.java:49)
	at org.spockframework.spring.SpringInterceptor.interceptSetupMethod(SpringInterceptor.java:42)
	at org.spockframework.runtime.extension.AbstractMethodInterceptor.intercept(AbstractMethodInterceptor.java:28)
	at org.spockframework.runtime.extension.MethodInvocation.proceed(MethodInvocation.java:84)
	at org.spockframework.util.ReflectionUtil.invokeMethod(ReflectionUtil.java:138)
	at org.spockframework.util.ReflectionUtil.invokeMethod(ReflectionUtil.java:138)
	at org.spockframework.util.ReflectionUtil.invokeMethod(ReflectionUtil.java:138)
	at org.apache.maven.surefire.junit4.JUnit4TestSet.execute(JUnit4TestSet.java:53)
	at org.apache.maven.surefire.junit4.JUnit4Provider.executeTestSet(JUnit4Provider.java:123)
	at org.apache.maven.surefire.junit4.JUnit4Provider.invoke(JUnit4Provider.java:104)
	at org.apache.maven.surefire.util.ReflectionUtils.invokeMethodWithArray(ReflectionUtils.java:164)
	at org.apache.maven.surefire.booter.ProviderFactory$ProviderProxy.invoke(ProviderFactory.java:110)
	at org.apache.maven.surefire.booter.SurefireStarter.invokeProvider(SurefireStarter.java:175)
	at org.apache.maven.surefire.booter.SurefireStarter.runSuitesInProcessWhenForked(SurefireStarter.java:107)
	at org.apache.maven.surefire.booter.ForkedBooter.main(ForkedBooter.java:68)
Caused by: org.springframework.beans.factory.BeanCreationException: Error creating bean with name &apos;adminResource&apos;: Injection of autowired dependencies failed; nested exception is org.springframework.beans.factory.BeanCreationException: Could not autowire field: private com.rackspace.search.service.core.CoreTicketOngoingSyncJob com.rackspace.search.endpoint.AdminResource.coreTicketOngoingSyncJob; nested exception is org.springframework.beans.factory.BeanCreationException: Error creating bean with name &apos;coreTicketOngoingSyncJob&apos;: Invocation of init method failed; nested exception is org.elasticsearch.indices.IndexMissingException: [admin] missing
	at org.springframework.beans.factory.annotation.AutowiredAnnotationBeanPostProcessor.postProcessPropertyValues(AutowiredAnnotationBeanPostProcessor.java:288)
	at org.springframework.beans.factory.support.AbstractAutowireCapableBeanFactory.populateBean(AbstractAutowireCapableBeanFactory.java:1074)
	at org.springframework.beans.factory.support.AbstractAutowireCapableBeanFactory.doCreateBean(AbstractAutowireCapableBeanFactory.java:517)
	at org.springframework.beans.factory.support.AbstractAutowireCapableBeanFactory.createBean(AbstractAutowireCapableBeanFactory.java:456)
	at org.springframework.beans.factory.support.AbstractBeanFactory$1.getObject(AbstractBeanFactory.java:293)
	at org.springframework.beans.factory.support.DefaultSingletonBeanRegistry.getSingleton(DefaultSingletonBeanRegistry.java:222)
	at org.springframework.beans.factory.support.AbstractBeanFactory.doGetBean(AbstractBeanFactory.java:290)
	at org.springframework.beans.factory.support.AbstractBeanFactory.getBean(AbstractBeanFactory.java:192)
	at org.springframework.beans.factory.support.DefaultListableBeanFactory.preInstantiateSingletons(DefaultListableBeanFactory.java:585)
	at org.springframework.context.support.AbstractApplicationContext.finishBeanFactoryInitialization(AbstractApplicationContext.java:895)
	at org.springframework.context.support.AbstractApplicationContext.refresh(AbstractApplicationContext.java:425)
	at org.springframework.test.context.support.AbstractGenericContextLoader.loadContext(AbstractGenericContextLoader.java:84)
	at org.springframework.test.context.support.AbstractGenericContextLoader.loadContext(AbstractGenericContextLoader.java:1)
	at org.springframework.test.context.TestContext.loadApplicationContext(TestContext.java:280)
	at org.springframework.test.context.TestContext.getApplicationContext(TestContext.java:304)
	... 18 more
Caused by: org.springframework.beans.factory.BeanCreationException: Could not autowire field: private com.rackspace.search.service.core.CoreTicketOngoingSyncJob com.rackspace.search.endpoint.AdminResource.coreTicketOngoingSyncJob; nested exception is org.springframework.beans.factory.BeanCreationException: Error creating bean with name &apos;coreTicketOngoingSyncJob&apos;: Invocation of init method failed; nested exception is org.elasticsearch.indices.IndexMissingException: [admin] missing
	at org.springframework.beans.factory.annotation.AutowiredAnnotationBeanPostProcessor$AutowiredFieldElement.inject(AutowiredAnnotationBeanPostProcessor.java:508)
	at org.springframework.beans.factory.annotation.InjectionMetadata.inject(InjectionMetadata.java:84)
	at org.springframework.beans.factory.annotation.AutowiredAnnotationBeanPostProcessor.postProcessPropertyValues(AutowiredAnnotationBeanPostProcessor.java:285)
	... 32 more
Caused by: org.springframework.beans.factory.BeanCreationException: Error creating bean with name &apos;coreTicketOngoingSyncJob&apos;: Invocation of init method failed; nested exception is org.elasticsearch.indices.IndexMissingException: [admin] missing
	at org.springframework.beans.factory.annotation.InitDestroyAnnotationBeanPostProcessor.postProcessBeforeInitialization(InitDestroyAnnotationBeanPostProcessor.java:133)
	at org.springframework.beans.factory.support.AbstractAutowireCapableBeanFactory.applyBeanPostProcessorsBeforeInitialization(AbstractAutowireCapableBeanFactory.java:394)
	at org.springframework.beans.factory.support.AbstractAutowireCapableBeanFactory.initializeBean(AbstractAutowireCapableBeanFactory.java:1413)
	at org.springframework.beans.factory.support.AbstractAutowireCapableBeanFactory.doCreateBean(AbstractAutowireCapableBeanFactory.java:519)
	at org.springframework.beans.factory.support.AbstractAutowireCapableBeanFactory.createBean(AbstractAutowireCapableBeanFactory.java:456)
	at org.springframework.beans.factory.support.AbstractBeanFactory$1.getObject(AbstractBeanFactory.java:293)
	at org.springframework.beans.factory.support.DefaultSingletonBeanRegistry.getSingleton(DefaultSingletonBeanRegistry.java:222)
	at org.springframework.beans.factory.support.AbstractBeanFactory.doGetBean(AbstractBeanFactory.java:290)
	at org.springframework.beans.factory.support.AbstractBeanFactory.getBean(AbstractBeanFactory.java:192)
	at org.springframework.beans.factory.support.DefaultListableBeanFactory.findAutowireCandidates(DefaultListableBeanFactory.java:848)
	at org.springframework.beans.factory.support.DefaultListableBeanFactory.doResolveDependency(DefaultListableBeanFactory.java:790)
	at org.springframework.beans.factory.support.DefaultListableBeanFactory.resolveDependency(DefaultListableBeanFactory.java:707)
	at org.springframework.beans.factory.annotation.AutowiredAnnotationBeanPostProcessor$AutowiredFieldElement.inject(AutowiredAnnotationBeanPostProcessor.java:480)
	... 34 more
Caused by: org.elasticsearch.indices.IndexMissingException: [admin] missing
	at org.elasticsearch.cluster.metadata.MetaData.concreteIndex(MetaData.java:211)
	at org.elasticsearch.action.support.single.shard.TransportShardSingleOperationAction$AsyncSingleAction.&lt;init&gt;(TransportShardSingleOperationAction.java:107)
	at org.elasticsearch.action.support.single.shard.TransportShardSingleOperationAction$AsyncSingleAction.&lt;init&gt;(TransportShardSingleOperationAction.java:88)
	at org.elasticsearch.action.support.single.shard.TransportShardSingleOperationAction.doExecute(TransportShardSingleOperationAction.java:69)
	at org.elasticsearch.action.support.single.shard.TransportShardSingleOperationAction.doExecute(TransportShardSingleOperationAction.java:45)
	at org.elasticsearch.action.support.BaseAction.execute(BaseAction.java:61)
	at org.elasticsearch.client.node.NodeClient.get(NodeClient.java:152)
	at org.elasticsearch.client.action.get.GetRequestBuilder.doExecute(GetRequestBuilder.java:119)
	at org.elasticsearch.client.action.support.BaseRequestBuilder.execute(BaseRequestBuilder.java:56)
	at org.elasticsearch.client.action.support.BaseRequestBuilder.execute(BaseRequestBuilder.java:51)
	at com.rackspace.search.elasticsearch.client.ElasticSearchClient.getDocument(ElasticSearchClient.groovy:202)
	at com.rackspace.search.service.JobService.getJob(JobService.groovy:38)
	at com.rackspace.search.service.core.CoreTicketOngoingSyncJob.setupActivities(CoreTicketOnGoingSyncJob.groovy:54)
	at org.springframework.beans.factory.annotation.InitDestroyAnnotationBeanPostProcessor$LifecycleElement.invoke(InitDestroyAnnotationBeanPostProcessor.java:340)
	at org.springframework.beans.factory.annotation.InitDestroyAnnotationBeanPostProcessor$LifecycleMetadata.invokeInitMethods(InitDestroyAnnotationBeanPostProcessor.java:293)
	at org.springframework.beans.factory.annotation.InitDestroyAnnotationBeanPostProcessor.postProcessBeforeInitialization(InitDestroyAnnotationBeanPostProcessor.java:130)
	... 46 more
</errorStackTrace>
          <errorDetails>Failed to load ApplicationContext</errorDetails>
          <stdout>16:33:21.657 [main] INFO  c.r.s.common.property.PropertyProvider - Loading properties file from file [/var/lib/jenkins/jobs/Samatha Fork/workspace/service/target/properties/local/search.properties]
16:33:21.659 [main] INFO  c.r.s.common.property.PropertyProvider - Loading properties file from file [/var/lib/jenkins/jobs/Samatha Fork/workspace/service/target/properties/local/search.secrets.properties]
16:33:21.659 [main] INFO  c.r.s.common.property.PropertyProvider - Loading properties file from file [/var/lib/jenkins/jobs/Samatha Fork/workspace/service/target/properties/local/elasticsearch.properties]
16:33:21.675 [main] INFO  c.r.s.elasticsearch.ElasticSearchServer - Starting the Elastic Search server node:
16:33:21.678 [main] INFO  org.elasticsearch.node - [ticket.node] {elasticsearch/0.16.2}[16944]: initializing ...
16:33:21.678 [main] INFO  org.elasticsearch.plugins - [ticket.node] loaded []
16:33:21.856 [main] INFO  org.elasticsearch.node - [ticket.node] {elasticsearch/0.16.2}[16944]: initialized
16:33:21.856 [main] INFO  c.r.s.elasticsearch.ElasticSearchServer - Starting the Elastic Search server node with these settings:
16:33:21.857 [main] INFO  c.r.s.elasticsearch.ElasticSearchServer - Elasticsearch Settings :  [core.db.url:jdbc:postgresql://dev.db.core.rackspace.com:5432/core_dev, node.local:true, index.analysis.analyzer.search_standard.filter:[lowercase], elastic.config.path:/var/lib/jenkins/jobs/Samatha Fork/workspace/service/target/properties/local/elasticsearch, path.data:/var/lib/jenkins/jobs/Samatha Fork/workspace/service/target/elasticsearch/data, ticket.core.dateformat:yyyy-MM-dd HH:mm:ss, cluster.name:ticket.cluster, index.analysis.analyzer.search_standard.type:standard, core.db.password:, path.conf:/var/lib/jenkins/jobs/Samatha Fork/workspace/service/target/properties/local/elasticsearch, core.api.password:qwerty, ticket.ongoingsync.delay.seconds:2000, name:ticket.node, http.enabled:true, path.logs:/var/lib/jenkins/jobs/Samatha Fork/workspace/service/target/elasticsearch/logs, index.number_of_replicas:0, ticket.document.idName:number, core.api.endpoint:https://ws.staging.core.rackspace.com/ctkapi, ticket.document.type:ticket, ticket.index.name:ticket, admin.index.name:admin, indices.structure:/indices_structure.json, index.store.fs.memory.enabled:false, index.number_of_shards:5, admin.document.type:syncJob, core.db.username:usq_read, ticket.core.date.timezone:CST, ticket.search.allowedRangeParams:created_at,updated_at,last_public_response_date, ticket.search.allowedTermParams:source_system,number,created_at,updated_at,last_public_response_date,status,queue,category,priority,assignee.name,account.number, core.driver.class:org.postgresql.Driver, core.api.username:rcameron, ticket.elastic.dateformat:yyyy-MM-dd&apos;T&apos;HH:mm:ss.SSSZZ, discovery.zen.ping.multicast.enabled:false, action.auto_create_index:1, path.home:/var/lib/jenkins/jobs/Samatha Fork/workspace/service, path.work:/var/lib/jenkins/jobs/Samatha Fork/workspace/service/work, path.work_with_cluster:/var/lib/jenkins/jobs/Samatha Fork/workspace/service/work/ticket.cluster, path.data_with_cluster:/var/lib/jenkins/jobs/Samatha Fork/workspace/service/target/elasticsearch/data/ticket.cluster]
16:33:21.857 [main] INFO  org.elasticsearch.node - [ticket.node] {elasticsearch/0.16.2}[16944]: starting ...
16:33:21.858 [main] INFO  org.elasticsearch.transport - [ticket.node] bound_address {local[12]}, publish_address {local[12]}
16:33:21.858 [elasticsearch[ticket.node]clusterService#updateTask-pool-165-thread-1] INFO  org.elasticsearch.cluster.service - [ticket.node] new_master [ticket.node][12][local[12]]{local=true}, reason: local-disco-initial_connect(master)
16:33:21.859 [main] INFO  org.elasticsearch.discovery - [ticket.node] ticket.cluster/12
16:33:21.882 [main] INFO  org.elasticsearch.http - [ticket.node] bound_address {inet[/0:0:0:0:0:0:0:0:9200]}, publish_address {inet[/10.14.208.252:9200]}
16:33:21.882 [main] INFO  org.elasticsearch.node - [ticket.node] {elasticsearch/0.16.2}[16944]: started
16:33:21.882 [main] INFO  c.r.s.elasticsearch.ElasticSearchServer - Elastic Search server is started.
16:33:21.883 [elasticsearch[ticket.node]clusterService#updateTask-pool-165-thread-1] INFO  org.elasticsearch.gateway - [ticket.node] recovered [0] indices into cluster_state
16:33:21.886 [main] INFO  c.r.s.elasticsearch.ElasticSearchServer - ES cluster status is GREEN
16:33:21.914 [main] INFO  org.elasticsearch.node - [ticket.node] {elasticsearch/0.16.2}[16944]: stopping ...
16:33:21.922 [main] INFO  org.elasticsearch.node - [ticket.node] {elasticsearch/0.16.2}[16944]: stopped
16:33:21.923 [main] INFO  org.elasticsearch.node - [ticket.node] {elasticsearch/0.16.2}[16944]: closing ...
16:33:21.925 [main] INFO  org.elasticsearch.node - [ticket.node] {elasticsearch/0.16.2}[16944]: closed
16:33:21.932 [main] ERROR o.s.test.context.TestContextManager - Caught exception while allowing TestExecutionListener [org.springframework.test.context.support.DependencyInjectionTestExecutionListener@284d0371] to prepare test instance [com.rackspace.search.elasticsearch.client.ElasticSearchClientTest@479482ea]
java.lang.IllegalStateException: Failed to load ApplicationContext
	at org.springframework.test.context.TestContext.getApplicationContext(TestContext.java:308) ~[spring-test-3.0.6.RELEASE.jar:3.0.6.RELEASE]
	at org.springframework.test.context.support.DependencyInjectionTestExecutionListener.injectDependencies(DependencyInjectionTestExecutionListener.java:109) ~[spring-test-3.0.6.RELEASE.jar:3.0.6.RELEASE]
	at org.springframework.test.context.support.DependencyInjectionTestExecutionListener.prepareTestInstance(DependencyInjectionTestExecutionListener.java:75) ~[spring-test-3.0.6.RELEASE.jar:3.0.6.RELEASE]
	at org.springframework.test.context.TestContextManager.prepareTestInstance(TestContextManager.java:321) ~[spring-test-3.0.6.RELEASE.jar:3.0.6.RELEASE]
	at org.spockframework.spring.SpringTestContextManager.prepareTestInstance(SpringTestContextManager.java:49) [spock-spring-0.7-groovy-2.0.jar:na]
	at org.spockframework.spring.SpringInterceptor.interceptSetupMethod(SpringInterceptor.java:42) [spock-spring-0.7-groovy-2.0.jar:na]
	at org.spockframework.runtime.extension.AbstractMethodInterceptor.intercept(AbstractMethodInterceptor.java:28) [spock-core-0.7-groovy-2.0.jar:na]
	at org.spockframework.runtime.extension.MethodInvocation.proceed(MethodInvocation.java:84) [spock-core-0.7-groovy-2.0.jar:na]
	at org.spockframework.runtime.BaseSpecRunner.invoke(BaseSpecRunner.java:319) [spock-core-0.7-groovy-2.0.jar:na]
	at org.spockframework.runtime.BaseSpecRunner.invokeSetup(BaseSpecRunner.java:279) [spock-core-0.7-groovy-2.0.jar:na]
	at org.spockframework.runtime.BaseSpecRunner.doRunIteration(BaseSpecRunner.java:255) [spock-core-0.7-groovy-2.0.jar:na]
	at sun.reflect.GeneratedMethodAccessor11.invoke(Unknown Source) ~[na:na]
	at sun.reflect.DelegatingMethodAccessorImpl.invoke(DelegatingMethodAccessorImpl.java:25) ~[na:1.6.0_38]
	at java.lang.reflect.Method.invoke(Method.java:597) ~[na:1.6.0_38]
	at org.spockframework.util.ReflectionUtil.invokeMethod(ReflectionUtil.java:138) [spock-core-0.7-groovy-2.0.jar:na]
	at org.spockframework.runtime.BaseSpecRunner.invokeRaw(BaseSpecRunner.java:330) [spock-core-0.7-groovy-2.0.jar:na]
	at org.spockframework.runtime.BaseSpecRunner.invoke(BaseSpecRunner.java:311) [spock-core-0.7-groovy-2.0.jar:na]
	at org.spockframework.runtime.BaseSpecRunner.runIteration(BaseSpecRunner.java:223) [spock-core-0.7-groovy-2.0.jar:na]
	at org.spockframework.runtime.BaseSpecRunner.initializeAndRunIteration(BaseSpecRunner.java:214) [spock-core-0.7-groovy-2.0.jar:na]
	at org.spockframework.runtime.BaseSpecRunner.runSimpleFeature(BaseSpecRunner.java:205) [spock-core-0.7-groovy-2.0.jar:na]
	at org.spockframework.runtime.BaseSpecRunner.doRunFeature(BaseSpecRunner.java:199) [spock-core-0.7-groovy-2.0.jar:na]
	at sun.reflect.GeneratedMethodAccessor12.invoke(Unknown Source) ~[na:na]
	at sun.reflect.DelegatingMethodAccessorImpl.invoke(DelegatingMethodAccessorImpl.java:25) ~[na:1.6.0_38]
	at java.lang.reflect.Method.invoke(Method.java:597) ~[na:1.6.0_38]
	at org.spockframework.util.ReflectionUtil.invokeMethod(ReflectionUtil.java:138) [spock-core-0.7-groovy-2.0.jar:na]
	at org.spockframework.runtime.BaseSpecRunner.invokeRaw(BaseSpecRunner.java:330) [spock-core-0.7-groovy-2.0.jar:na]
	at org.spockframework.runtime.BaseSpecRunner.invoke(BaseSpecRunner.java:311) [spock-core-0.7-groovy-2.0.jar:na]
	at org.spockframework.runtime.BaseSpecRunner.runFeature(BaseSpecRunner.java:175) [spock-core-0.7-groovy-2.0.jar:na]
	at org.spockframework.runtime.BaseSpecRunner.runFeatures(BaseSpecRunner.java:152) [spock-core-0.7-groovy-2.0.jar:na]
	at org.spockframework.runtime.BaseSpecRunner.doRunSpec(BaseSpecRunner.java:112) [spock-core-0.7-groovy-2.0.jar:na]
	at sun.reflect.NativeMethodAccessorImpl.invoke0(Native Method) ~[na:1.6.0_38]
	at sun.reflect.NativeMethodAccessorImpl.invoke(NativeMethodAccessorImpl.java:39) ~[na:1.6.0_38]
	at sun.reflect.DelegatingMethodAccessorImpl.invoke(DelegatingMethodAccessorImpl.java:25) ~[na:1.6.0_38]
	at java.lang.reflect.Method.invoke(Method.java:597) ~[na:1.6.0_38]
	at org.spockframework.util.ReflectionUtil.invokeMethod(ReflectionUtil.java:138) [spock-core-0.7-groovy-2.0.jar:na]
	at org.spockframework.runtime.BaseSpecRunner.invokeRaw(BaseSpecRunner.java:330) [spock-core-0.7-groovy-2.0.jar:na]
	at org.spockframework.runtime.BaseSpecRunner.invoke(BaseSpecRunner.java:311) [spock-core-0.7-groovy-2.0.jar:na]
	at org.spockframework.runtime.BaseSpecRunner.runSpec(BaseSpecRunner.java:91) [spock-core-0.7-groovy-2.0.jar:na]
	at org.spockframework.runtime.BaseSpecRunner.run(BaseSpecRunner.java:82) [spock-core-0.7-groovy-2.0.jar:na]
	at org.spockframework.runtime.Sputnik.run(Sputnik.java:63) [spock-core-0.7-groovy-2.0.jar:na]
	at org.apache.maven.surefire.junit4.JUnit4TestSet.execute(JUnit4TestSet.java:53) [surefire-junit4-2.10.jar:2.10]
	at org.apache.maven.surefire.junit4.JUnit4Provider.executeTestSet(JUnit4Provider.java:123) [surefire-junit4-2.10.jar:2.10]
	at org.apache.maven.surefire.junit4.JUnit4Provider.invoke(JUnit4Provider.java:104) [surefire-junit4-2.10.jar:2.10]
	at sun.reflect.NativeMethodAccessorImpl.invoke0(Native Method) ~[na:1.6.0_38]
	at sun.reflect.NativeMethodAccessorImpl.invoke(NativeMethodAccessorImpl.java:39) ~[na:1.6.0_38]
	at sun.reflect.DelegatingMethodAccessorImpl.invoke(DelegatingMethodAccessorImpl.java:25) ~[na:1.6.0_38]
	at java.lang.reflect.Method.invoke(Method.java:597) ~[na:1.6.0_38]
	at org.apache.maven.surefire.util.ReflectionUtils.invokeMethodWithArray(ReflectionUtils.java:164) [surefire-api-2.10.jar:2.10]
	at org.apache.maven.surefire.booter.ProviderFactory$ProviderProxy.invoke(ProviderFactory.java:110) [surefire-booter-2.10.jar:2.10]
	at org.apache.maven.surefire.booter.SurefireStarter.invokeProvider(SurefireStarter.java:175) [surefire-booter-2.10.jar:2.10]
	at org.apache.maven.surefire.booter.SurefireStarter.runSuitesInProcessWhenForked(SurefireStarter.java:107) [surefire-booter-2.10.jar:2.10]
	at org.apache.maven.surefire.booter.ForkedBooter.main(ForkedBooter.java:68) [surefire-booter-2.10.jar:2.10]
Caused by: org.springframework.beans.factory.BeanCreationException: Error creating bean with name &apos;adminResource&apos;: Injection of autowired dependencies failed; nested exception is org.springframework.beans.factory.BeanCreationException: Could not autowire field: private com.rackspace.search.service.core.CoreTicketOngoingSyncJob com.rackspace.search.endpoint.AdminResource.coreTicketOngoingSyncJob; nested exception is org.springframework.beans.factory.BeanCreationException: Error creating bean with name &apos;coreTicketOngoingSyncJob&apos;: Invocation of init method failed; nested exception is org.elasticsearch.indices.IndexMissingException: [admin] missing
	at org.springframework.beans.factory.annotation.AutowiredAnnotationBeanPostProcessor.postProcessPropertyValues(AutowiredAnnotationBeanPostProcessor.java:288) ~[spring-beans-3.0.6.RELEASE.jar:3.0.6.RELEASE]
	at org.springframework.beans.factory.support.AbstractAutowireCapableBeanFactory.populateBean(AbstractAutowireCapableBeanFactory.java:1074) ~[spring-beans-3.0.6.RELEASE.jar:3.0.6.RELEASE]
	at org.springframework.beans.factory.support.AbstractAutowireCapableBeanFactory.doCreateBean(AbstractAutowireCapableBeanFactory.java:517) ~[spring-beans-3.0.6.RELEASE.jar:3.0.6.RELEASE]
	at org.springframework.beans.factory.support.AbstractAutowireCapableBeanFactory.createBean(AbstractAutowireCapableBeanFactory.java:456) ~[spring-beans-3.0.6.RELEASE.jar:3.0.6.RELEASE]
	at org.springframework.beans.factory.support.AbstractBeanFactory$1.getObject(AbstractBeanFactory.java:293) ~[spring-beans-3.0.6.RELEASE.jar:3.0.6.RELEASE]
	at org.springframework.beans.factory.support.DefaultSingletonBeanRegistry.getSingleton(DefaultSingletonBeanRegistry.java:222) ~[spring-beans-3.0.6.RELEASE.jar:3.0.6.RELEASE]
	at org.springframework.beans.factory.support.AbstractBeanFactory.doGetBean(AbstractBeanFactory.java:290) ~[spring-beans-3.0.6.RELEASE.jar:3.0.6.RELEASE]
	at org.springframework.beans.factory.support.AbstractBeanFactory.getBean(AbstractBeanFactory.java:192) ~[spring-beans-3.0.6.RELEASE.jar:3.0.6.RELEASE]
	at org.springframework.beans.factory.support.DefaultListableBeanFactory.preInstantiateSingletons(DefaultListableBeanFactory.java:585) ~[spring-beans-3.0.6.RELEASE.jar:3.0.6.RELEASE]
	at org.springframework.context.support.AbstractApplicationContext.finishBeanFactoryInitialization(AbstractApplicationContext.java:895) ~[spring-context-3.0.6.RELEASE.jar:3.0.6.RELEASE]
	at org.springframework.context.support.AbstractApplicationContext.refresh(AbstractApplicationContext.java:425) ~[spring-context-3.0.6.RELEASE.jar:3.0.6.RELEASE]
	at org.springframework.test.context.support.AbstractGenericContextLoader.loadContext(AbstractGenericContextLoader.java:84) ~[spring-test-3.0.6.RELEASE.jar:3.0.6.RELEASE]
	at org.springframework.test.context.support.AbstractGenericContextLoader.loadContext(AbstractGenericContextLoader.java:1) ~[spring-test-3.0.6.RELEASE.jar:3.0.6.RELEASE]
	at org.springframework.test.context.TestContext.loadApplicationContext(TestContext.java:280) ~[spring-test-3.0.6.RELEASE.jar:3.0.6.RELEASE]
	at org.springframework.test.context.TestContext.getApplicationContext(TestContext.java:304) ~[spring-test-3.0.6.RELEASE.jar:3.0.6.RELEASE]
	... 51 common frames omitted
Caused by: org.springframework.beans.factory.BeanCreationException: Could not autowire field: private com.rackspace.search.service.core.CoreTicketOngoingSyncJob com.rackspace.search.endpoint.AdminResource.coreTicketOngoingSyncJob; nested exception is org.springframework.beans.factory.BeanCreationException: Error creating bean with name &apos;coreTicketOngoingSyncJob&apos;: Invocation of init method failed; nested exception is org.elasticsearch.indices.IndexMissingException: [admin] missing
	at org.springframework.beans.factory.annotation.AutowiredAnnotationBeanPostProcessor$AutowiredFieldElement.inject(AutowiredAnnotationBeanPostProcessor.java:508) ~[spring-beans-3.0.6.RELEASE.jar:3.0.6.RELEASE]
	at org.springframework.beans.factory.annotation.InjectionMetadata.inject(InjectionMetadata.java:84) ~[spring-beans-3.0.6.RELEASE.jar:3.0.6.RELEASE]
	at org.springframework.beans.factory.annotation.AutowiredAnnotationBeanPostProcessor.postProcessPropertyValues(AutowiredAnnotationBeanPostProcessor.java:285) ~[spring-beans-3.0.6.RELEASE.jar:3.0.6.RELEASE]
	... 65 common frames omitted
Caused by: org.springframework.beans.factory.BeanCreationException: Error creating bean with name &apos;coreTicketOngoingSyncJob&apos;: Invocation of init method failed; nested exception is org.elasticsearch.indices.IndexMissingException: [admin] missing
	at org.springframework.beans.factory.annotation.InitDestroyAnnotationBeanPostProcessor.postProcessBeforeInitialization(InitDestroyAnnotationBeanPostProcessor.java:133) ~[spring-beans-3.0.6.RELEASE.jar:3.0.6.RELEASE]
	at org.springframework.beans.factory.support.AbstractAutowireCapableBeanFactory.applyBeanPostProcessorsBeforeInitialization(AbstractAutowireCapableBeanFactory.java:394) ~[spring-beans-3.0.6.RELEASE.jar:3.0.6.RELEASE]
	at org.springframework.beans.factory.support.AbstractAutowireCapableBeanFactory.initializeBean(AbstractAutowireCapableBeanFactory.java:1413) ~[spring-beans-3.0.6.RELEASE.jar:3.0.6.RELEASE]
	at org.springframework.beans.factory.support.AbstractAutowireCapableBeanFactory.doCreateBean(AbstractAutowireCapableBeanFactory.java:519) ~[spring-beans-3.0.6.RELEASE.jar:3.0.6.RELEASE]
	at org.springframework.beans.factory.support.AbstractAutowireCapableBeanFactory.createBean(AbstractAutowireCapableBeanFactory.java:456) ~[spring-beans-3.0.6.RELEASE.jar:3.0.6.RELEASE]
	at org.springframework.beans.factory.support.AbstractBeanFactory$1.getObject(AbstractBeanFactory.java:293) ~[spring-beans-3.0.6.RELEASE.jar:3.0.6.RELEASE]
	at org.springframework.beans.factory.support.DefaultSingletonBeanRegistry.getSingleton(DefaultSingletonBeanRegistry.java:222) ~[spring-beans-3.0.6.RELEASE.jar:3.0.6.RELEASE]
	at org.springframework.beans.factory.support.AbstractBeanFactory.doGetBean(AbstractBeanFactory.java:290) ~[spring-beans-3.0.6.RELEASE.jar:3.0.6.RELEASE]
	at org.springframework.beans.factory.support.AbstractBeanFactory.getBean(AbstractBeanFactory.java:192) ~[spring-beans-3.0.6.RELEASE.jar:3.0.6.RELEASE]
	at org.springframework.beans.factory.support.DefaultListableBeanFactory.findAutowireCandidates(DefaultListableBeanFactory.java:848) ~[spring-beans-3.0.6.RELEASE.jar:3.0.6.RELEASE]
	at org.springframework.beans.factory.support.DefaultListableBeanFactory.doResolveDependency(DefaultListableBeanFactory.java:790) ~[spring-beans-3.0.6.RELEASE.jar:3.0.6.RELEASE]
	at org.springframework.beans.factory.support.DefaultListableBeanFactory.resolveDependency(DefaultListableBeanFactory.java:707) ~[spring-beans-3.0.6.RELEASE.jar:3.0.6.RELEASE]
	at org.springframework.beans.factory.annotation.AutowiredAnnotationBeanPostProcessor$AutowiredFieldElement.inject(AutowiredAnnotationBeanPostProcessor.java:480) ~[spring-beans-3.0.6.RELEASE.jar:3.0.6.RELEASE]
	... 67 common frames omitted
Caused by: org.elasticsearch.indices.IndexMissingException: [admin] missing
	at org.elasticsearch.cluster.metadata.MetaData.concreteIndex(MetaData.java:211) ~[elasticsearch-0.16.2.jar:na]
	at org.elasticsearch.action.support.single.shard.TransportShardSingleOperationAction$AsyncSingleAction.&lt;init&gt;(TransportShardSingleOperationAction.java:107) ~[elasticsearch-0.16.2.jar:na]
	at org.elasticsearch.action.support.single.shard.TransportShardSingleOperationAction$AsyncSingleAction.&lt;init&gt;(TransportShardSingleOperationAction.java:88) ~[elasticsearch-0.16.2.jar:na]
	at org.elasticsearch.action.support.single.shard.TransportShardSingleOperationAction.doExecute(TransportShardSingleOperationAction.java:69) ~[elasticsearch-0.16.2.jar:na]
	at org.elasticsearch.action.support.single.shard.TransportShardSingleOperationAction.doExecute(TransportShardSingleOperationAction.java:45) ~[elasticsearch-0.16.2.jar:na]
	at org.elasticsearch.action.support.BaseAction.execute(BaseAction.java:61) ~[elasticsearch-0.16.2.jar:na]
	at org.elasticsearch.client.node.NodeClient.get(NodeClient.java:152) ~[elasticsearch-0.16.2.jar:na]
	at org.elasticsearch.client.action.get.GetRequestBuilder.doExecute(GetRequestBuilder.java:119) ~[elasticsearch-0.16.2.jar:na]
	at org.elasticsearch.client.action.support.BaseRequestBuilder.execute(BaseRequestBuilder.java:56) ~[elasticsearch-0.16.2.jar:na]
	at org.elasticsearch.client.action.support.BaseRequestBuilder.execute(BaseRequestBuilder.java:51) ~[elasticsearch-0.16.2.jar:na]
	at org.elasticsearch.client.action.RequestBuilder$execute.call(Unknown Source) ~[na:na]
	at com.rackspace.search.elasticsearch.client.ElasticSearchClient.getDocument(ElasticSearchClient.groovy:202) ~[classes/:na]
	at com.rackspace.search.elasticsearch.client.ElasticSearchClient$getDocument.call(Unknown Source) ~[na:na]
	at com.rackspace.search.service.JobService.getJob(JobService.groovy:38) ~[classes/:na]
	at com.rackspace.search.service.JobService$getJob.call(Unknown Source) ~[na:na]
	at com.rackspace.search.service.core.CoreTicketOngoingSyncJob.setupActivities(CoreTicketOnGoingSyncJob.groovy:54) ~[classes/:na]
	at sun.reflect.NativeMethodAccessorImpl.invoke0(Native Method) ~[na:1.6.0_38]
	at sun.reflect.NativeMethodAccessorImpl.invoke(NativeMethodAccessorImpl.java:39) ~[na:1.6.0_38]
	at sun.reflect.DelegatingMethodAccessorImpl.invoke(DelegatingMethodAccessorImpl.java:25) ~[na:1.6.0_38]
	at java.lang.reflect.Method.invoke(Method.java:597) ~[na:1.6.0_38]
	at org.springframework.beans.factory.annotation.InitDestroyAnnotationBeanPostProcessor$LifecycleElement.invoke(InitDestroyAnnotationBeanPostProcessor.java:340) ~[spring-beans-3.0.6.RELEASE.jar:3.0.6.RELEASE]
	at org.springframework.beans.factory.annotation.InitDestroyAnnotationBeanPostProcessor$LifecycleMetadata.invokeInitMethods(InitDestroyAnnotationBeanPostProcessor.java:293) ~[spring-beans-3.0.6.RELEASE.jar:3.0.6.RELEASE]
	at org.springframework.beans.factory.annotation.InitDestroyAnnotationBeanPostProcessor.postProcessBeforeInitialization(InitDestroyAnnotationBeanPostProcessor.java:130) ~[spring-beans-3.0.6.RELEASE.jar:3.0.6.RELEASE]
	... 79 common frames omitted
</stdout>
          <failedSince>1</failedSince>
        </case>
        <case>
          <duration>0.776</duration>
          <className>com.rackspace.search.elasticsearch.client.ElasticSearchClientTest</className>
          <testName>test search tickets with a range filter and negated range filter</testName>
          <skipped>false</skipped>
          <errorStackTrace>java.lang.NullPointerException: Cannot invoke method getClient() on null object
	at com.rackspace.search.elasticsearch.client.ElasticSearchClientTest.cleanup(ElasticSearchClientTest.groovy:84)
</errorStackTrace>
          <errorDetails>Cannot invoke method getClient() on null object</errorDetails>
          <failedSince>1</failedSince>
        </case>
        <case>
          <duration>0.239</duration>
          <className>com.rackspace.search.elasticsearch.client.ElasticSearchClientTest</className>
          <testName>test sort tickets with single &amp; multiple values</testName>
          <skipped>false</skipped>
          <errorStackTrace>java.lang.IllegalStateException: Failed to load ApplicationContext
	at org.springframework.test.context.TestContext.getApplicationContext(TestContext.java:308)
	at org.springframework.test.context.support.DependencyInjectionTestExecutionListener.injectDependencies(DependencyInjectionTestExecutionListener.java:109)
	at org.springframework.test.context.support.DependencyInjectionTestExecutionListener.prepareTestInstance(DependencyInjectionTestExecutionListener.java:75)
	at org.springframework.test.context.TestContextManager.prepareTestInstance(TestContextManager.java:321)
	at org.spockframework.spring.SpringTestContextManager.prepareTestInstance(SpringTestContextManager.java:49)
	at org.spockframework.spring.SpringInterceptor.interceptSetupMethod(SpringInterceptor.java:42)
	at org.spockframework.runtime.extension.AbstractMethodInterceptor.intercept(AbstractMethodInterceptor.java:28)
	at org.spockframework.runtime.extension.MethodInvocation.proceed(MethodInvocation.java:84)
	at org.spockframework.util.ReflectionUtil.invokeMethod(ReflectionUtil.java:138)
	at org.spockframework.util.ReflectionUtil.invokeMethod(ReflectionUtil.java:138)
	at org.spockframework.util.ReflectionUtil.invokeMethod(ReflectionUtil.java:138)
	at org.apache.maven.surefire.junit4.JUnit4TestSet.execute(JUnit4TestSet.java:53)
	at org.apache.maven.surefire.junit4.JUnit4Provider.executeTestSet(JUnit4Provider.java:123)
	at org.apache.maven.surefire.junit4.JUnit4Provider.invoke(JUnit4Provider.java:104)
	at org.apache.maven.surefire.util.ReflectionUtils.invokeMethodWithArray(ReflectionUtils.java:164)
	at org.apache.maven.surefire.booter.ProviderFactory$ProviderProxy.invoke(ProviderFactory.java:110)
	at org.apache.maven.surefire.booter.SurefireStarter.invokeProvider(SurefireStarter.java:175)
	at org.apache.maven.surefire.booter.SurefireStarter.runSuitesInProcessWhenForked(SurefireStarter.java:107)
	at org.apache.maven.surefire.booter.ForkedBooter.main(ForkedBooter.java:68)
Caused by: org.springframework.beans.factory.BeanCreationException: Error creating bean with name &apos;adminResource&apos;: Injection of autowired dependencies failed; nested exception is org.springframework.beans.factory.BeanCreationException: Could not autowire field: private com.rackspace.search.service.core.CoreTicketOngoingSyncJob com.rackspace.search.endpoint.AdminResource.coreTicketOngoingSyncJob; nested exception is org.springframework.beans.factory.BeanCreationException: Error creating bean with name &apos;coreTicketOngoingSyncJob&apos;: Invocation of init method failed; nested exception is org.elasticsearch.indices.IndexMissingException: [admin] missing
	at org.springframework.beans.factory.annotation.AutowiredAnnotationBeanPostProcessor.postProcessPropertyValues(AutowiredAnnotationBeanPostProcessor.java:288)
	at org.springframework.beans.factory.support.AbstractAutowireCapableBeanFactory.populateBean(AbstractAutowireCapableBeanFactory.java:1074)
	at org.springframework.beans.factory.support.AbstractAutowireCapableBeanFactory.doCreateBean(AbstractAutowireCapableBeanFactory.java:517)
	at org.springframework.beans.factory.support.AbstractAutowireCapableBeanFactory.createBean(AbstractAutowireCapableBeanFactory.java:456)
	at org.springframework.beans.factory.support.AbstractBeanFactory$1.getObject(AbstractBeanFactory.java:293)
	at org.springframework.beans.factory.support.DefaultSingletonBeanRegistry.getSingleton(DefaultSingletonBeanRegistry.java:222)
	at org.springframework.beans.factory.support.AbstractBeanFactory.doGetBean(AbstractBeanFactory.java:290)
	at org.springframework.beans.factory.support.AbstractBeanFactory.getBean(AbstractBeanFactory.java:192)
	at org.springframework.beans.factory.support.DefaultListableBeanFactory.preInstantiateSingletons(DefaultListableBeanFactory.java:585)
	at org.springframework.context.support.AbstractApplicationContext.finishBeanFactoryInitialization(AbstractApplicationContext.java:895)
	at org.springframework.context.support.AbstractApplicationContext.refresh(AbstractApplicationContext.java:425)
	at org.springframework.test.context.support.AbstractGenericContextLoader.loadContext(AbstractGenericContextLoader.java:84)
	at org.springframework.test.context.support.AbstractGenericContextLoader.loadContext(AbstractGenericContextLoader.java:1)
	at org.springframework.test.context.TestContext.loadApplicationContext(TestContext.java:280)
	at org.springframework.test.context.TestContext.getApplicationContext(TestContext.java:304)
	... 18 more
Caused by: org.springframework.beans.factory.BeanCreationException: Could not autowire field: private com.rackspace.search.service.core.CoreTicketOngoingSyncJob com.rackspace.search.endpoint.AdminResource.coreTicketOngoingSyncJob; nested exception is org.springframework.beans.factory.BeanCreationException: Error creating bean with name &apos;coreTicketOngoingSyncJob&apos;: Invocation of init method failed; nested exception is org.elasticsearch.indices.IndexMissingException: [admin] missing
	at org.springframework.beans.factory.annotation.AutowiredAnnotationBeanPostProcessor$AutowiredFieldElement.inject(AutowiredAnnotationBeanPostProcessor.java:508)
	at org.springframework.beans.factory.annotation.InjectionMetadata.inject(InjectionMetadata.java:84)
	at org.springframework.beans.factory.annotation.AutowiredAnnotationBeanPostProcessor.postProcessPropertyValues(AutowiredAnnotationBeanPostProcessor.java:285)
	... 32 more
Caused by: org.springframework.beans.factory.BeanCreationException: Error creating bean with name &apos;coreTicketOngoingSyncJob&apos;: Invocation of init method failed; nested exception is org.elasticsearch.indices.IndexMissingException: [admin] missing
	at org.springframework.beans.factory.annotation.InitDestroyAnnotationBeanPostProcessor.postProcessBeforeInitialization(InitDestroyAnnotationBeanPostProcessor.java:133)
	at org.springframework.beans.factory.support.AbstractAutowireCapableBeanFactory.applyBeanPostProcessorsBeforeInitialization(AbstractAutowireCapableBeanFactory.java:394)
	at org.springframework.beans.factory.support.AbstractAutowireCapableBeanFactory.initializeBean(AbstractAutowireCapableBeanFactory.java:1413)
	at org.springframework.beans.factory.support.AbstractAutowireCapableBeanFactory.doCreateBean(AbstractAutowireCapableBeanFactory.java:519)
	at org.springframework.beans.factory.support.AbstractAutowireCapableBeanFactory.createBean(AbstractAutowireCapableBeanFactory.java:456)
	at org.springframework.beans.factory.support.AbstractBeanFactory$1.getObject(AbstractBeanFactory.java:293)
	at org.springframework.beans.factory.support.DefaultSingletonBeanRegistry.getSingleton(DefaultSingletonBeanRegistry.java:222)
	at org.springframework.beans.factory.support.AbstractBeanFactory.doGetBean(AbstractBeanFactory.java:290)
	at org.springframework.beans.factory.support.AbstractBeanFactory.getBean(AbstractBeanFactory.java:192)
	at org.springframework.beans.factory.support.DefaultListableBeanFactory.findAutowireCandidates(DefaultListableBeanFactory.java:848)
	at org.springframework.beans.factory.support.DefaultListableBeanFactory.doResolveDependency(DefaultListableBeanFactory.java:790)
	at org.springframework.beans.factory.support.DefaultListableBeanFactory.resolveDependency(DefaultListableBeanFactory.java:707)
	at org.springframework.beans.factory.annotation.AutowiredAnnotationBeanPostProcessor$AutowiredFieldElement.inject(AutowiredAnnotationBeanPostProcessor.java:480)
	... 34 more
Caused by: org.elasticsearch.indices.IndexMissingException: [admin] missing
	at org.elasticsearch.cluster.metadata.MetaData.concreteIndex(MetaData.java:211)
	at org.elasticsearch.action.support.single.shard.TransportShardSingleOperationAction$AsyncSingleAction.&lt;init&gt;(TransportShardSingleOperationAction.java:107)
	at org.elasticsearch.action.support.single.shard.TransportShardSingleOperationAction$AsyncSingleAction.&lt;init&gt;(TransportShardSingleOperationAction.java:88)
	at org.elasticsearch.action.support.single.shard.TransportShardSingleOperationAction.doExecute(TransportShardSingleOperationAction.java:69)
	at org.elasticsearch.action.support.single.shard.TransportShardSingleOperationAction.doExecute(TransportShardSingleOperationAction.java:45)
	at org.elasticsearch.action.support.BaseAction.execute(BaseAction.java:61)
	at org.elasticsearch.client.node.NodeClient.get(NodeClient.java:152)
	at org.elasticsearch.client.action.get.GetRequestBuilder.doExecute(GetRequestBuilder.java:119)
	at org.elasticsearch.client.action.support.BaseRequestBuilder.execute(BaseRequestBuilder.java:56)
	at org.elasticsearch.client.action.support.BaseRequestBuilder.execute(BaseRequestBuilder.java:51)
	at com.rackspace.search.elasticsearch.client.ElasticSearchClient.getDocument(ElasticSearchClient.groovy:202)
	at com.rackspace.search.service.JobService.getJob(JobService.groovy:38)
	at com.rackspace.search.service.core.CoreTicketOngoingSyncJob.setupActivities(CoreTicketOnGoingSyncJob.groovy:54)
	at org.springframework.beans.factory.annotation.InitDestroyAnnotationBeanPostProcessor$LifecycleElement.invoke(InitDestroyAnnotationBeanPostProcessor.java:340)
	at org.springframework.beans.factory.annotation.InitDestroyAnnotationBeanPostProcessor$LifecycleMetadata.invokeInitMethods(InitDestroyAnnotationBeanPostProcessor.java:293)
	at org.springframework.beans.factory.annotation.InitDestroyAnnotationBeanPostProcessor.postProcessBeforeInitialization(InitDestroyAnnotationBeanPostProcessor.java:130)
	... 46 more
</errorStackTrace>
          <errorDetails>Failed to load ApplicationContext</errorDetails>
          <stdout>16:33:22.108 [main] INFO  c.r.s.common.property.PropertyProvider - Loading properties file from file [/var/lib/jenkins/jobs/Samatha Fork/workspace/service/target/properties/local/search.properties]
16:33:22.108 [main] INFO  c.r.s.common.property.PropertyProvider - Loading properties file from file [/var/lib/jenkins/jobs/Samatha Fork/workspace/service/target/properties/local/search.secrets.properties]
16:33:22.108 [main] INFO  c.r.s.common.property.PropertyProvider - Loading properties file from file [/var/lib/jenkins/jobs/Samatha Fork/workspace/service/target/properties/local/elasticsearch.properties]
16:33:22.119 [main] INFO  c.r.s.elasticsearch.ElasticSearchServer - Starting the Elastic Search server node:
16:33:22.122 [main] INFO  org.elasticsearch.node - [ticket.node] {elasticsearch/0.16.2}[16944]: initializing ...
16:33:22.122 [main] INFO  org.elasticsearch.plugins - [ticket.node] loaded []
16:33:22.348 [main] INFO  org.elasticsearch.node - [ticket.node] {elasticsearch/0.16.2}[16944]: initialized
16:33:22.348 [main] INFO  c.r.s.elasticsearch.ElasticSearchServer - Starting the Elastic Search server node with these settings:
16:33:22.349 [main] INFO  c.r.s.elasticsearch.ElasticSearchServer - Elasticsearch Settings :  [core.db.url:jdbc:postgresql://dev.db.core.rackspace.com:5432/core_dev, node.local:true, index.analysis.analyzer.search_standard.filter:[lowercase], elastic.config.path:/var/lib/jenkins/jobs/Samatha Fork/workspace/service/target/properties/local/elasticsearch, path.data:/var/lib/jenkins/jobs/Samatha Fork/workspace/service/target/elasticsearch/data, ticket.core.dateformat:yyyy-MM-dd HH:mm:ss, cluster.name:ticket.cluster, index.analysis.analyzer.search_standard.type:standard, core.db.password:, path.conf:/var/lib/jenkins/jobs/Samatha Fork/workspace/service/target/properties/local/elasticsearch, core.api.password:qwerty, ticket.ongoingsync.delay.seconds:2000, name:ticket.node, http.enabled:true, path.logs:/var/lib/jenkins/jobs/Samatha Fork/workspace/service/target/elasticsearch/logs, index.number_of_replicas:0, ticket.document.idName:number, core.api.endpoint:https://ws.staging.core.rackspace.com/ctkapi, ticket.document.type:ticket, ticket.index.name:ticket, admin.index.name:admin, indices.structure:/indices_structure.json, index.store.fs.memory.enabled:false, index.number_of_shards:5, admin.document.type:syncJob, core.db.username:usq_read, ticket.core.date.timezone:CST, ticket.search.allowedRangeParams:created_at,updated_at,last_public_response_date, ticket.search.allowedTermParams:source_system,number,created_at,updated_at,last_public_response_date,status,queue,category,priority,assignee.name,account.number, core.driver.class:org.postgresql.Driver, core.api.username:rcameron, ticket.elastic.dateformat:yyyy-MM-dd&apos;T&apos;HH:mm:ss.SSSZZ, discovery.zen.ping.multicast.enabled:false, action.auto_create_index:1, path.home:/var/lib/jenkins/jobs/Samatha Fork/workspace/service, path.work:/var/lib/jenkins/jobs/Samatha Fork/workspace/service/work, path.work_with_cluster:/var/lib/jenkins/jobs/Samatha Fork/workspace/service/work/ticket.cluster, path.data_with_cluster:/var/lib/jenkins/jobs/Samatha Fork/workspace/service/target/elasticsearch/data/ticket.cluster]
16:33:22.349 [main] INFO  org.elasticsearch.node - [ticket.node] {elasticsearch/0.16.2}[16944]: starting ...
16:33:22.350 [main] INFO  org.elasticsearch.transport - [ticket.node] bound_address {local[13]}, publish_address {local[13]}
16:33:22.351 [elasticsearch[ticket.node]clusterService#updateTask-pool-179-thread-1] INFO  org.elasticsearch.cluster.service - [ticket.node] new_master [ticket.node][13][local[13]]{local=true}, reason: local-disco-initial_connect(master)
16:33:22.351 [main] INFO  org.elasticsearch.discovery - [ticket.node] ticket.cluster/13
16:33:22.355 [main] INFO  org.elasticsearch.http - [ticket.node] bound_address {inet[/0:0:0:0:0:0:0:0:9200]}, publish_address {inet[/10.14.208.252:9200]}
16:33:22.355 [main] INFO  org.elasticsearch.node - [ticket.node] {elasticsearch/0.16.2}[16944]: started
16:33:22.356 [main] INFO  c.r.s.elasticsearch.ElasticSearchServer - Elastic Search server is started.
16:33:22.356 [elasticsearch[ticket.node]clusterService#updateTask-pool-179-thread-1] INFO  org.elasticsearch.gateway - [ticket.node] recovered [0] indices into cluster_state
16:33:22.359 [main] INFO  c.r.s.elasticsearch.ElasticSearchServer - ES cluster status is GREEN
16:33:22.397 [main] INFO  org.elasticsearch.node - [ticket.node] {elasticsearch/0.16.2}[16944]: stopping ...
16:33:22.409 [main] INFO  org.elasticsearch.node - [ticket.node] {elasticsearch/0.16.2}[16944]: stopped
16:33:22.410 [main] INFO  org.elasticsearch.node - [ticket.node] {elasticsearch/0.16.2}[16944]: closing ...
16:33:22.413 [main] INFO  org.elasticsearch.node - [ticket.node] {elasticsearch/0.16.2}[16944]: closed
16:33:22.421 [main] ERROR o.s.test.context.TestContextManager - Caught exception while allowing TestExecutionListener [org.springframework.test.context.support.DependencyInjectionTestExecutionListener@284d0371] to prepare test instance [com.rackspace.search.elasticsearch.client.ElasticSearchClientTest@1b0cff6b]
java.lang.IllegalStateException: Failed to load ApplicationContext
	at org.springframework.test.context.TestContext.getApplicationContext(TestContext.java:308) ~[spring-test-3.0.6.RELEASE.jar:3.0.6.RELEASE]
	at org.springframework.test.context.support.DependencyInjectionTestExecutionListener.injectDependencies(DependencyInjectionTestExecutionListener.java:109) ~[spring-test-3.0.6.RELEASE.jar:3.0.6.RELEASE]
	at org.springframework.test.context.support.DependencyInjectionTestExecutionListener.prepareTestInstance(DependencyInjectionTestExecutionListener.java:75) ~[spring-test-3.0.6.RELEASE.jar:3.0.6.RELEASE]
	at org.springframework.test.context.TestContextManager.prepareTestInstance(TestContextManager.java:321) ~[spring-test-3.0.6.RELEASE.jar:3.0.6.RELEASE]
	at org.spockframework.spring.SpringTestContextManager.prepareTestInstance(SpringTestContextManager.java:49) [spock-spring-0.7-groovy-2.0.jar:na]
	at org.spockframework.spring.SpringInterceptor.interceptSetupMethod(SpringInterceptor.java:42) [spock-spring-0.7-groovy-2.0.jar:na]
	at org.spockframework.runtime.extension.AbstractMethodInterceptor.intercept(AbstractMethodInterceptor.java:28) [spock-core-0.7-groovy-2.0.jar:na]
	at org.spockframework.runtime.extension.MethodInvocation.proceed(MethodInvocation.java:84) [spock-core-0.7-groovy-2.0.jar:na]
	at org.spockframework.runtime.BaseSpecRunner.invoke(BaseSpecRunner.java:319) [spock-core-0.7-groovy-2.0.jar:na]
	at org.spockframework.runtime.BaseSpecRunner.invokeSetup(BaseSpecRunner.java:279) [spock-core-0.7-groovy-2.0.jar:na]
	at org.spockframework.runtime.BaseSpecRunner.doRunIteration(BaseSpecRunner.java:255) [spock-core-0.7-groovy-2.0.jar:na]
	at sun.reflect.GeneratedMethodAccessor11.invoke(Unknown Source) ~[na:na]
	at sun.reflect.DelegatingMethodAccessorImpl.invoke(DelegatingMethodAccessorImpl.java:25) ~[na:1.6.0_38]
	at java.lang.reflect.Method.invoke(Method.java:597) ~[na:1.6.0_38]
	at org.spockframework.util.ReflectionUtil.invokeMethod(ReflectionUtil.java:138) [spock-core-0.7-groovy-2.0.jar:na]
	at org.spockframework.runtime.BaseSpecRunner.invokeRaw(BaseSpecRunner.java:330) [spock-core-0.7-groovy-2.0.jar:na]
	at org.spockframework.runtime.BaseSpecRunner.invoke(BaseSpecRunner.java:311) [spock-core-0.7-groovy-2.0.jar:na]
	at org.spockframework.runtime.BaseSpecRunner.runIteration(BaseSpecRunner.java:223) [spock-core-0.7-groovy-2.0.jar:na]
	at org.spockframework.runtime.BaseSpecRunner.initializeAndRunIteration(BaseSpecRunner.java:214) [spock-core-0.7-groovy-2.0.jar:na]
	at org.spockframework.runtime.BaseSpecRunner.runSimpleFeature(BaseSpecRunner.java:205) [spock-core-0.7-groovy-2.0.jar:na]
	at org.spockframework.runtime.BaseSpecRunner.doRunFeature(BaseSpecRunner.java:199) [spock-core-0.7-groovy-2.0.jar:na]
	at sun.reflect.GeneratedMethodAccessor12.invoke(Unknown Source) ~[na:na]
	at sun.reflect.DelegatingMethodAccessorImpl.invoke(DelegatingMethodAccessorImpl.java:25) ~[na:1.6.0_38]
	at java.lang.reflect.Method.invoke(Method.java:597) ~[na:1.6.0_38]
	at org.spockframework.util.ReflectionUtil.invokeMethod(ReflectionUtil.java:138) [spock-core-0.7-groovy-2.0.jar:na]
	at org.spockframework.runtime.BaseSpecRunner.invokeRaw(BaseSpecRunner.java:330) [spock-core-0.7-groovy-2.0.jar:na]
	at org.spockframework.runtime.BaseSpecRunner.invoke(BaseSpecRunner.java:311) [spock-core-0.7-groovy-2.0.jar:na]
	at org.spockframework.runtime.BaseSpecRunner.runFeature(BaseSpecRunner.java:175) [spock-core-0.7-groovy-2.0.jar:na]
	at org.spockframework.runtime.BaseSpecRunner.runFeatures(BaseSpecRunner.java:152) [spock-core-0.7-groovy-2.0.jar:na]
	at org.spockframework.runtime.BaseSpecRunner.doRunSpec(BaseSpecRunner.java:112) [spock-core-0.7-groovy-2.0.jar:na]
	at sun.reflect.NativeMethodAccessorImpl.invoke0(Native Method) ~[na:1.6.0_38]
	at sun.reflect.NativeMethodAccessorImpl.invoke(NativeMethodAccessorImpl.java:39) ~[na:1.6.0_38]
	at sun.reflect.DelegatingMethodAccessorImpl.invoke(DelegatingMethodAccessorImpl.java:25) ~[na:1.6.0_38]
	at java.lang.reflect.Method.invoke(Method.java:597) ~[na:1.6.0_38]
	at org.spockframework.util.ReflectionUtil.invokeMethod(ReflectionUtil.java:138) [spock-core-0.7-groovy-2.0.jar:na]
	at org.spockframework.runtime.BaseSpecRunner.invokeRaw(BaseSpecRunner.java:330) [spock-core-0.7-groovy-2.0.jar:na]
	at org.spockframework.runtime.BaseSpecRunner.invoke(BaseSpecRunner.java:311) [spock-core-0.7-groovy-2.0.jar:na]
	at org.spockframework.runtime.BaseSpecRunner.runSpec(BaseSpecRunner.java:91) [spock-core-0.7-groovy-2.0.jar:na]
	at org.spockframework.runtime.BaseSpecRunner.run(BaseSpecRunner.java:82) [spock-core-0.7-groovy-2.0.jar:na]
	at org.spockframework.runtime.Sputnik.run(Sputnik.java:63) [spock-core-0.7-groovy-2.0.jar:na]
	at org.apache.maven.surefire.junit4.JUnit4TestSet.execute(JUnit4TestSet.java:53) [surefire-junit4-2.10.jar:2.10]
	at org.apache.maven.surefire.junit4.JUnit4Provider.executeTestSet(JUnit4Provider.java:123) [surefire-junit4-2.10.jar:2.10]
	at org.apache.maven.surefire.junit4.JUnit4Provider.invoke(JUnit4Provider.java:104) [surefire-junit4-2.10.jar:2.10]
	at sun.reflect.NativeMethodAccessorImpl.invoke0(Native Method) ~[na:1.6.0_38]
	at sun.reflect.NativeMethodAccessorImpl.invoke(NativeMethodAccessorImpl.java:39) ~[na:1.6.0_38]
	at sun.reflect.DelegatingMethodAccessorImpl.invoke(DelegatingMethodAccessorImpl.java:25) ~[na:1.6.0_38]
	at java.lang.reflect.Method.invoke(Method.java:597) ~[na:1.6.0_38]
	at org.apache.maven.surefire.util.ReflectionUtils.invokeMethodWithArray(ReflectionUtils.java:164) [surefire-api-2.10.jar:2.10]
	at org.apache.maven.surefire.booter.ProviderFactory$ProviderProxy.invoke(ProviderFactory.java:110) [surefire-booter-2.10.jar:2.10]
	at org.apache.maven.surefire.booter.SurefireStarter.invokeProvider(SurefireStarter.java:175) [surefire-booter-2.10.jar:2.10]
	at org.apache.maven.surefire.booter.SurefireStarter.runSuitesInProcessWhenForked(SurefireStarter.java:107) [surefire-booter-2.10.jar:2.10]
	at org.apache.maven.surefire.booter.ForkedBooter.main(ForkedBooter.java:68) [surefire-booter-2.10.jar:2.10]
Caused by: org.springframework.beans.factory.BeanCreationException: Error creating bean with name &apos;adminResource&apos;: Injection of autowired dependencies failed; nested exception is org.springframework.beans.factory.BeanCreationException: Could not autowire field: private com.rackspace.search.service.core.CoreTicketOngoingSyncJob com.rackspace.search.endpoint.AdminResource.coreTicketOngoingSyncJob; nested exception is org.springframework.beans.factory.BeanCreationException: Error creating bean with name &apos;coreTicketOngoingSyncJob&apos;: Invocation of init method failed; nested exception is org.elasticsearch.indices.IndexMissingException: [admin] missing
	at org.springframework.beans.factory.annotation.AutowiredAnnotationBeanPostProcessor.postProcessPropertyValues(AutowiredAnnotationBeanPostProcessor.java:288) ~[spring-beans-3.0.6.RELEASE.jar:3.0.6.RELEASE]
	at org.springframework.beans.factory.support.AbstractAutowireCapableBeanFactory.populateBean(AbstractAutowireCapableBeanFactory.java:1074) ~[spring-beans-3.0.6.RELEASE.jar:3.0.6.RELEASE]
	at org.springframework.beans.factory.support.AbstractAutowireCapableBeanFactory.doCreateBean(AbstractAutowireCapableBeanFactory.java:517) ~[spring-beans-3.0.6.RELEASE.jar:3.0.6.RELEASE]
	at org.springframework.beans.factory.support.AbstractAutowireCapableBeanFactory.createBean(AbstractAutowireCapableBeanFactory.java:456) ~[spring-beans-3.0.6.RELEASE.jar:3.0.6.RELEASE]
	at org.springframework.beans.factory.support.AbstractBeanFactory$1.getObject(AbstractBeanFactory.java:293) ~[spring-beans-3.0.6.RELEASE.jar:3.0.6.RELEASE]
	at org.springframework.beans.factory.support.DefaultSingletonBeanRegistry.getSingleton(DefaultSingletonBeanRegistry.java:222) ~[spring-beans-3.0.6.RELEASE.jar:3.0.6.RELEASE]
	at org.springframework.beans.factory.support.AbstractBeanFactory.doGetBean(AbstractBeanFactory.java:290) ~[spring-beans-3.0.6.RELEASE.jar:3.0.6.RELEASE]
	at org.springframework.beans.factory.support.AbstractBeanFactory.getBean(AbstractBeanFactory.java:192) ~[spring-beans-3.0.6.RELEASE.jar:3.0.6.RELEASE]
	at org.springframework.beans.factory.support.DefaultListableBeanFactory.preInstantiateSingletons(DefaultListableBeanFactory.java:585) ~[spring-beans-3.0.6.RELEASE.jar:3.0.6.RELEASE]
	at org.springframework.context.support.AbstractApplicationContext.finishBeanFactoryInitialization(AbstractApplicationContext.java:895) ~[spring-context-3.0.6.RELEASE.jar:3.0.6.RELEASE]
	at org.springframework.context.support.AbstractApplicationContext.refresh(AbstractApplicationContext.java:425) ~[spring-context-3.0.6.RELEASE.jar:3.0.6.RELEASE]
	at org.springframework.test.context.support.AbstractGenericContextLoader.loadContext(AbstractGenericContextLoader.java:84) ~[spring-test-3.0.6.RELEASE.jar:3.0.6.RELEASE]
	at org.springframework.test.context.support.AbstractGenericContextLoader.loadContext(AbstractGenericContextLoader.java:1) ~[spring-test-3.0.6.RELEASE.jar:3.0.6.RELEASE]
	at org.springframework.test.context.TestContext.loadApplicationContext(TestContext.java:280) ~[spring-test-3.0.6.RELEASE.jar:3.0.6.RELEASE]
	at org.springframework.test.context.TestContext.getApplicationContext(TestContext.java:304) ~[spring-test-3.0.6.RELEASE.jar:3.0.6.RELEASE]
	... 51 common frames omitted
Caused by: org.springframework.beans.factory.BeanCreationException: Could not autowire field: private com.rackspace.search.service.core.CoreTicketOngoingSyncJob com.rackspace.search.endpoint.AdminResource.coreTicketOngoingSyncJob; nested exception is org.springframework.beans.factory.BeanCreationException: Error creating bean with name &apos;coreTicketOngoingSyncJob&apos;: Invocation of init method failed; nested exception is org.elasticsearch.indices.IndexMissingException: [admin] missing
	at org.springframework.beans.factory.annotation.AutowiredAnnotationBeanPostProcessor$AutowiredFieldElement.inject(AutowiredAnnotationBeanPostProcessor.java:508) ~[spring-beans-3.0.6.RELEASE.jar:3.0.6.RELEASE]
	at org.springframework.beans.factory.annotation.InjectionMetadata.inject(InjectionMetadata.java:84) ~[spring-beans-3.0.6.RELEASE.jar:3.0.6.RELEASE]
	at org.springframework.beans.factory.annotation.AutowiredAnnotationBeanPostProcessor.postProcessPropertyValues(AutowiredAnnotationBeanPostProcessor.java:285) ~[spring-beans-3.0.6.RELEASE.jar:3.0.6.RELEASE]
	... 65 common frames omitted
Caused by: org.springframework.beans.factory.BeanCreationException: Error creating bean with name &apos;coreTicketOngoingSyncJob&apos;: Invocation of init method failed; nested exception is org.elasticsearch.indices.IndexMissingException: [admin] missing
	at org.springframework.beans.factory.annotation.InitDestroyAnnotationBeanPostProcessor.postProcessBeforeInitialization(InitDestroyAnnotationBeanPostProcessor.java:133) ~[spring-beans-3.0.6.RELEASE.jar:3.0.6.RELEASE]
	at org.springframework.beans.factory.support.AbstractAutowireCapableBeanFactory.applyBeanPostProcessorsBeforeInitialization(AbstractAutowireCapableBeanFactory.java:394) ~[spring-beans-3.0.6.RELEASE.jar:3.0.6.RELEASE]
	at org.springframework.beans.factory.support.AbstractAutowireCapableBeanFactory.initializeBean(AbstractAutowireCapableBeanFactory.java:1413) ~[spring-beans-3.0.6.RELEASE.jar:3.0.6.RELEASE]
	at org.springframework.beans.factory.support.AbstractAutowireCapableBeanFactory.doCreateBean(AbstractAutowireCapableBeanFactory.java:519) ~[spring-beans-3.0.6.RELEASE.jar:3.0.6.RELEASE]
	at org.springframework.beans.factory.support.AbstractAutowireCapableBeanFactory.createBean(AbstractAutowireCapableBeanFactory.java:456) ~[spring-beans-3.0.6.RELEASE.jar:3.0.6.RELEASE]
	at org.springframework.beans.factory.support.AbstractBeanFactory$1.getObject(AbstractBeanFactory.java:293) ~[spring-beans-3.0.6.RELEASE.jar:3.0.6.RELEASE]
	at org.springframework.beans.factory.support.DefaultSingletonBeanRegistry.getSingleton(DefaultSingletonBeanRegistry.java:222) ~[spring-beans-3.0.6.RELEASE.jar:3.0.6.RELEASE]
	at org.springframework.beans.factory.support.AbstractBeanFactory.doGetBean(AbstractBeanFactory.java:290) ~[spring-beans-3.0.6.RELEASE.jar:3.0.6.RELEASE]
	at org.springframework.beans.factory.support.AbstractBeanFactory.getBean(AbstractBeanFactory.java:192) ~[spring-beans-3.0.6.RELEASE.jar:3.0.6.RELEASE]
	at org.springframework.beans.factory.support.DefaultListableBeanFactory.findAutowireCandidates(DefaultListableBeanFactory.java:848) ~[spring-beans-3.0.6.RELEASE.jar:3.0.6.RELEASE]
	at org.springframework.beans.factory.support.DefaultListableBeanFactory.doResolveDependency(DefaultListableBeanFactory.java:790) ~[spring-beans-3.0.6.RELEASE.jar:3.0.6.RELEASE]
	at org.springframework.beans.factory.support.DefaultListableBeanFactory.resolveDependency(DefaultListableBeanFactory.java:707) ~[spring-beans-3.0.6.RELEASE.jar:3.0.6.RELEASE]
	at org.springframework.beans.factory.annotation.AutowiredAnnotationBeanPostProcessor$AutowiredFieldElement.inject(AutowiredAnnotationBeanPostProcessor.java:480) ~[spring-beans-3.0.6.RELEASE.jar:3.0.6.RELEASE]
	... 67 common frames omitted
Caused by: org.elasticsearch.indices.IndexMissingException: [admin] missing
	at org.elasticsearch.cluster.metadata.MetaData.concreteIndex(MetaData.java:211) ~[elasticsearch-0.16.2.jar:na]
	at org.elasticsearch.action.support.single.shard.TransportShardSingleOperationAction$AsyncSingleAction.&lt;init&gt;(TransportShardSingleOperationAction.java:107) ~[elasticsearch-0.16.2.jar:na]
	at org.elasticsearch.action.support.single.shard.TransportShardSingleOperationAction$AsyncSingleAction.&lt;init&gt;(TransportShardSingleOperationAction.java:88) ~[elasticsearch-0.16.2.jar:na]
	at org.elasticsearch.action.support.single.shard.TransportShardSingleOperationAction.doExecute(TransportShardSingleOperationAction.java:69) ~[elasticsearch-0.16.2.jar:na]
	at org.elasticsearch.action.support.single.shard.TransportShardSingleOperationAction.doExecute(TransportShardSingleOperationAction.java:45) ~[elasticsearch-0.16.2.jar:na]
	at org.elasticsearch.action.support.BaseAction.execute(BaseAction.java:61) ~[elasticsearch-0.16.2.jar:na]
	at org.elasticsearch.client.node.NodeClient.get(NodeClient.java:152) ~[elasticsearch-0.16.2.jar:na]
	at org.elasticsearch.client.action.get.GetRequestBuilder.doExecute(GetRequestBuilder.java:119) ~[elasticsearch-0.16.2.jar:na]
	at org.elasticsearch.client.action.support.BaseRequestBuilder.execute(BaseRequestBuilder.java:56) ~[elasticsearch-0.16.2.jar:na]
	at org.elasticsearch.client.action.support.BaseRequestBuilder.execute(BaseRequestBuilder.java:51) ~[elasticsearch-0.16.2.jar:na]
	at org.elasticsearch.client.action.RequestBuilder$execute.call(Unknown Source) ~[na:na]
	at com.rackspace.search.elasticsearch.client.ElasticSearchClient.getDocument(ElasticSearchClient.groovy:202) ~[classes/:na]
	at com.rackspace.search.elasticsearch.client.ElasticSearchClient$getDocument.call(Unknown Source) ~[na:na]
	at com.rackspace.search.service.JobService.getJob(JobService.groovy:38) ~[classes/:na]
	at com.rackspace.search.service.JobService$getJob.call(Unknown Source) ~[na:na]
	at com.rackspace.search.service.core.CoreTicketOngoingSyncJob.setupActivities(CoreTicketOnGoingSyncJob.groovy:54) ~[classes/:na]
	at sun.reflect.NativeMethodAccessorImpl.invoke0(Native Method) ~[na:1.6.0_38]
	at sun.reflect.NativeMethodAccessorImpl.invoke(NativeMethodAccessorImpl.java:39) ~[na:1.6.0_38]
	at sun.reflect.DelegatingMethodAccessorImpl.invoke(DelegatingMethodAccessorImpl.java:25) ~[na:1.6.0_38]
	at java.lang.reflect.Method.invoke(Method.java:597) ~[na:1.6.0_38]
	at org.springframework.beans.factory.annotation.InitDestroyAnnotationBeanPostProcessor$LifecycleElement.invoke(InitDestroyAnnotationBeanPostProcessor.java:340) ~[spring-beans-3.0.6.RELEASE.jar:3.0.6.RELEASE]
	at org.springframework.beans.factory.annotation.InitDestroyAnnotationBeanPostProcessor$LifecycleMetadata.invokeInitMethods(InitDestroyAnnotationBeanPostProcessor.java:293) ~[spring-beans-3.0.6.RELEASE.jar:3.0.6.RELEASE]
	at org.springframework.beans.factory.annotation.InitDestroyAnnotationBeanPostProcessor.postProcessBeforeInitialization(InitDestroyAnnotationBeanPostProcessor.java:130) ~[spring-beans-3.0.6.RELEASE.jar:3.0.6.RELEASE]
	... 79 common frames omitted
</stdout>
          <failedSince>1</failedSince>
        </case>
        <case>
          <duration>0.24</duration>
          <className>com.rackspace.search.elasticsearch.client.ElasticSearchClientTest</className>
          <testName>test sort tickets with single &amp; multiple values</testName>
          <skipped>false</skipped>
          <errorStackTrace>java.lang.NullPointerException: Cannot invoke method getClient() on null object
	at com.rackspace.search.elasticsearch.client.ElasticSearchClientTest.cleanup(ElasticSearchClientTest.groovy:84)
</errorStackTrace>
          <errorDetails>Cannot invoke method getClient() on null object</errorDetails>
          <failedSince>1</failedSince>
        </case>
        <case>
          <duration>0.566</duration>
          <className>com.rackspace.search.elasticsearch.client.ElasticSearchClientTest</className>
          <testName>test sort tickets for priority field without sorting order</testName>
          <skipped>false</skipped>
          <errorStackTrace>java.lang.IllegalStateException: Failed to load ApplicationContext
	at org.springframework.test.context.TestContext.getApplicationContext(TestContext.java:308)
	at org.springframework.test.context.support.DependencyInjectionTestExecutionListener.injectDependencies(DependencyInjectionTestExecutionListener.java:109)
	at org.springframework.test.context.support.DependencyInjectionTestExecutionListener.prepareTestInstance(DependencyInjectionTestExecutionListener.java:75)
	at org.springframework.test.context.TestContextManager.prepareTestInstance(TestContextManager.java:321)
	at org.spockframework.spring.SpringTestContextManager.prepareTestInstance(SpringTestContextManager.java:49)
	at org.spockframework.spring.SpringInterceptor.interceptSetupMethod(SpringInterceptor.java:42)
	at org.spockframework.runtime.extension.AbstractMethodInterceptor.intercept(AbstractMethodInterceptor.java:28)
	at org.spockframework.runtime.extension.MethodInvocation.proceed(MethodInvocation.java:84)
	at org.spockframework.util.ReflectionUtil.invokeMethod(ReflectionUtil.java:138)
	at org.spockframework.util.ReflectionUtil.invokeMethod(ReflectionUtil.java:138)
	at org.spockframework.util.ReflectionUtil.invokeMethod(ReflectionUtil.java:138)
	at org.apache.maven.surefire.junit4.JUnit4TestSet.execute(JUnit4TestSet.java:53)
	at org.apache.maven.surefire.junit4.JUnit4Provider.executeTestSet(JUnit4Provider.java:123)
	at org.apache.maven.surefire.junit4.JUnit4Provider.invoke(JUnit4Provider.java:104)
	at org.apache.maven.surefire.util.ReflectionUtils.invokeMethodWithArray(ReflectionUtils.java:164)
	at org.apache.maven.surefire.booter.ProviderFactory$ProviderProxy.invoke(ProviderFactory.java:110)
	at org.apache.maven.surefire.booter.SurefireStarter.invokeProvider(SurefireStarter.java:175)
	at org.apache.maven.surefire.booter.SurefireStarter.runSuitesInProcessWhenForked(SurefireStarter.java:107)
	at org.apache.maven.surefire.booter.ForkedBooter.main(ForkedBooter.java:68)
Caused by: org.springframework.beans.factory.BeanCreationException: Error creating bean with name &apos;adminResource&apos;: Injection of autowired dependencies failed; nested exception is org.springframework.beans.factory.BeanCreationException: Could not autowire field: private com.rackspace.search.service.core.CoreTicketOngoingSyncJob com.rackspace.search.endpoint.AdminResource.coreTicketOngoingSyncJob; nested exception is org.springframework.beans.factory.BeanCreationException: Error creating bean with name &apos;coreTicketOngoingSyncJob&apos;: Invocation of init method failed; nested exception is org.elasticsearch.indices.IndexMissingException: [admin] missing
	at org.springframework.beans.factory.annotation.AutowiredAnnotationBeanPostProcessor.postProcessPropertyValues(AutowiredAnnotationBeanPostProcessor.java:288)
	at org.springframework.beans.factory.support.AbstractAutowireCapableBeanFactory.populateBean(AbstractAutowireCapableBeanFactory.java:1074)
	at org.springframework.beans.factory.support.AbstractAutowireCapableBeanFactory.doCreateBean(AbstractAutowireCapableBeanFactory.java:517)
	at org.springframework.beans.factory.support.AbstractAutowireCapableBeanFactory.createBean(AbstractAutowireCapableBeanFactory.java:456)
	at org.springframework.beans.factory.support.AbstractBeanFactory$1.getObject(AbstractBeanFactory.java:293)
	at org.springframework.beans.factory.support.DefaultSingletonBeanRegistry.getSingleton(DefaultSingletonBeanRegistry.java:222)
	at org.springframework.beans.factory.support.AbstractBeanFactory.doGetBean(AbstractBeanFactory.java:290)
	at org.springframework.beans.factory.support.AbstractBeanFactory.getBean(AbstractBeanFactory.java:192)
	at org.springframework.beans.factory.support.DefaultListableBeanFactory.preInstantiateSingletons(DefaultListableBeanFactory.java:585)
	at org.springframework.context.support.AbstractApplicationContext.finishBeanFactoryInitialization(AbstractApplicationContext.java:895)
	at org.springframework.context.support.AbstractApplicationContext.refresh(AbstractApplicationContext.java:425)
	at org.springframework.test.context.support.AbstractGenericContextLoader.loadContext(AbstractGenericContextLoader.java:84)
	at org.springframework.test.context.support.AbstractGenericContextLoader.loadContext(AbstractGenericContextLoader.java:1)
	at org.springframework.test.context.TestContext.loadApplicationContext(TestContext.java:280)
	at org.springframework.test.context.TestContext.getApplicationContext(TestContext.java:304)
	... 18 more
Caused by: org.springframework.beans.factory.BeanCreationException: Could not autowire field: private com.rackspace.search.service.core.CoreTicketOngoingSyncJob com.rackspace.search.endpoint.AdminResource.coreTicketOngoingSyncJob; nested exception is org.springframework.beans.factory.BeanCreationException: Error creating bean with name &apos;coreTicketOngoingSyncJob&apos;: Invocation of init method failed; nested exception is org.elasticsearch.indices.IndexMissingException: [admin] missing
	at org.springframework.beans.factory.annotation.AutowiredAnnotationBeanPostProcessor$AutowiredFieldElement.inject(AutowiredAnnotationBeanPostProcessor.java:508)
	at org.springframework.beans.factory.annotation.InjectionMetadata.inject(InjectionMetadata.java:84)
	at org.springframework.beans.factory.annotation.AutowiredAnnotationBeanPostProcessor.postProcessPropertyValues(AutowiredAnnotationBeanPostProcessor.java:285)
	... 32 more
Caused by: org.springframework.beans.factory.BeanCreationException: Error creating bean with name &apos;coreTicketOngoingSyncJob&apos;: Invocation of init method failed; nested exception is org.elasticsearch.indices.IndexMissingException: [admin] missing
	at org.springframework.beans.factory.annotation.InitDestroyAnnotationBeanPostProcessor.postProcessBeforeInitialization(InitDestroyAnnotationBeanPostProcessor.java:133)
	at org.springframework.beans.factory.support.AbstractAutowireCapableBeanFactory.applyBeanPostProcessorsBeforeInitialization(AbstractAutowireCapableBeanFactory.java:394)
	at org.springframework.beans.factory.support.AbstractAutowireCapableBeanFactory.initializeBean(AbstractAutowireCapableBeanFactory.java:1413)
	at org.springframework.beans.factory.support.AbstractAutowireCapableBeanFactory.doCreateBean(AbstractAutowireCapableBeanFactory.java:519)
	at org.springframework.beans.factory.support.AbstractAutowireCapableBeanFactory.createBean(AbstractAutowireCapableBeanFactory.java:456)
	at org.springframework.beans.factory.support.AbstractBeanFactory$1.getObject(AbstractBeanFactory.java:293)
	at org.springframework.beans.factory.support.DefaultSingletonBeanRegistry.getSingleton(DefaultSingletonBeanRegistry.java:222)
	at org.springframework.beans.factory.support.AbstractBeanFactory.doGetBean(AbstractBeanFactory.java:290)
	at org.springframework.beans.factory.support.AbstractBeanFactory.getBean(AbstractBeanFactory.java:192)
	at org.springframework.beans.factory.support.DefaultListableBeanFactory.findAutowireCandidates(DefaultListableBeanFactory.java:848)
	at org.springframework.beans.factory.support.DefaultListableBeanFactory.doResolveDependency(DefaultListableBeanFactory.java:790)
	at org.springframework.beans.factory.support.DefaultListableBeanFactory.resolveDependency(DefaultListableBeanFactory.java:707)
	at org.springframework.beans.factory.annotation.AutowiredAnnotationBeanPostProcessor$AutowiredFieldElement.inject(AutowiredAnnotationBeanPostProcessor.java:480)
	... 34 more
Caused by: org.elasticsearch.indices.IndexMissingException: [admin] missing
	at org.elasticsearch.cluster.metadata.MetaData.concreteIndex(MetaData.java:211)
	at org.elasticsearch.action.support.single.shard.TransportShardSingleOperationAction$AsyncSingleAction.&lt;init&gt;(TransportShardSingleOperationAction.java:107)
	at org.elasticsearch.action.support.single.shard.TransportShardSingleOperationAction$AsyncSingleAction.&lt;init&gt;(TransportShardSingleOperationAction.java:88)
	at org.elasticsearch.action.support.single.shard.TransportShardSingleOperationAction.doExecute(TransportShardSingleOperationAction.java:69)
	at org.elasticsearch.action.support.single.shard.TransportShardSingleOperationAction.doExecute(TransportShardSingleOperationAction.java:45)
	at org.elasticsearch.action.support.BaseAction.execute(BaseAction.java:61)
	at org.elasticsearch.client.node.NodeClient.get(NodeClient.java:152)
	at org.elasticsearch.client.action.get.GetRequestBuilder.doExecute(GetRequestBuilder.java:119)
	at org.elasticsearch.client.action.support.BaseRequestBuilder.execute(BaseRequestBuilder.java:56)
	at org.elasticsearch.client.action.support.BaseRequestBuilder.execute(BaseRequestBuilder.java:51)
	at com.rackspace.search.elasticsearch.client.ElasticSearchClient.getDocument(ElasticSearchClient.groovy:202)
	at com.rackspace.search.service.JobService.getJob(JobService.groovy:38)
	at com.rackspace.search.service.core.CoreTicketOngoingSyncJob.setupActivities(CoreTicketOnGoingSyncJob.groovy:54)
	at org.springframework.beans.factory.annotation.InitDestroyAnnotationBeanPostProcessor$LifecycleElement.invoke(InitDestroyAnnotationBeanPostProcessor.java:340)
	at org.springframework.beans.factory.annotation.InitDestroyAnnotationBeanPostProcessor$LifecycleMetadata.invokeInitMethods(InitDestroyAnnotationBeanPostProcessor.java:293)
	at org.springframework.beans.factory.annotation.InitDestroyAnnotationBeanPostProcessor.postProcessBeforeInitialization(InitDestroyAnnotationBeanPostProcessor.java:130)
	... 46 more
</errorStackTrace>
          <errorDetails>Failed to load ApplicationContext</errorDetails>
          <stdout>16:33:22.586 [main] INFO  c.r.s.common.property.PropertyProvider - Loading properties file from file [/var/lib/jenkins/jobs/Samatha Fork/workspace/service/target/properties/local/search.properties]
16:33:22.586 [main] INFO  c.r.s.common.property.PropertyProvider - Loading properties file from file [/var/lib/jenkins/jobs/Samatha Fork/workspace/service/target/properties/local/search.secrets.properties]
16:33:22.586 [main] INFO  c.r.s.common.property.PropertyProvider - Loading properties file from file [/var/lib/jenkins/jobs/Samatha Fork/workspace/service/target/properties/local/elasticsearch.properties]
16:33:22.598 [main] INFO  c.r.s.elasticsearch.ElasticSearchServer - Starting the Elastic Search server node:
16:33:22.601 [main] INFO  org.elasticsearch.node - [ticket.node] {elasticsearch/0.16.2}[16944]: initializing ...
16:33:22.601 [main] INFO  org.elasticsearch.plugins - [ticket.node] loaded []
16:33:22.872 [main] INFO  org.elasticsearch.node - [ticket.node] {elasticsearch/0.16.2}[16944]: initialized
16:33:22.873 [main] INFO  c.r.s.elasticsearch.ElasticSearchServer - Starting the Elastic Search server node with these settings:
16:33:22.874 [main] INFO  c.r.s.elasticsearch.ElasticSearchServer - Elasticsearch Settings :  [core.db.url:jdbc:postgresql://dev.db.core.rackspace.com:5432/core_dev, node.local:true, index.analysis.analyzer.search_standard.filter:[lowercase], elastic.config.path:/var/lib/jenkins/jobs/Samatha Fork/workspace/service/target/properties/local/elasticsearch, path.data:/var/lib/jenkins/jobs/Samatha Fork/workspace/service/target/elasticsearch/data, ticket.core.dateformat:yyyy-MM-dd HH:mm:ss, cluster.name:ticket.cluster, index.analysis.analyzer.search_standard.type:standard, core.db.password:, path.conf:/var/lib/jenkins/jobs/Samatha Fork/workspace/service/target/properties/local/elasticsearch, core.api.password:qwerty, ticket.ongoingsync.delay.seconds:2000, name:ticket.node, http.enabled:true, path.logs:/var/lib/jenkins/jobs/Samatha Fork/workspace/service/target/elasticsearch/logs, index.number_of_replicas:0, ticket.document.idName:number, core.api.endpoint:https://ws.staging.core.rackspace.com/ctkapi, ticket.document.type:ticket, ticket.index.name:ticket, admin.index.name:admin, indices.structure:/indices_structure.json, index.store.fs.memory.enabled:false, index.number_of_shards:5, admin.document.type:syncJob, core.db.username:usq_read, ticket.core.date.timezone:CST, ticket.search.allowedRangeParams:created_at,updated_at,last_public_response_date, ticket.search.allowedTermParams:source_system,number,created_at,updated_at,last_public_response_date,status,queue,category,priority,assignee.name,account.number, core.driver.class:org.postgresql.Driver, core.api.username:rcameron, ticket.elastic.dateformat:yyyy-MM-dd&apos;T&apos;HH:mm:ss.SSSZZ, discovery.zen.ping.multicast.enabled:false, action.auto_create_index:1, path.home:/var/lib/jenkins/jobs/Samatha Fork/workspace/service, path.work:/var/lib/jenkins/jobs/Samatha Fork/workspace/service/work, path.work_with_cluster:/var/lib/jenkins/jobs/Samatha Fork/workspace/service/work/ticket.cluster, path.data_with_cluster:/var/lib/jenkins/jobs/Samatha Fork/workspace/service/target/elasticsearch/data/ticket.cluster]
16:33:22.875 [main] INFO  org.elasticsearch.node - [ticket.node] {elasticsearch/0.16.2}[16944]: starting ...
16:33:22.877 [main] INFO  org.elasticsearch.transport - [ticket.node] bound_address {local[14]}, publish_address {local[14]}
16:33:22.878 [elasticsearch[ticket.node]clusterService#updateTask-pool-193-thread-1] INFO  org.elasticsearch.cluster.service - [ticket.node] new_master [ticket.node][14][local[14]]{local=true}, reason: local-disco-initial_connect(master)
16:33:22.880 [main] INFO  org.elasticsearch.discovery - [ticket.node] ticket.cluster/14
16:33:22.893 [elasticsearch[ticket.node]clusterService#updateTask-pool-193-thread-1] INFO  org.elasticsearch.gateway - [ticket.node] recovered [0] indices into cluster_state
16:33:22.896 [main] INFO  org.elasticsearch.http - [ticket.node] bound_address {inet[/0:0:0:0:0:0:0:0:9200]}, publish_address {inet[/10.14.208.252:9200]}
16:33:22.897 [main] INFO  org.elasticsearch.node - [ticket.node] {elasticsearch/0.16.2}[16944]: started
16:33:22.898 [main] INFO  c.r.s.elasticsearch.ElasticSearchServer - Elastic Search server is started.
16:33:22.900 [main] INFO  c.r.s.elasticsearch.ElasticSearchServer - ES cluster status is GREEN
16:33:22.989 [main] INFO  org.elasticsearch.node - [ticket.node] {elasticsearch/0.16.2}[16944]: stopping ...
16:33:22.992 [main] INFO  org.elasticsearch.node - [ticket.node] {elasticsearch/0.16.2}[16944]: stopped
16:33:22.993 [main] INFO  org.elasticsearch.node - [ticket.node] {elasticsearch/0.16.2}[16944]: closing ...
16:33:22.999 [main] INFO  org.elasticsearch.node - [ticket.node] {elasticsearch/0.16.2}[16944]: closed
16:33:23.013 [main] ERROR o.s.test.context.TestContextManager - Caught exception while allowing TestExecutionListener [org.springframework.test.context.support.DependencyInjectionTestExecutionListener@284d0371] to prepare test instance [com.rackspace.search.elasticsearch.client.ElasticSearchClientTest@5d593d1]
java.lang.IllegalStateException: Failed to load ApplicationContext
	at org.springframework.test.context.TestContext.getApplicationContext(TestContext.java:308) ~[spring-test-3.0.6.RELEASE.jar:3.0.6.RELEASE]
	at org.springframework.test.context.support.DependencyInjectionTestExecutionListener.injectDependencies(DependencyInjectionTestExecutionListener.java:109) ~[spring-test-3.0.6.RELEASE.jar:3.0.6.RELEASE]
	at org.springframework.test.context.support.DependencyInjectionTestExecutionListener.prepareTestInstance(DependencyInjectionTestExecutionListener.java:75) ~[spring-test-3.0.6.RELEASE.jar:3.0.6.RELEASE]
	at org.springframework.test.context.TestContextManager.prepareTestInstance(TestContextManager.java:321) ~[spring-test-3.0.6.RELEASE.jar:3.0.6.RELEASE]
	at org.spockframework.spring.SpringTestContextManager.prepareTestInstance(SpringTestContextManager.java:49) [spock-spring-0.7-groovy-2.0.jar:na]
	at org.spockframework.spring.SpringInterceptor.interceptSetupMethod(SpringInterceptor.java:42) [spock-spring-0.7-groovy-2.0.jar:na]
	at org.spockframework.runtime.extension.AbstractMethodInterceptor.intercept(AbstractMethodInterceptor.java:28) [spock-core-0.7-groovy-2.0.jar:na]
	at org.spockframework.runtime.extension.MethodInvocation.proceed(MethodInvocation.java:84) [spock-core-0.7-groovy-2.0.jar:na]
	at org.spockframework.runtime.BaseSpecRunner.invoke(BaseSpecRunner.java:319) [spock-core-0.7-groovy-2.0.jar:na]
	at org.spockframework.runtime.BaseSpecRunner.invokeSetup(BaseSpecRunner.java:279) [spock-core-0.7-groovy-2.0.jar:na]
	at org.spockframework.runtime.BaseSpecRunner.doRunIteration(BaseSpecRunner.java:255) [spock-core-0.7-groovy-2.0.jar:na]
	at sun.reflect.GeneratedMethodAccessor11.invoke(Unknown Source) ~[na:na]
	at sun.reflect.DelegatingMethodAccessorImpl.invoke(DelegatingMethodAccessorImpl.java:25) ~[na:1.6.0_38]
	at java.lang.reflect.Method.invoke(Method.java:597) ~[na:1.6.0_38]
	at org.spockframework.util.ReflectionUtil.invokeMethod(ReflectionUtil.java:138) [spock-core-0.7-groovy-2.0.jar:na]
	at org.spockframework.runtime.BaseSpecRunner.invokeRaw(BaseSpecRunner.java:330) [spock-core-0.7-groovy-2.0.jar:na]
	at org.spockframework.runtime.BaseSpecRunner.invoke(BaseSpecRunner.java:311) [spock-core-0.7-groovy-2.0.jar:na]
	at org.spockframework.runtime.BaseSpecRunner.runIteration(BaseSpecRunner.java:223) [spock-core-0.7-groovy-2.0.jar:na]
	at org.spockframework.runtime.BaseSpecRunner.initializeAndRunIteration(BaseSpecRunner.java:214) [spock-core-0.7-groovy-2.0.jar:na]
	at org.spockframework.runtime.BaseSpecRunner.runSimpleFeature(BaseSpecRunner.java:205) [spock-core-0.7-groovy-2.0.jar:na]
	at org.spockframework.runtime.BaseSpecRunner.doRunFeature(BaseSpecRunner.java:199) [spock-core-0.7-groovy-2.0.jar:na]
	at sun.reflect.GeneratedMethodAccessor12.invoke(Unknown Source) ~[na:na]
	at sun.reflect.DelegatingMethodAccessorImpl.invoke(DelegatingMethodAccessorImpl.java:25) ~[na:1.6.0_38]
	at java.lang.reflect.Method.invoke(Method.java:597) ~[na:1.6.0_38]
	at org.spockframework.util.ReflectionUtil.invokeMethod(ReflectionUtil.java:138) [spock-core-0.7-groovy-2.0.jar:na]
	at org.spockframework.runtime.BaseSpecRunner.invokeRaw(BaseSpecRunner.java:330) [spock-core-0.7-groovy-2.0.jar:na]
	at org.spockframework.runtime.BaseSpecRunner.invoke(BaseSpecRunner.java:311) [spock-core-0.7-groovy-2.0.jar:na]
	at org.spockframework.runtime.BaseSpecRunner.runFeature(BaseSpecRunner.java:175) [spock-core-0.7-groovy-2.0.jar:na]
	at org.spockframework.runtime.BaseSpecRunner.runFeatures(BaseSpecRunner.java:152) [spock-core-0.7-groovy-2.0.jar:na]
	at org.spockframework.runtime.BaseSpecRunner.doRunSpec(BaseSpecRunner.java:112) [spock-core-0.7-groovy-2.0.jar:na]
	at sun.reflect.NativeMethodAccessorImpl.invoke0(Native Method) ~[na:1.6.0_38]
	at sun.reflect.NativeMethodAccessorImpl.invoke(NativeMethodAccessorImpl.java:39) ~[na:1.6.0_38]
	at sun.reflect.DelegatingMethodAccessorImpl.invoke(DelegatingMethodAccessorImpl.java:25) ~[na:1.6.0_38]
	at java.lang.reflect.Method.invoke(Method.java:597) ~[na:1.6.0_38]
	at org.spockframework.util.ReflectionUtil.invokeMethod(ReflectionUtil.java:138) [spock-core-0.7-groovy-2.0.jar:na]
	at org.spockframework.runtime.BaseSpecRunner.invokeRaw(BaseSpecRunner.java:330) [spock-core-0.7-groovy-2.0.jar:na]
	at org.spockframework.runtime.BaseSpecRunner.invoke(BaseSpecRunner.java:311) [spock-core-0.7-groovy-2.0.jar:na]
	at org.spockframework.runtime.BaseSpecRunner.runSpec(BaseSpecRunner.java:91) [spock-core-0.7-groovy-2.0.jar:na]
	at org.spockframework.runtime.BaseSpecRunner.run(BaseSpecRunner.java:82) [spock-core-0.7-groovy-2.0.jar:na]
	at org.spockframework.runtime.Sputnik.run(Sputnik.java:63) [spock-core-0.7-groovy-2.0.jar:na]
	at org.apache.maven.surefire.junit4.JUnit4TestSet.execute(JUnit4TestSet.java:53) [surefire-junit4-2.10.jar:2.10]
	at org.apache.maven.surefire.junit4.JUnit4Provider.executeTestSet(JUnit4Provider.java:123) [surefire-junit4-2.10.jar:2.10]
	at org.apache.maven.surefire.junit4.JUnit4Provider.invoke(JUnit4Provider.java:104) [surefire-junit4-2.10.jar:2.10]
	at sun.reflect.NativeMethodAccessorImpl.invoke0(Native Method) ~[na:1.6.0_38]
	at sun.reflect.NativeMethodAccessorImpl.invoke(NativeMethodAccessorImpl.java:39) ~[na:1.6.0_38]
	at sun.reflect.DelegatingMethodAccessorImpl.invoke(DelegatingMethodAccessorImpl.java:25) ~[na:1.6.0_38]
	at java.lang.reflect.Method.invoke(Method.java:597) ~[na:1.6.0_38]
	at org.apache.maven.surefire.util.ReflectionUtils.invokeMethodWithArray(ReflectionUtils.java:164) [surefire-api-2.10.jar:2.10]
	at org.apache.maven.surefire.booter.ProviderFactory$ProviderProxy.invoke(ProviderFactory.java:110) [surefire-booter-2.10.jar:2.10]
	at org.apache.maven.surefire.booter.SurefireStarter.invokeProvider(SurefireStarter.java:175) [surefire-booter-2.10.jar:2.10]
	at org.apache.maven.surefire.booter.SurefireStarter.runSuitesInProcessWhenForked(SurefireStarter.java:107) [surefire-booter-2.10.jar:2.10]
	at org.apache.maven.surefire.booter.ForkedBooter.main(ForkedBooter.java:68) [surefire-booter-2.10.jar:2.10]
Caused by: org.springframework.beans.factory.BeanCreationException: Error creating bean with name &apos;adminResource&apos;: Injection of autowired dependencies failed; nested exception is org.springframework.beans.factory.BeanCreationException: Could not autowire field: private com.rackspace.search.service.core.CoreTicketOngoingSyncJob com.rackspace.search.endpoint.AdminResource.coreTicketOngoingSyncJob; nested exception is org.springframework.beans.factory.BeanCreationException: Error creating bean with name &apos;coreTicketOngoingSyncJob&apos;: Invocation of init method failed; nested exception is org.elasticsearch.indices.IndexMissingException: [admin] missing
	at org.springframework.beans.factory.annotation.AutowiredAnnotationBeanPostProcessor.postProcessPropertyValues(AutowiredAnnotationBeanPostProcessor.java:288) ~[spring-beans-3.0.6.RELEASE.jar:3.0.6.RELEASE]
	at org.springframework.beans.factory.support.AbstractAutowireCapableBeanFactory.populateBean(AbstractAutowireCapableBeanFactory.java:1074) ~[spring-beans-3.0.6.RELEASE.jar:3.0.6.RELEASE]
	at org.springframework.beans.factory.support.AbstractAutowireCapableBeanFactory.doCreateBean(AbstractAutowireCapableBeanFactory.java:517) ~[spring-beans-3.0.6.RELEASE.jar:3.0.6.RELEASE]
	at org.springframework.beans.factory.support.AbstractAutowireCapableBeanFactory.createBean(AbstractAutowireCapableBeanFactory.java:456) ~[spring-beans-3.0.6.RELEASE.jar:3.0.6.RELEASE]
	at org.springframework.beans.factory.support.AbstractBeanFactory$1.getObject(AbstractBeanFactory.java:293) ~[spring-beans-3.0.6.RELEASE.jar:3.0.6.RELEASE]
	at org.springframework.beans.factory.support.DefaultSingletonBeanRegistry.getSingleton(DefaultSingletonBeanRegistry.java:222) ~[spring-beans-3.0.6.RELEASE.jar:3.0.6.RELEASE]
	at org.springframework.beans.factory.support.AbstractBeanFactory.doGetBean(AbstractBeanFactory.java:290) ~[spring-beans-3.0.6.RELEASE.jar:3.0.6.RELEASE]
	at org.springframework.beans.factory.support.AbstractBeanFactory.getBean(AbstractBeanFactory.java:192) ~[spring-beans-3.0.6.RELEASE.jar:3.0.6.RELEASE]
	at org.springframework.beans.factory.support.DefaultListableBeanFactory.preInstantiateSingletons(DefaultListableBeanFactory.java:585) ~[spring-beans-3.0.6.RELEASE.jar:3.0.6.RELEASE]
	at org.springframework.context.support.AbstractApplicationContext.finishBeanFactoryInitialization(AbstractApplicationContext.java:895) ~[spring-context-3.0.6.RELEASE.jar:3.0.6.RELEASE]
	at org.springframework.context.support.AbstractApplicationContext.refresh(AbstractApplicationContext.java:425) ~[spring-context-3.0.6.RELEASE.jar:3.0.6.RELEASE]
	at org.springframework.test.context.support.AbstractGenericContextLoader.loadContext(AbstractGenericContextLoader.java:84) ~[spring-test-3.0.6.RELEASE.jar:3.0.6.RELEASE]
	at org.springframework.test.context.support.AbstractGenericContextLoader.loadContext(AbstractGenericContextLoader.java:1) ~[spring-test-3.0.6.RELEASE.jar:3.0.6.RELEASE]
	at org.springframework.test.context.TestContext.loadApplicationContext(TestContext.java:280) ~[spring-test-3.0.6.RELEASE.jar:3.0.6.RELEASE]
	at org.springframework.test.context.TestContext.getApplicationContext(TestContext.java:304) ~[spring-test-3.0.6.RELEASE.jar:3.0.6.RELEASE]
	... 51 common frames omitted
Caused by: org.springframework.beans.factory.BeanCreationException: Could not autowire field: private com.rackspace.search.service.core.CoreTicketOngoingSyncJob com.rackspace.search.endpoint.AdminResource.coreTicketOngoingSyncJob; nested exception is org.springframework.beans.factory.BeanCreationException: Error creating bean with name &apos;coreTicketOngoingSyncJob&apos;: Invocation of init method failed; nested exception is org.elasticsearch.indices.IndexMissingException: [admin] missing
	at org.springframework.beans.factory.annotation.AutowiredAnnotationBeanPostProcessor$AutowiredFieldElement.inject(AutowiredAnnotationBeanPostProcessor.java:508) ~[spring-beans-3.0.6.RELEASE.jar:3.0.6.RELEASE]
	at org.springframework.beans.factory.annotation.InjectionMetadata.inject(InjectionMetadata.java:84) ~[spring-beans-3.0.6.RELEASE.jar:3.0.6.RELEASE]
	at org.springframework.beans.factory.annotation.AutowiredAnnotationBeanPostProcessor.postProcessPropertyValues(AutowiredAnnotationBeanPostProcessor.java:285) ~[spring-beans-3.0.6.RELEASE.jar:3.0.6.RELEASE]
	... 65 common frames omitted
Caused by: org.springframework.beans.factory.BeanCreationException: Error creating bean with name &apos;coreTicketOngoingSyncJob&apos;: Invocation of init method failed; nested exception is org.elasticsearch.indices.IndexMissingException: [admin] missing
	at org.springframework.beans.factory.annotation.InitDestroyAnnotationBeanPostProcessor.postProcessBeforeInitialization(InitDestroyAnnotationBeanPostProcessor.java:133) ~[spring-beans-3.0.6.RELEASE.jar:3.0.6.RELEASE]
	at org.springframework.beans.factory.support.AbstractAutowireCapableBeanFactory.applyBeanPostProcessorsBeforeInitialization(AbstractAutowireCapableBeanFactory.java:394) ~[spring-beans-3.0.6.RELEASE.jar:3.0.6.RELEASE]
	at org.springframework.beans.factory.support.AbstractAutowireCapableBeanFactory.initializeBean(AbstractAutowireCapableBeanFactory.java:1413) ~[spring-beans-3.0.6.RELEASE.jar:3.0.6.RELEASE]
	at org.springframework.beans.factory.support.AbstractAutowireCapableBeanFactory.doCreateBean(AbstractAutowireCapableBeanFactory.java:519) ~[spring-beans-3.0.6.RELEASE.jar:3.0.6.RELEASE]
	at org.springframework.beans.factory.support.AbstractAutowireCapableBeanFactory.createBean(AbstractAutowireCapableBeanFactory.java:456) ~[spring-beans-3.0.6.RELEASE.jar:3.0.6.RELEASE]
	at org.springframework.beans.factory.support.AbstractBeanFactory$1.getObject(AbstractBeanFactory.java:293) ~[spring-beans-3.0.6.RELEASE.jar:3.0.6.RELEASE]
	at org.springframework.beans.factory.support.DefaultSingletonBeanRegistry.getSingleton(DefaultSingletonBeanRegistry.java:222) ~[spring-beans-3.0.6.RELEASE.jar:3.0.6.RELEASE]
	at org.springframework.beans.factory.support.AbstractBeanFactory.doGetBean(AbstractBeanFactory.java:290) ~[spring-beans-3.0.6.RELEASE.jar:3.0.6.RELEASE]
	at org.springframework.beans.factory.support.AbstractBeanFactory.getBean(AbstractBeanFactory.java:192) ~[spring-beans-3.0.6.RELEASE.jar:3.0.6.RELEASE]
	at org.springframework.beans.factory.support.DefaultListableBeanFactory.findAutowireCandidates(DefaultListableBeanFactory.java:848) ~[spring-beans-3.0.6.RELEASE.jar:3.0.6.RELEASE]
	at org.springframework.beans.factory.support.DefaultListableBeanFactory.doResolveDependency(DefaultListableBeanFactory.java:790) ~[spring-beans-3.0.6.RELEASE.jar:3.0.6.RELEASE]
	at org.springframework.beans.factory.support.DefaultListableBeanFactory.resolveDependency(DefaultListableBeanFactory.java:707) ~[spring-beans-3.0.6.RELEASE.jar:3.0.6.RELEASE]
	at org.springframework.beans.factory.annotation.AutowiredAnnotationBeanPostProcessor$AutowiredFieldElement.inject(AutowiredAnnotationBeanPostProcessor.java:480) ~[spring-beans-3.0.6.RELEASE.jar:3.0.6.RELEASE]
	... 67 common frames omitted
Caused by: org.elasticsearch.indices.IndexMissingException: [admin] missing
	at org.elasticsearch.cluster.metadata.MetaData.concreteIndex(MetaData.java:211) ~[elasticsearch-0.16.2.jar:na]
	at org.elasticsearch.action.support.single.shard.TransportShardSingleOperationAction$AsyncSingleAction.&lt;init&gt;(TransportShardSingleOperationAction.java:107) ~[elasticsearch-0.16.2.jar:na]
	at org.elasticsearch.action.support.single.shard.TransportShardSingleOperationAction$AsyncSingleAction.&lt;init&gt;(TransportShardSingleOperationAction.java:88) ~[elasticsearch-0.16.2.jar:na]
	at org.elasticsearch.action.support.single.shard.TransportShardSingleOperationAction.doExecute(TransportShardSingleOperationAction.java:69) ~[elasticsearch-0.16.2.jar:na]
	at org.elasticsearch.action.support.single.shard.TransportShardSingleOperationAction.doExecute(TransportShardSingleOperationAction.java:45) ~[elasticsearch-0.16.2.jar:na]
	at org.elasticsearch.action.support.BaseAction.execute(BaseAction.java:61) ~[elasticsearch-0.16.2.jar:na]
	at org.elasticsearch.client.node.NodeClient.get(NodeClient.java:152) ~[elasticsearch-0.16.2.jar:na]
	at org.elasticsearch.client.action.get.GetRequestBuilder.doExecute(GetRequestBuilder.java:119) ~[elasticsearch-0.16.2.jar:na]
	at org.elasticsearch.client.action.support.BaseRequestBuilder.execute(BaseRequestBuilder.java:56) ~[elasticsearch-0.16.2.jar:na]
	at org.elasticsearch.client.action.support.BaseRequestBuilder.execute(BaseRequestBuilder.java:51) ~[elasticsearch-0.16.2.jar:na]
	at org.elasticsearch.client.action.RequestBuilder$execute.call(Unknown Source) ~[na:na]
	at com.rackspace.search.elasticsearch.client.ElasticSearchClient.getDocument(ElasticSearchClient.groovy:202) ~[classes/:na]
	at com.rackspace.search.elasticsearch.client.ElasticSearchClient$getDocument.call(Unknown Source) ~[na:na]
	at com.rackspace.search.service.JobService.getJob(JobService.groovy:38) ~[classes/:na]
	at com.rackspace.search.service.JobService$getJob.call(Unknown Source) ~[na:na]
	at com.rackspace.search.service.core.CoreTicketOngoingSyncJob.setupActivities(CoreTicketOnGoingSyncJob.groovy:54) ~[classes/:na]
	at sun.reflect.NativeMethodAccessorImpl.invoke0(Native Method) ~[na:1.6.0_38]
	at sun.reflect.NativeMethodAccessorImpl.invoke(NativeMethodAccessorImpl.java:39) ~[na:1.6.0_38]
	at sun.reflect.DelegatingMethodAccessorImpl.invoke(DelegatingMethodAccessorImpl.java:25) ~[na:1.6.0_38]
	at java.lang.reflect.Method.invoke(Method.java:597) ~[na:1.6.0_38]
	at org.springframework.beans.factory.annotation.InitDestroyAnnotationBeanPostProcessor$LifecycleElement.invoke(InitDestroyAnnotationBeanPostProcessor.java:340) ~[spring-beans-3.0.6.RELEASE.jar:3.0.6.RELEASE]
	at org.springframework.beans.factory.annotation.InitDestroyAnnotationBeanPostProcessor$LifecycleMetadata.invokeInitMethods(InitDestroyAnnotationBeanPostProcessor.java:293) ~[spring-beans-3.0.6.RELEASE.jar:3.0.6.RELEASE]
	at org.springframework.beans.factory.annotation.InitDestroyAnnotationBeanPostProcessor.postProcessBeforeInitialization(InitDestroyAnnotationBeanPostProcessor.java:130) ~[spring-beans-3.0.6.RELEASE.jar:3.0.6.RELEASE]
	... 79 common frames omitted
</stdout>
          <failedSince>1</failedSince>
        </case>
        <case>
          <duration>0.566</duration>
          <className>com.rackspace.search.elasticsearch.client.ElasticSearchClientTest</className>
          <testName>test sort tickets for priority field without sorting order</testName>
          <skipped>false</skipped>
          <errorStackTrace>java.lang.NullPointerException: Cannot invoke method getClient() on null object
	at com.rackspace.search.elasticsearch.client.ElasticSearchClientTest.cleanup(ElasticSearchClientTest.groovy:84)
</errorStackTrace>
          <errorDetails>Cannot invoke method getClient() on null object</errorDetails>
          <failedSince>1</failedSince>
        </case>
      </cases>
    </suite>
    <suite>
      <file>/var/lib/jenkins/jobs/Samatha Fork/workspace/service/target/surefire-reports/TEST-com.rackspace.search.gateway.core.CoreAuthGatewayTest.xml</file>
      <name>com.rackspace.search.gateway.core.CoreAuthGatewayTest</name>
      <duration>0.0010</duration>
      <cases>
        <case>
          <duration>0.0010</duration>
          <className>com.rackspace.search.gateway.core.CoreAuthGatewayTest</className>
          <testName>should get authtoken</testName>
          <skipped>false</skipped>
          <failedSince>0</failedSince>
        </case>
        <case>
          <duration>0.0</duration>
          <className>com.rackspace.search.gateway.core.CoreAuthGatewayTest</className>
          <testName>should not call core when authtoken is valid</testName>
          <skipped>false</skipped>
          <failedSince>0</failedSince>
        </case>
      </cases>
    </suite>
    <suite>
      <file>/var/lib/jenkins/jobs/Samatha Fork/workspace/service/target/surefire-reports/TEST-com.rackspace.search.gateway.core.CoreTicketGatewayTest.xml</file>
      <name>com.rackspace.search.gateway.core.CoreTicketGatewayTest</name>
      <duration>0.301</duration>
      <cases>
        <case>
          <duration>0.144</duration>
          <className>com.rackspace.search.gateway.core.CoreTicketGatewayTest</className>
          <testName>should get tickets</testName>
          <skipped>false</skipped>
          <failedSince>0</failedSince>
        </case>
        <case>
          <duration>0.103</duration>
          <className>com.rackspace.search.gateway.core.CoreTicketGatewayTest</className>
          <testName>should get tickets -- session key expired</testName>
          <skipped>false</skipped>
          <failedSince>0</failedSince>
        </case>
        <case>
          <duration>0.029</duration>
          <className>com.rackspace.search.gateway.core.CoreTicketGatewayTest</className>
          <testName>get core tickets -- should throw exception</testName>
          <skipped>false</skipped>
          <failedSince>0</failedSince>
        </case>
        <case>
          <duration>0.012</duration>
          <className>com.rackspace.search.gateway.core.CoreTicketGatewayTest</className>
          <testName>test for pagination and max tickets parameter</testName>
          <skipped>false</skipped>
          <failedSince>0</failedSince>
        </case>
        <case>
          <duration>0.0060</duration>
          <className>com.rackspace.search.gateway.core.CoreTicketGatewayTest</className>
          <testName>get Core Tickets for CoreTicketOnGoingSync</testName>
          <skipped>false</skipped>
          <failedSince>0</failedSince>
        </case>
        <case>
          <duration>0.0070</duration>
          <className>com.rackspace.search.gateway.core.CoreTicketGatewayTest</className>
          <testName>get core tickets for OnGoingSync -- should throw exception</testName>
          <skipped>false</skipped>
          <failedSince>0</failedSince>
        </case>
      </cases>
    </suite>
    <suite>
      <file>/var/lib/jenkins/jobs/Samatha Fork/workspace/service/target/surefire-reports/TEST-com.rackspace.search.service.JobServiceTest.xml</file>
      <name>com.rackspace.search.service.JobServiceTest</name>
      <duration>17.536999</duration>
      <cases>
        <case>
          <duration>6.042</duration>
          <className>com.rackspace.search.service.JobServiceTest</className>
          <testName>should get scheduled job details</testName>
          <skipped>false</skipped>
          <errorStackTrace>java.lang.IllegalStateException: Failed to load ApplicationContext
	at org.springframework.test.context.TestContext.getApplicationContext(TestContext.java:308)
	at org.springframework.test.context.support.DependencyInjectionTestExecutionListener.injectDependencies(DependencyInjectionTestExecutionListener.java:109)
	at org.springframework.test.context.support.DependencyInjectionTestExecutionListener.prepareTestInstance(DependencyInjectionTestExecutionListener.java:75)
	at org.springframework.test.context.TestContextManager.prepareTestInstance(TestContextManager.java:321)
	at org.spockframework.spring.SpringTestContextManager.prepareTestInstance(SpringTestContextManager.java:49)
	at org.spockframework.spring.SpringInterceptor.interceptSetupMethod(SpringInterceptor.java:42)
	at org.spockframework.runtime.extension.AbstractMethodInterceptor.intercept(AbstractMethodInterceptor.java:28)
	at org.spockframework.runtime.extension.MethodInvocation.proceed(MethodInvocation.java:84)
	at org.spockframework.util.ReflectionUtil.invokeMethod(ReflectionUtil.java:138)
	at org.spockframework.util.ReflectionUtil.invokeMethod(ReflectionUtil.java:138)
	at org.spockframework.util.ReflectionUtil.invokeMethod(ReflectionUtil.java:138)
	at org.apache.maven.surefire.junit4.JUnit4TestSet.execute(JUnit4TestSet.java:53)
	at org.apache.maven.surefire.junit4.JUnit4Provider.executeTestSet(JUnit4Provider.java:123)
	at org.apache.maven.surefire.junit4.JUnit4Provider.invoke(JUnit4Provider.java:104)
	at org.apache.maven.surefire.util.ReflectionUtils.invokeMethodWithArray(ReflectionUtils.java:164)
	at org.apache.maven.surefire.booter.ProviderFactory$ProviderProxy.invoke(ProviderFactory.java:110)
	at org.apache.maven.surefire.booter.SurefireStarter.invokeProvider(SurefireStarter.java:175)
	at org.apache.maven.surefire.booter.SurefireStarter.runSuitesInProcessWhenForked(SurefireStarter.java:107)
	at org.apache.maven.surefire.booter.ForkedBooter.main(ForkedBooter.java:68)
Caused by: org.springframework.beans.factory.BeanCreationException: Error creating bean with name &apos;adminResource&apos;: Injection of autowired dependencies failed; nested exception is org.springframework.beans.factory.BeanCreationException: Could not autowire field: private com.rackspace.search.service.core.CoreTicketOngoingSyncJob com.rackspace.search.endpoint.AdminResource.coreTicketOngoingSyncJob; nested exception is org.springframework.beans.factory.BeanCreationException: Error creating bean with name &apos;coreTicketOngoingSyncJob&apos;: Invocation of init method failed; nested exception is org.elasticsearch.indices.IndexMissingException: [admin] missing
	at org.springframework.beans.factory.annotation.AutowiredAnnotationBeanPostProcessor.postProcessPropertyValues(AutowiredAnnotationBeanPostProcessor.java:288)
	at org.springframework.beans.factory.support.AbstractAutowireCapableBeanFactory.populateBean(AbstractAutowireCapableBeanFactory.java:1074)
	at org.springframework.beans.factory.support.AbstractAutowireCapableBeanFactory.doCreateBean(AbstractAutowireCapableBeanFactory.java:517)
	at org.springframework.beans.factory.support.AbstractAutowireCapableBeanFactory.createBean(AbstractAutowireCapableBeanFactory.java:456)
	at org.springframework.beans.factory.support.AbstractBeanFactory$1.getObject(AbstractBeanFactory.java:293)
	at org.springframework.beans.factory.support.DefaultSingletonBeanRegistry.getSingleton(DefaultSingletonBeanRegistry.java:222)
	at org.springframework.beans.factory.support.AbstractBeanFactory.doGetBean(AbstractBeanFactory.java:290)
	at org.springframework.beans.factory.support.AbstractBeanFactory.getBean(AbstractBeanFactory.java:192)
	at org.springframework.beans.factory.support.DefaultListableBeanFactory.preInstantiateSingletons(DefaultListableBeanFactory.java:585)
	at org.springframework.context.support.AbstractApplicationContext.finishBeanFactoryInitialization(AbstractApplicationContext.java:895)
	at org.springframework.context.support.AbstractApplicationContext.refresh(AbstractApplicationContext.java:425)
	at org.springframework.test.context.support.AbstractGenericContextLoader.loadContext(AbstractGenericContextLoader.java:84)
	at org.springframework.test.context.support.AbstractGenericContextLoader.loadContext(AbstractGenericContextLoader.java:1)
	at org.springframework.test.context.TestContext.loadApplicationContext(TestContext.java:280)
	at org.springframework.test.context.TestContext.getApplicationContext(TestContext.java:304)
	... 18 more
Caused by: org.springframework.beans.factory.BeanCreationException: Could not autowire field: private com.rackspace.search.service.core.CoreTicketOngoingSyncJob com.rackspace.search.endpoint.AdminResource.coreTicketOngoingSyncJob; nested exception is org.springframework.beans.factory.BeanCreationException: Error creating bean with name &apos;coreTicketOngoingSyncJob&apos;: Invocation of init method failed; nested exception is org.elasticsearch.indices.IndexMissingException: [admin] missing
	at org.springframework.beans.factory.annotation.AutowiredAnnotationBeanPostProcessor$AutowiredFieldElement.inject(AutowiredAnnotationBeanPostProcessor.java:508)
	at org.springframework.beans.factory.annotation.InjectionMetadata.inject(InjectionMetadata.java:84)
	at org.springframework.beans.factory.annotation.AutowiredAnnotationBeanPostProcessor.postProcessPropertyValues(AutowiredAnnotationBeanPostProcessor.java:285)
	... 32 more
Caused by: org.springframework.beans.factory.BeanCreationException: Error creating bean with name &apos;coreTicketOngoingSyncJob&apos;: Invocation of init method failed; nested exception is org.elasticsearch.indices.IndexMissingException: [admin] missing
	at org.springframework.beans.factory.annotation.InitDestroyAnnotationBeanPostProcessor.postProcessBeforeInitialization(InitDestroyAnnotationBeanPostProcessor.java:133)
	at org.springframework.beans.factory.support.AbstractAutowireCapableBeanFactory.applyBeanPostProcessorsBeforeInitialization(AbstractAutowireCapableBeanFactory.java:394)
	at org.springframework.beans.factory.support.AbstractAutowireCapableBeanFactory.initializeBean(AbstractAutowireCapableBeanFactory.java:1413)
	at org.springframework.beans.factory.support.AbstractAutowireCapableBeanFactory.doCreateBean(AbstractAutowireCapableBeanFactory.java:519)
	at org.springframework.beans.factory.support.AbstractAutowireCapableBeanFactory.createBean(AbstractAutowireCapableBeanFactory.java:456)
	at org.springframework.beans.factory.support.AbstractBeanFactory$1.getObject(AbstractBeanFactory.java:293)
	at org.springframework.beans.factory.support.DefaultSingletonBeanRegistry.getSingleton(DefaultSingletonBeanRegistry.java:222)
	at org.springframework.beans.factory.support.AbstractBeanFactory.doGetBean(AbstractBeanFactory.java:290)
	at org.springframework.beans.factory.support.AbstractBeanFactory.getBean(AbstractBeanFactory.java:192)
	at org.springframework.beans.factory.support.DefaultListableBeanFactory.findAutowireCandidates(DefaultListableBeanFactory.java:848)
	at org.springframework.beans.factory.support.DefaultListableBeanFactory.doResolveDependency(DefaultListableBeanFactory.java:790)
	at org.springframework.beans.factory.support.DefaultListableBeanFactory.resolveDependency(DefaultListableBeanFactory.java:707)
	at org.springframework.beans.factory.annotation.AutowiredAnnotationBeanPostProcessor$AutowiredFieldElement.inject(AutowiredAnnotationBeanPostProcessor.java:480)
	... 34 more
Caused by: org.elasticsearch.indices.IndexMissingException: [admin] missing
	at org.elasticsearch.cluster.metadata.MetaData.concreteIndex(MetaData.java:211)
	at org.elasticsearch.action.support.single.shard.TransportShardSingleOperationAction$AsyncSingleAction.&lt;init&gt;(TransportShardSingleOperationAction.java:107)
	at org.elasticsearch.action.support.single.shard.TransportShardSingleOperationAction$AsyncSingleAction.&lt;init&gt;(TransportShardSingleOperationAction.java:88)
	at org.elasticsearch.action.support.single.shard.TransportShardSingleOperationAction.doExecute(TransportShardSingleOperationAction.java:69)
	at org.elasticsearch.action.support.single.shard.TransportShardSingleOperationAction.doExecute(TransportShardSingleOperationAction.java:45)
	at org.elasticsearch.action.support.BaseAction.execute(BaseAction.java:61)
	at org.elasticsearch.client.node.NodeClient.get(NodeClient.java:152)
	at org.elasticsearch.client.action.get.GetRequestBuilder.doExecute(GetRequestBuilder.java:119)
	at org.elasticsearch.client.action.support.BaseRequestBuilder.execute(BaseRequestBuilder.java:56)
	at org.elasticsearch.client.action.support.BaseRequestBuilder.execute(BaseRequestBuilder.java:51)
	at com.rackspace.search.elasticsearch.client.ElasticSearchClient.getDocument(ElasticSearchClient.groovy:202)
	at com.rackspace.search.service.JobService.getJob(JobService.groovy:38)
	at com.rackspace.search.service.core.CoreTicketOngoingSyncJob.setupActivities(CoreTicketOnGoingSyncJob.groovy:54)
	at org.springframework.beans.factory.annotation.InitDestroyAnnotationBeanPostProcessor$LifecycleElement.invoke(InitDestroyAnnotationBeanPostProcessor.java:340)
	at org.springframework.beans.factory.annotation.InitDestroyAnnotationBeanPostProcessor$LifecycleMetadata.invokeInitMethods(InitDestroyAnnotationBeanPostProcessor.java:293)
	at org.springframework.beans.factory.annotation.InitDestroyAnnotationBeanPostProcessor.postProcessBeforeInitialization(InitDestroyAnnotationBeanPostProcessor.java:130)
	... 46 more
</errorStackTrace>
          <errorDetails>Failed to load ApplicationContext</errorDetails>
          <stdout>16:33:08.771 [main] INFO  c.r.s.common.property.PropertyProvider - Loading properties file from file [/var/lib/jenkins/jobs/Samatha Fork/workspace/service/target/properties/local/search.properties]
16:33:08.780 [main] INFO  c.r.s.common.property.PropertyProvider - Loading properties file from file [/var/lib/jenkins/jobs/Samatha Fork/workspace/service/target/properties/local/search.secrets.properties]
16:33:08.780 [main] INFO  c.r.s.common.property.PropertyProvider - Loading properties file from file [/var/lib/jenkins/jobs/Samatha Fork/workspace/service/target/properties/local/elasticsearch.properties]
16:33:08.941 [main] INFO  c.r.s.elasticsearch.ElasticSearchServer - Starting the Elastic Search server node:
16:33:09.095 [main] INFO  org.elasticsearch.node - [ticket.node] {elasticsearch/0.16.2}[16944]: initializing ...
16:33:09.189 [main] INFO  org.elasticsearch.plugins - [ticket.node] loaded []
16:33:12.559 [main] INFO  org.elasticsearch.node - [ticket.node] {elasticsearch/0.16.2}[16944]: initialized
16:33:12.559 [main] INFO  c.r.s.elasticsearch.ElasticSearchServer - Starting the Elastic Search server node with these settings:
16:33:12.564 [main] INFO  c.r.s.elasticsearch.ElasticSearchServer - Elasticsearch Settings :  [core.db.url:jdbc:postgresql://dev.db.core.rackspace.com:5432/core_dev, node.local:true, index.analysis.analyzer.search_standard.filter:[lowercase], elastic.config.path:/var/lib/jenkins/jobs/Samatha Fork/workspace/service/target/properties/local/elasticsearch, path.data:/var/lib/jenkins/jobs/Samatha Fork/workspace/service/target/elasticsearch/data, ticket.core.dateformat:yyyy-MM-dd HH:mm:ss, cluster.name:ticket.cluster, index.analysis.analyzer.search_standard.type:standard, core.db.password:, path.conf:/var/lib/jenkins/jobs/Samatha Fork/workspace/service/target/properties/local/elasticsearch, core.api.password:qwerty, ticket.ongoingsync.delay.seconds:2000, name:ticket.node, http.enabled:true, path.logs:/var/lib/jenkins/jobs/Samatha Fork/workspace/service/target/elasticsearch/logs, index.number_of_replicas:0, ticket.document.idName:number, core.api.endpoint:https://ws.staging.core.rackspace.com/ctkapi, ticket.document.type:ticket, ticket.index.name:ticket, admin.index.name:admin, indices.structure:/indices_structure.json, index.store.fs.memory.enabled:false, index.number_of_shards:5, admin.document.type:syncJob, core.db.username:usq_read, ticket.core.date.timezone:CST, ticket.search.allowedRangeParams:created_at,updated_at,last_public_response_date, ticket.search.allowedTermParams:source_system,number,created_at,updated_at,last_public_response_date,status,queue,category,priority,assignee.name,account.number, core.driver.class:org.postgresql.Driver, core.api.username:rcameron, ticket.elastic.dateformat:yyyy-MM-dd&apos;T&apos;HH:mm:ss.SSSZZ, discovery.zen.ping.multicast.enabled:false, action.auto_create_index:1, path.home:/var/lib/jenkins/jobs/Samatha Fork/workspace/service, path.work:/var/lib/jenkins/jobs/Samatha Fork/workspace/service/work, path.work_with_cluster:/var/lib/jenkins/jobs/Samatha Fork/workspace/service/work/ticket.cluster, path.data_with_cluster:/var/lib/jenkins/jobs/Samatha Fork/workspace/service/target/elasticsearch/data/ticket.cluster]
16:33:12.566 [main] INFO  org.elasticsearch.node - [ticket.node] {elasticsearch/0.16.2}[16944]: starting ...
16:33:12.580 [main] INFO  org.elasticsearch.transport - [ticket.node] bound_address {local[1]}, publish_address {local[1]}
16:33:12.587 [elasticsearch[ticket.node]clusterService#updateTask-pool-11-thread-1] INFO  org.elasticsearch.cluster.service - [ticket.node] new_master [ticket.node][1][local[1]]{local=true}, reason: local-disco-initial_connect(master)
16:33:12.591 [main] INFO  org.elasticsearch.discovery - [ticket.node] ticket.cluster/1
16:33:12.810 [elasticsearch[ticket.node]clusterService#updateTask-pool-11-thread-1] INFO  org.elasticsearch.gateway - [ticket.node] recovered [0] indices into cluster_state
16:33:12.839 [main] INFO  org.elasticsearch.http - [ticket.node] bound_address {inet[/0:0:0:0:0:0:0:0:9200]}, publish_address {inet[/10.14.208.252:9200]}
16:33:12.840 [main] INFO  org.elasticsearch.node - [ticket.node] {elasticsearch/0.16.2}[16944]: started
16:33:12.840 [main] INFO  c.r.s.elasticsearch.ElasticSearchServer - Elastic Search server is started.
16:33:12.887 [main] INFO  c.r.s.elasticsearch.ElasticSearchServer - ES cluster status is GREEN
16:33:13.508 [main] INFO  org.elasticsearch.node - [ticket.node] {elasticsearch/0.16.2}[16944]: stopping ...
16:33:13.516 [main] INFO  org.elasticsearch.node - [ticket.node] {elasticsearch/0.16.2}[16944]: stopped
16:33:13.516 [main] INFO  org.elasticsearch.node - [ticket.node] {elasticsearch/0.16.2}[16944]: closing ...
16:33:13.528 [main] INFO  org.elasticsearch.node - [ticket.node] {elasticsearch/0.16.2}[16944]: closed
16:33:13.540 [main] ERROR o.s.test.context.TestContextManager - Caught exception while allowing TestExecutionListener [org.springframework.test.context.support.DependencyInjectionTestExecutionListener@3236d036] to prepare test instance [com.rackspace.search.service.JobServiceTest@2c9fa2fb]
java.lang.IllegalStateException: Failed to load ApplicationContext
	at org.springframework.test.context.TestContext.getApplicationContext(TestContext.java:308) ~[spring-test-3.0.6.RELEASE.jar:3.0.6.RELEASE]
	at org.springframework.test.context.support.DependencyInjectionTestExecutionListener.injectDependencies(DependencyInjectionTestExecutionListener.java:109) ~[spring-test-3.0.6.RELEASE.jar:3.0.6.RELEASE]
	at org.springframework.test.context.support.DependencyInjectionTestExecutionListener.prepareTestInstance(DependencyInjectionTestExecutionListener.java:75) ~[spring-test-3.0.6.RELEASE.jar:3.0.6.RELEASE]
	at org.springframework.test.context.TestContextManager.prepareTestInstance(TestContextManager.java:321) ~[spring-test-3.0.6.RELEASE.jar:3.0.6.RELEASE]
	at org.spockframework.spring.SpringTestContextManager.prepareTestInstance(SpringTestContextManager.java:49) [spock-spring-0.7-groovy-2.0.jar:na]
	at org.spockframework.spring.SpringInterceptor.interceptSetupMethod(SpringInterceptor.java:42) [spock-spring-0.7-groovy-2.0.jar:na]
	at org.spockframework.runtime.extension.AbstractMethodInterceptor.intercept(AbstractMethodInterceptor.java:28) [spock-core-0.7-groovy-2.0.jar:na]
	at org.spockframework.runtime.extension.MethodInvocation.proceed(MethodInvocation.java:84) [spock-core-0.7-groovy-2.0.jar:na]
	at org.spockframework.runtime.BaseSpecRunner.invoke(BaseSpecRunner.java:319) [spock-core-0.7-groovy-2.0.jar:na]
	at org.spockframework.runtime.BaseSpecRunner.invokeSetup(BaseSpecRunner.java:279) [spock-core-0.7-groovy-2.0.jar:na]
	at org.spockframework.runtime.BaseSpecRunner.doRunIteration(BaseSpecRunner.java:255) [spock-core-0.7-groovy-2.0.jar:na]
	at sun.reflect.NativeMethodAccessorImpl.invoke0(Native Method) ~[na:1.6.0_38]
	at sun.reflect.NativeMethodAccessorImpl.invoke(NativeMethodAccessorImpl.java:39) ~[na:1.6.0_38]
	at sun.reflect.DelegatingMethodAccessorImpl.invoke(DelegatingMethodAccessorImpl.java:25) ~[na:1.6.0_38]
	at java.lang.reflect.Method.invoke(Method.java:597) ~[na:1.6.0_38]
	at org.spockframework.util.ReflectionUtil.invokeMethod(ReflectionUtil.java:138) [spock-core-0.7-groovy-2.0.jar:na]
	at org.spockframework.runtime.BaseSpecRunner.invokeRaw(BaseSpecRunner.java:330) [spock-core-0.7-groovy-2.0.jar:na]
	at org.spockframework.runtime.BaseSpecRunner.invoke(BaseSpecRunner.java:311) [spock-core-0.7-groovy-2.0.jar:na]
	at org.spockframework.runtime.BaseSpecRunner.runIteration(BaseSpecRunner.java:223) [spock-core-0.7-groovy-2.0.jar:na]
	at org.spockframework.runtime.BaseSpecRunner.initializeAndRunIteration(BaseSpecRunner.java:214) [spock-core-0.7-groovy-2.0.jar:na]
	at org.spockframework.runtime.BaseSpecRunner.runSimpleFeature(BaseSpecRunner.java:205) [spock-core-0.7-groovy-2.0.jar:na]
	at org.spockframework.runtime.BaseSpecRunner.doRunFeature(BaseSpecRunner.java:199) [spock-core-0.7-groovy-2.0.jar:na]
	at sun.reflect.NativeMethodAccessorImpl.invoke0(Native Method) ~[na:1.6.0_38]
	at sun.reflect.NativeMethodAccessorImpl.invoke(NativeMethodAccessorImpl.java:39) ~[na:1.6.0_38]
	at sun.reflect.DelegatingMethodAccessorImpl.invoke(DelegatingMethodAccessorImpl.java:25) ~[na:1.6.0_38]
	at java.lang.reflect.Method.invoke(Method.java:597) ~[na:1.6.0_38]
	at org.spockframework.util.ReflectionUtil.invokeMethod(ReflectionUtil.java:138) [spock-core-0.7-groovy-2.0.jar:na]
	at org.spockframework.runtime.BaseSpecRunner.invokeRaw(BaseSpecRunner.java:330) [spock-core-0.7-groovy-2.0.jar:na]
	at org.spockframework.runtime.BaseSpecRunner.invoke(BaseSpecRunner.java:311) [spock-core-0.7-groovy-2.0.jar:na]
	at org.spockframework.runtime.BaseSpecRunner.runFeature(BaseSpecRunner.java:175) [spock-core-0.7-groovy-2.0.jar:na]
	at org.spockframework.runtime.BaseSpecRunner.runFeatures(BaseSpecRunner.java:152) [spock-core-0.7-groovy-2.0.jar:na]
	at org.spockframework.runtime.BaseSpecRunner.doRunSpec(BaseSpecRunner.java:112) [spock-core-0.7-groovy-2.0.jar:na]
	at sun.reflect.NativeMethodAccessorImpl.invoke0(Native Method) ~[na:1.6.0_38]
	at sun.reflect.NativeMethodAccessorImpl.invoke(NativeMethodAccessorImpl.java:39) ~[na:1.6.0_38]
	at sun.reflect.DelegatingMethodAccessorImpl.invoke(DelegatingMethodAccessorImpl.java:25) ~[na:1.6.0_38]
	at java.lang.reflect.Method.invoke(Method.java:597) ~[na:1.6.0_38]
	at org.spockframework.util.ReflectionUtil.invokeMethod(ReflectionUtil.java:138) [spock-core-0.7-groovy-2.0.jar:na]
	at org.spockframework.runtime.BaseSpecRunner.invokeRaw(BaseSpecRunner.java:330) [spock-core-0.7-groovy-2.0.jar:na]
	at org.spockframework.runtime.BaseSpecRunner.invoke(BaseSpecRunner.java:311) [spock-core-0.7-groovy-2.0.jar:na]
	at org.spockframework.runtime.BaseSpecRunner.runSpec(BaseSpecRunner.java:91) [spock-core-0.7-groovy-2.0.jar:na]
	at org.spockframework.runtime.BaseSpecRunner.run(BaseSpecRunner.java:82) [spock-core-0.7-groovy-2.0.jar:na]
	at org.spockframework.runtime.Sputnik.run(Sputnik.java:63) [spock-core-0.7-groovy-2.0.jar:na]
	at org.apache.maven.surefire.junit4.JUnit4TestSet.execute(JUnit4TestSet.java:53) [surefire-junit4-2.10.jar:2.10]
	at org.apache.maven.surefire.junit4.JUnit4Provider.executeTestSet(JUnit4Provider.java:123) [surefire-junit4-2.10.jar:2.10]
	at org.apache.maven.surefire.junit4.JUnit4Provider.invoke(JUnit4Provider.java:104) [surefire-junit4-2.10.jar:2.10]
	at sun.reflect.NativeMethodAccessorImpl.invoke0(Native Method) ~[na:1.6.0_38]
	at sun.reflect.NativeMethodAccessorImpl.invoke(NativeMethodAccessorImpl.java:39) ~[na:1.6.0_38]
	at sun.reflect.DelegatingMethodAccessorImpl.invoke(DelegatingMethodAccessorImpl.java:25) ~[na:1.6.0_38]
	at java.lang.reflect.Method.invoke(Method.java:597) ~[na:1.6.0_38]
	at org.apache.maven.surefire.util.ReflectionUtils.invokeMethodWithArray(ReflectionUtils.java:164) [surefire-api-2.10.jar:2.10]
	at org.apache.maven.surefire.booter.ProviderFactory$ProviderProxy.invoke(ProviderFactory.java:110) [surefire-booter-2.10.jar:2.10]
	at org.apache.maven.surefire.booter.SurefireStarter.invokeProvider(SurefireStarter.java:175) [surefire-booter-2.10.jar:2.10]
	at org.apache.maven.surefire.booter.SurefireStarter.runSuitesInProcessWhenForked(SurefireStarter.java:107) [surefire-booter-2.10.jar:2.10]
	at org.apache.maven.surefire.booter.ForkedBooter.main(ForkedBooter.java:68) [surefire-booter-2.10.jar:2.10]
Caused by: org.springframework.beans.factory.BeanCreationException: Error creating bean with name &apos;adminResource&apos;: Injection of autowired dependencies failed; nested exception is org.springframework.beans.factory.BeanCreationException: Could not autowire field: private com.rackspace.search.service.core.CoreTicketOngoingSyncJob com.rackspace.search.endpoint.AdminResource.coreTicketOngoingSyncJob; nested exception is org.springframework.beans.factory.BeanCreationException: Error creating bean with name &apos;coreTicketOngoingSyncJob&apos;: Invocation of init method failed; nested exception is org.elasticsearch.indices.IndexMissingException: [admin] missing
	at org.springframework.beans.factory.annotation.AutowiredAnnotationBeanPostProcessor.postProcessPropertyValues(AutowiredAnnotationBeanPostProcessor.java:288) ~[spring-beans-3.0.6.RELEASE.jar:3.0.6.RELEASE]
	at org.springframework.beans.factory.support.AbstractAutowireCapableBeanFactory.populateBean(AbstractAutowireCapableBeanFactory.java:1074) ~[spring-beans-3.0.6.RELEASE.jar:3.0.6.RELEASE]
	at org.springframework.beans.factory.support.AbstractAutowireCapableBeanFactory.doCreateBean(AbstractAutowireCapableBeanFactory.java:517) ~[spring-beans-3.0.6.RELEASE.jar:3.0.6.RELEASE]
	at org.springframework.beans.factory.support.AbstractAutowireCapableBeanFactory.createBean(AbstractAutowireCapableBeanFactory.java:456) ~[spring-beans-3.0.6.RELEASE.jar:3.0.6.RELEASE]
	at org.springframework.beans.factory.support.AbstractBeanFactory$1.getObject(AbstractBeanFactory.java:293) ~[spring-beans-3.0.6.RELEASE.jar:3.0.6.RELEASE]
	at org.springframework.beans.factory.support.DefaultSingletonBeanRegistry.getSingleton(DefaultSingletonBeanRegistry.java:222) ~[spring-beans-3.0.6.RELEASE.jar:3.0.6.RELEASE]
	at org.springframework.beans.factory.support.AbstractBeanFactory.doGetBean(AbstractBeanFactory.java:290) ~[spring-beans-3.0.6.RELEASE.jar:3.0.6.RELEASE]
	at org.springframework.beans.factory.support.AbstractBeanFactory.getBean(AbstractBeanFactory.java:192) ~[spring-beans-3.0.6.RELEASE.jar:3.0.6.RELEASE]
	at org.springframework.beans.factory.support.DefaultListableBeanFactory.preInstantiateSingletons(DefaultListableBeanFactory.java:585) ~[spring-beans-3.0.6.RELEASE.jar:3.0.6.RELEASE]
	at org.springframework.context.support.AbstractApplicationContext.finishBeanFactoryInitialization(AbstractApplicationContext.java:895) ~[spring-context-3.0.6.RELEASE.jar:3.0.6.RELEASE]
	at org.springframework.context.support.AbstractApplicationContext.refresh(AbstractApplicationContext.java:425) ~[spring-context-3.0.6.RELEASE.jar:3.0.6.RELEASE]
	at org.springframework.test.context.support.AbstractGenericContextLoader.loadContext(AbstractGenericContextLoader.java:84) ~[spring-test-3.0.6.RELEASE.jar:3.0.6.RELEASE]
	at org.springframework.test.context.support.AbstractGenericContextLoader.loadContext(AbstractGenericContextLoader.java:1) ~[spring-test-3.0.6.RELEASE.jar:3.0.6.RELEASE]
	at org.springframework.test.context.TestContext.loadApplicationContext(TestContext.java:280) ~[spring-test-3.0.6.RELEASE.jar:3.0.6.RELEASE]
	at org.springframework.test.context.TestContext.getApplicationContext(TestContext.java:304) ~[spring-test-3.0.6.RELEASE.jar:3.0.6.RELEASE]
	... 53 common frames omitted
Caused by: org.springframework.beans.factory.BeanCreationException: Could not autowire field: private com.rackspace.search.service.core.CoreTicketOngoingSyncJob com.rackspace.search.endpoint.AdminResource.coreTicketOngoingSyncJob; nested exception is org.springframework.beans.factory.BeanCreationException: Error creating bean with name &apos;coreTicketOngoingSyncJob&apos;: Invocation of init method failed; nested exception is org.elasticsearch.indices.IndexMissingException: [admin] missing
	at org.springframework.beans.factory.annotation.AutowiredAnnotationBeanPostProcessor$AutowiredFieldElement.inject(AutowiredAnnotationBeanPostProcessor.java:508) ~[spring-beans-3.0.6.RELEASE.jar:3.0.6.RELEASE]
	at org.springframework.beans.factory.annotation.InjectionMetadata.inject(InjectionMetadata.java:84) ~[spring-beans-3.0.6.RELEASE.jar:3.0.6.RELEASE]
	at org.springframework.beans.factory.annotation.AutowiredAnnotationBeanPostProcessor.postProcessPropertyValues(AutowiredAnnotationBeanPostProcessor.java:285) ~[spring-beans-3.0.6.RELEASE.jar:3.0.6.RELEASE]
	... 67 common frames omitted
Caused by: org.springframework.beans.factory.BeanCreationException: Error creating bean with name &apos;coreTicketOngoingSyncJob&apos;: Invocation of init method failed; nested exception is org.elasticsearch.indices.IndexMissingException: [admin] missing
	at org.springframework.beans.factory.annotation.InitDestroyAnnotationBeanPostProcessor.postProcessBeforeInitialization(InitDestroyAnnotationBeanPostProcessor.java:133) ~[spring-beans-3.0.6.RELEASE.jar:3.0.6.RELEASE]
	at org.springframework.beans.factory.support.AbstractAutowireCapableBeanFactory.applyBeanPostProcessorsBeforeInitialization(AbstractAutowireCapableBeanFactory.java:394) ~[spring-beans-3.0.6.RELEASE.jar:3.0.6.RELEASE]
	at org.springframework.beans.factory.support.AbstractAutowireCapableBeanFactory.initializeBean(AbstractAutowireCapableBeanFactory.java:1413) ~[spring-beans-3.0.6.RELEASE.jar:3.0.6.RELEASE]
	at org.springframework.beans.factory.support.AbstractAutowireCapableBeanFactory.doCreateBean(AbstractAutowireCapableBeanFactory.java:519) ~[spring-beans-3.0.6.RELEASE.jar:3.0.6.RELEASE]
	at org.springframework.beans.factory.support.AbstractAutowireCapableBeanFactory.createBean(AbstractAutowireCapableBeanFactory.java:456) ~[spring-beans-3.0.6.RELEASE.jar:3.0.6.RELEASE]
	at org.springframework.beans.factory.support.AbstractBeanFactory$1.getObject(AbstractBeanFactory.java:293) ~[spring-beans-3.0.6.RELEASE.jar:3.0.6.RELEASE]
	at org.springframework.beans.factory.support.DefaultSingletonBeanRegistry.getSingleton(DefaultSingletonBeanRegistry.java:222) ~[spring-beans-3.0.6.RELEASE.jar:3.0.6.RELEASE]
	at org.springframework.beans.factory.support.AbstractBeanFactory.doGetBean(AbstractBeanFactory.java:290) ~[spring-beans-3.0.6.RELEASE.jar:3.0.6.RELEASE]
	at org.springframework.beans.factory.support.AbstractBeanFactory.getBean(AbstractBeanFactory.java:192) ~[spring-beans-3.0.6.RELEASE.jar:3.0.6.RELEASE]
	at org.springframework.beans.factory.support.DefaultListableBeanFactory.findAutowireCandidates(DefaultListableBeanFactory.java:848) ~[spring-beans-3.0.6.RELEASE.jar:3.0.6.RELEASE]
	at org.springframework.beans.factory.support.DefaultListableBeanFactory.doResolveDependency(DefaultListableBeanFactory.java:790) ~[spring-beans-3.0.6.RELEASE.jar:3.0.6.RELEASE]
	at org.springframework.beans.factory.support.DefaultListableBeanFactory.resolveDependency(DefaultListableBeanFactory.java:707) ~[spring-beans-3.0.6.RELEASE.jar:3.0.6.RELEASE]
	at org.springframework.beans.factory.annotation.AutowiredAnnotationBeanPostProcessor$AutowiredFieldElement.inject(AutowiredAnnotationBeanPostProcessor.java:480) ~[spring-beans-3.0.6.RELEASE.jar:3.0.6.RELEASE]
	... 69 common frames omitted
Caused by: org.elasticsearch.indices.IndexMissingException: [admin] missing
	at org.elasticsearch.cluster.metadata.MetaData.concreteIndex(MetaData.java:211) ~[elasticsearch-0.16.2.jar:na]
	at org.elasticsearch.action.support.single.shard.TransportShardSingleOperationAction$AsyncSingleAction.&lt;init&gt;(TransportShardSingleOperationAction.java:107) ~[elasticsearch-0.16.2.jar:na]
	at org.elasticsearch.action.support.single.shard.TransportShardSingleOperationAction$AsyncSingleAction.&lt;init&gt;(TransportShardSingleOperationAction.java:88) ~[elasticsearch-0.16.2.jar:na]
	at org.elasticsearch.action.support.single.shard.TransportShardSingleOperationAction.doExecute(TransportShardSingleOperationAction.java:69) ~[elasticsearch-0.16.2.jar:na]
	at org.elasticsearch.action.support.single.shard.TransportShardSingleOperationAction.doExecute(TransportShardSingleOperationAction.java:45) ~[elasticsearch-0.16.2.jar:na]
	at org.elasticsearch.action.support.BaseAction.execute(BaseAction.java:61) ~[elasticsearch-0.16.2.jar:na]
	at org.elasticsearch.client.node.NodeClient.get(NodeClient.java:152) ~[elasticsearch-0.16.2.jar:na]
	at org.elasticsearch.client.action.get.GetRequestBuilder.doExecute(GetRequestBuilder.java:119) ~[elasticsearch-0.16.2.jar:na]
	at org.elasticsearch.client.action.support.BaseRequestBuilder.execute(BaseRequestBuilder.java:56) ~[elasticsearch-0.16.2.jar:na]
	at org.elasticsearch.client.action.support.BaseRequestBuilder.execute(BaseRequestBuilder.java:51) ~[elasticsearch-0.16.2.jar:na]
	at org.elasticsearch.client.action.RequestBuilder$execute.call(Unknown Source) ~[na:na]
	at org.codehaus.groovy.runtime.callsite.CallSiteArray.defaultCall(CallSiteArray.java:45) ~[groovy-all-2.1.1.jar:2.1.1]
	at org.codehaus.groovy.runtime.callsite.AbstractCallSite.call(AbstractCallSite.java:108) ~[groovy-all-2.1.1.jar:2.1.1]
	at org.codehaus.groovy.runtime.callsite.AbstractCallSite.call(AbstractCallSite.java:112) ~[groovy-all-2.1.1.jar:2.1.1]
	at com.rackspace.search.elasticsearch.client.ElasticSearchClient.getDocument(ElasticSearchClient.groovy:202) ~[classes/:na]
	at com.rackspace.search.elasticsearch.client.ElasticSearchClient$getDocument.call(Unknown Source) ~[na:na]
	at org.codehaus.groovy.runtime.callsite.CallSiteArray.defaultCall(CallSiteArray.java:45) ~[groovy-all-2.1.1.jar:2.1.1]
	at org.codehaus.groovy.runtime.callsite.AbstractCallSite.call(AbstractCallSite.java:108) ~[groovy-all-2.1.1.jar:2.1.1]
	at org.codehaus.groovy.runtime.callsite.AbstractCallSite.call(AbstractCallSite.java:124) ~[groovy-all-2.1.1.jar:2.1.1]
	at com.rackspace.search.service.JobService.getJob(JobService.groovy:38) ~[classes/:na]
	at com.rackspace.search.service.JobService$getJob.call(Unknown Source) ~[na:na]
	at org.codehaus.groovy.runtime.callsite.CallSiteArray.defaultCall(CallSiteArray.java:45) ~[groovy-all-2.1.1.jar:2.1.1]
	at org.codehaus.groovy.runtime.callsite.AbstractCallSite.call(AbstractCallSite.java:108) ~[groovy-all-2.1.1.jar:2.1.1]
	at org.codehaus.groovy.runtime.callsite.AbstractCallSite.call(AbstractCallSite.java:116) ~[groovy-all-2.1.1.jar:2.1.1]
	at com.rackspace.search.service.core.CoreTicketOngoingSyncJob.setupActivities(CoreTicketOnGoingSyncJob.groovy:54) ~[classes/:na]
	at sun.reflect.NativeMethodAccessorImpl.invoke0(Native Method) ~[na:1.6.0_38]
	at sun.reflect.NativeMethodAccessorImpl.invoke(NativeMethodAccessorImpl.java:39) ~[na:1.6.0_38]
	at sun.reflect.DelegatingMethodAccessorImpl.invoke(DelegatingMethodAccessorImpl.java:25) ~[na:1.6.0_38]
	at java.lang.reflect.Method.invoke(Method.java:597) ~[na:1.6.0_38]
	at org.springframework.beans.factory.annotation.InitDestroyAnnotationBeanPostProcessor$LifecycleElement.invoke(InitDestroyAnnotationBeanPostProcessor.java:340) ~[spring-beans-3.0.6.RELEASE.jar:3.0.6.RELEASE]
	at org.springframework.beans.factory.annotation.InitDestroyAnnotationBeanPostProcessor$LifecycleMetadata.invokeInitMethods(InitDestroyAnnotationBeanPostProcessor.java:293) ~[spring-beans-3.0.6.RELEASE.jar:3.0.6.RELEASE]
	at org.springframework.beans.factory.annotation.InitDestroyAnnotationBeanPostProcessor.postProcessBeforeInitialization(InitDestroyAnnotationBeanPostProcessor.java:130) ~[spring-beans-3.0.6.RELEASE.jar:3.0.6.RELEASE]
	... 81 common frames omitted
</stdout>
          <failedSince>1</failedSince>
        </case>
        <case>
          <duration>6.042</duration>
          <className>com.rackspace.search.service.JobServiceTest</className>
          <testName>should get scheduled job details</testName>
          <skipped>false</skipped>
          <errorStackTrace>java.lang.NullPointerException
	at com.rackspace.search.service.JobServiceTest.cleanup(JobServiceTest.groovy:32)
</errorStackTrace>
          <failedSince>1</failedSince>
        </case>
        <case>
          <duration>1.129</duration>
          <className>com.rackspace.search.service.JobServiceTest</className>
          <testName>should return null If job is not exist</testName>
          <skipped>false</skipped>
          <errorStackTrace>java.lang.IllegalStateException: Failed to load ApplicationContext
	at org.springframework.test.context.TestContext.getApplicationContext(TestContext.java:308)
	at org.springframework.test.context.support.DependencyInjectionTestExecutionListener.injectDependencies(DependencyInjectionTestExecutionListener.java:109)
	at org.springframework.test.context.support.DependencyInjectionTestExecutionListener.prepareTestInstance(DependencyInjectionTestExecutionListener.java:75)
	at org.springframework.test.context.TestContextManager.prepareTestInstance(TestContextManager.java:321)
	at org.spockframework.spring.SpringTestContextManager.prepareTestInstance(SpringTestContextManager.java:49)
	at org.spockframework.spring.SpringInterceptor.interceptSetupMethod(SpringInterceptor.java:42)
	at org.spockframework.runtime.extension.AbstractMethodInterceptor.intercept(AbstractMethodInterceptor.java:28)
	at org.spockframework.runtime.extension.MethodInvocation.proceed(MethodInvocation.java:84)
	at org.spockframework.util.ReflectionUtil.invokeMethod(ReflectionUtil.java:138)
	at org.spockframework.util.ReflectionUtil.invokeMethod(ReflectionUtil.java:138)
	at org.spockframework.util.ReflectionUtil.invokeMethod(ReflectionUtil.java:138)
	at org.apache.maven.surefire.junit4.JUnit4TestSet.execute(JUnit4TestSet.java:53)
	at org.apache.maven.surefire.junit4.JUnit4Provider.executeTestSet(JUnit4Provider.java:123)
	at org.apache.maven.surefire.junit4.JUnit4Provider.invoke(JUnit4Provider.java:104)
	at org.apache.maven.surefire.util.ReflectionUtils.invokeMethodWithArray(ReflectionUtils.java:164)
	at org.apache.maven.surefire.booter.ProviderFactory$ProviderProxy.invoke(ProviderFactory.java:110)
	at org.apache.maven.surefire.booter.SurefireStarter.invokeProvider(SurefireStarter.java:175)
	at org.apache.maven.surefire.booter.SurefireStarter.runSuitesInProcessWhenForked(SurefireStarter.java:107)
	at org.apache.maven.surefire.booter.ForkedBooter.main(ForkedBooter.java:68)
Caused by: org.springframework.beans.factory.BeanCreationException: Error creating bean with name &apos;adminResource&apos;: Injection of autowired dependencies failed; nested exception is org.springframework.beans.factory.BeanCreationException: Could not autowire field: private com.rackspace.search.service.core.CoreTicketOngoingSyncJob com.rackspace.search.endpoint.AdminResource.coreTicketOngoingSyncJob; nested exception is org.springframework.beans.factory.BeanCreationException: Error creating bean with name &apos;coreTicketOngoingSyncJob&apos;: Invocation of init method failed; nested exception is org.elasticsearch.indices.IndexMissingException: [admin] missing
	at org.springframework.beans.factory.annotation.AutowiredAnnotationBeanPostProcessor.postProcessPropertyValues(AutowiredAnnotationBeanPostProcessor.java:288)
	at org.springframework.beans.factory.support.AbstractAutowireCapableBeanFactory.populateBean(AbstractAutowireCapableBeanFactory.java:1074)
	at org.springframework.beans.factory.support.AbstractAutowireCapableBeanFactory.doCreateBean(AbstractAutowireCapableBeanFactory.java:517)
	at org.springframework.beans.factory.support.AbstractAutowireCapableBeanFactory.createBean(AbstractAutowireCapableBeanFactory.java:456)
	at org.springframework.beans.factory.support.AbstractBeanFactory$1.getObject(AbstractBeanFactory.java:293)
	at org.springframework.beans.factory.support.DefaultSingletonBeanRegistry.getSingleton(DefaultSingletonBeanRegistry.java:222)
	at org.springframework.beans.factory.support.AbstractBeanFactory.doGetBean(AbstractBeanFactory.java:290)
	at org.springframework.beans.factory.support.AbstractBeanFactory.getBean(AbstractBeanFactory.java:192)
	at org.springframework.beans.factory.support.DefaultListableBeanFactory.preInstantiateSingletons(DefaultListableBeanFactory.java:585)
	at org.springframework.context.support.AbstractApplicationContext.finishBeanFactoryInitialization(AbstractApplicationContext.java:895)
	at org.springframework.context.support.AbstractApplicationContext.refresh(AbstractApplicationContext.java:425)
	at org.springframework.test.context.support.AbstractGenericContextLoader.loadContext(AbstractGenericContextLoader.java:84)
	at org.springframework.test.context.support.AbstractGenericContextLoader.loadContext(AbstractGenericContextLoader.java:1)
	at org.springframework.test.context.TestContext.loadApplicationContext(TestContext.java:280)
	at org.springframework.test.context.TestContext.getApplicationContext(TestContext.java:304)
	... 18 more
Caused by: org.springframework.beans.factory.BeanCreationException: Could not autowire field: private com.rackspace.search.service.core.CoreTicketOngoingSyncJob com.rackspace.search.endpoint.AdminResource.coreTicketOngoingSyncJob; nested exception is org.springframework.beans.factory.BeanCreationException: Error creating bean with name &apos;coreTicketOngoingSyncJob&apos;: Invocation of init method failed; nested exception is org.elasticsearch.indices.IndexMissingException: [admin] missing
	at org.springframework.beans.factory.annotation.AutowiredAnnotationBeanPostProcessor$AutowiredFieldElement.inject(AutowiredAnnotationBeanPostProcessor.java:508)
	at org.springframework.beans.factory.annotation.InjectionMetadata.inject(InjectionMetadata.java:84)
	at org.springframework.beans.factory.annotation.AutowiredAnnotationBeanPostProcessor.postProcessPropertyValues(AutowiredAnnotationBeanPostProcessor.java:285)
	... 32 more
Caused by: org.springframework.beans.factory.BeanCreationException: Error creating bean with name &apos;coreTicketOngoingSyncJob&apos;: Invocation of init method failed; nested exception is org.elasticsearch.indices.IndexMissingException: [admin] missing
	at org.springframework.beans.factory.annotation.InitDestroyAnnotationBeanPostProcessor.postProcessBeforeInitialization(InitDestroyAnnotationBeanPostProcessor.java:133)
	at org.springframework.beans.factory.support.AbstractAutowireCapableBeanFactory.applyBeanPostProcessorsBeforeInitialization(AbstractAutowireCapableBeanFactory.java:394)
	at org.springframework.beans.factory.support.AbstractAutowireCapableBeanFactory.initializeBean(AbstractAutowireCapableBeanFactory.java:1413)
	at org.springframework.beans.factory.support.AbstractAutowireCapableBeanFactory.doCreateBean(AbstractAutowireCapableBeanFactory.java:519)
	at org.springframework.beans.factory.support.AbstractAutowireCapableBeanFactory.createBean(AbstractAutowireCapableBeanFactory.java:456)
	at org.springframework.beans.factory.support.AbstractBeanFactory$1.getObject(AbstractBeanFactory.java:293)
	at org.springframework.beans.factory.support.DefaultSingletonBeanRegistry.getSingleton(DefaultSingletonBeanRegistry.java:222)
	at org.springframework.beans.factory.support.AbstractBeanFactory.doGetBean(AbstractBeanFactory.java:290)
	at org.springframework.beans.factory.support.AbstractBeanFactory.getBean(AbstractBeanFactory.java:192)
	at org.springframework.beans.factory.support.DefaultListableBeanFactory.findAutowireCandidates(DefaultListableBeanFactory.java:848)
	at org.springframework.beans.factory.support.DefaultListableBeanFactory.doResolveDependency(DefaultListableBeanFactory.java:790)
	at org.springframework.beans.factory.support.DefaultListableBeanFactory.resolveDependency(DefaultListableBeanFactory.java:707)
	at org.springframework.beans.factory.annotation.AutowiredAnnotationBeanPostProcessor$AutowiredFieldElement.inject(AutowiredAnnotationBeanPostProcessor.java:480)
	... 34 more
Caused by: org.elasticsearch.indices.IndexMissingException: [admin] missing
	at org.elasticsearch.cluster.metadata.MetaData.concreteIndex(MetaData.java:211)
	at org.elasticsearch.action.support.single.shard.TransportShardSingleOperationAction$AsyncSingleAction.&lt;init&gt;(TransportShardSingleOperationAction.java:107)
	at org.elasticsearch.action.support.single.shard.TransportShardSingleOperationAction$AsyncSingleAction.&lt;init&gt;(TransportShardSingleOperationAction.java:88)
	at org.elasticsearch.action.support.single.shard.TransportShardSingleOperationAction.doExecute(TransportShardSingleOperationAction.java:69)
	at org.elasticsearch.action.support.single.shard.TransportShardSingleOperationAction.doExecute(TransportShardSingleOperationAction.java:45)
	at org.elasticsearch.action.support.BaseAction.execute(BaseAction.java:61)
	at org.elasticsearch.client.node.NodeClient.get(NodeClient.java:152)
	at org.elasticsearch.client.action.get.GetRequestBuilder.doExecute(GetRequestBuilder.java:119)
	at org.elasticsearch.client.action.support.BaseRequestBuilder.execute(BaseRequestBuilder.java:56)
	at org.elasticsearch.client.action.support.BaseRequestBuilder.execute(BaseRequestBuilder.java:51)
	at com.rackspace.search.elasticsearch.client.ElasticSearchClient.getDocument(ElasticSearchClient.groovy:202)
	at com.rackspace.search.service.JobService.getJob(JobService.groovy:38)
	at com.rackspace.search.service.core.CoreTicketOngoingSyncJob.setupActivities(CoreTicketOnGoingSyncJob.groovy:54)
	at org.springframework.beans.factory.annotation.InitDestroyAnnotationBeanPostProcessor$LifecycleElement.invoke(InitDestroyAnnotationBeanPostProcessor.java:340)
	at org.springframework.beans.factory.annotation.InitDestroyAnnotationBeanPostProcessor$LifecycleMetadata.invokeInitMethods(InitDestroyAnnotationBeanPostProcessor.java:293)
	at org.springframework.beans.factory.annotation.InitDestroyAnnotationBeanPostProcessor.postProcessBeforeInitialization(InitDestroyAnnotationBeanPostProcessor.java:130)
	... 46 more
</errorStackTrace>
          <errorDetails>Failed to load ApplicationContext</errorDetails>
          <stdout>16:33:14.046 [main] INFO  c.r.s.common.property.PropertyProvider - Loading properties file from file [/var/lib/jenkins/jobs/Samatha Fork/workspace/service/target/properties/local/search.properties]
16:33:14.064 [main] INFO  c.r.s.common.property.PropertyProvider - Loading properties file from file [/var/lib/jenkins/jobs/Samatha Fork/workspace/service/target/properties/local/search.secrets.properties]
16:33:14.064 [main] INFO  c.r.s.common.property.PropertyProvider - Loading properties file from file [/var/lib/jenkins/jobs/Samatha Fork/workspace/service/target/properties/local/elasticsearch.properties]
16:33:14.094 [main] INFO  c.r.s.elasticsearch.ElasticSearchServer - Starting the Elastic Search server node:
16:33:14.102 [main] INFO  org.elasticsearch.node - [ticket.node] {elasticsearch/0.16.2}[16944]: initializing ...
16:33:14.102 [main] INFO  org.elasticsearch.plugins - [ticket.node] loaded []
16:33:14.593 [main] INFO  org.elasticsearch.node - [ticket.node] {elasticsearch/0.16.2}[16944]: initialized
16:33:14.594 [main] INFO  c.r.s.elasticsearch.ElasticSearchServer - Starting the Elastic Search server node with these settings:
16:33:14.595 [main] INFO  c.r.s.elasticsearch.ElasticSearchServer - Elasticsearch Settings :  [core.db.url:jdbc:postgresql://dev.db.core.rackspace.com:5432/core_dev, node.local:true, index.analysis.analyzer.search_standard.filter:[lowercase], elastic.config.path:/var/lib/jenkins/jobs/Samatha Fork/workspace/service/target/properties/local/elasticsearch, path.data:/var/lib/jenkins/jobs/Samatha Fork/workspace/service/target/elasticsearch/data, ticket.core.dateformat:yyyy-MM-dd HH:mm:ss, cluster.name:ticket.cluster, index.analysis.analyzer.search_standard.type:standard, core.db.password:, path.conf:/var/lib/jenkins/jobs/Samatha Fork/workspace/service/target/properties/local/elasticsearch, core.api.password:qwerty, ticket.ongoingsync.delay.seconds:2000, name:ticket.node, http.enabled:true, path.logs:/var/lib/jenkins/jobs/Samatha Fork/workspace/service/target/elasticsearch/logs, index.number_of_replicas:0, ticket.document.idName:number, core.api.endpoint:https://ws.staging.core.rackspace.com/ctkapi, ticket.document.type:ticket, ticket.index.name:ticket, admin.index.name:admin, indices.structure:/indices_structure.json, index.store.fs.memory.enabled:false, index.number_of_shards:5, admin.document.type:syncJob, core.db.username:usq_read, ticket.core.date.timezone:CST, ticket.search.allowedRangeParams:created_at,updated_at,last_public_response_date, ticket.search.allowedTermParams:source_system,number,created_at,updated_at,last_public_response_date,status,queue,category,priority,assignee.name,account.number, core.driver.class:org.postgresql.Driver, core.api.username:rcameron, ticket.elastic.dateformat:yyyy-MM-dd&apos;T&apos;HH:mm:ss.SSSZZ, discovery.zen.ping.multicast.enabled:false, action.auto_create_index:1, path.home:/var/lib/jenkins/jobs/Samatha Fork/workspace/service, path.work:/var/lib/jenkins/jobs/Samatha Fork/workspace/service/work, path.work_with_cluster:/var/lib/jenkins/jobs/Samatha Fork/workspace/service/work/ticket.cluster, path.data_with_cluster:/var/lib/jenkins/jobs/Samatha Fork/workspace/service/target/elasticsearch/data/ticket.cluster]
16:33:14.596 [main] INFO  org.elasticsearch.node - [ticket.node] {elasticsearch/0.16.2}[16944]: starting ...
16:33:14.598 [main] INFO  org.elasticsearch.transport - [ticket.node] bound_address {local[2]}, publish_address {local[2]}
16:33:14.599 [elasticsearch[ticket.node]clusterService#updateTask-pool-25-thread-1] INFO  org.elasticsearch.cluster.service - [ticket.node] new_master [ticket.node][2][local[2]]{local=true}, reason: local-disco-initial_connect(master)
16:33:14.601 [main] INFO  org.elasticsearch.discovery - [ticket.node] ticket.cluster/2
16:33:14.616 [elasticsearch[ticket.node]clusterService#updateTask-pool-25-thread-1] INFO  org.elasticsearch.gateway - [ticket.node] recovered [0] indices into cluster_state
16:33:14.618 [main] INFO  org.elasticsearch.http - [ticket.node] bound_address {inet[/0:0:0:0:0:0:0:0:9200]}, publish_address {inet[/10.14.208.252:9200]}
16:33:14.620 [main] INFO  org.elasticsearch.node - [ticket.node] {elasticsearch/0.16.2}[16944]: started
16:33:14.620 [main] INFO  c.r.s.elasticsearch.ElasticSearchServer - Elastic Search server is started.
16:33:14.622 [main] INFO  c.r.s.elasticsearch.ElasticSearchServer - ES cluster status is GREEN
16:33:14.726 [main] INFO  org.elasticsearch.node - [ticket.node] {elasticsearch/0.16.2}[16944]: stopping ...
16:33:14.729 [main] INFO  org.elasticsearch.node - [ticket.node] {elasticsearch/0.16.2}[16944]: stopped
16:33:14.730 [main] INFO  org.elasticsearch.node - [ticket.node] {elasticsearch/0.16.2}[16944]: closing ...
16:33:14.735 [main] INFO  org.elasticsearch.node - [ticket.node] {elasticsearch/0.16.2}[16944]: closed
16:33:14.742 [main] ERROR o.s.test.context.TestContextManager - Caught exception while allowing TestExecutionListener [org.springframework.test.context.support.DependencyInjectionTestExecutionListener@3236d036] to prepare test instance [com.rackspace.search.service.JobServiceTest@d6cacdd]
java.lang.IllegalStateException: Failed to load ApplicationContext
	at org.springframework.test.context.TestContext.getApplicationContext(TestContext.java:308) ~[spring-test-3.0.6.RELEASE.jar:3.0.6.RELEASE]
	at org.springframework.test.context.support.DependencyInjectionTestExecutionListener.injectDependencies(DependencyInjectionTestExecutionListener.java:109) ~[spring-test-3.0.6.RELEASE.jar:3.0.6.RELEASE]
	at org.springframework.test.context.support.DependencyInjectionTestExecutionListener.prepareTestInstance(DependencyInjectionTestExecutionListener.java:75) ~[spring-test-3.0.6.RELEASE.jar:3.0.6.RELEASE]
	at org.springframework.test.context.TestContextManager.prepareTestInstance(TestContextManager.java:321) ~[spring-test-3.0.6.RELEASE.jar:3.0.6.RELEASE]
	at org.spockframework.spring.SpringTestContextManager.prepareTestInstance(SpringTestContextManager.java:49) [spock-spring-0.7-groovy-2.0.jar:na]
	at org.spockframework.spring.SpringInterceptor.interceptSetupMethod(SpringInterceptor.java:42) [spock-spring-0.7-groovy-2.0.jar:na]
	at org.spockframework.runtime.extension.AbstractMethodInterceptor.intercept(AbstractMethodInterceptor.java:28) [spock-core-0.7-groovy-2.0.jar:na]
	at org.spockframework.runtime.extension.MethodInvocation.proceed(MethodInvocation.java:84) [spock-core-0.7-groovy-2.0.jar:na]
	at org.spockframework.runtime.BaseSpecRunner.invoke(BaseSpecRunner.java:319) [spock-core-0.7-groovy-2.0.jar:na]
	at org.spockframework.runtime.BaseSpecRunner.invokeSetup(BaseSpecRunner.java:279) [spock-core-0.7-groovy-2.0.jar:na]
	at org.spockframework.runtime.BaseSpecRunner.doRunIteration(BaseSpecRunner.java:255) [spock-core-0.7-groovy-2.0.jar:na]
	at sun.reflect.NativeMethodAccessorImpl.invoke0(Native Method) ~[na:1.6.0_38]
	at sun.reflect.NativeMethodAccessorImpl.invoke(NativeMethodAccessorImpl.java:39) ~[na:1.6.0_38]
	at sun.reflect.DelegatingMethodAccessorImpl.invoke(DelegatingMethodAccessorImpl.java:25) ~[na:1.6.0_38]
	at java.lang.reflect.Method.invoke(Method.java:597) ~[na:1.6.0_38]
	at org.spockframework.util.ReflectionUtil.invokeMethod(ReflectionUtil.java:138) [spock-core-0.7-groovy-2.0.jar:na]
	at org.spockframework.runtime.BaseSpecRunner.invokeRaw(BaseSpecRunner.java:330) [spock-core-0.7-groovy-2.0.jar:na]
	at org.spockframework.runtime.BaseSpecRunner.invoke(BaseSpecRunner.java:311) [spock-core-0.7-groovy-2.0.jar:na]
	at org.spockframework.runtime.BaseSpecRunner.runIteration(BaseSpecRunner.java:223) [spock-core-0.7-groovy-2.0.jar:na]
	at org.spockframework.runtime.BaseSpecRunner.initializeAndRunIteration(BaseSpecRunner.java:214) [spock-core-0.7-groovy-2.0.jar:na]
	at org.spockframework.runtime.BaseSpecRunner.runSimpleFeature(BaseSpecRunner.java:205) [spock-core-0.7-groovy-2.0.jar:na]
	at org.spockframework.runtime.BaseSpecRunner.doRunFeature(BaseSpecRunner.java:199) [spock-core-0.7-groovy-2.0.jar:na]
	at sun.reflect.NativeMethodAccessorImpl.invoke0(Native Method) ~[na:1.6.0_38]
	at sun.reflect.NativeMethodAccessorImpl.invoke(NativeMethodAccessorImpl.java:39) ~[na:1.6.0_38]
	at sun.reflect.DelegatingMethodAccessorImpl.invoke(DelegatingMethodAccessorImpl.java:25) ~[na:1.6.0_38]
	at java.lang.reflect.Method.invoke(Method.java:597) ~[na:1.6.0_38]
	at org.spockframework.util.ReflectionUtil.invokeMethod(ReflectionUtil.java:138) [spock-core-0.7-groovy-2.0.jar:na]
	at org.spockframework.runtime.BaseSpecRunner.invokeRaw(BaseSpecRunner.java:330) [spock-core-0.7-groovy-2.0.jar:na]
	at org.spockframework.runtime.BaseSpecRunner.invoke(BaseSpecRunner.java:311) [spock-core-0.7-groovy-2.0.jar:na]
	at org.spockframework.runtime.BaseSpecRunner.runFeature(BaseSpecRunner.java:175) [spock-core-0.7-groovy-2.0.jar:na]
	at org.spockframework.runtime.BaseSpecRunner.runFeatures(BaseSpecRunner.java:152) [spock-core-0.7-groovy-2.0.jar:na]
	at org.spockframework.runtime.BaseSpecRunner.doRunSpec(BaseSpecRunner.java:112) [spock-core-0.7-groovy-2.0.jar:na]
	at sun.reflect.NativeMethodAccessorImpl.invoke0(Native Method) ~[na:1.6.0_38]
	at sun.reflect.NativeMethodAccessorImpl.invoke(NativeMethodAccessorImpl.java:39) ~[na:1.6.0_38]
	at sun.reflect.DelegatingMethodAccessorImpl.invoke(DelegatingMethodAccessorImpl.java:25) ~[na:1.6.0_38]
	at java.lang.reflect.Method.invoke(Method.java:597) ~[na:1.6.0_38]
	at org.spockframework.util.ReflectionUtil.invokeMethod(ReflectionUtil.java:138) [spock-core-0.7-groovy-2.0.jar:na]
	at org.spockframework.runtime.BaseSpecRunner.invokeRaw(BaseSpecRunner.java:330) [spock-core-0.7-groovy-2.0.jar:na]
	at org.spockframework.runtime.BaseSpecRunner.invoke(BaseSpecRunner.java:311) [spock-core-0.7-groovy-2.0.jar:na]
	at org.spockframework.runtime.BaseSpecRunner.runSpec(BaseSpecRunner.java:91) [spock-core-0.7-groovy-2.0.jar:na]
	at org.spockframework.runtime.BaseSpecRunner.run(BaseSpecRunner.java:82) [spock-core-0.7-groovy-2.0.jar:na]
	at org.spockframework.runtime.Sputnik.run(Sputnik.java:63) [spock-core-0.7-groovy-2.0.jar:na]
	at org.apache.maven.surefire.junit4.JUnit4TestSet.execute(JUnit4TestSet.java:53) [surefire-junit4-2.10.jar:2.10]
	at org.apache.maven.surefire.junit4.JUnit4Provider.executeTestSet(JUnit4Provider.java:123) [surefire-junit4-2.10.jar:2.10]
	at org.apache.maven.surefire.junit4.JUnit4Provider.invoke(JUnit4Provider.java:104) [surefire-junit4-2.10.jar:2.10]
	at sun.reflect.NativeMethodAccessorImpl.invoke0(Native Method) ~[na:1.6.0_38]
	at sun.reflect.NativeMethodAccessorImpl.invoke(NativeMethodAccessorImpl.java:39) ~[na:1.6.0_38]
	at sun.reflect.DelegatingMethodAccessorImpl.invoke(DelegatingMethodAccessorImpl.java:25) ~[na:1.6.0_38]
	at java.lang.reflect.Method.invoke(Method.java:597) ~[na:1.6.0_38]
	at org.apache.maven.surefire.util.ReflectionUtils.invokeMethodWithArray(ReflectionUtils.java:164) [surefire-api-2.10.jar:2.10]
	at org.apache.maven.surefire.booter.ProviderFactory$ProviderProxy.invoke(ProviderFactory.java:110) [surefire-booter-2.10.jar:2.10]
	at org.apache.maven.surefire.booter.SurefireStarter.invokeProvider(SurefireStarter.java:175) [surefire-booter-2.10.jar:2.10]
	at org.apache.maven.surefire.booter.SurefireStarter.runSuitesInProcessWhenForked(SurefireStarter.java:107) [surefire-booter-2.10.jar:2.10]
	at org.apache.maven.surefire.booter.ForkedBooter.main(ForkedBooter.java:68) [surefire-booter-2.10.jar:2.10]
Caused by: org.springframework.beans.factory.BeanCreationException: Error creating bean with name &apos;adminResource&apos;: Injection of autowired dependencies failed; nested exception is org.springframework.beans.factory.BeanCreationException: Could not autowire field: private com.rackspace.search.service.core.CoreTicketOngoingSyncJob com.rackspace.search.endpoint.AdminResource.coreTicketOngoingSyncJob; nested exception is org.springframework.beans.factory.BeanCreationException: Error creating bean with name &apos;coreTicketOngoingSyncJob&apos;: Invocation of init method failed; nested exception is org.elasticsearch.indices.IndexMissingException: [admin] missing
	at org.springframework.beans.factory.annotation.AutowiredAnnotationBeanPostProcessor.postProcessPropertyValues(AutowiredAnnotationBeanPostProcessor.java:288) ~[spring-beans-3.0.6.RELEASE.jar:3.0.6.RELEASE]
	at org.springframework.beans.factory.support.AbstractAutowireCapableBeanFactory.populateBean(AbstractAutowireCapableBeanFactory.java:1074) ~[spring-beans-3.0.6.RELEASE.jar:3.0.6.RELEASE]
	at org.springframework.beans.factory.support.AbstractAutowireCapableBeanFactory.doCreateBean(AbstractAutowireCapableBeanFactory.java:517) ~[spring-beans-3.0.6.RELEASE.jar:3.0.6.RELEASE]
	at org.springframework.beans.factory.support.AbstractAutowireCapableBeanFactory.createBean(AbstractAutowireCapableBeanFactory.java:456) ~[spring-beans-3.0.6.RELEASE.jar:3.0.6.RELEASE]
	at org.springframework.beans.factory.support.AbstractBeanFactory$1.getObject(AbstractBeanFactory.java:293) ~[spring-beans-3.0.6.RELEASE.jar:3.0.6.RELEASE]
	at org.springframework.beans.factory.support.DefaultSingletonBeanRegistry.getSingleton(DefaultSingletonBeanRegistry.java:222) ~[spring-beans-3.0.6.RELEASE.jar:3.0.6.RELEASE]
	at org.springframework.beans.factory.support.AbstractBeanFactory.doGetBean(AbstractBeanFactory.java:290) ~[spring-beans-3.0.6.RELEASE.jar:3.0.6.RELEASE]
	at org.springframework.beans.factory.support.AbstractBeanFactory.getBean(AbstractBeanFactory.java:192) ~[spring-beans-3.0.6.RELEASE.jar:3.0.6.RELEASE]
	at org.springframework.beans.factory.support.DefaultListableBeanFactory.preInstantiateSingletons(DefaultListableBeanFactory.java:585) ~[spring-beans-3.0.6.RELEASE.jar:3.0.6.RELEASE]
	at org.springframework.context.support.AbstractApplicationContext.finishBeanFactoryInitialization(AbstractApplicationContext.java:895) ~[spring-context-3.0.6.RELEASE.jar:3.0.6.RELEASE]
	at org.springframework.context.support.AbstractApplicationContext.refresh(AbstractApplicationContext.java:425) ~[spring-context-3.0.6.RELEASE.jar:3.0.6.RELEASE]
	at org.springframework.test.context.support.AbstractGenericContextLoader.loadContext(AbstractGenericContextLoader.java:84) ~[spring-test-3.0.6.RELEASE.jar:3.0.6.RELEASE]
	at org.springframework.test.context.support.AbstractGenericContextLoader.loadContext(AbstractGenericContextLoader.java:1) ~[spring-test-3.0.6.RELEASE.jar:3.0.6.RELEASE]
	at org.springframework.test.context.TestContext.loadApplicationContext(TestContext.java:280) ~[spring-test-3.0.6.RELEASE.jar:3.0.6.RELEASE]
	at org.springframework.test.context.TestContext.getApplicationContext(TestContext.java:304) ~[spring-test-3.0.6.RELEASE.jar:3.0.6.RELEASE]
	... 53 common frames omitted
Caused by: org.springframework.beans.factory.BeanCreationException: Could not autowire field: private com.rackspace.search.service.core.CoreTicketOngoingSyncJob com.rackspace.search.endpoint.AdminResource.coreTicketOngoingSyncJob; nested exception is org.springframework.beans.factory.BeanCreationException: Error creating bean with name &apos;coreTicketOngoingSyncJob&apos;: Invocation of init method failed; nested exception is org.elasticsearch.indices.IndexMissingException: [admin] missing
	at org.springframework.beans.factory.annotation.AutowiredAnnotationBeanPostProcessor$AutowiredFieldElement.inject(AutowiredAnnotationBeanPostProcessor.java:508) ~[spring-beans-3.0.6.RELEASE.jar:3.0.6.RELEASE]
	at org.springframework.beans.factory.annotation.InjectionMetadata.inject(InjectionMetadata.java:84) ~[spring-beans-3.0.6.RELEASE.jar:3.0.6.RELEASE]
	at org.springframework.beans.factory.annotation.AutowiredAnnotationBeanPostProcessor.postProcessPropertyValues(AutowiredAnnotationBeanPostProcessor.java:285) ~[spring-beans-3.0.6.RELEASE.jar:3.0.6.RELEASE]
	... 67 common frames omitted
Caused by: org.springframework.beans.factory.BeanCreationException: Error creating bean with name &apos;coreTicketOngoingSyncJob&apos;: Invocation of init method failed; nested exception is org.elasticsearch.indices.IndexMissingException: [admin] missing
	at org.springframework.beans.factory.annotation.InitDestroyAnnotationBeanPostProcessor.postProcessBeforeInitialization(InitDestroyAnnotationBeanPostProcessor.java:133) ~[spring-beans-3.0.6.RELEASE.jar:3.0.6.RELEASE]
	at org.springframework.beans.factory.support.AbstractAutowireCapableBeanFactory.applyBeanPostProcessorsBeforeInitialization(AbstractAutowireCapableBeanFactory.java:394) ~[spring-beans-3.0.6.RELEASE.jar:3.0.6.RELEASE]
	at org.springframework.beans.factory.support.AbstractAutowireCapableBeanFactory.initializeBean(AbstractAutowireCapableBeanFactory.java:1413) ~[spring-beans-3.0.6.RELEASE.jar:3.0.6.RELEASE]
	at org.springframework.beans.factory.support.AbstractAutowireCapableBeanFactory.doCreateBean(AbstractAutowireCapableBeanFactory.java:519) ~[spring-beans-3.0.6.RELEASE.jar:3.0.6.RELEASE]
	at org.springframework.beans.factory.support.AbstractAutowireCapableBeanFactory.createBean(AbstractAutowireCapableBeanFactory.java:456) ~[spring-beans-3.0.6.RELEASE.jar:3.0.6.RELEASE]
	at org.springframework.beans.factory.support.AbstractBeanFactory$1.getObject(AbstractBeanFactory.java:293) ~[spring-beans-3.0.6.RELEASE.jar:3.0.6.RELEASE]
	at org.springframework.beans.factory.support.DefaultSingletonBeanRegistry.getSingleton(DefaultSingletonBeanRegistry.java:222) ~[spring-beans-3.0.6.RELEASE.jar:3.0.6.RELEASE]
	at org.springframework.beans.factory.support.AbstractBeanFactory.doGetBean(AbstractBeanFactory.java:290) ~[spring-beans-3.0.6.RELEASE.jar:3.0.6.RELEASE]
	at org.springframework.beans.factory.support.AbstractBeanFactory.getBean(AbstractBeanFactory.java:192) ~[spring-beans-3.0.6.RELEASE.jar:3.0.6.RELEASE]
	at org.springframework.beans.factory.support.DefaultListableBeanFactory.findAutowireCandidates(DefaultListableBeanFactory.java:848) ~[spring-beans-3.0.6.RELEASE.jar:3.0.6.RELEASE]
	at org.springframework.beans.factory.support.DefaultListableBeanFactory.doResolveDependency(DefaultListableBeanFactory.java:790) ~[spring-beans-3.0.6.RELEASE.jar:3.0.6.RELEASE]
	at org.springframework.beans.factory.support.DefaultListableBeanFactory.resolveDependency(DefaultListableBeanFactory.java:707) ~[spring-beans-3.0.6.RELEASE.jar:3.0.6.RELEASE]
	at org.springframework.beans.factory.annotation.AutowiredAnnotationBeanPostProcessor$AutowiredFieldElement.inject(AutowiredAnnotationBeanPostProcessor.java:480) ~[spring-beans-3.0.6.RELEASE.jar:3.0.6.RELEASE]
	... 69 common frames omitted
Caused by: org.elasticsearch.indices.IndexMissingException: [admin] missing
	at org.elasticsearch.cluster.metadata.MetaData.concreteIndex(MetaData.java:211) ~[elasticsearch-0.16.2.jar:na]
	at org.elasticsearch.action.support.single.shard.TransportShardSingleOperationAction$AsyncSingleAction.&lt;init&gt;(TransportShardSingleOperationAction.java:107) ~[elasticsearch-0.16.2.jar:na]
	at org.elasticsearch.action.support.single.shard.TransportShardSingleOperationAction$AsyncSingleAction.&lt;init&gt;(TransportShardSingleOperationAction.java:88) ~[elasticsearch-0.16.2.jar:na]
	at org.elasticsearch.action.support.single.shard.TransportShardSingleOperationAction.doExecute(TransportShardSingleOperationAction.java:69) ~[elasticsearch-0.16.2.jar:na]
	at org.elasticsearch.action.support.single.shard.TransportShardSingleOperationAction.doExecute(TransportShardSingleOperationAction.java:45) ~[elasticsearch-0.16.2.jar:na]
	at org.elasticsearch.action.support.BaseAction.execute(BaseAction.java:61) ~[elasticsearch-0.16.2.jar:na]
	at org.elasticsearch.client.node.NodeClient.get(NodeClient.java:152) ~[elasticsearch-0.16.2.jar:na]
	at org.elasticsearch.client.action.get.GetRequestBuilder.doExecute(GetRequestBuilder.java:119) ~[elasticsearch-0.16.2.jar:na]
	at org.elasticsearch.client.action.support.BaseRequestBuilder.execute(BaseRequestBuilder.java:56) ~[elasticsearch-0.16.2.jar:na]
	at org.elasticsearch.client.action.support.BaseRequestBuilder.execute(BaseRequestBuilder.java:51) ~[elasticsearch-0.16.2.jar:na]
	at org.elasticsearch.client.action.RequestBuilder$execute.call(Unknown Source) ~[na:na]
	at com.rackspace.search.elasticsearch.client.ElasticSearchClient.getDocument(ElasticSearchClient.groovy:202) ~[classes/:na]
	at com.rackspace.search.elasticsearch.client.ElasticSearchClient$getDocument.call(Unknown Source) ~[na:na]
	at com.rackspace.search.service.JobService.getJob(JobService.groovy:38) ~[classes/:na]
	at com.rackspace.search.service.JobService$getJob.call(Unknown Source) ~[na:na]
	at com.rackspace.search.service.core.CoreTicketOngoingSyncJob.setupActivities(CoreTicketOnGoingSyncJob.groovy:54) ~[classes/:na]
	at sun.reflect.NativeMethodAccessorImpl.invoke0(Native Method) ~[na:1.6.0_38]
	at sun.reflect.NativeMethodAccessorImpl.invoke(NativeMethodAccessorImpl.java:39) ~[na:1.6.0_38]
	at sun.reflect.DelegatingMethodAccessorImpl.invoke(DelegatingMethodAccessorImpl.java:25) ~[na:1.6.0_38]
	at java.lang.reflect.Method.invoke(Method.java:597) ~[na:1.6.0_38]
	at org.springframework.beans.factory.annotation.InitDestroyAnnotationBeanPostProcessor$LifecycleElement.invoke(InitDestroyAnnotationBeanPostProcessor.java:340) ~[spring-beans-3.0.6.RELEASE.jar:3.0.6.RELEASE]
	at org.springframework.beans.factory.annotation.InitDestroyAnnotationBeanPostProcessor$LifecycleMetadata.invokeInitMethods(InitDestroyAnnotationBeanPostProcessor.java:293) ~[spring-beans-3.0.6.RELEASE.jar:3.0.6.RELEASE]
	at org.springframework.beans.factory.annotation.InitDestroyAnnotationBeanPostProcessor.postProcessBeforeInitialization(InitDestroyAnnotationBeanPostProcessor.java:130) ~[spring-beans-3.0.6.RELEASE.jar:3.0.6.RELEASE]
	... 81 common frames omitted
</stdout>
          <failedSince>1</failedSince>
        </case>
        <case>
          <duration>1.13</duration>
          <className>com.rackspace.search.service.JobServiceTest</className>
          <testName>should return null If job is not exist</testName>
          <skipped>false</skipped>
          <errorStackTrace>java.lang.NullPointerException
	at com.rackspace.search.service.JobServiceTest.cleanup(JobServiceTest.groovy:32)
</errorStackTrace>
          <failedSince>1</failedSince>
        </case>
        <case>
          <duration>1.597</duration>
          <className>com.rackspace.search.service.JobServiceTest</className>
          <testName>get All jobs</testName>
          <skipped>false</skipped>
          <errorStackTrace>java.lang.IllegalStateException: Failed to load ApplicationContext
	at org.springframework.test.context.TestContext.getApplicationContext(TestContext.java:308)
	at org.springframework.test.context.support.DependencyInjectionTestExecutionListener.injectDependencies(DependencyInjectionTestExecutionListener.java:109)
	at org.springframework.test.context.support.DependencyInjectionTestExecutionListener.prepareTestInstance(DependencyInjectionTestExecutionListener.java:75)
	at org.springframework.test.context.TestContextManager.prepareTestInstance(TestContextManager.java:321)
	at org.spockframework.spring.SpringTestContextManager.prepareTestInstance(SpringTestContextManager.java:49)
	at org.spockframework.spring.SpringInterceptor.interceptSetupMethod(SpringInterceptor.java:42)
	at org.spockframework.runtime.extension.AbstractMethodInterceptor.intercept(AbstractMethodInterceptor.java:28)
	at org.spockframework.runtime.extension.MethodInvocation.proceed(MethodInvocation.java:84)
	at org.spockframework.util.ReflectionUtil.invokeMethod(ReflectionUtil.java:138)
	at org.spockframework.util.ReflectionUtil.invokeMethod(ReflectionUtil.java:138)
	at org.spockframework.util.ReflectionUtil.invokeMethod(ReflectionUtil.java:138)
	at org.apache.maven.surefire.junit4.JUnit4TestSet.execute(JUnit4TestSet.java:53)
	at org.apache.maven.surefire.junit4.JUnit4Provider.executeTestSet(JUnit4Provider.java:123)
	at org.apache.maven.surefire.junit4.JUnit4Provider.invoke(JUnit4Provider.java:104)
	at org.apache.maven.surefire.util.ReflectionUtils.invokeMethodWithArray(ReflectionUtils.java:164)
	at org.apache.maven.surefire.booter.ProviderFactory$ProviderProxy.invoke(ProviderFactory.java:110)
	at org.apache.maven.surefire.booter.SurefireStarter.invokeProvider(SurefireStarter.java:175)
	at org.apache.maven.surefire.booter.SurefireStarter.runSuitesInProcessWhenForked(SurefireStarter.java:107)
	at org.apache.maven.surefire.booter.ForkedBooter.main(ForkedBooter.java:68)
Caused by: org.springframework.beans.factory.BeanCreationException: Error creating bean with name &apos;adminResource&apos;: Injection of autowired dependencies failed; nested exception is org.springframework.beans.factory.BeanCreationException: Could not autowire field: private com.rackspace.search.service.core.CoreTicketOngoingSyncJob com.rackspace.search.endpoint.AdminResource.coreTicketOngoingSyncJob; nested exception is org.springframework.beans.factory.BeanCreationException: Error creating bean with name &apos;coreTicketOngoingSyncJob&apos;: Invocation of init method failed; nested exception is org.elasticsearch.indices.IndexMissingException: [admin] missing
	at org.springframework.beans.factory.annotation.AutowiredAnnotationBeanPostProcessor.postProcessPropertyValues(AutowiredAnnotationBeanPostProcessor.java:288)
	at org.springframework.beans.factory.support.AbstractAutowireCapableBeanFactory.populateBean(AbstractAutowireCapableBeanFactory.java:1074)
	at org.springframework.beans.factory.support.AbstractAutowireCapableBeanFactory.doCreateBean(AbstractAutowireCapableBeanFactory.java:517)
	at org.springframework.beans.factory.support.AbstractAutowireCapableBeanFactory.createBean(AbstractAutowireCapableBeanFactory.java:456)
	at org.springframework.beans.factory.support.AbstractBeanFactory$1.getObject(AbstractBeanFactory.java:293)
	at org.springframework.beans.factory.support.DefaultSingletonBeanRegistry.getSingleton(DefaultSingletonBeanRegistry.java:222)
	at org.springframework.beans.factory.support.AbstractBeanFactory.doGetBean(AbstractBeanFactory.java:290)
	at org.springframework.beans.factory.support.AbstractBeanFactory.getBean(AbstractBeanFactory.java:192)
	at org.springframework.beans.factory.support.DefaultListableBeanFactory.preInstantiateSingletons(DefaultListableBeanFactory.java:585)
	at org.springframework.context.support.AbstractApplicationContext.finishBeanFactoryInitialization(AbstractApplicationContext.java:895)
	at org.springframework.context.support.AbstractApplicationContext.refresh(AbstractApplicationContext.java:425)
	at org.springframework.test.context.support.AbstractGenericContextLoader.loadContext(AbstractGenericContextLoader.java:84)
	at org.springframework.test.context.support.AbstractGenericContextLoader.loadContext(AbstractGenericContextLoader.java:1)
	at org.springframework.test.context.TestContext.loadApplicationContext(TestContext.java:280)
	at org.springframework.test.context.TestContext.getApplicationContext(TestContext.java:304)
	... 18 more
Caused by: org.springframework.beans.factory.BeanCreationException: Could not autowire field: private com.rackspace.search.service.core.CoreTicketOngoingSyncJob com.rackspace.search.endpoint.AdminResource.coreTicketOngoingSyncJob; nested exception is org.springframework.beans.factory.BeanCreationException: Error creating bean with name &apos;coreTicketOngoingSyncJob&apos;: Invocation of init method failed; nested exception is org.elasticsearch.indices.IndexMissingException: [admin] missing
	at org.springframework.beans.factory.annotation.AutowiredAnnotationBeanPostProcessor$AutowiredFieldElement.inject(AutowiredAnnotationBeanPostProcessor.java:508)
	at org.springframework.beans.factory.annotation.InjectionMetadata.inject(InjectionMetadata.java:84)
	at org.springframework.beans.factory.annotation.AutowiredAnnotationBeanPostProcessor.postProcessPropertyValues(AutowiredAnnotationBeanPostProcessor.java:285)
	... 32 more
Caused by: org.springframework.beans.factory.BeanCreationException: Error creating bean with name &apos;coreTicketOngoingSyncJob&apos;: Invocation of init method failed; nested exception is org.elasticsearch.indices.IndexMissingException: [admin] missing
	at org.springframework.beans.factory.annotation.InitDestroyAnnotationBeanPostProcessor.postProcessBeforeInitialization(InitDestroyAnnotationBeanPostProcessor.java:133)
	at org.springframework.beans.factory.support.AbstractAutowireCapableBeanFactory.applyBeanPostProcessorsBeforeInitialization(AbstractAutowireCapableBeanFactory.java:394)
	at org.springframework.beans.factory.support.AbstractAutowireCapableBeanFactory.initializeBean(AbstractAutowireCapableBeanFactory.java:1413)
	at org.springframework.beans.factory.support.AbstractAutowireCapableBeanFactory.doCreateBean(AbstractAutowireCapableBeanFactory.java:519)
	at org.springframework.beans.factory.support.AbstractAutowireCapableBeanFactory.createBean(AbstractAutowireCapableBeanFactory.java:456)
	at org.springframework.beans.factory.support.AbstractBeanFactory$1.getObject(AbstractBeanFactory.java:293)
	at org.springframework.beans.factory.support.DefaultSingletonBeanRegistry.getSingleton(DefaultSingletonBeanRegistry.java:222)
	at org.springframework.beans.factory.support.AbstractBeanFactory.doGetBean(AbstractBeanFactory.java:290)
	at org.springframework.beans.factory.support.AbstractBeanFactory.getBean(AbstractBeanFactory.java:192)
	at org.springframework.beans.factory.support.DefaultListableBeanFactory.findAutowireCandidates(DefaultListableBeanFactory.java:848)
	at org.springframework.beans.factory.support.DefaultListableBeanFactory.doResolveDependency(DefaultListableBeanFactory.java:790)
	at org.springframework.beans.factory.support.DefaultListableBeanFactory.resolveDependency(DefaultListableBeanFactory.java:707)
	at org.springframework.beans.factory.annotation.AutowiredAnnotationBeanPostProcessor$AutowiredFieldElement.inject(AutowiredAnnotationBeanPostProcessor.java:480)
	... 34 more
Caused by: org.elasticsearch.indices.IndexMissingException: [admin] missing
	at org.elasticsearch.cluster.metadata.MetaData.concreteIndex(MetaData.java:211)
	at org.elasticsearch.action.support.single.shard.TransportShardSingleOperationAction$AsyncSingleAction.&lt;init&gt;(TransportShardSingleOperationAction.java:107)
	at org.elasticsearch.action.support.single.shard.TransportShardSingleOperationAction$AsyncSingleAction.&lt;init&gt;(TransportShardSingleOperationAction.java:88)
	at org.elasticsearch.action.support.single.shard.TransportShardSingleOperationAction.doExecute(TransportShardSingleOperationAction.java:69)
	at org.elasticsearch.action.support.single.shard.TransportShardSingleOperationAction.doExecute(TransportShardSingleOperationAction.java:45)
	at org.elasticsearch.action.support.BaseAction.execute(BaseAction.java:61)
	at org.elasticsearch.client.node.NodeClient.get(NodeClient.java:152)
	at org.elasticsearch.client.action.get.GetRequestBuilder.doExecute(GetRequestBuilder.java:119)
	at org.elasticsearch.client.action.support.BaseRequestBuilder.execute(BaseRequestBuilder.java:56)
	at org.elasticsearch.client.action.support.BaseRequestBuilder.execute(BaseRequestBuilder.java:51)
	at com.rackspace.search.elasticsearch.client.ElasticSearchClient.getDocument(ElasticSearchClient.groovy:202)
	at com.rackspace.search.service.JobService.getJob(JobService.groovy:38)
	at com.rackspace.search.service.core.CoreTicketOngoingSyncJob.setupActivities(CoreTicketOnGoingSyncJob.groovy:54)
	at org.springframework.beans.factory.annotation.InitDestroyAnnotationBeanPostProcessor$LifecycleElement.invoke(InitDestroyAnnotationBeanPostProcessor.java:340)
	at org.springframework.beans.factory.annotation.InitDestroyAnnotationBeanPostProcessor$LifecycleMetadata.invokeInitMethods(InitDestroyAnnotationBeanPostProcessor.java:293)
	at org.springframework.beans.factory.annotation.InitDestroyAnnotationBeanPostProcessor.postProcessBeforeInitialization(InitDestroyAnnotationBeanPostProcessor.java:130)
	... 46 more
</errorStackTrace>
          <errorDetails>Failed to load ApplicationContext</errorDetails>
          <stdout>16:33:15.004 [main] INFO  c.r.s.common.property.PropertyProvider - Loading properties file from file [/var/lib/jenkins/jobs/Samatha Fork/workspace/service/target/properties/local/search.properties]
16:33:15.005 [main] INFO  c.r.s.common.property.PropertyProvider - Loading properties file from file [/var/lib/jenkins/jobs/Samatha Fork/workspace/service/target/properties/local/search.secrets.properties]
16:33:15.005 [main] INFO  c.r.s.common.property.PropertyProvider - Loading properties file from file [/var/lib/jenkins/jobs/Samatha Fork/workspace/service/target/properties/local/elasticsearch.properties]
16:33:15.029 [main] INFO  c.r.s.elasticsearch.ElasticSearchServer - Starting the Elastic Search server node:
16:33:15.032 [main] INFO  org.elasticsearch.node - [ticket.node] {elasticsearch/0.16.2}[16944]: initializing ...
16:33:15.033 [main] INFO  org.elasticsearch.plugins - [ticket.node] loaded []
16:33:15.510 [main] INFO  org.elasticsearch.node - [ticket.node] {elasticsearch/0.16.2}[16944]: initialized
16:33:15.511 [main] INFO  c.r.s.elasticsearch.ElasticSearchServer - Starting the Elastic Search server node with these settings:
16:33:15.511 [main] INFO  c.r.s.elasticsearch.ElasticSearchServer - Elasticsearch Settings :  [core.db.url:jdbc:postgresql://dev.db.core.rackspace.com:5432/core_dev, node.local:true, index.analysis.analyzer.search_standard.filter:[lowercase], elastic.config.path:/var/lib/jenkins/jobs/Samatha Fork/workspace/service/target/properties/local/elasticsearch, path.data:/var/lib/jenkins/jobs/Samatha Fork/workspace/service/target/elasticsearch/data, ticket.core.dateformat:yyyy-MM-dd HH:mm:ss, cluster.name:ticket.cluster, index.analysis.analyzer.search_standard.type:standard, core.db.password:, path.conf:/var/lib/jenkins/jobs/Samatha Fork/workspace/service/target/properties/local/elasticsearch, core.api.password:qwerty, ticket.ongoingsync.delay.seconds:2000, name:ticket.node, http.enabled:true, path.logs:/var/lib/jenkins/jobs/Samatha Fork/workspace/service/target/elasticsearch/logs, index.number_of_replicas:0, ticket.document.idName:number, core.api.endpoint:https://ws.staging.core.rackspace.com/ctkapi, ticket.document.type:ticket, ticket.index.name:ticket, admin.index.name:admin, indices.structure:/indices_structure.json, index.store.fs.memory.enabled:false, index.number_of_shards:5, admin.document.type:syncJob, core.db.username:usq_read, ticket.core.date.timezone:CST, ticket.search.allowedRangeParams:created_at,updated_at,last_public_response_date, ticket.search.allowedTermParams:source_system,number,created_at,updated_at,last_public_response_date,status,queue,category,priority,assignee.name,account.number, core.driver.class:org.postgresql.Driver, core.api.username:rcameron, ticket.elastic.dateformat:yyyy-MM-dd&apos;T&apos;HH:mm:ss.SSSZZ, discovery.zen.ping.multicast.enabled:false, action.auto_create_index:1, path.home:/var/lib/jenkins/jobs/Samatha Fork/workspace/service, path.work:/var/lib/jenkins/jobs/Samatha Fork/workspace/service/work, path.work_with_cluster:/var/lib/jenkins/jobs/Samatha Fork/workspace/service/work/ticket.cluster, path.data_with_cluster:/var/lib/jenkins/jobs/Samatha Fork/workspace/service/target/elasticsearch/data/ticket.cluster]
16:33:15.511 [main] INFO  org.elasticsearch.node - [ticket.node] {elasticsearch/0.16.2}[16944]: starting ...
16:33:15.519 [main] INFO  org.elasticsearch.transport - [ticket.node] bound_address {local[3]}, publish_address {local[3]}
16:33:15.519 [elasticsearch[ticket.node]clusterService#updateTask-pool-39-thread-1] INFO  org.elasticsearch.cluster.service - [ticket.node] new_master [ticket.node][3][local[3]]{local=true}, reason: local-disco-initial_connect(master)
16:33:15.520 [main] INFO  org.elasticsearch.discovery - [ticket.node] ticket.cluster/3
16:33:15.530 [main] INFO  org.elasticsearch.http - [ticket.node] bound_address {inet[/0:0:0:0:0:0:0:0:9200]}, publish_address {inet[/10.14.208.252:9200]}
16:33:15.531 [main] INFO  org.elasticsearch.node - [ticket.node] {elasticsearch/0.16.2}[16944]: started
16:33:15.531 [main] INFO  c.r.s.elasticsearch.ElasticSearchServer - Elastic Search server is started.
16:33:15.565 [main] INFO  c.r.s.elasticsearch.ElasticSearchServer - ES cluster status is GREEN
16:33:15.618 [main] INFO  org.elasticsearch.node - [ticket.node] {elasticsearch/0.16.2}[16944]: stopping ...
16:33:15.623 [elasticsearch[ticket.node]clusterService#updateTask-pool-39-thread-1] INFO  org.elasticsearch.gateway - [ticket.node] recovered [0] indices into cluster_state
16:33:15.842 [main] INFO  org.elasticsearch.node - [ticket.node] {elasticsearch/0.16.2}[16944]: stopped
16:33:15.843 [main] INFO  org.elasticsearch.node - [ticket.node] {elasticsearch/0.16.2}[16944]: closing ...
16:33:15.847 [main] INFO  org.elasticsearch.node - [ticket.node] {elasticsearch/0.16.2}[16944]: closed
16:33:15.854 [main] ERROR o.s.test.context.TestContextManager - Caught exception while allowing TestExecutionListener [org.springframework.test.context.support.DependencyInjectionTestExecutionListener@3236d036] to prepare test instance [com.rackspace.search.service.JobServiceTest@1f2f0ce9]
java.lang.IllegalStateException: Failed to load ApplicationContext
	at org.springframework.test.context.TestContext.getApplicationContext(TestContext.java:308) ~[spring-test-3.0.6.RELEASE.jar:3.0.6.RELEASE]
	at org.springframework.test.context.support.DependencyInjectionTestExecutionListener.injectDependencies(DependencyInjectionTestExecutionListener.java:109) ~[spring-test-3.0.6.RELEASE.jar:3.0.6.RELEASE]
	at org.springframework.test.context.support.DependencyInjectionTestExecutionListener.prepareTestInstance(DependencyInjectionTestExecutionListener.java:75) ~[spring-test-3.0.6.RELEASE.jar:3.0.6.RELEASE]
	at org.springframework.test.context.TestContextManager.prepareTestInstance(TestContextManager.java:321) ~[spring-test-3.0.6.RELEASE.jar:3.0.6.RELEASE]
	at org.spockframework.spring.SpringTestContextManager.prepareTestInstance(SpringTestContextManager.java:49) [spock-spring-0.7-groovy-2.0.jar:na]
	at org.spockframework.spring.SpringInterceptor.interceptSetupMethod(SpringInterceptor.java:42) [spock-spring-0.7-groovy-2.0.jar:na]
	at org.spockframework.runtime.extension.AbstractMethodInterceptor.intercept(AbstractMethodInterceptor.java:28) [spock-core-0.7-groovy-2.0.jar:na]
	at org.spockframework.runtime.extension.MethodInvocation.proceed(MethodInvocation.java:84) [spock-core-0.7-groovy-2.0.jar:na]
	at org.spockframework.runtime.BaseSpecRunner.invoke(BaseSpecRunner.java:319) [spock-core-0.7-groovy-2.0.jar:na]
	at org.spockframework.runtime.BaseSpecRunner.invokeSetup(BaseSpecRunner.java:279) [spock-core-0.7-groovy-2.0.jar:na]
	at org.spockframework.runtime.BaseSpecRunner.doRunIteration(BaseSpecRunner.java:255) [spock-core-0.7-groovy-2.0.jar:na]
	at sun.reflect.GeneratedMethodAccessor11.invoke(Unknown Source) ~[na:na]
	at sun.reflect.DelegatingMethodAccessorImpl.invoke(DelegatingMethodAccessorImpl.java:25) ~[na:1.6.0_38]
	at java.lang.reflect.Method.invoke(Method.java:597) ~[na:1.6.0_38]
	at org.spockframework.util.ReflectionUtil.invokeMethod(ReflectionUtil.java:138) [spock-core-0.7-groovy-2.0.jar:na]
	at org.spockframework.runtime.BaseSpecRunner.invokeRaw(BaseSpecRunner.java:330) [spock-core-0.7-groovy-2.0.jar:na]
	at org.spockframework.runtime.BaseSpecRunner.invoke(BaseSpecRunner.java:311) [spock-core-0.7-groovy-2.0.jar:na]
	at org.spockframework.runtime.BaseSpecRunner.runIteration(BaseSpecRunner.java:223) [spock-core-0.7-groovy-2.0.jar:na]
	at org.spockframework.runtime.BaseSpecRunner.initializeAndRunIteration(BaseSpecRunner.java:214) [spock-core-0.7-groovy-2.0.jar:na]
	at org.spockframework.runtime.BaseSpecRunner.runSimpleFeature(BaseSpecRunner.java:205) [spock-core-0.7-groovy-2.0.jar:na]
	at org.spockframework.runtime.BaseSpecRunner.doRunFeature(BaseSpecRunner.java:199) [spock-core-0.7-groovy-2.0.jar:na]
	at sun.reflect.NativeMethodAccessorImpl.invoke0(Native Method) ~[na:1.6.0_38]
	at sun.reflect.NativeMethodAccessorImpl.invoke(NativeMethodAccessorImpl.java:39) ~[na:1.6.0_38]
	at sun.reflect.DelegatingMethodAccessorImpl.invoke(DelegatingMethodAccessorImpl.java:25) ~[na:1.6.0_38]
	at java.lang.reflect.Method.invoke(Method.java:597) ~[na:1.6.0_38]
	at org.spockframework.util.ReflectionUtil.invokeMethod(ReflectionUtil.java:138) [spock-core-0.7-groovy-2.0.jar:na]
	at org.spockframework.runtime.BaseSpecRunner.invokeRaw(BaseSpecRunner.java:330) [spock-core-0.7-groovy-2.0.jar:na]
	at org.spockframework.runtime.BaseSpecRunner.invoke(BaseSpecRunner.java:311) [spock-core-0.7-groovy-2.0.jar:na]
	at org.spockframework.runtime.BaseSpecRunner.runFeature(BaseSpecRunner.java:175) [spock-core-0.7-groovy-2.0.jar:na]
	at org.spockframework.runtime.BaseSpecRunner.runFeatures(BaseSpecRunner.java:152) [spock-core-0.7-groovy-2.0.jar:na]
	at org.spockframework.runtime.BaseSpecRunner.doRunSpec(BaseSpecRunner.java:112) [spock-core-0.7-groovy-2.0.jar:na]
	at sun.reflect.NativeMethodAccessorImpl.invoke0(Native Method) ~[na:1.6.0_38]
	at sun.reflect.NativeMethodAccessorImpl.invoke(NativeMethodAccessorImpl.java:39) ~[na:1.6.0_38]
	at sun.reflect.DelegatingMethodAccessorImpl.invoke(DelegatingMethodAccessorImpl.java:25) ~[na:1.6.0_38]
	at java.lang.reflect.Method.invoke(Method.java:597) ~[na:1.6.0_38]
	at org.spockframework.util.ReflectionUtil.invokeMethod(ReflectionUtil.java:138) [spock-core-0.7-groovy-2.0.jar:na]
	at org.spockframework.runtime.BaseSpecRunner.invokeRaw(BaseSpecRunner.java:330) [spock-core-0.7-groovy-2.0.jar:na]
	at org.spockframework.runtime.BaseSpecRunner.invoke(BaseSpecRunner.java:311) [spock-core-0.7-groovy-2.0.jar:na]
	at org.spockframework.runtime.BaseSpecRunner.runSpec(BaseSpecRunner.java:91) [spock-core-0.7-groovy-2.0.jar:na]
	at org.spockframework.runtime.BaseSpecRunner.run(BaseSpecRunner.java:82) [spock-core-0.7-groovy-2.0.jar:na]
	at org.spockframework.runtime.Sputnik.run(Sputnik.java:63) [spock-core-0.7-groovy-2.0.jar:na]
	at org.apache.maven.surefire.junit4.JUnit4TestSet.execute(JUnit4TestSet.java:53) [surefire-junit4-2.10.jar:2.10]
	at org.apache.maven.surefire.junit4.JUnit4Provider.executeTestSet(JUnit4Provider.java:123) [surefire-junit4-2.10.jar:2.10]
	at org.apache.maven.surefire.junit4.JUnit4Provider.invoke(JUnit4Provider.java:104) [surefire-junit4-2.10.jar:2.10]
	at sun.reflect.NativeMethodAccessorImpl.invoke0(Native Method) ~[na:1.6.0_38]
	at sun.reflect.NativeMethodAccessorImpl.invoke(NativeMethodAccessorImpl.java:39) ~[na:1.6.0_38]
	at sun.reflect.DelegatingMethodAccessorImpl.invoke(DelegatingMethodAccessorImpl.java:25) ~[na:1.6.0_38]
	at java.lang.reflect.Method.invoke(Method.java:597) ~[na:1.6.0_38]
	at org.apache.maven.surefire.util.ReflectionUtils.invokeMethodWithArray(ReflectionUtils.java:164) [surefire-api-2.10.jar:2.10]
	at org.apache.maven.surefire.booter.ProviderFactory$ProviderProxy.invoke(ProviderFactory.java:110) [surefire-booter-2.10.jar:2.10]
	at org.apache.maven.surefire.booter.SurefireStarter.invokeProvider(SurefireStarter.java:175) [surefire-booter-2.10.jar:2.10]
	at org.apache.maven.surefire.booter.SurefireStarter.runSuitesInProcessWhenForked(SurefireStarter.java:107) [surefire-booter-2.10.jar:2.10]
	at org.apache.maven.surefire.booter.ForkedBooter.main(ForkedBooter.java:68) [surefire-booter-2.10.jar:2.10]
Caused by: org.springframework.beans.factory.BeanCreationException: Error creating bean with name &apos;adminResource&apos;: Injection of autowired dependencies failed; nested exception is org.springframework.beans.factory.BeanCreationException: Could not autowire field: private com.rackspace.search.service.core.CoreTicketOngoingSyncJob com.rackspace.search.endpoint.AdminResource.coreTicketOngoingSyncJob; nested exception is org.springframework.beans.factory.BeanCreationException: Error creating bean with name &apos;coreTicketOngoingSyncJob&apos;: Invocation of init method failed; nested exception is org.elasticsearch.indices.IndexMissingException: [admin] missing
	at org.springframework.beans.factory.annotation.AutowiredAnnotationBeanPostProcessor.postProcessPropertyValues(AutowiredAnnotationBeanPostProcessor.java:288) ~[spring-beans-3.0.6.RELEASE.jar:3.0.6.RELEASE]
	at org.springframework.beans.factory.support.AbstractAutowireCapableBeanFactory.populateBean(AbstractAutowireCapableBeanFactory.java:1074) ~[spring-beans-3.0.6.RELEASE.jar:3.0.6.RELEASE]
	at org.springframework.beans.factory.support.AbstractAutowireCapableBeanFactory.doCreateBean(AbstractAutowireCapableBeanFactory.java:517) ~[spring-beans-3.0.6.RELEASE.jar:3.0.6.RELEASE]
	at org.springframework.beans.factory.support.AbstractAutowireCapableBeanFactory.createBean(AbstractAutowireCapableBeanFactory.java:456) ~[spring-beans-3.0.6.RELEASE.jar:3.0.6.RELEASE]
	at org.springframework.beans.factory.support.AbstractBeanFactory$1.getObject(AbstractBeanFactory.java:293) ~[spring-beans-3.0.6.RELEASE.jar:3.0.6.RELEASE]
	at org.springframework.beans.factory.support.DefaultSingletonBeanRegistry.getSingleton(DefaultSingletonBeanRegistry.java:222) ~[spring-beans-3.0.6.RELEASE.jar:3.0.6.RELEASE]
	at org.springframework.beans.factory.support.AbstractBeanFactory.doGetBean(AbstractBeanFactory.java:290) ~[spring-beans-3.0.6.RELEASE.jar:3.0.6.RELEASE]
	at org.springframework.beans.factory.support.AbstractBeanFactory.getBean(AbstractBeanFactory.java:192) ~[spring-beans-3.0.6.RELEASE.jar:3.0.6.RELEASE]
	at org.springframework.beans.factory.support.DefaultListableBeanFactory.preInstantiateSingletons(DefaultListableBeanFactory.java:585) ~[spring-beans-3.0.6.RELEASE.jar:3.0.6.RELEASE]
	at org.springframework.context.support.AbstractApplicationContext.finishBeanFactoryInitialization(AbstractApplicationContext.java:895) ~[spring-context-3.0.6.RELEASE.jar:3.0.6.RELEASE]
	at org.springframework.context.support.AbstractApplicationContext.refresh(AbstractApplicationContext.java:425) ~[spring-context-3.0.6.RELEASE.jar:3.0.6.RELEASE]
	at org.springframework.test.context.support.AbstractGenericContextLoader.loadContext(AbstractGenericContextLoader.java:84) ~[spring-test-3.0.6.RELEASE.jar:3.0.6.RELEASE]
	at org.springframework.test.context.support.AbstractGenericContextLoader.loadContext(AbstractGenericContextLoader.java:1) ~[spring-test-3.0.6.RELEASE.jar:3.0.6.RELEASE]
	at org.springframework.test.context.TestContext.loadApplicationContext(TestContext.java:280) ~[spring-test-3.0.6.RELEASE.jar:3.0.6.RELEASE]
	at org.springframework.test.context.TestContext.getApplicationContext(TestContext.java:304) ~[spring-test-3.0.6.RELEASE.jar:3.0.6.RELEASE]
	... 52 common frames omitted
Caused by: org.springframework.beans.factory.BeanCreationException: Could not autowire field: private com.rackspace.search.service.core.CoreTicketOngoingSyncJob com.rackspace.search.endpoint.AdminResource.coreTicketOngoingSyncJob; nested exception is org.springframework.beans.factory.BeanCreationException: Error creating bean with name &apos;coreTicketOngoingSyncJob&apos;: Invocation of init method failed; nested exception is org.elasticsearch.indices.IndexMissingException: [admin] missing
	at org.springframework.beans.factory.annotation.AutowiredAnnotationBeanPostProcessor$AutowiredFieldElement.inject(AutowiredAnnotationBeanPostProcessor.java:508) ~[spring-beans-3.0.6.RELEASE.jar:3.0.6.RELEASE]
	at org.springframework.beans.factory.annotation.InjectionMetadata.inject(InjectionMetadata.java:84) ~[spring-beans-3.0.6.RELEASE.jar:3.0.6.RELEASE]
	at org.springframework.beans.factory.annotation.AutowiredAnnotationBeanPostProcessor.postProcessPropertyValues(AutowiredAnnotationBeanPostProcessor.java:285) ~[spring-beans-3.0.6.RELEASE.jar:3.0.6.RELEASE]
	... 66 common frames omitted
Caused by: org.springframework.beans.factory.BeanCreationException: Error creating bean with name &apos;coreTicketOngoingSyncJob&apos;: Invocation of init method failed; nested exception is org.elasticsearch.indices.IndexMissingException: [admin] missing
	at org.springframework.beans.factory.annotation.InitDestroyAnnotationBeanPostProcessor.postProcessBeforeInitialization(InitDestroyAnnotationBeanPostProcessor.java:133) ~[spring-beans-3.0.6.RELEASE.jar:3.0.6.RELEASE]
	at org.springframework.beans.factory.support.AbstractAutowireCapableBeanFactory.applyBeanPostProcessorsBeforeInitialization(AbstractAutowireCapableBeanFactory.java:394) ~[spring-beans-3.0.6.RELEASE.jar:3.0.6.RELEASE]
	at org.springframework.beans.factory.support.AbstractAutowireCapableBeanFactory.initializeBean(AbstractAutowireCapableBeanFactory.java:1413) ~[spring-beans-3.0.6.RELEASE.jar:3.0.6.RELEASE]
	at org.springframework.beans.factory.support.AbstractAutowireCapableBeanFactory.doCreateBean(AbstractAutowireCapableBeanFactory.java:519) ~[spring-beans-3.0.6.RELEASE.jar:3.0.6.RELEASE]
	at org.springframework.beans.factory.support.AbstractAutowireCapableBeanFactory.createBean(AbstractAutowireCapableBeanFactory.java:456) ~[spring-beans-3.0.6.RELEASE.jar:3.0.6.RELEASE]
	at org.springframework.beans.factory.support.AbstractBeanFactory$1.getObject(AbstractBeanFactory.java:293) ~[spring-beans-3.0.6.RELEASE.jar:3.0.6.RELEASE]
	at org.springframework.beans.factory.support.DefaultSingletonBeanRegistry.getSingleton(DefaultSingletonBeanRegistry.java:222) ~[spring-beans-3.0.6.RELEASE.jar:3.0.6.RELEASE]
	at org.springframework.beans.factory.support.AbstractBeanFactory.doGetBean(AbstractBeanFactory.java:290) ~[spring-beans-3.0.6.RELEASE.jar:3.0.6.RELEASE]
	at org.springframework.beans.factory.support.AbstractBeanFactory.getBean(AbstractBeanFactory.java:192) ~[spring-beans-3.0.6.RELEASE.jar:3.0.6.RELEASE]
	at org.springframework.beans.factory.support.DefaultListableBeanFactory.findAutowireCandidates(DefaultListableBeanFactory.java:848) ~[spring-beans-3.0.6.RELEASE.jar:3.0.6.RELEASE]
	at org.springframework.beans.factory.support.DefaultListableBeanFactory.doResolveDependency(DefaultListableBeanFactory.java:790) ~[spring-beans-3.0.6.RELEASE.jar:3.0.6.RELEASE]
	at org.springframework.beans.factory.support.DefaultListableBeanFactory.resolveDependency(DefaultListableBeanFactory.java:707) ~[spring-beans-3.0.6.RELEASE.jar:3.0.6.RELEASE]
	at org.springframework.beans.factory.annotation.AutowiredAnnotationBeanPostProcessor$AutowiredFieldElement.inject(AutowiredAnnotationBeanPostProcessor.java:480) ~[spring-beans-3.0.6.RELEASE.jar:3.0.6.RELEASE]
	... 68 common frames omitted
Caused by: org.elasticsearch.indices.IndexMissingException: [admin] missing
	at org.elasticsearch.cluster.metadata.MetaData.concreteIndex(MetaData.java:211) ~[elasticsearch-0.16.2.jar:na]
	at org.elasticsearch.action.support.single.shard.TransportShardSingleOperationAction$AsyncSingleAction.&lt;init&gt;(TransportShardSingleOperationAction.java:107) ~[elasticsearch-0.16.2.jar:na]
	at org.elasticsearch.action.support.single.shard.TransportShardSingleOperationAction$AsyncSingleAction.&lt;init&gt;(TransportShardSingleOperationAction.java:88) ~[elasticsearch-0.16.2.jar:na]
	at org.elasticsearch.action.support.single.shard.TransportShardSingleOperationAction.doExecute(TransportShardSingleOperationAction.java:69) ~[elasticsearch-0.16.2.jar:na]
	at org.elasticsearch.action.support.single.shard.TransportShardSingleOperationAction.doExecute(TransportShardSingleOperationAction.java:45) ~[elasticsearch-0.16.2.jar:na]
	at org.elasticsearch.action.support.BaseAction.execute(BaseAction.java:61) ~[elasticsearch-0.16.2.jar:na]
	at org.elasticsearch.client.node.NodeClient.get(NodeClient.java:152) ~[elasticsearch-0.16.2.jar:na]
	at org.elasticsearch.client.action.get.GetRequestBuilder.doExecute(GetRequestBuilder.java:119) ~[elasticsearch-0.16.2.jar:na]
	at org.elasticsearch.client.action.support.BaseRequestBuilder.execute(BaseRequestBuilder.java:56) ~[elasticsearch-0.16.2.jar:na]
	at org.elasticsearch.client.action.support.BaseRequestBuilder.execute(BaseRequestBuilder.java:51) ~[elasticsearch-0.16.2.jar:na]
	at org.elasticsearch.client.action.RequestBuilder$execute.call(Unknown Source) ~[na:na]
	at com.rackspace.search.elasticsearch.client.ElasticSearchClient.getDocument(ElasticSearchClient.groovy:202) ~[classes/:na]
	at com.rackspace.search.elasticsearch.client.ElasticSearchClient$getDocument.call(Unknown Source) ~[na:na]
	at com.rackspace.search.service.JobService.getJob(JobService.groovy:38) ~[classes/:na]
	at com.rackspace.search.service.JobService$getJob.call(Unknown Source) ~[na:na]
	at com.rackspace.search.service.core.CoreTicketOngoingSyncJob.setupActivities(CoreTicketOnGoingSyncJob.groovy:54) ~[classes/:na]
	at sun.reflect.NativeMethodAccessorImpl.invoke0(Native Method) ~[na:1.6.0_38]
	at sun.reflect.NativeMethodAccessorImpl.invoke(NativeMethodAccessorImpl.java:39) ~[na:1.6.0_38]
	at sun.reflect.DelegatingMethodAccessorImpl.invoke(DelegatingMethodAccessorImpl.java:25) ~[na:1.6.0_38]
	at java.lang.reflect.Method.invoke(Method.java:597) ~[na:1.6.0_38]
	at org.springframework.beans.factory.annotation.InitDestroyAnnotationBeanPostProcessor$LifecycleElement.invoke(InitDestroyAnnotationBeanPostProcessor.java:340) ~[spring-beans-3.0.6.RELEASE.jar:3.0.6.RELEASE]
	at org.springframework.beans.factory.annotation.InitDestroyAnnotationBeanPostProcessor$LifecycleMetadata.invokeInitMethods(InitDestroyAnnotationBeanPostProcessor.java:293) ~[spring-beans-3.0.6.RELEASE.jar:3.0.6.RELEASE]
	at org.springframework.beans.factory.annotation.InitDestroyAnnotationBeanPostProcessor.postProcessBeforeInitialization(InitDestroyAnnotationBeanPostProcessor.java:130) ~[spring-beans-3.0.6.RELEASE.jar:3.0.6.RELEASE]
	... 80 common frames omitted
</stdout>
          <failedSince>1</failedSince>
        </case>
        <case>
          <duration>1.597</duration>
          <className>com.rackspace.search.service.JobServiceTest</className>
          <testName>get All jobs</testName>
          <skipped>false</skipped>
          <errorStackTrace>java.lang.NullPointerException
	at com.rackspace.search.service.JobServiceTest.cleanup(JobServiceTest.groovy:32)
</errorStackTrace>
          <failedSince>1</failedSince>
        </case>
      </cases>
    </suite>
    <suite>
      <file>/var/lib/jenkins/jobs/Samatha Fork/workspace/service/target/surefire-reports/TEST-com.rackspace.search.service.TicketSearchServiceTest.xml</file>
      <name>com.rackspace.search.service.TicketSearchServiceTest</name>
      <duration>2.7140002</duration>
      <cases>
        <case>
          <duration>0.124</duration>
          <className>com.rackspace.search.service.TicketSearchServiceTest</className>
          <testName>should get ticket</testName>
          <skipped>false</skipped>
          <errorStackTrace>java.lang.IllegalStateException: Failed to load ApplicationContext
	at org.springframework.test.context.TestContext.getApplicationContext(TestContext.java:308)
	at org.springframework.test.context.support.DependencyInjectionTestExecutionListener.injectDependencies(DependencyInjectionTestExecutionListener.java:109)
	at org.springframework.test.context.support.DependencyInjectionTestExecutionListener.prepareTestInstance(DependencyInjectionTestExecutionListener.java:75)
	at org.springframework.test.context.TestContextManager.prepareTestInstance(TestContextManager.java:321)
	at org.spockframework.spring.SpringTestContextManager.prepareTestInstance(SpringTestContextManager.java:49)
	at org.spockframework.spring.SpringInterceptor.interceptSetupMethod(SpringInterceptor.java:42)
	at org.spockframework.runtime.extension.AbstractMethodInterceptor.intercept(AbstractMethodInterceptor.java:28)
	at org.spockframework.runtime.extension.MethodInvocation.proceed(MethodInvocation.java:84)
	at org.spockframework.util.ReflectionUtil.invokeMethod(ReflectionUtil.java:138)
	at org.spockframework.util.ReflectionUtil.invokeMethod(ReflectionUtil.java:138)
	at org.spockframework.util.ReflectionUtil.invokeMethod(ReflectionUtil.java:138)
	at org.apache.maven.surefire.junit4.JUnit4TestSet.execute(JUnit4TestSet.java:53)
	at org.apache.maven.surefire.junit4.JUnit4Provider.executeTestSet(JUnit4Provider.java:123)
	at org.apache.maven.surefire.junit4.JUnit4Provider.invoke(JUnit4Provider.java:104)
	at org.apache.maven.surefire.util.ReflectionUtils.invokeMethodWithArray(ReflectionUtils.java:164)
	at org.apache.maven.surefire.booter.ProviderFactory$ProviderProxy.invoke(ProviderFactory.java:110)
	at org.apache.maven.surefire.booter.SurefireStarter.invokeProvider(SurefireStarter.java:175)
	at org.apache.maven.surefire.booter.SurefireStarter.runSuitesInProcessWhenForked(SurefireStarter.java:107)
	at org.apache.maven.surefire.booter.ForkedBooter.main(ForkedBooter.java:68)
Caused by: org.springframework.beans.factory.BeanCreationException: Error creating bean with name &apos;adminResource&apos;: Injection of autowired dependencies failed; nested exception is org.springframework.beans.factory.BeanCreationException: Could not autowire field: private com.rackspace.search.service.core.CoreTicketOngoingSyncJob com.rackspace.search.endpoint.AdminResource.coreTicketOngoingSyncJob; nested exception is org.springframework.beans.factory.BeanCreationException: Error creating bean with name &apos;coreTicketOngoingSyncJob&apos;: Invocation of init method failed; nested exception is org.elasticsearch.indices.IndexMissingException: [admin] missing
	at org.springframework.beans.factory.annotation.AutowiredAnnotationBeanPostProcessor.postProcessPropertyValues(AutowiredAnnotationBeanPostProcessor.java:288)
	at org.springframework.beans.factory.support.AbstractAutowireCapableBeanFactory.populateBean(AbstractAutowireCapableBeanFactory.java:1074)
	at org.springframework.beans.factory.support.AbstractAutowireCapableBeanFactory.doCreateBean(AbstractAutowireCapableBeanFactory.java:517)
	at org.springframework.beans.factory.support.AbstractAutowireCapableBeanFactory.createBean(AbstractAutowireCapableBeanFactory.java:456)
	at org.springframework.beans.factory.support.AbstractBeanFactory$1.getObject(AbstractBeanFactory.java:293)
	at org.springframework.beans.factory.support.DefaultSingletonBeanRegistry.getSingleton(DefaultSingletonBeanRegistry.java:222)
	at org.springframework.beans.factory.support.AbstractBeanFactory.doGetBean(AbstractBeanFactory.java:290)
	at org.springframework.beans.factory.support.AbstractBeanFactory.getBean(AbstractBeanFactory.java:192)
	at org.springframework.beans.factory.support.DefaultListableBeanFactory.preInstantiateSingletons(DefaultListableBeanFactory.java:585)
	at org.springframework.context.support.AbstractApplicationContext.finishBeanFactoryInitialization(AbstractApplicationContext.java:895)
	at org.springframework.context.support.AbstractApplicationContext.refresh(AbstractApplicationContext.java:425)
	at org.springframework.test.context.support.AbstractGenericContextLoader.loadContext(AbstractGenericContextLoader.java:84)
	at org.springframework.test.context.support.AbstractGenericContextLoader.loadContext(AbstractGenericContextLoader.java:1)
	at org.springframework.test.context.TestContext.loadApplicationContext(TestContext.java:280)
	at org.springframework.test.context.TestContext.getApplicationContext(TestContext.java:304)
	... 18 more
Caused by: org.springframework.beans.factory.BeanCreationException: Could not autowire field: private com.rackspace.search.service.core.CoreTicketOngoingSyncJob com.rackspace.search.endpoint.AdminResource.coreTicketOngoingSyncJob; nested exception is org.springframework.beans.factory.BeanCreationException: Error creating bean with name &apos;coreTicketOngoingSyncJob&apos;: Invocation of init method failed; nested exception is org.elasticsearch.indices.IndexMissingException: [admin] missing
	at org.springframework.beans.factory.annotation.AutowiredAnnotationBeanPostProcessor$AutowiredFieldElement.inject(AutowiredAnnotationBeanPostProcessor.java:508)
	at org.springframework.beans.factory.annotation.InjectionMetadata.inject(InjectionMetadata.java:84)
	at org.springframework.beans.factory.annotation.AutowiredAnnotationBeanPostProcessor.postProcessPropertyValues(AutowiredAnnotationBeanPostProcessor.java:285)
	... 32 more
Caused by: org.springframework.beans.factory.BeanCreationException: Error creating bean with name &apos;coreTicketOngoingSyncJob&apos;: Invocation of init method failed; nested exception is org.elasticsearch.indices.IndexMissingException: [admin] missing
	at org.springframework.beans.factory.annotation.InitDestroyAnnotationBeanPostProcessor.postProcessBeforeInitialization(InitDestroyAnnotationBeanPostProcessor.java:133)
	at org.springframework.beans.factory.support.AbstractAutowireCapableBeanFactory.applyBeanPostProcessorsBeforeInitialization(AbstractAutowireCapableBeanFactory.java:394)
	at org.springframework.beans.factory.support.AbstractAutowireCapableBeanFactory.initializeBean(AbstractAutowireCapableBeanFactory.java:1413)
	at org.springframework.beans.factory.support.AbstractAutowireCapableBeanFactory.doCreateBean(AbstractAutowireCapableBeanFactory.java:519)
	at org.springframework.beans.factory.support.AbstractAutowireCapableBeanFactory.createBean(AbstractAutowireCapableBeanFactory.java:456)
	at org.springframework.beans.factory.support.AbstractBeanFactory$1.getObject(AbstractBeanFactory.java:293)
	at org.springframework.beans.factory.support.DefaultSingletonBeanRegistry.getSingleton(DefaultSingletonBeanRegistry.java:222)
	at org.springframework.beans.factory.support.AbstractBeanFactory.doGetBean(AbstractBeanFactory.java:290)
	at org.springframework.beans.factory.support.AbstractBeanFactory.getBean(AbstractBeanFactory.java:192)
	at org.springframework.beans.factory.support.DefaultListableBeanFactory.findAutowireCandidates(DefaultListableBeanFactory.java:848)
	at org.springframework.beans.factory.support.DefaultListableBeanFactory.doResolveDependency(DefaultListableBeanFactory.java:790)
	at org.springframework.beans.factory.support.DefaultListableBeanFactory.resolveDependency(DefaultListableBeanFactory.java:707)
	at org.springframework.beans.factory.annotation.AutowiredAnnotationBeanPostProcessor$AutowiredFieldElement.inject(AutowiredAnnotationBeanPostProcessor.java:480)
	... 34 more
Caused by: org.elasticsearch.indices.IndexMissingException: [admin] missing
	at org.elasticsearch.cluster.metadata.MetaData.concreteIndex(MetaData.java:211)
	at org.elasticsearch.action.support.single.shard.TransportShardSingleOperationAction$AsyncSingleAction.&lt;init&gt;(TransportShardSingleOperationAction.java:107)
	at org.elasticsearch.action.support.single.shard.TransportShardSingleOperationAction$AsyncSingleAction.&lt;init&gt;(TransportShardSingleOperationAction.java:88)
	at org.elasticsearch.action.support.single.shard.TransportShardSingleOperationAction.doExecute(TransportShardSingleOperationAction.java:69)
	at org.elasticsearch.action.support.single.shard.TransportShardSingleOperationAction.doExecute(TransportShardSingleOperationAction.java:45)
	at org.elasticsearch.action.support.BaseAction.execute(BaseAction.java:61)
	at org.elasticsearch.client.node.NodeClient.get(NodeClient.java:152)
	at org.elasticsearch.client.action.get.GetRequestBuilder.doExecute(GetRequestBuilder.java:119)
	at org.elasticsearch.client.action.support.BaseRequestBuilder.execute(BaseRequestBuilder.java:56)
	at org.elasticsearch.client.action.support.BaseRequestBuilder.execute(BaseRequestBuilder.java:51)
	at com.rackspace.search.elasticsearch.client.ElasticSearchClient.getDocument(ElasticSearchClient.groovy:202)
	at com.rackspace.search.service.JobService.getJob(JobService.groovy:38)
	at com.rackspace.search.service.core.CoreTicketOngoingSyncJob.setupActivities(CoreTicketOnGoingSyncJob.groovy:54)
	at org.springframework.beans.factory.annotation.InitDestroyAnnotationBeanPostProcessor$LifecycleElement.invoke(InitDestroyAnnotationBeanPostProcessor.java:340)
	at org.springframework.beans.factory.annotation.InitDestroyAnnotationBeanPostProcessor$LifecycleMetadata.invokeInitMethods(InitDestroyAnnotationBeanPostProcessor.java:293)
	at org.springframework.beans.factory.annotation.InitDestroyAnnotationBeanPostProcessor.postProcessBeforeInitialization(InitDestroyAnnotationBeanPostProcessor.java:130)
	... 46 more
</errorStackTrace>
          <errorDetails>Failed to load ApplicationContext</errorDetails>
          <stdout>16:33:16.043 [main] INFO  c.r.s.common.property.PropertyProvider - Loading properties file from file [/var/lib/jenkins/jobs/Samatha Fork/workspace/service/target/properties/local/search.properties]
16:33:16.043 [main] INFO  c.r.s.common.property.PropertyProvider - Loading properties file from file [/var/lib/jenkins/jobs/Samatha Fork/workspace/service/target/properties/local/search.secrets.properties]
16:33:16.043 [main] INFO  c.r.s.common.property.PropertyProvider - Loading properties file from file [/var/lib/jenkins/jobs/Samatha Fork/workspace/service/target/properties/local/elasticsearch.properties]
16:33:16.059 [main] INFO  c.r.s.elasticsearch.ElasticSearchServer - Starting the Elastic Search server node:
16:33:16.062 [main] INFO  org.elasticsearch.node - [ticket.node] {elasticsearch/0.16.2}[16944]: initializing ...
16:33:16.062 [main] INFO  org.elasticsearch.plugins - [ticket.node] loaded []
16:33:16.290 [main] INFO  org.elasticsearch.node - [ticket.node] {elasticsearch/0.16.2}[16944]: initialized
16:33:16.290 [main] INFO  c.r.s.elasticsearch.ElasticSearchServer - Starting the Elastic Search server node with these settings:
16:33:16.290 [main] INFO  c.r.s.elasticsearch.ElasticSearchServer - Elasticsearch Settings :  [core.db.url:jdbc:postgresql://dev.db.core.rackspace.com:5432/core_dev, node.local:true, index.analysis.analyzer.search_standard.filter:[lowercase], elastic.config.path:/var/lib/jenkins/jobs/Samatha Fork/workspace/service/target/properties/local/elasticsearch, path.data:/var/lib/jenkins/jobs/Samatha Fork/workspace/service/target/elasticsearch/data, ticket.core.dateformat:yyyy-MM-dd HH:mm:ss, cluster.name:ticket.cluster, index.analysis.analyzer.search_standard.type:standard, core.db.password:, path.conf:/var/lib/jenkins/jobs/Samatha Fork/workspace/service/target/properties/local/elasticsearch, core.api.password:qwerty, ticket.ongoingsync.delay.seconds:2000, name:ticket.node, http.enabled:true, path.logs:/var/lib/jenkins/jobs/Samatha Fork/workspace/service/target/elasticsearch/logs, index.number_of_replicas:0, ticket.document.idName:number, core.api.endpoint:https://ws.staging.core.rackspace.com/ctkapi, ticket.document.type:ticket, ticket.index.name:ticket, admin.index.name:admin, indices.structure:/indices_structure.json, index.store.fs.memory.enabled:false, index.number_of_shards:5, admin.document.type:syncJob, core.db.username:usq_read, ticket.core.date.timezone:CST, ticket.search.allowedRangeParams:created_at,updated_at,last_public_response_date, ticket.search.allowedTermParams:source_system,number,created_at,updated_at,last_public_response_date,status,queue,category,priority,assignee.name,account.number, core.driver.class:org.postgresql.Driver, core.api.username:rcameron, ticket.elastic.dateformat:yyyy-MM-dd&apos;T&apos;HH:mm:ss.SSSZZ, discovery.zen.ping.multicast.enabled:false, action.auto_create_index:1, path.home:/var/lib/jenkins/jobs/Samatha Fork/workspace/service, path.work:/var/lib/jenkins/jobs/Samatha Fork/workspace/service/work, path.work_with_cluster:/var/lib/jenkins/jobs/Samatha Fork/workspace/service/work/ticket.cluster, path.data_with_cluster:/var/lib/jenkins/jobs/Samatha Fork/workspace/service/target/elasticsearch/data/ticket.cluster]
16:33:16.291 [main] INFO  org.elasticsearch.node - [ticket.node] {elasticsearch/0.16.2}[16944]: starting ...
16:33:16.291 [main] INFO  org.elasticsearch.transport - [ticket.node] bound_address {local[4]}, publish_address {local[4]}
16:33:16.292 [elasticsearch[ticket.node]clusterService#updateTask-pool-53-thread-1] INFO  org.elasticsearch.cluster.service - [ticket.node] new_master [ticket.node][4][local[4]]{local=true}, reason: local-disco-initial_connect(master)
16:33:16.293 [main] INFO  org.elasticsearch.discovery - [ticket.node] ticket.cluster/4
16:33:16.298 [main] INFO  org.elasticsearch.http - [ticket.node] bound_address {inet[/0:0:0:0:0:0:0:0:9200]}, publish_address {inet[/10.14.208.252:9200]}
16:33:16.299 [main] INFO  org.elasticsearch.node - [ticket.node] {elasticsearch/0.16.2}[16944]: started
16:33:16.299 [main] INFO  c.r.s.elasticsearch.ElasticSearchServer - Elastic Search server is started.
16:33:16.301 [elasticsearch[ticket.node]clusterService#updateTask-pool-53-thread-1] INFO  org.elasticsearch.gateway - [ticket.node] recovered [0] indices into cluster_state
16:33:16.302 [main] INFO  c.r.s.elasticsearch.ElasticSearchServer - ES cluster status is GREEN
16:33:16.342 [main] INFO  org.elasticsearch.node - [ticket.node] {elasticsearch/0.16.2}[16944]: stopping ...
16:33:16.448 [main] INFO  org.elasticsearch.node - [ticket.node] {elasticsearch/0.16.2}[16944]: stopped
16:33:16.449 [main] INFO  org.elasticsearch.node - [ticket.node] {elasticsearch/0.16.2}[16944]: closing ...
16:33:16.456 [main] INFO  org.elasticsearch.node - [ticket.node] {elasticsearch/0.16.2}[16944]: closed
16:33:16.464 [main] ERROR o.s.test.context.TestContextManager - Caught exception while allowing TestExecutionListener [org.springframework.test.context.support.DependencyInjectionTestExecutionListener@2cf889c8] to prepare test instance [com.rackspace.search.service.TicketSearchServiceTest@711dc088]
java.lang.IllegalStateException: Failed to load ApplicationContext
	at org.springframework.test.context.TestContext.getApplicationContext(TestContext.java:308) ~[spring-test-3.0.6.RELEASE.jar:3.0.6.RELEASE]
	at org.springframework.test.context.support.DependencyInjectionTestExecutionListener.injectDependencies(DependencyInjectionTestExecutionListener.java:109) ~[spring-test-3.0.6.RELEASE.jar:3.0.6.RELEASE]
	at org.springframework.test.context.support.DependencyInjectionTestExecutionListener.prepareTestInstance(DependencyInjectionTestExecutionListener.java:75) ~[spring-test-3.0.6.RELEASE.jar:3.0.6.RELEASE]
	at org.springframework.test.context.TestContextManager.prepareTestInstance(TestContextManager.java:321) ~[spring-test-3.0.6.RELEASE.jar:3.0.6.RELEASE]
	at org.spockframework.spring.SpringTestContextManager.prepareTestInstance(SpringTestContextManager.java:49) [spock-spring-0.7-groovy-2.0.jar:na]
	at org.spockframework.spring.SpringInterceptor.interceptSetupMethod(SpringInterceptor.java:42) [spock-spring-0.7-groovy-2.0.jar:na]
	at org.spockframework.runtime.extension.AbstractMethodInterceptor.intercept(AbstractMethodInterceptor.java:28) [spock-core-0.7-groovy-2.0.jar:na]
	at org.spockframework.runtime.extension.MethodInvocation.proceed(MethodInvocation.java:84) [spock-core-0.7-groovy-2.0.jar:na]
	at org.spockframework.runtime.BaseSpecRunner.invoke(BaseSpecRunner.java:319) [spock-core-0.7-groovy-2.0.jar:na]
	at org.spockframework.runtime.BaseSpecRunner.invokeSetup(BaseSpecRunner.java:279) [spock-core-0.7-groovy-2.0.jar:na]
	at org.spockframework.runtime.BaseSpecRunner.doRunIteration(BaseSpecRunner.java:255) [spock-core-0.7-groovy-2.0.jar:na]
	at sun.reflect.GeneratedMethodAccessor11.invoke(Unknown Source) ~[na:na]
	at sun.reflect.DelegatingMethodAccessorImpl.invoke(DelegatingMethodAccessorImpl.java:25) ~[na:1.6.0_38]
	at java.lang.reflect.Method.invoke(Method.java:597) ~[na:1.6.0_38]
	at org.spockframework.util.ReflectionUtil.invokeMethod(ReflectionUtil.java:138) [spock-core-0.7-groovy-2.0.jar:na]
	at org.spockframework.runtime.BaseSpecRunner.invokeRaw(BaseSpecRunner.java:330) [spock-core-0.7-groovy-2.0.jar:na]
	at org.spockframework.runtime.BaseSpecRunner.invoke(BaseSpecRunner.java:311) [spock-core-0.7-groovy-2.0.jar:na]
	at org.spockframework.runtime.BaseSpecRunner.runIteration(BaseSpecRunner.java:223) [spock-core-0.7-groovy-2.0.jar:na]
	at org.spockframework.runtime.BaseSpecRunner.initializeAndRunIteration(BaseSpecRunner.java:214) [spock-core-0.7-groovy-2.0.jar:na]
	at org.spockframework.runtime.BaseSpecRunner.runSimpleFeature(BaseSpecRunner.java:205) [spock-core-0.7-groovy-2.0.jar:na]
	at org.spockframework.runtime.BaseSpecRunner.doRunFeature(BaseSpecRunner.java:199) [spock-core-0.7-groovy-2.0.jar:na]
	at sun.reflect.GeneratedMethodAccessor12.invoke(Unknown Source) ~[na:na]
	at sun.reflect.DelegatingMethodAccessorImpl.invoke(DelegatingMethodAccessorImpl.java:25) ~[na:1.6.0_38]
	at java.lang.reflect.Method.invoke(Method.java:597) ~[na:1.6.0_38]
	at org.spockframework.util.ReflectionUtil.invokeMethod(ReflectionUtil.java:138) [spock-core-0.7-groovy-2.0.jar:na]
	at org.spockframework.runtime.BaseSpecRunner.invokeRaw(BaseSpecRunner.java:330) [spock-core-0.7-groovy-2.0.jar:na]
	at org.spockframework.runtime.BaseSpecRunner.invoke(BaseSpecRunner.java:311) [spock-core-0.7-groovy-2.0.jar:na]
	at org.spockframework.runtime.BaseSpecRunner.runFeature(BaseSpecRunner.java:175) [spock-core-0.7-groovy-2.0.jar:na]
	at org.spockframework.runtime.BaseSpecRunner.runFeatures(BaseSpecRunner.java:152) [spock-core-0.7-groovy-2.0.jar:na]
	at org.spockframework.runtime.BaseSpecRunner.doRunSpec(BaseSpecRunner.java:112) [spock-core-0.7-groovy-2.0.jar:na]
	at sun.reflect.NativeMethodAccessorImpl.invoke0(Native Method) ~[na:1.6.0_38]
	at sun.reflect.NativeMethodAccessorImpl.invoke(NativeMethodAccessorImpl.java:39) ~[na:1.6.0_38]
	at sun.reflect.DelegatingMethodAccessorImpl.invoke(DelegatingMethodAccessorImpl.java:25) ~[na:1.6.0_38]
	at java.lang.reflect.Method.invoke(Method.java:597) ~[na:1.6.0_38]
	at org.spockframework.util.ReflectionUtil.invokeMethod(ReflectionUtil.java:138) [spock-core-0.7-groovy-2.0.jar:na]
	at org.spockframework.runtime.BaseSpecRunner.invokeRaw(BaseSpecRunner.java:330) [spock-core-0.7-groovy-2.0.jar:na]
	at org.spockframework.runtime.BaseSpecRunner.invoke(BaseSpecRunner.java:311) [spock-core-0.7-groovy-2.0.jar:na]
	at org.spockframework.runtime.BaseSpecRunner.runSpec(BaseSpecRunner.java:91) [spock-core-0.7-groovy-2.0.jar:na]
	at org.spockframework.runtime.BaseSpecRunner.run(BaseSpecRunner.java:82) [spock-core-0.7-groovy-2.0.jar:na]
	at org.spockframework.runtime.Sputnik.run(Sputnik.java:63) [spock-core-0.7-groovy-2.0.jar:na]
	at org.apache.maven.surefire.junit4.JUnit4TestSet.execute(JUnit4TestSet.java:53) [surefire-junit4-2.10.jar:2.10]
	at org.apache.maven.surefire.junit4.JUnit4Provider.executeTestSet(JUnit4Provider.java:123) [surefire-junit4-2.10.jar:2.10]
	at org.apache.maven.surefire.junit4.JUnit4Provider.invoke(JUnit4Provider.java:104) [surefire-junit4-2.10.jar:2.10]
	at sun.reflect.NativeMethodAccessorImpl.invoke0(Native Method) ~[na:1.6.0_38]
	at sun.reflect.NativeMethodAccessorImpl.invoke(NativeMethodAccessorImpl.java:39) ~[na:1.6.0_38]
	at sun.reflect.DelegatingMethodAccessorImpl.invoke(DelegatingMethodAccessorImpl.java:25) ~[na:1.6.0_38]
	at java.lang.reflect.Method.invoke(Method.java:597) ~[na:1.6.0_38]
	at org.apache.maven.surefire.util.ReflectionUtils.invokeMethodWithArray(ReflectionUtils.java:164) [surefire-api-2.10.jar:2.10]
	at org.apache.maven.surefire.booter.ProviderFactory$ProviderProxy.invoke(ProviderFactory.java:110) [surefire-booter-2.10.jar:2.10]
	at org.apache.maven.surefire.booter.SurefireStarter.invokeProvider(SurefireStarter.java:175) [surefire-booter-2.10.jar:2.10]
	at org.apache.maven.surefire.booter.SurefireStarter.runSuitesInProcessWhenForked(SurefireStarter.java:107) [surefire-booter-2.10.jar:2.10]
	at org.apache.maven.surefire.booter.ForkedBooter.main(ForkedBooter.java:68) [surefire-booter-2.10.jar:2.10]
Caused by: org.springframework.beans.factory.BeanCreationException: Error creating bean with name &apos;adminResource&apos;: Injection of autowired dependencies failed; nested exception is org.springframework.beans.factory.BeanCreationException: Could not autowire field: private com.rackspace.search.service.core.CoreTicketOngoingSyncJob com.rackspace.search.endpoint.AdminResource.coreTicketOngoingSyncJob; nested exception is org.springframework.beans.factory.BeanCreationException: Error creating bean with name &apos;coreTicketOngoingSyncJob&apos;: Invocation of init method failed; nested exception is org.elasticsearch.indices.IndexMissingException: [admin] missing
	at org.springframework.beans.factory.annotation.AutowiredAnnotationBeanPostProcessor.postProcessPropertyValues(AutowiredAnnotationBeanPostProcessor.java:288) ~[spring-beans-3.0.6.RELEASE.jar:3.0.6.RELEASE]
	at org.springframework.beans.factory.support.AbstractAutowireCapableBeanFactory.populateBean(AbstractAutowireCapableBeanFactory.java:1074) ~[spring-beans-3.0.6.RELEASE.jar:3.0.6.RELEASE]
	at org.springframework.beans.factory.support.AbstractAutowireCapableBeanFactory.doCreateBean(AbstractAutowireCapableBeanFactory.java:517) ~[spring-beans-3.0.6.RELEASE.jar:3.0.6.RELEASE]
	at org.springframework.beans.factory.support.AbstractAutowireCapableBeanFactory.createBean(AbstractAutowireCapableBeanFactory.java:456) ~[spring-beans-3.0.6.RELEASE.jar:3.0.6.RELEASE]
	at org.springframework.beans.factory.support.AbstractBeanFactory$1.getObject(AbstractBeanFactory.java:293) ~[spring-beans-3.0.6.RELEASE.jar:3.0.6.RELEASE]
	at org.springframework.beans.factory.support.DefaultSingletonBeanRegistry.getSingleton(DefaultSingletonBeanRegistry.java:222) ~[spring-beans-3.0.6.RELEASE.jar:3.0.6.RELEASE]
	at org.springframework.beans.factory.support.AbstractBeanFactory.doGetBean(AbstractBeanFactory.java:290) ~[spring-beans-3.0.6.RELEASE.jar:3.0.6.RELEASE]
	at org.springframework.beans.factory.support.AbstractBeanFactory.getBean(AbstractBeanFactory.java:192) ~[spring-beans-3.0.6.RELEASE.jar:3.0.6.RELEASE]
	at org.springframework.beans.factory.support.DefaultListableBeanFactory.preInstantiateSingletons(DefaultListableBeanFactory.java:585) ~[spring-beans-3.0.6.RELEASE.jar:3.0.6.RELEASE]
	at org.springframework.context.support.AbstractApplicationContext.finishBeanFactoryInitialization(AbstractApplicationContext.java:895) ~[spring-context-3.0.6.RELEASE.jar:3.0.6.RELEASE]
	at org.springframework.context.support.AbstractApplicationContext.refresh(AbstractApplicationContext.java:425) ~[spring-context-3.0.6.RELEASE.jar:3.0.6.RELEASE]
	at org.springframework.test.context.support.AbstractGenericContextLoader.loadContext(AbstractGenericContextLoader.java:84) ~[spring-test-3.0.6.RELEASE.jar:3.0.6.RELEASE]
	at org.springframework.test.context.support.AbstractGenericContextLoader.loadContext(AbstractGenericContextLoader.java:1) ~[spring-test-3.0.6.RELEASE.jar:3.0.6.RELEASE]
	at org.springframework.test.context.TestContext.loadApplicationContext(TestContext.java:280) ~[spring-test-3.0.6.RELEASE.jar:3.0.6.RELEASE]
	at org.springframework.test.context.TestContext.getApplicationContext(TestContext.java:304) ~[spring-test-3.0.6.RELEASE.jar:3.0.6.RELEASE]
	... 51 common frames omitted
Caused by: org.springframework.beans.factory.BeanCreationException: Could not autowire field: private com.rackspace.search.service.core.CoreTicketOngoingSyncJob com.rackspace.search.endpoint.AdminResource.coreTicketOngoingSyncJob; nested exception is org.springframework.beans.factory.BeanCreationException: Error creating bean with name &apos;coreTicketOngoingSyncJob&apos;: Invocation of init method failed; nested exception is org.elasticsearch.indices.IndexMissingException: [admin] missing
	at org.springframework.beans.factory.annotation.AutowiredAnnotationBeanPostProcessor$AutowiredFieldElement.inject(AutowiredAnnotationBeanPostProcessor.java:508) ~[spring-beans-3.0.6.RELEASE.jar:3.0.6.RELEASE]
	at org.springframework.beans.factory.annotation.InjectionMetadata.inject(InjectionMetadata.java:84) ~[spring-beans-3.0.6.RELEASE.jar:3.0.6.RELEASE]
	at org.springframework.beans.factory.annotation.AutowiredAnnotationBeanPostProcessor.postProcessPropertyValues(AutowiredAnnotationBeanPostProcessor.java:285) ~[spring-beans-3.0.6.RELEASE.jar:3.0.6.RELEASE]
	... 65 common frames omitted
Caused by: org.springframework.beans.factory.BeanCreationException: Error creating bean with name &apos;coreTicketOngoingSyncJob&apos;: Invocation of init method failed; nested exception is org.elasticsearch.indices.IndexMissingException: [admin] missing
	at org.springframework.beans.factory.annotation.InitDestroyAnnotationBeanPostProcessor.postProcessBeforeInitialization(InitDestroyAnnotationBeanPostProcessor.java:133) ~[spring-beans-3.0.6.RELEASE.jar:3.0.6.RELEASE]
	at org.springframework.beans.factory.support.AbstractAutowireCapableBeanFactory.applyBeanPostProcessorsBeforeInitialization(AbstractAutowireCapableBeanFactory.java:394) ~[spring-beans-3.0.6.RELEASE.jar:3.0.6.RELEASE]
	at org.springframework.beans.factory.support.AbstractAutowireCapableBeanFactory.initializeBean(AbstractAutowireCapableBeanFactory.java:1413) ~[spring-beans-3.0.6.RELEASE.jar:3.0.6.RELEASE]
	at org.springframework.beans.factory.support.AbstractAutowireCapableBeanFactory.doCreateBean(AbstractAutowireCapableBeanFactory.java:519) ~[spring-beans-3.0.6.RELEASE.jar:3.0.6.RELEASE]
	at org.springframework.beans.factory.support.AbstractAutowireCapableBeanFactory.createBean(AbstractAutowireCapableBeanFactory.java:456) ~[spring-beans-3.0.6.RELEASE.jar:3.0.6.RELEASE]
	at org.springframework.beans.factory.support.AbstractBeanFactory$1.getObject(AbstractBeanFactory.java:293) ~[spring-beans-3.0.6.RELEASE.jar:3.0.6.RELEASE]
	at org.springframework.beans.factory.support.DefaultSingletonBeanRegistry.getSingleton(DefaultSingletonBeanRegistry.java:222) ~[spring-beans-3.0.6.RELEASE.jar:3.0.6.RELEASE]
	at org.springframework.beans.factory.support.AbstractBeanFactory.doGetBean(AbstractBeanFactory.java:290) ~[spring-beans-3.0.6.RELEASE.jar:3.0.6.RELEASE]
	at org.springframework.beans.factory.support.AbstractBeanFactory.getBean(AbstractBeanFactory.java:192) ~[spring-beans-3.0.6.RELEASE.jar:3.0.6.RELEASE]
	at org.springframework.beans.factory.support.DefaultListableBeanFactory.findAutowireCandidates(DefaultListableBeanFactory.java:848) ~[spring-beans-3.0.6.RELEASE.jar:3.0.6.RELEASE]
	at org.springframework.beans.factory.support.DefaultListableBeanFactory.doResolveDependency(DefaultListableBeanFactory.java:790) ~[spring-beans-3.0.6.RELEASE.jar:3.0.6.RELEASE]
	at org.springframework.beans.factory.support.DefaultListableBeanFactory.resolveDependency(DefaultListableBeanFactory.java:707) ~[spring-beans-3.0.6.RELEASE.jar:3.0.6.RELEASE]
	at org.springframework.beans.factory.annotation.AutowiredAnnotationBeanPostProcessor$AutowiredFieldElement.inject(AutowiredAnnotationBeanPostProcessor.java:480) ~[spring-beans-3.0.6.RELEASE.jar:3.0.6.RELEASE]
	... 67 common frames omitted
Caused by: org.elasticsearch.indices.IndexMissingException: [admin] missing
	at org.elasticsearch.cluster.metadata.MetaData.concreteIndex(MetaData.java:211) ~[elasticsearch-0.16.2.jar:na]
	at org.elasticsearch.action.support.single.shard.TransportShardSingleOperationAction$AsyncSingleAction.&lt;init&gt;(TransportShardSingleOperationAction.java:107) ~[elasticsearch-0.16.2.jar:na]
	at org.elasticsearch.action.support.single.shard.TransportShardSingleOperationAction$AsyncSingleAction.&lt;init&gt;(TransportShardSingleOperationAction.java:88) ~[elasticsearch-0.16.2.jar:na]
	at org.elasticsearch.action.support.single.shard.TransportShardSingleOperationAction.doExecute(TransportShardSingleOperationAction.java:69) ~[elasticsearch-0.16.2.jar:na]
	at org.elasticsearch.action.support.single.shard.TransportShardSingleOperationAction.doExecute(TransportShardSingleOperationAction.java:45) ~[elasticsearch-0.16.2.jar:na]
	at org.elasticsearch.action.support.BaseAction.execute(BaseAction.java:61) ~[elasticsearch-0.16.2.jar:na]
	at org.elasticsearch.client.node.NodeClient.get(NodeClient.java:152) ~[elasticsearch-0.16.2.jar:na]
	at org.elasticsearch.client.action.get.GetRequestBuilder.doExecute(GetRequestBuilder.java:119) ~[elasticsearch-0.16.2.jar:na]
	at org.elasticsearch.client.action.support.BaseRequestBuilder.execute(BaseRequestBuilder.java:56) ~[elasticsearch-0.16.2.jar:na]
	at org.elasticsearch.client.action.support.BaseRequestBuilder.execute(BaseRequestBuilder.java:51) ~[elasticsearch-0.16.2.jar:na]
	at org.elasticsearch.client.action.RequestBuilder$execute.call(Unknown Source) ~[na:na]
	at com.rackspace.search.elasticsearch.client.ElasticSearchClient.getDocument(ElasticSearchClient.groovy:202) ~[classes/:na]
	at com.rackspace.search.elasticsearch.client.ElasticSearchClient$getDocument.call(Unknown Source) ~[na:na]
	at com.rackspace.search.service.JobService.getJob(JobService.groovy:38) ~[classes/:na]
	at com.rackspace.search.service.JobService$getJob.call(Unknown Source) ~[na:na]
	at com.rackspace.search.service.core.CoreTicketOngoingSyncJob.setupActivities(CoreTicketOnGoingSyncJob.groovy:54) ~[classes/:na]
	at sun.reflect.NativeMethodAccessorImpl.invoke0(Native Method) ~[na:1.6.0_38]
	at sun.reflect.NativeMethodAccessorImpl.invoke(NativeMethodAccessorImpl.java:39) ~[na:1.6.0_38]
	at sun.reflect.DelegatingMethodAccessorImpl.invoke(DelegatingMethodAccessorImpl.java:25) ~[na:1.6.0_38]
	at java.lang.reflect.Method.invoke(Method.java:597) ~[na:1.6.0_38]
	at org.springframework.beans.factory.annotation.InitDestroyAnnotationBeanPostProcessor$LifecycleElement.invoke(InitDestroyAnnotationBeanPostProcessor.java:340) ~[spring-beans-3.0.6.RELEASE.jar:3.0.6.RELEASE]
	at org.springframework.beans.factory.annotation.InitDestroyAnnotationBeanPostProcessor$LifecycleMetadata.invokeInitMethods(InitDestroyAnnotationBeanPostProcessor.java:293) ~[spring-beans-3.0.6.RELEASE.jar:3.0.6.RELEASE]
	at org.springframework.beans.factory.annotation.InitDestroyAnnotationBeanPostProcessor.postProcessBeforeInitialization(InitDestroyAnnotationBeanPostProcessor.java:130) ~[spring-beans-3.0.6.RELEASE.jar:3.0.6.RELEASE]
	... 79 common frames omitted
</stdout>
          <failedSince>1</failedSince>
        </case>
        <case>
          <duration>0.124</duration>
          <className>com.rackspace.search.service.TicketSearchServiceTest</className>
          <testName>should get ticket</testName>
          <skipped>false</skipped>
          <errorStackTrace>java.lang.NullPointerException
	at com.rackspace.search.service.TicketSearchServiceTest.cleanup(TicketSearchServiceTest.groovy:30)
</errorStackTrace>
          <failedSince>1</failedSince>
        </case>
        <case>
          <duration>1.233</duration>
          <className>com.rackspace.search.service.TicketSearchServiceTest</className>
          <testName>should throw not found exception</testName>
          <skipped>false</skipped>
          <errorStackTrace>java.lang.IllegalStateException: Failed to load ApplicationContext
	at org.springframework.test.context.TestContext.getApplicationContext(TestContext.java:308)
	at org.springframework.test.context.support.DependencyInjectionTestExecutionListener.injectDependencies(DependencyInjectionTestExecutionListener.java:109)
	at org.springframework.test.context.support.DependencyInjectionTestExecutionListener.prepareTestInstance(DependencyInjectionTestExecutionListener.java:75)
	at org.springframework.test.context.TestContextManager.prepareTestInstance(TestContextManager.java:321)
	at org.spockframework.spring.SpringTestContextManager.prepareTestInstance(SpringTestContextManager.java:49)
	at org.spockframework.spring.SpringInterceptor.interceptSetupMethod(SpringInterceptor.java:42)
	at org.spockframework.runtime.extension.AbstractMethodInterceptor.intercept(AbstractMethodInterceptor.java:28)
	at org.spockframework.runtime.extension.MethodInvocation.proceed(MethodInvocation.java:84)
	at org.spockframework.util.ReflectionUtil.invokeMethod(ReflectionUtil.java:138)
	at org.spockframework.util.ReflectionUtil.invokeMethod(ReflectionUtil.java:138)
	at org.spockframework.util.ReflectionUtil.invokeMethod(ReflectionUtil.java:138)
	at org.apache.maven.surefire.junit4.JUnit4TestSet.execute(JUnit4TestSet.java:53)
	at org.apache.maven.surefire.junit4.JUnit4Provider.executeTestSet(JUnit4Provider.java:123)
	at org.apache.maven.surefire.junit4.JUnit4Provider.invoke(JUnit4Provider.java:104)
	at org.apache.maven.surefire.util.ReflectionUtils.invokeMethodWithArray(ReflectionUtils.java:164)
	at org.apache.maven.surefire.booter.ProviderFactory$ProviderProxy.invoke(ProviderFactory.java:110)
	at org.apache.maven.surefire.booter.SurefireStarter.invokeProvider(SurefireStarter.java:175)
	at org.apache.maven.surefire.booter.SurefireStarter.runSuitesInProcessWhenForked(SurefireStarter.java:107)
	at org.apache.maven.surefire.booter.ForkedBooter.main(ForkedBooter.java:68)
Caused by: org.springframework.beans.factory.BeanCreationException: Error creating bean with name &apos;adminResource&apos;: Injection of autowired dependencies failed; nested exception is org.springframework.beans.factory.BeanCreationException: Could not autowire field: private com.rackspace.search.service.core.CoreTicketOngoingSyncJob com.rackspace.search.endpoint.AdminResource.coreTicketOngoingSyncJob; nested exception is org.springframework.beans.factory.BeanCreationException: Error creating bean with name &apos;coreTicketOngoingSyncJob&apos;: Invocation of init method failed; nested exception is org.elasticsearch.indices.IndexMissingException: [admin] missing
	at org.springframework.beans.factory.annotation.AutowiredAnnotationBeanPostProcessor.postProcessPropertyValues(AutowiredAnnotationBeanPostProcessor.java:288)
	at org.springframework.beans.factory.support.AbstractAutowireCapableBeanFactory.populateBean(AbstractAutowireCapableBeanFactory.java:1074)
	at org.springframework.beans.factory.support.AbstractAutowireCapableBeanFactory.doCreateBean(AbstractAutowireCapableBeanFactory.java:517)
	at org.springframework.beans.factory.support.AbstractAutowireCapableBeanFactory.createBean(AbstractAutowireCapableBeanFactory.java:456)
	at org.springframework.beans.factory.support.AbstractBeanFactory$1.getObject(AbstractBeanFactory.java:293)
	at org.springframework.beans.factory.support.DefaultSingletonBeanRegistry.getSingleton(DefaultSingletonBeanRegistry.java:222)
	at org.springframework.beans.factory.support.AbstractBeanFactory.doGetBean(AbstractBeanFactory.java:290)
	at org.springframework.beans.factory.support.AbstractBeanFactory.getBean(AbstractBeanFactory.java:192)
	at org.springframework.beans.factory.support.DefaultListableBeanFactory.preInstantiateSingletons(DefaultListableBeanFactory.java:585)
	at org.springframework.context.support.AbstractApplicationContext.finishBeanFactoryInitialization(AbstractApplicationContext.java:895)
	at org.springframework.context.support.AbstractApplicationContext.refresh(AbstractApplicationContext.java:425)
	at org.springframework.test.context.support.AbstractGenericContextLoader.loadContext(AbstractGenericContextLoader.java:84)
	at org.springframework.test.context.support.AbstractGenericContextLoader.loadContext(AbstractGenericContextLoader.java:1)
	at org.springframework.test.context.TestContext.loadApplicationContext(TestContext.java:280)
	at org.springframework.test.context.TestContext.getApplicationContext(TestContext.java:304)
	... 18 more
Caused by: org.springframework.beans.factory.BeanCreationException: Could not autowire field: private com.rackspace.search.service.core.CoreTicketOngoingSyncJob com.rackspace.search.endpoint.AdminResource.coreTicketOngoingSyncJob; nested exception is org.springframework.beans.factory.BeanCreationException: Error creating bean with name &apos;coreTicketOngoingSyncJob&apos;: Invocation of init method failed; nested exception is org.elasticsearch.indices.IndexMissingException: [admin] missing
	at org.springframework.beans.factory.annotation.AutowiredAnnotationBeanPostProcessor$AutowiredFieldElement.inject(AutowiredAnnotationBeanPostProcessor.java:508)
	at org.springframework.beans.factory.annotation.InjectionMetadata.inject(InjectionMetadata.java:84)
	at org.springframework.beans.factory.annotation.AutowiredAnnotationBeanPostProcessor.postProcessPropertyValues(AutowiredAnnotationBeanPostProcessor.java:285)
	... 32 more
Caused by: org.springframework.beans.factory.BeanCreationException: Error creating bean with name &apos;coreTicketOngoingSyncJob&apos;: Invocation of init method failed; nested exception is org.elasticsearch.indices.IndexMissingException: [admin] missing
	at org.springframework.beans.factory.annotation.InitDestroyAnnotationBeanPostProcessor.postProcessBeforeInitialization(InitDestroyAnnotationBeanPostProcessor.java:133)
	at org.springframework.beans.factory.support.AbstractAutowireCapableBeanFactory.applyBeanPostProcessorsBeforeInitialization(AbstractAutowireCapableBeanFactory.java:394)
	at org.springframework.beans.factory.support.AbstractAutowireCapableBeanFactory.initializeBean(AbstractAutowireCapableBeanFactory.java:1413)
	at org.springframework.beans.factory.support.AbstractAutowireCapableBeanFactory.doCreateBean(AbstractAutowireCapableBeanFactory.java:519)
	at org.springframework.beans.factory.support.AbstractAutowireCapableBeanFactory.createBean(AbstractAutowireCapableBeanFactory.java:456)
	at org.springframework.beans.factory.support.AbstractBeanFactory$1.getObject(AbstractBeanFactory.java:293)
	at org.springframework.beans.factory.support.DefaultSingletonBeanRegistry.getSingleton(DefaultSingletonBeanRegistry.java:222)
	at org.springframework.beans.factory.support.AbstractBeanFactory.doGetBean(AbstractBeanFactory.java:290)
	at org.springframework.beans.factory.support.AbstractBeanFactory.getBean(AbstractBeanFactory.java:192)
	at org.springframework.beans.factory.support.DefaultListableBeanFactory.findAutowireCandidates(DefaultListableBeanFactory.java:848)
	at org.springframework.beans.factory.support.DefaultListableBeanFactory.doResolveDependency(DefaultListableBeanFactory.java:790)
	at org.springframework.beans.factory.support.DefaultListableBeanFactory.resolveDependency(DefaultListableBeanFactory.java:707)
	at org.springframework.beans.factory.annotation.AutowiredAnnotationBeanPostProcessor$AutowiredFieldElement.inject(AutowiredAnnotationBeanPostProcessor.java:480)
	... 34 more
Caused by: org.elasticsearch.indices.IndexMissingException: [admin] missing
	at org.elasticsearch.cluster.metadata.MetaData.concreteIndex(MetaData.java:211)
	at org.elasticsearch.action.support.single.shard.TransportShardSingleOperationAction$AsyncSingleAction.&lt;init&gt;(TransportShardSingleOperationAction.java:107)
	at org.elasticsearch.action.support.single.shard.TransportShardSingleOperationAction$AsyncSingleAction.&lt;init&gt;(TransportShardSingleOperationAction.java:88)
	at org.elasticsearch.action.support.single.shard.TransportShardSingleOperationAction.doExecute(TransportShardSingleOperationAction.java:69)
	at org.elasticsearch.action.support.single.shard.TransportShardSingleOperationAction.doExecute(TransportShardSingleOperationAction.java:45)
	at org.elasticsearch.action.support.BaseAction.execute(BaseAction.java:61)
	at org.elasticsearch.client.node.NodeClient.get(NodeClient.java:152)
	at org.elasticsearch.client.action.get.GetRequestBuilder.doExecute(GetRequestBuilder.java:119)
	at org.elasticsearch.client.action.support.BaseRequestBuilder.execute(BaseRequestBuilder.java:56)
	at org.elasticsearch.client.action.support.BaseRequestBuilder.execute(BaseRequestBuilder.java:51)
	at com.rackspace.search.elasticsearch.client.ElasticSearchClient.getDocument(ElasticSearchClient.groovy:202)
	at com.rackspace.search.service.JobService.getJob(JobService.groovy:38)
	at com.rackspace.search.service.core.CoreTicketOngoingSyncJob.setupActivities(CoreTicketOnGoingSyncJob.groovy:54)
	at org.springframework.beans.factory.annotation.InitDestroyAnnotationBeanPostProcessor$LifecycleElement.invoke(InitDestroyAnnotationBeanPostProcessor.java:340)
	at org.springframework.beans.factory.annotation.InitDestroyAnnotationBeanPostProcessor$LifecycleMetadata.invokeInitMethods(InitDestroyAnnotationBeanPostProcessor.java:293)
	at org.springframework.beans.factory.annotation.InitDestroyAnnotationBeanPostProcessor.postProcessBeforeInitialization(InitDestroyAnnotationBeanPostProcessor.java:130)
	... 46 more
</errorStackTrace>
          <errorDetails>Failed to load ApplicationContext</errorDetails>
          <stdout>16:33:16.717 [main] INFO  c.r.s.common.property.PropertyProvider - Loading properties file from file [/var/lib/jenkins/jobs/Samatha Fork/workspace/service/target/properties/local/search.properties]
16:33:16.717 [main] INFO  c.r.s.common.property.PropertyProvider - Loading properties file from file [/var/lib/jenkins/jobs/Samatha Fork/workspace/service/target/properties/local/search.secrets.properties]
16:33:16.718 [main] INFO  c.r.s.common.property.PropertyProvider - Loading properties file from file [/var/lib/jenkins/jobs/Samatha Fork/workspace/service/target/properties/local/elasticsearch.properties]
16:33:16.734 [main] INFO  c.r.s.elasticsearch.ElasticSearchServer - Starting the Elastic Search server node:
16:33:16.736 [main] INFO  org.elasticsearch.node - [ticket.node] {elasticsearch/0.16.2}[16944]: initializing ...
16:33:16.737 [main] INFO  org.elasticsearch.plugins - [ticket.node] loaded []
16:33:16.997 [main] INFO  org.elasticsearch.node - [ticket.node] {elasticsearch/0.16.2}[16944]: initialized
16:33:16.997 [main] INFO  c.r.s.elasticsearch.ElasticSearchServer - Starting the Elastic Search server node with these settings:
16:33:16.997 [main] INFO  c.r.s.elasticsearch.ElasticSearchServer - Elasticsearch Settings :  [core.db.url:jdbc:postgresql://dev.db.core.rackspace.com:5432/core_dev, node.local:true, index.analysis.analyzer.search_standard.filter:[lowercase], elastic.config.path:/var/lib/jenkins/jobs/Samatha Fork/workspace/service/target/properties/local/elasticsearch, path.data:/var/lib/jenkins/jobs/Samatha Fork/workspace/service/target/elasticsearch/data, ticket.core.dateformat:yyyy-MM-dd HH:mm:ss, cluster.name:ticket.cluster, index.analysis.analyzer.search_standard.type:standard, core.db.password:, path.conf:/var/lib/jenkins/jobs/Samatha Fork/workspace/service/target/properties/local/elasticsearch, core.api.password:qwerty, ticket.ongoingsync.delay.seconds:2000, name:ticket.node, http.enabled:true, path.logs:/var/lib/jenkins/jobs/Samatha Fork/workspace/service/target/elasticsearch/logs, index.number_of_replicas:0, ticket.document.idName:number, core.api.endpoint:https://ws.staging.core.rackspace.com/ctkapi, ticket.document.type:ticket, ticket.index.name:ticket, admin.index.name:admin, indices.structure:/indices_structure.json, index.store.fs.memory.enabled:false, index.number_of_shards:5, admin.document.type:syncJob, core.db.username:usq_read, ticket.core.date.timezone:CST, ticket.search.allowedRangeParams:created_at,updated_at,last_public_response_date, ticket.search.allowedTermParams:source_system,number,created_at,updated_at,last_public_response_date,status,queue,category,priority,assignee.name,account.number, core.driver.class:org.postgresql.Driver, core.api.username:rcameron, ticket.elastic.dateformat:yyyy-MM-dd&apos;T&apos;HH:mm:ss.SSSZZ, discovery.zen.ping.multicast.enabled:false, action.auto_create_index:1, path.home:/var/lib/jenkins/jobs/Samatha Fork/workspace/service, path.work:/var/lib/jenkins/jobs/Samatha Fork/workspace/service/work, path.work_with_cluster:/var/lib/jenkins/jobs/Samatha Fork/workspace/service/work/ticket.cluster, path.data_with_cluster:/var/lib/jenkins/jobs/Samatha Fork/workspace/service/target/elasticsearch/data/ticket.cluster]
16:33:16.998 [main] INFO  org.elasticsearch.node - [ticket.node] {elasticsearch/0.16.2}[16944]: starting ...
16:33:16.998 [main] INFO  org.elasticsearch.transport - [ticket.node] bound_address {local[5]}, publish_address {local[5]}
16:33:16.999 [elasticsearch[ticket.node]clusterService#updateTask-pool-67-thread-1] INFO  org.elasticsearch.cluster.service - [ticket.node] new_master [ticket.node][5][local[5]]{local=true}, reason: local-disco-initial_connect(master)
16:33:17.000 [main] INFO  org.elasticsearch.discovery - [ticket.node] ticket.cluster/5
16:33:17.004 [elasticsearch[ticket.node]clusterService#updateTask-pool-67-thread-1] INFO  org.elasticsearch.gateway - [ticket.node] recovered [0] indices into cluster_state
16:33:17.007 [main] INFO  org.elasticsearch.http - [ticket.node] bound_address {inet[/0:0:0:0:0:0:0:0:9200]}, publish_address {inet[/10.14.208.252:9200]}
16:33:17.007 [main] INFO  org.elasticsearch.node - [ticket.node] {elasticsearch/0.16.2}[16944]: started
16:33:17.007 [main] INFO  c.r.s.elasticsearch.ElasticSearchServer - Elastic Search server is started.
16:33:17.009 [main] INFO  c.r.s.elasticsearch.ElasticSearchServer - ES cluster status is GREEN
16:33:17.053 [main] INFO  org.elasticsearch.node - [ticket.node] {elasticsearch/0.16.2}[16944]: stopping ...
16:33:17.061 [main] INFO  org.elasticsearch.node - [ticket.node] {elasticsearch/0.16.2}[16944]: stopped
16:33:17.061 [main] INFO  org.elasticsearch.node - [ticket.node] {elasticsearch/0.16.2}[16944]: closing ...
16:33:17.065 [main] INFO  org.elasticsearch.node - [ticket.node] {elasticsearch/0.16.2}[16944]: closed
16:33:17.072 [main] ERROR o.s.test.context.TestContextManager - Caught exception while allowing TestExecutionListener [org.springframework.test.context.support.DependencyInjectionTestExecutionListener@2cf889c8] to prepare test instance [com.rackspace.search.service.TicketSearchServiceTest@236eacf1]
java.lang.IllegalStateException: Failed to load ApplicationContext
	at org.springframework.test.context.TestContext.getApplicationContext(TestContext.java:308) ~[spring-test-3.0.6.RELEASE.jar:3.0.6.RELEASE]
	at org.springframework.test.context.support.DependencyInjectionTestExecutionListener.injectDependencies(DependencyInjectionTestExecutionListener.java:109) ~[spring-test-3.0.6.RELEASE.jar:3.0.6.RELEASE]
	at org.springframework.test.context.support.DependencyInjectionTestExecutionListener.prepareTestInstance(DependencyInjectionTestExecutionListener.java:75) ~[spring-test-3.0.6.RELEASE.jar:3.0.6.RELEASE]
	at org.springframework.test.context.TestContextManager.prepareTestInstance(TestContextManager.java:321) ~[spring-test-3.0.6.RELEASE.jar:3.0.6.RELEASE]
	at org.spockframework.spring.SpringTestContextManager.prepareTestInstance(SpringTestContextManager.java:49) [spock-spring-0.7-groovy-2.0.jar:na]
	at org.spockframework.spring.SpringInterceptor.interceptSetupMethod(SpringInterceptor.java:42) [spock-spring-0.7-groovy-2.0.jar:na]
	at org.spockframework.runtime.extension.AbstractMethodInterceptor.intercept(AbstractMethodInterceptor.java:28) [spock-core-0.7-groovy-2.0.jar:na]
	at org.spockframework.runtime.extension.MethodInvocation.proceed(MethodInvocation.java:84) [spock-core-0.7-groovy-2.0.jar:na]
	at org.spockframework.runtime.BaseSpecRunner.invoke(BaseSpecRunner.java:319) [spock-core-0.7-groovy-2.0.jar:na]
	at org.spockframework.runtime.BaseSpecRunner.invokeSetup(BaseSpecRunner.java:279) [spock-core-0.7-groovy-2.0.jar:na]
	at org.spockframework.runtime.BaseSpecRunner.doRunIteration(BaseSpecRunner.java:255) [spock-core-0.7-groovy-2.0.jar:na]
	at sun.reflect.GeneratedMethodAccessor11.invoke(Unknown Source) ~[na:na]
	at sun.reflect.DelegatingMethodAccessorImpl.invoke(DelegatingMethodAccessorImpl.java:25) ~[na:1.6.0_38]
	at java.lang.reflect.Method.invoke(Method.java:597) ~[na:1.6.0_38]
	at org.spockframework.util.ReflectionUtil.invokeMethod(ReflectionUtil.java:138) [spock-core-0.7-groovy-2.0.jar:na]
	at org.spockframework.runtime.BaseSpecRunner.invokeRaw(BaseSpecRunner.java:330) [spock-core-0.7-groovy-2.0.jar:na]
	at org.spockframework.runtime.BaseSpecRunner.invoke(BaseSpecRunner.java:311) [spock-core-0.7-groovy-2.0.jar:na]
	at org.spockframework.runtime.BaseSpecRunner.runIteration(BaseSpecRunner.java:223) [spock-core-0.7-groovy-2.0.jar:na]
	at org.spockframework.runtime.BaseSpecRunner.initializeAndRunIteration(BaseSpecRunner.java:214) [spock-core-0.7-groovy-2.0.jar:na]
	at org.spockframework.runtime.BaseSpecRunner.runSimpleFeature(BaseSpecRunner.java:205) [spock-core-0.7-groovy-2.0.jar:na]
	at org.spockframework.runtime.BaseSpecRunner.doRunFeature(BaseSpecRunner.java:199) [spock-core-0.7-groovy-2.0.jar:na]
	at sun.reflect.GeneratedMethodAccessor12.invoke(Unknown Source) ~[na:na]
	at sun.reflect.DelegatingMethodAccessorImpl.invoke(DelegatingMethodAccessorImpl.java:25) ~[na:1.6.0_38]
	at java.lang.reflect.Method.invoke(Method.java:597) ~[na:1.6.0_38]
	at org.spockframework.util.ReflectionUtil.invokeMethod(ReflectionUtil.java:138) [spock-core-0.7-groovy-2.0.jar:na]
	at org.spockframework.runtime.BaseSpecRunner.invokeRaw(BaseSpecRunner.java:330) [spock-core-0.7-groovy-2.0.jar:na]
	at org.spockframework.runtime.BaseSpecRunner.invoke(BaseSpecRunner.java:311) [spock-core-0.7-groovy-2.0.jar:na]
	at org.spockframework.runtime.BaseSpecRunner.runFeature(BaseSpecRunner.java:175) [spock-core-0.7-groovy-2.0.jar:na]
	at org.spockframework.runtime.BaseSpecRunner.runFeatures(BaseSpecRunner.java:152) [spock-core-0.7-groovy-2.0.jar:na]
	at org.spockframework.runtime.BaseSpecRunner.doRunSpec(BaseSpecRunner.java:112) [spock-core-0.7-groovy-2.0.jar:na]
	at sun.reflect.NativeMethodAccessorImpl.invoke0(Native Method) ~[na:1.6.0_38]
	at sun.reflect.NativeMethodAccessorImpl.invoke(NativeMethodAccessorImpl.java:39) ~[na:1.6.0_38]
	at sun.reflect.DelegatingMethodAccessorImpl.invoke(DelegatingMethodAccessorImpl.java:25) ~[na:1.6.0_38]
	at java.lang.reflect.Method.invoke(Method.java:597) ~[na:1.6.0_38]
	at org.spockframework.util.ReflectionUtil.invokeMethod(ReflectionUtil.java:138) [spock-core-0.7-groovy-2.0.jar:na]
	at org.spockframework.runtime.BaseSpecRunner.invokeRaw(BaseSpecRunner.java:330) [spock-core-0.7-groovy-2.0.jar:na]
	at org.spockframework.runtime.BaseSpecRunner.invoke(BaseSpecRunner.java:311) [spock-core-0.7-groovy-2.0.jar:na]
	at org.spockframework.runtime.BaseSpecRunner.runSpec(BaseSpecRunner.java:91) [spock-core-0.7-groovy-2.0.jar:na]
	at org.spockframework.runtime.BaseSpecRunner.run(BaseSpecRunner.java:82) [spock-core-0.7-groovy-2.0.jar:na]
	at org.spockframework.runtime.Sputnik.run(Sputnik.java:63) [spock-core-0.7-groovy-2.0.jar:na]
	at org.apache.maven.surefire.junit4.JUnit4TestSet.execute(JUnit4TestSet.java:53) [surefire-junit4-2.10.jar:2.10]
	at org.apache.maven.surefire.junit4.JUnit4Provider.executeTestSet(JUnit4Provider.java:123) [surefire-junit4-2.10.jar:2.10]
	at org.apache.maven.surefire.junit4.JUnit4Provider.invoke(JUnit4Provider.java:104) [surefire-junit4-2.10.jar:2.10]
	at sun.reflect.NativeMethodAccessorImpl.invoke0(Native Method) ~[na:1.6.0_38]
	at sun.reflect.NativeMethodAccessorImpl.invoke(NativeMethodAccessorImpl.java:39) ~[na:1.6.0_38]
	at sun.reflect.DelegatingMethodAccessorImpl.invoke(DelegatingMethodAccessorImpl.java:25) ~[na:1.6.0_38]
	at java.lang.reflect.Method.invoke(Method.java:597) ~[na:1.6.0_38]
	at org.apache.maven.surefire.util.ReflectionUtils.invokeMethodWithArray(ReflectionUtils.java:164) [surefire-api-2.10.jar:2.10]
	at org.apache.maven.surefire.booter.ProviderFactory$ProviderProxy.invoke(ProviderFactory.java:110) [surefire-booter-2.10.jar:2.10]
	at org.apache.maven.surefire.booter.SurefireStarter.invokeProvider(SurefireStarter.java:175) [surefire-booter-2.10.jar:2.10]
	at org.apache.maven.surefire.booter.SurefireStarter.runSuitesInProcessWhenForked(SurefireStarter.java:107) [surefire-booter-2.10.jar:2.10]
	at org.apache.maven.surefire.booter.ForkedBooter.main(ForkedBooter.java:68) [surefire-booter-2.10.jar:2.10]
Caused by: org.springframework.beans.factory.BeanCreationException: Error creating bean with name &apos;adminResource&apos;: Injection of autowired dependencies failed; nested exception is org.springframework.beans.factory.BeanCreationException: Could not autowire field: private com.rackspace.search.service.core.CoreTicketOngoingSyncJob com.rackspace.search.endpoint.AdminResource.coreTicketOngoingSyncJob; nested exception is org.springframework.beans.factory.BeanCreationException: Error creating bean with name &apos;coreTicketOngoingSyncJob&apos;: Invocation of init method failed; nested exception is org.elasticsearch.indices.IndexMissingException: [admin] missing
	at org.springframework.beans.factory.annotation.AutowiredAnnotationBeanPostProcessor.postProcessPropertyValues(AutowiredAnnotationBeanPostProcessor.java:288) ~[spring-beans-3.0.6.RELEASE.jar:3.0.6.RELEASE]
	at org.springframework.beans.factory.support.AbstractAutowireCapableBeanFactory.populateBean(AbstractAutowireCapableBeanFactory.java:1074) ~[spring-beans-3.0.6.RELEASE.jar:3.0.6.RELEASE]
	at org.springframework.beans.factory.support.AbstractAutowireCapableBeanFactory.doCreateBean(AbstractAutowireCapableBeanFactory.java:517) ~[spring-beans-3.0.6.RELEASE.jar:3.0.6.RELEASE]
	at org.springframework.beans.factory.support.AbstractAutowireCapableBeanFactory.createBean(AbstractAutowireCapableBeanFactory.java:456) ~[spring-beans-3.0.6.RELEASE.jar:3.0.6.RELEASE]
	at org.springframework.beans.factory.support.AbstractBeanFactory$1.getObject(AbstractBeanFactory.java:293) ~[spring-beans-3.0.6.RELEASE.jar:3.0.6.RELEASE]
	at org.springframework.beans.factory.support.DefaultSingletonBeanRegistry.getSingleton(DefaultSingletonBeanRegistry.java:222) ~[spring-beans-3.0.6.RELEASE.jar:3.0.6.RELEASE]
	at org.springframework.beans.factory.support.AbstractBeanFactory.doGetBean(AbstractBeanFactory.java:290) ~[spring-beans-3.0.6.RELEASE.jar:3.0.6.RELEASE]
	at org.springframework.beans.factory.support.AbstractBeanFactory.getBean(AbstractBeanFactory.java:192) ~[spring-beans-3.0.6.RELEASE.jar:3.0.6.RELEASE]
	at org.springframework.beans.factory.support.DefaultListableBeanFactory.preInstantiateSingletons(DefaultListableBeanFactory.java:585) ~[spring-beans-3.0.6.RELEASE.jar:3.0.6.RELEASE]
	at org.springframework.context.support.AbstractApplicationContext.finishBeanFactoryInitialization(AbstractApplicationContext.java:895) ~[spring-context-3.0.6.RELEASE.jar:3.0.6.RELEASE]
	at org.springframework.context.support.AbstractApplicationContext.refresh(AbstractApplicationContext.java:425) ~[spring-context-3.0.6.RELEASE.jar:3.0.6.RELEASE]
	at org.springframework.test.context.support.AbstractGenericContextLoader.loadContext(AbstractGenericContextLoader.java:84) ~[spring-test-3.0.6.RELEASE.jar:3.0.6.RELEASE]
	at org.springframework.test.context.support.AbstractGenericContextLoader.loadContext(AbstractGenericContextLoader.java:1) ~[spring-test-3.0.6.RELEASE.jar:3.0.6.RELEASE]
	at org.springframework.test.context.TestContext.loadApplicationContext(TestContext.java:280) ~[spring-test-3.0.6.RELEASE.jar:3.0.6.RELEASE]
	at org.springframework.test.context.TestContext.getApplicationContext(TestContext.java:304) ~[spring-test-3.0.6.RELEASE.jar:3.0.6.RELEASE]
	... 51 common frames omitted
Caused by: org.springframework.beans.factory.BeanCreationException: Could not autowire field: private com.rackspace.search.service.core.CoreTicketOngoingSyncJob com.rackspace.search.endpoint.AdminResource.coreTicketOngoingSyncJob; nested exception is org.springframework.beans.factory.BeanCreationException: Error creating bean with name &apos;coreTicketOngoingSyncJob&apos;: Invocation of init method failed; nested exception is org.elasticsearch.indices.IndexMissingException: [admin] missing
	at org.springframework.beans.factory.annotation.AutowiredAnnotationBeanPostProcessor$AutowiredFieldElement.inject(AutowiredAnnotationBeanPostProcessor.java:508) ~[spring-beans-3.0.6.RELEASE.jar:3.0.6.RELEASE]
	at org.springframework.beans.factory.annotation.InjectionMetadata.inject(InjectionMetadata.java:84) ~[spring-beans-3.0.6.RELEASE.jar:3.0.6.RELEASE]
	at org.springframework.beans.factory.annotation.AutowiredAnnotationBeanPostProcessor.postProcessPropertyValues(AutowiredAnnotationBeanPostProcessor.java:285) ~[spring-beans-3.0.6.RELEASE.jar:3.0.6.RELEASE]
	... 65 common frames omitted
Caused by: org.springframework.beans.factory.BeanCreationException: Error creating bean with name &apos;coreTicketOngoingSyncJob&apos;: Invocation of init method failed; nested exception is org.elasticsearch.indices.IndexMissingException: [admin] missing
	at org.springframework.beans.factory.annotation.InitDestroyAnnotationBeanPostProcessor.postProcessBeforeInitialization(InitDestroyAnnotationBeanPostProcessor.java:133) ~[spring-beans-3.0.6.RELEASE.jar:3.0.6.RELEASE]
	at org.springframework.beans.factory.support.AbstractAutowireCapableBeanFactory.applyBeanPostProcessorsBeforeInitialization(AbstractAutowireCapableBeanFactory.java:394) ~[spring-beans-3.0.6.RELEASE.jar:3.0.6.RELEASE]
	at org.springframework.beans.factory.support.AbstractAutowireCapableBeanFactory.initializeBean(AbstractAutowireCapableBeanFactory.java:1413) ~[spring-beans-3.0.6.RELEASE.jar:3.0.6.RELEASE]
	at org.springframework.beans.factory.support.AbstractAutowireCapableBeanFactory.doCreateBean(AbstractAutowireCapableBeanFactory.java:519) ~[spring-beans-3.0.6.RELEASE.jar:3.0.6.RELEASE]
	at org.springframework.beans.factory.support.AbstractAutowireCapableBeanFactory.createBean(AbstractAutowireCapableBeanFactory.java:456) ~[spring-beans-3.0.6.RELEASE.jar:3.0.6.RELEASE]
	at org.springframework.beans.factory.support.AbstractBeanFactory$1.getObject(AbstractBeanFactory.java:293) ~[spring-beans-3.0.6.RELEASE.jar:3.0.6.RELEASE]
	at org.springframework.beans.factory.support.DefaultSingletonBeanRegistry.getSingleton(DefaultSingletonBeanRegistry.java:222) ~[spring-beans-3.0.6.RELEASE.jar:3.0.6.RELEASE]
	at org.springframework.beans.factory.support.AbstractBeanFactory.doGetBean(AbstractBeanFactory.java:290) ~[spring-beans-3.0.6.RELEASE.jar:3.0.6.RELEASE]
	at org.springframework.beans.factory.support.AbstractBeanFactory.getBean(AbstractBeanFactory.java:192) ~[spring-beans-3.0.6.RELEASE.jar:3.0.6.RELEASE]
	at org.springframework.beans.factory.support.DefaultListableBeanFactory.findAutowireCandidates(DefaultListableBeanFactory.java:848) ~[spring-beans-3.0.6.RELEASE.jar:3.0.6.RELEASE]
	at org.springframework.beans.factory.support.DefaultListableBeanFactory.doResolveDependency(DefaultListableBeanFactory.java:790) ~[spring-beans-3.0.6.RELEASE.jar:3.0.6.RELEASE]
	at org.springframework.beans.factory.support.DefaultListableBeanFactory.resolveDependency(DefaultListableBeanFactory.java:707) ~[spring-beans-3.0.6.RELEASE.jar:3.0.6.RELEASE]
	at org.springframework.beans.factory.annotation.AutowiredAnnotationBeanPostProcessor$AutowiredFieldElement.inject(AutowiredAnnotationBeanPostProcessor.java:480) ~[spring-beans-3.0.6.RELEASE.jar:3.0.6.RELEASE]
	... 67 common frames omitted
Caused by: org.elasticsearch.indices.IndexMissingException: [admin] missing
	at org.elasticsearch.cluster.metadata.MetaData.concreteIndex(MetaData.java:211) ~[elasticsearch-0.16.2.jar:na]
	at org.elasticsearch.action.support.single.shard.TransportShardSingleOperationAction$AsyncSingleAction.&lt;init&gt;(TransportShardSingleOperationAction.java:107) ~[elasticsearch-0.16.2.jar:na]
	at org.elasticsearch.action.support.single.shard.TransportShardSingleOperationAction$AsyncSingleAction.&lt;init&gt;(TransportShardSingleOperationAction.java:88) ~[elasticsearch-0.16.2.jar:na]
	at org.elasticsearch.action.support.single.shard.TransportShardSingleOperationAction.doExecute(TransportShardSingleOperationAction.java:69) ~[elasticsearch-0.16.2.jar:na]
	at org.elasticsearch.action.support.single.shard.TransportShardSingleOperationAction.doExecute(TransportShardSingleOperationAction.java:45) ~[elasticsearch-0.16.2.jar:na]
	at org.elasticsearch.action.support.BaseAction.execute(BaseAction.java:61) ~[elasticsearch-0.16.2.jar:na]
	at org.elasticsearch.client.node.NodeClient.get(NodeClient.java:152) ~[elasticsearch-0.16.2.jar:na]
	at org.elasticsearch.client.action.get.GetRequestBuilder.doExecute(GetRequestBuilder.java:119) ~[elasticsearch-0.16.2.jar:na]
	at org.elasticsearch.client.action.support.BaseRequestBuilder.execute(BaseRequestBuilder.java:56) ~[elasticsearch-0.16.2.jar:na]
	at org.elasticsearch.client.action.support.BaseRequestBuilder.execute(BaseRequestBuilder.java:51) ~[elasticsearch-0.16.2.jar:na]
	at org.elasticsearch.client.action.RequestBuilder$execute.call(Unknown Source) ~[na:na]
	at com.rackspace.search.elasticsearch.client.ElasticSearchClient.getDocument(ElasticSearchClient.groovy:202) ~[classes/:na]
	at com.rackspace.search.elasticsearch.client.ElasticSearchClient$getDocument.call(Unknown Source) ~[na:na]
	at com.rackspace.search.service.JobService.getJob(JobService.groovy:38) ~[classes/:na]
	at com.rackspace.search.service.JobService$getJob.call(Unknown Source) ~[na:na]
	at com.rackspace.search.service.core.CoreTicketOngoingSyncJob.setupActivities(CoreTicketOnGoingSyncJob.groovy:54) ~[classes/:na]
	at sun.reflect.NativeMethodAccessorImpl.invoke0(Native Method) ~[na:1.6.0_38]
	at sun.reflect.NativeMethodAccessorImpl.invoke(NativeMethodAccessorImpl.java:39) ~[na:1.6.0_38]
	at sun.reflect.DelegatingMethodAccessorImpl.invoke(DelegatingMethodAccessorImpl.java:25) ~[na:1.6.0_38]
	at java.lang.reflect.Method.invoke(Method.java:597) ~[na:1.6.0_38]
	at org.springframework.beans.factory.annotation.InitDestroyAnnotationBeanPostProcessor$LifecycleElement.invoke(InitDestroyAnnotationBeanPostProcessor.java:340) ~[spring-beans-3.0.6.RELEASE.jar:3.0.6.RELEASE]
	at org.springframework.beans.factory.annotation.InitDestroyAnnotationBeanPostProcessor$LifecycleMetadata.invokeInitMethods(InitDestroyAnnotationBeanPostProcessor.java:293) ~[spring-beans-3.0.6.RELEASE.jar:3.0.6.RELEASE]
	at org.springframework.beans.factory.annotation.InitDestroyAnnotationBeanPostProcessor.postProcessBeforeInitialization(InitDestroyAnnotationBeanPostProcessor.java:130) ~[spring-beans-3.0.6.RELEASE.jar:3.0.6.RELEASE]
	... 79 common frames omitted
</stdout>
          <failedSince>1</failedSince>
        </case>
        <case>
          <duration>1.233</duration>
          <className>com.rackspace.search.service.TicketSearchServiceTest</className>
          <testName>should throw not found exception</testName>
          <skipped>false</skipped>
          <errorStackTrace>java.lang.NullPointerException
	at com.rackspace.search.service.TicketSearchServiceTest.cleanup(TicketSearchServiceTest.groovy:30)
</errorStackTrace>
          <failedSince>1</failedSince>
        </case>
      </cases>
    </suite>
    <suite>
      <file>/var/lib/jenkins/jobs/Samatha Fork/workspace/service/target/surefire-reports/TEST-com.rackspace.search.service.core.CoreTicketOnGoingSyncActorTest.xml</file>
      <name>com.rackspace.search.service.core.CoreTicketOnGoingSyncActorTest</name>
      <duration>0.566</duration>
      <cases>
        <case>
          <duration>0.433</duration>
          <className>com.rackspace.search.service.core.CoreTicketOnGoingSyncActorTest</className>
          <testName>should post data to searchClient</testName>
          <skipped>false</skipped>
          <failedSince>0</failedSince>
        </case>
        <case>
          <duration>0.022</duration>
          <className>com.rackspace.search.service.core.CoreTicketOnGoingSyncActorTest</className>
          <testName>multiple messages to actor result in posting multiple payloads to searchClient</testName>
          <skipped>false</skipped>
          <failedSince>0</failedSince>
        </case>
        <case>
          <duration>0.111</duration>
          <className>com.rackspace.search.service.core.CoreTicketOnGoingSyncActorTest</className>
          <testName>should post data to searchClient If syncJob status is not STOPPED</testName>
          <skipped>false</skipped>
          <failedSince>0</failedSince>
        </case>
      </cases>
    </suite>
    <suite>
      <file>/var/lib/jenkins/jobs/Samatha Fork/workspace/service/target/surefire-reports/TEST-com.rackspace.search.service.core.CoreTicketOneTimeSyncJobTest.xml</file>
      <name>com.rackspace.search.service.core.CoreTicketOneTimeSyncJobTest</name>
      <duration>0.26299998</duration>
      <cases>
        <case>
          <duration>0.251</duration>
          <className>com.rackspace.search.service.core.CoreTicketOneTimeSyncJobTest</className>
          <testName>should test starting job</testName>
          <skipped>false</skipped>
          <failedSince>0</failedSince>
        </case>
        <case>
          <duration>0.0040</duration>
          <className>com.rackspace.search.service.core.CoreTicketOneTimeSyncJobTest</className>
          <testName>Job already running .. should throw exception</testName>
          <skipped>false</skipped>
          <failedSince>0</failedSince>
        </case>
        <case>
          <duration>0.0080</duration>
          <className>com.rackspace.search.service.core.CoreTicketOneTimeSyncJobTest</className>
          <testName>sync job not exists.. create new one</testName>
          <skipped>false</skipped>
          <failedSince>0</failedSince>
        </case>
      </cases>
    </suite>
    <suite>
      <file>/var/lib/jenkins/jobs/Samatha Fork/workspace/service/target/surefire-reports/TEST-com.rackspace.search.service.core.CoreTicketOnetimeSyncActorTest.xml</file>
      <name>com.rackspace.search.service.core.CoreTicketOnetimeSyncActorTest</name>
      <duration>0.0</duration>
      <cases>
        <case>
          <duration>0.0</duration>
          <className>com.rackspace.search.service.core.CoreTicketOnetimeSyncActorTest</className>
          <testName>should post data to searchClient</testName>
          <skipped>false</skipped>
          <failedSince>0</failedSince>
        </case>
        <case>
          <duration>0.0</duration>
          <className>com.rackspace.search.service.core.CoreTicketOnetimeSyncActorTest</className>
          <testName>multiple messages to actor result in posting multiple payloads to searchClient</testName>
          <skipped>false</skipped>
          <failedSince>0</failedSince>
        </case>
        <case>
          <duration>0.0</duration>
          <className>com.rackspace.search.service.core.CoreTicketOnetimeSyncActorTest</className>
          <testName>should test when completed message is sent</testName>
          <skipped>false</skipped>
          <failedSince>0</failedSince>
        </case>
      </cases>
    </suite>
    <suite>
      <file>/var/lib/jenkins/jobs/Samatha Fork/workspace/service/target/surefire-reports/TEST-com.rackspace.search.service.core.CoreTicketOngoingSyncJobTest.xml</file>
      <name>com.rackspace.search.service.core.CoreTicketOngoingSyncJobTest</name>
      <duration>1.148</duration>
      <cases>
        <case>
          <duration>1.07</duration>
          <className>com.rackspace.search.service.core.CoreTicketOngoingSyncJobTest</className>
          <testName>should test starting job</testName>
          <skipped>false</skipped>
          <failedSince>0</failedSince>
        </case>
        <case>
          <duration>0.015</duration>
          <className>com.rackspace.search.service.core.CoreTicketOngoingSyncJobTest</className>
          <testName>Job already running .. should throw exception</testName>
          <skipped>false</skipped>
          <failedSince>0</failedSince>
        </case>
        <case>
          <duration>0.063</duration>
          <className>com.rackspace.search.service.core.CoreTicketOngoingSyncJobTest</className>
          <testName>if the request Json have is_enabled false.. should update the job Status</testName>
          <skipped>false</skipped>
          <failedSince>0</failedSince>
        </case>
      </cases>
    </suite>
    <suite>
      <file>/var/lib/jenkins/jobs/Samatha Fork/workspace/service/target/surefire-reports/TEST-com.rackspace.search.service.core.CoreTicketProcessorTest.xml</file>
      <name>com.rackspace.search.service.core.CoreTicketProcessorTest</name>
      <duration>0.058</duration>
      <cases>
        <case>
          <duration>0.058</duration>
          <className>com.rackspace.search.service.core.CoreTicketProcessorTest</className>
          <testName>make sure date is converted to UTC time zone</testName>
          <skipped>false</skipped>
          <failedSince>0</failedSince>
        </case>
      </cases>
    </suite>
  </suites>
  <duration>30.486002</duration>
  <keepLongStdio>false</keepLongStdio>
</result>