<?xml version='1.0' encoding='UTF-8'?>
<result>
  <suites>
    <suite>
      <file>/var/lib/jenkins/jobs/Samatha Fork/workspace/service/target/surefire-reports/TEST-com.rackspace.search.elasticsearch.SyncJobTest.xml</file>
      <name>com.rackspace.search.elasticsearch.SyncJobTest</name>
      <duration>0.053</duration>
      <cases>
        <case>
          <duration>0.053</duration>
          <className>com.rackspace.search.elasticsearch.SyncJobTest</className>
          <testName>verifying health status for Ongoing sync job</testName>
          <skipped>false</skipped>
          <failedSince>0</failedSince>
        </case>
        <case>
          <duration>0.0</duration>
          <className>com.rackspace.search.elasticsearch.SyncJobTest</className>
          <testName>verifying health status for Onetime sync job</testName>
          <skipped>false</skipped>
          <failedSince>0</failedSince>
        </case>
        <case>
          <duration>0.0</duration>
          <className>com.rackspace.search.elasticsearch.SyncJobTest</className>
          <testName>verifying sync job type</testName>
          <skipped>false</skipped>
          <failedSince>0</failedSince>
        </case>
      </cases>
    </suite>
    <suite>
      <file>/var/lib/jenkins/jobs/Samatha Fork/workspace/service/target/surefire-reports/TEST-com.rackspace.search.elasticsearch.client.ElasticSearchClientFactoryBeanTest.xml</file>
      <name>com.rackspace.search.elasticsearch.client.ElasticSearchClientFactoryBeanTest</name>
      <duration>11.434999</duration>
      <cases>
        <case>
          <duration>6.029</duration>
          <className>com.rackspace.search.elasticsearch.client.ElasticSearchClientFactoryBeanTest</className>
          <testName>is Index exist</testName>
          <skipped>false</skipped>
          <errorStackTrace>java.lang.IllegalStateException: Failed to load ApplicationContext
	at org.springframework.test.context.TestContext.getApplicationContext(TestContext.java:308)
	at org.springframework.test.context.support.DependencyInjectionTestExecutionListener.injectDependencies(DependencyInjectionTestExecutionListener.java:109)
	at org.springframework.test.context.support.DependencyInjectionTestExecutionListener.prepareTestInstance(DependencyInjectionTestExecutionListener.java:75)
	at org.springframework.test.context.TestContextManager.prepareTestInstance(TestContextManager.java:321)
	at org.spockframework.spring.SpringTestContextManager.prepareTestInstance(SpringTestContextManager.java:49)
	at org.spockframework.spring.SpringInterceptor.interceptSetupMethod(SpringInterceptor.java:42)
	at org.spockframework.runtime.extension.AbstractMethodInterceptor.intercept(AbstractMethodInterceptor.java:28)
	at org.spockframework.runtime.extension.MethodInvocation.proceed(MethodInvocation.java:84)
	at org.spockframework.util.ReflectionUtil.invokeMethod(ReflectionUtil.java:138)
	at org.spockframework.util.ReflectionUtil.invokeMethod(ReflectionUtil.java:138)
	at org.spockframework.util.ReflectionUtil.invokeMethod(ReflectionUtil.java:138)
	at org.apache.maven.surefire.junit4.JUnit4TestSet.execute(JUnit4TestSet.java:53)
	at org.apache.maven.surefire.junit4.JUnit4Provider.executeTestSet(JUnit4Provider.java:123)
	at org.apache.maven.surefire.junit4.JUnit4Provider.invoke(JUnit4Provider.java:104)
	at org.apache.maven.surefire.util.ReflectionUtils.invokeMethodWithArray(ReflectionUtils.java:164)
	at org.apache.maven.surefire.booter.ProviderFactory$ProviderProxy.invoke(ProviderFactory.java:110)
	at org.apache.maven.surefire.booter.SurefireStarter.invokeProvider(SurefireStarter.java:175)
	at org.apache.maven.surefire.booter.SurefireStarter.runSuitesInProcessWhenForked(SurefireStarter.java:107)
	at org.apache.maven.surefire.booter.ForkedBooter.main(ForkedBooter.java:68)
Caused by: org.springframework.beans.factory.BeanCreationException: Error creating bean with name &apos;jobResource&apos;: Injection of autowired dependencies failed; nested exception is org.springframework.beans.factory.BeanCreationException: Could not autowire field: private com.rackspace.search.service.zendesk.ZendeskTicketOngoingSyncJob com.rackspace.search.endpoint.JobResource.zendeskTicketOngoingSyncJob; nested exception is org.springframework.beans.factory.BeanCreationException: Error creating bean with name &apos;zendeskTicketOngoingSyncJob&apos;: Injection of autowired dependencies failed; nested exception is org.springframework.beans.factory.BeanCreationException: Could not autowire field: private com.rackspace.search.service.zendesk.ZendeskTicketOngoingSyncActor com.rackspace.search.service.zendesk.ZendeskTicketOngoingSyncJob.ticketActor; nested exception is org.springframework.beans.factory.BeanCreationException: Error creating bean with name &apos;zendeskTicketOngoingSyncActor&apos;: Injection of autowired dependencies failed; nested exception is org.springframework.beans.factory.BeanCreationException: Could not autowire field: private com.rackspace.search.service.zendesk.ZendeskTicketProcessor com.rackspace.search.service.zendesk.ZendeskTicketOngoingSyncActor.zendeskTicketProcessor; nested exception is org.springframework.beans.factory.BeanCreationException: Error creating bean with name &apos;zendeskTicketProcessor&apos;: Injection of autowired dependencies failed; nested exception is org.springframework.beans.factory.BeanCreationException: Could not autowire field: private java.lang.Object com.rackspace.search.service.zendesk.ZendeskTicketProcessor.zendeskIndexName; nested exception is java.lang.IllegalArgumentException: Could not resolve placeholder &apos;zendesk.index.name&apos;
	at org.springframework.beans.factory.annotation.AutowiredAnnotationBeanPostProcessor.postProcessPropertyValues(AutowiredAnnotationBeanPostProcessor.java:288)
	at org.springframework.beans.factory.support.AbstractAutowireCapableBeanFactory.populateBean(AbstractAutowireCapableBeanFactory.java:1074)
	at org.springframework.beans.factory.support.AbstractAutowireCapableBeanFactory.doCreateBean(AbstractAutowireCapableBeanFactory.java:517)
	at org.springframework.beans.factory.support.AbstractAutowireCapableBeanFactory.createBean(AbstractAutowireCapableBeanFactory.java:456)
	at org.springframework.beans.factory.support.AbstractBeanFactory$1.getObject(AbstractBeanFactory.java:293)
	at org.springframework.beans.factory.support.DefaultSingletonBeanRegistry.getSingleton(DefaultSingletonBeanRegistry.java:222)
	at org.springframework.beans.factory.support.AbstractBeanFactory.doGetBean(AbstractBeanFactory.java:290)
	at org.springframework.beans.factory.support.AbstractBeanFactory.getBean(AbstractBeanFactory.java:192)
	at org.springframework.beans.factory.support.DefaultListableBeanFactory.preInstantiateSingletons(DefaultListableBeanFactory.java:585)
	at org.springframework.context.support.AbstractApplicationContext.finishBeanFactoryInitialization(AbstractApplicationContext.java:895)
	at org.springframework.context.support.AbstractApplicationContext.refresh(AbstractApplicationContext.java:425)
	at org.springframework.test.context.support.AbstractGenericContextLoader.loadContext(AbstractGenericContextLoader.java:84)
	at org.springframework.test.context.support.AbstractGenericContextLoader.loadContext(AbstractGenericContextLoader.java:1)
	at org.springframework.test.context.TestContext.loadApplicationContext(TestContext.java:280)
	at org.springframework.test.context.TestContext.getApplicationContext(TestContext.java:304)
	... 18 more
Caused by: org.springframework.beans.factory.BeanCreationException: Could not autowire field: private com.rackspace.search.service.zendesk.ZendeskTicketOngoingSyncJob com.rackspace.search.endpoint.JobResource.zendeskTicketOngoingSyncJob; nested exception is org.springframework.beans.factory.BeanCreationException: Error creating bean with name &apos;zendeskTicketOngoingSyncJob&apos;: Injection of autowired dependencies failed; nested exception is org.springframework.beans.factory.BeanCreationException: Could not autowire field: private com.rackspace.search.service.zendesk.ZendeskTicketOngoingSyncActor com.rackspace.search.service.zendesk.ZendeskTicketOngoingSyncJob.ticketActor; nested exception is org.springframework.beans.factory.BeanCreationException: Error creating bean with name &apos;zendeskTicketOngoingSyncActor&apos;: Injection of autowired dependencies failed; nested exception is org.springframework.beans.factory.BeanCreationException: Could not autowire field: private com.rackspace.search.service.zendesk.ZendeskTicketProcessor com.rackspace.search.service.zendesk.ZendeskTicketOngoingSyncActor.zendeskTicketProcessor; nested exception is org.springframework.beans.factory.BeanCreationException: Error creating bean with name &apos;zendeskTicketProcessor&apos;: Injection of autowired dependencies failed; nested exception is org.springframework.beans.factory.BeanCreationException: Could not autowire field: private java.lang.Object com.rackspace.search.service.zendesk.ZendeskTicketProcessor.zendeskIndexName; nested exception is java.lang.IllegalArgumentException: Could not resolve placeholder &apos;zendesk.index.name&apos;
	at org.springframework.beans.factory.annotation.AutowiredAnnotationBeanPostProcessor$AutowiredFieldElement.inject(AutowiredAnnotationBeanPostProcessor.java:508)
	at org.springframework.beans.factory.annotation.InjectionMetadata.inject(InjectionMetadata.java:84)
	at org.springframework.beans.factory.annotation.AutowiredAnnotationBeanPostProcessor.postProcessPropertyValues(AutowiredAnnotationBeanPostProcessor.java:285)
	... 32 more
Caused by: org.springframework.beans.factory.BeanCreationException: Error creating bean with name &apos;zendeskTicketOngoingSyncJob&apos;: Injection of autowired dependencies failed; nested exception is org.springframework.beans.factory.BeanCreationException: Could not autowire field: private com.rackspace.search.service.zendesk.ZendeskTicketOngoingSyncActor com.rackspace.search.service.zendesk.ZendeskTicketOngoingSyncJob.ticketActor; nested exception is org.springframework.beans.factory.BeanCreationException: Error creating bean with name &apos;zendeskTicketOngoingSyncActor&apos;: Injection of autowired dependencies failed; nested exception is org.springframework.beans.factory.BeanCreationException: Could not autowire field: private com.rackspace.search.service.zendesk.ZendeskTicketProcessor com.rackspace.search.service.zendesk.ZendeskTicketOngoingSyncActor.zendeskTicketProcessor; nested exception is org.springframework.beans.factory.BeanCreationException: Error creating bean with name &apos;zendeskTicketProcessor&apos;: Injection of autowired dependencies failed; nested exception is org.springframework.beans.factory.BeanCreationException: Could not autowire field: private java.lang.Object com.rackspace.search.service.zendesk.ZendeskTicketProcessor.zendeskIndexName; nested exception is java.lang.IllegalArgumentException: Could not resolve placeholder &apos;zendesk.index.name&apos;
	at org.springframework.beans.factory.annotation.AutowiredAnnotationBeanPostProcessor.postProcessPropertyValues(AutowiredAnnotationBeanPostProcessor.java:288)
	at org.springframework.beans.factory.support.AbstractAutowireCapableBeanFactory.populateBean(AbstractAutowireCapableBeanFactory.java:1074)
	at org.springframework.beans.factory.support.AbstractAutowireCapableBeanFactory.doCreateBean(AbstractAutowireCapableBeanFactory.java:517)
	at org.springframework.beans.factory.support.AbstractAutowireCapableBeanFactory.createBean(AbstractAutowireCapableBeanFactory.java:456)
	at org.springframework.beans.factory.support.AbstractBeanFactory$1.getObject(AbstractBeanFactory.java:293)
	at org.springframework.beans.factory.support.DefaultSingletonBeanRegistry.getSingleton(DefaultSingletonBeanRegistry.java:222)
	at org.springframework.beans.factory.support.AbstractBeanFactory.doGetBean(AbstractBeanFactory.java:290)
	at org.springframework.beans.factory.support.AbstractBeanFactory.getBean(AbstractBeanFactory.java:192)
	at org.springframework.beans.factory.support.DefaultListableBeanFactory.findAutowireCandidates(DefaultListableBeanFactory.java:848)
	at org.springframework.beans.factory.support.DefaultListableBeanFactory.doResolveDependency(DefaultListableBeanFactory.java:790)
	at org.springframework.beans.factory.support.DefaultListableBeanFactory.resolveDependency(DefaultListableBeanFactory.java:707)
	at org.springframework.beans.factory.annotation.AutowiredAnnotationBeanPostProcessor$AutowiredFieldElement.inject(AutowiredAnnotationBeanPostProcessor.java:480)
	... 34 more
Caused by: org.springframework.beans.factory.BeanCreationException: Could not autowire field: private com.rackspace.search.service.zendesk.ZendeskTicketOngoingSyncActor com.rackspace.search.service.zendesk.ZendeskTicketOngoingSyncJob.ticketActor; nested exception is org.springframework.beans.factory.BeanCreationException: Error creating bean with name &apos;zendeskTicketOngoingSyncActor&apos;: Injection of autowired dependencies failed; nested exception is org.springframework.beans.factory.BeanCreationException: Could not autowire field: private com.rackspace.search.service.zendesk.ZendeskTicketProcessor com.rackspace.search.service.zendesk.ZendeskTicketOngoingSyncActor.zendeskTicketProcessor; nested exception is org.springframework.beans.factory.BeanCreationException: Error creating bean with name &apos;zendeskTicketProcessor&apos;: Injection of autowired dependencies failed; nested exception is org.springframework.beans.factory.BeanCreationException: Could not autowire field: private java.lang.Object com.rackspace.search.service.zendesk.ZendeskTicketProcessor.zendeskIndexName; nested exception is java.lang.IllegalArgumentException: Could not resolve placeholder &apos;zendesk.index.name&apos;
	at org.springframework.beans.factory.annotation.AutowiredAnnotationBeanPostProcessor$AutowiredFieldElement.inject(AutowiredAnnotationBeanPostProcessor.java:508)
	at org.springframework.beans.factory.annotation.InjectionMetadata.inject(InjectionMetadata.java:84)
	at org.springframework.beans.factory.annotation.AutowiredAnnotationBeanPostProcessor.postProcessPropertyValues(AutowiredAnnotationBeanPostProcessor.java:285)
	... 45 more
Caused by: org.springframework.beans.factory.BeanCreationException: Error creating bean with name &apos;zendeskTicketOngoingSyncActor&apos;: Injection of autowired dependencies failed; nested exception is org.springframework.beans.factory.BeanCreationException: Could not autowire field: private com.rackspace.search.service.zendesk.ZendeskTicketProcessor com.rackspace.search.service.zendesk.ZendeskTicketOngoingSyncActor.zendeskTicketProcessor; nested exception is org.springframework.beans.factory.BeanCreationException: Error creating bean with name &apos;zendeskTicketProcessor&apos;: Injection of autowired dependencies failed; nested exception is org.springframework.beans.factory.BeanCreationException: Could not autowire field: private java.lang.Object com.rackspace.search.service.zendesk.ZendeskTicketProcessor.zendeskIndexName; nested exception is java.lang.IllegalArgumentException: Could not resolve placeholder &apos;zendesk.index.name&apos;
	at org.springframework.beans.factory.annotation.AutowiredAnnotationBeanPostProcessor.postProcessPropertyValues(AutowiredAnnotationBeanPostProcessor.java:288)
	at org.springframework.beans.factory.support.AbstractAutowireCapableBeanFactory.populateBean(AbstractAutowireCapableBeanFactory.java:1074)
	at org.springframework.beans.factory.support.AbstractAutowireCapableBeanFactory.doCreateBean(AbstractAutowireCapableBeanFactory.java:517)
	at org.springframework.beans.factory.support.AbstractAutowireCapableBeanFactory.createBean(AbstractAutowireCapableBeanFactory.java:456)
	at org.springframework.beans.factory.support.AbstractBeanFactory$1.getObject(AbstractBeanFactory.java:293)
	at org.springframework.beans.factory.support.DefaultSingletonBeanRegistry.getSingleton(DefaultSingletonBeanRegistry.java:222)
	at org.springframework.beans.factory.support.AbstractBeanFactory.doGetBean(AbstractBeanFactory.java:290)
	at org.springframework.beans.factory.support.AbstractBeanFactory.getBean(AbstractBeanFactory.java:192)
	at org.springframework.beans.factory.support.DefaultListableBeanFactory.findAutowireCandidates(DefaultListableBeanFactory.java:848)
	at org.springframework.beans.factory.support.DefaultListableBeanFactory.doResolveDependency(DefaultListableBeanFactory.java:790)
	at org.springframework.beans.factory.support.DefaultListableBeanFactory.resolveDependency(DefaultListableBeanFactory.java:707)
	at org.springframework.beans.factory.annotation.AutowiredAnnotationBeanPostProcessor$AutowiredFieldElement.inject(AutowiredAnnotationBeanPostProcessor.java:480)
	... 47 more
Caused by: org.springframework.beans.factory.BeanCreationException: Could not autowire field: private com.rackspace.search.service.zendesk.ZendeskTicketProcessor com.rackspace.search.service.zendesk.ZendeskTicketOngoingSyncActor.zendeskTicketProcessor; nested exception is org.springframework.beans.factory.BeanCreationException: Error creating bean with name &apos;zendeskTicketProcessor&apos;: Injection of autowired dependencies failed; nested exception is org.springframework.beans.factory.BeanCreationException: Could not autowire field: private java.lang.Object com.rackspace.search.service.zendesk.ZendeskTicketProcessor.zendeskIndexName; nested exception is java.lang.IllegalArgumentException: Could not resolve placeholder &apos;zendesk.index.name&apos;
	at org.springframework.beans.factory.annotation.AutowiredAnnotationBeanPostProcessor$AutowiredFieldElement.inject(AutowiredAnnotationBeanPostProcessor.java:508)
	at org.springframework.beans.factory.annotation.InjectionMetadata.inject(InjectionMetadata.java:84)
	at org.springframework.beans.factory.annotation.AutowiredAnnotationBeanPostProcessor.postProcessPropertyValues(AutowiredAnnotationBeanPostProcessor.java:285)
	... 58 more
Caused by: org.springframework.beans.factory.BeanCreationException: Error creating bean with name &apos;zendeskTicketProcessor&apos;: Injection of autowired dependencies failed; nested exception is org.springframework.beans.factory.BeanCreationException: Could not autowire field: private java.lang.Object com.rackspace.search.service.zendesk.ZendeskTicketProcessor.zendeskIndexName; nested exception is java.lang.IllegalArgumentException: Could not resolve placeholder &apos;zendesk.index.name&apos;
	at org.springframework.beans.factory.annotation.AutowiredAnnotationBeanPostProcessor.postProcessPropertyValues(AutowiredAnnotationBeanPostProcessor.java:288)
	at org.springframework.beans.factory.support.AbstractAutowireCapableBeanFactory.populateBean(AbstractAutowireCapableBeanFactory.java:1074)
	at org.springframework.beans.factory.support.AbstractAutowireCapableBeanFactory.doCreateBean(AbstractAutowireCapableBeanFactory.java:517)
	at org.springframework.beans.factory.support.AbstractAutowireCapableBeanFactory.createBean(AbstractAutowireCapableBeanFactory.java:456)
	at org.springframework.beans.factory.support.AbstractBeanFactory$1.getObject(AbstractBeanFactory.java:293)
	at org.springframework.beans.factory.support.DefaultSingletonBeanRegistry.getSingleton(DefaultSingletonBeanRegistry.java:222)
	at org.springframework.beans.factory.support.AbstractBeanFactory.doGetBean(AbstractBeanFactory.java:290)
	at org.springframework.beans.factory.support.AbstractBeanFactory.getBean(AbstractBeanFactory.java:192)
	at org.springframework.beans.factory.support.DefaultListableBeanFactory.findAutowireCandidates(DefaultListableBeanFactory.java:848)
	at org.springframework.beans.factory.support.DefaultListableBeanFactory.doResolveDependency(DefaultListableBeanFactory.java:790)
	at org.springframework.beans.factory.support.DefaultListableBeanFactory.resolveDependency(DefaultListableBeanFactory.java:707)
	at org.springframework.beans.factory.annotation.AutowiredAnnotationBeanPostProcessor$AutowiredFieldElement.inject(AutowiredAnnotationBeanPostProcessor.java:480)
	... 60 more
Caused by: org.springframework.beans.factory.BeanCreationException: Could not autowire field: private java.lang.Object com.rackspace.search.service.zendesk.ZendeskTicketProcessor.zendeskIndexName; nested exception is java.lang.IllegalArgumentException: Could not resolve placeholder &apos;zendesk.index.name&apos;
	at org.springframework.beans.factory.annotation.AutowiredAnnotationBeanPostProcessor$AutowiredFieldElement.inject(AutowiredAnnotationBeanPostProcessor.java:508)
	at org.springframework.beans.factory.annotation.InjectionMetadata.inject(InjectionMetadata.java:84)
	at org.springframework.beans.factory.annotation.AutowiredAnnotationBeanPostProcessor.postProcessPropertyValues(AutowiredAnnotationBeanPostProcessor.java:285)
	... 71 more
Caused by: java.lang.IllegalArgumentException: Could not resolve placeholder &apos;zendesk.index.name&apos;
	at org.springframework.util.PropertyPlaceholderHelper.parseStringValue(PropertyPlaceholderHelper.java:173)
	at org.springframework.util.PropertyPlaceholderHelper.replacePlaceholders(PropertyPlaceholderHelper.java:125)
	at org.springframework.beans.factory.config.PropertyPlaceholderConfigurer$PlaceholderResolvingStringValueResolver.resolveStringValue(PropertyPlaceholderConfigurer.java:403)
	at org.springframework.beans.factory.support.AbstractBeanFactory.resolveEmbeddedValue(AbstractBeanFactory.java:747)
	at org.springframework.beans.factory.support.DefaultListableBeanFactory.doResolveDependency(DefaultListableBeanFactory.java:717)
	at org.springframework.beans.factory.support.DefaultListableBeanFactory.resolveDependency(DefaultListableBeanFactory.java:707)
	at org.springframework.beans.factory.annotation.AutowiredAnnotationBeanPostProcessor$AutowiredFieldElement.inject(AutowiredAnnotationBeanPostProcessor.java:480)
	... 73 more
</errorStackTrace>
          <errorDetails>Failed to load ApplicationContext</errorDetails>
          <stdout>22:04:52.142 [main] INFO  c.r.s.common.property.PropertyProvider - Loading properties file from file [/var/lib/jenkins/jobs/Samatha Fork/workspace/service/target/properties/local/search.properties]
22:04:52.143 [main] INFO  c.r.s.common.property.PropertyProvider - Loading properties file from file [/var/lib/jenkins/jobs/Samatha Fork/workspace/service/target/properties/local/search.secrets.properties]
22:04:52.143 [main] INFO  c.r.s.common.property.PropertyProvider - Loading properties file from file [/var/lib/jenkins/jobs/Samatha Fork/workspace/service/target/properties/local/elasticsearch.properties]
22:04:52.184 [main] INFO  c.r.s.elasticsearch.ElasticSearchServer - Starting the Elastic Search server node:
22:04:52.187 [main] INFO  org.elasticsearch.node - [ticket.node] {0.90.2}[25471]: initializing ...
22:04:52.188 [main] INFO  org.elasticsearch.plugins - [ticket.node] loaded [action-updatebyquery], sites []
22:04:52.754 [main] INFO  org.elasticsearch.node - [ticket.node] {0.90.2}[25471]: initialized
22:04:52.754 [main] INFO  c.r.s.elasticsearch.ElasticSearchServer - Starting the Elastic Search server node with these settings:
22:04:52.757 [main] INFO  c.r.s.elasticsearch.ElasticSearchServer - Elasticsearch Settings :  [elastic.config.path:/var/lib/jenkins/jobs/Samatha Fork/workspace/service/target/properties/local/elasticsearch, path.data:/var/lib/jenkins/jobs/Samatha Fork/workspace/service/target/elasticsearch/data, cluster.name:ticket.cluster, ticket.search.allowedNestedParams:account.contacts.name,account.contacts.role,account.contacts.sso, core.secondpass.lookbacktime.minutes:15, http.connection.timeout.in.milliseconds:65000, index.analysis.analyzer.search_standard.type:standard, cluster.health.check.wait.time.seconds:120, path.conf:/var/lib/jenkins/jobs/Samatha Fork/workspace/service/target/properties/local/elasticsearch, syncRequest.max.documents.size:250, ticket.ongoingsync.delay.seconds:2, core.account.caching.enabled:true, path.logs:/var/lib/jenkins/jobs/Samatha Fork/workspace/service/target/elasticsearch/logs, http.enabled:true, ticket.document.idName:number, core.api.endpoint:https://ws.integration.core.rackspace.com/ctkapi, transport.tcp.compress:true, account.highprofile.name:HIGH_PROFILE, core.ongoingsync.loopback.time.seconds:120, account.cache.expiration.time.minutes:120, account.api.username:hybrid_ui, ticket.index.name:ticket, admin.index.name:admin, default.page.size:100, indices.structure:/indices_structure.json, account.filter.necessary.updates:true, index.store.fs.memory.enabled:false, index.number_of_shards:5, syncRequest.search.allowedRangeParams:createdAt,lastRunAt,documentLastUpdatedTimestamp, admin.document.type:syncJob, node.data:true, max.page.size:500, node.name:ticket.node, ticket.core.date.timezone:CST, ticket.search.allowedRangeParams:createdAt,updatedAt,lastPublicCommentDate,updateEventDate,documentLastUpdatedTimestamp, account.document.type:account, core.driver.class:org.postgresql.Driver, ticket.cache.expiration.time.minutes:120, core.api.username:rcameron, syncRequest.document.idName:id, discovery.zen.ping.multicast.enabled:false, core.db.url:jdbc:postgresql://integration.db.core.rackspace.com:5432/core_dev, account.update.tickets.pageSize:250, core.account.updates.enabled:true, account.document.versionParam:updatedAt, index.analysis.analyzer.search_standard.filter:[lowercase], bootstrap.mlockall:true, ticket.core.dateformat:yyyy-MM-dd HH:mm:ss, coreaccount.document.type:coreaccount, coreticket.onetimesync.usedb:true, node.master:true, coreaccount.document.idName:id, syncRequest.document.type:syncRequest, core.account.filter.necessary.updates:true, index.number_of_replicas:0, account.api.events.path:v1.0/accounts/events.atom, account.index.name:account, ticket.document.versionParam:updateEventDate, ticket.core.dateformat.with.millis:yyyy-MM-dd HH:mm:ss.SSSSSS, core.account.cache.expiration.time.minutes:120, ticket.document.type:ticket, account.caching.enabled:true, coreaccount.document.versionParam:updatedAt, ticket.caching.enabled:true, admin.document.idName:name, syncRequest.search.allowedTermParams:documentType,status,createdAt,lastRunAt,documentLastUpdatedTimestamp, core.secondpass.enabled:true, account.api.accounts.path:v1.0/accounts, cluster.routing.allocation.awareness.attributes:machine, facets.display.count:100, core.db.username:usq_read, node.machine:ticket.node, syncRequest.index.name:admin, ticket.search.allowedTermParams:sourceSystem,number,createdAt,updatedAt,updateEventDate,lastPublicCommentDate,status,queue.name,category,categoryObj.name,categoryObj.id,priority,assignee.name,hasWindowsServers,hasLinuxServers,severityName,assignee.sso,queue.id,accountServiceLevel,accountTeamTerritoryCode,account.serviceLevel,account.teamTerritoryCode,statusTypes,account.team,account.id,account.rcn,account.status,account.highProfile,documentLastUpdatedTimestamp,account.teamSegment,submitter.name,submitter.sso,account.contacts.name,account.contacts.role,account.contacts.sso,subCategoryObj.name,subCategoryObj.id,assignee.id,submitter.id, use.updateByQueryPlugin:false, account.api.endpoint:https://test.account.api.rackspace.com/, updated.timestamp.field.name:documentLastUpdatedTimestamp, ticket.elastic.dateformat:yyyy-MM-dd&apos;T&apos;HH:mm:ss.SSSZ, action.auto_create_index:1, account.document.idName:id, name:ticket.node] 
22:04:52.758 [main] INFO  org.elasticsearch.node - [ticket.node] {0.90.2}[25471]: starting ...
22:04:52.974 [main] INFO  org.elasticsearch.transport - [ticket.node] bound_address {inet[/0:0:0:0:0:0:0:0:9300]}, publish_address {inet[/10.14.208.252:9300]}
22:04:56.190 [elasticsearch[ticket.node][clusterService#updateTask][T#1]] INFO  org.elasticsearch.cluster.service - [ticket.node] new_master [ticket.node][03-_ebEIQzugP9MZ35K69A][inet[/10.14.208.252:9300]]{machine=ticket.node, master=true}, reason: zen-disco-join (elected_as_master)
22:04:56.201 [main] INFO  org.elasticsearch.discovery - [ticket.node] ticket.cluster/03-_ebEIQzugP9MZ35K69A
22:04:56.212 [elasticsearch[ticket.node][clusterService#updateTask][T#1]] INFO  org.elasticsearch.gateway - [ticket.node] recovered [0] indices into cluster_state
22:04:56.452 [main] INFO  org.elasticsearch.http - [ticket.node] bound_address {inet[/0:0:0:0:0:0:0:0:9200]}, publish_address {inet[/10.14.208.252:9200]}
22:04:56.452 [main] INFO  org.elasticsearch.node - [ticket.node] {0.90.2}[25471]: started
22:04:56.452 [main] INFO  c.r.s.elasticsearch.ElasticSearchServer - Elastic Search server is started.
22:04:56.453 [main] INFO  c.r.s.elasticsearch.ElasticSearchServer - ES cluster status is GREEN. Waiting for ES recovery.
22:04:56.453 [main] INFO  c.r.s.elasticsearch.ElasticSearchServer - Elastic Search Cluster Staus is GREEN
22:04:57.094 [main] ERROR c.r.s.e.client.ElasticSearchClient - Index is missing
org.elasticsearch.indices.IndexMissingException: [admin] missing
	at org.elasticsearch.cluster.metadata.MetaData.concreteIndex(MetaData.java:616) ~[elasticsearch-0.90.2.jar:na]
	at org.elasticsearch.action.get.TransportGetAction.resolveRequest(TransportGetAction.java:90) ~[elasticsearch-0.90.2.jar:na]
	at org.elasticsearch.action.get.TransportGetAction.resolveRequest(TransportGetAction.java:42) ~[elasticsearch-0.90.2.jar:na]
	at org.elasticsearch.action.support.single.shard.TransportShardSingleOperationAction$AsyncSingleAction.&lt;init&gt;(TransportShardSingleOperationAction.java:114) ~[elasticsearch-0.90.2.jar:na]
	at org.elasticsearch.action.support.single.shard.TransportShardSingleOperationAction$AsyncSingleAction.&lt;init&gt;(TransportShardSingleOperationAction.java:94) ~[elasticsearch-0.90.2.jar:na]
	at org.elasticsearch.action.support.single.shard.TransportShardSingleOperationAction.doExecute(TransportShardSingleOperationAction.java:71) ~[elasticsearch-0.90.2.jar:na]
	at org.elasticsearch.action.support.single.shard.TransportShardSingleOperationAction.doExecute(TransportShardSingleOperationAction.java:46) ~[elasticsearch-0.90.2.jar:na]
	at org.elasticsearch.action.support.TransportAction.execute(TransportAction.java:61) ~[elasticsearch-0.90.2.jar:na]
	at org.elasticsearch.client.node.NodeClient.execute(NodeClient.java:92) ~[elasticsearch-0.90.2.jar:na]
	at org.elasticsearch.client.support.AbstractClient.get(AbstractClient.java:179) ~[elasticsearch-0.90.2.jar:na]
	at org.elasticsearch.action.get.GetRequestBuilder.doExecute(GetRequestBuilder.java:112) ~[elasticsearch-0.90.2.jar:na]
	at org.elasticsearch.action.ActionRequestBuilder.execute(ActionRequestBuilder.java:62) ~[elasticsearch-0.90.2.jar:na]
	at org.elasticsearch.action.ActionRequestBuilder.execute(ActionRequestBuilder.java:57) ~[elasticsearch-0.90.2.jar:na]
	at org.elasticsearch.action.ActionRequestBuilder$execute.call(Unknown Source) ~[na:na]
	at com.rackspace.search.elasticsearch.client.ElasticSearchClient.getDocument(ElasticSearchClient.groovy:209) ~[classes/:na]
	at com.rackspace.search.elasticsearch.client.ElasticSearchClient$getDocument.call(Unknown Source) [classes/:na]
	at com.rackspace.search.service.JobService.getJob(JobService.groovy:56) [classes/:na]
	at com.rackspace.search.service.JobService$getJob$0.callCurrent(Unknown Source) [classes/:na]
	at com.rackspace.search.service.JobService.getJob(JobService.groovy:52) [classes/:na]
	at com.rackspace.search.service.JobService$getJob.call(Unknown Source) [classes/:na]
	at com.rackspace.search.service.admin.AccountOndemandSyncJob.windupActivities(AccountOndemandSyncJob.groovy:119) [classes/:na]
	at sun.reflect.NativeMethodAccessorImpl.invoke0(Native Method) ~[na:1.6.0_38]
	at sun.reflect.NativeMethodAccessorImpl.invoke(NativeMethodAccessorImpl.java:39) ~[na:1.6.0_38]
	at sun.reflect.DelegatingMethodAccessorImpl.invoke(DelegatingMethodAccessorImpl.java:25) ~[na:1.6.0_38]
	at java.lang.reflect.Method.invoke(Method.java:597) ~[na:1.6.0_38]
	at org.springframework.beans.factory.annotation.InitDestroyAnnotationBeanPostProcessor$LifecycleElement.invoke(InitDestroyAnnotationBeanPostProcessor.java:340) [spring-beans-3.0.6.RELEASE.jar:3.0.6.RELEASE]
	at org.springframework.beans.factory.annotation.InitDestroyAnnotationBeanPostProcessor$LifecycleMetadata.invokeDestroyMethods(InitDestroyAnnotationBeanPostProcessor.java:305) [spring-beans-3.0.6.RELEASE.jar:3.0.6.RELEASE]
	at org.springframework.beans.factory.annotation.InitDestroyAnnotationBeanPostProcessor.postProcessBeforeDestruction(InitDestroyAnnotationBeanPostProcessor.java:148) [spring-beans-3.0.6.RELEASE.jar:3.0.6.RELEASE]
	at org.springframework.beans.factory.support.DisposableBeanAdapter.destroy(DisposableBeanAdapter.java:166) [spring-beans-3.0.6.RELEASE.jar:3.0.6.RELEASE]
	at org.springframework.beans.factory.support.DefaultSingletonBeanRegistry.destroyBean(DefaultSingletonBeanRegistry.java:487) [spring-beans-3.0.6.RELEASE.jar:3.0.6.RELEASE]
	at org.springframework.beans.factory.support.DefaultSingletonBeanRegistry.destroySingleton(DefaultSingletonBeanRegistry.java:463) [spring-beans-3.0.6.RELEASE.jar:3.0.6.RELEASE]
	at org.springframework.beans.factory.support.DefaultSingletonBeanRegistry.destroySingletons(DefaultSingletonBeanRegistry.java:431) [spring-beans-3.0.6.RELEASE.jar:3.0.6.RELEASE]
	at org.springframework.context.support.AbstractApplicationContext.destroyBeans(AbstractApplicationContext.java:1048) [spring-context-3.0.6.RELEASE.jar:3.0.6.RELEASE]
	at org.springframework.context.support.AbstractApplicationContext.refresh(AbstractApplicationContext.java:433) [spring-context-3.0.6.RELEASE.jar:3.0.6.RELEASE]
	at org.springframework.test.context.support.AbstractGenericContextLoader.loadContext(AbstractGenericContextLoader.java:84) [spring-test-3.0.6.RELEASE.jar:3.0.6.RELEASE]
	at org.springframework.test.context.support.AbstractGenericContextLoader.loadContext(AbstractGenericContextLoader.java:1) [spring-test-3.0.6.RELEASE.jar:3.0.6.RELEASE]
	at org.springframework.test.context.TestContext.loadApplicationContext(TestContext.java:280) [spring-test-3.0.6.RELEASE.jar:3.0.6.RELEASE]
	at org.springframework.test.context.TestContext.getApplicationContext(TestContext.java:304) [spring-test-3.0.6.RELEASE.jar:3.0.6.RELEASE]
	at org.springframework.test.context.support.DependencyInjectionTestExecutionListener.injectDependencies(DependencyInjectionTestExecutionListener.java:109) [spring-test-3.0.6.RELEASE.jar:3.0.6.RELEASE]
	at org.springframework.test.context.support.DependencyInjectionTestExecutionListener.prepareTestInstance(DependencyInjectionTestExecutionListener.java:75) [spring-test-3.0.6.RELEASE.jar:3.0.6.RELEASE]
	at org.springframework.test.context.TestContextManager.prepareTestInstance(TestContextManager.java:321) [spring-test-3.0.6.RELEASE.jar:3.0.6.RELEASE]
	at org.spockframework.spring.SpringTestContextManager.prepareTestInstance(SpringTestContextManager.java:49) [spock-spring-0.7-groovy-2.0.jar:na]
	at org.spockframework.spring.SpringInterceptor.interceptSetupMethod(SpringInterceptor.java:42) [spock-spring-0.7-groovy-2.0.jar:na]
	at org.spockframework.runtime.extension.AbstractMethodInterceptor.intercept(AbstractMethodInterceptor.java:28) [spock-core-0.7-groovy-2.0.jar:na]
	at org.spockframework.runtime.extension.MethodInvocation.proceed(MethodInvocation.java:84) [spock-core-0.7-groovy-2.0.jar:na]
	at org.spockframework.runtime.BaseSpecRunner.invoke(BaseSpecRunner.java:319) [spock-core-0.7-groovy-2.0.jar:na]
	at org.spockframework.runtime.BaseSpecRunner.invokeSetup(BaseSpecRunner.java:279) [spock-core-0.7-groovy-2.0.jar:na]
	at org.spockframework.runtime.BaseSpecRunner.doRunIteration(BaseSpecRunner.java:255) [spock-core-0.7-groovy-2.0.jar:na]
	at sun.reflect.GeneratedMethodAccessor5.invoke(Unknown Source) ~[na:na]
	at sun.reflect.DelegatingMethodAccessorImpl.invoke(DelegatingMethodAccessorImpl.java:25) ~[na:1.6.0_38]
	at java.lang.reflect.Method.invoke(Method.java:597) ~[na:1.6.0_38]
	at org.spockframework.util.ReflectionUtil.invokeMethod(ReflectionUtil.java:138) [spock-core-0.7-groovy-2.0.jar:na]
	at org.spockframework.runtime.BaseSpecRunner.invokeRaw(BaseSpecRunner.java:330) [spock-core-0.7-groovy-2.0.jar:na]
	at org.spockframework.runtime.BaseSpecRunner.invoke(BaseSpecRunner.java:311) [spock-core-0.7-groovy-2.0.jar:na]
	at org.spockframework.runtime.BaseSpecRunner.runIteration(BaseSpecRunner.java:223) [spock-core-0.7-groovy-2.0.jar:na]
	at org.spockframework.runtime.BaseSpecRunner.initializeAndRunIteration(BaseSpecRunner.java:214) [spock-core-0.7-groovy-2.0.jar:na]
	at org.spockframework.runtime.BaseSpecRunner.runSimpleFeature(BaseSpecRunner.java:205) [spock-core-0.7-groovy-2.0.jar:na]
	at org.spockframework.runtime.BaseSpecRunner.doRunFeature(BaseSpecRunner.java:199) [spock-core-0.7-groovy-2.0.jar:na]
	at sun.reflect.GeneratedMethodAccessor7.invoke(Unknown Source) ~[na:na]
	at sun.reflect.DelegatingMethodAccessorImpl.invoke(DelegatingMethodAccessorImpl.java:25) ~[na:1.6.0_38]
	at java.lang.reflect.Method.invoke(Method.java:597) ~[na:1.6.0_38]
	at org.spockframework.util.ReflectionUtil.invokeMethod(ReflectionUtil.java:138) [spock-core-0.7-groovy-2.0.jar:na]
	at org.spockframework.runtime.BaseSpecRunner.invokeRaw(BaseSpecRunner.java:330) [spock-core-0.7-groovy-2.0.jar:na]
	at org.spockframework.runtime.BaseSpecRunner.invoke(BaseSpecRunner.java:311) [spock-core-0.7-groovy-2.0.jar:na]
	at org.spockframework.runtime.BaseSpecRunner.runFeature(BaseSpecRunner.java:175) [spock-core-0.7-groovy-2.0.jar:na]
	at org.spockframework.runtime.BaseSpecRunner.runFeatures(BaseSpecRunner.java:152) [spock-core-0.7-groovy-2.0.jar:na]
	at org.spockframework.runtime.BaseSpecRunner.doRunSpec(BaseSpecRunner.java:112) [spock-core-0.7-groovy-2.0.jar:na]
	at sun.reflect.GeneratedMethodAccessor11.invoke(Unknown Source) ~[na:na]
	at sun.reflect.DelegatingMethodAccessorImpl.invoke(DelegatingMethodAccessorImpl.java:25) ~[na:1.6.0_38]
	at java.lang.reflect.Method.invoke(Method.java:597) ~[na:1.6.0_38]
	at org.spockframework.util.ReflectionUtil.invokeMethod(ReflectionUtil.java:138) [spock-core-0.7-groovy-2.0.jar:na]
	at org.spockframework.runtime.BaseSpecRunner.invokeRaw(BaseSpecRunner.java:330) [spock-core-0.7-groovy-2.0.jar:na]
	at org.spockframework.runtime.BaseSpecRunner.invoke(BaseSpecRunner.java:311) [spock-core-0.7-groovy-2.0.jar:na]
	at org.spockframework.runtime.BaseSpecRunner.runSpec(BaseSpecRunner.java:91) [spock-core-0.7-groovy-2.0.jar:na]
	at org.spockframework.runtime.BaseSpecRunner.run(BaseSpecRunner.java:82) [spock-core-0.7-groovy-2.0.jar:na]
	at org.spockframework.runtime.Sputnik.run(Sputnik.java:63) [spock-core-0.7-groovy-2.0.jar:na]
	at org.apache.maven.surefire.junit4.JUnit4TestSet.execute(JUnit4TestSet.java:53) [surefire-junit4-2.10.jar:2.10]
	at org.apache.maven.surefire.junit4.JUnit4Provider.executeTestSet(JUnit4Provider.java:123) [surefire-junit4-2.10.jar:2.10]
	at org.apache.maven.surefire.junit4.JUnit4Provider.invoke(JUnit4Provider.java:104) [surefire-junit4-2.10.jar:2.10]
	at sun.reflect.NativeMethodAccessorImpl.invoke0(Native Method) ~[na:1.6.0_38]
	at sun.reflect.NativeMethodAccessorImpl.invoke(NativeMethodAccessorImpl.java:39) ~[na:1.6.0_38]
	at sun.reflect.DelegatingMethodAccessorImpl.invoke(DelegatingMethodAccessorImpl.java:25) ~[na:1.6.0_38]
	at java.lang.reflect.Method.invoke(Method.java:597) ~[na:1.6.0_38]
	at org.apache.maven.surefire.util.ReflectionUtils.invokeMethodWithArray(ReflectionUtils.java:164) [surefire-api-2.10.jar:2.10]
	at org.apache.maven.surefire.booter.ProviderFactory$ProviderProxy.invoke(ProviderFactory.java:110) [surefire-booter-2.10.jar:2.10]
	at org.apache.maven.surefire.booter.SurefireStarter.invokeProvider(SurefireStarter.java:175) [surefire-booter-2.10.jar:2.10]
	at org.apache.maven.surefire.booter.SurefireStarter.runSuitesInProcessWhenForked(SurefireStarter.java:107) [surefire-booter-2.10.jar:2.10]
	at org.apache.maven.surefire.booter.ForkedBooter.main(ForkedBooter.java:68) [surefire-booter-2.10.jar:2.10]
22:04:57.095 [main] WARN  o.s.c.a.CommonAnnotationBeanPostProcessor - Invocation of destroy method failed on bean with name &apos;accountOndemandSyncJob&apos;: com.rackspace.search.exception.NotFoundException: Index is missing
22:04:57.118 [main] ERROR c.r.s.e.client.ElasticSearchClient - Index is missing
org.elasticsearch.indices.IndexMissingException: [admin] missing
	at org.elasticsearch.cluster.metadata.MetaData.concreteIndex(MetaData.java:616) ~[elasticsearch-0.90.2.jar:na]
	at org.elasticsearch.action.get.TransportGetAction.resolveRequest(TransportGetAction.java:90) ~[elasticsearch-0.90.2.jar:na]
	at org.elasticsearch.action.get.TransportGetAction.resolveRequest(TransportGetAction.java:42) ~[elasticsearch-0.90.2.jar:na]
	at org.elasticsearch.action.support.single.shard.TransportShardSingleOperationAction$AsyncSingleAction.&lt;init&gt;(TransportShardSingleOperationAction.java:114) ~[elasticsearch-0.90.2.jar:na]
	at org.elasticsearch.action.support.single.shard.TransportShardSingleOperationAction$AsyncSingleAction.&lt;init&gt;(TransportShardSingleOperationAction.java:94) ~[elasticsearch-0.90.2.jar:na]
	at org.elasticsearch.action.support.single.shard.TransportShardSingleOperationAction.doExecute(TransportShardSingleOperationAction.java:71) ~[elasticsearch-0.90.2.jar:na]
	at org.elasticsearch.action.support.single.shard.TransportShardSingleOperationAction.doExecute(TransportShardSingleOperationAction.java:46) ~[elasticsearch-0.90.2.jar:na]
	at org.elasticsearch.action.support.TransportAction.execute(TransportAction.java:61) ~[elasticsearch-0.90.2.jar:na]
	at org.elasticsearch.client.node.NodeClient.execute(NodeClient.java:92) ~[elasticsearch-0.90.2.jar:na]
	at org.elasticsearch.client.support.AbstractClient.get(AbstractClient.java:179) ~[elasticsearch-0.90.2.jar:na]
	at org.elasticsearch.action.get.GetRequestBuilder.doExecute(GetRequestBuilder.java:112) ~[elasticsearch-0.90.2.jar:na]
	at org.elasticsearch.action.ActionRequestBuilder.execute(ActionRequestBuilder.java:62) ~[elasticsearch-0.90.2.jar:na]
	at org.elasticsearch.action.ActionRequestBuilder.execute(ActionRequestBuilder.java:57) ~[elasticsearch-0.90.2.jar:na]
	at org.elasticsearch.action.ActionRequestBuilder$execute.call(Unknown Source) ~[na:na]
	at com.rackspace.search.elasticsearch.client.ElasticSearchClient.getDocument(ElasticSearchClient.groovy:209) ~[classes/:na]
	at com.rackspace.search.elasticsearch.client.ElasticSearchClient$getDocument.call(Unknown Source) [classes/:na]
	at com.rackspace.search.service.JobService.getJob(JobService.groovy:56) [classes/:na]
	at com.rackspace.search.service.JobService$getJob$0.callCurrent(Unknown Source) [classes/:na]
	at com.rackspace.search.service.JobService.getJob(JobService.groovy:52) [classes/:na]
	at com.rackspace.search.service.JobService$getJob.call(Unknown Source) [classes/:na]
	at com.rackspace.search.service.account.CoreAccountOnetimeSyncJob.windupActivities(CoreAccountOnetimeSyncJob.groovy:58) [classes/:na]
	at sun.reflect.NativeMethodAccessorImpl.invoke0(Native Method) ~[na:1.6.0_38]
	at sun.reflect.NativeMethodAccessorImpl.invoke(NativeMethodAccessorImpl.java:39) ~[na:1.6.0_38]
	at sun.reflect.DelegatingMethodAccessorImpl.invoke(DelegatingMethodAccessorImpl.java:25) ~[na:1.6.0_38]
	at java.lang.reflect.Method.invoke(Method.java:597) ~[na:1.6.0_38]
	at org.springframework.beans.factory.annotation.InitDestroyAnnotationBeanPostProcessor$LifecycleElement.invoke(InitDestroyAnnotationBeanPostProcessor.java:340) [spring-beans-3.0.6.RELEASE.jar:3.0.6.RELEASE]
	at org.springframework.beans.factory.annotation.InitDestroyAnnotationBeanPostProcessor$LifecycleMetadata.invokeDestroyMethods(InitDestroyAnnotationBeanPostProcessor.java:305) [spring-beans-3.0.6.RELEASE.jar:3.0.6.RELEASE]
	at org.springframework.beans.factory.annotation.InitDestroyAnnotationBeanPostProcessor.postProcessBeforeDestruction(InitDestroyAnnotationBeanPostProcessor.java:148) [spring-beans-3.0.6.RELEASE.jar:3.0.6.RELEASE]
	at org.springframework.beans.factory.support.DisposableBeanAdapter.destroy(DisposableBeanAdapter.java:166) [spring-beans-3.0.6.RELEASE.jar:3.0.6.RELEASE]
	at org.springframework.beans.factory.support.DefaultSingletonBeanRegistry.destroyBean(DefaultSingletonBeanRegistry.java:487) [spring-beans-3.0.6.RELEASE.jar:3.0.6.RELEASE]
	at org.springframework.beans.factory.support.DefaultSingletonBeanRegistry.destroySingleton(DefaultSingletonBeanRegistry.java:463) [spring-beans-3.0.6.RELEASE.jar:3.0.6.RELEASE]
	at org.springframework.beans.factory.support.DefaultSingletonBeanRegistry.destroySingletons(DefaultSingletonBeanRegistry.java:431) [spring-beans-3.0.6.RELEASE.jar:3.0.6.RELEASE]
	at org.springframework.context.support.AbstractApplicationContext.destroyBeans(AbstractApplicationContext.java:1048) [spring-context-3.0.6.RELEASE.jar:3.0.6.RELEASE]
	at org.springframework.context.support.AbstractApplicationContext.refresh(AbstractApplicationContext.java:433) [spring-context-3.0.6.RELEASE.jar:3.0.6.RELEASE]
	at org.springframework.test.context.support.AbstractGenericContextLoader.loadContext(AbstractGenericContextLoader.java:84) [spring-test-3.0.6.RELEASE.jar:3.0.6.RELEASE]
	at org.springframework.test.context.support.AbstractGenericContextLoader.loadContext(AbstractGenericContextLoader.java:1) [spring-test-3.0.6.RELEASE.jar:3.0.6.RELEASE]
	at org.springframework.test.context.TestContext.loadApplicationContext(TestContext.java:280) [spring-test-3.0.6.RELEASE.jar:3.0.6.RELEASE]
	at org.springframework.test.context.TestContext.getApplicationContext(TestContext.java:304) [spring-test-3.0.6.RELEASE.jar:3.0.6.RELEASE]
	at org.springframework.test.context.support.DependencyInjectionTestExecutionListener.injectDependencies(DependencyInjectionTestExecutionListener.java:109) [spring-test-3.0.6.RELEASE.jar:3.0.6.RELEASE]
	at org.springframework.test.context.support.DependencyInjectionTestExecutionListener.prepareTestInstance(DependencyInjectionTestExecutionListener.java:75) [spring-test-3.0.6.RELEASE.jar:3.0.6.RELEASE]
	at org.springframework.test.context.TestContextManager.prepareTestInstance(TestContextManager.java:321) [spring-test-3.0.6.RELEASE.jar:3.0.6.RELEASE]
	at org.spockframework.spring.SpringTestContextManager.prepareTestInstance(SpringTestContextManager.java:49) [spock-spring-0.7-groovy-2.0.jar:na]
	at org.spockframework.spring.SpringInterceptor.interceptSetupMethod(SpringInterceptor.java:42) [spock-spring-0.7-groovy-2.0.jar:na]
	at org.spockframework.runtime.extension.AbstractMethodInterceptor.intercept(AbstractMethodInterceptor.java:28) [spock-core-0.7-groovy-2.0.jar:na]
	at org.spockframework.runtime.extension.MethodInvocation.proceed(MethodInvocation.java:84) [spock-core-0.7-groovy-2.0.jar:na]
	at org.spockframework.runtime.BaseSpecRunner.invoke(BaseSpecRunner.java:319) [spock-core-0.7-groovy-2.0.jar:na]
	at org.spockframework.runtime.BaseSpecRunner.invokeSetup(BaseSpecRunner.java:279) [spock-core-0.7-groovy-2.0.jar:na]
	at org.spockframework.runtime.BaseSpecRunner.doRunIteration(BaseSpecRunner.java:255) [spock-core-0.7-groovy-2.0.jar:na]
	at sun.reflect.GeneratedMethodAccessor5.invoke(Unknown Source) ~[na:na]
	at sun.reflect.DelegatingMethodAccessorImpl.invoke(DelegatingMethodAccessorImpl.java:25) ~[na:1.6.0_38]
	at java.lang.reflect.Method.invoke(Method.java:597) ~[na:1.6.0_38]
	at org.spockframework.util.ReflectionUtil.invokeMethod(ReflectionUtil.java:138) [spock-core-0.7-groovy-2.0.jar:na]
	at org.spockframework.runtime.BaseSpecRunner.invokeRaw(BaseSpecRunner.java:330) [spock-core-0.7-groovy-2.0.jar:na]
	at org.spockframework.runtime.BaseSpecRunner.invoke(BaseSpecRunner.java:311) [spock-core-0.7-groovy-2.0.jar:na]
	at org.spockframework.runtime.BaseSpecRunner.runIteration(BaseSpecRunner.java:223) [spock-core-0.7-groovy-2.0.jar:na]
	at org.spockframework.runtime.BaseSpecRunner.initializeAndRunIteration(BaseSpecRunner.java:214) [spock-core-0.7-groovy-2.0.jar:na]
	at org.spockframework.runtime.BaseSpecRunner.runSimpleFeature(BaseSpecRunner.java:205) [spock-core-0.7-groovy-2.0.jar:na]
	at org.spockframework.runtime.BaseSpecRunner.doRunFeature(BaseSpecRunner.java:199) [spock-core-0.7-groovy-2.0.jar:na]
	at sun.reflect.GeneratedMethodAccessor7.invoke(Unknown Source) ~[na:na]
	at sun.reflect.DelegatingMethodAccessorImpl.invoke(DelegatingMethodAccessorImpl.java:25) ~[na:1.6.0_38]
	at java.lang.reflect.Method.invoke(Method.java:597) ~[na:1.6.0_38]
	at org.spockframework.util.ReflectionUtil.invokeMethod(ReflectionUtil.java:138) [spock-core-0.7-groovy-2.0.jar:na]
	at org.spockframework.runtime.BaseSpecRunner.invokeRaw(BaseSpecRunner.java:330) [spock-core-0.7-groovy-2.0.jar:na]
	at org.spockframework.runtime.BaseSpecRunner.invoke(BaseSpecRunner.java:311) [spock-core-0.7-groovy-2.0.jar:na]
	at org.spockframework.runtime.BaseSpecRunner.runFeature(BaseSpecRunner.java:175) [spock-core-0.7-groovy-2.0.jar:na]
	at org.spockframework.runtime.BaseSpecRunner.runFeatures(BaseSpecRunner.java:152) [spock-core-0.7-groovy-2.0.jar:na]
	at org.spockframework.runtime.BaseSpecRunner.doRunSpec(BaseSpecRunner.java:112) [spock-core-0.7-groovy-2.0.jar:na]
	at sun.reflect.GeneratedMethodAccessor11.invoke(Unknown Source) ~[na:na]
	at sun.reflect.DelegatingMethodAccessorImpl.invoke(DelegatingMethodAccessorImpl.java:25) ~[na:1.6.0_38]
	at java.lang.reflect.Method.invoke(Method.java:597) ~[na:1.6.0_38]
	at org.spockframework.util.ReflectionUtil.invokeMethod(ReflectionUtil.java:138) [spock-core-0.7-groovy-2.0.jar:na]
	at org.spockframework.runtime.BaseSpecRunner.invokeRaw(BaseSpecRunner.java:330) [spock-core-0.7-groovy-2.0.jar:na]
	at org.spockframework.runtime.BaseSpecRunner.invoke(BaseSpecRunner.java:311) [spock-core-0.7-groovy-2.0.jar:na]
	at org.spockframework.runtime.BaseSpecRunner.runSpec(BaseSpecRunner.java:91) [spock-core-0.7-groovy-2.0.jar:na]
	at org.spockframework.runtime.BaseSpecRunner.run(BaseSpecRunner.java:82) [spock-core-0.7-groovy-2.0.jar:na]
	at org.spockframework.runtime.Sputnik.run(Sputnik.java:63) [spock-core-0.7-groovy-2.0.jar:na]
	at org.apache.maven.surefire.junit4.JUnit4TestSet.execute(JUnit4TestSet.java:53) [surefire-junit4-2.10.jar:2.10]
	at org.apache.maven.surefire.junit4.JUnit4Provider.executeTestSet(JUnit4Provider.java:123) [surefire-junit4-2.10.jar:2.10]
	at org.apache.maven.surefire.junit4.JUnit4Provider.invoke(JUnit4Provider.java:104) [surefire-junit4-2.10.jar:2.10]
	at sun.reflect.NativeMethodAccessorImpl.invoke0(Native Method) ~[na:1.6.0_38]
	at sun.reflect.NativeMethodAccessorImpl.invoke(NativeMethodAccessorImpl.java:39) ~[na:1.6.0_38]
	at sun.reflect.DelegatingMethodAccessorImpl.invoke(DelegatingMethodAccessorImpl.java:25) ~[na:1.6.0_38]
	at java.lang.reflect.Method.invoke(Method.java:597) ~[na:1.6.0_38]
	at org.apache.maven.surefire.util.ReflectionUtils.invokeMethodWithArray(ReflectionUtils.java:164) [surefire-api-2.10.jar:2.10]
	at org.apache.maven.surefire.booter.ProviderFactory$ProviderProxy.invoke(ProviderFactory.java:110) [surefire-booter-2.10.jar:2.10]
	at org.apache.maven.surefire.booter.SurefireStarter.invokeProvider(SurefireStarter.java:175) [surefire-booter-2.10.jar:2.10]
	at org.apache.maven.surefire.booter.SurefireStarter.runSuitesInProcessWhenForked(SurefireStarter.java:107) [surefire-booter-2.10.jar:2.10]
	at org.apache.maven.surefire.booter.ForkedBooter.main(ForkedBooter.java:68) [surefire-booter-2.10.jar:2.10]
22:04:57.119 [main] WARN  o.s.c.a.CommonAnnotationBeanPostProcessor - Invocation of destroy method failed on bean with name &apos;coreAccountOnetimeSyncJob&apos;: com.rackspace.search.exception.NotFoundException: Index is missing
22:04:57.124 [main] ERROR c.r.s.e.client.ElasticSearchClient - Index is missing
org.elasticsearch.indices.IndexMissingException: [admin] missing
	at org.elasticsearch.cluster.metadata.MetaData.concreteIndex(MetaData.java:616) ~[elasticsearch-0.90.2.jar:na]
	at org.elasticsearch.action.get.TransportGetAction.resolveRequest(TransportGetAction.java:90) ~[elasticsearch-0.90.2.jar:na]
	at org.elasticsearch.action.get.TransportGetAction.resolveRequest(TransportGetAction.java:42) ~[elasticsearch-0.90.2.jar:na]
	at org.elasticsearch.action.support.single.shard.TransportShardSingleOperationAction$AsyncSingleAction.&lt;init&gt;(TransportShardSingleOperationAction.java:114) ~[elasticsearch-0.90.2.jar:na]
	at org.elasticsearch.action.support.single.shard.TransportShardSingleOperationAction$AsyncSingleAction.&lt;init&gt;(TransportShardSingleOperationAction.java:94) ~[elasticsearch-0.90.2.jar:na]
	at org.elasticsearch.action.support.single.shard.TransportShardSingleOperationAction.doExecute(TransportShardSingleOperationAction.java:71) ~[elasticsearch-0.90.2.jar:na]
	at org.elasticsearch.action.support.single.shard.TransportShardSingleOperationAction.doExecute(TransportShardSingleOperationAction.java:46) ~[elasticsearch-0.90.2.jar:na]
	at org.elasticsearch.action.support.TransportAction.execute(TransportAction.java:61) ~[elasticsearch-0.90.2.jar:na]
	at org.elasticsearch.client.node.NodeClient.execute(NodeClient.java:92) ~[elasticsearch-0.90.2.jar:na]
	at org.elasticsearch.client.support.AbstractClient.get(AbstractClient.java:179) ~[elasticsearch-0.90.2.jar:na]
	at org.elasticsearch.action.get.GetRequestBuilder.doExecute(GetRequestBuilder.java:112) ~[elasticsearch-0.90.2.jar:na]
	at org.elasticsearch.action.ActionRequestBuilder.execute(ActionRequestBuilder.java:62) ~[elasticsearch-0.90.2.jar:na]
	at org.elasticsearch.action.ActionRequestBuilder.execute(ActionRequestBuilder.java:57) ~[elasticsearch-0.90.2.jar:na]
	at org.elasticsearch.action.ActionRequestBuilder$execute.call(Unknown Source) ~[na:na]
	at com.rackspace.search.elasticsearch.client.ElasticSearchClient.getDocument(ElasticSearchClient.groovy:209) ~[classes/:na]
	at com.rackspace.search.elasticsearch.client.ElasticSearchClient$getDocument.call(Unknown Source) [classes/:na]
	at com.rackspace.search.service.JobService.getJob(JobService.groovy:56) [classes/:na]
	at com.rackspace.search.service.JobService$getJob$0.callCurrent(Unknown Source) [classes/:na]
	at com.rackspace.search.service.JobService.getJob(JobService.groovy:52) [classes/:na]
	at com.rackspace.search.service.JobService$getJob.call(Unknown Source) [classes/:na]
	at com.rackspace.search.service.account.CoreAccountUpdateSyncJob.windupActivities(CoreAccountUpdateSyncJob.groovy:88) [classes/:na]
	at sun.reflect.NativeMethodAccessorImpl.invoke0(Native Method) ~[na:1.6.0_38]
	at sun.reflect.NativeMethodAccessorImpl.invoke(NativeMethodAccessorImpl.java:39) ~[na:1.6.0_38]
	at sun.reflect.DelegatingMethodAccessorImpl.invoke(DelegatingMethodAccessorImpl.java:25) ~[na:1.6.0_38]
	at java.lang.reflect.Method.invoke(Method.java:597) ~[na:1.6.0_38]
	at org.springframework.beans.factory.annotation.InitDestroyAnnotationBeanPostProcessor$LifecycleElement.invoke(InitDestroyAnnotationBeanPostProcessor.java:340) [spring-beans-3.0.6.RELEASE.jar:3.0.6.RELEASE]
	at org.springframework.beans.factory.annotation.InitDestroyAnnotationBeanPostProcessor$LifecycleMetadata.invokeDestroyMethods(InitDestroyAnnotationBeanPostProcessor.java:305) [spring-beans-3.0.6.RELEASE.jar:3.0.6.RELEASE]
	at org.springframework.beans.factory.annotation.InitDestroyAnnotationBeanPostProcessor.postProcessBeforeDestruction(InitDestroyAnnotationBeanPostProcessor.java:148) [spring-beans-3.0.6.RELEASE.jar:3.0.6.RELEASE]
	at org.springframework.beans.factory.support.DisposableBeanAdapter.destroy(DisposableBeanAdapter.java:166) [spring-beans-3.0.6.RELEASE.jar:3.0.6.RELEASE]
	at org.springframework.beans.factory.support.DefaultSingletonBeanRegistry.destroyBean(DefaultSingletonBeanRegistry.java:487) [spring-beans-3.0.6.RELEASE.jar:3.0.6.RELEASE]
	at org.springframework.beans.factory.support.DefaultSingletonBeanRegistry.destroySingleton(DefaultSingletonBeanRegistry.java:463) [spring-beans-3.0.6.RELEASE.jar:3.0.6.RELEASE]
	at org.springframework.beans.factory.support.DefaultSingletonBeanRegistry.destroySingletons(DefaultSingletonBeanRegistry.java:431) [spring-beans-3.0.6.RELEASE.jar:3.0.6.RELEASE]
	at org.springframework.context.support.AbstractApplicationContext.destroyBeans(AbstractApplicationContext.java:1048) [spring-context-3.0.6.RELEASE.jar:3.0.6.RELEASE]
	at org.springframework.context.support.AbstractApplicationContext.refresh(AbstractApplicationContext.java:433) [spring-context-3.0.6.RELEASE.jar:3.0.6.RELEASE]
	at org.springframework.test.context.support.AbstractGenericContextLoader.loadContext(AbstractGenericContextLoader.java:84) [spring-test-3.0.6.RELEASE.jar:3.0.6.RELEASE]
	at org.springframework.test.context.support.AbstractGenericContextLoader.loadContext(AbstractGenericContextLoader.java:1) [spring-test-3.0.6.RELEASE.jar:3.0.6.RELEASE]
	at org.springframework.test.context.TestContext.loadApplicationContext(TestContext.java:280) [spring-test-3.0.6.RELEASE.jar:3.0.6.RELEASE]
	at org.springframework.test.context.TestContext.getApplicationContext(TestContext.java:304) [spring-test-3.0.6.RELEASE.jar:3.0.6.RELEASE]
	at org.springframework.test.context.support.DependencyInjectionTestExecutionListener.injectDependencies(DependencyInjectionTestExecutionListener.java:109) [spring-test-3.0.6.RELEASE.jar:3.0.6.RELEASE]
	at org.springframework.test.context.support.DependencyInjectionTestExecutionListener.prepareTestInstance(DependencyInjectionTestExecutionListener.java:75) [spring-test-3.0.6.RELEASE.jar:3.0.6.RELEASE]
	at org.springframework.test.context.TestContextManager.prepareTestInstance(TestContextManager.java:321) [spring-test-3.0.6.RELEASE.jar:3.0.6.RELEASE]
	at org.spockframework.spring.SpringTestContextManager.prepareTestInstance(SpringTestContextManager.java:49) [spock-spring-0.7-groovy-2.0.jar:na]
	at org.spockframework.spring.SpringInterceptor.interceptSetupMethod(SpringInterceptor.java:42) [spock-spring-0.7-groovy-2.0.jar:na]
	at org.spockframework.runtime.extension.AbstractMethodInterceptor.intercept(AbstractMethodInterceptor.java:28) [spock-core-0.7-groovy-2.0.jar:na]
	at org.spockframework.runtime.extension.MethodInvocation.proceed(MethodInvocation.java:84) [spock-core-0.7-groovy-2.0.jar:na]
	at org.spockframework.runtime.BaseSpecRunner.invoke(BaseSpecRunner.java:319) [spock-core-0.7-groovy-2.0.jar:na]
	at org.spockframework.runtime.BaseSpecRunner.invokeSetup(BaseSpecRunner.java:279) [spock-core-0.7-groovy-2.0.jar:na]
	at org.spockframework.runtime.BaseSpecRunner.doRunIteration(BaseSpecRunner.java:255) [spock-core-0.7-groovy-2.0.jar:na]
	at sun.reflect.GeneratedMethodAccessor5.invoke(Unknown Source) ~[na:na]
	at sun.reflect.DelegatingMethodAccessorImpl.invoke(DelegatingMethodAccessorImpl.java:25) ~[na:1.6.0_38]
	at java.lang.reflect.Method.invoke(Method.java:597) ~[na:1.6.0_38]
	at org.spockframework.util.ReflectionUtil.invokeMethod(ReflectionUtil.java:138) [spock-core-0.7-groovy-2.0.jar:na]
	at org.spockframework.runtime.BaseSpecRunner.invokeRaw(BaseSpecRunner.java:330) [spock-core-0.7-groovy-2.0.jar:na]
	at org.spockframework.runtime.BaseSpecRunner.invoke(BaseSpecRunner.java:311) [spock-core-0.7-groovy-2.0.jar:na]
	at org.spockframework.runtime.BaseSpecRunner.runIteration(BaseSpecRunner.java:223) [spock-core-0.7-groovy-2.0.jar:na]
	at org.spockframework.runtime.BaseSpecRunner.initializeAndRunIteration(BaseSpecRunner.java:214) [spock-core-0.7-groovy-2.0.jar:na]
	at org.spockframework.runtime.BaseSpecRunner.runSimpleFeature(BaseSpecRunner.java:205) [spock-core-0.7-groovy-2.0.jar:na]
	at org.spockframework.runtime.BaseSpecRunner.doRunFeature(BaseSpecRunner.java:199) [spock-core-0.7-groovy-2.0.jar:na]
	at sun.reflect.GeneratedMethodAccessor7.invoke(Unknown Source) ~[na:na]
	at sun.reflect.DelegatingMethodAccessorImpl.invoke(DelegatingMethodAccessorImpl.java:25) ~[na:1.6.0_38]
	at java.lang.reflect.Method.invoke(Method.java:597) ~[na:1.6.0_38]
	at org.spockframework.util.ReflectionUtil.invokeMethod(ReflectionUtil.java:138) [spock-core-0.7-groovy-2.0.jar:na]
	at org.spockframework.runtime.BaseSpecRunner.invokeRaw(BaseSpecRunner.java:330) [spock-core-0.7-groovy-2.0.jar:na]
	at org.spockframework.runtime.BaseSpecRunner.invoke(BaseSpecRunner.java:311) [spock-core-0.7-groovy-2.0.jar:na]
	at org.spockframework.runtime.BaseSpecRunner.runFeature(BaseSpecRunner.java:175) [spock-core-0.7-groovy-2.0.jar:na]
	at org.spockframework.runtime.BaseSpecRunner.runFeatures(BaseSpecRunner.java:152) [spock-core-0.7-groovy-2.0.jar:na]
	at org.spockframework.runtime.BaseSpecRunner.doRunSpec(BaseSpecRunner.java:112) [spock-core-0.7-groovy-2.0.jar:na]
	at sun.reflect.GeneratedMethodAccessor11.invoke(Unknown Source) ~[na:na]
	at sun.reflect.DelegatingMethodAccessorImpl.invoke(DelegatingMethodAccessorImpl.java:25) ~[na:1.6.0_38]
	at java.lang.reflect.Method.invoke(Method.java:597) ~[na:1.6.0_38]
	at org.spockframework.util.ReflectionUtil.invokeMethod(ReflectionUtil.java:138) [spock-core-0.7-groovy-2.0.jar:na]
	at org.spockframework.runtime.BaseSpecRunner.invokeRaw(BaseSpecRunner.java:330) [spock-core-0.7-groovy-2.0.jar:na]
	at org.spockframework.runtime.BaseSpecRunner.invoke(BaseSpecRunner.java:311) [spock-core-0.7-groovy-2.0.jar:na]
	at org.spockframework.runtime.BaseSpecRunner.runSpec(BaseSpecRunner.java:91) [spock-core-0.7-groovy-2.0.jar:na]
	at org.spockframework.runtime.BaseSpecRunner.run(BaseSpecRunner.java:82) [spock-core-0.7-groovy-2.0.jar:na]
	at org.spockframework.runtime.Sputnik.run(Sputnik.java:63) [spock-core-0.7-groovy-2.0.jar:na]
	at org.apache.maven.surefire.junit4.JUnit4TestSet.execute(JUnit4TestSet.java:53) [surefire-junit4-2.10.jar:2.10]
	at org.apache.maven.surefire.junit4.JUnit4Provider.executeTestSet(JUnit4Provider.java:123) [surefire-junit4-2.10.jar:2.10]
	at org.apache.maven.surefire.junit4.JUnit4Provider.invoke(JUnit4Provider.java:104) [surefire-junit4-2.10.jar:2.10]
	at sun.reflect.NativeMethodAccessorImpl.invoke0(Native Method) ~[na:1.6.0_38]
	at sun.reflect.NativeMethodAccessorImpl.invoke(NativeMethodAccessorImpl.java:39) ~[na:1.6.0_38]
	at sun.reflect.DelegatingMethodAccessorImpl.invoke(DelegatingMethodAccessorImpl.java:25) ~[na:1.6.0_38]
	at java.lang.reflect.Method.invoke(Method.java:597) ~[na:1.6.0_38]
	at org.apache.maven.surefire.util.ReflectionUtils.invokeMethodWithArray(ReflectionUtils.java:164) [surefire-api-2.10.jar:2.10]
	at org.apache.maven.surefire.booter.ProviderFactory$ProviderProxy.invoke(ProviderFactory.java:110) [surefire-booter-2.10.jar:2.10]
	at org.apache.maven.surefire.booter.SurefireStarter.invokeProvider(SurefireStarter.java:175) [surefire-booter-2.10.jar:2.10]
	at org.apache.maven.surefire.booter.SurefireStarter.runSuitesInProcessWhenForked(SurefireStarter.java:107) [surefire-booter-2.10.jar:2.10]
	at org.apache.maven.surefire.booter.ForkedBooter.main(ForkedBooter.java:68) [surefire-booter-2.10.jar:2.10]
22:04:57.125 [main] WARN  o.s.c.a.CommonAnnotationBeanPostProcessor - Invocation of destroy method failed on bean with name &apos;coreAccountUpdateSyncJob&apos;: com.rackspace.search.exception.NotFoundException: Index is missing
22:04:57.130 [main] ERROR c.r.s.e.client.ElasticSearchClient - Index is missing
org.elasticsearch.indices.IndexMissingException: [admin] missing
	at org.elasticsearch.cluster.metadata.MetaData.concreteIndex(MetaData.java:616) ~[elasticsearch-0.90.2.jar:na]
	at org.elasticsearch.action.get.TransportGetAction.resolveRequest(TransportGetAction.java:90) ~[elasticsearch-0.90.2.jar:na]
	at org.elasticsearch.action.get.TransportGetAction.resolveRequest(TransportGetAction.java:42) ~[elasticsearch-0.90.2.jar:na]
	at org.elasticsearch.action.support.single.shard.TransportShardSingleOperationAction$AsyncSingleAction.&lt;init&gt;(TransportShardSingleOperationAction.java:114) ~[elasticsearch-0.90.2.jar:na]
	at org.elasticsearch.action.support.single.shard.TransportShardSingleOperationAction$AsyncSingleAction.&lt;init&gt;(TransportShardSingleOperationAction.java:94) ~[elasticsearch-0.90.2.jar:na]
	at org.elasticsearch.action.support.single.shard.TransportShardSingleOperationAction.doExecute(TransportShardSingleOperationAction.java:71) ~[elasticsearch-0.90.2.jar:na]
	at org.elasticsearch.action.support.single.shard.TransportShardSingleOperationAction.doExecute(TransportShardSingleOperationAction.java:46) ~[elasticsearch-0.90.2.jar:na]
	at org.elasticsearch.action.support.TransportAction.execute(TransportAction.java:61) ~[elasticsearch-0.90.2.jar:na]
	at org.elasticsearch.client.node.NodeClient.execute(NodeClient.java:92) ~[elasticsearch-0.90.2.jar:na]
	at org.elasticsearch.client.support.AbstractClient.get(AbstractClient.java:179) ~[elasticsearch-0.90.2.jar:na]
	at org.elasticsearch.action.get.GetRequestBuilder.doExecute(GetRequestBuilder.java:112) ~[elasticsearch-0.90.2.jar:na]
	at org.elasticsearch.action.ActionRequestBuilder.execute(ActionRequestBuilder.java:62) ~[elasticsearch-0.90.2.jar:na]
	at org.elasticsearch.action.ActionRequestBuilder.execute(ActionRequestBuilder.java:57) ~[elasticsearch-0.90.2.jar:na]
	at org.elasticsearch.action.ActionRequestBuilder$execute.call(Unknown Source) ~[na:na]
	at com.rackspace.search.elasticsearch.client.ElasticSearchClient.getDocument(ElasticSearchClient.groovy:209) ~[classes/:na]
	at com.rackspace.search.elasticsearch.client.ElasticSearchClient$getDocument.call(Unknown Source) [classes/:na]
	at com.rackspace.search.service.JobService.getJob(JobService.groovy:56) [classes/:na]
	at com.rackspace.search.service.JobService$getJob$0.callCurrent(Unknown Source) [classes/:na]
	at com.rackspace.search.service.JobService.getJob(JobService.groovy:52) [classes/:na]
	at com.rackspace.search.service.JobService$getJob.call(Unknown Source) [classes/:na]
	at com.rackspace.search.service.core.CoreTicketSecondPassSyncJob.windupActivities(CoreTicketSecondPassSyncJob.groovy:83) [classes/:na]
	at sun.reflect.NativeMethodAccessorImpl.invoke0(Native Method) ~[na:1.6.0_38]
	at sun.reflect.NativeMethodAccessorImpl.invoke(NativeMethodAccessorImpl.java:39) ~[na:1.6.0_38]
	at sun.reflect.DelegatingMethodAccessorImpl.invoke(DelegatingMethodAccessorImpl.java:25) ~[na:1.6.0_38]
	at java.lang.reflect.Method.invoke(Method.java:597) ~[na:1.6.0_38]
	at org.springframework.beans.factory.annotation.InitDestroyAnnotationBeanPostProcessor$LifecycleElement.invoke(InitDestroyAnnotationBeanPostProcessor.java:340) [spring-beans-3.0.6.RELEASE.jar:3.0.6.RELEASE]
	at org.springframework.beans.factory.annotation.InitDestroyAnnotationBeanPostProcessor$LifecycleMetadata.invokeDestroyMethods(InitDestroyAnnotationBeanPostProcessor.java:305) [spring-beans-3.0.6.RELEASE.jar:3.0.6.RELEASE]
	at org.springframework.beans.factory.annotation.InitDestroyAnnotationBeanPostProcessor.postProcessBeforeDestruction(InitDestroyAnnotationBeanPostProcessor.java:148) [spring-beans-3.0.6.RELEASE.jar:3.0.6.RELEASE]
	at org.springframework.beans.factory.support.DisposableBeanAdapter.destroy(DisposableBeanAdapter.java:166) [spring-beans-3.0.6.RELEASE.jar:3.0.6.RELEASE]
	at org.springframework.beans.factory.support.DefaultSingletonBeanRegistry.destroyBean(DefaultSingletonBeanRegistry.java:487) [spring-beans-3.0.6.RELEASE.jar:3.0.6.RELEASE]
	at org.springframework.beans.factory.support.DefaultSingletonBeanRegistry.destroySingleton(DefaultSingletonBeanRegistry.java:463) [spring-beans-3.0.6.RELEASE.jar:3.0.6.RELEASE]
	at org.springframework.beans.factory.support.DefaultSingletonBeanRegistry.destroySingletons(DefaultSingletonBeanRegistry.java:431) [spring-beans-3.0.6.RELEASE.jar:3.0.6.RELEASE]
	at org.springframework.context.support.AbstractApplicationContext.destroyBeans(AbstractApplicationContext.java:1048) [spring-context-3.0.6.RELEASE.jar:3.0.6.RELEASE]
	at org.springframework.context.support.AbstractApplicationContext.refresh(AbstractApplicationContext.java:433) [spring-context-3.0.6.RELEASE.jar:3.0.6.RELEASE]
	at org.springframework.test.context.support.AbstractGenericContextLoader.loadContext(AbstractGenericContextLoader.java:84) [spring-test-3.0.6.RELEASE.jar:3.0.6.RELEASE]
	at org.springframework.test.context.support.AbstractGenericContextLoader.loadContext(AbstractGenericContextLoader.java:1) [spring-test-3.0.6.RELEASE.jar:3.0.6.RELEASE]
	at org.springframework.test.context.TestContext.loadApplicationContext(TestContext.java:280) [spring-test-3.0.6.RELEASE.jar:3.0.6.RELEASE]
	at org.springframework.test.context.TestContext.getApplicationContext(TestContext.java:304) [spring-test-3.0.6.RELEASE.jar:3.0.6.RELEASE]
	at org.springframework.test.context.support.DependencyInjectionTestExecutionListener.injectDependencies(DependencyInjectionTestExecutionListener.java:109) [spring-test-3.0.6.RELEASE.jar:3.0.6.RELEASE]
	at org.springframework.test.context.support.DependencyInjectionTestExecutionListener.prepareTestInstance(DependencyInjectionTestExecutionListener.java:75) [spring-test-3.0.6.RELEASE.jar:3.0.6.RELEASE]
	at org.springframework.test.context.TestContextManager.prepareTestInstance(TestContextManager.java:321) [spring-test-3.0.6.RELEASE.jar:3.0.6.RELEASE]
	at org.spockframework.spring.SpringTestContextManager.prepareTestInstance(SpringTestContextManager.java:49) [spock-spring-0.7-groovy-2.0.jar:na]
	at org.spockframework.spring.SpringInterceptor.interceptSetupMethod(SpringInterceptor.java:42) [spock-spring-0.7-groovy-2.0.jar:na]
	at org.spockframework.runtime.extension.AbstractMethodInterceptor.intercept(AbstractMethodInterceptor.java:28) [spock-core-0.7-groovy-2.0.jar:na]
	at org.spockframework.runtime.extension.MethodInvocation.proceed(MethodInvocation.java:84) [spock-core-0.7-groovy-2.0.jar:na]
	at org.spockframework.runtime.BaseSpecRunner.invoke(BaseSpecRunner.java:319) [spock-core-0.7-groovy-2.0.jar:na]
	at org.spockframework.runtime.BaseSpecRunner.invokeSetup(BaseSpecRunner.java:279) [spock-core-0.7-groovy-2.0.jar:na]
	at org.spockframework.runtime.BaseSpecRunner.doRunIteration(BaseSpecRunner.java:255) [spock-core-0.7-groovy-2.0.jar:na]
	at sun.reflect.GeneratedMethodAccessor5.invoke(Unknown Source) ~[na:na]
	at sun.reflect.DelegatingMethodAccessorImpl.invoke(DelegatingMethodAccessorImpl.java:25) ~[na:1.6.0_38]
	at java.lang.reflect.Method.invoke(Method.java:597) ~[na:1.6.0_38]
	at org.spockframework.util.ReflectionUtil.invokeMethod(ReflectionUtil.java:138) [spock-core-0.7-groovy-2.0.jar:na]
	at org.spockframework.runtime.BaseSpecRunner.invokeRaw(BaseSpecRunner.java:330) [spock-core-0.7-groovy-2.0.jar:na]
	at org.spockframework.runtime.BaseSpecRunner.invoke(BaseSpecRunner.java:311) [spock-core-0.7-groovy-2.0.jar:na]
	at org.spockframework.runtime.BaseSpecRunner.runIteration(BaseSpecRunner.java:223) [spock-core-0.7-groovy-2.0.jar:na]
	at org.spockframework.runtime.BaseSpecRunner.initializeAndRunIteration(BaseSpecRunner.java:214) [spock-core-0.7-groovy-2.0.jar:na]
	at org.spockframework.runtime.BaseSpecRunner.runSimpleFeature(BaseSpecRunner.java:205) [spock-core-0.7-groovy-2.0.jar:na]
	at org.spockframework.runtime.BaseSpecRunner.doRunFeature(BaseSpecRunner.java:199) [spock-core-0.7-groovy-2.0.jar:na]
	at sun.reflect.GeneratedMethodAccessor7.invoke(Unknown Source) ~[na:na]
	at sun.reflect.DelegatingMethodAccessorImpl.invoke(DelegatingMethodAccessorImpl.java:25) ~[na:1.6.0_38]
	at java.lang.reflect.Method.invoke(Method.java:597) ~[na:1.6.0_38]
	at org.spockframework.util.ReflectionUtil.invokeMethod(ReflectionUtil.java:138) [spock-core-0.7-groovy-2.0.jar:na]
	at org.spockframework.runtime.BaseSpecRunner.invokeRaw(BaseSpecRunner.java:330) [spock-core-0.7-groovy-2.0.jar:na]
	at org.spockframework.runtime.BaseSpecRunner.invoke(BaseSpecRunner.java:311) [spock-core-0.7-groovy-2.0.jar:na]
	at org.spockframework.runtime.BaseSpecRunner.runFeature(BaseSpecRunner.java:175) [spock-core-0.7-groovy-2.0.jar:na]
	at org.spockframework.runtime.BaseSpecRunner.runFeatures(BaseSpecRunner.java:152) [spock-core-0.7-groovy-2.0.jar:na]
	at org.spockframework.runtime.BaseSpecRunner.doRunSpec(BaseSpecRunner.java:112) [spock-core-0.7-groovy-2.0.jar:na]
	at sun.reflect.GeneratedMethodAccessor11.invoke(Unknown Source) ~[na:na]
	at sun.reflect.DelegatingMethodAccessorImpl.invoke(DelegatingMethodAccessorImpl.java:25) ~[na:1.6.0_38]
	at java.lang.reflect.Method.invoke(Method.java:597) ~[na:1.6.0_38]
	at org.spockframework.util.ReflectionUtil.invokeMethod(ReflectionUtil.java:138) [spock-core-0.7-groovy-2.0.jar:na]
	at org.spockframework.runtime.BaseSpecRunner.invokeRaw(BaseSpecRunner.java:330) [spock-core-0.7-groovy-2.0.jar:na]
	at org.spockframework.runtime.BaseSpecRunner.invoke(BaseSpecRunner.java:311) [spock-core-0.7-groovy-2.0.jar:na]
	at org.spockframework.runtime.BaseSpecRunner.runSpec(BaseSpecRunner.java:91) [spock-core-0.7-groovy-2.0.jar:na]
	at org.spockframework.runtime.BaseSpecRunner.run(BaseSpecRunner.java:82) [spock-core-0.7-groovy-2.0.jar:na]
	at org.spockframework.runtime.Sputnik.run(Sputnik.java:63) [spock-core-0.7-groovy-2.0.jar:na]
	at org.apache.maven.surefire.junit4.JUnit4TestSet.execute(JUnit4TestSet.java:53) [surefire-junit4-2.10.jar:2.10]
	at org.apache.maven.surefire.junit4.JUnit4Provider.executeTestSet(JUnit4Provider.java:123) [surefire-junit4-2.10.jar:2.10]
	at org.apache.maven.surefire.junit4.JUnit4Provider.invoke(JUnit4Provider.java:104) [surefire-junit4-2.10.jar:2.10]
	at sun.reflect.NativeMethodAccessorImpl.invoke0(Native Method) ~[na:1.6.0_38]
	at sun.reflect.NativeMethodAccessorImpl.invoke(NativeMethodAccessorImpl.java:39) ~[na:1.6.0_38]
	at sun.reflect.DelegatingMethodAccessorImpl.invoke(DelegatingMethodAccessorImpl.java:25) ~[na:1.6.0_38]
	at java.lang.reflect.Method.invoke(Method.java:597) ~[na:1.6.0_38]
	at org.apache.maven.surefire.util.ReflectionUtils.invokeMethodWithArray(ReflectionUtils.java:164) [surefire-api-2.10.jar:2.10]
	at org.apache.maven.surefire.booter.ProviderFactory$ProviderProxy.invoke(ProviderFactory.java:110) [surefire-booter-2.10.jar:2.10]
	at org.apache.maven.surefire.booter.SurefireStarter.invokeProvider(SurefireStarter.java:175) [surefire-booter-2.10.jar:2.10]
	at org.apache.maven.surefire.booter.SurefireStarter.runSuitesInProcessWhenForked(SurefireStarter.java:107) [surefire-booter-2.10.jar:2.10]
	at org.apache.maven.surefire.booter.ForkedBooter.main(ForkedBooter.java:68) [surefire-booter-2.10.jar:2.10]
22:04:57.131 [main] WARN  o.s.c.a.CommonAnnotationBeanPostProcessor - Invocation of destroy method failed on bean with name &apos;coreTicketSecondPassSyncJob&apos;: com.rackspace.search.exception.NotFoundException: Index is missing
22:04:57.135 [main] ERROR c.r.s.e.client.ElasticSearchClient - Index is missing
org.elasticsearch.indices.IndexMissingException: [admin] missing
	at org.elasticsearch.cluster.metadata.MetaData.concreteIndex(MetaData.java:616) ~[elasticsearch-0.90.2.jar:na]
	at org.elasticsearch.action.get.TransportGetAction.resolveRequest(TransportGetAction.java:90) ~[elasticsearch-0.90.2.jar:na]
	at org.elasticsearch.action.get.TransportGetAction.resolveRequest(TransportGetAction.java:42) ~[elasticsearch-0.90.2.jar:na]
	at org.elasticsearch.action.support.single.shard.TransportShardSingleOperationAction$AsyncSingleAction.&lt;init&gt;(TransportShardSingleOperationAction.java:114) ~[elasticsearch-0.90.2.jar:na]
	at org.elasticsearch.action.support.single.shard.TransportShardSingleOperationAction$AsyncSingleAction.&lt;init&gt;(TransportShardSingleOperationAction.java:94) ~[elasticsearch-0.90.2.jar:na]
	at org.elasticsearch.action.support.single.shard.TransportShardSingleOperationAction.doExecute(TransportShardSingleOperationAction.java:71) ~[elasticsearch-0.90.2.jar:na]
	at org.elasticsearch.action.support.single.shard.TransportShardSingleOperationAction.doExecute(TransportShardSingleOperationAction.java:46) ~[elasticsearch-0.90.2.jar:na]
	at org.elasticsearch.action.support.TransportAction.execute(TransportAction.java:61) ~[elasticsearch-0.90.2.jar:na]
	at org.elasticsearch.client.node.NodeClient.execute(NodeClient.java:92) ~[elasticsearch-0.90.2.jar:na]
	at org.elasticsearch.client.support.AbstractClient.get(AbstractClient.java:179) ~[elasticsearch-0.90.2.jar:na]
	at org.elasticsearch.action.get.GetRequestBuilder.doExecute(GetRequestBuilder.java:112) ~[elasticsearch-0.90.2.jar:na]
	at org.elasticsearch.action.ActionRequestBuilder.execute(ActionRequestBuilder.java:62) ~[elasticsearch-0.90.2.jar:na]
	at org.elasticsearch.action.ActionRequestBuilder.execute(ActionRequestBuilder.java:57) ~[elasticsearch-0.90.2.jar:na]
	at org.elasticsearch.action.ActionRequestBuilder$execute.call(Unknown Source) ~[na:na]
	at com.rackspace.search.elasticsearch.client.ElasticSearchClient.getDocument(ElasticSearchClient.groovy:209) ~[classes/:na]
	at com.rackspace.search.elasticsearch.client.ElasticSearchClient$getDocument.call(Unknown Source) [classes/:na]
	at com.rackspace.search.service.JobService.getJob(JobService.groovy:56) [classes/:na]
	at com.rackspace.search.service.JobService$getJob$0.callCurrent(Unknown Source) [classes/:na]
	at com.rackspace.search.service.JobService.getJob(JobService.groovy:52) [classes/:na]
	at com.rackspace.search.service.JobService$getJob.call(Unknown Source) [classes/:na]
	at com.rackspace.search.service.admin.CoreTicketOndemandSyncJob.windupActivities(CoreTicketOndemandSyncJob.groovy:91) [classes/:na]
	at sun.reflect.NativeMethodAccessorImpl.invoke0(Native Method) ~[na:1.6.0_38]
	at sun.reflect.NativeMethodAccessorImpl.invoke(NativeMethodAccessorImpl.java:39) ~[na:1.6.0_38]
	at sun.reflect.DelegatingMethodAccessorImpl.invoke(DelegatingMethodAccessorImpl.java:25) ~[na:1.6.0_38]
	at java.lang.reflect.Method.invoke(Method.java:597) ~[na:1.6.0_38]
	at org.springframework.beans.factory.annotation.InitDestroyAnnotationBeanPostProcessor$LifecycleElement.invoke(InitDestroyAnnotationBeanPostProcessor.java:340) [spring-beans-3.0.6.RELEASE.jar:3.0.6.RELEASE]
	at org.springframework.beans.factory.annotation.InitDestroyAnnotationBeanPostProcessor$LifecycleMetadata.invokeDestroyMethods(InitDestroyAnnotationBeanPostProcessor.java:305) [spring-beans-3.0.6.RELEASE.jar:3.0.6.RELEASE]
	at org.springframework.beans.factory.annotation.InitDestroyAnnotationBeanPostProcessor.postProcessBeforeDestruction(InitDestroyAnnotationBeanPostProcessor.java:148) [spring-beans-3.0.6.RELEASE.jar:3.0.6.RELEASE]
	at org.springframework.beans.factory.support.DisposableBeanAdapter.destroy(DisposableBeanAdapter.java:166) [spring-beans-3.0.6.RELEASE.jar:3.0.6.RELEASE]
	at org.springframework.beans.factory.support.DefaultSingletonBeanRegistry.destroyBean(DefaultSingletonBeanRegistry.java:487) [spring-beans-3.0.6.RELEASE.jar:3.0.6.RELEASE]
	at org.springframework.beans.factory.support.DefaultSingletonBeanRegistry.destroySingleton(DefaultSingletonBeanRegistry.java:463) [spring-beans-3.0.6.RELEASE.jar:3.0.6.RELEASE]
	at org.springframework.beans.factory.support.DefaultSingletonBeanRegistry.destroySingletons(DefaultSingletonBeanRegistry.java:431) [spring-beans-3.0.6.RELEASE.jar:3.0.6.RELEASE]
	at org.springframework.context.support.AbstractApplicationContext.destroyBeans(AbstractApplicationContext.java:1048) [spring-context-3.0.6.RELEASE.jar:3.0.6.RELEASE]
	at org.springframework.context.support.AbstractApplicationContext.refresh(AbstractApplicationContext.java:433) [spring-context-3.0.6.RELEASE.jar:3.0.6.RELEASE]
	at org.springframework.test.context.support.AbstractGenericContextLoader.loadContext(AbstractGenericContextLoader.java:84) [spring-test-3.0.6.RELEASE.jar:3.0.6.RELEASE]
	at org.springframework.test.context.support.AbstractGenericContextLoader.loadContext(AbstractGenericContextLoader.java:1) [spring-test-3.0.6.RELEASE.jar:3.0.6.RELEASE]
	at org.springframework.test.context.TestContext.loadApplicationContext(TestContext.java:280) [spring-test-3.0.6.RELEASE.jar:3.0.6.RELEASE]
	at org.springframework.test.context.TestContext.getApplicationContext(TestContext.java:304) [spring-test-3.0.6.RELEASE.jar:3.0.6.RELEASE]
	at org.springframework.test.context.support.DependencyInjectionTestExecutionListener.injectDependencies(DependencyInjectionTestExecutionListener.java:109) [spring-test-3.0.6.RELEASE.jar:3.0.6.RELEASE]
	at org.springframework.test.context.support.DependencyInjectionTestExecutionListener.prepareTestInstance(DependencyInjectionTestExecutionListener.java:75) [spring-test-3.0.6.RELEASE.jar:3.0.6.RELEASE]
	at org.springframework.test.context.TestContextManager.prepareTestInstance(TestContextManager.java:321) [spring-test-3.0.6.RELEASE.jar:3.0.6.RELEASE]
	at org.spockframework.spring.SpringTestContextManager.prepareTestInstance(SpringTestContextManager.java:49) [spock-spring-0.7-groovy-2.0.jar:na]
	at org.spockframework.spring.SpringInterceptor.interceptSetupMethod(SpringInterceptor.java:42) [spock-spring-0.7-groovy-2.0.jar:na]
	at org.spockframework.runtime.extension.AbstractMethodInterceptor.intercept(AbstractMethodInterceptor.java:28) [spock-core-0.7-groovy-2.0.jar:na]
	at org.spockframework.runtime.extension.MethodInvocation.proceed(MethodInvocation.java:84) [spock-core-0.7-groovy-2.0.jar:na]
	at org.spockframework.runtime.BaseSpecRunner.invoke(BaseSpecRunner.java:319) [spock-core-0.7-groovy-2.0.jar:na]
	at org.spockframework.runtime.BaseSpecRunner.invokeSetup(BaseSpecRunner.java:279) [spock-core-0.7-groovy-2.0.jar:na]
	at org.spockframework.runtime.BaseSpecRunner.doRunIteration(BaseSpecRunner.java:255) [spock-core-0.7-groovy-2.0.jar:na]
	at sun.reflect.GeneratedMethodAccessor5.invoke(Unknown Source) ~[na:na]
	at sun.reflect.DelegatingMethodAccessorImpl.invoke(DelegatingMethodAccessorImpl.java:25) ~[na:1.6.0_38]
	at java.lang.reflect.Method.invoke(Method.java:597) ~[na:1.6.0_38]
	at org.spockframework.util.ReflectionUtil.invokeMethod(ReflectionUtil.java:138) [spock-core-0.7-groovy-2.0.jar:na]
	at org.spockframework.runtime.BaseSpecRunner.invokeRaw(BaseSpecRunner.java:330) [spock-core-0.7-groovy-2.0.jar:na]
	at org.spockframework.runtime.BaseSpecRunner.invoke(BaseSpecRunner.java:311) [spock-core-0.7-groovy-2.0.jar:na]
	at org.spockframework.runtime.BaseSpecRunner.runIteration(BaseSpecRunner.java:223) [spock-core-0.7-groovy-2.0.jar:na]
	at org.spockframework.runtime.BaseSpecRunner.initializeAndRunIteration(BaseSpecRunner.java:214) [spock-core-0.7-groovy-2.0.jar:na]
	at org.spockframework.runtime.BaseSpecRunner.runSimpleFeature(BaseSpecRunner.java:205) [spock-core-0.7-groovy-2.0.jar:na]
	at org.spockframework.runtime.BaseSpecRunner.doRunFeature(BaseSpecRunner.java:199) [spock-core-0.7-groovy-2.0.jar:na]
	at sun.reflect.GeneratedMethodAccessor7.invoke(Unknown Source) ~[na:na]
	at sun.reflect.DelegatingMethodAccessorImpl.invoke(DelegatingMethodAccessorImpl.java:25) ~[na:1.6.0_38]
	at java.lang.reflect.Method.invoke(Method.java:597) ~[na:1.6.0_38]
	at org.spockframework.util.ReflectionUtil.invokeMethod(ReflectionUtil.java:138) [spock-core-0.7-groovy-2.0.jar:na]
	at org.spockframework.runtime.BaseSpecRunner.invokeRaw(BaseSpecRunner.java:330) [spock-core-0.7-groovy-2.0.jar:na]
	at org.spockframework.runtime.BaseSpecRunner.invoke(BaseSpecRunner.java:311) [spock-core-0.7-groovy-2.0.jar:na]
	at org.spockframework.runtime.BaseSpecRunner.runFeature(BaseSpecRunner.java:175) [spock-core-0.7-groovy-2.0.jar:na]
	at org.spockframework.runtime.BaseSpecRunner.runFeatures(BaseSpecRunner.java:152) [spock-core-0.7-groovy-2.0.jar:na]
	at org.spockframework.runtime.BaseSpecRunner.doRunSpec(BaseSpecRunner.java:112) [spock-core-0.7-groovy-2.0.jar:na]
	at sun.reflect.GeneratedMethodAccessor11.invoke(Unknown Source) ~[na:na]
	at sun.reflect.DelegatingMethodAccessorImpl.invoke(DelegatingMethodAccessorImpl.java:25) ~[na:1.6.0_38]
	at java.lang.reflect.Method.invoke(Method.java:597) ~[na:1.6.0_38]
	at org.spockframework.util.ReflectionUtil.invokeMethod(ReflectionUtil.java:138) [spock-core-0.7-groovy-2.0.jar:na]
	at org.spockframework.runtime.BaseSpecRunner.invokeRaw(BaseSpecRunner.java:330) [spock-core-0.7-groovy-2.0.jar:na]
	at org.spockframework.runtime.BaseSpecRunner.invoke(BaseSpecRunner.java:311) [spock-core-0.7-groovy-2.0.jar:na]
	at org.spockframework.runtime.BaseSpecRunner.runSpec(BaseSpecRunner.java:91) [spock-core-0.7-groovy-2.0.jar:na]
	at org.spockframework.runtime.BaseSpecRunner.run(BaseSpecRunner.java:82) [spock-core-0.7-groovy-2.0.jar:na]
	at org.spockframework.runtime.Sputnik.run(Sputnik.java:63) [spock-core-0.7-groovy-2.0.jar:na]
	at org.apache.maven.surefire.junit4.JUnit4TestSet.execute(JUnit4TestSet.java:53) [surefire-junit4-2.10.jar:2.10]
	at org.apache.maven.surefire.junit4.JUnit4Provider.executeTestSet(JUnit4Provider.java:123) [surefire-junit4-2.10.jar:2.10]
	at org.apache.maven.surefire.junit4.JUnit4Provider.invoke(JUnit4Provider.java:104) [surefire-junit4-2.10.jar:2.10]
	at sun.reflect.NativeMethodAccessorImpl.invoke0(Native Method) ~[na:1.6.0_38]
	at sun.reflect.NativeMethodAccessorImpl.invoke(NativeMethodAccessorImpl.java:39) ~[na:1.6.0_38]
	at sun.reflect.DelegatingMethodAccessorImpl.invoke(DelegatingMethodAccessorImpl.java:25) ~[na:1.6.0_38]
	at java.lang.reflect.Method.invoke(Method.java:597) ~[na:1.6.0_38]
	at org.apache.maven.surefire.util.ReflectionUtils.invokeMethodWithArray(ReflectionUtils.java:164) [surefire-api-2.10.jar:2.10]
	at org.apache.maven.surefire.booter.ProviderFactory$ProviderProxy.invoke(ProviderFactory.java:110) [surefire-booter-2.10.jar:2.10]
	at org.apache.maven.surefire.booter.SurefireStarter.invokeProvider(SurefireStarter.java:175) [surefire-booter-2.10.jar:2.10]
	at org.apache.maven.surefire.booter.SurefireStarter.runSuitesInProcessWhenForked(SurefireStarter.java:107) [surefire-booter-2.10.jar:2.10]
	at org.apache.maven.surefire.booter.ForkedBooter.main(ForkedBooter.java:68) [surefire-booter-2.10.jar:2.10]
22:04:57.136 [main] WARN  o.s.c.a.CommonAnnotationBeanPostProcessor - Invocation of destroy method failed on bean with name &apos;coreTicketOndemandSyncJob&apos;: com.rackspace.search.exception.NotFoundException: Index is missing
22:04:57.140 [main] ERROR c.r.s.e.client.ElasticSearchClient - Index is missing
org.elasticsearch.indices.IndexMissingException: [admin] missing
	at org.elasticsearch.cluster.metadata.MetaData.concreteIndex(MetaData.java:616) ~[elasticsearch-0.90.2.jar:na]
	at org.elasticsearch.action.get.TransportGetAction.resolveRequest(TransportGetAction.java:90) ~[elasticsearch-0.90.2.jar:na]
	at org.elasticsearch.action.get.TransportGetAction.resolveRequest(TransportGetAction.java:42) ~[elasticsearch-0.90.2.jar:na]
	at org.elasticsearch.action.support.single.shard.TransportShardSingleOperationAction$AsyncSingleAction.&lt;init&gt;(TransportShardSingleOperationAction.java:114) ~[elasticsearch-0.90.2.jar:na]
	at org.elasticsearch.action.support.single.shard.TransportShardSingleOperationAction$AsyncSingleAction.&lt;init&gt;(TransportShardSingleOperationAction.java:94) ~[elasticsearch-0.90.2.jar:na]
	at org.elasticsearch.action.support.single.shard.TransportShardSingleOperationAction.doExecute(TransportShardSingleOperationAction.java:71) ~[elasticsearch-0.90.2.jar:na]
	at org.elasticsearch.action.support.single.shard.TransportShardSingleOperationAction.doExecute(TransportShardSingleOperationAction.java:46) ~[elasticsearch-0.90.2.jar:na]
	at org.elasticsearch.action.support.TransportAction.execute(TransportAction.java:61) ~[elasticsearch-0.90.2.jar:na]
	at org.elasticsearch.client.node.NodeClient.execute(NodeClient.java:92) ~[elasticsearch-0.90.2.jar:na]
	at org.elasticsearch.client.support.AbstractClient.get(AbstractClient.java:179) ~[elasticsearch-0.90.2.jar:na]
	at org.elasticsearch.action.get.GetRequestBuilder.doExecute(GetRequestBuilder.java:112) ~[elasticsearch-0.90.2.jar:na]
	at org.elasticsearch.action.ActionRequestBuilder.execute(ActionRequestBuilder.java:62) ~[elasticsearch-0.90.2.jar:na]
	at org.elasticsearch.action.ActionRequestBuilder.execute(ActionRequestBuilder.java:57) ~[elasticsearch-0.90.2.jar:na]
	at org.elasticsearch.action.ActionRequestBuilder$execute.call(Unknown Source) ~[na:na]
	at com.rackspace.search.elasticsearch.client.ElasticSearchClient.getDocument(ElasticSearchClient.groovy:209) ~[classes/:na]
	at com.rackspace.search.elasticsearch.client.ElasticSearchClient$getDocument.call(Unknown Source) [classes/:na]
	at com.rackspace.search.service.JobService.getJob(JobService.groovy:56) [classes/:na]
	at com.rackspace.search.service.JobService$getJob$0.callCurrent(Unknown Source) [classes/:na]
	at com.rackspace.search.service.JobService.getJob(JobService.groovy:52) [classes/:na]
	at com.rackspace.search.service.JobService$getJob.call(Unknown Source) [classes/:na]
	at com.rackspace.search.service.account.AccountOngoingSyncJob.windupActivities(AccountOngoingSyncJob.groovy:89) [classes/:na]
	at sun.reflect.NativeMethodAccessorImpl.invoke0(Native Method) ~[na:1.6.0_38]
	at sun.reflect.NativeMethodAccessorImpl.invoke(NativeMethodAccessorImpl.java:39) ~[na:1.6.0_38]
	at sun.reflect.DelegatingMethodAccessorImpl.invoke(DelegatingMethodAccessorImpl.java:25) ~[na:1.6.0_38]
	at java.lang.reflect.Method.invoke(Method.java:597) ~[na:1.6.0_38]
	at org.springframework.beans.factory.annotation.InitDestroyAnnotationBeanPostProcessor$LifecycleElement.invoke(InitDestroyAnnotationBeanPostProcessor.java:340) [spring-beans-3.0.6.RELEASE.jar:3.0.6.RELEASE]
	at org.springframework.beans.factory.annotation.InitDestroyAnnotationBeanPostProcessor$LifecycleMetadata.invokeDestroyMethods(InitDestroyAnnotationBeanPostProcessor.java:305) [spring-beans-3.0.6.RELEASE.jar:3.0.6.RELEASE]
	at org.springframework.beans.factory.annotation.InitDestroyAnnotationBeanPostProcessor.postProcessBeforeDestruction(InitDestroyAnnotationBeanPostProcessor.java:148) [spring-beans-3.0.6.RELEASE.jar:3.0.6.RELEASE]
	at org.springframework.beans.factory.support.DisposableBeanAdapter.destroy(DisposableBeanAdapter.java:166) [spring-beans-3.0.6.RELEASE.jar:3.0.6.RELEASE]
	at org.springframework.beans.factory.support.DefaultSingletonBeanRegistry.destroyBean(DefaultSingletonBeanRegistry.java:487) [spring-beans-3.0.6.RELEASE.jar:3.0.6.RELEASE]
	at org.springframework.beans.factory.support.DefaultSingletonBeanRegistry.destroySingleton(DefaultSingletonBeanRegistry.java:463) [spring-beans-3.0.6.RELEASE.jar:3.0.6.RELEASE]
	at org.springframework.beans.factory.support.DefaultSingletonBeanRegistry.destroySingletons(DefaultSingletonBeanRegistry.java:431) [spring-beans-3.0.6.RELEASE.jar:3.0.6.RELEASE]
	at org.springframework.context.support.AbstractApplicationContext.destroyBeans(AbstractApplicationContext.java:1048) [spring-context-3.0.6.RELEASE.jar:3.0.6.RELEASE]
	at org.springframework.context.support.AbstractApplicationContext.refresh(AbstractApplicationContext.java:433) [spring-context-3.0.6.RELEASE.jar:3.0.6.RELEASE]
	at org.springframework.test.context.support.AbstractGenericContextLoader.loadContext(AbstractGenericContextLoader.java:84) [spring-test-3.0.6.RELEASE.jar:3.0.6.RELEASE]
	at org.springframework.test.context.support.AbstractGenericContextLoader.loadContext(AbstractGenericContextLoader.java:1) [spring-test-3.0.6.RELEASE.jar:3.0.6.RELEASE]
	at org.springframework.test.context.TestContext.loadApplicationContext(TestContext.java:280) [spring-test-3.0.6.RELEASE.jar:3.0.6.RELEASE]
	at org.springframework.test.context.TestContext.getApplicationContext(TestContext.java:304) [spring-test-3.0.6.RELEASE.jar:3.0.6.RELEASE]
	at org.springframework.test.context.support.DependencyInjectionTestExecutionListener.injectDependencies(DependencyInjectionTestExecutionListener.java:109) [spring-test-3.0.6.RELEASE.jar:3.0.6.RELEASE]
	at org.springframework.test.context.support.DependencyInjectionTestExecutionListener.prepareTestInstance(DependencyInjectionTestExecutionListener.java:75) [spring-test-3.0.6.RELEASE.jar:3.0.6.RELEASE]
	at org.springframework.test.context.TestContextManager.prepareTestInstance(TestContextManager.java:321) [spring-test-3.0.6.RELEASE.jar:3.0.6.RELEASE]
	at org.spockframework.spring.SpringTestContextManager.prepareTestInstance(SpringTestContextManager.java:49) [spock-spring-0.7-groovy-2.0.jar:na]
	at org.spockframework.spring.SpringInterceptor.interceptSetupMethod(SpringInterceptor.java:42) [spock-spring-0.7-groovy-2.0.jar:na]
	at org.spockframework.runtime.extension.AbstractMethodInterceptor.intercept(AbstractMethodInterceptor.java:28) [spock-core-0.7-groovy-2.0.jar:na]
	at org.spockframework.runtime.extension.MethodInvocation.proceed(MethodInvocation.java:84) [spock-core-0.7-groovy-2.0.jar:na]
	at org.spockframework.runtime.BaseSpecRunner.invoke(BaseSpecRunner.java:319) [spock-core-0.7-groovy-2.0.jar:na]
	at org.spockframework.runtime.BaseSpecRunner.invokeSetup(BaseSpecRunner.java:279) [spock-core-0.7-groovy-2.0.jar:na]
	at org.spockframework.runtime.BaseSpecRunner.doRunIteration(BaseSpecRunner.java:255) [spock-core-0.7-groovy-2.0.jar:na]
	at sun.reflect.GeneratedMethodAccessor5.invoke(Unknown Source) ~[na:na]
	at sun.reflect.DelegatingMethodAccessorImpl.invoke(DelegatingMethodAccessorImpl.java:25) ~[na:1.6.0_38]
	at java.lang.reflect.Method.invoke(Method.java:597) ~[na:1.6.0_38]
	at org.spockframework.util.ReflectionUtil.invokeMethod(ReflectionUtil.java:138) [spock-core-0.7-groovy-2.0.jar:na]
	at org.spockframework.runtime.BaseSpecRunner.invokeRaw(BaseSpecRunner.java:330) [spock-core-0.7-groovy-2.0.jar:na]
	at org.spockframework.runtime.BaseSpecRunner.invoke(BaseSpecRunner.java:311) [spock-core-0.7-groovy-2.0.jar:na]
	at org.spockframework.runtime.BaseSpecRunner.runIteration(BaseSpecRunner.java:223) [spock-core-0.7-groovy-2.0.jar:na]
	at org.spockframework.runtime.BaseSpecRunner.initializeAndRunIteration(BaseSpecRunner.java:214) [spock-core-0.7-groovy-2.0.jar:na]
	at org.spockframework.runtime.BaseSpecRunner.runSimpleFeature(BaseSpecRunner.java:205) [spock-core-0.7-groovy-2.0.jar:na]
	at org.spockframework.runtime.BaseSpecRunner.doRunFeature(BaseSpecRunner.java:199) [spock-core-0.7-groovy-2.0.jar:na]
	at sun.reflect.GeneratedMethodAccessor7.invoke(Unknown Source) ~[na:na]
	at sun.reflect.DelegatingMethodAccessorImpl.invoke(DelegatingMethodAccessorImpl.java:25) ~[na:1.6.0_38]
	at java.lang.reflect.Method.invoke(Method.java:597) ~[na:1.6.0_38]
	at org.spockframework.util.ReflectionUtil.invokeMethod(ReflectionUtil.java:138) [spock-core-0.7-groovy-2.0.jar:na]
	at org.spockframework.runtime.BaseSpecRunner.invokeRaw(BaseSpecRunner.java:330) [spock-core-0.7-groovy-2.0.jar:na]
	at org.spockframework.runtime.BaseSpecRunner.invoke(BaseSpecRunner.java:311) [spock-core-0.7-groovy-2.0.jar:na]
	at org.spockframework.runtime.BaseSpecRunner.runFeature(BaseSpecRunner.java:175) [spock-core-0.7-groovy-2.0.jar:na]
	at org.spockframework.runtime.BaseSpecRunner.runFeatures(BaseSpecRunner.java:152) [spock-core-0.7-groovy-2.0.jar:na]
	at org.spockframework.runtime.BaseSpecRunner.doRunSpec(BaseSpecRunner.java:112) [spock-core-0.7-groovy-2.0.jar:na]
	at sun.reflect.GeneratedMethodAccessor11.invoke(Unknown Source) ~[na:na]
	at sun.reflect.DelegatingMethodAccessorImpl.invoke(DelegatingMethodAccessorImpl.java:25) ~[na:1.6.0_38]
	at java.lang.reflect.Method.invoke(Method.java:597) ~[na:1.6.0_38]
	at org.spockframework.util.ReflectionUtil.invokeMethod(ReflectionUtil.java:138) [spock-core-0.7-groovy-2.0.jar:na]
	at org.spockframework.runtime.BaseSpecRunner.invokeRaw(BaseSpecRunner.java:330) [spock-core-0.7-groovy-2.0.jar:na]
	at org.spockframework.runtime.BaseSpecRunner.invoke(BaseSpecRunner.java:311) [spock-core-0.7-groovy-2.0.jar:na]
	at org.spockframework.runtime.BaseSpecRunner.runSpec(BaseSpecRunner.java:91) [spock-core-0.7-groovy-2.0.jar:na]
	at org.spockframework.runtime.BaseSpecRunner.run(BaseSpecRunner.java:82) [spock-core-0.7-groovy-2.0.jar:na]
	at org.spockframework.runtime.Sputnik.run(Sputnik.java:63) [spock-core-0.7-groovy-2.0.jar:na]
	at org.apache.maven.surefire.junit4.JUnit4TestSet.execute(JUnit4TestSet.java:53) [surefire-junit4-2.10.jar:2.10]
	at org.apache.maven.surefire.junit4.JUnit4Provider.executeTestSet(JUnit4Provider.java:123) [surefire-junit4-2.10.jar:2.10]
	at org.apache.maven.surefire.junit4.JUnit4Provider.invoke(JUnit4Provider.java:104) [surefire-junit4-2.10.jar:2.10]
	at sun.reflect.NativeMethodAccessorImpl.invoke0(Native Method) ~[na:1.6.0_38]
	at sun.reflect.NativeMethodAccessorImpl.invoke(NativeMethodAccessorImpl.java:39) ~[na:1.6.0_38]
	at sun.reflect.DelegatingMethodAccessorImpl.invoke(DelegatingMethodAccessorImpl.java:25) ~[na:1.6.0_38]
	at java.lang.reflect.Method.invoke(Method.java:597) ~[na:1.6.0_38]
	at org.apache.maven.surefire.util.ReflectionUtils.invokeMethodWithArray(ReflectionUtils.java:164) [surefire-api-2.10.jar:2.10]
	at org.apache.maven.surefire.booter.ProviderFactory$ProviderProxy.invoke(ProviderFactory.java:110) [surefire-booter-2.10.jar:2.10]
	at org.apache.maven.surefire.booter.SurefireStarter.invokeProvider(SurefireStarter.java:175) [surefire-booter-2.10.jar:2.10]
	at org.apache.maven.surefire.booter.SurefireStarter.runSuitesInProcessWhenForked(SurefireStarter.java:107) [surefire-booter-2.10.jar:2.10]
	at org.apache.maven.surefire.booter.ForkedBooter.main(ForkedBooter.java:68) [surefire-booter-2.10.jar:2.10]
22:04:57.141 [main] WARN  o.s.c.a.CommonAnnotationBeanPostProcessor - Invocation of destroy method failed on bean with name &apos;accountOngoingSyncJob&apos;: com.rackspace.search.exception.NotFoundException: Index is missing
22:04:57.146 [main] ERROR c.r.s.e.client.ElasticSearchClient - Index is missing
org.elasticsearch.indices.IndexMissingException: [admin] missing
	at org.elasticsearch.cluster.metadata.MetaData.concreteIndex(MetaData.java:616) ~[elasticsearch-0.90.2.jar:na]
	at org.elasticsearch.action.get.TransportGetAction.resolveRequest(TransportGetAction.java:90) ~[elasticsearch-0.90.2.jar:na]
	at org.elasticsearch.action.get.TransportGetAction.resolveRequest(TransportGetAction.java:42) ~[elasticsearch-0.90.2.jar:na]
	at org.elasticsearch.action.support.single.shard.TransportShardSingleOperationAction$AsyncSingleAction.&lt;init&gt;(TransportShardSingleOperationAction.java:114) ~[elasticsearch-0.90.2.jar:na]
	at org.elasticsearch.action.support.single.shard.TransportShardSingleOperationAction$AsyncSingleAction.&lt;init&gt;(TransportShardSingleOperationAction.java:94) ~[elasticsearch-0.90.2.jar:na]
	at org.elasticsearch.action.support.single.shard.TransportShardSingleOperationAction.doExecute(TransportShardSingleOperationAction.java:71) ~[elasticsearch-0.90.2.jar:na]
	at org.elasticsearch.action.support.single.shard.TransportShardSingleOperationAction.doExecute(TransportShardSingleOperationAction.java:46) ~[elasticsearch-0.90.2.jar:na]
	at org.elasticsearch.action.support.TransportAction.execute(TransportAction.java:61) ~[elasticsearch-0.90.2.jar:na]
	at org.elasticsearch.client.node.NodeClient.execute(NodeClient.java:92) ~[elasticsearch-0.90.2.jar:na]
	at org.elasticsearch.client.support.AbstractClient.get(AbstractClient.java:179) ~[elasticsearch-0.90.2.jar:na]
	at org.elasticsearch.action.get.GetRequestBuilder.doExecute(GetRequestBuilder.java:112) ~[elasticsearch-0.90.2.jar:na]
	at org.elasticsearch.action.ActionRequestBuilder.execute(ActionRequestBuilder.java:62) ~[elasticsearch-0.90.2.jar:na]
	at org.elasticsearch.action.ActionRequestBuilder.execute(ActionRequestBuilder.java:57) ~[elasticsearch-0.90.2.jar:na]
	at org.elasticsearch.action.ActionRequestBuilder$execute.call(Unknown Source) ~[na:na]
	at com.rackspace.search.elasticsearch.client.ElasticSearchClient.getDocument(ElasticSearchClient.groovy:209) ~[classes/:na]
	at com.rackspace.search.elasticsearch.client.ElasticSearchClient$getDocument.call(Unknown Source) [classes/:na]
	at com.rackspace.search.service.JobService.getJob(JobService.groovy:56) [classes/:na]
	at com.rackspace.search.service.JobService$getJob$0.callCurrent(Unknown Source) [classes/:na]
	at com.rackspace.search.service.JobService.getJob(JobService.groovy:52) [classes/:na]
	at com.rackspace.search.service.JobService$getJob.call(Unknown Source) [classes/:na]
	at com.rackspace.search.service.account.AccountOnetimeSyncJob.windupActivities(AccountOneTimeSyncJob.groovy:39) [classes/:na]
	at sun.reflect.NativeMethodAccessorImpl.invoke0(Native Method) ~[na:1.6.0_38]
	at sun.reflect.NativeMethodAccessorImpl.invoke(NativeMethodAccessorImpl.java:39) ~[na:1.6.0_38]
	at sun.reflect.DelegatingMethodAccessorImpl.invoke(DelegatingMethodAccessorImpl.java:25) ~[na:1.6.0_38]
	at java.lang.reflect.Method.invoke(Method.java:597) ~[na:1.6.0_38]
	at org.springframework.beans.factory.annotation.InitDestroyAnnotationBeanPostProcessor$LifecycleElement.invoke(InitDestroyAnnotationBeanPostProcessor.java:340) [spring-beans-3.0.6.RELEASE.jar:3.0.6.RELEASE]
	at org.springframework.beans.factory.annotation.InitDestroyAnnotationBeanPostProcessor$LifecycleMetadata.invokeDestroyMethods(InitDestroyAnnotationBeanPostProcessor.java:305) [spring-beans-3.0.6.RELEASE.jar:3.0.6.RELEASE]
	at org.springframework.beans.factory.annotation.InitDestroyAnnotationBeanPostProcessor.postProcessBeforeDestruction(InitDestroyAnnotationBeanPostProcessor.java:148) [spring-beans-3.0.6.RELEASE.jar:3.0.6.RELEASE]
	at org.springframework.beans.factory.support.DisposableBeanAdapter.destroy(DisposableBeanAdapter.java:166) [spring-beans-3.0.6.RELEASE.jar:3.0.6.RELEASE]
	at org.springframework.beans.factory.support.DefaultSingletonBeanRegistry.destroyBean(DefaultSingletonBeanRegistry.java:487) [spring-beans-3.0.6.RELEASE.jar:3.0.6.RELEASE]
	at org.springframework.beans.factory.support.DefaultSingletonBeanRegistry.destroySingleton(DefaultSingletonBeanRegistry.java:463) [spring-beans-3.0.6.RELEASE.jar:3.0.6.RELEASE]
	at org.springframework.beans.factory.support.DefaultSingletonBeanRegistry.destroySingletons(DefaultSingletonBeanRegistry.java:431) [spring-beans-3.0.6.RELEASE.jar:3.0.6.RELEASE]
	at org.springframework.context.support.AbstractApplicationContext.destroyBeans(AbstractApplicationContext.java:1048) [spring-context-3.0.6.RELEASE.jar:3.0.6.RELEASE]
	at org.springframework.context.support.AbstractApplicationContext.refresh(AbstractApplicationContext.java:433) [spring-context-3.0.6.RELEASE.jar:3.0.6.RELEASE]
	at org.springframework.test.context.support.AbstractGenericContextLoader.loadContext(AbstractGenericContextLoader.java:84) [spring-test-3.0.6.RELEASE.jar:3.0.6.RELEASE]
	at org.springframework.test.context.support.AbstractGenericContextLoader.loadContext(AbstractGenericContextLoader.java:1) [spring-test-3.0.6.RELEASE.jar:3.0.6.RELEASE]
	at org.springframework.test.context.TestContext.loadApplicationContext(TestContext.java:280) [spring-test-3.0.6.RELEASE.jar:3.0.6.RELEASE]
	at org.springframework.test.context.TestContext.getApplicationContext(TestContext.java:304) [spring-test-3.0.6.RELEASE.jar:3.0.6.RELEASE]
	at org.springframework.test.context.support.DependencyInjectionTestExecutionListener.injectDependencies(DependencyInjectionTestExecutionListener.java:109) [spring-test-3.0.6.RELEASE.jar:3.0.6.RELEASE]
	at org.springframework.test.context.support.DependencyInjectionTestExecutionListener.prepareTestInstance(DependencyInjectionTestExecutionListener.java:75) [spring-test-3.0.6.RELEASE.jar:3.0.6.RELEASE]
	at org.springframework.test.context.TestContextManager.prepareTestInstance(TestContextManager.java:321) [spring-test-3.0.6.RELEASE.jar:3.0.6.RELEASE]
	at org.spockframework.spring.SpringTestContextManager.prepareTestInstance(SpringTestContextManager.java:49) [spock-spring-0.7-groovy-2.0.jar:na]
	at org.spockframework.spring.SpringInterceptor.interceptSetupMethod(SpringInterceptor.java:42) [spock-spring-0.7-groovy-2.0.jar:na]
	at org.spockframework.runtime.extension.AbstractMethodInterceptor.intercept(AbstractMethodInterceptor.java:28) [spock-core-0.7-groovy-2.0.jar:na]
	at org.spockframework.runtime.extension.MethodInvocation.proceed(MethodInvocation.java:84) [spock-core-0.7-groovy-2.0.jar:na]
	at org.spockframework.runtime.BaseSpecRunner.invoke(BaseSpecRunner.java:319) [spock-core-0.7-groovy-2.0.jar:na]
	at org.spockframework.runtime.BaseSpecRunner.invokeSetup(BaseSpecRunner.java:279) [spock-core-0.7-groovy-2.0.jar:na]
	at org.spockframework.runtime.BaseSpecRunner.doRunIteration(BaseSpecRunner.java:255) [spock-core-0.7-groovy-2.0.jar:na]
	at sun.reflect.GeneratedMethodAccessor5.invoke(Unknown Source) ~[na:na]
	at sun.reflect.DelegatingMethodAccessorImpl.invoke(DelegatingMethodAccessorImpl.java:25) ~[na:1.6.0_38]
	at java.lang.reflect.Method.invoke(Method.java:597) ~[na:1.6.0_38]
	at org.spockframework.util.ReflectionUtil.invokeMethod(ReflectionUtil.java:138) [spock-core-0.7-groovy-2.0.jar:na]
	at org.spockframework.runtime.BaseSpecRunner.invokeRaw(BaseSpecRunner.java:330) [spock-core-0.7-groovy-2.0.jar:na]
	at org.spockframework.runtime.BaseSpecRunner.invoke(BaseSpecRunner.java:311) [spock-core-0.7-groovy-2.0.jar:na]
	at org.spockframework.runtime.BaseSpecRunner.runIteration(BaseSpecRunner.java:223) [spock-core-0.7-groovy-2.0.jar:na]
	at org.spockframework.runtime.BaseSpecRunner.initializeAndRunIteration(BaseSpecRunner.java:214) [spock-core-0.7-groovy-2.0.jar:na]
	at org.spockframework.runtime.BaseSpecRunner.runSimpleFeature(BaseSpecRunner.java:205) [spock-core-0.7-groovy-2.0.jar:na]
	at org.spockframework.runtime.BaseSpecRunner.doRunFeature(BaseSpecRunner.java:199) [spock-core-0.7-groovy-2.0.jar:na]
	at sun.reflect.GeneratedMethodAccessor7.invoke(Unknown Source) ~[na:na]
	at sun.reflect.DelegatingMethodAccessorImpl.invoke(DelegatingMethodAccessorImpl.java:25) ~[na:1.6.0_38]
	at java.lang.reflect.Method.invoke(Method.java:597) ~[na:1.6.0_38]
	at org.spockframework.util.ReflectionUtil.invokeMethod(ReflectionUtil.java:138) [spock-core-0.7-groovy-2.0.jar:na]
	at org.spockframework.runtime.BaseSpecRunner.invokeRaw(BaseSpecRunner.java:330) [spock-core-0.7-groovy-2.0.jar:na]
	at org.spockframework.runtime.BaseSpecRunner.invoke(BaseSpecRunner.java:311) [spock-core-0.7-groovy-2.0.jar:na]
	at org.spockframework.runtime.BaseSpecRunner.runFeature(BaseSpecRunner.java:175) [spock-core-0.7-groovy-2.0.jar:na]
	at org.spockframework.runtime.BaseSpecRunner.runFeatures(BaseSpecRunner.java:152) [spock-core-0.7-groovy-2.0.jar:na]
	at org.spockframework.runtime.BaseSpecRunner.doRunSpec(BaseSpecRunner.java:112) [spock-core-0.7-groovy-2.0.jar:na]
	at sun.reflect.GeneratedMethodAccessor11.invoke(Unknown Source) ~[na:na]
	at sun.reflect.DelegatingMethodAccessorImpl.invoke(DelegatingMethodAccessorImpl.java:25) ~[na:1.6.0_38]
	at java.lang.reflect.Method.invoke(Method.java:597) ~[na:1.6.0_38]
	at org.spockframework.util.ReflectionUtil.invokeMethod(ReflectionUtil.java:138) [spock-core-0.7-groovy-2.0.jar:na]
	at org.spockframework.runtime.BaseSpecRunner.invokeRaw(BaseSpecRunner.java:330) [spock-core-0.7-groovy-2.0.jar:na]
	at org.spockframework.runtime.BaseSpecRunner.invoke(BaseSpecRunner.java:311) [spock-core-0.7-groovy-2.0.jar:na]
	at org.spockframework.runtime.BaseSpecRunner.runSpec(BaseSpecRunner.java:91) [spock-core-0.7-groovy-2.0.jar:na]
	at org.spockframework.runtime.BaseSpecRunner.run(BaseSpecRunner.java:82) [spock-core-0.7-groovy-2.0.jar:na]
	at org.spockframework.runtime.Sputnik.run(Sputnik.java:63) [spock-core-0.7-groovy-2.0.jar:na]
	at org.apache.maven.surefire.junit4.JUnit4TestSet.execute(JUnit4TestSet.java:53) [surefire-junit4-2.10.jar:2.10]
	at org.apache.maven.surefire.junit4.JUnit4Provider.executeTestSet(JUnit4Provider.java:123) [surefire-junit4-2.10.jar:2.10]
	at org.apache.maven.surefire.junit4.JUnit4Provider.invoke(JUnit4Provider.java:104) [surefire-junit4-2.10.jar:2.10]
	at sun.reflect.NativeMethodAccessorImpl.invoke0(Native Method) ~[na:1.6.0_38]
	at sun.reflect.NativeMethodAccessorImpl.invoke(NativeMethodAccessorImpl.java:39) ~[na:1.6.0_38]
	at sun.reflect.DelegatingMethodAccessorImpl.invoke(DelegatingMethodAccessorImpl.java:25) ~[na:1.6.0_38]
	at java.lang.reflect.Method.invoke(Method.java:597) ~[na:1.6.0_38]
	at org.apache.maven.surefire.util.ReflectionUtils.invokeMethodWithArray(ReflectionUtils.java:164) [surefire-api-2.10.jar:2.10]
	at org.apache.maven.surefire.booter.ProviderFactory$ProviderProxy.invoke(ProviderFactory.java:110) [surefire-booter-2.10.jar:2.10]
	at org.apache.maven.surefire.booter.SurefireStarter.invokeProvider(SurefireStarter.java:175) [surefire-booter-2.10.jar:2.10]
	at org.apache.maven.surefire.booter.SurefireStarter.runSuitesInProcessWhenForked(SurefireStarter.java:107) [surefire-booter-2.10.jar:2.10]
	at org.apache.maven.surefire.booter.ForkedBooter.main(ForkedBooter.java:68) [surefire-booter-2.10.jar:2.10]
22:04:57.657 [main] WARN  o.s.c.a.CommonAnnotationBeanPostProcessor - Invocation of destroy method failed on bean with name &apos;accountOnetimeSyncJob&apos;: com.rackspace.search.exception.NotFoundException: Index is missing
22:04:57.662 [main] ERROR c.r.s.e.client.ElasticSearchClient - Index is missing
org.elasticsearch.indices.IndexMissingException: [admin] missing
	at org.elasticsearch.cluster.metadata.MetaData.concreteIndex(MetaData.java:616) ~[elasticsearch-0.90.2.jar:na]
	at org.elasticsearch.action.get.TransportGetAction.resolveRequest(TransportGetAction.java:90) ~[elasticsearch-0.90.2.jar:na]
	at org.elasticsearch.action.get.TransportGetAction.resolveRequest(TransportGetAction.java:42) ~[elasticsearch-0.90.2.jar:na]
	at org.elasticsearch.action.support.single.shard.TransportShardSingleOperationAction$AsyncSingleAction.&lt;init&gt;(TransportShardSingleOperationAction.java:114) ~[elasticsearch-0.90.2.jar:na]
	at org.elasticsearch.action.support.single.shard.TransportShardSingleOperationAction$AsyncSingleAction.&lt;init&gt;(TransportShardSingleOperationAction.java:94) ~[elasticsearch-0.90.2.jar:na]
	at org.elasticsearch.action.support.single.shard.TransportShardSingleOperationAction.doExecute(TransportShardSingleOperationAction.java:71) ~[elasticsearch-0.90.2.jar:na]
	at org.elasticsearch.action.support.single.shard.TransportShardSingleOperationAction.doExecute(TransportShardSingleOperationAction.java:46) ~[elasticsearch-0.90.2.jar:na]
	at org.elasticsearch.action.support.TransportAction.execute(TransportAction.java:61) ~[elasticsearch-0.90.2.jar:na]
	at org.elasticsearch.client.node.NodeClient.execute(NodeClient.java:92) ~[elasticsearch-0.90.2.jar:na]
	at org.elasticsearch.client.support.AbstractClient.get(AbstractClient.java:179) ~[elasticsearch-0.90.2.jar:na]
	at org.elasticsearch.action.get.GetRequestBuilder.doExecute(GetRequestBuilder.java:112) ~[elasticsearch-0.90.2.jar:na]
	at org.elasticsearch.action.ActionRequestBuilder.execute(ActionRequestBuilder.java:62) ~[elasticsearch-0.90.2.jar:na]
	at org.elasticsearch.action.ActionRequestBuilder.execute(ActionRequestBuilder.java:57) ~[elasticsearch-0.90.2.jar:na]
	at org.elasticsearch.action.ActionRequestBuilder$execute.call(Unknown Source) ~[na:na]
	at com.rackspace.search.elasticsearch.client.ElasticSearchClient.getDocument(ElasticSearchClient.groovy:209) ~[classes/:na]
	at com.rackspace.search.elasticsearch.client.ElasticSearchClient$getDocument.call(Unknown Source) [classes/:na]
	at com.rackspace.search.service.JobService.getJob(JobService.groovy:56) [classes/:na]
	at com.rackspace.search.service.JobService$getJob$0.callCurrent(Unknown Source) [classes/:na]
	at com.rackspace.search.service.JobService.getJob(JobService.groovy:52) [classes/:na]
	at com.rackspace.search.service.JobService$getJob.call(Unknown Source) [classes/:na]
	at com.rackspace.search.service.core.CoreTicketOngoingSyncJob.windupActivities(CoreTicketOnGoingSyncJob.groovy:82) [classes/:na]
	at sun.reflect.NativeMethodAccessorImpl.invoke0(Native Method) ~[na:1.6.0_38]
	at sun.reflect.NativeMethodAccessorImpl.invoke(NativeMethodAccessorImpl.java:39) ~[na:1.6.0_38]
	at sun.reflect.DelegatingMethodAccessorImpl.invoke(DelegatingMethodAccessorImpl.java:25) ~[na:1.6.0_38]
	at java.lang.reflect.Method.invoke(Method.java:597) ~[na:1.6.0_38]
	at org.springframework.beans.factory.annotation.InitDestroyAnnotationBeanPostProcessor$LifecycleElement.invoke(InitDestroyAnnotationBeanPostProcessor.java:340) [spring-beans-3.0.6.RELEASE.jar:3.0.6.RELEASE]
	at org.springframework.beans.factory.annotation.InitDestroyAnnotationBeanPostProcessor$LifecycleMetadata.invokeDestroyMethods(InitDestroyAnnotationBeanPostProcessor.java:305) [spring-beans-3.0.6.RELEASE.jar:3.0.6.RELEASE]
	at org.springframework.beans.factory.annotation.InitDestroyAnnotationBeanPostProcessor.postProcessBeforeDestruction(InitDestroyAnnotationBeanPostProcessor.java:148) [spring-beans-3.0.6.RELEASE.jar:3.0.6.RELEASE]
	at org.springframework.beans.factory.support.DisposableBeanAdapter.destroy(DisposableBeanAdapter.java:166) [spring-beans-3.0.6.RELEASE.jar:3.0.6.RELEASE]
	at org.springframework.beans.factory.support.DefaultSingletonBeanRegistry.destroyBean(DefaultSingletonBeanRegistry.java:487) [spring-beans-3.0.6.RELEASE.jar:3.0.6.RELEASE]
	at org.springframework.beans.factory.support.DefaultSingletonBeanRegistry.destroySingleton(DefaultSingletonBeanRegistry.java:463) [spring-beans-3.0.6.RELEASE.jar:3.0.6.RELEASE]
	at org.springframework.beans.factory.support.DefaultSingletonBeanRegistry.destroySingletons(DefaultSingletonBeanRegistry.java:431) [spring-beans-3.0.6.RELEASE.jar:3.0.6.RELEASE]
	at org.springframework.context.support.AbstractApplicationContext.destroyBeans(AbstractApplicationContext.java:1048) [spring-context-3.0.6.RELEASE.jar:3.0.6.RELEASE]
	at org.springframework.context.support.AbstractApplicationContext.refresh(AbstractApplicationContext.java:433) [spring-context-3.0.6.RELEASE.jar:3.0.6.RELEASE]
	at org.springframework.test.context.support.AbstractGenericContextLoader.loadContext(AbstractGenericContextLoader.java:84) [spring-test-3.0.6.RELEASE.jar:3.0.6.RELEASE]
	at org.springframework.test.context.support.AbstractGenericContextLoader.loadContext(AbstractGenericContextLoader.java:1) [spring-test-3.0.6.RELEASE.jar:3.0.6.RELEASE]
	at org.springframework.test.context.TestContext.loadApplicationContext(TestContext.java:280) [spring-test-3.0.6.RELEASE.jar:3.0.6.RELEASE]
	at org.springframework.test.context.TestContext.getApplicationContext(TestContext.java:304) [spring-test-3.0.6.RELEASE.jar:3.0.6.RELEASE]
	at org.springframework.test.context.support.DependencyInjectionTestExecutionListener.injectDependencies(DependencyInjectionTestExecutionListener.java:109) [spring-test-3.0.6.RELEASE.jar:3.0.6.RELEASE]
	at org.springframework.test.context.support.DependencyInjectionTestExecutionListener.prepareTestInstance(DependencyInjectionTestExecutionListener.java:75) [spring-test-3.0.6.RELEASE.jar:3.0.6.RELEASE]
	at org.springframework.test.context.TestContextManager.prepareTestInstance(TestContextManager.java:321) [spring-test-3.0.6.RELEASE.jar:3.0.6.RELEASE]
	at org.spockframework.spring.SpringTestContextManager.prepareTestInstance(SpringTestContextManager.java:49) [spock-spring-0.7-groovy-2.0.jar:na]
	at org.spockframework.spring.SpringInterceptor.interceptSetupMethod(SpringInterceptor.java:42) [spock-spring-0.7-groovy-2.0.jar:na]
	at org.spockframework.runtime.extension.AbstractMethodInterceptor.intercept(AbstractMethodInterceptor.java:28) [spock-core-0.7-groovy-2.0.jar:na]
	at org.spockframework.runtime.extension.MethodInvocation.proceed(MethodInvocation.java:84) [spock-core-0.7-groovy-2.0.jar:na]
	at org.spockframework.runtime.BaseSpecRunner.invoke(BaseSpecRunner.java:319) [spock-core-0.7-groovy-2.0.jar:na]
	at org.spockframework.runtime.BaseSpecRunner.invokeSetup(BaseSpecRunner.java:279) [spock-core-0.7-groovy-2.0.jar:na]
	at org.spockframework.runtime.BaseSpecRunner.doRunIteration(BaseSpecRunner.java:255) [spock-core-0.7-groovy-2.0.jar:na]
	at sun.reflect.GeneratedMethodAccessor5.invoke(Unknown Source) ~[na:na]
	at sun.reflect.DelegatingMethodAccessorImpl.invoke(DelegatingMethodAccessorImpl.java:25) ~[na:1.6.0_38]
	at java.lang.reflect.Method.invoke(Method.java:597) ~[na:1.6.0_38]
	at org.spockframework.util.ReflectionUtil.invokeMethod(ReflectionUtil.java:138) [spock-core-0.7-groovy-2.0.jar:na]
	at org.spockframework.runtime.BaseSpecRunner.invokeRaw(BaseSpecRunner.java:330) [spock-core-0.7-groovy-2.0.jar:na]
	at org.spockframework.runtime.BaseSpecRunner.invoke(BaseSpecRunner.java:311) [spock-core-0.7-groovy-2.0.jar:na]
	at org.spockframework.runtime.BaseSpecRunner.runIteration(BaseSpecRunner.java:223) [spock-core-0.7-groovy-2.0.jar:na]
	at org.spockframework.runtime.BaseSpecRunner.initializeAndRunIteration(BaseSpecRunner.java:214) [spock-core-0.7-groovy-2.0.jar:na]
	at org.spockframework.runtime.BaseSpecRunner.runSimpleFeature(BaseSpecRunner.java:205) [spock-core-0.7-groovy-2.0.jar:na]
	at org.spockframework.runtime.BaseSpecRunner.doRunFeature(BaseSpecRunner.java:199) [spock-core-0.7-groovy-2.0.jar:na]
	at sun.reflect.GeneratedMethodAccessor7.invoke(Unknown Source) ~[na:na]
	at sun.reflect.DelegatingMethodAccessorImpl.invoke(DelegatingMethodAccessorImpl.java:25) ~[na:1.6.0_38]
	at java.lang.reflect.Method.invoke(Method.java:597) ~[na:1.6.0_38]
	at org.spockframework.util.ReflectionUtil.invokeMethod(ReflectionUtil.java:138) [spock-core-0.7-groovy-2.0.jar:na]
	at org.spockframework.runtime.BaseSpecRunner.invokeRaw(BaseSpecRunner.java:330) [spock-core-0.7-groovy-2.0.jar:na]
	at org.spockframework.runtime.BaseSpecRunner.invoke(BaseSpecRunner.java:311) [spock-core-0.7-groovy-2.0.jar:na]
	at org.spockframework.runtime.BaseSpecRunner.runFeature(BaseSpecRunner.java:175) [spock-core-0.7-groovy-2.0.jar:na]
	at org.spockframework.runtime.BaseSpecRunner.runFeatures(BaseSpecRunner.java:152) [spock-core-0.7-groovy-2.0.jar:na]
	at org.spockframework.runtime.BaseSpecRunner.doRunSpec(BaseSpecRunner.java:112) [spock-core-0.7-groovy-2.0.jar:na]
	at sun.reflect.GeneratedMethodAccessor11.invoke(Unknown Source) ~[na:na]
	at sun.reflect.DelegatingMethodAccessorImpl.invoke(DelegatingMethodAccessorImpl.java:25) ~[na:1.6.0_38]
	at java.lang.reflect.Method.invoke(Method.java:597) ~[na:1.6.0_38]
	at org.spockframework.util.ReflectionUtil.invokeMethod(ReflectionUtil.java:138) [spock-core-0.7-groovy-2.0.jar:na]
	at org.spockframework.runtime.BaseSpecRunner.invokeRaw(BaseSpecRunner.java:330) [spock-core-0.7-groovy-2.0.jar:na]
	at org.spockframework.runtime.BaseSpecRunner.invoke(BaseSpecRunner.java:311) [spock-core-0.7-groovy-2.0.jar:na]
	at org.spockframework.runtime.BaseSpecRunner.runSpec(BaseSpecRunner.java:91) [spock-core-0.7-groovy-2.0.jar:na]
	at org.spockframework.runtime.BaseSpecRunner.run(BaseSpecRunner.java:82) [spock-core-0.7-groovy-2.0.jar:na]
	at org.spockframework.runtime.Sputnik.run(Sputnik.java:63) [spock-core-0.7-groovy-2.0.jar:na]
	at org.apache.maven.surefire.junit4.JUnit4TestSet.execute(JUnit4TestSet.java:53) [surefire-junit4-2.10.jar:2.10]
	at org.apache.maven.surefire.junit4.JUnit4Provider.executeTestSet(JUnit4Provider.java:123) [surefire-junit4-2.10.jar:2.10]
	at org.apache.maven.surefire.junit4.JUnit4Provider.invoke(JUnit4Provider.java:104) [surefire-junit4-2.10.jar:2.10]
	at sun.reflect.NativeMethodAccessorImpl.invoke0(Native Method) ~[na:1.6.0_38]
	at sun.reflect.NativeMethodAccessorImpl.invoke(NativeMethodAccessorImpl.java:39) ~[na:1.6.0_38]
	at sun.reflect.DelegatingMethodAccessorImpl.invoke(DelegatingMethodAccessorImpl.java:25) ~[na:1.6.0_38]
	at java.lang.reflect.Method.invoke(Method.java:597) ~[na:1.6.0_38]
	at org.apache.maven.surefire.util.ReflectionUtils.invokeMethodWithArray(ReflectionUtils.java:164) [surefire-api-2.10.jar:2.10]
	at org.apache.maven.surefire.booter.ProviderFactory$ProviderProxy.invoke(ProviderFactory.java:110) [surefire-booter-2.10.jar:2.10]
	at org.apache.maven.surefire.booter.SurefireStarter.invokeProvider(SurefireStarter.java:175) [surefire-booter-2.10.jar:2.10]
	at org.apache.maven.surefire.booter.SurefireStarter.runSuitesInProcessWhenForked(SurefireStarter.java:107) [surefire-booter-2.10.jar:2.10]
	at org.apache.maven.surefire.booter.ForkedBooter.main(ForkedBooter.java:68) [surefire-booter-2.10.jar:2.10]
22:04:57.663 [main] WARN  o.s.c.a.CommonAnnotationBeanPostProcessor - Invocation of destroy method failed on bean with name &apos;coreTicketOngoingSyncJob&apos;: com.rackspace.search.exception.NotFoundException: Index is missing
22:04:57.668 [main] ERROR c.r.s.e.client.ElasticSearchClient - Index is missing
org.elasticsearch.indices.IndexMissingException: [admin] missing
	at org.elasticsearch.cluster.metadata.MetaData.concreteIndex(MetaData.java:616) ~[elasticsearch-0.90.2.jar:na]
	at org.elasticsearch.action.get.TransportGetAction.resolveRequest(TransportGetAction.java:90) ~[elasticsearch-0.90.2.jar:na]
	at org.elasticsearch.action.get.TransportGetAction.resolveRequest(TransportGetAction.java:42) ~[elasticsearch-0.90.2.jar:na]
	at org.elasticsearch.action.support.single.shard.TransportShardSingleOperationAction$AsyncSingleAction.&lt;init&gt;(TransportShardSingleOperationAction.java:114) ~[elasticsearch-0.90.2.jar:na]
	at org.elasticsearch.action.support.single.shard.TransportShardSingleOperationAction$AsyncSingleAction.&lt;init&gt;(TransportShardSingleOperationAction.java:94) ~[elasticsearch-0.90.2.jar:na]
	at org.elasticsearch.action.support.single.shard.TransportShardSingleOperationAction.doExecute(TransportShardSingleOperationAction.java:71) ~[elasticsearch-0.90.2.jar:na]
	at org.elasticsearch.action.support.single.shard.TransportShardSingleOperationAction.doExecute(TransportShardSingleOperationAction.java:46) ~[elasticsearch-0.90.2.jar:na]
	at org.elasticsearch.action.support.TransportAction.execute(TransportAction.java:61) ~[elasticsearch-0.90.2.jar:na]
	at org.elasticsearch.client.node.NodeClient.execute(NodeClient.java:92) ~[elasticsearch-0.90.2.jar:na]
	at org.elasticsearch.client.support.AbstractClient.get(AbstractClient.java:179) ~[elasticsearch-0.90.2.jar:na]
	at org.elasticsearch.action.get.GetRequestBuilder.doExecute(GetRequestBuilder.java:112) ~[elasticsearch-0.90.2.jar:na]
	at org.elasticsearch.action.ActionRequestBuilder.execute(ActionRequestBuilder.java:62) ~[elasticsearch-0.90.2.jar:na]
	at org.elasticsearch.action.ActionRequestBuilder.execute(ActionRequestBuilder.java:57) ~[elasticsearch-0.90.2.jar:na]
	at org.elasticsearch.action.ActionRequestBuilder$execute.call(Unknown Source) ~[na:na]
	at com.rackspace.search.elasticsearch.client.ElasticSearchClient.getDocument(ElasticSearchClient.groovy:209) ~[classes/:na]
	at com.rackspace.search.elasticsearch.client.ElasticSearchClient$getDocument.call(Unknown Source) [classes/:na]
	at com.rackspace.search.service.JobService.getJob(JobService.groovy:56) [classes/:na]
	at com.rackspace.search.service.JobService$getJob$0.callCurrent(Unknown Source) [classes/:na]
	at com.rackspace.search.service.JobService.getJob(JobService.groovy:52) [classes/:na]
	at com.rackspace.search.service.JobService$getJob.call(Unknown Source) [classes/:na]
	at com.rackspace.search.service.core.CoreTicketOnetimeSyncJob.windupActivities(CoreTicketOneTimeSyncJob.groovy:45) [classes/:na]
	at sun.reflect.NativeMethodAccessorImpl.invoke0(Native Method) ~[na:1.6.0_38]
	at sun.reflect.NativeMethodAccessorImpl.invoke(NativeMethodAccessorImpl.java:39) ~[na:1.6.0_38]
	at sun.reflect.DelegatingMethodAccessorImpl.invoke(DelegatingMethodAccessorImpl.java:25) ~[na:1.6.0_38]
	at java.lang.reflect.Method.invoke(Method.java:597) ~[na:1.6.0_38]
	at org.springframework.beans.factory.annotation.InitDestroyAnnotationBeanPostProcessor$LifecycleElement.invoke(InitDestroyAnnotationBeanPostProcessor.java:340) [spring-beans-3.0.6.RELEASE.jar:3.0.6.RELEASE]
	at org.springframework.beans.factory.annotation.InitDestroyAnnotationBeanPostProcessor$LifecycleMetadata.invokeDestroyMethods(InitDestroyAnnotationBeanPostProcessor.java:305) [spring-beans-3.0.6.RELEASE.jar:3.0.6.RELEASE]
	at org.springframework.beans.factory.annotation.InitDestroyAnnotationBeanPostProcessor.postProcessBeforeDestruction(InitDestroyAnnotationBeanPostProcessor.java:148) [spring-beans-3.0.6.RELEASE.jar:3.0.6.RELEASE]
	at org.springframework.beans.factory.support.DisposableBeanAdapter.destroy(DisposableBeanAdapter.java:166) [spring-beans-3.0.6.RELEASE.jar:3.0.6.RELEASE]
	at org.springframework.beans.factory.support.DefaultSingletonBeanRegistry.destroyBean(DefaultSingletonBeanRegistry.java:487) [spring-beans-3.0.6.RELEASE.jar:3.0.6.RELEASE]
	at org.springframework.beans.factory.support.DefaultSingletonBeanRegistry.destroySingleton(DefaultSingletonBeanRegistry.java:463) [spring-beans-3.0.6.RELEASE.jar:3.0.6.RELEASE]
	at org.springframework.beans.factory.support.DefaultSingletonBeanRegistry.destroySingletons(DefaultSingletonBeanRegistry.java:431) [spring-beans-3.0.6.RELEASE.jar:3.0.6.RELEASE]
	at org.springframework.context.support.AbstractApplicationContext.destroyBeans(AbstractApplicationContext.java:1048) [spring-context-3.0.6.RELEASE.jar:3.0.6.RELEASE]
	at org.springframework.context.support.AbstractApplicationContext.refresh(AbstractApplicationContext.java:433) [spring-context-3.0.6.RELEASE.jar:3.0.6.RELEASE]
	at org.springframework.test.context.support.AbstractGenericContextLoader.loadContext(AbstractGenericContextLoader.java:84) [spring-test-3.0.6.RELEASE.jar:3.0.6.RELEASE]
	at org.springframework.test.context.support.AbstractGenericContextLoader.loadContext(AbstractGenericContextLoader.java:1) [spring-test-3.0.6.RELEASE.jar:3.0.6.RELEASE]
	at org.springframework.test.context.TestContext.loadApplicationContext(TestContext.java:280) [spring-test-3.0.6.RELEASE.jar:3.0.6.RELEASE]
	at org.springframework.test.context.TestContext.getApplicationContext(TestContext.java:304) [spring-test-3.0.6.RELEASE.jar:3.0.6.RELEASE]
	at org.springframework.test.context.support.DependencyInjectionTestExecutionListener.injectDependencies(DependencyInjectionTestExecutionListener.java:109) [spring-test-3.0.6.RELEASE.jar:3.0.6.RELEASE]
	at org.springframework.test.context.support.DependencyInjectionTestExecutionListener.prepareTestInstance(DependencyInjectionTestExecutionListener.java:75) [spring-test-3.0.6.RELEASE.jar:3.0.6.RELEASE]
	at org.springframework.test.context.TestContextManager.prepareTestInstance(TestContextManager.java:321) [spring-test-3.0.6.RELEASE.jar:3.0.6.RELEASE]
	at org.spockframework.spring.SpringTestContextManager.prepareTestInstance(SpringTestContextManager.java:49) [spock-spring-0.7-groovy-2.0.jar:na]
	at org.spockframework.spring.SpringInterceptor.interceptSetupMethod(SpringInterceptor.java:42) [spock-spring-0.7-groovy-2.0.jar:na]
	at org.spockframework.runtime.extension.AbstractMethodInterceptor.intercept(AbstractMethodInterceptor.java:28) [spock-core-0.7-groovy-2.0.jar:na]
	at org.spockframework.runtime.extension.MethodInvocation.proceed(MethodInvocation.java:84) [spock-core-0.7-groovy-2.0.jar:na]
	at org.spockframework.runtime.BaseSpecRunner.invoke(BaseSpecRunner.java:319) [spock-core-0.7-groovy-2.0.jar:na]
	at org.spockframework.runtime.BaseSpecRunner.invokeSetup(BaseSpecRunner.java:279) [spock-core-0.7-groovy-2.0.jar:na]
	at org.spockframework.runtime.BaseSpecRunner.doRunIteration(BaseSpecRunner.java:255) [spock-core-0.7-groovy-2.0.jar:na]
	at sun.reflect.GeneratedMethodAccessor5.invoke(Unknown Source) ~[na:na]
	at sun.reflect.DelegatingMethodAccessorImpl.invoke(DelegatingMethodAccessorImpl.java:25) ~[na:1.6.0_38]
	at java.lang.reflect.Method.invoke(Method.java:597) ~[na:1.6.0_38]
	at org.spockframework.util.ReflectionUtil.invokeMethod(ReflectionUtil.java:138) [spock-core-0.7-groovy-2.0.jar:na]
	at org.spockframework.runtime.BaseSpecRunner.invokeRaw(BaseSpecRunner.java:330) [spock-core-0.7-groovy-2.0.jar:na]
	at org.spockframework.runtime.BaseSpecRunner.invoke(BaseSpecRunner.java:311) [spock-core-0.7-groovy-2.0.jar:na]
	at org.spockframework.runtime.BaseSpecRunner.runIteration(BaseSpecRunner.java:223) [spock-core-0.7-groovy-2.0.jar:na]
	at org.spockframework.runtime.BaseSpecRunner.initializeAndRunIteration(BaseSpecRunner.java:214) [spock-core-0.7-groovy-2.0.jar:na]
	at org.spockframework.runtime.BaseSpecRunner.runSimpleFeature(BaseSpecRunner.java:205) [spock-core-0.7-groovy-2.0.jar:na]
	at org.spockframework.runtime.BaseSpecRunner.doRunFeature(BaseSpecRunner.java:199) [spock-core-0.7-groovy-2.0.jar:na]
	at sun.reflect.GeneratedMethodAccessor7.invoke(Unknown Source) ~[na:na]
	at sun.reflect.DelegatingMethodAccessorImpl.invoke(DelegatingMethodAccessorImpl.java:25) ~[na:1.6.0_38]
	at java.lang.reflect.Method.invoke(Method.java:597) ~[na:1.6.0_38]
	at org.spockframework.util.ReflectionUtil.invokeMethod(ReflectionUtil.java:138) [spock-core-0.7-groovy-2.0.jar:na]
	at org.spockframework.runtime.BaseSpecRunner.invokeRaw(BaseSpecRunner.java:330) [spock-core-0.7-groovy-2.0.jar:na]
	at org.spockframework.runtime.BaseSpecRunner.invoke(BaseSpecRunner.java:311) [spock-core-0.7-groovy-2.0.jar:na]
	at org.spockframework.runtime.BaseSpecRunner.runFeature(BaseSpecRunner.java:175) [spock-core-0.7-groovy-2.0.jar:na]
	at org.spockframework.runtime.BaseSpecRunner.runFeatures(BaseSpecRunner.java:152) [spock-core-0.7-groovy-2.0.jar:na]
	at org.spockframework.runtime.BaseSpecRunner.doRunSpec(BaseSpecRunner.java:112) [spock-core-0.7-groovy-2.0.jar:na]
	at sun.reflect.GeneratedMethodAccessor11.invoke(Unknown Source) ~[na:na]
	at sun.reflect.DelegatingMethodAccessorImpl.invoke(DelegatingMethodAccessorImpl.java:25) ~[na:1.6.0_38]
	at java.lang.reflect.Method.invoke(Method.java:597) ~[na:1.6.0_38]
	at org.spockframework.util.ReflectionUtil.invokeMethod(ReflectionUtil.java:138) [spock-core-0.7-groovy-2.0.jar:na]
	at org.spockframework.runtime.BaseSpecRunner.invokeRaw(BaseSpecRunner.java:330) [spock-core-0.7-groovy-2.0.jar:na]
	at org.spockframework.runtime.BaseSpecRunner.invoke(BaseSpecRunner.java:311) [spock-core-0.7-groovy-2.0.jar:na]
	at org.spockframework.runtime.BaseSpecRunner.runSpec(BaseSpecRunner.java:91) [spock-core-0.7-groovy-2.0.jar:na]
	at org.spockframework.runtime.BaseSpecRunner.run(BaseSpecRunner.java:82) [spock-core-0.7-groovy-2.0.jar:na]
	at org.spockframework.runtime.Sputnik.run(Sputnik.java:63) [spock-core-0.7-groovy-2.0.jar:na]
	at org.apache.maven.surefire.junit4.JUnit4TestSet.execute(JUnit4TestSet.java:53) [surefire-junit4-2.10.jar:2.10]
	at org.apache.maven.surefire.junit4.JUnit4Provider.executeTestSet(JUnit4Provider.java:123) [surefire-junit4-2.10.jar:2.10]
	at org.apache.maven.surefire.junit4.JUnit4Provider.invoke(JUnit4Provider.java:104) [surefire-junit4-2.10.jar:2.10]
	at sun.reflect.NativeMethodAccessorImpl.invoke0(Native Method) ~[na:1.6.0_38]
	at sun.reflect.NativeMethodAccessorImpl.invoke(NativeMethodAccessorImpl.java:39) ~[na:1.6.0_38]
	at sun.reflect.DelegatingMethodAccessorImpl.invoke(DelegatingMethodAccessorImpl.java:25) ~[na:1.6.0_38]
	at java.lang.reflect.Method.invoke(Method.java:597) ~[na:1.6.0_38]
	at org.apache.maven.surefire.util.ReflectionUtils.invokeMethodWithArray(ReflectionUtils.java:164) [surefire-api-2.10.jar:2.10]
	at org.apache.maven.surefire.booter.ProviderFactory$ProviderProxy.invoke(ProviderFactory.java:110) [surefire-booter-2.10.jar:2.10]
	at org.apache.maven.surefire.booter.SurefireStarter.invokeProvider(SurefireStarter.java:175) [surefire-booter-2.10.jar:2.10]
	at org.apache.maven.surefire.booter.SurefireStarter.runSuitesInProcessWhenForked(SurefireStarter.java:107) [surefire-booter-2.10.jar:2.10]
	at org.apache.maven.surefire.booter.ForkedBooter.main(ForkedBooter.java:68) [surefire-booter-2.10.jar:2.10]
22:04:57.669 [main] WARN  o.s.c.a.CommonAnnotationBeanPostProcessor - Invocation of destroy method failed on bean with name &apos;coreTicketOnetimeSyncJob&apos;: com.rackspace.search.exception.NotFoundException: Index is missing
22:04:57.672 [main] INFO  org.elasticsearch.node - [ticket.node] {0.90.2}[25471]: stopping ...
22:04:57.682 [main] INFO  org.elasticsearch.node - [ticket.node] {0.90.2}[25471]: stopped
22:04:57.683 [main] INFO  org.elasticsearch.node - [ticket.node] {0.90.2}[25471]: closing ...
22:04:57.686 [main] INFO  org.elasticsearch.node - [ticket.node] {0.90.2}[25471]: closed
22:04:57.696 [main] ERROR o.s.test.context.TestContextManager - Caught exception while allowing TestExecutionListener [org.springframework.test.context.support.DependencyInjectionTestExecutionListener@c9046b1] to prepare test instance [com.rackspace.search.elasticsearch.client.ElasticSearchClientFactoryBeanTest@541114e8]
java.lang.IllegalStateException: Failed to load ApplicationContext
	at org.springframework.test.context.TestContext.getApplicationContext(TestContext.java:308) ~[spring-test-3.0.6.RELEASE.jar:3.0.6.RELEASE]
	at org.springframework.test.context.support.DependencyInjectionTestExecutionListener.injectDependencies(DependencyInjectionTestExecutionListener.java:109) ~[spring-test-3.0.6.RELEASE.jar:3.0.6.RELEASE]
	at org.springframework.test.context.support.DependencyInjectionTestExecutionListener.prepareTestInstance(DependencyInjectionTestExecutionListener.java:75) ~[spring-test-3.0.6.RELEASE.jar:3.0.6.RELEASE]
	at org.springframework.test.context.TestContextManager.prepareTestInstance(TestContextManager.java:321) ~[spring-test-3.0.6.RELEASE.jar:3.0.6.RELEASE]
	at org.spockframework.spring.SpringTestContextManager.prepareTestInstance(SpringTestContextManager.java:49) [spock-spring-0.7-groovy-2.0.jar:na]
	at org.spockframework.spring.SpringInterceptor.interceptSetupMethod(SpringInterceptor.java:42) [spock-spring-0.7-groovy-2.0.jar:na]
	at org.spockframework.runtime.extension.AbstractMethodInterceptor.intercept(AbstractMethodInterceptor.java:28) [spock-core-0.7-groovy-2.0.jar:na]
	at org.spockframework.runtime.extension.MethodInvocation.proceed(MethodInvocation.java:84) [spock-core-0.7-groovy-2.0.jar:na]
	at org.spockframework.runtime.BaseSpecRunner.invoke(BaseSpecRunner.java:319) [spock-core-0.7-groovy-2.0.jar:na]
	at org.spockframework.runtime.BaseSpecRunner.invokeSetup(BaseSpecRunner.java:279) [spock-core-0.7-groovy-2.0.jar:na]
	at org.spockframework.runtime.BaseSpecRunner.doRunIteration(BaseSpecRunner.java:255) [spock-core-0.7-groovy-2.0.jar:na]
	at sun.reflect.GeneratedMethodAccessor5.invoke(Unknown Source) ~[na:na]
	at sun.reflect.DelegatingMethodAccessorImpl.invoke(DelegatingMethodAccessorImpl.java:25) ~[na:1.6.0_38]
	at java.lang.reflect.Method.invoke(Method.java:597) ~[na:1.6.0_38]
	at org.spockframework.util.ReflectionUtil.invokeMethod(ReflectionUtil.java:138) [spock-core-0.7-groovy-2.0.jar:na]
	at org.spockframework.runtime.BaseSpecRunner.invokeRaw(BaseSpecRunner.java:330) [spock-core-0.7-groovy-2.0.jar:na]
	at org.spockframework.runtime.BaseSpecRunner.invoke(BaseSpecRunner.java:311) [spock-core-0.7-groovy-2.0.jar:na]
	at org.spockframework.runtime.BaseSpecRunner.runIteration(BaseSpecRunner.java:223) [spock-core-0.7-groovy-2.0.jar:na]
	at org.spockframework.runtime.BaseSpecRunner.initializeAndRunIteration(BaseSpecRunner.java:214) [spock-core-0.7-groovy-2.0.jar:na]
	at org.spockframework.runtime.BaseSpecRunner.runSimpleFeature(BaseSpecRunner.java:205) [spock-core-0.7-groovy-2.0.jar:na]
	at org.spockframework.runtime.BaseSpecRunner.doRunFeature(BaseSpecRunner.java:199) [spock-core-0.7-groovy-2.0.jar:na]
	at sun.reflect.GeneratedMethodAccessor7.invoke(Unknown Source) ~[na:na]
	at sun.reflect.DelegatingMethodAccessorImpl.invoke(DelegatingMethodAccessorImpl.java:25) ~[na:1.6.0_38]
	at java.lang.reflect.Method.invoke(Method.java:597) ~[na:1.6.0_38]
	at org.spockframework.util.ReflectionUtil.invokeMethod(ReflectionUtil.java:138) [spock-core-0.7-groovy-2.0.jar:na]
	at org.spockframework.runtime.BaseSpecRunner.invokeRaw(BaseSpecRunner.java:330) [spock-core-0.7-groovy-2.0.jar:na]
	at org.spockframework.runtime.BaseSpecRunner.invoke(BaseSpecRunner.java:311) [spock-core-0.7-groovy-2.0.jar:na]
	at org.spockframework.runtime.BaseSpecRunner.runFeature(BaseSpecRunner.java:175) [spock-core-0.7-groovy-2.0.jar:na]
	at org.spockframework.runtime.BaseSpecRunner.runFeatures(BaseSpecRunner.java:152) [spock-core-0.7-groovy-2.0.jar:na]
	at org.spockframework.runtime.BaseSpecRunner.doRunSpec(BaseSpecRunner.java:112) [spock-core-0.7-groovy-2.0.jar:na]
	at sun.reflect.GeneratedMethodAccessor11.invoke(Unknown Source) ~[na:na]
	at sun.reflect.DelegatingMethodAccessorImpl.invoke(DelegatingMethodAccessorImpl.java:25) ~[na:1.6.0_38]
	at java.lang.reflect.Method.invoke(Method.java:597) ~[na:1.6.0_38]
	at org.spockframework.util.ReflectionUtil.invokeMethod(ReflectionUtil.java:138) [spock-core-0.7-groovy-2.0.jar:na]
	at org.spockframework.runtime.BaseSpecRunner.invokeRaw(BaseSpecRunner.java:330) [spock-core-0.7-groovy-2.0.jar:na]
	at org.spockframework.runtime.BaseSpecRunner.invoke(BaseSpecRunner.java:311) [spock-core-0.7-groovy-2.0.jar:na]
	at org.spockframework.runtime.BaseSpecRunner.runSpec(BaseSpecRunner.java:91) [spock-core-0.7-groovy-2.0.jar:na]
	at org.spockframework.runtime.BaseSpecRunner.run(BaseSpecRunner.java:82) [spock-core-0.7-groovy-2.0.jar:na]
	at org.spockframework.runtime.Sputnik.run(Sputnik.java:63) [spock-core-0.7-groovy-2.0.jar:na]
	at org.apache.maven.surefire.junit4.JUnit4TestSet.execute(JUnit4TestSet.java:53) [surefire-junit4-2.10.jar:2.10]
	at org.apache.maven.surefire.junit4.JUnit4Provider.executeTestSet(JUnit4Provider.java:123) [surefire-junit4-2.10.jar:2.10]
	at org.apache.maven.surefire.junit4.JUnit4Provider.invoke(JUnit4Provider.java:104) [surefire-junit4-2.10.jar:2.10]
	at sun.reflect.NativeMethodAccessorImpl.invoke0(Native Method) ~[na:1.6.0_38]
	at sun.reflect.NativeMethodAccessorImpl.invoke(NativeMethodAccessorImpl.java:39) ~[na:1.6.0_38]
	at sun.reflect.DelegatingMethodAccessorImpl.invoke(DelegatingMethodAccessorImpl.java:25) ~[na:1.6.0_38]
	at java.lang.reflect.Method.invoke(Method.java:597) ~[na:1.6.0_38]
	at org.apache.maven.surefire.util.ReflectionUtils.invokeMethodWithArray(ReflectionUtils.java:164) [surefire-api-2.10.jar:2.10]
	at org.apache.maven.surefire.booter.ProviderFactory$ProviderProxy.invoke(ProviderFactory.java:110) [surefire-booter-2.10.jar:2.10]
	at org.apache.maven.surefire.booter.SurefireStarter.invokeProvider(SurefireStarter.java:175) [surefire-booter-2.10.jar:2.10]
	at org.apache.maven.surefire.booter.SurefireStarter.runSuitesInProcessWhenForked(SurefireStarter.java:107) [surefire-booter-2.10.jar:2.10]
	at org.apache.maven.surefire.booter.ForkedBooter.main(ForkedBooter.java:68) [surefire-booter-2.10.jar:2.10]
Caused by: org.springframework.beans.factory.BeanCreationException: Error creating bean with name &apos;jobResource&apos;: Injection of autowired dependencies failed; nested exception is org.springframework.beans.factory.BeanCreationException: Could not autowire field: private com.rackspace.search.service.zendesk.ZendeskTicketOngoingSyncJob com.rackspace.search.endpoint.JobResource.zendeskTicketOngoingSyncJob; nested exception is org.springframework.beans.factory.BeanCreationException: Error creating bean with name &apos;zendeskTicketOngoingSyncJob&apos;: Injection of autowired dependencies failed; nested exception is org.springframework.beans.factory.BeanCreationException: Could not autowire field: private com.rackspace.search.service.zendesk.ZendeskTicketOngoingSyncActor com.rackspace.search.service.zendesk.ZendeskTicketOngoingSyncJob.ticketActor; nested exception is org.springframework.beans.factory.BeanCreationException: Error creating bean with name &apos;zendeskTicketOngoingSyncActor&apos;: Injection of autowired dependencies failed; nested exception is org.springframework.beans.factory.BeanCreationException: Could not autowire field: private com.rackspace.search.service.zendesk.ZendeskTicketProcessor com.rackspace.search.service.zendesk.ZendeskTicketOngoingSyncActor.zendeskTicketProcessor; nested exception is org.springframework.beans.factory.BeanCreationException: Error creating bean with name &apos;zendeskTicketProcessor&apos;: Injection of autowired dependencies failed; nested exception is org.springframework.beans.factory.BeanCreationException: Could not autowire field: private java.lang.Object com.rackspace.search.service.zendesk.ZendeskTicketProcessor.zendeskIndexName; nested exception is java.lang.IllegalArgumentException: Could not resolve placeholder &apos;zendesk.index.name&apos;
	at org.springframework.beans.factory.annotation.AutowiredAnnotationBeanPostProcessor.postProcessPropertyValues(AutowiredAnnotationBeanPostProcessor.java:288) ~[spring-beans-3.0.6.RELEASE.jar:3.0.6.RELEASE]
	at org.springframework.beans.factory.support.AbstractAutowireCapableBeanFactory.populateBean(AbstractAutowireCapableBeanFactory.java:1074) ~[spring-beans-3.0.6.RELEASE.jar:3.0.6.RELEASE]
	at org.springframework.beans.factory.support.AbstractAutowireCapableBeanFactory.doCreateBean(AbstractAutowireCapableBeanFactory.java:517) ~[spring-beans-3.0.6.RELEASE.jar:3.0.6.RELEASE]
	at org.springframework.beans.factory.support.AbstractAutowireCapableBeanFactory.createBean(AbstractAutowireCapableBeanFactory.java:456) ~[spring-beans-3.0.6.RELEASE.jar:3.0.6.RELEASE]
	at org.springframework.beans.factory.support.AbstractBeanFactory$1.getObject(AbstractBeanFactory.java:293) ~[spring-beans-3.0.6.RELEASE.jar:3.0.6.RELEASE]
	at org.springframework.beans.factory.support.DefaultSingletonBeanRegistry.getSingleton(DefaultSingletonBeanRegistry.java:222) ~[spring-beans-3.0.6.RELEASE.jar:3.0.6.RELEASE]
	at org.springframework.beans.factory.support.AbstractBeanFactory.doGetBean(AbstractBeanFactory.java:290) ~[spring-beans-3.0.6.RELEASE.jar:3.0.6.RELEASE]
	at org.springframework.beans.factory.support.AbstractBeanFactory.getBean(AbstractBeanFactory.java:192) ~[spring-beans-3.0.6.RELEASE.jar:3.0.6.RELEASE]
	at org.springframework.beans.factory.support.DefaultListableBeanFactory.preInstantiateSingletons(DefaultListableBeanFactory.java:585) ~[spring-beans-3.0.6.RELEASE.jar:3.0.6.RELEASE]
	at org.springframework.context.support.AbstractApplicationContext.finishBeanFactoryInitialization(AbstractApplicationContext.java:895) ~[spring-context-3.0.6.RELEASE.jar:3.0.6.RELEASE]
	at org.springframework.context.support.AbstractApplicationContext.refresh(AbstractApplicationContext.java:425) ~[spring-context-3.0.6.RELEASE.jar:3.0.6.RELEASE]
	at org.springframework.test.context.support.AbstractGenericContextLoader.loadContext(AbstractGenericContextLoader.java:84) ~[spring-test-3.0.6.RELEASE.jar:3.0.6.RELEASE]
	at org.springframework.test.context.support.AbstractGenericContextLoader.loadContext(AbstractGenericContextLoader.java:1) ~[spring-test-3.0.6.RELEASE.jar:3.0.6.RELEASE]
	at org.springframework.test.context.TestContext.loadApplicationContext(TestContext.java:280) ~[spring-test-3.0.6.RELEASE.jar:3.0.6.RELEASE]
	at org.springframework.test.context.TestContext.getApplicationContext(TestContext.java:304) ~[spring-test-3.0.6.RELEASE.jar:3.0.6.RELEASE]
	... 50 common frames omitted
Caused by: org.springframework.beans.factory.BeanCreationException: Could not autowire field: private com.rackspace.search.service.zendesk.ZendeskTicketOngoingSyncJob com.rackspace.search.endpoint.JobResource.zendeskTicketOngoingSyncJob; nested exception is org.springframework.beans.factory.BeanCreationException: Error creating bean with name &apos;zendeskTicketOngoingSyncJob&apos;: Injection of autowired dependencies failed; nested exception is org.springframework.beans.factory.BeanCreationException: Could not autowire field: private com.rackspace.search.service.zendesk.ZendeskTicketOngoingSyncActor com.rackspace.search.service.zendesk.ZendeskTicketOngoingSyncJob.ticketActor; nested exception is org.springframework.beans.factory.BeanCreationException: Error creating bean with name &apos;zendeskTicketOngoingSyncActor&apos;: Injection of autowired dependencies failed; nested exception is org.springframework.beans.factory.BeanCreationException: Could not autowire field: private com.rackspace.search.service.zendesk.ZendeskTicketProcessor com.rackspace.search.service.zendesk.ZendeskTicketOngoingSyncActor.zendeskTicketProcessor; nested exception is org.springframework.beans.factory.BeanCreationException: Error creating bean with name &apos;zendeskTicketProcessor&apos;: Injection of autowired dependencies failed; nested exception is org.springframework.beans.factory.BeanCreationException: Could not autowire field: private java.lang.Object com.rackspace.search.service.zendesk.ZendeskTicketProcessor.zendeskIndexName; nested exception is java.lang.IllegalArgumentException: Could not resolve placeholder &apos;zendesk.index.name&apos;
	at org.springframework.beans.factory.annotation.AutowiredAnnotationBeanPostProcessor$AutowiredFieldElement.inject(AutowiredAnnotationBeanPostProcessor.java:508) ~[spring-beans-3.0.6.RELEASE.jar:3.0.6.RELEASE]
	at org.springframework.beans.factory.annotation.InjectionMetadata.inject(InjectionMetadata.java:84) ~[spring-beans-3.0.6.RELEASE.jar:3.0.6.RELEASE]
	at org.springframework.beans.factory.annotation.AutowiredAnnotationBeanPostProcessor.postProcessPropertyValues(AutowiredAnnotationBeanPostProcessor.java:285) ~[spring-beans-3.0.6.RELEASE.jar:3.0.6.RELEASE]
	... 64 common frames omitted
Caused by: org.springframework.beans.factory.BeanCreationException: Error creating bean with name &apos;zendeskTicketOngoingSyncJob&apos;: Injection of autowired dependencies failed; nested exception is org.springframework.beans.factory.BeanCreationException: Could not autowire field: private com.rackspace.search.service.zendesk.ZendeskTicketOngoingSyncActor com.rackspace.search.service.zendesk.ZendeskTicketOngoingSyncJob.ticketActor; nested exception is org.springframework.beans.factory.BeanCreationException: Error creating bean with name &apos;zendeskTicketOngoingSyncActor&apos;: Injection of autowired dependencies failed; nested exception is org.springframework.beans.factory.BeanCreationException: Could not autowire field: private com.rackspace.search.service.zendesk.ZendeskTicketProcessor com.rackspace.search.service.zendesk.ZendeskTicketOngoingSyncActor.zendeskTicketProcessor; nested exception is org.springframework.beans.factory.BeanCreationException: Error creating bean with name &apos;zendeskTicketProcessor&apos;: Injection of autowired dependencies failed; nested exception is org.springframework.beans.factory.BeanCreationException: Could not autowire field: private java.lang.Object com.rackspace.search.service.zendesk.ZendeskTicketProcessor.zendeskIndexName; nested exception is java.lang.IllegalArgumentException: Could not resolve placeholder &apos;zendesk.index.name&apos;
	at org.springframework.beans.factory.annotation.AutowiredAnnotationBeanPostProcessor.postProcessPropertyValues(AutowiredAnnotationBeanPostProcessor.java:288) ~[spring-beans-3.0.6.RELEASE.jar:3.0.6.RELEASE]
	at org.springframework.beans.factory.support.AbstractAutowireCapableBeanFactory.populateBean(AbstractAutowireCapableBeanFactory.java:1074) ~[spring-beans-3.0.6.RELEASE.jar:3.0.6.RELEASE]
	at org.springframework.beans.factory.support.AbstractAutowireCapableBeanFactory.doCreateBean(AbstractAutowireCapableBeanFactory.java:517) ~[spring-beans-3.0.6.RELEASE.jar:3.0.6.RELEASE]
	at org.springframework.beans.factory.support.AbstractAutowireCapableBeanFactory.createBean(AbstractAutowireCapableBeanFactory.java:456) ~[spring-beans-3.0.6.RELEASE.jar:3.0.6.RELEASE]
	at org.springframework.beans.factory.support.AbstractBeanFactory$1.getObject(AbstractBeanFactory.java:293) ~[spring-beans-3.0.6.RELEASE.jar:3.0.6.RELEASE]
	at org.springframework.beans.factory.support.DefaultSingletonBeanRegistry.getSingleton(DefaultSingletonBeanRegistry.java:222) ~[spring-beans-3.0.6.RELEASE.jar:3.0.6.RELEASE]
	at org.springframework.beans.factory.support.AbstractBeanFactory.doGetBean(AbstractBeanFactory.java:290) ~[spring-beans-3.0.6.RELEASE.jar:3.0.6.RELEASE]
	at org.springframework.beans.factory.support.AbstractBeanFactory.getBean(AbstractBeanFactory.java:192) ~[spring-beans-3.0.6.RELEASE.jar:3.0.6.RELEASE]
	at org.springframework.beans.factory.support.DefaultListableBeanFactory.findAutowireCandidates(DefaultListableBeanFactory.java:848) ~[spring-beans-3.0.6.RELEASE.jar:3.0.6.RELEASE]
	at org.springframework.beans.factory.support.DefaultListableBeanFactory.doResolveDependency(DefaultListableBeanFactory.java:790) ~[spring-beans-3.0.6.RELEASE.jar:3.0.6.RELEASE]
	at org.springframework.beans.factory.support.DefaultListableBeanFactory.resolveDependency(DefaultListableBeanFactory.java:707) ~[spring-beans-3.0.6.RELEASE.jar:3.0.6.RELEASE]
	at org.springframework.beans.factory.annotation.AutowiredAnnotationBeanPostProcessor$AutowiredFieldElement.inject(AutowiredAnnotationBeanPostProcessor.java:480) ~[spring-beans-3.0.6.RELEASE.jar:3.0.6.RELEASE]
	... 66 common frames omitted
Caused by: org.springframework.beans.factory.BeanCreationException: Could not autowire field: private com.rackspace.search.service.zendesk.ZendeskTicketOngoingSyncActor com.rackspace.search.service.zendesk.ZendeskTicketOngoingSyncJob.ticketActor; nested exception is org.springframework.beans.factory.BeanCreationException: Error creating bean with name &apos;zendeskTicketOngoingSyncActor&apos;: Injection of autowired dependencies failed; nested exception is org.springframework.beans.factory.BeanCreationException: Could not autowire field: private com.rackspace.search.service.zendesk.ZendeskTicketProcessor com.rackspace.search.service.zendesk.ZendeskTicketOngoingSyncActor.zendeskTicketProcessor; nested exception is org.springframework.beans.factory.BeanCreationException: Error creating bean with name &apos;zendeskTicketProcessor&apos;: Injection of autowired dependencies failed; nested exception is org.springframework.beans.factory.BeanCreationException: Could not autowire field: private java.lang.Object com.rackspace.search.service.zendesk.ZendeskTicketProcessor.zendeskIndexName; nested exception is java.lang.IllegalArgumentException: Could not resolve placeholder &apos;zendesk.index.name&apos;
	at org.springframework.beans.factory.annotation.AutowiredAnnotationBeanPostProcessor$AutowiredFieldElement.inject(AutowiredAnnotationBeanPostProcessor.java:508) ~[spring-beans-3.0.6.RELEASE.jar:3.0.6.RELEASE]
	at org.springframework.beans.factory.annotation.InjectionMetadata.inject(InjectionMetadata.java:84) ~[spring-beans-3.0.6.RELEASE.jar:3.0.6.RELEASE]
	at org.springframework.beans.factory.annotation.AutowiredAnnotationBeanPostProcessor.postProcessPropertyValues(AutowiredAnnotationBeanPostProcessor.java:285) ~[spring-beans-3.0.6.RELEASE.jar:3.0.6.RELEASE]
	... 77 common frames omitted
Caused by: org.springframework.beans.factory.BeanCreationException: Error creating bean with name &apos;zendeskTicketOngoingSyncActor&apos;: Injection of autowired dependencies failed; nested exception is org.springframework.beans.factory.BeanCreationException: Could not autowire field: private com.rackspace.search.service.zendesk.ZendeskTicketProcessor com.rackspace.search.service.zendesk.ZendeskTicketOngoingSyncActor.zendeskTicketProcessor; nested exception is org.springframework.beans.factory.BeanCreationException: Error creating bean with name &apos;zendeskTicketProcessor&apos;: Injection of autowired dependencies failed; nested exception is org.springframework.beans.factory.BeanCreationException: Could not autowire field: private java.lang.Object com.rackspace.search.service.zendesk.ZendeskTicketProcessor.zendeskIndexName; nested exception is java.lang.IllegalArgumentException: Could not resolve placeholder &apos;zendesk.index.name&apos;
	at org.springframework.beans.factory.annotation.AutowiredAnnotationBeanPostProcessor.postProcessPropertyValues(AutowiredAnnotationBeanPostProcessor.java:288) ~[spring-beans-3.0.6.RELEASE.jar:3.0.6.RELEASE]
	at org.springframework.beans.factory.support.AbstractAutowireCapableBeanFactory.populateBean(AbstractAutowireCapableBeanFactory.java:1074) ~[spring-beans-3.0.6.RELEASE.jar:3.0.6.RELEASE]
	at org.springframework.beans.factory.support.AbstractAutowireCapableBeanFactory.doCreateBean(AbstractAutowireCapableBeanFactory.java:517) ~[spring-beans-3.0.6.RELEASE.jar:3.0.6.RELEASE]
	at org.springframework.beans.factory.support.AbstractAutowireCapableBeanFactory.createBean(AbstractAutowireCapableBeanFactory.java:456) ~[spring-beans-3.0.6.RELEASE.jar:3.0.6.RELEASE]
	at org.springframework.beans.factory.support.AbstractBeanFactory$1.getObject(AbstractBeanFactory.java:293) ~[spring-beans-3.0.6.RELEASE.jar:3.0.6.RELEASE]
	at org.springframework.beans.factory.support.DefaultSingletonBeanRegistry.getSingleton(DefaultSingletonBeanRegistry.java:222) ~[spring-beans-3.0.6.RELEASE.jar:3.0.6.RELEASE]
	at org.springframework.beans.factory.support.AbstractBeanFactory.doGetBean(AbstractBeanFactory.java:290) ~[spring-beans-3.0.6.RELEASE.jar:3.0.6.RELEASE]
	at org.springframework.beans.factory.support.AbstractBeanFactory.getBean(AbstractBeanFactory.java:192) ~[spring-beans-3.0.6.RELEASE.jar:3.0.6.RELEASE]
	at org.springframework.beans.factory.support.DefaultListableBeanFactory.findAutowireCandidates(DefaultListableBeanFactory.java:848) ~[spring-beans-3.0.6.RELEASE.jar:3.0.6.RELEASE]
	at org.springframework.beans.factory.support.DefaultListableBeanFactory.doResolveDependency(DefaultListableBeanFactory.java:790) ~[spring-beans-3.0.6.RELEASE.jar:3.0.6.RELEASE]
	at org.springframework.beans.factory.support.DefaultListableBeanFactory.resolveDependency(DefaultListableBeanFactory.java:707) ~[spring-beans-3.0.6.RELEASE.jar:3.0.6.RELEASE]
	at org.springframework.beans.factory.annotation.AutowiredAnnotationBeanPostProcessor$AutowiredFieldElement.inject(AutowiredAnnotationBeanPostProcessor.java:480) ~[spring-beans-3.0.6.RELEASE.jar:3.0.6.RELEASE]
	... 79 common frames omitted
Caused by: org.springframework.beans.factory.BeanCreationException: Could not autowire field: private com.rackspace.search.service.zendesk.ZendeskTicketProcessor com.rackspace.search.service.zendesk.ZendeskTicketOngoingSyncActor.zendeskTicketProcessor; nested exception is org.springframework.beans.factory.BeanCreationException: Error creating bean with name &apos;zendeskTicketProcessor&apos;: Injection of autowired dependencies failed; nested exception is org.springframework.beans.factory.BeanCreationException: Could not autowire field: private java.lang.Object com.rackspace.search.service.zendesk.ZendeskTicketProcessor.zendeskIndexName; nested exception is java.lang.IllegalArgumentException: Could not resolve placeholder &apos;zendesk.index.name&apos;
	at org.springframework.beans.factory.annotation.AutowiredAnnotationBeanPostProcessor$AutowiredFieldElement.inject(AutowiredAnnotationBeanPostProcessor.java:508) ~[spring-beans-3.0.6.RELEASE.jar:3.0.6.RELEASE]
	at org.springframework.beans.factory.annotation.InjectionMetadata.inject(InjectionMetadata.java:84) ~[spring-beans-3.0.6.RELEASE.jar:3.0.6.RELEASE]
	at org.springframework.beans.factory.annotation.AutowiredAnnotationBeanPostProcessor.postProcessPropertyValues(AutowiredAnnotationBeanPostProcessor.java:285) ~[spring-beans-3.0.6.RELEASE.jar:3.0.6.RELEASE]
	... 90 common frames omitted
Caused by: org.springframework.beans.factory.BeanCreationException: Error creating bean with name &apos;zendeskTicketProcessor&apos;: Injection of autowired dependencies failed; nested exception is org.springframework.beans.factory.BeanCreationException: Could not autowire field: private java.lang.Object com.rackspace.search.service.zendesk.ZendeskTicketProcessor.zendeskIndexName; nested exception is java.lang.IllegalArgumentException: Could not resolve placeholder &apos;zendesk.index.name&apos;
	at org.springframework.beans.factory.annotation.AutowiredAnnotationBeanPostProcessor.postProcessPropertyValues(AutowiredAnnotationBeanPostProcessor.java:288) ~[spring-beans-3.0.6.RELEASE.jar:3.0.6.RELEASE]
	at org.springframework.beans.factory.support.AbstractAutowireCapableBeanFactory.populateBean(AbstractAutowireCapableBeanFactory.java:1074) ~[spring-beans-3.0.6.RELEASE.jar:3.0.6.RELEASE]
	at org.springframework.beans.factory.support.AbstractAutowireCapableBeanFactory.doCreateBean(AbstractAutowireCapableBeanFactory.java:517) ~[spring-beans-3.0.6.RELEASE.jar:3.0.6.RELEASE]
	at org.springframework.beans.factory.support.AbstractAutowireCapableBeanFactory.createBean(AbstractAutowireCapableBeanFactory.java:456) ~[spring-beans-3.0.6.RELEASE.jar:3.0.6.RELEASE]
	at org.springframework.beans.factory.support.AbstractBeanFactory$1.getObject(AbstractBeanFactory.java:293) ~[spring-beans-3.0.6.RELEASE.jar:3.0.6.RELEASE]
	at org.springframework.beans.factory.support.DefaultSingletonBeanRegistry.getSingleton(DefaultSingletonBeanRegistry.java:222) ~[spring-beans-3.0.6.RELEASE.jar:3.0.6.RELEASE]
	at org.springframework.beans.factory.support.AbstractBeanFactory.doGetBean(AbstractBeanFactory.java:290) ~[spring-beans-3.0.6.RELEASE.jar:3.0.6.RELEASE]
	at org.springframework.beans.factory.support.AbstractBeanFactory.getBean(AbstractBeanFactory.java:192) ~[spring-beans-3.0.6.RELEASE.jar:3.0.6.RELEASE]
	at org.springframework.beans.factory.support.DefaultListableBeanFactory.findAutowireCandidates(DefaultListableBeanFactory.java:848) ~[spring-beans-3.0.6.RELEASE.jar:3.0.6.RELEASE]
	at org.springframework.beans.factory.support.DefaultListableBeanFactory.doResolveDependency(DefaultListableBeanFactory.java:790) ~[spring-beans-3.0.6.RELEASE.jar:3.0.6.RELEASE]
	at org.springframework.beans.factory.support.DefaultListableBeanFactory.resolveDependency(DefaultListableBeanFactory.java:707) ~[spring-beans-3.0.6.RELEASE.jar:3.0.6.RELEASE]
	at org.springframework.beans.factory.annotation.AutowiredAnnotationBeanPostProcessor$AutowiredFieldElement.inject(AutowiredAnnotationBeanPostProcessor.java:480) ~[spring-beans-3.0.6.RELEASE.jar:3.0.6.RELEASE]
	... 92 common frames omitted
Caused by: org.springframework.beans.factory.BeanCreationException: Could not autowire field: private java.lang.Object com.rackspace.search.service.zendesk.ZendeskTicketProcessor.zendeskIndexName; nested exception is java.lang.IllegalArgumentException: Could not resolve placeholder &apos;zendesk.index.name&apos;
	at org.springframework.beans.factory.annotation.AutowiredAnnotationBeanPostProcessor$AutowiredFieldElement.inject(AutowiredAnnotationBeanPostProcessor.java:508) ~[spring-beans-3.0.6.RELEASE.jar:3.0.6.RELEASE]
	at org.springframework.beans.factory.annotation.InjectionMetadata.inject(InjectionMetadata.java:84) ~[spring-beans-3.0.6.RELEASE.jar:3.0.6.RELEASE]
	at org.springframework.beans.factory.annotation.AutowiredAnnotationBeanPostProcessor.postProcessPropertyValues(AutowiredAnnotationBeanPostProcessor.java:285) ~[spring-beans-3.0.6.RELEASE.jar:3.0.6.RELEASE]
	... 103 common frames omitted
Caused by: java.lang.IllegalArgumentException: Could not resolve placeholder &apos;zendesk.index.name&apos;
	at org.springframework.util.PropertyPlaceholderHelper.parseStringValue(PropertyPlaceholderHelper.java:173) ~[spring-core-3.0.6.RELEASE.jar:3.0.6.RELEASE]
	at org.springframework.util.PropertyPlaceholderHelper.replacePlaceholders(PropertyPlaceholderHelper.java:125) ~[spring-core-3.0.6.RELEASE.jar:3.0.6.RELEASE]
	at org.springframework.beans.factory.config.PropertyPlaceholderConfigurer$PlaceholderResolvingStringValueResolver.resolveStringValue(PropertyPlaceholderConfigurer.java:403) ~[spring-beans-3.0.6.RELEASE.jar:3.0.6.RELEASE]
	at org.springframework.beans.factory.support.AbstractBeanFactory.resolveEmbeddedValue(AbstractBeanFactory.java:747) ~[spring-beans-3.0.6.RELEASE.jar:3.0.6.RELEASE]
	at org.springframework.beans.factory.support.DefaultListableBeanFactory.doResolveDependency(DefaultListableBeanFactory.java:717) ~[spring-beans-3.0.6.RELEASE.jar:3.0.6.RELEASE]
	at org.springframework.beans.factory.support.DefaultListableBeanFactory.resolveDependency(DefaultListableBeanFactory.java:707) ~[spring-beans-3.0.6.RELEASE.jar:3.0.6.RELEASE]
	at org.springframework.beans.factory.annotation.AutowiredAnnotationBeanPostProcessor$AutowiredFieldElement.inject(AutowiredAnnotationBeanPostProcessor.java:480) ~[spring-beans-3.0.6.RELEASE.jar:3.0.6.RELEASE]
	... 105 common frames omitted
</stdout>
          <stderr>Exception in thread &quot;Timer-34&quot; org.elasticsearch.common.util.concurrent.EsRejectedExecutionException: rejected execution of [org.elasticsearch.action.support.master.TransportMasterNodeOperationAction$2]
	at org.elasticsearch.common.util.concurrent.EsAbortPolicy.rejectedExecution(EsAbortPolicy.java:35)
	at java.util.concurrent.ThreadPoolExecutor.reject(ThreadPoolExecutor.java:767)
	at java.util.concurrent.ThreadPoolExecutor.execute(ThreadPoolExecutor.java:658)
	at org.elasticsearch.action.support.master.TransportMasterNodeOperationAction.innerExecute(TransportMasterNodeOperationAction.java:132)
	at org.elasticsearch.action.support.master.TransportMasterNodeOperationAction.doExecute(TransportMasterNodeOperationAction.java:86)
	at org.elasticsearch.action.support.master.TransportMasterNodeOperationAction.doExecute(TransportMasterNodeOperationAction.java:42)
	at org.elasticsearch.action.support.TransportAction.execute(TransportAction.java:61)
	at org.elasticsearch.client.node.NodeClusterAdminClient.execute(NodeClusterAdminClient.java:72)
	at org.elasticsearch.client.support.AbstractClusterAdminClient.health(AbstractClusterAdminClient.java:83)
	at org.elasticsearch.action.admin.cluster.health.ClusterHealthRequestBuilder.doExecute(ClusterHealthRequestBuilder.java:98)
	at org.elasticsearch.action.ActionRequestBuilder.execute(ActionRequestBuilder.java:62)
	at org.elasticsearch.action.ActionRequestBuilder.execute(ActionRequestBuilder.java:57)
	at org.elasticsearch.action.ActionRequestBuilder$execute.call(Unknown Source)
	at com.rackspace.search.elasticsearch.ElasticSearchServer.getHealthInformation(ElasticSearchServer.groovy:55)
	at com.rackspace.search.elasticsearch.ElasticSearchServer.getHealthStatus(ElasticSearchServer.groovy:51)
	at com.rackspace.search.elasticsearch.ElasticSearchServer.waitForYellowStatus(ElasticSearchServer.groovy:69)
	at com.rackspace.search.elasticsearch.ElasticSearchServer$waitForYellowStatus.call(Unknown Source)
	at com.rackspace.search.service.core.CoreTicketOngoingSyncJob.setupJob(CoreTicketOnGoingSyncJob.groovy:89)
	at sun.reflect.NativeMethodAccessorImpl.invoke0(Native Method)
	at sun.reflect.NativeMethodAccessorImpl.invoke(NativeMethodAccessorImpl.java:39)
	at sun.reflect.DelegatingMethodAccessorImpl.invoke(DelegatingMethodAccessorImpl.java:25)
	at java.lang.reflect.Method.invoke(Method.java:597)
	at org.codehaus.groovy.reflection.CachedMethod.invoke(CachedMethod.java:90)
	at groovy.lang.MetaMethod.doMethodInvoke(MetaMethod.java:233)
	at groovy.lang.MetaClassImpl.invokeMethod(MetaClassImpl.java:1085)
	at org.codehaus.groovy.runtime.ScriptBytecodeAdapter.invokeMethodOnCurrentN(ScriptBytecodeAdapter.java:78)
	at com.rackspace.search.service.core.CoreTicketOngoingSyncJob.this$dist$invoke$1(CoreTicketOnGoingSyncJob.groovy)
	at com.rackspace.search.service.core.CoreTicketOngoingSyncJob$1.methodMissing(CoreTicketOnGoingSyncJob.groovy)
	at sun.reflect.NativeMethodAccessorImpl.invoke0(Native Method)
	at sun.reflect.NativeMethodAccessorImpl.invoke(NativeMethodAccessorImpl.java:39)
	at sun.reflect.DelegatingMethodAccessorImpl.invoke(DelegatingMethodAccessorImpl.java:25)
	at java.lang.reflect.Method.invoke(Method.java:597)
	at org.codehaus.groovy.reflection.CachedMethod.invoke(CachedMethod.java:90)
	at groovy.lang.MetaClassImpl.invokeMissingMethod(MetaClassImpl.java:837)
	at groovy.lang.MetaClassImpl.invokePropertyOrMissing(MetaClassImpl.java:1134)
	at groovy.lang.MetaClassImpl.invokeMethod(MetaClassImpl.java:1087)
	at groovy.lang.MetaClassImpl.invokeMethod(MetaClassImpl.java:909)
	at org.codehaus.groovy.runtime.callsite.PogoMetaClassSite.callCurrent(PogoMetaClassSite.java:66)
	at org.codehaus.groovy.runtime.callsite.AbstractCallSite.callCurrent(AbstractCallSite.java:137)
	at com.rackspace.search.service.core.CoreTicketOngoingSyncJob$1.run(CoreTicketOnGoingSyncJob.groovy:72)
	at java.util.TimerThread.mainLoop(Timer.java:512)
	at java.util.TimerThread.run(Timer.java:462)
Exception in thread &quot;Timer-39&quot; org.elasticsearch.common.util.concurrent.EsRejectedExecutionException: rejected execution of [org.elasticsearch.action.support.master.TransportMasterNodeOperationAction$2]
	at org.elasticsearch.common.util.concurrent.EsAbortPolicy.rejectedExecution(EsAbortPolicy.java:35)
	at java.util.concurrent.ThreadPoolExecutor.reject(ThreadPoolExecutor.java:767)
	at java.util.concurrent.ThreadPoolExecutor.execute(ThreadPoolExecutor.java:658)
	at org.elasticsearch.action.support.master.TransportMasterNodeOperationAction.innerExecute(TransportMasterNodeOperationAction.java:132)
	at org.elasticsearch.action.support.master.TransportMasterNodeOperationAction.doExecute(TransportMasterNodeOperationAction.java:86)
	at org.elasticsearch.action.support.master.TransportMasterNodeOperationAction.doExecute(TransportMasterNodeOperationAction.java:42)
	at org.elasticsearch.action.support.TransportAction.execute(TransportAction.java:61)
	at org.elasticsearch.client.node.NodeClusterAdminClient.execute(NodeClusterAdminClient.java:72)
	at org.elasticsearch.client.support.AbstractClusterAdminClient.health(AbstractClusterAdminClient.java:83)
	at org.elasticsearch.action.admin.cluster.health.ClusterHealthRequestBuilder.doExecute(ClusterHealthRequestBuilder.java:98)
	at org.elasticsearch.action.ActionRequestBuilder.execute(ActionRequestBuilder.java:62)
	at org.elasticsearch.action.ActionRequestBuilder.execute(ActionRequestBuilder.java:57)
	at org.elasticsearch.action.ActionRequestBuilder$execute.call(Unknown Source)
	at com.rackspace.search.elasticsearch.ElasticSearchServer.getHealthInformation(ElasticSearchServer.groovy:55)
	at com.rackspace.search.elasticsearch.ElasticSearchServer.getHealthStatus(ElasticSearchServer.groovy:51)
	at com.rackspace.search.elasticsearch.ElasticSearchServer.waitForYellowStatus(ElasticSearchServer.groovy:69)
	at com.rackspace.search.elasticsearch.ElasticSearchServer$waitForYellowStatus.call(Unknown Source)
	at com.rackspace.search.service.admin.AccountOndemandSyncJob.setupJob(AccountOndemandSyncJob.groovy:126)
	at sun.reflect.NativeMethodAccessorImpl.invoke0(Native Method)
	at sun.reflect.NativeMethodAccessorImpl.invoke(NativeMethodAccessorImpl.java:39)
	at sun.reflect.DelegatingMethodAccessorImpl.invoke(DelegatingMethodAccessorImpl.java:25)
	at java.lang.reflect.Method.invoke(Method.java:597)
	at org.codehaus.groovy.reflection.CachedMethod.invoke(CachedMethod.java:90)
	at groovy.lang.MetaMethod.doMethodInvoke(MetaMethod.java:233)
	at groovy.lang.MetaClassImpl.invokeMethod(MetaClassImpl.java:1085)
	at org.codehaus.groovy.runtime.ScriptBytecodeAdapter.invokeMethodOnCurrentN(ScriptBytecodeAdapter.java:78)
	at com.rackspace.search.service.admin.AccountOndemandSyncJob.this$dist$invoke$1(AccountOndemandSyncJob.groovy)
	at com.rackspace.search.service.admin.AccountOndemandSyncJob$1.methodMissing(AccountOndemandSyncJob.groovy)
	at sun.reflect.NativeMethodAccessorImpl.invoke0(Native Method)
	at sun.reflect.NativeMethodAccessorImpl.invoke(NativeMethodAccessorImpl.java:39)
	at sun.reflect.DelegatingMethodAccessorImpl.invoke(DelegatingMethodAccessorImpl.java:25)
	at java.lang.reflect.Method.invoke(Method.java:597)
	at org.codehaus.groovy.reflection.CachedMethod.invoke(CachedMethod.java:90)
	at groovy.lang.MetaClassImpl.invokeMissingMethod(MetaClassImpl.java:837)
	at groovy.lang.MetaClassImpl.invokePropertyOrMissing(MetaClassImpl.java:1134)
	at groovy.lang.MetaClassImpl.invokeMethod(MetaClassImpl.java:1087)
	at groovy.lang.MetaClassImpl.invokeMethod(MetaClassImpl.java:909)
	at org.codehaus.groovy.runtime.callsite.PogoMetaClassSite.callCurrent(PogoMetaClassSite.java:66)
	at org.codehaus.groovy.runtime.callsite.AbstractCallSite.callCurrent(AbstractCallSite.java:137)
	at com.rackspace.search.service.admin.AccountOndemandSyncJob$1.run(AccountOndemandSyncJob.groovy:110)
	at java.util.TimerThread.mainLoop(Timer.java:512)
	at java.util.TimerThread.run(Timer.java:462)
Exception in thread &quot;Timer-37&quot; org.elasticsearch.common.util.concurrent.EsRejectedExecutionException: rejected execution of [org.elasticsearch.action.support.master.TransportMasterNodeOperationAction$2]
	at org.elasticsearch.common.util.concurrent.EsAbortPolicy.rejectedExecution(EsAbortPolicy.java:35)
	at java.util.concurrent.ThreadPoolExecutor.reject(ThreadPoolExecutor.java:767)
	at java.util.concurrent.ThreadPoolExecutor.execute(ThreadPoolExecutor.java:658)
	at org.elasticsearch.action.support.master.TransportMasterNodeOperationAction.innerExecute(TransportMasterNodeOperationAction.java:132)
	at org.elasticsearch.action.support.master.TransportMasterNodeOperationAction.doExecute(TransportMasterNodeOperationAction.java:86)
	at org.elasticsearch.action.support.master.TransportMasterNodeOperationAction.doExecute(TransportMasterNodeOperationAction.java:42)
	at org.elasticsearch.action.support.TransportAction.execute(TransportAction.java:61)
	at org.elasticsearch.client.node.NodeClusterAdminClient.execute(NodeClusterAdminClient.java:72)
	at org.elasticsearch.client.support.AbstractClusterAdminClient.health(AbstractClusterAdminClient.java:83)
	at org.elasticsearch.action.admin.cluster.health.ClusterHealthRequestBuilder.doExecute(ClusterHealthRequestBuilder.java:98)
	at org.elasticsearch.action.ActionRequestBuilder.execute(ActionRequestBuilder.java:62)
	at org.elasticsearch.action.ActionRequestBuilder.execute(ActionRequestBuilder.java:57)
	at org.elasticsearch.action.ActionRequestBuilder$execute.call(Unknown Source)
	at com.rackspace.search.elasticsearch.ElasticSearchServer.getHealthInformation(ElasticSearchServer.groovy:55)
	at com.rackspace.search.elasticsearch.ElasticSearchServer.getHealthStatus(ElasticSearchServer.groovy:51)
	at com.rackspace.search.elasticsearch.ElasticSearchServer.waitForYellowStatus(ElasticSearchServer.groovy:69)
	at com.rackspace.search.elasticsearch.ElasticSearchServer$waitForYellowStatus.call(Unknown Source)
	at com.rackspace.search.service.core.CoreTicketSecondPassSyncJob.setupJob(CoreTicketSecondPassSyncJob.groovy:90)
	at com.rackspace.search.service.core.CoreTicketSecondPassSyncJob.this$2$setupJob(CoreTicketSecondPassSyncJob.groovy)
	at sun.reflect.NativeMethodAccessorImpl.invoke0(Native Method)
	at sun.reflect.NativeMethodAccessorImpl.invoke(NativeMethodAccessorImpl.java:39)
	at sun.reflect.DelegatingMethodAccessorImpl.invoke(DelegatingMethodAccessorImpl.java:25)
	at java.lang.reflect.Method.invoke(Method.java:597)
	at org.codehaus.groovy.reflection.CachedMethod.invoke(CachedMethod.java:90)
	at groovy.lang.MetaMethod.doMethodInvoke(MetaMethod.java:233)
	at groovy.lang.MetaClassImpl.invokeMethod(MetaClassImpl.java:1085)
	at org.codehaus.groovy.runtime.ScriptBytecodeAdapter.invokeMethodOnCurrentN(ScriptBytecodeAdapter.java:78)
	at com.rackspace.search.service.core.CoreTicketSecondPassSyncJob.this$dist$invoke$1(CoreTicketSecondPassSyncJob.groovy)
	at com.rackspace.search.service.core.CoreTicketSecondPassSyncJob$1.methodMissing(CoreTicketSecondPassSyncJob.groovy)
	at sun.reflect.NativeMethodAccessorImpl.invoke0(Native Method)
	at sun.reflect.NativeMethodAccessorImpl.invoke(NativeMethodAccessorImpl.java:39)
	at sun.reflect.DelegatingMethodAccessorImpl.invoke(DelegatingMethodAccessorImpl.java:25)
	at java.lang.reflect.Method.invoke(Method.java:597)
	at org.codehaus.groovy.reflection.CachedMethod.invoke(CachedMethod.java:90)
	at groovy.lang.MetaClassImpl.invokeMissingMethod(MetaClassImpl.java:837)
	at groovy.lang.MetaClassImpl.invokePropertyOrMissing(MetaClassImpl.java:1134)
	at groovy.lang.MetaClassImpl.invokeMethod(MetaClassImpl.java:1087)
	at groovy.lang.MetaClassImpl.invokeMethod(MetaClassImpl.java:909)
	at org.codehaus.groovy.runtime.callsite.PogoMetaClassSite.callCurrent(PogoMetaClassSite.java:66)
	at org.codehaus.groovy.runtime.callsite.AbstractCallSite.callCurrent(AbstractCallSite.java:137)
	at com.rackspace.search.service.core.CoreTicketSecondPassSyncJob$1.run(CoreTicketSecondPassSyncJob.groovy:74)
	at java.util.TimerThread.mainLoop(Timer.java:512)
	at java.util.TimerThread.run(Timer.java:462)
Exception in thread &quot;Timer-36&quot; org.elasticsearch.common.util.concurrent.EsRejectedExecutionException: rejected execution of [org.elasticsearch.action.support.master.TransportMasterNodeOperationAction$2]
	at org.elasticsearch.common.util.concurrent.EsAbortPolicy.rejectedExecution(EsAbortPolicy.java:35)
	at java.util.concurrent.ThreadPoolExecutor.reject(ThreadPoolExecutor.java:767)
	at java.util.concurrent.ThreadPoolExecutor.execute(ThreadPoolExecutor.java:658)
	at org.elasticsearch.action.support.master.TransportMasterNodeOperationAction.innerExecute(TransportMasterNodeOperationAction.java:132)
	at org.elasticsearch.action.support.master.TransportMasterNodeOperationAction.doExecute(TransportMasterNodeOperationAction.java:86)
	at org.elasticsearch.action.support.master.TransportMasterNodeOperationAction.doExecute(TransportMasterNodeOperationAction.java:42)
	at org.elasticsearch.action.support.TransportAction.execute(TransportAction.java:61)
	at org.elasticsearch.client.node.NodeClusterAdminClient.execute(NodeClusterAdminClient.java:72)
	at org.elasticsearch.client.support.AbstractClusterAdminClient.health(AbstractClusterAdminClient.java:83)
	at org.elasticsearch.action.admin.cluster.health.ClusterHealthRequestBuilder.doExecute(ClusterHealthRequestBuilder.java:98)
	at org.elasticsearch.action.ActionRequestBuilder.execute(ActionRequestBuilder.java:62)
	at org.elasticsearch.action.ActionRequestBuilder.execute(ActionRequestBuilder.java:57)
	at org.elasticsearch.action.ActionRequestBuilder$execute.call(Unknown Source)
	at com.rackspace.search.elasticsearch.ElasticSearchServer.getHealthInformation(ElasticSearchServer.groovy:55)
	at com.rackspace.search.elasticsearch.ElasticSearchServer.getHealthStatus(ElasticSearchServer.groovy:51)
	at com.rackspace.search.elasticsearch.ElasticSearchServer.waitForYellowStatus(ElasticSearchServer.groovy:69)
	at com.rackspace.search.elasticsearch.ElasticSearchServer$waitForYellowStatus.call(Unknown Source)
	at com.rackspace.search.service.admin.CoreTicketOndemandSyncJob.setupJob(CoreTicketOndemandSyncJob.groovy:98)
	at sun.reflect.NativeMethodAccessorImpl.invoke0(Native Method)
	at sun.reflect.NativeMethodAccessorImpl.invoke(NativeMethodAccessorImpl.java:39)
	at sun.reflect.DelegatingMethodAccessorImpl.invoke(DelegatingMethodAccessorImpl.java:25)
	at java.lang.reflect.Method.invoke(Method.java:597)
	at org.codehaus.groovy.reflection.CachedMethod.invoke(CachedMethod.java:90)
	at groovy.lang.MetaMethod.doMethodInvoke(MetaMethod.java:233)
	at groovy.lang.MetaClassImpl.invokeMethod(MetaClassImpl.java:1085)
	at org.codehaus.groovy.runtime.ScriptBytecodeAdapter.invokeMethodOnCurrentN(ScriptBytecodeAdapter.java:78)
	at com.rackspace.search.service.admin.CoreTicketOndemandSyncJob.this$dist$invoke$1(CoreTicketOndemandSyncJob.groovy)
	at com.rackspace.search.service.admin.CoreTicketOndemandSyncJob$1.methodMissing(CoreTicketOndemandSyncJob.groovy)
	at sun.reflect.NativeMethodAccessorImpl.invoke0(Native Method)
	at sun.reflect.NativeMethodAccessorImpl.invoke(NativeMethodAccessorImpl.java:39)
	at sun.reflect.DelegatingMethodAccessorImpl.invoke(DelegatingMethodAccessorImpl.java:25)
	at java.lang.reflect.Method.invoke(Method.java:597)
	at org.codehaus.groovy.reflection.CachedMethod.invoke(CachedMethod.java:90)
	at groovy.lang.MetaClassImpl.invokeMissingMethod(MetaClassImpl.java:837)
	at groovy.lang.MetaClassImpl.invokePropertyOrMissing(MetaClassImpl.java:1134)
	at groovy.lang.MetaClassImpl.invokeMethod(MetaClassImpl.java:1087)
	at groovy.lang.MetaClassImpl.invokeMethod(MetaClassImpl.java:909)
	at org.codehaus.groovy.runtime.callsite.PogoMetaClassSite.callCurrent(PogoMetaClassSite.java:66)
	at org.codehaus.groovy.runtime.callsite.AbstractCallSite.callCurrent(AbstractCallSite.java:137)
	at com.rackspace.search.service.admin.CoreTicketOndemandSyncJob$1.run(CoreTicketOndemandSyncJob.groovy:82)
	at java.util.TimerThread.mainLoop(Timer.java:512)
	at java.util.TimerThread.run(Timer.java:462)
Exception in thread &quot;Timer-38&quot; org.elasticsearch.common.util.concurrent.EsRejectedExecutionException: rejected execution of [org.elasticsearch.action.support.master.TransportMasterNodeOperationAction$2]
	at org.elasticsearch.common.util.concurrent.EsAbortPolicy.rejectedExecution(EsAbortPolicy.java:35)
	at java.util.concurrent.ThreadPoolExecutor.reject(ThreadPoolExecutor.java:767)
	at java.util.concurrent.ThreadPoolExecutor.execute(ThreadPoolExecutor.java:658)
	at org.elasticsearch.action.support.master.TransportMasterNodeOperationAction.innerExecute(TransportMasterNodeOperationAction.java:132)
	at org.elasticsearch.action.support.master.TransportMasterNodeOperationAction.doExecute(TransportMasterNodeOperationAction.java:86)
	at org.elasticsearch.action.support.master.TransportMasterNodeOperationAction.doExecute(TransportMasterNodeOperationAction.java:42)
	at org.elasticsearch.action.support.TransportAction.execute(TransportAction.java:61)
	at org.elasticsearch.client.node.NodeClusterAdminClient.execute(NodeClusterAdminClient.java:72)
	at org.elasticsearch.client.support.AbstractClusterAdminClient.health(AbstractClusterAdminClient.java:83)
	at org.elasticsearch.action.admin.cluster.health.ClusterHealthRequestBuilder.doExecute(ClusterHealthRequestBuilder.java:98)
	at org.elasticsearch.action.ActionRequestBuilder.execute(ActionRequestBuilder.java:62)
	at org.elasticsearch.action.ActionRequestBuilder.execute(ActionRequestBuilder.java:57)
	at org.elasticsearch.action.ActionRequestBuilder$execute.call(Unknown Source)
	at com.rackspace.search.elasticsearch.ElasticSearchServer.getHealthInformation(ElasticSearchServer.groovy:55)
	at com.rackspace.search.elasticsearch.ElasticSearchServer.getHealthStatus(ElasticSearchServer.groovy:51)
	at com.rackspace.search.elasticsearch.ElasticSearchServer.waitForYellowStatus(ElasticSearchServer.groovy:69)
	at com.rackspace.search.elasticsearch.ElasticSearchServer$waitForYellowStatus.call(Unknown Source)
	at com.rackspace.search.service.account.CoreAccountUpdateSyncJob.setupJob(CoreAccountUpdateSyncJob.groovy:95)
	at com.rackspace.search.service.account.CoreAccountUpdateSyncJob.this$2$setupJob(CoreAccountUpdateSyncJob.groovy)
	at sun.reflect.NativeMethodAccessorImpl.invoke0(Native Method)
	at sun.reflect.NativeMethodAccessorImpl.invoke(NativeMethodAccessorImpl.java:39)
	at sun.reflect.DelegatingMethodAccessorImpl.invoke(DelegatingMethodAccessorImpl.java:25)
	at java.lang.reflect.Method.invoke(Method.java:597)
	at org.codehaus.groovy.reflection.CachedMethod.invoke(CachedMethod.java:90)
	at groovy.lang.MetaMethod.doMethodInvoke(MetaMethod.java:233)
	at groovy.lang.MetaClassImpl.invokeMethod(MetaClassImpl.java:1085)
	at org.codehaus.groovy.runtime.ScriptBytecodeAdapter.invokeMethodOnCurrentN(ScriptBytecodeAdapter.java:78)
	at com.rackspace.search.service.account.CoreAccountUpdateSyncJob.this$dist$invoke$1(CoreAccountUpdateSyncJob.groovy)
	at com.rackspace.search.service.account.CoreAccountUpdateSyncJob$1.methodMissing(CoreAccountUpdateSyncJob.groovy)
	at sun.reflect.NativeMethodAccessorImpl.invoke0(Native Method)
	at sun.reflect.NativeMethodAccessorImpl.invoke(NativeMethodAccessorImpl.java:39)
	at sun.reflect.DelegatingMethodAccessorImpl.invoke(DelegatingMethodAccessorImpl.java:25)
	at java.lang.reflect.Method.invoke(Method.java:597)
	at org.codehaus.groovy.reflection.CachedMethod.invoke(CachedMethod.java:90)
	at groovy.lang.MetaClassImpl.invokeMissingMethod(MetaClassImpl.java:837)
	at groovy.lang.MetaClassImpl.invokePropertyOrMissing(MetaClassImpl.java:1134)
	at groovy.lang.MetaClassImpl.invokeMethod(MetaClassImpl.java:1087)
	at groovy.lang.MetaClassImpl.invokeMethod(MetaClassImpl.java:909)
	at org.codehaus.groovy.runtime.callsite.PogoMetaClassSite.callCurrent(PogoMetaClassSite.java:66)
	at org.codehaus.groovy.runtime.callsite.AbstractCallSite.callCurrent(AbstractCallSite.java:137)
	at com.rackspace.search.service.account.CoreAccountUpdateSyncJob$1.run(CoreAccountUpdateSyncJob.groovy:78)
	at java.util.TimerThread.mainLoop(Timer.java:512)
	at java.util.TimerThread.run(Timer.java:462)
Exception in thread &quot;Timer-35&quot; org.elasticsearch.common.util.concurrent.EsRejectedExecutionException: rejected execution of [org.elasticsearch.action.support.master.TransportMasterNodeOperationAction$2]
	at org.elasticsearch.common.util.concurrent.EsAbortPolicy.rejectedExecution(EsAbortPolicy.java:35)
	at java.util.concurrent.ThreadPoolExecutor.reject(ThreadPoolExecutor.java:767)
	at java.util.concurrent.ThreadPoolExecutor.execute(ThreadPoolExecutor.java:658)
	at org.elasticsearch.action.support.master.TransportMasterNodeOperationAction.innerExecute(TransportMasterNodeOperationAction.java:132)
	at org.elasticsearch.action.support.master.TransportMasterNodeOperationAction.doExecute(TransportMasterNodeOperationAction.java:86)
	at org.elasticsearch.action.support.master.TransportMasterNodeOperationAction.doExecute(TransportMasterNodeOperationAction.java:42)
	at org.elasticsearch.action.support.TransportAction.execute(TransportAction.java:61)
	at org.elasticsearch.client.node.NodeClusterAdminClient.execute(NodeClusterAdminClient.java:72)
	at org.elasticsearch.client.support.AbstractClusterAdminClient.health(AbstractClusterAdminClient.java:83)
	at org.elasticsearch.action.admin.cluster.health.ClusterHealthRequestBuilder.doExecute(ClusterHealthRequestBuilder.java:98)
	at org.elasticsearch.action.ActionRequestBuilder.execute(ActionRequestBuilder.java:62)
	at org.elasticsearch.action.ActionRequestBuilder.execute(ActionRequestBuilder.java:57)
	at org.elasticsearch.action.ActionRequestBuilder$execute.call(Unknown Source)
	at com.rackspace.search.elasticsearch.ElasticSearchServer.getHealthInformation(ElasticSearchServer.groovy:55)
	at com.rackspace.search.elasticsearch.ElasticSearchServer.getHealthStatus(ElasticSearchServer.groovy:51)
	at com.rackspace.search.elasticsearch.ElasticSearchServer.waitForYellowStatus(ElasticSearchServer.groovy:69)
	at com.rackspace.search.elasticsearch.ElasticSearchServer$waitForYellowStatus.call(Unknown Source)
	at com.rackspace.search.service.account.AccountOngoingSyncJob.setupJob(AccountOngoingSyncJob.groovy:96)
	at sun.reflect.NativeMethodAccessorImpl.invoke0(Native Method)
	at sun.reflect.NativeMethodAccessorImpl.invoke(NativeMethodAccessorImpl.java:39)
	at sun.reflect.DelegatingMethodAccessorImpl.invoke(DelegatingMethodAccessorImpl.java:25)
	at java.lang.reflect.Method.invoke(Method.java:597)
	at org.codehaus.groovy.reflection.CachedMethod.invoke(CachedMethod.java:90)
	at groovy.lang.MetaMethod.doMethodInvoke(MetaMethod.java:233)
	at groovy.lang.MetaClassImpl.invokeMethod(MetaClassImpl.java:1085)
	at org.codehaus.groovy.runtime.ScriptBytecodeAdapter.invokeMethodOnCurrentN(ScriptBytecodeAdapter.java:78)
	at com.rackspace.search.service.account.AccountOngoingSyncJob.this$dist$invoke$1(AccountOngoingSyncJob.groovy)
	at com.rackspace.search.service.account.AccountOngoingSyncJob$1.methodMissing(AccountOngoingSyncJob.groovy)
	at sun.reflect.NativeMethodAccessorImpl.invoke0(Native Method)
	at sun.reflect.NativeMethodAccessorImpl.invoke(NativeMethodAccessorImpl.java:39)
	at sun.reflect.DelegatingMethodAccessorImpl.invoke(DelegatingMethodAccessorImpl.java:25)
	at java.lang.reflect.Method.invoke(Method.java:597)
	at org.codehaus.groovy.reflection.CachedMethod.invoke(CachedMethod.java:90)
	at groovy.lang.MetaClassImpl.invokeMissingMethod(MetaClassImpl.java:837)
	at groovy.lang.MetaClassImpl.invokePropertyOrMissing(MetaClassImpl.java:1134)
	at groovy.lang.MetaClassImpl.invokeMethod(MetaClassImpl.java:1087)
	at groovy.lang.MetaClassImpl.invokeMethod(MetaClassImpl.java:909)
	at org.codehaus.groovy.runtime.callsite.PogoMetaClassSite.callCurrent(PogoMetaClassSite.java:66)
	at org.codehaus.groovy.runtime.callsite.AbstractCallSite.callCurrent(AbstractCallSite.java:137)
	at com.rackspace.search.service.account.AccountOngoingSyncJob$1.run(AccountOngoingSyncJob.groovy:78)
	at java.util.TimerThread.mainLoop(Timer.java:512)
	at java.util.TimerThread.run(Timer.java:462)
</stderr>
          <failedSince>7</failedSince>
        </case>
        <case>
          <duration>5.406</duration>
          <className>com.rackspace.search.elasticsearch.client.ElasticSearchClientFactoryBeanTest</className>
          <testName>validate Index Settings</testName>
          <skipped>false</skipped>
          <errorStackTrace>java.lang.IllegalStateException: Failed to load ApplicationContext
	at org.springframework.test.context.TestContext.getApplicationContext(TestContext.java:308)
	at org.springframework.test.context.support.DependencyInjectionTestExecutionListener.injectDependencies(DependencyInjectionTestExecutionListener.java:109)
	at org.springframework.test.context.support.DependencyInjectionTestExecutionListener.prepareTestInstance(DependencyInjectionTestExecutionListener.java:75)
	at org.springframework.test.context.TestContextManager.prepareTestInstance(TestContextManager.java:321)
	at org.spockframework.spring.SpringTestContextManager.prepareTestInstance(SpringTestContextManager.java:49)
	at org.spockframework.spring.SpringInterceptor.interceptSetupMethod(SpringInterceptor.java:42)
	at org.spockframework.runtime.extension.AbstractMethodInterceptor.intercept(AbstractMethodInterceptor.java:28)
	at org.spockframework.runtime.extension.MethodInvocation.proceed(MethodInvocation.java:84)
	at org.spockframework.util.ReflectionUtil.invokeMethod(ReflectionUtil.java:138)
	at org.spockframework.util.ReflectionUtil.invokeMethod(ReflectionUtil.java:138)
	at org.spockframework.util.ReflectionUtil.invokeMethod(ReflectionUtil.java:138)
	at org.apache.maven.surefire.junit4.JUnit4TestSet.execute(JUnit4TestSet.java:53)
	at org.apache.maven.surefire.junit4.JUnit4Provider.executeTestSet(JUnit4Provider.java:123)
	at org.apache.maven.surefire.junit4.JUnit4Provider.invoke(JUnit4Provider.java:104)
	at org.apache.maven.surefire.util.ReflectionUtils.invokeMethodWithArray(ReflectionUtils.java:164)
	at org.apache.maven.surefire.booter.ProviderFactory$ProviderProxy.invoke(ProviderFactory.java:110)
	at org.apache.maven.surefire.booter.SurefireStarter.invokeProvider(SurefireStarter.java:175)
	at org.apache.maven.surefire.booter.SurefireStarter.runSuitesInProcessWhenForked(SurefireStarter.java:107)
	at org.apache.maven.surefire.booter.ForkedBooter.main(ForkedBooter.java:68)
Caused by: org.springframework.beans.factory.BeanCreationException: Error creating bean with name &apos;jobResource&apos;: Injection of autowired dependencies failed; nested exception is org.springframework.beans.factory.BeanCreationException: Could not autowire field: private com.rackspace.search.service.zendesk.ZendeskTicketOngoingSyncJob com.rackspace.search.endpoint.JobResource.zendeskTicketOngoingSyncJob; nested exception is org.springframework.beans.factory.BeanCreationException: Error creating bean with name &apos;zendeskTicketOngoingSyncJob&apos;: Injection of autowired dependencies failed; nested exception is org.springframework.beans.factory.BeanCreationException: Could not autowire field: private com.rackspace.search.service.zendesk.ZendeskTicketOngoingSyncActor com.rackspace.search.service.zendesk.ZendeskTicketOngoingSyncJob.ticketActor; nested exception is org.springframework.beans.factory.BeanCreationException: Error creating bean with name &apos;zendeskTicketOngoingSyncActor&apos;: Injection of autowired dependencies failed; nested exception is org.springframework.beans.factory.BeanCreationException: Could not autowire field: private com.rackspace.search.service.zendesk.ZendeskTicketProcessor com.rackspace.search.service.zendesk.ZendeskTicketOngoingSyncActor.zendeskTicketProcessor; nested exception is org.springframework.beans.factory.BeanCreationException: Error creating bean with name &apos;zendeskTicketProcessor&apos;: Injection of autowired dependencies failed; nested exception is org.springframework.beans.factory.BeanCreationException: Could not autowire field: private java.lang.Object com.rackspace.search.service.zendesk.ZendeskTicketProcessor.zendeskIndexName; nested exception is java.lang.IllegalArgumentException: Could not resolve placeholder &apos;zendesk.index.name&apos;
	at org.springframework.beans.factory.annotation.AutowiredAnnotationBeanPostProcessor.postProcessPropertyValues(AutowiredAnnotationBeanPostProcessor.java:288)
	at org.springframework.beans.factory.support.AbstractAutowireCapableBeanFactory.populateBean(AbstractAutowireCapableBeanFactory.java:1074)
	at org.springframework.beans.factory.support.AbstractAutowireCapableBeanFactory.doCreateBean(AbstractAutowireCapableBeanFactory.java:517)
	at org.springframework.beans.factory.support.AbstractAutowireCapableBeanFactory.createBean(AbstractAutowireCapableBeanFactory.java:456)
	at org.springframework.beans.factory.support.AbstractBeanFactory$1.getObject(AbstractBeanFactory.java:293)
	at org.springframework.beans.factory.support.DefaultSingletonBeanRegistry.getSingleton(DefaultSingletonBeanRegistry.java:222)
	at org.springframework.beans.factory.support.AbstractBeanFactory.doGetBean(AbstractBeanFactory.java:290)
	at org.springframework.beans.factory.support.AbstractBeanFactory.getBean(AbstractBeanFactory.java:192)
	at org.springframework.beans.factory.support.DefaultListableBeanFactory.preInstantiateSingletons(DefaultListableBeanFactory.java:585)
	at org.springframework.context.support.AbstractApplicationContext.finishBeanFactoryInitialization(AbstractApplicationContext.java:895)
	at org.springframework.context.support.AbstractApplicationContext.refresh(AbstractApplicationContext.java:425)
	at org.springframework.test.context.support.AbstractGenericContextLoader.loadContext(AbstractGenericContextLoader.java:84)
	at org.springframework.test.context.support.AbstractGenericContextLoader.loadContext(AbstractGenericContextLoader.java:1)
	at org.springframework.test.context.TestContext.loadApplicationContext(TestContext.java:280)
	at org.springframework.test.context.TestContext.getApplicationContext(TestContext.java:304)
	... 18 more
Caused by: org.springframework.beans.factory.BeanCreationException: Could not autowire field: private com.rackspace.search.service.zendesk.ZendeskTicketOngoingSyncJob com.rackspace.search.endpoint.JobResource.zendeskTicketOngoingSyncJob; nested exception is org.springframework.beans.factory.BeanCreationException: Error creating bean with name &apos;zendeskTicketOngoingSyncJob&apos;: Injection of autowired dependencies failed; nested exception is org.springframework.beans.factory.BeanCreationException: Could not autowire field: private com.rackspace.search.service.zendesk.ZendeskTicketOngoingSyncActor com.rackspace.search.service.zendesk.ZendeskTicketOngoingSyncJob.ticketActor; nested exception is org.springframework.beans.factory.BeanCreationException: Error creating bean with name &apos;zendeskTicketOngoingSyncActor&apos;: Injection of autowired dependencies failed; nested exception is org.springframework.beans.factory.BeanCreationException: Could not autowire field: private com.rackspace.search.service.zendesk.ZendeskTicketProcessor com.rackspace.search.service.zendesk.ZendeskTicketOngoingSyncActor.zendeskTicketProcessor; nested exception is org.springframework.beans.factory.BeanCreationException: Error creating bean with name &apos;zendeskTicketProcessor&apos;: Injection of autowired dependencies failed; nested exception is org.springframework.beans.factory.BeanCreationException: Could not autowire field: private java.lang.Object com.rackspace.search.service.zendesk.ZendeskTicketProcessor.zendeskIndexName; nested exception is java.lang.IllegalArgumentException: Could not resolve placeholder &apos;zendesk.index.name&apos;
	at org.springframework.beans.factory.annotation.AutowiredAnnotationBeanPostProcessor$AutowiredFieldElement.inject(AutowiredAnnotationBeanPostProcessor.java:508)
	at org.springframework.beans.factory.annotation.InjectionMetadata.inject(InjectionMetadata.java:84)
	at org.springframework.beans.factory.annotation.AutowiredAnnotationBeanPostProcessor.postProcessPropertyValues(AutowiredAnnotationBeanPostProcessor.java:285)
	... 32 more
Caused by: org.springframework.beans.factory.BeanCreationException: Error creating bean with name &apos;zendeskTicketOngoingSyncJob&apos;: Injection of autowired dependencies failed; nested exception is org.springframework.beans.factory.BeanCreationException: Could not autowire field: private com.rackspace.search.service.zendesk.ZendeskTicketOngoingSyncActor com.rackspace.search.service.zendesk.ZendeskTicketOngoingSyncJob.ticketActor; nested exception is org.springframework.beans.factory.BeanCreationException: Error creating bean with name &apos;zendeskTicketOngoingSyncActor&apos;: Injection of autowired dependencies failed; nested exception is org.springframework.beans.factory.BeanCreationException: Could not autowire field: private com.rackspace.search.service.zendesk.ZendeskTicketProcessor com.rackspace.search.service.zendesk.ZendeskTicketOngoingSyncActor.zendeskTicketProcessor; nested exception is org.springframework.beans.factory.BeanCreationException: Error creating bean with name &apos;zendeskTicketProcessor&apos;: Injection of autowired dependencies failed; nested exception is org.springframework.beans.factory.BeanCreationException: Could not autowire field: private java.lang.Object com.rackspace.search.service.zendesk.ZendeskTicketProcessor.zendeskIndexName; nested exception is java.lang.IllegalArgumentException: Could not resolve placeholder &apos;zendesk.index.name&apos;
	at org.springframework.beans.factory.annotation.AutowiredAnnotationBeanPostProcessor.postProcessPropertyValues(AutowiredAnnotationBeanPostProcessor.java:288)
	at org.springframework.beans.factory.support.AbstractAutowireCapableBeanFactory.populateBean(AbstractAutowireCapableBeanFactory.java:1074)
	at org.springframework.beans.factory.support.AbstractAutowireCapableBeanFactory.doCreateBean(AbstractAutowireCapableBeanFactory.java:517)
	at org.springframework.beans.factory.support.AbstractAutowireCapableBeanFactory.createBean(AbstractAutowireCapableBeanFactory.java:456)
	at org.springframework.beans.factory.support.AbstractBeanFactory$1.getObject(AbstractBeanFactory.java:293)
	at org.springframework.beans.factory.support.DefaultSingletonBeanRegistry.getSingleton(DefaultSingletonBeanRegistry.java:222)
	at org.springframework.beans.factory.support.AbstractBeanFactory.doGetBean(AbstractBeanFactory.java:290)
	at org.springframework.beans.factory.support.AbstractBeanFactory.getBean(AbstractBeanFactory.java:192)
	at org.springframework.beans.factory.support.DefaultListableBeanFactory.findAutowireCandidates(DefaultListableBeanFactory.java:848)
	at org.springframework.beans.factory.support.DefaultListableBeanFactory.doResolveDependency(DefaultListableBeanFactory.java:790)
	at org.springframework.beans.factory.support.DefaultListableBeanFactory.resolveDependency(DefaultListableBeanFactory.java:707)
	at org.springframework.beans.factory.annotation.AutowiredAnnotationBeanPostProcessor$AutowiredFieldElement.inject(AutowiredAnnotationBeanPostProcessor.java:480)
	... 34 more
Caused by: org.springframework.beans.factory.BeanCreationException: Could not autowire field: private com.rackspace.search.service.zendesk.ZendeskTicketOngoingSyncActor com.rackspace.search.service.zendesk.ZendeskTicketOngoingSyncJob.ticketActor; nested exception is org.springframework.beans.factory.BeanCreationException: Error creating bean with name &apos;zendeskTicketOngoingSyncActor&apos;: Injection of autowired dependencies failed; nested exception is org.springframework.beans.factory.BeanCreationException: Could not autowire field: private com.rackspace.search.service.zendesk.ZendeskTicketProcessor com.rackspace.search.service.zendesk.ZendeskTicketOngoingSyncActor.zendeskTicketProcessor; nested exception is org.springframework.beans.factory.BeanCreationException: Error creating bean with name &apos;zendeskTicketProcessor&apos;: Injection of autowired dependencies failed; nested exception is org.springframework.beans.factory.BeanCreationException: Could not autowire field: private java.lang.Object com.rackspace.search.service.zendesk.ZendeskTicketProcessor.zendeskIndexName; nested exception is java.lang.IllegalArgumentException: Could not resolve placeholder &apos;zendesk.index.name&apos;
	at org.springframework.beans.factory.annotation.AutowiredAnnotationBeanPostProcessor$AutowiredFieldElement.inject(AutowiredAnnotationBeanPostProcessor.java:508)
	at org.springframework.beans.factory.annotation.InjectionMetadata.inject(InjectionMetadata.java:84)
	at org.springframework.beans.factory.annotation.AutowiredAnnotationBeanPostProcessor.postProcessPropertyValues(AutowiredAnnotationBeanPostProcessor.java:285)
	... 45 more
Caused by: org.springframework.beans.factory.BeanCreationException: Error creating bean with name &apos;zendeskTicketOngoingSyncActor&apos;: Injection of autowired dependencies failed; nested exception is org.springframework.beans.factory.BeanCreationException: Could not autowire field: private com.rackspace.search.service.zendesk.ZendeskTicketProcessor com.rackspace.search.service.zendesk.ZendeskTicketOngoingSyncActor.zendeskTicketProcessor; nested exception is org.springframework.beans.factory.BeanCreationException: Error creating bean with name &apos;zendeskTicketProcessor&apos;: Injection of autowired dependencies failed; nested exception is org.springframework.beans.factory.BeanCreationException: Could not autowire field: private java.lang.Object com.rackspace.search.service.zendesk.ZendeskTicketProcessor.zendeskIndexName; nested exception is java.lang.IllegalArgumentException: Could not resolve placeholder &apos;zendesk.index.name&apos;
	at org.springframework.beans.factory.annotation.AutowiredAnnotationBeanPostProcessor.postProcessPropertyValues(AutowiredAnnotationBeanPostProcessor.java:288)
	at org.springframework.beans.factory.support.AbstractAutowireCapableBeanFactory.populateBean(AbstractAutowireCapableBeanFactory.java:1074)
	at org.springframework.beans.factory.support.AbstractAutowireCapableBeanFactory.doCreateBean(AbstractAutowireCapableBeanFactory.java:517)
	at org.springframework.beans.factory.support.AbstractAutowireCapableBeanFactory.createBean(AbstractAutowireCapableBeanFactory.java:456)
	at org.springframework.beans.factory.support.AbstractBeanFactory$1.getObject(AbstractBeanFactory.java:293)
	at org.springframework.beans.factory.support.DefaultSingletonBeanRegistry.getSingleton(DefaultSingletonBeanRegistry.java:222)
	at org.springframework.beans.factory.support.AbstractBeanFactory.doGetBean(AbstractBeanFactory.java:290)
	at org.springframework.beans.factory.support.AbstractBeanFactory.getBean(AbstractBeanFactory.java:192)
	at org.springframework.beans.factory.support.DefaultListableBeanFactory.findAutowireCandidates(DefaultListableBeanFactory.java:848)
	at org.springframework.beans.factory.support.DefaultListableBeanFactory.doResolveDependency(DefaultListableBeanFactory.java:790)
	at org.springframework.beans.factory.support.DefaultListableBeanFactory.resolveDependency(DefaultListableBeanFactory.java:707)
	at org.springframework.beans.factory.annotation.AutowiredAnnotationBeanPostProcessor$AutowiredFieldElement.inject(AutowiredAnnotationBeanPostProcessor.java:480)
	... 47 more
Caused by: org.springframework.beans.factory.BeanCreationException: Could not autowire field: private com.rackspace.search.service.zendesk.ZendeskTicketProcessor com.rackspace.search.service.zendesk.ZendeskTicketOngoingSyncActor.zendeskTicketProcessor; nested exception is org.springframework.beans.factory.BeanCreationException: Error creating bean with name &apos;zendeskTicketProcessor&apos;: Injection of autowired dependencies failed; nested exception is org.springframework.beans.factory.BeanCreationException: Could not autowire field: private java.lang.Object com.rackspace.search.service.zendesk.ZendeskTicketProcessor.zendeskIndexName; nested exception is java.lang.IllegalArgumentException: Could not resolve placeholder &apos;zendesk.index.name&apos;
	at org.springframework.beans.factory.annotation.AutowiredAnnotationBeanPostProcessor$AutowiredFieldElement.inject(AutowiredAnnotationBeanPostProcessor.java:508)
	at org.springframework.beans.factory.annotation.InjectionMetadata.inject(InjectionMetadata.java:84)
	at org.springframework.beans.factory.annotation.AutowiredAnnotationBeanPostProcessor.postProcessPropertyValues(AutowiredAnnotationBeanPostProcessor.java:285)
	... 58 more
Caused by: org.springframework.beans.factory.BeanCreationException: Error creating bean with name &apos;zendeskTicketProcessor&apos;: Injection of autowired dependencies failed; nested exception is org.springframework.beans.factory.BeanCreationException: Could not autowire field: private java.lang.Object com.rackspace.search.service.zendesk.ZendeskTicketProcessor.zendeskIndexName; nested exception is java.lang.IllegalArgumentException: Could not resolve placeholder &apos;zendesk.index.name&apos;
	at org.springframework.beans.factory.annotation.AutowiredAnnotationBeanPostProcessor.postProcessPropertyValues(AutowiredAnnotationBeanPostProcessor.java:288)
	at org.springframework.beans.factory.support.AbstractAutowireCapableBeanFactory.populateBean(AbstractAutowireCapableBeanFactory.java:1074)
	at org.springframework.beans.factory.support.AbstractAutowireCapableBeanFactory.doCreateBean(AbstractAutowireCapableBeanFactory.java:517)
	at org.springframework.beans.factory.support.AbstractAutowireCapableBeanFactory.createBean(AbstractAutowireCapableBeanFactory.java:456)
	at org.springframework.beans.factory.support.AbstractBeanFactory$1.getObject(AbstractBeanFactory.java:293)
	at org.springframework.beans.factory.support.DefaultSingletonBeanRegistry.getSingleton(DefaultSingletonBeanRegistry.java:222)
	at org.springframework.beans.factory.support.AbstractBeanFactory.doGetBean(AbstractBeanFactory.java:290)
	at org.springframework.beans.factory.support.AbstractBeanFactory.getBean(AbstractBeanFactory.java:192)
	at org.springframework.beans.factory.support.DefaultListableBeanFactory.findAutowireCandidates(DefaultListableBeanFactory.java:848)
	at org.springframework.beans.factory.support.DefaultListableBeanFactory.doResolveDependency(DefaultListableBeanFactory.java:790)
	at org.springframework.beans.factory.support.DefaultListableBeanFactory.resolveDependency(DefaultListableBeanFactory.java:707)
	at org.springframework.beans.factory.annotation.AutowiredAnnotationBeanPostProcessor$AutowiredFieldElement.inject(AutowiredAnnotationBeanPostProcessor.java:480)
	... 60 more
Caused by: org.springframework.beans.factory.BeanCreationException: Could not autowire field: private java.lang.Object com.rackspace.search.service.zendesk.ZendeskTicketProcessor.zendeskIndexName; nested exception is java.lang.IllegalArgumentException: Could not resolve placeholder &apos;zendesk.index.name&apos;
	at org.springframework.beans.factory.annotation.AutowiredAnnotationBeanPostProcessor$AutowiredFieldElement.inject(AutowiredAnnotationBeanPostProcessor.java:508)
	at org.springframework.beans.factory.annotation.InjectionMetadata.inject(InjectionMetadata.java:84)
	at org.springframework.beans.factory.annotation.AutowiredAnnotationBeanPostProcessor.postProcessPropertyValues(AutowiredAnnotationBeanPostProcessor.java:285)
	... 71 more
Caused by: java.lang.IllegalArgumentException: Could not resolve placeholder &apos;zendesk.index.name&apos;
	at org.springframework.util.PropertyPlaceholderHelper.parseStringValue(PropertyPlaceholderHelper.java:173)
	at org.springframework.util.PropertyPlaceholderHelper.replacePlaceholders(PropertyPlaceholderHelper.java:125)
	at org.springframework.beans.factory.config.PropertyPlaceholderConfigurer$PlaceholderResolvingStringValueResolver.resolveStringValue(PropertyPlaceholderConfigurer.java:403)
	at org.springframework.beans.factory.support.AbstractBeanFactory.resolveEmbeddedValue(AbstractBeanFactory.java:747)
	at org.springframework.beans.factory.support.DefaultListableBeanFactory.doResolveDependency(DefaultListableBeanFactory.java:717)
	at org.springframework.beans.factory.support.DefaultListableBeanFactory.resolveDependency(DefaultListableBeanFactory.java:707)
	at org.springframework.beans.factory.annotation.AutowiredAnnotationBeanPostProcessor$AutowiredFieldElement.inject(AutowiredAnnotationBeanPostProcessor.java:480)
	... 73 more
</errorStackTrace>
          <errorDetails>Failed to load ApplicationContext</errorDetails>
          <stdout>22:04:58.415 [main] INFO  c.r.s.common.property.PropertyProvider - Loading properties file from file [/var/lib/jenkins/jobs/Samatha Fork/workspace/service/target/properties/local/search.properties]
22:04:58.416 [main] INFO  c.r.s.common.property.PropertyProvider - Loading properties file from file [/var/lib/jenkins/jobs/Samatha Fork/workspace/service/target/properties/local/search.secrets.properties]
22:04:58.417 [main] INFO  c.r.s.common.property.PropertyProvider - Loading properties file from file [/var/lib/jenkins/jobs/Samatha Fork/workspace/service/target/properties/local/elasticsearch.properties]
22:04:58.473 [main] INFO  c.r.s.elasticsearch.ElasticSearchServer - Starting the Elastic Search server node:
22:04:58.477 [main] INFO  org.elasticsearch.node - [ticket.node] {0.90.2}[25471]: initializing ...
22:04:58.479 [main] INFO  org.elasticsearch.plugins - [ticket.node] loaded [action-updatebyquery], sites []
22:04:59.106 [main] INFO  org.elasticsearch.node - [ticket.node] {0.90.2}[25471]: initialized
22:04:59.107 [main] INFO  c.r.s.elasticsearch.ElasticSearchServer - Starting the Elastic Search server node with these settings:
22:04:59.110 [main] INFO  c.r.s.elasticsearch.ElasticSearchServer - Elasticsearch Settings :  [elastic.config.path:/var/lib/jenkins/jobs/Samatha Fork/workspace/service/target/properties/local/elasticsearch, path.data:/var/lib/jenkins/jobs/Samatha Fork/workspace/service/target/elasticsearch/data, cluster.name:ticket.cluster, ticket.search.allowedNestedParams:account.contacts.name,account.contacts.role,account.contacts.sso, core.secondpass.lookbacktime.minutes:15, http.connection.timeout.in.milliseconds:65000, index.analysis.analyzer.search_standard.type:standard, cluster.health.check.wait.time.seconds:120, path.conf:/var/lib/jenkins/jobs/Samatha Fork/workspace/service/target/properties/local/elasticsearch, syncRequest.max.documents.size:250, ticket.ongoingsync.delay.seconds:2, core.account.caching.enabled:true, path.logs:/var/lib/jenkins/jobs/Samatha Fork/workspace/service/target/elasticsearch/logs, http.enabled:true, ticket.document.idName:number, core.api.endpoint:https://ws.integration.core.rackspace.com/ctkapi, transport.tcp.compress:true, account.highprofile.name:HIGH_PROFILE, core.ongoingsync.loopback.time.seconds:120, account.cache.expiration.time.minutes:120, account.api.username:hybrid_ui, ticket.index.name:ticket, admin.index.name:admin, default.page.size:100, indices.structure:/indices_structure.json, account.filter.necessary.updates:true, index.store.fs.memory.enabled:false, index.number_of_shards:5, syncRequest.search.allowedRangeParams:createdAt,lastRunAt,documentLastUpdatedTimestamp, admin.document.type:syncJob, node.data:true, max.page.size:500, node.name:ticket.node, ticket.core.date.timezone:CST, ticket.search.allowedRangeParams:createdAt,updatedAt,lastPublicCommentDate,updateEventDate,documentLastUpdatedTimestamp, account.document.type:account, core.driver.class:org.postgresql.Driver, ticket.cache.expiration.time.minutes:120, core.api.username:rcameron, syncRequest.document.idName:id, discovery.zen.ping.multicast.enabled:false, core.db.url:jdbc:postgresql://integration.db.core.rackspace.com:5432/core_dev, account.update.tickets.pageSize:250, core.account.updates.enabled:true, account.document.versionParam:updatedAt, index.analysis.analyzer.search_standard.filter:[lowercase], bootstrap.mlockall:true, ticket.core.dateformat:yyyy-MM-dd HH:mm:ss, coreaccount.document.type:coreaccount, coreticket.onetimesync.usedb:true, node.master:true, coreaccount.document.idName:id, syncRequest.document.type:syncRequest, core.account.filter.necessary.updates:true, index.number_of_replicas:0, account.api.events.path:v1.0/accounts/events.atom, account.index.name:account, ticket.document.versionParam:updateEventDate, ticket.core.dateformat.with.millis:yyyy-MM-dd HH:mm:ss.SSSSSS, core.account.cache.expiration.time.minutes:120, ticket.document.type:ticket, account.caching.enabled:true, coreaccount.document.versionParam:updatedAt, ticket.caching.enabled:true, admin.document.idName:name, syncRequest.search.allowedTermParams:documentType,status,createdAt,lastRunAt,documentLastUpdatedTimestamp, core.secondpass.enabled:true, account.api.accounts.path:v1.0/accounts, cluster.routing.allocation.awareness.attributes:machine, facets.display.count:100, core.db.username:usq_read, node.machine:ticket.node, syncRequest.index.name:admin, ticket.search.allowedTermParams:sourceSystem,number,createdAt,updatedAt,updateEventDate,lastPublicCommentDate,status,queue.name,category,categoryObj.name,categoryObj.id,priority,assignee.name,hasWindowsServers,hasLinuxServers,severityName,assignee.sso,queue.id,accountServiceLevel,accountTeamTerritoryCode,account.serviceLevel,account.teamTerritoryCode,statusTypes,account.team,account.id,account.rcn,account.status,account.highProfile,documentLastUpdatedTimestamp,account.teamSegment,submitter.name,submitter.sso,account.contacts.name,account.contacts.role,account.contacts.sso,subCategoryObj.name,subCategoryObj.id,assignee.id,submitter.id, use.updateByQueryPlugin:false, account.api.endpoint:https://test.account.api.rackspace.com/, updated.timestamp.field.name:documentLastUpdatedTimestamp, ticket.elastic.dateformat:yyyy-MM-dd&apos;T&apos;HH:mm:ss.SSSZ, action.auto_create_index:1, account.document.idName:id, name:ticket.node] 
22:04:59.112 [main] INFO  org.elasticsearch.node - [ticket.node] {0.90.2}[25471]: starting ...
22:04:59.191 [main] INFO  org.elasticsearch.transport - [ticket.node] bound_address {inet[/0:0:0:0:0:0:0:0:9300]}, publish_address {inet[/10.14.208.252:9300]}
22:05:02.250 [elasticsearch[ticket.node][clusterService#updateTask][T#1]] INFO  org.elasticsearch.cluster.service - [ticket.node] new_master [ticket.node][K0qqlf4UTfm6Mzn86hGOuw][inet[/10.14.208.252:9300]]{machine=ticket.node, master=true}, reason: zen-disco-join (elected_as_master)
22:05:02.272 [main] INFO  org.elasticsearch.discovery - [ticket.node] ticket.cluster/K0qqlf4UTfm6Mzn86hGOuw
22:05:02.277 [main] INFO  org.elasticsearch.http - [ticket.node] bound_address {inet[/0:0:0:0:0:0:0:0:9200]}, publish_address {inet[/10.14.208.252:9200]}
22:05:02.277 [main] INFO  org.elasticsearch.node - [ticket.node] {0.90.2}[25471]: started
22:05:02.278 [main] INFO  c.r.s.elasticsearch.ElasticSearchServer - Elastic Search server is started.
22:05:02.278 [main] INFO  c.r.s.elasticsearch.ElasticSearchServer - ES cluster status is GREEN. Waiting for ES recovery.
22:05:02.278 [main] INFO  c.r.s.elasticsearch.ElasticSearchServer - Elastic Search Cluster Staus is GREEN
22:05:02.395 [elasticsearch[ticket.node][clusterService#updateTask][T#1]] INFO  org.elasticsearch.gateway - [ticket.node] recovered [0] indices into cluster_state
22:05:03.075 [main] ERROR c.r.s.e.client.ElasticSearchClient - Index is missing
org.elasticsearch.indices.IndexMissingException: [admin] missing
	at org.elasticsearch.cluster.metadata.MetaData.concreteIndex(MetaData.java:616) ~[elasticsearch-0.90.2.jar:na]
	at org.elasticsearch.action.get.TransportGetAction.resolveRequest(TransportGetAction.java:90) ~[elasticsearch-0.90.2.jar:na]
	at org.elasticsearch.action.get.TransportGetAction.resolveRequest(TransportGetAction.java:42) ~[elasticsearch-0.90.2.jar:na]
	at org.elasticsearch.action.support.single.shard.TransportShardSingleOperationAction$AsyncSingleAction.&lt;init&gt;(TransportShardSingleOperationAction.java:114) ~[elasticsearch-0.90.2.jar:na]
	at org.elasticsearch.action.support.single.shard.TransportShardSingleOperationAction$AsyncSingleAction.&lt;init&gt;(TransportShardSingleOperationAction.java:94) ~[elasticsearch-0.90.2.jar:na]
	at org.elasticsearch.action.support.single.shard.TransportShardSingleOperationAction.doExecute(TransportShardSingleOperationAction.java:71) ~[elasticsearch-0.90.2.jar:na]
	at org.elasticsearch.action.support.single.shard.TransportShardSingleOperationAction.doExecute(TransportShardSingleOperationAction.java:46) ~[elasticsearch-0.90.2.jar:na]
	at org.elasticsearch.action.support.TransportAction.execute(TransportAction.java:61) ~[elasticsearch-0.90.2.jar:na]
	at org.elasticsearch.client.node.NodeClient.execute(NodeClient.java:92) ~[elasticsearch-0.90.2.jar:na]
	at org.elasticsearch.client.support.AbstractClient.get(AbstractClient.java:179) ~[elasticsearch-0.90.2.jar:na]
	at org.elasticsearch.action.get.GetRequestBuilder.doExecute(GetRequestBuilder.java:112) ~[elasticsearch-0.90.2.jar:na]
	at org.elasticsearch.action.ActionRequestBuilder.execute(ActionRequestBuilder.java:62) ~[elasticsearch-0.90.2.jar:na]
	at org.elasticsearch.action.ActionRequestBuilder.execute(ActionRequestBuilder.java:57) ~[elasticsearch-0.90.2.jar:na]
	at org.elasticsearch.action.ActionRequestBuilder$execute.call(Unknown Source) ~[na:na]
	at com.rackspace.search.elasticsearch.client.ElasticSearchClient.getDocument(ElasticSearchClient.groovy:209) ~[classes/:na]
	at com.rackspace.search.elasticsearch.client.ElasticSearchClient$getDocument.call(Unknown Source) [classes/:na]
	at com.rackspace.search.service.JobService.getJob(JobService.groovy:56) [classes/:na]
	at com.rackspace.search.service.JobService$getJob$0.callCurrent(Unknown Source) [classes/:na]
	at com.rackspace.search.service.JobService.getJob(JobService.groovy:52) [classes/:na]
	at com.rackspace.search.service.JobService$getJob.call(Unknown Source) [classes/:na]
	at com.rackspace.search.service.admin.AccountOndemandSyncJob.windupActivities(AccountOndemandSyncJob.groovy:119) [classes/:na]
	at sun.reflect.NativeMethodAccessorImpl.invoke0(Native Method) ~[na:1.6.0_38]
	at sun.reflect.NativeMethodAccessorImpl.invoke(NativeMethodAccessorImpl.java:39) ~[na:1.6.0_38]
	at sun.reflect.DelegatingMethodAccessorImpl.invoke(DelegatingMethodAccessorImpl.java:25) ~[na:1.6.0_38]
	at java.lang.reflect.Method.invoke(Method.java:597) ~[na:1.6.0_38]
	at org.springframework.beans.factory.annotation.InitDestroyAnnotationBeanPostProcessor$LifecycleElement.invoke(InitDestroyAnnotationBeanPostProcessor.java:340) [spring-beans-3.0.6.RELEASE.jar:3.0.6.RELEASE]
	at org.springframework.beans.factory.annotation.InitDestroyAnnotationBeanPostProcessor$LifecycleMetadata.invokeDestroyMethods(InitDestroyAnnotationBeanPostProcessor.java:305) [spring-beans-3.0.6.RELEASE.jar:3.0.6.RELEASE]
	at org.springframework.beans.factory.annotation.InitDestroyAnnotationBeanPostProcessor.postProcessBeforeDestruction(InitDestroyAnnotationBeanPostProcessor.java:148) [spring-beans-3.0.6.RELEASE.jar:3.0.6.RELEASE]
	at org.springframework.beans.factory.support.DisposableBeanAdapter.destroy(DisposableBeanAdapter.java:166) [spring-beans-3.0.6.RELEASE.jar:3.0.6.RELEASE]
	at org.springframework.beans.factory.support.DefaultSingletonBeanRegistry.destroyBean(DefaultSingletonBeanRegistry.java:487) [spring-beans-3.0.6.RELEASE.jar:3.0.6.RELEASE]
	at org.springframework.beans.factory.support.DefaultSingletonBeanRegistry.destroySingleton(DefaultSingletonBeanRegistry.java:463) [spring-beans-3.0.6.RELEASE.jar:3.0.6.RELEASE]
	at org.springframework.beans.factory.support.DefaultSingletonBeanRegistry.destroySingletons(DefaultSingletonBeanRegistry.java:431) [spring-beans-3.0.6.RELEASE.jar:3.0.6.RELEASE]
	at org.springframework.context.support.AbstractApplicationContext.destroyBeans(AbstractApplicationContext.java:1048) [spring-context-3.0.6.RELEASE.jar:3.0.6.RELEASE]
	at org.springframework.context.support.AbstractApplicationContext.refresh(AbstractApplicationContext.java:433) [spring-context-3.0.6.RELEASE.jar:3.0.6.RELEASE]
	at org.springframework.test.context.support.AbstractGenericContextLoader.loadContext(AbstractGenericContextLoader.java:84) [spring-test-3.0.6.RELEASE.jar:3.0.6.RELEASE]
	at org.springframework.test.context.support.AbstractGenericContextLoader.loadContext(AbstractGenericContextLoader.java:1) [spring-test-3.0.6.RELEASE.jar:3.0.6.RELEASE]
	at org.springframework.test.context.TestContext.loadApplicationContext(TestContext.java:280) [spring-test-3.0.6.RELEASE.jar:3.0.6.RELEASE]
	at org.springframework.test.context.TestContext.getApplicationContext(TestContext.java:304) [spring-test-3.0.6.RELEASE.jar:3.0.6.RELEASE]
	at org.springframework.test.context.support.DependencyInjectionTestExecutionListener.injectDependencies(DependencyInjectionTestExecutionListener.java:109) [spring-test-3.0.6.RELEASE.jar:3.0.6.RELEASE]
	at org.springframework.test.context.support.DependencyInjectionTestExecutionListener.prepareTestInstance(DependencyInjectionTestExecutionListener.java:75) [spring-test-3.0.6.RELEASE.jar:3.0.6.RELEASE]
	at org.springframework.test.context.TestContextManager.prepareTestInstance(TestContextManager.java:321) [spring-test-3.0.6.RELEASE.jar:3.0.6.RELEASE]
	at org.spockframework.spring.SpringTestContextManager.prepareTestInstance(SpringTestContextManager.java:49) [spock-spring-0.7-groovy-2.0.jar:na]
	at org.spockframework.spring.SpringInterceptor.interceptSetupMethod(SpringInterceptor.java:42) [spock-spring-0.7-groovy-2.0.jar:na]
	at org.spockframework.runtime.extension.AbstractMethodInterceptor.intercept(AbstractMethodInterceptor.java:28) [spock-core-0.7-groovy-2.0.jar:na]
	at org.spockframework.runtime.extension.MethodInvocation.proceed(MethodInvocation.java:84) [spock-core-0.7-groovy-2.0.jar:na]
	at org.spockframework.runtime.BaseSpecRunner.invoke(BaseSpecRunner.java:319) [spock-core-0.7-groovy-2.0.jar:na]
	at org.spockframework.runtime.BaseSpecRunner.invokeSetup(BaseSpecRunner.java:279) [spock-core-0.7-groovy-2.0.jar:na]
	at org.spockframework.runtime.BaseSpecRunner.doRunIteration(BaseSpecRunner.java:255) [spock-core-0.7-groovy-2.0.jar:na]
	at sun.reflect.GeneratedMethodAccessor5.invoke(Unknown Source) ~[na:na]
	at sun.reflect.DelegatingMethodAccessorImpl.invoke(DelegatingMethodAccessorImpl.java:25) ~[na:1.6.0_38]
	at java.lang.reflect.Method.invoke(Method.java:597) ~[na:1.6.0_38]
	at org.spockframework.util.ReflectionUtil.invokeMethod(ReflectionUtil.java:138) [spock-core-0.7-groovy-2.0.jar:na]
	at org.spockframework.runtime.BaseSpecRunner.invokeRaw(BaseSpecRunner.java:330) [spock-core-0.7-groovy-2.0.jar:na]
	at org.spockframework.runtime.BaseSpecRunner.invoke(BaseSpecRunner.java:311) [spock-core-0.7-groovy-2.0.jar:na]
	at org.spockframework.runtime.BaseSpecRunner.runIteration(BaseSpecRunner.java:223) [spock-core-0.7-groovy-2.0.jar:na]
	at org.spockframework.runtime.BaseSpecRunner.initializeAndRunIteration(BaseSpecRunner.java:214) [spock-core-0.7-groovy-2.0.jar:na]
	at org.spockframework.runtime.BaseSpecRunner.runSimpleFeature(BaseSpecRunner.java:205) [spock-core-0.7-groovy-2.0.jar:na]
	at org.spockframework.runtime.BaseSpecRunner.doRunFeature(BaseSpecRunner.java:199) [spock-core-0.7-groovy-2.0.jar:na]
	at sun.reflect.GeneratedMethodAccessor7.invoke(Unknown Source) ~[na:na]
	at sun.reflect.DelegatingMethodAccessorImpl.invoke(DelegatingMethodAccessorImpl.java:25) ~[na:1.6.0_38]
	at java.lang.reflect.Method.invoke(Method.java:597) ~[na:1.6.0_38]
	at org.spockframework.util.ReflectionUtil.invokeMethod(ReflectionUtil.java:138) [spock-core-0.7-groovy-2.0.jar:na]
	at org.spockframework.runtime.BaseSpecRunner.invokeRaw(BaseSpecRunner.java:330) [spock-core-0.7-groovy-2.0.jar:na]
	at org.spockframework.runtime.BaseSpecRunner.invoke(BaseSpecRunner.java:311) [spock-core-0.7-groovy-2.0.jar:na]
	at org.spockframework.runtime.BaseSpecRunner.runFeature(BaseSpecRunner.java:175) [spock-core-0.7-groovy-2.0.jar:na]
	at org.spockframework.runtime.BaseSpecRunner.runFeatures(BaseSpecRunner.java:152) [spock-core-0.7-groovy-2.0.jar:na]
	at org.spockframework.runtime.BaseSpecRunner.doRunSpec(BaseSpecRunner.java:112) [spock-core-0.7-groovy-2.0.jar:na]
	at sun.reflect.GeneratedMethodAccessor11.invoke(Unknown Source) ~[na:na]
	at sun.reflect.DelegatingMethodAccessorImpl.invoke(DelegatingMethodAccessorImpl.java:25) ~[na:1.6.0_38]
	at java.lang.reflect.Method.invoke(Method.java:597) ~[na:1.6.0_38]
	at org.spockframework.util.ReflectionUtil.invokeMethod(ReflectionUtil.java:138) [spock-core-0.7-groovy-2.0.jar:na]
	at org.spockframework.runtime.BaseSpecRunner.invokeRaw(BaseSpecRunner.java:330) [spock-core-0.7-groovy-2.0.jar:na]
	at org.spockframework.runtime.BaseSpecRunner.invoke(BaseSpecRunner.java:311) [spock-core-0.7-groovy-2.0.jar:na]
	at org.spockframework.runtime.BaseSpecRunner.runSpec(BaseSpecRunner.java:91) [spock-core-0.7-groovy-2.0.jar:na]
	at org.spockframework.runtime.BaseSpecRunner.run(BaseSpecRunner.java:82) [spock-core-0.7-groovy-2.0.jar:na]
	at org.spockframework.runtime.Sputnik.run(Sputnik.java:63) [spock-core-0.7-groovy-2.0.jar:na]
	at org.apache.maven.surefire.junit4.JUnit4TestSet.execute(JUnit4TestSet.java:53) [surefire-junit4-2.10.jar:2.10]
	at org.apache.maven.surefire.junit4.JUnit4Provider.executeTestSet(JUnit4Provider.java:123) [surefire-junit4-2.10.jar:2.10]
	at org.apache.maven.surefire.junit4.JUnit4Provider.invoke(JUnit4Provider.java:104) [surefire-junit4-2.10.jar:2.10]
	at sun.reflect.NativeMethodAccessorImpl.invoke0(Native Method) ~[na:1.6.0_38]
	at sun.reflect.NativeMethodAccessorImpl.invoke(NativeMethodAccessorImpl.java:39) ~[na:1.6.0_38]
	at sun.reflect.DelegatingMethodAccessorImpl.invoke(DelegatingMethodAccessorImpl.java:25) ~[na:1.6.0_38]
	at java.lang.reflect.Method.invoke(Method.java:597) ~[na:1.6.0_38]
	at org.apache.maven.surefire.util.ReflectionUtils.invokeMethodWithArray(ReflectionUtils.java:164) [surefire-api-2.10.jar:2.10]
	at org.apache.maven.surefire.booter.ProviderFactory$ProviderProxy.invoke(ProviderFactory.java:110) [surefire-booter-2.10.jar:2.10]
	at org.apache.maven.surefire.booter.SurefireStarter.invokeProvider(SurefireStarter.java:175) [surefire-booter-2.10.jar:2.10]
	at org.apache.maven.surefire.booter.SurefireStarter.runSuitesInProcessWhenForked(SurefireStarter.java:107) [surefire-booter-2.10.jar:2.10]
	at org.apache.maven.surefire.booter.ForkedBooter.main(ForkedBooter.java:68) [surefire-booter-2.10.jar:2.10]
22:05:03.076 [main] WARN  o.s.c.a.CommonAnnotationBeanPostProcessor - Invocation of destroy method failed on bean with name &apos;accountOndemandSyncJob&apos;: com.rackspace.search.exception.NotFoundException: Index is missing
22:05:03.081 [main] ERROR c.r.s.e.client.ElasticSearchClient - Index is missing
org.elasticsearch.indices.IndexMissingException: [admin] missing
	at org.elasticsearch.cluster.metadata.MetaData.concreteIndex(MetaData.java:616) ~[elasticsearch-0.90.2.jar:na]
	at org.elasticsearch.action.get.TransportGetAction.resolveRequest(TransportGetAction.java:90) ~[elasticsearch-0.90.2.jar:na]
	at org.elasticsearch.action.get.TransportGetAction.resolveRequest(TransportGetAction.java:42) ~[elasticsearch-0.90.2.jar:na]
	at org.elasticsearch.action.support.single.shard.TransportShardSingleOperationAction$AsyncSingleAction.&lt;init&gt;(TransportShardSingleOperationAction.java:114) ~[elasticsearch-0.90.2.jar:na]
	at org.elasticsearch.action.support.single.shard.TransportShardSingleOperationAction$AsyncSingleAction.&lt;init&gt;(TransportShardSingleOperationAction.java:94) ~[elasticsearch-0.90.2.jar:na]
	at org.elasticsearch.action.support.single.shard.TransportShardSingleOperationAction.doExecute(TransportShardSingleOperationAction.java:71) ~[elasticsearch-0.90.2.jar:na]
	at org.elasticsearch.action.support.single.shard.TransportShardSingleOperationAction.doExecute(TransportShardSingleOperationAction.java:46) ~[elasticsearch-0.90.2.jar:na]
	at org.elasticsearch.action.support.TransportAction.execute(TransportAction.java:61) ~[elasticsearch-0.90.2.jar:na]
	at org.elasticsearch.client.node.NodeClient.execute(NodeClient.java:92) ~[elasticsearch-0.90.2.jar:na]
	at org.elasticsearch.client.support.AbstractClient.get(AbstractClient.java:179) ~[elasticsearch-0.90.2.jar:na]
	at org.elasticsearch.action.get.GetRequestBuilder.doExecute(GetRequestBuilder.java:112) ~[elasticsearch-0.90.2.jar:na]
	at org.elasticsearch.action.ActionRequestBuilder.execute(ActionRequestBuilder.java:62) ~[elasticsearch-0.90.2.jar:na]
	at org.elasticsearch.action.ActionRequestBuilder.execute(ActionRequestBuilder.java:57) ~[elasticsearch-0.90.2.jar:na]
	at org.elasticsearch.action.ActionRequestBuilder$execute.call(Unknown Source) ~[na:na]
	at com.rackspace.search.elasticsearch.client.ElasticSearchClient.getDocument(ElasticSearchClient.groovy:209) ~[classes/:na]
	at com.rackspace.search.elasticsearch.client.ElasticSearchClient$getDocument.call(Unknown Source) [classes/:na]
	at com.rackspace.search.service.JobService.getJob(JobService.groovy:56) [classes/:na]
	at com.rackspace.search.service.JobService$getJob$0.callCurrent(Unknown Source) [classes/:na]
	at com.rackspace.search.service.JobService.getJob(JobService.groovy:52) [classes/:na]
	at com.rackspace.search.service.JobService$getJob.call(Unknown Source) [classes/:na]
	at com.rackspace.search.service.account.CoreAccountOnetimeSyncJob.windupActivities(CoreAccountOnetimeSyncJob.groovy:58) [classes/:na]
	at sun.reflect.NativeMethodAccessorImpl.invoke0(Native Method) ~[na:1.6.0_38]
	at sun.reflect.NativeMethodAccessorImpl.invoke(NativeMethodAccessorImpl.java:39) ~[na:1.6.0_38]
	at sun.reflect.DelegatingMethodAccessorImpl.invoke(DelegatingMethodAccessorImpl.java:25) ~[na:1.6.0_38]
	at java.lang.reflect.Method.invoke(Method.java:597) ~[na:1.6.0_38]
	at org.springframework.beans.factory.annotation.InitDestroyAnnotationBeanPostProcessor$LifecycleElement.invoke(InitDestroyAnnotationBeanPostProcessor.java:340) [spring-beans-3.0.6.RELEASE.jar:3.0.6.RELEASE]
	at org.springframework.beans.factory.annotation.InitDestroyAnnotationBeanPostProcessor$LifecycleMetadata.invokeDestroyMethods(InitDestroyAnnotationBeanPostProcessor.java:305) [spring-beans-3.0.6.RELEASE.jar:3.0.6.RELEASE]
	at org.springframework.beans.factory.annotation.InitDestroyAnnotationBeanPostProcessor.postProcessBeforeDestruction(InitDestroyAnnotationBeanPostProcessor.java:148) [spring-beans-3.0.6.RELEASE.jar:3.0.6.RELEASE]
	at org.springframework.beans.factory.support.DisposableBeanAdapter.destroy(DisposableBeanAdapter.java:166) [spring-beans-3.0.6.RELEASE.jar:3.0.6.RELEASE]
	at org.springframework.beans.factory.support.DefaultSingletonBeanRegistry.destroyBean(DefaultSingletonBeanRegistry.java:487) [spring-beans-3.0.6.RELEASE.jar:3.0.6.RELEASE]
	at org.springframework.beans.factory.support.DefaultSingletonBeanRegistry.destroySingleton(DefaultSingletonBeanRegistry.java:463) [spring-beans-3.0.6.RELEASE.jar:3.0.6.RELEASE]
	at org.springframework.beans.factory.support.DefaultSingletonBeanRegistry.destroySingletons(DefaultSingletonBeanRegistry.java:431) [spring-beans-3.0.6.RELEASE.jar:3.0.6.RELEASE]
	at org.springframework.context.support.AbstractApplicationContext.destroyBeans(AbstractApplicationContext.java:1048) [spring-context-3.0.6.RELEASE.jar:3.0.6.RELEASE]
	at org.springframework.context.support.AbstractApplicationContext.refresh(AbstractApplicationContext.java:433) [spring-context-3.0.6.RELEASE.jar:3.0.6.RELEASE]
	at org.springframework.test.context.support.AbstractGenericContextLoader.loadContext(AbstractGenericContextLoader.java:84) [spring-test-3.0.6.RELEASE.jar:3.0.6.RELEASE]
	at org.springframework.test.context.support.AbstractGenericContextLoader.loadContext(AbstractGenericContextLoader.java:1) [spring-test-3.0.6.RELEASE.jar:3.0.6.RELEASE]
	at org.springframework.test.context.TestContext.loadApplicationContext(TestContext.java:280) [spring-test-3.0.6.RELEASE.jar:3.0.6.RELEASE]
	at org.springframework.test.context.TestContext.getApplicationContext(TestContext.java:304) [spring-test-3.0.6.RELEASE.jar:3.0.6.RELEASE]
	at org.springframework.test.context.support.DependencyInjectionTestExecutionListener.injectDependencies(DependencyInjectionTestExecutionListener.java:109) [spring-test-3.0.6.RELEASE.jar:3.0.6.RELEASE]
	at org.springframework.test.context.support.DependencyInjectionTestExecutionListener.prepareTestInstance(DependencyInjectionTestExecutionListener.java:75) [spring-test-3.0.6.RELEASE.jar:3.0.6.RELEASE]
	at org.springframework.test.context.TestContextManager.prepareTestInstance(TestContextManager.java:321) [spring-test-3.0.6.RELEASE.jar:3.0.6.RELEASE]
	at org.spockframework.spring.SpringTestContextManager.prepareTestInstance(SpringTestContextManager.java:49) [spock-spring-0.7-groovy-2.0.jar:na]
	at org.spockframework.spring.SpringInterceptor.interceptSetupMethod(SpringInterceptor.java:42) [spock-spring-0.7-groovy-2.0.jar:na]
	at org.spockframework.runtime.extension.AbstractMethodInterceptor.intercept(AbstractMethodInterceptor.java:28) [spock-core-0.7-groovy-2.0.jar:na]
	at org.spockframework.runtime.extension.MethodInvocation.proceed(MethodInvocation.java:84) [spock-core-0.7-groovy-2.0.jar:na]
	at org.spockframework.runtime.BaseSpecRunner.invoke(BaseSpecRunner.java:319) [spock-core-0.7-groovy-2.0.jar:na]
	at org.spockframework.runtime.BaseSpecRunner.invokeSetup(BaseSpecRunner.java:279) [spock-core-0.7-groovy-2.0.jar:na]
	at org.spockframework.runtime.BaseSpecRunner.doRunIteration(BaseSpecRunner.java:255) [spock-core-0.7-groovy-2.0.jar:na]
	at sun.reflect.GeneratedMethodAccessor5.invoke(Unknown Source) ~[na:na]
	at sun.reflect.DelegatingMethodAccessorImpl.invoke(DelegatingMethodAccessorImpl.java:25) ~[na:1.6.0_38]
	at java.lang.reflect.Method.invoke(Method.java:597) ~[na:1.6.0_38]
	at org.spockframework.util.ReflectionUtil.invokeMethod(ReflectionUtil.java:138) [spock-core-0.7-groovy-2.0.jar:na]
	at org.spockframework.runtime.BaseSpecRunner.invokeRaw(BaseSpecRunner.java:330) [spock-core-0.7-groovy-2.0.jar:na]
	at org.spockframework.runtime.BaseSpecRunner.invoke(BaseSpecRunner.java:311) [spock-core-0.7-groovy-2.0.jar:na]
	at org.spockframework.runtime.BaseSpecRunner.runIteration(BaseSpecRunner.java:223) [spock-core-0.7-groovy-2.0.jar:na]
	at org.spockframework.runtime.BaseSpecRunner.initializeAndRunIteration(BaseSpecRunner.java:214) [spock-core-0.7-groovy-2.0.jar:na]
	at org.spockframework.runtime.BaseSpecRunner.runSimpleFeature(BaseSpecRunner.java:205) [spock-core-0.7-groovy-2.0.jar:na]
	at org.spockframework.runtime.BaseSpecRunner.doRunFeature(BaseSpecRunner.java:199) [spock-core-0.7-groovy-2.0.jar:na]
	at sun.reflect.GeneratedMethodAccessor7.invoke(Unknown Source) ~[na:na]
	at sun.reflect.DelegatingMethodAccessorImpl.invoke(DelegatingMethodAccessorImpl.java:25) ~[na:1.6.0_38]
	at java.lang.reflect.Method.invoke(Method.java:597) ~[na:1.6.0_38]
	at org.spockframework.util.ReflectionUtil.invokeMethod(ReflectionUtil.java:138) [spock-core-0.7-groovy-2.0.jar:na]
	at org.spockframework.runtime.BaseSpecRunner.invokeRaw(BaseSpecRunner.java:330) [spock-core-0.7-groovy-2.0.jar:na]
	at org.spockframework.runtime.BaseSpecRunner.invoke(BaseSpecRunner.java:311) [spock-core-0.7-groovy-2.0.jar:na]
	at org.spockframework.runtime.BaseSpecRunner.runFeature(BaseSpecRunner.java:175) [spock-core-0.7-groovy-2.0.jar:na]
	at org.spockframework.runtime.BaseSpecRunner.runFeatures(BaseSpecRunner.java:152) [spock-core-0.7-groovy-2.0.jar:na]
	at org.spockframework.runtime.BaseSpecRunner.doRunSpec(BaseSpecRunner.java:112) [spock-core-0.7-groovy-2.0.jar:na]
	at sun.reflect.GeneratedMethodAccessor11.invoke(Unknown Source) ~[na:na]
	at sun.reflect.DelegatingMethodAccessorImpl.invoke(DelegatingMethodAccessorImpl.java:25) ~[na:1.6.0_38]
	at java.lang.reflect.Method.invoke(Method.java:597) ~[na:1.6.0_38]
	at org.spockframework.util.ReflectionUtil.invokeMethod(ReflectionUtil.java:138) [spock-core-0.7-groovy-2.0.jar:na]
	at org.spockframework.runtime.BaseSpecRunner.invokeRaw(BaseSpecRunner.java:330) [spock-core-0.7-groovy-2.0.jar:na]
	at org.spockframework.runtime.BaseSpecRunner.invoke(BaseSpecRunner.java:311) [spock-core-0.7-groovy-2.0.jar:na]
	at org.spockframework.runtime.BaseSpecRunner.runSpec(BaseSpecRunner.java:91) [spock-core-0.7-groovy-2.0.jar:na]
	at org.spockframework.runtime.BaseSpecRunner.run(BaseSpecRunner.java:82) [spock-core-0.7-groovy-2.0.jar:na]
	at org.spockframework.runtime.Sputnik.run(Sputnik.java:63) [spock-core-0.7-groovy-2.0.jar:na]
	at org.apache.maven.surefire.junit4.JUnit4TestSet.execute(JUnit4TestSet.java:53) [surefire-junit4-2.10.jar:2.10]
	at org.apache.maven.surefire.junit4.JUnit4Provider.executeTestSet(JUnit4Provider.java:123) [surefire-junit4-2.10.jar:2.10]
	at org.apache.maven.surefire.junit4.JUnit4Provider.invoke(JUnit4Provider.java:104) [surefire-junit4-2.10.jar:2.10]
	at sun.reflect.NativeMethodAccessorImpl.invoke0(Native Method) ~[na:1.6.0_38]
	at sun.reflect.NativeMethodAccessorImpl.invoke(NativeMethodAccessorImpl.java:39) ~[na:1.6.0_38]
	at sun.reflect.DelegatingMethodAccessorImpl.invoke(DelegatingMethodAccessorImpl.java:25) ~[na:1.6.0_38]
	at java.lang.reflect.Method.invoke(Method.java:597) ~[na:1.6.0_38]
	at org.apache.maven.surefire.util.ReflectionUtils.invokeMethodWithArray(ReflectionUtils.java:164) [surefire-api-2.10.jar:2.10]
	at org.apache.maven.surefire.booter.ProviderFactory$ProviderProxy.invoke(ProviderFactory.java:110) [surefire-booter-2.10.jar:2.10]
	at org.apache.maven.surefire.booter.SurefireStarter.invokeProvider(SurefireStarter.java:175) [surefire-booter-2.10.jar:2.10]
	at org.apache.maven.surefire.booter.SurefireStarter.runSuitesInProcessWhenForked(SurefireStarter.java:107) [surefire-booter-2.10.jar:2.10]
	at org.apache.maven.surefire.booter.ForkedBooter.main(ForkedBooter.java:68) [surefire-booter-2.10.jar:2.10]
22:05:03.082 [main] WARN  o.s.c.a.CommonAnnotationBeanPostProcessor - Invocation of destroy method failed on bean with name &apos;coreAccountOnetimeSyncJob&apos;: com.rackspace.search.exception.NotFoundException: Index is missing
22:05:03.087 [main] ERROR c.r.s.e.client.ElasticSearchClient - Index is missing
org.elasticsearch.indices.IndexMissingException: [admin] missing
	at org.elasticsearch.cluster.metadata.MetaData.concreteIndex(MetaData.java:616) ~[elasticsearch-0.90.2.jar:na]
	at org.elasticsearch.action.get.TransportGetAction.resolveRequest(TransportGetAction.java:90) ~[elasticsearch-0.90.2.jar:na]
	at org.elasticsearch.action.get.TransportGetAction.resolveRequest(TransportGetAction.java:42) ~[elasticsearch-0.90.2.jar:na]
	at org.elasticsearch.action.support.single.shard.TransportShardSingleOperationAction$AsyncSingleAction.&lt;init&gt;(TransportShardSingleOperationAction.java:114) ~[elasticsearch-0.90.2.jar:na]
	at org.elasticsearch.action.support.single.shard.TransportShardSingleOperationAction$AsyncSingleAction.&lt;init&gt;(TransportShardSingleOperationAction.java:94) ~[elasticsearch-0.90.2.jar:na]
	at org.elasticsearch.action.support.single.shard.TransportShardSingleOperationAction.doExecute(TransportShardSingleOperationAction.java:71) ~[elasticsearch-0.90.2.jar:na]
	at org.elasticsearch.action.support.single.shard.TransportShardSingleOperationAction.doExecute(TransportShardSingleOperationAction.java:46) ~[elasticsearch-0.90.2.jar:na]
	at org.elasticsearch.action.support.TransportAction.execute(TransportAction.java:61) ~[elasticsearch-0.90.2.jar:na]
	at org.elasticsearch.client.node.NodeClient.execute(NodeClient.java:92) ~[elasticsearch-0.90.2.jar:na]
	at org.elasticsearch.client.support.AbstractClient.get(AbstractClient.java:179) ~[elasticsearch-0.90.2.jar:na]
	at org.elasticsearch.action.get.GetRequestBuilder.doExecute(GetRequestBuilder.java:112) ~[elasticsearch-0.90.2.jar:na]
	at org.elasticsearch.action.ActionRequestBuilder.execute(ActionRequestBuilder.java:62) ~[elasticsearch-0.90.2.jar:na]
	at org.elasticsearch.action.ActionRequestBuilder.execute(ActionRequestBuilder.java:57) ~[elasticsearch-0.90.2.jar:na]
	at org.elasticsearch.action.ActionRequestBuilder$execute.call(Unknown Source) ~[na:na]
	at com.rackspace.search.elasticsearch.client.ElasticSearchClient.getDocument(ElasticSearchClient.groovy:209) ~[classes/:na]
	at com.rackspace.search.elasticsearch.client.ElasticSearchClient$getDocument.call(Unknown Source) [classes/:na]
	at com.rackspace.search.service.JobService.getJob(JobService.groovy:56) [classes/:na]
	at com.rackspace.search.service.JobService$getJob$0.callCurrent(Unknown Source) [classes/:na]
	at com.rackspace.search.service.JobService.getJob(JobService.groovy:52) [classes/:na]
	at com.rackspace.search.service.JobService$getJob.call(Unknown Source) [classes/:na]
	at com.rackspace.search.service.account.CoreAccountUpdateSyncJob.windupActivities(CoreAccountUpdateSyncJob.groovy:88) [classes/:na]
	at sun.reflect.NativeMethodAccessorImpl.invoke0(Native Method) ~[na:1.6.0_38]
	at sun.reflect.NativeMethodAccessorImpl.invoke(NativeMethodAccessorImpl.java:39) ~[na:1.6.0_38]
	at sun.reflect.DelegatingMethodAccessorImpl.invoke(DelegatingMethodAccessorImpl.java:25) ~[na:1.6.0_38]
	at java.lang.reflect.Method.invoke(Method.java:597) ~[na:1.6.0_38]
	at org.springframework.beans.factory.annotation.InitDestroyAnnotationBeanPostProcessor$LifecycleElement.invoke(InitDestroyAnnotationBeanPostProcessor.java:340) [spring-beans-3.0.6.RELEASE.jar:3.0.6.RELEASE]
	at org.springframework.beans.factory.annotation.InitDestroyAnnotationBeanPostProcessor$LifecycleMetadata.invokeDestroyMethods(InitDestroyAnnotationBeanPostProcessor.java:305) [spring-beans-3.0.6.RELEASE.jar:3.0.6.RELEASE]
	at org.springframework.beans.factory.annotation.InitDestroyAnnotationBeanPostProcessor.postProcessBeforeDestruction(InitDestroyAnnotationBeanPostProcessor.java:148) [spring-beans-3.0.6.RELEASE.jar:3.0.6.RELEASE]
	at org.springframework.beans.factory.support.DisposableBeanAdapter.destroy(DisposableBeanAdapter.java:166) [spring-beans-3.0.6.RELEASE.jar:3.0.6.RELEASE]
	at org.springframework.beans.factory.support.DefaultSingletonBeanRegistry.destroyBean(DefaultSingletonBeanRegistry.java:487) [spring-beans-3.0.6.RELEASE.jar:3.0.6.RELEASE]
	at org.springframework.beans.factory.support.DefaultSingletonBeanRegistry.destroySingleton(DefaultSingletonBeanRegistry.java:463) [spring-beans-3.0.6.RELEASE.jar:3.0.6.RELEASE]
	at org.springframework.beans.factory.support.DefaultSingletonBeanRegistry.destroySingletons(DefaultSingletonBeanRegistry.java:431) [spring-beans-3.0.6.RELEASE.jar:3.0.6.RELEASE]
	at org.springframework.context.support.AbstractApplicationContext.destroyBeans(AbstractApplicationContext.java:1048) [spring-context-3.0.6.RELEASE.jar:3.0.6.RELEASE]
	at org.springframework.context.support.AbstractApplicationContext.refresh(AbstractApplicationContext.java:433) [spring-context-3.0.6.RELEASE.jar:3.0.6.RELEASE]
	at org.springframework.test.context.support.AbstractGenericContextLoader.loadContext(AbstractGenericContextLoader.java:84) [spring-test-3.0.6.RELEASE.jar:3.0.6.RELEASE]
	at org.springframework.test.context.support.AbstractGenericContextLoader.loadContext(AbstractGenericContextLoader.java:1) [spring-test-3.0.6.RELEASE.jar:3.0.6.RELEASE]
	at org.springframework.test.context.TestContext.loadApplicationContext(TestContext.java:280) [spring-test-3.0.6.RELEASE.jar:3.0.6.RELEASE]
	at org.springframework.test.context.TestContext.getApplicationContext(TestContext.java:304) [spring-test-3.0.6.RELEASE.jar:3.0.6.RELEASE]
	at org.springframework.test.context.support.DependencyInjectionTestExecutionListener.injectDependencies(DependencyInjectionTestExecutionListener.java:109) [spring-test-3.0.6.RELEASE.jar:3.0.6.RELEASE]
	at org.springframework.test.context.support.DependencyInjectionTestExecutionListener.prepareTestInstance(DependencyInjectionTestExecutionListener.java:75) [spring-test-3.0.6.RELEASE.jar:3.0.6.RELEASE]
	at org.springframework.test.context.TestContextManager.prepareTestInstance(TestContextManager.java:321) [spring-test-3.0.6.RELEASE.jar:3.0.6.RELEASE]
	at org.spockframework.spring.SpringTestContextManager.prepareTestInstance(SpringTestContextManager.java:49) [spock-spring-0.7-groovy-2.0.jar:na]
	at org.spockframework.spring.SpringInterceptor.interceptSetupMethod(SpringInterceptor.java:42) [spock-spring-0.7-groovy-2.0.jar:na]
	at org.spockframework.runtime.extension.AbstractMethodInterceptor.intercept(AbstractMethodInterceptor.java:28) [spock-core-0.7-groovy-2.0.jar:na]
	at org.spockframework.runtime.extension.MethodInvocation.proceed(MethodInvocation.java:84) [spock-core-0.7-groovy-2.0.jar:na]
	at org.spockframework.runtime.BaseSpecRunner.invoke(BaseSpecRunner.java:319) [spock-core-0.7-groovy-2.0.jar:na]
	at org.spockframework.runtime.BaseSpecRunner.invokeSetup(BaseSpecRunner.java:279) [spock-core-0.7-groovy-2.0.jar:na]
	at org.spockframework.runtime.BaseSpecRunner.doRunIteration(BaseSpecRunner.java:255) [spock-core-0.7-groovy-2.0.jar:na]
	at sun.reflect.GeneratedMethodAccessor5.invoke(Unknown Source) ~[na:na]
	at sun.reflect.DelegatingMethodAccessorImpl.invoke(DelegatingMethodAccessorImpl.java:25) ~[na:1.6.0_38]
	at java.lang.reflect.Method.invoke(Method.java:597) ~[na:1.6.0_38]
	at org.spockframework.util.ReflectionUtil.invokeMethod(ReflectionUtil.java:138) [spock-core-0.7-groovy-2.0.jar:na]
	at org.spockframework.runtime.BaseSpecRunner.invokeRaw(BaseSpecRunner.java:330) [spock-core-0.7-groovy-2.0.jar:na]
	at org.spockframework.runtime.BaseSpecRunner.invoke(BaseSpecRunner.java:311) [spock-core-0.7-groovy-2.0.jar:na]
	at org.spockframework.runtime.BaseSpecRunner.runIteration(BaseSpecRunner.java:223) [spock-core-0.7-groovy-2.0.jar:na]
	at org.spockframework.runtime.BaseSpecRunner.initializeAndRunIteration(BaseSpecRunner.java:214) [spock-core-0.7-groovy-2.0.jar:na]
	at org.spockframework.runtime.BaseSpecRunner.runSimpleFeature(BaseSpecRunner.java:205) [spock-core-0.7-groovy-2.0.jar:na]
	at org.spockframework.runtime.BaseSpecRunner.doRunFeature(BaseSpecRunner.java:199) [spock-core-0.7-groovy-2.0.jar:na]
	at sun.reflect.GeneratedMethodAccessor7.invoke(Unknown Source) ~[na:na]
	at sun.reflect.DelegatingMethodAccessorImpl.invoke(DelegatingMethodAccessorImpl.java:25) ~[na:1.6.0_38]
	at java.lang.reflect.Method.invoke(Method.java:597) ~[na:1.6.0_38]
	at org.spockframework.util.ReflectionUtil.invokeMethod(ReflectionUtil.java:138) [spock-core-0.7-groovy-2.0.jar:na]
	at org.spockframework.runtime.BaseSpecRunner.invokeRaw(BaseSpecRunner.java:330) [spock-core-0.7-groovy-2.0.jar:na]
	at org.spockframework.runtime.BaseSpecRunner.invoke(BaseSpecRunner.java:311) [spock-core-0.7-groovy-2.0.jar:na]
	at org.spockframework.runtime.BaseSpecRunner.runFeature(BaseSpecRunner.java:175) [spock-core-0.7-groovy-2.0.jar:na]
	at org.spockframework.runtime.BaseSpecRunner.runFeatures(BaseSpecRunner.java:152) [spock-core-0.7-groovy-2.0.jar:na]
	at org.spockframework.runtime.BaseSpecRunner.doRunSpec(BaseSpecRunner.java:112) [spock-core-0.7-groovy-2.0.jar:na]
	at sun.reflect.GeneratedMethodAccessor11.invoke(Unknown Source) ~[na:na]
	at sun.reflect.DelegatingMethodAccessorImpl.invoke(DelegatingMethodAccessorImpl.java:25) ~[na:1.6.0_38]
	at java.lang.reflect.Method.invoke(Method.java:597) ~[na:1.6.0_38]
	at org.spockframework.util.ReflectionUtil.invokeMethod(ReflectionUtil.java:138) [spock-core-0.7-groovy-2.0.jar:na]
	at org.spockframework.runtime.BaseSpecRunner.invokeRaw(BaseSpecRunner.java:330) [spock-core-0.7-groovy-2.0.jar:na]
	at org.spockframework.runtime.BaseSpecRunner.invoke(BaseSpecRunner.java:311) [spock-core-0.7-groovy-2.0.jar:na]
	at org.spockframework.runtime.BaseSpecRunner.runSpec(BaseSpecRunner.java:91) [spock-core-0.7-groovy-2.0.jar:na]
	at org.spockframework.runtime.BaseSpecRunner.run(BaseSpecRunner.java:82) [spock-core-0.7-groovy-2.0.jar:na]
	at org.spockframework.runtime.Sputnik.run(Sputnik.java:63) [spock-core-0.7-groovy-2.0.jar:na]
	at org.apache.maven.surefire.junit4.JUnit4TestSet.execute(JUnit4TestSet.java:53) [surefire-junit4-2.10.jar:2.10]
	at org.apache.maven.surefire.junit4.JUnit4Provider.executeTestSet(JUnit4Provider.java:123) [surefire-junit4-2.10.jar:2.10]
	at org.apache.maven.surefire.junit4.JUnit4Provider.invoke(JUnit4Provider.java:104) [surefire-junit4-2.10.jar:2.10]
	at sun.reflect.NativeMethodAccessorImpl.invoke0(Native Method) ~[na:1.6.0_38]
	at sun.reflect.NativeMethodAccessorImpl.invoke(NativeMethodAccessorImpl.java:39) ~[na:1.6.0_38]
	at sun.reflect.DelegatingMethodAccessorImpl.invoke(DelegatingMethodAccessorImpl.java:25) ~[na:1.6.0_38]
	at java.lang.reflect.Method.invoke(Method.java:597) ~[na:1.6.0_38]
	at org.apache.maven.surefire.util.ReflectionUtils.invokeMethodWithArray(ReflectionUtils.java:164) [surefire-api-2.10.jar:2.10]
	at org.apache.maven.surefire.booter.ProviderFactory$ProviderProxy.invoke(ProviderFactory.java:110) [surefire-booter-2.10.jar:2.10]
	at org.apache.maven.surefire.booter.SurefireStarter.invokeProvider(SurefireStarter.java:175) [surefire-booter-2.10.jar:2.10]
	at org.apache.maven.surefire.booter.SurefireStarter.runSuitesInProcessWhenForked(SurefireStarter.java:107) [surefire-booter-2.10.jar:2.10]
	at org.apache.maven.surefire.booter.ForkedBooter.main(ForkedBooter.java:68) [surefire-booter-2.10.jar:2.10]
22:05:03.088 [main] WARN  o.s.c.a.CommonAnnotationBeanPostProcessor - Invocation of destroy method failed on bean with name &apos;coreAccountUpdateSyncJob&apos;: com.rackspace.search.exception.NotFoundException: Index is missing
22:05:03.098 [main] ERROR c.r.s.e.client.ElasticSearchClient - Index is missing
org.elasticsearch.indices.IndexMissingException: [admin] missing
	at org.elasticsearch.cluster.metadata.MetaData.concreteIndex(MetaData.java:616) ~[elasticsearch-0.90.2.jar:na]
	at org.elasticsearch.action.get.TransportGetAction.resolveRequest(TransportGetAction.java:90) ~[elasticsearch-0.90.2.jar:na]
	at org.elasticsearch.action.get.TransportGetAction.resolveRequest(TransportGetAction.java:42) ~[elasticsearch-0.90.2.jar:na]
	at org.elasticsearch.action.support.single.shard.TransportShardSingleOperationAction$AsyncSingleAction.&lt;init&gt;(TransportShardSingleOperationAction.java:114) ~[elasticsearch-0.90.2.jar:na]
	at org.elasticsearch.action.support.single.shard.TransportShardSingleOperationAction$AsyncSingleAction.&lt;init&gt;(TransportShardSingleOperationAction.java:94) ~[elasticsearch-0.90.2.jar:na]
	at org.elasticsearch.action.support.single.shard.TransportShardSingleOperationAction.doExecute(TransportShardSingleOperationAction.java:71) ~[elasticsearch-0.90.2.jar:na]
	at org.elasticsearch.action.support.single.shard.TransportShardSingleOperationAction.doExecute(TransportShardSingleOperationAction.java:46) ~[elasticsearch-0.90.2.jar:na]
	at org.elasticsearch.action.support.TransportAction.execute(TransportAction.java:61) ~[elasticsearch-0.90.2.jar:na]
	at org.elasticsearch.client.node.NodeClient.execute(NodeClient.java:92) ~[elasticsearch-0.90.2.jar:na]
	at org.elasticsearch.client.support.AbstractClient.get(AbstractClient.java:179) ~[elasticsearch-0.90.2.jar:na]
	at org.elasticsearch.action.get.GetRequestBuilder.doExecute(GetRequestBuilder.java:112) ~[elasticsearch-0.90.2.jar:na]
	at org.elasticsearch.action.ActionRequestBuilder.execute(ActionRequestBuilder.java:62) ~[elasticsearch-0.90.2.jar:na]
	at org.elasticsearch.action.ActionRequestBuilder.execute(ActionRequestBuilder.java:57) ~[elasticsearch-0.90.2.jar:na]
	at org.elasticsearch.action.ActionRequestBuilder$execute.call(Unknown Source) ~[na:na]
	at com.rackspace.search.elasticsearch.client.ElasticSearchClient.getDocument(ElasticSearchClient.groovy:209) ~[classes/:na]
	at com.rackspace.search.elasticsearch.client.ElasticSearchClient$getDocument.call(Unknown Source) [classes/:na]
	at com.rackspace.search.service.JobService.getJob(JobService.groovy:56) [classes/:na]
	at com.rackspace.search.service.JobService$getJob$0.callCurrent(Unknown Source) [classes/:na]
	at com.rackspace.search.service.JobService.getJob(JobService.groovy:52) [classes/:na]
	at com.rackspace.search.service.JobService$getJob.call(Unknown Source) [classes/:na]
	at com.rackspace.search.service.core.CoreTicketSecondPassSyncJob.windupActivities(CoreTicketSecondPassSyncJob.groovy:83) [classes/:na]
	at sun.reflect.NativeMethodAccessorImpl.invoke0(Native Method) ~[na:1.6.0_38]
	at sun.reflect.NativeMethodAccessorImpl.invoke(NativeMethodAccessorImpl.java:39) ~[na:1.6.0_38]
	at sun.reflect.DelegatingMethodAccessorImpl.invoke(DelegatingMethodAccessorImpl.java:25) ~[na:1.6.0_38]
	at java.lang.reflect.Method.invoke(Method.java:597) ~[na:1.6.0_38]
	at org.springframework.beans.factory.annotation.InitDestroyAnnotationBeanPostProcessor$LifecycleElement.invoke(InitDestroyAnnotationBeanPostProcessor.java:340) [spring-beans-3.0.6.RELEASE.jar:3.0.6.RELEASE]
	at org.springframework.beans.factory.annotation.InitDestroyAnnotationBeanPostProcessor$LifecycleMetadata.invokeDestroyMethods(InitDestroyAnnotationBeanPostProcessor.java:305) [spring-beans-3.0.6.RELEASE.jar:3.0.6.RELEASE]
	at org.springframework.beans.factory.annotation.InitDestroyAnnotationBeanPostProcessor.postProcessBeforeDestruction(InitDestroyAnnotationBeanPostProcessor.java:148) [spring-beans-3.0.6.RELEASE.jar:3.0.6.RELEASE]
	at org.springframework.beans.factory.support.DisposableBeanAdapter.destroy(DisposableBeanAdapter.java:166) [spring-beans-3.0.6.RELEASE.jar:3.0.6.RELEASE]
	at org.springframework.beans.factory.support.DefaultSingletonBeanRegistry.destroyBean(DefaultSingletonBeanRegistry.java:487) [spring-beans-3.0.6.RELEASE.jar:3.0.6.RELEASE]
	at org.springframework.beans.factory.support.DefaultSingletonBeanRegistry.destroySingleton(DefaultSingletonBeanRegistry.java:463) [spring-beans-3.0.6.RELEASE.jar:3.0.6.RELEASE]
	at org.springframework.beans.factory.support.DefaultSingletonBeanRegistry.destroySingletons(DefaultSingletonBeanRegistry.java:431) [spring-beans-3.0.6.RELEASE.jar:3.0.6.RELEASE]
	at org.springframework.context.support.AbstractApplicationContext.destroyBeans(AbstractApplicationContext.java:1048) [spring-context-3.0.6.RELEASE.jar:3.0.6.RELEASE]
	at org.springframework.context.support.AbstractApplicationContext.refresh(AbstractApplicationContext.java:433) [spring-context-3.0.6.RELEASE.jar:3.0.6.RELEASE]
	at org.springframework.test.context.support.AbstractGenericContextLoader.loadContext(AbstractGenericContextLoader.java:84) [spring-test-3.0.6.RELEASE.jar:3.0.6.RELEASE]
	at org.springframework.test.context.support.AbstractGenericContextLoader.loadContext(AbstractGenericContextLoader.java:1) [spring-test-3.0.6.RELEASE.jar:3.0.6.RELEASE]
	at org.springframework.test.context.TestContext.loadApplicationContext(TestContext.java:280) [spring-test-3.0.6.RELEASE.jar:3.0.6.RELEASE]
	at org.springframework.test.context.TestContext.getApplicationContext(TestContext.java:304) [spring-test-3.0.6.RELEASE.jar:3.0.6.RELEASE]
	at org.springframework.test.context.support.DependencyInjectionTestExecutionListener.injectDependencies(DependencyInjectionTestExecutionListener.java:109) [spring-test-3.0.6.RELEASE.jar:3.0.6.RELEASE]
	at org.springframework.test.context.support.DependencyInjectionTestExecutionListener.prepareTestInstance(DependencyInjectionTestExecutionListener.java:75) [spring-test-3.0.6.RELEASE.jar:3.0.6.RELEASE]
	at org.springframework.test.context.TestContextManager.prepareTestInstance(TestContextManager.java:321) [spring-test-3.0.6.RELEASE.jar:3.0.6.RELEASE]
	at org.spockframework.spring.SpringTestContextManager.prepareTestInstance(SpringTestContextManager.java:49) [spock-spring-0.7-groovy-2.0.jar:na]
	at org.spockframework.spring.SpringInterceptor.interceptSetupMethod(SpringInterceptor.java:42) [spock-spring-0.7-groovy-2.0.jar:na]
	at org.spockframework.runtime.extension.AbstractMethodInterceptor.intercept(AbstractMethodInterceptor.java:28) [spock-core-0.7-groovy-2.0.jar:na]
	at org.spockframework.runtime.extension.MethodInvocation.proceed(MethodInvocation.java:84) [spock-core-0.7-groovy-2.0.jar:na]
	at org.spockframework.runtime.BaseSpecRunner.invoke(BaseSpecRunner.java:319) [spock-core-0.7-groovy-2.0.jar:na]
	at org.spockframework.runtime.BaseSpecRunner.invokeSetup(BaseSpecRunner.java:279) [spock-core-0.7-groovy-2.0.jar:na]
	at org.spockframework.runtime.BaseSpecRunner.doRunIteration(BaseSpecRunner.java:255) [spock-core-0.7-groovy-2.0.jar:na]
	at sun.reflect.GeneratedMethodAccessor5.invoke(Unknown Source) ~[na:na]
	at sun.reflect.DelegatingMethodAccessorImpl.invoke(DelegatingMethodAccessorImpl.java:25) ~[na:1.6.0_38]
	at java.lang.reflect.Method.invoke(Method.java:597) ~[na:1.6.0_38]
	at org.spockframework.util.ReflectionUtil.invokeMethod(ReflectionUtil.java:138) [spock-core-0.7-groovy-2.0.jar:na]
	at org.spockframework.runtime.BaseSpecRunner.invokeRaw(BaseSpecRunner.java:330) [spock-core-0.7-groovy-2.0.jar:na]
	at org.spockframework.runtime.BaseSpecRunner.invoke(BaseSpecRunner.java:311) [spock-core-0.7-groovy-2.0.jar:na]
	at org.spockframework.runtime.BaseSpecRunner.runIteration(BaseSpecRunner.java:223) [spock-core-0.7-groovy-2.0.jar:na]
	at org.spockframework.runtime.BaseSpecRunner.initializeAndRunIteration(BaseSpecRunner.java:214) [spock-core-0.7-groovy-2.0.jar:na]
	at org.spockframework.runtime.BaseSpecRunner.runSimpleFeature(BaseSpecRunner.java:205) [spock-core-0.7-groovy-2.0.jar:na]
	at org.spockframework.runtime.BaseSpecRunner.doRunFeature(BaseSpecRunner.java:199) [spock-core-0.7-groovy-2.0.jar:na]
	at sun.reflect.GeneratedMethodAccessor7.invoke(Unknown Source) ~[na:na]
	at sun.reflect.DelegatingMethodAccessorImpl.invoke(DelegatingMethodAccessorImpl.java:25) ~[na:1.6.0_38]
	at java.lang.reflect.Method.invoke(Method.java:597) ~[na:1.6.0_38]
	at org.spockframework.util.ReflectionUtil.invokeMethod(ReflectionUtil.java:138) [spock-core-0.7-groovy-2.0.jar:na]
	at org.spockframework.runtime.BaseSpecRunner.invokeRaw(BaseSpecRunner.java:330) [spock-core-0.7-groovy-2.0.jar:na]
	at org.spockframework.runtime.BaseSpecRunner.invoke(BaseSpecRunner.java:311) [spock-core-0.7-groovy-2.0.jar:na]
	at org.spockframework.runtime.BaseSpecRunner.runFeature(BaseSpecRunner.java:175) [spock-core-0.7-groovy-2.0.jar:na]
	at org.spockframework.runtime.BaseSpecRunner.runFeatures(BaseSpecRunner.java:152) [spock-core-0.7-groovy-2.0.jar:na]
	at org.spockframework.runtime.BaseSpecRunner.doRunSpec(BaseSpecRunner.java:112) [spock-core-0.7-groovy-2.0.jar:na]
	at sun.reflect.GeneratedMethodAccessor11.invoke(Unknown Source) ~[na:na]
	at sun.reflect.DelegatingMethodAccessorImpl.invoke(DelegatingMethodAccessorImpl.java:25) ~[na:1.6.0_38]
	at java.lang.reflect.Method.invoke(Method.java:597) ~[na:1.6.0_38]
	at org.spockframework.util.ReflectionUtil.invokeMethod(ReflectionUtil.java:138) [spock-core-0.7-groovy-2.0.jar:na]
	at org.spockframework.runtime.BaseSpecRunner.invokeRaw(BaseSpecRunner.java:330) [spock-core-0.7-groovy-2.0.jar:na]
	at org.spockframework.runtime.BaseSpecRunner.invoke(BaseSpecRunner.java:311) [spock-core-0.7-groovy-2.0.jar:na]
	at org.spockframework.runtime.BaseSpecRunner.runSpec(BaseSpecRunner.java:91) [spock-core-0.7-groovy-2.0.jar:na]
	at org.spockframework.runtime.BaseSpecRunner.run(BaseSpecRunner.java:82) [spock-core-0.7-groovy-2.0.jar:na]
	at org.spockframework.runtime.Sputnik.run(Sputnik.java:63) [spock-core-0.7-groovy-2.0.jar:na]
	at org.apache.maven.surefire.junit4.JUnit4TestSet.execute(JUnit4TestSet.java:53) [surefire-junit4-2.10.jar:2.10]
	at org.apache.maven.surefire.junit4.JUnit4Provider.executeTestSet(JUnit4Provider.java:123) [surefire-junit4-2.10.jar:2.10]
	at org.apache.maven.surefire.junit4.JUnit4Provider.invoke(JUnit4Provider.java:104) [surefire-junit4-2.10.jar:2.10]
	at sun.reflect.NativeMethodAccessorImpl.invoke0(Native Method) ~[na:1.6.0_38]
	at sun.reflect.NativeMethodAccessorImpl.invoke(NativeMethodAccessorImpl.java:39) ~[na:1.6.0_38]
	at sun.reflect.DelegatingMethodAccessorImpl.invoke(DelegatingMethodAccessorImpl.java:25) ~[na:1.6.0_38]
	at java.lang.reflect.Method.invoke(Method.java:597) ~[na:1.6.0_38]
	at org.apache.maven.surefire.util.ReflectionUtils.invokeMethodWithArray(ReflectionUtils.java:164) [surefire-api-2.10.jar:2.10]
	at org.apache.maven.surefire.booter.ProviderFactory$ProviderProxy.invoke(ProviderFactory.java:110) [surefire-booter-2.10.jar:2.10]
	at org.apache.maven.surefire.booter.SurefireStarter.invokeProvider(SurefireStarter.java:175) [surefire-booter-2.10.jar:2.10]
	at org.apache.maven.surefire.booter.SurefireStarter.runSuitesInProcessWhenForked(SurefireStarter.java:107) [surefire-booter-2.10.jar:2.10]
	at org.apache.maven.surefire.booter.ForkedBooter.main(ForkedBooter.java:68) [surefire-booter-2.10.jar:2.10]
22:05:03.099 [main] WARN  o.s.c.a.CommonAnnotationBeanPostProcessor - Invocation of destroy method failed on bean with name &apos;coreTicketSecondPassSyncJob&apos;: com.rackspace.search.exception.NotFoundException: Index is missing
22:05:03.104 [main] ERROR c.r.s.e.client.ElasticSearchClient - Index is missing
org.elasticsearch.indices.IndexMissingException: [admin] missing
	at org.elasticsearch.cluster.metadata.MetaData.concreteIndex(MetaData.java:616) ~[elasticsearch-0.90.2.jar:na]
	at org.elasticsearch.action.get.TransportGetAction.resolveRequest(TransportGetAction.java:90) ~[elasticsearch-0.90.2.jar:na]
	at org.elasticsearch.action.get.TransportGetAction.resolveRequest(TransportGetAction.java:42) ~[elasticsearch-0.90.2.jar:na]
	at org.elasticsearch.action.support.single.shard.TransportShardSingleOperationAction$AsyncSingleAction.&lt;init&gt;(TransportShardSingleOperationAction.java:114) ~[elasticsearch-0.90.2.jar:na]
	at org.elasticsearch.action.support.single.shard.TransportShardSingleOperationAction$AsyncSingleAction.&lt;init&gt;(TransportShardSingleOperationAction.java:94) ~[elasticsearch-0.90.2.jar:na]
	at org.elasticsearch.action.support.single.shard.TransportShardSingleOperationAction.doExecute(TransportShardSingleOperationAction.java:71) ~[elasticsearch-0.90.2.jar:na]
	at org.elasticsearch.action.support.single.shard.TransportShardSingleOperationAction.doExecute(TransportShardSingleOperationAction.java:46) ~[elasticsearch-0.90.2.jar:na]
	at org.elasticsearch.action.support.TransportAction.execute(TransportAction.java:61) ~[elasticsearch-0.90.2.jar:na]
	at org.elasticsearch.client.node.NodeClient.execute(NodeClient.java:92) ~[elasticsearch-0.90.2.jar:na]
	at org.elasticsearch.client.support.AbstractClient.get(AbstractClient.java:179) ~[elasticsearch-0.90.2.jar:na]
	at org.elasticsearch.action.get.GetRequestBuilder.doExecute(GetRequestBuilder.java:112) ~[elasticsearch-0.90.2.jar:na]
	at org.elasticsearch.action.ActionRequestBuilder.execute(ActionRequestBuilder.java:62) ~[elasticsearch-0.90.2.jar:na]
	at org.elasticsearch.action.ActionRequestBuilder.execute(ActionRequestBuilder.java:57) ~[elasticsearch-0.90.2.jar:na]
	at org.elasticsearch.action.ActionRequestBuilder$execute.call(Unknown Source) ~[na:na]
	at com.rackspace.search.elasticsearch.client.ElasticSearchClient.getDocument(ElasticSearchClient.groovy:209) ~[classes/:na]
	at com.rackspace.search.elasticsearch.client.ElasticSearchClient$getDocument.call(Unknown Source) [classes/:na]
	at com.rackspace.search.service.JobService.getJob(JobService.groovy:56) [classes/:na]
	at com.rackspace.search.service.JobService$getJob$0.callCurrent(Unknown Source) [classes/:na]
	at com.rackspace.search.service.JobService.getJob(JobService.groovy:52) [classes/:na]
	at com.rackspace.search.service.JobService$getJob.call(Unknown Source) [classes/:na]
	at com.rackspace.search.service.admin.CoreTicketOndemandSyncJob.windupActivities(CoreTicketOndemandSyncJob.groovy:91) [classes/:na]
	at sun.reflect.NativeMethodAccessorImpl.invoke0(Native Method) ~[na:1.6.0_38]
	at sun.reflect.NativeMethodAccessorImpl.invoke(NativeMethodAccessorImpl.java:39) ~[na:1.6.0_38]
	at sun.reflect.DelegatingMethodAccessorImpl.invoke(DelegatingMethodAccessorImpl.java:25) ~[na:1.6.0_38]
	at java.lang.reflect.Method.invoke(Method.java:597) ~[na:1.6.0_38]
	at org.springframework.beans.factory.annotation.InitDestroyAnnotationBeanPostProcessor$LifecycleElement.invoke(InitDestroyAnnotationBeanPostProcessor.java:340) [spring-beans-3.0.6.RELEASE.jar:3.0.6.RELEASE]
	at org.springframework.beans.factory.annotation.InitDestroyAnnotationBeanPostProcessor$LifecycleMetadata.invokeDestroyMethods(InitDestroyAnnotationBeanPostProcessor.java:305) [spring-beans-3.0.6.RELEASE.jar:3.0.6.RELEASE]
	at org.springframework.beans.factory.annotation.InitDestroyAnnotationBeanPostProcessor.postProcessBeforeDestruction(InitDestroyAnnotationBeanPostProcessor.java:148) [spring-beans-3.0.6.RELEASE.jar:3.0.6.RELEASE]
	at org.springframework.beans.factory.support.DisposableBeanAdapter.destroy(DisposableBeanAdapter.java:166) [spring-beans-3.0.6.RELEASE.jar:3.0.6.RELEASE]
	at org.springframework.beans.factory.support.DefaultSingletonBeanRegistry.destroyBean(DefaultSingletonBeanRegistry.java:487) [spring-beans-3.0.6.RELEASE.jar:3.0.6.RELEASE]
	at org.springframework.beans.factory.support.DefaultSingletonBeanRegistry.destroySingleton(DefaultSingletonBeanRegistry.java:463) [spring-beans-3.0.6.RELEASE.jar:3.0.6.RELEASE]
	at org.springframework.beans.factory.support.DefaultSingletonBeanRegistry.destroySingletons(DefaultSingletonBeanRegistry.java:431) [spring-beans-3.0.6.RELEASE.jar:3.0.6.RELEASE]
	at org.springframework.context.support.AbstractApplicationContext.destroyBeans(AbstractApplicationContext.java:1048) [spring-context-3.0.6.RELEASE.jar:3.0.6.RELEASE]
	at org.springframework.context.support.AbstractApplicationContext.refresh(AbstractApplicationContext.java:433) [spring-context-3.0.6.RELEASE.jar:3.0.6.RELEASE]
	at org.springframework.test.context.support.AbstractGenericContextLoader.loadContext(AbstractGenericContextLoader.java:84) [spring-test-3.0.6.RELEASE.jar:3.0.6.RELEASE]
	at org.springframework.test.context.support.AbstractGenericContextLoader.loadContext(AbstractGenericContextLoader.java:1) [spring-test-3.0.6.RELEASE.jar:3.0.6.RELEASE]
	at org.springframework.test.context.TestContext.loadApplicationContext(TestContext.java:280) [spring-test-3.0.6.RELEASE.jar:3.0.6.RELEASE]
	at org.springframework.test.context.TestContext.getApplicationContext(TestContext.java:304) [spring-test-3.0.6.RELEASE.jar:3.0.6.RELEASE]
	at org.springframework.test.context.support.DependencyInjectionTestExecutionListener.injectDependencies(DependencyInjectionTestExecutionListener.java:109) [spring-test-3.0.6.RELEASE.jar:3.0.6.RELEASE]
	at org.springframework.test.context.support.DependencyInjectionTestExecutionListener.prepareTestInstance(DependencyInjectionTestExecutionListener.java:75) [spring-test-3.0.6.RELEASE.jar:3.0.6.RELEASE]
	at org.springframework.test.context.TestContextManager.prepareTestInstance(TestContextManager.java:321) [spring-test-3.0.6.RELEASE.jar:3.0.6.RELEASE]
	at org.spockframework.spring.SpringTestContextManager.prepareTestInstance(SpringTestContextManager.java:49) [spock-spring-0.7-groovy-2.0.jar:na]
	at org.spockframework.spring.SpringInterceptor.interceptSetupMethod(SpringInterceptor.java:42) [spock-spring-0.7-groovy-2.0.jar:na]
	at org.spockframework.runtime.extension.AbstractMethodInterceptor.intercept(AbstractMethodInterceptor.java:28) [spock-core-0.7-groovy-2.0.jar:na]
	at org.spockframework.runtime.extension.MethodInvocation.proceed(MethodInvocation.java:84) [spock-core-0.7-groovy-2.0.jar:na]
	at org.spockframework.runtime.BaseSpecRunner.invoke(BaseSpecRunner.java:319) [spock-core-0.7-groovy-2.0.jar:na]
	at org.spockframework.runtime.BaseSpecRunner.invokeSetup(BaseSpecRunner.java:279) [spock-core-0.7-groovy-2.0.jar:na]
	at org.spockframework.runtime.BaseSpecRunner.doRunIteration(BaseSpecRunner.java:255) [spock-core-0.7-groovy-2.0.jar:na]
	at sun.reflect.GeneratedMethodAccessor5.invoke(Unknown Source) ~[na:na]
	at sun.reflect.DelegatingMethodAccessorImpl.invoke(DelegatingMethodAccessorImpl.java:25) ~[na:1.6.0_38]
	at java.lang.reflect.Method.invoke(Method.java:597) ~[na:1.6.0_38]
	at org.spockframework.util.ReflectionUtil.invokeMethod(ReflectionUtil.java:138) [spock-core-0.7-groovy-2.0.jar:na]
	at org.spockframework.runtime.BaseSpecRunner.invokeRaw(BaseSpecRunner.java:330) [spock-core-0.7-groovy-2.0.jar:na]
	at org.spockframework.runtime.BaseSpecRunner.invoke(BaseSpecRunner.java:311) [spock-core-0.7-groovy-2.0.jar:na]
	at org.spockframework.runtime.BaseSpecRunner.runIteration(BaseSpecRunner.java:223) [spock-core-0.7-groovy-2.0.jar:na]
	at org.spockframework.runtime.BaseSpecRunner.initializeAndRunIteration(BaseSpecRunner.java:214) [spock-core-0.7-groovy-2.0.jar:na]
	at org.spockframework.runtime.BaseSpecRunner.runSimpleFeature(BaseSpecRunner.java:205) [spock-core-0.7-groovy-2.0.jar:na]
	at org.spockframework.runtime.BaseSpecRunner.doRunFeature(BaseSpecRunner.java:199) [spock-core-0.7-groovy-2.0.jar:na]
	at sun.reflect.GeneratedMethodAccessor7.invoke(Unknown Source) ~[na:na]
	at sun.reflect.DelegatingMethodAccessorImpl.invoke(DelegatingMethodAccessorImpl.java:25) ~[na:1.6.0_38]
	at java.lang.reflect.Method.invoke(Method.java:597) ~[na:1.6.0_38]
	at org.spockframework.util.ReflectionUtil.invokeMethod(ReflectionUtil.java:138) [spock-core-0.7-groovy-2.0.jar:na]
	at org.spockframework.runtime.BaseSpecRunner.invokeRaw(BaseSpecRunner.java:330) [spock-core-0.7-groovy-2.0.jar:na]
	at org.spockframework.runtime.BaseSpecRunner.invoke(BaseSpecRunner.java:311) [spock-core-0.7-groovy-2.0.jar:na]
	at org.spockframework.runtime.BaseSpecRunner.runFeature(BaseSpecRunner.java:175) [spock-core-0.7-groovy-2.0.jar:na]
	at org.spockframework.runtime.BaseSpecRunner.runFeatures(BaseSpecRunner.java:152) [spock-core-0.7-groovy-2.0.jar:na]
	at org.spockframework.runtime.BaseSpecRunner.doRunSpec(BaseSpecRunner.java:112) [spock-core-0.7-groovy-2.0.jar:na]
	at sun.reflect.GeneratedMethodAccessor11.invoke(Unknown Source) ~[na:na]
	at sun.reflect.DelegatingMethodAccessorImpl.invoke(DelegatingMethodAccessorImpl.java:25) ~[na:1.6.0_38]
	at java.lang.reflect.Method.invoke(Method.java:597) ~[na:1.6.0_38]
	at org.spockframework.util.ReflectionUtil.invokeMethod(ReflectionUtil.java:138) [spock-core-0.7-groovy-2.0.jar:na]
	at org.spockframework.runtime.BaseSpecRunner.invokeRaw(BaseSpecRunner.java:330) [spock-core-0.7-groovy-2.0.jar:na]
	at org.spockframework.runtime.BaseSpecRunner.invoke(BaseSpecRunner.java:311) [spock-core-0.7-groovy-2.0.jar:na]
	at org.spockframework.runtime.BaseSpecRunner.runSpec(BaseSpecRunner.java:91) [spock-core-0.7-groovy-2.0.jar:na]
	at org.spockframework.runtime.BaseSpecRunner.run(BaseSpecRunner.java:82) [spock-core-0.7-groovy-2.0.jar:na]
	at org.spockframework.runtime.Sputnik.run(Sputnik.java:63) [spock-core-0.7-groovy-2.0.jar:na]
	at org.apache.maven.surefire.junit4.JUnit4TestSet.execute(JUnit4TestSet.java:53) [surefire-junit4-2.10.jar:2.10]
	at org.apache.maven.surefire.junit4.JUnit4Provider.executeTestSet(JUnit4Provider.java:123) [surefire-junit4-2.10.jar:2.10]
	at org.apache.maven.surefire.junit4.JUnit4Provider.invoke(JUnit4Provider.java:104) [surefire-junit4-2.10.jar:2.10]
	at sun.reflect.NativeMethodAccessorImpl.invoke0(Native Method) ~[na:1.6.0_38]
	at sun.reflect.NativeMethodAccessorImpl.invoke(NativeMethodAccessorImpl.java:39) ~[na:1.6.0_38]
	at sun.reflect.DelegatingMethodAccessorImpl.invoke(DelegatingMethodAccessorImpl.java:25) ~[na:1.6.0_38]
	at java.lang.reflect.Method.invoke(Method.java:597) ~[na:1.6.0_38]
	at org.apache.maven.surefire.util.ReflectionUtils.invokeMethodWithArray(ReflectionUtils.java:164) [surefire-api-2.10.jar:2.10]
	at org.apache.maven.surefire.booter.ProviderFactory$ProviderProxy.invoke(ProviderFactory.java:110) [surefire-booter-2.10.jar:2.10]
	at org.apache.maven.surefire.booter.SurefireStarter.invokeProvider(SurefireStarter.java:175) [surefire-booter-2.10.jar:2.10]
	at org.apache.maven.surefire.booter.SurefireStarter.runSuitesInProcessWhenForked(SurefireStarter.java:107) [surefire-booter-2.10.jar:2.10]
	at org.apache.maven.surefire.booter.ForkedBooter.main(ForkedBooter.java:68) [surefire-booter-2.10.jar:2.10]
22:05:03.105 [main] WARN  o.s.c.a.CommonAnnotationBeanPostProcessor - Invocation of destroy method failed on bean with name &apos;coreTicketOndemandSyncJob&apos;: com.rackspace.search.exception.NotFoundException: Index is missing
22:05:03.109 [main] ERROR c.r.s.e.client.ElasticSearchClient - Index is missing
org.elasticsearch.indices.IndexMissingException: [admin] missing
	at org.elasticsearch.cluster.metadata.MetaData.concreteIndex(MetaData.java:616) ~[elasticsearch-0.90.2.jar:na]
	at org.elasticsearch.action.get.TransportGetAction.resolveRequest(TransportGetAction.java:90) ~[elasticsearch-0.90.2.jar:na]
	at org.elasticsearch.action.get.TransportGetAction.resolveRequest(TransportGetAction.java:42) ~[elasticsearch-0.90.2.jar:na]
	at org.elasticsearch.action.support.single.shard.TransportShardSingleOperationAction$AsyncSingleAction.&lt;init&gt;(TransportShardSingleOperationAction.java:114) ~[elasticsearch-0.90.2.jar:na]
	at org.elasticsearch.action.support.single.shard.TransportShardSingleOperationAction$AsyncSingleAction.&lt;init&gt;(TransportShardSingleOperationAction.java:94) ~[elasticsearch-0.90.2.jar:na]
	at org.elasticsearch.action.support.single.shard.TransportShardSingleOperationAction.doExecute(TransportShardSingleOperationAction.java:71) ~[elasticsearch-0.90.2.jar:na]
	at org.elasticsearch.action.support.single.shard.TransportShardSingleOperationAction.doExecute(TransportShardSingleOperationAction.java:46) ~[elasticsearch-0.90.2.jar:na]
	at org.elasticsearch.action.support.TransportAction.execute(TransportAction.java:61) ~[elasticsearch-0.90.2.jar:na]
	at org.elasticsearch.client.node.NodeClient.execute(NodeClient.java:92) ~[elasticsearch-0.90.2.jar:na]
	at org.elasticsearch.client.support.AbstractClient.get(AbstractClient.java:179) ~[elasticsearch-0.90.2.jar:na]
	at org.elasticsearch.action.get.GetRequestBuilder.doExecute(GetRequestBuilder.java:112) ~[elasticsearch-0.90.2.jar:na]
	at org.elasticsearch.action.ActionRequestBuilder.execute(ActionRequestBuilder.java:62) ~[elasticsearch-0.90.2.jar:na]
	at org.elasticsearch.action.ActionRequestBuilder.execute(ActionRequestBuilder.java:57) ~[elasticsearch-0.90.2.jar:na]
	at org.elasticsearch.action.ActionRequestBuilder$execute.call(Unknown Source) ~[na:na]
	at com.rackspace.search.elasticsearch.client.ElasticSearchClient.getDocument(ElasticSearchClient.groovy:209) ~[classes/:na]
	at com.rackspace.search.elasticsearch.client.ElasticSearchClient$getDocument.call(Unknown Source) [classes/:na]
	at com.rackspace.search.service.JobService.getJob(JobService.groovy:56) [classes/:na]
	at com.rackspace.search.service.JobService$getJob$0.callCurrent(Unknown Source) [classes/:na]
	at com.rackspace.search.service.JobService.getJob(JobService.groovy:52) [classes/:na]
	at com.rackspace.search.service.JobService$getJob.call(Unknown Source) [classes/:na]
	at com.rackspace.search.service.account.AccountOngoingSyncJob.windupActivities(AccountOngoingSyncJob.groovy:89) [classes/:na]
	at sun.reflect.NativeMethodAccessorImpl.invoke0(Native Method) ~[na:1.6.0_38]
	at sun.reflect.NativeMethodAccessorImpl.invoke(NativeMethodAccessorImpl.java:39) ~[na:1.6.0_38]
	at sun.reflect.DelegatingMethodAccessorImpl.invoke(DelegatingMethodAccessorImpl.java:25) ~[na:1.6.0_38]
	at java.lang.reflect.Method.invoke(Method.java:597) ~[na:1.6.0_38]
	at org.springframework.beans.factory.annotation.InitDestroyAnnotationBeanPostProcessor$LifecycleElement.invoke(InitDestroyAnnotationBeanPostProcessor.java:340) [spring-beans-3.0.6.RELEASE.jar:3.0.6.RELEASE]
	at org.springframework.beans.factory.annotation.InitDestroyAnnotationBeanPostProcessor$LifecycleMetadata.invokeDestroyMethods(InitDestroyAnnotationBeanPostProcessor.java:305) [spring-beans-3.0.6.RELEASE.jar:3.0.6.RELEASE]
	at org.springframework.beans.factory.annotation.InitDestroyAnnotationBeanPostProcessor.postProcessBeforeDestruction(InitDestroyAnnotationBeanPostProcessor.java:148) [spring-beans-3.0.6.RELEASE.jar:3.0.6.RELEASE]
	at org.springframework.beans.factory.support.DisposableBeanAdapter.destroy(DisposableBeanAdapter.java:166) [spring-beans-3.0.6.RELEASE.jar:3.0.6.RELEASE]
	at org.springframework.beans.factory.support.DefaultSingletonBeanRegistry.destroyBean(DefaultSingletonBeanRegistry.java:487) [spring-beans-3.0.6.RELEASE.jar:3.0.6.RELEASE]
	at org.springframework.beans.factory.support.DefaultSingletonBeanRegistry.destroySingleton(DefaultSingletonBeanRegistry.java:463) [spring-beans-3.0.6.RELEASE.jar:3.0.6.RELEASE]
	at org.springframework.beans.factory.support.DefaultSingletonBeanRegistry.destroySingletons(DefaultSingletonBeanRegistry.java:431) [spring-beans-3.0.6.RELEASE.jar:3.0.6.RELEASE]
	at org.springframework.context.support.AbstractApplicationContext.destroyBeans(AbstractApplicationContext.java:1048) [spring-context-3.0.6.RELEASE.jar:3.0.6.RELEASE]
	at org.springframework.context.support.AbstractApplicationContext.refresh(AbstractApplicationContext.java:433) [spring-context-3.0.6.RELEASE.jar:3.0.6.RELEASE]
	at org.springframework.test.context.support.AbstractGenericContextLoader.loadContext(AbstractGenericContextLoader.java:84) [spring-test-3.0.6.RELEASE.jar:3.0.6.RELEASE]
	at org.springframework.test.context.support.AbstractGenericContextLoader.loadContext(AbstractGenericContextLoader.java:1) [spring-test-3.0.6.RELEASE.jar:3.0.6.RELEASE]
	at org.springframework.test.context.TestContext.loadApplicationContext(TestContext.java:280) [spring-test-3.0.6.RELEASE.jar:3.0.6.RELEASE]
	at org.springframework.test.context.TestContext.getApplicationContext(TestContext.java:304) [spring-test-3.0.6.RELEASE.jar:3.0.6.RELEASE]
	at org.springframework.test.context.support.DependencyInjectionTestExecutionListener.injectDependencies(DependencyInjectionTestExecutionListener.java:109) [spring-test-3.0.6.RELEASE.jar:3.0.6.RELEASE]
	at org.springframework.test.context.support.DependencyInjectionTestExecutionListener.prepareTestInstance(DependencyInjectionTestExecutionListener.java:75) [spring-test-3.0.6.RELEASE.jar:3.0.6.RELEASE]
	at org.springframework.test.context.TestContextManager.prepareTestInstance(TestContextManager.java:321) [spring-test-3.0.6.RELEASE.jar:3.0.6.RELEASE]
	at org.spockframework.spring.SpringTestContextManager.prepareTestInstance(SpringTestContextManager.java:49) [spock-spring-0.7-groovy-2.0.jar:na]
	at org.spockframework.spring.SpringInterceptor.interceptSetupMethod(SpringInterceptor.java:42) [spock-spring-0.7-groovy-2.0.jar:na]
	at org.spockframework.runtime.extension.AbstractMethodInterceptor.intercept(AbstractMethodInterceptor.java:28) [spock-core-0.7-groovy-2.0.jar:na]
	at org.spockframework.runtime.extension.MethodInvocation.proceed(MethodInvocation.java:84) [spock-core-0.7-groovy-2.0.jar:na]
	at org.spockframework.runtime.BaseSpecRunner.invoke(BaseSpecRunner.java:319) [spock-core-0.7-groovy-2.0.jar:na]
	at org.spockframework.runtime.BaseSpecRunner.invokeSetup(BaseSpecRunner.java:279) [spock-core-0.7-groovy-2.0.jar:na]
	at org.spockframework.runtime.BaseSpecRunner.doRunIteration(BaseSpecRunner.java:255) [spock-core-0.7-groovy-2.0.jar:na]
	at sun.reflect.GeneratedMethodAccessor5.invoke(Unknown Source) ~[na:na]
	at sun.reflect.DelegatingMethodAccessorImpl.invoke(DelegatingMethodAccessorImpl.java:25) ~[na:1.6.0_38]
	at java.lang.reflect.Method.invoke(Method.java:597) ~[na:1.6.0_38]
	at org.spockframework.util.ReflectionUtil.invokeMethod(ReflectionUtil.java:138) [spock-core-0.7-groovy-2.0.jar:na]
	at org.spockframework.runtime.BaseSpecRunner.invokeRaw(BaseSpecRunner.java:330) [spock-core-0.7-groovy-2.0.jar:na]
	at org.spockframework.runtime.BaseSpecRunner.invoke(BaseSpecRunner.java:311) [spock-core-0.7-groovy-2.0.jar:na]
	at org.spockframework.runtime.BaseSpecRunner.runIteration(BaseSpecRunner.java:223) [spock-core-0.7-groovy-2.0.jar:na]
	at org.spockframework.runtime.BaseSpecRunner.initializeAndRunIteration(BaseSpecRunner.java:214) [spock-core-0.7-groovy-2.0.jar:na]
	at org.spockframework.runtime.BaseSpecRunner.runSimpleFeature(BaseSpecRunner.java:205) [spock-core-0.7-groovy-2.0.jar:na]
	at org.spockframework.runtime.BaseSpecRunner.doRunFeature(BaseSpecRunner.java:199) [spock-core-0.7-groovy-2.0.jar:na]
	at sun.reflect.GeneratedMethodAccessor7.invoke(Unknown Source) ~[na:na]
	at sun.reflect.DelegatingMethodAccessorImpl.invoke(DelegatingMethodAccessorImpl.java:25) ~[na:1.6.0_38]
	at java.lang.reflect.Method.invoke(Method.java:597) ~[na:1.6.0_38]
	at org.spockframework.util.ReflectionUtil.invokeMethod(ReflectionUtil.java:138) [spock-core-0.7-groovy-2.0.jar:na]
	at org.spockframework.runtime.BaseSpecRunner.invokeRaw(BaseSpecRunner.java:330) [spock-core-0.7-groovy-2.0.jar:na]
	at org.spockframework.runtime.BaseSpecRunner.invoke(BaseSpecRunner.java:311) [spock-core-0.7-groovy-2.0.jar:na]
	at org.spockframework.runtime.BaseSpecRunner.runFeature(BaseSpecRunner.java:175) [spock-core-0.7-groovy-2.0.jar:na]
	at org.spockframework.runtime.BaseSpecRunner.runFeatures(BaseSpecRunner.java:152) [spock-core-0.7-groovy-2.0.jar:na]
	at org.spockframework.runtime.BaseSpecRunner.doRunSpec(BaseSpecRunner.java:112) [spock-core-0.7-groovy-2.0.jar:na]
	at sun.reflect.GeneratedMethodAccessor11.invoke(Unknown Source) ~[na:na]
	at sun.reflect.DelegatingMethodAccessorImpl.invoke(DelegatingMethodAccessorImpl.java:25) ~[na:1.6.0_38]
	at java.lang.reflect.Method.invoke(Method.java:597) ~[na:1.6.0_38]
	at org.spockframework.util.ReflectionUtil.invokeMethod(ReflectionUtil.java:138) [spock-core-0.7-groovy-2.0.jar:na]
	at org.spockframework.runtime.BaseSpecRunner.invokeRaw(BaseSpecRunner.java:330) [spock-core-0.7-groovy-2.0.jar:na]
	at org.spockframework.runtime.BaseSpecRunner.invoke(BaseSpecRunner.java:311) [spock-core-0.7-groovy-2.0.jar:na]
	at org.spockframework.runtime.BaseSpecRunner.runSpec(BaseSpecRunner.java:91) [spock-core-0.7-groovy-2.0.jar:na]
	at org.spockframework.runtime.BaseSpecRunner.run(BaseSpecRunner.java:82) [spock-core-0.7-groovy-2.0.jar:na]
	at org.spockframework.runtime.Sputnik.run(Sputnik.java:63) [spock-core-0.7-groovy-2.0.jar:na]
	at org.apache.maven.surefire.junit4.JUnit4TestSet.execute(JUnit4TestSet.java:53) [surefire-junit4-2.10.jar:2.10]
	at org.apache.maven.surefire.junit4.JUnit4Provider.executeTestSet(JUnit4Provider.java:123) [surefire-junit4-2.10.jar:2.10]
	at org.apache.maven.surefire.junit4.JUnit4Provider.invoke(JUnit4Provider.java:104) [surefire-junit4-2.10.jar:2.10]
	at sun.reflect.NativeMethodAccessorImpl.invoke0(Native Method) ~[na:1.6.0_38]
	at sun.reflect.NativeMethodAccessorImpl.invoke(NativeMethodAccessorImpl.java:39) ~[na:1.6.0_38]
	at sun.reflect.DelegatingMethodAccessorImpl.invoke(DelegatingMethodAccessorImpl.java:25) ~[na:1.6.0_38]
	at java.lang.reflect.Method.invoke(Method.java:597) ~[na:1.6.0_38]
	at org.apache.maven.surefire.util.ReflectionUtils.invokeMethodWithArray(ReflectionUtils.java:164) [surefire-api-2.10.jar:2.10]
	at org.apache.maven.surefire.booter.ProviderFactory$ProviderProxy.invoke(ProviderFactory.java:110) [surefire-booter-2.10.jar:2.10]
	at org.apache.maven.surefire.booter.SurefireStarter.invokeProvider(SurefireStarter.java:175) [surefire-booter-2.10.jar:2.10]
	at org.apache.maven.surefire.booter.SurefireStarter.runSuitesInProcessWhenForked(SurefireStarter.java:107) [surefire-booter-2.10.jar:2.10]
	at org.apache.maven.surefire.booter.ForkedBooter.main(ForkedBooter.java:68) [surefire-booter-2.10.jar:2.10]
22:05:03.111 [main] WARN  o.s.c.a.CommonAnnotationBeanPostProcessor - Invocation of destroy method failed on bean with name &apos;accountOngoingSyncJob&apos;: com.rackspace.search.exception.NotFoundException: Index is missing
22:05:03.133 [main] ERROR c.r.s.e.client.ElasticSearchClient - Index is missing
org.elasticsearch.indices.IndexMissingException: [admin] missing
	at org.elasticsearch.cluster.metadata.MetaData.concreteIndex(MetaData.java:616) ~[elasticsearch-0.90.2.jar:na]
	at org.elasticsearch.action.get.TransportGetAction.resolveRequest(TransportGetAction.java:90) ~[elasticsearch-0.90.2.jar:na]
	at org.elasticsearch.action.get.TransportGetAction.resolveRequest(TransportGetAction.java:42) ~[elasticsearch-0.90.2.jar:na]
	at org.elasticsearch.action.support.single.shard.TransportShardSingleOperationAction$AsyncSingleAction.&lt;init&gt;(TransportShardSingleOperationAction.java:114) ~[elasticsearch-0.90.2.jar:na]
	at org.elasticsearch.action.support.single.shard.TransportShardSingleOperationAction$AsyncSingleAction.&lt;init&gt;(TransportShardSingleOperationAction.java:94) ~[elasticsearch-0.90.2.jar:na]
	at org.elasticsearch.action.support.single.shard.TransportShardSingleOperationAction.doExecute(TransportShardSingleOperationAction.java:71) ~[elasticsearch-0.90.2.jar:na]
	at org.elasticsearch.action.support.single.shard.TransportShardSingleOperationAction.doExecute(TransportShardSingleOperationAction.java:46) ~[elasticsearch-0.90.2.jar:na]
	at org.elasticsearch.action.support.TransportAction.execute(TransportAction.java:61) ~[elasticsearch-0.90.2.jar:na]
	at org.elasticsearch.client.node.NodeClient.execute(NodeClient.java:92) ~[elasticsearch-0.90.2.jar:na]
	at org.elasticsearch.client.support.AbstractClient.get(AbstractClient.java:179) ~[elasticsearch-0.90.2.jar:na]
	at org.elasticsearch.action.get.GetRequestBuilder.doExecute(GetRequestBuilder.java:112) ~[elasticsearch-0.90.2.jar:na]
	at org.elasticsearch.action.ActionRequestBuilder.execute(ActionRequestBuilder.java:62) ~[elasticsearch-0.90.2.jar:na]
	at org.elasticsearch.action.ActionRequestBuilder.execute(ActionRequestBuilder.java:57) ~[elasticsearch-0.90.2.jar:na]
	at org.elasticsearch.action.ActionRequestBuilder$execute.call(Unknown Source) ~[na:na]
	at com.rackspace.search.elasticsearch.client.ElasticSearchClient.getDocument(ElasticSearchClient.groovy:209) ~[classes/:na]
	at com.rackspace.search.elasticsearch.client.ElasticSearchClient$getDocument.call(Unknown Source) [classes/:na]
	at com.rackspace.search.service.JobService.getJob(JobService.groovy:56) [classes/:na]
	at com.rackspace.search.service.JobService$getJob$0.callCurrent(Unknown Source) [classes/:na]
	at com.rackspace.search.service.JobService.getJob(JobService.groovy:52) [classes/:na]
	at com.rackspace.search.service.JobService$getJob.call(Unknown Source) [classes/:na]
	at com.rackspace.search.service.account.AccountOnetimeSyncJob.windupActivities(AccountOneTimeSyncJob.groovy:39) [classes/:na]
	at sun.reflect.NativeMethodAccessorImpl.invoke0(Native Method) ~[na:1.6.0_38]
	at sun.reflect.NativeMethodAccessorImpl.invoke(NativeMethodAccessorImpl.java:39) ~[na:1.6.0_38]
	at sun.reflect.DelegatingMethodAccessorImpl.invoke(DelegatingMethodAccessorImpl.java:25) ~[na:1.6.0_38]
	at java.lang.reflect.Method.invoke(Method.java:597) ~[na:1.6.0_38]
	at org.springframework.beans.factory.annotation.InitDestroyAnnotationBeanPostProcessor$LifecycleElement.invoke(InitDestroyAnnotationBeanPostProcessor.java:340) [spring-beans-3.0.6.RELEASE.jar:3.0.6.RELEASE]
	at org.springframework.beans.factory.annotation.InitDestroyAnnotationBeanPostProcessor$LifecycleMetadata.invokeDestroyMethods(InitDestroyAnnotationBeanPostProcessor.java:305) [spring-beans-3.0.6.RELEASE.jar:3.0.6.RELEASE]
	at org.springframework.beans.factory.annotation.InitDestroyAnnotationBeanPostProcessor.postProcessBeforeDestruction(InitDestroyAnnotationBeanPostProcessor.java:148) [spring-beans-3.0.6.RELEASE.jar:3.0.6.RELEASE]
	at org.springframework.beans.factory.support.DisposableBeanAdapter.destroy(DisposableBeanAdapter.java:166) [spring-beans-3.0.6.RELEASE.jar:3.0.6.RELEASE]
	at org.springframework.beans.factory.support.DefaultSingletonBeanRegistry.destroyBean(DefaultSingletonBeanRegistry.java:487) [spring-beans-3.0.6.RELEASE.jar:3.0.6.RELEASE]
	at org.springframework.beans.factory.support.DefaultSingletonBeanRegistry.destroySingleton(DefaultSingletonBeanRegistry.java:463) [spring-beans-3.0.6.RELEASE.jar:3.0.6.RELEASE]
	at org.springframework.beans.factory.support.DefaultSingletonBeanRegistry.destroySingletons(DefaultSingletonBeanRegistry.java:431) [spring-beans-3.0.6.RELEASE.jar:3.0.6.RELEASE]
	at org.springframework.context.support.AbstractApplicationContext.destroyBeans(AbstractApplicationContext.java:1048) [spring-context-3.0.6.RELEASE.jar:3.0.6.RELEASE]
	at org.springframework.context.support.AbstractApplicationContext.refresh(AbstractApplicationContext.java:433) [spring-context-3.0.6.RELEASE.jar:3.0.6.RELEASE]
	at org.springframework.test.context.support.AbstractGenericContextLoader.loadContext(AbstractGenericContextLoader.java:84) [spring-test-3.0.6.RELEASE.jar:3.0.6.RELEASE]
	at org.springframework.test.context.support.AbstractGenericContextLoader.loadContext(AbstractGenericContextLoader.java:1) [spring-test-3.0.6.RELEASE.jar:3.0.6.RELEASE]
	at org.springframework.test.context.TestContext.loadApplicationContext(TestContext.java:280) [spring-test-3.0.6.RELEASE.jar:3.0.6.RELEASE]
	at org.springframework.test.context.TestContext.getApplicationContext(TestContext.java:304) [spring-test-3.0.6.RELEASE.jar:3.0.6.RELEASE]
	at org.springframework.test.context.support.DependencyInjectionTestExecutionListener.injectDependencies(DependencyInjectionTestExecutionListener.java:109) [spring-test-3.0.6.RELEASE.jar:3.0.6.RELEASE]
	at org.springframework.test.context.support.DependencyInjectionTestExecutionListener.prepareTestInstance(DependencyInjectionTestExecutionListener.java:75) [spring-test-3.0.6.RELEASE.jar:3.0.6.RELEASE]
	at org.springframework.test.context.TestContextManager.prepareTestInstance(TestContextManager.java:321) [spring-test-3.0.6.RELEASE.jar:3.0.6.RELEASE]
	at org.spockframework.spring.SpringTestContextManager.prepareTestInstance(SpringTestContextManager.java:49) [spock-spring-0.7-groovy-2.0.jar:na]
	at org.spockframework.spring.SpringInterceptor.interceptSetupMethod(SpringInterceptor.java:42) [spock-spring-0.7-groovy-2.0.jar:na]
	at org.spockframework.runtime.extension.AbstractMethodInterceptor.intercept(AbstractMethodInterceptor.java:28) [spock-core-0.7-groovy-2.0.jar:na]
	at org.spockframework.runtime.extension.MethodInvocation.proceed(MethodInvocation.java:84) [spock-core-0.7-groovy-2.0.jar:na]
	at org.spockframework.runtime.BaseSpecRunner.invoke(BaseSpecRunner.java:319) [spock-core-0.7-groovy-2.0.jar:na]
	at org.spockframework.runtime.BaseSpecRunner.invokeSetup(BaseSpecRunner.java:279) [spock-core-0.7-groovy-2.0.jar:na]
	at org.spockframework.runtime.BaseSpecRunner.doRunIteration(BaseSpecRunner.java:255) [spock-core-0.7-groovy-2.0.jar:na]
	at sun.reflect.GeneratedMethodAccessor5.invoke(Unknown Source) ~[na:na]
	at sun.reflect.DelegatingMethodAccessorImpl.invoke(DelegatingMethodAccessorImpl.java:25) ~[na:1.6.0_38]
	at java.lang.reflect.Method.invoke(Method.java:597) ~[na:1.6.0_38]
	at org.spockframework.util.ReflectionUtil.invokeMethod(ReflectionUtil.java:138) [spock-core-0.7-groovy-2.0.jar:na]
	at org.spockframework.runtime.BaseSpecRunner.invokeRaw(BaseSpecRunner.java:330) [spock-core-0.7-groovy-2.0.jar:na]
	at org.spockframework.runtime.BaseSpecRunner.invoke(BaseSpecRunner.java:311) [spock-core-0.7-groovy-2.0.jar:na]
	at org.spockframework.runtime.BaseSpecRunner.runIteration(BaseSpecRunner.java:223) [spock-core-0.7-groovy-2.0.jar:na]
	at org.spockframework.runtime.BaseSpecRunner.initializeAndRunIteration(BaseSpecRunner.java:214) [spock-core-0.7-groovy-2.0.jar:na]
	at org.spockframework.runtime.BaseSpecRunner.runSimpleFeature(BaseSpecRunner.java:205) [spock-core-0.7-groovy-2.0.jar:na]
	at org.spockframework.runtime.BaseSpecRunner.doRunFeature(BaseSpecRunner.java:199) [spock-core-0.7-groovy-2.0.jar:na]
	at sun.reflect.GeneratedMethodAccessor7.invoke(Unknown Source) ~[na:na]
	at sun.reflect.DelegatingMethodAccessorImpl.invoke(DelegatingMethodAccessorImpl.java:25) ~[na:1.6.0_38]
	at java.lang.reflect.Method.invoke(Method.java:597) ~[na:1.6.0_38]
	at org.spockframework.util.ReflectionUtil.invokeMethod(ReflectionUtil.java:138) [spock-core-0.7-groovy-2.0.jar:na]
	at org.spockframework.runtime.BaseSpecRunner.invokeRaw(BaseSpecRunner.java:330) [spock-core-0.7-groovy-2.0.jar:na]
	at org.spockframework.runtime.BaseSpecRunner.invoke(BaseSpecRunner.java:311) [spock-core-0.7-groovy-2.0.jar:na]
	at org.spockframework.runtime.BaseSpecRunner.runFeature(BaseSpecRunner.java:175) [spock-core-0.7-groovy-2.0.jar:na]
	at org.spockframework.runtime.BaseSpecRunner.runFeatures(BaseSpecRunner.java:152) [spock-core-0.7-groovy-2.0.jar:na]
	at org.spockframework.runtime.BaseSpecRunner.doRunSpec(BaseSpecRunner.java:112) [spock-core-0.7-groovy-2.0.jar:na]
	at sun.reflect.GeneratedMethodAccessor11.invoke(Unknown Source) ~[na:na]
	at sun.reflect.DelegatingMethodAccessorImpl.invoke(DelegatingMethodAccessorImpl.java:25) ~[na:1.6.0_38]
	at java.lang.reflect.Method.invoke(Method.java:597) ~[na:1.6.0_38]
	at org.spockframework.util.ReflectionUtil.invokeMethod(ReflectionUtil.java:138) [spock-core-0.7-groovy-2.0.jar:na]
	at org.spockframework.runtime.BaseSpecRunner.invokeRaw(BaseSpecRunner.java:330) [spock-core-0.7-groovy-2.0.jar:na]
	at org.spockframework.runtime.BaseSpecRunner.invoke(BaseSpecRunner.java:311) [spock-core-0.7-groovy-2.0.jar:na]
	at org.spockframework.runtime.BaseSpecRunner.runSpec(BaseSpecRunner.java:91) [spock-core-0.7-groovy-2.0.jar:na]
	at org.spockframework.runtime.BaseSpecRunner.run(BaseSpecRunner.java:82) [spock-core-0.7-groovy-2.0.jar:na]
	at org.spockframework.runtime.Sputnik.run(Sputnik.java:63) [spock-core-0.7-groovy-2.0.jar:na]
	at org.apache.maven.surefire.junit4.JUnit4TestSet.execute(JUnit4TestSet.java:53) [surefire-junit4-2.10.jar:2.10]
	at org.apache.maven.surefire.junit4.JUnit4Provider.executeTestSet(JUnit4Provider.java:123) [surefire-junit4-2.10.jar:2.10]
	at org.apache.maven.surefire.junit4.JUnit4Provider.invoke(JUnit4Provider.java:104) [surefire-junit4-2.10.jar:2.10]
	at sun.reflect.NativeMethodAccessorImpl.invoke0(Native Method) ~[na:1.6.0_38]
	at sun.reflect.NativeMethodAccessorImpl.invoke(NativeMethodAccessorImpl.java:39) ~[na:1.6.0_38]
	at sun.reflect.DelegatingMethodAccessorImpl.invoke(DelegatingMethodAccessorImpl.java:25) ~[na:1.6.0_38]
	at java.lang.reflect.Method.invoke(Method.java:597) ~[na:1.6.0_38]
	at org.apache.maven.surefire.util.ReflectionUtils.invokeMethodWithArray(ReflectionUtils.java:164) [surefire-api-2.10.jar:2.10]
	at org.apache.maven.surefire.booter.ProviderFactory$ProviderProxy.invoke(ProviderFactory.java:110) [surefire-booter-2.10.jar:2.10]
	at org.apache.maven.surefire.booter.SurefireStarter.invokeProvider(SurefireStarter.java:175) [surefire-booter-2.10.jar:2.10]
	at org.apache.maven.surefire.booter.SurefireStarter.runSuitesInProcessWhenForked(SurefireStarter.java:107) [surefire-booter-2.10.jar:2.10]
	at org.apache.maven.surefire.booter.ForkedBooter.main(ForkedBooter.java:68) [surefire-booter-2.10.jar:2.10]
22:05:03.135 [main] WARN  o.s.c.a.CommonAnnotationBeanPostProcessor - Invocation of destroy method failed on bean with name &apos;accountOnetimeSyncJob&apos;: com.rackspace.search.exception.NotFoundException: Index is missing
22:05:03.139 [main] ERROR c.r.s.e.client.ElasticSearchClient - Index is missing
org.elasticsearch.indices.IndexMissingException: [admin] missing
	at org.elasticsearch.cluster.metadata.MetaData.concreteIndex(MetaData.java:616) ~[elasticsearch-0.90.2.jar:na]
	at org.elasticsearch.action.get.TransportGetAction.resolveRequest(TransportGetAction.java:90) ~[elasticsearch-0.90.2.jar:na]
	at org.elasticsearch.action.get.TransportGetAction.resolveRequest(TransportGetAction.java:42) ~[elasticsearch-0.90.2.jar:na]
	at org.elasticsearch.action.support.single.shard.TransportShardSingleOperationAction$AsyncSingleAction.&lt;init&gt;(TransportShardSingleOperationAction.java:114) ~[elasticsearch-0.90.2.jar:na]
	at org.elasticsearch.action.support.single.shard.TransportShardSingleOperationAction$AsyncSingleAction.&lt;init&gt;(TransportShardSingleOperationAction.java:94) ~[elasticsearch-0.90.2.jar:na]
	at org.elasticsearch.action.support.single.shard.TransportShardSingleOperationAction.doExecute(TransportShardSingleOperationAction.java:71) ~[elasticsearch-0.90.2.jar:na]
	at org.elasticsearch.action.support.single.shard.TransportShardSingleOperationAction.doExecute(TransportShardSingleOperationAction.java:46) ~[elasticsearch-0.90.2.jar:na]
	at org.elasticsearch.action.support.TransportAction.execute(TransportAction.java:61) ~[elasticsearch-0.90.2.jar:na]
	at org.elasticsearch.client.node.NodeClient.execute(NodeClient.java:92) ~[elasticsearch-0.90.2.jar:na]
	at org.elasticsearch.client.support.AbstractClient.get(AbstractClient.java:179) ~[elasticsearch-0.90.2.jar:na]
	at org.elasticsearch.action.get.GetRequestBuilder.doExecute(GetRequestBuilder.java:112) ~[elasticsearch-0.90.2.jar:na]
	at org.elasticsearch.action.ActionRequestBuilder.execute(ActionRequestBuilder.java:62) ~[elasticsearch-0.90.2.jar:na]
	at org.elasticsearch.action.ActionRequestBuilder.execute(ActionRequestBuilder.java:57) ~[elasticsearch-0.90.2.jar:na]
	at org.elasticsearch.action.ActionRequestBuilder$execute.call(Unknown Source) ~[na:na]
	at com.rackspace.search.elasticsearch.client.ElasticSearchClient.getDocument(ElasticSearchClient.groovy:209) ~[classes/:na]
	at com.rackspace.search.elasticsearch.client.ElasticSearchClient$getDocument.call(Unknown Source) [classes/:na]
	at com.rackspace.search.service.JobService.getJob(JobService.groovy:56) [classes/:na]
	at com.rackspace.search.service.JobService$getJob$0.callCurrent(Unknown Source) [classes/:na]
	at com.rackspace.search.service.JobService.getJob(JobService.groovy:52) [classes/:na]
	at com.rackspace.search.service.JobService$getJob.call(Unknown Source) [classes/:na]
	at com.rackspace.search.service.core.CoreTicketOngoingSyncJob.windupActivities(CoreTicketOnGoingSyncJob.groovy:82) [classes/:na]
	at sun.reflect.NativeMethodAccessorImpl.invoke0(Native Method) ~[na:1.6.0_38]
	at sun.reflect.NativeMethodAccessorImpl.invoke(NativeMethodAccessorImpl.java:39) ~[na:1.6.0_38]
	at sun.reflect.DelegatingMethodAccessorImpl.invoke(DelegatingMethodAccessorImpl.java:25) ~[na:1.6.0_38]
	at java.lang.reflect.Method.invoke(Method.java:597) ~[na:1.6.0_38]
	at org.springframework.beans.factory.annotation.InitDestroyAnnotationBeanPostProcessor$LifecycleElement.invoke(InitDestroyAnnotationBeanPostProcessor.java:340) [spring-beans-3.0.6.RELEASE.jar:3.0.6.RELEASE]
	at org.springframework.beans.factory.annotation.InitDestroyAnnotationBeanPostProcessor$LifecycleMetadata.invokeDestroyMethods(InitDestroyAnnotationBeanPostProcessor.java:305) [spring-beans-3.0.6.RELEASE.jar:3.0.6.RELEASE]
	at org.springframework.beans.factory.annotation.InitDestroyAnnotationBeanPostProcessor.postProcessBeforeDestruction(InitDestroyAnnotationBeanPostProcessor.java:148) [spring-beans-3.0.6.RELEASE.jar:3.0.6.RELEASE]
	at org.springframework.beans.factory.support.DisposableBeanAdapter.destroy(DisposableBeanAdapter.java:166) [spring-beans-3.0.6.RELEASE.jar:3.0.6.RELEASE]
	at org.springframework.beans.factory.support.DefaultSingletonBeanRegistry.destroyBean(DefaultSingletonBeanRegistry.java:487) [spring-beans-3.0.6.RELEASE.jar:3.0.6.RELEASE]
	at org.springframework.beans.factory.support.DefaultSingletonBeanRegistry.destroySingleton(DefaultSingletonBeanRegistry.java:463) [spring-beans-3.0.6.RELEASE.jar:3.0.6.RELEASE]
	at org.springframework.beans.factory.support.DefaultSingletonBeanRegistry.destroySingletons(DefaultSingletonBeanRegistry.java:431) [spring-beans-3.0.6.RELEASE.jar:3.0.6.RELEASE]
	at org.springframework.context.support.AbstractApplicationContext.destroyBeans(AbstractApplicationContext.java:1048) [spring-context-3.0.6.RELEASE.jar:3.0.6.RELEASE]
	at org.springframework.context.support.AbstractApplicationContext.refresh(AbstractApplicationContext.java:433) [spring-context-3.0.6.RELEASE.jar:3.0.6.RELEASE]
	at org.springframework.test.context.support.AbstractGenericContextLoader.loadContext(AbstractGenericContextLoader.java:84) [spring-test-3.0.6.RELEASE.jar:3.0.6.RELEASE]
	at org.springframework.test.context.support.AbstractGenericContextLoader.loadContext(AbstractGenericContextLoader.java:1) [spring-test-3.0.6.RELEASE.jar:3.0.6.RELEASE]
	at org.springframework.test.context.TestContext.loadApplicationContext(TestContext.java:280) [spring-test-3.0.6.RELEASE.jar:3.0.6.RELEASE]
	at org.springframework.test.context.TestContext.getApplicationContext(TestContext.java:304) [spring-test-3.0.6.RELEASE.jar:3.0.6.RELEASE]
	at org.springframework.test.context.support.DependencyInjectionTestExecutionListener.injectDependencies(DependencyInjectionTestExecutionListener.java:109) [spring-test-3.0.6.RELEASE.jar:3.0.6.RELEASE]
	at org.springframework.test.context.support.DependencyInjectionTestExecutionListener.prepareTestInstance(DependencyInjectionTestExecutionListener.java:75) [spring-test-3.0.6.RELEASE.jar:3.0.6.RELEASE]
	at org.springframework.test.context.TestContextManager.prepareTestInstance(TestContextManager.java:321) [spring-test-3.0.6.RELEASE.jar:3.0.6.RELEASE]
	at org.spockframework.spring.SpringTestContextManager.prepareTestInstance(SpringTestContextManager.java:49) [spock-spring-0.7-groovy-2.0.jar:na]
	at org.spockframework.spring.SpringInterceptor.interceptSetupMethod(SpringInterceptor.java:42) [spock-spring-0.7-groovy-2.0.jar:na]
	at org.spockframework.runtime.extension.AbstractMethodInterceptor.intercept(AbstractMethodInterceptor.java:28) [spock-core-0.7-groovy-2.0.jar:na]
	at org.spockframework.runtime.extension.MethodInvocation.proceed(MethodInvocation.java:84) [spock-core-0.7-groovy-2.0.jar:na]
	at org.spockframework.runtime.BaseSpecRunner.invoke(BaseSpecRunner.java:319) [spock-core-0.7-groovy-2.0.jar:na]
	at org.spockframework.runtime.BaseSpecRunner.invokeSetup(BaseSpecRunner.java:279) [spock-core-0.7-groovy-2.0.jar:na]
	at org.spockframework.runtime.BaseSpecRunner.doRunIteration(BaseSpecRunner.java:255) [spock-core-0.7-groovy-2.0.jar:na]
	at sun.reflect.GeneratedMethodAccessor5.invoke(Unknown Source) ~[na:na]
	at sun.reflect.DelegatingMethodAccessorImpl.invoke(DelegatingMethodAccessorImpl.java:25) ~[na:1.6.0_38]
	at java.lang.reflect.Method.invoke(Method.java:597) ~[na:1.6.0_38]
	at org.spockframework.util.ReflectionUtil.invokeMethod(ReflectionUtil.java:138) [spock-core-0.7-groovy-2.0.jar:na]
	at org.spockframework.runtime.BaseSpecRunner.invokeRaw(BaseSpecRunner.java:330) [spock-core-0.7-groovy-2.0.jar:na]
	at org.spockframework.runtime.BaseSpecRunner.invoke(BaseSpecRunner.java:311) [spock-core-0.7-groovy-2.0.jar:na]
	at org.spockframework.runtime.BaseSpecRunner.runIteration(BaseSpecRunner.java:223) [spock-core-0.7-groovy-2.0.jar:na]
	at org.spockframework.runtime.BaseSpecRunner.initializeAndRunIteration(BaseSpecRunner.java:214) [spock-core-0.7-groovy-2.0.jar:na]
	at org.spockframework.runtime.BaseSpecRunner.runSimpleFeature(BaseSpecRunner.java:205) [spock-core-0.7-groovy-2.0.jar:na]
	at org.spockframework.runtime.BaseSpecRunner.doRunFeature(BaseSpecRunner.java:199) [spock-core-0.7-groovy-2.0.jar:na]
	at sun.reflect.GeneratedMethodAccessor7.invoke(Unknown Source) ~[na:na]
	at sun.reflect.DelegatingMethodAccessorImpl.invoke(DelegatingMethodAccessorImpl.java:25) ~[na:1.6.0_38]
	at java.lang.reflect.Method.invoke(Method.java:597) ~[na:1.6.0_38]
	at org.spockframework.util.ReflectionUtil.invokeMethod(ReflectionUtil.java:138) [spock-core-0.7-groovy-2.0.jar:na]
	at org.spockframework.runtime.BaseSpecRunner.invokeRaw(BaseSpecRunner.java:330) [spock-core-0.7-groovy-2.0.jar:na]
	at org.spockframework.runtime.BaseSpecRunner.invoke(BaseSpecRunner.java:311) [spock-core-0.7-groovy-2.0.jar:na]
	at org.spockframework.runtime.BaseSpecRunner.runFeature(BaseSpecRunner.java:175) [spock-core-0.7-groovy-2.0.jar:na]
	at org.spockframework.runtime.BaseSpecRunner.runFeatures(BaseSpecRunner.java:152) [spock-core-0.7-groovy-2.0.jar:na]
	at org.spockframework.runtime.BaseSpecRunner.doRunSpec(BaseSpecRunner.java:112) [spock-core-0.7-groovy-2.0.jar:na]
	at sun.reflect.GeneratedMethodAccessor11.invoke(Unknown Source) ~[na:na]
	at sun.reflect.DelegatingMethodAccessorImpl.invoke(DelegatingMethodAccessorImpl.java:25) ~[na:1.6.0_38]
	at java.lang.reflect.Method.invoke(Method.java:597) ~[na:1.6.0_38]
	at org.spockframework.util.ReflectionUtil.invokeMethod(ReflectionUtil.java:138) [spock-core-0.7-groovy-2.0.jar:na]
	at org.spockframework.runtime.BaseSpecRunner.invokeRaw(BaseSpecRunner.java:330) [spock-core-0.7-groovy-2.0.jar:na]
	at org.spockframework.runtime.BaseSpecRunner.invoke(BaseSpecRunner.java:311) [spock-core-0.7-groovy-2.0.jar:na]
	at org.spockframework.runtime.BaseSpecRunner.runSpec(BaseSpecRunner.java:91) [spock-core-0.7-groovy-2.0.jar:na]
	at org.spockframework.runtime.BaseSpecRunner.run(BaseSpecRunner.java:82) [spock-core-0.7-groovy-2.0.jar:na]
	at org.spockframework.runtime.Sputnik.run(Sputnik.java:63) [spock-core-0.7-groovy-2.0.jar:na]
	at org.apache.maven.surefire.junit4.JUnit4TestSet.execute(JUnit4TestSet.java:53) [surefire-junit4-2.10.jar:2.10]
	at org.apache.maven.surefire.junit4.JUnit4Provider.executeTestSet(JUnit4Provider.java:123) [surefire-junit4-2.10.jar:2.10]
	at org.apache.maven.surefire.junit4.JUnit4Provider.invoke(JUnit4Provider.java:104) [surefire-junit4-2.10.jar:2.10]
	at sun.reflect.NativeMethodAccessorImpl.invoke0(Native Method) ~[na:1.6.0_38]
	at sun.reflect.NativeMethodAccessorImpl.invoke(NativeMethodAccessorImpl.java:39) ~[na:1.6.0_38]
	at sun.reflect.DelegatingMethodAccessorImpl.invoke(DelegatingMethodAccessorImpl.java:25) ~[na:1.6.0_38]
	at java.lang.reflect.Method.invoke(Method.java:597) ~[na:1.6.0_38]
	at org.apache.maven.surefire.util.ReflectionUtils.invokeMethodWithArray(ReflectionUtils.java:164) [surefire-api-2.10.jar:2.10]
	at org.apache.maven.surefire.booter.ProviderFactory$ProviderProxy.invoke(ProviderFactory.java:110) [surefire-booter-2.10.jar:2.10]
	at org.apache.maven.surefire.booter.SurefireStarter.invokeProvider(SurefireStarter.java:175) [surefire-booter-2.10.jar:2.10]
	at org.apache.maven.surefire.booter.SurefireStarter.runSuitesInProcessWhenForked(SurefireStarter.java:107) [surefire-booter-2.10.jar:2.10]
	at org.apache.maven.surefire.booter.ForkedBooter.main(ForkedBooter.java:68) [surefire-booter-2.10.jar:2.10]
22:05:03.141 [main] WARN  o.s.c.a.CommonAnnotationBeanPostProcessor - Invocation of destroy method failed on bean with name &apos;coreTicketOngoingSyncJob&apos;: com.rackspace.search.exception.NotFoundException: Index is missing
22:05:03.145 [main] ERROR c.r.s.e.client.ElasticSearchClient - Index is missing
org.elasticsearch.indices.IndexMissingException: [admin] missing
	at org.elasticsearch.cluster.metadata.MetaData.concreteIndex(MetaData.java:616) ~[elasticsearch-0.90.2.jar:na]
	at org.elasticsearch.action.get.TransportGetAction.resolveRequest(TransportGetAction.java:90) ~[elasticsearch-0.90.2.jar:na]
	at org.elasticsearch.action.get.TransportGetAction.resolveRequest(TransportGetAction.java:42) ~[elasticsearch-0.90.2.jar:na]
	at org.elasticsearch.action.support.single.shard.TransportShardSingleOperationAction$AsyncSingleAction.&lt;init&gt;(TransportShardSingleOperationAction.java:114) ~[elasticsearch-0.90.2.jar:na]
	at org.elasticsearch.action.support.single.shard.TransportShardSingleOperationAction$AsyncSingleAction.&lt;init&gt;(TransportShardSingleOperationAction.java:94) ~[elasticsearch-0.90.2.jar:na]
	at org.elasticsearch.action.support.single.shard.TransportShardSingleOperationAction.doExecute(TransportShardSingleOperationAction.java:71) ~[elasticsearch-0.90.2.jar:na]
	at org.elasticsearch.action.support.single.shard.TransportShardSingleOperationAction.doExecute(TransportShardSingleOperationAction.java:46) ~[elasticsearch-0.90.2.jar:na]
	at org.elasticsearch.action.support.TransportAction.execute(TransportAction.java:61) ~[elasticsearch-0.90.2.jar:na]
	at org.elasticsearch.client.node.NodeClient.execute(NodeClient.java:92) ~[elasticsearch-0.90.2.jar:na]
	at org.elasticsearch.client.support.AbstractClient.get(AbstractClient.java:179) ~[elasticsearch-0.90.2.jar:na]
	at org.elasticsearch.action.get.GetRequestBuilder.doExecute(GetRequestBuilder.java:112) ~[elasticsearch-0.90.2.jar:na]
	at org.elasticsearch.action.ActionRequestBuilder.execute(ActionRequestBuilder.java:62) ~[elasticsearch-0.90.2.jar:na]
	at org.elasticsearch.action.ActionRequestBuilder.execute(ActionRequestBuilder.java:57) ~[elasticsearch-0.90.2.jar:na]
	at org.elasticsearch.action.ActionRequestBuilder$execute.call(Unknown Source) ~[na:na]
	at com.rackspace.search.elasticsearch.client.ElasticSearchClient.getDocument(ElasticSearchClient.groovy:209) ~[classes/:na]
	at com.rackspace.search.elasticsearch.client.ElasticSearchClient$getDocument.call(Unknown Source) [classes/:na]
	at com.rackspace.search.service.JobService.getJob(JobService.groovy:56) [classes/:na]
	at com.rackspace.search.service.JobService$getJob$0.callCurrent(Unknown Source) [classes/:na]
	at com.rackspace.search.service.JobService.getJob(JobService.groovy:52) [classes/:na]
	at com.rackspace.search.service.JobService$getJob.call(Unknown Source) [classes/:na]
	at com.rackspace.search.service.core.CoreTicketOnetimeSyncJob.windupActivities(CoreTicketOneTimeSyncJob.groovy:45) [classes/:na]
	at sun.reflect.NativeMethodAccessorImpl.invoke0(Native Method) ~[na:1.6.0_38]
	at sun.reflect.NativeMethodAccessorImpl.invoke(NativeMethodAccessorImpl.java:39) ~[na:1.6.0_38]
	at sun.reflect.DelegatingMethodAccessorImpl.invoke(DelegatingMethodAccessorImpl.java:25) ~[na:1.6.0_38]
	at java.lang.reflect.Method.invoke(Method.java:597) ~[na:1.6.0_38]
	at org.springframework.beans.factory.annotation.InitDestroyAnnotationBeanPostProcessor$LifecycleElement.invoke(InitDestroyAnnotationBeanPostProcessor.java:340) [spring-beans-3.0.6.RELEASE.jar:3.0.6.RELEASE]
	at org.springframework.beans.factory.annotation.InitDestroyAnnotationBeanPostProcessor$LifecycleMetadata.invokeDestroyMethods(InitDestroyAnnotationBeanPostProcessor.java:305) [spring-beans-3.0.6.RELEASE.jar:3.0.6.RELEASE]
	at org.springframework.beans.factory.annotation.InitDestroyAnnotationBeanPostProcessor.postProcessBeforeDestruction(InitDestroyAnnotationBeanPostProcessor.java:148) [spring-beans-3.0.6.RELEASE.jar:3.0.6.RELEASE]
	at org.springframework.beans.factory.support.DisposableBeanAdapter.destroy(DisposableBeanAdapter.java:166) [spring-beans-3.0.6.RELEASE.jar:3.0.6.RELEASE]
	at org.springframework.beans.factory.support.DefaultSingletonBeanRegistry.destroyBean(DefaultSingletonBeanRegistry.java:487) [spring-beans-3.0.6.RELEASE.jar:3.0.6.RELEASE]
	at org.springframework.beans.factory.support.DefaultSingletonBeanRegistry.destroySingleton(DefaultSingletonBeanRegistry.java:463) [spring-beans-3.0.6.RELEASE.jar:3.0.6.RELEASE]
	at org.springframework.beans.factory.support.DefaultSingletonBeanRegistry.destroySingletons(DefaultSingletonBeanRegistry.java:431) [spring-beans-3.0.6.RELEASE.jar:3.0.6.RELEASE]
	at org.springframework.context.support.AbstractApplicationContext.destroyBeans(AbstractApplicationContext.java:1048) [spring-context-3.0.6.RELEASE.jar:3.0.6.RELEASE]
	at org.springframework.context.support.AbstractApplicationContext.refresh(AbstractApplicationContext.java:433) [spring-context-3.0.6.RELEASE.jar:3.0.6.RELEASE]
	at org.springframework.test.context.support.AbstractGenericContextLoader.loadContext(AbstractGenericContextLoader.java:84) [spring-test-3.0.6.RELEASE.jar:3.0.6.RELEASE]
	at org.springframework.test.context.support.AbstractGenericContextLoader.loadContext(AbstractGenericContextLoader.java:1) [spring-test-3.0.6.RELEASE.jar:3.0.6.RELEASE]
	at org.springframework.test.context.TestContext.loadApplicationContext(TestContext.java:280) [spring-test-3.0.6.RELEASE.jar:3.0.6.RELEASE]
	at org.springframework.test.context.TestContext.getApplicationContext(TestContext.java:304) [spring-test-3.0.6.RELEASE.jar:3.0.6.RELEASE]
	at org.springframework.test.context.support.DependencyInjectionTestExecutionListener.injectDependencies(DependencyInjectionTestExecutionListener.java:109) [spring-test-3.0.6.RELEASE.jar:3.0.6.RELEASE]
	at org.springframework.test.context.support.DependencyInjectionTestExecutionListener.prepareTestInstance(DependencyInjectionTestExecutionListener.java:75) [spring-test-3.0.6.RELEASE.jar:3.0.6.RELEASE]
	at org.springframework.test.context.TestContextManager.prepareTestInstance(TestContextManager.java:321) [spring-test-3.0.6.RELEASE.jar:3.0.6.RELEASE]
	at org.spockframework.spring.SpringTestContextManager.prepareTestInstance(SpringTestContextManager.java:49) [spock-spring-0.7-groovy-2.0.jar:na]
	at org.spockframework.spring.SpringInterceptor.interceptSetupMethod(SpringInterceptor.java:42) [spock-spring-0.7-groovy-2.0.jar:na]
	at org.spockframework.runtime.extension.AbstractMethodInterceptor.intercept(AbstractMethodInterceptor.java:28) [spock-core-0.7-groovy-2.0.jar:na]
	at org.spockframework.runtime.extension.MethodInvocation.proceed(MethodInvocation.java:84) [spock-core-0.7-groovy-2.0.jar:na]
	at org.spockframework.runtime.BaseSpecRunner.invoke(BaseSpecRunner.java:319) [spock-core-0.7-groovy-2.0.jar:na]
	at org.spockframework.runtime.BaseSpecRunner.invokeSetup(BaseSpecRunner.java:279) [spock-core-0.7-groovy-2.0.jar:na]
	at org.spockframework.runtime.BaseSpecRunner.doRunIteration(BaseSpecRunner.java:255) [spock-core-0.7-groovy-2.0.jar:na]
	at sun.reflect.GeneratedMethodAccessor5.invoke(Unknown Source) ~[na:na]
	at sun.reflect.DelegatingMethodAccessorImpl.invoke(DelegatingMethodAccessorImpl.java:25) ~[na:1.6.0_38]
	at java.lang.reflect.Method.invoke(Method.java:597) ~[na:1.6.0_38]
	at org.spockframework.util.ReflectionUtil.invokeMethod(ReflectionUtil.java:138) [spock-core-0.7-groovy-2.0.jar:na]
	at org.spockframework.runtime.BaseSpecRunner.invokeRaw(BaseSpecRunner.java:330) [spock-core-0.7-groovy-2.0.jar:na]
	at org.spockframework.runtime.BaseSpecRunner.invoke(BaseSpecRunner.java:311) [spock-core-0.7-groovy-2.0.jar:na]
	at org.spockframework.runtime.BaseSpecRunner.runIteration(BaseSpecRunner.java:223) [spock-core-0.7-groovy-2.0.jar:na]
	at org.spockframework.runtime.BaseSpecRunner.initializeAndRunIteration(BaseSpecRunner.java:214) [spock-core-0.7-groovy-2.0.jar:na]
	at org.spockframework.runtime.BaseSpecRunner.runSimpleFeature(BaseSpecRunner.java:205) [spock-core-0.7-groovy-2.0.jar:na]
	at org.spockframework.runtime.BaseSpecRunner.doRunFeature(BaseSpecRunner.java:199) [spock-core-0.7-groovy-2.0.jar:na]
	at sun.reflect.GeneratedMethodAccessor7.invoke(Unknown Source) ~[na:na]
	at sun.reflect.DelegatingMethodAccessorImpl.invoke(DelegatingMethodAccessorImpl.java:25) ~[na:1.6.0_38]
	at java.lang.reflect.Method.invoke(Method.java:597) ~[na:1.6.0_38]
	at org.spockframework.util.ReflectionUtil.invokeMethod(ReflectionUtil.java:138) [spock-core-0.7-groovy-2.0.jar:na]
	at org.spockframework.runtime.BaseSpecRunner.invokeRaw(BaseSpecRunner.java:330) [spock-core-0.7-groovy-2.0.jar:na]
	at org.spockframework.runtime.BaseSpecRunner.invoke(BaseSpecRunner.java:311) [spock-core-0.7-groovy-2.0.jar:na]
	at org.spockframework.runtime.BaseSpecRunner.runFeature(BaseSpecRunner.java:175) [spock-core-0.7-groovy-2.0.jar:na]
	at org.spockframework.runtime.BaseSpecRunner.runFeatures(BaseSpecRunner.java:152) [spock-core-0.7-groovy-2.0.jar:na]
	at org.spockframework.runtime.BaseSpecRunner.doRunSpec(BaseSpecRunner.java:112) [spock-core-0.7-groovy-2.0.jar:na]
	at sun.reflect.GeneratedMethodAccessor11.invoke(Unknown Source) ~[na:na]
	at sun.reflect.DelegatingMethodAccessorImpl.invoke(DelegatingMethodAccessorImpl.java:25) ~[na:1.6.0_38]
	at java.lang.reflect.Method.invoke(Method.java:597) ~[na:1.6.0_38]
	at org.spockframework.util.ReflectionUtil.invokeMethod(ReflectionUtil.java:138) [spock-core-0.7-groovy-2.0.jar:na]
	at org.spockframework.runtime.BaseSpecRunner.invokeRaw(BaseSpecRunner.java:330) [spock-core-0.7-groovy-2.0.jar:na]
	at org.spockframework.runtime.BaseSpecRunner.invoke(BaseSpecRunner.java:311) [spock-core-0.7-groovy-2.0.jar:na]
	at org.spockframework.runtime.BaseSpecRunner.runSpec(BaseSpecRunner.java:91) [spock-core-0.7-groovy-2.0.jar:na]
	at org.spockframework.runtime.BaseSpecRunner.run(BaseSpecRunner.java:82) [spock-core-0.7-groovy-2.0.jar:na]
	at org.spockframework.runtime.Sputnik.run(Sputnik.java:63) [spock-core-0.7-groovy-2.0.jar:na]
	at org.apache.maven.surefire.junit4.JUnit4TestSet.execute(JUnit4TestSet.java:53) [surefire-junit4-2.10.jar:2.10]
	at org.apache.maven.surefire.junit4.JUnit4Provider.executeTestSet(JUnit4Provider.java:123) [surefire-junit4-2.10.jar:2.10]
	at org.apache.maven.surefire.junit4.JUnit4Provider.invoke(JUnit4Provider.java:104) [surefire-junit4-2.10.jar:2.10]
	at sun.reflect.NativeMethodAccessorImpl.invoke0(Native Method) ~[na:1.6.0_38]
	at sun.reflect.NativeMethodAccessorImpl.invoke(NativeMethodAccessorImpl.java:39) ~[na:1.6.0_38]
	at sun.reflect.DelegatingMethodAccessorImpl.invoke(DelegatingMethodAccessorImpl.java:25) ~[na:1.6.0_38]
	at java.lang.reflect.Method.invoke(Method.java:597) ~[na:1.6.0_38]
	at org.apache.maven.surefire.util.ReflectionUtils.invokeMethodWithArray(ReflectionUtils.java:164) [surefire-api-2.10.jar:2.10]
	at org.apache.maven.surefire.booter.ProviderFactory$ProviderProxy.invoke(ProviderFactory.java:110) [surefire-booter-2.10.jar:2.10]
	at org.apache.maven.surefire.booter.SurefireStarter.invokeProvider(SurefireStarter.java:175) [surefire-booter-2.10.jar:2.10]
	at org.apache.maven.surefire.booter.SurefireStarter.runSuitesInProcessWhenForked(SurefireStarter.java:107) [surefire-booter-2.10.jar:2.10]
	at org.apache.maven.surefire.booter.ForkedBooter.main(ForkedBooter.java:68) [surefire-booter-2.10.jar:2.10]
22:05:03.146 [main] WARN  o.s.c.a.CommonAnnotationBeanPostProcessor - Invocation of destroy method failed on bean with name &apos;coreTicketOnetimeSyncJob&apos;: com.rackspace.search.exception.NotFoundException: Index is missing
22:05:03.147 [main] INFO  org.elasticsearch.node - [ticket.node] {0.90.2}[25471]: stopping ...
22:05:03.163 [main] INFO  org.elasticsearch.node - [ticket.node] {0.90.2}[25471]: stopped
22:05:03.163 [main] INFO  org.elasticsearch.node - [ticket.node] {0.90.2}[25471]: closing ...
22:05:03.167 [main] INFO  org.elasticsearch.node - [ticket.node] {0.90.2}[25471]: closed
22:05:03.182 [main] ERROR o.s.test.context.TestContextManager - Caught exception while allowing TestExecutionListener [org.springframework.test.context.support.DependencyInjectionTestExecutionListener@c9046b1] to prepare test instance [com.rackspace.search.elasticsearch.client.ElasticSearchClientFactoryBeanTest@47bb3a11]
java.lang.IllegalStateException: Failed to load ApplicationContext
	at org.springframework.test.context.TestContext.getApplicationContext(TestContext.java:308) ~[spring-test-3.0.6.RELEASE.jar:3.0.6.RELEASE]
	at org.springframework.test.context.support.DependencyInjectionTestExecutionListener.injectDependencies(DependencyInjectionTestExecutionListener.java:109) ~[spring-test-3.0.6.RELEASE.jar:3.0.6.RELEASE]
	at org.springframework.test.context.support.DependencyInjectionTestExecutionListener.prepareTestInstance(DependencyInjectionTestExecutionListener.java:75) ~[spring-test-3.0.6.RELEASE.jar:3.0.6.RELEASE]
	at org.springframework.test.context.TestContextManager.prepareTestInstance(TestContextManager.java:321) ~[spring-test-3.0.6.RELEASE.jar:3.0.6.RELEASE]
	at org.spockframework.spring.SpringTestContextManager.prepareTestInstance(SpringTestContextManager.java:49) [spock-spring-0.7-groovy-2.0.jar:na]
	at org.spockframework.spring.SpringInterceptor.interceptSetupMethod(SpringInterceptor.java:42) [spock-spring-0.7-groovy-2.0.jar:na]
	at org.spockframework.runtime.extension.AbstractMethodInterceptor.intercept(AbstractMethodInterceptor.java:28) [spock-core-0.7-groovy-2.0.jar:na]
	at org.spockframework.runtime.extension.MethodInvocation.proceed(MethodInvocation.java:84) [spock-core-0.7-groovy-2.0.jar:na]
	at org.spockframework.runtime.BaseSpecRunner.invoke(BaseSpecRunner.java:319) [spock-core-0.7-groovy-2.0.jar:na]
	at org.spockframework.runtime.BaseSpecRunner.invokeSetup(BaseSpecRunner.java:279) [spock-core-0.7-groovy-2.0.jar:na]
	at org.spockframework.runtime.BaseSpecRunner.doRunIteration(BaseSpecRunner.java:255) [spock-core-0.7-groovy-2.0.jar:na]
	at sun.reflect.GeneratedMethodAccessor5.invoke(Unknown Source) ~[na:na]
	at sun.reflect.DelegatingMethodAccessorImpl.invoke(DelegatingMethodAccessorImpl.java:25) ~[na:1.6.0_38]
	at java.lang.reflect.Method.invoke(Method.java:597) ~[na:1.6.0_38]
	at org.spockframework.util.ReflectionUtil.invokeMethod(ReflectionUtil.java:138) [spock-core-0.7-groovy-2.0.jar:na]
	at org.spockframework.runtime.BaseSpecRunner.invokeRaw(BaseSpecRunner.java:330) [spock-core-0.7-groovy-2.0.jar:na]
	at org.spockframework.runtime.BaseSpecRunner.invoke(BaseSpecRunner.java:311) [spock-core-0.7-groovy-2.0.jar:na]
	at org.spockframework.runtime.BaseSpecRunner.runIteration(BaseSpecRunner.java:223) [spock-core-0.7-groovy-2.0.jar:na]
	at org.spockframework.runtime.BaseSpecRunner.initializeAndRunIteration(BaseSpecRunner.java:214) [spock-core-0.7-groovy-2.0.jar:na]
	at org.spockframework.runtime.BaseSpecRunner.runSimpleFeature(BaseSpecRunner.java:205) [spock-core-0.7-groovy-2.0.jar:na]
	at org.spockframework.runtime.BaseSpecRunner.doRunFeature(BaseSpecRunner.java:199) [spock-core-0.7-groovy-2.0.jar:na]
	at sun.reflect.GeneratedMethodAccessor7.invoke(Unknown Source) ~[na:na]
	at sun.reflect.DelegatingMethodAccessorImpl.invoke(DelegatingMethodAccessorImpl.java:25) ~[na:1.6.0_38]
	at java.lang.reflect.Method.invoke(Method.java:597) ~[na:1.6.0_38]
	at org.spockframework.util.ReflectionUtil.invokeMethod(ReflectionUtil.java:138) [spock-core-0.7-groovy-2.0.jar:na]
	at org.spockframework.runtime.BaseSpecRunner.invokeRaw(BaseSpecRunner.java:330) [spock-core-0.7-groovy-2.0.jar:na]
	at org.spockframework.runtime.BaseSpecRunner.invoke(BaseSpecRunner.java:311) [spock-core-0.7-groovy-2.0.jar:na]
	at org.spockframework.runtime.BaseSpecRunner.runFeature(BaseSpecRunner.java:175) [spock-core-0.7-groovy-2.0.jar:na]
	at org.spockframework.runtime.BaseSpecRunner.runFeatures(BaseSpecRunner.java:152) [spock-core-0.7-groovy-2.0.jar:na]
	at org.spockframework.runtime.BaseSpecRunner.doRunSpec(BaseSpecRunner.java:112) [spock-core-0.7-groovy-2.0.jar:na]
	at sun.reflect.GeneratedMethodAccessor11.invoke(Unknown Source) ~[na:na]
	at sun.reflect.DelegatingMethodAccessorImpl.invoke(DelegatingMethodAccessorImpl.java:25) ~[na:1.6.0_38]
	at java.lang.reflect.Method.invoke(Method.java:597) ~[na:1.6.0_38]
	at org.spockframework.util.ReflectionUtil.invokeMethod(ReflectionUtil.java:138) [spock-core-0.7-groovy-2.0.jar:na]
	at org.spockframework.runtime.BaseSpecRunner.invokeRaw(BaseSpecRunner.java:330) [spock-core-0.7-groovy-2.0.jar:na]
	at org.spockframework.runtime.BaseSpecRunner.invoke(BaseSpecRunner.java:311) [spock-core-0.7-groovy-2.0.jar:na]
	at org.spockframework.runtime.BaseSpecRunner.runSpec(BaseSpecRunner.java:91) [spock-core-0.7-groovy-2.0.jar:na]
	at org.spockframework.runtime.BaseSpecRunner.run(BaseSpecRunner.java:82) [spock-core-0.7-groovy-2.0.jar:na]
	at org.spockframework.runtime.Sputnik.run(Sputnik.java:63) [spock-core-0.7-groovy-2.0.jar:na]
	at org.apache.maven.surefire.junit4.JUnit4TestSet.execute(JUnit4TestSet.java:53) [surefire-junit4-2.10.jar:2.10]
	at org.apache.maven.surefire.junit4.JUnit4Provider.executeTestSet(JUnit4Provider.java:123) [surefire-junit4-2.10.jar:2.10]
	at org.apache.maven.surefire.junit4.JUnit4Provider.invoke(JUnit4Provider.java:104) [surefire-junit4-2.10.jar:2.10]
	at sun.reflect.NativeMethodAccessorImpl.invoke0(Native Method) ~[na:1.6.0_38]
	at sun.reflect.NativeMethodAccessorImpl.invoke(NativeMethodAccessorImpl.java:39) ~[na:1.6.0_38]
	at sun.reflect.DelegatingMethodAccessorImpl.invoke(DelegatingMethodAccessorImpl.java:25) ~[na:1.6.0_38]
	at java.lang.reflect.Method.invoke(Method.java:597) ~[na:1.6.0_38]
	at org.apache.maven.surefire.util.ReflectionUtils.invokeMethodWithArray(ReflectionUtils.java:164) [surefire-api-2.10.jar:2.10]
	at org.apache.maven.surefire.booter.ProviderFactory$ProviderProxy.invoke(ProviderFactory.java:110) [surefire-booter-2.10.jar:2.10]
	at org.apache.maven.surefire.booter.SurefireStarter.invokeProvider(SurefireStarter.java:175) [surefire-booter-2.10.jar:2.10]
	at org.apache.maven.surefire.booter.SurefireStarter.runSuitesInProcessWhenForked(SurefireStarter.java:107) [surefire-booter-2.10.jar:2.10]
	at org.apache.maven.surefire.booter.ForkedBooter.main(ForkedBooter.java:68) [surefire-booter-2.10.jar:2.10]
Caused by: org.springframework.beans.factory.BeanCreationException: Error creating bean with name &apos;jobResource&apos;: Injection of autowired dependencies failed; nested exception is org.springframework.beans.factory.BeanCreationException: Could not autowire field: private com.rackspace.search.service.zendesk.ZendeskTicketOngoingSyncJob com.rackspace.search.endpoint.JobResource.zendeskTicketOngoingSyncJob; nested exception is org.springframework.beans.factory.BeanCreationException: Error creating bean with name &apos;zendeskTicketOngoingSyncJob&apos;: Injection of autowired dependencies failed; nested exception is org.springframework.beans.factory.BeanCreationException: Could not autowire field: private com.rackspace.search.service.zendesk.ZendeskTicketOngoingSyncActor com.rackspace.search.service.zendesk.ZendeskTicketOngoingSyncJob.ticketActor; nested exception is org.springframework.beans.factory.BeanCreationException: Error creating bean with name &apos;zendeskTicketOngoingSyncActor&apos;: Injection of autowired dependencies failed; nested exception is org.springframework.beans.factory.BeanCreationException: Could not autowire field: private com.rackspace.search.service.zendesk.ZendeskTicketProcessor com.rackspace.search.service.zendesk.ZendeskTicketOngoingSyncActor.zendeskTicketProcessor; nested exception is org.springframework.beans.factory.BeanCreationException: Error creating bean with name &apos;zendeskTicketProcessor&apos;: Injection of autowired dependencies failed; nested exception is org.springframework.beans.factory.BeanCreationException: Could not autowire field: private java.lang.Object com.rackspace.search.service.zendesk.ZendeskTicketProcessor.zendeskIndexName; nested exception is java.lang.IllegalArgumentException: Could not resolve placeholder &apos;zendesk.index.name&apos;
	at org.springframework.beans.factory.annotation.AutowiredAnnotationBeanPostProcessor.postProcessPropertyValues(AutowiredAnnotationBeanPostProcessor.java:288) ~[spring-beans-3.0.6.RELEASE.jar:3.0.6.RELEASE]
	at org.springframework.beans.factory.support.AbstractAutowireCapableBeanFactory.populateBean(AbstractAutowireCapableBeanFactory.java:1074) ~[spring-beans-3.0.6.RELEASE.jar:3.0.6.RELEASE]
	at org.springframework.beans.factory.support.AbstractAutowireCapableBeanFactory.doCreateBean(AbstractAutowireCapableBeanFactory.java:517) ~[spring-beans-3.0.6.RELEASE.jar:3.0.6.RELEASE]
	at org.springframework.beans.factory.support.AbstractAutowireCapableBeanFactory.createBean(AbstractAutowireCapableBeanFactory.java:456) ~[spring-beans-3.0.6.RELEASE.jar:3.0.6.RELEASE]
	at org.springframework.beans.factory.support.AbstractBeanFactory$1.getObject(AbstractBeanFactory.java:293) ~[spring-beans-3.0.6.RELEASE.jar:3.0.6.RELEASE]
	at org.springframework.beans.factory.support.DefaultSingletonBeanRegistry.getSingleton(DefaultSingletonBeanRegistry.java:222) ~[spring-beans-3.0.6.RELEASE.jar:3.0.6.RELEASE]
	at org.springframework.beans.factory.support.AbstractBeanFactory.doGetBean(AbstractBeanFactory.java:290) ~[spring-beans-3.0.6.RELEASE.jar:3.0.6.RELEASE]
	at org.springframework.beans.factory.support.AbstractBeanFactory.getBean(AbstractBeanFactory.java:192) ~[spring-beans-3.0.6.RELEASE.jar:3.0.6.RELEASE]
	at org.springframework.beans.factory.support.DefaultListableBeanFactory.preInstantiateSingletons(DefaultListableBeanFactory.java:585) ~[spring-beans-3.0.6.RELEASE.jar:3.0.6.RELEASE]
	at org.springframework.context.support.AbstractApplicationContext.finishBeanFactoryInitialization(AbstractApplicationContext.java:895) ~[spring-context-3.0.6.RELEASE.jar:3.0.6.RELEASE]
	at org.springframework.context.support.AbstractApplicationContext.refresh(AbstractApplicationContext.java:425) ~[spring-context-3.0.6.RELEASE.jar:3.0.6.RELEASE]
	at org.springframework.test.context.support.AbstractGenericContextLoader.loadContext(AbstractGenericContextLoader.java:84) ~[spring-test-3.0.6.RELEASE.jar:3.0.6.RELEASE]
	at org.springframework.test.context.support.AbstractGenericContextLoader.loadContext(AbstractGenericContextLoader.java:1) ~[spring-test-3.0.6.RELEASE.jar:3.0.6.RELEASE]
	at org.springframework.test.context.TestContext.loadApplicationContext(TestContext.java:280) ~[spring-test-3.0.6.RELEASE.jar:3.0.6.RELEASE]
	at org.springframework.test.context.TestContext.getApplicationContext(TestContext.java:304) ~[spring-test-3.0.6.RELEASE.jar:3.0.6.RELEASE]
	... 50 common frames omitted
Caused by: org.springframework.beans.factory.BeanCreationException: Could not autowire field: private com.rackspace.search.service.zendesk.ZendeskTicketOngoingSyncJob com.rackspace.search.endpoint.JobResource.zendeskTicketOngoingSyncJob; nested exception is org.springframework.beans.factory.BeanCreationException: Error creating bean with name &apos;zendeskTicketOngoingSyncJob&apos;: Injection of autowired dependencies failed; nested exception is org.springframework.beans.factory.BeanCreationException: Could not autowire field: private com.rackspace.search.service.zendesk.ZendeskTicketOngoingSyncActor com.rackspace.search.service.zendesk.ZendeskTicketOngoingSyncJob.ticketActor; nested exception is org.springframework.beans.factory.BeanCreationException: Error creating bean with name &apos;zendeskTicketOngoingSyncActor&apos;: Injection of autowired dependencies failed; nested exception is org.springframework.beans.factory.BeanCreationException: Could not autowire field: private com.rackspace.search.service.zendesk.ZendeskTicketProcessor com.rackspace.search.service.zendesk.ZendeskTicketOngoingSyncActor.zendeskTicketProcessor; nested exception is org.springframework.beans.factory.BeanCreationException: Error creating bean with name &apos;zendeskTicketProcessor&apos;: Injection of autowired dependencies failed; nested exception is org.springframework.beans.factory.BeanCreationException: Could not autowire field: private java.lang.Object com.rackspace.search.service.zendesk.ZendeskTicketProcessor.zendeskIndexName; nested exception is java.lang.IllegalArgumentException: Could not resolve placeholder &apos;zendesk.index.name&apos;
	at org.springframework.beans.factory.annotation.AutowiredAnnotationBeanPostProcessor$AutowiredFieldElement.inject(AutowiredAnnotationBeanPostProcessor.java:508) ~[spring-beans-3.0.6.RELEASE.jar:3.0.6.RELEASE]
	at org.springframework.beans.factory.annotation.InjectionMetadata.inject(InjectionMetadata.java:84) ~[spring-beans-3.0.6.RELEASE.jar:3.0.6.RELEASE]
	at org.springframework.beans.factory.annotation.AutowiredAnnotationBeanPostProcessor.postProcessPropertyValues(AutowiredAnnotationBeanPostProcessor.java:285) ~[spring-beans-3.0.6.RELEASE.jar:3.0.6.RELEASE]
	... 64 common frames omitted
Caused by: org.springframework.beans.factory.BeanCreationException: Error creating bean with name &apos;zendeskTicketOngoingSyncJob&apos;: Injection of autowired dependencies failed; nested exception is org.springframework.beans.factory.BeanCreationException: Could not autowire field: private com.rackspace.search.service.zendesk.ZendeskTicketOngoingSyncActor com.rackspace.search.service.zendesk.ZendeskTicketOngoingSyncJob.ticketActor; nested exception is org.springframework.beans.factory.BeanCreationException: Error creating bean with name &apos;zendeskTicketOngoingSyncActor&apos;: Injection of autowired dependencies failed; nested exception is org.springframework.beans.factory.BeanCreationException: Could not autowire field: private com.rackspace.search.service.zendesk.ZendeskTicketProcessor com.rackspace.search.service.zendesk.ZendeskTicketOngoingSyncActor.zendeskTicketProcessor; nested exception is org.springframework.beans.factory.BeanCreationException: Error creating bean with name &apos;zendeskTicketProcessor&apos;: Injection of autowired dependencies failed; nested exception is org.springframework.beans.factory.BeanCreationException: Could not autowire field: private java.lang.Object com.rackspace.search.service.zendesk.ZendeskTicketProcessor.zendeskIndexName; nested exception is java.lang.IllegalArgumentException: Could not resolve placeholder &apos;zendesk.index.name&apos;
	at org.springframework.beans.factory.annotation.AutowiredAnnotationBeanPostProcessor.postProcessPropertyValues(AutowiredAnnotationBeanPostProcessor.java:288) ~[spring-beans-3.0.6.RELEASE.jar:3.0.6.RELEASE]
	at org.springframework.beans.factory.support.AbstractAutowireCapableBeanFactory.populateBean(AbstractAutowireCapableBeanFactory.java:1074) ~[spring-beans-3.0.6.RELEASE.jar:3.0.6.RELEASE]
	at org.springframework.beans.factory.support.AbstractAutowireCapableBeanFactory.doCreateBean(AbstractAutowireCapableBeanFactory.java:517) ~[spring-beans-3.0.6.RELEASE.jar:3.0.6.RELEASE]
	at org.springframework.beans.factory.support.AbstractAutowireCapableBeanFactory.createBean(AbstractAutowireCapableBeanFactory.java:456) ~[spring-beans-3.0.6.RELEASE.jar:3.0.6.RELEASE]
	at org.springframework.beans.factory.support.AbstractBeanFactory$1.getObject(AbstractBeanFactory.java:293) ~[spring-beans-3.0.6.RELEASE.jar:3.0.6.RELEASE]
	at org.springframework.beans.factory.support.DefaultSingletonBeanRegistry.getSingleton(DefaultSingletonBeanRegistry.java:222) ~[spring-beans-3.0.6.RELEASE.jar:3.0.6.RELEASE]
	at org.springframework.beans.factory.support.AbstractBeanFactory.doGetBean(AbstractBeanFactory.java:290) ~[spring-beans-3.0.6.RELEASE.jar:3.0.6.RELEASE]
	at org.springframework.beans.factory.support.AbstractBeanFactory.getBean(AbstractBeanFactory.java:192) ~[spring-beans-3.0.6.RELEASE.jar:3.0.6.RELEASE]
	at org.springframework.beans.factory.support.DefaultListableBeanFactory.findAutowireCandidates(DefaultListableBeanFactory.java:848) ~[spring-beans-3.0.6.RELEASE.jar:3.0.6.RELEASE]
	at org.springframework.beans.factory.support.DefaultListableBeanFactory.doResolveDependency(DefaultListableBeanFactory.java:790) ~[spring-beans-3.0.6.RELEASE.jar:3.0.6.RELEASE]
	at org.springframework.beans.factory.support.DefaultListableBeanFactory.resolveDependency(DefaultListableBeanFactory.java:707) ~[spring-beans-3.0.6.RELEASE.jar:3.0.6.RELEASE]
	at org.springframework.beans.factory.annotation.AutowiredAnnotationBeanPostProcessor$AutowiredFieldElement.inject(AutowiredAnnotationBeanPostProcessor.java:480) ~[spring-beans-3.0.6.RELEASE.jar:3.0.6.RELEASE]
	... 66 common frames omitted
Caused by: org.springframework.beans.factory.BeanCreationException: Could not autowire field: private com.rackspace.search.service.zendesk.ZendeskTicketOngoingSyncActor com.rackspace.search.service.zendesk.ZendeskTicketOngoingSyncJob.ticketActor; nested exception is org.springframework.beans.factory.BeanCreationException: Error creating bean with name &apos;zendeskTicketOngoingSyncActor&apos;: Injection of autowired dependencies failed; nested exception is org.springframework.beans.factory.BeanCreationException: Could not autowire field: private com.rackspace.search.service.zendesk.ZendeskTicketProcessor com.rackspace.search.service.zendesk.ZendeskTicketOngoingSyncActor.zendeskTicketProcessor; nested exception is org.springframework.beans.factory.BeanCreationException: Error creating bean with name &apos;zendeskTicketProcessor&apos;: Injection of autowired dependencies failed; nested exception is org.springframework.beans.factory.BeanCreationException: Could not autowire field: private java.lang.Object com.rackspace.search.service.zendesk.ZendeskTicketProcessor.zendeskIndexName; nested exception is java.lang.IllegalArgumentException: Could not resolve placeholder &apos;zendesk.index.name&apos;
	at org.springframework.beans.factory.annotation.AutowiredAnnotationBeanPostProcessor$AutowiredFieldElement.inject(AutowiredAnnotationBeanPostProcessor.java:508) ~[spring-beans-3.0.6.RELEASE.jar:3.0.6.RELEASE]
	at org.springframework.beans.factory.annotation.InjectionMetadata.inject(InjectionMetadata.java:84) ~[spring-beans-3.0.6.RELEASE.jar:3.0.6.RELEASE]
	at org.springframework.beans.factory.annotation.AutowiredAnnotationBeanPostProcessor.postProcessPropertyValues(AutowiredAnnotationBeanPostProcessor.java:285) ~[spring-beans-3.0.6.RELEASE.jar:3.0.6.RELEASE]
	... 77 common frames omitted
Caused by: org.springframework.beans.factory.BeanCreationException: Error creating bean with name &apos;zendeskTicketOngoingSyncActor&apos;: Injection of autowired dependencies failed; nested exception is org.springframework.beans.factory.BeanCreationException: Could not autowire field: private com.rackspace.search.service.zendesk.ZendeskTicketProcessor com.rackspace.search.service.zendesk.ZendeskTicketOngoingSyncActor.zendeskTicketProcessor; nested exception is org.springframework.beans.factory.BeanCreationException: Error creating bean with name &apos;zendeskTicketProcessor&apos;: Injection of autowired dependencies failed; nested exception is org.springframework.beans.factory.BeanCreationException: Could not autowire field: private java.lang.Object com.rackspace.search.service.zendesk.ZendeskTicketProcessor.zendeskIndexName; nested exception is java.lang.IllegalArgumentException: Could not resolve placeholder &apos;zendesk.index.name&apos;
	at org.springframework.beans.factory.annotation.AutowiredAnnotationBeanPostProcessor.postProcessPropertyValues(AutowiredAnnotationBeanPostProcessor.java:288) ~[spring-beans-3.0.6.RELEASE.jar:3.0.6.RELEASE]
	at org.springframework.beans.factory.support.AbstractAutowireCapableBeanFactory.populateBean(AbstractAutowireCapableBeanFactory.java:1074) ~[spring-beans-3.0.6.RELEASE.jar:3.0.6.RELEASE]
	at org.springframework.beans.factory.support.AbstractAutowireCapableBeanFactory.doCreateBean(AbstractAutowireCapableBeanFactory.java:517) ~[spring-beans-3.0.6.RELEASE.jar:3.0.6.RELEASE]
	at org.springframework.beans.factory.support.AbstractAutowireCapableBeanFactory.createBean(AbstractAutowireCapableBeanFactory.java:456) ~[spring-beans-3.0.6.RELEASE.jar:3.0.6.RELEASE]
	at org.springframework.beans.factory.support.AbstractBeanFactory$1.getObject(AbstractBeanFactory.java:293) ~[spring-beans-3.0.6.RELEASE.jar:3.0.6.RELEASE]
	at org.springframework.beans.factory.support.DefaultSingletonBeanRegistry.getSingleton(DefaultSingletonBeanRegistry.java:222) ~[spring-beans-3.0.6.RELEASE.jar:3.0.6.RELEASE]
	at org.springframework.beans.factory.support.AbstractBeanFactory.doGetBean(AbstractBeanFactory.java:290) ~[spring-beans-3.0.6.RELEASE.jar:3.0.6.RELEASE]
	at org.springframework.beans.factory.support.AbstractBeanFactory.getBean(AbstractBeanFactory.java:192) ~[spring-beans-3.0.6.RELEASE.jar:3.0.6.RELEASE]
	at org.springframework.beans.factory.support.DefaultListableBeanFactory.findAutowireCandidates(DefaultListableBeanFactory.java:848) ~[spring-beans-3.0.6.RELEASE.jar:3.0.6.RELEASE]
	at org.springframework.beans.factory.support.DefaultListableBeanFactory.doResolveDependency(DefaultListableBeanFactory.java:790) ~[spring-beans-3.0.6.RELEASE.jar:3.0.6.RELEASE]
	at org.springframework.beans.factory.support.DefaultListableBeanFactory.resolveDependency(DefaultListableBeanFactory.java:707) ~[spring-beans-3.0.6.RELEASE.jar:3.0.6.RELEASE]
	at org.springframework.beans.factory.annotation.AutowiredAnnotationBeanPostProcessor$AutowiredFieldElement.inject(AutowiredAnnotationBeanPostProcessor.java:480) ~[spring-beans-3.0.6.RELEASE.jar:3.0.6.RELEASE]
	... 79 common frames omitted
Caused by: org.springframework.beans.factory.BeanCreationException: Could not autowire field: private com.rackspace.search.service.zendesk.ZendeskTicketProcessor com.rackspace.search.service.zendesk.ZendeskTicketOngoingSyncActor.zendeskTicketProcessor; nested exception is org.springframework.beans.factory.BeanCreationException: Error creating bean with name &apos;zendeskTicketProcessor&apos;: Injection of autowired dependencies failed; nested exception is org.springframework.beans.factory.BeanCreationException: Could not autowire field: private java.lang.Object com.rackspace.search.service.zendesk.ZendeskTicketProcessor.zendeskIndexName; nested exception is java.lang.IllegalArgumentException: Could not resolve placeholder &apos;zendesk.index.name&apos;
	at org.springframework.beans.factory.annotation.AutowiredAnnotationBeanPostProcessor$AutowiredFieldElement.inject(AutowiredAnnotationBeanPostProcessor.java:508) ~[spring-beans-3.0.6.RELEASE.jar:3.0.6.RELEASE]
	at org.springframework.beans.factory.annotation.InjectionMetadata.inject(InjectionMetadata.java:84) ~[spring-beans-3.0.6.RELEASE.jar:3.0.6.RELEASE]
	at org.springframework.beans.factory.annotation.AutowiredAnnotationBeanPostProcessor.postProcessPropertyValues(AutowiredAnnotationBeanPostProcessor.java:285) ~[spring-beans-3.0.6.RELEASE.jar:3.0.6.RELEASE]
	... 90 common frames omitted
Caused by: org.springframework.beans.factory.BeanCreationException: Error creating bean with name &apos;zendeskTicketProcessor&apos;: Injection of autowired dependencies failed; nested exception is org.springframework.beans.factory.BeanCreationException: Could not autowire field: private java.lang.Object com.rackspace.search.service.zendesk.ZendeskTicketProcessor.zendeskIndexName; nested exception is java.lang.IllegalArgumentException: Could not resolve placeholder &apos;zendesk.index.name&apos;
	at org.springframework.beans.factory.annotation.AutowiredAnnotationBeanPostProcessor.postProcessPropertyValues(AutowiredAnnotationBeanPostProcessor.java:288) ~[spring-beans-3.0.6.RELEASE.jar:3.0.6.RELEASE]
	at org.springframework.beans.factory.support.AbstractAutowireCapableBeanFactory.populateBean(AbstractAutowireCapableBeanFactory.java:1074) ~[spring-beans-3.0.6.RELEASE.jar:3.0.6.RELEASE]
	at org.springframework.beans.factory.support.AbstractAutowireCapableBeanFactory.doCreateBean(AbstractAutowireCapableBeanFactory.java:517) ~[spring-beans-3.0.6.RELEASE.jar:3.0.6.RELEASE]
	at org.springframework.beans.factory.support.AbstractAutowireCapableBeanFactory.createBean(AbstractAutowireCapableBeanFactory.java:456) ~[spring-beans-3.0.6.RELEASE.jar:3.0.6.RELEASE]
	at org.springframework.beans.factory.support.AbstractBeanFactory$1.getObject(AbstractBeanFactory.java:293) ~[spring-beans-3.0.6.RELEASE.jar:3.0.6.RELEASE]
	at org.springframework.beans.factory.support.DefaultSingletonBeanRegistry.getSingleton(DefaultSingletonBeanRegistry.java:222) ~[spring-beans-3.0.6.RELEASE.jar:3.0.6.RELEASE]
	at org.springframework.beans.factory.support.AbstractBeanFactory.doGetBean(AbstractBeanFactory.java:290) ~[spring-beans-3.0.6.RELEASE.jar:3.0.6.RELEASE]
	at org.springframework.beans.factory.support.AbstractBeanFactory.getBean(AbstractBeanFactory.java:192) ~[spring-beans-3.0.6.RELEASE.jar:3.0.6.RELEASE]
	at org.springframework.beans.factory.support.DefaultListableBeanFactory.findAutowireCandidates(DefaultListableBeanFactory.java:848) ~[spring-beans-3.0.6.RELEASE.jar:3.0.6.RELEASE]
	at org.springframework.beans.factory.support.DefaultListableBeanFactory.doResolveDependency(DefaultListableBeanFactory.java:790) ~[spring-beans-3.0.6.RELEASE.jar:3.0.6.RELEASE]
	at org.springframework.beans.factory.support.DefaultListableBeanFactory.resolveDependency(DefaultListableBeanFactory.java:707) ~[spring-beans-3.0.6.RELEASE.jar:3.0.6.RELEASE]
	at org.springframework.beans.factory.annotation.AutowiredAnnotationBeanPostProcessor$AutowiredFieldElement.inject(AutowiredAnnotationBeanPostProcessor.java:480) ~[spring-beans-3.0.6.RELEASE.jar:3.0.6.RELEASE]
	... 92 common frames omitted
Caused by: org.springframework.beans.factory.BeanCreationException: Could not autowire field: private java.lang.Object com.rackspace.search.service.zendesk.ZendeskTicketProcessor.zendeskIndexName; nested exception is java.lang.IllegalArgumentException: Could not resolve placeholder &apos;zendesk.index.name&apos;
	at org.springframework.beans.factory.annotation.AutowiredAnnotationBeanPostProcessor$AutowiredFieldElement.inject(AutowiredAnnotationBeanPostProcessor.java:508) ~[spring-beans-3.0.6.RELEASE.jar:3.0.6.RELEASE]
	at org.springframework.beans.factory.annotation.InjectionMetadata.inject(InjectionMetadata.java:84) ~[spring-beans-3.0.6.RELEASE.jar:3.0.6.RELEASE]
	at org.springframework.beans.factory.annotation.AutowiredAnnotationBeanPostProcessor.postProcessPropertyValues(AutowiredAnnotationBeanPostProcessor.java:285) ~[spring-beans-3.0.6.RELEASE.jar:3.0.6.RELEASE]
	... 103 common frames omitted
Caused by: java.lang.IllegalArgumentException: Could not resolve placeholder &apos;zendesk.index.name&apos;
	at org.springframework.util.PropertyPlaceholderHelper.parseStringValue(PropertyPlaceholderHelper.java:173) ~[spring-core-3.0.6.RELEASE.jar:3.0.6.RELEASE]
	at org.springframework.util.PropertyPlaceholderHelper.replacePlaceholders(PropertyPlaceholderHelper.java:125) ~[spring-core-3.0.6.RELEASE.jar:3.0.6.RELEASE]
	at org.springframework.beans.factory.config.PropertyPlaceholderConfigurer$PlaceholderResolvingStringValueResolver.resolveStringValue(PropertyPlaceholderConfigurer.java:403) ~[spring-beans-3.0.6.RELEASE.jar:3.0.6.RELEASE]
	at org.springframework.beans.factory.support.AbstractBeanFactory.resolveEmbeddedValue(AbstractBeanFactory.java:747) ~[spring-beans-3.0.6.RELEASE.jar:3.0.6.RELEASE]
	at org.springframework.beans.factory.support.DefaultListableBeanFactory.doResolveDependency(DefaultListableBeanFactory.java:717) ~[spring-beans-3.0.6.RELEASE.jar:3.0.6.RELEASE]
	at org.springframework.beans.factory.support.DefaultListableBeanFactory.resolveDependency(DefaultListableBeanFactory.java:707) ~[spring-beans-3.0.6.RELEASE.jar:3.0.6.RELEASE]
	at org.springframework.beans.factory.annotation.AutowiredAnnotationBeanPostProcessor$AutowiredFieldElement.inject(AutowiredAnnotationBeanPostProcessor.java:480) ~[spring-beans-3.0.6.RELEASE.jar:3.0.6.RELEASE]
	... 105 common frames omitted
</stdout>
          <stderr>Exception in thread &quot;Timer-41&quot; org.elasticsearch.common.util.concurrent.EsRejectedExecutionException: rejected execution of [org.elasticsearch.action.support.master.TransportMasterNodeOperationAction$2]
	at org.elasticsearch.common.util.concurrent.EsAbortPolicy.rejectedExecution(EsAbortPolicy.java:35)
	at java.util.concurrent.ThreadPoolExecutor.reject(ThreadPoolExecutor.java:767)
	at java.util.concurrent.ThreadPoolExecutor.execute(ThreadPoolExecutor.java:658)
	at org.elasticsearch.action.support.master.TransportMasterNodeOperationAction.innerExecute(TransportMasterNodeOperationAction.java:132)
	at org.elasticsearch.action.support.master.TransportMasterNodeOperationAction.doExecute(TransportMasterNodeOperationAction.java:86)
	at org.elasticsearch.action.support.master.TransportMasterNodeOperationAction.doExecute(TransportMasterNodeOperationAction.java:42)
	at org.elasticsearch.action.support.TransportAction.execute(TransportAction.java:61)
	at org.elasticsearch.client.node.NodeClusterAdminClient.execute(NodeClusterAdminClient.java:72)
	at org.elasticsearch.client.support.AbstractClusterAdminClient.health(AbstractClusterAdminClient.java:83)
	at org.elasticsearch.action.admin.cluster.health.ClusterHealthRequestBuilder.doExecute(ClusterHealthRequestBuilder.java:98)
	at org.elasticsearch.action.ActionRequestBuilder.execute(ActionRequestBuilder.java:62)
	at org.elasticsearch.action.ActionRequestBuilder.execute(ActionRequestBuilder.java:57)
	at org.elasticsearch.action.ActionRequestBuilder$execute.call(Unknown Source)
	at com.rackspace.search.elasticsearch.ElasticSearchServer.getHealthInformation(ElasticSearchServer.groovy:55)
	at com.rackspace.search.elasticsearch.ElasticSearchServer.getHealthStatus(ElasticSearchServer.groovy:51)
	at com.rackspace.search.elasticsearch.ElasticSearchServer.waitForYellowStatus(ElasticSearchServer.groovy:69)
	at com.rackspace.search.elasticsearch.ElasticSearchServer$waitForYellowStatus.call(Unknown Source)
	at com.rackspace.search.service.core.CoreTicketOngoingSyncJob.setupJob(CoreTicketOnGoingSyncJob.groovy:89)
	at sun.reflect.NativeMethodAccessorImpl.invoke0(Native Method)
	at sun.reflect.NativeMethodAccessorImpl.invoke(NativeMethodAccessorImpl.java:39)
	at sun.reflect.DelegatingMethodAccessorImpl.invoke(DelegatingMethodAccessorImpl.java:25)
	at java.lang.reflect.Method.invoke(Method.java:597)
	at org.codehaus.groovy.reflection.CachedMethod.invoke(CachedMethod.java:90)
	at groovy.lang.MetaMethod.doMethodInvoke(MetaMethod.java:233)
	at groovy.lang.MetaClassImpl.invokeMethod(MetaClassImpl.java:1085)
	at org.codehaus.groovy.runtime.ScriptBytecodeAdapter.invokeMethodOnCurrentN(ScriptBytecodeAdapter.java:78)
	at com.rackspace.search.service.core.CoreTicketOngoingSyncJob.this$dist$invoke$1(CoreTicketOnGoingSyncJob.groovy)
	at com.rackspace.search.service.core.CoreTicketOngoingSyncJob$1.methodMissing(CoreTicketOnGoingSyncJob.groovy)
	at sun.reflect.NativeMethodAccessorImpl.invoke0(Native Method)
	at sun.reflect.NativeMethodAccessorImpl.invoke(NativeMethodAccessorImpl.java:39)
	at sun.reflect.DelegatingMethodAccessorImpl.invoke(DelegatingMethodAccessorImpl.java:25)
	at java.lang.reflect.Method.invoke(Method.java:597)
	at org.codehaus.groovy.reflection.CachedMethod.invoke(CachedMethod.java:90)
	at groovy.lang.MetaClassImpl.invokeMissingMethod(MetaClassImpl.java:837)
	at groovy.lang.MetaClassImpl.invokePropertyOrMissing(MetaClassImpl.java:1134)
	at groovy.lang.MetaClassImpl.invokeMethod(MetaClassImpl.java:1087)
	at groovy.lang.MetaClassImpl.invokeMethod(MetaClassImpl.java:909)
	at org.codehaus.groovy.runtime.callsite.PogoMetaClassSite.callCurrent(PogoMetaClassSite.java:66)
	at org.codehaus.groovy.runtime.callsite.AbstractCallSite.callCurrent(AbstractCallSite.java:137)
	at com.rackspace.search.service.core.CoreTicketOngoingSyncJob$1.run(CoreTicketOnGoingSyncJob.groovy:72)
	at java.util.TimerThread.mainLoop(Timer.java:512)
	at java.util.TimerThread.run(Timer.java:462)
Exception in thread &quot;Timer-42&quot; org.elasticsearch.common.util.concurrent.EsRejectedExecutionException: rejected execution of [org.elasticsearch.action.support.master.TransportMasterNodeOperationAction$2]
	at org.elasticsearch.common.util.concurrent.EsAbortPolicy.rejectedExecution(EsAbortPolicy.java:35)
	at java.util.concurrent.ThreadPoolExecutor.reject(ThreadPoolExecutor.java:767)
	at java.util.concurrent.ThreadPoolExecutor.execute(ThreadPoolExecutor.java:658)
	at org.elasticsearch.action.support.master.TransportMasterNodeOperationAction.innerExecute(TransportMasterNodeOperationAction.java:132)
	at org.elasticsearch.action.support.master.TransportMasterNodeOperationAction.doExecute(TransportMasterNodeOperationAction.java:86)
	at org.elasticsearch.action.support.master.TransportMasterNodeOperationAction.doExecute(TransportMasterNodeOperationAction.java:42)
	at org.elasticsearch.action.support.TransportAction.execute(TransportAction.java:61)
	at org.elasticsearch.client.node.NodeClusterAdminClient.execute(NodeClusterAdminClient.java:72)
	at org.elasticsearch.client.support.AbstractClusterAdminClient.health(AbstractClusterAdminClient.java:83)
	at org.elasticsearch.action.admin.cluster.health.ClusterHealthRequestBuilder.doExecute(ClusterHealthRequestBuilder.java:98)
	at org.elasticsearch.action.ActionRequestBuilder.execute(ActionRequestBuilder.java:62)
	at org.elasticsearch.action.ActionRequestBuilder.execute(ActionRequestBuilder.java:57)
	at org.elasticsearch.action.ActionRequestBuilder$execute.call(Unknown Source)
	at com.rackspace.search.elasticsearch.ElasticSearchServer.getHealthInformation(ElasticSearchServer.groovy:55)
	at com.rackspace.search.elasticsearch.ElasticSearchServer.getHealthStatus(ElasticSearchServer.groovy:51)
	at com.rackspace.search.elasticsearch.ElasticSearchServer.waitForYellowStatus(ElasticSearchServer.groovy:69)
	at com.rackspace.search.elasticsearch.ElasticSearchServer$waitForYellowStatus.call(Unknown Source)
	at com.rackspace.search.service.account.AccountOngoingSyncJob.setupJob(AccountOngoingSyncJob.groovy:96)
	at sun.reflect.NativeMethodAccessorImpl.invoke0(Native Method)
	at sun.reflect.NativeMethodAccessorImpl.invoke(NativeMethodAccessorImpl.java:39)
	at sun.reflect.DelegatingMethodAccessorImpl.invoke(DelegatingMethodAccessorImpl.java:25)
	at java.lang.reflect.Method.invoke(Method.java:597)
	at org.codehaus.groovy.reflection.CachedMethod.invoke(CachedMethod.java:90)
	at groovy.lang.MetaMethod.doMethodInvoke(MetaMethod.java:233)
	at groovy.lang.MetaClassImpl.invokeMethod(MetaClassImpl.java:1085)
	at org.codehaus.groovy.runtime.ScriptBytecodeAdapter.invokeMethodOnCurrentN(ScriptBytecodeAdapter.java:78)
	at com.rackspace.search.service.account.AccountOngoingSyncJob.this$dist$invoke$1(AccountOngoingSyncJob.groovy)
	at com.rackspace.search.service.account.AccountOngoingSyncJob$1.methodMissing(AccountOngoingSyncJob.groovy)
	at sun.reflect.NativeMethodAccessorImpl.invoke0(Native Method)
	at sun.reflect.NativeMethodAccessorImpl.invoke(NativeMethodAccessorImpl.java:39)
	at sun.reflect.DelegatingMethodAccessorImpl.invoke(DelegatingMethodAccessorImpl.java:25)
	at java.lang.reflect.Method.invoke(Method.java:597)
	at org.codehaus.groovy.reflection.CachedMethod.invoke(CachedMethod.java:90)
	at groovy.lang.MetaClassImpl.invokeMissingMethod(MetaClassImpl.java:837)
	at groovy.lang.MetaClassImpl.invokePropertyOrMissing(MetaClassImpl.java:1134)
	at groovy.lang.MetaClassImpl.invokeMethod(MetaClassImpl.java:1087)
	at groovy.lang.MetaClassImpl.invokeMethod(MetaClassImpl.java:909)
	at org.codehaus.groovy.runtime.callsite.PogoMetaClassSite.callCurrent(PogoMetaClassSite.java:66)
	at org.codehaus.groovy.runtime.callsite.AbstractCallSite.callCurrent(AbstractCallSite.java:137)
	at com.rackspace.search.service.account.AccountOngoingSyncJob$1.run(AccountOngoingSyncJob.groovy:78)
	at java.util.TimerThread.mainLoop(Timer.java:512)
	at java.util.TimerThread.run(Timer.java:462)
Exception in thread &quot;Timer-43&quot; org.elasticsearch.common.util.concurrent.EsRejectedExecutionException: rejected execution of [org.elasticsearch.action.support.master.TransportMasterNodeOperationAction$2]
	at org.elasticsearch.common.util.concurrent.EsAbortPolicy.rejectedExecution(EsAbortPolicy.java:35)
	at java.util.concurrent.ThreadPoolExecutor.reject(ThreadPoolExecutor.java:767)
	at java.util.concurrent.ThreadPoolExecutor.execute(ThreadPoolExecutor.java:658)
	at org.elasticsearch.action.support.master.TransportMasterNodeOperationAction.innerExecute(TransportMasterNodeOperationAction.java:132)
	at org.elasticsearch.action.support.master.TransportMasterNodeOperationAction.doExecute(TransportMasterNodeOperationAction.java:86)
	at org.elasticsearch.action.support.master.TransportMasterNodeOperationAction.doExecute(TransportMasterNodeOperationAction.java:42)
	at org.elasticsearch.action.support.TransportAction.execute(TransportAction.java:61)
	at org.elasticsearch.client.node.NodeClusterAdminClient.execute(NodeClusterAdminClient.java:72)
	at org.elasticsearch.client.support.AbstractClusterAdminClient.health(AbstractClusterAdminClient.java:83)
	at org.elasticsearch.action.admin.cluster.health.ClusterHealthRequestBuilder.doExecute(ClusterHealthRequestBuilder.java:98)
	at org.elasticsearch.action.ActionRequestBuilder.execute(ActionRequestBuilder.java:62)
	at org.elasticsearch.action.ActionRequestBuilder.execute(ActionRequestBuilder.java:57)
	at org.elasticsearch.action.ActionRequestBuilder$execute.call(Unknown Source)
	at com.rackspace.search.elasticsearch.ElasticSearchServer.getHealthInformation(ElasticSearchServer.groovy:55)
	at com.rackspace.search.elasticsearch.ElasticSearchServer.getHealthStatus(ElasticSearchServer.groovy:51)
	at com.rackspace.search.elasticsearch.ElasticSearchServer.waitForYellowStatus(ElasticSearchServer.groovy:69)
	at com.rackspace.search.elasticsearch.ElasticSearchServer$waitForYellowStatus.call(Unknown Source)
	at com.rackspace.search.service.admin.CoreTicketOndemandSyncJob.setupJob(CoreTicketOndemandSyncJob.groovy:98)
	at sun.reflect.NativeMethodAccessorImpl.invoke0(Native Method)
	at sun.reflect.NativeMethodAccessorImpl.invoke(NativeMethodAccessorImpl.java:39)
	at sun.reflect.DelegatingMethodAccessorImpl.invoke(DelegatingMethodAccessorImpl.java:25)
	at java.lang.reflect.Method.invoke(Method.java:597)
	at org.codehaus.groovy.reflection.CachedMethod.invoke(CachedMethod.java:90)
	at groovy.lang.MetaMethod.doMethodInvoke(MetaMethod.java:233)
	at groovy.lang.MetaClassImpl.invokeMethod(MetaClassImpl.java:1085)
	at org.codehaus.groovy.runtime.ScriptBytecodeAdapter.invokeMethodOnCurrentN(ScriptBytecodeAdapter.java:78)
	at com.rackspace.search.service.admin.CoreTicketOndemandSyncJob.this$dist$invoke$1(CoreTicketOndemandSyncJob.groovy)
	at com.rackspace.search.service.admin.CoreTicketOndemandSyncJob$1.methodMissing(CoreTicketOndemandSyncJob.groovy)
	at sun.reflect.NativeMethodAccessorImpl.invoke0(Native Method)
	at sun.reflect.NativeMethodAccessorImpl.invoke(NativeMethodAccessorImpl.java:39)
	at sun.reflect.DelegatingMethodAccessorImpl.invoke(DelegatingMethodAccessorImpl.java:25)
	at java.lang.reflect.Method.invoke(Method.java:597)
	at org.codehaus.groovy.reflection.CachedMethod.invoke(CachedMethod.java:90)
	at groovy.lang.MetaClassImpl.invokeMissingMethod(MetaClassImpl.java:837)
	at groovy.lang.MetaClassImpl.invokePropertyOrMissing(MetaClassImpl.java:1134)
	at groovy.lang.MetaClassImpl.invokeMethod(MetaClassImpl.java:1087)
	at groovy.lang.MetaClassImpl.invokeMethod(MetaClassImpl.java:909)
	at org.codehaus.groovy.runtime.callsite.PogoMetaClassSite.callCurrent(PogoMetaClassSite.java:66)
	at org.codehaus.groovy.runtime.callsite.AbstractCallSite.callCurrent(AbstractCallSite.java:137)
	at com.rackspace.search.service.admin.CoreTicketOndemandSyncJob$1.run(CoreTicketOndemandSyncJob.groovy:82)
	at java.util.TimerThread.mainLoop(Timer.java:512)
	at java.util.TimerThread.run(Timer.java:462)
Exception in thread &quot;Timer-44&quot; org.elasticsearch.common.util.concurrent.EsRejectedExecutionException: rejected execution of [org.elasticsearch.action.support.master.TransportMasterNodeOperationAction$2]
	at org.elasticsearch.common.util.concurrent.EsAbortPolicy.rejectedExecution(EsAbortPolicy.java:35)
	at java.util.concurrent.ThreadPoolExecutor.reject(ThreadPoolExecutor.java:767)
	at java.util.concurrent.ThreadPoolExecutor.execute(ThreadPoolExecutor.java:658)
	at org.elasticsearch.action.support.master.TransportMasterNodeOperationAction.innerExecute(TransportMasterNodeOperationAction.java:132)
	at org.elasticsearch.action.support.master.TransportMasterNodeOperationAction.doExecute(TransportMasterNodeOperationAction.java:86)
	at org.elasticsearch.action.support.master.TransportMasterNodeOperationAction.doExecute(TransportMasterNodeOperationAction.java:42)
	at org.elasticsearch.action.support.TransportAction.execute(TransportAction.java:61)
	at org.elasticsearch.client.node.NodeClusterAdminClient.execute(NodeClusterAdminClient.java:72)
	at org.elasticsearch.client.support.AbstractClusterAdminClient.health(AbstractClusterAdminClient.java:83)
	at org.elasticsearch.action.admin.cluster.health.ClusterHealthRequestBuilder.doExecute(ClusterHealthRequestBuilder.java:98)
	at org.elasticsearch.action.ActionRequestBuilder.execute(ActionRequestBuilder.java:62)
	at org.elasticsearch.action.ActionRequestBuilder.execute(ActionRequestBuilder.java:57)
	at org.elasticsearch.action.ActionRequestBuilder$execute.call(Unknown Source)
	at com.rackspace.search.elasticsearch.ElasticSearchServer.getHealthInformation(ElasticSearchServer.groovy:55)
	at com.rackspace.search.elasticsearch.ElasticSearchServer.getHealthStatus(ElasticSearchServer.groovy:51)
	at com.rackspace.search.elasticsearch.ElasticSearchServer.waitForYellowStatus(ElasticSearchServer.groovy:69)
	at com.rackspace.search.elasticsearch.ElasticSearchServer$waitForYellowStatus.call(Unknown Source)
	at com.rackspace.search.service.core.CoreTicketSecondPassSyncJob.setupJob(CoreTicketSecondPassSyncJob.groovy:90)
	at com.rackspace.search.service.core.CoreTicketSecondPassSyncJob.this$2$setupJob(CoreTicketSecondPassSyncJob.groovy)
	at sun.reflect.NativeMethodAccessorImpl.invoke0(Native Method)
	at sun.reflect.NativeMethodAccessorImpl.invoke(NativeMethodAccessorImpl.java:39)
	at sun.reflect.DelegatingMethodAccessorImpl.invoke(DelegatingMethodAccessorImpl.java:25)
	at java.lang.reflect.Method.invoke(Method.java:597)
	at org.codehaus.groovy.reflection.CachedMethod.invoke(CachedMethod.java:90)
	at groovy.lang.MetaMethod.doMethodInvoke(MetaMethod.java:233)
	at groovy.lang.MetaClassImpl.invokeMethod(MetaClassImpl.java:1085)
	at org.codehaus.groovy.runtime.ScriptBytecodeAdapter.invokeMethodOnCurrentN(ScriptBytecodeAdapter.java:78)
	at com.rackspace.search.service.core.CoreTicketSecondPassSyncJob.this$dist$invoke$1(CoreTicketSecondPassSyncJob.groovy)
	at com.rackspace.search.service.core.CoreTicketSecondPassSyncJob$1.methodMissing(CoreTicketSecondPassSyncJob.groovy)
	at sun.reflect.NativeMethodAccessorImpl.invoke0(Native Method)
	at sun.reflect.NativeMethodAccessorImpl.invoke(NativeMethodAccessorImpl.java:39)
	at sun.reflect.DelegatingMethodAccessorImpl.invoke(DelegatingMethodAccessorImpl.java:25)
	at java.lang.reflect.Method.invoke(Method.java:597)
	at org.codehaus.groovy.reflection.CachedMethod.invoke(CachedMethod.java:90)
	at groovy.lang.MetaClassImpl.invokeMissingMethod(MetaClassImpl.java:837)
	at groovy.lang.MetaClassImpl.invokePropertyOrMissing(MetaClassImpl.java:1134)
	at groovy.lang.MetaClassImpl.invokeMethod(MetaClassImpl.java:1087)
	at groovy.lang.MetaClassImpl.invokeMethod(MetaClassImpl.java:909)
	at org.codehaus.groovy.runtime.callsite.PogoMetaClassSite.callCurrent(PogoMetaClassSite.java:66)
	at org.codehaus.groovy.runtime.callsite.AbstractCallSite.callCurrent(AbstractCallSite.java:137)
	at com.rackspace.search.service.core.CoreTicketSecondPassSyncJob$1.run(CoreTicketSecondPassSyncJob.groovy:74)
	at java.util.TimerThread.mainLoop(Timer.java:512)
	at java.util.TimerThread.run(Timer.java:462)
Exception in thread &quot;Timer-45&quot; org.elasticsearch.common.util.concurrent.EsRejectedExecutionException: rejected execution of [org.elasticsearch.action.support.master.TransportMasterNodeOperationAction$2]
	at org.elasticsearch.common.util.concurrent.EsAbortPolicy.rejectedExecution(EsAbortPolicy.java:35)
	at java.util.concurrent.ThreadPoolExecutor.reject(ThreadPoolExecutor.java:767)
	at java.util.concurrent.ThreadPoolExecutor.execute(ThreadPoolExecutor.java:658)
	at org.elasticsearch.action.support.master.TransportMasterNodeOperationAction.innerExecute(TransportMasterNodeOperationAction.java:132)
	at org.elasticsearch.action.support.master.TransportMasterNodeOperationAction.doExecute(TransportMasterNodeOperationAction.java:86)
	at org.elasticsearch.action.support.master.TransportMasterNodeOperationAction.doExecute(TransportMasterNodeOperationAction.java:42)
	at org.elasticsearch.action.support.TransportAction.execute(TransportAction.java:61)
	at org.elasticsearch.client.node.NodeClusterAdminClient.execute(NodeClusterAdminClient.java:72)
	at org.elasticsearch.client.support.AbstractClusterAdminClient.health(AbstractClusterAdminClient.java:83)
	at org.elasticsearch.action.admin.cluster.health.ClusterHealthRequestBuilder.doExecute(ClusterHealthRequestBuilder.java:98)
	at org.elasticsearch.action.ActionRequestBuilder.execute(ActionRequestBuilder.java:62)
	at org.elasticsearch.action.ActionRequestBuilder.execute(ActionRequestBuilder.java:57)
	at org.elasticsearch.action.ActionRequestBuilder$execute.call(Unknown Source)
	at com.rackspace.search.elasticsearch.ElasticSearchServer.getHealthInformation(ElasticSearchServer.groovy:55)
	at com.rackspace.search.elasticsearch.ElasticSearchServer.getHealthStatus(ElasticSearchServer.groovy:51)
	at com.rackspace.search.elasticsearch.ElasticSearchServer.waitForYellowStatus(ElasticSearchServer.groovy:69)
	at com.rackspace.search.elasticsearch.ElasticSearchServer$waitForYellowStatus.call(Unknown Source)
	at com.rackspace.search.service.account.CoreAccountUpdateSyncJob.setupJob(CoreAccountUpdateSyncJob.groovy:95)
	at com.rackspace.search.service.account.CoreAccountUpdateSyncJob.this$2$setupJob(CoreAccountUpdateSyncJob.groovy)
	at sun.reflect.NativeMethodAccessorImpl.invoke0(Native Method)
	at sun.reflect.NativeMethodAccessorImpl.invoke(NativeMethodAccessorImpl.java:39)
	at sun.reflect.DelegatingMethodAccessorImpl.invoke(DelegatingMethodAccessorImpl.java:25)
	at java.lang.reflect.Method.invoke(Method.java:597)
	at org.codehaus.groovy.reflection.CachedMethod.invoke(CachedMethod.java:90)
	at groovy.lang.MetaMethod.doMethodInvoke(MetaMethod.java:233)
	at groovy.lang.MetaClassImpl.invokeMethod(MetaClassImpl.java:1085)
	at org.codehaus.groovy.runtime.ScriptBytecodeAdapter.invokeMethodOnCurrentN(ScriptBytecodeAdapter.java:78)
	at com.rackspace.search.service.account.CoreAccountUpdateSyncJob.this$dist$invoke$1(CoreAccountUpdateSyncJob.groovy)
	at com.rackspace.search.service.account.CoreAccountUpdateSyncJob$1.methodMissing(CoreAccountUpdateSyncJob.groovy)
	at sun.reflect.NativeMethodAccessorImpl.invoke0(Native Method)
	at sun.reflect.NativeMethodAccessorImpl.invoke(NativeMethodAccessorImpl.java:39)
	at sun.reflect.DelegatingMethodAccessorImpl.invoke(DelegatingMethodAccessorImpl.java:25)
	at java.lang.reflect.Method.invoke(Method.java:597)
	at org.codehaus.groovy.reflection.CachedMethod.invoke(CachedMethod.java:90)
	at groovy.lang.MetaClassImpl.invokeMissingMethod(MetaClassImpl.java:837)
	at groovy.lang.MetaClassImpl.invokePropertyOrMissing(MetaClassImpl.java:1134)
	at groovy.lang.MetaClassImpl.invokeMethod(MetaClassImpl.java:1087)
	at groovy.lang.MetaClassImpl.invokeMethod(MetaClassImpl.java:909)
	at org.codehaus.groovy.runtime.callsite.PogoMetaClassSite.callCurrent(PogoMetaClassSite.java:66)
	at org.codehaus.groovy.runtime.callsite.AbstractCallSite.callCurrent(AbstractCallSite.java:137)
	at com.rackspace.search.service.account.CoreAccountUpdateSyncJob$1.run(CoreAccountUpdateSyncJob.groovy:78)
	at java.util.TimerThread.mainLoop(Timer.java:512)
	at java.util.TimerThread.run(Timer.java:462)
Exception in thread &quot;Timer-46&quot; org.elasticsearch.common.util.concurrent.EsRejectedExecutionException: rejected execution of [org.elasticsearch.action.support.master.TransportMasterNodeOperationAction$2]
	at org.elasticsearch.common.util.concurrent.EsAbortPolicy.rejectedExecution(EsAbortPolicy.java:35)
	at java.util.concurrent.ThreadPoolExecutor.reject(ThreadPoolExecutor.java:767)
	at java.util.concurrent.ThreadPoolExecutor.execute(ThreadPoolExecutor.java:658)
	at org.elasticsearch.action.support.master.TransportMasterNodeOperationAction.innerExecute(TransportMasterNodeOperationAction.java:132)
	at org.elasticsearch.action.support.master.TransportMasterNodeOperationAction.doExecute(TransportMasterNodeOperationAction.java:86)
	at org.elasticsearch.action.support.master.TransportMasterNodeOperationAction.doExecute(TransportMasterNodeOperationAction.java:42)
	at org.elasticsearch.action.support.TransportAction.execute(TransportAction.java:61)
	at org.elasticsearch.client.node.NodeClusterAdminClient.execute(NodeClusterAdminClient.java:72)
	at org.elasticsearch.client.support.AbstractClusterAdminClient.health(AbstractClusterAdminClient.java:83)
	at org.elasticsearch.action.admin.cluster.health.ClusterHealthRequestBuilder.doExecute(ClusterHealthRequestBuilder.java:98)
	at org.elasticsearch.action.ActionRequestBuilder.execute(ActionRequestBuilder.java:62)
	at org.elasticsearch.action.ActionRequestBuilder.execute(ActionRequestBuilder.java:57)
	at org.elasticsearch.action.ActionRequestBuilder$execute.call(Unknown Source)
	at com.rackspace.search.elasticsearch.ElasticSearchServer.getHealthInformation(ElasticSearchServer.groovy:55)
	at com.rackspace.search.elasticsearch.ElasticSearchServer.getHealthStatus(ElasticSearchServer.groovy:51)
	at com.rackspace.search.elasticsearch.ElasticSearchServer.waitForYellowStatus(ElasticSearchServer.groovy:69)
	at com.rackspace.search.elasticsearch.ElasticSearchServer$waitForYellowStatus.call(Unknown Source)
	at com.rackspace.search.service.admin.AccountOndemandSyncJob.setupJob(AccountOndemandSyncJob.groovy:126)
	at sun.reflect.NativeMethodAccessorImpl.invoke0(Native Method)
	at sun.reflect.NativeMethodAccessorImpl.invoke(NativeMethodAccessorImpl.java:39)
	at sun.reflect.DelegatingMethodAccessorImpl.invoke(DelegatingMethodAccessorImpl.java:25)
	at java.lang.reflect.Method.invoke(Method.java:597)
	at org.codehaus.groovy.reflection.CachedMethod.invoke(CachedMethod.java:90)
	at groovy.lang.MetaMethod.doMethodInvoke(MetaMethod.java:233)
	at groovy.lang.MetaClassImpl.invokeMethod(MetaClassImpl.java:1085)
	at org.codehaus.groovy.runtime.ScriptBytecodeAdapter.invokeMethodOnCurrentN(ScriptBytecodeAdapter.java:78)
	at com.rackspace.search.service.admin.AccountOndemandSyncJob.this$dist$invoke$1(AccountOndemandSyncJob.groovy)
	at com.rackspace.search.service.admin.AccountOndemandSyncJob$1.methodMissing(AccountOndemandSyncJob.groovy)
	at sun.reflect.NativeMethodAccessorImpl.invoke0(Native Method)
	at sun.reflect.NativeMethodAccessorImpl.invoke(NativeMethodAccessorImpl.java:39)
	at sun.reflect.DelegatingMethodAccessorImpl.invoke(DelegatingMethodAccessorImpl.java:25)
	at java.lang.reflect.Method.invoke(Method.java:597)
	at org.codehaus.groovy.reflection.CachedMethod.invoke(CachedMethod.java:90)
	at groovy.lang.MetaClassImpl.invokeMissingMethod(MetaClassImpl.java:837)
	at groovy.lang.MetaClassImpl.invokePropertyOrMissing(MetaClassImpl.java:1134)
	at groovy.lang.MetaClassImpl.invokeMethod(MetaClassImpl.java:1087)
	at groovy.lang.MetaClassImpl.invokeMethod(MetaClassImpl.java:909)
	at org.codehaus.groovy.runtime.callsite.PogoMetaClassSite.callCurrent(PogoMetaClassSite.java:66)
	at org.codehaus.groovy.runtime.callsite.AbstractCallSite.callCurrent(AbstractCallSite.java:137)
	at com.rackspace.search.service.admin.AccountOndemandSyncJob$1.run(AccountOndemandSyncJob.groovy:110)
	at java.util.TimerThread.mainLoop(Timer.java:512)
	at java.util.TimerThread.run(Timer.java:462)
</stderr>
          <failedSince>7</failedSince>
        </case>
      </cases>
    </suite>
    <suite>
      <file>/var/lib/jenkins/jobs/Samatha Fork/workspace/service/target/surefire-reports/TEST-com.rackspace.search.elasticsearch.client.ElasticSearchClientTest.xml</file>
      <name>com.rackspace.search.elasticsearch.client.ElasticSearchClientTest</name>
      <duration>118.684</duration>
      <cases>
        <case>
          <duration>6.989</duration>
          <className>com.rackspace.search.elasticsearch.client.ElasticSearchClientTest</className>
          <testName>post bulk data</testName>
          <skipped>false</skipped>
          <errorStackTrace>java.lang.IllegalStateException: Failed to load ApplicationContext
	at org.springframework.test.context.TestContext.getApplicationContext(TestContext.java:308)
	at org.springframework.test.context.support.DependencyInjectionTestExecutionListener.injectDependencies(DependencyInjectionTestExecutionListener.java:109)
	at org.springframework.test.context.support.DependencyInjectionTestExecutionListener.prepareTestInstance(DependencyInjectionTestExecutionListener.java:75)
	at org.springframework.test.context.TestContextManager.prepareTestInstance(TestContextManager.java:321)
	at org.spockframework.spring.SpringTestContextManager.prepareTestInstance(SpringTestContextManager.java:49)
	at org.spockframework.spring.SpringInterceptor.interceptSetupMethod(SpringInterceptor.java:42)
	at org.spockframework.runtime.extension.AbstractMethodInterceptor.intercept(AbstractMethodInterceptor.java:28)
	at org.spockframework.runtime.extension.MethodInvocation.proceed(MethodInvocation.java:84)
	at org.spockframework.util.ReflectionUtil.invokeMethod(ReflectionUtil.java:138)
	at org.spockframework.util.ReflectionUtil.invokeMethod(ReflectionUtil.java:138)
	at org.spockframework.util.ReflectionUtil.invokeMethod(ReflectionUtil.java:138)
	at org.apache.maven.surefire.junit4.JUnit4TestSet.execute(JUnit4TestSet.java:53)
	at org.apache.maven.surefire.junit4.JUnit4Provider.executeTestSet(JUnit4Provider.java:123)
	at org.apache.maven.surefire.junit4.JUnit4Provider.invoke(JUnit4Provider.java:104)
	at org.apache.maven.surefire.util.ReflectionUtils.invokeMethodWithArray(ReflectionUtils.java:164)
	at org.apache.maven.surefire.booter.ProviderFactory$ProviderProxy.invoke(ProviderFactory.java:110)
	at org.apache.maven.surefire.booter.SurefireStarter.invokeProvider(SurefireStarter.java:175)
	at org.apache.maven.surefire.booter.SurefireStarter.runSuitesInProcessWhenForked(SurefireStarter.java:107)
	at org.apache.maven.surefire.booter.ForkedBooter.main(ForkedBooter.java:68)
Caused by: org.springframework.beans.factory.BeanCreationException: Error creating bean with name &apos;jobResource&apos;: Injection of autowired dependencies failed; nested exception is org.springframework.beans.factory.BeanCreationException: Could not autowire field: private com.rackspace.search.service.zendesk.ZendeskTicketOngoingSyncJob com.rackspace.search.endpoint.JobResource.zendeskTicketOngoingSyncJob; nested exception is org.springframework.beans.factory.BeanCreationException: Error creating bean with name &apos;zendeskTicketOngoingSyncJob&apos;: Injection of autowired dependencies failed; nested exception is org.springframework.beans.factory.BeanCreationException: Could not autowire field: private com.rackspace.search.service.zendesk.ZendeskTicketOngoingSyncActor com.rackspace.search.service.zendesk.ZendeskTicketOngoingSyncJob.ticketActor; nested exception is org.springframework.beans.factory.BeanCreationException: Error creating bean with name &apos;zendeskTicketOngoingSyncActor&apos;: Injection of autowired dependencies failed; nested exception is org.springframework.beans.factory.BeanCreationException: Could not autowire field: private com.rackspace.search.service.zendesk.ZendeskTicketProcessor com.rackspace.search.service.zendesk.ZendeskTicketOngoingSyncActor.zendeskTicketProcessor; nested exception is org.springframework.beans.factory.BeanCreationException: Error creating bean with name &apos;zendeskTicketProcessor&apos;: Injection of autowired dependencies failed; nested exception is org.springframework.beans.factory.BeanCreationException: Could not autowire field: private java.lang.Object com.rackspace.search.service.zendesk.ZendeskTicketProcessor.zendeskIndexName; nested exception is java.lang.IllegalArgumentException: Could not resolve placeholder &apos;zendesk.index.name&apos;
	at org.springframework.beans.factory.annotation.AutowiredAnnotationBeanPostProcessor.postProcessPropertyValues(AutowiredAnnotationBeanPostProcessor.java:288)
	at org.springframework.beans.factory.support.AbstractAutowireCapableBeanFactory.populateBean(AbstractAutowireCapableBeanFactory.java:1074)
	at org.springframework.beans.factory.support.AbstractAutowireCapableBeanFactory.doCreateBean(AbstractAutowireCapableBeanFactory.java:517)
	at org.springframework.beans.factory.support.AbstractAutowireCapableBeanFactory.createBean(AbstractAutowireCapableBeanFactory.java:456)
	at org.springframework.beans.factory.support.AbstractBeanFactory$1.getObject(AbstractBeanFactory.java:293)
	at org.springframework.beans.factory.support.DefaultSingletonBeanRegistry.getSingleton(DefaultSingletonBeanRegistry.java:222)
	at org.springframework.beans.factory.support.AbstractBeanFactory.doGetBean(AbstractBeanFactory.java:290)
	at org.springframework.beans.factory.support.AbstractBeanFactory.getBean(AbstractBeanFactory.java:192)
	at org.springframework.beans.factory.support.DefaultListableBeanFactory.preInstantiateSingletons(DefaultListableBeanFactory.java:585)
	at org.springframework.context.support.AbstractApplicationContext.finishBeanFactoryInitialization(AbstractApplicationContext.java:895)
	at org.springframework.context.support.AbstractApplicationContext.refresh(AbstractApplicationContext.java:425)
	at org.springframework.test.context.support.AbstractGenericContextLoader.loadContext(AbstractGenericContextLoader.java:84)
	at org.springframework.test.context.support.AbstractGenericContextLoader.loadContext(AbstractGenericContextLoader.java:1)
	at org.springframework.test.context.TestContext.loadApplicationContext(TestContext.java:280)
	at org.springframework.test.context.TestContext.getApplicationContext(TestContext.java:304)
	... 18 more
Caused by: org.springframework.beans.factory.BeanCreationException: Could not autowire field: private com.rackspace.search.service.zendesk.ZendeskTicketOngoingSyncJob com.rackspace.search.endpoint.JobResource.zendeskTicketOngoingSyncJob; nested exception is org.springframework.beans.factory.BeanCreationException: Error creating bean with name &apos;zendeskTicketOngoingSyncJob&apos;: Injection of autowired dependencies failed; nested exception is org.springframework.beans.factory.BeanCreationException: Could not autowire field: private com.rackspace.search.service.zendesk.ZendeskTicketOngoingSyncActor com.rackspace.search.service.zendesk.ZendeskTicketOngoingSyncJob.ticketActor; nested exception is org.springframework.beans.factory.BeanCreationException: Error creating bean with name &apos;zendeskTicketOngoingSyncActor&apos;: Injection of autowired dependencies failed; nested exception is org.springframework.beans.factory.BeanCreationException: Could not autowire field: private com.rackspace.search.service.zendesk.ZendeskTicketProcessor com.rackspace.search.service.zendesk.ZendeskTicketOngoingSyncActor.zendeskTicketProcessor; nested exception is org.springframework.beans.factory.BeanCreationException: Error creating bean with name &apos;zendeskTicketProcessor&apos;: Injection of autowired dependencies failed; nested exception is org.springframework.beans.factory.BeanCreationException: Could not autowire field: private java.lang.Object com.rackspace.search.service.zendesk.ZendeskTicketProcessor.zendeskIndexName; nested exception is java.lang.IllegalArgumentException: Could not resolve placeholder &apos;zendesk.index.name&apos;
	at org.springframework.beans.factory.annotation.AutowiredAnnotationBeanPostProcessor$AutowiredFieldElement.inject(AutowiredAnnotationBeanPostProcessor.java:508)
	at org.springframework.beans.factory.annotation.InjectionMetadata.inject(InjectionMetadata.java:84)
	at org.springframework.beans.factory.annotation.AutowiredAnnotationBeanPostProcessor.postProcessPropertyValues(AutowiredAnnotationBeanPostProcessor.java:285)
	... 32 more
Caused by: org.springframework.beans.factory.BeanCreationException: Error creating bean with name &apos;zendeskTicketOngoingSyncJob&apos;: Injection of autowired dependencies failed; nested exception is org.springframework.beans.factory.BeanCreationException: Could not autowire field: private com.rackspace.search.service.zendesk.ZendeskTicketOngoingSyncActor com.rackspace.search.service.zendesk.ZendeskTicketOngoingSyncJob.ticketActor; nested exception is org.springframework.beans.factory.BeanCreationException: Error creating bean with name &apos;zendeskTicketOngoingSyncActor&apos;: Injection of autowired dependencies failed; nested exception is org.springframework.beans.factory.BeanCreationException: Could not autowire field: private com.rackspace.search.service.zendesk.ZendeskTicketProcessor com.rackspace.search.service.zendesk.ZendeskTicketOngoingSyncActor.zendeskTicketProcessor; nested exception is org.springframework.beans.factory.BeanCreationException: Error creating bean with name &apos;zendeskTicketProcessor&apos;: Injection of autowired dependencies failed; nested exception is org.springframework.beans.factory.BeanCreationException: Could not autowire field: private java.lang.Object com.rackspace.search.service.zendesk.ZendeskTicketProcessor.zendeskIndexName; nested exception is java.lang.IllegalArgumentException: Could not resolve placeholder &apos;zendesk.index.name&apos;
	at org.springframework.beans.factory.annotation.AutowiredAnnotationBeanPostProcessor.postProcessPropertyValues(AutowiredAnnotationBeanPostProcessor.java:288)
	at org.springframework.beans.factory.support.AbstractAutowireCapableBeanFactory.populateBean(AbstractAutowireCapableBeanFactory.java:1074)
	at org.springframework.beans.factory.support.AbstractAutowireCapableBeanFactory.doCreateBean(AbstractAutowireCapableBeanFactory.java:517)
	at org.springframework.beans.factory.support.AbstractAutowireCapableBeanFactory.createBean(AbstractAutowireCapableBeanFactory.java:456)
	at org.springframework.beans.factory.support.AbstractBeanFactory$1.getObject(AbstractBeanFactory.java:293)
	at org.springframework.beans.factory.support.DefaultSingletonBeanRegistry.getSingleton(DefaultSingletonBeanRegistry.java:222)
	at org.springframework.beans.factory.support.AbstractBeanFactory.doGetBean(AbstractBeanFactory.java:290)
	at org.springframework.beans.factory.support.AbstractBeanFactory.getBean(AbstractBeanFactory.java:192)
	at org.springframework.beans.factory.support.DefaultListableBeanFactory.findAutowireCandidates(DefaultListableBeanFactory.java:848)
	at org.springframework.beans.factory.support.DefaultListableBeanFactory.doResolveDependency(DefaultListableBeanFactory.java:790)
	at org.springframework.beans.factory.support.DefaultListableBeanFactory.resolveDependency(DefaultListableBeanFactory.java:707)
	at org.springframework.beans.factory.annotation.AutowiredAnnotationBeanPostProcessor$AutowiredFieldElement.inject(AutowiredAnnotationBeanPostProcessor.java:480)
	... 34 more
Caused by: org.springframework.beans.factory.BeanCreationException: Could not autowire field: private com.rackspace.search.service.zendesk.ZendeskTicketOngoingSyncActor com.rackspace.search.service.zendesk.ZendeskTicketOngoingSyncJob.ticketActor; nested exception is org.springframework.beans.factory.BeanCreationException: Error creating bean with name &apos;zendeskTicketOngoingSyncActor&apos;: Injection of autowired dependencies failed; nested exception is org.springframework.beans.factory.BeanCreationException: Could not autowire field: private com.rackspace.search.service.zendesk.ZendeskTicketProcessor com.rackspace.search.service.zendesk.ZendeskTicketOngoingSyncActor.zendeskTicketProcessor; nested exception is org.springframework.beans.factory.BeanCreationException: Error creating bean with name &apos;zendeskTicketProcessor&apos;: Injection of autowired dependencies failed; nested exception is org.springframework.beans.factory.BeanCreationException: Could not autowire field: private java.lang.Object com.rackspace.search.service.zendesk.ZendeskTicketProcessor.zendeskIndexName; nested exception is java.lang.IllegalArgumentException: Could not resolve placeholder &apos;zendesk.index.name&apos;
	at org.springframework.beans.factory.annotation.AutowiredAnnotationBeanPostProcessor$AutowiredFieldElement.inject(AutowiredAnnotationBeanPostProcessor.java:508)
	at org.springframework.beans.factory.annotation.InjectionMetadata.inject(InjectionMetadata.java:84)
	at org.springframework.beans.factory.annotation.AutowiredAnnotationBeanPostProcessor.postProcessPropertyValues(AutowiredAnnotationBeanPostProcessor.java:285)
	... 45 more
Caused by: org.springframework.beans.factory.BeanCreationException: Error creating bean with name &apos;zendeskTicketOngoingSyncActor&apos;: Injection of autowired dependencies failed; nested exception is org.springframework.beans.factory.BeanCreationException: Could not autowire field: private com.rackspace.search.service.zendesk.ZendeskTicketProcessor com.rackspace.search.service.zendesk.ZendeskTicketOngoingSyncActor.zendeskTicketProcessor; nested exception is org.springframework.beans.factory.BeanCreationException: Error creating bean with name &apos;zendeskTicketProcessor&apos;: Injection of autowired dependencies failed; nested exception is org.springframework.beans.factory.BeanCreationException: Could not autowire field: private java.lang.Object com.rackspace.search.service.zendesk.ZendeskTicketProcessor.zendeskIndexName; nested exception is java.lang.IllegalArgumentException: Could not resolve placeholder &apos;zendesk.index.name&apos;
	at org.springframework.beans.factory.annotation.AutowiredAnnotationBeanPostProcessor.postProcessPropertyValues(AutowiredAnnotationBeanPostProcessor.java:288)
	at org.springframework.beans.factory.support.AbstractAutowireCapableBeanFactory.populateBean(AbstractAutowireCapableBeanFactory.java:1074)
	at org.springframework.beans.factory.support.AbstractAutowireCapableBeanFactory.doCreateBean(AbstractAutowireCapableBeanFactory.java:517)
	at org.springframework.beans.factory.support.AbstractAutowireCapableBeanFactory.createBean(AbstractAutowireCapableBeanFactory.java:456)
	at org.springframework.beans.factory.support.AbstractBeanFactory$1.getObject(AbstractBeanFactory.java:293)
	at org.springframework.beans.factory.support.DefaultSingletonBeanRegistry.getSingleton(DefaultSingletonBeanRegistry.java:222)
	at org.springframework.beans.factory.support.AbstractBeanFactory.doGetBean(AbstractBeanFactory.java:290)
	at org.springframework.beans.factory.support.AbstractBeanFactory.getBean(AbstractBeanFactory.java:192)
	at org.springframework.beans.factory.support.DefaultListableBeanFactory.findAutowireCandidates(DefaultListableBeanFactory.java:848)
	at org.springframework.beans.factory.support.DefaultListableBeanFactory.doResolveDependency(DefaultListableBeanFactory.java:790)
	at org.springframework.beans.factory.support.DefaultListableBeanFactory.resolveDependency(DefaultListableBeanFactory.java:707)
	at org.springframework.beans.factory.annotation.AutowiredAnnotationBeanPostProcessor$AutowiredFieldElement.inject(AutowiredAnnotationBeanPostProcessor.java:480)
	... 47 more
Caused by: org.springframework.beans.factory.BeanCreationException: Could not autowire field: private com.rackspace.search.service.zendesk.ZendeskTicketProcessor com.rackspace.search.service.zendesk.ZendeskTicketOngoingSyncActor.zendeskTicketProcessor; nested exception is org.springframework.beans.factory.BeanCreationException: Error creating bean with name &apos;zendeskTicketProcessor&apos;: Injection of autowired dependencies failed; nested exception is org.springframework.beans.factory.BeanCreationException: Could not autowire field: private java.lang.Object com.rackspace.search.service.zendesk.ZendeskTicketProcessor.zendeskIndexName; nested exception is java.lang.IllegalArgumentException: Could not resolve placeholder &apos;zendesk.index.name&apos;
	at org.springframework.beans.factory.annotation.AutowiredAnnotationBeanPostProcessor$AutowiredFieldElement.inject(AutowiredAnnotationBeanPostProcessor.java:508)
	at org.springframework.beans.factory.annotation.InjectionMetadata.inject(InjectionMetadata.java:84)
	at org.springframework.beans.factory.annotation.AutowiredAnnotationBeanPostProcessor.postProcessPropertyValues(AutowiredAnnotationBeanPostProcessor.java:285)
	... 58 more
Caused by: org.springframework.beans.factory.BeanCreationException: Error creating bean with name &apos;zendeskTicketProcessor&apos;: Injection of autowired dependencies failed; nested exception is org.springframework.beans.factory.BeanCreationException: Could not autowire field: private java.lang.Object com.rackspace.search.service.zendesk.ZendeskTicketProcessor.zendeskIndexName; nested exception is java.lang.IllegalArgumentException: Could not resolve placeholder &apos;zendesk.index.name&apos;
	at org.springframework.beans.factory.annotation.AutowiredAnnotationBeanPostProcessor.postProcessPropertyValues(AutowiredAnnotationBeanPostProcessor.java:288)
	at org.springframework.beans.factory.support.AbstractAutowireCapableBeanFactory.populateBean(AbstractAutowireCapableBeanFactory.java:1074)
	at org.springframework.beans.factory.support.AbstractAutowireCapableBeanFactory.doCreateBean(AbstractAutowireCapableBeanFactory.java:517)
	at org.springframework.beans.factory.support.AbstractAutowireCapableBeanFactory.createBean(AbstractAutowireCapableBeanFactory.java:456)
	at org.springframework.beans.factory.support.AbstractBeanFactory$1.getObject(AbstractBeanFactory.java:293)
	at org.springframework.beans.factory.support.DefaultSingletonBeanRegistry.getSingleton(DefaultSingletonBeanRegistry.java:222)
	at org.springframework.beans.factory.support.AbstractBeanFactory.doGetBean(AbstractBeanFactory.java:290)
	at org.springframework.beans.factory.support.AbstractBeanFactory.getBean(AbstractBeanFactory.java:192)
	at org.springframework.beans.factory.support.DefaultListableBeanFactory.findAutowireCandidates(DefaultListableBeanFactory.java:848)
	at org.springframework.beans.factory.support.DefaultListableBeanFactory.doResolveDependency(DefaultListableBeanFactory.java:790)
	at org.springframework.beans.factory.support.DefaultListableBeanFactory.resolveDependency(DefaultListableBeanFactory.java:707)
	at org.springframework.beans.factory.annotation.AutowiredAnnotationBeanPostProcessor$AutowiredFieldElement.inject(AutowiredAnnotationBeanPostProcessor.java:480)
	... 60 more
Caused by: org.springframework.beans.factory.BeanCreationException: Could not autowire field: private java.lang.Object com.rackspace.search.service.zendesk.ZendeskTicketProcessor.zendeskIndexName; nested exception is java.lang.IllegalArgumentException: Could not resolve placeholder &apos;zendesk.index.name&apos;
	at org.springframework.beans.factory.annotation.AutowiredAnnotationBeanPostProcessor$AutowiredFieldElement.inject(AutowiredAnnotationBeanPostProcessor.java:508)
	at org.springframework.beans.factory.annotation.InjectionMetadata.inject(InjectionMetadata.java:84)
	at org.springframework.beans.factory.annotation.AutowiredAnnotationBeanPostProcessor.postProcessPropertyValues(AutowiredAnnotationBeanPostProcessor.java:285)
	... 71 more
Caused by: java.lang.IllegalArgumentException: Could not resolve placeholder &apos;zendesk.index.name&apos;
	at org.springframework.util.PropertyPlaceholderHelper.parseStringValue(PropertyPlaceholderHelper.java:173)
	at org.springframework.util.PropertyPlaceholderHelper.replacePlaceholders(PropertyPlaceholderHelper.java:125)
	at org.springframework.beans.factory.config.PropertyPlaceholderConfigurer$PlaceholderResolvingStringValueResolver.resolveStringValue(PropertyPlaceholderConfigurer.java:403)
	at org.springframework.beans.factory.support.AbstractBeanFactory.resolveEmbeddedValue(AbstractBeanFactory.java:747)
	at org.springframework.beans.factory.support.DefaultListableBeanFactory.doResolveDependency(DefaultListableBeanFactory.java:717)
	at org.springframework.beans.factory.support.DefaultListableBeanFactory.resolveDependency(DefaultListableBeanFactory.java:707)
	at org.springframework.beans.factory.annotation.AutowiredAnnotationBeanPostProcessor$AutowiredFieldElement.inject(AutowiredAnnotationBeanPostProcessor.java:480)
	... 73 more
</errorStackTrace>
          <errorDetails>Failed to load ApplicationContext</errorDetails>
          <stdout>22:05:03.732 [main] INFO  c.r.s.common.property.PropertyProvider - Loading properties file from file [/var/lib/jenkins/jobs/Samatha Fork/workspace/service/target/properties/local/search.properties]
22:05:03.733 [main] INFO  c.r.s.common.property.PropertyProvider - Loading properties file from file [/var/lib/jenkins/jobs/Samatha Fork/workspace/service/target/properties/local/search.secrets.properties]
22:05:03.734 [main] INFO  c.r.s.common.property.PropertyProvider - Loading properties file from file [/var/lib/jenkins/jobs/Samatha Fork/workspace/service/target/properties/local/elasticsearch.properties]
22:05:03.755 [main] INFO  c.r.s.elasticsearch.ElasticSearchServer - Starting the Elastic Search server node:
22:05:03.757 [main] INFO  org.elasticsearch.node - [ticket.node] {0.90.2}[25471]: initializing ...
22:05:03.758 [main] INFO  org.elasticsearch.plugins - [ticket.node] loaded [action-updatebyquery], sites []
22:05:04.940 [main] INFO  org.elasticsearch.node - [ticket.node] {0.90.2}[25471]: initialized
22:05:04.940 [main] INFO  c.r.s.elasticsearch.ElasticSearchServer - Starting the Elastic Search server node with these settings:
22:05:04.943 [main] INFO  c.r.s.elasticsearch.ElasticSearchServer - Elasticsearch Settings :  [elastic.config.path:/var/lib/jenkins/jobs/Samatha Fork/workspace/service/target/properties/local/elasticsearch, path.data:/var/lib/jenkins/jobs/Samatha Fork/workspace/service/target/elasticsearch/data, cluster.name:ticket.cluster, ticket.search.allowedNestedParams:account.contacts.name,account.contacts.role,account.contacts.sso, core.secondpass.lookbacktime.minutes:15, http.connection.timeout.in.milliseconds:65000, index.analysis.analyzer.search_standard.type:standard, cluster.health.check.wait.time.seconds:120, path.conf:/var/lib/jenkins/jobs/Samatha Fork/workspace/service/target/properties/local/elasticsearch, syncRequest.max.documents.size:250, ticket.ongoingsync.delay.seconds:2, core.account.caching.enabled:true, path.logs:/var/lib/jenkins/jobs/Samatha Fork/workspace/service/target/elasticsearch/logs, http.enabled:true, ticket.document.idName:number, core.api.endpoint:https://ws.integration.core.rackspace.com/ctkapi, transport.tcp.compress:true, account.highprofile.name:HIGH_PROFILE, core.ongoingsync.loopback.time.seconds:120, account.cache.expiration.time.minutes:120, account.api.username:hybrid_ui, ticket.index.name:ticket, admin.index.name:admin, default.page.size:100, indices.structure:/indices_structure.json, account.filter.necessary.updates:true, index.store.fs.memory.enabled:false, index.number_of_shards:5, syncRequest.search.allowedRangeParams:createdAt,lastRunAt,documentLastUpdatedTimestamp, admin.document.type:syncJob, node.data:true, max.page.size:500, node.name:ticket.node, ticket.core.date.timezone:CST, ticket.search.allowedRangeParams:createdAt,updatedAt,lastPublicCommentDate,updateEventDate,documentLastUpdatedTimestamp, account.document.type:account, core.driver.class:org.postgresql.Driver, ticket.cache.expiration.time.minutes:120, core.api.username:rcameron, syncRequest.document.idName:id, discovery.zen.ping.multicast.enabled:false, core.db.url:jdbc:postgresql://integration.db.core.rackspace.com:5432/core_dev, account.update.tickets.pageSize:250, core.account.updates.enabled:true, account.document.versionParam:updatedAt, index.analysis.analyzer.search_standard.filter:[lowercase], bootstrap.mlockall:true, ticket.core.dateformat:yyyy-MM-dd HH:mm:ss, coreaccount.document.type:coreaccount, coreticket.onetimesync.usedb:true, node.master:true, coreaccount.document.idName:id, syncRequest.document.type:syncRequest, core.account.filter.necessary.updates:true, index.number_of_replicas:0, account.api.events.path:v1.0/accounts/events.atom, account.index.name:account, ticket.document.versionParam:updateEventDate, ticket.core.dateformat.with.millis:yyyy-MM-dd HH:mm:ss.SSSSSS, core.account.cache.expiration.time.minutes:120, ticket.document.type:ticket, account.caching.enabled:true, coreaccount.document.versionParam:updatedAt, ticket.caching.enabled:true, admin.document.idName:name, syncRequest.search.allowedTermParams:documentType,status,createdAt,lastRunAt,documentLastUpdatedTimestamp, core.secondpass.enabled:true, account.api.accounts.path:v1.0/accounts, cluster.routing.allocation.awareness.attributes:machine, facets.display.count:100, core.db.username:usq_read, node.machine:ticket.node, syncRequest.index.name:admin, ticket.search.allowedTermParams:sourceSystem,number,createdAt,updatedAt,updateEventDate,lastPublicCommentDate,status,queue.name,category,categoryObj.name,categoryObj.id,priority,assignee.name,hasWindowsServers,hasLinuxServers,severityName,assignee.sso,queue.id,accountServiceLevel,accountTeamTerritoryCode,account.serviceLevel,account.teamTerritoryCode,statusTypes,account.team,account.id,account.rcn,account.status,account.highProfile,documentLastUpdatedTimestamp,account.teamSegment,submitter.name,submitter.sso,account.contacts.name,account.contacts.role,account.contacts.sso,subCategoryObj.name,subCategoryObj.id,assignee.id,submitter.id, use.updateByQueryPlugin:false, account.api.endpoint:https://test.account.api.rackspace.com/, updated.timestamp.field.name:documentLastUpdatedTimestamp, ticket.elastic.dateformat:yyyy-MM-dd&apos;T&apos;HH:mm:ss.SSSZ, action.auto_create_index:1, account.document.idName:id, name:ticket.node] 
22:05:04.944 [main] INFO  org.elasticsearch.node - [ticket.node] {0.90.2}[25471]: starting ...
22:05:06.022 [main] INFO  org.elasticsearch.transport - [ticket.node] bound_address {inet[/0:0:0:0:0:0:0:0:9300]}, publish_address {inet[/10.14.208.252:9300]}
22:05:09.037 [elasticsearch[ticket.node][clusterService#updateTask][T#1]] INFO  org.elasticsearch.cluster.service - [ticket.node] new_master [ticket.node][8TCyW4L5Rau_MXMHzq8uHQ][inet[/10.14.208.252:9300]]{machine=ticket.node, master=true}, reason: zen-disco-join (elected_as_master)
22:05:09.157 [main] INFO  org.elasticsearch.discovery - [ticket.node] ticket.cluster/8TCyW4L5Rau_MXMHzq8uHQ
22:05:09.162 [main] INFO  org.elasticsearch.http - [ticket.node] bound_address {inet[/0:0:0:0:0:0:0:0:9200]}, publish_address {inet[/10.14.208.252:9200]}
22:05:09.163 [main] INFO  org.elasticsearch.node - [ticket.node] {0.90.2}[25471]: started
22:05:09.163 [main] INFO  c.r.s.elasticsearch.ElasticSearchServer - Elastic Search server is started.
22:05:09.163 [main] INFO  c.r.s.elasticsearch.ElasticSearchServer - ES cluster status is GREEN. Waiting for ES recovery.
22:05:09.163 [main] INFO  c.r.s.elasticsearch.ElasticSearchServer - Elastic Search Cluster Staus is GREEN
22:05:09.246 [elasticsearch[ticket.node][clusterService#updateTask][T#1]] INFO  org.elasticsearch.gateway - [ticket.node] recovered [0] indices into cluster_state
22:05:09.796 [main] ERROR c.r.s.e.client.ElasticSearchClient - Index is missing
org.elasticsearch.indices.IndexMissingException: [admin] missing
	at org.elasticsearch.cluster.metadata.MetaData.concreteIndex(MetaData.java:616) ~[elasticsearch-0.90.2.jar:na]
	at org.elasticsearch.action.get.TransportGetAction.resolveRequest(TransportGetAction.java:90) ~[elasticsearch-0.90.2.jar:na]
	at org.elasticsearch.action.get.TransportGetAction.resolveRequest(TransportGetAction.java:42) ~[elasticsearch-0.90.2.jar:na]
	at org.elasticsearch.action.support.single.shard.TransportShardSingleOperationAction$AsyncSingleAction.&lt;init&gt;(TransportShardSingleOperationAction.java:114) ~[elasticsearch-0.90.2.jar:na]
	at org.elasticsearch.action.support.single.shard.TransportShardSingleOperationAction$AsyncSingleAction.&lt;init&gt;(TransportShardSingleOperationAction.java:94) ~[elasticsearch-0.90.2.jar:na]
	at org.elasticsearch.action.support.single.shard.TransportShardSingleOperationAction.doExecute(TransportShardSingleOperationAction.java:71) ~[elasticsearch-0.90.2.jar:na]
	at org.elasticsearch.action.support.single.shard.TransportShardSingleOperationAction.doExecute(TransportShardSingleOperationAction.java:46) ~[elasticsearch-0.90.2.jar:na]
	at org.elasticsearch.action.support.TransportAction.execute(TransportAction.java:61) ~[elasticsearch-0.90.2.jar:na]
	at org.elasticsearch.client.node.NodeClient.execute(NodeClient.java:92) ~[elasticsearch-0.90.2.jar:na]
	at org.elasticsearch.client.support.AbstractClient.get(AbstractClient.java:179) ~[elasticsearch-0.90.2.jar:na]
	at org.elasticsearch.action.get.GetRequestBuilder.doExecute(GetRequestBuilder.java:112) ~[elasticsearch-0.90.2.jar:na]
	at org.elasticsearch.action.ActionRequestBuilder.execute(ActionRequestBuilder.java:62) ~[elasticsearch-0.90.2.jar:na]
	at org.elasticsearch.action.ActionRequestBuilder.execute(ActionRequestBuilder.java:57) ~[elasticsearch-0.90.2.jar:na]
	at org.elasticsearch.action.ActionRequestBuilder$execute.call(Unknown Source) ~[na:na]
	at com.rackspace.search.elasticsearch.client.ElasticSearchClient.getDocument(ElasticSearchClient.groovy:209) ~[classes/:na]
	at com.rackspace.search.elasticsearch.client.ElasticSearchClient$getDocument.call(Unknown Source) [classes/:na]
	at com.rackspace.search.service.JobService.getJob(JobService.groovy:56) [classes/:na]
	at com.rackspace.search.service.JobService$getJob$0.callCurrent(Unknown Source) [classes/:na]
	at com.rackspace.search.service.JobService.getJob(JobService.groovy:52) [classes/:na]
	at com.rackspace.search.service.JobService$getJob.call(Unknown Source) [classes/:na]
	at com.rackspace.search.service.admin.AccountOndemandSyncJob.windupActivities(AccountOndemandSyncJob.groovy:119) [classes/:na]
	at sun.reflect.NativeMethodAccessorImpl.invoke0(Native Method) ~[na:1.6.0_38]
	at sun.reflect.NativeMethodAccessorImpl.invoke(NativeMethodAccessorImpl.java:39) ~[na:1.6.0_38]
	at sun.reflect.DelegatingMethodAccessorImpl.invoke(DelegatingMethodAccessorImpl.java:25) ~[na:1.6.0_38]
	at java.lang.reflect.Method.invoke(Method.java:597) ~[na:1.6.0_38]
	at org.springframework.beans.factory.annotation.InitDestroyAnnotationBeanPostProcessor$LifecycleElement.invoke(InitDestroyAnnotationBeanPostProcessor.java:340) [spring-beans-3.0.6.RELEASE.jar:3.0.6.RELEASE]
	at org.springframework.beans.factory.annotation.InitDestroyAnnotationBeanPostProcessor$LifecycleMetadata.invokeDestroyMethods(InitDestroyAnnotationBeanPostProcessor.java:305) [spring-beans-3.0.6.RELEASE.jar:3.0.6.RELEASE]
	at org.springframework.beans.factory.annotation.InitDestroyAnnotationBeanPostProcessor.postProcessBeforeDestruction(InitDestroyAnnotationBeanPostProcessor.java:148) [spring-beans-3.0.6.RELEASE.jar:3.0.6.RELEASE]
	at org.springframework.beans.factory.support.DisposableBeanAdapter.destroy(DisposableBeanAdapter.java:166) [spring-beans-3.0.6.RELEASE.jar:3.0.6.RELEASE]
	at org.springframework.beans.factory.support.DefaultSingletonBeanRegistry.destroyBean(DefaultSingletonBeanRegistry.java:487) [spring-beans-3.0.6.RELEASE.jar:3.0.6.RELEASE]
	at org.springframework.beans.factory.support.DefaultSingletonBeanRegistry.destroySingleton(DefaultSingletonBeanRegistry.java:463) [spring-beans-3.0.6.RELEASE.jar:3.0.6.RELEASE]
	at org.springframework.beans.factory.support.DefaultSingletonBeanRegistry.destroySingletons(DefaultSingletonBeanRegistry.java:431) [spring-beans-3.0.6.RELEASE.jar:3.0.6.RELEASE]
	at org.springframework.context.support.AbstractApplicationContext.destroyBeans(AbstractApplicationContext.java:1048) [spring-context-3.0.6.RELEASE.jar:3.0.6.RELEASE]
	at org.springframework.context.support.AbstractApplicationContext.refresh(AbstractApplicationContext.java:433) [spring-context-3.0.6.RELEASE.jar:3.0.6.RELEASE]
	at org.springframework.test.context.support.AbstractGenericContextLoader.loadContext(AbstractGenericContextLoader.java:84) [spring-test-3.0.6.RELEASE.jar:3.0.6.RELEASE]
	at org.springframework.test.context.support.AbstractGenericContextLoader.loadContext(AbstractGenericContextLoader.java:1) [spring-test-3.0.6.RELEASE.jar:3.0.6.RELEASE]
	at org.springframework.test.context.TestContext.loadApplicationContext(TestContext.java:280) [spring-test-3.0.6.RELEASE.jar:3.0.6.RELEASE]
	at org.springframework.test.context.TestContext.getApplicationContext(TestContext.java:304) [spring-test-3.0.6.RELEASE.jar:3.0.6.RELEASE]
	at org.springframework.test.context.support.DependencyInjectionTestExecutionListener.injectDependencies(DependencyInjectionTestExecutionListener.java:109) [spring-test-3.0.6.RELEASE.jar:3.0.6.RELEASE]
	at org.springframework.test.context.support.DependencyInjectionTestExecutionListener.prepareTestInstance(DependencyInjectionTestExecutionListener.java:75) [spring-test-3.0.6.RELEASE.jar:3.0.6.RELEASE]
	at org.springframework.test.context.TestContextManager.prepareTestInstance(TestContextManager.java:321) [spring-test-3.0.6.RELEASE.jar:3.0.6.RELEASE]
	at org.spockframework.spring.SpringTestContextManager.prepareTestInstance(SpringTestContextManager.java:49) [spock-spring-0.7-groovy-2.0.jar:na]
	at org.spockframework.spring.SpringInterceptor.interceptSetupMethod(SpringInterceptor.java:42) [spock-spring-0.7-groovy-2.0.jar:na]
	at org.spockframework.runtime.extension.AbstractMethodInterceptor.intercept(AbstractMethodInterceptor.java:28) [spock-core-0.7-groovy-2.0.jar:na]
	at org.spockframework.runtime.extension.MethodInvocation.proceed(MethodInvocation.java:84) [spock-core-0.7-groovy-2.0.jar:na]
	at org.spockframework.runtime.BaseSpecRunner.invoke(BaseSpecRunner.java:319) [spock-core-0.7-groovy-2.0.jar:na]
	at org.spockframework.runtime.BaseSpecRunner.invokeSetup(BaseSpecRunner.java:279) [spock-core-0.7-groovy-2.0.jar:na]
	at org.spockframework.runtime.BaseSpecRunner.doRunIteration(BaseSpecRunner.java:255) [spock-core-0.7-groovy-2.0.jar:na]
	at sun.reflect.GeneratedMethodAccessor5.invoke(Unknown Source) ~[na:na]
	at sun.reflect.DelegatingMethodAccessorImpl.invoke(DelegatingMethodAccessorImpl.java:25) ~[na:1.6.0_38]
	at java.lang.reflect.Method.invoke(Method.java:597) ~[na:1.6.0_38]
	at org.spockframework.util.ReflectionUtil.invokeMethod(ReflectionUtil.java:138) [spock-core-0.7-groovy-2.0.jar:na]
	at org.spockframework.runtime.BaseSpecRunner.invokeRaw(BaseSpecRunner.java:330) [spock-core-0.7-groovy-2.0.jar:na]
	at org.spockframework.runtime.BaseSpecRunner.invoke(BaseSpecRunner.java:311) [spock-core-0.7-groovy-2.0.jar:na]
	at org.spockframework.runtime.BaseSpecRunner.runIteration(BaseSpecRunner.java:223) [spock-core-0.7-groovy-2.0.jar:na]
	at org.spockframework.runtime.BaseSpecRunner.initializeAndRunIteration(BaseSpecRunner.java:214) [spock-core-0.7-groovy-2.0.jar:na]
	at org.spockframework.runtime.BaseSpecRunner.runSimpleFeature(BaseSpecRunner.java:205) [spock-core-0.7-groovy-2.0.jar:na]
	at org.spockframework.runtime.BaseSpecRunner.doRunFeature(BaseSpecRunner.java:199) [spock-core-0.7-groovy-2.0.jar:na]
	at sun.reflect.GeneratedMethodAccessor7.invoke(Unknown Source) ~[na:na]
	at sun.reflect.DelegatingMethodAccessorImpl.invoke(DelegatingMethodAccessorImpl.java:25) ~[na:1.6.0_38]
	at java.lang.reflect.Method.invoke(Method.java:597) ~[na:1.6.0_38]
	at org.spockframework.util.ReflectionUtil.invokeMethod(ReflectionUtil.java:138) [spock-core-0.7-groovy-2.0.jar:na]
	at org.spockframework.runtime.BaseSpecRunner.invokeRaw(BaseSpecRunner.java:330) [spock-core-0.7-groovy-2.0.jar:na]
	at org.spockframework.runtime.BaseSpecRunner.invoke(BaseSpecRunner.java:311) [spock-core-0.7-groovy-2.0.jar:na]
	at org.spockframework.runtime.BaseSpecRunner.runFeature(BaseSpecRunner.java:175) [spock-core-0.7-groovy-2.0.jar:na]
	at org.spockframework.runtime.BaseSpecRunner.runFeatures(BaseSpecRunner.java:152) [spock-core-0.7-groovy-2.0.jar:na]
	at org.spockframework.runtime.BaseSpecRunner.doRunSpec(BaseSpecRunner.java:112) [spock-core-0.7-groovy-2.0.jar:na]
	at sun.reflect.GeneratedMethodAccessor11.invoke(Unknown Source) ~[na:na]
	at sun.reflect.DelegatingMethodAccessorImpl.invoke(DelegatingMethodAccessorImpl.java:25) ~[na:1.6.0_38]
	at java.lang.reflect.Method.invoke(Method.java:597) ~[na:1.6.0_38]
	at org.spockframework.util.ReflectionUtil.invokeMethod(ReflectionUtil.java:138) [spock-core-0.7-groovy-2.0.jar:na]
	at org.spockframework.runtime.BaseSpecRunner.invokeRaw(BaseSpecRunner.java:330) [spock-core-0.7-groovy-2.0.jar:na]
	at org.spockframework.runtime.BaseSpecRunner.invoke(BaseSpecRunner.java:311) [spock-core-0.7-groovy-2.0.jar:na]
	at org.spockframework.runtime.BaseSpecRunner.runSpec(BaseSpecRunner.java:91) [spock-core-0.7-groovy-2.0.jar:na]
	at org.spockframework.runtime.BaseSpecRunner.run(BaseSpecRunner.java:82) [spock-core-0.7-groovy-2.0.jar:na]
	at org.spockframework.runtime.Sputnik.run(Sputnik.java:63) [spock-core-0.7-groovy-2.0.jar:na]
	at org.apache.maven.surefire.junit4.JUnit4TestSet.execute(JUnit4TestSet.java:53) [surefire-junit4-2.10.jar:2.10]
	at org.apache.maven.surefire.junit4.JUnit4Provider.executeTestSet(JUnit4Provider.java:123) [surefire-junit4-2.10.jar:2.10]
	at org.apache.maven.surefire.junit4.JUnit4Provider.invoke(JUnit4Provider.java:104) [surefire-junit4-2.10.jar:2.10]
	at sun.reflect.NativeMethodAccessorImpl.invoke0(Native Method) ~[na:1.6.0_38]
	at sun.reflect.NativeMethodAccessorImpl.invoke(NativeMethodAccessorImpl.java:39) ~[na:1.6.0_38]
	at sun.reflect.DelegatingMethodAccessorImpl.invoke(DelegatingMethodAccessorImpl.java:25) ~[na:1.6.0_38]
	at java.lang.reflect.Method.invoke(Method.java:597) ~[na:1.6.0_38]
	at org.apache.maven.surefire.util.ReflectionUtils.invokeMethodWithArray(ReflectionUtils.java:164) [surefire-api-2.10.jar:2.10]
	at org.apache.maven.surefire.booter.ProviderFactory$ProviderProxy.invoke(ProviderFactory.java:110) [surefire-booter-2.10.jar:2.10]
	at org.apache.maven.surefire.booter.SurefireStarter.invokeProvider(SurefireStarter.java:175) [surefire-booter-2.10.jar:2.10]
	at org.apache.maven.surefire.booter.SurefireStarter.runSuitesInProcessWhenForked(SurefireStarter.java:107) [surefire-booter-2.10.jar:2.10]
	at org.apache.maven.surefire.booter.ForkedBooter.main(ForkedBooter.java:68) [surefire-booter-2.10.jar:2.10]
22:05:09.797 [main] WARN  o.s.c.a.CommonAnnotationBeanPostProcessor - Invocation of destroy method failed on bean with name &apos;accountOndemandSyncJob&apos;: com.rackspace.search.exception.NotFoundException: Index is missing
22:05:09.801 [main] ERROR c.r.s.e.client.ElasticSearchClient - Index is missing
org.elasticsearch.indices.IndexMissingException: [admin] missing
	at org.elasticsearch.cluster.metadata.MetaData.concreteIndex(MetaData.java:616) ~[elasticsearch-0.90.2.jar:na]
	at org.elasticsearch.action.get.TransportGetAction.resolveRequest(TransportGetAction.java:90) ~[elasticsearch-0.90.2.jar:na]
	at org.elasticsearch.action.get.TransportGetAction.resolveRequest(TransportGetAction.java:42) ~[elasticsearch-0.90.2.jar:na]
	at org.elasticsearch.action.support.single.shard.TransportShardSingleOperationAction$AsyncSingleAction.&lt;init&gt;(TransportShardSingleOperationAction.java:114) ~[elasticsearch-0.90.2.jar:na]
	at org.elasticsearch.action.support.single.shard.TransportShardSingleOperationAction$AsyncSingleAction.&lt;init&gt;(TransportShardSingleOperationAction.java:94) ~[elasticsearch-0.90.2.jar:na]
	at org.elasticsearch.action.support.single.shard.TransportShardSingleOperationAction.doExecute(TransportShardSingleOperationAction.java:71) ~[elasticsearch-0.90.2.jar:na]
	at org.elasticsearch.action.support.single.shard.TransportShardSingleOperationAction.doExecute(TransportShardSingleOperationAction.java:46) ~[elasticsearch-0.90.2.jar:na]
	at org.elasticsearch.action.support.TransportAction.execute(TransportAction.java:61) ~[elasticsearch-0.90.2.jar:na]
	at org.elasticsearch.client.node.NodeClient.execute(NodeClient.java:92) ~[elasticsearch-0.90.2.jar:na]
	at org.elasticsearch.client.support.AbstractClient.get(AbstractClient.java:179) ~[elasticsearch-0.90.2.jar:na]
	at org.elasticsearch.action.get.GetRequestBuilder.doExecute(GetRequestBuilder.java:112) ~[elasticsearch-0.90.2.jar:na]
	at org.elasticsearch.action.ActionRequestBuilder.execute(ActionRequestBuilder.java:62) ~[elasticsearch-0.90.2.jar:na]
	at org.elasticsearch.action.ActionRequestBuilder.execute(ActionRequestBuilder.java:57) ~[elasticsearch-0.90.2.jar:na]
	at org.elasticsearch.action.ActionRequestBuilder$execute.call(Unknown Source) ~[na:na]
	at com.rackspace.search.elasticsearch.client.ElasticSearchClient.getDocument(ElasticSearchClient.groovy:209) ~[classes/:na]
	at com.rackspace.search.elasticsearch.client.ElasticSearchClient$getDocument.call(Unknown Source) [classes/:na]
	at com.rackspace.search.service.JobService.getJob(JobService.groovy:56) [classes/:na]
	at com.rackspace.search.service.JobService$getJob$0.callCurrent(Unknown Source) [classes/:na]
	at com.rackspace.search.service.JobService.getJob(JobService.groovy:52) [classes/:na]
	at com.rackspace.search.service.JobService$getJob.call(Unknown Source) [classes/:na]
	at com.rackspace.search.service.account.CoreAccountOnetimeSyncJob.windupActivities(CoreAccountOnetimeSyncJob.groovy:58) [classes/:na]
	at sun.reflect.NativeMethodAccessorImpl.invoke0(Native Method) ~[na:1.6.0_38]
	at sun.reflect.NativeMethodAccessorImpl.invoke(NativeMethodAccessorImpl.java:39) ~[na:1.6.0_38]
	at sun.reflect.DelegatingMethodAccessorImpl.invoke(DelegatingMethodAccessorImpl.java:25) ~[na:1.6.0_38]
	at java.lang.reflect.Method.invoke(Method.java:597) ~[na:1.6.0_38]
	at org.springframework.beans.factory.annotation.InitDestroyAnnotationBeanPostProcessor$LifecycleElement.invoke(InitDestroyAnnotationBeanPostProcessor.java:340) [spring-beans-3.0.6.RELEASE.jar:3.0.6.RELEASE]
	at org.springframework.beans.factory.annotation.InitDestroyAnnotationBeanPostProcessor$LifecycleMetadata.invokeDestroyMethods(InitDestroyAnnotationBeanPostProcessor.java:305) [spring-beans-3.0.6.RELEASE.jar:3.0.6.RELEASE]
	at org.springframework.beans.factory.annotation.InitDestroyAnnotationBeanPostProcessor.postProcessBeforeDestruction(InitDestroyAnnotationBeanPostProcessor.java:148) [spring-beans-3.0.6.RELEASE.jar:3.0.6.RELEASE]
	at org.springframework.beans.factory.support.DisposableBeanAdapter.destroy(DisposableBeanAdapter.java:166) [spring-beans-3.0.6.RELEASE.jar:3.0.6.RELEASE]
	at org.springframework.beans.factory.support.DefaultSingletonBeanRegistry.destroyBean(DefaultSingletonBeanRegistry.java:487) [spring-beans-3.0.6.RELEASE.jar:3.0.6.RELEASE]
	at org.springframework.beans.factory.support.DefaultSingletonBeanRegistry.destroySingleton(DefaultSingletonBeanRegistry.java:463) [spring-beans-3.0.6.RELEASE.jar:3.0.6.RELEASE]
	at org.springframework.beans.factory.support.DefaultSingletonBeanRegistry.destroySingletons(DefaultSingletonBeanRegistry.java:431) [spring-beans-3.0.6.RELEASE.jar:3.0.6.RELEASE]
	at org.springframework.context.support.AbstractApplicationContext.destroyBeans(AbstractApplicationContext.java:1048) [spring-context-3.0.6.RELEASE.jar:3.0.6.RELEASE]
	at org.springframework.context.support.AbstractApplicationContext.refresh(AbstractApplicationContext.java:433) [spring-context-3.0.6.RELEASE.jar:3.0.6.RELEASE]
	at org.springframework.test.context.support.AbstractGenericContextLoader.loadContext(AbstractGenericContextLoader.java:84) [spring-test-3.0.6.RELEASE.jar:3.0.6.RELEASE]
	at org.springframework.test.context.support.AbstractGenericContextLoader.loadContext(AbstractGenericContextLoader.java:1) [spring-test-3.0.6.RELEASE.jar:3.0.6.RELEASE]
	at org.springframework.test.context.TestContext.loadApplicationContext(TestContext.java:280) [spring-test-3.0.6.RELEASE.jar:3.0.6.RELEASE]
	at org.springframework.test.context.TestContext.getApplicationContext(TestContext.java:304) [spring-test-3.0.6.RELEASE.jar:3.0.6.RELEASE]
	at org.springframework.test.context.support.DependencyInjectionTestExecutionListener.injectDependencies(DependencyInjectionTestExecutionListener.java:109) [spring-test-3.0.6.RELEASE.jar:3.0.6.RELEASE]
	at org.springframework.test.context.support.DependencyInjectionTestExecutionListener.prepareTestInstance(DependencyInjectionTestExecutionListener.java:75) [spring-test-3.0.6.RELEASE.jar:3.0.6.RELEASE]
	at org.springframework.test.context.TestContextManager.prepareTestInstance(TestContextManager.java:321) [spring-test-3.0.6.RELEASE.jar:3.0.6.RELEASE]
	at org.spockframework.spring.SpringTestContextManager.prepareTestInstance(SpringTestContextManager.java:49) [spock-spring-0.7-groovy-2.0.jar:na]
	at org.spockframework.spring.SpringInterceptor.interceptSetupMethod(SpringInterceptor.java:42) [spock-spring-0.7-groovy-2.0.jar:na]
	at org.spockframework.runtime.extension.AbstractMethodInterceptor.intercept(AbstractMethodInterceptor.java:28) [spock-core-0.7-groovy-2.0.jar:na]
	at org.spockframework.runtime.extension.MethodInvocation.proceed(MethodInvocation.java:84) [spock-core-0.7-groovy-2.0.jar:na]
	at org.spockframework.runtime.BaseSpecRunner.invoke(BaseSpecRunner.java:319) [spock-core-0.7-groovy-2.0.jar:na]
	at org.spockframework.runtime.BaseSpecRunner.invokeSetup(BaseSpecRunner.java:279) [spock-core-0.7-groovy-2.0.jar:na]
	at org.spockframework.runtime.BaseSpecRunner.doRunIteration(BaseSpecRunner.java:255) [spock-core-0.7-groovy-2.0.jar:na]
	at sun.reflect.GeneratedMethodAccessor5.invoke(Unknown Source) ~[na:na]
	at sun.reflect.DelegatingMethodAccessorImpl.invoke(DelegatingMethodAccessorImpl.java:25) ~[na:1.6.0_38]
	at java.lang.reflect.Method.invoke(Method.java:597) ~[na:1.6.0_38]
	at org.spockframework.util.ReflectionUtil.invokeMethod(ReflectionUtil.java:138) [spock-core-0.7-groovy-2.0.jar:na]
	at org.spockframework.runtime.BaseSpecRunner.invokeRaw(BaseSpecRunner.java:330) [spock-core-0.7-groovy-2.0.jar:na]
	at org.spockframework.runtime.BaseSpecRunner.invoke(BaseSpecRunner.java:311) [spock-core-0.7-groovy-2.0.jar:na]
	at org.spockframework.runtime.BaseSpecRunner.runIteration(BaseSpecRunner.java:223) [spock-core-0.7-groovy-2.0.jar:na]
	at org.spockframework.runtime.BaseSpecRunner.initializeAndRunIteration(BaseSpecRunner.java:214) [spock-core-0.7-groovy-2.0.jar:na]
	at org.spockframework.runtime.BaseSpecRunner.runSimpleFeature(BaseSpecRunner.java:205) [spock-core-0.7-groovy-2.0.jar:na]
	at org.spockframework.runtime.BaseSpecRunner.doRunFeature(BaseSpecRunner.java:199) [spock-core-0.7-groovy-2.0.jar:na]
	at sun.reflect.GeneratedMethodAccessor7.invoke(Unknown Source) ~[na:na]
	at sun.reflect.DelegatingMethodAccessorImpl.invoke(DelegatingMethodAccessorImpl.java:25) ~[na:1.6.0_38]
	at java.lang.reflect.Method.invoke(Method.java:597) ~[na:1.6.0_38]
	at org.spockframework.util.ReflectionUtil.invokeMethod(ReflectionUtil.java:138) [spock-core-0.7-groovy-2.0.jar:na]
	at org.spockframework.runtime.BaseSpecRunner.invokeRaw(BaseSpecRunner.java:330) [spock-core-0.7-groovy-2.0.jar:na]
	at org.spockframework.runtime.BaseSpecRunner.invoke(BaseSpecRunner.java:311) [spock-core-0.7-groovy-2.0.jar:na]
	at org.spockframework.runtime.BaseSpecRunner.runFeature(BaseSpecRunner.java:175) [spock-core-0.7-groovy-2.0.jar:na]
	at org.spockframework.runtime.BaseSpecRunner.runFeatures(BaseSpecRunner.java:152) [spock-core-0.7-groovy-2.0.jar:na]
	at org.spockframework.runtime.BaseSpecRunner.doRunSpec(BaseSpecRunner.java:112) [spock-core-0.7-groovy-2.0.jar:na]
	at sun.reflect.GeneratedMethodAccessor11.invoke(Unknown Source) ~[na:na]
	at sun.reflect.DelegatingMethodAccessorImpl.invoke(DelegatingMethodAccessorImpl.java:25) ~[na:1.6.0_38]
	at java.lang.reflect.Method.invoke(Method.java:597) ~[na:1.6.0_38]
	at org.spockframework.util.ReflectionUtil.invokeMethod(ReflectionUtil.java:138) [spock-core-0.7-groovy-2.0.jar:na]
	at org.spockframework.runtime.BaseSpecRunner.invokeRaw(BaseSpecRunner.java:330) [spock-core-0.7-groovy-2.0.jar:na]
	at org.spockframework.runtime.BaseSpecRunner.invoke(BaseSpecRunner.java:311) [spock-core-0.7-groovy-2.0.jar:na]
	at org.spockframework.runtime.BaseSpecRunner.runSpec(BaseSpecRunner.java:91) [spock-core-0.7-groovy-2.0.jar:na]
	at org.spockframework.runtime.BaseSpecRunner.run(BaseSpecRunner.java:82) [spock-core-0.7-groovy-2.0.jar:na]
	at org.spockframework.runtime.Sputnik.run(Sputnik.java:63) [spock-core-0.7-groovy-2.0.jar:na]
	at org.apache.maven.surefire.junit4.JUnit4TestSet.execute(JUnit4TestSet.java:53) [surefire-junit4-2.10.jar:2.10]
	at org.apache.maven.surefire.junit4.JUnit4Provider.executeTestSet(JUnit4Provider.java:123) [surefire-junit4-2.10.jar:2.10]
	at org.apache.maven.surefire.junit4.JUnit4Provider.invoke(JUnit4Provider.java:104) [surefire-junit4-2.10.jar:2.10]
	at sun.reflect.NativeMethodAccessorImpl.invoke0(Native Method) ~[na:1.6.0_38]
	at sun.reflect.NativeMethodAccessorImpl.invoke(NativeMethodAccessorImpl.java:39) ~[na:1.6.0_38]
	at sun.reflect.DelegatingMethodAccessorImpl.invoke(DelegatingMethodAccessorImpl.java:25) ~[na:1.6.0_38]
	at java.lang.reflect.Method.invoke(Method.java:597) ~[na:1.6.0_38]
	at org.apache.maven.surefire.util.ReflectionUtils.invokeMethodWithArray(ReflectionUtils.java:164) [surefire-api-2.10.jar:2.10]
	at org.apache.maven.surefire.booter.ProviderFactory$ProviderProxy.invoke(ProviderFactory.java:110) [surefire-booter-2.10.jar:2.10]
	at org.apache.maven.surefire.booter.SurefireStarter.invokeProvider(SurefireStarter.java:175) [surefire-booter-2.10.jar:2.10]
	at org.apache.maven.surefire.booter.SurefireStarter.runSuitesInProcessWhenForked(SurefireStarter.java:107) [surefire-booter-2.10.jar:2.10]
	at org.apache.maven.surefire.booter.ForkedBooter.main(ForkedBooter.java:68) [surefire-booter-2.10.jar:2.10]
22:05:09.802 [main] WARN  o.s.c.a.CommonAnnotationBeanPostProcessor - Invocation of destroy method failed on bean with name &apos;coreAccountOnetimeSyncJob&apos;: com.rackspace.search.exception.NotFoundException: Index is missing
22:05:09.806 [main] ERROR c.r.s.e.client.ElasticSearchClient - Index is missing
org.elasticsearch.indices.IndexMissingException: [admin] missing
	at org.elasticsearch.cluster.metadata.MetaData.concreteIndex(MetaData.java:616) ~[elasticsearch-0.90.2.jar:na]
	at org.elasticsearch.action.get.TransportGetAction.resolveRequest(TransportGetAction.java:90) ~[elasticsearch-0.90.2.jar:na]
	at org.elasticsearch.action.get.TransportGetAction.resolveRequest(TransportGetAction.java:42) ~[elasticsearch-0.90.2.jar:na]
	at org.elasticsearch.action.support.single.shard.TransportShardSingleOperationAction$AsyncSingleAction.&lt;init&gt;(TransportShardSingleOperationAction.java:114) ~[elasticsearch-0.90.2.jar:na]
	at org.elasticsearch.action.support.single.shard.TransportShardSingleOperationAction$AsyncSingleAction.&lt;init&gt;(TransportShardSingleOperationAction.java:94) ~[elasticsearch-0.90.2.jar:na]
	at org.elasticsearch.action.support.single.shard.TransportShardSingleOperationAction.doExecute(TransportShardSingleOperationAction.java:71) ~[elasticsearch-0.90.2.jar:na]
	at org.elasticsearch.action.support.single.shard.TransportShardSingleOperationAction.doExecute(TransportShardSingleOperationAction.java:46) ~[elasticsearch-0.90.2.jar:na]
	at org.elasticsearch.action.support.TransportAction.execute(TransportAction.java:61) ~[elasticsearch-0.90.2.jar:na]
	at org.elasticsearch.client.node.NodeClient.execute(NodeClient.java:92) ~[elasticsearch-0.90.2.jar:na]
	at org.elasticsearch.client.support.AbstractClient.get(AbstractClient.java:179) ~[elasticsearch-0.90.2.jar:na]
	at org.elasticsearch.action.get.GetRequestBuilder.doExecute(GetRequestBuilder.java:112) ~[elasticsearch-0.90.2.jar:na]
	at org.elasticsearch.action.ActionRequestBuilder.execute(ActionRequestBuilder.java:62) ~[elasticsearch-0.90.2.jar:na]
	at org.elasticsearch.action.ActionRequestBuilder.execute(ActionRequestBuilder.java:57) ~[elasticsearch-0.90.2.jar:na]
	at org.elasticsearch.action.ActionRequestBuilder$execute.call(Unknown Source) ~[na:na]
	at com.rackspace.search.elasticsearch.client.ElasticSearchClient.getDocument(ElasticSearchClient.groovy:209) ~[classes/:na]
	at com.rackspace.search.elasticsearch.client.ElasticSearchClient$getDocument.call(Unknown Source) [classes/:na]
	at com.rackspace.search.service.JobService.getJob(JobService.groovy:56) [classes/:na]
	at com.rackspace.search.service.JobService$getJob$0.callCurrent(Unknown Source) [classes/:na]
	at com.rackspace.search.service.JobService.getJob(JobService.groovy:52) [classes/:na]
	at com.rackspace.search.service.JobService$getJob.call(Unknown Source) [classes/:na]
	at com.rackspace.search.service.account.CoreAccountUpdateSyncJob.windupActivities(CoreAccountUpdateSyncJob.groovy:88) [classes/:na]
	at sun.reflect.NativeMethodAccessorImpl.invoke0(Native Method) ~[na:1.6.0_38]
	at sun.reflect.NativeMethodAccessorImpl.invoke(NativeMethodAccessorImpl.java:39) ~[na:1.6.0_38]
	at sun.reflect.DelegatingMethodAccessorImpl.invoke(DelegatingMethodAccessorImpl.java:25) ~[na:1.6.0_38]
	at java.lang.reflect.Method.invoke(Method.java:597) ~[na:1.6.0_38]
	at org.springframework.beans.factory.annotation.InitDestroyAnnotationBeanPostProcessor$LifecycleElement.invoke(InitDestroyAnnotationBeanPostProcessor.java:340) [spring-beans-3.0.6.RELEASE.jar:3.0.6.RELEASE]
	at org.springframework.beans.factory.annotation.InitDestroyAnnotationBeanPostProcessor$LifecycleMetadata.invokeDestroyMethods(InitDestroyAnnotationBeanPostProcessor.java:305) [spring-beans-3.0.6.RELEASE.jar:3.0.6.RELEASE]
	at org.springframework.beans.factory.annotation.InitDestroyAnnotationBeanPostProcessor.postProcessBeforeDestruction(InitDestroyAnnotationBeanPostProcessor.java:148) [spring-beans-3.0.6.RELEASE.jar:3.0.6.RELEASE]
	at org.springframework.beans.factory.support.DisposableBeanAdapter.destroy(DisposableBeanAdapter.java:166) [spring-beans-3.0.6.RELEASE.jar:3.0.6.RELEASE]
	at org.springframework.beans.factory.support.DefaultSingletonBeanRegistry.destroyBean(DefaultSingletonBeanRegistry.java:487) [spring-beans-3.0.6.RELEASE.jar:3.0.6.RELEASE]
	at org.springframework.beans.factory.support.DefaultSingletonBeanRegistry.destroySingleton(DefaultSingletonBeanRegistry.java:463) [spring-beans-3.0.6.RELEASE.jar:3.0.6.RELEASE]
	at org.springframework.beans.factory.support.DefaultSingletonBeanRegistry.destroySingletons(DefaultSingletonBeanRegistry.java:431) [spring-beans-3.0.6.RELEASE.jar:3.0.6.RELEASE]
	at org.springframework.context.support.AbstractApplicationContext.destroyBeans(AbstractApplicationContext.java:1048) [spring-context-3.0.6.RELEASE.jar:3.0.6.RELEASE]
	at org.springframework.context.support.AbstractApplicationContext.refresh(AbstractApplicationContext.java:433) [spring-context-3.0.6.RELEASE.jar:3.0.6.RELEASE]
	at org.springframework.test.context.support.AbstractGenericContextLoader.loadContext(AbstractGenericContextLoader.java:84) [spring-test-3.0.6.RELEASE.jar:3.0.6.RELEASE]
	at org.springframework.test.context.support.AbstractGenericContextLoader.loadContext(AbstractGenericContextLoader.java:1) [spring-test-3.0.6.RELEASE.jar:3.0.6.RELEASE]
	at org.springframework.test.context.TestContext.loadApplicationContext(TestContext.java:280) [spring-test-3.0.6.RELEASE.jar:3.0.6.RELEASE]
	at org.springframework.test.context.TestContext.getApplicationContext(TestContext.java:304) [spring-test-3.0.6.RELEASE.jar:3.0.6.RELEASE]
	at org.springframework.test.context.support.DependencyInjectionTestExecutionListener.injectDependencies(DependencyInjectionTestExecutionListener.java:109) [spring-test-3.0.6.RELEASE.jar:3.0.6.RELEASE]
	at org.springframework.test.context.support.DependencyInjectionTestExecutionListener.prepareTestInstance(DependencyInjectionTestExecutionListener.java:75) [spring-test-3.0.6.RELEASE.jar:3.0.6.RELEASE]
	at org.springframework.test.context.TestContextManager.prepareTestInstance(TestContextManager.java:321) [spring-test-3.0.6.RELEASE.jar:3.0.6.RELEASE]
	at org.spockframework.spring.SpringTestContextManager.prepareTestInstance(SpringTestContextManager.java:49) [spock-spring-0.7-groovy-2.0.jar:na]
	at org.spockframework.spring.SpringInterceptor.interceptSetupMethod(SpringInterceptor.java:42) [spock-spring-0.7-groovy-2.0.jar:na]
	at org.spockframework.runtime.extension.AbstractMethodInterceptor.intercept(AbstractMethodInterceptor.java:28) [spock-core-0.7-groovy-2.0.jar:na]
	at org.spockframework.runtime.extension.MethodInvocation.proceed(MethodInvocation.java:84) [spock-core-0.7-groovy-2.0.jar:na]
	at org.spockframework.runtime.BaseSpecRunner.invoke(BaseSpecRunner.java:319) [spock-core-0.7-groovy-2.0.jar:na]
	at org.spockframework.runtime.BaseSpecRunner.invokeSetup(BaseSpecRunner.java:279) [spock-core-0.7-groovy-2.0.jar:na]
	at org.spockframework.runtime.BaseSpecRunner.doRunIteration(BaseSpecRunner.java:255) [spock-core-0.7-groovy-2.0.jar:na]
	at sun.reflect.GeneratedMethodAccessor5.invoke(Unknown Source) ~[na:na]
	at sun.reflect.DelegatingMethodAccessorImpl.invoke(DelegatingMethodAccessorImpl.java:25) ~[na:1.6.0_38]
	at java.lang.reflect.Method.invoke(Method.java:597) ~[na:1.6.0_38]
	at org.spockframework.util.ReflectionUtil.invokeMethod(ReflectionUtil.java:138) [spock-core-0.7-groovy-2.0.jar:na]
	at org.spockframework.runtime.BaseSpecRunner.invokeRaw(BaseSpecRunner.java:330) [spock-core-0.7-groovy-2.0.jar:na]
	at org.spockframework.runtime.BaseSpecRunner.invoke(BaseSpecRunner.java:311) [spock-core-0.7-groovy-2.0.jar:na]
	at org.spockframework.runtime.BaseSpecRunner.runIteration(BaseSpecRunner.java:223) [spock-core-0.7-groovy-2.0.jar:na]
	at org.spockframework.runtime.BaseSpecRunner.initializeAndRunIteration(BaseSpecRunner.java:214) [spock-core-0.7-groovy-2.0.jar:na]
	at org.spockframework.runtime.BaseSpecRunner.runSimpleFeature(BaseSpecRunner.java:205) [spock-core-0.7-groovy-2.0.jar:na]
	at org.spockframework.runtime.BaseSpecRunner.doRunFeature(BaseSpecRunner.java:199) [spock-core-0.7-groovy-2.0.jar:na]
	at sun.reflect.GeneratedMethodAccessor7.invoke(Unknown Source) ~[na:na]
	at sun.reflect.DelegatingMethodAccessorImpl.invoke(DelegatingMethodAccessorImpl.java:25) ~[na:1.6.0_38]
	at java.lang.reflect.Method.invoke(Method.java:597) ~[na:1.6.0_38]
	at org.spockframework.util.ReflectionUtil.invokeMethod(ReflectionUtil.java:138) [spock-core-0.7-groovy-2.0.jar:na]
	at org.spockframework.runtime.BaseSpecRunner.invokeRaw(BaseSpecRunner.java:330) [spock-core-0.7-groovy-2.0.jar:na]
	at org.spockframework.runtime.BaseSpecRunner.invoke(BaseSpecRunner.java:311) [spock-core-0.7-groovy-2.0.jar:na]
	at org.spockframework.runtime.BaseSpecRunner.runFeature(BaseSpecRunner.java:175) [spock-core-0.7-groovy-2.0.jar:na]
	at org.spockframework.runtime.BaseSpecRunner.runFeatures(BaseSpecRunner.java:152) [spock-core-0.7-groovy-2.0.jar:na]
	at org.spockframework.runtime.BaseSpecRunner.doRunSpec(BaseSpecRunner.java:112) [spock-core-0.7-groovy-2.0.jar:na]
	at sun.reflect.GeneratedMethodAccessor11.invoke(Unknown Source) ~[na:na]
	at sun.reflect.DelegatingMethodAccessorImpl.invoke(DelegatingMethodAccessorImpl.java:25) ~[na:1.6.0_38]
	at java.lang.reflect.Method.invoke(Method.java:597) ~[na:1.6.0_38]
	at org.spockframework.util.ReflectionUtil.invokeMethod(ReflectionUtil.java:138) [spock-core-0.7-groovy-2.0.jar:na]
	at org.spockframework.runtime.BaseSpecRunner.invokeRaw(BaseSpecRunner.java:330) [spock-core-0.7-groovy-2.0.jar:na]
	at org.spockframework.runtime.BaseSpecRunner.invoke(BaseSpecRunner.java:311) [spock-core-0.7-groovy-2.0.jar:na]
	at org.spockframework.runtime.BaseSpecRunner.runSpec(BaseSpecRunner.java:91) [spock-core-0.7-groovy-2.0.jar:na]
	at org.spockframework.runtime.BaseSpecRunner.run(BaseSpecRunner.java:82) [spock-core-0.7-groovy-2.0.jar:na]
	at org.spockframework.runtime.Sputnik.run(Sputnik.java:63) [spock-core-0.7-groovy-2.0.jar:na]
	at org.apache.maven.surefire.junit4.JUnit4TestSet.execute(JUnit4TestSet.java:53) [surefire-junit4-2.10.jar:2.10]
	at org.apache.maven.surefire.junit4.JUnit4Provider.executeTestSet(JUnit4Provider.java:123) [surefire-junit4-2.10.jar:2.10]
	at org.apache.maven.surefire.junit4.JUnit4Provider.invoke(JUnit4Provider.java:104) [surefire-junit4-2.10.jar:2.10]
	at sun.reflect.NativeMethodAccessorImpl.invoke0(Native Method) ~[na:1.6.0_38]
	at sun.reflect.NativeMethodAccessorImpl.invoke(NativeMethodAccessorImpl.java:39) ~[na:1.6.0_38]
	at sun.reflect.DelegatingMethodAccessorImpl.invoke(DelegatingMethodAccessorImpl.java:25) ~[na:1.6.0_38]
	at java.lang.reflect.Method.invoke(Method.java:597) ~[na:1.6.0_38]
	at org.apache.maven.surefire.util.ReflectionUtils.invokeMethodWithArray(ReflectionUtils.java:164) [surefire-api-2.10.jar:2.10]
	at org.apache.maven.surefire.booter.ProviderFactory$ProviderProxy.invoke(ProviderFactory.java:110) [surefire-booter-2.10.jar:2.10]
	at org.apache.maven.surefire.booter.SurefireStarter.invokeProvider(SurefireStarter.java:175) [surefire-booter-2.10.jar:2.10]
	at org.apache.maven.surefire.booter.SurefireStarter.runSuitesInProcessWhenForked(SurefireStarter.java:107) [surefire-booter-2.10.jar:2.10]
	at org.apache.maven.surefire.booter.ForkedBooter.main(ForkedBooter.java:68) [surefire-booter-2.10.jar:2.10]
22:05:09.807 [main] WARN  o.s.c.a.CommonAnnotationBeanPostProcessor - Invocation of destroy method failed on bean with name &apos;coreAccountUpdateSyncJob&apos;: com.rackspace.search.exception.NotFoundException: Index is missing
22:05:09.812 [main] ERROR c.r.s.e.client.ElasticSearchClient - Index is missing
org.elasticsearch.indices.IndexMissingException: [admin] missing
	at org.elasticsearch.cluster.metadata.MetaData.concreteIndex(MetaData.java:616) ~[elasticsearch-0.90.2.jar:na]
	at org.elasticsearch.action.get.TransportGetAction.resolveRequest(TransportGetAction.java:90) ~[elasticsearch-0.90.2.jar:na]
	at org.elasticsearch.action.get.TransportGetAction.resolveRequest(TransportGetAction.java:42) ~[elasticsearch-0.90.2.jar:na]
	at org.elasticsearch.action.support.single.shard.TransportShardSingleOperationAction$AsyncSingleAction.&lt;init&gt;(TransportShardSingleOperationAction.java:114) ~[elasticsearch-0.90.2.jar:na]
	at org.elasticsearch.action.support.single.shard.TransportShardSingleOperationAction$AsyncSingleAction.&lt;init&gt;(TransportShardSingleOperationAction.java:94) ~[elasticsearch-0.90.2.jar:na]
	at org.elasticsearch.action.support.single.shard.TransportShardSingleOperationAction.doExecute(TransportShardSingleOperationAction.java:71) ~[elasticsearch-0.90.2.jar:na]
	at org.elasticsearch.action.support.single.shard.TransportShardSingleOperationAction.doExecute(TransportShardSingleOperationAction.java:46) ~[elasticsearch-0.90.2.jar:na]
	at org.elasticsearch.action.support.TransportAction.execute(TransportAction.java:61) ~[elasticsearch-0.90.2.jar:na]
	at org.elasticsearch.client.node.NodeClient.execute(NodeClient.java:92) ~[elasticsearch-0.90.2.jar:na]
	at org.elasticsearch.client.support.AbstractClient.get(AbstractClient.java:179) ~[elasticsearch-0.90.2.jar:na]
	at org.elasticsearch.action.get.GetRequestBuilder.doExecute(GetRequestBuilder.java:112) ~[elasticsearch-0.90.2.jar:na]
	at org.elasticsearch.action.ActionRequestBuilder.execute(ActionRequestBuilder.java:62) ~[elasticsearch-0.90.2.jar:na]
	at org.elasticsearch.action.ActionRequestBuilder.execute(ActionRequestBuilder.java:57) ~[elasticsearch-0.90.2.jar:na]
	at org.elasticsearch.action.ActionRequestBuilder$execute.call(Unknown Source) ~[na:na]
	at com.rackspace.search.elasticsearch.client.ElasticSearchClient.getDocument(ElasticSearchClient.groovy:209) ~[classes/:na]
	at com.rackspace.search.elasticsearch.client.ElasticSearchClient$getDocument.call(Unknown Source) [classes/:na]
	at com.rackspace.search.service.JobService.getJob(JobService.groovy:56) [classes/:na]
	at com.rackspace.search.service.JobService$getJob$0.callCurrent(Unknown Source) [classes/:na]
	at com.rackspace.search.service.JobService.getJob(JobService.groovy:52) [classes/:na]
	at com.rackspace.search.service.JobService$getJob.call(Unknown Source) [classes/:na]
	at com.rackspace.search.service.core.CoreTicketSecondPassSyncJob.windupActivities(CoreTicketSecondPassSyncJob.groovy:83) [classes/:na]
	at sun.reflect.NativeMethodAccessorImpl.invoke0(Native Method) ~[na:1.6.0_38]
	at sun.reflect.NativeMethodAccessorImpl.invoke(NativeMethodAccessorImpl.java:39) ~[na:1.6.0_38]
	at sun.reflect.DelegatingMethodAccessorImpl.invoke(DelegatingMethodAccessorImpl.java:25) ~[na:1.6.0_38]
	at java.lang.reflect.Method.invoke(Method.java:597) ~[na:1.6.0_38]
	at org.springframework.beans.factory.annotation.InitDestroyAnnotationBeanPostProcessor$LifecycleElement.invoke(InitDestroyAnnotationBeanPostProcessor.java:340) [spring-beans-3.0.6.RELEASE.jar:3.0.6.RELEASE]
	at org.springframework.beans.factory.annotation.InitDestroyAnnotationBeanPostProcessor$LifecycleMetadata.invokeDestroyMethods(InitDestroyAnnotationBeanPostProcessor.java:305) [spring-beans-3.0.6.RELEASE.jar:3.0.6.RELEASE]
	at org.springframework.beans.factory.annotation.InitDestroyAnnotationBeanPostProcessor.postProcessBeforeDestruction(InitDestroyAnnotationBeanPostProcessor.java:148) [spring-beans-3.0.6.RELEASE.jar:3.0.6.RELEASE]
	at org.springframework.beans.factory.support.DisposableBeanAdapter.destroy(DisposableBeanAdapter.java:166) [spring-beans-3.0.6.RELEASE.jar:3.0.6.RELEASE]
	at org.springframework.beans.factory.support.DefaultSingletonBeanRegistry.destroyBean(DefaultSingletonBeanRegistry.java:487) [spring-beans-3.0.6.RELEASE.jar:3.0.6.RELEASE]
	at org.springframework.beans.factory.support.DefaultSingletonBeanRegistry.destroySingleton(DefaultSingletonBeanRegistry.java:463) [spring-beans-3.0.6.RELEASE.jar:3.0.6.RELEASE]
	at org.springframework.beans.factory.support.DefaultSingletonBeanRegistry.destroySingletons(DefaultSingletonBeanRegistry.java:431) [spring-beans-3.0.6.RELEASE.jar:3.0.6.RELEASE]
	at org.springframework.context.support.AbstractApplicationContext.destroyBeans(AbstractApplicationContext.java:1048) [spring-context-3.0.6.RELEASE.jar:3.0.6.RELEASE]
	at org.springframework.context.support.AbstractApplicationContext.refresh(AbstractApplicationContext.java:433) [spring-context-3.0.6.RELEASE.jar:3.0.6.RELEASE]
	at org.springframework.test.context.support.AbstractGenericContextLoader.loadContext(AbstractGenericContextLoader.java:84) [spring-test-3.0.6.RELEASE.jar:3.0.6.RELEASE]
	at org.springframework.test.context.support.AbstractGenericContextLoader.loadContext(AbstractGenericContextLoader.java:1) [spring-test-3.0.6.RELEASE.jar:3.0.6.RELEASE]
	at org.springframework.test.context.TestContext.loadApplicationContext(TestContext.java:280) [spring-test-3.0.6.RELEASE.jar:3.0.6.RELEASE]
	at org.springframework.test.context.TestContext.getApplicationContext(TestContext.java:304) [spring-test-3.0.6.RELEASE.jar:3.0.6.RELEASE]
	at org.springframework.test.context.support.DependencyInjectionTestExecutionListener.injectDependencies(DependencyInjectionTestExecutionListener.java:109) [spring-test-3.0.6.RELEASE.jar:3.0.6.RELEASE]
	at org.springframework.test.context.support.DependencyInjectionTestExecutionListener.prepareTestInstance(DependencyInjectionTestExecutionListener.java:75) [spring-test-3.0.6.RELEASE.jar:3.0.6.RELEASE]
	at org.springframework.test.context.TestContextManager.prepareTestInstance(TestContextManager.java:321) [spring-test-3.0.6.RELEASE.jar:3.0.6.RELEASE]
	at org.spockframework.spring.SpringTestContextManager.prepareTestInstance(SpringTestContextManager.java:49) [spock-spring-0.7-groovy-2.0.jar:na]
	at org.spockframework.spring.SpringInterceptor.interceptSetupMethod(SpringInterceptor.java:42) [spock-spring-0.7-groovy-2.0.jar:na]
	at org.spockframework.runtime.extension.AbstractMethodInterceptor.intercept(AbstractMethodInterceptor.java:28) [spock-core-0.7-groovy-2.0.jar:na]
	at org.spockframework.runtime.extension.MethodInvocation.proceed(MethodInvocation.java:84) [spock-core-0.7-groovy-2.0.jar:na]
	at org.spockframework.runtime.BaseSpecRunner.invoke(BaseSpecRunner.java:319) [spock-core-0.7-groovy-2.0.jar:na]
	at org.spockframework.runtime.BaseSpecRunner.invokeSetup(BaseSpecRunner.java:279) [spock-core-0.7-groovy-2.0.jar:na]
	at org.spockframework.runtime.BaseSpecRunner.doRunIteration(BaseSpecRunner.java:255) [spock-core-0.7-groovy-2.0.jar:na]
	at sun.reflect.GeneratedMethodAccessor5.invoke(Unknown Source) ~[na:na]
	at sun.reflect.DelegatingMethodAccessorImpl.invoke(DelegatingMethodAccessorImpl.java:25) ~[na:1.6.0_38]
	at java.lang.reflect.Method.invoke(Method.java:597) ~[na:1.6.0_38]
	at org.spockframework.util.ReflectionUtil.invokeMethod(ReflectionUtil.java:138) [spock-core-0.7-groovy-2.0.jar:na]
	at org.spockframework.runtime.BaseSpecRunner.invokeRaw(BaseSpecRunner.java:330) [spock-core-0.7-groovy-2.0.jar:na]
	at org.spockframework.runtime.BaseSpecRunner.invoke(BaseSpecRunner.java:311) [spock-core-0.7-groovy-2.0.jar:na]
	at org.spockframework.runtime.BaseSpecRunner.runIteration(BaseSpecRunner.java:223) [spock-core-0.7-groovy-2.0.jar:na]
	at org.spockframework.runtime.BaseSpecRunner.initializeAndRunIteration(BaseSpecRunner.java:214) [spock-core-0.7-groovy-2.0.jar:na]
	at org.spockframework.runtime.BaseSpecRunner.runSimpleFeature(BaseSpecRunner.java:205) [spock-core-0.7-groovy-2.0.jar:na]
	at org.spockframework.runtime.BaseSpecRunner.doRunFeature(BaseSpecRunner.java:199) [spock-core-0.7-groovy-2.0.jar:na]
	at sun.reflect.GeneratedMethodAccessor7.invoke(Unknown Source) ~[na:na]
	at sun.reflect.DelegatingMethodAccessorImpl.invoke(DelegatingMethodAccessorImpl.java:25) ~[na:1.6.0_38]
	at java.lang.reflect.Method.invoke(Method.java:597) ~[na:1.6.0_38]
	at org.spockframework.util.ReflectionUtil.invokeMethod(ReflectionUtil.java:138) [spock-core-0.7-groovy-2.0.jar:na]
	at org.spockframework.runtime.BaseSpecRunner.invokeRaw(BaseSpecRunner.java:330) [spock-core-0.7-groovy-2.0.jar:na]
	at org.spockframework.runtime.BaseSpecRunner.invoke(BaseSpecRunner.java:311) [spock-core-0.7-groovy-2.0.jar:na]
	at org.spockframework.runtime.BaseSpecRunner.runFeature(BaseSpecRunner.java:175) [spock-core-0.7-groovy-2.0.jar:na]
	at org.spockframework.runtime.BaseSpecRunner.runFeatures(BaseSpecRunner.java:152) [spock-core-0.7-groovy-2.0.jar:na]
	at org.spockframework.runtime.BaseSpecRunner.doRunSpec(BaseSpecRunner.java:112) [spock-core-0.7-groovy-2.0.jar:na]
	at sun.reflect.GeneratedMethodAccessor11.invoke(Unknown Source) ~[na:na]
	at sun.reflect.DelegatingMethodAccessorImpl.invoke(DelegatingMethodAccessorImpl.java:25) ~[na:1.6.0_38]
	at java.lang.reflect.Method.invoke(Method.java:597) ~[na:1.6.0_38]
	at org.spockframework.util.ReflectionUtil.invokeMethod(ReflectionUtil.java:138) [spock-core-0.7-groovy-2.0.jar:na]
	at org.spockframework.runtime.BaseSpecRunner.invokeRaw(BaseSpecRunner.java:330) [spock-core-0.7-groovy-2.0.jar:na]
	at org.spockframework.runtime.BaseSpecRunner.invoke(BaseSpecRunner.java:311) [spock-core-0.7-groovy-2.0.jar:na]
	at org.spockframework.runtime.BaseSpecRunner.runSpec(BaseSpecRunner.java:91) [spock-core-0.7-groovy-2.0.jar:na]
	at org.spockframework.runtime.BaseSpecRunner.run(BaseSpecRunner.java:82) [spock-core-0.7-groovy-2.0.jar:na]
	at org.spockframework.runtime.Sputnik.run(Sputnik.java:63) [spock-core-0.7-groovy-2.0.jar:na]
	at org.apache.maven.surefire.junit4.JUnit4TestSet.execute(JUnit4TestSet.java:53) [surefire-junit4-2.10.jar:2.10]
	at org.apache.maven.surefire.junit4.JUnit4Provider.executeTestSet(JUnit4Provider.java:123) [surefire-junit4-2.10.jar:2.10]
	at org.apache.maven.surefire.junit4.JUnit4Provider.invoke(JUnit4Provider.java:104) [surefire-junit4-2.10.jar:2.10]
	at sun.reflect.NativeMethodAccessorImpl.invoke0(Native Method) ~[na:1.6.0_38]
	at sun.reflect.NativeMethodAccessorImpl.invoke(NativeMethodAccessorImpl.java:39) ~[na:1.6.0_38]
	at sun.reflect.DelegatingMethodAccessorImpl.invoke(DelegatingMethodAccessorImpl.java:25) ~[na:1.6.0_38]
	at java.lang.reflect.Method.invoke(Method.java:597) ~[na:1.6.0_38]
	at org.apache.maven.surefire.util.ReflectionUtils.invokeMethodWithArray(ReflectionUtils.java:164) [surefire-api-2.10.jar:2.10]
	at org.apache.maven.surefire.booter.ProviderFactory$ProviderProxy.invoke(ProviderFactory.java:110) [surefire-booter-2.10.jar:2.10]
	at org.apache.maven.surefire.booter.SurefireStarter.invokeProvider(SurefireStarter.java:175) [surefire-booter-2.10.jar:2.10]
	at org.apache.maven.surefire.booter.SurefireStarter.runSuitesInProcessWhenForked(SurefireStarter.java:107) [surefire-booter-2.10.jar:2.10]
	at org.apache.maven.surefire.booter.ForkedBooter.main(ForkedBooter.java:68) [surefire-booter-2.10.jar:2.10]
22:05:09.813 [main] WARN  o.s.c.a.CommonAnnotationBeanPostProcessor - Invocation of destroy method failed on bean with name &apos;coreTicketSecondPassSyncJob&apos;: com.rackspace.search.exception.NotFoundException: Index is missing
22:05:09.817 [main] ERROR c.r.s.e.client.ElasticSearchClient - Index is missing
org.elasticsearch.indices.IndexMissingException: [admin] missing
	at org.elasticsearch.cluster.metadata.MetaData.concreteIndex(MetaData.java:616) ~[elasticsearch-0.90.2.jar:na]
	at org.elasticsearch.action.get.TransportGetAction.resolveRequest(TransportGetAction.java:90) ~[elasticsearch-0.90.2.jar:na]
	at org.elasticsearch.action.get.TransportGetAction.resolveRequest(TransportGetAction.java:42) ~[elasticsearch-0.90.2.jar:na]
	at org.elasticsearch.action.support.single.shard.TransportShardSingleOperationAction$AsyncSingleAction.&lt;init&gt;(TransportShardSingleOperationAction.java:114) ~[elasticsearch-0.90.2.jar:na]
	at org.elasticsearch.action.support.single.shard.TransportShardSingleOperationAction$AsyncSingleAction.&lt;init&gt;(TransportShardSingleOperationAction.java:94) ~[elasticsearch-0.90.2.jar:na]
	at org.elasticsearch.action.support.single.shard.TransportShardSingleOperationAction.doExecute(TransportShardSingleOperationAction.java:71) ~[elasticsearch-0.90.2.jar:na]
	at org.elasticsearch.action.support.single.shard.TransportShardSingleOperationAction.doExecute(TransportShardSingleOperationAction.java:46) ~[elasticsearch-0.90.2.jar:na]
	at org.elasticsearch.action.support.TransportAction.execute(TransportAction.java:61) ~[elasticsearch-0.90.2.jar:na]
	at org.elasticsearch.client.node.NodeClient.execute(NodeClient.java:92) ~[elasticsearch-0.90.2.jar:na]
	at org.elasticsearch.client.support.AbstractClient.get(AbstractClient.java:179) ~[elasticsearch-0.90.2.jar:na]
	at org.elasticsearch.action.get.GetRequestBuilder.doExecute(GetRequestBuilder.java:112) ~[elasticsearch-0.90.2.jar:na]
	at org.elasticsearch.action.ActionRequestBuilder.execute(ActionRequestBuilder.java:62) ~[elasticsearch-0.90.2.jar:na]
	at org.elasticsearch.action.ActionRequestBuilder.execute(ActionRequestBuilder.java:57) ~[elasticsearch-0.90.2.jar:na]
	at org.elasticsearch.action.ActionRequestBuilder$execute.call(Unknown Source) ~[na:na]
	at com.rackspace.search.elasticsearch.client.ElasticSearchClient.getDocument(ElasticSearchClient.groovy:209) ~[classes/:na]
	at com.rackspace.search.elasticsearch.client.ElasticSearchClient$getDocument.call(Unknown Source) [classes/:na]
	at com.rackspace.search.service.JobService.getJob(JobService.groovy:56) [classes/:na]
	at com.rackspace.search.service.JobService$getJob$0.callCurrent(Unknown Source) [classes/:na]
	at com.rackspace.search.service.JobService.getJob(JobService.groovy:52) [classes/:na]
	at com.rackspace.search.service.JobService$getJob.call(Unknown Source) [classes/:na]
	at com.rackspace.search.service.admin.CoreTicketOndemandSyncJob.windupActivities(CoreTicketOndemandSyncJob.groovy:91) [classes/:na]
	at sun.reflect.NativeMethodAccessorImpl.invoke0(Native Method) ~[na:1.6.0_38]
	at sun.reflect.NativeMethodAccessorImpl.invoke(NativeMethodAccessorImpl.java:39) ~[na:1.6.0_38]
	at sun.reflect.DelegatingMethodAccessorImpl.invoke(DelegatingMethodAccessorImpl.java:25) ~[na:1.6.0_38]
	at java.lang.reflect.Method.invoke(Method.java:597) ~[na:1.6.0_38]
	at org.springframework.beans.factory.annotation.InitDestroyAnnotationBeanPostProcessor$LifecycleElement.invoke(InitDestroyAnnotationBeanPostProcessor.java:340) [spring-beans-3.0.6.RELEASE.jar:3.0.6.RELEASE]
	at org.springframework.beans.factory.annotation.InitDestroyAnnotationBeanPostProcessor$LifecycleMetadata.invokeDestroyMethods(InitDestroyAnnotationBeanPostProcessor.java:305) [spring-beans-3.0.6.RELEASE.jar:3.0.6.RELEASE]
	at org.springframework.beans.factory.annotation.InitDestroyAnnotationBeanPostProcessor.postProcessBeforeDestruction(InitDestroyAnnotationBeanPostProcessor.java:148) [spring-beans-3.0.6.RELEASE.jar:3.0.6.RELEASE]
	at org.springframework.beans.factory.support.DisposableBeanAdapter.destroy(DisposableBeanAdapter.java:166) [spring-beans-3.0.6.RELEASE.jar:3.0.6.RELEASE]
	at org.springframework.beans.factory.support.DefaultSingletonBeanRegistry.destroyBean(DefaultSingletonBeanRegistry.java:487) [spring-beans-3.0.6.RELEASE.jar:3.0.6.RELEASE]
	at org.springframework.beans.factory.support.DefaultSingletonBeanRegistry.destroySingleton(DefaultSingletonBeanRegistry.java:463) [spring-beans-3.0.6.RELEASE.jar:3.0.6.RELEASE]
	at org.springframework.beans.factory.support.DefaultSingletonBeanRegistry.destroySingletons(DefaultSingletonBeanRegistry.java:431) [spring-beans-3.0.6.RELEASE.jar:3.0.6.RELEASE]
	at org.springframework.context.support.AbstractApplicationContext.destroyBeans(AbstractApplicationContext.java:1048) [spring-context-3.0.6.RELEASE.jar:3.0.6.RELEASE]
	at org.springframework.context.support.AbstractApplicationContext.refresh(AbstractApplicationContext.java:433) [spring-context-3.0.6.RELEASE.jar:3.0.6.RELEASE]
	at org.springframework.test.context.support.AbstractGenericContextLoader.loadContext(AbstractGenericContextLoader.java:84) [spring-test-3.0.6.RELEASE.jar:3.0.6.RELEASE]
	at org.springframework.test.context.support.AbstractGenericContextLoader.loadContext(AbstractGenericContextLoader.java:1) [spring-test-3.0.6.RELEASE.jar:3.0.6.RELEASE]
	at org.springframework.test.context.TestContext.loadApplicationContext(TestContext.java:280) [spring-test-3.0.6.RELEASE.jar:3.0.6.RELEASE]
	at org.springframework.test.context.TestContext.getApplicationContext(TestContext.java:304) [spring-test-3.0.6.RELEASE.jar:3.0.6.RELEASE]
	at org.springframework.test.context.support.DependencyInjectionTestExecutionListener.injectDependencies(DependencyInjectionTestExecutionListener.java:109) [spring-test-3.0.6.RELEASE.jar:3.0.6.RELEASE]
	at org.springframework.test.context.support.DependencyInjectionTestExecutionListener.prepareTestInstance(DependencyInjectionTestExecutionListener.java:75) [spring-test-3.0.6.RELEASE.jar:3.0.6.RELEASE]
	at org.springframework.test.context.TestContextManager.prepareTestInstance(TestContextManager.java:321) [spring-test-3.0.6.RELEASE.jar:3.0.6.RELEASE]
	at org.spockframework.spring.SpringTestContextManager.prepareTestInstance(SpringTestContextManager.java:49) [spock-spring-0.7-groovy-2.0.jar:na]
	at org.spockframework.spring.SpringInterceptor.interceptSetupMethod(SpringInterceptor.java:42) [spock-spring-0.7-groovy-2.0.jar:na]
	at org.spockframework.runtime.extension.AbstractMethodInterceptor.intercept(AbstractMethodInterceptor.java:28) [spock-core-0.7-groovy-2.0.jar:na]
	at org.spockframework.runtime.extension.MethodInvocation.proceed(MethodInvocation.java:84) [spock-core-0.7-groovy-2.0.jar:na]
	at org.spockframework.runtime.BaseSpecRunner.invoke(BaseSpecRunner.java:319) [spock-core-0.7-groovy-2.0.jar:na]
	at org.spockframework.runtime.BaseSpecRunner.invokeSetup(BaseSpecRunner.java:279) [spock-core-0.7-groovy-2.0.jar:na]
	at org.spockframework.runtime.BaseSpecRunner.doRunIteration(BaseSpecRunner.java:255) [spock-core-0.7-groovy-2.0.jar:na]
	at sun.reflect.GeneratedMethodAccessor5.invoke(Unknown Source) ~[na:na]
	at sun.reflect.DelegatingMethodAccessorImpl.invoke(DelegatingMethodAccessorImpl.java:25) ~[na:1.6.0_38]
	at java.lang.reflect.Method.invoke(Method.java:597) ~[na:1.6.0_38]
	at org.spockframework.util.ReflectionUtil.invokeMethod(ReflectionUtil.java:138) [spock-core-0.7-groovy-2.0.jar:na]
	at org.spockframework.runtime.BaseSpecRunner.invokeRaw(BaseSpecRunner.java:330) [spock-core-0.7-groovy-2.0.jar:na]
	at org.spockframework.runtime.BaseSpecRunner.invoke(BaseSpecRunner.java:311) [spock-core-0.7-groovy-2.0.jar:na]
	at org.spockframework.runtime.BaseSpecRunner.runIteration(BaseSpecRunner.java:223) [spock-core-0.7-groovy-2.0.jar:na]
	at org.spockframework.runtime.BaseSpecRunner.initializeAndRunIteration(BaseSpecRunner.java:214) [spock-core-0.7-groovy-2.0.jar:na]
	at org.spockframework.runtime.BaseSpecRunner.runSimpleFeature(BaseSpecRunner.java:205) [spock-core-0.7-groovy-2.0.jar:na]
	at org.spockframework.runtime.BaseSpecRunner.doRunFeature(BaseSpecRunner.java:199) [spock-core-0.7-groovy-2.0.jar:na]
	at sun.reflect.GeneratedMethodAccessor7.invoke(Unknown Source) ~[na:na]
	at sun.reflect.DelegatingMethodAccessorImpl.invoke(DelegatingMethodAccessorImpl.java:25) ~[na:1.6.0_38]
	at java.lang.reflect.Method.invoke(Method.java:597) ~[na:1.6.0_38]
	at org.spockframework.util.ReflectionUtil.invokeMethod(ReflectionUtil.java:138) [spock-core-0.7-groovy-2.0.jar:na]
	at org.spockframework.runtime.BaseSpecRunner.invokeRaw(BaseSpecRunner.java:330) [spock-core-0.7-groovy-2.0.jar:na]
	at org.spockframework.runtime.BaseSpecRunner.invoke(BaseSpecRunner.java:311) [spock-core-0.7-groovy-2.0.jar:na]
	at org.spockframework.runtime.BaseSpecRunner.runFeature(BaseSpecRunner.java:175) [spock-core-0.7-groovy-2.0.jar:na]
	at org.spockframework.runtime.BaseSpecRunner.runFeatures(BaseSpecRunner.java:152) [spock-core-0.7-groovy-2.0.jar:na]
	at org.spockframework.runtime.BaseSpecRunner.doRunSpec(BaseSpecRunner.java:112) [spock-core-0.7-groovy-2.0.jar:na]
	at sun.reflect.GeneratedMethodAccessor11.invoke(Unknown Source) ~[na:na]
	at sun.reflect.DelegatingMethodAccessorImpl.invoke(DelegatingMethodAccessorImpl.java:25) ~[na:1.6.0_38]
	at java.lang.reflect.Method.invoke(Method.java:597) ~[na:1.6.0_38]
	at org.spockframework.util.ReflectionUtil.invokeMethod(ReflectionUtil.java:138) [spock-core-0.7-groovy-2.0.jar:na]
	at org.spockframework.runtime.BaseSpecRunner.invokeRaw(BaseSpecRunner.java:330) [spock-core-0.7-groovy-2.0.jar:na]
	at org.spockframework.runtime.BaseSpecRunner.invoke(BaseSpecRunner.java:311) [spock-core-0.7-groovy-2.0.jar:na]
	at org.spockframework.runtime.BaseSpecRunner.runSpec(BaseSpecRunner.java:91) [spock-core-0.7-groovy-2.0.jar:na]
	at org.spockframework.runtime.BaseSpecRunner.run(BaseSpecRunner.java:82) [spock-core-0.7-groovy-2.0.jar:na]
	at org.spockframework.runtime.Sputnik.run(Sputnik.java:63) [spock-core-0.7-groovy-2.0.jar:na]
	at org.apache.maven.surefire.junit4.JUnit4TestSet.execute(JUnit4TestSet.java:53) [surefire-junit4-2.10.jar:2.10]
	at org.apache.maven.surefire.junit4.JUnit4Provider.executeTestSet(JUnit4Provider.java:123) [surefire-junit4-2.10.jar:2.10]
	at org.apache.maven.surefire.junit4.JUnit4Provider.invoke(JUnit4Provider.java:104) [surefire-junit4-2.10.jar:2.10]
	at sun.reflect.NativeMethodAccessorImpl.invoke0(Native Method) ~[na:1.6.0_38]
	at sun.reflect.NativeMethodAccessorImpl.invoke(NativeMethodAccessorImpl.java:39) ~[na:1.6.0_38]
	at sun.reflect.DelegatingMethodAccessorImpl.invoke(DelegatingMethodAccessorImpl.java:25) ~[na:1.6.0_38]
	at java.lang.reflect.Method.invoke(Method.java:597) ~[na:1.6.0_38]
	at org.apache.maven.surefire.util.ReflectionUtils.invokeMethodWithArray(ReflectionUtils.java:164) [surefire-api-2.10.jar:2.10]
	at org.apache.maven.surefire.booter.ProviderFactory$ProviderProxy.invoke(ProviderFactory.java:110) [surefire-booter-2.10.jar:2.10]
	at org.apache.maven.surefire.booter.SurefireStarter.invokeProvider(SurefireStarter.java:175) [surefire-booter-2.10.jar:2.10]
	at org.apache.maven.surefire.booter.SurefireStarter.runSuitesInProcessWhenForked(SurefireStarter.java:107) [surefire-booter-2.10.jar:2.10]
	at org.apache.maven.surefire.booter.ForkedBooter.main(ForkedBooter.java:68) [surefire-booter-2.10.jar:2.10]
22:05:09.818 [main] WARN  o.s.c.a.CommonAnnotationBeanPostProcessor - Invocation of destroy method failed on bean with name &apos;coreTicketOndemandSyncJob&apos;: com.rackspace.search.exception.NotFoundException: Index is missing
22:05:09.823 [main] ERROR c.r.s.e.client.ElasticSearchClient - Index is missing
org.elasticsearch.indices.IndexMissingException: [admin] missing
	at org.elasticsearch.cluster.metadata.MetaData.concreteIndex(MetaData.java:616) ~[elasticsearch-0.90.2.jar:na]
	at org.elasticsearch.action.get.TransportGetAction.resolveRequest(TransportGetAction.java:90) ~[elasticsearch-0.90.2.jar:na]
	at org.elasticsearch.action.get.TransportGetAction.resolveRequest(TransportGetAction.java:42) ~[elasticsearch-0.90.2.jar:na]
	at org.elasticsearch.action.support.single.shard.TransportShardSingleOperationAction$AsyncSingleAction.&lt;init&gt;(TransportShardSingleOperationAction.java:114) ~[elasticsearch-0.90.2.jar:na]
	at org.elasticsearch.action.support.single.shard.TransportShardSingleOperationAction$AsyncSingleAction.&lt;init&gt;(TransportShardSingleOperationAction.java:94) ~[elasticsearch-0.90.2.jar:na]
	at org.elasticsearch.action.support.single.shard.TransportShardSingleOperationAction.doExecute(TransportShardSingleOperationAction.java:71) ~[elasticsearch-0.90.2.jar:na]
	at org.elasticsearch.action.support.single.shard.TransportShardSingleOperationAction.doExecute(TransportShardSingleOperationAction.java:46) ~[elasticsearch-0.90.2.jar:na]
	at org.elasticsearch.action.support.TransportAction.execute(TransportAction.java:61) ~[elasticsearch-0.90.2.jar:na]
	at org.elasticsearch.client.node.NodeClient.execute(NodeClient.java:92) ~[elasticsearch-0.90.2.jar:na]
	at org.elasticsearch.client.support.AbstractClient.get(AbstractClient.java:179) ~[elasticsearch-0.90.2.jar:na]
	at org.elasticsearch.action.get.GetRequestBuilder.doExecute(GetRequestBuilder.java:112) ~[elasticsearch-0.90.2.jar:na]
	at org.elasticsearch.action.ActionRequestBuilder.execute(ActionRequestBuilder.java:62) ~[elasticsearch-0.90.2.jar:na]
	at org.elasticsearch.action.ActionRequestBuilder.execute(ActionRequestBuilder.java:57) ~[elasticsearch-0.90.2.jar:na]
	at org.elasticsearch.action.ActionRequestBuilder$execute.call(Unknown Source) ~[na:na]
	at com.rackspace.search.elasticsearch.client.ElasticSearchClient.getDocument(ElasticSearchClient.groovy:209) ~[classes/:na]
	at com.rackspace.search.elasticsearch.client.ElasticSearchClient$getDocument.call(Unknown Source) [classes/:na]
	at com.rackspace.search.service.JobService.getJob(JobService.groovy:56) [classes/:na]
	at com.rackspace.search.service.JobService$getJob$0.callCurrent(Unknown Source) [classes/:na]
	at com.rackspace.search.service.JobService.getJob(JobService.groovy:52) [classes/:na]
	at com.rackspace.search.service.JobService$getJob.call(Unknown Source) [classes/:na]
	at com.rackspace.search.service.account.AccountOngoingSyncJob.windupActivities(AccountOngoingSyncJob.groovy:89) [classes/:na]
	at sun.reflect.NativeMethodAccessorImpl.invoke0(Native Method) ~[na:1.6.0_38]
	at sun.reflect.NativeMethodAccessorImpl.invoke(NativeMethodAccessorImpl.java:39) ~[na:1.6.0_38]
	at sun.reflect.DelegatingMethodAccessorImpl.invoke(DelegatingMethodAccessorImpl.java:25) ~[na:1.6.0_38]
	at java.lang.reflect.Method.invoke(Method.java:597) ~[na:1.6.0_38]
	at org.springframework.beans.factory.annotation.InitDestroyAnnotationBeanPostProcessor$LifecycleElement.invoke(InitDestroyAnnotationBeanPostProcessor.java:340) [spring-beans-3.0.6.RELEASE.jar:3.0.6.RELEASE]
	at org.springframework.beans.factory.annotation.InitDestroyAnnotationBeanPostProcessor$LifecycleMetadata.invokeDestroyMethods(InitDestroyAnnotationBeanPostProcessor.java:305) [spring-beans-3.0.6.RELEASE.jar:3.0.6.RELEASE]
	at org.springframework.beans.factory.annotation.InitDestroyAnnotationBeanPostProcessor.postProcessBeforeDestruction(InitDestroyAnnotationBeanPostProcessor.java:148) [spring-beans-3.0.6.RELEASE.jar:3.0.6.RELEASE]
	at org.springframework.beans.factory.support.DisposableBeanAdapter.destroy(DisposableBeanAdapter.java:166) [spring-beans-3.0.6.RELEASE.jar:3.0.6.RELEASE]
	at org.springframework.beans.factory.support.DefaultSingletonBeanRegistry.destroyBean(DefaultSingletonBeanRegistry.java:487) [spring-beans-3.0.6.RELEASE.jar:3.0.6.RELEASE]
	at org.springframework.beans.factory.support.DefaultSingletonBeanRegistry.destroySingleton(DefaultSingletonBeanRegistry.java:463) [spring-beans-3.0.6.RELEASE.jar:3.0.6.RELEASE]
	at org.springframework.beans.factory.support.DefaultSingletonBeanRegistry.destroySingletons(DefaultSingletonBeanRegistry.java:431) [spring-beans-3.0.6.RELEASE.jar:3.0.6.RELEASE]
	at org.springframework.context.support.AbstractApplicationContext.destroyBeans(AbstractApplicationContext.java:1048) [spring-context-3.0.6.RELEASE.jar:3.0.6.RELEASE]
	at org.springframework.context.support.AbstractApplicationContext.refresh(AbstractApplicationContext.java:433) [spring-context-3.0.6.RELEASE.jar:3.0.6.RELEASE]
	at org.springframework.test.context.support.AbstractGenericContextLoader.loadContext(AbstractGenericContextLoader.java:84) [spring-test-3.0.6.RELEASE.jar:3.0.6.RELEASE]
	at org.springframework.test.context.support.AbstractGenericContextLoader.loadContext(AbstractGenericContextLoader.java:1) [spring-test-3.0.6.RELEASE.jar:3.0.6.RELEASE]
	at org.springframework.test.context.TestContext.loadApplicationContext(TestContext.java:280) [spring-test-3.0.6.RELEASE.jar:3.0.6.RELEASE]
	at org.springframework.test.context.TestContext.getApplicationContext(TestContext.java:304) [spring-test-3.0.6.RELEASE.jar:3.0.6.RELEASE]
	at org.springframework.test.context.support.DependencyInjectionTestExecutionListener.injectDependencies(DependencyInjectionTestExecutionListener.java:109) [spring-test-3.0.6.RELEASE.jar:3.0.6.RELEASE]
	at org.springframework.test.context.support.DependencyInjectionTestExecutionListener.prepareTestInstance(DependencyInjectionTestExecutionListener.java:75) [spring-test-3.0.6.RELEASE.jar:3.0.6.RELEASE]
	at org.springframework.test.context.TestContextManager.prepareTestInstance(TestContextManager.java:321) [spring-test-3.0.6.RELEASE.jar:3.0.6.RELEASE]
	at org.spockframework.spring.SpringTestContextManager.prepareTestInstance(SpringTestContextManager.java:49) [spock-spring-0.7-groovy-2.0.jar:na]
	at org.spockframework.spring.SpringInterceptor.interceptSetupMethod(SpringInterceptor.java:42) [spock-spring-0.7-groovy-2.0.jar:na]
	at org.spockframework.runtime.extension.AbstractMethodInterceptor.intercept(AbstractMethodInterceptor.java:28) [spock-core-0.7-groovy-2.0.jar:na]
	at org.spockframework.runtime.extension.MethodInvocation.proceed(MethodInvocation.java:84) [spock-core-0.7-groovy-2.0.jar:na]
	at org.spockframework.runtime.BaseSpecRunner.invoke(BaseSpecRunner.java:319) [spock-core-0.7-groovy-2.0.jar:na]
	at org.spockframework.runtime.BaseSpecRunner.invokeSetup(BaseSpecRunner.java:279) [spock-core-0.7-groovy-2.0.jar:na]
	at org.spockframework.runtime.BaseSpecRunner.doRunIteration(BaseSpecRunner.java:255) [spock-core-0.7-groovy-2.0.jar:na]
	at sun.reflect.GeneratedMethodAccessor5.invoke(Unknown Source) ~[na:na]
	at sun.reflect.DelegatingMethodAccessorImpl.invoke(DelegatingMethodAccessorImpl.java:25) ~[na:1.6.0_38]
	at java.lang.reflect.Method.invoke(Method.java:597) ~[na:1.6.0_38]
	at org.spockframework.util.ReflectionUtil.invokeMethod(ReflectionUtil.java:138) [spock-core-0.7-groovy-2.0.jar:na]
	at org.spockframework.runtime.BaseSpecRunner.invokeRaw(BaseSpecRunner.java:330) [spock-core-0.7-groovy-2.0.jar:na]
	at org.spockframework.runtime.BaseSpecRunner.invoke(BaseSpecRunner.java:311) [spock-core-0.7-groovy-2.0.jar:na]
	at org.spockframework.runtime.BaseSpecRunner.runIteration(BaseSpecRunner.java:223) [spock-core-0.7-groovy-2.0.jar:na]
	at org.spockframework.runtime.BaseSpecRunner.initializeAndRunIteration(BaseSpecRunner.java:214) [spock-core-0.7-groovy-2.0.jar:na]
	at org.spockframework.runtime.BaseSpecRunner.runSimpleFeature(BaseSpecRunner.java:205) [spock-core-0.7-groovy-2.0.jar:na]
	at org.spockframework.runtime.BaseSpecRunner.doRunFeature(BaseSpecRunner.java:199) [spock-core-0.7-groovy-2.0.jar:na]
	at sun.reflect.GeneratedMethodAccessor7.invoke(Unknown Source) ~[na:na]
	at sun.reflect.DelegatingMethodAccessorImpl.invoke(DelegatingMethodAccessorImpl.java:25) ~[na:1.6.0_38]
	at java.lang.reflect.Method.invoke(Method.java:597) ~[na:1.6.0_38]
	at org.spockframework.util.ReflectionUtil.invokeMethod(ReflectionUtil.java:138) [spock-core-0.7-groovy-2.0.jar:na]
	at org.spockframework.runtime.BaseSpecRunner.invokeRaw(BaseSpecRunner.java:330) [spock-core-0.7-groovy-2.0.jar:na]
	at org.spockframework.runtime.BaseSpecRunner.invoke(BaseSpecRunner.java:311) [spock-core-0.7-groovy-2.0.jar:na]
	at org.spockframework.runtime.BaseSpecRunner.runFeature(BaseSpecRunner.java:175) [spock-core-0.7-groovy-2.0.jar:na]
	at org.spockframework.runtime.BaseSpecRunner.runFeatures(BaseSpecRunner.java:152) [spock-core-0.7-groovy-2.0.jar:na]
	at org.spockframework.runtime.BaseSpecRunner.doRunSpec(BaseSpecRunner.java:112) [spock-core-0.7-groovy-2.0.jar:na]
	at sun.reflect.GeneratedMethodAccessor11.invoke(Unknown Source) ~[na:na]
	at sun.reflect.DelegatingMethodAccessorImpl.invoke(DelegatingMethodAccessorImpl.java:25) ~[na:1.6.0_38]
	at java.lang.reflect.Method.invoke(Method.java:597) ~[na:1.6.0_38]
	at org.spockframework.util.ReflectionUtil.invokeMethod(ReflectionUtil.java:138) [spock-core-0.7-groovy-2.0.jar:na]
	at org.spockframework.runtime.BaseSpecRunner.invokeRaw(BaseSpecRunner.java:330) [spock-core-0.7-groovy-2.0.jar:na]
	at org.spockframework.runtime.BaseSpecRunner.invoke(BaseSpecRunner.java:311) [spock-core-0.7-groovy-2.0.jar:na]
	at org.spockframework.runtime.BaseSpecRunner.runSpec(BaseSpecRunner.java:91) [spock-core-0.7-groovy-2.0.jar:na]
	at org.spockframework.runtime.BaseSpecRunner.run(BaseSpecRunner.java:82) [spock-core-0.7-groovy-2.0.jar:na]
	at org.spockframework.runtime.Sputnik.run(Sputnik.java:63) [spock-core-0.7-groovy-2.0.jar:na]
	at org.apache.maven.surefire.junit4.JUnit4TestSet.execute(JUnit4TestSet.java:53) [surefire-junit4-2.10.jar:2.10]
	at org.apache.maven.surefire.junit4.JUnit4Provider.executeTestSet(JUnit4Provider.java:123) [surefire-junit4-2.10.jar:2.10]
	at org.apache.maven.surefire.junit4.JUnit4Provider.invoke(JUnit4Provider.java:104) [surefire-junit4-2.10.jar:2.10]
	at sun.reflect.NativeMethodAccessorImpl.invoke0(Native Method) ~[na:1.6.0_38]
	at sun.reflect.NativeMethodAccessorImpl.invoke(NativeMethodAccessorImpl.java:39) ~[na:1.6.0_38]
	at sun.reflect.DelegatingMethodAccessorImpl.invoke(DelegatingMethodAccessorImpl.java:25) ~[na:1.6.0_38]
	at java.lang.reflect.Method.invoke(Method.java:597) ~[na:1.6.0_38]
	at org.apache.maven.surefire.util.ReflectionUtils.invokeMethodWithArray(ReflectionUtils.java:164) [surefire-api-2.10.jar:2.10]
	at org.apache.maven.surefire.booter.ProviderFactory$ProviderProxy.invoke(ProviderFactory.java:110) [surefire-booter-2.10.jar:2.10]
	at org.apache.maven.surefire.booter.SurefireStarter.invokeProvider(SurefireStarter.java:175) [surefire-booter-2.10.jar:2.10]
	at org.apache.maven.surefire.booter.SurefireStarter.runSuitesInProcessWhenForked(SurefireStarter.java:107) [surefire-booter-2.10.jar:2.10]
	at org.apache.maven.surefire.booter.ForkedBooter.main(ForkedBooter.java:68) [surefire-booter-2.10.jar:2.10]
22:05:09.824 [main] WARN  o.s.c.a.CommonAnnotationBeanPostProcessor - Invocation of destroy method failed on bean with name &apos;accountOngoingSyncJob&apos;: com.rackspace.search.exception.NotFoundException: Index is missing
22:05:09.828 [main] ERROR c.r.s.e.client.ElasticSearchClient - Index is missing
org.elasticsearch.indices.IndexMissingException: [admin] missing
	at org.elasticsearch.cluster.metadata.MetaData.concreteIndex(MetaData.java:616) ~[elasticsearch-0.90.2.jar:na]
	at org.elasticsearch.action.get.TransportGetAction.resolveRequest(TransportGetAction.java:90) ~[elasticsearch-0.90.2.jar:na]
	at org.elasticsearch.action.get.TransportGetAction.resolveRequest(TransportGetAction.java:42) ~[elasticsearch-0.90.2.jar:na]
	at org.elasticsearch.action.support.single.shard.TransportShardSingleOperationAction$AsyncSingleAction.&lt;init&gt;(TransportShardSingleOperationAction.java:114) ~[elasticsearch-0.90.2.jar:na]
	at org.elasticsearch.action.support.single.shard.TransportShardSingleOperationAction$AsyncSingleAction.&lt;init&gt;(TransportShardSingleOperationAction.java:94) ~[elasticsearch-0.90.2.jar:na]
	at org.elasticsearch.action.support.single.shard.TransportShardSingleOperationAction.doExecute(TransportShardSingleOperationAction.java:71) ~[elasticsearch-0.90.2.jar:na]
	at org.elasticsearch.action.support.single.shard.TransportShardSingleOperationAction.doExecute(TransportShardSingleOperationAction.java:46) ~[elasticsearch-0.90.2.jar:na]
	at org.elasticsearch.action.support.TransportAction.execute(TransportAction.java:61) ~[elasticsearch-0.90.2.jar:na]
	at org.elasticsearch.client.node.NodeClient.execute(NodeClient.java:92) ~[elasticsearch-0.90.2.jar:na]
	at org.elasticsearch.client.support.AbstractClient.get(AbstractClient.java:179) ~[elasticsearch-0.90.2.jar:na]
	at org.elasticsearch.action.get.GetRequestBuilder.doExecute(GetRequestBuilder.java:112) ~[elasticsearch-0.90.2.jar:na]
	at org.elasticsearch.action.ActionRequestBuilder.execute(ActionRequestBuilder.java:62) ~[elasticsearch-0.90.2.jar:na]
	at org.elasticsearch.action.ActionRequestBuilder.execute(ActionRequestBuilder.java:57) ~[elasticsearch-0.90.2.jar:na]
	at org.elasticsearch.action.ActionRequestBuilder$execute.call(Unknown Source) ~[na:na]
	at com.rackspace.search.elasticsearch.client.ElasticSearchClient.getDocument(ElasticSearchClient.groovy:209) ~[classes/:na]
	at com.rackspace.search.elasticsearch.client.ElasticSearchClient$getDocument.call(Unknown Source) [classes/:na]
	at com.rackspace.search.service.JobService.getJob(JobService.groovy:56) [classes/:na]
	at com.rackspace.search.service.JobService$getJob$0.callCurrent(Unknown Source) [classes/:na]
	at com.rackspace.search.service.JobService.getJob(JobService.groovy:52) [classes/:na]
	at com.rackspace.search.service.JobService$getJob.call(Unknown Source) [classes/:na]
	at com.rackspace.search.service.account.AccountOnetimeSyncJob.windupActivities(AccountOneTimeSyncJob.groovy:39) [classes/:na]
	at sun.reflect.NativeMethodAccessorImpl.invoke0(Native Method) ~[na:1.6.0_38]
	at sun.reflect.NativeMethodAccessorImpl.invoke(NativeMethodAccessorImpl.java:39) ~[na:1.6.0_38]
	at sun.reflect.DelegatingMethodAccessorImpl.invoke(DelegatingMethodAccessorImpl.java:25) ~[na:1.6.0_38]
	at java.lang.reflect.Method.invoke(Method.java:597) ~[na:1.6.0_38]
	at org.springframework.beans.factory.annotation.InitDestroyAnnotationBeanPostProcessor$LifecycleElement.invoke(InitDestroyAnnotationBeanPostProcessor.java:340) [spring-beans-3.0.6.RELEASE.jar:3.0.6.RELEASE]
	at org.springframework.beans.factory.annotation.InitDestroyAnnotationBeanPostProcessor$LifecycleMetadata.invokeDestroyMethods(InitDestroyAnnotationBeanPostProcessor.java:305) [spring-beans-3.0.6.RELEASE.jar:3.0.6.RELEASE]
	at org.springframework.beans.factory.annotation.InitDestroyAnnotationBeanPostProcessor.postProcessBeforeDestruction(InitDestroyAnnotationBeanPostProcessor.java:148) [spring-beans-3.0.6.RELEASE.jar:3.0.6.RELEASE]
	at org.springframework.beans.factory.support.DisposableBeanAdapter.destroy(DisposableBeanAdapter.java:166) [spring-beans-3.0.6.RELEASE.jar:3.0.6.RELEASE]
	at org.springframework.beans.factory.support.DefaultSingletonBeanRegistry.destroyBean(DefaultSingletonBeanRegistry.java:487) [spring-beans-3.0.6.RELEASE.jar:3.0.6.RELEASE]
	at org.springframework.beans.factory.support.DefaultSingletonBeanRegistry.destroySingleton(DefaultSingletonBeanRegistry.java:463) [spring-beans-3.0.6.RELEASE.jar:3.0.6.RELEASE]
	at org.springframework.beans.factory.support.DefaultSingletonBeanRegistry.destroySingletons(DefaultSingletonBeanRegistry.java:431) [spring-beans-3.0.6.RELEASE.jar:3.0.6.RELEASE]
	at org.springframework.context.support.AbstractApplicationContext.destroyBeans(AbstractApplicationContext.java:1048) [spring-context-3.0.6.RELEASE.jar:3.0.6.RELEASE]
	at org.springframework.context.support.AbstractApplicationContext.refresh(AbstractApplicationContext.java:433) [spring-context-3.0.6.RELEASE.jar:3.0.6.RELEASE]
	at org.springframework.test.context.support.AbstractGenericContextLoader.loadContext(AbstractGenericContextLoader.java:84) [spring-test-3.0.6.RELEASE.jar:3.0.6.RELEASE]
	at org.springframework.test.context.support.AbstractGenericContextLoader.loadContext(AbstractGenericContextLoader.java:1) [spring-test-3.0.6.RELEASE.jar:3.0.6.RELEASE]
	at org.springframework.test.context.TestContext.loadApplicationContext(TestContext.java:280) [spring-test-3.0.6.RELEASE.jar:3.0.6.RELEASE]
	at org.springframework.test.context.TestContext.getApplicationContext(TestContext.java:304) [spring-test-3.0.6.RELEASE.jar:3.0.6.RELEASE]
	at org.springframework.test.context.support.DependencyInjectionTestExecutionListener.injectDependencies(DependencyInjectionTestExecutionListener.java:109) [spring-test-3.0.6.RELEASE.jar:3.0.6.RELEASE]
	at org.springframework.test.context.support.DependencyInjectionTestExecutionListener.prepareTestInstance(DependencyInjectionTestExecutionListener.java:75) [spring-test-3.0.6.RELEASE.jar:3.0.6.RELEASE]
	at org.springframework.test.context.TestContextManager.prepareTestInstance(TestContextManager.java:321) [spring-test-3.0.6.RELEASE.jar:3.0.6.RELEASE]
	at org.spockframework.spring.SpringTestContextManager.prepareTestInstance(SpringTestContextManager.java:49) [spock-spring-0.7-groovy-2.0.jar:na]
	at org.spockframework.spring.SpringInterceptor.interceptSetupMethod(SpringInterceptor.java:42) [spock-spring-0.7-groovy-2.0.jar:na]
	at org.spockframework.runtime.extension.AbstractMethodInterceptor.intercept(AbstractMethodInterceptor.java:28) [spock-core-0.7-groovy-2.0.jar:na]
	at org.spockframework.runtime.extension.MethodInvocation.proceed(MethodInvocation.java:84) [spock-core-0.7-groovy-2.0.jar:na]
	at org.spockframework.runtime.BaseSpecRunner.invoke(BaseSpecRunner.java:319) [spock-core-0.7-groovy-2.0.jar:na]
	at org.spockframework.runtime.BaseSpecRunner.invokeSetup(BaseSpecRunner.java:279) [spock-core-0.7-groovy-2.0.jar:na]
	at org.spockframework.runtime.BaseSpecRunner.doRunIteration(BaseSpecRunner.java:255) [spock-core-0.7-groovy-2.0.jar:na]
	at sun.reflect.GeneratedMethodAccessor5.invoke(Unknown Source) ~[na:na]
	at sun.reflect.DelegatingMethodAccessorImpl.invoke(DelegatingMethodAccessorImpl.java:25) ~[na:1.6.0_38]
	at java.lang.reflect.Method.invoke(Method.java:597) ~[na:1.6.0_38]
	at org.spockframework.util.ReflectionUtil.invokeMethod(ReflectionUtil.java:138) [spock-core-0.7-groovy-2.0.jar:na]
	at org.spockframework.runtime.BaseSpecRunner.invokeRaw(BaseSpecRunner.java:330) [spock-core-0.7-groovy-2.0.jar:na]
	at org.spockframework.runtime.BaseSpecRunner.invoke(BaseSpecRunner.java:311) [spock-core-0.7-groovy-2.0.jar:na]
	at org.spockframework.runtime.BaseSpecRunner.runIteration(BaseSpecRunner.java:223) [spock-core-0.7-groovy-2.0.jar:na]
	at org.spockframework.runtime.BaseSpecRunner.initializeAndRunIteration(BaseSpecRunner.java:214) [spock-core-0.7-groovy-2.0.jar:na]
	at org.spockframework.runtime.BaseSpecRunner.runSimpleFeature(BaseSpecRunner.java:205) [spock-core-0.7-groovy-2.0.jar:na]
	at org.spockframework.runtime.BaseSpecRunner.doRunFeature(BaseSpecRunner.java:199) [spock-core-0.7-groovy-2.0.jar:na]
	at sun.reflect.GeneratedMethodAccessor7.invoke(Unknown Source) ~[na:na]
	at sun.reflect.DelegatingMethodAccessorImpl.invoke(DelegatingMethodAccessorImpl.java:25) ~[na:1.6.0_38]
	at java.lang.reflect.Method.invoke(Method.java:597) ~[na:1.6.0_38]
	at org.spockframework.util.ReflectionUtil.invokeMethod(ReflectionUtil.java:138) [spock-core-0.7-groovy-2.0.jar:na]
	at org.spockframework.runtime.BaseSpecRunner.invokeRaw(BaseSpecRunner.java:330) [spock-core-0.7-groovy-2.0.jar:na]
	at org.spockframework.runtime.BaseSpecRunner.invoke(BaseSpecRunner.java:311) [spock-core-0.7-groovy-2.0.jar:na]
	at org.spockframework.runtime.BaseSpecRunner.runFeature(BaseSpecRunner.java:175) [spock-core-0.7-groovy-2.0.jar:na]
	at org.spockframework.runtime.BaseSpecRunner.runFeatures(BaseSpecRunner.java:152) [spock-core-0.7-groovy-2.0.jar:na]
	at org.spockframework.runtime.BaseSpecRunner.doRunSpec(BaseSpecRunner.java:112) [spock-core-0.7-groovy-2.0.jar:na]
	at sun.reflect.GeneratedMethodAccessor11.invoke(Unknown Source) ~[na:na]
	at sun.reflect.DelegatingMethodAccessorImpl.invoke(DelegatingMethodAccessorImpl.java:25) ~[na:1.6.0_38]
	at java.lang.reflect.Method.invoke(Method.java:597) ~[na:1.6.0_38]
	at org.spockframework.util.ReflectionUtil.invokeMethod(ReflectionUtil.java:138) [spock-core-0.7-groovy-2.0.jar:na]
	at org.spockframework.runtime.BaseSpecRunner.invokeRaw(BaseSpecRunner.java:330) [spock-core-0.7-groovy-2.0.jar:na]
	at org.spockframework.runtime.BaseSpecRunner.invoke(BaseSpecRunner.java:311) [spock-core-0.7-groovy-2.0.jar:na]
	at org.spockframework.runtime.BaseSpecRunner.runSpec(BaseSpecRunner.java:91) [spock-core-0.7-groovy-2.0.jar:na]
	at org.spockframework.runtime.BaseSpecRunner.run(BaseSpecRunner.java:82) [spock-core-0.7-groovy-2.0.jar:na]
	at org.spockframework.runtime.Sputnik.run(Sputnik.java:63) [spock-core-0.7-groovy-2.0.jar:na]
	at org.apache.maven.surefire.junit4.JUnit4TestSet.execute(JUnit4TestSet.java:53) [surefire-junit4-2.10.jar:2.10]
	at org.apache.maven.surefire.junit4.JUnit4Provider.executeTestSet(JUnit4Provider.java:123) [surefire-junit4-2.10.jar:2.10]
	at org.apache.maven.surefire.junit4.JUnit4Provider.invoke(JUnit4Provider.java:104) [surefire-junit4-2.10.jar:2.10]
	at sun.reflect.NativeMethodAccessorImpl.invoke0(Native Method) ~[na:1.6.0_38]
	at sun.reflect.NativeMethodAccessorImpl.invoke(NativeMethodAccessorImpl.java:39) ~[na:1.6.0_38]
	at sun.reflect.DelegatingMethodAccessorImpl.invoke(DelegatingMethodAccessorImpl.java:25) ~[na:1.6.0_38]
	at java.lang.reflect.Method.invoke(Method.java:597) ~[na:1.6.0_38]
	at org.apache.maven.surefire.util.ReflectionUtils.invokeMethodWithArray(ReflectionUtils.java:164) [surefire-api-2.10.jar:2.10]
	at org.apache.maven.surefire.booter.ProviderFactory$ProviderProxy.invoke(ProviderFactory.java:110) [surefire-booter-2.10.jar:2.10]
	at org.apache.maven.surefire.booter.SurefireStarter.invokeProvider(SurefireStarter.java:175) [surefire-booter-2.10.jar:2.10]
	at org.apache.maven.surefire.booter.SurefireStarter.runSuitesInProcessWhenForked(SurefireStarter.java:107) [surefire-booter-2.10.jar:2.10]
	at org.apache.maven.surefire.booter.ForkedBooter.main(ForkedBooter.java:68) [surefire-booter-2.10.jar:2.10]
22:05:09.829 [main] WARN  o.s.c.a.CommonAnnotationBeanPostProcessor - Invocation of destroy method failed on bean with name &apos;accountOnetimeSyncJob&apos;: com.rackspace.search.exception.NotFoundException: Index is missing
22:05:10.044 [main] ERROR c.r.s.e.client.ElasticSearchClient - Index is missing
org.elasticsearch.indices.IndexMissingException: [admin] missing
	at org.elasticsearch.cluster.metadata.MetaData.concreteIndex(MetaData.java:616) ~[elasticsearch-0.90.2.jar:na]
	at org.elasticsearch.action.get.TransportGetAction.resolveRequest(TransportGetAction.java:90) ~[elasticsearch-0.90.2.jar:na]
	at org.elasticsearch.action.get.TransportGetAction.resolveRequest(TransportGetAction.java:42) ~[elasticsearch-0.90.2.jar:na]
	at org.elasticsearch.action.support.single.shard.TransportShardSingleOperationAction$AsyncSingleAction.&lt;init&gt;(TransportShardSingleOperationAction.java:114) ~[elasticsearch-0.90.2.jar:na]
	at org.elasticsearch.action.support.single.shard.TransportShardSingleOperationAction$AsyncSingleAction.&lt;init&gt;(TransportShardSingleOperationAction.java:94) ~[elasticsearch-0.90.2.jar:na]
	at org.elasticsearch.action.support.single.shard.TransportShardSingleOperationAction.doExecute(TransportShardSingleOperationAction.java:71) ~[elasticsearch-0.90.2.jar:na]
	at org.elasticsearch.action.support.single.shard.TransportShardSingleOperationAction.doExecute(TransportShardSingleOperationAction.java:46) ~[elasticsearch-0.90.2.jar:na]
	at org.elasticsearch.action.support.TransportAction.execute(TransportAction.java:61) ~[elasticsearch-0.90.2.jar:na]
	at org.elasticsearch.client.node.NodeClient.execute(NodeClient.java:92) ~[elasticsearch-0.90.2.jar:na]
	at org.elasticsearch.client.support.AbstractClient.get(AbstractClient.java:179) ~[elasticsearch-0.90.2.jar:na]
	at org.elasticsearch.action.get.GetRequestBuilder.doExecute(GetRequestBuilder.java:112) ~[elasticsearch-0.90.2.jar:na]
	at org.elasticsearch.action.ActionRequestBuilder.execute(ActionRequestBuilder.java:62) ~[elasticsearch-0.90.2.jar:na]
	at org.elasticsearch.action.ActionRequestBuilder.execute(ActionRequestBuilder.java:57) ~[elasticsearch-0.90.2.jar:na]
	at org.elasticsearch.action.ActionRequestBuilder$execute.call(Unknown Source) ~[na:na]
	at com.rackspace.search.elasticsearch.client.ElasticSearchClient.getDocument(ElasticSearchClient.groovy:209) ~[classes/:na]
	at com.rackspace.search.elasticsearch.client.ElasticSearchClient$getDocument.call(Unknown Source) [classes/:na]
	at com.rackspace.search.service.JobService.getJob(JobService.groovy:56) [classes/:na]
	at com.rackspace.search.service.JobService$getJob$0.callCurrent(Unknown Source) [classes/:na]
	at com.rackspace.search.service.JobService.getJob(JobService.groovy:52) [classes/:na]
	at com.rackspace.search.service.JobService$getJob.call(Unknown Source) [classes/:na]
	at com.rackspace.search.service.core.CoreTicketOngoingSyncJob.windupActivities(CoreTicketOnGoingSyncJob.groovy:82) [classes/:na]
	at sun.reflect.NativeMethodAccessorImpl.invoke0(Native Method) ~[na:1.6.0_38]
	at sun.reflect.NativeMethodAccessorImpl.invoke(NativeMethodAccessorImpl.java:39) ~[na:1.6.0_38]
	at sun.reflect.DelegatingMethodAccessorImpl.invoke(DelegatingMethodAccessorImpl.java:25) ~[na:1.6.0_38]
	at java.lang.reflect.Method.invoke(Method.java:597) ~[na:1.6.0_38]
	at org.springframework.beans.factory.annotation.InitDestroyAnnotationBeanPostProcessor$LifecycleElement.invoke(InitDestroyAnnotationBeanPostProcessor.java:340) [spring-beans-3.0.6.RELEASE.jar:3.0.6.RELEASE]
	at org.springframework.beans.factory.annotation.InitDestroyAnnotationBeanPostProcessor$LifecycleMetadata.invokeDestroyMethods(InitDestroyAnnotationBeanPostProcessor.java:305) [spring-beans-3.0.6.RELEASE.jar:3.0.6.RELEASE]
	at org.springframework.beans.factory.annotation.InitDestroyAnnotationBeanPostProcessor.postProcessBeforeDestruction(InitDestroyAnnotationBeanPostProcessor.java:148) [spring-beans-3.0.6.RELEASE.jar:3.0.6.RELEASE]
	at org.springframework.beans.factory.support.DisposableBeanAdapter.destroy(DisposableBeanAdapter.java:166) [spring-beans-3.0.6.RELEASE.jar:3.0.6.RELEASE]
	at org.springframework.beans.factory.support.DefaultSingletonBeanRegistry.destroyBean(DefaultSingletonBeanRegistry.java:487) [spring-beans-3.0.6.RELEASE.jar:3.0.6.RELEASE]
	at org.springframework.beans.factory.support.DefaultSingletonBeanRegistry.destroySingleton(DefaultSingletonBeanRegistry.java:463) [spring-beans-3.0.6.RELEASE.jar:3.0.6.RELEASE]
	at org.springframework.beans.factory.support.DefaultSingletonBeanRegistry.destroySingletons(DefaultSingletonBeanRegistry.java:431) [spring-beans-3.0.6.RELEASE.jar:3.0.6.RELEASE]
	at org.springframework.context.support.AbstractApplicationContext.destroyBeans(AbstractApplicationContext.java:1048) [spring-context-3.0.6.RELEASE.jar:3.0.6.RELEASE]
	at org.springframework.context.support.AbstractApplicationContext.refresh(AbstractApplicationContext.java:433) [spring-context-3.0.6.RELEASE.jar:3.0.6.RELEASE]
	at org.springframework.test.context.support.AbstractGenericContextLoader.loadContext(AbstractGenericContextLoader.java:84) [spring-test-3.0.6.RELEASE.jar:3.0.6.RELEASE]
	at org.springframework.test.context.support.AbstractGenericContextLoader.loadContext(AbstractGenericContextLoader.java:1) [spring-test-3.0.6.RELEASE.jar:3.0.6.RELEASE]
	at org.springframework.test.context.TestContext.loadApplicationContext(TestContext.java:280) [spring-test-3.0.6.RELEASE.jar:3.0.6.RELEASE]
	at org.springframework.test.context.TestContext.getApplicationContext(TestContext.java:304) [spring-test-3.0.6.RELEASE.jar:3.0.6.RELEASE]
	at org.springframework.test.context.support.DependencyInjectionTestExecutionListener.injectDependencies(DependencyInjectionTestExecutionListener.java:109) [spring-test-3.0.6.RELEASE.jar:3.0.6.RELEASE]
	at org.springframework.test.context.support.DependencyInjectionTestExecutionListener.prepareTestInstance(DependencyInjectionTestExecutionListener.java:75) [spring-test-3.0.6.RELEASE.jar:3.0.6.RELEASE]
	at org.springframework.test.context.TestContextManager.prepareTestInstance(TestContextManager.java:321) [spring-test-3.0.6.RELEASE.jar:3.0.6.RELEASE]
	at org.spockframework.spring.SpringTestContextManager.prepareTestInstance(SpringTestContextManager.java:49) [spock-spring-0.7-groovy-2.0.jar:na]
	at org.spockframework.spring.SpringInterceptor.interceptSetupMethod(SpringInterceptor.java:42) [spock-spring-0.7-groovy-2.0.jar:na]
	at org.spockframework.runtime.extension.AbstractMethodInterceptor.intercept(AbstractMethodInterceptor.java:28) [spock-core-0.7-groovy-2.0.jar:na]
	at org.spockframework.runtime.extension.MethodInvocation.proceed(MethodInvocation.java:84) [spock-core-0.7-groovy-2.0.jar:na]
	at org.spockframework.runtime.BaseSpecRunner.invoke(BaseSpecRunner.java:319) [spock-core-0.7-groovy-2.0.jar:na]
	at org.spockframework.runtime.BaseSpecRunner.invokeSetup(BaseSpecRunner.java:279) [spock-core-0.7-groovy-2.0.jar:na]
	at org.spockframework.runtime.BaseSpecRunner.doRunIteration(BaseSpecRunner.java:255) [spock-core-0.7-groovy-2.0.jar:na]
	at sun.reflect.GeneratedMethodAccessor5.invoke(Unknown Source) ~[na:na]
	at sun.reflect.DelegatingMethodAccessorImpl.invoke(DelegatingMethodAccessorImpl.java:25) ~[na:1.6.0_38]
	at java.lang.reflect.Method.invoke(Method.java:597) ~[na:1.6.0_38]
	at org.spockframework.util.ReflectionUtil.invokeMethod(ReflectionUtil.java:138) [spock-core-0.7-groovy-2.0.jar:na]
	at org.spockframework.runtime.BaseSpecRunner.invokeRaw(BaseSpecRunner.java:330) [spock-core-0.7-groovy-2.0.jar:na]
	at org.spockframework.runtime.BaseSpecRunner.invoke(BaseSpecRunner.java:311) [spock-core-0.7-groovy-2.0.jar:na]
	at org.spockframework.runtime.BaseSpecRunner.runIteration(BaseSpecRunner.java:223) [spock-core-0.7-groovy-2.0.jar:na]
	at org.spockframework.runtime.BaseSpecRunner.initializeAndRunIteration(BaseSpecRunner.java:214) [spock-core-0.7-groovy-2.0.jar:na]
	at org.spockframework.runtime.BaseSpecRunner.runSimpleFeature(BaseSpecRunner.java:205) [spock-core-0.7-groovy-2.0.jar:na]
	at org.spockframework.runtime.BaseSpecRunner.doRunFeature(BaseSpecRunner.java:199) [spock-core-0.7-groovy-2.0.jar:na]
	at sun.reflect.GeneratedMethodAccessor7.invoke(Unknown Source) ~[na:na]
	at sun.reflect.DelegatingMethodAccessorImpl.invoke(DelegatingMethodAccessorImpl.java:25) ~[na:1.6.0_38]
	at java.lang.reflect.Method.invoke(Method.java:597) ~[na:1.6.0_38]
	at org.spockframework.util.ReflectionUtil.invokeMethod(ReflectionUtil.java:138) [spock-core-0.7-groovy-2.0.jar:na]
	at org.spockframework.runtime.BaseSpecRunner.invokeRaw(BaseSpecRunner.java:330) [spock-core-0.7-groovy-2.0.jar:na]
	at org.spockframework.runtime.BaseSpecRunner.invoke(BaseSpecRunner.java:311) [spock-core-0.7-groovy-2.0.jar:na]
	at org.spockframework.runtime.BaseSpecRunner.runFeature(BaseSpecRunner.java:175) [spock-core-0.7-groovy-2.0.jar:na]
	at org.spockframework.runtime.BaseSpecRunner.runFeatures(BaseSpecRunner.java:152) [spock-core-0.7-groovy-2.0.jar:na]
	at org.spockframework.runtime.BaseSpecRunner.doRunSpec(BaseSpecRunner.java:112) [spock-core-0.7-groovy-2.0.jar:na]
	at sun.reflect.GeneratedMethodAccessor11.invoke(Unknown Source) ~[na:na]
	at sun.reflect.DelegatingMethodAccessorImpl.invoke(DelegatingMethodAccessorImpl.java:25) ~[na:1.6.0_38]
	at java.lang.reflect.Method.invoke(Method.java:597) ~[na:1.6.0_38]
	at org.spockframework.util.ReflectionUtil.invokeMethod(ReflectionUtil.java:138) [spock-core-0.7-groovy-2.0.jar:na]
	at org.spockframework.runtime.BaseSpecRunner.invokeRaw(BaseSpecRunner.java:330) [spock-core-0.7-groovy-2.0.jar:na]
	at org.spockframework.runtime.BaseSpecRunner.invoke(BaseSpecRunner.java:311) [spock-core-0.7-groovy-2.0.jar:na]
	at org.spockframework.runtime.BaseSpecRunner.runSpec(BaseSpecRunner.java:91) [spock-core-0.7-groovy-2.0.jar:na]
	at org.spockframework.runtime.BaseSpecRunner.run(BaseSpecRunner.java:82) [spock-core-0.7-groovy-2.0.jar:na]
	at org.spockframework.runtime.Sputnik.run(Sputnik.java:63) [spock-core-0.7-groovy-2.0.jar:na]
	at org.apache.maven.surefire.junit4.JUnit4TestSet.execute(JUnit4TestSet.java:53) [surefire-junit4-2.10.jar:2.10]
	at org.apache.maven.surefire.junit4.JUnit4Provider.executeTestSet(JUnit4Provider.java:123) [surefire-junit4-2.10.jar:2.10]
	at org.apache.maven.surefire.junit4.JUnit4Provider.invoke(JUnit4Provider.java:104) [surefire-junit4-2.10.jar:2.10]
	at sun.reflect.NativeMethodAccessorImpl.invoke0(Native Method) ~[na:1.6.0_38]
	at sun.reflect.NativeMethodAccessorImpl.invoke(NativeMethodAccessorImpl.java:39) ~[na:1.6.0_38]
	at sun.reflect.DelegatingMethodAccessorImpl.invoke(DelegatingMethodAccessorImpl.java:25) ~[na:1.6.0_38]
	at java.lang.reflect.Method.invoke(Method.java:597) ~[na:1.6.0_38]
	at org.apache.maven.surefire.util.ReflectionUtils.invokeMethodWithArray(ReflectionUtils.java:164) [surefire-api-2.10.jar:2.10]
	at org.apache.maven.surefire.booter.ProviderFactory$ProviderProxy.invoke(ProviderFactory.java:110) [surefire-booter-2.10.jar:2.10]
	at org.apache.maven.surefire.booter.SurefireStarter.invokeProvider(SurefireStarter.java:175) [surefire-booter-2.10.jar:2.10]
	at org.apache.maven.surefire.booter.SurefireStarter.runSuitesInProcessWhenForked(SurefireStarter.java:107) [surefire-booter-2.10.jar:2.10]
	at org.apache.maven.surefire.booter.ForkedBooter.main(ForkedBooter.java:68) [surefire-booter-2.10.jar:2.10]
22:05:10.045 [main] WARN  o.s.c.a.CommonAnnotationBeanPostProcessor - Invocation of destroy method failed on bean with name &apos;coreTicketOngoingSyncJob&apos;: com.rackspace.search.exception.NotFoundException: Index is missing
22:05:10.049 [main] ERROR c.r.s.e.client.ElasticSearchClient - Index is missing
org.elasticsearch.indices.IndexMissingException: [admin] missing
	at org.elasticsearch.cluster.metadata.MetaData.concreteIndex(MetaData.java:616) ~[elasticsearch-0.90.2.jar:na]
	at org.elasticsearch.action.get.TransportGetAction.resolveRequest(TransportGetAction.java:90) ~[elasticsearch-0.90.2.jar:na]
	at org.elasticsearch.action.get.TransportGetAction.resolveRequest(TransportGetAction.java:42) ~[elasticsearch-0.90.2.jar:na]
	at org.elasticsearch.action.support.single.shard.TransportShardSingleOperationAction$AsyncSingleAction.&lt;init&gt;(TransportShardSingleOperationAction.java:114) ~[elasticsearch-0.90.2.jar:na]
	at org.elasticsearch.action.support.single.shard.TransportShardSingleOperationAction$AsyncSingleAction.&lt;init&gt;(TransportShardSingleOperationAction.java:94) ~[elasticsearch-0.90.2.jar:na]
	at org.elasticsearch.action.support.single.shard.TransportShardSingleOperationAction.doExecute(TransportShardSingleOperationAction.java:71) ~[elasticsearch-0.90.2.jar:na]
	at org.elasticsearch.action.support.single.shard.TransportShardSingleOperationAction.doExecute(TransportShardSingleOperationAction.java:46) ~[elasticsearch-0.90.2.jar:na]
	at org.elasticsearch.action.support.TransportAction.execute(TransportAction.java:61) ~[elasticsearch-0.90.2.jar:na]
	at org.elasticsearch.client.node.NodeClient.execute(NodeClient.java:92) ~[elasticsearch-0.90.2.jar:na]
	at org.elasticsearch.client.support.AbstractClient.get(AbstractClient.java:179) ~[elasticsearch-0.90.2.jar:na]
	at org.elasticsearch.action.get.GetRequestBuilder.doExecute(GetRequestBuilder.java:112) ~[elasticsearch-0.90.2.jar:na]
	at org.elasticsearch.action.ActionRequestBuilder.execute(ActionRequestBuilder.java:62) ~[elasticsearch-0.90.2.jar:na]
	at org.elasticsearch.action.ActionRequestBuilder.execute(ActionRequestBuilder.java:57) ~[elasticsearch-0.90.2.jar:na]
	at org.elasticsearch.action.ActionRequestBuilder$execute.call(Unknown Source) ~[na:na]
	at com.rackspace.search.elasticsearch.client.ElasticSearchClient.getDocument(ElasticSearchClient.groovy:209) ~[classes/:na]
	at com.rackspace.search.elasticsearch.client.ElasticSearchClient$getDocument.call(Unknown Source) [classes/:na]
	at com.rackspace.search.service.JobService.getJob(JobService.groovy:56) [classes/:na]
	at com.rackspace.search.service.JobService$getJob$0.callCurrent(Unknown Source) [classes/:na]
	at com.rackspace.search.service.JobService.getJob(JobService.groovy:52) [classes/:na]
	at com.rackspace.search.service.JobService$getJob.call(Unknown Source) [classes/:na]
	at com.rackspace.search.service.core.CoreTicketOnetimeSyncJob.windupActivities(CoreTicketOneTimeSyncJob.groovy:45) [classes/:na]
	at sun.reflect.NativeMethodAccessorImpl.invoke0(Native Method) ~[na:1.6.0_38]
	at sun.reflect.NativeMethodAccessorImpl.invoke(NativeMethodAccessorImpl.java:39) ~[na:1.6.0_38]
	at sun.reflect.DelegatingMethodAccessorImpl.invoke(DelegatingMethodAccessorImpl.java:25) ~[na:1.6.0_38]
	at java.lang.reflect.Method.invoke(Method.java:597) ~[na:1.6.0_38]
	at org.springframework.beans.factory.annotation.InitDestroyAnnotationBeanPostProcessor$LifecycleElement.invoke(InitDestroyAnnotationBeanPostProcessor.java:340) [spring-beans-3.0.6.RELEASE.jar:3.0.6.RELEASE]
	at org.springframework.beans.factory.annotation.InitDestroyAnnotationBeanPostProcessor$LifecycleMetadata.invokeDestroyMethods(InitDestroyAnnotationBeanPostProcessor.java:305) [spring-beans-3.0.6.RELEASE.jar:3.0.6.RELEASE]
	at org.springframework.beans.factory.annotation.InitDestroyAnnotationBeanPostProcessor.postProcessBeforeDestruction(InitDestroyAnnotationBeanPostProcessor.java:148) [spring-beans-3.0.6.RELEASE.jar:3.0.6.RELEASE]
	at org.springframework.beans.factory.support.DisposableBeanAdapter.destroy(DisposableBeanAdapter.java:166) [spring-beans-3.0.6.RELEASE.jar:3.0.6.RELEASE]
	at org.springframework.beans.factory.support.DefaultSingletonBeanRegistry.destroyBean(DefaultSingletonBeanRegistry.java:487) [spring-beans-3.0.6.RELEASE.jar:3.0.6.RELEASE]
	at org.springframework.beans.factory.support.DefaultSingletonBeanRegistry.destroySingleton(DefaultSingletonBeanRegistry.java:463) [spring-beans-3.0.6.RELEASE.jar:3.0.6.RELEASE]
	at org.springframework.beans.factory.support.DefaultSingletonBeanRegistry.destroySingletons(DefaultSingletonBeanRegistry.java:431) [spring-beans-3.0.6.RELEASE.jar:3.0.6.RELEASE]
	at org.springframework.context.support.AbstractApplicationContext.destroyBeans(AbstractApplicationContext.java:1048) [spring-context-3.0.6.RELEASE.jar:3.0.6.RELEASE]
	at org.springframework.context.support.AbstractApplicationContext.refresh(AbstractApplicationContext.java:433) [spring-context-3.0.6.RELEASE.jar:3.0.6.RELEASE]
	at org.springframework.test.context.support.AbstractGenericContextLoader.loadContext(AbstractGenericContextLoader.java:84) [spring-test-3.0.6.RELEASE.jar:3.0.6.RELEASE]
	at org.springframework.test.context.support.AbstractGenericContextLoader.loadContext(AbstractGenericContextLoader.java:1) [spring-test-3.0.6.RELEASE.jar:3.0.6.RELEASE]
	at org.springframework.test.context.TestContext.loadApplicationContext(TestContext.java:280) [spring-test-3.0.6.RELEASE.jar:3.0.6.RELEASE]
	at org.springframework.test.context.TestContext.getApplicationContext(TestContext.java:304) [spring-test-3.0.6.RELEASE.jar:3.0.6.RELEASE]
	at org.springframework.test.context.support.DependencyInjectionTestExecutionListener.injectDependencies(DependencyInjectionTestExecutionListener.java:109) [spring-test-3.0.6.RELEASE.jar:3.0.6.RELEASE]
	at org.springframework.test.context.support.DependencyInjectionTestExecutionListener.prepareTestInstance(DependencyInjectionTestExecutionListener.java:75) [spring-test-3.0.6.RELEASE.jar:3.0.6.RELEASE]
	at org.springframework.test.context.TestContextManager.prepareTestInstance(TestContextManager.java:321) [spring-test-3.0.6.RELEASE.jar:3.0.6.RELEASE]
	at org.spockframework.spring.SpringTestContextManager.prepareTestInstance(SpringTestContextManager.java:49) [spock-spring-0.7-groovy-2.0.jar:na]
	at org.spockframework.spring.SpringInterceptor.interceptSetupMethod(SpringInterceptor.java:42) [spock-spring-0.7-groovy-2.0.jar:na]
	at org.spockframework.runtime.extension.AbstractMethodInterceptor.intercept(AbstractMethodInterceptor.java:28) [spock-core-0.7-groovy-2.0.jar:na]
	at org.spockframework.runtime.extension.MethodInvocation.proceed(MethodInvocation.java:84) [spock-core-0.7-groovy-2.0.jar:na]
	at org.spockframework.runtime.BaseSpecRunner.invoke(BaseSpecRunner.java:319) [spock-core-0.7-groovy-2.0.jar:na]
	at org.spockframework.runtime.BaseSpecRunner.invokeSetup(BaseSpecRunner.java:279) [spock-core-0.7-groovy-2.0.jar:na]
	at org.spockframework.runtime.BaseSpecRunner.doRunIteration(BaseSpecRunner.java:255) [spock-core-0.7-groovy-2.0.jar:na]
	at sun.reflect.GeneratedMethodAccessor5.invoke(Unknown Source) ~[na:na]
	at sun.reflect.DelegatingMethodAccessorImpl.invoke(DelegatingMethodAccessorImpl.java:25) ~[na:1.6.0_38]
	at java.lang.reflect.Method.invoke(Method.java:597) ~[na:1.6.0_38]
	at org.spockframework.util.ReflectionUtil.invokeMethod(ReflectionUtil.java:138) [spock-core-0.7-groovy-2.0.jar:na]
	at org.spockframework.runtime.BaseSpecRunner.invokeRaw(BaseSpecRunner.java:330) [spock-core-0.7-groovy-2.0.jar:na]
	at org.spockframework.runtime.BaseSpecRunner.invoke(BaseSpecRunner.java:311) [spock-core-0.7-groovy-2.0.jar:na]
	at org.spockframework.runtime.BaseSpecRunner.runIteration(BaseSpecRunner.java:223) [spock-core-0.7-groovy-2.0.jar:na]
	at org.spockframework.runtime.BaseSpecRunner.initializeAndRunIteration(BaseSpecRunner.java:214) [spock-core-0.7-groovy-2.0.jar:na]
	at org.spockframework.runtime.BaseSpecRunner.runSimpleFeature(BaseSpecRunner.java:205) [spock-core-0.7-groovy-2.0.jar:na]
	at org.spockframework.runtime.BaseSpecRunner.doRunFeature(BaseSpecRunner.java:199) [spock-core-0.7-groovy-2.0.jar:na]
	at sun.reflect.GeneratedMethodAccessor7.invoke(Unknown Source) ~[na:na]
	at sun.reflect.DelegatingMethodAccessorImpl.invoke(DelegatingMethodAccessorImpl.java:25) ~[na:1.6.0_38]
	at java.lang.reflect.Method.invoke(Method.java:597) ~[na:1.6.0_38]
	at org.spockframework.util.ReflectionUtil.invokeMethod(ReflectionUtil.java:138) [spock-core-0.7-groovy-2.0.jar:na]
	at org.spockframework.runtime.BaseSpecRunner.invokeRaw(BaseSpecRunner.java:330) [spock-core-0.7-groovy-2.0.jar:na]
	at org.spockframework.runtime.BaseSpecRunner.invoke(BaseSpecRunner.java:311) [spock-core-0.7-groovy-2.0.jar:na]
	at org.spockframework.runtime.BaseSpecRunner.runFeature(BaseSpecRunner.java:175) [spock-core-0.7-groovy-2.0.jar:na]
	at org.spockframework.runtime.BaseSpecRunner.runFeatures(BaseSpecRunner.java:152) [spock-core-0.7-groovy-2.0.jar:na]
	at org.spockframework.runtime.BaseSpecRunner.doRunSpec(BaseSpecRunner.java:112) [spock-core-0.7-groovy-2.0.jar:na]
	at sun.reflect.GeneratedMethodAccessor11.invoke(Unknown Source) ~[na:na]
	at sun.reflect.DelegatingMethodAccessorImpl.invoke(DelegatingMethodAccessorImpl.java:25) ~[na:1.6.0_38]
	at java.lang.reflect.Method.invoke(Method.java:597) ~[na:1.6.0_38]
	at org.spockframework.util.ReflectionUtil.invokeMethod(ReflectionUtil.java:138) [spock-core-0.7-groovy-2.0.jar:na]
	at org.spockframework.runtime.BaseSpecRunner.invokeRaw(BaseSpecRunner.java:330) [spock-core-0.7-groovy-2.0.jar:na]
	at org.spockframework.runtime.BaseSpecRunner.invoke(BaseSpecRunner.java:311) [spock-core-0.7-groovy-2.0.jar:na]
	at org.spockframework.runtime.BaseSpecRunner.runSpec(BaseSpecRunner.java:91) [spock-core-0.7-groovy-2.0.jar:na]
	at org.spockframework.runtime.BaseSpecRunner.run(BaseSpecRunner.java:82) [spock-core-0.7-groovy-2.0.jar:na]
	at org.spockframework.runtime.Sputnik.run(Sputnik.java:63) [spock-core-0.7-groovy-2.0.jar:na]
	at org.apache.maven.surefire.junit4.JUnit4TestSet.execute(JUnit4TestSet.java:53) [surefire-junit4-2.10.jar:2.10]
	at org.apache.maven.surefire.junit4.JUnit4Provider.executeTestSet(JUnit4Provider.java:123) [surefire-junit4-2.10.jar:2.10]
	at org.apache.maven.surefire.junit4.JUnit4Provider.invoke(JUnit4Provider.java:104) [surefire-junit4-2.10.jar:2.10]
	at sun.reflect.NativeMethodAccessorImpl.invoke0(Native Method) ~[na:1.6.0_38]
	at sun.reflect.NativeMethodAccessorImpl.invoke(NativeMethodAccessorImpl.java:39) ~[na:1.6.0_38]
	at sun.reflect.DelegatingMethodAccessorImpl.invoke(DelegatingMethodAccessorImpl.java:25) ~[na:1.6.0_38]
	at java.lang.reflect.Method.invoke(Method.java:597) ~[na:1.6.0_38]
	at org.apache.maven.surefire.util.ReflectionUtils.invokeMethodWithArray(ReflectionUtils.java:164) [surefire-api-2.10.jar:2.10]
	at org.apache.maven.surefire.booter.ProviderFactory$ProviderProxy.invoke(ProviderFactory.java:110) [surefire-booter-2.10.jar:2.10]
	at org.apache.maven.surefire.booter.SurefireStarter.invokeProvider(SurefireStarter.java:175) [surefire-booter-2.10.jar:2.10]
	at org.apache.maven.surefire.booter.SurefireStarter.runSuitesInProcessWhenForked(SurefireStarter.java:107) [surefire-booter-2.10.jar:2.10]
	at org.apache.maven.surefire.booter.ForkedBooter.main(ForkedBooter.java:68) [surefire-booter-2.10.jar:2.10]
22:05:10.050 [main] WARN  o.s.c.a.CommonAnnotationBeanPostProcessor - Invocation of destroy method failed on bean with name &apos;coreTicketOnetimeSyncJob&apos;: com.rackspace.search.exception.NotFoundException: Index is missing
22:05:10.051 [main] INFO  org.elasticsearch.node - [ticket.node] {0.90.2}[25471]: stopping ...
22:05:10.062 [main] INFO  org.elasticsearch.node - [ticket.node] {0.90.2}[25471]: stopped
22:05:10.062 [main] INFO  org.elasticsearch.node - [ticket.node] {0.90.2}[25471]: closing ...
22:05:10.066 [main] INFO  org.elasticsearch.node - [ticket.node] {0.90.2}[25471]: closed
22:05:10.224 [main] ERROR o.s.test.context.TestContextManager - Caught exception while allowing TestExecutionListener [org.springframework.test.context.support.DependencyInjectionTestExecutionListener@4459116] to prepare test instance [com.rackspace.search.elasticsearch.client.ElasticSearchClientTest@73383d8a]
java.lang.IllegalStateException: Failed to load ApplicationContext
	at org.springframework.test.context.TestContext.getApplicationContext(TestContext.java:308) ~[spring-test-3.0.6.RELEASE.jar:3.0.6.RELEASE]
	at org.springframework.test.context.support.DependencyInjectionTestExecutionListener.injectDependencies(DependencyInjectionTestExecutionListener.java:109) ~[spring-test-3.0.6.RELEASE.jar:3.0.6.RELEASE]
	at org.springframework.test.context.support.DependencyInjectionTestExecutionListener.prepareTestInstance(DependencyInjectionTestExecutionListener.java:75) ~[spring-test-3.0.6.RELEASE.jar:3.0.6.RELEASE]
	at org.springframework.test.context.TestContextManager.prepareTestInstance(TestContextManager.java:321) ~[spring-test-3.0.6.RELEASE.jar:3.0.6.RELEASE]
	at org.spockframework.spring.SpringTestContextManager.prepareTestInstance(SpringTestContextManager.java:49) [spock-spring-0.7-groovy-2.0.jar:na]
	at org.spockframework.spring.SpringInterceptor.interceptSetupMethod(SpringInterceptor.java:42) [spock-spring-0.7-groovy-2.0.jar:na]
	at org.spockframework.runtime.extension.AbstractMethodInterceptor.intercept(AbstractMethodInterceptor.java:28) [spock-core-0.7-groovy-2.0.jar:na]
	at org.spockframework.runtime.extension.MethodInvocation.proceed(MethodInvocation.java:84) [spock-core-0.7-groovy-2.0.jar:na]
	at org.spockframework.runtime.BaseSpecRunner.invoke(BaseSpecRunner.java:319) [spock-core-0.7-groovy-2.0.jar:na]
	at org.spockframework.runtime.BaseSpecRunner.invokeSetup(BaseSpecRunner.java:279) [spock-core-0.7-groovy-2.0.jar:na]
	at org.spockframework.runtime.BaseSpecRunner.doRunIteration(BaseSpecRunner.java:255) [spock-core-0.7-groovy-2.0.jar:na]
	at sun.reflect.GeneratedMethodAccessor5.invoke(Unknown Source) ~[na:na]
	at sun.reflect.DelegatingMethodAccessorImpl.invoke(DelegatingMethodAccessorImpl.java:25) ~[na:1.6.0_38]
	at java.lang.reflect.Method.invoke(Method.java:597) ~[na:1.6.0_38]
	at org.spockframework.util.ReflectionUtil.invokeMethod(ReflectionUtil.java:138) [spock-core-0.7-groovy-2.0.jar:na]
	at org.spockframework.runtime.BaseSpecRunner.invokeRaw(BaseSpecRunner.java:330) [spock-core-0.7-groovy-2.0.jar:na]
	at org.spockframework.runtime.BaseSpecRunner.invoke(BaseSpecRunner.java:311) [spock-core-0.7-groovy-2.0.jar:na]
	at org.spockframework.runtime.BaseSpecRunner.runIteration(BaseSpecRunner.java:223) [spock-core-0.7-groovy-2.0.jar:na]
	at org.spockframework.runtime.BaseSpecRunner.initializeAndRunIteration(BaseSpecRunner.java:214) [spock-core-0.7-groovy-2.0.jar:na]
	at org.spockframework.runtime.BaseSpecRunner.runSimpleFeature(BaseSpecRunner.java:205) [spock-core-0.7-groovy-2.0.jar:na]
	at org.spockframework.runtime.BaseSpecRunner.doRunFeature(BaseSpecRunner.java:199) [spock-core-0.7-groovy-2.0.jar:na]
	at sun.reflect.GeneratedMethodAccessor7.invoke(Unknown Source) ~[na:na]
	at sun.reflect.DelegatingMethodAccessorImpl.invoke(DelegatingMethodAccessorImpl.java:25) ~[na:1.6.0_38]
	at java.lang.reflect.Method.invoke(Method.java:597) ~[na:1.6.0_38]
	at org.spockframework.util.ReflectionUtil.invokeMethod(ReflectionUtil.java:138) [spock-core-0.7-groovy-2.0.jar:na]
	at org.spockframework.runtime.BaseSpecRunner.invokeRaw(BaseSpecRunner.java:330) [spock-core-0.7-groovy-2.0.jar:na]
	at org.spockframework.runtime.BaseSpecRunner.invoke(BaseSpecRunner.java:311) [spock-core-0.7-groovy-2.0.jar:na]
	at org.spockframework.runtime.BaseSpecRunner.runFeature(BaseSpecRunner.java:175) [spock-core-0.7-groovy-2.0.jar:na]
	at org.spockframework.runtime.BaseSpecRunner.runFeatures(BaseSpecRunner.java:152) [spock-core-0.7-groovy-2.0.jar:na]
	at org.spockframework.runtime.BaseSpecRunner.doRunSpec(BaseSpecRunner.java:112) [spock-core-0.7-groovy-2.0.jar:na]
	at sun.reflect.GeneratedMethodAccessor11.invoke(Unknown Source) ~[na:na]
	at sun.reflect.DelegatingMethodAccessorImpl.invoke(DelegatingMethodAccessorImpl.java:25) ~[na:1.6.0_38]
	at java.lang.reflect.Method.invoke(Method.java:597) ~[na:1.6.0_38]
	at org.spockframework.util.ReflectionUtil.invokeMethod(ReflectionUtil.java:138) [spock-core-0.7-groovy-2.0.jar:na]
	at org.spockframework.runtime.BaseSpecRunner.invokeRaw(BaseSpecRunner.java:330) [spock-core-0.7-groovy-2.0.jar:na]
	at org.spockframework.runtime.BaseSpecRunner.invoke(BaseSpecRunner.java:311) [spock-core-0.7-groovy-2.0.jar:na]
	at org.spockframework.runtime.BaseSpecRunner.runSpec(BaseSpecRunner.java:91) [spock-core-0.7-groovy-2.0.jar:na]
	at org.spockframework.runtime.BaseSpecRunner.run(BaseSpecRunner.java:82) [spock-core-0.7-groovy-2.0.jar:na]
	at org.spockframework.runtime.Sputnik.run(Sputnik.java:63) [spock-core-0.7-groovy-2.0.jar:na]
	at org.apache.maven.surefire.junit4.JUnit4TestSet.execute(JUnit4TestSet.java:53) [surefire-junit4-2.10.jar:2.10]
	at org.apache.maven.surefire.junit4.JUnit4Provider.executeTestSet(JUnit4Provider.java:123) [surefire-junit4-2.10.jar:2.10]
	at org.apache.maven.surefire.junit4.JUnit4Provider.invoke(JUnit4Provider.java:104) [surefire-junit4-2.10.jar:2.10]
	at sun.reflect.NativeMethodAccessorImpl.invoke0(Native Method) ~[na:1.6.0_38]
	at sun.reflect.NativeMethodAccessorImpl.invoke(NativeMethodAccessorImpl.java:39) ~[na:1.6.0_38]
	at sun.reflect.DelegatingMethodAccessorImpl.invoke(DelegatingMethodAccessorImpl.java:25) ~[na:1.6.0_38]
	at java.lang.reflect.Method.invoke(Method.java:597) ~[na:1.6.0_38]
	at org.apache.maven.surefire.util.ReflectionUtils.invokeMethodWithArray(ReflectionUtils.java:164) [surefire-api-2.10.jar:2.10]
	at org.apache.maven.surefire.booter.ProviderFactory$ProviderProxy.invoke(ProviderFactory.java:110) [surefire-booter-2.10.jar:2.10]
	at org.apache.maven.surefire.booter.SurefireStarter.invokeProvider(SurefireStarter.java:175) [surefire-booter-2.10.jar:2.10]
	at org.apache.maven.surefire.booter.SurefireStarter.runSuitesInProcessWhenForked(SurefireStarter.java:107) [surefire-booter-2.10.jar:2.10]
	at org.apache.maven.surefire.booter.ForkedBooter.main(ForkedBooter.java:68) [surefire-booter-2.10.jar:2.10]
Caused by: org.springframework.beans.factory.BeanCreationException: Error creating bean with name &apos;jobResource&apos;: Injection of autowired dependencies failed; nested exception is org.springframework.beans.factory.BeanCreationException: Could not autowire field: private com.rackspace.search.service.zendesk.ZendeskTicketOngoingSyncJob com.rackspace.search.endpoint.JobResource.zendeskTicketOngoingSyncJob; nested exception is org.springframework.beans.factory.BeanCreationException: Error creating bean with name &apos;zendeskTicketOngoingSyncJob&apos;: Injection of autowired dependencies failed; nested exception is org.springframework.beans.factory.BeanCreationException: Could not autowire field: private com.rackspace.search.service.zendesk.ZendeskTicketOngoingSyncActor com.rackspace.search.service.zendesk.ZendeskTicketOngoingSyncJob.ticketActor; nested exception is org.springframework.beans.factory.BeanCreationException: Error creating bean with name &apos;zendeskTicketOngoingSyncActor&apos;: Injection of autowired dependencies failed; nested exception is org.springframework.beans.factory.BeanCreationException: Could not autowire field: private com.rackspace.search.service.zendesk.ZendeskTicketProcessor com.rackspace.search.service.zendesk.ZendeskTicketOngoingSyncActor.zendeskTicketProcessor; nested exception is org.springframework.beans.factory.BeanCreationException: Error creating bean with name &apos;zendeskTicketProcessor&apos;: Injection of autowired dependencies failed; nested exception is org.springframework.beans.factory.BeanCreationException: Could not autowire field: private java.lang.Object com.rackspace.search.service.zendesk.ZendeskTicketProcessor.zendeskIndexName; nested exception is java.lang.IllegalArgumentException: Could not resolve placeholder &apos;zendesk.index.name&apos;
	at org.springframework.beans.factory.annotation.AutowiredAnnotationBeanPostProcessor.postProcessPropertyValues(AutowiredAnnotationBeanPostProcessor.java:288) ~[spring-beans-3.0.6.RELEASE.jar:3.0.6.RELEASE]
	at org.springframework.beans.factory.support.AbstractAutowireCapableBeanFactory.populateBean(AbstractAutowireCapableBeanFactory.java:1074) ~[spring-beans-3.0.6.RELEASE.jar:3.0.6.RELEASE]
	at org.springframework.beans.factory.support.AbstractAutowireCapableBeanFactory.doCreateBean(AbstractAutowireCapableBeanFactory.java:517) ~[spring-beans-3.0.6.RELEASE.jar:3.0.6.RELEASE]
	at org.springframework.beans.factory.support.AbstractAutowireCapableBeanFactory.createBean(AbstractAutowireCapableBeanFactory.java:456) ~[spring-beans-3.0.6.RELEASE.jar:3.0.6.RELEASE]
	at org.springframework.beans.factory.support.AbstractBeanFactory$1.getObject(AbstractBeanFactory.java:293) ~[spring-beans-3.0.6.RELEASE.jar:3.0.6.RELEASE]
	at org.springframework.beans.factory.support.DefaultSingletonBeanRegistry.getSingleton(DefaultSingletonBeanRegistry.java:222) ~[spring-beans-3.0.6.RELEASE.jar:3.0.6.RELEASE]
	at org.springframework.beans.factory.support.AbstractBeanFactory.doGetBean(AbstractBeanFactory.java:290) ~[spring-beans-3.0.6.RELEASE.jar:3.0.6.RELEASE]
	at org.springframework.beans.factory.support.AbstractBeanFactory.getBean(AbstractBeanFactory.java:192) ~[spring-beans-3.0.6.RELEASE.jar:3.0.6.RELEASE]
	at org.springframework.beans.factory.support.DefaultListableBeanFactory.preInstantiateSingletons(DefaultListableBeanFactory.java:585) ~[spring-beans-3.0.6.RELEASE.jar:3.0.6.RELEASE]
	at org.springframework.context.support.AbstractApplicationContext.finishBeanFactoryInitialization(AbstractApplicationContext.java:895) ~[spring-context-3.0.6.RELEASE.jar:3.0.6.RELEASE]
	at org.springframework.context.support.AbstractApplicationContext.refresh(AbstractApplicationContext.java:425) ~[spring-context-3.0.6.RELEASE.jar:3.0.6.RELEASE]
	at org.springframework.test.context.support.AbstractGenericContextLoader.loadContext(AbstractGenericContextLoader.java:84) ~[spring-test-3.0.6.RELEASE.jar:3.0.6.RELEASE]
	at org.springframework.test.context.support.AbstractGenericContextLoader.loadContext(AbstractGenericContextLoader.java:1) ~[spring-test-3.0.6.RELEASE.jar:3.0.6.RELEASE]
	at org.springframework.test.context.TestContext.loadApplicationContext(TestContext.java:280) ~[spring-test-3.0.6.RELEASE.jar:3.0.6.RELEASE]
	at org.springframework.test.context.TestContext.getApplicationContext(TestContext.java:304) ~[spring-test-3.0.6.RELEASE.jar:3.0.6.RELEASE]
	... 50 common frames omitted
Caused by: org.springframework.beans.factory.BeanCreationException: Could not autowire field: private com.rackspace.search.service.zendesk.ZendeskTicketOngoingSyncJob com.rackspace.search.endpoint.JobResource.zendeskTicketOngoingSyncJob; nested exception is org.springframework.beans.factory.BeanCreationException: Error creating bean with name &apos;zendeskTicketOngoingSyncJob&apos;: Injection of autowired dependencies failed; nested exception is org.springframework.beans.factory.BeanCreationException: Could not autowire field: private com.rackspace.search.service.zendesk.ZendeskTicketOngoingSyncActor com.rackspace.search.service.zendesk.ZendeskTicketOngoingSyncJob.ticketActor; nested exception is org.springframework.beans.factory.BeanCreationException: Error creating bean with name &apos;zendeskTicketOngoingSyncActor&apos;: Injection of autowired dependencies failed; nested exception is org.springframework.beans.factory.BeanCreationException: Could not autowire field: private com.rackspace.search.service.zendesk.ZendeskTicketProcessor com.rackspace.search.service.zendesk.ZendeskTicketOngoingSyncActor.zendeskTicketProcessor; nested exception is org.springframework.beans.factory.BeanCreationException: Error creating bean with name &apos;zendeskTicketProcessor&apos;: Injection of autowired dependencies failed; nested exception is org.springframework.beans.factory.BeanCreationException: Could not autowire field: private java.lang.Object com.rackspace.search.service.zendesk.ZendeskTicketProcessor.zendeskIndexName; nested exception is java.lang.IllegalArgumentException: Could not resolve placeholder &apos;zendesk.index.name&apos;
	at org.springframework.beans.factory.annotation.AutowiredAnnotationBeanPostProcessor$AutowiredFieldElement.inject(AutowiredAnnotationBeanPostProcessor.java:508) ~[spring-beans-3.0.6.RELEASE.jar:3.0.6.RELEASE]
	at org.springframework.beans.factory.annotation.InjectionMetadata.inject(InjectionMetadata.java:84) ~[spring-beans-3.0.6.RELEASE.jar:3.0.6.RELEASE]
	at org.springframework.beans.factory.annotation.AutowiredAnnotationBeanPostProcessor.postProcessPropertyValues(AutowiredAnnotationBeanPostProcessor.java:285) ~[spring-beans-3.0.6.RELEASE.jar:3.0.6.RELEASE]
	... 64 common frames omitted
Caused by: org.springframework.beans.factory.BeanCreationException: Error creating bean with name &apos;zendeskTicketOngoingSyncJob&apos;: Injection of autowired dependencies failed; nested exception is org.springframework.beans.factory.BeanCreationException: Could not autowire field: private com.rackspace.search.service.zendesk.ZendeskTicketOngoingSyncActor com.rackspace.search.service.zendesk.ZendeskTicketOngoingSyncJob.ticketActor; nested exception is org.springframework.beans.factory.BeanCreationException: Error creating bean with name &apos;zendeskTicketOngoingSyncActor&apos;: Injection of autowired dependencies failed; nested exception is org.springframework.beans.factory.BeanCreationException: Could not autowire field: private com.rackspace.search.service.zendesk.ZendeskTicketProcessor com.rackspace.search.service.zendesk.ZendeskTicketOngoingSyncActor.zendeskTicketProcessor; nested exception is org.springframework.beans.factory.BeanCreationException: Error creating bean with name &apos;zendeskTicketProcessor&apos;: Injection of autowired dependencies failed; nested exception is org.springframework.beans.factory.BeanCreationException: Could not autowire field: private java.lang.Object com.rackspace.search.service.zendesk.ZendeskTicketProcessor.zendeskIndexName; nested exception is java.lang.IllegalArgumentException: Could not resolve placeholder &apos;zendesk.index.name&apos;
	at org.springframework.beans.factory.annotation.AutowiredAnnotationBeanPostProcessor.postProcessPropertyValues(AutowiredAnnotationBeanPostProcessor.java:288) ~[spring-beans-3.0.6.RELEASE.jar:3.0.6.RELEASE]
	at org.springframework.beans.factory.support.AbstractAutowireCapableBeanFactory.populateBean(AbstractAutowireCapableBeanFactory.java:1074) ~[spring-beans-3.0.6.RELEASE.jar:3.0.6.RELEASE]
	at org.springframework.beans.factory.support.AbstractAutowireCapableBeanFactory.doCreateBean(AbstractAutowireCapableBeanFactory.java:517) ~[spring-beans-3.0.6.RELEASE.jar:3.0.6.RELEASE]
	at org.springframework.beans.factory.support.AbstractAutowireCapableBeanFactory.createBean(AbstractAutowireCapableBeanFactory.java:456) ~[spring-beans-3.0.6.RELEASE.jar:3.0.6.RELEASE]
	at org.springframework.beans.factory.support.AbstractBeanFactory$1.getObject(AbstractBeanFactory.java:293) ~[spring-beans-3.0.6.RELEASE.jar:3.0.6.RELEASE]
	at org.springframework.beans.factory.support.DefaultSingletonBeanRegistry.getSingleton(DefaultSingletonBeanRegistry.java:222) ~[spring-beans-3.0.6.RELEASE.jar:3.0.6.RELEASE]
	at org.springframework.beans.factory.support.AbstractBeanFactory.doGetBean(AbstractBeanFactory.java:290) ~[spring-beans-3.0.6.RELEASE.jar:3.0.6.RELEASE]
	at org.springframework.beans.factory.support.AbstractBeanFactory.getBean(AbstractBeanFactory.java:192) ~[spring-beans-3.0.6.RELEASE.jar:3.0.6.RELEASE]
	at org.springframework.beans.factory.support.DefaultListableBeanFactory.findAutowireCandidates(DefaultListableBeanFactory.java:848) ~[spring-beans-3.0.6.RELEASE.jar:3.0.6.RELEASE]
	at org.springframework.beans.factory.support.DefaultListableBeanFactory.doResolveDependency(DefaultListableBeanFactory.java:790) ~[spring-beans-3.0.6.RELEASE.jar:3.0.6.RELEASE]
	at org.springframework.beans.factory.support.DefaultListableBeanFactory.resolveDependency(DefaultListableBeanFactory.java:707) ~[spring-beans-3.0.6.RELEASE.jar:3.0.6.RELEASE]
	at org.springframework.beans.factory.annotation.AutowiredAnnotationBeanPostProcessor$AutowiredFieldElement.inject(AutowiredAnnotationBeanPostProcessor.java:480) ~[spring-beans-3.0.6.RELEASE.jar:3.0.6.RELEASE]
	... 66 common frames omitted
Caused by: org.springframework.beans.factory.BeanCreationException: Could not autowire field: private com.rackspace.search.service.zendesk.ZendeskTicketOngoingSyncActor com.rackspace.search.service.zendesk.ZendeskTicketOngoingSyncJob.ticketActor; nested exception is org.springframework.beans.factory.BeanCreationException: Error creating bean with name &apos;zendeskTicketOngoingSyncActor&apos;: Injection of autowired dependencies failed; nested exception is org.springframework.beans.factory.BeanCreationException: Could not autowire field: private com.rackspace.search.service.zendesk.ZendeskTicketProcessor com.rackspace.search.service.zendesk.ZendeskTicketOngoingSyncActor.zendeskTicketProcessor; nested exception is org.springframework.beans.factory.BeanCreationException: Error creating bean with name &apos;zendeskTicketProcessor&apos;: Injection of autowired dependencies failed; nested exception is org.springframework.beans.factory.BeanCreationException: Could not autowire field: private java.lang.Object com.rackspace.search.service.zendesk.ZendeskTicketProcessor.zendeskIndexName; nested exception is java.lang.IllegalArgumentException: Could not resolve placeholder &apos;zendesk.index.name&apos;
	at org.springframework.beans.factory.annotation.AutowiredAnnotationBeanPostProcessor$AutowiredFieldElement.inject(AutowiredAnnotationBeanPostProcessor.java:508) ~[spring-beans-3.0.6.RELEASE.jar:3.0.6.RELEASE]
	at org.springframework.beans.factory.annotation.InjectionMetadata.inject(InjectionMetadata.java:84) ~[spring-beans-3.0.6.RELEASE.jar:3.0.6.RELEASE]
	at org.springframework.beans.factory.annotation.AutowiredAnnotationBeanPostProcessor.postProcessPropertyValues(AutowiredAnnotationBeanPostProcessor.java:285) ~[spring-beans-3.0.6.RELEASE.jar:3.0.6.RELEASE]
	... 77 common frames omitted
Caused by: org.springframework.beans.factory.BeanCreationException: Error creating bean with name &apos;zendeskTicketOngoingSyncActor&apos;: Injection of autowired dependencies failed; nested exception is org.springframework.beans.factory.BeanCreationException: Could not autowire field: private com.rackspace.search.service.zendesk.ZendeskTicketProcessor com.rackspace.search.service.zendesk.ZendeskTicketOngoingSyncActor.zendeskTicketProcessor; nested exception is org.springframework.beans.factory.BeanCreationException: Error creating bean with name &apos;zendeskTicketProcessor&apos;: Injection of autowired dependencies failed; nested exception is org.springframework.beans.factory.BeanCreationException: Could not autowire field: private java.lang.Object com.rackspace.search.service.zendesk.ZendeskTicketProcessor.zendeskIndexName; nested exception is java.lang.IllegalArgumentException: Could not resolve placeholder &apos;zendesk.index.name&apos;
	at org.springframework.beans.factory.annotation.AutowiredAnnotationBeanPostProcessor.postProcessPropertyValues(AutowiredAnnotationBeanPostProcessor.java:288) ~[spring-beans-3.0.6.RELEASE.jar:3.0.6.RELEASE]
	at org.springframework.beans.factory.support.AbstractAutowireCapableBeanFactory.populateBean(AbstractAutowireCapableBeanFactory.java:1074) ~[spring-beans-3.0.6.RELEASE.jar:3.0.6.RELEASE]
	at org.springframework.beans.factory.support.AbstractAutowireCapableBeanFactory.doCreateBean(AbstractAutowireCapableBeanFactory.java:517) ~[spring-beans-3.0.6.RELEASE.jar:3.0.6.RELEASE]
	at org.springframework.beans.factory.support.AbstractAutowireCapableBeanFactory.createBean(AbstractAutowireCapableBeanFactory.java:456) ~[spring-beans-3.0.6.RELEASE.jar:3.0.6.RELEASE]
	at org.springframework.beans.factory.support.AbstractBeanFactory$1.getObject(AbstractBeanFactory.java:293) ~[spring-beans-3.0.6.RELEASE.jar:3.0.6.RELEASE]
	at org.springframework.beans.factory.support.DefaultSingletonBeanRegistry.getSingleton(DefaultSingletonBeanRegistry.java:222) ~[spring-beans-3.0.6.RELEASE.jar:3.0.6.RELEASE]
	at org.springframework.beans.factory.support.AbstractBeanFactory.doGetBean(AbstractBeanFactory.java:290) ~[spring-beans-3.0.6.RELEASE.jar:3.0.6.RELEASE]
	at org.springframework.beans.factory.support.AbstractBeanFactory.getBean(AbstractBeanFactory.java:192) ~[spring-beans-3.0.6.RELEASE.jar:3.0.6.RELEASE]
	at org.springframework.beans.factory.support.DefaultListableBeanFactory.findAutowireCandidates(DefaultListableBeanFactory.java:848) ~[spring-beans-3.0.6.RELEASE.jar:3.0.6.RELEASE]
	at org.springframework.beans.factory.support.DefaultListableBeanFactory.doResolveDependency(DefaultListableBeanFactory.java:790) ~[spring-beans-3.0.6.RELEASE.jar:3.0.6.RELEASE]
	at org.springframework.beans.factory.support.DefaultListableBeanFactory.resolveDependency(DefaultListableBeanFactory.java:707) ~[spring-beans-3.0.6.RELEASE.jar:3.0.6.RELEASE]
	at org.springframework.beans.factory.annotation.AutowiredAnnotationBeanPostProcessor$AutowiredFieldElement.inject(AutowiredAnnotationBeanPostProcessor.java:480) ~[spring-beans-3.0.6.RELEASE.jar:3.0.6.RELEASE]
	... 79 common frames omitted
Caused by: org.springframework.beans.factory.BeanCreationException: Could not autowire field: private com.rackspace.search.service.zendesk.ZendeskTicketProcessor com.rackspace.search.service.zendesk.ZendeskTicketOngoingSyncActor.zendeskTicketProcessor; nested exception is org.springframework.beans.factory.BeanCreationException: Error creating bean with name &apos;zendeskTicketProcessor&apos;: Injection of autowired dependencies failed; nested exception is org.springframework.beans.factory.BeanCreationException: Could not autowire field: private java.lang.Object com.rackspace.search.service.zendesk.ZendeskTicketProcessor.zendeskIndexName; nested exception is java.lang.IllegalArgumentException: Could not resolve placeholder &apos;zendesk.index.name&apos;
	at org.springframework.beans.factory.annotation.AutowiredAnnotationBeanPostProcessor$AutowiredFieldElement.inject(AutowiredAnnotationBeanPostProcessor.java:508) ~[spring-beans-3.0.6.RELEASE.jar:3.0.6.RELEASE]
	at org.springframework.beans.factory.annotation.InjectionMetadata.inject(InjectionMetadata.java:84) ~[spring-beans-3.0.6.RELEASE.jar:3.0.6.RELEASE]
	at org.springframework.beans.factory.annotation.AutowiredAnnotationBeanPostProcessor.postProcessPropertyValues(AutowiredAnnotationBeanPostProcessor.java:285) ~[spring-beans-3.0.6.RELEASE.jar:3.0.6.RELEASE]
	... 90 common frames omitted
Caused by: org.springframework.beans.factory.BeanCreationException: Error creating bean with name &apos;zendeskTicketProcessor&apos;: Injection of autowired dependencies failed; nested exception is org.springframework.beans.factory.BeanCreationException: Could not autowire field: private java.lang.Object com.rackspace.search.service.zendesk.ZendeskTicketProcessor.zendeskIndexName; nested exception is java.lang.IllegalArgumentException: Could not resolve placeholder &apos;zendesk.index.name&apos;
	at org.springframework.beans.factory.annotation.AutowiredAnnotationBeanPostProcessor.postProcessPropertyValues(AutowiredAnnotationBeanPostProcessor.java:288) ~[spring-beans-3.0.6.RELEASE.jar:3.0.6.RELEASE]
	at org.springframework.beans.factory.support.AbstractAutowireCapableBeanFactory.populateBean(AbstractAutowireCapableBeanFactory.java:1074) ~[spring-beans-3.0.6.RELEASE.jar:3.0.6.RELEASE]
	at org.springframework.beans.factory.support.AbstractAutowireCapableBeanFactory.doCreateBean(AbstractAutowireCapableBeanFactory.java:517) ~[spring-beans-3.0.6.RELEASE.jar:3.0.6.RELEASE]
	at org.springframework.beans.factory.support.AbstractAutowireCapableBeanFactory.createBean(AbstractAutowireCapableBeanFactory.java:456) ~[spring-beans-3.0.6.RELEASE.jar:3.0.6.RELEASE]
	at org.springframework.beans.factory.support.AbstractBeanFactory$1.getObject(AbstractBeanFactory.java:293) ~[spring-beans-3.0.6.RELEASE.jar:3.0.6.RELEASE]
	at org.springframework.beans.factory.support.DefaultSingletonBeanRegistry.getSingleton(DefaultSingletonBeanRegistry.java:222) ~[spring-beans-3.0.6.RELEASE.jar:3.0.6.RELEASE]
	at org.springframework.beans.factory.support.AbstractBeanFactory.doGetBean(AbstractBeanFactory.java:290) ~[spring-beans-3.0.6.RELEASE.jar:3.0.6.RELEASE]
	at org.springframework.beans.factory.support.AbstractBeanFactory.getBean(AbstractBeanFactory.java:192) ~[spring-beans-3.0.6.RELEASE.jar:3.0.6.RELEASE]
	at org.springframework.beans.factory.support.DefaultListableBeanFactory.findAutowireCandidates(DefaultListableBeanFactory.java:848) ~[spring-beans-3.0.6.RELEASE.jar:3.0.6.RELEASE]
	at org.springframework.beans.factory.support.DefaultListableBeanFactory.doResolveDependency(DefaultListableBeanFactory.java:790) ~[spring-beans-3.0.6.RELEASE.jar:3.0.6.RELEASE]
	at org.springframework.beans.factory.support.DefaultListableBeanFactory.resolveDependency(DefaultListableBeanFactory.java:707) ~[spring-beans-3.0.6.RELEASE.jar:3.0.6.RELEASE]
	at org.springframework.beans.factory.annotation.AutowiredAnnotationBeanPostProcessor$AutowiredFieldElement.inject(AutowiredAnnotationBeanPostProcessor.java:480) ~[spring-beans-3.0.6.RELEASE.jar:3.0.6.RELEASE]
	... 92 common frames omitted
Caused by: org.springframework.beans.factory.BeanCreationException: Could not autowire field: private java.lang.Object com.rackspace.search.service.zendesk.ZendeskTicketProcessor.zendeskIndexName; nested exception is java.lang.IllegalArgumentException: Could not resolve placeholder &apos;zendesk.index.name&apos;
	at org.springframework.beans.factory.annotation.AutowiredAnnotationBeanPostProcessor$AutowiredFieldElement.inject(AutowiredAnnotationBeanPostProcessor.java:508) ~[spring-beans-3.0.6.RELEASE.jar:3.0.6.RELEASE]
	at org.springframework.beans.factory.annotation.InjectionMetadata.inject(InjectionMetadata.java:84) ~[spring-beans-3.0.6.RELEASE.jar:3.0.6.RELEASE]
	at org.springframework.beans.factory.annotation.AutowiredAnnotationBeanPostProcessor.postProcessPropertyValues(AutowiredAnnotationBeanPostProcessor.java:285) ~[spring-beans-3.0.6.RELEASE.jar:3.0.6.RELEASE]
	... 103 common frames omitted
Caused by: java.lang.IllegalArgumentException: Could not resolve placeholder &apos;zendesk.index.name&apos;
	at org.springframework.util.PropertyPlaceholderHelper.parseStringValue(PropertyPlaceholderHelper.java:173) ~[spring-core-3.0.6.RELEASE.jar:3.0.6.RELEASE]
	at org.springframework.util.PropertyPlaceholderHelper.replacePlaceholders(PropertyPlaceholderHelper.java:125) ~[spring-core-3.0.6.RELEASE.jar:3.0.6.RELEASE]
	at org.springframework.beans.factory.config.PropertyPlaceholderConfigurer$PlaceholderResolvingStringValueResolver.resolveStringValue(PropertyPlaceholderConfigurer.java:403) ~[spring-beans-3.0.6.RELEASE.jar:3.0.6.RELEASE]
	at org.springframework.beans.factory.support.AbstractBeanFactory.resolveEmbeddedValue(AbstractBeanFactory.java:747) ~[spring-beans-3.0.6.RELEASE.jar:3.0.6.RELEASE]
	at org.springframework.beans.factory.support.DefaultListableBeanFactory.doResolveDependency(DefaultListableBeanFactory.java:717) ~[spring-beans-3.0.6.RELEASE.jar:3.0.6.RELEASE]
	at org.springframework.beans.factory.support.DefaultListableBeanFactory.resolveDependency(DefaultListableBeanFactory.java:707) ~[spring-beans-3.0.6.RELEASE.jar:3.0.6.RELEASE]
	at org.springframework.beans.factory.annotation.AutowiredAnnotationBeanPostProcessor$AutowiredFieldElement.inject(AutowiredAnnotationBeanPostProcessor.java:480) ~[spring-beans-3.0.6.RELEASE.jar:3.0.6.RELEASE]
	... 105 common frames omitted
</stdout>
          <stderr>Exception in thread &quot;Timer-47&quot; org.elasticsearch.common.util.concurrent.EsRejectedExecutionException: rejected execution of [org.elasticsearch.action.support.master.TransportMasterNodeOperationAction$2]
	at org.elasticsearch.common.util.concurrent.EsAbortPolicy.rejectedExecution(EsAbortPolicy.java:35)
	at java.util.concurrent.ThreadPoolExecutor.reject(ThreadPoolExecutor.java:767)
	at java.util.concurrent.ThreadPoolExecutor.execute(ThreadPoolExecutor.java:658)
	at org.elasticsearch.action.support.master.TransportMasterNodeOperationAction.innerExecute(TransportMasterNodeOperationAction.java:132)
	at org.elasticsearch.action.support.master.TransportMasterNodeOperationAction.doExecute(TransportMasterNodeOperationAction.java:86)
	at org.elasticsearch.action.support.master.TransportMasterNodeOperationAction.doExecute(TransportMasterNodeOperationAction.java:42)
	at org.elasticsearch.action.support.TransportAction.execute(TransportAction.java:61)
	at org.elasticsearch.client.node.NodeClusterAdminClient.execute(NodeClusterAdminClient.java:72)
	at org.elasticsearch.client.support.AbstractClusterAdminClient.health(AbstractClusterAdminClient.java:83)
	at org.elasticsearch.action.admin.cluster.health.ClusterHealthRequestBuilder.doExecute(ClusterHealthRequestBuilder.java:98)
	at org.elasticsearch.action.ActionRequestBuilder.execute(ActionRequestBuilder.java:62)
	at org.elasticsearch.action.ActionRequestBuilder.execute(ActionRequestBuilder.java:57)
	at org.elasticsearch.action.ActionRequestBuilder$execute.call(Unknown Source)
	at com.rackspace.search.elasticsearch.ElasticSearchServer.getHealthInformation(ElasticSearchServer.groovy:55)
	at com.rackspace.search.elasticsearch.ElasticSearchServer.getHealthStatus(ElasticSearchServer.groovy:51)
	at com.rackspace.search.elasticsearch.ElasticSearchServer.waitForYellowStatus(ElasticSearchServer.groovy:69)
	at com.rackspace.search.elasticsearch.ElasticSearchServer$waitForYellowStatus.call(Unknown Source)
	at com.rackspace.search.service.core.CoreTicketOngoingSyncJob.setupJob(CoreTicketOnGoingSyncJob.groovy:89)
	at sun.reflect.NativeMethodAccessorImpl.invoke0(Native Method)
	at sun.reflect.NativeMethodAccessorImpl.invoke(NativeMethodAccessorImpl.java:39)
	at sun.reflect.DelegatingMethodAccessorImpl.invoke(DelegatingMethodAccessorImpl.java:25)
	at java.lang.reflect.Method.invoke(Method.java:597)
	at org.codehaus.groovy.reflection.CachedMethod.invoke(CachedMethod.java:90)
	at groovy.lang.MetaMethod.doMethodInvoke(MetaMethod.java:233)
	at groovy.lang.MetaClassImpl.invokeMethod(MetaClassImpl.java:1085)
	at org.codehaus.groovy.runtime.ScriptBytecodeAdapter.invokeMethodOnCurrentN(ScriptBytecodeAdapter.java:78)
	at com.rackspace.search.service.core.CoreTicketOngoingSyncJob.this$dist$invoke$1(CoreTicketOnGoingSyncJob.groovy)
	at com.rackspace.search.service.core.CoreTicketOngoingSyncJob$1.methodMissing(CoreTicketOnGoingSyncJob.groovy)
	at sun.reflect.NativeMethodAccessorImpl.invoke0(Native Method)
	at sun.reflect.NativeMethodAccessorImpl.invoke(NativeMethodAccessorImpl.java:39)
	at sun.reflect.DelegatingMethodAccessorImpl.invoke(DelegatingMethodAccessorImpl.java:25)
	at java.lang.reflect.Method.invoke(Method.java:597)
	at org.codehaus.groovy.reflection.CachedMethod.invoke(CachedMethod.java:90)
	at groovy.lang.MetaClassImpl.invokeMissingMethod(MetaClassImpl.java:837)
	at groovy.lang.MetaClassImpl.invokePropertyOrMissing(MetaClassImpl.java:1134)
	at groovy.lang.MetaClassImpl.invokeMethod(MetaClassImpl.java:1087)
	at groovy.lang.MetaClassImpl.invokeMethod(MetaClassImpl.java:909)
	at org.codehaus.groovy.runtime.callsite.PogoMetaClassSite.callCurrent(PogoMetaClassSite.java:66)
	at org.codehaus.groovy.runtime.callsite.AbstractCallSite.callCurrent(AbstractCallSite.java:137)
	at com.rackspace.search.service.core.CoreTicketOngoingSyncJob$1.run(CoreTicketOnGoingSyncJob.groovy:72)
	at java.util.TimerThread.mainLoop(Timer.java:512)
	at java.util.TimerThread.run(Timer.java:462)
Exception in thread &quot;Timer-50&quot; org.elasticsearch.common.util.concurrent.EsRejectedExecutionException: rejected execution of [org.elasticsearch.action.support.master.TransportMasterNodeOperationAction$2]
	at org.elasticsearch.common.util.concurrent.EsAbortPolicy.rejectedExecution(EsAbortPolicy.java:35)
	at java.util.concurrent.ThreadPoolExecutor.reject(ThreadPoolExecutor.java:767)
	at java.util.concurrent.ThreadPoolExecutor.execute(ThreadPoolExecutor.java:658)
	at org.elasticsearch.action.support.master.TransportMasterNodeOperationAction.innerExecute(TransportMasterNodeOperationAction.java:132)
	at org.elasticsearch.action.support.master.TransportMasterNodeOperationAction.doExecute(TransportMasterNodeOperationAction.java:86)
	at org.elasticsearch.action.support.master.TransportMasterNodeOperationAction.doExecute(TransportMasterNodeOperationAction.java:42)
	at org.elasticsearch.action.support.TransportAction.execute(TransportAction.java:61)
	at org.elasticsearch.client.node.NodeClusterAdminClient.execute(NodeClusterAdminClient.java:72)
	at org.elasticsearch.client.support.AbstractClusterAdminClient.health(AbstractClusterAdminClient.java:83)
	at org.elasticsearch.action.admin.cluster.health.ClusterHealthRequestBuilder.doExecute(ClusterHealthRequestBuilder.java:98)
	at org.elasticsearch.action.ActionRequestBuilder.execute(ActionRequestBuilder.java:62)
	at org.elasticsearch.action.ActionRequestBuilder.execute(ActionRequestBuilder.java:57)
	at org.elasticsearch.action.ActionRequestBuilder$execute.call(Unknown Source)
	at com.rackspace.search.elasticsearch.ElasticSearchServer.getHealthInformation(ElasticSearchServer.groovy:55)
	at com.rackspace.search.elasticsearch.ElasticSearchServer.getHealthStatus(ElasticSearchServer.groovy:51)
	at com.rackspace.search.elasticsearch.ElasticSearchServer.waitForYellowStatus(ElasticSearchServer.groovy:69)
	at com.rackspace.search.elasticsearch.ElasticSearchServer$waitForYellowStatus.call(Unknown Source)
	at com.rackspace.search.service.core.CoreTicketSecondPassSyncJob.setupJob(CoreTicketSecondPassSyncJob.groovy:90)
	at com.rackspace.search.service.core.CoreTicketSecondPassSyncJob.this$2$setupJob(CoreTicketSecondPassSyncJob.groovy)
	at sun.reflect.NativeMethodAccessorImpl.invoke0(Native Method)
	at sun.reflect.NativeMethodAccessorImpl.invoke(NativeMethodAccessorImpl.java:39)
	at sun.reflect.DelegatingMethodAccessorImpl.invoke(DelegatingMethodAccessorImpl.java:25)
	at java.lang.reflect.Method.invoke(Method.java:597)
	at org.codehaus.groovy.reflection.CachedMethod.invoke(CachedMethod.java:90)
	at groovy.lang.MetaMethod.doMethodInvoke(MetaMethod.java:233)
	at groovy.lang.MetaClassImpl.invokeMethod(MetaClassImpl.java:1085)
	at org.codehaus.groovy.runtime.ScriptBytecodeAdapter.invokeMethodOnCurrentN(ScriptBytecodeAdapter.java:78)
	at com.rackspace.search.service.core.CoreTicketSecondPassSyncJob.this$dist$invoke$1(CoreTicketSecondPassSyncJob.groovy)
	at com.rackspace.search.service.core.CoreTicketSecondPassSyncJob$1.methodMissing(CoreTicketSecondPassSyncJob.groovy)
	at sun.reflect.NativeMethodAccessorImpl.invoke0(Native Method)
	at sun.reflect.NativeMethodAccessorImpl.invoke(NativeMethodAccessorImpl.java:39)
	at sun.reflect.DelegatingMethodAccessorImpl.invoke(DelegatingMethodAccessorImpl.java:25)
	at java.lang.reflect.Method.invoke(Method.java:597)
	at org.codehaus.groovy.reflection.CachedMethod.invoke(CachedMethod.java:90)
	at groovy.lang.MetaClassImpl.invokeMissingMethod(MetaClassImpl.java:837)
	at groovy.lang.MetaClassImpl.invokePropertyOrMissing(MetaClassImpl.java:1134)
	at groovy.lang.MetaClassImpl.invokeMethod(MetaClassImpl.java:1087)
	at groovy.lang.MetaClassImpl.invokeMethod(MetaClassImpl.java:909)
	at org.codehaus.groovy.runtime.callsite.PogoMetaClassSite.callCurrent(PogoMetaClassSite.java:66)
	at org.codehaus.groovy.runtime.callsite.AbstractCallSite.callCurrent(AbstractCallSite.java:137)
	at com.rackspace.search.service.core.CoreTicketSecondPassSyncJob$1.run(CoreTicketSecondPassSyncJob.groovy:74)
	at java.util.TimerThread.mainLoop(Timer.java:512)
	at java.util.TimerThread.run(Timer.java:462)
Exception in thread &quot;Timer-51&quot; org.elasticsearch.common.util.concurrent.EsRejectedExecutionException: rejected execution of [org.elasticsearch.action.support.master.TransportMasterNodeOperationAction$2]
	at org.elasticsearch.common.util.concurrent.EsAbortPolicy.rejectedExecution(EsAbortPolicy.java:35)
	at java.util.concurrent.ThreadPoolExecutor.reject(ThreadPoolExecutor.java:767)
	at java.util.concurrent.ThreadPoolExecutor.execute(ThreadPoolExecutor.java:658)
	at org.elasticsearch.action.support.master.TransportMasterNodeOperationAction.innerExecute(TransportMasterNodeOperationAction.java:132)
	at org.elasticsearch.action.support.master.TransportMasterNodeOperationAction.doExecute(TransportMasterNodeOperationAction.java:86)
	at org.elasticsearch.action.support.master.TransportMasterNodeOperationAction.doExecute(TransportMasterNodeOperationAction.java:42)
	at org.elasticsearch.action.support.TransportAction.execute(TransportAction.java:61)
	at org.elasticsearch.client.node.NodeClusterAdminClient.execute(NodeClusterAdminClient.java:72)
	at org.elasticsearch.client.support.AbstractClusterAdminClient.health(AbstractClusterAdminClient.java:83)
	at org.elasticsearch.action.admin.cluster.health.ClusterHealthRequestBuilder.doExecute(ClusterHealthRequestBuilder.java:98)
	at org.elasticsearch.action.ActionRequestBuilder.execute(ActionRequestBuilder.java:62)
	at org.elasticsearch.action.ActionRequestBuilder.execute(ActionRequestBuilder.java:57)
	at org.elasticsearch.action.ActionRequestBuilder$execute.call(Unknown Source)
	at com.rackspace.search.elasticsearch.ElasticSearchServer.getHealthInformation(ElasticSearchServer.groovy:55)
	at com.rackspace.search.elasticsearch.ElasticSearchServer.getHealthStatus(ElasticSearchServer.groovy:51)
	at com.rackspace.search.elasticsearch.ElasticSearchServer.waitForYellowStatus(ElasticSearchServer.groovy:69)
	at com.rackspace.search.elasticsearch.ElasticSearchServer$waitForYellowStatus.call(Unknown Source)
	at com.rackspace.search.service.account.CoreAccountUpdateSyncJob.setupJob(CoreAccountUpdateSyncJob.groovy:95)
	at com.rackspace.search.service.account.CoreAccountUpdateSyncJob.this$2$setupJob(CoreAccountUpdateSyncJob.groovy)
	at sun.reflect.NativeMethodAccessorImpl.invoke0(Native Method)
	at sun.reflect.NativeMethodAccessorImpl.invoke(NativeMethodAccessorImpl.java:39)
	at sun.reflect.DelegatingMethodAccessorImpl.invoke(DelegatingMethodAccessorImpl.java:25)
	at java.lang.reflect.Method.invoke(Method.java:597)
	at org.codehaus.groovy.reflection.CachedMethod.invoke(CachedMethod.java:90)
	at groovy.lang.MetaMethod.doMethodInvoke(MetaMethod.java:233)
	at groovy.lang.MetaClassImpl.invokeMethod(MetaClassImpl.java:1085)
	at org.codehaus.groovy.runtime.ScriptBytecodeAdapter.invokeMethodOnCurrentN(ScriptBytecodeAdapter.java:78)
	at com.rackspace.search.service.account.CoreAccountUpdateSyncJob.this$dist$invoke$1(CoreAccountUpdateSyncJob.groovy)
	at com.rackspace.search.service.account.CoreAccountUpdateSyncJob$1.methodMissing(CoreAccountUpdateSyncJob.groovy)
	at sun.reflect.NativeMethodAccessorImpl.invoke0(Native Method)
	at sun.reflect.NativeMethodAccessorImpl.invoke(NativeMethodAccessorImpl.java:39)
	at sun.reflect.DelegatingMethodAccessorImpl.invoke(DelegatingMethodAccessorImpl.java:25)
	at java.lang.reflect.Method.invoke(Method.java:597)
	at org.codehaus.groovy.reflection.CachedMethod.invoke(CachedMethod.java:90)
	at groovy.lang.MetaClassImpl.invokeMissingMethod(MetaClassImpl.java:837)
	at groovy.lang.MetaClassImpl.invokePropertyOrMissing(MetaClassImpl.java:1134)
	at groovy.lang.MetaClassImpl.invokeMethod(MetaClassImpl.java:1087)
	at groovy.lang.MetaClassImpl.invokeMethod(MetaClassImpl.java:909)
	at org.codehaus.groovy.runtime.callsite.PogoMetaClassSite.callCurrent(PogoMetaClassSite.java:66)
	at org.codehaus.groovy.runtime.callsite.AbstractCallSite.callCurrent(AbstractCallSite.java:137)
	at com.rackspace.search.service.account.CoreAccountUpdateSyncJob$1.run(CoreAccountUpdateSyncJob.groovy:78)
	at java.util.TimerThread.mainLoop(Timer.java:512)
	at java.util.TimerThread.run(Timer.java:462)
Exception in thread &quot;Timer-49&quot; org.elasticsearch.common.util.concurrent.EsRejectedExecutionException: rejected execution of [org.elasticsearch.action.support.master.TransportMasterNodeOperationAction$2]
	at org.elasticsearch.common.util.concurrent.EsAbortPolicy.rejectedExecution(EsAbortPolicy.java:35)
	at java.util.concurrent.ThreadPoolExecutor.reject(ThreadPoolExecutor.java:767)
	at java.util.concurrent.ThreadPoolExecutor.execute(ThreadPoolExecutor.java:658)
	at org.elasticsearch.action.support.master.TransportMasterNodeOperationAction.innerExecute(TransportMasterNodeOperationAction.java:132)
	at org.elasticsearch.action.support.master.TransportMasterNodeOperationAction.doExecute(TransportMasterNodeOperationAction.java:86)
	at org.elasticsearch.action.support.master.TransportMasterNodeOperationAction.doExecute(TransportMasterNodeOperationAction.java:42)
	at org.elasticsearch.action.support.TransportAction.execute(TransportAction.java:61)
	at org.elasticsearch.client.node.NodeClusterAdminClient.execute(NodeClusterAdminClient.java:72)
	at org.elasticsearch.client.support.AbstractClusterAdminClient.health(AbstractClusterAdminClient.java:83)
	at org.elasticsearch.action.admin.cluster.health.ClusterHealthRequestBuilder.doExecute(ClusterHealthRequestBuilder.java:98)
	at org.elasticsearch.action.ActionRequestBuilder.execute(ActionRequestBuilder.java:62)
	at org.elasticsearch.action.ActionRequestBuilder.execute(ActionRequestBuilder.java:57)
	at org.elasticsearch.action.ActionRequestBuilder$execute.call(Unknown Source)
	at com.rackspace.search.elasticsearch.ElasticSearchServer.getHealthInformation(ElasticSearchServer.groovy:55)
	at com.rackspace.search.elasticsearch.ElasticSearchServer.getHealthStatus(ElasticSearchServer.groovy:51)
	at com.rackspace.search.elasticsearch.ElasticSearchServer.waitForYellowStatus(ElasticSearchServer.groovy:69)
	at com.rackspace.search.elasticsearch.ElasticSearchServer$waitForYellowStatus.call(Unknown Source)
	at com.rackspace.search.service.admin.CoreTicketOndemandSyncJob.setupJob(CoreTicketOndemandSyncJob.groovy:98)
	at sun.reflect.NativeMethodAccessorImpl.invoke0(Native Method)
	at sun.reflect.NativeMethodAccessorImpl.invoke(NativeMethodAccessorImpl.java:39)
	at sun.reflect.DelegatingMethodAccessorImpl.invoke(DelegatingMethodAccessorImpl.java:25)
	at java.lang.reflect.Method.invoke(Method.java:597)
	at org.codehaus.groovy.reflection.CachedMethod.invoke(CachedMethod.java:90)
	at groovy.lang.MetaMethod.doMethodInvoke(MetaMethod.java:233)
	at groovy.lang.MetaClassImpl.invokeMethod(MetaClassImpl.java:1085)
	at org.codehaus.groovy.runtime.ScriptBytecodeAdapter.invokeMethodOnCurrentN(ScriptBytecodeAdapter.java:78)
	at com.rackspace.search.service.admin.CoreTicketOndemandSyncJob.this$dist$invoke$1(CoreTicketOndemandSyncJob.groovy)
	at com.rackspace.search.service.admin.CoreTicketOndemandSyncJob$1.methodMissing(CoreTicketOndemandSyncJob.groovy)
	at sun.reflect.NativeMethodAccessorImpl.invoke0(Native Method)
	at sun.reflect.NativeMethodAccessorImpl.invoke(NativeMethodAccessorImpl.java:39)
	at sun.reflect.DelegatingMethodAccessorImpl.invoke(DelegatingMethodAccessorImpl.java:25)
	at java.lang.reflect.Method.invoke(Method.java:597)
	at org.codehaus.groovy.reflection.CachedMethod.invoke(CachedMethod.java:90)
	at groovy.lang.MetaClassImpl.invokeMissingMethod(MetaClassImpl.java:837)
	at groovy.lang.MetaClassImpl.invokePropertyOrMissing(MetaClassImpl.java:1134)
	at groovy.lang.MetaClassImpl.invokeMethod(MetaClassImpl.java:1087)
	at groovy.lang.MetaClassImpl.invokeMethod(MetaClassImpl.java:909)
	at org.codehaus.groovy.runtime.callsite.PogoMetaClassSite.callCurrent(PogoMetaClassSite.java:66)
	at org.codehaus.groovy.runtime.callsite.AbstractCallSite.callCurrent(AbstractCallSite.java:137)
	at com.rackspace.search.service.admin.CoreTicketOndemandSyncJob$1.run(CoreTicketOndemandSyncJob.groovy:82)
	at java.util.TimerThread.mainLoop(Timer.java:512)
	at java.util.TimerThread.run(Timer.java:462)
Exception in thread &quot;Timer-48&quot; org.elasticsearch.common.util.concurrent.EsRejectedExecutionException: rejected execution of [org.elasticsearch.action.support.master.TransportMasterNodeOperationAction$2]
	at org.elasticsearch.common.util.concurrent.EsAbortPolicy.rejectedExecution(EsAbortPolicy.java:35)
	at java.util.concurrent.ThreadPoolExecutor.reject(ThreadPoolExecutor.java:767)
	at java.util.concurrent.ThreadPoolExecutor.execute(ThreadPoolExecutor.java:658)
	at org.elasticsearch.action.support.master.TransportMasterNodeOperationAction.innerExecute(TransportMasterNodeOperationAction.java:132)
	at org.elasticsearch.action.support.master.TransportMasterNodeOperationAction.doExecute(TransportMasterNodeOperationAction.java:86)
	at org.elasticsearch.action.support.master.TransportMasterNodeOperationAction.doExecute(TransportMasterNodeOperationAction.java:42)
	at org.elasticsearch.action.support.TransportAction.execute(TransportAction.java:61)
	at org.elasticsearch.client.node.NodeClusterAdminClient.execute(NodeClusterAdminClient.java:72)
	at org.elasticsearch.client.support.AbstractClusterAdminClient.health(AbstractClusterAdminClient.java:83)
	at org.elasticsearch.action.admin.cluster.health.ClusterHealthRequestBuilder.doExecute(ClusterHealthRequestBuilder.java:98)
	at org.elasticsearch.action.ActionRequestBuilder.execute(ActionRequestBuilder.java:62)
	at org.elasticsearch.action.ActionRequestBuilder.execute(ActionRequestBuilder.java:57)
	at org.elasticsearch.action.ActionRequestBuilder$execute.call(Unknown Source)
	at com.rackspace.search.elasticsearch.ElasticSearchServer.getHealthInformation(ElasticSearchServer.groovy:55)
	at com.rackspace.search.elasticsearch.ElasticSearchServer.getHealthStatus(ElasticSearchServer.groovy:51)
	at com.rackspace.search.elasticsearch.ElasticSearchServer.waitForYellowStatus(ElasticSearchServer.groovy:69)
	at com.rackspace.search.elasticsearch.ElasticSearchServer$waitForYellowStatus.call(Unknown Source)
	at com.rackspace.search.service.account.AccountOngoingSyncJob.setupJob(AccountOngoingSyncJob.groovy:96)
	at sun.reflect.NativeMethodAccessorImpl.invoke0(Native Method)
	at sun.reflect.NativeMethodAccessorImpl.invoke(NativeMethodAccessorImpl.java:39)
	at sun.reflect.DelegatingMethodAccessorImpl.invoke(DelegatingMethodAccessorImpl.java:25)
	at java.lang.reflect.Method.invoke(Method.java:597)
	at org.codehaus.groovy.reflection.CachedMethod.invoke(CachedMethod.java:90)
	at groovy.lang.MetaMethod.doMethodInvoke(MetaMethod.java:233)
	at groovy.lang.MetaClassImpl.invokeMethod(MetaClassImpl.java:1085)
	at org.codehaus.groovy.runtime.ScriptBytecodeAdapter.invokeMethodOnCurrentN(ScriptBytecodeAdapter.java:78)
	at com.rackspace.search.service.account.AccountOngoingSyncJob.this$dist$invoke$1(AccountOngoingSyncJob.groovy)
	at com.rackspace.search.service.account.AccountOngoingSyncJob$1.methodMissing(AccountOngoingSyncJob.groovy)
	at sun.reflect.NativeMethodAccessorImpl.invoke0(Native Method)
	at sun.reflect.NativeMethodAccessorImpl.invoke(NativeMethodAccessorImpl.java:39)
	at sun.reflect.DelegatingMethodAccessorImpl.invoke(DelegatingMethodAccessorImpl.java:25)
	at java.lang.reflect.Method.invoke(Method.java:597)
	at org.codehaus.groovy.reflection.CachedMethod.invoke(CachedMethod.java:90)
	at groovy.lang.MetaClassImpl.invokeMissingMethod(MetaClassImpl.java:837)
	at groovy.lang.MetaClassImpl.invokePropertyOrMissing(MetaClassImpl.java:1134)
	at groovy.lang.MetaClassImpl.invokeMethod(MetaClassImpl.java:1087)
	at groovy.lang.MetaClassImpl.invokeMethod(MetaClassImpl.java:909)
	at org.codehaus.groovy.runtime.callsite.PogoMetaClassSite.callCurrent(PogoMetaClassSite.java:66)
	at org.codehaus.groovy.runtime.callsite.AbstractCallSite.callCurrent(AbstractCallSite.java:137)
	at com.rackspace.search.service.account.AccountOngoingSyncJob$1.run(AccountOngoingSyncJob.groovy:78)
	at java.util.TimerThread.mainLoop(Timer.java:512)
	at java.util.TimerThread.run(Timer.java:462)
Exception in thread &quot;Timer-52&quot; org.elasticsearch.common.util.concurrent.EsRejectedExecutionException: rejected execution of [org.elasticsearch.action.support.master.TransportMasterNodeOperationAction$2]
	at org.elasticsearch.common.util.concurrent.EsAbortPolicy.rejectedExecution(EsAbortPolicy.java:35)
	at java.util.concurrent.ThreadPoolExecutor.reject(ThreadPoolExecutor.java:767)
	at java.util.concurrent.ThreadPoolExecutor.execute(ThreadPoolExecutor.java:658)
	at org.elasticsearch.action.support.master.TransportMasterNodeOperationAction.innerExecute(TransportMasterNodeOperationAction.java:132)
	at org.elasticsearch.action.support.master.TransportMasterNodeOperationAction.doExecute(TransportMasterNodeOperationAction.java:86)
	at org.elasticsearch.action.support.master.TransportMasterNodeOperationAction.doExecute(TransportMasterNodeOperationAction.java:42)
	at org.elasticsearch.action.support.TransportAction.execute(TransportAction.java:61)
	at org.elasticsearch.client.node.NodeClusterAdminClient.execute(NodeClusterAdminClient.java:72)
	at org.elasticsearch.client.support.AbstractClusterAdminClient.health(AbstractClusterAdminClient.java:83)
	at org.elasticsearch.action.admin.cluster.health.ClusterHealthRequestBuilder.doExecute(ClusterHealthRequestBuilder.java:98)
	at org.elasticsearch.action.ActionRequestBuilder.execute(ActionRequestBuilder.java:62)
	at org.elasticsearch.action.ActionRequestBuilder.execute(ActionRequestBuilder.java:57)
	at org.elasticsearch.action.ActionRequestBuilder$execute.call(Unknown Source)
	at com.rackspace.search.elasticsearch.ElasticSearchServer.getHealthInformation(ElasticSearchServer.groovy:55)
	at com.rackspace.search.elasticsearch.ElasticSearchServer.getHealthStatus(ElasticSearchServer.groovy:51)
	at com.rackspace.search.elasticsearch.ElasticSearchServer.waitForYellowStatus(ElasticSearchServer.groovy:69)
	at com.rackspace.search.elasticsearch.ElasticSearchServer$waitForYellowStatus.call(Unknown Source)
	at com.rackspace.search.service.admin.AccountOndemandSyncJob.setupJob(AccountOndemandSyncJob.groovy:126)
	at sun.reflect.NativeMethodAccessorImpl.invoke0(Native Method)
	at sun.reflect.NativeMethodAccessorImpl.invoke(NativeMethodAccessorImpl.java:39)
	at sun.reflect.DelegatingMethodAccessorImpl.invoke(DelegatingMethodAccessorImpl.java:25)
	at java.lang.reflect.Method.invoke(Method.java:597)
	at org.codehaus.groovy.reflection.CachedMethod.invoke(CachedMethod.java:90)
	at groovy.lang.MetaMethod.doMethodInvoke(MetaMethod.java:233)
	at groovy.lang.MetaClassImpl.invokeMethod(MetaClassImpl.java:1085)
	at org.codehaus.groovy.runtime.ScriptBytecodeAdapter.invokeMethodOnCurrentN(ScriptBytecodeAdapter.java:78)
	at com.rackspace.search.service.admin.AccountOndemandSyncJob.this$dist$invoke$1(AccountOndemandSyncJob.groovy)
	at com.rackspace.search.service.admin.AccountOndemandSyncJob$1.methodMissing(AccountOndemandSyncJob.groovy)
	at sun.reflect.NativeMethodAccessorImpl.invoke0(Native Method)
	at sun.reflect.NativeMethodAccessorImpl.invoke(NativeMethodAccessorImpl.java:39)
	at sun.reflect.DelegatingMethodAccessorImpl.invoke(DelegatingMethodAccessorImpl.java:25)
	at java.lang.reflect.Method.invoke(Method.java:597)
	at org.codehaus.groovy.reflection.CachedMethod.invoke(CachedMethod.java:90)
	at groovy.lang.MetaClassImpl.invokeMissingMethod(MetaClassImpl.java:837)
	at groovy.lang.MetaClassImpl.invokePropertyOrMissing(MetaClassImpl.java:1134)
	at groovy.lang.MetaClassImpl.invokeMethod(MetaClassImpl.java:1087)
	at groovy.lang.MetaClassImpl.invokeMethod(MetaClassImpl.java:909)
	at org.codehaus.groovy.runtime.callsite.PogoMetaClassSite.callCurrent(PogoMetaClassSite.java:66)
	at org.codehaus.groovy.runtime.callsite.AbstractCallSite.callCurrent(AbstractCallSite.java:137)
	at com.rackspace.search.service.admin.AccountOndemandSyncJob$1.run(AccountOndemandSyncJob.groovy:110)
	at java.util.TimerThread.mainLoop(Timer.java:512)
	at java.util.TimerThread.run(Timer.java:462)
</stderr>
          <failedSince>7</failedSince>
        </case>
        <case>
          <duration>6.991</duration>
          <className>com.rackspace.search.elasticsearch.client.ElasticSearchClientTest</className>
          <testName>post bulk data</testName>
          <skipped>false</skipped>
          <errorStackTrace>java.lang.NullPointerException: Cannot invoke method getClient() on null object
	at com.rackspace.search.elasticsearch.client.ElasticSearchClientTest.cleanup(ElasticSearchClientTest.groovy:92)
</errorStackTrace>
          <errorDetails>Cannot invoke method getClient() on null object</errorDetails>
          <failedSince>7</failedSince>
        </case>
        <case>
          <duration>4.77</duration>
          <className>com.rackspace.search.elasticsearch.client.ElasticSearchClientTest</className>
          <testName>get All Tickets</testName>
          <skipped>false</skipped>
          <errorStackTrace>java.lang.IllegalStateException: Failed to load ApplicationContext
	at org.springframework.test.context.TestContext.getApplicationContext(TestContext.java:308)
	at org.springframework.test.context.support.DependencyInjectionTestExecutionListener.injectDependencies(DependencyInjectionTestExecutionListener.java:109)
	at org.springframework.test.context.support.DependencyInjectionTestExecutionListener.prepareTestInstance(DependencyInjectionTestExecutionListener.java:75)
	at org.springframework.test.context.TestContextManager.prepareTestInstance(TestContextManager.java:321)
	at org.spockframework.spring.SpringTestContextManager.prepareTestInstance(SpringTestContextManager.java:49)
	at org.spockframework.spring.SpringInterceptor.interceptSetupMethod(SpringInterceptor.java:42)
	at org.spockframework.runtime.extension.AbstractMethodInterceptor.intercept(AbstractMethodInterceptor.java:28)
	at org.spockframework.runtime.extension.MethodInvocation.proceed(MethodInvocation.java:84)
	at org.spockframework.util.ReflectionUtil.invokeMethod(ReflectionUtil.java:138)
	at org.spockframework.util.ReflectionUtil.invokeMethod(ReflectionUtil.java:138)
	at org.spockframework.util.ReflectionUtil.invokeMethod(ReflectionUtil.java:138)
	at org.apache.maven.surefire.junit4.JUnit4TestSet.execute(JUnit4TestSet.java:53)
	at org.apache.maven.surefire.junit4.JUnit4Provider.executeTestSet(JUnit4Provider.java:123)
	at org.apache.maven.surefire.junit4.JUnit4Provider.invoke(JUnit4Provider.java:104)
	at org.apache.maven.surefire.util.ReflectionUtils.invokeMethodWithArray(ReflectionUtils.java:164)
	at org.apache.maven.surefire.booter.ProviderFactory$ProviderProxy.invoke(ProviderFactory.java:110)
	at org.apache.maven.surefire.booter.SurefireStarter.invokeProvider(SurefireStarter.java:175)
	at org.apache.maven.surefire.booter.SurefireStarter.runSuitesInProcessWhenForked(SurefireStarter.java:107)
	at org.apache.maven.surefire.booter.ForkedBooter.main(ForkedBooter.java:68)
Caused by: org.springframework.beans.factory.BeanCreationException: Error creating bean with name &apos;jobResource&apos;: Injection of autowired dependencies failed; nested exception is org.springframework.beans.factory.BeanCreationException: Could not autowire field: private com.rackspace.search.service.zendesk.ZendeskTicketOngoingSyncJob com.rackspace.search.endpoint.JobResource.zendeskTicketOngoingSyncJob; nested exception is org.springframework.beans.factory.BeanCreationException: Error creating bean with name &apos;zendeskTicketOngoingSyncJob&apos;: Injection of autowired dependencies failed; nested exception is org.springframework.beans.factory.BeanCreationException: Could not autowire field: private com.rackspace.search.service.zendesk.ZendeskTicketOngoingSyncActor com.rackspace.search.service.zendesk.ZendeskTicketOngoingSyncJob.ticketActor; nested exception is org.springframework.beans.factory.BeanCreationException: Error creating bean with name &apos;zendeskTicketOngoingSyncActor&apos;: Injection of autowired dependencies failed; nested exception is org.springframework.beans.factory.BeanCreationException: Could not autowire field: private com.rackspace.search.service.zendesk.ZendeskTicketProcessor com.rackspace.search.service.zendesk.ZendeskTicketOngoingSyncActor.zendeskTicketProcessor; nested exception is org.springframework.beans.factory.BeanCreationException: Error creating bean with name &apos;zendeskTicketProcessor&apos;: Injection of autowired dependencies failed; nested exception is org.springframework.beans.factory.BeanCreationException: Could not autowire field: private java.lang.Object com.rackspace.search.service.zendesk.ZendeskTicketProcessor.zendeskIndexName; nested exception is java.lang.IllegalArgumentException: Could not resolve placeholder &apos;zendesk.index.name&apos;
	at org.springframework.beans.factory.annotation.AutowiredAnnotationBeanPostProcessor.postProcessPropertyValues(AutowiredAnnotationBeanPostProcessor.java:288)
	at org.springframework.beans.factory.support.AbstractAutowireCapableBeanFactory.populateBean(AbstractAutowireCapableBeanFactory.java:1074)
	at org.springframework.beans.factory.support.AbstractAutowireCapableBeanFactory.doCreateBean(AbstractAutowireCapableBeanFactory.java:517)
	at org.springframework.beans.factory.support.AbstractAutowireCapableBeanFactory.createBean(AbstractAutowireCapableBeanFactory.java:456)
	at org.springframework.beans.factory.support.AbstractBeanFactory$1.getObject(AbstractBeanFactory.java:293)
	at org.springframework.beans.factory.support.DefaultSingletonBeanRegistry.getSingleton(DefaultSingletonBeanRegistry.java:222)
	at org.springframework.beans.factory.support.AbstractBeanFactory.doGetBean(AbstractBeanFactory.java:290)
	at org.springframework.beans.factory.support.AbstractBeanFactory.getBean(AbstractBeanFactory.java:192)
	at org.springframework.beans.factory.support.DefaultListableBeanFactory.preInstantiateSingletons(DefaultListableBeanFactory.java:585)
	at org.springframework.context.support.AbstractApplicationContext.finishBeanFactoryInitialization(AbstractApplicationContext.java:895)
	at org.springframework.context.support.AbstractApplicationContext.refresh(AbstractApplicationContext.java:425)
	at org.springframework.test.context.support.AbstractGenericContextLoader.loadContext(AbstractGenericContextLoader.java:84)
	at org.springframework.test.context.support.AbstractGenericContextLoader.loadContext(AbstractGenericContextLoader.java:1)
	at org.springframework.test.context.TestContext.loadApplicationContext(TestContext.java:280)
	at org.springframework.test.context.TestContext.getApplicationContext(TestContext.java:304)
	... 18 more
Caused by: org.springframework.beans.factory.BeanCreationException: Could not autowire field: private com.rackspace.search.service.zendesk.ZendeskTicketOngoingSyncJob com.rackspace.search.endpoint.JobResource.zendeskTicketOngoingSyncJob; nested exception is org.springframework.beans.factory.BeanCreationException: Error creating bean with name &apos;zendeskTicketOngoingSyncJob&apos;: Injection of autowired dependencies failed; nested exception is org.springframework.beans.factory.BeanCreationException: Could not autowire field: private com.rackspace.search.service.zendesk.ZendeskTicketOngoingSyncActor com.rackspace.search.service.zendesk.ZendeskTicketOngoingSyncJob.ticketActor; nested exception is org.springframework.beans.factory.BeanCreationException: Error creating bean with name &apos;zendeskTicketOngoingSyncActor&apos;: Injection of autowired dependencies failed; nested exception is org.springframework.beans.factory.BeanCreationException: Could not autowire field: private com.rackspace.search.service.zendesk.ZendeskTicketProcessor com.rackspace.search.service.zendesk.ZendeskTicketOngoingSyncActor.zendeskTicketProcessor; nested exception is org.springframework.beans.factory.BeanCreationException: Error creating bean with name &apos;zendeskTicketProcessor&apos;: Injection of autowired dependencies failed; nested exception is org.springframework.beans.factory.BeanCreationException: Could not autowire field: private java.lang.Object com.rackspace.search.service.zendesk.ZendeskTicketProcessor.zendeskIndexName; nested exception is java.lang.IllegalArgumentException: Could not resolve placeholder &apos;zendesk.index.name&apos;
	at org.springframework.beans.factory.annotation.AutowiredAnnotationBeanPostProcessor$AutowiredFieldElement.inject(AutowiredAnnotationBeanPostProcessor.java:508)
	at org.springframework.beans.factory.annotation.InjectionMetadata.inject(InjectionMetadata.java:84)
	at org.springframework.beans.factory.annotation.AutowiredAnnotationBeanPostProcessor.postProcessPropertyValues(AutowiredAnnotationBeanPostProcessor.java:285)
	... 32 more
Caused by: org.springframework.beans.factory.BeanCreationException: Error creating bean with name &apos;zendeskTicketOngoingSyncJob&apos;: Injection of autowired dependencies failed; nested exception is org.springframework.beans.factory.BeanCreationException: Could not autowire field: private com.rackspace.search.service.zendesk.ZendeskTicketOngoingSyncActor com.rackspace.search.service.zendesk.ZendeskTicketOngoingSyncJob.ticketActor; nested exception is org.springframework.beans.factory.BeanCreationException: Error creating bean with name &apos;zendeskTicketOngoingSyncActor&apos;: Injection of autowired dependencies failed; nested exception is org.springframework.beans.factory.BeanCreationException: Could not autowire field: private com.rackspace.search.service.zendesk.ZendeskTicketProcessor com.rackspace.search.service.zendesk.ZendeskTicketOngoingSyncActor.zendeskTicketProcessor; nested exception is org.springframework.beans.factory.BeanCreationException: Error creating bean with name &apos;zendeskTicketProcessor&apos;: Injection of autowired dependencies failed; nested exception is org.springframework.beans.factory.BeanCreationException: Could not autowire field: private java.lang.Object com.rackspace.search.service.zendesk.ZendeskTicketProcessor.zendeskIndexName; nested exception is java.lang.IllegalArgumentException: Could not resolve placeholder &apos;zendesk.index.name&apos;
	at org.springframework.beans.factory.annotation.AutowiredAnnotationBeanPostProcessor.postProcessPropertyValues(AutowiredAnnotationBeanPostProcessor.java:288)
	at org.springframework.beans.factory.support.AbstractAutowireCapableBeanFactory.populateBean(AbstractAutowireCapableBeanFactory.java:1074)
	at org.springframework.beans.factory.support.AbstractAutowireCapableBeanFactory.doCreateBean(AbstractAutowireCapableBeanFactory.java:517)
	at org.springframework.beans.factory.support.AbstractAutowireCapableBeanFactory.createBean(AbstractAutowireCapableBeanFactory.java:456)
	at org.springframework.beans.factory.support.AbstractBeanFactory$1.getObject(AbstractBeanFactory.java:293)
	at org.springframework.beans.factory.support.DefaultSingletonBeanRegistry.getSingleton(DefaultSingletonBeanRegistry.java:222)
	at org.springframework.beans.factory.support.AbstractBeanFactory.doGetBean(AbstractBeanFactory.java:290)
	at org.springframework.beans.factory.support.AbstractBeanFactory.getBean(AbstractBeanFactory.java:192)
	at org.springframework.beans.factory.support.DefaultListableBeanFactory.findAutowireCandidates(DefaultListableBeanFactory.java:848)
	at org.springframework.beans.factory.support.DefaultListableBeanFactory.doResolveDependency(DefaultListableBeanFactory.java:790)
	at org.springframework.beans.factory.support.DefaultListableBeanFactory.resolveDependency(DefaultListableBeanFactory.java:707)
	at org.springframework.beans.factory.annotation.AutowiredAnnotationBeanPostProcessor$AutowiredFieldElement.inject(AutowiredAnnotationBeanPostProcessor.java:480)
	... 34 more
Caused by: org.springframework.beans.factory.BeanCreationException: Could not autowire field: private com.rackspace.search.service.zendesk.ZendeskTicketOngoingSyncActor com.rackspace.search.service.zendesk.ZendeskTicketOngoingSyncJob.ticketActor; nested exception is org.springframework.beans.factory.BeanCreationException: Error creating bean with name &apos;zendeskTicketOngoingSyncActor&apos;: Injection of autowired dependencies failed; nested exception is org.springframework.beans.factory.BeanCreationException: Could not autowire field: private com.rackspace.search.service.zendesk.ZendeskTicketProcessor com.rackspace.search.service.zendesk.ZendeskTicketOngoingSyncActor.zendeskTicketProcessor; nested exception is org.springframework.beans.factory.BeanCreationException: Error creating bean with name &apos;zendeskTicketProcessor&apos;: Injection of autowired dependencies failed; nested exception is org.springframework.beans.factory.BeanCreationException: Could not autowire field: private java.lang.Object com.rackspace.search.service.zendesk.ZendeskTicketProcessor.zendeskIndexName; nested exception is java.lang.IllegalArgumentException: Could not resolve placeholder &apos;zendesk.index.name&apos;
	at org.springframework.beans.factory.annotation.AutowiredAnnotationBeanPostProcessor$AutowiredFieldElement.inject(AutowiredAnnotationBeanPostProcessor.java:508)
	at org.springframework.beans.factory.annotation.InjectionMetadata.inject(InjectionMetadata.java:84)
	at org.springframework.beans.factory.annotation.AutowiredAnnotationBeanPostProcessor.postProcessPropertyValues(AutowiredAnnotationBeanPostProcessor.java:285)
	... 45 more
Caused by: org.springframework.beans.factory.BeanCreationException: Error creating bean with name &apos;zendeskTicketOngoingSyncActor&apos;: Injection of autowired dependencies failed; nested exception is org.springframework.beans.factory.BeanCreationException: Could not autowire field: private com.rackspace.search.service.zendesk.ZendeskTicketProcessor com.rackspace.search.service.zendesk.ZendeskTicketOngoingSyncActor.zendeskTicketProcessor; nested exception is org.springframework.beans.factory.BeanCreationException: Error creating bean with name &apos;zendeskTicketProcessor&apos;: Injection of autowired dependencies failed; nested exception is org.springframework.beans.factory.BeanCreationException: Could not autowire field: private java.lang.Object com.rackspace.search.service.zendesk.ZendeskTicketProcessor.zendeskIndexName; nested exception is java.lang.IllegalArgumentException: Could not resolve placeholder &apos;zendesk.index.name&apos;
	at org.springframework.beans.factory.annotation.AutowiredAnnotationBeanPostProcessor.postProcessPropertyValues(AutowiredAnnotationBeanPostProcessor.java:288)
	at org.springframework.beans.factory.support.AbstractAutowireCapableBeanFactory.populateBean(AbstractAutowireCapableBeanFactory.java:1074)
	at org.springframework.beans.factory.support.AbstractAutowireCapableBeanFactory.doCreateBean(AbstractAutowireCapableBeanFactory.java:517)
	at org.springframework.beans.factory.support.AbstractAutowireCapableBeanFactory.createBean(AbstractAutowireCapableBeanFactory.java:456)
	at org.springframework.beans.factory.support.AbstractBeanFactory$1.getObject(AbstractBeanFactory.java:293)
	at org.springframework.beans.factory.support.DefaultSingletonBeanRegistry.getSingleton(DefaultSingletonBeanRegistry.java:222)
	at org.springframework.beans.factory.support.AbstractBeanFactory.doGetBean(AbstractBeanFactory.java:290)
	at org.springframework.beans.factory.support.AbstractBeanFactory.getBean(AbstractBeanFactory.java:192)
	at org.springframework.beans.factory.support.DefaultListableBeanFactory.findAutowireCandidates(DefaultListableBeanFactory.java:848)
	at org.springframework.beans.factory.support.DefaultListableBeanFactory.doResolveDependency(DefaultListableBeanFactory.java:790)
	at org.springframework.beans.factory.support.DefaultListableBeanFactory.resolveDependency(DefaultListableBeanFactory.java:707)
	at org.springframework.beans.factory.annotation.AutowiredAnnotationBeanPostProcessor$AutowiredFieldElement.inject(AutowiredAnnotationBeanPostProcessor.java:480)
	... 47 more
Caused by: org.springframework.beans.factory.BeanCreationException: Could not autowire field: private com.rackspace.search.service.zendesk.ZendeskTicketProcessor com.rackspace.search.service.zendesk.ZendeskTicketOngoingSyncActor.zendeskTicketProcessor; nested exception is org.springframework.beans.factory.BeanCreationException: Error creating bean with name &apos;zendeskTicketProcessor&apos;: Injection of autowired dependencies failed; nested exception is org.springframework.beans.factory.BeanCreationException: Could not autowire field: private java.lang.Object com.rackspace.search.service.zendesk.ZendeskTicketProcessor.zendeskIndexName; nested exception is java.lang.IllegalArgumentException: Could not resolve placeholder &apos;zendesk.index.name&apos;
	at org.springframework.beans.factory.annotation.AutowiredAnnotationBeanPostProcessor$AutowiredFieldElement.inject(AutowiredAnnotationBeanPostProcessor.java:508)
	at org.springframework.beans.factory.annotation.InjectionMetadata.inject(InjectionMetadata.java:84)
	at org.springframework.beans.factory.annotation.AutowiredAnnotationBeanPostProcessor.postProcessPropertyValues(AutowiredAnnotationBeanPostProcessor.java:285)
	... 58 more
Caused by: org.springframework.beans.factory.BeanCreationException: Error creating bean with name &apos;zendeskTicketProcessor&apos;: Injection of autowired dependencies failed; nested exception is org.springframework.beans.factory.BeanCreationException: Could not autowire field: private java.lang.Object com.rackspace.search.service.zendesk.ZendeskTicketProcessor.zendeskIndexName; nested exception is java.lang.IllegalArgumentException: Could not resolve placeholder &apos;zendesk.index.name&apos;
	at org.springframework.beans.factory.annotation.AutowiredAnnotationBeanPostProcessor.postProcessPropertyValues(AutowiredAnnotationBeanPostProcessor.java:288)
	at org.springframework.beans.factory.support.AbstractAutowireCapableBeanFactory.populateBean(AbstractAutowireCapableBeanFactory.java:1074)
	at org.springframework.beans.factory.support.AbstractAutowireCapableBeanFactory.doCreateBean(AbstractAutowireCapableBeanFactory.java:517)
	at org.springframework.beans.factory.support.AbstractAutowireCapableBeanFactory.createBean(AbstractAutowireCapableBeanFactory.java:456)
	at org.springframework.beans.factory.support.AbstractBeanFactory$1.getObject(AbstractBeanFactory.java:293)
	at org.springframework.beans.factory.support.DefaultSingletonBeanRegistry.getSingleton(DefaultSingletonBeanRegistry.java:222)
	at org.springframework.beans.factory.support.AbstractBeanFactory.doGetBean(AbstractBeanFactory.java:290)
	at org.springframework.beans.factory.support.AbstractBeanFactory.getBean(AbstractBeanFactory.java:192)
	at org.springframework.beans.factory.support.DefaultListableBeanFactory.findAutowireCandidates(DefaultListableBeanFactory.java:848)
	at org.springframework.beans.factory.support.DefaultListableBeanFactory.doResolveDependency(DefaultListableBeanFactory.java:790)
	at org.springframework.beans.factory.support.DefaultListableBeanFactory.resolveDependency(DefaultListableBeanFactory.java:707)
	at org.springframework.beans.factory.annotation.AutowiredAnnotationBeanPostProcessor$AutowiredFieldElement.inject(AutowiredAnnotationBeanPostProcessor.java:480)
	... 60 more
Caused by: org.springframework.beans.factory.BeanCreationException: Could not autowire field: private java.lang.Object com.rackspace.search.service.zendesk.ZendeskTicketProcessor.zendeskIndexName; nested exception is java.lang.IllegalArgumentException: Could not resolve placeholder &apos;zendesk.index.name&apos;
	at org.springframework.beans.factory.annotation.AutowiredAnnotationBeanPostProcessor$AutowiredFieldElement.inject(AutowiredAnnotationBeanPostProcessor.java:508)
	at org.springframework.beans.factory.annotation.InjectionMetadata.inject(InjectionMetadata.java:84)
	at org.springframework.beans.factory.annotation.AutowiredAnnotationBeanPostProcessor.postProcessPropertyValues(AutowiredAnnotationBeanPostProcessor.java:285)
	... 71 more
Caused by: java.lang.IllegalArgumentException: Could not resolve placeholder &apos;zendesk.index.name&apos;
	at org.springframework.util.PropertyPlaceholderHelper.parseStringValue(PropertyPlaceholderHelper.java:173)
	at org.springframework.util.PropertyPlaceholderHelper.replacePlaceholders(PropertyPlaceholderHelper.java:125)
	at org.springframework.beans.factory.config.PropertyPlaceholderConfigurer$PlaceholderResolvingStringValueResolver.resolveStringValue(PropertyPlaceholderConfigurer.java:403)
	at org.springframework.beans.factory.support.AbstractBeanFactory.resolveEmbeddedValue(AbstractBeanFactory.java:747)
	at org.springframework.beans.factory.support.DefaultListableBeanFactory.doResolveDependency(DefaultListableBeanFactory.java:717)
	at org.springframework.beans.factory.support.DefaultListableBeanFactory.resolveDependency(DefaultListableBeanFactory.java:707)
	at org.springframework.beans.factory.annotation.AutowiredAnnotationBeanPostProcessor$AutowiredFieldElement.inject(AutowiredAnnotationBeanPostProcessor.java:480)
	... 73 more
</errorStackTrace>
          <errorDetails>Failed to load ApplicationContext</errorDetails>
          <stdout>22:05:10.586 [main] INFO  c.r.s.common.property.PropertyProvider - Loading properties file from file [/var/lib/jenkins/jobs/Samatha Fork/workspace/service/target/properties/local/search.properties]
22:05:10.587 [main] INFO  c.r.s.common.property.PropertyProvider - Loading properties file from file [/var/lib/jenkins/jobs/Samatha Fork/workspace/service/target/properties/local/search.secrets.properties]
22:05:10.587 [main] INFO  c.r.s.common.property.PropertyProvider - Loading properties file from file [/var/lib/jenkins/jobs/Samatha Fork/workspace/service/target/properties/local/elasticsearch.properties]
22:05:10.607 [main] INFO  c.r.s.elasticsearch.ElasticSearchServer - Starting the Elastic Search server node:
22:05:10.610 [main] INFO  org.elasticsearch.node - [ticket.node] {0.90.2}[25471]: initializing ...
22:05:10.611 [main] INFO  org.elasticsearch.plugins - [ticket.node] loaded [action-updatebyquery], sites []
22:05:11.027 [main] INFO  org.elasticsearch.node - [ticket.node] {0.90.2}[25471]: initialized
22:05:11.027 [main] INFO  c.r.s.elasticsearch.ElasticSearchServer - Starting the Elastic Search server node with these settings:
22:05:11.030 [main] INFO  c.r.s.elasticsearch.ElasticSearchServer - Elasticsearch Settings :  [elastic.config.path:/var/lib/jenkins/jobs/Samatha Fork/workspace/service/target/properties/local/elasticsearch, path.data:/var/lib/jenkins/jobs/Samatha Fork/workspace/service/target/elasticsearch/data, cluster.name:ticket.cluster, ticket.search.allowedNestedParams:account.contacts.name,account.contacts.role,account.contacts.sso, core.secondpass.lookbacktime.minutes:15, http.connection.timeout.in.milliseconds:65000, index.analysis.analyzer.search_standard.type:standard, cluster.health.check.wait.time.seconds:120, path.conf:/var/lib/jenkins/jobs/Samatha Fork/workspace/service/target/properties/local/elasticsearch, syncRequest.max.documents.size:250, ticket.ongoingsync.delay.seconds:2, core.account.caching.enabled:true, path.logs:/var/lib/jenkins/jobs/Samatha Fork/workspace/service/target/elasticsearch/logs, http.enabled:true, ticket.document.idName:number, core.api.endpoint:https://ws.integration.core.rackspace.com/ctkapi, transport.tcp.compress:true, account.highprofile.name:HIGH_PROFILE, core.ongoingsync.loopback.time.seconds:120, account.cache.expiration.time.minutes:120, account.api.username:hybrid_ui, ticket.index.name:ticket, admin.index.name:admin, default.page.size:100, indices.structure:/indices_structure.json, account.filter.necessary.updates:true, index.store.fs.memory.enabled:false, index.number_of_shards:5, syncRequest.search.allowedRangeParams:createdAt,lastRunAt,documentLastUpdatedTimestamp, admin.document.type:syncJob, node.data:true, max.page.size:500, node.name:ticket.node, ticket.core.date.timezone:CST, ticket.search.allowedRangeParams:createdAt,updatedAt,lastPublicCommentDate,updateEventDate,documentLastUpdatedTimestamp, account.document.type:account, core.driver.class:org.postgresql.Driver, ticket.cache.expiration.time.minutes:120, core.api.username:rcameron, syncRequest.document.idName:id, discovery.zen.ping.multicast.enabled:false, core.db.url:jdbc:postgresql://integration.db.core.rackspace.com:5432/core_dev, account.update.tickets.pageSize:250, core.account.updates.enabled:true, account.document.versionParam:updatedAt, index.analysis.analyzer.search_standard.filter:[lowercase], bootstrap.mlockall:true, ticket.core.dateformat:yyyy-MM-dd HH:mm:ss, coreaccount.document.type:coreaccount, coreticket.onetimesync.usedb:true, node.master:true, coreaccount.document.idName:id, syncRequest.document.type:syncRequest, core.account.filter.necessary.updates:true, index.number_of_replicas:0, account.api.events.path:v1.0/accounts/events.atom, account.index.name:account, ticket.document.versionParam:updateEventDate, ticket.core.dateformat.with.millis:yyyy-MM-dd HH:mm:ss.SSSSSS, core.account.cache.expiration.time.minutes:120, ticket.document.type:ticket, account.caching.enabled:true, coreaccount.document.versionParam:updatedAt, ticket.caching.enabled:true, admin.document.idName:name, syncRequest.search.allowedTermParams:documentType,status,createdAt,lastRunAt,documentLastUpdatedTimestamp, core.secondpass.enabled:true, account.api.accounts.path:v1.0/accounts, cluster.routing.allocation.awareness.attributes:machine, facets.display.count:100, core.db.username:usq_read, node.machine:ticket.node, syncRequest.index.name:admin, ticket.search.allowedTermParams:sourceSystem,number,createdAt,updatedAt,updateEventDate,lastPublicCommentDate,status,queue.name,category,categoryObj.name,categoryObj.id,priority,assignee.name,hasWindowsServers,hasLinuxServers,severityName,assignee.sso,queue.id,accountServiceLevel,accountTeamTerritoryCode,account.serviceLevel,account.teamTerritoryCode,statusTypes,account.team,account.id,account.rcn,account.status,account.highProfile,documentLastUpdatedTimestamp,account.teamSegment,submitter.name,submitter.sso,account.contacts.name,account.contacts.role,account.contacts.sso,subCategoryObj.name,subCategoryObj.id,assignee.id,submitter.id, use.updateByQueryPlugin:false, account.api.endpoint:https://test.account.api.rackspace.com/, updated.timestamp.field.name:documentLastUpdatedTimestamp, ticket.elastic.dateformat:yyyy-MM-dd&apos;T&apos;HH:mm:ss.SSSZ, action.auto_create_index:1, account.document.idName:id, name:ticket.node] 
22:05:11.031 [main] INFO  org.elasticsearch.node - [ticket.node] {0.90.2}[25471]: starting ...
22:05:11.038 [main] INFO  org.elasticsearch.transport - [ticket.node] bound_address {inet[/0:0:0:0:0:0:0:0:9300]}, publish_address {inet[/10.14.208.252:9300]}
22:05:14.294 [elasticsearch[ticket.node][clusterService#updateTask][T#1]] INFO  org.elasticsearch.cluster.service - [ticket.node] new_master [ticket.node][aGOw05_zTUGn-W90U8SJnA][inet[/10.14.208.252:9300]]{machine=ticket.node, master=true}, reason: zen-disco-join (elected_as_master)
22:05:14.305 [main] INFO  org.elasticsearch.discovery - [ticket.node] ticket.cluster/aGOw05_zTUGn-W90U8SJnA
22:05:14.309 [main] INFO  org.elasticsearch.http - [ticket.node] bound_address {inet[/0:0:0:0:0:0:0:0:9200]}, publish_address {inet[/10.14.208.252:9200]}
22:05:14.309 [main] INFO  org.elasticsearch.node - [ticket.node] {0.90.2}[25471]: started
22:05:14.310 [main] INFO  c.r.s.elasticsearch.ElasticSearchServer - Elastic Search server is started.
22:05:14.310 [main] INFO  c.r.s.elasticsearch.ElasticSearchServer - ES cluster status is RED. Waiting for ES recovery.
22:05:14.318 [elasticsearch[ticket.node][clusterService#updateTask][T#1]] INFO  org.elasticsearch.gateway - [ticket.node] recovered [0] indices into cluster_state
22:05:14.515 [main] INFO  c.r.s.elasticsearch.ElasticSearchServer - Elastic Search Cluster Staus is GREEN
22:05:14.840 [main] ERROR c.r.s.e.client.ElasticSearchClient - Index is missing
org.elasticsearch.indices.IndexMissingException: [admin] missing
	at org.elasticsearch.cluster.metadata.MetaData.concreteIndex(MetaData.java:616) ~[elasticsearch-0.90.2.jar:na]
	at org.elasticsearch.action.get.TransportGetAction.resolveRequest(TransportGetAction.java:90) ~[elasticsearch-0.90.2.jar:na]
	at org.elasticsearch.action.get.TransportGetAction.resolveRequest(TransportGetAction.java:42) ~[elasticsearch-0.90.2.jar:na]
	at org.elasticsearch.action.support.single.shard.TransportShardSingleOperationAction$AsyncSingleAction.&lt;init&gt;(TransportShardSingleOperationAction.java:114) ~[elasticsearch-0.90.2.jar:na]
	at org.elasticsearch.action.support.single.shard.TransportShardSingleOperationAction$AsyncSingleAction.&lt;init&gt;(TransportShardSingleOperationAction.java:94) ~[elasticsearch-0.90.2.jar:na]
	at org.elasticsearch.action.support.single.shard.TransportShardSingleOperationAction.doExecute(TransportShardSingleOperationAction.java:71) ~[elasticsearch-0.90.2.jar:na]
	at org.elasticsearch.action.support.single.shard.TransportShardSingleOperationAction.doExecute(TransportShardSingleOperationAction.java:46) ~[elasticsearch-0.90.2.jar:na]
	at org.elasticsearch.action.support.TransportAction.execute(TransportAction.java:61) ~[elasticsearch-0.90.2.jar:na]
	at org.elasticsearch.client.node.NodeClient.execute(NodeClient.java:92) ~[elasticsearch-0.90.2.jar:na]
	at org.elasticsearch.client.support.AbstractClient.get(AbstractClient.java:179) ~[elasticsearch-0.90.2.jar:na]
	at org.elasticsearch.action.get.GetRequestBuilder.doExecute(GetRequestBuilder.java:112) ~[elasticsearch-0.90.2.jar:na]
	at org.elasticsearch.action.ActionRequestBuilder.execute(ActionRequestBuilder.java:62) ~[elasticsearch-0.90.2.jar:na]
	at org.elasticsearch.action.ActionRequestBuilder.execute(ActionRequestBuilder.java:57) ~[elasticsearch-0.90.2.jar:na]
	at org.elasticsearch.action.ActionRequestBuilder$execute.call(Unknown Source) ~[na:na]
	at com.rackspace.search.elasticsearch.client.ElasticSearchClient.getDocument(ElasticSearchClient.groovy:209) ~[classes/:na]
	at com.rackspace.search.elasticsearch.client.ElasticSearchClient$getDocument.call(Unknown Source) [classes/:na]
	at com.rackspace.search.service.JobService.getJob(JobService.groovy:56) [classes/:na]
	at com.rackspace.search.service.JobService$getJob$0.callCurrent(Unknown Source) [classes/:na]
	at com.rackspace.search.service.JobService.getJob(JobService.groovy:52) [classes/:na]
	at com.rackspace.search.service.JobService$getJob.call(Unknown Source) [classes/:na]
	at com.rackspace.search.service.admin.AccountOndemandSyncJob.windupActivities(AccountOndemandSyncJob.groovy:119) [classes/:na]
	at sun.reflect.NativeMethodAccessorImpl.invoke0(Native Method) ~[na:1.6.0_38]
	at sun.reflect.NativeMethodAccessorImpl.invoke(NativeMethodAccessorImpl.java:39) ~[na:1.6.0_38]
	at sun.reflect.DelegatingMethodAccessorImpl.invoke(DelegatingMethodAccessorImpl.java:25) ~[na:1.6.0_38]
	at java.lang.reflect.Method.invoke(Method.java:597) ~[na:1.6.0_38]
	at org.springframework.beans.factory.annotation.InitDestroyAnnotationBeanPostProcessor$LifecycleElement.invoke(InitDestroyAnnotationBeanPostProcessor.java:340) [spring-beans-3.0.6.RELEASE.jar:3.0.6.RELEASE]
	at org.springframework.beans.factory.annotation.InitDestroyAnnotationBeanPostProcessor$LifecycleMetadata.invokeDestroyMethods(InitDestroyAnnotationBeanPostProcessor.java:305) [spring-beans-3.0.6.RELEASE.jar:3.0.6.RELEASE]
	at org.springframework.beans.factory.annotation.InitDestroyAnnotationBeanPostProcessor.postProcessBeforeDestruction(InitDestroyAnnotationBeanPostProcessor.java:148) [spring-beans-3.0.6.RELEASE.jar:3.0.6.RELEASE]
	at org.springframework.beans.factory.support.DisposableBeanAdapter.destroy(DisposableBeanAdapter.java:166) [spring-beans-3.0.6.RELEASE.jar:3.0.6.RELEASE]
	at org.springframework.beans.factory.support.DefaultSingletonBeanRegistry.destroyBean(DefaultSingletonBeanRegistry.java:487) [spring-beans-3.0.6.RELEASE.jar:3.0.6.RELEASE]
	at org.springframework.beans.factory.support.DefaultSingletonBeanRegistry.destroySingleton(DefaultSingletonBeanRegistry.java:463) [spring-beans-3.0.6.RELEASE.jar:3.0.6.RELEASE]
	at org.springframework.beans.factory.support.DefaultSingletonBeanRegistry.destroySingletons(DefaultSingletonBeanRegistry.java:431) [spring-beans-3.0.6.RELEASE.jar:3.0.6.RELEASE]
	at org.springframework.context.support.AbstractApplicationContext.destroyBeans(AbstractApplicationContext.java:1048) [spring-context-3.0.6.RELEASE.jar:3.0.6.RELEASE]
	at org.springframework.context.support.AbstractApplicationContext.refresh(AbstractApplicationContext.java:433) [spring-context-3.0.6.RELEASE.jar:3.0.6.RELEASE]
	at org.springframework.test.context.support.AbstractGenericContextLoader.loadContext(AbstractGenericContextLoader.java:84) [spring-test-3.0.6.RELEASE.jar:3.0.6.RELEASE]
	at org.springframework.test.context.support.AbstractGenericContextLoader.loadContext(AbstractGenericContextLoader.java:1) [spring-test-3.0.6.RELEASE.jar:3.0.6.RELEASE]
	at org.springframework.test.context.TestContext.loadApplicationContext(TestContext.java:280) [spring-test-3.0.6.RELEASE.jar:3.0.6.RELEASE]
	at org.springframework.test.context.TestContext.getApplicationContext(TestContext.java:304) [spring-test-3.0.6.RELEASE.jar:3.0.6.RELEASE]
	at org.springframework.test.context.support.DependencyInjectionTestExecutionListener.injectDependencies(DependencyInjectionTestExecutionListener.java:109) [spring-test-3.0.6.RELEASE.jar:3.0.6.RELEASE]
	at org.springframework.test.context.support.DependencyInjectionTestExecutionListener.prepareTestInstance(DependencyInjectionTestExecutionListener.java:75) [spring-test-3.0.6.RELEASE.jar:3.0.6.RELEASE]
	at org.springframework.test.context.TestContextManager.prepareTestInstance(TestContextManager.java:321) [spring-test-3.0.6.RELEASE.jar:3.0.6.RELEASE]
	at org.spockframework.spring.SpringTestContextManager.prepareTestInstance(SpringTestContextManager.java:49) [spock-spring-0.7-groovy-2.0.jar:na]
	at org.spockframework.spring.SpringInterceptor.interceptSetupMethod(SpringInterceptor.java:42) [spock-spring-0.7-groovy-2.0.jar:na]
	at org.spockframework.runtime.extension.AbstractMethodInterceptor.intercept(AbstractMethodInterceptor.java:28) [spock-core-0.7-groovy-2.0.jar:na]
	at org.spockframework.runtime.extension.MethodInvocation.proceed(MethodInvocation.java:84) [spock-core-0.7-groovy-2.0.jar:na]
	at org.spockframework.runtime.BaseSpecRunner.invoke(BaseSpecRunner.java:319) [spock-core-0.7-groovy-2.0.jar:na]
	at org.spockframework.runtime.BaseSpecRunner.invokeSetup(BaseSpecRunner.java:279) [spock-core-0.7-groovy-2.0.jar:na]
	at org.spockframework.runtime.BaseSpecRunner.doRunIteration(BaseSpecRunner.java:255) [spock-core-0.7-groovy-2.0.jar:na]
	at sun.reflect.GeneratedMethodAccessor5.invoke(Unknown Source) ~[na:na]
	at sun.reflect.DelegatingMethodAccessorImpl.invoke(DelegatingMethodAccessorImpl.java:25) ~[na:1.6.0_38]
	at java.lang.reflect.Method.invoke(Method.java:597) ~[na:1.6.0_38]
	at org.spockframework.util.ReflectionUtil.invokeMethod(ReflectionUtil.java:138) [spock-core-0.7-groovy-2.0.jar:na]
	at org.spockframework.runtime.BaseSpecRunner.invokeRaw(BaseSpecRunner.java:330) [spock-core-0.7-groovy-2.0.jar:na]
	at org.spockframework.runtime.BaseSpecRunner.invoke(BaseSpecRunner.java:311) [spock-core-0.7-groovy-2.0.jar:na]
	at org.spockframework.runtime.BaseSpecRunner.runIteration(BaseSpecRunner.java:223) [spock-core-0.7-groovy-2.0.jar:na]
	at org.spockframework.runtime.BaseSpecRunner.initializeAndRunIteration(BaseSpecRunner.java:214) [spock-core-0.7-groovy-2.0.jar:na]
	at org.spockframework.runtime.BaseSpecRunner.runSimpleFeature(BaseSpecRunner.java:205) [spock-core-0.7-groovy-2.0.jar:na]
	at org.spockframework.runtime.BaseSpecRunner.doRunFeature(BaseSpecRunner.java:199) [spock-core-0.7-groovy-2.0.jar:na]
	at sun.reflect.GeneratedMethodAccessor7.invoke(Unknown Source) ~[na:na]
	at sun.reflect.DelegatingMethodAccessorImpl.invoke(DelegatingMethodAccessorImpl.java:25) ~[na:1.6.0_38]
	at java.lang.reflect.Method.invoke(Method.java:597) ~[na:1.6.0_38]
	at org.spockframework.util.ReflectionUtil.invokeMethod(ReflectionUtil.java:138) [spock-core-0.7-groovy-2.0.jar:na]
	at org.spockframework.runtime.BaseSpecRunner.invokeRaw(BaseSpecRunner.java:330) [spock-core-0.7-groovy-2.0.jar:na]
	at org.spockframework.runtime.BaseSpecRunner.invoke(BaseSpecRunner.java:311) [spock-core-0.7-groovy-2.0.jar:na]
	at org.spockframework.runtime.BaseSpecRunner.runFeature(BaseSpecRunner.java:175) [spock-core-0.7-groovy-2.0.jar:na]
	at org.spockframework.runtime.BaseSpecRunner.runFeatures(BaseSpecRunner.java:152) [spock-core-0.7-groovy-2.0.jar:na]
	at org.spockframework.runtime.BaseSpecRunner.doRunSpec(BaseSpecRunner.java:112) [spock-core-0.7-groovy-2.0.jar:na]
	at sun.reflect.GeneratedMethodAccessor11.invoke(Unknown Source) ~[na:na]
	at sun.reflect.DelegatingMethodAccessorImpl.invoke(DelegatingMethodAccessorImpl.java:25) ~[na:1.6.0_38]
	at java.lang.reflect.Method.invoke(Method.java:597) ~[na:1.6.0_38]
	at org.spockframework.util.ReflectionUtil.invokeMethod(ReflectionUtil.java:138) [spock-core-0.7-groovy-2.0.jar:na]
	at org.spockframework.runtime.BaseSpecRunner.invokeRaw(BaseSpecRunner.java:330) [spock-core-0.7-groovy-2.0.jar:na]
	at org.spockframework.runtime.BaseSpecRunner.invoke(BaseSpecRunner.java:311) [spock-core-0.7-groovy-2.0.jar:na]
	at org.spockframework.runtime.BaseSpecRunner.runSpec(BaseSpecRunner.java:91) [spock-core-0.7-groovy-2.0.jar:na]
	at org.spockframework.runtime.BaseSpecRunner.run(BaseSpecRunner.java:82) [spock-core-0.7-groovy-2.0.jar:na]
	at org.spockframework.runtime.Sputnik.run(Sputnik.java:63) [spock-core-0.7-groovy-2.0.jar:na]
	at org.apache.maven.surefire.junit4.JUnit4TestSet.execute(JUnit4TestSet.java:53) [surefire-junit4-2.10.jar:2.10]
	at org.apache.maven.surefire.junit4.JUnit4Provider.executeTestSet(JUnit4Provider.java:123) [surefire-junit4-2.10.jar:2.10]
	at org.apache.maven.surefire.junit4.JUnit4Provider.invoke(JUnit4Provider.java:104) [surefire-junit4-2.10.jar:2.10]
	at sun.reflect.NativeMethodAccessorImpl.invoke0(Native Method) ~[na:1.6.0_38]
	at sun.reflect.NativeMethodAccessorImpl.invoke(NativeMethodAccessorImpl.java:39) ~[na:1.6.0_38]
	at sun.reflect.DelegatingMethodAccessorImpl.invoke(DelegatingMethodAccessorImpl.java:25) ~[na:1.6.0_38]
	at java.lang.reflect.Method.invoke(Method.java:597) ~[na:1.6.0_38]
	at org.apache.maven.surefire.util.ReflectionUtils.invokeMethodWithArray(ReflectionUtils.java:164) [surefire-api-2.10.jar:2.10]
	at org.apache.maven.surefire.booter.ProviderFactory$ProviderProxy.invoke(ProviderFactory.java:110) [surefire-booter-2.10.jar:2.10]
	at org.apache.maven.surefire.booter.SurefireStarter.invokeProvider(SurefireStarter.java:175) [surefire-booter-2.10.jar:2.10]
	at org.apache.maven.surefire.booter.SurefireStarter.runSuitesInProcessWhenForked(SurefireStarter.java:107) [surefire-booter-2.10.jar:2.10]
	at org.apache.maven.surefire.booter.ForkedBooter.main(ForkedBooter.java:68) [surefire-booter-2.10.jar:2.10]
22:05:14.842 [main] WARN  o.s.c.a.CommonAnnotationBeanPostProcessor - Invocation of destroy method failed on bean with name &apos;accountOndemandSyncJob&apos;: com.rackspace.search.exception.NotFoundException: Index is missing
22:05:14.846 [main] ERROR c.r.s.e.client.ElasticSearchClient - Index is missing
org.elasticsearch.indices.IndexMissingException: [admin] missing
	at org.elasticsearch.cluster.metadata.MetaData.concreteIndex(MetaData.java:616) ~[elasticsearch-0.90.2.jar:na]
	at org.elasticsearch.action.get.TransportGetAction.resolveRequest(TransportGetAction.java:90) ~[elasticsearch-0.90.2.jar:na]
	at org.elasticsearch.action.get.TransportGetAction.resolveRequest(TransportGetAction.java:42) ~[elasticsearch-0.90.2.jar:na]
	at org.elasticsearch.action.support.single.shard.TransportShardSingleOperationAction$AsyncSingleAction.&lt;init&gt;(TransportShardSingleOperationAction.java:114) ~[elasticsearch-0.90.2.jar:na]
	at org.elasticsearch.action.support.single.shard.TransportShardSingleOperationAction$AsyncSingleAction.&lt;init&gt;(TransportShardSingleOperationAction.java:94) ~[elasticsearch-0.90.2.jar:na]
	at org.elasticsearch.action.support.single.shard.TransportShardSingleOperationAction.doExecute(TransportShardSingleOperationAction.java:71) ~[elasticsearch-0.90.2.jar:na]
	at org.elasticsearch.action.support.single.shard.TransportShardSingleOperationAction.doExecute(TransportShardSingleOperationAction.java:46) ~[elasticsearch-0.90.2.jar:na]
	at org.elasticsearch.action.support.TransportAction.execute(TransportAction.java:61) ~[elasticsearch-0.90.2.jar:na]
	at org.elasticsearch.client.node.NodeClient.execute(NodeClient.java:92) ~[elasticsearch-0.90.2.jar:na]
	at org.elasticsearch.client.support.AbstractClient.get(AbstractClient.java:179) ~[elasticsearch-0.90.2.jar:na]
	at org.elasticsearch.action.get.GetRequestBuilder.doExecute(GetRequestBuilder.java:112) ~[elasticsearch-0.90.2.jar:na]
	at org.elasticsearch.action.ActionRequestBuilder.execute(ActionRequestBuilder.java:62) ~[elasticsearch-0.90.2.jar:na]
	at org.elasticsearch.action.ActionRequestBuilder.execute(ActionRequestBuilder.java:57) ~[elasticsearch-0.90.2.jar:na]
	at org.elasticsearch.action.ActionRequestBuilder$execute.call(Unknown Source) ~[na:na]
	at com.rackspace.search.elasticsearch.client.ElasticSearchClient.getDocument(ElasticSearchClient.groovy:209) ~[classes/:na]
	at com.rackspace.search.elasticsearch.client.ElasticSearchClient$getDocument.call(Unknown Source) [classes/:na]
	at com.rackspace.search.service.JobService.getJob(JobService.groovy:56) [classes/:na]
	at com.rackspace.search.service.JobService$getJob$0.callCurrent(Unknown Source) [classes/:na]
	at com.rackspace.search.service.JobService.getJob(JobService.groovy:52) [classes/:na]
	at com.rackspace.search.service.JobService$getJob.call(Unknown Source) [classes/:na]
	at com.rackspace.search.service.account.CoreAccountOnetimeSyncJob.windupActivities(CoreAccountOnetimeSyncJob.groovy:58) [classes/:na]
	at sun.reflect.NativeMethodAccessorImpl.invoke0(Native Method) ~[na:1.6.0_38]
	at sun.reflect.NativeMethodAccessorImpl.invoke(NativeMethodAccessorImpl.java:39) ~[na:1.6.0_38]
	at sun.reflect.DelegatingMethodAccessorImpl.invoke(DelegatingMethodAccessorImpl.java:25) ~[na:1.6.0_38]
	at java.lang.reflect.Method.invoke(Method.java:597) ~[na:1.6.0_38]
	at org.springframework.beans.factory.annotation.InitDestroyAnnotationBeanPostProcessor$LifecycleElement.invoke(InitDestroyAnnotationBeanPostProcessor.java:340) [spring-beans-3.0.6.RELEASE.jar:3.0.6.RELEASE]
	at org.springframework.beans.factory.annotation.InitDestroyAnnotationBeanPostProcessor$LifecycleMetadata.invokeDestroyMethods(InitDestroyAnnotationBeanPostProcessor.java:305) [spring-beans-3.0.6.RELEASE.jar:3.0.6.RELEASE]
	at org.springframework.beans.factory.annotation.InitDestroyAnnotationBeanPostProcessor.postProcessBeforeDestruction(InitDestroyAnnotationBeanPostProcessor.java:148) [spring-beans-3.0.6.RELEASE.jar:3.0.6.RELEASE]
	at org.springframework.beans.factory.support.DisposableBeanAdapter.destroy(DisposableBeanAdapter.java:166) [spring-beans-3.0.6.RELEASE.jar:3.0.6.RELEASE]
	at org.springframework.beans.factory.support.DefaultSingletonBeanRegistry.destroyBean(DefaultSingletonBeanRegistry.java:487) [spring-beans-3.0.6.RELEASE.jar:3.0.6.RELEASE]
	at org.springframework.beans.factory.support.DefaultSingletonBeanRegistry.destroySingleton(DefaultSingletonBeanRegistry.java:463) [spring-beans-3.0.6.RELEASE.jar:3.0.6.RELEASE]
	at org.springframework.beans.factory.support.DefaultSingletonBeanRegistry.destroySingletons(DefaultSingletonBeanRegistry.java:431) [spring-beans-3.0.6.RELEASE.jar:3.0.6.RELEASE]
	at org.springframework.context.support.AbstractApplicationContext.destroyBeans(AbstractApplicationContext.java:1048) [spring-context-3.0.6.RELEASE.jar:3.0.6.RELEASE]
	at org.springframework.context.support.AbstractApplicationContext.refresh(AbstractApplicationContext.java:433) [spring-context-3.0.6.RELEASE.jar:3.0.6.RELEASE]
	at org.springframework.test.context.support.AbstractGenericContextLoader.loadContext(AbstractGenericContextLoader.java:84) [spring-test-3.0.6.RELEASE.jar:3.0.6.RELEASE]
	at org.springframework.test.context.support.AbstractGenericContextLoader.loadContext(AbstractGenericContextLoader.java:1) [spring-test-3.0.6.RELEASE.jar:3.0.6.RELEASE]
	at org.springframework.test.context.TestContext.loadApplicationContext(TestContext.java:280) [spring-test-3.0.6.RELEASE.jar:3.0.6.RELEASE]
	at org.springframework.test.context.TestContext.getApplicationContext(TestContext.java:304) [spring-test-3.0.6.RELEASE.jar:3.0.6.RELEASE]
	at org.springframework.test.context.support.DependencyInjectionTestExecutionListener.injectDependencies(DependencyInjectionTestExecutionListener.java:109) [spring-test-3.0.6.RELEASE.jar:3.0.6.RELEASE]
	at org.springframework.test.context.support.DependencyInjectionTestExecutionListener.prepareTestInstance(DependencyInjectionTestExecutionListener.java:75) [spring-test-3.0.6.RELEASE.jar:3.0.6.RELEASE]
	at org.springframework.test.context.TestContextManager.prepareTestInstance(TestContextManager.java:321) [spring-test-3.0.6.RELEASE.jar:3.0.6.RELEASE]
	at org.spockframework.spring.SpringTestContextManager.prepareTestInstance(SpringTestContextManager.java:49) [spock-spring-0.7-groovy-2.0.jar:na]
	at org.spockframework.spring.SpringInterceptor.interceptSetupMethod(SpringInterceptor.java:42) [spock-spring-0.7-groovy-2.0.jar:na]
	at org.spockframework.runtime.extension.AbstractMethodInterceptor.intercept(AbstractMethodInterceptor.java:28) [spock-core-0.7-groovy-2.0.jar:na]
	at org.spockframework.runtime.extension.MethodInvocation.proceed(MethodInvocation.java:84) [spock-core-0.7-groovy-2.0.jar:na]
	at org.spockframework.runtime.BaseSpecRunner.invoke(BaseSpecRunner.java:319) [spock-core-0.7-groovy-2.0.jar:na]
	at org.spockframework.runtime.BaseSpecRunner.invokeSetup(BaseSpecRunner.java:279) [spock-core-0.7-groovy-2.0.jar:na]
	at org.spockframework.runtime.BaseSpecRunner.doRunIteration(BaseSpecRunner.java:255) [spock-core-0.7-groovy-2.0.jar:na]
	at sun.reflect.GeneratedMethodAccessor5.invoke(Unknown Source) ~[na:na]
	at sun.reflect.DelegatingMethodAccessorImpl.invoke(DelegatingMethodAccessorImpl.java:25) ~[na:1.6.0_38]
	at java.lang.reflect.Method.invoke(Method.java:597) ~[na:1.6.0_38]
	at org.spockframework.util.ReflectionUtil.invokeMethod(ReflectionUtil.java:138) [spock-core-0.7-groovy-2.0.jar:na]
	at org.spockframework.runtime.BaseSpecRunner.invokeRaw(BaseSpecRunner.java:330) [spock-core-0.7-groovy-2.0.jar:na]
	at org.spockframework.runtime.BaseSpecRunner.invoke(BaseSpecRunner.java:311) [spock-core-0.7-groovy-2.0.jar:na]
	at org.spockframework.runtime.BaseSpecRunner.runIteration(BaseSpecRunner.java:223) [spock-core-0.7-groovy-2.0.jar:na]
	at org.spockframework.runtime.BaseSpecRunner.initializeAndRunIteration(BaseSpecRunner.java:214) [spock-core-0.7-groovy-2.0.jar:na]
	at org.spockframework.runtime.BaseSpecRunner.runSimpleFeature(BaseSpecRunner.java:205) [spock-core-0.7-groovy-2.0.jar:na]
	at org.spockframework.runtime.BaseSpecRunner.doRunFeature(BaseSpecRunner.java:199) [spock-core-0.7-groovy-2.0.jar:na]
	at sun.reflect.GeneratedMethodAccessor7.invoke(Unknown Source) ~[na:na]
	at sun.reflect.DelegatingMethodAccessorImpl.invoke(DelegatingMethodAccessorImpl.java:25) ~[na:1.6.0_38]
	at java.lang.reflect.Method.invoke(Method.java:597) ~[na:1.6.0_38]
	at org.spockframework.util.ReflectionUtil.invokeMethod(ReflectionUtil.java:138) [spock-core-0.7-groovy-2.0.jar:na]
	at org.spockframework.runtime.BaseSpecRunner.invokeRaw(BaseSpecRunner.java:330) [spock-core-0.7-groovy-2.0.jar:na]
	at org.spockframework.runtime.BaseSpecRunner.invoke(BaseSpecRunner.java:311) [spock-core-0.7-groovy-2.0.jar:na]
	at org.spockframework.runtime.BaseSpecRunner.runFeature(BaseSpecRunner.java:175) [spock-core-0.7-groovy-2.0.jar:na]
	at org.spockframework.runtime.BaseSpecRunner.runFeatures(BaseSpecRunner.java:152) [spock-core-0.7-groovy-2.0.jar:na]
	at org.spockframework.runtime.BaseSpecRunner.doRunSpec(BaseSpecRunner.java:112) [spock-core-0.7-groovy-2.0.jar:na]
	at sun.reflect.GeneratedMethodAccessor11.invoke(Unknown Source) ~[na:na]
	at sun.reflect.DelegatingMethodAccessorImpl.invoke(DelegatingMethodAccessorImpl.java:25) ~[na:1.6.0_38]
	at java.lang.reflect.Method.invoke(Method.java:597) ~[na:1.6.0_38]
	at org.spockframework.util.ReflectionUtil.invokeMethod(ReflectionUtil.java:138) [spock-core-0.7-groovy-2.0.jar:na]
	at org.spockframework.runtime.BaseSpecRunner.invokeRaw(BaseSpecRunner.java:330) [spock-core-0.7-groovy-2.0.jar:na]
	at org.spockframework.runtime.BaseSpecRunner.invoke(BaseSpecRunner.java:311) [spock-core-0.7-groovy-2.0.jar:na]
	at org.spockframework.runtime.BaseSpecRunner.runSpec(BaseSpecRunner.java:91) [spock-core-0.7-groovy-2.0.jar:na]
	at org.spockframework.runtime.BaseSpecRunner.run(BaseSpecRunner.java:82) [spock-core-0.7-groovy-2.0.jar:na]
	at org.spockframework.runtime.Sputnik.run(Sputnik.java:63) [spock-core-0.7-groovy-2.0.jar:na]
	at org.apache.maven.surefire.junit4.JUnit4TestSet.execute(JUnit4TestSet.java:53) [surefire-junit4-2.10.jar:2.10]
	at org.apache.maven.surefire.junit4.JUnit4Provider.executeTestSet(JUnit4Provider.java:123) [surefire-junit4-2.10.jar:2.10]
	at org.apache.maven.surefire.junit4.JUnit4Provider.invoke(JUnit4Provider.java:104) [surefire-junit4-2.10.jar:2.10]
	at sun.reflect.NativeMethodAccessorImpl.invoke0(Native Method) ~[na:1.6.0_38]
	at sun.reflect.NativeMethodAccessorImpl.invoke(NativeMethodAccessorImpl.java:39) ~[na:1.6.0_38]
	at sun.reflect.DelegatingMethodAccessorImpl.invoke(DelegatingMethodAccessorImpl.java:25) ~[na:1.6.0_38]
	at java.lang.reflect.Method.invoke(Method.java:597) ~[na:1.6.0_38]
	at org.apache.maven.surefire.util.ReflectionUtils.invokeMethodWithArray(ReflectionUtils.java:164) [surefire-api-2.10.jar:2.10]
	at org.apache.maven.surefire.booter.ProviderFactory$ProviderProxy.invoke(ProviderFactory.java:110) [surefire-booter-2.10.jar:2.10]
	at org.apache.maven.surefire.booter.SurefireStarter.invokeProvider(SurefireStarter.java:175) [surefire-booter-2.10.jar:2.10]
	at org.apache.maven.surefire.booter.SurefireStarter.runSuitesInProcessWhenForked(SurefireStarter.java:107) [surefire-booter-2.10.jar:2.10]
	at org.apache.maven.surefire.booter.ForkedBooter.main(ForkedBooter.java:68) [surefire-booter-2.10.jar:2.10]
22:05:14.848 [main] WARN  o.s.c.a.CommonAnnotationBeanPostProcessor - Invocation of destroy method failed on bean with name &apos;coreAccountOnetimeSyncJob&apos;: com.rackspace.search.exception.NotFoundException: Index is missing
22:05:14.852 [main] ERROR c.r.s.e.client.ElasticSearchClient - Index is missing
org.elasticsearch.indices.IndexMissingException: [admin] missing
	at org.elasticsearch.cluster.metadata.MetaData.concreteIndex(MetaData.java:616) ~[elasticsearch-0.90.2.jar:na]
	at org.elasticsearch.action.get.TransportGetAction.resolveRequest(TransportGetAction.java:90) ~[elasticsearch-0.90.2.jar:na]
	at org.elasticsearch.action.get.TransportGetAction.resolveRequest(TransportGetAction.java:42) ~[elasticsearch-0.90.2.jar:na]
	at org.elasticsearch.action.support.single.shard.TransportShardSingleOperationAction$AsyncSingleAction.&lt;init&gt;(TransportShardSingleOperationAction.java:114) ~[elasticsearch-0.90.2.jar:na]
	at org.elasticsearch.action.support.single.shard.TransportShardSingleOperationAction$AsyncSingleAction.&lt;init&gt;(TransportShardSingleOperationAction.java:94) ~[elasticsearch-0.90.2.jar:na]
	at org.elasticsearch.action.support.single.shard.TransportShardSingleOperationAction.doExecute(TransportShardSingleOperationAction.java:71) ~[elasticsearch-0.90.2.jar:na]
	at org.elasticsearch.action.support.single.shard.TransportShardSingleOperationAction.doExecute(TransportShardSingleOperationAction.java:46) ~[elasticsearch-0.90.2.jar:na]
	at org.elasticsearch.action.support.TransportAction.execute(TransportAction.java:61) ~[elasticsearch-0.90.2.jar:na]
	at org.elasticsearch.client.node.NodeClient.execute(NodeClient.java:92) ~[elasticsearch-0.90.2.jar:na]
	at org.elasticsearch.client.support.AbstractClient.get(AbstractClient.java:179) ~[elasticsearch-0.90.2.jar:na]
	at org.elasticsearch.action.get.GetRequestBuilder.doExecute(GetRequestBuilder.java:112) ~[elasticsearch-0.90.2.jar:na]
	at org.elasticsearch.action.ActionRequestBuilder.execute(ActionRequestBuilder.java:62) ~[elasticsearch-0.90.2.jar:na]
	at org.elasticsearch.action.ActionRequestBuilder.execute(ActionRequestBuilder.java:57) ~[elasticsearch-0.90.2.jar:na]
	at org.elasticsearch.action.ActionRequestBuilder$execute.call(Unknown Source) ~[na:na]
	at com.rackspace.search.elasticsearch.client.ElasticSearchClient.getDocument(ElasticSearchClient.groovy:209) ~[classes/:na]
	at com.rackspace.search.elasticsearch.client.ElasticSearchClient$getDocument.call(Unknown Source) [classes/:na]
	at com.rackspace.search.service.JobService.getJob(JobService.groovy:56) [classes/:na]
	at com.rackspace.search.service.JobService$getJob$0.callCurrent(Unknown Source) [classes/:na]
	at com.rackspace.search.service.JobService.getJob(JobService.groovy:52) [classes/:na]
	at com.rackspace.search.service.JobService$getJob.call(Unknown Source) [classes/:na]
	at com.rackspace.search.service.account.CoreAccountUpdateSyncJob.windupActivities(CoreAccountUpdateSyncJob.groovy:88) [classes/:na]
	at sun.reflect.NativeMethodAccessorImpl.invoke0(Native Method) ~[na:1.6.0_38]
	at sun.reflect.NativeMethodAccessorImpl.invoke(NativeMethodAccessorImpl.java:39) ~[na:1.6.0_38]
	at sun.reflect.DelegatingMethodAccessorImpl.invoke(DelegatingMethodAccessorImpl.java:25) ~[na:1.6.0_38]
	at java.lang.reflect.Method.invoke(Method.java:597) ~[na:1.6.0_38]
	at org.springframework.beans.factory.annotation.InitDestroyAnnotationBeanPostProcessor$LifecycleElement.invoke(InitDestroyAnnotationBeanPostProcessor.java:340) [spring-beans-3.0.6.RELEASE.jar:3.0.6.RELEASE]
	at org.springframework.beans.factory.annotation.InitDestroyAnnotationBeanPostProcessor$LifecycleMetadata.invokeDestroyMethods(InitDestroyAnnotationBeanPostProcessor.java:305) [spring-beans-3.0.6.RELEASE.jar:3.0.6.RELEASE]
	at org.springframework.beans.factory.annotation.InitDestroyAnnotationBeanPostProcessor.postProcessBeforeDestruction(InitDestroyAnnotationBeanPostProcessor.java:148) [spring-beans-3.0.6.RELEASE.jar:3.0.6.RELEASE]
	at org.springframework.beans.factory.support.DisposableBeanAdapter.destroy(DisposableBeanAdapter.java:166) [spring-beans-3.0.6.RELEASE.jar:3.0.6.RELEASE]
	at org.springframework.beans.factory.support.DefaultSingletonBeanRegistry.destroyBean(DefaultSingletonBeanRegistry.java:487) [spring-beans-3.0.6.RELEASE.jar:3.0.6.RELEASE]
	at org.springframework.beans.factory.support.DefaultSingletonBeanRegistry.destroySingleton(DefaultSingletonBeanRegistry.java:463) [spring-beans-3.0.6.RELEASE.jar:3.0.6.RELEASE]
	at org.springframework.beans.factory.support.DefaultSingletonBeanRegistry.destroySingletons(DefaultSingletonBeanRegistry.java:431) [spring-beans-3.0.6.RELEASE.jar:3.0.6.RELEASE]
	at org.springframework.context.support.AbstractApplicationContext.destroyBeans(AbstractApplicationContext.java:1048) [spring-context-3.0.6.RELEASE.jar:3.0.6.RELEASE]
	at org.springframework.context.support.AbstractApplicationContext.refresh(AbstractApplicationContext.java:433) [spring-context-3.0.6.RELEASE.jar:3.0.6.RELEASE]
	at org.springframework.test.context.support.AbstractGenericContextLoader.loadContext(AbstractGenericContextLoader.java:84) [spring-test-3.0.6.RELEASE.jar:3.0.6.RELEASE]
	at org.springframework.test.context.support.AbstractGenericContextLoader.loadContext(AbstractGenericContextLoader.java:1) [spring-test-3.0.6.RELEASE.jar:3.0.6.RELEASE]
	at org.springframework.test.context.TestContext.loadApplicationContext(TestContext.java:280) [spring-test-3.0.6.RELEASE.jar:3.0.6.RELEASE]
	at org.springframework.test.context.TestContext.getApplicationContext(TestContext.java:304) [spring-test-3.0.6.RELEASE.jar:3.0.6.RELEASE]
	at org.springframework.test.context.support.DependencyInjectionTestExecutionListener.injectDependencies(DependencyInjectionTestExecutionListener.java:109) [spring-test-3.0.6.RELEASE.jar:3.0.6.RELEASE]
	at org.springframework.test.context.support.DependencyInjectionTestExecutionListener.prepareTestInstance(DependencyInjectionTestExecutionListener.java:75) [spring-test-3.0.6.RELEASE.jar:3.0.6.RELEASE]
	at org.springframework.test.context.TestContextManager.prepareTestInstance(TestContextManager.java:321) [spring-test-3.0.6.RELEASE.jar:3.0.6.RELEASE]
	at org.spockframework.spring.SpringTestContextManager.prepareTestInstance(SpringTestContextManager.java:49) [spock-spring-0.7-groovy-2.0.jar:na]
	at org.spockframework.spring.SpringInterceptor.interceptSetupMethod(SpringInterceptor.java:42) [spock-spring-0.7-groovy-2.0.jar:na]
	at org.spockframework.runtime.extension.AbstractMethodInterceptor.intercept(AbstractMethodInterceptor.java:28) [spock-core-0.7-groovy-2.0.jar:na]
	at org.spockframework.runtime.extension.MethodInvocation.proceed(MethodInvocation.java:84) [spock-core-0.7-groovy-2.0.jar:na]
	at org.spockframework.runtime.BaseSpecRunner.invoke(BaseSpecRunner.java:319) [spock-core-0.7-groovy-2.0.jar:na]
	at org.spockframework.runtime.BaseSpecRunner.invokeSetup(BaseSpecRunner.java:279) [spock-core-0.7-groovy-2.0.jar:na]
	at org.spockframework.runtime.BaseSpecRunner.doRunIteration(BaseSpecRunner.java:255) [spock-core-0.7-groovy-2.0.jar:na]
	at sun.reflect.GeneratedMethodAccessor5.invoke(Unknown Source) ~[na:na]
	at sun.reflect.DelegatingMethodAccessorImpl.invoke(DelegatingMethodAccessorImpl.java:25) ~[na:1.6.0_38]
	at java.lang.reflect.Method.invoke(Method.java:597) ~[na:1.6.0_38]
	at org.spockframework.util.ReflectionUtil.invokeMethod(ReflectionUtil.java:138) [spock-core-0.7-groovy-2.0.jar:na]
	at org.spockframework.runtime.BaseSpecRunner.invokeRaw(BaseSpecRunner.java:330) [spock-core-0.7-groovy-2.0.jar:na]
	at org.spockframework.runtime.BaseSpecRunner.invoke(BaseSpecRunner.java:311) [spock-core-0.7-groovy-2.0.jar:na]
	at org.spockframework.runtime.BaseSpecRunner.runIteration(BaseSpecRunner.java:223) [spock-core-0.7-groovy-2.0.jar:na]
	at org.spockframework.runtime.BaseSpecRunner.initializeAndRunIteration(BaseSpecRunner.java:214) [spock-core-0.7-groovy-2.0.jar:na]
	at org.spockframework.runtime.BaseSpecRunner.runSimpleFeature(BaseSpecRunner.java:205) [spock-core-0.7-groovy-2.0.jar:na]
	at org.spockframework.runtime.BaseSpecRunner.doRunFeature(BaseSpecRunner.java:199) [spock-core-0.7-groovy-2.0.jar:na]
	at sun.reflect.GeneratedMethodAccessor7.invoke(Unknown Source) ~[na:na]
	at sun.reflect.DelegatingMethodAccessorImpl.invoke(DelegatingMethodAccessorImpl.java:25) ~[na:1.6.0_38]
	at java.lang.reflect.Method.invoke(Method.java:597) ~[na:1.6.0_38]
	at org.spockframework.util.ReflectionUtil.invokeMethod(ReflectionUtil.java:138) [spock-core-0.7-groovy-2.0.jar:na]
	at org.spockframework.runtime.BaseSpecRunner.invokeRaw(BaseSpecRunner.java:330) [spock-core-0.7-groovy-2.0.jar:na]
	at org.spockframework.runtime.BaseSpecRunner.invoke(BaseSpecRunner.java:311) [spock-core-0.7-groovy-2.0.jar:na]
	at org.spockframework.runtime.BaseSpecRunner.runFeature(BaseSpecRunner.java:175) [spock-core-0.7-groovy-2.0.jar:na]
	at org.spockframework.runtime.BaseSpecRunner.runFeatures(BaseSpecRunner.java:152) [spock-core-0.7-groovy-2.0.jar:na]
	at org.spockframework.runtime.BaseSpecRunner.doRunSpec(BaseSpecRunner.java:112) [spock-core-0.7-groovy-2.0.jar:na]
	at sun.reflect.GeneratedMethodAccessor11.invoke(Unknown Source) ~[na:na]
	at sun.reflect.DelegatingMethodAccessorImpl.invoke(DelegatingMethodAccessorImpl.java:25) ~[na:1.6.0_38]
	at java.lang.reflect.Method.invoke(Method.java:597) ~[na:1.6.0_38]
	at org.spockframework.util.ReflectionUtil.invokeMethod(ReflectionUtil.java:138) [spock-core-0.7-groovy-2.0.jar:na]
	at org.spockframework.runtime.BaseSpecRunner.invokeRaw(BaseSpecRunner.java:330) [spock-core-0.7-groovy-2.0.jar:na]
	at org.spockframework.runtime.BaseSpecRunner.invoke(BaseSpecRunner.java:311) [spock-core-0.7-groovy-2.0.jar:na]
	at org.spockframework.runtime.BaseSpecRunner.runSpec(BaseSpecRunner.java:91) [spock-core-0.7-groovy-2.0.jar:na]
	at org.spockframework.runtime.BaseSpecRunner.run(BaseSpecRunner.java:82) [spock-core-0.7-groovy-2.0.jar:na]
	at org.spockframework.runtime.Sputnik.run(Sputnik.java:63) [spock-core-0.7-groovy-2.0.jar:na]
	at org.apache.maven.surefire.junit4.JUnit4TestSet.execute(JUnit4TestSet.java:53) [surefire-junit4-2.10.jar:2.10]
	at org.apache.maven.surefire.junit4.JUnit4Provider.executeTestSet(JUnit4Provider.java:123) [surefire-junit4-2.10.jar:2.10]
	at org.apache.maven.surefire.junit4.JUnit4Provider.invoke(JUnit4Provider.java:104) [surefire-junit4-2.10.jar:2.10]
	at sun.reflect.NativeMethodAccessorImpl.invoke0(Native Method) ~[na:1.6.0_38]
	at sun.reflect.NativeMethodAccessorImpl.invoke(NativeMethodAccessorImpl.java:39) ~[na:1.6.0_38]
	at sun.reflect.DelegatingMethodAccessorImpl.invoke(DelegatingMethodAccessorImpl.java:25) ~[na:1.6.0_38]
	at java.lang.reflect.Method.invoke(Method.java:597) ~[na:1.6.0_38]
	at org.apache.maven.surefire.util.ReflectionUtils.invokeMethodWithArray(ReflectionUtils.java:164) [surefire-api-2.10.jar:2.10]
	at org.apache.maven.surefire.booter.ProviderFactory$ProviderProxy.invoke(ProviderFactory.java:110) [surefire-booter-2.10.jar:2.10]
	at org.apache.maven.surefire.booter.SurefireStarter.invokeProvider(SurefireStarter.java:175) [surefire-booter-2.10.jar:2.10]
	at org.apache.maven.surefire.booter.SurefireStarter.runSuitesInProcessWhenForked(SurefireStarter.java:107) [surefire-booter-2.10.jar:2.10]
	at org.apache.maven.surefire.booter.ForkedBooter.main(ForkedBooter.java:68) [surefire-booter-2.10.jar:2.10]
22:05:14.853 [main] WARN  o.s.c.a.CommonAnnotationBeanPostProcessor - Invocation of destroy method failed on bean with name &apos;coreAccountUpdateSyncJob&apos;: com.rackspace.search.exception.NotFoundException: Index is missing
22:05:14.858 [main] ERROR c.r.s.e.client.ElasticSearchClient - Index is missing
org.elasticsearch.indices.IndexMissingException: [admin] missing
	at org.elasticsearch.cluster.metadata.MetaData.concreteIndex(MetaData.java:616) ~[elasticsearch-0.90.2.jar:na]
	at org.elasticsearch.action.get.TransportGetAction.resolveRequest(TransportGetAction.java:90) ~[elasticsearch-0.90.2.jar:na]
	at org.elasticsearch.action.get.TransportGetAction.resolveRequest(TransportGetAction.java:42) ~[elasticsearch-0.90.2.jar:na]
	at org.elasticsearch.action.support.single.shard.TransportShardSingleOperationAction$AsyncSingleAction.&lt;init&gt;(TransportShardSingleOperationAction.java:114) ~[elasticsearch-0.90.2.jar:na]
	at org.elasticsearch.action.support.single.shard.TransportShardSingleOperationAction$AsyncSingleAction.&lt;init&gt;(TransportShardSingleOperationAction.java:94) ~[elasticsearch-0.90.2.jar:na]
	at org.elasticsearch.action.support.single.shard.TransportShardSingleOperationAction.doExecute(TransportShardSingleOperationAction.java:71) ~[elasticsearch-0.90.2.jar:na]
	at org.elasticsearch.action.support.single.shard.TransportShardSingleOperationAction.doExecute(TransportShardSingleOperationAction.java:46) ~[elasticsearch-0.90.2.jar:na]
	at org.elasticsearch.action.support.TransportAction.execute(TransportAction.java:61) ~[elasticsearch-0.90.2.jar:na]
	at org.elasticsearch.client.node.NodeClient.execute(NodeClient.java:92) ~[elasticsearch-0.90.2.jar:na]
	at org.elasticsearch.client.support.AbstractClient.get(AbstractClient.java:179) ~[elasticsearch-0.90.2.jar:na]
	at org.elasticsearch.action.get.GetRequestBuilder.doExecute(GetRequestBuilder.java:112) ~[elasticsearch-0.90.2.jar:na]
	at org.elasticsearch.action.ActionRequestBuilder.execute(ActionRequestBuilder.java:62) ~[elasticsearch-0.90.2.jar:na]
	at org.elasticsearch.action.ActionRequestBuilder.execute(ActionRequestBuilder.java:57) ~[elasticsearch-0.90.2.jar:na]
	at org.elasticsearch.action.ActionRequestBuilder$execute.call(Unknown Source) ~[na:na]
	at com.rackspace.search.elasticsearch.client.ElasticSearchClient.getDocument(ElasticSearchClient.groovy:209) ~[classes/:na]
	at com.rackspace.search.elasticsearch.client.ElasticSearchClient$getDocument.call(Unknown Source) [classes/:na]
	at com.rackspace.search.service.JobService.getJob(JobService.groovy:56) [classes/:na]
	at com.rackspace.search.service.JobService$getJob$0.callCurrent(Unknown Source) [classes/:na]
	at com.rackspace.search.service.JobService.getJob(JobService.groovy:52) [classes/:na]
	at com.rackspace.search.service.JobService$getJob.call(Unknown Source) [classes/:na]
	at com.rackspace.search.service.core.CoreTicketSecondPassSyncJob.windupActivities(CoreTicketSecondPassSyncJob.groovy:83) [classes/:na]
	at sun.reflect.NativeMethodAccessorImpl.invoke0(Native Method) ~[na:1.6.0_38]
	at sun.reflect.NativeMethodAccessorImpl.invoke(NativeMethodAccessorImpl.java:39) ~[na:1.6.0_38]
	at sun.reflect.DelegatingMethodAccessorImpl.invoke(DelegatingMethodAccessorImpl.java:25) ~[na:1.6.0_38]
	at java.lang.reflect.Method.invoke(Method.java:597) ~[na:1.6.0_38]
	at org.springframework.beans.factory.annotation.InitDestroyAnnotationBeanPostProcessor$LifecycleElement.invoke(InitDestroyAnnotationBeanPostProcessor.java:340) [spring-beans-3.0.6.RELEASE.jar:3.0.6.RELEASE]
	at org.springframework.beans.factory.annotation.InitDestroyAnnotationBeanPostProcessor$LifecycleMetadata.invokeDestroyMethods(InitDestroyAnnotationBeanPostProcessor.java:305) [spring-beans-3.0.6.RELEASE.jar:3.0.6.RELEASE]
	at org.springframework.beans.factory.annotation.InitDestroyAnnotationBeanPostProcessor.postProcessBeforeDestruction(InitDestroyAnnotationBeanPostProcessor.java:148) [spring-beans-3.0.6.RELEASE.jar:3.0.6.RELEASE]
	at org.springframework.beans.factory.support.DisposableBeanAdapter.destroy(DisposableBeanAdapter.java:166) [spring-beans-3.0.6.RELEASE.jar:3.0.6.RELEASE]
	at org.springframework.beans.factory.support.DefaultSingletonBeanRegistry.destroyBean(DefaultSingletonBeanRegistry.java:487) [spring-beans-3.0.6.RELEASE.jar:3.0.6.RELEASE]
	at org.springframework.beans.factory.support.DefaultSingletonBeanRegistry.destroySingleton(DefaultSingletonBeanRegistry.java:463) [spring-beans-3.0.6.RELEASE.jar:3.0.6.RELEASE]
	at org.springframework.beans.factory.support.DefaultSingletonBeanRegistry.destroySingletons(DefaultSingletonBeanRegistry.java:431) [spring-beans-3.0.6.RELEASE.jar:3.0.6.RELEASE]
	at org.springframework.context.support.AbstractApplicationContext.destroyBeans(AbstractApplicationContext.java:1048) [spring-context-3.0.6.RELEASE.jar:3.0.6.RELEASE]
	at org.springframework.context.support.AbstractApplicationContext.refresh(AbstractApplicationContext.java:433) [spring-context-3.0.6.RELEASE.jar:3.0.6.RELEASE]
	at org.springframework.test.context.support.AbstractGenericContextLoader.loadContext(AbstractGenericContextLoader.java:84) [spring-test-3.0.6.RELEASE.jar:3.0.6.RELEASE]
	at org.springframework.test.context.support.AbstractGenericContextLoader.loadContext(AbstractGenericContextLoader.java:1) [spring-test-3.0.6.RELEASE.jar:3.0.6.RELEASE]
	at org.springframework.test.context.TestContext.loadApplicationContext(TestContext.java:280) [spring-test-3.0.6.RELEASE.jar:3.0.6.RELEASE]
	at org.springframework.test.context.TestContext.getApplicationContext(TestContext.java:304) [spring-test-3.0.6.RELEASE.jar:3.0.6.RELEASE]
	at org.springframework.test.context.support.DependencyInjectionTestExecutionListener.injectDependencies(DependencyInjectionTestExecutionListener.java:109) [spring-test-3.0.6.RELEASE.jar:3.0.6.RELEASE]
	at org.springframework.test.context.support.DependencyInjectionTestExecutionListener.prepareTestInstance(DependencyInjectionTestExecutionListener.java:75) [spring-test-3.0.6.RELEASE.jar:3.0.6.RELEASE]
	at org.springframework.test.context.TestContextManager.prepareTestInstance(TestContextManager.java:321) [spring-test-3.0.6.RELEASE.jar:3.0.6.RELEASE]
	at org.spockframework.spring.SpringTestContextManager.prepareTestInstance(SpringTestContextManager.java:49) [spock-spring-0.7-groovy-2.0.jar:na]
	at org.spockframework.spring.SpringInterceptor.interceptSetupMethod(SpringInterceptor.java:42) [spock-spring-0.7-groovy-2.0.jar:na]
	at org.spockframework.runtime.extension.AbstractMethodInterceptor.intercept(AbstractMethodInterceptor.java:28) [spock-core-0.7-groovy-2.0.jar:na]
	at org.spockframework.runtime.extension.MethodInvocation.proceed(MethodInvocation.java:84) [spock-core-0.7-groovy-2.0.jar:na]
	at org.spockframework.runtime.BaseSpecRunner.invoke(BaseSpecRunner.java:319) [spock-core-0.7-groovy-2.0.jar:na]
	at org.spockframework.runtime.BaseSpecRunner.invokeSetup(BaseSpecRunner.java:279) [spock-core-0.7-groovy-2.0.jar:na]
	at org.spockframework.runtime.BaseSpecRunner.doRunIteration(BaseSpecRunner.java:255) [spock-core-0.7-groovy-2.0.jar:na]
	at sun.reflect.GeneratedMethodAccessor5.invoke(Unknown Source) ~[na:na]
	at sun.reflect.DelegatingMethodAccessorImpl.invoke(DelegatingMethodAccessorImpl.java:25) ~[na:1.6.0_38]
	at java.lang.reflect.Method.invoke(Method.java:597) ~[na:1.6.0_38]
	at org.spockframework.util.ReflectionUtil.invokeMethod(ReflectionUtil.java:138) [spock-core-0.7-groovy-2.0.jar:na]
	at org.spockframework.runtime.BaseSpecRunner.invokeRaw(BaseSpecRunner.java:330) [spock-core-0.7-groovy-2.0.jar:na]
	at org.spockframework.runtime.BaseSpecRunner.invoke(BaseSpecRunner.java:311) [spock-core-0.7-groovy-2.0.jar:na]
	at org.spockframework.runtime.BaseSpecRunner.runIteration(BaseSpecRunner.java:223) [spock-core-0.7-groovy-2.0.jar:na]
	at org.spockframework.runtime.BaseSpecRunner.initializeAndRunIteration(BaseSpecRunner.java:214) [spock-core-0.7-groovy-2.0.jar:na]
	at org.spockframework.runtime.BaseSpecRunner.runSimpleFeature(BaseSpecRunner.java:205) [spock-core-0.7-groovy-2.0.jar:na]
	at org.spockframework.runtime.BaseSpecRunner.doRunFeature(BaseSpecRunner.java:199) [spock-core-0.7-groovy-2.0.jar:na]
	at sun.reflect.GeneratedMethodAccessor7.invoke(Unknown Source) ~[na:na]
	at sun.reflect.DelegatingMethodAccessorImpl.invoke(DelegatingMethodAccessorImpl.java:25) ~[na:1.6.0_38]
	at java.lang.reflect.Method.invoke(Method.java:597) ~[na:1.6.0_38]
	at org.spockframework.util.ReflectionUtil.invokeMethod(ReflectionUtil.java:138) [spock-core-0.7-groovy-2.0.jar:na]
	at org.spockframework.runtime.BaseSpecRunner.invokeRaw(BaseSpecRunner.java:330) [spock-core-0.7-groovy-2.0.jar:na]
	at org.spockframework.runtime.BaseSpecRunner.invoke(BaseSpecRunner.java:311) [spock-core-0.7-groovy-2.0.jar:na]
	at org.spockframework.runtime.BaseSpecRunner.runFeature(BaseSpecRunner.java:175) [spock-core-0.7-groovy-2.0.jar:na]
	at org.spockframework.runtime.BaseSpecRunner.runFeatures(BaseSpecRunner.java:152) [spock-core-0.7-groovy-2.0.jar:na]
	at org.spockframework.runtime.BaseSpecRunner.doRunSpec(BaseSpecRunner.java:112) [spock-core-0.7-groovy-2.0.jar:na]
	at sun.reflect.GeneratedMethodAccessor11.invoke(Unknown Source) ~[na:na]
	at sun.reflect.DelegatingMethodAccessorImpl.invoke(DelegatingMethodAccessorImpl.java:25) ~[na:1.6.0_38]
	at java.lang.reflect.Method.invoke(Method.java:597) ~[na:1.6.0_38]
	at org.spockframework.util.ReflectionUtil.invokeMethod(ReflectionUtil.java:138) [spock-core-0.7-groovy-2.0.jar:na]
	at org.spockframework.runtime.BaseSpecRunner.invokeRaw(BaseSpecRunner.java:330) [spock-core-0.7-groovy-2.0.jar:na]
	at org.spockframework.runtime.BaseSpecRunner.invoke(BaseSpecRunner.java:311) [spock-core-0.7-groovy-2.0.jar:na]
	at org.spockframework.runtime.BaseSpecRunner.runSpec(BaseSpecRunner.java:91) [spock-core-0.7-groovy-2.0.jar:na]
	at org.spockframework.runtime.BaseSpecRunner.run(BaseSpecRunner.java:82) [spock-core-0.7-groovy-2.0.jar:na]
	at org.spockframework.runtime.Sputnik.run(Sputnik.java:63) [spock-core-0.7-groovy-2.0.jar:na]
	at org.apache.maven.surefire.junit4.JUnit4TestSet.execute(JUnit4TestSet.java:53) [surefire-junit4-2.10.jar:2.10]
	at org.apache.maven.surefire.junit4.JUnit4Provider.executeTestSet(JUnit4Provider.java:123) [surefire-junit4-2.10.jar:2.10]
	at org.apache.maven.surefire.junit4.JUnit4Provider.invoke(JUnit4Provider.java:104) [surefire-junit4-2.10.jar:2.10]
	at sun.reflect.NativeMethodAccessorImpl.invoke0(Native Method) ~[na:1.6.0_38]
	at sun.reflect.NativeMethodAccessorImpl.invoke(NativeMethodAccessorImpl.java:39) ~[na:1.6.0_38]
	at sun.reflect.DelegatingMethodAccessorImpl.invoke(DelegatingMethodAccessorImpl.java:25) ~[na:1.6.0_38]
	at java.lang.reflect.Method.invoke(Method.java:597) ~[na:1.6.0_38]
	at org.apache.maven.surefire.util.ReflectionUtils.invokeMethodWithArray(ReflectionUtils.java:164) [surefire-api-2.10.jar:2.10]
	at org.apache.maven.surefire.booter.ProviderFactory$ProviderProxy.invoke(ProviderFactory.java:110) [surefire-booter-2.10.jar:2.10]
	at org.apache.maven.surefire.booter.SurefireStarter.invokeProvider(SurefireStarter.java:175) [surefire-booter-2.10.jar:2.10]
	at org.apache.maven.surefire.booter.SurefireStarter.runSuitesInProcessWhenForked(SurefireStarter.java:107) [surefire-booter-2.10.jar:2.10]
	at org.apache.maven.surefire.booter.ForkedBooter.main(ForkedBooter.java:68) [surefire-booter-2.10.jar:2.10]
22:05:14.859 [main] WARN  o.s.c.a.CommonAnnotationBeanPostProcessor - Invocation of destroy method failed on bean with name &apos;coreTicketSecondPassSyncJob&apos;: com.rackspace.search.exception.NotFoundException: Index is missing
22:05:14.863 [main] ERROR c.r.s.e.client.ElasticSearchClient - Index is missing
org.elasticsearch.indices.IndexMissingException: [admin] missing
	at org.elasticsearch.cluster.metadata.MetaData.concreteIndex(MetaData.java:616) ~[elasticsearch-0.90.2.jar:na]
	at org.elasticsearch.action.get.TransportGetAction.resolveRequest(TransportGetAction.java:90) ~[elasticsearch-0.90.2.jar:na]
	at org.elasticsearch.action.get.TransportGetAction.resolveRequest(TransportGetAction.java:42) ~[elasticsearch-0.90.2.jar:na]
	at org.elasticsearch.action.support.single.shard.TransportShardSingleOperationAction$AsyncSingleAction.&lt;init&gt;(TransportShardSingleOperationAction.java:114) ~[elasticsearch-0.90.2.jar:na]
	at org.elasticsearch.action.support.single.shard.TransportShardSingleOperationAction$AsyncSingleAction.&lt;init&gt;(TransportShardSingleOperationAction.java:94) ~[elasticsearch-0.90.2.jar:na]
	at org.elasticsearch.action.support.single.shard.TransportShardSingleOperationAction.doExecute(TransportShardSingleOperationAction.java:71) ~[elasticsearch-0.90.2.jar:na]
	at org.elasticsearch.action.support.single.shard.TransportShardSingleOperationAction.doExecute(TransportShardSingleOperationAction.java:46) ~[elasticsearch-0.90.2.jar:na]
	at org.elasticsearch.action.support.TransportAction.execute(TransportAction.java:61) ~[elasticsearch-0.90.2.jar:na]
	at org.elasticsearch.client.node.NodeClient.execute(NodeClient.java:92) ~[elasticsearch-0.90.2.jar:na]
	at org.elasticsearch.client.support.AbstractClient.get(AbstractClient.java:179) ~[elasticsearch-0.90.2.jar:na]
	at org.elasticsearch.action.get.GetRequestBuilder.doExecute(GetRequestBuilder.java:112) ~[elasticsearch-0.90.2.jar:na]
	at org.elasticsearch.action.ActionRequestBuilder.execute(ActionRequestBuilder.java:62) ~[elasticsearch-0.90.2.jar:na]
	at org.elasticsearch.action.ActionRequestBuilder.execute(ActionRequestBuilder.java:57) ~[elasticsearch-0.90.2.jar:na]
	at org.elasticsearch.action.ActionRequestBuilder$execute.call(Unknown Source) ~[na:na]
	at com.rackspace.search.elasticsearch.client.ElasticSearchClient.getDocument(ElasticSearchClient.groovy:209) ~[classes/:na]
	at com.rackspace.search.elasticsearch.client.ElasticSearchClient$getDocument.call(Unknown Source) [classes/:na]
	at com.rackspace.search.service.JobService.getJob(JobService.groovy:56) [classes/:na]
	at com.rackspace.search.service.JobService$getJob$0.callCurrent(Unknown Source) [classes/:na]
	at com.rackspace.search.service.JobService.getJob(JobService.groovy:52) [classes/:na]
	at com.rackspace.search.service.JobService$getJob.call(Unknown Source) [classes/:na]
	at com.rackspace.search.service.admin.CoreTicketOndemandSyncJob.windupActivities(CoreTicketOndemandSyncJob.groovy:91) [classes/:na]
	at sun.reflect.NativeMethodAccessorImpl.invoke0(Native Method) ~[na:1.6.0_38]
	at sun.reflect.NativeMethodAccessorImpl.invoke(NativeMethodAccessorImpl.java:39) ~[na:1.6.0_38]
	at sun.reflect.DelegatingMethodAccessorImpl.invoke(DelegatingMethodAccessorImpl.java:25) ~[na:1.6.0_38]
	at java.lang.reflect.Method.invoke(Method.java:597) ~[na:1.6.0_38]
	at org.springframework.beans.factory.annotation.InitDestroyAnnotationBeanPostProcessor$LifecycleElement.invoke(InitDestroyAnnotationBeanPostProcessor.java:340) [spring-beans-3.0.6.RELEASE.jar:3.0.6.RELEASE]
	at org.springframework.beans.factory.annotation.InitDestroyAnnotationBeanPostProcessor$LifecycleMetadata.invokeDestroyMethods(InitDestroyAnnotationBeanPostProcessor.java:305) [spring-beans-3.0.6.RELEASE.jar:3.0.6.RELEASE]
	at org.springframework.beans.factory.annotation.InitDestroyAnnotationBeanPostProcessor.postProcessBeforeDestruction(InitDestroyAnnotationBeanPostProcessor.java:148) [spring-beans-3.0.6.RELEASE.jar:3.0.6.RELEASE]
	at org.springframework.beans.factory.support.DisposableBeanAdapter.destroy(DisposableBeanAdapter.java:166) [spring-beans-3.0.6.RELEASE.jar:3.0.6.RELEASE]
	at org.springframework.beans.factory.support.DefaultSingletonBeanRegistry.destroyBean(DefaultSingletonBeanRegistry.java:487) [spring-beans-3.0.6.RELEASE.jar:3.0.6.RELEASE]
	at org.springframework.beans.factory.support.DefaultSingletonBeanRegistry.destroySingleton(DefaultSingletonBeanRegistry.java:463) [spring-beans-3.0.6.RELEASE.jar:3.0.6.RELEASE]
	at org.springframework.beans.factory.support.DefaultSingletonBeanRegistry.destroySingletons(DefaultSingletonBeanRegistry.java:431) [spring-beans-3.0.6.RELEASE.jar:3.0.6.RELEASE]
	at org.springframework.context.support.AbstractApplicationContext.destroyBeans(AbstractApplicationContext.java:1048) [spring-context-3.0.6.RELEASE.jar:3.0.6.RELEASE]
	at org.springframework.context.support.AbstractApplicationContext.refresh(AbstractApplicationContext.java:433) [spring-context-3.0.6.RELEASE.jar:3.0.6.RELEASE]
	at org.springframework.test.context.support.AbstractGenericContextLoader.loadContext(AbstractGenericContextLoader.java:84) [spring-test-3.0.6.RELEASE.jar:3.0.6.RELEASE]
	at org.springframework.test.context.support.AbstractGenericContextLoader.loadContext(AbstractGenericContextLoader.java:1) [spring-test-3.0.6.RELEASE.jar:3.0.6.RELEASE]
	at org.springframework.test.context.TestContext.loadApplicationContext(TestContext.java:280) [spring-test-3.0.6.RELEASE.jar:3.0.6.RELEASE]
	at org.springframework.test.context.TestContext.getApplicationContext(TestContext.java:304) [spring-test-3.0.6.RELEASE.jar:3.0.6.RELEASE]
	at org.springframework.test.context.support.DependencyInjectionTestExecutionListener.injectDependencies(DependencyInjectionTestExecutionListener.java:109) [spring-test-3.0.6.RELEASE.jar:3.0.6.RELEASE]
	at org.springframework.test.context.support.DependencyInjectionTestExecutionListener.prepareTestInstance(DependencyInjectionTestExecutionListener.java:75) [spring-test-3.0.6.RELEASE.jar:3.0.6.RELEASE]
	at org.springframework.test.context.TestContextManager.prepareTestInstance(TestContextManager.java:321) [spring-test-3.0.6.RELEASE.jar:3.0.6.RELEASE]
	at org.spockframework.spring.SpringTestContextManager.prepareTestInstance(SpringTestContextManager.java:49) [spock-spring-0.7-groovy-2.0.jar:na]
	at org.spockframework.spring.SpringInterceptor.interceptSetupMethod(SpringInterceptor.java:42) [spock-spring-0.7-groovy-2.0.jar:na]
	at org.spockframework.runtime.extension.AbstractMethodInterceptor.intercept(AbstractMethodInterceptor.java:28) [spock-core-0.7-groovy-2.0.jar:na]
	at org.spockframework.runtime.extension.MethodInvocation.proceed(MethodInvocation.java:84) [spock-core-0.7-groovy-2.0.jar:na]
	at org.spockframework.runtime.BaseSpecRunner.invoke(BaseSpecRunner.java:319) [spock-core-0.7-groovy-2.0.jar:na]
	at org.spockframework.runtime.BaseSpecRunner.invokeSetup(BaseSpecRunner.java:279) [spock-core-0.7-groovy-2.0.jar:na]
	at org.spockframework.runtime.BaseSpecRunner.doRunIteration(BaseSpecRunner.java:255) [spock-core-0.7-groovy-2.0.jar:na]
	at sun.reflect.GeneratedMethodAccessor5.invoke(Unknown Source) ~[na:na]
	at sun.reflect.DelegatingMethodAccessorImpl.invoke(DelegatingMethodAccessorImpl.java:25) ~[na:1.6.0_38]
	at java.lang.reflect.Method.invoke(Method.java:597) ~[na:1.6.0_38]
	at org.spockframework.util.ReflectionUtil.invokeMethod(ReflectionUtil.java:138) [spock-core-0.7-groovy-2.0.jar:na]
	at org.spockframework.runtime.BaseSpecRunner.invokeRaw(BaseSpecRunner.java:330) [spock-core-0.7-groovy-2.0.jar:na]
	at org.spockframework.runtime.BaseSpecRunner.invoke(BaseSpecRunner.java:311) [spock-core-0.7-groovy-2.0.jar:na]
	at org.spockframework.runtime.BaseSpecRunner.runIteration(BaseSpecRunner.java:223) [spock-core-0.7-groovy-2.0.jar:na]
	at org.spockframework.runtime.BaseSpecRunner.initializeAndRunIteration(BaseSpecRunner.java:214) [spock-core-0.7-groovy-2.0.jar:na]
	at org.spockframework.runtime.BaseSpecRunner.runSimpleFeature(BaseSpecRunner.java:205) [spock-core-0.7-groovy-2.0.jar:na]
	at org.spockframework.runtime.BaseSpecRunner.doRunFeature(BaseSpecRunner.java:199) [spock-core-0.7-groovy-2.0.jar:na]
	at sun.reflect.GeneratedMethodAccessor7.invoke(Unknown Source) ~[na:na]
	at sun.reflect.DelegatingMethodAccessorImpl.invoke(DelegatingMethodAccessorImpl.java:25) ~[na:1.6.0_38]
	at java.lang.reflect.Method.invoke(Method.java:597) ~[na:1.6.0_38]
	at org.spockframework.util.ReflectionUtil.invokeMethod(ReflectionUtil.java:138) [spock-core-0.7-groovy-2.0.jar:na]
	at org.spockframework.runtime.BaseSpecRunner.invokeRaw(BaseSpecRunner.java:330) [spock-core-0.7-groovy-2.0.jar:na]
	at org.spockframework.runtime.BaseSpecRunner.invoke(BaseSpecRunner.java:311) [spock-core-0.7-groovy-2.0.jar:na]
	at org.spockframework.runtime.BaseSpecRunner.runFeature(BaseSpecRunner.java:175) [spock-core-0.7-groovy-2.0.jar:na]
	at org.spockframework.runtime.BaseSpecRunner.runFeatures(BaseSpecRunner.java:152) [spock-core-0.7-groovy-2.0.jar:na]
	at org.spockframework.runtime.BaseSpecRunner.doRunSpec(BaseSpecRunner.java:112) [spock-core-0.7-groovy-2.0.jar:na]
	at sun.reflect.GeneratedMethodAccessor11.invoke(Unknown Source) ~[na:na]
	at sun.reflect.DelegatingMethodAccessorImpl.invoke(DelegatingMethodAccessorImpl.java:25) ~[na:1.6.0_38]
	at java.lang.reflect.Method.invoke(Method.java:597) ~[na:1.6.0_38]
	at org.spockframework.util.ReflectionUtil.invokeMethod(ReflectionUtil.java:138) [spock-core-0.7-groovy-2.0.jar:na]
	at org.spockframework.runtime.BaseSpecRunner.invokeRaw(BaseSpecRunner.java:330) [spock-core-0.7-groovy-2.0.jar:na]
	at org.spockframework.runtime.BaseSpecRunner.invoke(BaseSpecRunner.java:311) [spock-core-0.7-groovy-2.0.jar:na]
	at org.spockframework.runtime.BaseSpecRunner.runSpec(BaseSpecRunner.java:91) [spock-core-0.7-groovy-2.0.jar:na]
	at org.spockframework.runtime.BaseSpecRunner.run(BaseSpecRunner.java:82) [spock-core-0.7-groovy-2.0.jar:na]
	at org.spockframework.runtime.Sputnik.run(Sputnik.java:63) [spock-core-0.7-groovy-2.0.jar:na]
	at org.apache.maven.surefire.junit4.JUnit4TestSet.execute(JUnit4TestSet.java:53) [surefire-junit4-2.10.jar:2.10]
	at org.apache.maven.surefire.junit4.JUnit4Provider.executeTestSet(JUnit4Provider.java:123) [surefire-junit4-2.10.jar:2.10]
	at org.apache.maven.surefire.junit4.JUnit4Provider.invoke(JUnit4Provider.java:104) [surefire-junit4-2.10.jar:2.10]
	at sun.reflect.NativeMethodAccessorImpl.invoke0(Native Method) ~[na:1.6.0_38]
	at sun.reflect.NativeMethodAccessorImpl.invoke(NativeMethodAccessorImpl.java:39) ~[na:1.6.0_38]
	at sun.reflect.DelegatingMethodAccessorImpl.invoke(DelegatingMethodAccessorImpl.java:25) ~[na:1.6.0_38]
	at java.lang.reflect.Method.invoke(Method.java:597) ~[na:1.6.0_38]
	at org.apache.maven.surefire.util.ReflectionUtils.invokeMethodWithArray(ReflectionUtils.java:164) [surefire-api-2.10.jar:2.10]
	at org.apache.maven.surefire.booter.ProviderFactory$ProviderProxy.invoke(ProviderFactory.java:110) [surefire-booter-2.10.jar:2.10]
	at org.apache.maven.surefire.booter.SurefireStarter.invokeProvider(SurefireStarter.java:175) [surefire-booter-2.10.jar:2.10]
	at org.apache.maven.surefire.booter.SurefireStarter.runSuitesInProcessWhenForked(SurefireStarter.java:107) [surefire-booter-2.10.jar:2.10]
	at org.apache.maven.surefire.booter.ForkedBooter.main(ForkedBooter.java:68) [surefire-booter-2.10.jar:2.10]
22:05:14.865 [main] WARN  o.s.c.a.CommonAnnotationBeanPostProcessor - Invocation of destroy method failed on bean with name &apos;coreTicketOndemandSyncJob&apos;: com.rackspace.search.exception.NotFoundException: Index is missing
22:05:14.869 [main] ERROR c.r.s.e.client.ElasticSearchClient - Index is missing
org.elasticsearch.indices.IndexMissingException: [admin] missing
	at org.elasticsearch.cluster.metadata.MetaData.concreteIndex(MetaData.java:616) ~[elasticsearch-0.90.2.jar:na]
	at org.elasticsearch.action.get.TransportGetAction.resolveRequest(TransportGetAction.java:90) ~[elasticsearch-0.90.2.jar:na]
	at org.elasticsearch.action.get.TransportGetAction.resolveRequest(TransportGetAction.java:42) ~[elasticsearch-0.90.2.jar:na]
	at org.elasticsearch.action.support.single.shard.TransportShardSingleOperationAction$AsyncSingleAction.&lt;init&gt;(TransportShardSingleOperationAction.java:114) ~[elasticsearch-0.90.2.jar:na]
	at org.elasticsearch.action.support.single.shard.TransportShardSingleOperationAction$AsyncSingleAction.&lt;init&gt;(TransportShardSingleOperationAction.java:94) ~[elasticsearch-0.90.2.jar:na]
	at org.elasticsearch.action.support.single.shard.TransportShardSingleOperationAction.doExecute(TransportShardSingleOperationAction.java:71) ~[elasticsearch-0.90.2.jar:na]
	at org.elasticsearch.action.support.single.shard.TransportShardSingleOperationAction.doExecute(TransportShardSingleOperationAction.java:46) ~[elasticsearch-0.90.2.jar:na]
	at org.elasticsearch.action.support.TransportAction.execute(TransportAction.java:61) ~[elasticsearch-0.90.2.jar:na]
	at org.elasticsearch.client.node.NodeClient.execute(NodeClient.java:92) ~[elasticsearch-0.90.2.jar:na]
	at org.elasticsearch.client.support.AbstractClient.get(AbstractClient.java:179) ~[elasticsearch-0.90.2.jar:na]
	at org.elasticsearch.action.get.GetRequestBuilder.doExecute(GetRequestBuilder.java:112) ~[elasticsearch-0.90.2.jar:na]
	at org.elasticsearch.action.ActionRequestBuilder.execute(ActionRequestBuilder.java:62) ~[elasticsearch-0.90.2.jar:na]
	at org.elasticsearch.action.ActionRequestBuilder.execute(ActionRequestBuilder.java:57) ~[elasticsearch-0.90.2.jar:na]
	at org.elasticsearch.action.ActionRequestBuilder$execute.call(Unknown Source) ~[na:na]
	at com.rackspace.search.elasticsearch.client.ElasticSearchClient.getDocument(ElasticSearchClient.groovy:209) ~[classes/:na]
	at com.rackspace.search.elasticsearch.client.ElasticSearchClient$getDocument.call(Unknown Source) [classes/:na]
	at com.rackspace.search.service.JobService.getJob(JobService.groovy:56) [classes/:na]
	at com.rackspace.search.service.JobService$getJob$0.callCurrent(Unknown Source) [classes/:na]
	at com.rackspace.search.service.JobService.getJob(JobService.groovy:52) [classes/:na]
	at com.rackspace.search.service.JobService$getJob.call(Unknown Source) [classes/:na]
	at com.rackspace.search.service.account.AccountOngoingSyncJob.windupActivities(AccountOngoingSyncJob.groovy:89) [classes/:na]
	at sun.reflect.NativeMethodAccessorImpl.invoke0(Native Method) ~[na:1.6.0_38]
	at sun.reflect.NativeMethodAccessorImpl.invoke(NativeMethodAccessorImpl.java:39) ~[na:1.6.0_38]
	at sun.reflect.DelegatingMethodAccessorImpl.invoke(DelegatingMethodAccessorImpl.java:25) ~[na:1.6.0_38]
	at java.lang.reflect.Method.invoke(Method.java:597) ~[na:1.6.0_38]
	at org.springframework.beans.factory.annotation.InitDestroyAnnotationBeanPostProcessor$LifecycleElement.invoke(InitDestroyAnnotationBeanPostProcessor.java:340) [spring-beans-3.0.6.RELEASE.jar:3.0.6.RELEASE]
	at org.springframework.beans.factory.annotation.InitDestroyAnnotationBeanPostProcessor$LifecycleMetadata.invokeDestroyMethods(InitDestroyAnnotationBeanPostProcessor.java:305) [spring-beans-3.0.6.RELEASE.jar:3.0.6.RELEASE]
	at org.springframework.beans.factory.annotation.InitDestroyAnnotationBeanPostProcessor.postProcessBeforeDestruction(InitDestroyAnnotationBeanPostProcessor.java:148) [spring-beans-3.0.6.RELEASE.jar:3.0.6.RELEASE]
	at org.springframework.beans.factory.support.DisposableBeanAdapter.destroy(DisposableBeanAdapter.java:166) [spring-beans-3.0.6.RELEASE.jar:3.0.6.RELEASE]
	at org.springframework.beans.factory.support.DefaultSingletonBeanRegistry.destroyBean(DefaultSingletonBeanRegistry.java:487) [spring-beans-3.0.6.RELEASE.jar:3.0.6.RELEASE]
	at org.springframework.beans.factory.support.DefaultSingletonBeanRegistry.destroySingleton(DefaultSingletonBeanRegistry.java:463) [spring-beans-3.0.6.RELEASE.jar:3.0.6.RELEASE]
	at org.springframework.beans.factory.support.DefaultSingletonBeanRegistry.destroySingletons(DefaultSingletonBeanRegistry.java:431) [spring-beans-3.0.6.RELEASE.jar:3.0.6.RELEASE]
	at org.springframework.context.support.AbstractApplicationContext.destroyBeans(AbstractApplicationContext.java:1048) [spring-context-3.0.6.RELEASE.jar:3.0.6.RELEASE]
	at org.springframework.context.support.AbstractApplicationContext.refresh(AbstractApplicationContext.java:433) [spring-context-3.0.6.RELEASE.jar:3.0.6.RELEASE]
	at org.springframework.test.context.support.AbstractGenericContextLoader.loadContext(AbstractGenericContextLoader.java:84) [spring-test-3.0.6.RELEASE.jar:3.0.6.RELEASE]
	at org.springframework.test.context.support.AbstractGenericContextLoader.loadContext(AbstractGenericContextLoader.java:1) [spring-test-3.0.6.RELEASE.jar:3.0.6.RELEASE]
	at org.springframework.test.context.TestContext.loadApplicationContext(TestContext.java:280) [spring-test-3.0.6.RELEASE.jar:3.0.6.RELEASE]
	at org.springframework.test.context.TestContext.getApplicationContext(TestContext.java:304) [spring-test-3.0.6.RELEASE.jar:3.0.6.RELEASE]
	at org.springframework.test.context.support.DependencyInjectionTestExecutionListener.injectDependencies(DependencyInjectionTestExecutionListener.java:109) [spring-test-3.0.6.RELEASE.jar:3.0.6.RELEASE]
	at org.springframework.test.context.support.DependencyInjectionTestExecutionListener.prepareTestInstance(DependencyInjectionTestExecutionListener.java:75) [spring-test-3.0.6.RELEASE.jar:3.0.6.RELEASE]
	at org.springframework.test.context.TestContextManager.prepareTestInstance(TestContextManager.java:321) [spring-test-3.0.6.RELEASE.jar:3.0.6.RELEASE]
	at org.spockframework.spring.SpringTestContextManager.prepareTestInstance(SpringTestContextManager.java:49) [spock-spring-0.7-groovy-2.0.jar:na]
	at org.spockframework.spring.SpringInterceptor.interceptSetupMethod(SpringInterceptor.java:42) [spock-spring-0.7-groovy-2.0.jar:na]
	at org.spockframework.runtime.extension.AbstractMethodInterceptor.intercept(AbstractMethodInterceptor.java:28) [spock-core-0.7-groovy-2.0.jar:na]
	at org.spockframework.runtime.extension.MethodInvocation.proceed(MethodInvocation.java:84) [spock-core-0.7-groovy-2.0.jar:na]
	at org.spockframework.runtime.BaseSpecRunner.invoke(BaseSpecRunner.java:319) [spock-core-0.7-groovy-2.0.jar:na]
	at org.spockframework.runtime.BaseSpecRunner.invokeSetup(BaseSpecRunner.java:279) [spock-core-0.7-groovy-2.0.jar:na]
	at org.spockframework.runtime.BaseSpecRunner.doRunIteration(BaseSpecRunner.java:255) [spock-core-0.7-groovy-2.0.jar:na]
	at sun.reflect.GeneratedMethodAccessor5.invoke(Unknown Source) ~[na:na]
	at sun.reflect.DelegatingMethodAccessorImpl.invoke(DelegatingMethodAccessorImpl.java:25) ~[na:1.6.0_38]
	at java.lang.reflect.Method.invoke(Method.java:597) ~[na:1.6.0_38]
	at org.spockframework.util.ReflectionUtil.invokeMethod(ReflectionUtil.java:138) [spock-core-0.7-groovy-2.0.jar:na]
	at org.spockframework.runtime.BaseSpecRunner.invokeRaw(BaseSpecRunner.java:330) [spock-core-0.7-groovy-2.0.jar:na]
	at org.spockframework.runtime.BaseSpecRunner.invoke(BaseSpecRunner.java:311) [spock-core-0.7-groovy-2.0.jar:na]
	at org.spockframework.runtime.BaseSpecRunner.runIteration(BaseSpecRunner.java:223) [spock-core-0.7-groovy-2.0.jar:na]
	at org.spockframework.runtime.BaseSpecRunner.initializeAndRunIteration(BaseSpecRunner.java:214) [spock-core-0.7-groovy-2.0.jar:na]
	at org.spockframework.runtime.BaseSpecRunner.runSimpleFeature(BaseSpecRunner.java:205) [spock-core-0.7-groovy-2.0.jar:na]
	at org.spockframework.runtime.BaseSpecRunner.doRunFeature(BaseSpecRunner.java:199) [spock-core-0.7-groovy-2.0.jar:na]
	at sun.reflect.GeneratedMethodAccessor7.invoke(Unknown Source) ~[na:na]
	at sun.reflect.DelegatingMethodAccessorImpl.invoke(DelegatingMethodAccessorImpl.java:25) ~[na:1.6.0_38]
	at java.lang.reflect.Method.invoke(Method.java:597) ~[na:1.6.0_38]
	at org.spockframework.util.ReflectionUtil.invokeMethod(ReflectionUtil.java:138) [spock-core-0.7-groovy-2.0.jar:na]
	at org.spockframework.runtime.BaseSpecRunner.invokeRaw(BaseSpecRunner.java:330) [spock-core-0.7-groovy-2.0.jar:na]
	at org.spockframework.runtime.BaseSpecRunner.invoke(BaseSpecRunner.java:311) [spock-core-0.7-groovy-2.0.jar:na]
	at org.spockframework.runtime.BaseSpecRunner.runFeature(BaseSpecRunner.java:175) [spock-core-0.7-groovy-2.0.jar:na]
	at org.spockframework.runtime.BaseSpecRunner.runFeatures(BaseSpecRunner.java:152) [spock-core-0.7-groovy-2.0.jar:na]
	at org.spockframework.runtime.BaseSpecRunner.doRunSpec(BaseSpecRunner.java:112) [spock-core-0.7-groovy-2.0.jar:na]
	at sun.reflect.GeneratedMethodAccessor11.invoke(Unknown Source) ~[na:na]
	at sun.reflect.DelegatingMethodAccessorImpl.invoke(DelegatingMethodAccessorImpl.java:25) ~[na:1.6.0_38]
	at java.lang.reflect.Method.invoke(Method.java:597) ~[na:1.6.0_38]
	at org.spockframework.util.ReflectionUtil.invokeMethod(ReflectionUtil.java:138) [spock-core-0.7-groovy-2.0.jar:na]
	at org.spockframework.runtime.BaseSpecRunner.invokeRaw(BaseSpecRunner.java:330) [spock-core-0.7-groovy-2.0.jar:na]
	at org.spockframework.runtime.BaseSpecRunner.invoke(BaseSpecRunner.java:311) [spock-core-0.7-groovy-2.0.jar:na]
	at org.spockframework.runtime.BaseSpecRunner.runSpec(BaseSpecRunner.java:91) [spock-core-0.7-groovy-2.0.jar:na]
	at org.spockframework.runtime.BaseSpecRunner.run(BaseSpecRunner.java:82) [spock-core-0.7-groovy-2.0.jar:na]
	at org.spockframework.runtime.Sputnik.run(Sputnik.java:63) [spock-core-0.7-groovy-2.0.jar:na]
	at org.apache.maven.surefire.junit4.JUnit4TestSet.execute(JUnit4TestSet.java:53) [surefire-junit4-2.10.jar:2.10]
	at org.apache.maven.surefire.junit4.JUnit4Provider.executeTestSet(JUnit4Provider.java:123) [surefire-junit4-2.10.jar:2.10]
	at org.apache.maven.surefire.junit4.JUnit4Provider.invoke(JUnit4Provider.java:104) [surefire-junit4-2.10.jar:2.10]
	at sun.reflect.NativeMethodAccessorImpl.invoke0(Native Method) ~[na:1.6.0_38]
	at sun.reflect.NativeMethodAccessorImpl.invoke(NativeMethodAccessorImpl.java:39) ~[na:1.6.0_38]
	at sun.reflect.DelegatingMethodAccessorImpl.invoke(DelegatingMethodAccessorImpl.java:25) ~[na:1.6.0_38]
	at java.lang.reflect.Method.invoke(Method.java:597) ~[na:1.6.0_38]
	at org.apache.maven.surefire.util.ReflectionUtils.invokeMethodWithArray(ReflectionUtils.java:164) [surefire-api-2.10.jar:2.10]
	at org.apache.maven.surefire.booter.ProviderFactory$ProviderProxy.invoke(ProviderFactory.java:110) [surefire-booter-2.10.jar:2.10]
	at org.apache.maven.surefire.booter.SurefireStarter.invokeProvider(SurefireStarter.java:175) [surefire-booter-2.10.jar:2.10]
	at org.apache.maven.surefire.booter.SurefireStarter.runSuitesInProcessWhenForked(SurefireStarter.java:107) [surefire-booter-2.10.jar:2.10]
	at org.apache.maven.surefire.booter.ForkedBooter.main(ForkedBooter.java:68) [surefire-booter-2.10.jar:2.10]
22:05:14.870 [main] WARN  o.s.c.a.CommonAnnotationBeanPostProcessor - Invocation of destroy method failed on bean with name &apos;accountOngoingSyncJob&apos;: com.rackspace.search.exception.NotFoundException: Index is missing
22:05:14.875 [main] ERROR c.r.s.e.client.ElasticSearchClient - Index is missing
org.elasticsearch.indices.IndexMissingException: [admin] missing
	at org.elasticsearch.cluster.metadata.MetaData.concreteIndex(MetaData.java:616) ~[elasticsearch-0.90.2.jar:na]
	at org.elasticsearch.action.get.TransportGetAction.resolveRequest(TransportGetAction.java:90) ~[elasticsearch-0.90.2.jar:na]
	at org.elasticsearch.action.get.TransportGetAction.resolveRequest(TransportGetAction.java:42) ~[elasticsearch-0.90.2.jar:na]
	at org.elasticsearch.action.support.single.shard.TransportShardSingleOperationAction$AsyncSingleAction.&lt;init&gt;(TransportShardSingleOperationAction.java:114) ~[elasticsearch-0.90.2.jar:na]
	at org.elasticsearch.action.support.single.shard.TransportShardSingleOperationAction$AsyncSingleAction.&lt;init&gt;(TransportShardSingleOperationAction.java:94) ~[elasticsearch-0.90.2.jar:na]
	at org.elasticsearch.action.support.single.shard.TransportShardSingleOperationAction.doExecute(TransportShardSingleOperationAction.java:71) ~[elasticsearch-0.90.2.jar:na]
	at org.elasticsearch.action.support.single.shard.TransportShardSingleOperationAction.doExecute(TransportShardSingleOperationAction.java:46) ~[elasticsearch-0.90.2.jar:na]
	at org.elasticsearch.action.support.TransportAction.execute(TransportAction.java:61) ~[elasticsearch-0.90.2.jar:na]
	at org.elasticsearch.client.node.NodeClient.execute(NodeClient.java:92) ~[elasticsearch-0.90.2.jar:na]
	at org.elasticsearch.client.support.AbstractClient.get(AbstractClient.java:179) ~[elasticsearch-0.90.2.jar:na]
	at org.elasticsearch.action.get.GetRequestBuilder.doExecute(GetRequestBuilder.java:112) ~[elasticsearch-0.90.2.jar:na]
	at org.elasticsearch.action.ActionRequestBuilder.execute(ActionRequestBuilder.java:62) ~[elasticsearch-0.90.2.jar:na]
	at org.elasticsearch.action.ActionRequestBuilder.execute(ActionRequestBuilder.java:57) ~[elasticsearch-0.90.2.jar:na]
	at org.elasticsearch.action.ActionRequestBuilder$execute.call(Unknown Source) ~[na:na]
	at com.rackspace.search.elasticsearch.client.ElasticSearchClient.getDocument(ElasticSearchClient.groovy:209) ~[classes/:na]
	at com.rackspace.search.elasticsearch.client.ElasticSearchClient$getDocument.call(Unknown Source) [classes/:na]
	at com.rackspace.search.service.JobService.getJob(JobService.groovy:56) [classes/:na]
	at com.rackspace.search.service.JobService$getJob$0.callCurrent(Unknown Source) [classes/:na]
	at com.rackspace.search.service.JobService.getJob(JobService.groovy:52) [classes/:na]
	at com.rackspace.search.service.JobService$getJob.call(Unknown Source) [classes/:na]
	at com.rackspace.search.service.account.AccountOnetimeSyncJob.windupActivities(AccountOneTimeSyncJob.groovy:39) [classes/:na]
	at sun.reflect.NativeMethodAccessorImpl.invoke0(Native Method) ~[na:1.6.0_38]
	at sun.reflect.NativeMethodAccessorImpl.invoke(NativeMethodAccessorImpl.java:39) ~[na:1.6.0_38]
	at sun.reflect.DelegatingMethodAccessorImpl.invoke(DelegatingMethodAccessorImpl.java:25) ~[na:1.6.0_38]
	at java.lang.reflect.Method.invoke(Method.java:597) ~[na:1.6.0_38]
	at org.springframework.beans.factory.annotation.InitDestroyAnnotationBeanPostProcessor$LifecycleElement.invoke(InitDestroyAnnotationBeanPostProcessor.java:340) [spring-beans-3.0.6.RELEASE.jar:3.0.6.RELEASE]
	at org.springframework.beans.factory.annotation.InitDestroyAnnotationBeanPostProcessor$LifecycleMetadata.invokeDestroyMethods(InitDestroyAnnotationBeanPostProcessor.java:305) [spring-beans-3.0.6.RELEASE.jar:3.0.6.RELEASE]
	at org.springframework.beans.factory.annotation.InitDestroyAnnotationBeanPostProcessor.postProcessBeforeDestruction(InitDestroyAnnotationBeanPostProcessor.java:148) [spring-beans-3.0.6.RELEASE.jar:3.0.6.RELEASE]
	at org.springframework.beans.factory.support.DisposableBeanAdapter.destroy(DisposableBeanAdapter.java:166) [spring-beans-3.0.6.RELEASE.jar:3.0.6.RELEASE]
	at org.springframework.beans.factory.support.DefaultSingletonBeanRegistry.destroyBean(DefaultSingletonBeanRegistry.java:487) [spring-beans-3.0.6.RELEASE.jar:3.0.6.RELEASE]
	at org.springframework.beans.factory.support.DefaultSingletonBeanRegistry.destroySingleton(DefaultSingletonBeanRegistry.java:463) [spring-beans-3.0.6.RELEASE.jar:3.0.6.RELEASE]
	at org.springframework.beans.factory.support.DefaultSingletonBeanRegistry.destroySingletons(DefaultSingletonBeanRegistry.java:431) [spring-beans-3.0.6.RELEASE.jar:3.0.6.RELEASE]
	at org.springframework.context.support.AbstractApplicationContext.destroyBeans(AbstractApplicationContext.java:1048) [spring-context-3.0.6.RELEASE.jar:3.0.6.RELEASE]
	at org.springframework.context.support.AbstractApplicationContext.refresh(AbstractApplicationContext.java:433) [spring-context-3.0.6.RELEASE.jar:3.0.6.RELEASE]
	at org.springframework.test.context.support.AbstractGenericContextLoader.loadContext(AbstractGenericContextLoader.java:84) [spring-test-3.0.6.RELEASE.jar:3.0.6.RELEASE]
	at org.springframework.test.context.support.AbstractGenericContextLoader.loadContext(AbstractGenericContextLoader.java:1) [spring-test-3.0.6.RELEASE.jar:3.0.6.RELEASE]
	at org.springframework.test.context.TestContext.loadApplicationContext(TestContext.java:280) [spring-test-3.0.6.RELEASE.jar:3.0.6.RELEASE]
	at org.springframework.test.context.TestContext.getApplicationContext(TestContext.java:304) [spring-test-3.0.6.RELEASE.jar:3.0.6.RELEASE]
	at org.springframework.test.context.support.DependencyInjectionTestExecutionListener.injectDependencies(DependencyInjectionTestExecutionListener.java:109) [spring-test-3.0.6.RELEASE.jar:3.0.6.RELEASE]
	at org.springframework.test.context.support.DependencyInjectionTestExecutionListener.prepareTestInstance(DependencyInjectionTestExecutionListener.java:75) [spring-test-3.0.6.RELEASE.jar:3.0.6.RELEASE]
	at org.springframework.test.context.TestContextManager.prepareTestInstance(TestContextManager.java:321) [spring-test-3.0.6.RELEASE.jar:3.0.6.RELEASE]
	at org.spockframework.spring.SpringTestContextManager.prepareTestInstance(SpringTestContextManager.java:49) [spock-spring-0.7-groovy-2.0.jar:na]
	at org.spockframework.spring.SpringInterceptor.interceptSetupMethod(SpringInterceptor.java:42) [spock-spring-0.7-groovy-2.0.jar:na]
	at org.spockframework.runtime.extension.AbstractMethodInterceptor.intercept(AbstractMethodInterceptor.java:28) [spock-core-0.7-groovy-2.0.jar:na]
	at org.spockframework.runtime.extension.MethodInvocation.proceed(MethodInvocation.java:84) [spock-core-0.7-groovy-2.0.jar:na]
	at org.spockframework.runtime.BaseSpecRunner.invoke(BaseSpecRunner.java:319) [spock-core-0.7-groovy-2.0.jar:na]
	at org.spockframework.runtime.BaseSpecRunner.invokeSetup(BaseSpecRunner.java:279) [spock-core-0.7-groovy-2.0.jar:na]
	at org.spockframework.runtime.BaseSpecRunner.doRunIteration(BaseSpecRunner.java:255) [spock-core-0.7-groovy-2.0.jar:na]
	at sun.reflect.GeneratedMethodAccessor5.invoke(Unknown Source) ~[na:na]
	at sun.reflect.DelegatingMethodAccessorImpl.invoke(DelegatingMethodAccessorImpl.java:25) ~[na:1.6.0_38]
	at java.lang.reflect.Method.invoke(Method.java:597) ~[na:1.6.0_38]
	at org.spockframework.util.ReflectionUtil.invokeMethod(ReflectionUtil.java:138) [spock-core-0.7-groovy-2.0.jar:na]
	at org.spockframework.runtime.BaseSpecRunner.invokeRaw(BaseSpecRunner.java:330) [spock-core-0.7-groovy-2.0.jar:na]
	at org.spockframework.runtime.BaseSpecRunner.invoke(BaseSpecRunner.java:311) [spock-core-0.7-groovy-2.0.jar:na]
	at org.spockframework.runtime.BaseSpecRunner.runIteration(BaseSpecRunner.java:223) [spock-core-0.7-groovy-2.0.jar:na]
	at org.spockframework.runtime.BaseSpecRunner.initializeAndRunIteration(BaseSpecRunner.java:214) [spock-core-0.7-groovy-2.0.jar:na]
	at org.spockframework.runtime.BaseSpecRunner.runSimpleFeature(BaseSpecRunner.java:205) [spock-core-0.7-groovy-2.0.jar:na]
	at org.spockframework.runtime.BaseSpecRunner.doRunFeature(BaseSpecRunner.java:199) [spock-core-0.7-groovy-2.0.jar:na]
	at sun.reflect.GeneratedMethodAccessor7.invoke(Unknown Source) ~[na:na]
	at sun.reflect.DelegatingMethodAccessorImpl.invoke(DelegatingMethodAccessorImpl.java:25) ~[na:1.6.0_38]
	at java.lang.reflect.Method.invoke(Method.java:597) ~[na:1.6.0_38]
	at org.spockframework.util.ReflectionUtil.invokeMethod(ReflectionUtil.java:138) [spock-core-0.7-groovy-2.0.jar:na]
	at org.spockframework.runtime.BaseSpecRunner.invokeRaw(BaseSpecRunner.java:330) [spock-core-0.7-groovy-2.0.jar:na]
	at org.spockframework.runtime.BaseSpecRunner.invoke(BaseSpecRunner.java:311) [spock-core-0.7-groovy-2.0.jar:na]
	at org.spockframework.runtime.BaseSpecRunner.runFeature(BaseSpecRunner.java:175) [spock-core-0.7-groovy-2.0.jar:na]
	at org.spockframework.runtime.BaseSpecRunner.runFeatures(BaseSpecRunner.java:152) [spock-core-0.7-groovy-2.0.jar:na]
	at org.spockframework.runtime.BaseSpecRunner.doRunSpec(BaseSpecRunner.java:112) [spock-core-0.7-groovy-2.0.jar:na]
	at sun.reflect.GeneratedMethodAccessor11.invoke(Unknown Source) ~[na:na]
	at sun.reflect.DelegatingMethodAccessorImpl.invoke(DelegatingMethodAccessorImpl.java:25) ~[na:1.6.0_38]
	at java.lang.reflect.Method.invoke(Method.java:597) ~[na:1.6.0_38]
	at org.spockframework.util.ReflectionUtil.invokeMethod(ReflectionUtil.java:138) [spock-core-0.7-groovy-2.0.jar:na]
	at org.spockframework.runtime.BaseSpecRunner.invokeRaw(BaseSpecRunner.java:330) [spock-core-0.7-groovy-2.0.jar:na]
	at org.spockframework.runtime.BaseSpecRunner.invoke(BaseSpecRunner.java:311) [spock-core-0.7-groovy-2.0.jar:na]
	at org.spockframework.runtime.BaseSpecRunner.runSpec(BaseSpecRunner.java:91) [spock-core-0.7-groovy-2.0.jar:na]
	at org.spockframework.runtime.BaseSpecRunner.run(BaseSpecRunner.java:82) [spock-core-0.7-groovy-2.0.jar:na]
	at org.spockframework.runtime.Sputnik.run(Sputnik.java:63) [spock-core-0.7-groovy-2.0.jar:na]
	at org.apache.maven.surefire.junit4.JUnit4TestSet.execute(JUnit4TestSet.java:53) [surefire-junit4-2.10.jar:2.10]
	at org.apache.maven.surefire.junit4.JUnit4Provider.executeTestSet(JUnit4Provider.java:123) [surefire-junit4-2.10.jar:2.10]
	at org.apache.maven.surefire.junit4.JUnit4Provider.invoke(JUnit4Provider.java:104) [surefire-junit4-2.10.jar:2.10]
	at sun.reflect.NativeMethodAccessorImpl.invoke0(Native Method) ~[na:1.6.0_38]
	at sun.reflect.NativeMethodAccessorImpl.invoke(NativeMethodAccessorImpl.java:39) ~[na:1.6.0_38]
	at sun.reflect.DelegatingMethodAccessorImpl.invoke(DelegatingMethodAccessorImpl.java:25) ~[na:1.6.0_38]
	at java.lang.reflect.Method.invoke(Method.java:597) ~[na:1.6.0_38]
	at org.apache.maven.surefire.util.ReflectionUtils.invokeMethodWithArray(ReflectionUtils.java:164) [surefire-api-2.10.jar:2.10]
	at org.apache.maven.surefire.booter.ProviderFactory$ProviderProxy.invoke(ProviderFactory.java:110) [surefire-booter-2.10.jar:2.10]
	at org.apache.maven.surefire.booter.SurefireStarter.invokeProvider(SurefireStarter.java:175) [surefire-booter-2.10.jar:2.10]
	at org.apache.maven.surefire.booter.SurefireStarter.runSuitesInProcessWhenForked(SurefireStarter.java:107) [surefire-booter-2.10.jar:2.10]
	at org.apache.maven.surefire.booter.ForkedBooter.main(ForkedBooter.java:68) [surefire-booter-2.10.jar:2.10]
22:05:14.884 [main] WARN  o.s.c.a.CommonAnnotationBeanPostProcessor - Invocation of destroy method failed on bean with name &apos;accountOnetimeSyncJob&apos;: com.rackspace.search.exception.NotFoundException: Index is missing
22:05:14.889 [main] ERROR c.r.s.e.client.ElasticSearchClient - Index is missing
org.elasticsearch.indices.IndexMissingException: [admin] missing
	at org.elasticsearch.cluster.metadata.MetaData.concreteIndex(MetaData.java:616) ~[elasticsearch-0.90.2.jar:na]
	at org.elasticsearch.action.get.TransportGetAction.resolveRequest(TransportGetAction.java:90) ~[elasticsearch-0.90.2.jar:na]
	at org.elasticsearch.action.get.TransportGetAction.resolveRequest(TransportGetAction.java:42) ~[elasticsearch-0.90.2.jar:na]
	at org.elasticsearch.action.support.single.shard.TransportShardSingleOperationAction$AsyncSingleAction.&lt;init&gt;(TransportShardSingleOperationAction.java:114) ~[elasticsearch-0.90.2.jar:na]
	at org.elasticsearch.action.support.single.shard.TransportShardSingleOperationAction$AsyncSingleAction.&lt;init&gt;(TransportShardSingleOperationAction.java:94) ~[elasticsearch-0.90.2.jar:na]
	at org.elasticsearch.action.support.single.shard.TransportShardSingleOperationAction.doExecute(TransportShardSingleOperationAction.java:71) ~[elasticsearch-0.90.2.jar:na]
	at org.elasticsearch.action.support.single.shard.TransportShardSingleOperationAction.doExecute(TransportShardSingleOperationAction.java:46) ~[elasticsearch-0.90.2.jar:na]
	at org.elasticsearch.action.support.TransportAction.execute(TransportAction.java:61) ~[elasticsearch-0.90.2.jar:na]
	at org.elasticsearch.client.node.NodeClient.execute(NodeClient.java:92) ~[elasticsearch-0.90.2.jar:na]
	at org.elasticsearch.client.support.AbstractClient.get(AbstractClient.java:179) ~[elasticsearch-0.90.2.jar:na]
	at org.elasticsearch.action.get.GetRequestBuilder.doExecute(GetRequestBuilder.java:112) ~[elasticsearch-0.90.2.jar:na]
	at org.elasticsearch.action.ActionRequestBuilder.execute(ActionRequestBuilder.java:62) ~[elasticsearch-0.90.2.jar:na]
	at org.elasticsearch.action.ActionRequestBuilder.execute(ActionRequestBuilder.java:57) ~[elasticsearch-0.90.2.jar:na]
	at org.elasticsearch.action.ActionRequestBuilder$execute.call(Unknown Source) ~[na:na]
	at com.rackspace.search.elasticsearch.client.ElasticSearchClient.getDocument(ElasticSearchClient.groovy:209) ~[classes/:na]
	at com.rackspace.search.elasticsearch.client.ElasticSearchClient$getDocument.call(Unknown Source) [classes/:na]
	at com.rackspace.search.service.JobService.getJob(JobService.groovy:56) [classes/:na]
	at com.rackspace.search.service.JobService$getJob$0.callCurrent(Unknown Source) [classes/:na]
	at com.rackspace.search.service.JobService.getJob(JobService.groovy:52) [classes/:na]
	at com.rackspace.search.service.JobService$getJob.call(Unknown Source) [classes/:na]
	at com.rackspace.search.service.core.CoreTicketOngoingSyncJob.windupActivities(CoreTicketOnGoingSyncJob.groovy:82) [classes/:na]
	at sun.reflect.NativeMethodAccessorImpl.invoke0(Native Method) ~[na:1.6.0_38]
	at sun.reflect.NativeMethodAccessorImpl.invoke(NativeMethodAccessorImpl.java:39) ~[na:1.6.0_38]
	at sun.reflect.DelegatingMethodAccessorImpl.invoke(DelegatingMethodAccessorImpl.java:25) ~[na:1.6.0_38]
	at java.lang.reflect.Method.invoke(Method.java:597) ~[na:1.6.0_38]
	at org.springframework.beans.factory.annotation.InitDestroyAnnotationBeanPostProcessor$LifecycleElement.invoke(InitDestroyAnnotationBeanPostProcessor.java:340) [spring-beans-3.0.6.RELEASE.jar:3.0.6.RELEASE]
	at org.springframework.beans.factory.annotation.InitDestroyAnnotationBeanPostProcessor$LifecycleMetadata.invokeDestroyMethods(InitDestroyAnnotationBeanPostProcessor.java:305) [spring-beans-3.0.6.RELEASE.jar:3.0.6.RELEASE]
	at org.springframework.beans.factory.annotation.InitDestroyAnnotationBeanPostProcessor.postProcessBeforeDestruction(InitDestroyAnnotationBeanPostProcessor.java:148) [spring-beans-3.0.6.RELEASE.jar:3.0.6.RELEASE]
	at org.springframework.beans.factory.support.DisposableBeanAdapter.destroy(DisposableBeanAdapter.java:166) [spring-beans-3.0.6.RELEASE.jar:3.0.6.RELEASE]
	at org.springframework.beans.factory.support.DefaultSingletonBeanRegistry.destroyBean(DefaultSingletonBeanRegistry.java:487) [spring-beans-3.0.6.RELEASE.jar:3.0.6.RELEASE]
	at org.springframework.beans.factory.support.DefaultSingletonBeanRegistry.destroySingleton(DefaultSingletonBeanRegistry.java:463) [spring-beans-3.0.6.RELEASE.jar:3.0.6.RELEASE]
	at org.springframework.beans.factory.support.DefaultSingletonBeanRegistry.destroySingletons(DefaultSingletonBeanRegistry.java:431) [spring-beans-3.0.6.RELEASE.jar:3.0.6.RELEASE]
	at org.springframework.context.support.AbstractApplicationContext.destroyBeans(AbstractApplicationContext.java:1048) [spring-context-3.0.6.RELEASE.jar:3.0.6.RELEASE]
	at org.springframework.context.support.AbstractApplicationContext.refresh(AbstractApplicationContext.java:433) [spring-context-3.0.6.RELEASE.jar:3.0.6.RELEASE]
	at org.springframework.test.context.support.AbstractGenericContextLoader.loadContext(AbstractGenericContextLoader.java:84) [spring-test-3.0.6.RELEASE.jar:3.0.6.RELEASE]
	at org.springframework.test.context.support.AbstractGenericContextLoader.loadContext(AbstractGenericContextLoader.java:1) [spring-test-3.0.6.RELEASE.jar:3.0.6.RELEASE]
	at org.springframework.test.context.TestContext.loadApplicationContext(TestContext.java:280) [spring-test-3.0.6.RELEASE.jar:3.0.6.RELEASE]
	at org.springframework.test.context.TestContext.getApplicationContext(TestContext.java:304) [spring-test-3.0.6.RELEASE.jar:3.0.6.RELEASE]
	at org.springframework.test.context.support.DependencyInjectionTestExecutionListener.injectDependencies(DependencyInjectionTestExecutionListener.java:109) [spring-test-3.0.6.RELEASE.jar:3.0.6.RELEASE]
	at org.springframework.test.context.support.DependencyInjectionTestExecutionListener.prepareTestInstance(DependencyInjectionTestExecutionListener.java:75) [spring-test-3.0.6.RELEASE.jar:3.0.6.RELEASE]
	at org.springframework.test.context.TestContextManager.prepareTestInstance(TestContextManager.java:321) [spring-test-3.0.6.RELEASE.jar:3.0.6.RELEASE]
	at org.spockframework.spring.SpringTestContextManager.prepareTestInstance(SpringTestContextManager.java:49) [spock-spring-0.7-groovy-2.0.jar:na]
	at org.spockframework.spring.SpringInterceptor.interceptSetupMethod(SpringInterceptor.java:42) [spock-spring-0.7-groovy-2.0.jar:na]
	at org.spockframework.runtime.extension.AbstractMethodInterceptor.intercept(AbstractMethodInterceptor.java:28) [spock-core-0.7-groovy-2.0.jar:na]
	at org.spockframework.runtime.extension.MethodInvocation.proceed(MethodInvocation.java:84) [spock-core-0.7-groovy-2.0.jar:na]
	at org.spockframework.runtime.BaseSpecRunner.invoke(BaseSpecRunner.java:319) [spock-core-0.7-groovy-2.0.jar:na]
	at org.spockframework.runtime.BaseSpecRunner.invokeSetup(BaseSpecRunner.java:279) [spock-core-0.7-groovy-2.0.jar:na]
	at org.spockframework.runtime.BaseSpecRunner.doRunIteration(BaseSpecRunner.java:255) [spock-core-0.7-groovy-2.0.jar:na]
	at sun.reflect.GeneratedMethodAccessor5.invoke(Unknown Source) ~[na:na]
	at sun.reflect.DelegatingMethodAccessorImpl.invoke(DelegatingMethodAccessorImpl.java:25) ~[na:1.6.0_38]
	at java.lang.reflect.Method.invoke(Method.java:597) ~[na:1.6.0_38]
	at org.spockframework.util.ReflectionUtil.invokeMethod(ReflectionUtil.java:138) [spock-core-0.7-groovy-2.0.jar:na]
	at org.spockframework.runtime.BaseSpecRunner.invokeRaw(BaseSpecRunner.java:330) [spock-core-0.7-groovy-2.0.jar:na]
	at org.spockframework.runtime.BaseSpecRunner.invoke(BaseSpecRunner.java:311) [spock-core-0.7-groovy-2.0.jar:na]
	at org.spockframework.runtime.BaseSpecRunner.runIteration(BaseSpecRunner.java:223) [spock-core-0.7-groovy-2.0.jar:na]
	at org.spockframework.runtime.BaseSpecRunner.initializeAndRunIteration(BaseSpecRunner.java:214) [spock-core-0.7-groovy-2.0.jar:na]
	at org.spockframework.runtime.BaseSpecRunner.runSimpleFeature(BaseSpecRunner.java:205) [spock-core-0.7-groovy-2.0.jar:na]
	at org.spockframework.runtime.BaseSpecRunner.doRunFeature(BaseSpecRunner.java:199) [spock-core-0.7-groovy-2.0.jar:na]
	at sun.reflect.GeneratedMethodAccessor7.invoke(Unknown Source) ~[na:na]
	at sun.reflect.DelegatingMethodAccessorImpl.invoke(DelegatingMethodAccessorImpl.java:25) ~[na:1.6.0_38]
	at java.lang.reflect.Method.invoke(Method.java:597) ~[na:1.6.0_38]
	at org.spockframework.util.ReflectionUtil.invokeMethod(ReflectionUtil.java:138) [spock-core-0.7-groovy-2.0.jar:na]
	at org.spockframework.runtime.BaseSpecRunner.invokeRaw(BaseSpecRunner.java:330) [spock-core-0.7-groovy-2.0.jar:na]
	at org.spockframework.runtime.BaseSpecRunner.invoke(BaseSpecRunner.java:311) [spock-core-0.7-groovy-2.0.jar:na]
	at org.spockframework.runtime.BaseSpecRunner.runFeature(BaseSpecRunner.java:175) [spock-core-0.7-groovy-2.0.jar:na]
	at org.spockframework.runtime.BaseSpecRunner.runFeatures(BaseSpecRunner.java:152) [spock-core-0.7-groovy-2.0.jar:na]
	at org.spockframework.runtime.BaseSpecRunner.doRunSpec(BaseSpecRunner.java:112) [spock-core-0.7-groovy-2.0.jar:na]
	at sun.reflect.GeneratedMethodAccessor11.invoke(Unknown Source) ~[na:na]
	at sun.reflect.DelegatingMethodAccessorImpl.invoke(DelegatingMethodAccessorImpl.java:25) ~[na:1.6.0_38]
	at java.lang.reflect.Method.invoke(Method.java:597) ~[na:1.6.0_38]
	at org.spockframework.util.ReflectionUtil.invokeMethod(ReflectionUtil.java:138) [spock-core-0.7-groovy-2.0.jar:na]
	at org.spockframework.runtime.BaseSpecRunner.invokeRaw(BaseSpecRunner.java:330) [spock-core-0.7-groovy-2.0.jar:na]
	at org.spockframework.runtime.BaseSpecRunner.invoke(BaseSpecRunner.java:311) [spock-core-0.7-groovy-2.0.jar:na]
	at org.spockframework.runtime.BaseSpecRunner.runSpec(BaseSpecRunner.java:91) [spock-core-0.7-groovy-2.0.jar:na]
	at org.spockframework.runtime.BaseSpecRunner.run(BaseSpecRunner.java:82) [spock-core-0.7-groovy-2.0.jar:na]
	at org.spockframework.runtime.Sputnik.run(Sputnik.java:63) [spock-core-0.7-groovy-2.0.jar:na]
	at org.apache.maven.surefire.junit4.JUnit4TestSet.execute(JUnit4TestSet.java:53) [surefire-junit4-2.10.jar:2.10]
	at org.apache.maven.surefire.junit4.JUnit4Provider.executeTestSet(JUnit4Provider.java:123) [surefire-junit4-2.10.jar:2.10]
	at org.apache.maven.surefire.junit4.JUnit4Provider.invoke(JUnit4Provider.java:104) [surefire-junit4-2.10.jar:2.10]
	at sun.reflect.NativeMethodAccessorImpl.invoke0(Native Method) ~[na:1.6.0_38]
	at sun.reflect.NativeMethodAccessorImpl.invoke(NativeMethodAccessorImpl.java:39) ~[na:1.6.0_38]
	at sun.reflect.DelegatingMethodAccessorImpl.invoke(DelegatingMethodAccessorImpl.java:25) ~[na:1.6.0_38]
	at java.lang.reflect.Method.invoke(Method.java:597) ~[na:1.6.0_38]
	at org.apache.maven.surefire.util.ReflectionUtils.invokeMethodWithArray(ReflectionUtils.java:164) [surefire-api-2.10.jar:2.10]
	at org.apache.maven.surefire.booter.ProviderFactory$ProviderProxy.invoke(ProviderFactory.java:110) [surefire-booter-2.10.jar:2.10]
	at org.apache.maven.surefire.booter.SurefireStarter.invokeProvider(SurefireStarter.java:175) [surefire-booter-2.10.jar:2.10]
	at org.apache.maven.surefire.booter.SurefireStarter.runSuitesInProcessWhenForked(SurefireStarter.java:107) [surefire-booter-2.10.jar:2.10]
	at org.apache.maven.surefire.booter.ForkedBooter.main(ForkedBooter.java:68) [surefire-booter-2.10.jar:2.10]
22:05:14.890 [main] WARN  o.s.c.a.CommonAnnotationBeanPostProcessor - Invocation of destroy method failed on bean with name &apos;coreTicketOngoingSyncJob&apos;: com.rackspace.search.exception.NotFoundException: Index is missing
22:05:14.895 [main] ERROR c.r.s.e.client.ElasticSearchClient - Index is missing
org.elasticsearch.indices.IndexMissingException: [admin] missing
	at org.elasticsearch.cluster.metadata.MetaData.concreteIndex(MetaData.java:616) ~[elasticsearch-0.90.2.jar:na]
	at org.elasticsearch.action.get.TransportGetAction.resolveRequest(TransportGetAction.java:90) ~[elasticsearch-0.90.2.jar:na]
	at org.elasticsearch.action.get.TransportGetAction.resolveRequest(TransportGetAction.java:42) ~[elasticsearch-0.90.2.jar:na]
	at org.elasticsearch.action.support.single.shard.TransportShardSingleOperationAction$AsyncSingleAction.&lt;init&gt;(TransportShardSingleOperationAction.java:114) ~[elasticsearch-0.90.2.jar:na]
	at org.elasticsearch.action.support.single.shard.TransportShardSingleOperationAction$AsyncSingleAction.&lt;init&gt;(TransportShardSingleOperationAction.java:94) ~[elasticsearch-0.90.2.jar:na]
	at org.elasticsearch.action.support.single.shard.TransportShardSingleOperationAction.doExecute(TransportShardSingleOperationAction.java:71) ~[elasticsearch-0.90.2.jar:na]
	at org.elasticsearch.action.support.single.shard.TransportShardSingleOperationAction.doExecute(TransportShardSingleOperationAction.java:46) ~[elasticsearch-0.90.2.jar:na]
	at org.elasticsearch.action.support.TransportAction.execute(TransportAction.java:61) ~[elasticsearch-0.90.2.jar:na]
	at org.elasticsearch.client.node.NodeClient.execute(NodeClient.java:92) ~[elasticsearch-0.90.2.jar:na]
	at org.elasticsearch.client.support.AbstractClient.get(AbstractClient.java:179) ~[elasticsearch-0.90.2.jar:na]
	at org.elasticsearch.action.get.GetRequestBuilder.doExecute(GetRequestBuilder.java:112) ~[elasticsearch-0.90.2.jar:na]
	at org.elasticsearch.action.ActionRequestBuilder.execute(ActionRequestBuilder.java:62) ~[elasticsearch-0.90.2.jar:na]
	at org.elasticsearch.action.ActionRequestBuilder.execute(ActionRequestBuilder.java:57) ~[elasticsearch-0.90.2.jar:na]
	at org.elasticsearch.action.ActionRequestBuilder$execute.call(Unknown Source) ~[na:na]
	at com.rackspace.search.elasticsearch.client.ElasticSearchClient.getDocument(ElasticSearchClient.groovy:209) ~[classes/:na]
	at com.rackspace.search.elasticsearch.client.ElasticSearchClient$getDocument.call(Unknown Source) [classes/:na]
	at com.rackspace.search.service.JobService.getJob(JobService.groovy:56) [classes/:na]
	at com.rackspace.search.service.JobService$getJob$0.callCurrent(Unknown Source) [classes/:na]
	at com.rackspace.search.service.JobService.getJob(JobService.groovy:52) [classes/:na]
	at com.rackspace.search.service.JobService$getJob.call(Unknown Source) [classes/:na]
	at com.rackspace.search.service.core.CoreTicketOnetimeSyncJob.windupActivities(CoreTicketOneTimeSyncJob.groovy:45) [classes/:na]
	at sun.reflect.NativeMethodAccessorImpl.invoke0(Native Method) ~[na:1.6.0_38]
	at sun.reflect.NativeMethodAccessorImpl.invoke(NativeMethodAccessorImpl.java:39) ~[na:1.6.0_38]
	at sun.reflect.DelegatingMethodAccessorImpl.invoke(DelegatingMethodAccessorImpl.java:25) ~[na:1.6.0_38]
	at java.lang.reflect.Method.invoke(Method.java:597) ~[na:1.6.0_38]
	at org.springframework.beans.factory.annotation.InitDestroyAnnotationBeanPostProcessor$LifecycleElement.invoke(InitDestroyAnnotationBeanPostProcessor.java:340) [spring-beans-3.0.6.RELEASE.jar:3.0.6.RELEASE]
	at org.springframework.beans.factory.annotation.InitDestroyAnnotationBeanPostProcessor$LifecycleMetadata.invokeDestroyMethods(InitDestroyAnnotationBeanPostProcessor.java:305) [spring-beans-3.0.6.RELEASE.jar:3.0.6.RELEASE]
	at org.springframework.beans.factory.annotation.InitDestroyAnnotationBeanPostProcessor.postProcessBeforeDestruction(InitDestroyAnnotationBeanPostProcessor.java:148) [spring-beans-3.0.6.RELEASE.jar:3.0.6.RELEASE]
	at org.springframework.beans.factory.support.DisposableBeanAdapter.destroy(DisposableBeanAdapter.java:166) [spring-beans-3.0.6.RELEASE.jar:3.0.6.RELEASE]
	at org.springframework.beans.factory.support.DefaultSingletonBeanRegistry.destroyBean(DefaultSingletonBeanRegistry.java:487) [spring-beans-3.0.6.RELEASE.jar:3.0.6.RELEASE]
	at org.springframework.beans.factory.support.DefaultSingletonBeanRegistry.destroySingleton(DefaultSingletonBeanRegistry.java:463) [spring-beans-3.0.6.RELEASE.jar:3.0.6.RELEASE]
	at org.springframework.beans.factory.support.DefaultSingletonBeanRegistry.destroySingletons(DefaultSingletonBeanRegistry.java:431) [spring-beans-3.0.6.RELEASE.jar:3.0.6.RELEASE]
	at org.springframework.context.support.AbstractApplicationContext.destroyBeans(AbstractApplicationContext.java:1048) [spring-context-3.0.6.RELEASE.jar:3.0.6.RELEASE]
	at org.springframework.context.support.AbstractApplicationContext.refresh(AbstractApplicationContext.java:433) [spring-context-3.0.6.RELEASE.jar:3.0.6.RELEASE]
	at org.springframework.test.context.support.AbstractGenericContextLoader.loadContext(AbstractGenericContextLoader.java:84) [spring-test-3.0.6.RELEASE.jar:3.0.6.RELEASE]
	at org.springframework.test.context.support.AbstractGenericContextLoader.loadContext(AbstractGenericContextLoader.java:1) [spring-test-3.0.6.RELEASE.jar:3.0.6.RELEASE]
	at org.springframework.test.context.TestContext.loadApplicationContext(TestContext.java:280) [spring-test-3.0.6.RELEASE.jar:3.0.6.RELEASE]
	at org.springframework.test.context.TestContext.getApplicationContext(TestContext.java:304) [spring-test-3.0.6.RELEASE.jar:3.0.6.RELEASE]
	at org.springframework.test.context.support.DependencyInjectionTestExecutionListener.injectDependencies(DependencyInjectionTestExecutionListener.java:109) [spring-test-3.0.6.RELEASE.jar:3.0.6.RELEASE]
	at org.springframework.test.context.support.DependencyInjectionTestExecutionListener.prepareTestInstance(DependencyInjectionTestExecutionListener.java:75) [spring-test-3.0.6.RELEASE.jar:3.0.6.RELEASE]
	at org.springframework.test.context.TestContextManager.prepareTestInstance(TestContextManager.java:321) [spring-test-3.0.6.RELEASE.jar:3.0.6.RELEASE]
	at org.spockframework.spring.SpringTestContextManager.prepareTestInstance(SpringTestContextManager.java:49) [spock-spring-0.7-groovy-2.0.jar:na]
	at org.spockframework.spring.SpringInterceptor.interceptSetupMethod(SpringInterceptor.java:42) [spock-spring-0.7-groovy-2.0.jar:na]
	at org.spockframework.runtime.extension.AbstractMethodInterceptor.intercept(AbstractMethodInterceptor.java:28) [spock-core-0.7-groovy-2.0.jar:na]
	at org.spockframework.runtime.extension.MethodInvocation.proceed(MethodInvocation.java:84) [spock-core-0.7-groovy-2.0.jar:na]
	at org.spockframework.runtime.BaseSpecRunner.invoke(BaseSpecRunner.java:319) [spock-core-0.7-groovy-2.0.jar:na]
	at org.spockframework.runtime.BaseSpecRunner.invokeSetup(BaseSpecRunner.java:279) [spock-core-0.7-groovy-2.0.jar:na]
	at org.spockframework.runtime.BaseSpecRunner.doRunIteration(BaseSpecRunner.java:255) [spock-core-0.7-groovy-2.0.jar:na]
	at sun.reflect.GeneratedMethodAccessor5.invoke(Unknown Source) ~[na:na]
	at sun.reflect.DelegatingMethodAccessorImpl.invoke(DelegatingMethodAccessorImpl.java:25) ~[na:1.6.0_38]
	at java.lang.reflect.Method.invoke(Method.java:597) ~[na:1.6.0_38]
	at org.spockframework.util.ReflectionUtil.invokeMethod(ReflectionUtil.java:138) [spock-core-0.7-groovy-2.0.jar:na]
	at org.spockframework.runtime.BaseSpecRunner.invokeRaw(BaseSpecRunner.java:330) [spock-core-0.7-groovy-2.0.jar:na]
	at org.spockframework.runtime.BaseSpecRunner.invoke(BaseSpecRunner.java:311) [spock-core-0.7-groovy-2.0.jar:na]
	at org.spockframework.runtime.BaseSpecRunner.runIteration(BaseSpecRunner.java:223) [spock-core-0.7-groovy-2.0.jar:na]
	at org.spockframework.runtime.BaseSpecRunner.initializeAndRunIteration(BaseSpecRunner.java:214) [spock-core-0.7-groovy-2.0.jar:na]
	at org.spockframework.runtime.BaseSpecRunner.runSimpleFeature(BaseSpecRunner.java:205) [spock-core-0.7-groovy-2.0.jar:na]
	at org.spockframework.runtime.BaseSpecRunner.doRunFeature(BaseSpecRunner.java:199) [spock-core-0.7-groovy-2.0.jar:na]
	at sun.reflect.GeneratedMethodAccessor7.invoke(Unknown Source) ~[na:na]
	at sun.reflect.DelegatingMethodAccessorImpl.invoke(DelegatingMethodAccessorImpl.java:25) ~[na:1.6.0_38]
	at java.lang.reflect.Method.invoke(Method.java:597) ~[na:1.6.0_38]
	at org.spockframework.util.ReflectionUtil.invokeMethod(ReflectionUtil.java:138) [spock-core-0.7-groovy-2.0.jar:na]
	at org.spockframework.runtime.BaseSpecRunner.invokeRaw(BaseSpecRunner.java:330) [spock-core-0.7-groovy-2.0.jar:na]
	at org.spockframework.runtime.BaseSpecRunner.invoke(BaseSpecRunner.java:311) [spock-core-0.7-groovy-2.0.jar:na]
	at org.spockframework.runtime.BaseSpecRunner.runFeature(BaseSpecRunner.java:175) [spock-core-0.7-groovy-2.0.jar:na]
	at org.spockframework.runtime.BaseSpecRunner.runFeatures(BaseSpecRunner.java:152) [spock-core-0.7-groovy-2.0.jar:na]
	at org.spockframework.runtime.BaseSpecRunner.doRunSpec(BaseSpecRunner.java:112) [spock-core-0.7-groovy-2.0.jar:na]
	at sun.reflect.GeneratedMethodAccessor11.invoke(Unknown Source) ~[na:na]
	at sun.reflect.DelegatingMethodAccessorImpl.invoke(DelegatingMethodAccessorImpl.java:25) ~[na:1.6.0_38]
	at java.lang.reflect.Method.invoke(Method.java:597) ~[na:1.6.0_38]
	at org.spockframework.util.ReflectionUtil.invokeMethod(ReflectionUtil.java:138) [spock-core-0.7-groovy-2.0.jar:na]
	at org.spockframework.runtime.BaseSpecRunner.invokeRaw(BaseSpecRunner.java:330) [spock-core-0.7-groovy-2.0.jar:na]
	at org.spockframework.runtime.BaseSpecRunner.invoke(BaseSpecRunner.java:311) [spock-core-0.7-groovy-2.0.jar:na]
	at org.spockframework.runtime.BaseSpecRunner.runSpec(BaseSpecRunner.java:91) [spock-core-0.7-groovy-2.0.jar:na]
	at org.spockframework.runtime.BaseSpecRunner.run(BaseSpecRunner.java:82) [spock-core-0.7-groovy-2.0.jar:na]
	at org.spockframework.runtime.Sputnik.run(Sputnik.java:63) [spock-core-0.7-groovy-2.0.jar:na]
	at org.apache.maven.surefire.junit4.JUnit4TestSet.execute(JUnit4TestSet.java:53) [surefire-junit4-2.10.jar:2.10]
	at org.apache.maven.surefire.junit4.JUnit4Provider.executeTestSet(JUnit4Provider.java:123) [surefire-junit4-2.10.jar:2.10]
	at org.apache.maven.surefire.junit4.JUnit4Provider.invoke(JUnit4Provider.java:104) [surefire-junit4-2.10.jar:2.10]
	at sun.reflect.NativeMethodAccessorImpl.invoke0(Native Method) ~[na:1.6.0_38]
	at sun.reflect.NativeMethodAccessorImpl.invoke(NativeMethodAccessorImpl.java:39) ~[na:1.6.0_38]
	at sun.reflect.DelegatingMethodAccessorImpl.invoke(DelegatingMethodAccessorImpl.java:25) ~[na:1.6.0_38]
	at java.lang.reflect.Method.invoke(Method.java:597) ~[na:1.6.0_38]
	at org.apache.maven.surefire.util.ReflectionUtils.invokeMethodWithArray(ReflectionUtils.java:164) [surefire-api-2.10.jar:2.10]
	at org.apache.maven.surefire.booter.ProviderFactory$ProviderProxy.invoke(ProviderFactory.java:110) [surefire-booter-2.10.jar:2.10]
	at org.apache.maven.surefire.booter.SurefireStarter.invokeProvider(SurefireStarter.java:175) [surefire-booter-2.10.jar:2.10]
	at org.apache.maven.surefire.booter.SurefireStarter.runSuitesInProcessWhenForked(SurefireStarter.java:107) [surefire-booter-2.10.jar:2.10]
	at org.apache.maven.surefire.booter.ForkedBooter.main(ForkedBooter.java:68) [surefire-booter-2.10.jar:2.10]
22:05:14.968 [main] WARN  o.s.c.a.CommonAnnotationBeanPostProcessor - Invocation of destroy method failed on bean with name &apos;coreTicketOnetimeSyncJob&apos;: com.rackspace.search.exception.NotFoundException: Index is missing
22:05:14.969 [main] INFO  org.elasticsearch.node - [ticket.node] {0.90.2}[25471]: stopping ...
22:05:14.982 [main] INFO  org.elasticsearch.node - [ticket.node] {0.90.2}[25471]: stopped
22:05:14.982 [main] INFO  org.elasticsearch.node - [ticket.node] {0.90.2}[25471]: closing ...
22:05:14.986 [main] INFO  org.elasticsearch.node - [ticket.node] {0.90.2}[25471]: closed
22:05:14.994 [main] ERROR o.s.test.context.TestContextManager - Caught exception while allowing TestExecutionListener [org.springframework.test.context.support.DependencyInjectionTestExecutionListener@4459116] to prepare test instance [com.rackspace.search.elasticsearch.client.ElasticSearchClientTest@614a962e]
java.lang.IllegalStateException: Failed to load ApplicationContext
	at org.springframework.test.context.TestContext.getApplicationContext(TestContext.java:308) ~[spring-test-3.0.6.RELEASE.jar:3.0.6.RELEASE]
	at org.springframework.test.context.support.DependencyInjectionTestExecutionListener.injectDependencies(DependencyInjectionTestExecutionListener.java:109) ~[spring-test-3.0.6.RELEASE.jar:3.0.6.RELEASE]
	at org.springframework.test.context.support.DependencyInjectionTestExecutionListener.prepareTestInstance(DependencyInjectionTestExecutionListener.java:75) ~[spring-test-3.0.6.RELEASE.jar:3.0.6.RELEASE]
	at org.springframework.test.context.TestContextManager.prepareTestInstance(TestContextManager.java:321) ~[spring-test-3.0.6.RELEASE.jar:3.0.6.RELEASE]
	at org.spockframework.spring.SpringTestContextManager.prepareTestInstance(SpringTestContextManager.java:49) [spock-spring-0.7-groovy-2.0.jar:na]
	at org.spockframework.spring.SpringInterceptor.interceptSetupMethod(SpringInterceptor.java:42) [spock-spring-0.7-groovy-2.0.jar:na]
	at org.spockframework.runtime.extension.AbstractMethodInterceptor.intercept(AbstractMethodInterceptor.java:28) [spock-core-0.7-groovy-2.0.jar:na]
	at org.spockframework.runtime.extension.MethodInvocation.proceed(MethodInvocation.java:84) [spock-core-0.7-groovy-2.0.jar:na]
	at org.spockframework.runtime.BaseSpecRunner.invoke(BaseSpecRunner.java:319) [spock-core-0.7-groovy-2.0.jar:na]
	at org.spockframework.runtime.BaseSpecRunner.invokeSetup(BaseSpecRunner.java:279) [spock-core-0.7-groovy-2.0.jar:na]
	at org.spockframework.runtime.BaseSpecRunner.doRunIteration(BaseSpecRunner.java:255) [spock-core-0.7-groovy-2.0.jar:na]
	at sun.reflect.GeneratedMethodAccessor5.invoke(Unknown Source) ~[na:na]
	at sun.reflect.DelegatingMethodAccessorImpl.invoke(DelegatingMethodAccessorImpl.java:25) ~[na:1.6.0_38]
	at java.lang.reflect.Method.invoke(Method.java:597) ~[na:1.6.0_38]
	at org.spockframework.util.ReflectionUtil.invokeMethod(ReflectionUtil.java:138) [spock-core-0.7-groovy-2.0.jar:na]
	at org.spockframework.runtime.BaseSpecRunner.invokeRaw(BaseSpecRunner.java:330) [spock-core-0.7-groovy-2.0.jar:na]
	at org.spockframework.runtime.BaseSpecRunner.invoke(BaseSpecRunner.java:311) [spock-core-0.7-groovy-2.0.jar:na]
	at org.spockframework.runtime.BaseSpecRunner.runIteration(BaseSpecRunner.java:223) [spock-core-0.7-groovy-2.0.jar:na]
	at org.spockframework.runtime.BaseSpecRunner.initializeAndRunIteration(BaseSpecRunner.java:214) [spock-core-0.7-groovy-2.0.jar:na]
	at org.spockframework.runtime.BaseSpecRunner.runSimpleFeature(BaseSpecRunner.java:205) [spock-core-0.7-groovy-2.0.jar:na]
	at org.spockframework.runtime.BaseSpecRunner.doRunFeature(BaseSpecRunner.java:199) [spock-core-0.7-groovy-2.0.jar:na]
	at sun.reflect.GeneratedMethodAccessor7.invoke(Unknown Source) ~[na:na]
	at sun.reflect.DelegatingMethodAccessorImpl.invoke(DelegatingMethodAccessorImpl.java:25) ~[na:1.6.0_38]
	at java.lang.reflect.Method.invoke(Method.java:597) ~[na:1.6.0_38]
	at org.spockframework.util.ReflectionUtil.invokeMethod(ReflectionUtil.java:138) [spock-core-0.7-groovy-2.0.jar:na]
	at org.spockframework.runtime.BaseSpecRunner.invokeRaw(BaseSpecRunner.java:330) [spock-core-0.7-groovy-2.0.jar:na]
	at org.spockframework.runtime.BaseSpecRunner.invoke(BaseSpecRunner.java:311) [spock-core-0.7-groovy-2.0.jar:na]
	at org.spockframework.runtime.BaseSpecRunner.runFeature(BaseSpecRunner.java:175) [spock-core-0.7-groovy-2.0.jar:na]
	at org.spockframework.runtime.BaseSpecRunner.runFeatures(BaseSpecRunner.java:152) [spock-core-0.7-groovy-2.0.jar:na]
	at org.spockframework.runtime.BaseSpecRunner.doRunSpec(BaseSpecRunner.java:112) [spock-core-0.7-groovy-2.0.jar:na]
	at sun.reflect.GeneratedMethodAccessor11.invoke(Unknown Source) ~[na:na]
	at sun.reflect.DelegatingMethodAccessorImpl.invoke(DelegatingMethodAccessorImpl.java:25) ~[na:1.6.0_38]
	at java.lang.reflect.Method.invoke(Method.java:597) ~[na:1.6.0_38]
	at org.spockframework.util.ReflectionUtil.invokeMethod(ReflectionUtil.java:138) [spock-core-0.7-groovy-2.0.jar:na]
	at org.spockframework.runtime.BaseSpecRunner.invokeRaw(BaseSpecRunner.java:330) [spock-core-0.7-groovy-2.0.jar:na]
	at org.spockframework.runtime.BaseSpecRunner.invoke(BaseSpecRunner.java:311) [spock-core-0.7-groovy-2.0.jar:na]
	at org.spockframework.runtime.BaseSpecRunner.runSpec(BaseSpecRunner.java:91) [spock-core-0.7-groovy-2.0.jar:na]
	at org.spockframework.runtime.BaseSpecRunner.run(BaseSpecRunner.java:82) [spock-core-0.7-groovy-2.0.jar:na]
	at org.spockframework.runtime.Sputnik.run(Sputnik.java:63) [spock-core-0.7-groovy-2.0.jar:na]
	at org.apache.maven.surefire.junit4.JUnit4TestSet.execute(JUnit4TestSet.java:53) [surefire-junit4-2.10.jar:2.10]
	at org.apache.maven.surefire.junit4.JUnit4Provider.executeTestSet(JUnit4Provider.java:123) [surefire-junit4-2.10.jar:2.10]
	at org.apache.maven.surefire.junit4.JUnit4Provider.invoke(JUnit4Provider.java:104) [surefire-junit4-2.10.jar:2.10]
	at sun.reflect.NativeMethodAccessorImpl.invoke0(Native Method) ~[na:1.6.0_38]
	at sun.reflect.NativeMethodAccessorImpl.invoke(NativeMethodAccessorImpl.java:39) ~[na:1.6.0_38]
	at sun.reflect.DelegatingMethodAccessorImpl.invoke(DelegatingMethodAccessorImpl.java:25) ~[na:1.6.0_38]
	at java.lang.reflect.Method.invoke(Method.java:597) ~[na:1.6.0_38]
	at org.apache.maven.surefire.util.ReflectionUtils.invokeMethodWithArray(ReflectionUtils.java:164) [surefire-api-2.10.jar:2.10]
	at org.apache.maven.surefire.booter.ProviderFactory$ProviderProxy.invoke(ProviderFactory.java:110) [surefire-booter-2.10.jar:2.10]
	at org.apache.maven.surefire.booter.SurefireStarter.invokeProvider(SurefireStarter.java:175) [surefire-booter-2.10.jar:2.10]
	at org.apache.maven.surefire.booter.SurefireStarter.runSuitesInProcessWhenForked(SurefireStarter.java:107) [surefire-booter-2.10.jar:2.10]
	at org.apache.maven.surefire.booter.ForkedBooter.main(ForkedBooter.java:68) [surefire-booter-2.10.jar:2.10]
Caused by: org.springframework.beans.factory.BeanCreationException: Error creating bean with name &apos;jobResource&apos;: Injection of autowired dependencies failed; nested exception is org.springframework.beans.factory.BeanCreationException: Could not autowire field: private com.rackspace.search.service.zendesk.ZendeskTicketOngoingSyncJob com.rackspace.search.endpoint.JobResource.zendeskTicketOngoingSyncJob; nested exception is org.springframework.beans.factory.BeanCreationException: Error creating bean with name &apos;zendeskTicketOngoingSyncJob&apos;: Injection of autowired dependencies failed; nested exception is org.springframework.beans.factory.BeanCreationException: Could not autowire field: private com.rackspace.search.service.zendesk.ZendeskTicketOngoingSyncActor com.rackspace.search.service.zendesk.ZendeskTicketOngoingSyncJob.ticketActor; nested exception is org.springframework.beans.factory.BeanCreationException: Error creating bean with name &apos;zendeskTicketOngoingSyncActor&apos;: Injection of autowired dependencies failed; nested exception is org.springframework.beans.factory.BeanCreationException: Could not autowire field: private com.rackspace.search.service.zendesk.ZendeskTicketProcessor com.rackspace.search.service.zendesk.ZendeskTicketOngoingSyncActor.zendeskTicketProcessor; nested exception is org.springframework.beans.factory.BeanCreationException: Error creating bean with name &apos;zendeskTicketProcessor&apos;: Injection of autowired dependencies failed; nested exception is org.springframework.beans.factory.BeanCreationException: Could not autowire field: private java.lang.Object com.rackspace.search.service.zendesk.ZendeskTicketProcessor.zendeskIndexName; nested exception is java.lang.IllegalArgumentException: Could not resolve placeholder &apos;zendesk.index.name&apos;
	at org.springframework.beans.factory.annotation.AutowiredAnnotationBeanPostProcessor.postProcessPropertyValues(AutowiredAnnotationBeanPostProcessor.java:288) ~[spring-beans-3.0.6.RELEASE.jar:3.0.6.RELEASE]
	at org.springframework.beans.factory.support.AbstractAutowireCapableBeanFactory.populateBean(AbstractAutowireCapableBeanFactory.java:1074) ~[spring-beans-3.0.6.RELEASE.jar:3.0.6.RELEASE]
	at org.springframework.beans.factory.support.AbstractAutowireCapableBeanFactory.doCreateBean(AbstractAutowireCapableBeanFactory.java:517) ~[spring-beans-3.0.6.RELEASE.jar:3.0.6.RELEASE]
	at org.springframework.beans.factory.support.AbstractAutowireCapableBeanFactory.createBean(AbstractAutowireCapableBeanFactory.java:456) ~[spring-beans-3.0.6.RELEASE.jar:3.0.6.RELEASE]
	at org.springframework.beans.factory.support.AbstractBeanFactory$1.getObject(AbstractBeanFactory.java:293) ~[spring-beans-3.0.6.RELEASE.jar:3.0.6.RELEASE]
	at org.springframework.beans.factory.support.DefaultSingletonBeanRegistry.getSingleton(DefaultSingletonBeanRegistry.java:222) ~[spring-beans-3.0.6.RELEASE.jar:3.0.6.RELEASE]
	at org.springframework.beans.factory.support.AbstractBeanFactory.doGetBean(AbstractBeanFactory.java:290) ~[spring-beans-3.0.6.RELEASE.jar:3.0.6.RELEASE]
	at org.springframework.beans.factory.support.AbstractBeanFactory.getBean(AbstractBeanFactory.java:192) ~[spring-beans-3.0.6.RELEASE.jar:3.0.6.RELEASE]
	at org.springframework.beans.factory.support.DefaultListableBeanFactory.preInstantiateSingletons(DefaultListableBeanFactory.java:585) ~[spring-beans-3.0.6.RELEASE.jar:3.0.6.RELEASE]
	at org.springframework.context.support.AbstractApplicationContext.finishBeanFactoryInitialization(AbstractApplicationContext.java:895) ~[spring-context-3.0.6.RELEASE.jar:3.0.6.RELEASE]
	at org.springframework.context.support.AbstractApplicationContext.refresh(AbstractApplicationContext.java:425) ~[spring-context-3.0.6.RELEASE.jar:3.0.6.RELEASE]
	at org.springframework.test.context.support.AbstractGenericContextLoader.loadContext(AbstractGenericContextLoader.java:84) ~[spring-test-3.0.6.RELEASE.jar:3.0.6.RELEASE]
	at org.springframework.test.context.support.AbstractGenericContextLoader.loadContext(AbstractGenericContextLoader.java:1) ~[spring-test-3.0.6.RELEASE.jar:3.0.6.RELEASE]
	at org.springframework.test.context.TestContext.loadApplicationContext(TestContext.java:280) ~[spring-test-3.0.6.RELEASE.jar:3.0.6.RELEASE]
	at org.springframework.test.context.TestContext.getApplicationContext(TestContext.java:304) ~[spring-test-3.0.6.RELEASE.jar:3.0.6.RELEASE]
	... 50 common frames omitted
Caused by: org.springframework.beans.factory.BeanCreationException: Could not autowire field: private com.rackspace.search.service.zendesk.ZendeskTicketOngoingSyncJob com.rackspace.search.endpoint.JobResource.zendeskTicketOngoingSyncJob; nested exception is org.springframework.beans.factory.BeanCreationException: Error creating bean with name &apos;zendeskTicketOngoingSyncJob&apos;: Injection of autowired dependencies failed; nested exception is org.springframework.beans.factory.BeanCreationException: Could not autowire field: private com.rackspace.search.service.zendesk.ZendeskTicketOngoingSyncActor com.rackspace.search.service.zendesk.ZendeskTicketOngoingSyncJob.ticketActor; nested exception is org.springframework.beans.factory.BeanCreationException: Error creating bean with name &apos;zendeskTicketOngoingSyncActor&apos;: Injection of autowired dependencies failed; nested exception is org.springframework.beans.factory.BeanCreationException: Could not autowire field: private com.rackspace.search.service.zendesk.ZendeskTicketProcessor com.rackspace.search.service.zendesk.ZendeskTicketOngoingSyncActor.zendeskTicketProcessor; nested exception is org.springframework.beans.factory.BeanCreationException: Error creating bean with name &apos;zendeskTicketProcessor&apos;: Injection of autowired dependencies failed; nested exception is org.springframework.beans.factory.BeanCreationException: Could not autowire field: private java.lang.Object com.rackspace.search.service.zendesk.ZendeskTicketProcessor.zendeskIndexName; nested exception is java.lang.IllegalArgumentException: Could not resolve placeholder &apos;zendesk.index.name&apos;
	at org.springframework.beans.factory.annotation.AutowiredAnnotationBeanPostProcessor$AutowiredFieldElement.inject(AutowiredAnnotationBeanPostProcessor.java:508) ~[spring-beans-3.0.6.RELEASE.jar:3.0.6.RELEASE]
	at org.springframework.beans.factory.annotation.InjectionMetadata.inject(InjectionMetadata.java:84) ~[spring-beans-3.0.6.RELEASE.jar:3.0.6.RELEASE]
	at org.springframework.beans.factory.annotation.AutowiredAnnotationBeanPostProcessor.postProcessPropertyValues(AutowiredAnnotationBeanPostProcessor.java:285) ~[spring-beans-3.0.6.RELEASE.jar:3.0.6.RELEASE]
	... 64 common frames omitted
Caused by: org.springframework.beans.factory.BeanCreationException: Error creating bean with name &apos;zendeskTicketOngoingSyncJob&apos;: Injection of autowired dependencies failed; nested exception is org.springframework.beans.factory.BeanCreationException: Could not autowire field: private com.rackspace.search.service.zendesk.ZendeskTicketOngoingSyncActor com.rackspace.search.service.zendesk.ZendeskTicketOngoingSyncJob.ticketActor; nested exception is org.springframework.beans.factory.BeanCreationException: Error creating bean with name &apos;zendeskTicketOngoingSyncActor&apos;: Injection of autowired dependencies failed; nested exception is org.springframework.beans.factory.BeanCreationException: Could not autowire field: private com.rackspace.search.service.zendesk.ZendeskTicketProcessor com.rackspace.search.service.zendesk.ZendeskTicketOngoingSyncActor.zendeskTicketProcessor; nested exception is org.springframework.beans.factory.BeanCreationException: Error creating bean with name &apos;zendeskTicketProcessor&apos;: Injection of autowired dependencies failed; nested exception is org.springframework.beans.factory.BeanCreationException: Could not autowire field: private java.lang.Object com.rackspace.search.service.zendesk.ZendeskTicketProcessor.zendeskIndexName; nested exception is java.lang.IllegalArgumentException: Could not resolve placeholder &apos;zendesk.index.name&apos;
	at org.springframework.beans.factory.annotation.AutowiredAnnotationBeanPostProcessor.postProcessPropertyValues(AutowiredAnnotationBeanPostProcessor.java:288) ~[spring-beans-3.0.6.RELEASE.jar:3.0.6.RELEASE]
	at org.springframework.beans.factory.support.AbstractAutowireCapableBeanFactory.populateBean(AbstractAutowireCapableBeanFactory.java:1074) ~[spring-beans-3.0.6.RELEASE.jar:3.0.6.RELEASE]
	at org.springframework.beans.factory.support.AbstractAutowireCapableBeanFactory.doCreateBean(AbstractAutowireCapableBeanFactory.java:517) ~[spring-beans-3.0.6.RELEASE.jar:3.0.6.RELEASE]
	at org.springframework.beans.factory.support.AbstractAutowireCapableBeanFactory.createBean(AbstractAutowireCapableBeanFactory.java:456) ~[spring-beans-3.0.6.RELEASE.jar:3.0.6.RELEASE]
	at org.springframework.beans.factory.support.AbstractBeanFactory$1.getObject(AbstractBeanFactory.java:293) ~[spring-beans-3.0.6.RELEASE.jar:3.0.6.RELEASE]
	at org.springframework.beans.factory.support.DefaultSingletonBeanRegistry.getSingleton(DefaultSingletonBeanRegistry.java:222) ~[spring-beans-3.0.6.RELEASE.jar:3.0.6.RELEASE]
	at org.springframework.beans.factory.support.AbstractBeanFactory.doGetBean(AbstractBeanFactory.java:290) ~[spring-beans-3.0.6.RELEASE.jar:3.0.6.RELEASE]
	at org.springframework.beans.factory.support.AbstractBeanFactory.getBean(AbstractBeanFactory.java:192) ~[spring-beans-3.0.6.RELEASE.jar:3.0.6.RELEASE]
	at org.springframework.beans.factory.support.DefaultListableBeanFactory.findAutowireCandidates(DefaultListableBeanFactory.java:848) ~[spring-beans-3.0.6.RELEASE.jar:3.0.6.RELEASE]
	at org.springframework.beans.factory.support.DefaultListableBeanFactory.doResolveDependency(DefaultListableBeanFactory.java:790) ~[spring-beans-3.0.6.RELEASE.jar:3.0.6.RELEASE]
	at org.springframework.beans.factory.support.DefaultListableBeanFactory.resolveDependency(DefaultListableBeanFactory.java:707) ~[spring-beans-3.0.6.RELEASE.jar:3.0.6.RELEASE]
	at org.springframework.beans.factory.annotation.AutowiredAnnotationBeanPostProcessor$AutowiredFieldElement.inject(AutowiredAnnotationBeanPostProcessor.java:480) ~[spring-beans-3.0.6.RELEASE.jar:3.0.6.RELEASE]
	... 66 common frames omitted
Caused by: org.springframework.beans.factory.BeanCreationException: Could not autowire field: private com.rackspace.search.service.zendesk.ZendeskTicketOngoingSyncActor com.rackspace.search.service.zendesk.ZendeskTicketOngoingSyncJob.ticketActor; nested exception is org.springframework.beans.factory.BeanCreationException: Error creating bean with name &apos;zendeskTicketOngoingSyncActor&apos;: Injection of autowired dependencies failed; nested exception is org.springframework.beans.factory.BeanCreationException: Could not autowire field: private com.rackspace.search.service.zendesk.ZendeskTicketProcessor com.rackspace.search.service.zendesk.ZendeskTicketOngoingSyncActor.zendeskTicketProcessor; nested exception is org.springframework.beans.factory.BeanCreationException: Error creating bean with name &apos;zendeskTicketProcessor&apos;: Injection of autowired dependencies failed; nested exception is org.springframework.beans.factory.BeanCreationException: Could not autowire field: private java.lang.Object com.rackspace.search.service.zendesk.ZendeskTicketProcessor.zendeskIndexName; nested exception is java.lang.IllegalArgumentException: Could not resolve placeholder &apos;zendesk.index.name&apos;
	at org.springframework.beans.factory.annotation.AutowiredAnnotationBeanPostProcessor$AutowiredFieldElement.inject(AutowiredAnnotationBeanPostProcessor.java:508) ~[spring-beans-3.0.6.RELEASE.jar:3.0.6.RELEASE]
	at org.springframework.beans.factory.annotation.InjectionMetadata.inject(InjectionMetadata.java:84) ~[spring-beans-3.0.6.RELEASE.jar:3.0.6.RELEASE]
	at org.springframework.beans.factory.annotation.AutowiredAnnotationBeanPostProcessor.postProcessPropertyValues(AutowiredAnnotationBeanPostProcessor.java:285) ~[spring-beans-3.0.6.RELEASE.jar:3.0.6.RELEASE]
	... 77 common frames omitted
Caused by: org.springframework.beans.factory.BeanCreationException: Error creating bean with name &apos;zendeskTicketOngoingSyncActor&apos;: Injection of autowired dependencies failed; nested exception is org.springframework.beans.factory.BeanCreationException: Could not autowire field: private com.rackspace.search.service.zendesk.ZendeskTicketProcessor com.rackspace.search.service.zendesk.ZendeskTicketOngoingSyncActor.zendeskTicketProcessor; nested exception is org.springframework.beans.factory.BeanCreationException: Error creating bean with name &apos;zendeskTicketProcessor&apos;: Injection of autowired dependencies failed; nested exception is org.springframework.beans.factory.BeanCreationException: Could not autowire field: private java.lang.Object com.rackspace.search.service.zendesk.ZendeskTicketProcessor.zendeskIndexName; nested exception is java.lang.IllegalArgumentException: Could not resolve placeholder &apos;zendesk.index.name&apos;
	at org.springframework.beans.factory.annotation.AutowiredAnnotationBeanPostProcessor.postProcessPropertyValues(AutowiredAnnotationBeanPostProcessor.java:288) ~[spring-beans-3.0.6.RELEASE.jar:3.0.6.RELEASE]
	at org.springframework.beans.factory.support.AbstractAutowireCapableBeanFactory.populateBean(AbstractAutowireCapableBeanFactory.java:1074) ~[spring-beans-3.0.6.RELEASE.jar:3.0.6.RELEASE]
	at org.springframework.beans.factory.support.AbstractAutowireCapableBeanFactory.doCreateBean(AbstractAutowireCapableBeanFactory.java:517) ~[spring-beans-3.0.6.RELEASE.jar:3.0.6.RELEASE]
	at org.springframework.beans.factory.support.AbstractAutowireCapableBeanFactory.createBean(AbstractAutowireCapableBeanFactory.java:456) ~[spring-beans-3.0.6.RELEASE.jar:3.0.6.RELEASE]
	at org.springframework.beans.factory.support.AbstractBeanFactory$1.getObject(AbstractBeanFactory.java:293) ~[spring-beans-3.0.6.RELEASE.jar:3.0.6.RELEASE]
	at org.springframework.beans.factory.support.DefaultSingletonBeanRegistry.getSingleton(DefaultSingletonBeanRegistry.java:222) ~[spring-beans-3.0.6.RELEASE.jar:3.0.6.RELEASE]
	at org.springframework.beans.factory.support.AbstractBeanFactory.doGetBean(AbstractBeanFactory.java:290) ~[spring-beans-3.0.6.RELEASE.jar:3.0.6.RELEASE]
	at org.springframework.beans.factory.support.AbstractBeanFactory.getBean(AbstractBeanFactory.java:192) ~[spring-beans-3.0.6.RELEASE.jar:3.0.6.RELEASE]
	at org.springframework.beans.factory.support.DefaultListableBeanFactory.findAutowireCandidates(DefaultListableBeanFactory.java:848) ~[spring-beans-3.0.6.RELEASE.jar:3.0.6.RELEASE]
	at org.springframework.beans.factory.support.DefaultListableBeanFactory.doResolveDependency(DefaultListableBeanFactory.java:790) ~[spring-beans-3.0.6.RELEASE.jar:3.0.6.RELEASE]
	at org.springframework.beans.factory.support.DefaultListableBeanFactory.resolveDependency(DefaultListableBeanFactory.java:707) ~[spring-beans-3.0.6.RELEASE.jar:3.0.6.RELEASE]
	at org.springframework.beans.factory.annotation.AutowiredAnnotationBeanPostProcessor$AutowiredFieldElement.inject(AutowiredAnnotationBeanPostProcessor.java:480) ~[spring-beans-3.0.6.RELEASE.jar:3.0.6.RELEASE]
	... 79 common frames omitted
Caused by: org.springframework.beans.factory.BeanCreationException: Could not autowire field: private com.rackspace.search.service.zendesk.ZendeskTicketProcessor com.rackspace.search.service.zendesk.ZendeskTicketOngoingSyncActor.zendeskTicketProcessor; nested exception is org.springframework.beans.factory.BeanCreationException: Error creating bean with name &apos;zendeskTicketProcessor&apos;: Injection of autowired dependencies failed; nested exception is org.springframework.beans.factory.BeanCreationException: Could not autowire field: private java.lang.Object com.rackspace.search.service.zendesk.ZendeskTicketProcessor.zendeskIndexName; nested exception is java.lang.IllegalArgumentException: Could not resolve placeholder &apos;zendesk.index.name&apos;
	at org.springframework.beans.factory.annotation.AutowiredAnnotationBeanPostProcessor$AutowiredFieldElement.inject(AutowiredAnnotationBeanPostProcessor.java:508) ~[spring-beans-3.0.6.RELEASE.jar:3.0.6.RELEASE]
	at org.springframework.beans.factory.annotation.InjectionMetadata.inject(InjectionMetadata.java:84) ~[spring-beans-3.0.6.RELEASE.jar:3.0.6.RELEASE]
	at org.springframework.beans.factory.annotation.AutowiredAnnotationBeanPostProcessor.postProcessPropertyValues(AutowiredAnnotationBeanPostProcessor.java:285) ~[spring-beans-3.0.6.RELEASE.jar:3.0.6.RELEASE]
	... 90 common frames omitted
Caused by: org.springframework.beans.factory.BeanCreationException: Error creating bean with name &apos;zendeskTicketProcessor&apos;: Injection of autowired dependencies failed; nested exception is org.springframework.beans.factory.BeanCreationException: Could not autowire field: private java.lang.Object com.rackspace.search.service.zendesk.ZendeskTicketProcessor.zendeskIndexName; nested exception is java.lang.IllegalArgumentException: Could not resolve placeholder &apos;zendesk.index.name&apos;
	at org.springframework.beans.factory.annotation.AutowiredAnnotationBeanPostProcessor.postProcessPropertyValues(AutowiredAnnotationBeanPostProcessor.java:288) ~[spring-beans-3.0.6.RELEASE.jar:3.0.6.RELEASE]
	at org.springframework.beans.factory.support.AbstractAutowireCapableBeanFactory.populateBean(AbstractAutowireCapableBeanFactory.java:1074) ~[spring-beans-3.0.6.RELEASE.jar:3.0.6.RELEASE]
	at org.springframework.beans.factory.support.AbstractAutowireCapableBeanFactory.doCreateBean(AbstractAutowireCapableBeanFactory.java:517) ~[spring-beans-3.0.6.RELEASE.jar:3.0.6.RELEASE]
	at org.springframework.beans.factory.support.AbstractAutowireCapableBeanFactory.createBean(AbstractAutowireCapableBeanFactory.java:456) ~[spring-beans-3.0.6.RELEASE.jar:3.0.6.RELEASE]
	at org.springframework.beans.factory.support.AbstractBeanFactory$1.getObject(AbstractBeanFactory.java:293) ~[spring-beans-3.0.6.RELEASE.jar:3.0.6.RELEASE]
	at org.springframework.beans.factory.support.DefaultSingletonBeanRegistry.getSingleton(DefaultSingletonBeanRegistry.java:222) ~[spring-beans-3.0.6.RELEASE.jar:3.0.6.RELEASE]
	at org.springframework.beans.factory.support.AbstractBeanFactory.doGetBean(AbstractBeanFactory.java:290) ~[spring-beans-3.0.6.RELEASE.jar:3.0.6.RELEASE]
	at org.springframework.beans.factory.support.AbstractBeanFactory.getBean(AbstractBeanFactory.java:192) ~[spring-beans-3.0.6.RELEASE.jar:3.0.6.RELEASE]
	at org.springframework.beans.factory.support.DefaultListableBeanFactory.findAutowireCandidates(DefaultListableBeanFactory.java:848) ~[spring-beans-3.0.6.RELEASE.jar:3.0.6.RELEASE]
	at org.springframework.beans.factory.support.DefaultListableBeanFactory.doResolveDependency(DefaultListableBeanFactory.java:790) ~[spring-beans-3.0.6.RELEASE.jar:3.0.6.RELEASE]
	at org.springframework.beans.factory.support.DefaultListableBeanFactory.resolveDependency(DefaultListableBeanFactory.java:707) ~[spring-beans-3.0.6.RELEASE.jar:3.0.6.RELEASE]
	at org.springframework.beans.factory.annotation.AutowiredAnnotationBeanPostProcessor$AutowiredFieldElement.inject(AutowiredAnnotationBeanPostProcessor.java:480) ~[spring-beans-3.0.6.RELEASE.jar:3.0.6.RELEASE]
	... 92 common frames omitted
Caused by: org.springframework.beans.factory.BeanCreationException: Could not autowire field: private java.lang.Object com.rackspace.search.service.zendesk.ZendeskTicketProcessor.zendeskIndexName; nested exception is java.lang.IllegalArgumentException: Could not resolve placeholder &apos;zendesk.index.name&apos;
	at org.springframework.beans.factory.annotation.AutowiredAnnotationBeanPostProcessor$AutowiredFieldElement.inject(AutowiredAnnotationBeanPostProcessor.java:508) ~[spring-beans-3.0.6.RELEASE.jar:3.0.6.RELEASE]
	at org.springframework.beans.factory.annotation.InjectionMetadata.inject(InjectionMetadata.java:84) ~[spring-beans-3.0.6.RELEASE.jar:3.0.6.RELEASE]
	at org.springframework.beans.factory.annotation.AutowiredAnnotationBeanPostProcessor.postProcessPropertyValues(AutowiredAnnotationBeanPostProcessor.java:285) ~[spring-beans-3.0.6.RELEASE.jar:3.0.6.RELEASE]
	... 103 common frames omitted
Caused by: java.lang.IllegalArgumentException: Could not resolve placeholder &apos;zendesk.index.name&apos;
	at org.springframework.util.PropertyPlaceholderHelper.parseStringValue(PropertyPlaceholderHelper.java:173) ~[spring-core-3.0.6.RELEASE.jar:3.0.6.RELEASE]
	at org.springframework.util.PropertyPlaceholderHelper.replacePlaceholders(PropertyPlaceholderHelper.java:125) ~[spring-core-3.0.6.RELEASE.jar:3.0.6.RELEASE]
	at org.springframework.beans.factory.config.PropertyPlaceholderConfigurer$PlaceholderResolvingStringValueResolver.resolveStringValue(PropertyPlaceholderConfigurer.java:403) ~[spring-beans-3.0.6.RELEASE.jar:3.0.6.RELEASE]
	at org.springframework.beans.factory.support.AbstractBeanFactory.resolveEmbeddedValue(AbstractBeanFactory.java:747) ~[spring-beans-3.0.6.RELEASE.jar:3.0.6.RELEASE]
	at org.springframework.beans.factory.support.DefaultListableBeanFactory.doResolveDependency(DefaultListableBeanFactory.java:717) ~[spring-beans-3.0.6.RELEASE.jar:3.0.6.RELEASE]
	at org.springframework.beans.factory.support.DefaultListableBeanFactory.resolveDependency(DefaultListableBeanFactory.java:707) ~[spring-beans-3.0.6.RELEASE.jar:3.0.6.RELEASE]
	at org.springframework.beans.factory.annotation.AutowiredAnnotationBeanPostProcessor$AutowiredFieldElement.inject(AutowiredAnnotationBeanPostProcessor.java:480) ~[spring-beans-3.0.6.RELEASE.jar:3.0.6.RELEASE]
	... 105 common frames omitted
</stdout>
          <stderr>Exception in thread &quot;Timer-53&quot; org.elasticsearch.common.util.concurrent.EsRejectedExecutionException: rejected execution of [org.elasticsearch.action.support.master.TransportMasterNodeOperationAction$2]
	at org.elasticsearch.common.util.concurrent.EsAbortPolicy.rejectedExecution(EsAbortPolicy.java:35)
	at java.util.concurrent.ThreadPoolExecutor.reject(ThreadPoolExecutor.java:767)
	at java.util.concurrent.ThreadPoolExecutor.execute(ThreadPoolExecutor.java:658)
	at org.elasticsearch.action.support.master.TransportMasterNodeOperationAction.innerExecute(TransportMasterNodeOperationAction.java:132)
	at org.elasticsearch.action.support.master.TransportMasterNodeOperationAction.doExecute(TransportMasterNodeOperationAction.java:86)
	at org.elasticsearch.action.support.master.TransportMasterNodeOperationAction.doExecute(TransportMasterNodeOperationAction.java:42)
	at org.elasticsearch.action.support.TransportAction.execute(TransportAction.java:61)
	at org.elasticsearch.client.node.NodeClusterAdminClient.execute(NodeClusterAdminClient.java:72)
	at org.elasticsearch.client.support.AbstractClusterAdminClient.health(AbstractClusterAdminClient.java:83)
	at org.elasticsearch.action.admin.cluster.health.ClusterHealthRequestBuilder.doExecute(ClusterHealthRequestBuilder.java:98)
	at org.elasticsearch.action.ActionRequestBuilder.execute(ActionRequestBuilder.java:62)
	at org.elasticsearch.action.ActionRequestBuilder.execute(ActionRequestBuilder.java:57)
	at org.elasticsearch.action.ActionRequestBuilder$execute.call(Unknown Source)
	at com.rackspace.search.elasticsearch.ElasticSearchServer.getHealthInformation(ElasticSearchServer.groovy:55)
	at com.rackspace.search.elasticsearch.ElasticSearchServer.getHealthStatus(ElasticSearchServer.groovy:51)
	at com.rackspace.search.elasticsearch.ElasticSearchServer.waitForYellowStatus(ElasticSearchServer.groovy:69)
	at com.rackspace.search.elasticsearch.ElasticSearchServer$waitForYellowStatus.call(Unknown Source)
	at com.rackspace.search.service.core.CoreTicketOngoingSyncJob.setupJob(CoreTicketOnGoingSyncJob.groovy:89)
	at sun.reflect.NativeMethodAccessorImpl.invoke0(Native Method)
	at sun.reflect.NativeMethodAccessorImpl.invoke(NativeMethodAccessorImpl.java:39)
	at sun.reflect.DelegatingMethodAccessorImpl.invoke(DelegatingMethodAccessorImpl.java:25)
	at java.lang.reflect.Method.invoke(Method.java:597)
	at org.codehaus.groovy.reflection.CachedMethod.invoke(CachedMethod.java:90)
	at groovy.lang.MetaMethod.doMethodInvoke(MetaMethod.java:233)
	at groovy.lang.MetaClassImpl.invokeMethod(MetaClassImpl.java:1085)
	at org.codehaus.groovy.runtime.ScriptBytecodeAdapter.invokeMethodOnCurrentN(ScriptBytecodeAdapter.java:78)
	at com.rackspace.search.service.core.CoreTicketOngoingSyncJob.this$dist$invoke$1(CoreTicketOnGoingSyncJob.groovy)
	at com.rackspace.search.service.core.CoreTicketOngoingSyncJob$1.methodMissing(CoreTicketOnGoingSyncJob.groovy)
	at sun.reflect.NativeMethodAccessorImpl.invoke0(Native Method)
	at sun.reflect.NativeMethodAccessorImpl.invoke(NativeMethodAccessorImpl.java:39)
	at sun.reflect.DelegatingMethodAccessorImpl.invoke(DelegatingMethodAccessorImpl.java:25)
	at java.lang.reflect.Method.invoke(Method.java:597)
	at org.codehaus.groovy.reflection.CachedMethod.invoke(CachedMethod.java:90)
	at groovy.lang.MetaClassImpl.invokeMissingMethod(MetaClassImpl.java:837)
	at groovy.lang.MetaClassImpl.invokePropertyOrMissing(MetaClassImpl.java:1134)
	at groovy.lang.MetaClassImpl.invokeMethod(MetaClassImpl.java:1087)
	at groovy.lang.MetaClassImpl.invokeMethod(MetaClassImpl.java:909)
	at org.codehaus.groovy.runtime.callsite.PogoMetaClassSite.callCurrent(PogoMetaClassSite.java:66)
	at org.codehaus.groovy.runtime.callsite.AbstractCallSite.callCurrent(AbstractCallSite.java:137)
	at com.rackspace.search.service.core.CoreTicketOngoingSyncJob$1.run(CoreTicketOnGoingSyncJob.groovy:72)
	at java.util.TimerThread.mainLoop(Timer.java:512)
	at java.util.TimerThread.run(Timer.java:462)
Exception in thread &quot;Timer-54&quot; org.elasticsearch.common.util.concurrent.EsRejectedExecutionException: rejected execution of [org.elasticsearch.action.support.master.TransportMasterNodeOperationAction$2]
	at org.elasticsearch.common.util.concurrent.EsAbortPolicy.rejectedExecution(EsAbortPolicy.java:35)
	at java.util.concurrent.ThreadPoolExecutor.reject(ThreadPoolExecutor.java:767)
	at java.util.concurrent.ThreadPoolExecutor.execute(ThreadPoolExecutor.java:658)
	at org.elasticsearch.action.support.master.TransportMasterNodeOperationAction.innerExecute(TransportMasterNodeOperationAction.java:132)
	at org.elasticsearch.action.support.master.TransportMasterNodeOperationAction.doExecute(TransportMasterNodeOperationAction.java:86)
	at org.elasticsearch.action.support.master.TransportMasterNodeOperationAction.doExecute(TransportMasterNodeOperationAction.java:42)
	at org.elasticsearch.action.support.TransportAction.execute(TransportAction.java:61)
	at org.elasticsearch.client.node.NodeClusterAdminClient.execute(NodeClusterAdminClient.java:72)
	at org.elasticsearch.client.support.AbstractClusterAdminClient.health(AbstractClusterAdminClient.java:83)
	at org.elasticsearch.action.admin.cluster.health.ClusterHealthRequestBuilder.doExecute(ClusterHealthRequestBuilder.java:98)
	at org.elasticsearch.action.ActionRequestBuilder.execute(ActionRequestBuilder.java:62)
	at org.elasticsearch.action.ActionRequestBuilder.execute(ActionRequestBuilder.java:57)
	at org.elasticsearch.action.ActionRequestBuilder$execute.call(Unknown Source)
	at com.rackspace.search.elasticsearch.ElasticSearchServer.getHealthInformation(ElasticSearchServer.groovy:55)
	at com.rackspace.search.elasticsearch.ElasticSearchServer.getHealthStatus(ElasticSearchServer.groovy:51)
	at com.rackspace.search.elasticsearch.ElasticSearchServer.waitForYellowStatus(ElasticSearchServer.groovy:69)
	at com.rackspace.search.elasticsearch.ElasticSearchServer$waitForYellowStatus.call(Unknown Source)
	at com.rackspace.search.service.account.AccountOngoingSyncJob.setupJob(AccountOngoingSyncJob.groovy:96)
	at sun.reflect.NativeMethodAccessorImpl.invoke0(Native Method)
	at sun.reflect.NativeMethodAccessorImpl.invoke(NativeMethodAccessorImpl.java:39)
	at sun.reflect.DelegatingMethodAccessorImpl.invoke(DelegatingMethodAccessorImpl.java:25)
	at java.lang.reflect.Method.invoke(Method.java:597)
	at org.codehaus.groovy.reflection.CachedMethod.invoke(CachedMethod.java:90)
	at groovy.lang.MetaMethod.doMethodInvoke(MetaMethod.java:233)
	at groovy.lang.MetaClassImpl.invokeMethod(MetaClassImpl.java:1085)
	at org.codehaus.groovy.runtime.ScriptBytecodeAdapter.invokeMethodOnCurrentN(ScriptBytecodeAdapter.java:78)
	at com.rackspace.search.service.account.AccountOngoingSyncJob.this$dist$invoke$1(AccountOngoingSyncJob.groovy)
	at com.rackspace.search.service.account.AccountOngoingSyncJob$1.methodMissing(AccountOngoingSyncJob.groovy)
	at sun.reflect.NativeMethodAccessorImpl.invoke0(Native Method)
	at sun.reflect.NativeMethodAccessorImpl.invoke(NativeMethodAccessorImpl.java:39)
	at sun.reflect.DelegatingMethodAccessorImpl.invoke(DelegatingMethodAccessorImpl.java:25)
	at java.lang.reflect.Method.invoke(Method.java:597)
	at org.codehaus.groovy.reflection.CachedMethod.invoke(CachedMethod.java:90)
	at groovy.lang.MetaClassImpl.invokeMissingMethod(MetaClassImpl.java:837)
	at groovy.lang.MetaClassImpl.invokePropertyOrMissing(MetaClassImpl.java:1134)
	at groovy.lang.MetaClassImpl.invokeMethod(MetaClassImpl.java:1087)
	at groovy.lang.MetaClassImpl.invokeMethod(MetaClassImpl.java:909)
	at org.codehaus.groovy.runtime.callsite.PogoMetaClassSite.callCurrent(PogoMetaClassSite.java:66)
	at org.codehaus.groovy.runtime.callsite.AbstractCallSite.callCurrent(AbstractCallSite.java:137)
	at com.rackspace.search.service.account.AccountOngoingSyncJob$1.run(AccountOngoingSyncJob.groovy:78)
	at java.util.TimerThread.mainLoop(Timer.java:512)
	at java.util.TimerThread.run(Timer.java:462)
Exception in thread &quot;Timer-55&quot; org.elasticsearch.common.util.concurrent.EsRejectedExecutionException: rejected execution of [org.elasticsearch.action.support.master.TransportMasterNodeOperationAction$2]
	at org.elasticsearch.common.util.concurrent.EsAbortPolicy.rejectedExecution(EsAbortPolicy.java:35)
	at java.util.concurrent.ThreadPoolExecutor.reject(ThreadPoolExecutor.java:767)
	at java.util.concurrent.ThreadPoolExecutor.execute(ThreadPoolExecutor.java:658)
	at org.elasticsearch.action.support.master.TransportMasterNodeOperationAction.innerExecute(TransportMasterNodeOperationAction.java:132)
	at org.elasticsearch.action.support.master.TransportMasterNodeOperationAction.doExecute(TransportMasterNodeOperationAction.java:86)
	at org.elasticsearch.action.support.master.TransportMasterNodeOperationAction.doExecute(TransportMasterNodeOperationAction.java:42)
	at org.elasticsearch.action.support.TransportAction.execute(TransportAction.java:61)
	at org.elasticsearch.client.node.NodeClusterAdminClient.execute(NodeClusterAdminClient.java:72)
	at org.elasticsearch.client.support.AbstractClusterAdminClient.health(AbstractClusterAdminClient.java:83)
	at org.elasticsearch.action.admin.cluster.health.ClusterHealthRequestBuilder.doExecute(ClusterHealthRequestBuilder.java:98)
	at org.elasticsearch.action.ActionRequestBuilder.execute(ActionRequestBuilder.java:62)
	at org.elasticsearch.action.ActionRequestBuilder.execute(ActionRequestBuilder.java:57)
	at org.elasticsearch.action.ActionRequestBuilder$execute.call(Unknown Source)
	at com.rackspace.search.elasticsearch.ElasticSearchServer.getHealthInformation(ElasticSearchServer.groovy:55)
	at com.rackspace.search.elasticsearch.ElasticSearchServer.getHealthStatus(ElasticSearchServer.groovy:51)
	at com.rackspace.search.elasticsearch.ElasticSearchServer.waitForYellowStatus(ElasticSearchServer.groovy:69)
	at com.rackspace.search.elasticsearch.ElasticSearchServer$waitForYellowStatus.call(Unknown Source)
	at com.rackspace.search.service.admin.CoreTicketOndemandSyncJob.setupJob(CoreTicketOndemandSyncJob.groovy:98)
	at sun.reflect.NativeMethodAccessorImpl.invoke0(Native Method)
	at sun.reflect.NativeMethodAccessorImpl.invoke(NativeMethodAccessorImpl.java:39)
	at sun.reflect.DelegatingMethodAccessorImpl.invoke(DelegatingMethodAccessorImpl.java:25)
	at java.lang.reflect.Method.invoke(Method.java:597)
	at org.codehaus.groovy.reflection.CachedMethod.invoke(CachedMethod.java:90)
	at groovy.lang.MetaMethod.doMethodInvoke(MetaMethod.java:233)
	at groovy.lang.MetaClassImpl.invokeMethod(MetaClassImpl.java:1085)
	at org.codehaus.groovy.runtime.ScriptBytecodeAdapter.invokeMethodOnCurrentN(ScriptBytecodeAdapter.java:78)
	at com.rackspace.search.service.admin.CoreTicketOndemandSyncJob.this$dist$invoke$1(CoreTicketOndemandSyncJob.groovy)
	at com.rackspace.search.service.admin.CoreTicketOndemandSyncJob$1.methodMissing(CoreTicketOndemandSyncJob.groovy)
	at sun.reflect.NativeMethodAccessorImpl.invoke0(Native Method)
	at sun.reflect.NativeMethodAccessorImpl.invoke(NativeMethodAccessorImpl.java:39)
	at sun.reflect.DelegatingMethodAccessorImpl.invoke(DelegatingMethodAccessorImpl.java:25)
	at java.lang.reflect.Method.invoke(Method.java:597)
	at org.codehaus.groovy.reflection.CachedMethod.invoke(CachedMethod.java:90)
	at groovy.lang.MetaClassImpl.invokeMissingMethod(MetaClassImpl.java:837)
	at groovy.lang.MetaClassImpl.invokePropertyOrMissing(MetaClassImpl.java:1134)
	at groovy.lang.MetaClassImpl.invokeMethod(MetaClassImpl.java:1087)
	at groovy.lang.MetaClassImpl.invokeMethod(MetaClassImpl.java:909)
	at org.codehaus.groovy.runtime.callsite.PogoMetaClassSite.callCurrent(PogoMetaClassSite.java:66)
	at org.codehaus.groovy.runtime.callsite.AbstractCallSite.callCurrent(AbstractCallSite.java:137)
	at com.rackspace.search.service.admin.CoreTicketOndemandSyncJob$1.run(CoreTicketOndemandSyncJob.groovy:82)
	at java.util.TimerThread.mainLoop(Timer.java:512)
	at java.util.TimerThread.run(Timer.java:462)
Exception in thread &quot;Timer-56&quot; org.elasticsearch.common.util.concurrent.EsRejectedExecutionException: rejected execution of [org.elasticsearch.action.support.master.TransportMasterNodeOperationAction$2]
	at org.elasticsearch.common.util.concurrent.EsAbortPolicy.rejectedExecution(EsAbortPolicy.java:35)
	at java.util.concurrent.ThreadPoolExecutor.reject(ThreadPoolExecutor.java:767)
	at java.util.concurrent.ThreadPoolExecutor.execute(ThreadPoolExecutor.java:658)
	at org.elasticsearch.action.support.master.TransportMasterNodeOperationAction.innerExecute(TransportMasterNodeOperationAction.java:132)
	at org.elasticsearch.action.support.master.TransportMasterNodeOperationAction.doExecute(TransportMasterNodeOperationAction.java:86)
	at org.elasticsearch.action.support.master.TransportMasterNodeOperationAction.doExecute(TransportMasterNodeOperationAction.java:42)
	at org.elasticsearch.action.support.TransportAction.execute(TransportAction.java:61)
	at org.elasticsearch.client.node.NodeClusterAdminClient.execute(NodeClusterAdminClient.java:72)
	at org.elasticsearch.client.support.AbstractClusterAdminClient.health(AbstractClusterAdminClient.java:83)
	at org.elasticsearch.action.admin.cluster.health.ClusterHealthRequestBuilder.doExecute(ClusterHealthRequestBuilder.java:98)
	at org.elasticsearch.action.ActionRequestBuilder.execute(ActionRequestBuilder.java:62)
	at org.elasticsearch.action.ActionRequestBuilder.execute(ActionRequestBuilder.java:57)
	at org.elasticsearch.action.ActionRequestBuilder$execute.call(Unknown Source)
	at com.rackspace.search.elasticsearch.ElasticSearchServer.getHealthInformation(ElasticSearchServer.groovy:55)
	at com.rackspace.search.elasticsearch.ElasticSearchServer.getHealthStatus(ElasticSearchServer.groovy:51)
	at com.rackspace.search.elasticsearch.ElasticSearchServer.waitForYellowStatus(ElasticSearchServer.groovy:69)
	at com.rackspace.search.elasticsearch.ElasticSearchServer$waitForYellowStatus.call(Unknown Source)
	at com.rackspace.search.service.core.CoreTicketSecondPassSyncJob.setupJob(CoreTicketSecondPassSyncJob.groovy:90)
	at com.rackspace.search.service.core.CoreTicketSecondPassSyncJob.this$2$setupJob(CoreTicketSecondPassSyncJob.groovy)
	at sun.reflect.NativeMethodAccessorImpl.invoke0(Native Method)
	at sun.reflect.NativeMethodAccessorImpl.invoke(NativeMethodAccessorImpl.java:39)
	at sun.reflect.DelegatingMethodAccessorImpl.invoke(DelegatingMethodAccessorImpl.java:25)
	at java.lang.reflect.Method.invoke(Method.java:597)
	at org.codehaus.groovy.reflection.CachedMethod.invoke(CachedMethod.java:90)
	at groovy.lang.MetaMethod.doMethodInvoke(MetaMethod.java:233)
	at groovy.lang.MetaClassImpl.invokeMethod(MetaClassImpl.java:1085)
	at org.codehaus.groovy.runtime.ScriptBytecodeAdapter.invokeMethodOnCurrentN(ScriptBytecodeAdapter.java:78)
	at com.rackspace.search.service.core.CoreTicketSecondPassSyncJob.this$dist$invoke$1(CoreTicketSecondPassSyncJob.groovy)
	at com.rackspace.search.service.core.CoreTicketSecondPassSyncJob$1.methodMissing(CoreTicketSecondPassSyncJob.groovy)
	at sun.reflect.NativeMethodAccessorImpl.invoke0(Native Method)
	at sun.reflect.NativeMethodAccessorImpl.invoke(NativeMethodAccessorImpl.java:39)
	at sun.reflect.DelegatingMethodAccessorImpl.invoke(DelegatingMethodAccessorImpl.java:25)
	at java.lang.reflect.Method.invoke(Method.java:597)
	at org.codehaus.groovy.reflection.CachedMethod.invoke(CachedMethod.java:90)
	at groovy.lang.MetaClassImpl.invokeMissingMethod(MetaClassImpl.java:837)
	at groovy.lang.MetaClassImpl.invokePropertyOrMissing(MetaClassImpl.java:1134)
	at groovy.lang.MetaClassImpl.invokeMethod(MetaClassImpl.java:1087)
	at groovy.lang.MetaClassImpl.invokeMethod(MetaClassImpl.java:909)
	at org.codehaus.groovy.runtime.callsite.PogoMetaClassSite.callCurrent(PogoMetaClassSite.java:66)
	at org.codehaus.groovy.runtime.callsite.AbstractCallSite.callCurrent(AbstractCallSite.java:137)
	at com.rackspace.search.service.core.CoreTicketSecondPassSyncJob$1.run(CoreTicketSecondPassSyncJob.groovy:74)
	at java.util.TimerThread.mainLoop(Timer.java:512)
	at java.util.TimerThread.run(Timer.java:462)
Exception in thread &quot;Timer-57&quot; org.elasticsearch.common.util.concurrent.EsRejectedExecutionException: rejected execution of [org.elasticsearch.action.support.master.TransportMasterNodeOperationAction$2]
	at org.elasticsearch.common.util.concurrent.EsAbortPolicy.rejectedExecution(EsAbortPolicy.java:35)
	at java.util.concurrent.ThreadPoolExecutor.reject(ThreadPoolExecutor.java:767)
	at java.util.concurrent.ThreadPoolExecutor.execute(ThreadPoolExecutor.java:658)
	at org.elasticsearch.action.support.master.TransportMasterNodeOperationAction.innerExecute(TransportMasterNodeOperationAction.java:132)
	at org.elasticsearch.action.support.master.TransportMasterNodeOperationAction.doExecute(TransportMasterNodeOperationAction.java:86)
	at org.elasticsearch.action.support.master.TransportMasterNodeOperationAction.doExecute(TransportMasterNodeOperationAction.java:42)
	at org.elasticsearch.action.support.TransportAction.execute(TransportAction.java:61)
	at org.elasticsearch.client.node.NodeClusterAdminClient.execute(NodeClusterAdminClient.java:72)
	at org.elasticsearch.client.support.AbstractClusterAdminClient.health(AbstractClusterAdminClient.java:83)
	at org.elasticsearch.action.admin.cluster.health.ClusterHealthRequestBuilder.doExecute(ClusterHealthRequestBuilder.java:98)
	at org.elasticsearch.action.ActionRequestBuilder.execute(ActionRequestBuilder.java:62)
	at org.elasticsearch.action.ActionRequestBuilder.execute(ActionRequestBuilder.java:57)
	at org.elasticsearch.action.ActionRequestBuilder$execute.call(Unknown Source)
	at com.rackspace.search.elasticsearch.ElasticSearchServer.getHealthInformation(ElasticSearchServer.groovy:55)
	at com.rackspace.search.elasticsearch.ElasticSearchServer.getHealthStatus(ElasticSearchServer.groovy:51)
	at com.rackspace.search.elasticsearch.ElasticSearchServer.waitForYellowStatus(ElasticSearchServer.groovy:69)
	at com.rackspace.search.elasticsearch.ElasticSearchServer$waitForYellowStatus.call(Unknown Source)
	at com.rackspace.search.service.account.CoreAccountUpdateSyncJob.setupJob(CoreAccountUpdateSyncJob.groovy:95)
	at com.rackspace.search.service.account.CoreAccountUpdateSyncJob.this$2$setupJob(CoreAccountUpdateSyncJob.groovy)
	at sun.reflect.NativeMethodAccessorImpl.invoke0(Native Method)
	at sun.reflect.NativeMethodAccessorImpl.invoke(NativeMethodAccessorImpl.java:39)
	at sun.reflect.DelegatingMethodAccessorImpl.invoke(DelegatingMethodAccessorImpl.java:25)
	at java.lang.reflect.Method.invoke(Method.java:597)
	at org.codehaus.groovy.reflection.CachedMethod.invoke(CachedMethod.java:90)
	at groovy.lang.MetaMethod.doMethodInvoke(MetaMethod.java:233)
	at groovy.lang.MetaClassImpl.invokeMethod(MetaClassImpl.java:1085)
	at org.codehaus.groovy.runtime.ScriptBytecodeAdapter.invokeMethodOnCurrentN(ScriptBytecodeAdapter.java:78)
	at com.rackspace.search.service.account.CoreAccountUpdateSyncJob.this$dist$invoke$1(CoreAccountUpdateSyncJob.groovy)
	at com.rackspace.search.service.account.CoreAccountUpdateSyncJob$1.methodMissing(CoreAccountUpdateSyncJob.groovy)
	at sun.reflect.NativeMethodAccessorImpl.invoke0(Native Method)
	at sun.reflect.NativeMethodAccessorImpl.invoke(NativeMethodAccessorImpl.java:39)
	at sun.reflect.DelegatingMethodAccessorImpl.invoke(DelegatingMethodAccessorImpl.java:25)
	at java.lang.reflect.Method.invoke(Method.java:597)
	at org.codehaus.groovy.reflection.CachedMethod.invoke(CachedMethod.java:90)
	at groovy.lang.MetaClassImpl.invokeMissingMethod(MetaClassImpl.java:837)
	at groovy.lang.MetaClassImpl.invokePropertyOrMissing(MetaClassImpl.java:1134)
	at groovy.lang.MetaClassImpl.invokeMethod(MetaClassImpl.java:1087)
	at groovy.lang.MetaClassImpl.invokeMethod(MetaClassImpl.java:909)
	at org.codehaus.groovy.runtime.callsite.PogoMetaClassSite.callCurrent(PogoMetaClassSite.java:66)
	at org.codehaus.groovy.runtime.callsite.AbstractCallSite.callCurrent(AbstractCallSite.java:137)
	at com.rackspace.search.service.account.CoreAccountUpdateSyncJob$1.run(CoreAccountUpdateSyncJob.groovy:78)
	at java.util.TimerThread.mainLoop(Timer.java:512)
	at java.util.TimerThread.run(Timer.java:462)
Exception in thread &quot;Timer-58&quot; org.elasticsearch.common.util.concurrent.EsRejectedExecutionException: rejected execution of [org.elasticsearch.action.support.master.TransportMasterNodeOperationAction$2]
	at org.elasticsearch.common.util.concurrent.EsAbortPolicy.rejectedExecution(EsAbortPolicy.java:35)
	at java.util.concurrent.ThreadPoolExecutor.reject(ThreadPoolExecutor.java:767)
	at java.util.concurrent.ThreadPoolExecutor.execute(ThreadPoolExecutor.java:658)
	at org.elasticsearch.action.support.master.TransportMasterNodeOperationAction.innerExecute(TransportMasterNodeOperationAction.java:132)
	at org.elasticsearch.action.support.master.TransportMasterNodeOperationAction.doExecute(TransportMasterNodeOperationAction.java:86)
	at org.elasticsearch.action.support.master.TransportMasterNodeOperationAction.doExecute(TransportMasterNodeOperationAction.java:42)
	at org.elasticsearch.action.support.TransportAction.execute(TransportAction.java:61)
	at org.elasticsearch.client.node.NodeClusterAdminClient.execute(NodeClusterAdminClient.java:72)
	at org.elasticsearch.client.support.AbstractClusterAdminClient.health(AbstractClusterAdminClient.java:83)
	at org.elasticsearch.action.admin.cluster.health.ClusterHealthRequestBuilder.doExecute(ClusterHealthRequestBuilder.java:98)
	at org.elasticsearch.action.ActionRequestBuilder.execute(ActionRequestBuilder.java:62)
	at org.elasticsearch.action.ActionRequestBuilder.execute(ActionRequestBuilder.java:57)
	at org.elasticsearch.action.ActionRequestBuilder$execute.call(Unknown Source)
	at com.rackspace.search.elasticsearch.ElasticSearchServer.getHealthInformation(ElasticSearchServer.groovy:55)
	at com.rackspace.search.elasticsearch.ElasticSearchServer.getHealthStatus(ElasticSearchServer.groovy:51)
	at com.rackspace.search.elasticsearch.ElasticSearchServer.waitForYellowStatus(ElasticSearchServer.groovy:69)
	at com.rackspace.search.elasticsearch.ElasticSearchServer$waitForYellowStatus.call(Unknown Source)
	at com.rackspace.search.service.admin.AccountOndemandSyncJob.setupJob(AccountOndemandSyncJob.groovy:126)
	at sun.reflect.NativeMethodAccessorImpl.invoke0(Native Method)
	at sun.reflect.NativeMethodAccessorImpl.invoke(NativeMethodAccessorImpl.java:39)
	at sun.reflect.DelegatingMethodAccessorImpl.invoke(DelegatingMethodAccessorImpl.java:25)
	at java.lang.reflect.Method.invoke(Method.java:597)
	at org.codehaus.groovy.reflection.CachedMethod.invoke(CachedMethod.java:90)
	at groovy.lang.MetaMethod.doMethodInvoke(MetaMethod.java:233)
	at groovy.lang.MetaClassImpl.invokeMethod(MetaClassImpl.java:1085)
	at org.codehaus.groovy.runtime.ScriptBytecodeAdapter.invokeMethodOnCurrentN(ScriptBytecodeAdapter.java:78)
	at com.rackspace.search.service.admin.AccountOndemandSyncJob.this$dist$invoke$1(AccountOndemandSyncJob.groovy)
	at com.rackspace.search.service.admin.AccountOndemandSyncJob$1.methodMissing(AccountOndemandSyncJob.groovy)
	at sun.reflect.NativeMethodAccessorImpl.invoke0(Native Method)
	at sun.reflect.NativeMethodAccessorImpl.invoke(NativeMethodAccessorImpl.java:39)
	at sun.reflect.DelegatingMethodAccessorImpl.invoke(DelegatingMethodAccessorImpl.java:25)
	at java.lang.reflect.Method.invoke(Method.java:597)
	at org.codehaus.groovy.reflection.CachedMethod.invoke(CachedMethod.java:90)
	at groovy.lang.MetaClassImpl.invokeMissingMethod(MetaClassImpl.java:837)
	at groovy.lang.MetaClassImpl.invokePropertyOrMissing(MetaClassImpl.java:1134)
	at groovy.lang.MetaClassImpl.invokeMethod(MetaClassImpl.java:1087)
	at groovy.lang.MetaClassImpl.invokeMethod(MetaClassImpl.java:909)
	at org.codehaus.groovy.runtime.callsite.PogoMetaClassSite.callCurrent(PogoMetaClassSite.java:66)
	at org.codehaus.groovy.runtime.callsite.AbstractCallSite.callCurrent(AbstractCallSite.java:137)
	at com.rackspace.search.service.admin.AccountOndemandSyncJob$1.run(AccountOndemandSyncJob.groovy:110)
	at java.util.TimerThread.mainLoop(Timer.java:512)
	at java.util.TimerThread.run(Timer.java:462)
</stderr>
          <failedSince>7</failedSince>
        </case>
        <case>
          <duration>4.771</duration>
          <className>com.rackspace.search.elasticsearch.client.ElasticSearchClientTest</className>
          <testName>get All Tickets</testName>
          <skipped>false</skipped>
          <errorStackTrace>java.lang.NullPointerException: Cannot invoke method getClient() on null object
	at com.rackspace.search.elasticsearch.client.ElasticSearchClientTest.cleanup(ElasticSearchClientTest.groovy:92)
</errorStackTrace>
          <errorDetails>Cannot invoke method getClient() on null object</errorDetails>
          <failedSince>7</failedSince>
        </case>
        <case>
          <duration>4.722</duration>
          <className>com.rackspace.search.elasticsearch.client.ElasticSearchClientTest</className>
          <testName>test search tickets for string filed user with single &amp; multiple values and negation</testName>
          <skipped>false</skipped>
          <errorStackTrace>java.lang.IllegalStateException: Failed to load ApplicationContext
	at org.springframework.test.context.TestContext.getApplicationContext(TestContext.java:308)
	at org.springframework.test.context.support.DependencyInjectionTestExecutionListener.injectDependencies(DependencyInjectionTestExecutionListener.java:109)
	at org.springframework.test.context.support.DependencyInjectionTestExecutionListener.prepareTestInstance(DependencyInjectionTestExecutionListener.java:75)
	at org.springframework.test.context.TestContextManager.prepareTestInstance(TestContextManager.java:321)
	at org.spockframework.spring.SpringTestContextManager.prepareTestInstance(SpringTestContextManager.java:49)
	at org.spockframework.spring.SpringInterceptor.interceptSetupMethod(SpringInterceptor.java:42)
	at org.spockframework.runtime.extension.AbstractMethodInterceptor.intercept(AbstractMethodInterceptor.java:28)
	at org.spockframework.runtime.extension.MethodInvocation.proceed(MethodInvocation.java:84)
	at org.spockframework.util.ReflectionUtil.invokeMethod(ReflectionUtil.java:138)
	at org.spockframework.util.ReflectionUtil.invokeMethod(ReflectionUtil.java:138)
	at org.spockframework.util.ReflectionUtil.invokeMethod(ReflectionUtil.java:138)
	at org.apache.maven.surefire.junit4.JUnit4TestSet.execute(JUnit4TestSet.java:53)
	at org.apache.maven.surefire.junit4.JUnit4Provider.executeTestSet(JUnit4Provider.java:123)
	at org.apache.maven.surefire.junit4.JUnit4Provider.invoke(JUnit4Provider.java:104)
	at org.apache.maven.surefire.util.ReflectionUtils.invokeMethodWithArray(ReflectionUtils.java:164)
	at org.apache.maven.surefire.booter.ProviderFactory$ProviderProxy.invoke(ProviderFactory.java:110)
	at org.apache.maven.surefire.booter.SurefireStarter.invokeProvider(SurefireStarter.java:175)
	at org.apache.maven.surefire.booter.SurefireStarter.runSuitesInProcessWhenForked(SurefireStarter.java:107)
	at org.apache.maven.surefire.booter.ForkedBooter.main(ForkedBooter.java:68)
Caused by: org.springframework.beans.factory.BeanCreationException: Error creating bean with name &apos;jobResource&apos;: Injection of autowired dependencies failed; nested exception is org.springframework.beans.factory.BeanCreationException: Could not autowire field: private com.rackspace.search.service.zendesk.ZendeskTicketOngoingSyncJob com.rackspace.search.endpoint.JobResource.zendeskTicketOngoingSyncJob; nested exception is org.springframework.beans.factory.BeanCreationException: Error creating bean with name &apos;zendeskTicketOngoingSyncJob&apos;: Injection of autowired dependencies failed; nested exception is org.springframework.beans.factory.BeanCreationException: Could not autowire field: private com.rackspace.search.service.zendesk.ZendeskTicketOngoingSyncActor com.rackspace.search.service.zendesk.ZendeskTicketOngoingSyncJob.ticketActor; nested exception is org.springframework.beans.factory.BeanCreationException: Error creating bean with name &apos;zendeskTicketOngoingSyncActor&apos;: Injection of autowired dependencies failed; nested exception is org.springframework.beans.factory.BeanCreationException: Could not autowire field: private com.rackspace.search.service.zendesk.ZendeskTicketProcessor com.rackspace.search.service.zendesk.ZendeskTicketOngoingSyncActor.zendeskTicketProcessor; nested exception is org.springframework.beans.factory.BeanCreationException: Error creating bean with name &apos;zendeskTicketProcessor&apos;: Injection of autowired dependencies failed; nested exception is org.springframework.beans.factory.BeanCreationException: Could not autowire field: private java.lang.Object com.rackspace.search.service.zendesk.ZendeskTicketProcessor.zendeskIndexName; nested exception is java.lang.IllegalArgumentException: Could not resolve placeholder &apos;zendesk.index.name&apos;
	at org.springframework.beans.factory.annotation.AutowiredAnnotationBeanPostProcessor.postProcessPropertyValues(AutowiredAnnotationBeanPostProcessor.java:288)
	at org.springframework.beans.factory.support.AbstractAutowireCapableBeanFactory.populateBean(AbstractAutowireCapableBeanFactory.java:1074)
	at org.springframework.beans.factory.support.AbstractAutowireCapableBeanFactory.doCreateBean(AbstractAutowireCapableBeanFactory.java:517)
	at org.springframework.beans.factory.support.AbstractAutowireCapableBeanFactory.createBean(AbstractAutowireCapableBeanFactory.java:456)
	at org.springframework.beans.factory.support.AbstractBeanFactory$1.getObject(AbstractBeanFactory.java:293)
	at org.springframework.beans.factory.support.DefaultSingletonBeanRegistry.getSingleton(DefaultSingletonBeanRegistry.java:222)
	at org.springframework.beans.factory.support.AbstractBeanFactory.doGetBean(AbstractBeanFactory.java:290)
	at org.springframework.beans.factory.support.AbstractBeanFactory.getBean(AbstractBeanFactory.java:192)
	at org.springframework.beans.factory.support.DefaultListableBeanFactory.preInstantiateSingletons(DefaultListableBeanFactory.java:585)
	at org.springframework.context.support.AbstractApplicationContext.finishBeanFactoryInitialization(AbstractApplicationContext.java:895)
	at org.springframework.context.support.AbstractApplicationContext.refresh(AbstractApplicationContext.java:425)
	at org.springframework.test.context.support.AbstractGenericContextLoader.loadContext(AbstractGenericContextLoader.java:84)
	at org.springframework.test.context.support.AbstractGenericContextLoader.loadContext(AbstractGenericContextLoader.java:1)
	at org.springframework.test.context.TestContext.loadApplicationContext(TestContext.java:280)
	at org.springframework.test.context.TestContext.getApplicationContext(TestContext.java:304)
	... 18 more
Caused by: org.springframework.beans.factory.BeanCreationException: Could not autowire field: private com.rackspace.search.service.zendesk.ZendeskTicketOngoingSyncJob com.rackspace.search.endpoint.JobResource.zendeskTicketOngoingSyncJob; nested exception is org.springframework.beans.factory.BeanCreationException: Error creating bean with name &apos;zendeskTicketOngoingSyncJob&apos;: Injection of autowired dependencies failed; nested exception is org.springframework.beans.factory.BeanCreationException: Could not autowire field: private com.rackspace.search.service.zendesk.ZendeskTicketOngoingSyncActor com.rackspace.search.service.zendesk.ZendeskTicketOngoingSyncJob.ticketActor; nested exception is org.springframework.beans.factory.BeanCreationException: Error creating bean with name &apos;zendeskTicketOngoingSyncActor&apos;: Injection of autowired dependencies failed; nested exception is org.springframework.beans.factory.BeanCreationException: Could not autowire field: private com.rackspace.search.service.zendesk.ZendeskTicketProcessor com.rackspace.search.service.zendesk.ZendeskTicketOngoingSyncActor.zendeskTicketProcessor; nested exception is org.springframework.beans.factory.BeanCreationException: Error creating bean with name &apos;zendeskTicketProcessor&apos;: Injection of autowired dependencies failed; nested exception is org.springframework.beans.factory.BeanCreationException: Could not autowire field: private java.lang.Object com.rackspace.search.service.zendesk.ZendeskTicketProcessor.zendeskIndexName; nested exception is java.lang.IllegalArgumentException: Could not resolve placeholder &apos;zendesk.index.name&apos;
	at org.springframework.beans.factory.annotation.AutowiredAnnotationBeanPostProcessor$AutowiredFieldElement.inject(AutowiredAnnotationBeanPostProcessor.java:508)
	at org.springframework.beans.factory.annotation.InjectionMetadata.inject(InjectionMetadata.java:84)
	at org.springframework.beans.factory.annotation.AutowiredAnnotationBeanPostProcessor.postProcessPropertyValues(AutowiredAnnotationBeanPostProcessor.java:285)
	... 32 more
Caused by: org.springframework.beans.factory.BeanCreationException: Error creating bean with name &apos;zendeskTicketOngoingSyncJob&apos;: Injection of autowired dependencies failed; nested exception is org.springframework.beans.factory.BeanCreationException: Could not autowire field: private com.rackspace.search.service.zendesk.ZendeskTicketOngoingSyncActor com.rackspace.search.service.zendesk.ZendeskTicketOngoingSyncJob.ticketActor; nested exception is org.springframework.beans.factory.BeanCreationException: Error creating bean with name &apos;zendeskTicketOngoingSyncActor&apos;: Injection of autowired dependencies failed; nested exception is org.springframework.beans.factory.BeanCreationException: Could not autowire field: private com.rackspace.search.service.zendesk.ZendeskTicketProcessor com.rackspace.search.service.zendesk.ZendeskTicketOngoingSyncActor.zendeskTicketProcessor; nested exception is org.springframework.beans.factory.BeanCreationException: Error creating bean with name &apos;zendeskTicketProcessor&apos;: Injection of autowired dependencies failed; nested exception is org.springframework.beans.factory.BeanCreationException: Could not autowire field: private java.lang.Object com.rackspace.search.service.zendesk.ZendeskTicketProcessor.zendeskIndexName; nested exception is java.lang.IllegalArgumentException: Could not resolve placeholder &apos;zendesk.index.name&apos;
	at org.springframework.beans.factory.annotation.AutowiredAnnotationBeanPostProcessor.postProcessPropertyValues(AutowiredAnnotationBeanPostProcessor.java:288)
	at org.springframework.beans.factory.support.AbstractAutowireCapableBeanFactory.populateBean(AbstractAutowireCapableBeanFactory.java:1074)
	at org.springframework.beans.factory.support.AbstractAutowireCapableBeanFactory.doCreateBean(AbstractAutowireCapableBeanFactory.java:517)
	at org.springframework.beans.factory.support.AbstractAutowireCapableBeanFactory.createBean(AbstractAutowireCapableBeanFactory.java:456)
	at org.springframework.beans.factory.support.AbstractBeanFactory$1.getObject(AbstractBeanFactory.java:293)
	at org.springframework.beans.factory.support.DefaultSingletonBeanRegistry.getSingleton(DefaultSingletonBeanRegistry.java:222)
	at org.springframework.beans.factory.support.AbstractBeanFactory.doGetBean(AbstractBeanFactory.java:290)
	at org.springframework.beans.factory.support.AbstractBeanFactory.getBean(AbstractBeanFactory.java:192)
	at org.springframework.beans.factory.support.DefaultListableBeanFactory.findAutowireCandidates(DefaultListableBeanFactory.java:848)
	at org.springframework.beans.factory.support.DefaultListableBeanFactory.doResolveDependency(DefaultListableBeanFactory.java:790)
	at org.springframework.beans.factory.support.DefaultListableBeanFactory.resolveDependency(DefaultListableBeanFactory.java:707)
	at org.springframework.beans.factory.annotation.AutowiredAnnotationBeanPostProcessor$AutowiredFieldElement.inject(AutowiredAnnotationBeanPostProcessor.java:480)
	... 34 more
Caused by: org.springframework.beans.factory.BeanCreationException: Could not autowire field: private com.rackspace.search.service.zendesk.ZendeskTicketOngoingSyncActor com.rackspace.search.service.zendesk.ZendeskTicketOngoingSyncJob.ticketActor; nested exception is org.springframework.beans.factory.BeanCreationException: Error creating bean with name &apos;zendeskTicketOngoingSyncActor&apos;: Injection of autowired dependencies failed; nested exception is org.springframework.beans.factory.BeanCreationException: Could not autowire field: private com.rackspace.search.service.zendesk.ZendeskTicketProcessor com.rackspace.search.service.zendesk.ZendeskTicketOngoingSyncActor.zendeskTicketProcessor; nested exception is org.springframework.beans.factory.BeanCreationException: Error creating bean with name &apos;zendeskTicketProcessor&apos;: Injection of autowired dependencies failed; nested exception is org.springframework.beans.factory.BeanCreationException: Could not autowire field: private java.lang.Object com.rackspace.search.service.zendesk.ZendeskTicketProcessor.zendeskIndexName; nested exception is java.lang.IllegalArgumentException: Could not resolve placeholder &apos;zendesk.index.name&apos;
	at org.springframework.beans.factory.annotation.AutowiredAnnotationBeanPostProcessor$AutowiredFieldElement.inject(AutowiredAnnotationBeanPostProcessor.java:508)
	at org.springframework.beans.factory.annotation.InjectionMetadata.inject(InjectionMetadata.java:84)
	at org.springframework.beans.factory.annotation.AutowiredAnnotationBeanPostProcessor.postProcessPropertyValues(AutowiredAnnotationBeanPostProcessor.java:285)
	... 45 more
Caused by: org.springframework.beans.factory.BeanCreationException: Error creating bean with name &apos;zendeskTicketOngoingSyncActor&apos;: Injection of autowired dependencies failed; nested exception is org.springframework.beans.factory.BeanCreationException: Could not autowire field: private com.rackspace.search.service.zendesk.ZendeskTicketProcessor com.rackspace.search.service.zendesk.ZendeskTicketOngoingSyncActor.zendeskTicketProcessor; nested exception is org.springframework.beans.factory.BeanCreationException: Error creating bean with name &apos;zendeskTicketProcessor&apos;: Injection of autowired dependencies failed; nested exception is org.springframework.beans.factory.BeanCreationException: Could not autowire field: private java.lang.Object com.rackspace.search.service.zendesk.ZendeskTicketProcessor.zendeskIndexName; nested exception is java.lang.IllegalArgumentException: Could not resolve placeholder &apos;zendesk.index.name&apos;
	at org.springframework.beans.factory.annotation.AutowiredAnnotationBeanPostProcessor.postProcessPropertyValues(AutowiredAnnotationBeanPostProcessor.java:288)
	at org.springframework.beans.factory.support.AbstractAutowireCapableBeanFactory.populateBean(AbstractAutowireCapableBeanFactory.java:1074)
	at org.springframework.beans.factory.support.AbstractAutowireCapableBeanFactory.doCreateBean(AbstractAutowireCapableBeanFactory.java:517)
	at org.springframework.beans.factory.support.AbstractAutowireCapableBeanFactory.createBean(AbstractAutowireCapableBeanFactory.java:456)
	at org.springframework.beans.factory.support.AbstractBeanFactory$1.getObject(AbstractBeanFactory.java:293)
	at org.springframework.beans.factory.support.DefaultSingletonBeanRegistry.getSingleton(DefaultSingletonBeanRegistry.java:222)
	at org.springframework.beans.factory.support.AbstractBeanFactory.doGetBean(AbstractBeanFactory.java:290)
	at org.springframework.beans.factory.support.AbstractBeanFactory.getBean(AbstractBeanFactory.java:192)
	at org.springframework.beans.factory.support.DefaultListableBeanFactory.findAutowireCandidates(DefaultListableBeanFactory.java:848)
	at org.springframework.beans.factory.support.DefaultListableBeanFactory.doResolveDependency(DefaultListableBeanFactory.java:790)
	at org.springframework.beans.factory.support.DefaultListableBeanFactory.resolveDependency(DefaultListableBeanFactory.java:707)
	at org.springframework.beans.factory.annotation.AutowiredAnnotationBeanPostProcessor$AutowiredFieldElement.inject(AutowiredAnnotationBeanPostProcessor.java:480)
	... 47 more
Caused by: org.springframework.beans.factory.BeanCreationException: Could not autowire field: private com.rackspace.search.service.zendesk.ZendeskTicketProcessor com.rackspace.search.service.zendesk.ZendeskTicketOngoingSyncActor.zendeskTicketProcessor; nested exception is org.springframework.beans.factory.BeanCreationException: Error creating bean with name &apos;zendeskTicketProcessor&apos;: Injection of autowired dependencies failed; nested exception is org.springframework.beans.factory.BeanCreationException: Could not autowire field: private java.lang.Object com.rackspace.search.service.zendesk.ZendeskTicketProcessor.zendeskIndexName; nested exception is java.lang.IllegalArgumentException: Could not resolve placeholder &apos;zendesk.index.name&apos;
	at org.springframework.beans.factory.annotation.AutowiredAnnotationBeanPostProcessor$AutowiredFieldElement.inject(AutowiredAnnotationBeanPostProcessor.java:508)
	at org.springframework.beans.factory.annotation.InjectionMetadata.inject(InjectionMetadata.java:84)
	at org.springframework.beans.factory.annotation.AutowiredAnnotationBeanPostProcessor.postProcessPropertyValues(AutowiredAnnotationBeanPostProcessor.java:285)
	... 58 more
Caused by: org.springframework.beans.factory.BeanCreationException: Error creating bean with name &apos;zendeskTicketProcessor&apos;: Injection of autowired dependencies failed; nested exception is org.springframework.beans.factory.BeanCreationException: Could not autowire field: private java.lang.Object com.rackspace.search.service.zendesk.ZendeskTicketProcessor.zendeskIndexName; nested exception is java.lang.IllegalArgumentException: Could not resolve placeholder &apos;zendesk.index.name&apos;
	at org.springframework.beans.factory.annotation.AutowiredAnnotationBeanPostProcessor.postProcessPropertyValues(AutowiredAnnotationBeanPostProcessor.java:288)
	at org.springframework.beans.factory.support.AbstractAutowireCapableBeanFactory.populateBean(AbstractAutowireCapableBeanFactory.java:1074)
	at org.springframework.beans.factory.support.AbstractAutowireCapableBeanFactory.doCreateBean(AbstractAutowireCapableBeanFactory.java:517)
	at org.springframework.beans.factory.support.AbstractAutowireCapableBeanFactory.createBean(AbstractAutowireCapableBeanFactory.java:456)
	at org.springframework.beans.factory.support.AbstractBeanFactory$1.getObject(AbstractBeanFactory.java:293)
	at org.springframework.beans.factory.support.DefaultSingletonBeanRegistry.getSingleton(DefaultSingletonBeanRegistry.java:222)
	at org.springframework.beans.factory.support.AbstractBeanFactory.doGetBean(AbstractBeanFactory.java:290)
	at org.springframework.beans.factory.support.AbstractBeanFactory.getBean(AbstractBeanFactory.java:192)
	at org.springframework.beans.factory.support.DefaultListableBeanFactory.findAutowireCandidates(DefaultListableBeanFactory.java:848)
	at org.springframework.beans.factory.support.DefaultListableBeanFactory.doResolveDependency(DefaultListableBeanFactory.java:790)
	at org.springframework.beans.factory.support.DefaultListableBeanFactory.resolveDependency(DefaultListableBeanFactory.java:707)
	at org.springframework.beans.factory.annotation.AutowiredAnnotationBeanPostProcessor$AutowiredFieldElement.inject(AutowiredAnnotationBeanPostProcessor.java:480)
	... 60 more
Caused by: org.springframework.beans.factory.BeanCreationException: Could not autowire field: private java.lang.Object com.rackspace.search.service.zendesk.ZendeskTicketProcessor.zendeskIndexName; nested exception is java.lang.IllegalArgumentException: Could not resolve placeholder &apos;zendesk.index.name&apos;
	at org.springframework.beans.factory.annotation.AutowiredAnnotationBeanPostProcessor$AutowiredFieldElement.inject(AutowiredAnnotationBeanPostProcessor.java:508)
	at org.springframework.beans.factory.annotation.InjectionMetadata.inject(InjectionMetadata.java:84)
	at org.springframework.beans.factory.annotation.AutowiredAnnotationBeanPostProcessor.postProcessPropertyValues(AutowiredAnnotationBeanPostProcessor.java:285)
	... 71 more
Caused by: java.lang.IllegalArgumentException: Could not resolve placeholder &apos;zendesk.index.name&apos;
	at org.springframework.util.PropertyPlaceholderHelper.parseStringValue(PropertyPlaceholderHelper.java:173)
	at org.springframework.util.PropertyPlaceholderHelper.replacePlaceholders(PropertyPlaceholderHelper.java:125)
	at org.springframework.beans.factory.config.PropertyPlaceholderConfigurer$PlaceholderResolvingStringValueResolver.resolveStringValue(PropertyPlaceholderConfigurer.java:403)
	at org.springframework.beans.factory.support.AbstractBeanFactory.resolveEmbeddedValue(AbstractBeanFactory.java:747)
	at org.springframework.beans.factory.support.DefaultListableBeanFactory.doResolveDependency(DefaultListableBeanFactory.java:717)
	at org.springframework.beans.factory.support.DefaultListableBeanFactory.resolveDependency(DefaultListableBeanFactory.java:707)
	at org.springframework.beans.factory.annotation.AutowiredAnnotationBeanPostProcessor$AutowiredFieldElement.inject(AutowiredAnnotationBeanPostProcessor.java:480)
	... 73 more
</errorStackTrace>
          <errorDetails>Failed to load ApplicationContext</errorDetails>
          <stdout>22:05:15.332 [main] INFO  c.r.s.common.property.PropertyProvider - Loading properties file from file [/var/lib/jenkins/jobs/Samatha Fork/workspace/service/target/properties/local/search.properties]
22:05:15.332 [main] INFO  c.r.s.common.property.PropertyProvider - Loading properties file from file [/var/lib/jenkins/jobs/Samatha Fork/workspace/service/target/properties/local/search.secrets.properties]
22:05:15.333 [main] INFO  c.r.s.common.property.PropertyProvider - Loading properties file from file [/var/lib/jenkins/jobs/Samatha Fork/workspace/service/target/properties/local/elasticsearch.properties]
22:05:15.351 [main] INFO  c.r.s.elasticsearch.ElasticSearchServer - Starting the Elastic Search server node:
22:05:15.354 [main] INFO  org.elasticsearch.node - [ticket.node] {0.90.2}[25471]: initializing ...
22:05:15.355 [main] INFO  org.elasticsearch.plugins - [ticket.node] loaded [action-updatebyquery], sites []
22:05:15.822 [main] INFO  org.elasticsearch.node - [ticket.node] {0.90.2}[25471]: initialized
22:05:15.822 [main] INFO  c.r.s.elasticsearch.ElasticSearchServer - Starting the Elastic Search server node with these settings:
22:05:15.825 [main] INFO  c.r.s.elasticsearch.ElasticSearchServer - Elasticsearch Settings :  [elastic.config.path:/var/lib/jenkins/jobs/Samatha Fork/workspace/service/target/properties/local/elasticsearch, path.data:/var/lib/jenkins/jobs/Samatha Fork/workspace/service/target/elasticsearch/data, cluster.name:ticket.cluster, ticket.search.allowedNestedParams:account.contacts.name,account.contacts.role,account.contacts.sso, core.secondpass.lookbacktime.minutes:15, http.connection.timeout.in.milliseconds:65000, index.analysis.analyzer.search_standard.type:standard, cluster.health.check.wait.time.seconds:120, path.conf:/var/lib/jenkins/jobs/Samatha Fork/workspace/service/target/properties/local/elasticsearch, syncRequest.max.documents.size:250, ticket.ongoingsync.delay.seconds:2, core.account.caching.enabled:true, path.logs:/var/lib/jenkins/jobs/Samatha Fork/workspace/service/target/elasticsearch/logs, http.enabled:true, ticket.document.idName:number, core.api.endpoint:https://ws.integration.core.rackspace.com/ctkapi, transport.tcp.compress:true, account.highprofile.name:HIGH_PROFILE, core.ongoingsync.loopback.time.seconds:120, account.cache.expiration.time.minutes:120, account.api.username:hybrid_ui, ticket.index.name:ticket, admin.index.name:admin, default.page.size:100, indices.structure:/indices_structure.json, account.filter.necessary.updates:true, index.store.fs.memory.enabled:false, index.number_of_shards:5, syncRequest.search.allowedRangeParams:createdAt,lastRunAt,documentLastUpdatedTimestamp, admin.document.type:syncJob, node.data:true, max.page.size:500, node.name:ticket.node, ticket.core.date.timezone:CST, ticket.search.allowedRangeParams:createdAt,updatedAt,lastPublicCommentDate,updateEventDate,documentLastUpdatedTimestamp, account.document.type:account, core.driver.class:org.postgresql.Driver, ticket.cache.expiration.time.minutes:120, core.api.username:rcameron, syncRequest.document.idName:id, discovery.zen.ping.multicast.enabled:false, core.db.url:jdbc:postgresql://integration.db.core.rackspace.com:5432/core_dev, account.update.tickets.pageSize:250, core.account.updates.enabled:true, account.document.versionParam:updatedAt, index.analysis.analyzer.search_standard.filter:[lowercase], bootstrap.mlockall:true, ticket.core.dateformat:yyyy-MM-dd HH:mm:ss, coreaccount.document.type:coreaccount, coreticket.onetimesync.usedb:true, node.master:true, coreaccount.document.idName:id, syncRequest.document.type:syncRequest, core.account.filter.necessary.updates:true, index.number_of_replicas:0, account.api.events.path:v1.0/accounts/events.atom, account.index.name:account, ticket.document.versionParam:updateEventDate, ticket.core.dateformat.with.millis:yyyy-MM-dd HH:mm:ss.SSSSSS, core.account.cache.expiration.time.minutes:120, ticket.document.type:ticket, account.caching.enabled:true, coreaccount.document.versionParam:updatedAt, ticket.caching.enabled:true, admin.document.idName:name, syncRequest.search.allowedTermParams:documentType,status,createdAt,lastRunAt,documentLastUpdatedTimestamp, core.secondpass.enabled:true, account.api.accounts.path:v1.0/accounts, cluster.routing.allocation.awareness.attributes:machine, facets.display.count:100, core.db.username:usq_read, node.machine:ticket.node, syncRequest.index.name:admin, ticket.search.allowedTermParams:sourceSystem,number,createdAt,updatedAt,updateEventDate,lastPublicCommentDate,status,queue.name,category,categoryObj.name,categoryObj.id,priority,assignee.name,hasWindowsServers,hasLinuxServers,severityName,assignee.sso,queue.id,accountServiceLevel,accountTeamTerritoryCode,account.serviceLevel,account.teamTerritoryCode,statusTypes,account.team,account.id,account.rcn,account.status,account.highProfile,documentLastUpdatedTimestamp,account.teamSegment,submitter.name,submitter.sso,account.contacts.name,account.contacts.role,account.contacts.sso,subCategoryObj.name,subCategoryObj.id,assignee.id,submitter.id, use.updateByQueryPlugin:false, account.api.endpoint:https://test.account.api.rackspace.com/, updated.timestamp.field.name:documentLastUpdatedTimestamp, ticket.elastic.dateformat:yyyy-MM-dd&apos;T&apos;HH:mm:ss.SSSZ, action.auto_create_index:1, account.document.idName:id, name:ticket.node] 
22:05:15.826 [main] INFO  org.elasticsearch.node - [ticket.node] {0.90.2}[25471]: starting ...
22:05:15.832 [main] INFO  org.elasticsearch.transport - [ticket.node] bound_address {inet[/0:0:0:0:0:0:0:0:9300]}, publish_address {inet[/10.14.208.252:9300]}
22:05:18.858 [elasticsearch[ticket.node][clusterService#updateTask][T#1]] INFO  org.elasticsearch.cluster.service - [ticket.node] new_master [ticket.node][UvgJXy9gQzSEV1wIMQnmkg][inet[/10.14.208.252:9300]]{machine=ticket.node, master=true}, reason: zen-disco-join (elected_as_master)
22:05:18.869 [main] INFO  org.elasticsearch.discovery - [ticket.node] ticket.cluster/UvgJXy9gQzSEV1wIMQnmkg
22:05:18.910 [elasticsearch[ticket.node][clusterService#updateTask][T#1]] INFO  org.elasticsearch.gateway - [ticket.node] recovered [0] indices into cluster_state
22:05:18.928 [main] INFO  org.elasticsearch.http - [ticket.node] bound_address {inet[/0:0:0:0:0:0:0:0:9200]}, publish_address {inet[/10.14.208.252:9200]}
22:05:18.929 [main] INFO  org.elasticsearch.node - [ticket.node] {0.90.2}[25471]: started
22:05:18.929 [main] INFO  c.r.s.elasticsearch.ElasticSearchServer - Elastic Search server is started.
22:05:18.930 [main] INFO  c.r.s.elasticsearch.ElasticSearchServer - ES cluster status is GREEN. Waiting for ES recovery.
22:05:18.930 [main] INFO  c.r.s.elasticsearch.ElasticSearchServer - Elastic Search Cluster Staus is GREEN
22:05:19.565 [main] ERROR c.r.s.e.client.ElasticSearchClient - Index is missing
org.elasticsearch.indices.IndexMissingException: [admin] missing
	at org.elasticsearch.cluster.metadata.MetaData.concreteIndex(MetaData.java:616) ~[elasticsearch-0.90.2.jar:na]
	at org.elasticsearch.action.get.TransportGetAction.resolveRequest(TransportGetAction.java:90) ~[elasticsearch-0.90.2.jar:na]
	at org.elasticsearch.action.get.TransportGetAction.resolveRequest(TransportGetAction.java:42) ~[elasticsearch-0.90.2.jar:na]
	at org.elasticsearch.action.support.single.shard.TransportShardSingleOperationAction$AsyncSingleAction.&lt;init&gt;(TransportShardSingleOperationAction.java:114) ~[elasticsearch-0.90.2.jar:na]
	at org.elasticsearch.action.support.single.shard.TransportShardSingleOperationAction$AsyncSingleAction.&lt;init&gt;(TransportShardSingleOperationAction.java:94) ~[elasticsearch-0.90.2.jar:na]
	at org.elasticsearch.action.support.single.shard.TransportShardSingleOperationAction.doExecute(TransportShardSingleOperationAction.java:71) ~[elasticsearch-0.90.2.jar:na]
	at org.elasticsearch.action.support.single.shard.TransportShardSingleOperationAction.doExecute(TransportShardSingleOperationAction.java:46) ~[elasticsearch-0.90.2.jar:na]
	at org.elasticsearch.action.support.TransportAction.execute(TransportAction.java:61) ~[elasticsearch-0.90.2.jar:na]
	at org.elasticsearch.client.node.NodeClient.execute(NodeClient.java:92) ~[elasticsearch-0.90.2.jar:na]
	at org.elasticsearch.client.support.AbstractClient.get(AbstractClient.java:179) ~[elasticsearch-0.90.2.jar:na]
	at org.elasticsearch.action.get.GetRequestBuilder.doExecute(GetRequestBuilder.java:112) ~[elasticsearch-0.90.2.jar:na]
	at org.elasticsearch.action.ActionRequestBuilder.execute(ActionRequestBuilder.java:62) ~[elasticsearch-0.90.2.jar:na]
	at org.elasticsearch.action.ActionRequestBuilder.execute(ActionRequestBuilder.java:57) ~[elasticsearch-0.90.2.jar:na]
	at org.elasticsearch.action.ActionRequestBuilder$execute.call(Unknown Source) ~[na:na]
	at com.rackspace.search.elasticsearch.client.ElasticSearchClient.getDocument(ElasticSearchClient.groovy:209) ~[classes/:na]
	at com.rackspace.search.elasticsearch.client.ElasticSearchClient$getDocument.call(Unknown Source) [classes/:na]
	at com.rackspace.search.service.JobService.getJob(JobService.groovy:56) [classes/:na]
	at com.rackspace.search.service.JobService$getJob$0.callCurrent(Unknown Source) [classes/:na]
	at com.rackspace.search.service.JobService.getJob(JobService.groovy:52) [classes/:na]
	at com.rackspace.search.service.JobService$getJob.call(Unknown Source) [classes/:na]
	at com.rackspace.search.service.admin.AccountOndemandSyncJob.windupActivities(AccountOndemandSyncJob.groovy:119) [classes/:na]
	at sun.reflect.NativeMethodAccessorImpl.invoke0(Native Method) ~[na:1.6.0_38]
	at sun.reflect.NativeMethodAccessorImpl.invoke(NativeMethodAccessorImpl.java:39) ~[na:1.6.0_38]
	at sun.reflect.DelegatingMethodAccessorImpl.invoke(DelegatingMethodAccessorImpl.java:25) ~[na:1.6.0_38]
	at java.lang.reflect.Method.invoke(Method.java:597) ~[na:1.6.0_38]
	at org.springframework.beans.factory.annotation.InitDestroyAnnotationBeanPostProcessor$LifecycleElement.invoke(InitDestroyAnnotationBeanPostProcessor.java:340) [spring-beans-3.0.6.RELEASE.jar:3.0.6.RELEASE]
	at org.springframework.beans.factory.annotation.InitDestroyAnnotationBeanPostProcessor$LifecycleMetadata.invokeDestroyMethods(InitDestroyAnnotationBeanPostProcessor.java:305) [spring-beans-3.0.6.RELEASE.jar:3.0.6.RELEASE]
	at org.springframework.beans.factory.annotation.InitDestroyAnnotationBeanPostProcessor.postProcessBeforeDestruction(InitDestroyAnnotationBeanPostProcessor.java:148) [spring-beans-3.0.6.RELEASE.jar:3.0.6.RELEASE]
	at org.springframework.beans.factory.support.DisposableBeanAdapter.destroy(DisposableBeanAdapter.java:166) [spring-beans-3.0.6.RELEASE.jar:3.0.6.RELEASE]
	at org.springframework.beans.factory.support.DefaultSingletonBeanRegistry.destroyBean(DefaultSingletonBeanRegistry.java:487) [spring-beans-3.0.6.RELEASE.jar:3.0.6.RELEASE]
	at org.springframework.beans.factory.support.DefaultSingletonBeanRegistry.destroySingleton(DefaultSingletonBeanRegistry.java:463) [spring-beans-3.0.6.RELEASE.jar:3.0.6.RELEASE]
	at org.springframework.beans.factory.support.DefaultSingletonBeanRegistry.destroySingletons(DefaultSingletonBeanRegistry.java:431) [spring-beans-3.0.6.RELEASE.jar:3.0.6.RELEASE]
	at org.springframework.context.support.AbstractApplicationContext.destroyBeans(AbstractApplicationContext.java:1048) [spring-context-3.0.6.RELEASE.jar:3.0.6.RELEASE]
	at org.springframework.context.support.AbstractApplicationContext.refresh(AbstractApplicationContext.java:433) [spring-context-3.0.6.RELEASE.jar:3.0.6.RELEASE]
	at org.springframework.test.context.support.AbstractGenericContextLoader.loadContext(AbstractGenericContextLoader.java:84) [spring-test-3.0.6.RELEASE.jar:3.0.6.RELEASE]
	at org.springframework.test.context.support.AbstractGenericContextLoader.loadContext(AbstractGenericContextLoader.java:1) [spring-test-3.0.6.RELEASE.jar:3.0.6.RELEASE]
	at org.springframework.test.context.TestContext.loadApplicationContext(TestContext.java:280) [spring-test-3.0.6.RELEASE.jar:3.0.6.RELEASE]
	at org.springframework.test.context.TestContext.getApplicationContext(TestContext.java:304) [spring-test-3.0.6.RELEASE.jar:3.0.6.RELEASE]
	at org.springframework.test.context.support.DependencyInjectionTestExecutionListener.injectDependencies(DependencyInjectionTestExecutionListener.java:109) [spring-test-3.0.6.RELEASE.jar:3.0.6.RELEASE]
	at org.springframework.test.context.support.DependencyInjectionTestExecutionListener.prepareTestInstance(DependencyInjectionTestExecutionListener.java:75) [spring-test-3.0.6.RELEASE.jar:3.0.6.RELEASE]
	at org.springframework.test.context.TestContextManager.prepareTestInstance(TestContextManager.java:321) [spring-test-3.0.6.RELEASE.jar:3.0.6.RELEASE]
	at org.spockframework.spring.SpringTestContextManager.prepareTestInstance(SpringTestContextManager.java:49) [spock-spring-0.7-groovy-2.0.jar:na]
	at org.spockframework.spring.SpringInterceptor.interceptSetupMethod(SpringInterceptor.java:42) [spock-spring-0.7-groovy-2.0.jar:na]
	at org.spockframework.runtime.extension.AbstractMethodInterceptor.intercept(AbstractMethodInterceptor.java:28) [spock-core-0.7-groovy-2.0.jar:na]
	at org.spockframework.runtime.extension.MethodInvocation.proceed(MethodInvocation.java:84) [spock-core-0.7-groovy-2.0.jar:na]
	at org.spockframework.runtime.BaseSpecRunner.invoke(BaseSpecRunner.java:319) [spock-core-0.7-groovy-2.0.jar:na]
	at org.spockframework.runtime.BaseSpecRunner.invokeSetup(BaseSpecRunner.java:279) [spock-core-0.7-groovy-2.0.jar:na]
	at org.spockframework.runtime.BaseSpecRunner.doRunIteration(BaseSpecRunner.java:255) [spock-core-0.7-groovy-2.0.jar:na]
	at sun.reflect.GeneratedMethodAccessor5.invoke(Unknown Source) ~[na:na]
	at sun.reflect.DelegatingMethodAccessorImpl.invoke(DelegatingMethodAccessorImpl.java:25) ~[na:1.6.0_38]
	at java.lang.reflect.Method.invoke(Method.java:597) ~[na:1.6.0_38]
	at org.spockframework.util.ReflectionUtil.invokeMethod(ReflectionUtil.java:138) [spock-core-0.7-groovy-2.0.jar:na]
	at org.spockframework.runtime.BaseSpecRunner.invokeRaw(BaseSpecRunner.java:330) [spock-core-0.7-groovy-2.0.jar:na]
	at org.spockframework.runtime.BaseSpecRunner.invoke(BaseSpecRunner.java:311) [spock-core-0.7-groovy-2.0.jar:na]
	at org.spockframework.runtime.BaseSpecRunner.runIteration(BaseSpecRunner.java:223) [spock-core-0.7-groovy-2.0.jar:na]
	at org.spockframework.runtime.BaseSpecRunner.initializeAndRunIteration(BaseSpecRunner.java:214) [spock-core-0.7-groovy-2.0.jar:na]
	at org.spockframework.runtime.BaseSpecRunner.runSimpleFeature(BaseSpecRunner.java:205) [spock-core-0.7-groovy-2.0.jar:na]
	at org.spockframework.runtime.BaseSpecRunner.doRunFeature(BaseSpecRunner.java:199) [spock-core-0.7-groovy-2.0.jar:na]
	at sun.reflect.GeneratedMethodAccessor7.invoke(Unknown Source) ~[na:na]
	at sun.reflect.DelegatingMethodAccessorImpl.invoke(DelegatingMethodAccessorImpl.java:25) ~[na:1.6.0_38]
	at java.lang.reflect.Method.invoke(Method.java:597) ~[na:1.6.0_38]
	at org.spockframework.util.ReflectionUtil.invokeMethod(ReflectionUtil.java:138) [spock-core-0.7-groovy-2.0.jar:na]
	at org.spockframework.runtime.BaseSpecRunner.invokeRaw(BaseSpecRunner.java:330) [spock-core-0.7-groovy-2.0.jar:na]
	at org.spockframework.runtime.BaseSpecRunner.invoke(BaseSpecRunner.java:311) [spock-core-0.7-groovy-2.0.jar:na]
	at org.spockframework.runtime.BaseSpecRunner.runFeature(BaseSpecRunner.java:175) [spock-core-0.7-groovy-2.0.jar:na]
	at org.spockframework.runtime.BaseSpecRunner.runFeatures(BaseSpecRunner.java:152) [spock-core-0.7-groovy-2.0.jar:na]
	at org.spockframework.runtime.BaseSpecRunner.doRunSpec(BaseSpecRunner.java:112) [spock-core-0.7-groovy-2.0.jar:na]
	at sun.reflect.GeneratedMethodAccessor11.invoke(Unknown Source) ~[na:na]
	at sun.reflect.DelegatingMethodAccessorImpl.invoke(DelegatingMethodAccessorImpl.java:25) ~[na:1.6.0_38]
	at java.lang.reflect.Method.invoke(Method.java:597) ~[na:1.6.0_38]
	at org.spockframework.util.ReflectionUtil.invokeMethod(ReflectionUtil.java:138) [spock-core-0.7-groovy-2.0.jar:na]
	at org.spockframework.runtime.BaseSpecRunner.invokeRaw(BaseSpecRunner.java:330) [spock-core-0.7-groovy-2.0.jar:na]
	at org.spockframework.runtime.BaseSpecRunner.invoke(BaseSpecRunner.java:311) [spock-core-0.7-groovy-2.0.jar:na]
	at org.spockframework.runtime.BaseSpecRunner.runSpec(BaseSpecRunner.java:91) [spock-core-0.7-groovy-2.0.jar:na]
	at org.spockframework.runtime.BaseSpecRunner.run(BaseSpecRunner.java:82) [spock-core-0.7-groovy-2.0.jar:na]
	at org.spockframework.runtime.Sputnik.run(Sputnik.java:63) [spock-core-0.7-groovy-2.0.jar:na]
	at org.apache.maven.surefire.junit4.JUnit4TestSet.execute(JUnit4TestSet.java:53) [surefire-junit4-2.10.jar:2.10]
	at org.apache.maven.surefire.junit4.JUnit4Provider.executeTestSet(JUnit4Provider.java:123) [surefire-junit4-2.10.jar:2.10]
	at org.apache.maven.surefire.junit4.JUnit4Provider.invoke(JUnit4Provider.java:104) [surefire-junit4-2.10.jar:2.10]
	at sun.reflect.NativeMethodAccessorImpl.invoke0(Native Method) ~[na:1.6.0_38]
	at sun.reflect.NativeMethodAccessorImpl.invoke(NativeMethodAccessorImpl.java:39) ~[na:1.6.0_38]
	at sun.reflect.DelegatingMethodAccessorImpl.invoke(DelegatingMethodAccessorImpl.java:25) ~[na:1.6.0_38]
	at java.lang.reflect.Method.invoke(Method.java:597) ~[na:1.6.0_38]
	at org.apache.maven.surefire.util.ReflectionUtils.invokeMethodWithArray(ReflectionUtils.java:164) [surefire-api-2.10.jar:2.10]
	at org.apache.maven.surefire.booter.ProviderFactory$ProviderProxy.invoke(ProviderFactory.java:110) [surefire-booter-2.10.jar:2.10]
	at org.apache.maven.surefire.booter.SurefireStarter.invokeProvider(SurefireStarter.java:175) [surefire-booter-2.10.jar:2.10]
	at org.apache.maven.surefire.booter.SurefireStarter.runSuitesInProcessWhenForked(SurefireStarter.java:107) [surefire-booter-2.10.jar:2.10]
	at org.apache.maven.surefire.booter.ForkedBooter.main(ForkedBooter.java:68) [surefire-booter-2.10.jar:2.10]
22:05:19.566 [main] WARN  o.s.c.a.CommonAnnotationBeanPostProcessor - Invocation of destroy method failed on bean with name &apos;accountOndemandSyncJob&apos;: com.rackspace.search.exception.NotFoundException: Index is missing
22:05:19.571 [main] ERROR c.r.s.e.client.ElasticSearchClient - Index is missing
org.elasticsearch.indices.IndexMissingException: [admin] missing
	at org.elasticsearch.cluster.metadata.MetaData.concreteIndex(MetaData.java:616) ~[elasticsearch-0.90.2.jar:na]
	at org.elasticsearch.action.get.TransportGetAction.resolveRequest(TransportGetAction.java:90) ~[elasticsearch-0.90.2.jar:na]
	at org.elasticsearch.action.get.TransportGetAction.resolveRequest(TransportGetAction.java:42) ~[elasticsearch-0.90.2.jar:na]
	at org.elasticsearch.action.support.single.shard.TransportShardSingleOperationAction$AsyncSingleAction.&lt;init&gt;(TransportShardSingleOperationAction.java:114) ~[elasticsearch-0.90.2.jar:na]
	at org.elasticsearch.action.support.single.shard.TransportShardSingleOperationAction$AsyncSingleAction.&lt;init&gt;(TransportShardSingleOperationAction.java:94) ~[elasticsearch-0.90.2.jar:na]
	at org.elasticsearch.action.support.single.shard.TransportShardSingleOperationAction.doExecute(TransportShardSingleOperationAction.java:71) ~[elasticsearch-0.90.2.jar:na]
	at org.elasticsearch.action.support.single.shard.TransportShardSingleOperationAction.doExecute(TransportShardSingleOperationAction.java:46) ~[elasticsearch-0.90.2.jar:na]
	at org.elasticsearch.action.support.TransportAction.execute(TransportAction.java:61) ~[elasticsearch-0.90.2.jar:na]
	at org.elasticsearch.client.node.NodeClient.execute(NodeClient.java:92) ~[elasticsearch-0.90.2.jar:na]
	at org.elasticsearch.client.support.AbstractClient.get(AbstractClient.java:179) ~[elasticsearch-0.90.2.jar:na]
	at org.elasticsearch.action.get.GetRequestBuilder.doExecute(GetRequestBuilder.java:112) ~[elasticsearch-0.90.2.jar:na]
	at org.elasticsearch.action.ActionRequestBuilder.execute(ActionRequestBuilder.java:62) ~[elasticsearch-0.90.2.jar:na]
	at org.elasticsearch.action.ActionRequestBuilder.execute(ActionRequestBuilder.java:57) ~[elasticsearch-0.90.2.jar:na]
	at org.elasticsearch.action.ActionRequestBuilder$execute.call(Unknown Source) ~[na:na]
	at com.rackspace.search.elasticsearch.client.ElasticSearchClient.getDocument(ElasticSearchClient.groovy:209) ~[classes/:na]
	at com.rackspace.search.elasticsearch.client.ElasticSearchClient$getDocument.call(Unknown Source) [classes/:na]
	at com.rackspace.search.service.JobService.getJob(JobService.groovy:56) [classes/:na]
	at com.rackspace.search.service.JobService$getJob$0.callCurrent(Unknown Source) [classes/:na]
	at com.rackspace.search.service.JobService.getJob(JobService.groovy:52) [classes/:na]
	at com.rackspace.search.service.JobService$getJob.call(Unknown Source) [classes/:na]
	at com.rackspace.search.service.account.CoreAccountOnetimeSyncJob.windupActivities(CoreAccountOnetimeSyncJob.groovy:58) [classes/:na]
	at sun.reflect.NativeMethodAccessorImpl.invoke0(Native Method) ~[na:1.6.0_38]
	at sun.reflect.NativeMethodAccessorImpl.invoke(NativeMethodAccessorImpl.java:39) ~[na:1.6.0_38]
	at sun.reflect.DelegatingMethodAccessorImpl.invoke(DelegatingMethodAccessorImpl.java:25) ~[na:1.6.0_38]
	at java.lang.reflect.Method.invoke(Method.java:597) ~[na:1.6.0_38]
	at org.springframework.beans.factory.annotation.InitDestroyAnnotationBeanPostProcessor$LifecycleElement.invoke(InitDestroyAnnotationBeanPostProcessor.java:340) [spring-beans-3.0.6.RELEASE.jar:3.0.6.RELEASE]
	at org.springframework.beans.factory.annotation.InitDestroyAnnotationBeanPostProcessor$LifecycleMetadata.invokeDestroyMethods(InitDestroyAnnotationBeanPostProcessor.java:305) [spring-beans-3.0.6.RELEASE.jar:3.0.6.RELEASE]
	at org.springframework.beans.factory.annotation.InitDestroyAnnotationBeanPostProcessor.postProcessBeforeDestruction(InitDestroyAnnotationBeanPostProcessor.java:148) [spring-beans-3.0.6.RELEASE.jar:3.0.6.RELEASE]
	at org.springframework.beans.factory.support.DisposableBeanAdapter.destroy(DisposableBeanAdapter.java:166) [spring-beans-3.0.6.RELEASE.jar:3.0.6.RELEASE]
	at org.springframework.beans.factory.support.DefaultSingletonBeanRegistry.destroyBean(DefaultSingletonBeanRegistry.java:487) [spring-beans-3.0.6.RELEASE.jar:3.0.6.RELEASE]
	at org.springframework.beans.factory.support.DefaultSingletonBeanRegistry.destroySingleton(DefaultSingletonBeanRegistry.java:463) [spring-beans-3.0.6.RELEASE.jar:3.0.6.RELEASE]
	at org.springframework.beans.factory.support.DefaultSingletonBeanRegistry.destroySingletons(DefaultSingletonBeanRegistry.java:431) [spring-beans-3.0.6.RELEASE.jar:3.0.6.RELEASE]
	at org.springframework.context.support.AbstractApplicationContext.destroyBeans(AbstractApplicationContext.java:1048) [spring-context-3.0.6.RELEASE.jar:3.0.6.RELEASE]
	at org.springframework.context.support.AbstractApplicationContext.refresh(AbstractApplicationContext.java:433) [spring-context-3.0.6.RELEASE.jar:3.0.6.RELEASE]
	at org.springframework.test.context.support.AbstractGenericContextLoader.loadContext(AbstractGenericContextLoader.java:84) [spring-test-3.0.6.RELEASE.jar:3.0.6.RELEASE]
	at org.springframework.test.context.support.AbstractGenericContextLoader.loadContext(AbstractGenericContextLoader.java:1) [spring-test-3.0.6.RELEASE.jar:3.0.6.RELEASE]
	at org.springframework.test.context.TestContext.loadApplicationContext(TestContext.java:280) [spring-test-3.0.6.RELEASE.jar:3.0.6.RELEASE]
	at org.springframework.test.context.TestContext.getApplicationContext(TestContext.java:304) [spring-test-3.0.6.RELEASE.jar:3.0.6.RELEASE]
	at org.springframework.test.context.support.DependencyInjectionTestExecutionListener.injectDependencies(DependencyInjectionTestExecutionListener.java:109) [spring-test-3.0.6.RELEASE.jar:3.0.6.RELEASE]
	at org.springframework.test.context.support.DependencyInjectionTestExecutionListener.prepareTestInstance(DependencyInjectionTestExecutionListener.java:75) [spring-test-3.0.6.RELEASE.jar:3.0.6.RELEASE]
	at org.springframework.test.context.TestContextManager.prepareTestInstance(TestContextManager.java:321) [spring-test-3.0.6.RELEASE.jar:3.0.6.RELEASE]
	at org.spockframework.spring.SpringTestContextManager.prepareTestInstance(SpringTestContextManager.java:49) [spock-spring-0.7-groovy-2.0.jar:na]
	at org.spockframework.spring.SpringInterceptor.interceptSetupMethod(SpringInterceptor.java:42) [spock-spring-0.7-groovy-2.0.jar:na]
	at org.spockframework.runtime.extension.AbstractMethodInterceptor.intercept(AbstractMethodInterceptor.java:28) [spock-core-0.7-groovy-2.0.jar:na]
	at org.spockframework.runtime.extension.MethodInvocation.proceed(MethodInvocation.java:84) [spock-core-0.7-groovy-2.0.jar:na]
	at org.spockframework.runtime.BaseSpecRunner.invoke(BaseSpecRunner.java:319) [spock-core-0.7-groovy-2.0.jar:na]
	at org.spockframework.runtime.BaseSpecRunner.invokeSetup(BaseSpecRunner.java:279) [spock-core-0.7-groovy-2.0.jar:na]
	at org.spockframework.runtime.BaseSpecRunner.doRunIteration(BaseSpecRunner.java:255) [spock-core-0.7-groovy-2.0.jar:na]
	at sun.reflect.GeneratedMethodAccessor5.invoke(Unknown Source) ~[na:na]
	at sun.reflect.DelegatingMethodAccessorImpl.invoke(DelegatingMethodAccessorImpl.java:25) ~[na:1.6.0_38]
	at java.lang.reflect.Method.invoke(Method.java:597) ~[na:1.6.0_38]
	at org.spockframework.util.ReflectionUtil.invokeMethod(ReflectionUtil.java:138) [spock-core-0.7-groovy-2.0.jar:na]
	at org.spockframework.runtime.BaseSpecRunner.invokeRaw(BaseSpecRunner.java:330) [spock-core-0.7-groovy-2.0.jar:na]
	at org.spockframework.runtime.BaseSpecRunner.invoke(BaseSpecRunner.java:311) [spock-core-0.7-groovy-2.0.jar:na]
	at org.spockframework.runtime.BaseSpecRunner.runIteration(BaseSpecRunner.java:223) [spock-core-0.7-groovy-2.0.jar:na]
	at org.spockframework.runtime.BaseSpecRunner.initializeAndRunIteration(BaseSpecRunner.java:214) [spock-core-0.7-groovy-2.0.jar:na]
	at org.spockframework.runtime.BaseSpecRunner.runSimpleFeature(BaseSpecRunner.java:205) [spock-core-0.7-groovy-2.0.jar:na]
	at org.spockframework.runtime.BaseSpecRunner.doRunFeature(BaseSpecRunner.java:199) [spock-core-0.7-groovy-2.0.jar:na]
	at sun.reflect.GeneratedMethodAccessor7.invoke(Unknown Source) ~[na:na]
	at sun.reflect.DelegatingMethodAccessorImpl.invoke(DelegatingMethodAccessorImpl.java:25) ~[na:1.6.0_38]
	at java.lang.reflect.Method.invoke(Method.java:597) ~[na:1.6.0_38]
	at org.spockframework.util.ReflectionUtil.invokeMethod(ReflectionUtil.java:138) [spock-core-0.7-groovy-2.0.jar:na]
	at org.spockframework.runtime.BaseSpecRunner.invokeRaw(BaseSpecRunner.java:330) [spock-core-0.7-groovy-2.0.jar:na]
	at org.spockframework.runtime.BaseSpecRunner.invoke(BaseSpecRunner.java:311) [spock-core-0.7-groovy-2.0.jar:na]
	at org.spockframework.runtime.BaseSpecRunner.runFeature(BaseSpecRunner.java:175) [spock-core-0.7-groovy-2.0.jar:na]
	at org.spockframework.runtime.BaseSpecRunner.runFeatures(BaseSpecRunner.java:152) [spock-core-0.7-groovy-2.0.jar:na]
	at org.spockframework.runtime.BaseSpecRunner.doRunSpec(BaseSpecRunner.java:112) [spock-core-0.7-groovy-2.0.jar:na]
	at sun.reflect.GeneratedMethodAccessor11.invoke(Unknown Source) ~[na:na]
	at sun.reflect.DelegatingMethodAccessorImpl.invoke(DelegatingMethodAccessorImpl.java:25) ~[na:1.6.0_38]
	at java.lang.reflect.Method.invoke(Method.java:597) ~[na:1.6.0_38]
	at org.spockframework.util.ReflectionUtil.invokeMethod(ReflectionUtil.java:138) [spock-core-0.7-groovy-2.0.jar:na]
	at org.spockframework.runtime.BaseSpecRunner.invokeRaw(BaseSpecRunner.java:330) [spock-core-0.7-groovy-2.0.jar:na]
	at org.spockframework.runtime.BaseSpecRunner.invoke(BaseSpecRunner.java:311) [spock-core-0.7-groovy-2.0.jar:na]
	at org.spockframework.runtime.BaseSpecRunner.runSpec(BaseSpecRunner.java:91) [spock-core-0.7-groovy-2.0.jar:na]
	at org.spockframework.runtime.BaseSpecRunner.run(BaseSpecRunner.java:82) [spock-core-0.7-groovy-2.0.jar:na]
	at org.spockframework.runtime.Sputnik.run(Sputnik.java:63) [spock-core-0.7-groovy-2.0.jar:na]
	at org.apache.maven.surefire.junit4.JUnit4TestSet.execute(JUnit4TestSet.java:53) [surefire-junit4-2.10.jar:2.10]
	at org.apache.maven.surefire.junit4.JUnit4Provider.executeTestSet(JUnit4Provider.java:123) [surefire-junit4-2.10.jar:2.10]
	at org.apache.maven.surefire.junit4.JUnit4Provider.invoke(JUnit4Provider.java:104) [surefire-junit4-2.10.jar:2.10]
	at sun.reflect.NativeMethodAccessorImpl.invoke0(Native Method) ~[na:1.6.0_38]
	at sun.reflect.NativeMethodAccessorImpl.invoke(NativeMethodAccessorImpl.java:39) ~[na:1.6.0_38]
	at sun.reflect.DelegatingMethodAccessorImpl.invoke(DelegatingMethodAccessorImpl.java:25) ~[na:1.6.0_38]
	at java.lang.reflect.Method.invoke(Method.java:597) ~[na:1.6.0_38]
	at org.apache.maven.surefire.util.ReflectionUtils.invokeMethodWithArray(ReflectionUtils.java:164) [surefire-api-2.10.jar:2.10]
	at org.apache.maven.surefire.booter.ProviderFactory$ProviderProxy.invoke(ProviderFactory.java:110) [surefire-booter-2.10.jar:2.10]
	at org.apache.maven.surefire.booter.SurefireStarter.invokeProvider(SurefireStarter.java:175) [surefire-booter-2.10.jar:2.10]
	at org.apache.maven.surefire.booter.SurefireStarter.runSuitesInProcessWhenForked(SurefireStarter.java:107) [surefire-booter-2.10.jar:2.10]
	at org.apache.maven.surefire.booter.ForkedBooter.main(ForkedBooter.java:68) [surefire-booter-2.10.jar:2.10]
22:05:19.572 [main] WARN  o.s.c.a.CommonAnnotationBeanPostProcessor - Invocation of destroy method failed on bean with name &apos;coreAccountOnetimeSyncJob&apos;: com.rackspace.search.exception.NotFoundException: Index is missing
22:05:19.576 [main] ERROR c.r.s.e.client.ElasticSearchClient - Index is missing
org.elasticsearch.indices.IndexMissingException: [admin] missing
	at org.elasticsearch.cluster.metadata.MetaData.concreteIndex(MetaData.java:616) ~[elasticsearch-0.90.2.jar:na]
	at org.elasticsearch.action.get.TransportGetAction.resolveRequest(TransportGetAction.java:90) ~[elasticsearch-0.90.2.jar:na]
	at org.elasticsearch.action.get.TransportGetAction.resolveRequest(TransportGetAction.java:42) ~[elasticsearch-0.90.2.jar:na]
	at org.elasticsearch.action.support.single.shard.TransportShardSingleOperationAction$AsyncSingleAction.&lt;init&gt;(TransportShardSingleOperationAction.java:114) ~[elasticsearch-0.90.2.jar:na]
	at org.elasticsearch.action.support.single.shard.TransportShardSingleOperationAction$AsyncSingleAction.&lt;init&gt;(TransportShardSingleOperationAction.java:94) ~[elasticsearch-0.90.2.jar:na]
	at org.elasticsearch.action.support.single.shard.TransportShardSingleOperationAction.doExecute(TransportShardSingleOperationAction.java:71) ~[elasticsearch-0.90.2.jar:na]
	at org.elasticsearch.action.support.single.shard.TransportShardSingleOperationAction.doExecute(TransportShardSingleOperationAction.java:46) ~[elasticsearch-0.90.2.jar:na]
	at org.elasticsearch.action.support.TransportAction.execute(TransportAction.java:61) ~[elasticsearch-0.90.2.jar:na]
	at org.elasticsearch.client.node.NodeClient.execute(NodeClient.java:92) ~[elasticsearch-0.90.2.jar:na]
	at org.elasticsearch.client.support.AbstractClient.get(AbstractClient.java:179) ~[elasticsearch-0.90.2.jar:na]
	at org.elasticsearch.action.get.GetRequestBuilder.doExecute(GetRequestBuilder.java:112) ~[elasticsearch-0.90.2.jar:na]
	at org.elasticsearch.action.ActionRequestBuilder.execute(ActionRequestBuilder.java:62) ~[elasticsearch-0.90.2.jar:na]
	at org.elasticsearch.action.ActionRequestBuilder.execute(ActionRequestBuilder.java:57) ~[elasticsearch-0.90.2.jar:na]
	at org.elasticsearch.action.ActionRequestBuilder$execute.call(Unknown Source) ~[na:na]
	at com.rackspace.search.elasticsearch.client.ElasticSearchClient.getDocument(ElasticSearchClient.groovy:209) ~[classes/:na]
	at com.rackspace.search.elasticsearch.client.ElasticSearchClient$getDocument.call(Unknown Source) [classes/:na]
	at com.rackspace.search.service.JobService.getJob(JobService.groovy:56) [classes/:na]
	at com.rackspace.search.service.JobService$getJob$0.callCurrent(Unknown Source) [classes/:na]
	at com.rackspace.search.service.JobService.getJob(JobService.groovy:52) [classes/:na]
	at com.rackspace.search.service.JobService$getJob.call(Unknown Source) [classes/:na]
	at com.rackspace.search.service.account.CoreAccountUpdateSyncJob.windupActivities(CoreAccountUpdateSyncJob.groovy:88) [classes/:na]
	at sun.reflect.NativeMethodAccessorImpl.invoke0(Native Method) ~[na:1.6.0_38]
	at sun.reflect.NativeMethodAccessorImpl.invoke(NativeMethodAccessorImpl.java:39) ~[na:1.6.0_38]
	at sun.reflect.DelegatingMethodAccessorImpl.invoke(DelegatingMethodAccessorImpl.java:25) ~[na:1.6.0_38]
	at java.lang.reflect.Method.invoke(Method.java:597) ~[na:1.6.0_38]
	at org.springframework.beans.factory.annotation.InitDestroyAnnotationBeanPostProcessor$LifecycleElement.invoke(InitDestroyAnnotationBeanPostProcessor.java:340) [spring-beans-3.0.6.RELEASE.jar:3.0.6.RELEASE]
	at org.springframework.beans.factory.annotation.InitDestroyAnnotationBeanPostProcessor$LifecycleMetadata.invokeDestroyMethods(InitDestroyAnnotationBeanPostProcessor.java:305) [spring-beans-3.0.6.RELEASE.jar:3.0.6.RELEASE]
	at org.springframework.beans.factory.annotation.InitDestroyAnnotationBeanPostProcessor.postProcessBeforeDestruction(InitDestroyAnnotationBeanPostProcessor.java:148) [spring-beans-3.0.6.RELEASE.jar:3.0.6.RELEASE]
	at org.springframework.beans.factory.support.DisposableBeanAdapter.destroy(DisposableBeanAdapter.java:166) [spring-beans-3.0.6.RELEASE.jar:3.0.6.RELEASE]
	at org.springframework.beans.factory.support.DefaultSingletonBeanRegistry.destroyBean(DefaultSingletonBeanRegistry.java:487) [spring-beans-3.0.6.RELEASE.jar:3.0.6.RELEASE]
	at org.springframework.beans.factory.support.DefaultSingletonBeanRegistry.destroySingleton(DefaultSingletonBeanRegistry.java:463) [spring-beans-3.0.6.RELEASE.jar:3.0.6.RELEASE]
	at org.springframework.beans.factory.support.DefaultSingletonBeanRegistry.destroySingletons(DefaultSingletonBeanRegistry.java:431) [spring-beans-3.0.6.RELEASE.jar:3.0.6.RELEASE]
	at org.springframework.context.support.AbstractApplicationContext.destroyBeans(AbstractApplicationContext.java:1048) [spring-context-3.0.6.RELEASE.jar:3.0.6.RELEASE]
	at org.springframework.context.support.AbstractApplicationContext.refresh(AbstractApplicationContext.java:433) [spring-context-3.0.6.RELEASE.jar:3.0.6.RELEASE]
	at org.springframework.test.context.support.AbstractGenericContextLoader.loadContext(AbstractGenericContextLoader.java:84) [spring-test-3.0.6.RELEASE.jar:3.0.6.RELEASE]
	at org.springframework.test.context.support.AbstractGenericContextLoader.loadContext(AbstractGenericContextLoader.java:1) [spring-test-3.0.6.RELEASE.jar:3.0.6.RELEASE]
	at org.springframework.test.context.TestContext.loadApplicationContext(TestContext.java:280) [spring-test-3.0.6.RELEASE.jar:3.0.6.RELEASE]
	at org.springframework.test.context.TestContext.getApplicationContext(TestContext.java:304) [spring-test-3.0.6.RELEASE.jar:3.0.6.RELEASE]
	at org.springframework.test.context.support.DependencyInjectionTestExecutionListener.injectDependencies(DependencyInjectionTestExecutionListener.java:109) [spring-test-3.0.6.RELEASE.jar:3.0.6.RELEASE]
	at org.springframework.test.context.support.DependencyInjectionTestExecutionListener.prepareTestInstance(DependencyInjectionTestExecutionListener.java:75) [spring-test-3.0.6.RELEASE.jar:3.0.6.RELEASE]
	at org.springframework.test.context.TestContextManager.prepareTestInstance(TestContextManager.java:321) [spring-test-3.0.6.RELEASE.jar:3.0.6.RELEASE]
	at org.spockframework.spring.SpringTestContextManager.prepareTestInstance(SpringTestContextManager.java:49) [spock-spring-0.7-groovy-2.0.jar:na]
	at org.spockframework.spring.SpringInterceptor.interceptSetupMethod(SpringInterceptor.java:42) [spock-spring-0.7-groovy-2.0.jar:na]
	at org.spockframework.runtime.extension.AbstractMethodInterceptor.intercept(AbstractMethodInterceptor.java:28) [spock-core-0.7-groovy-2.0.jar:na]
	at org.spockframework.runtime.extension.MethodInvocation.proceed(MethodInvocation.java:84) [spock-core-0.7-groovy-2.0.jar:na]
	at org.spockframework.runtime.BaseSpecRunner.invoke(BaseSpecRunner.java:319) [spock-core-0.7-groovy-2.0.jar:na]
	at org.spockframework.runtime.BaseSpecRunner.invokeSetup(BaseSpecRunner.java:279) [spock-core-0.7-groovy-2.0.jar:na]
	at org.spockframework.runtime.BaseSpecRunner.doRunIteration(BaseSpecRunner.java:255) [spock-core-0.7-groovy-2.0.jar:na]
	at sun.reflect.GeneratedMethodAccessor5.invoke(Unknown Source) ~[na:na]
	at sun.reflect.DelegatingMethodAccessorImpl.invoke(DelegatingMethodAccessorImpl.java:25) ~[na:1.6.0_38]
	at java.lang.reflect.Method.invoke(Method.java:597) ~[na:1.6.0_38]
	at org.spockframework.util.ReflectionUtil.invokeMethod(ReflectionUtil.java:138) [spock-core-0.7-groovy-2.0.jar:na]
	at org.spockframework.runtime.BaseSpecRunner.invokeRaw(BaseSpecRunner.java:330) [spock-core-0.7-groovy-2.0.jar:na]
	at org.spockframework.runtime.BaseSpecRunner.invoke(BaseSpecRunner.java:311) [spock-core-0.7-groovy-2.0.jar:na]
	at org.spockframework.runtime.BaseSpecRunner.runIteration(BaseSpecRunner.java:223) [spock-core-0.7-groovy-2.0.jar:na]
	at org.spockframework.runtime.BaseSpecRunner.initializeAndRunIteration(BaseSpecRunner.java:214) [spock-core-0.7-groovy-2.0.jar:na]
	at org.spockframework.runtime.BaseSpecRunner.runSimpleFeature(BaseSpecRunner.java:205) [spock-core-0.7-groovy-2.0.jar:na]
	at org.spockframework.runtime.BaseSpecRunner.doRunFeature(BaseSpecRunner.java:199) [spock-core-0.7-groovy-2.0.jar:na]
	at sun.reflect.GeneratedMethodAccessor7.invoke(Unknown Source) ~[na:na]
	at sun.reflect.DelegatingMethodAccessorImpl.invoke(DelegatingMethodAccessorImpl.java:25) ~[na:1.6.0_38]
	at java.lang.reflect.Method.invoke(Method.java:597) ~[na:1.6.0_38]
	at org.spockframework.util.ReflectionUtil.invokeMethod(ReflectionUtil.java:138) [spock-core-0.7-groovy-2.0.jar:na]
	at org.spockframework.runtime.BaseSpecRunner.invokeRaw(BaseSpecRunner.java:330) [spock-core-0.7-groovy-2.0.jar:na]
	at org.spockframework.runtime.BaseSpecRunner.invoke(BaseSpecRunner.java:311) [spock-core-0.7-groovy-2.0.jar:na]
	at org.spockframework.runtime.BaseSpecRunner.runFeature(BaseSpecRunner.java:175) [spock-core-0.7-groovy-2.0.jar:na]
	at org.spockframework.runtime.BaseSpecRunner.runFeatures(BaseSpecRunner.java:152) [spock-core-0.7-groovy-2.0.jar:na]
	at org.spockframework.runtime.BaseSpecRunner.doRunSpec(BaseSpecRunner.java:112) [spock-core-0.7-groovy-2.0.jar:na]
	at sun.reflect.GeneratedMethodAccessor11.invoke(Unknown Source) ~[na:na]
	at sun.reflect.DelegatingMethodAccessorImpl.invoke(DelegatingMethodAccessorImpl.java:25) ~[na:1.6.0_38]
	at java.lang.reflect.Method.invoke(Method.java:597) ~[na:1.6.0_38]
	at org.spockframework.util.ReflectionUtil.invokeMethod(ReflectionUtil.java:138) [spock-core-0.7-groovy-2.0.jar:na]
	at org.spockframework.runtime.BaseSpecRunner.invokeRaw(BaseSpecRunner.java:330) [spock-core-0.7-groovy-2.0.jar:na]
	at org.spockframework.runtime.BaseSpecRunner.invoke(BaseSpecRunner.java:311) [spock-core-0.7-groovy-2.0.jar:na]
	at org.spockframework.runtime.BaseSpecRunner.runSpec(BaseSpecRunner.java:91) [spock-core-0.7-groovy-2.0.jar:na]
	at org.spockframework.runtime.BaseSpecRunner.run(BaseSpecRunner.java:82) [spock-core-0.7-groovy-2.0.jar:na]
	at org.spockframework.runtime.Sputnik.run(Sputnik.java:63) [spock-core-0.7-groovy-2.0.jar:na]
	at org.apache.maven.surefire.junit4.JUnit4TestSet.execute(JUnit4TestSet.java:53) [surefire-junit4-2.10.jar:2.10]
	at org.apache.maven.surefire.junit4.JUnit4Provider.executeTestSet(JUnit4Provider.java:123) [surefire-junit4-2.10.jar:2.10]
	at org.apache.maven.surefire.junit4.JUnit4Provider.invoke(JUnit4Provider.java:104) [surefire-junit4-2.10.jar:2.10]
	at sun.reflect.NativeMethodAccessorImpl.invoke0(Native Method) ~[na:1.6.0_38]
	at sun.reflect.NativeMethodAccessorImpl.invoke(NativeMethodAccessorImpl.java:39) ~[na:1.6.0_38]
	at sun.reflect.DelegatingMethodAccessorImpl.invoke(DelegatingMethodAccessorImpl.java:25) ~[na:1.6.0_38]
	at java.lang.reflect.Method.invoke(Method.java:597) ~[na:1.6.0_38]
	at org.apache.maven.surefire.util.ReflectionUtils.invokeMethodWithArray(ReflectionUtils.java:164) [surefire-api-2.10.jar:2.10]
	at org.apache.maven.surefire.booter.ProviderFactory$ProviderProxy.invoke(ProviderFactory.java:110) [surefire-booter-2.10.jar:2.10]
	at org.apache.maven.surefire.booter.SurefireStarter.invokeProvider(SurefireStarter.java:175) [surefire-booter-2.10.jar:2.10]
	at org.apache.maven.surefire.booter.SurefireStarter.runSuitesInProcessWhenForked(SurefireStarter.java:107) [surefire-booter-2.10.jar:2.10]
	at org.apache.maven.surefire.booter.ForkedBooter.main(ForkedBooter.java:68) [surefire-booter-2.10.jar:2.10]
22:05:19.577 [main] WARN  o.s.c.a.CommonAnnotationBeanPostProcessor - Invocation of destroy method failed on bean with name &apos;coreAccountUpdateSyncJob&apos;: com.rackspace.search.exception.NotFoundException: Index is missing
22:05:19.582 [main] ERROR c.r.s.e.client.ElasticSearchClient - Index is missing
org.elasticsearch.indices.IndexMissingException: [admin] missing
	at org.elasticsearch.cluster.metadata.MetaData.concreteIndex(MetaData.java:616) ~[elasticsearch-0.90.2.jar:na]
	at org.elasticsearch.action.get.TransportGetAction.resolveRequest(TransportGetAction.java:90) ~[elasticsearch-0.90.2.jar:na]
	at org.elasticsearch.action.get.TransportGetAction.resolveRequest(TransportGetAction.java:42) ~[elasticsearch-0.90.2.jar:na]
	at org.elasticsearch.action.support.single.shard.TransportShardSingleOperationAction$AsyncSingleAction.&lt;init&gt;(TransportShardSingleOperationAction.java:114) ~[elasticsearch-0.90.2.jar:na]
	at org.elasticsearch.action.support.single.shard.TransportShardSingleOperationAction$AsyncSingleAction.&lt;init&gt;(TransportShardSingleOperationAction.java:94) ~[elasticsearch-0.90.2.jar:na]
	at org.elasticsearch.action.support.single.shard.TransportShardSingleOperationAction.doExecute(TransportShardSingleOperationAction.java:71) ~[elasticsearch-0.90.2.jar:na]
	at org.elasticsearch.action.support.single.shard.TransportShardSingleOperationAction.doExecute(TransportShardSingleOperationAction.java:46) ~[elasticsearch-0.90.2.jar:na]
	at org.elasticsearch.action.support.TransportAction.execute(TransportAction.java:61) ~[elasticsearch-0.90.2.jar:na]
	at org.elasticsearch.client.node.NodeClient.execute(NodeClient.java:92) ~[elasticsearch-0.90.2.jar:na]
	at org.elasticsearch.client.support.AbstractClient.get(AbstractClient.java:179) ~[elasticsearch-0.90.2.jar:na]
	at org.elasticsearch.action.get.GetRequestBuilder.doExecute(GetRequestBuilder.java:112) ~[elasticsearch-0.90.2.jar:na]
	at org.elasticsearch.action.ActionRequestBuilder.execute(ActionRequestBuilder.java:62) ~[elasticsearch-0.90.2.jar:na]
	at org.elasticsearch.action.ActionRequestBuilder.execute(ActionRequestBuilder.java:57) ~[elasticsearch-0.90.2.jar:na]
	at org.elasticsearch.action.ActionRequestBuilder$execute.call(Unknown Source) ~[na:na]
	at com.rackspace.search.elasticsearch.client.ElasticSearchClient.getDocument(ElasticSearchClient.groovy:209) ~[classes/:na]
	at com.rackspace.search.elasticsearch.client.ElasticSearchClient$getDocument.call(Unknown Source) [classes/:na]
	at com.rackspace.search.service.JobService.getJob(JobService.groovy:56) [classes/:na]
	at com.rackspace.search.service.JobService$getJob$0.callCurrent(Unknown Source) [classes/:na]
	at com.rackspace.search.service.JobService.getJob(JobService.groovy:52) [classes/:na]
	at com.rackspace.search.service.JobService$getJob.call(Unknown Source) [classes/:na]
	at com.rackspace.search.service.core.CoreTicketSecondPassSyncJob.windupActivities(CoreTicketSecondPassSyncJob.groovy:83) [classes/:na]
	at sun.reflect.NativeMethodAccessorImpl.invoke0(Native Method) ~[na:1.6.0_38]
	at sun.reflect.NativeMethodAccessorImpl.invoke(NativeMethodAccessorImpl.java:39) ~[na:1.6.0_38]
	at sun.reflect.DelegatingMethodAccessorImpl.invoke(DelegatingMethodAccessorImpl.java:25) ~[na:1.6.0_38]
	at java.lang.reflect.Method.invoke(Method.java:597) ~[na:1.6.0_38]
	at org.springframework.beans.factory.annotation.InitDestroyAnnotationBeanPostProcessor$LifecycleElement.invoke(InitDestroyAnnotationBeanPostProcessor.java:340) [spring-beans-3.0.6.RELEASE.jar:3.0.6.RELEASE]
	at org.springframework.beans.factory.annotation.InitDestroyAnnotationBeanPostProcessor$LifecycleMetadata.invokeDestroyMethods(InitDestroyAnnotationBeanPostProcessor.java:305) [spring-beans-3.0.6.RELEASE.jar:3.0.6.RELEASE]
	at org.springframework.beans.factory.annotation.InitDestroyAnnotationBeanPostProcessor.postProcessBeforeDestruction(InitDestroyAnnotationBeanPostProcessor.java:148) [spring-beans-3.0.6.RELEASE.jar:3.0.6.RELEASE]
	at org.springframework.beans.factory.support.DisposableBeanAdapter.destroy(DisposableBeanAdapter.java:166) [spring-beans-3.0.6.RELEASE.jar:3.0.6.RELEASE]
	at org.springframework.beans.factory.support.DefaultSingletonBeanRegistry.destroyBean(DefaultSingletonBeanRegistry.java:487) [spring-beans-3.0.6.RELEASE.jar:3.0.6.RELEASE]
	at org.springframework.beans.factory.support.DefaultSingletonBeanRegistry.destroySingleton(DefaultSingletonBeanRegistry.java:463) [spring-beans-3.0.6.RELEASE.jar:3.0.6.RELEASE]
	at org.springframework.beans.factory.support.DefaultSingletonBeanRegistry.destroySingletons(DefaultSingletonBeanRegistry.java:431) [spring-beans-3.0.6.RELEASE.jar:3.0.6.RELEASE]
	at org.springframework.context.support.AbstractApplicationContext.destroyBeans(AbstractApplicationContext.java:1048) [spring-context-3.0.6.RELEASE.jar:3.0.6.RELEASE]
	at org.springframework.context.support.AbstractApplicationContext.refresh(AbstractApplicationContext.java:433) [spring-context-3.0.6.RELEASE.jar:3.0.6.RELEASE]
	at org.springframework.test.context.support.AbstractGenericContextLoader.loadContext(AbstractGenericContextLoader.java:84) [spring-test-3.0.6.RELEASE.jar:3.0.6.RELEASE]
	at org.springframework.test.context.support.AbstractGenericContextLoader.loadContext(AbstractGenericContextLoader.java:1) [spring-test-3.0.6.RELEASE.jar:3.0.6.RELEASE]
	at org.springframework.test.context.TestContext.loadApplicationContext(TestContext.java:280) [spring-test-3.0.6.RELEASE.jar:3.0.6.RELEASE]
	at org.springframework.test.context.TestContext.getApplicationContext(TestContext.java:304) [spring-test-3.0.6.RELEASE.jar:3.0.6.RELEASE]
	at org.springframework.test.context.support.DependencyInjectionTestExecutionListener.injectDependencies(DependencyInjectionTestExecutionListener.java:109) [spring-test-3.0.6.RELEASE.jar:3.0.6.RELEASE]
	at org.springframework.test.context.support.DependencyInjectionTestExecutionListener.prepareTestInstance(DependencyInjectionTestExecutionListener.java:75) [spring-test-3.0.6.RELEASE.jar:3.0.6.RELEASE]
	at org.springframework.test.context.TestContextManager.prepareTestInstance(TestContextManager.java:321) [spring-test-3.0.6.RELEASE.jar:3.0.6.RELEASE]
	at org.spockframework.spring.SpringTestContextManager.prepareTestInstance(SpringTestContextManager.java:49) [spock-spring-0.7-groovy-2.0.jar:na]
	at org.spockframework.spring.SpringInterceptor.interceptSetupMethod(SpringInterceptor.java:42) [spock-spring-0.7-groovy-2.0.jar:na]
	at org.spockframework.runtime.extension.AbstractMethodInterceptor.intercept(AbstractMethodInterceptor.java:28) [spock-core-0.7-groovy-2.0.jar:na]
	at org.spockframework.runtime.extension.MethodInvocation.proceed(MethodInvocation.java:84) [spock-core-0.7-groovy-2.0.jar:na]
	at org.spockframework.runtime.BaseSpecRunner.invoke(BaseSpecRunner.java:319) [spock-core-0.7-groovy-2.0.jar:na]
	at org.spockframework.runtime.BaseSpecRunner.invokeSetup(BaseSpecRunner.java:279) [spock-core-0.7-groovy-2.0.jar:na]
	at org.spockframework.runtime.BaseSpecRunner.doRunIteration(BaseSpecRunner.java:255) [spock-core-0.7-groovy-2.0.jar:na]
	at sun.reflect.GeneratedMethodAccessor5.invoke(Unknown Source) ~[na:na]
	at sun.reflect.DelegatingMethodAccessorImpl.invoke(DelegatingMethodAccessorImpl.java:25) ~[na:1.6.0_38]
	at java.lang.reflect.Method.invoke(Method.java:597) ~[na:1.6.0_38]
	at org.spockframework.util.ReflectionUtil.invokeMethod(ReflectionUtil.java:138) [spock-core-0.7-groovy-2.0.jar:na]
	at org.spockframework.runtime.BaseSpecRunner.invokeRaw(BaseSpecRunner.java:330) [spock-core-0.7-groovy-2.0.jar:na]
	at org.spockframework.runtime.BaseSpecRunner.invoke(BaseSpecRunner.java:311) [spock-core-0.7-groovy-2.0.jar:na]
	at org.spockframework.runtime.BaseSpecRunner.runIteration(BaseSpecRunner.java:223) [spock-core-0.7-groovy-2.0.jar:na]
	at org.spockframework.runtime.BaseSpecRunner.initializeAndRunIteration(BaseSpecRunner.java:214) [spock-core-0.7-groovy-2.0.jar:na]
	at org.spockframework.runtime.BaseSpecRunner.runSimpleFeature(BaseSpecRunner.java:205) [spock-core-0.7-groovy-2.0.jar:na]
	at org.spockframework.runtime.BaseSpecRunner.doRunFeature(BaseSpecRunner.java:199) [spock-core-0.7-groovy-2.0.jar:na]
	at sun.reflect.GeneratedMethodAccessor7.invoke(Unknown Source) ~[na:na]
	at sun.reflect.DelegatingMethodAccessorImpl.invoke(DelegatingMethodAccessorImpl.java:25) ~[na:1.6.0_38]
	at java.lang.reflect.Method.invoke(Method.java:597) ~[na:1.6.0_38]
	at org.spockframework.util.ReflectionUtil.invokeMethod(ReflectionUtil.java:138) [spock-core-0.7-groovy-2.0.jar:na]
	at org.spockframework.runtime.BaseSpecRunner.invokeRaw(BaseSpecRunner.java:330) [spock-core-0.7-groovy-2.0.jar:na]
	at org.spockframework.runtime.BaseSpecRunner.invoke(BaseSpecRunner.java:311) [spock-core-0.7-groovy-2.0.jar:na]
	at org.spockframework.runtime.BaseSpecRunner.runFeature(BaseSpecRunner.java:175) [spock-core-0.7-groovy-2.0.jar:na]
	at org.spockframework.runtime.BaseSpecRunner.runFeatures(BaseSpecRunner.java:152) [spock-core-0.7-groovy-2.0.jar:na]
	at org.spockframework.runtime.BaseSpecRunner.doRunSpec(BaseSpecRunner.java:112) [spock-core-0.7-groovy-2.0.jar:na]
	at sun.reflect.GeneratedMethodAccessor11.invoke(Unknown Source) ~[na:na]
	at sun.reflect.DelegatingMethodAccessorImpl.invoke(DelegatingMethodAccessorImpl.java:25) ~[na:1.6.0_38]
	at java.lang.reflect.Method.invoke(Method.java:597) ~[na:1.6.0_38]
	at org.spockframework.util.ReflectionUtil.invokeMethod(ReflectionUtil.java:138) [spock-core-0.7-groovy-2.0.jar:na]
	at org.spockframework.runtime.BaseSpecRunner.invokeRaw(BaseSpecRunner.java:330) [spock-core-0.7-groovy-2.0.jar:na]
	at org.spockframework.runtime.BaseSpecRunner.invoke(BaseSpecRunner.java:311) [spock-core-0.7-groovy-2.0.jar:na]
	at org.spockframework.runtime.BaseSpecRunner.runSpec(BaseSpecRunner.java:91) [spock-core-0.7-groovy-2.0.jar:na]
	at org.spockframework.runtime.BaseSpecRunner.run(BaseSpecRunner.java:82) [spock-core-0.7-groovy-2.0.jar:na]
	at org.spockframework.runtime.Sputnik.run(Sputnik.java:63) [spock-core-0.7-groovy-2.0.jar:na]
	at org.apache.maven.surefire.junit4.JUnit4TestSet.execute(JUnit4TestSet.java:53) [surefire-junit4-2.10.jar:2.10]
	at org.apache.maven.surefire.junit4.JUnit4Provider.executeTestSet(JUnit4Provider.java:123) [surefire-junit4-2.10.jar:2.10]
	at org.apache.maven.surefire.junit4.JUnit4Provider.invoke(JUnit4Provider.java:104) [surefire-junit4-2.10.jar:2.10]
	at sun.reflect.NativeMethodAccessorImpl.invoke0(Native Method) ~[na:1.6.0_38]
	at sun.reflect.NativeMethodAccessorImpl.invoke(NativeMethodAccessorImpl.java:39) ~[na:1.6.0_38]
	at sun.reflect.DelegatingMethodAccessorImpl.invoke(DelegatingMethodAccessorImpl.java:25) ~[na:1.6.0_38]
	at java.lang.reflect.Method.invoke(Method.java:597) ~[na:1.6.0_38]
	at org.apache.maven.surefire.util.ReflectionUtils.invokeMethodWithArray(ReflectionUtils.java:164) [surefire-api-2.10.jar:2.10]
	at org.apache.maven.surefire.booter.ProviderFactory$ProviderProxy.invoke(ProviderFactory.java:110) [surefire-booter-2.10.jar:2.10]
	at org.apache.maven.surefire.booter.SurefireStarter.invokeProvider(SurefireStarter.java:175) [surefire-booter-2.10.jar:2.10]
	at org.apache.maven.surefire.booter.SurefireStarter.runSuitesInProcessWhenForked(SurefireStarter.java:107) [surefire-booter-2.10.jar:2.10]
	at org.apache.maven.surefire.booter.ForkedBooter.main(ForkedBooter.java:68) [surefire-booter-2.10.jar:2.10]
22:05:19.583 [main] WARN  o.s.c.a.CommonAnnotationBeanPostProcessor - Invocation of destroy method failed on bean with name &apos;coreTicketSecondPassSyncJob&apos;: com.rackspace.search.exception.NotFoundException: Index is missing
22:05:19.587 [main] ERROR c.r.s.e.client.ElasticSearchClient - Index is missing
org.elasticsearch.indices.IndexMissingException: [admin] missing
	at org.elasticsearch.cluster.metadata.MetaData.concreteIndex(MetaData.java:616) ~[elasticsearch-0.90.2.jar:na]
	at org.elasticsearch.action.get.TransportGetAction.resolveRequest(TransportGetAction.java:90) ~[elasticsearch-0.90.2.jar:na]
	at org.elasticsearch.action.get.TransportGetAction.resolveRequest(TransportGetAction.java:42) ~[elasticsearch-0.90.2.jar:na]
	at org.elasticsearch.action.support.single.shard.TransportShardSingleOperationAction$AsyncSingleAction.&lt;init&gt;(TransportShardSingleOperationAction.java:114) ~[elasticsearch-0.90.2.jar:na]
	at org.elasticsearch.action.support.single.shard.TransportShardSingleOperationAction$AsyncSingleAction.&lt;init&gt;(TransportShardSingleOperationAction.java:94) ~[elasticsearch-0.90.2.jar:na]
	at org.elasticsearch.action.support.single.shard.TransportShardSingleOperationAction.doExecute(TransportShardSingleOperationAction.java:71) ~[elasticsearch-0.90.2.jar:na]
	at org.elasticsearch.action.support.single.shard.TransportShardSingleOperationAction.doExecute(TransportShardSingleOperationAction.java:46) ~[elasticsearch-0.90.2.jar:na]
	at org.elasticsearch.action.support.TransportAction.execute(TransportAction.java:61) ~[elasticsearch-0.90.2.jar:na]
	at org.elasticsearch.client.node.NodeClient.execute(NodeClient.java:92) ~[elasticsearch-0.90.2.jar:na]
	at org.elasticsearch.client.support.AbstractClient.get(AbstractClient.java:179) ~[elasticsearch-0.90.2.jar:na]
	at org.elasticsearch.action.get.GetRequestBuilder.doExecute(GetRequestBuilder.java:112) ~[elasticsearch-0.90.2.jar:na]
	at org.elasticsearch.action.ActionRequestBuilder.execute(ActionRequestBuilder.java:62) ~[elasticsearch-0.90.2.jar:na]
	at org.elasticsearch.action.ActionRequestBuilder.execute(ActionRequestBuilder.java:57) ~[elasticsearch-0.90.2.jar:na]
	at org.elasticsearch.action.ActionRequestBuilder$execute.call(Unknown Source) ~[na:na]
	at com.rackspace.search.elasticsearch.client.ElasticSearchClient.getDocument(ElasticSearchClient.groovy:209) ~[classes/:na]
	at com.rackspace.search.elasticsearch.client.ElasticSearchClient$getDocument.call(Unknown Source) [classes/:na]
	at com.rackspace.search.service.JobService.getJob(JobService.groovy:56) [classes/:na]
	at com.rackspace.search.service.JobService$getJob$0.callCurrent(Unknown Source) [classes/:na]
	at com.rackspace.search.service.JobService.getJob(JobService.groovy:52) [classes/:na]
	at com.rackspace.search.service.JobService$getJob.call(Unknown Source) [classes/:na]
	at com.rackspace.search.service.admin.CoreTicketOndemandSyncJob.windupActivities(CoreTicketOndemandSyncJob.groovy:91) [classes/:na]
	at sun.reflect.NativeMethodAccessorImpl.invoke0(Native Method) ~[na:1.6.0_38]
	at sun.reflect.NativeMethodAccessorImpl.invoke(NativeMethodAccessorImpl.java:39) ~[na:1.6.0_38]
	at sun.reflect.DelegatingMethodAccessorImpl.invoke(DelegatingMethodAccessorImpl.java:25) ~[na:1.6.0_38]
	at java.lang.reflect.Method.invoke(Method.java:597) ~[na:1.6.0_38]
	at org.springframework.beans.factory.annotation.InitDestroyAnnotationBeanPostProcessor$LifecycleElement.invoke(InitDestroyAnnotationBeanPostProcessor.java:340) [spring-beans-3.0.6.RELEASE.jar:3.0.6.RELEASE]
	at org.springframework.beans.factory.annotation.InitDestroyAnnotationBeanPostProcessor$LifecycleMetadata.invokeDestroyMethods(InitDestroyAnnotationBeanPostProcessor.java:305) [spring-beans-3.0.6.RELEASE.jar:3.0.6.RELEASE]
	at org.springframework.beans.factory.annotation.InitDestroyAnnotationBeanPostProcessor.postProcessBeforeDestruction(InitDestroyAnnotationBeanPostProcessor.java:148) [spring-beans-3.0.6.RELEASE.jar:3.0.6.RELEASE]
	at org.springframework.beans.factory.support.DisposableBeanAdapter.destroy(DisposableBeanAdapter.java:166) [spring-beans-3.0.6.RELEASE.jar:3.0.6.RELEASE]
	at org.springframework.beans.factory.support.DefaultSingletonBeanRegistry.destroyBean(DefaultSingletonBeanRegistry.java:487) [spring-beans-3.0.6.RELEASE.jar:3.0.6.RELEASE]
	at org.springframework.beans.factory.support.DefaultSingletonBeanRegistry.destroySingleton(DefaultSingletonBeanRegistry.java:463) [spring-beans-3.0.6.RELEASE.jar:3.0.6.RELEASE]
	at org.springframework.beans.factory.support.DefaultSingletonBeanRegistry.destroySingletons(DefaultSingletonBeanRegistry.java:431) [spring-beans-3.0.6.RELEASE.jar:3.0.6.RELEASE]
	at org.springframework.context.support.AbstractApplicationContext.destroyBeans(AbstractApplicationContext.java:1048) [spring-context-3.0.6.RELEASE.jar:3.0.6.RELEASE]
	at org.springframework.context.support.AbstractApplicationContext.refresh(AbstractApplicationContext.java:433) [spring-context-3.0.6.RELEASE.jar:3.0.6.RELEASE]
	at org.springframework.test.context.support.AbstractGenericContextLoader.loadContext(AbstractGenericContextLoader.java:84) [spring-test-3.0.6.RELEASE.jar:3.0.6.RELEASE]
	at org.springframework.test.context.support.AbstractGenericContextLoader.loadContext(AbstractGenericContextLoader.java:1) [spring-test-3.0.6.RELEASE.jar:3.0.6.RELEASE]
	at org.springframework.test.context.TestContext.loadApplicationContext(TestContext.java:280) [spring-test-3.0.6.RELEASE.jar:3.0.6.RELEASE]
	at org.springframework.test.context.TestContext.getApplicationContext(TestContext.java:304) [spring-test-3.0.6.RELEASE.jar:3.0.6.RELEASE]
	at org.springframework.test.context.support.DependencyInjectionTestExecutionListener.injectDependencies(DependencyInjectionTestExecutionListener.java:109) [spring-test-3.0.6.RELEASE.jar:3.0.6.RELEASE]
	at org.springframework.test.context.support.DependencyInjectionTestExecutionListener.prepareTestInstance(DependencyInjectionTestExecutionListener.java:75) [spring-test-3.0.6.RELEASE.jar:3.0.6.RELEASE]
	at org.springframework.test.context.TestContextManager.prepareTestInstance(TestContextManager.java:321) [spring-test-3.0.6.RELEASE.jar:3.0.6.RELEASE]
	at org.spockframework.spring.SpringTestContextManager.prepareTestInstance(SpringTestContextManager.java:49) [spock-spring-0.7-groovy-2.0.jar:na]
	at org.spockframework.spring.SpringInterceptor.interceptSetupMethod(SpringInterceptor.java:42) [spock-spring-0.7-groovy-2.0.jar:na]
	at org.spockframework.runtime.extension.AbstractMethodInterceptor.intercept(AbstractMethodInterceptor.java:28) [spock-core-0.7-groovy-2.0.jar:na]
	at org.spockframework.runtime.extension.MethodInvocation.proceed(MethodInvocation.java:84) [spock-core-0.7-groovy-2.0.jar:na]
	at org.spockframework.runtime.BaseSpecRunner.invoke(BaseSpecRunner.java:319) [spock-core-0.7-groovy-2.0.jar:na]
	at org.spockframework.runtime.BaseSpecRunner.invokeSetup(BaseSpecRunner.java:279) [spock-core-0.7-groovy-2.0.jar:na]
	at org.spockframework.runtime.BaseSpecRunner.doRunIteration(BaseSpecRunner.java:255) [spock-core-0.7-groovy-2.0.jar:na]
	at sun.reflect.GeneratedMethodAccessor5.invoke(Unknown Source) ~[na:na]
	at sun.reflect.DelegatingMethodAccessorImpl.invoke(DelegatingMethodAccessorImpl.java:25) ~[na:1.6.0_38]
	at java.lang.reflect.Method.invoke(Method.java:597) ~[na:1.6.0_38]
	at org.spockframework.util.ReflectionUtil.invokeMethod(ReflectionUtil.java:138) [spock-core-0.7-groovy-2.0.jar:na]
	at org.spockframework.runtime.BaseSpecRunner.invokeRaw(BaseSpecRunner.java:330) [spock-core-0.7-groovy-2.0.jar:na]
	at org.spockframework.runtime.BaseSpecRunner.invoke(BaseSpecRunner.java:311) [spock-core-0.7-groovy-2.0.jar:na]
	at org.spockframework.runtime.BaseSpecRunner.runIteration(BaseSpecRunner.java:223) [spock-core-0.7-groovy-2.0.jar:na]
	at org.spockframework.runtime.BaseSpecRunner.initializeAndRunIteration(BaseSpecRunner.java:214) [spock-core-0.7-groovy-2.0.jar:na]
	at org.spockframework.runtime.BaseSpecRunner.runSimpleFeature(BaseSpecRunner.java:205) [spock-core-0.7-groovy-2.0.jar:na]
	at org.spockframework.runtime.BaseSpecRunner.doRunFeature(BaseSpecRunner.java:199) [spock-core-0.7-groovy-2.0.jar:na]
	at sun.reflect.GeneratedMethodAccessor7.invoke(Unknown Source) ~[na:na]
	at sun.reflect.DelegatingMethodAccessorImpl.invoke(DelegatingMethodAccessorImpl.java:25) ~[na:1.6.0_38]
	at java.lang.reflect.Method.invoke(Method.java:597) ~[na:1.6.0_38]
	at org.spockframework.util.ReflectionUtil.invokeMethod(ReflectionUtil.java:138) [spock-core-0.7-groovy-2.0.jar:na]
	at org.spockframework.runtime.BaseSpecRunner.invokeRaw(BaseSpecRunner.java:330) [spock-core-0.7-groovy-2.0.jar:na]
	at org.spockframework.runtime.BaseSpecRunner.invoke(BaseSpecRunner.java:311) [spock-core-0.7-groovy-2.0.jar:na]
	at org.spockframework.runtime.BaseSpecRunner.runFeature(BaseSpecRunner.java:175) [spock-core-0.7-groovy-2.0.jar:na]
	at org.spockframework.runtime.BaseSpecRunner.runFeatures(BaseSpecRunner.java:152) [spock-core-0.7-groovy-2.0.jar:na]
	at org.spockframework.runtime.BaseSpecRunner.doRunSpec(BaseSpecRunner.java:112) [spock-core-0.7-groovy-2.0.jar:na]
	at sun.reflect.GeneratedMethodAccessor11.invoke(Unknown Source) ~[na:na]
	at sun.reflect.DelegatingMethodAccessorImpl.invoke(DelegatingMethodAccessorImpl.java:25) ~[na:1.6.0_38]
	at java.lang.reflect.Method.invoke(Method.java:597) ~[na:1.6.0_38]
	at org.spockframework.util.ReflectionUtil.invokeMethod(ReflectionUtil.java:138) [spock-core-0.7-groovy-2.0.jar:na]
	at org.spockframework.runtime.BaseSpecRunner.invokeRaw(BaseSpecRunner.java:330) [spock-core-0.7-groovy-2.0.jar:na]
	at org.spockframework.runtime.BaseSpecRunner.invoke(BaseSpecRunner.java:311) [spock-core-0.7-groovy-2.0.jar:na]
	at org.spockframework.runtime.BaseSpecRunner.runSpec(BaseSpecRunner.java:91) [spock-core-0.7-groovy-2.0.jar:na]
	at org.spockframework.runtime.BaseSpecRunner.run(BaseSpecRunner.java:82) [spock-core-0.7-groovy-2.0.jar:na]
	at org.spockframework.runtime.Sputnik.run(Sputnik.java:63) [spock-core-0.7-groovy-2.0.jar:na]
	at org.apache.maven.surefire.junit4.JUnit4TestSet.execute(JUnit4TestSet.java:53) [surefire-junit4-2.10.jar:2.10]
	at org.apache.maven.surefire.junit4.JUnit4Provider.executeTestSet(JUnit4Provider.java:123) [surefire-junit4-2.10.jar:2.10]
	at org.apache.maven.surefire.junit4.JUnit4Provider.invoke(JUnit4Provider.java:104) [surefire-junit4-2.10.jar:2.10]
	at sun.reflect.NativeMethodAccessorImpl.invoke0(Native Method) ~[na:1.6.0_38]
	at sun.reflect.NativeMethodAccessorImpl.invoke(NativeMethodAccessorImpl.java:39) ~[na:1.6.0_38]
	at sun.reflect.DelegatingMethodAccessorImpl.invoke(DelegatingMethodAccessorImpl.java:25) ~[na:1.6.0_38]
	at java.lang.reflect.Method.invoke(Method.java:597) ~[na:1.6.0_38]
	at org.apache.maven.surefire.util.ReflectionUtils.invokeMethodWithArray(ReflectionUtils.java:164) [surefire-api-2.10.jar:2.10]
	at org.apache.maven.surefire.booter.ProviderFactory$ProviderProxy.invoke(ProviderFactory.java:110) [surefire-booter-2.10.jar:2.10]
	at org.apache.maven.surefire.booter.SurefireStarter.invokeProvider(SurefireStarter.java:175) [surefire-booter-2.10.jar:2.10]
	at org.apache.maven.surefire.booter.SurefireStarter.runSuitesInProcessWhenForked(SurefireStarter.java:107) [surefire-booter-2.10.jar:2.10]
	at org.apache.maven.surefire.booter.ForkedBooter.main(ForkedBooter.java:68) [surefire-booter-2.10.jar:2.10]
22:05:19.589 [main] WARN  o.s.c.a.CommonAnnotationBeanPostProcessor - Invocation of destroy method failed on bean with name &apos;coreTicketOndemandSyncJob&apos;: com.rackspace.search.exception.NotFoundException: Index is missing
22:05:19.593 [main] ERROR c.r.s.e.client.ElasticSearchClient - Index is missing
org.elasticsearch.indices.IndexMissingException: [admin] missing
	at org.elasticsearch.cluster.metadata.MetaData.concreteIndex(MetaData.java:616) ~[elasticsearch-0.90.2.jar:na]
	at org.elasticsearch.action.get.TransportGetAction.resolveRequest(TransportGetAction.java:90) ~[elasticsearch-0.90.2.jar:na]
	at org.elasticsearch.action.get.TransportGetAction.resolveRequest(TransportGetAction.java:42) ~[elasticsearch-0.90.2.jar:na]
	at org.elasticsearch.action.support.single.shard.TransportShardSingleOperationAction$AsyncSingleAction.&lt;init&gt;(TransportShardSingleOperationAction.java:114) ~[elasticsearch-0.90.2.jar:na]
	at org.elasticsearch.action.support.single.shard.TransportShardSingleOperationAction$AsyncSingleAction.&lt;init&gt;(TransportShardSingleOperationAction.java:94) ~[elasticsearch-0.90.2.jar:na]
	at org.elasticsearch.action.support.single.shard.TransportShardSingleOperationAction.doExecute(TransportShardSingleOperationAction.java:71) ~[elasticsearch-0.90.2.jar:na]
	at org.elasticsearch.action.support.single.shard.TransportShardSingleOperationAction.doExecute(TransportShardSingleOperationAction.java:46) ~[elasticsearch-0.90.2.jar:na]
	at org.elasticsearch.action.support.TransportAction.execute(TransportAction.java:61) ~[elasticsearch-0.90.2.jar:na]
	at org.elasticsearch.client.node.NodeClient.execute(NodeClient.java:92) ~[elasticsearch-0.90.2.jar:na]
	at org.elasticsearch.client.support.AbstractClient.get(AbstractClient.java:179) ~[elasticsearch-0.90.2.jar:na]
	at org.elasticsearch.action.get.GetRequestBuilder.doExecute(GetRequestBuilder.java:112) ~[elasticsearch-0.90.2.jar:na]
	at org.elasticsearch.action.ActionRequestBuilder.execute(ActionRequestBuilder.java:62) ~[elasticsearch-0.90.2.jar:na]
	at org.elasticsearch.action.ActionRequestBuilder.execute(ActionRequestBuilder.java:57) ~[elasticsearch-0.90.2.jar:na]
	at org.elasticsearch.action.ActionRequestBuilder$execute.call(Unknown Source) ~[na:na]
	at com.rackspace.search.elasticsearch.client.ElasticSearchClient.getDocument(ElasticSearchClient.groovy:209) ~[classes/:na]
	at com.rackspace.search.elasticsearch.client.ElasticSearchClient$getDocument.call(Unknown Source) [classes/:na]
	at com.rackspace.search.service.JobService.getJob(JobService.groovy:56) [classes/:na]
	at com.rackspace.search.service.JobService$getJob$0.callCurrent(Unknown Source) [classes/:na]
	at com.rackspace.search.service.JobService.getJob(JobService.groovy:52) [classes/:na]
	at com.rackspace.search.service.JobService$getJob.call(Unknown Source) [classes/:na]
	at com.rackspace.search.service.account.AccountOngoingSyncJob.windupActivities(AccountOngoingSyncJob.groovy:89) [classes/:na]
	at sun.reflect.NativeMethodAccessorImpl.invoke0(Native Method) ~[na:1.6.0_38]
	at sun.reflect.NativeMethodAccessorImpl.invoke(NativeMethodAccessorImpl.java:39) ~[na:1.6.0_38]
	at sun.reflect.DelegatingMethodAccessorImpl.invoke(DelegatingMethodAccessorImpl.java:25) ~[na:1.6.0_38]
	at java.lang.reflect.Method.invoke(Method.java:597) ~[na:1.6.0_38]
	at org.springframework.beans.factory.annotation.InitDestroyAnnotationBeanPostProcessor$LifecycleElement.invoke(InitDestroyAnnotationBeanPostProcessor.java:340) [spring-beans-3.0.6.RELEASE.jar:3.0.6.RELEASE]
	at org.springframework.beans.factory.annotation.InitDestroyAnnotationBeanPostProcessor$LifecycleMetadata.invokeDestroyMethods(InitDestroyAnnotationBeanPostProcessor.java:305) [spring-beans-3.0.6.RELEASE.jar:3.0.6.RELEASE]
	at org.springframework.beans.factory.annotation.InitDestroyAnnotationBeanPostProcessor.postProcessBeforeDestruction(InitDestroyAnnotationBeanPostProcessor.java:148) [spring-beans-3.0.6.RELEASE.jar:3.0.6.RELEASE]
	at org.springframework.beans.factory.support.DisposableBeanAdapter.destroy(DisposableBeanAdapter.java:166) [spring-beans-3.0.6.RELEASE.jar:3.0.6.RELEASE]
	at org.springframework.beans.factory.support.DefaultSingletonBeanRegistry.destroyBean(DefaultSingletonBeanRegistry.java:487) [spring-beans-3.0.6.RELEASE.jar:3.0.6.RELEASE]
	at org.springframework.beans.factory.support.DefaultSingletonBeanRegistry.destroySingleton(DefaultSingletonBeanRegistry.java:463) [spring-beans-3.0.6.RELEASE.jar:3.0.6.RELEASE]
	at org.springframework.beans.factory.support.DefaultSingletonBeanRegistry.destroySingletons(DefaultSingletonBeanRegistry.java:431) [spring-beans-3.0.6.RELEASE.jar:3.0.6.RELEASE]
	at org.springframework.context.support.AbstractApplicationContext.destroyBeans(AbstractApplicationContext.java:1048) [spring-context-3.0.6.RELEASE.jar:3.0.6.RELEASE]
	at org.springframework.context.support.AbstractApplicationContext.refresh(AbstractApplicationContext.java:433) [spring-context-3.0.6.RELEASE.jar:3.0.6.RELEASE]
	at org.springframework.test.context.support.AbstractGenericContextLoader.loadContext(AbstractGenericContextLoader.java:84) [spring-test-3.0.6.RELEASE.jar:3.0.6.RELEASE]
	at org.springframework.test.context.support.AbstractGenericContextLoader.loadContext(AbstractGenericContextLoader.java:1) [spring-test-3.0.6.RELEASE.jar:3.0.6.RELEASE]
	at org.springframework.test.context.TestContext.loadApplicationContext(TestContext.java:280) [spring-test-3.0.6.RELEASE.jar:3.0.6.RELEASE]
	at org.springframework.test.context.TestContext.getApplicationContext(TestContext.java:304) [spring-test-3.0.6.RELEASE.jar:3.0.6.RELEASE]
	at org.springframework.test.context.support.DependencyInjectionTestExecutionListener.injectDependencies(DependencyInjectionTestExecutionListener.java:109) [spring-test-3.0.6.RELEASE.jar:3.0.6.RELEASE]
	at org.springframework.test.context.support.DependencyInjectionTestExecutionListener.prepareTestInstance(DependencyInjectionTestExecutionListener.java:75) [spring-test-3.0.6.RELEASE.jar:3.0.6.RELEASE]
	at org.springframework.test.context.TestContextManager.prepareTestInstance(TestContextManager.java:321) [spring-test-3.0.6.RELEASE.jar:3.0.6.RELEASE]
	at org.spockframework.spring.SpringTestContextManager.prepareTestInstance(SpringTestContextManager.java:49) [spock-spring-0.7-groovy-2.0.jar:na]
	at org.spockframework.spring.SpringInterceptor.interceptSetupMethod(SpringInterceptor.java:42) [spock-spring-0.7-groovy-2.0.jar:na]
	at org.spockframework.runtime.extension.AbstractMethodInterceptor.intercept(AbstractMethodInterceptor.java:28) [spock-core-0.7-groovy-2.0.jar:na]
	at org.spockframework.runtime.extension.MethodInvocation.proceed(MethodInvocation.java:84) [spock-core-0.7-groovy-2.0.jar:na]
	at org.spockframework.runtime.BaseSpecRunner.invoke(BaseSpecRunner.java:319) [spock-core-0.7-groovy-2.0.jar:na]
	at org.spockframework.runtime.BaseSpecRunner.invokeSetup(BaseSpecRunner.java:279) [spock-core-0.7-groovy-2.0.jar:na]
	at org.spockframework.runtime.BaseSpecRunner.doRunIteration(BaseSpecRunner.java:255) [spock-core-0.7-groovy-2.0.jar:na]
	at sun.reflect.GeneratedMethodAccessor5.invoke(Unknown Source) ~[na:na]
	at sun.reflect.DelegatingMethodAccessorImpl.invoke(DelegatingMethodAccessorImpl.java:25) ~[na:1.6.0_38]
	at java.lang.reflect.Method.invoke(Method.java:597) ~[na:1.6.0_38]
	at org.spockframework.util.ReflectionUtil.invokeMethod(ReflectionUtil.java:138) [spock-core-0.7-groovy-2.0.jar:na]
	at org.spockframework.runtime.BaseSpecRunner.invokeRaw(BaseSpecRunner.java:330) [spock-core-0.7-groovy-2.0.jar:na]
	at org.spockframework.runtime.BaseSpecRunner.invoke(BaseSpecRunner.java:311) [spock-core-0.7-groovy-2.0.jar:na]
	at org.spockframework.runtime.BaseSpecRunner.runIteration(BaseSpecRunner.java:223) [spock-core-0.7-groovy-2.0.jar:na]
	at org.spockframework.runtime.BaseSpecRunner.initializeAndRunIteration(BaseSpecRunner.java:214) [spock-core-0.7-groovy-2.0.jar:na]
	at org.spockframework.runtime.BaseSpecRunner.runSimpleFeature(BaseSpecRunner.java:205) [spock-core-0.7-groovy-2.0.jar:na]
	at org.spockframework.runtime.BaseSpecRunner.doRunFeature(BaseSpecRunner.java:199) [spock-core-0.7-groovy-2.0.jar:na]
	at sun.reflect.GeneratedMethodAccessor7.invoke(Unknown Source) ~[na:na]
	at sun.reflect.DelegatingMethodAccessorImpl.invoke(DelegatingMethodAccessorImpl.java:25) ~[na:1.6.0_38]
	at java.lang.reflect.Method.invoke(Method.java:597) ~[na:1.6.0_38]
	at org.spockframework.util.ReflectionUtil.invokeMethod(ReflectionUtil.java:138) [spock-core-0.7-groovy-2.0.jar:na]
	at org.spockframework.runtime.BaseSpecRunner.invokeRaw(BaseSpecRunner.java:330) [spock-core-0.7-groovy-2.0.jar:na]
	at org.spockframework.runtime.BaseSpecRunner.invoke(BaseSpecRunner.java:311) [spock-core-0.7-groovy-2.0.jar:na]
	at org.spockframework.runtime.BaseSpecRunner.runFeature(BaseSpecRunner.java:175) [spock-core-0.7-groovy-2.0.jar:na]
	at org.spockframework.runtime.BaseSpecRunner.runFeatures(BaseSpecRunner.java:152) [spock-core-0.7-groovy-2.0.jar:na]
	at org.spockframework.runtime.BaseSpecRunner.doRunSpec(BaseSpecRunner.java:112) [spock-core-0.7-groovy-2.0.jar:na]
	at sun.reflect.GeneratedMethodAccessor11.invoke(Unknown Source) ~[na:na]
	at sun.reflect.DelegatingMethodAccessorImpl.invoke(DelegatingMethodAccessorImpl.java:25) ~[na:1.6.0_38]
	at java.lang.reflect.Method.invoke(Method.java:597) ~[na:1.6.0_38]
	at org.spockframework.util.ReflectionUtil.invokeMethod(ReflectionUtil.java:138) [spock-core-0.7-groovy-2.0.jar:na]
	at org.spockframework.runtime.BaseSpecRunner.invokeRaw(BaseSpecRunner.java:330) [spock-core-0.7-groovy-2.0.jar:na]
	at org.spockframework.runtime.BaseSpecRunner.invoke(BaseSpecRunner.java:311) [spock-core-0.7-groovy-2.0.jar:na]
	at org.spockframework.runtime.BaseSpecRunner.runSpec(BaseSpecRunner.java:91) [spock-core-0.7-groovy-2.0.jar:na]
	at org.spockframework.runtime.BaseSpecRunner.run(BaseSpecRunner.java:82) [spock-core-0.7-groovy-2.0.jar:na]
	at org.spockframework.runtime.Sputnik.run(Sputnik.java:63) [spock-core-0.7-groovy-2.0.jar:na]
	at org.apache.maven.surefire.junit4.JUnit4TestSet.execute(JUnit4TestSet.java:53) [surefire-junit4-2.10.jar:2.10]
	at org.apache.maven.surefire.junit4.JUnit4Provider.executeTestSet(JUnit4Provider.java:123) [surefire-junit4-2.10.jar:2.10]
	at org.apache.maven.surefire.junit4.JUnit4Provider.invoke(JUnit4Provider.java:104) [surefire-junit4-2.10.jar:2.10]
	at sun.reflect.NativeMethodAccessorImpl.invoke0(Native Method) ~[na:1.6.0_38]
	at sun.reflect.NativeMethodAccessorImpl.invoke(NativeMethodAccessorImpl.java:39) ~[na:1.6.0_38]
	at sun.reflect.DelegatingMethodAccessorImpl.invoke(DelegatingMethodAccessorImpl.java:25) ~[na:1.6.0_38]
	at java.lang.reflect.Method.invoke(Method.java:597) ~[na:1.6.0_38]
	at org.apache.maven.surefire.util.ReflectionUtils.invokeMethodWithArray(ReflectionUtils.java:164) [surefire-api-2.10.jar:2.10]
	at org.apache.maven.surefire.booter.ProviderFactory$ProviderProxy.invoke(ProviderFactory.java:110) [surefire-booter-2.10.jar:2.10]
	at org.apache.maven.surefire.booter.SurefireStarter.invokeProvider(SurefireStarter.java:175) [surefire-booter-2.10.jar:2.10]
	at org.apache.maven.surefire.booter.SurefireStarter.runSuitesInProcessWhenForked(SurefireStarter.java:107) [surefire-booter-2.10.jar:2.10]
	at org.apache.maven.surefire.booter.ForkedBooter.main(ForkedBooter.java:68) [surefire-booter-2.10.jar:2.10]
22:05:19.594 [main] WARN  o.s.c.a.CommonAnnotationBeanPostProcessor - Invocation of destroy method failed on bean with name &apos;accountOngoingSyncJob&apos;: com.rackspace.search.exception.NotFoundException: Index is missing
22:05:19.599 [main] ERROR c.r.s.e.client.ElasticSearchClient - Index is missing
org.elasticsearch.indices.IndexMissingException: [admin] missing
	at org.elasticsearch.cluster.metadata.MetaData.concreteIndex(MetaData.java:616) ~[elasticsearch-0.90.2.jar:na]
	at org.elasticsearch.action.get.TransportGetAction.resolveRequest(TransportGetAction.java:90) ~[elasticsearch-0.90.2.jar:na]
	at org.elasticsearch.action.get.TransportGetAction.resolveRequest(TransportGetAction.java:42) ~[elasticsearch-0.90.2.jar:na]
	at org.elasticsearch.action.support.single.shard.TransportShardSingleOperationAction$AsyncSingleAction.&lt;init&gt;(TransportShardSingleOperationAction.java:114) ~[elasticsearch-0.90.2.jar:na]
	at org.elasticsearch.action.support.single.shard.TransportShardSingleOperationAction$AsyncSingleAction.&lt;init&gt;(TransportShardSingleOperationAction.java:94) ~[elasticsearch-0.90.2.jar:na]
	at org.elasticsearch.action.support.single.shard.TransportShardSingleOperationAction.doExecute(TransportShardSingleOperationAction.java:71) ~[elasticsearch-0.90.2.jar:na]
	at org.elasticsearch.action.support.single.shard.TransportShardSingleOperationAction.doExecute(TransportShardSingleOperationAction.java:46) ~[elasticsearch-0.90.2.jar:na]
	at org.elasticsearch.action.support.TransportAction.execute(TransportAction.java:61) ~[elasticsearch-0.90.2.jar:na]
	at org.elasticsearch.client.node.NodeClient.execute(NodeClient.java:92) ~[elasticsearch-0.90.2.jar:na]
	at org.elasticsearch.client.support.AbstractClient.get(AbstractClient.java:179) ~[elasticsearch-0.90.2.jar:na]
	at org.elasticsearch.action.get.GetRequestBuilder.doExecute(GetRequestBuilder.java:112) ~[elasticsearch-0.90.2.jar:na]
	at org.elasticsearch.action.ActionRequestBuilder.execute(ActionRequestBuilder.java:62) ~[elasticsearch-0.90.2.jar:na]
	at org.elasticsearch.action.ActionRequestBuilder.execute(ActionRequestBuilder.java:57) ~[elasticsearch-0.90.2.jar:na]
	at org.elasticsearch.action.ActionRequestBuilder$execute.call(Unknown Source) ~[na:na]
	at com.rackspace.search.elasticsearch.client.ElasticSearchClient.getDocument(ElasticSearchClient.groovy:209) ~[classes/:na]
	at com.rackspace.search.elasticsearch.client.ElasticSearchClient$getDocument.call(Unknown Source) [classes/:na]
	at com.rackspace.search.service.JobService.getJob(JobService.groovy:56) [classes/:na]
	at com.rackspace.search.service.JobService$getJob$0.callCurrent(Unknown Source) [classes/:na]
	at com.rackspace.search.service.JobService.getJob(JobService.groovy:52) [classes/:na]
	at com.rackspace.search.service.JobService$getJob.call(Unknown Source) [classes/:na]
	at com.rackspace.search.service.account.AccountOnetimeSyncJob.windupActivities(AccountOneTimeSyncJob.groovy:39) [classes/:na]
	at sun.reflect.NativeMethodAccessorImpl.invoke0(Native Method) ~[na:1.6.0_38]
	at sun.reflect.NativeMethodAccessorImpl.invoke(NativeMethodAccessorImpl.java:39) ~[na:1.6.0_38]
	at sun.reflect.DelegatingMethodAccessorImpl.invoke(DelegatingMethodAccessorImpl.java:25) ~[na:1.6.0_38]
	at java.lang.reflect.Method.invoke(Method.java:597) ~[na:1.6.0_38]
	at org.springframework.beans.factory.annotation.InitDestroyAnnotationBeanPostProcessor$LifecycleElement.invoke(InitDestroyAnnotationBeanPostProcessor.java:340) [spring-beans-3.0.6.RELEASE.jar:3.0.6.RELEASE]
	at org.springframework.beans.factory.annotation.InitDestroyAnnotationBeanPostProcessor$LifecycleMetadata.invokeDestroyMethods(InitDestroyAnnotationBeanPostProcessor.java:305) [spring-beans-3.0.6.RELEASE.jar:3.0.6.RELEASE]
	at org.springframework.beans.factory.annotation.InitDestroyAnnotationBeanPostProcessor.postProcessBeforeDestruction(InitDestroyAnnotationBeanPostProcessor.java:148) [spring-beans-3.0.6.RELEASE.jar:3.0.6.RELEASE]
	at org.springframework.beans.factory.support.DisposableBeanAdapter.destroy(DisposableBeanAdapter.java:166) [spring-beans-3.0.6.RELEASE.jar:3.0.6.RELEASE]
	at org.springframework.beans.factory.support.DefaultSingletonBeanRegistry.destroyBean(DefaultSingletonBeanRegistry.java:487) [spring-beans-3.0.6.RELEASE.jar:3.0.6.RELEASE]
	at org.springframework.beans.factory.support.DefaultSingletonBeanRegistry.destroySingleton(DefaultSingletonBeanRegistry.java:463) [spring-beans-3.0.6.RELEASE.jar:3.0.6.RELEASE]
	at org.springframework.beans.factory.support.DefaultSingletonBeanRegistry.destroySingletons(DefaultSingletonBeanRegistry.java:431) [spring-beans-3.0.6.RELEASE.jar:3.0.6.RELEASE]
	at org.springframework.context.support.AbstractApplicationContext.destroyBeans(AbstractApplicationContext.java:1048) [spring-context-3.0.6.RELEASE.jar:3.0.6.RELEASE]
	at org.springframework.context.support.AbstractApplicationContext.refresh(AbstractApplicationContext.java:433) [spring-context-3.0.6.RELEASE.jar:3.0.6.RELEASE]
	at org.springframework.test.context.support.AbstractGenericContextLoader.loadContext(AbstractGenericContextLoader.java:84) [spring-test-3.0.6.RELEASE.jar:3.0.6.RELEASE]
	at org.springframework.test.context.support.AbstractGenericContextLoader.loadContext(AbstractGenericContextLoader.java:1) [spring-test-3.0.6.RELEASE.jar:3.0.6.RELEASE]
	at org.springframework.test.context.TestContext.loadApplicationContext(TestContext.java:280) [spring-test-3.0.6.RELEASE.jar:3.0.6.RELEASE]
	at org.springframework.test.context.TestContext.getApplicationContext(TestContext.java:304) [spring-test-3.0.6.RELEASE.jar:3.0.6.RELEASE]
	at org.springframework.test.context.support.DependencyInjectionTestExecutionListener.injectDependencies(DependencyInjectionTestExecutionListener.java:109) [spring-test-3.0.6.RELEASE.jar:3.0.6.RELEASE]
	at org.springframework.test.context.support.DependencyInjectionTestExecutionListener.prepareTestInstance(DependencyInjectionTestExecutionListener.java:75) [spring-test-3.0.6.RELEASE.jar:3.0.6.RELEASE]
	at org.springframework.test.context.TestContextManager.prepareTestInstance(TestContextManager.java:321) [spring-test-3.0.6.RELEASE.jar:3.0.6.RELEASE]
	at org.spockframework.spring.SpringTestContextManager.prepareTestInstance(SpringTestContextManager.java:49) [spock-spring-0.7-groovy-2.0.jar:na]
	at org.spockframework.spring.SpringInterceptor.interceptSetupMethod(SpringInterceptor.java:42) [spock-spring-0.7-groovy-2.0.jar:na]
	at org.spockframework.runtime.extension.AbstractMethodInterceptor.intercept(AbstractMethodInterceptor.java:28) [spock-core-0.7-groovy-2.0.jar:na]
	at org.spockframework.runtime.extension.MethodInvocation.proceed(MethodInvocation.java:84) [spock-core-0.7-groovy-2.0.jar:na]
	at org.spockframework.runtime.BaseSpecRunner.invoke(BaseSpecRunner.java:319) [spock-core-0.7-groovy-2.0.jar:na]
	at org.spockframework.runtime.BaseSpecRunner.invokeSetup(BaseSpecRunner.java:279) [spock-core-0.7-groovy-2.0.jar:na]
	at org.spockframework.runtime.BaseSpecRunner.doRunIteration(BaseSpecRunner.java:255) [spock-core-0.7-groovy-2.0.jar:na]
	at sun.reflect.GeneratedMethodAccessor5.invoke(Unknown Source) ~[na:na]
	at sun.reflect.DelegatingMethodAccessorImpl.invoke(DelegatingMethodAccessorImpl.java:25) ~[na:1.6.0_38]
	at java.lang.reflect.Method.invoke(Method.java:597) ~[na:1.6.0_38]
	at org.spockframework.util.ReflectionUtil.invokeMethod(ReflectionUtil.java:138) [spock-core-0.7-groovy-2.0.jar:na]
	at org.spockframework.runtime.BaseSpecRunner.invokeRaw(BaseSpecRunner.java:330) [spock-core-0.7-groovy-2.0.jar:na]
	at org.spockframework.runtime.BaseSpecRunner.invoke(BaseSpecRunner.java:311) [spock-core-0.7-groovy-2.0.jar:na]
	at org.spockframework.runtime.BaseSpecRunner.runIteration(BaseSpecRunner.java:223) [spock-core-0.7-groovy-2.0.jar:na]
	at org.spockframework.runtime.BaseSpecRunner.initializeAndRunIteration(BaseSpecRunner.java:214) [spock-core-0.7-groovy-2.0.jar:na]
	at org.spockframework.runtime.BaseSpecRunner.runSimpleFeature(BaseSpecRunner.java:205) [spock-core-0.7-groovy-2.0.jar:na]
	at org.spockframework.runtime.BaseSpecRunner.doRunFeature(BaseSpecRunner.java:199) [spock-core-0.7-groovy-2.0.jar:na]
	at sun.reflect.GeneratedMethodAccessor7.invoke(Unknown Source) ~[na:na]
	at sun.reflect.DelegatingMethodAccessorImpl.invoke(DelegatingMethodAccessorImpl.java:25) ~[na:1.6.0_38]
	at java.lang.reflect.Method.invoke(Method.java:597) ~[na:1.6.0_38]
	at org.spockframework.util.ReflectionUtil.invokeMethod(ReflectionUtil.java:138) [spock-core-0.7-groovy-2.0.jar:na]
	at org.spockframework.runtime.BaseSpecRunner.invokeRaw(BaseSpecRunner.java:330) [spock-core-0.7-groovy-2.0.jar:na]
	at org.spockframework.runtime.BaseSpecRunner.invoke(BaseSpecRunner.java:311) [spock-core-0.7-groovy-2.0.jar:na]
	at org.spockframework.runtime.BaseSpecRunner.runFeature(BaseSpecRunner.java:175) [spock-core-0.7-groovy-2.0.jar:na]
	at org.spockframework.runtime.BaseSpecRunner.runFeatures(BaseSpecRunner.java:152) [spock-core-0.7-groovy-2.0.jar:na]
	at org.spockframework.runtime.BaseSpecRunner.doRunSpec(BaseSpecRunner.java:112) [spock-core-0.7-groovy-2.0.jar:na]
	at sun.reflect.GeneratedMethodAccessor11.invoke(Unknown Source) ~[na:na]
	at sun.reflect.DelegatingMethodAccessorImpl.invoke(DelegatingMethodAccessorImpl.java:25) ~[na:1.6.0_38]
	at java.lang.reflect.Method.invoke(Method.java:597) ~[na:1.6.0_38]
	at org.spockframework.util.ReflectionUtil.invokeMethod(ReflectionUtil.java:138) [spock-core-0.7-groovy-2.0.jar:na]
	at org.spockframework.runtime.BaseSpecRunner.invokeRaw(BaseSpecRunner.java:330) [spock-core-0.7-groovy-2.0.jar:na]
	at org.spockframework.runtime.BaseSpecRunner.invoke(BaseSpecRunner.java:311) [spock-core-0.7-groovy-2.0.jar:na]
	at org.spockframework.runtime.BaseSpecRunner.runSpec(BaseSpecRunner.java:91) [spock-core-0.7-groovy-2.0.jar:na]
	at org.spockframework.runtime.BaseSpecRunner.run(BaseSpecRunner.java:82) [spock-core-0.7-groovy-2.0.jar:na]
	at org.spockframework.runtime.Sputnik.run(Sputnik.java:63) [spock-core-0.7-groovy-2.0.jar:na]
	at org.apache.maven.surefire.junit4.JUnit4TestSet.execute(JUnit4TestSet.java:53) [surefire-junit4-2.10.jar:2.10]
	at org.apache.maven.surefire.junit4.JUnit4Provider.executeTestSet(JUnit4Provider.java:123) [surefire-junit4-2.10.jar:2.10]
	at org.apache.maven.surefire.junit4.JUnit4Provider.invoke(JUnit4Provider.java:104) [surefire-junit4-2.10.jar:2.10]
	at sun.reflect.NativeMethodAccessorImpl.invoke0(Native Method) ~[na:1.6.0_38]
	at sun.reflect.NativeMethodAccessorImpl.invoke(NativeMethodAccessorImpl.java:39) ~[na:1.6.0_38]
	at sun.reflect.DelegatingMethodAccessorImpl.invoke(DelegatingMethodAccessorImpl.java:25) ~[na:1.6.0_38]
	at java.lang.reflect.Method.invoke(Method.java:597) ~[na:1.6.0_38]
	at org.apache.maven.surefire.util.ReflectionUtils.invokeMethodWithArray(ReflectionUtils.java:164) [surefire-api-2.10.jar:2.10]
	at org.apache.maven.surefire.booter.ProviderFactory$ProviderProxy.invoke(ProviderFactory.java:110) [surefire-booter-2.10.jar:2.10]
	at org.apache.maven.surefire.booter.SurefireStarter.invokeProvider(SurefireStarter.java:175) [surefire-booter-2.10.jar:2.10]
	at org.apache.maven.surefire.booter.SurefireStarter.runSuitesInProcessWhenForked(SurefireStarter.java:107) [surefire-booter-2.10.jar:2.10]
	at org.apache.maven.surefire.booter.ForkedBooter.main(ForkedBooter.java:68) [surefire-booter-2.10.jar:2.10]
22:05:19.600 [main] WARN  o.s.c.a.CommonAnnotationBeanPostProcessor - Invocation of destroy method failed on bean with name &apos;accountOnetimeSyncJob&apos;: com.rackspace.search.exception.NotFoundException: Index is missing
22:05:19.604 [main] ERROR c.r.s.e.client.ElasticSearchClient - Index is missing
org.elasticsearch.indices.IndexMissingException: [admin] missing
	at org.elasticsearch.cluster.metadata.MetaData.concreteIndex(MetaData.java:616) ~[elasticsearch-0.90.2.jar:na]
	at org.elasticsearch.action.get.TransportGetAction.resolveRequest(TransportGetAction.java:90) ~[elasticsearch-0.90.2.jar:na]
	at org.elasticsearch.action.get.TransportGetAction.resolveRequest(TransportGetAction.java:42) ~[elasticsearch-0.90.2.jar:na]
	at org.elasticsearch.action.support.single.shard.TransportShardSingleOperationAction$AsyncSingleAction.&lt;init&gt;(TransportShardSingleOperationAction.java:114) ~[elasticsearch-0.90.2.jar:na]
	at org.elasticsearch.action.support.single.shard.TransportShardSingleOperationAction$AsyncSingleAction.&lt;init&gt;(TransportShardSingleOperationAction.java:94) ~[elasticsearch-0.90.2.jar:na]
	at org.elasticsearch.action.support.single.shard.TransportShardSingleOperationAction.doExecute(TransportShardSingleOperationAction.java:71) ~[elasticsearch-0.90.2.jar:na]
	at org.elasticsearch.action.support.single.shard.TransportShardSingleOperationAction.doExecute(TransportShardSingleOperationAction.java:46) ~[elasticsearch-0.90.2.jar:na]
	at org.elasticsearch.action.support.TransportAction.execute(TransportAction.java:61) ~[elasticsearch-0.90.2.jar:na]
	at org.elasticsearch.client.node.NodeClient.execute(NodeClient.java:92) ~[elasticsearch-0.90.2.jar:na]
	at org.elasticsearch.client.support.AbstractClient.get(AbstractClient.java:179) ~[elasticsearch-0.90.2.jar:na]
	at org.elasticsearch.action.get.GetRequestBuilder.doExecute(GetRequestBuilder.java:112) ~[elasticsearch-0.90.2.jar:na]
	at org.elasticsearch.action.ActionRequestBuilder.execute(ActionRequestBuilder.java:62) ~[elasticsearch-0.90.2.jar:na]
	at org.elasticsearch.action.ActionRequestBuilder.execute(ActionRequestBuilder.java:57) ~[elasticsearch-0.90.2.jar:na]
	at org.elasticsearch.action.ActionRequestBuilder$execute.call(Unknown Source) ~[na:na]
	at com.rackspace.search.elasticsearch.client.ElasticSearchClient.getDocument(ElasticSearchClient.groovy:209) ~[classes/:na]
	at com.rackspace.search.elasticsearch.client.ElasticSearchClient$getDocument.call(Unknown Source) [classes/:na]
	at com.rackspace.search.service.JobService.getJob(JobService.groovy:56) [classes/:na]
	at com.rackspace.search.service.JobService$getJob$0.callCurrent(Unknown Source) [classes/:na]
	at com.rackspace.search.service.JobService.getJob(JobService.groovy:52) [classes/:na]
	at com.rackspace.search.service.JobService$getJob.call(Unknown Source) [classes/:na]
	at com.rackspace.search.service.core.CoreTicketOngoingSyncJob.windupActivities(CoreTicketOnGoingSyncJob.groovy:82) [classes/:na]
	at sun.reflect.NativeMethodAccessorImpl.invoke0(Native Method) ~[na:1.6.0_38]
	at sun.reflect.NativeMethodAccessorImpl.invoke(NativeMethodAccessorImpl.java:39) ~[na:1.6.0_38]
	at sun.reflect.DelegatingMethodAccessorImpl.invoke(DelegatingMethodAccessorImpl.java:25) ~[na:1.6.0_38]
	at java.lang.reflect.Method.invoke(Method.java:597) ~[na:1.6.0_38]
	at org.springframework.beans.factory.annotation.InitDestroyAnnotationBeanPostProcessor$LifecycleElement.invoke(InitDestroyAnnotationBeanPostProcessor.java:340) [spring-beans-3.0.6.RELEASE.jar:3.0.6.RELEASE]
	at org.springframework.beans.factory.annotation.InitDestroyAnnotationBeanPostProcessor$LifecycleMetadata.invokeDestroyMethods(InitDestroyAnnotationBeanPostProcessor.java:305) [spring-beans-3.0.6.RELEASE.jar:3.0.6.RELEASE]
	at org.springframework.beans.factory.annotation.InitDestroyAnnotationBeanPostProcessor.postProcessBeforeDestruction(InitDestroyAnnotationBeanPostProcessor.java:148) [spring-beans-3.0.6.RELEASE.jar:3.0.6.RELEASE]
	at org.springframework.beans.factory.support.DisposableBeanAdapter.destroy(DisposableBeanAdapter.java:166) [spring-beans-3.0.6.RELEASE.jar:3.0.6.RELEASE]
	at org.springframework.beans.factory.support.DefaultSingletonBeanRegistry.destroyBean(DefaultSingletonBeanRegistry.java:487) [spring-beans-3.0.6.RELEASE.jar:3.0.6.RELEASE]
	at org.springframework.beans.factory.support.DefaultSingletonBeanRegistry.destroySingleton(DefaultSingletonBeanRegistry.java:463) [spring-beans-3.0.6.RELEASE.jar:3.0.6.RELEASE]
	at org.springframework.beans.factory.support.DefaultSingletonBeanRegistry.destroySingletons(DefaultSingletonBeanRegistry.java:431) [spring-beans-3.0.6.RELEASE.jar:3.0.6.RELEASE]
	at org.springframework.context.support.AbstractApplicationContext.destroyBeans(AbstractApplicationContext.java:1048) [spring-context-3.0.6.RELEASE.jar:3.0.6.RELEASE]
	at org.springframework.context.support.AbstractApplicationContext.refresh(AbstractApplicationContext.java:433) [spring-context-3.0.6.RELEASE.jar:3.0.6.RELEASE]
	at org.springframework.test.context.support.AbstractGenericContextLoader.loadContext(AbstractGenericContextLoader.java:84) [spring-test-3.0.6.RELEASE.jar:3.0.6.RELEASE]
	at org.springframework.test.context.support.AbstractGenericContextLoader.loadContext(AbstractGenericContextLoader.java:1) [spring-test-3.0.6.RELEASE.jar:3.0.6.RELEASE]
	at org.springframework.test.context.TestContext.loadApplicationContext(TestContext.java:280) [spring-test-3.0.6.RELEASE.jar:3.0.6.RELEASE]
	at org.springframework.test.context.TestContext.getApplicationContext(TestContext.java:304) [spring-test-3.0.6.RELEASE.jar:3.0.6.RELEASE]
	at org.springframework.test.context.support.DependencyInjectionTestExecutionListener.injectDependencies(DependencyInjectionTestExecutionListener.java:109) [spring-test-3.0.6.RELEASE.jar:3.0.6.RELEASE]
	at org.springframework.test.context.support.DependencyInjectionTestExecutionListener.prepareTestInstance(DependencyInjectionTestExecutionListener.java:75) [spring-test-3.0.6.RELEASE.jar:3.0.6.RELEASE]
	at org.springframework.test.context.TestContextManager.prepareTestInstance(TestContextManager.java:321) [spring-test-3.0.6.RELEASE.jar:3.0.6.RELEASE]
	at org.spockframework.spring.SpringTestContextManager.prepareTestInstance(SpringTestContextManager.java:49) [spock-spring-0.7-groovy-2.0.jar:na]
	at org.spockframework.spring.SpringInterceptor.interceptSetupMethod(SpringInterceptor.java:42) [spock-spring-0.7-groovy-2.0.jar:na]
	at org.spockframework.runtime.extension.AbstractMethodInterceptor.intercept(AbstractMethodInterceptor.java:28) [spock-core-0.7-groovy-2.0.jar:na]
	at org.spockframework.runtime.extension.MethodInvocation.proceed(MethodInvocation.java:84) [spock-core-0.7-groovy-2.0.jar:na]
	at org.spockframework.runtime.BaseSpecRunner.invoke(BaseSpecRunner.java:319) [spock-core-0.7-groovy-2.0.jar:na]
	at org.spockframework.runtime.BaseSpecRunner.invokeSetup(BaseSpecRunner.java:279) [spock-core-0.7-groovy-2.0.jar:na]
	at org.spockframework.runtime.BaseSpecRunner.doRunIteration(BaseSpecRunner.java:255) [spock-core-0.7-groovy-2.0.jar:na]
	at sun.reflect.GeneratedMethodAccessor5.invoke(Unknown Source) ~[na:na]
	at sun.reflect.DelegatingMethodAccessorImpl.invoke(DelegatingMethodAccessorImpl.java:25) ~[na:1.6.0_38]
	at java.lang.reflect.Method.invoke(Method.java:597) ~[na:1.6.0_38]
	at org.spockframework.util.ReflectionUtil.invokeMethod(ReflectionUtil.java:138) [spock-core-0.7-groovy-2.0.jar:na]
	at org.spockframework.runtime.BaseSpecRunner.invokeRaw(BaseSpecRunner.java:330) [spock-core-0.7-groovy-2.0.jar:na]
	at org.spockframework.runtime.BaseSpecRunner.invoke(BaseSpecRunner.java:311) [spock-core-0.7-groovy-2.0.jar:na]
	at org.spockframework.runtime.BaseSpecRunner.runIteration(BaseSpecRunner.java:223) [spock-core-0.7-groovy-2.0.jar:na]
	at org.spockframework.runtime.BaseSpecRunner.initializeAndRunIteration(BaseSpecRunner.java:214) [spock-core-0.7-groovy-2.0.jar:na]
	at org.spockframework.runtime.BaseSpecRunner.runSimpleFeature(BaseSpecRunner.java:205) [spock-core-0.7-groovy-2.0.jar:na]
	at org.spockframework.runtime.BaseSpecRunner.doRunFeature(BaseSpecRunner.java:199) [spock-core-0.7-groovy-2.0.jar:na]
	at sun.reflect.GeneratedMethodAccessor7.invoke(Unknown Source) ~[na:na]
	at sun.reflect.DelegatingMethodAccessorImpl.invoke(DelegatingMethodAccessorImpl.java:25) ~[na:1.6.0_38]
	at java.lang.reflect.Method.invoke(Method.java:597) ~[na:1.6.0_38]
	at org.spockframework.util.ReflectionUtil.invokeMethod(ReflectionUtil.java:138) [spock-core-0.7-groovy-2.0.jar:na]
	at org.spockframework.runtime.BaseSpecRunner.invokeRaw(BaseSpecRunner.java:330) [spock-core-0.7-groovy-2.0.jar:na]
	at org.spockframework.runtime.BaseSpecRunner.invoke(BaseSpecRunner.java:311) [spock-core-0.7-groovy-2.0.jar:na]
	at org.spockframework.runtime.BaseSpecRunner.runFeature(BaseSpecRunner.java:175) [spock-core-0.7-groovy-2.0.jar:na]
	at org.spockframework.runtime.BaseSpecRunner.runFeatures(BaseSpecRunner.java:152) [spock-core-0.7-groovy-2.0.jar:na]
	at org.spockframework.runtime.BaseSpecRunner.doRunSpec(BaseSpecRunner.java:112) [spock-core-0.7-groovy-2.0.jar:na]
	at sun.reflect.GeneratedMethodAccessor11.invoke(Unknown Source) ~[na:na]
	at sun.reflect.DelegatingMethodAccessorImpl.invoke(DelegatingMethodAccessorImpl.java:25) ~[na:1.6.0_38]
	at java.lang.reflect.Method.invoke(Method.java:597) ~[na:1.6.0_38]
	at org.spockframework.util.ReflectionUtil.invokeMethod(ReflectionUtil.java:138) [spock-core-0.7-groovy-2.0.jar:na]
	at org.spockframework.runtime.BaseSpecRunner.invokeRaw(BaseSpecRunner.java:330) [spock-core-0.7-groovy-2.0.jar:na]
	at org.spockframework.runtime.BaseSpecRunner.invoke(BaseSpecRunner.java:311) [spock-core-0.7-groovy-2.0.jar:na]
	at org.spockframework.runtime.BaseSpecRunner.runSpec(BaseSpecRunner.java:91) [spock-core-0.7-groovy-2.0.jar:na]
	at org.spockframework.runtime.BaseSpecRunner.run(BaseSpecRunner.java:82) [spock-core-0.7-groovy-2.0.jar:na]
	at org.spockframework.runtime.Sputnik.run(Sputnik.java:63) [spock-core-0.7-groovy-2.0.jar:na]
	at org.apache.maven.surefire.junit4.JUnit4TestSet.execute(JUnit4TestSet.java:53) [surefire-junit4-2.10.jar:2.10]
	at org.apache.maven.surefire.junit4.JUnit4Provider.executeTestSet(JUnit4Provider.java:123) [surefire-junit4-2.10.jar:2.10]
	at org.apache.maven.surefire.junit4.JUnit4Provider.invoke(JUnit4Provider.java:104) [surefire-junit4-2.10.jar:2.10]
	at sun.reflect.NativeMethodAccessorImpl.invoke0(Native Method) ~[na:1.6.0_38]
	at sun.reflect.NativeMethodAccessorImpl.invoke(NativeMethodAccessorImpl.java:39) ~[na:1.6.0_38]
	at sun.reflect.DelegatingMethodAccessorImpl.invoke(DelegatingMethodAccessorImpl.java:25) ~[na:1.6.0_38]
	at java.lang.reflect.Method.invoke(Method.java:597) ~[na:1.6.0_38]
	at org.apache.maven.surefire.util.ReflectionUtils.invokeMethodWithArray(ReflectionUtils.java:164) [surefire-api-2.10.jar:2.10]
	at org.apache.maven.surefire.booter.ProviderFactory$ProviderProxy.invoke(ProviderFactory.java:110) [surefire-booter-2.10.jar:2.10]
	at org.apache.maven.surefire.booter.SurefireStarter.invokeProvider(SurefireStarter.java:175) [surefire-booter-2.10.jar:2.10]
	at org.apache.maven.surefire.booter.SurefireStarter.runSuitesInProcessWhenForked(SurefireStarter.java:107) [surefire-booter-2.10.jar:2.10]
	at org.apache.maven.surefire.booter.ForkedBooter.main(ForkedBooter.java:68) [surefire-booter-2.10.jar:2.10]
22:05:19.606 [main] WARN  o.s.c.a.CommonAnnotationBeanPostProcessor - Invocation of destroy method failed on bean with name &apos;coreTicketOngoingSyncJob&apos;: com.rackspace.search.exception.NotFoundException: Index is missing
22:05:19.610 [main] ERROR c.r.s.e.client.ElasticSearchClient - Index is missing
org.elasticsearch.indices.IndexMissingException: [admin] missing
	at org.elasticsearch.cluster.metadata.MetaData.concreteIndex(MetaData.java:616) ~[elasticsearch-0.90.2.jar:na]
	at org.elasticsearch.action.get.TransportGetAction.resolveRequest(TransportGetAction.java:90) ~[elasticsearch-0.90.2.jar:na]
	at org.elasticsearch.action.get.TransportGetAction.resolveRequest(TransportGetAction.java:42) ~[elasticsearch-0.90.2.jar:na]
	at org.elasticsearch.action.support.single.shard.TransportShardSingleOperationAction$AsyncSingleAction.&lt;init&gt;(TransportShardSingleOperationAction.java:114) ~[elasticsearch-0.90.2.jar:na]
	at org.elasticsearch.action.support.single.shard.TransportShardSingleOperationAction$AsyncSingleAction.&lt;init&gt;(TransportShardSingleOperationAction.java:94) ~[elasticsearch-0.90.2.jar:na]
	at org.elasticsearch.action.support.single.shard.TransportShardSingleOperationAction.doExecute(TransportShardSingleOperationAction.java:71) ~[elasticsearch-0.90.2.jar:na]
	at org.elasticsearch.action.support.single.shard.TransportShardSingleOperationAction.doExecute(TransportShardSingleOperationAction.java:46) ~[elasticsearch-0.90.2.jar:na]
	at org.elasticsearch.action.support.TransportAction.execute(TransportAction.java:61) ~[elasticsearch-0.90.2.jar:na]
	at org.elasticsearch.client.node.NodeClient.execute(NodeClient.java:92) ~[elasticsearch-0.90.2.jar:na]
	at org.elasticsearch.client.support.AbstractClient.get(AbstractClient.java:179) ~[elasticsearch-0.90.2.jar:na]
	at org.elasticsearch.action.get.GetRequestBuilder.doExecute(GetRequestBuilder.java:112) ~[elasticsearch-0.90.2.jar:na]
	at org.elasticsearch.action.ActionRequestBuilder.execute(ActionRequestBuilder.java:62) ~[elasticsearch-0.90.2.jar:na]
	at org.elasticsearch.action.ActionRequestBuilder.execute(ActionRequestBuilder.java:57) ~[elasticsearch-0.90.2.jar:na]
	at org.elasticsearch.action.ActionRequestBuilder$execute.call(Unknown Source) ~[na:na]
	at com.rackspace.search.elasticsearch.client.ElasticSearchClient.getDocument(ElasticSearchClient.groovy:209) ~[classes/:na]
	at com.rackspace.search.elasticsearch.client.ElasticSearchClient$getDocument.call(Unknown Source) [classes/:na]
	at com.rackspace.search.service.JobService.getJob(JobService.groovy:56) [classes/:na]
	at com.rackspace.search.service.JobService$getJob$0.callCurrent(Unknown Source) [classes/:na]
	at com.rackspace.search.service.JobService.getJob(JobService.groovy:52) [classes/:na]
	at com.rackspace.search.service.JobService$getJob.call(Unknown Source) [classes/:na]
	at com.rackspace.search.service.core.CoreTicketOnetimeSyncJob.windupActivities(CoreTicketOneTimeSyncJob.groovy:45) [classes/:na]
	at sun.reflect.NativeMethodAccessorImpl.invoke0(Native Method) ~[na:1.6.0_38]
	at sun.reflect.NativeMethodAccessorImpl.invoke(NativeMethodAccessorImpl.java:39) ~[na:1.6.0_38]
	at sun.reflect.DelegatingMethodAccessorImpl.invoke(DelegatingMethodAccessorImpl.java:25) ~[na:1.6.0_38]
	at java.lang.reflect.Method.invoke(Method.java:597) ~[na:1.6.0_38]
	at org.springframework.beans.factory.annotation.InitDestroyAnnotationBeanPostProcessor$LifecycleElement.invoke(InitDestroyAnnotationBeanPostProcessor.java:340) [spring-beans-3.0.6.RELEASE.jar:3.0.6.RELEASE]
	at org.springframework.beans.factory.annotation.InitDestroyAnnotationBeanPostProcessor$LifecycleMetadata.invokeDestroyMethods(InitDestroyAnnotationBeanPostProcessor.java:305) [spring-beans-3.0.6.RELEASE.jar:3.0.6.RELEASE]
	at org.springframework.beans.factory.annotation.InitDestroyAnnotationBeanPostProcessor.postProcessBeforeDestruction(InitDestroyAnnotationBeanPostProcessor.java:148) [spring-beans-3.0.6.RELEASE.jar:3.0.6.RELEASE]
	at org.springframework.beans.factory.support.DisposableBeanAdapter.destroy(DisposableBeanAdapter.java:166) [spring-beans-3.0.6.RELEASE.jar:3.0.6.RELEASE]
	at org.springframework.beans.factory.support.DefaultSingletonBeanRegistry.destroyBean(DefaultSingletonBeanRegistry.java:487) [spring-beans-3.0.6.RELEASE.jar:3.0.6.RELEASE]
	at org.springframework.beans.factory.support.DefaultSingletonBeanRegistry.destroySingleton(DefaultSingletonBeanRegistry.java:463) [spring-beans-3.0.6.RELEASE.jar:3.0.6.RELEASE]
	at org.springframework.beans.factory.support.DefaultSingletonBeanRegistry.destroySingletons(DefaultSingletonBeanRegistry.java:431) [spring-beans-3.0.6.RELEASE.jar:3.0.6.RELEASE]
	at org.springframework.context.support.AbstractApplicationContext.destroyBeans(AbstractApplicationContext.java:1048) [spring-context-3.0.6.RELEASE.jar:3.0.6.RELEASE]
	at org.springframework.context.support.AbstractApplicationContext.refresh(AbstractApplicationContext.java:433) [spring-context-3.0.6.RELEASE.jar:3.0.6.RELEASE]
	at org.springframework.test.context.support.AbstractGenericContextLoader.loadContext(AbstractGenericContextLoader.java:84) [spring-test-3.0.6.RELEASE.jar:3.0.6.RELEASE]
	at org.springframework.test.context.support.AbstractGenericContextLoader.loadContext(AbstractGenericContextLoader.java:1) [spring-test-3.0.6.RELEASE.jar:3.0.6.RELEASE]
	at org.springframework.test.context.TestContext.loadApplicationContext(TestContext.java:280) [spring-test-3.0.6.RELEASE.jar:3.0.6.RELEASE]
	at org.springframework.test.context.TestContext.getApplicationContext(TestContext.java:304) [spring-test-3.0.6.RELEASE.jar:3.0.6.RELEASE]
	at org.springframework.test.context.support.DependencyInjectionTestExecutionListener.injectDependencies(DependencyInjectionTestExecutionListener.java:109) [spring-test-3.0.6.RELEASE.jar:3.0.6.RELEASE]
	at org.springframework.test.context.support.DependencyInjectionTestExecutionListener.prepareTestInstance(DependencyInjectionTestExecutionListener.java:75) [spring-test-3.0.6.RELEASE.jar:3.0.6.RELEASE]
	at org.springframework.test.context.TestContextManager.prepareTestInstance(TestContextManager.java:321) [spring-test-3.0.6.RELEASE.jar:3.0.6.RELEASE]
	at org.spockframework.spring.SpringTestContextManager.prepareTestInstance(SpringTestContextManager.java:49) [spock-spring-0.7-groovy-2.0.jar:na]
	at org.spockframework.spring.SpringInterceptor.interceptSetupMethod(SpringInterceptor.java:42) [spock-spring-0.7-groovy-2.0.jar:na]
	at org.spockframework.runtime.extension.AbstractMethodInterceptor.intercept(AbstractMethodInterceptor.java:28) [spock-core-0.7-groovy-2.0.jar:na]
	at org.spockframework.runtime.extension.MethodInvocation.proceed(MethodInvocation.java:84) [spock-core-0.7-groovy-2.0.jar:na]
	at org.spockframework.runtime.BaseSpecRunner.invoke(BaseSpecRunner.java:319) [spock-core-0.7-groovy-2.0.jar:na]
	at org.spockframework.runtime.BaseSpecRunner.invokeSetup(BaseSpecRunner.java:279) [spock-core-0.7-groovy-2.0.jar:na]
	at org.spockframework.runtime.BaseSpecRunner.doRunIteration(BaseSpecRunner.java:255) [spock-core-0.7-groovy-2.0.jar:na]
	at sun.reflect.GeneratedMethodAccessor5.invoke(Unknown Source) ~[na:na]
	at sun.reflect.DelegatingMethodAccessorImpl.invoke(DelegatingMethodAccessorImpl.java:25) ~[na:1.6.0_38]
	at java.lang.reflect.Method.invoke(Method.java:597) ~[na:1.6.0_38]
	at org.spockframework.util.ReflectionUtil.invokeMethod(ReflectionUtil.java:138) [spock-core-0.7-groovy-2.0.jar:na]
	at org.spockframework.runtime.BaseSpecRunner.invokeRaw(BaseSpecRunner.java:330) [spock-core-0.7-groovy-2.0.jar:na]
	at org.spockframework.runtime.BaseSpecRunner.invoke(BaseSpecRunner.java:311) [spock-core-0.7-groovy-2.0.jar:na]
	at org.spockframework.runtime.BaseSpecRunner.runIteration(BaseSpecRunner.java:223) [spock-core-0.7-groovy-2.0.jar:na]
	at org.spockframework.runtime.BaseSpecRunner.initializeAndRunIteration(BaseSpecRunner.java:214) [spock-core-0.7-groovy-2.0.jar:na]
	at org.spockframework.runtime.BaseSpecRunner.runSimpleFeature(BaseSpecRunner.java:205) [spock-core-0.7-groovy-2.0.jar:na]
	at org.spockframework.runtime.BaseSpecRunner.doRunFeature(BaseSpecRunner.java:199) [spock-core-0.7-groovy-2.0.jar:na]
	at sun.reflect.GeneratedMethodAccessor7.invoke(Unknown Source) ~[na:na]
	at sun.reflect.DelegatingMethodAccessorImpl.invoke(DelegatingMethodAccessorImpl.java:25) ~[na:1.6.0_38]
	at java.lang.reflect.Method.invoke(Method.java:597) ~[na:1.6.0_38]
	at org.spockframework.util.ReflectionUtil.invokeMethod(ReflectionUtil.java:138) [spock-core-0.7-groovy-2.0.jar:na]
	at org.spockframework.runtime.BaseSpecRunner.invokeRaw(BaseSpecRunner.java:330) [spock-core-0.7-groovy-2.0.jar:na]
	at org.spockframework.runtime.BaseSpecRunner.invoke(BaseSpecRunner.java:311) [spock-core-0.7-groovy-2.0.jar:na]
	at org.spockframework.runtime.BaseSpecRunner.runFeature(BaseSpecRunner.java:175) [spock-core-0.7-groovy-2.0.jar:na]
	at org.spockframework.runtime.BaseSpecRunner.runFeatures(BaseSpecRunner.java:152) [spock-core-0.7-groovy-2.0.jar:na]
	at org.spockframework.runtime.BaseSpecRunner.doRunSpec(BaseSpecRunner.java:112) [spock-core-0.7-groovy-2.0.jar:na]
	at sun.reflect.GeneratedMethodAccessor11.invoke(Unknown Source) ~[na:na]
	at sun.reflect.DelegatingMethodAccessorImpl.invoke(DelegatingMethodAccessorImpl.java:25) ~[na:1.6.0_38]
	at java.lang.reflect.Method.invoke(Method.java:597) ~[na:1.6.0_38]
	at org.spockframework.util.ReflectionUtil.invokeMethod(ReflectionUtil.java:138) [spock-core-0.7-groovy-2.0.jar:na]
	at org.spockframework.runtime.BaseSpecRunner.invokeRaw(BaseSpecRunner.java:330) [spock-core-0.7-groovy-2.0.jar:na]
	at org.spockframework.runtime.BaseSpecRunner.invoke(BaseSpecRunner.java:311) [spock-core-0.7-groovy-2.0.jar:na]
	at org.spockframework.runtime.BaseSpecRunner.runSpec(BaseSpecRunner.java:91) [spock-core-0.7-groovy-2.0.jar:na]
	at org.spockframework.runtime.BaseSpecRunner.run(BaseSpecRunner.java:82) [spock-core-0.7-groovy-2.0.jar:na]
	at org.spockframework.runtime.Sputnik.run(Sputnik.java:63) [spock-core-0.7-groovy-2.0.jar:na]
	at org.apache.maven.surefire.junit4.JUnit4TestSet.execute(JUnit4TestSet.java:53) [surefire-junit4-2.10.jar:2.10]
	at org.apache.maven.surefire.junit4.JUnit4Provider.executeTestSet(JUnit4Provider.java:123) [surefire-junit4-2.10.jar:2.10]
	at org.apache.maven.surefire.junit4.JUnit4Provider.invoke(JUnit4Provider.java:104) [surefire-junit4-2.10.jar:2.10]
	at sun.reflect.NativeMethodAccessorImpl.invoke0(Native Method) ~[na:1.6.0_38]
	at sun.reflect.NativeMethodAccessorImpl.invoke(NativeMethodAccessorImpl.java:39) ~[na:1.6.0_38]
	at sun.reflect.DelegatingMethodAccessorImpl.invoke(DelegatingMethodAccessorImpl.java:25) ~[na:1.6.0_38]
	at java.lang.reflect.Method.invoke(Method.java:597) ~[na:1.6.0_38]
	at org.apache.maven.surefire.util.ReflectionUtils.invokeMethodWithArray(ReflectionUtils.java:164) [surefire-api-2.10.jar:2.10]
	at org.apache.maven.surefire.booter.ProviderFactory$ProviderProxy.invoke(ProviderFactory.java:110) [surefire-booter-2.10.jar:2.10]
	at org.apache.maven.surefire.booter.SurefireStarter.invokeProvider(SurefireStarter.java:175) [surefire-booter-2.10.jar:2.10]
	at org.apache.maven.surefire.booter.SurefireStarter.runSuitesInProcessWhenForked(SurefireStarter.java:107) [surefire-booter-2.10.jar:2.10]
	at org.apache.maven.surefire.booter.ForkedBooter.main(ForkedBooter.java:68) [surefire-booter-2.10.jar:2.10]
22:05:19.692 [main] WARN  o.s.c.a.CommonAnnotationBeanPostProcessor - Invocation of destroy method failed on bean with name &apos;coreTicketOnetimeSyncJob&apos;: com.rackspace.search.exception.NotFoundException: Index is missing
22:05:19.693 [main] INFO  org.elasticsearch.node - [ticket.node] {0.90.2}[25471]: stopping ...
22:05:19.703 [main] INFO  org.elasticsearch.node - [ticket.node] {0.90.2}[25471]: stopped
22:05:19.704 [main] INFO  org.elasticsearch.node - [ticket.node] {0.90.2}[25471]: closing ...
22:05:19.707 [main] INFO  org.elasticsearch.node - [ticket.node] {0.90.2}[25471]: closed
22:05:19.718 [main] ERROR o.s.test.context.TestContextManager - Caught exception while allowing TestExecutionListener [org.springframework.test.context.support.DependencyInjectionTestExecutionListener@4459116] to prepare test instance [com.rackspace.search.elasticsearch.client.ElasticSearchClientTest@6234a1ed]
java.lang.IllegalStateException: Failed to load ApplicationContext
	at org.springframework.test.context.TestContext.getApplicationContext(TestContext.java:308) ~[spring-test-3.0.6.RELEASE.jar:3.0.6.RELEASE]
	at org.springframework.test.context.support.DependencyInjectionTestExecutionListener.injectDependencies(DependencyInjectionTestExecutionListener.java:109) ~[spring-test-3.0.6.RELEASE.jar:3.0.6.RELEASE]
	at org.springframework.test.context.support.DependencyInjectionTestExecutionListener.prepareTestInstance(DependencyInjectionTestExecutionListener.java:75) ~[spring-test-3.0.6.RELEASE.jar:3.0.6.RELEASE]
	at org.springframework.test.context.TestContextManager.prepareTestInstance(TestContextManager.java:321) ~[spring-test-3.0.6.RELEASE.jar:3.0.6.RELEASE]
	at org.spockframework.spring.SpringTestContextManager.prepareTestInstance(SpringTestContextManager.java:49) [spock-spring-0.7-groovy-2.0.jar:na]
	at org.spockframework.spring.SpringInterceptor.interceptSetupMethod(SpringInterceptor.java:42) [spock-spring-0.7-groovy-2.0.jar:na]
	at org.spockframework.runtime.extension.AbstractMethodInterceptor.intercept(AbstractMethodInterceptor.java:28) [spock-core-0.7-groovy-2.0.jar:na]
	at org.spockframework.runtime.extension.MethodInvocation.proceed(MethodInvocation.java:84) [spock-core-0.7-groovy-2.0.jar:na]
	at org.spockframework.runtime.BaseSpecRunner.invoke(BaseSpecRunner.java:319) [spock-core-0.7-groovy-2.0.jar:na]
	at org.spockframework.runtime.BaseSpecRunner.invokeSetup(BaseSpecRunner.java:279) [spock-core-0.7-groovy-2.0.jar:na]
	at org.spockframework.runtime.BaseSpecRunner.doRunIteration(BaseSpecRunner.java:255) [spock-core-0.7-groovy-2.0.jar:na]
	at sun.reflect.GeneratedMethodAccessor5.invoke(Unknown Source) ~[na:na]
	at sun.reflect.DelegatingMethodAccessorImpl.invoke(DelegatingMethodAccessorImpl.java:25) ~[na:1.6.0_38]
	at java.lang.reflect.Method.invoke(Method.java:597) ~[na:1.6.0_38]
	at org.spockframework.util.ReflectionUtil.invokeMethod(ReflectionUtil.java:138) [spock-core-0.7-groovy-2.0.jar:na]
	at org.spockframework.runtime.BaseSpecRunner.invokeRaw(BaseSpecRunner.java:330) [spock-core-0.7-groovy-2.0.jar:na]
	at org.spockframework.runtime.BaseSpecRunner.invoke(BaseSpecRunner.java:311) [spock-core-0.7-groovy-2.0.jar:na]
	at org.spockframework.runtime.BaseSpecRunner.runIteration(BaseSpecRunner.java:223) [spock-core-0.7-groovy-2.0.jar:na]
	at org.spockframework.runtime.BaseSpecRunner.initializeAndRunIteration(BaseSpecRunner.java:214) [spock-core-0.7-groovy-2.0.jar:na]
	at org.spockframework.runtime.BaseSpecRunner.runSimpleFeature(BaseSpecRunner.java:205) [spock-core-0.7-groovy-2.0.jar:na]
	at org.spockframework.runtime.BaseSpecRunner.doRunFeature(BaseSpecRunner.java:199) [spock-core-0.7-groovy-2.0.jar:na]
	at sun.reflect.GeneratedMethodAccessor7.invoke(Unknown Source) ~[na:na]
	at sun.reflect.DelegatingMethodAccessorImpl.invoke(DelegatingMethodAccessorImpl.java:25) ~[na:1.6.0_38]
	at java.lang.reflect.Method.invoke(Method.java:597) ~[na:1.6.0_38]
	at org.spockframework.util.ReflectionUtil.invokeMethod(ReflectionUtil.java:138) [spock-core-0.7-groovy-2.0.jar:na]
	at org.spockframework.runtime.BaseSpecRunner.invokeRaw(BaseSpecRunner.java:330) [spock-core-0.7-groovy-2.0.jar:na]
	at org.spockframework.runtime.BaseSpecRunner.invoke(BaseSpecRunner.java:311) [spock-core-0.7-groovy-2.0.jar:na]
	at org.spockframework.runtime.BaseSpecRunner.runFeature(BaseSpecRunner.java:175) [spock-core-0.7-groovy-2.0.jar:na]
	at org.spockframework.runtime.BaseSpecRunner.runFeatures(BaseSpecRunner.java:152) [spock-core-0.7-groovy-2.0.jar:na]
	at org.spockframework.runtime.BaseSpecRunner.doRunSpec(BaseSpecRunner.java:112) [spock-core-0.7-groovy-2.0.jar:na]
	at sun.reflect.GeneratedMethodAccessor11.invoke(Unknown Source) ~[na:na]
	at sun.reflect.DelegatingMethodAccessorImpl.invoke(DelegatingMethodAccessorImpl.java:25) ~[na:1.6.0_38]
	at java.lang.reflect.Method.invoke(Method.java:597) ~[na:1.6.0_38]
	at org.spockframework.util.ReflectionUtil.invokeMethod(ReflectionUtil.java:138) [spock-core-0.7-groovy-2.0.jar:na]
	at org.spockframework.runtime.BaseSpecRunner.invokeRaw(BaseSpecRunner.java:330) [spock-core-0.7-groovy-2.0.jar:na]
	at org.spockframework.runtime.BaseSpecRunner.invoke(BaseSpecRunner.java:311) [spock-core-0.7-groovy-2.0.jar:na]
	at org.spockframework.runtime.BaseSpecRunner.runSpec(BaseSpecRunner.java:91) [spock-core-0.7-groovy-2.0.jar:na]
	at org.spockframework.runtime.BaseSpecRunner.run(BaseSpecRunner.java:82) [spock-core-0.7-groovy-2.0.jar:na]
	at org.spockframework.runtime.Sputnik.run(Sputnik.java:63) [spock-core-0.7-groovy-2.0.jar:na]
	at org.apache.maven.surefire.junit4.JUnit4TestSet.execute(JUnit4TestSet.java:53) [surefire-junit4-2.10.jar:2.10]
	at org.apache.maven.surefire.junit4.JUnit4Provider.executeTestSet(JUnit4Provider.java:123) [surefire-junit4-2.10.jar:2.10]
	at org.apache.maven.surefire.junit4.JUnit4Provider.invoke(JUnit4Provider.java:104) [surefire-junit4-2.10.jar:2.10]
	at sun.reflect.NativeMethodAccessorImpl.invoke0(Native Method) ~[na:1.6.0_38]
	at sun.reflect.NativeMethodAccessorImpl.invoke(NativeMethodAccessorImpl.java:39) ~[na:1.6.0_38]
	at sun.reflect.DelegatingMethodAccessorImpl.invoke(DelegatingMethodAccessorImpl.java:25) ~[na:1.6.0_38]
	at java.lang.reflect.Method.invoke(Method.java:597) ~[na:1.6.0_38]
	at org.apache.maven.surefire.util.ReflectionUtils.invokeMethodWithArray(ReflectionUtils.java:164) [surefire-api-2.10.jar:2.10]
	at org.apache.maven.surefire.booter.ProviderFactory$ProviderProxy.invoke(ProviderFactory.java:110) [surefire-booter-2.10.jar:2.10]
	at org.apache.maven.surefire.booter.SurefireStarter.invokeProvider(SurefireStarter.java:175) [surefire-booter-2.10.jar:2.10]
	at org.apache.maven.surefire.booter.SurefireStarter.runSuitesInProcessWhenForked(SurefireStarter.java:107) [surefire-booter-2.10.jar:2.10]
	at org.apache.maven.surefire.booter.ForkedBooter.main(ForkedBooter.java:68) [surefire-booter-2.10.jar:2.10]
Caused by: org.springframework.beans.factory.BeanCreationException: Error creating bean with name &apos;jobResource&apos;: Injection of autowired dependencies failed; nested exception is org.springframework.beans.factory.BeanCreationException: Could not autowire field: private com.rackspace.search.service.zendesk.ZendeskTicketOngoingSyncJob com.rackspace.search.endpoint.JobResource.zendeskTicketOngoingSyncJob; nested exception is org.springframework.beans.factory.BeanCreationException: Error creating bean with name &apos;zendeskTicketOngoingSyncJob&apos;: Injection of autowired dependencies failed; nested exception is org.springframework.beans.factory.BeanCreationException: Could not autowire field: private com.rackspace.search.service.zendesk.ZendeskTicketOngoingSyncActor com.rackspace.search.service.zendesk.ZendeskTicketOngoingSyncJob.ticketActor; nested exception is org.springframework.beans.factory.BeanCreationException: Error creating bean with name &apos;zendeskTicketOngoingSyncActor&apos;: Injection of autowired dependencies failed; nested exception is org.springframework.beans.factory.BeanCreationException: Could not autowire field: private com.rackspace.search.service.zendesk.ZendeskTicketProcessor com.rackspace.search.service.zendesk.ZendeskTicketOngoingSyncActor.zendeskTicketProcessor; nested exception is org.springframework.beans.factory.BeanCreationException: Error creating bean with name &apos;zendeskTicketProcessor&apos;: Injection of autowired dependencies failed; nested exception is org.springframework.beans.factory.BeanCreationException: Could not autowire field: private java.lang.Object com.rackspace.search.service.zendesk.ZendeskTicketProcessor.zendeskIndexName; nested exception is java.lang.IllegalArgumentException: Could not resolve placeholder &apos;zendesk.index.name&apos;
	at org.springframework.beans.factory.annotation.AutowiredAnnotationBeanPostProcessor.postProcessPropertyValues(AutowiredAnnotationBeanPostProcessor.java:288) ~[spring-beans-3.0.6.RELEASE.jar:3.0.6.RELEASE]
	at org.springframework.beans.factory.support.AbstractAutowireCapableBeanFactory.populateBean(AbstractAutowireCapableBeanFactory.java:1074) ~[spring-beans-3.0.6.RELEASE.jar:3.0.6.RELEASE]
	at org.springframework.beans.factory.support.AbstractAutowireCapableBeanFactory.doCreateBean(AbstractAutowireCapableBeanFactory.java:517) ~[spring-beans-3.0.6.RELEASE.jar:3.0.6.RELEASE]
	at org.springframework.beans.factory.support.AbstractAutowireCapableBeanFactory.createBean(AbstractAutowireCapableBeanFactory.java:456) ~[spring-beans-3.0.6.RELEASE.jar:3.0.6.RELEASE]
	at org.springframework.beans.factory.support.AbstractBeanFactory$1.getObject(AbstractBeanFactory.java:293) ~[spring-beans-3.0.6.RELEASE.jar:3.0.6.RELEASE]
	at org.springframework.beans.factory.support.DefaultSingletonBeanRegistry.getSingleton(DefaultSingletonBeanRegistry.java:222) ~[spring-beans-3.0.6.RELEASE.jar:3.0.6.RELEASE]
	at org.springframework.beans.factory.support.AbstractBeanFactory.doGetBean(AbstractBeanFactory.java:290) ~[spring-beans-3.0.6.RELEASE.jar:3.0.6.RELEASE]
	at org.springframework.beans.factory.support.AbstractBeanFactory.getBean(AbstractBeanFactory.java:192) ~[spring-beans-3.0.6.RELEASE.jar:3.0.6.RELEASE]
	at org.springframework.beans.factory.support.DefaultListableBeanFactory.preInstantiateSingletons(DefaultListableBeanFactory.java:585) ~[spring-beans-3.0.6.RELEASE.jar:3.0.6.RELEASE]
	at org.springframework.context.support.AbstractApplicationContext.finishBeanFactoryInitialization(AbstractApplicationContext.java:895) ~[spring-context-3.0.6.RELEASE.jar:3.0.6.RELEASE]
	at org.springframework.context.support.AbstractApplicationContext.refresh(AbstractApplicationContext.java:425) ~[spring-context-3.0.6.RELEASE.jar:3.0.6.RELEASE]
	at org.springframework.test.context.support.AbstractGenericContextLoader.loadContext(AbstractGenericContextLoader.java:84) ~[spring-test-3.0.6.RELEASE.jar:3.0.6.RELEASE]
	at org.springframework.test.context.support.AbstractGenericContextLoader.loadContext(AbstractGenericContextLoader.java:1) ~[spring-test-3.0.6.RELEASE.jar:3.0.6.RELEASE]
	at org.springframework.test.context.TestContext.loadApplicationContext(TestContext.java:280) ~[spring-test-3.0.6.RELEASE.jar:3.0.6.RELEASE]
	at org.springframework.test.context.TestContext.getApplicationContext(TestContext.java:304) ~[spring-test-3.0.6.RELEASE.jar:3.0.6.RELEASE]
	... 50 common frames omitted
Caused by: org.springframework.beans.factory.BeanCreationException: Could not autowire field: private com.rackspace.search.service.zendesk.ZendeskTicketOngoingSyncJob com.rackspace.search.endpoint.JobResource.zendeskTicketOngoingSyncJob; nested exception is org.springframework.beans.factory.BeanCreationException: Error creating bean with name &apos;zendeskTicketOngoingSyncJob&apos;: Injection of autowired dependencies failed; nested exception is org.springframework.beans.factory.BeanCreationException: Could not autowire field: private com.rackspace.search.service.zendesk.ZendeskTicketOngoingSyncActor com.rackspace.search.service.zendesk.ZendeskTicketOngoingSyncJob.ticketActor; nested exception is org.springframework.beans.factory.BeanCreationException: Error creating bean with name &apos;zendeskTicketOngoingSyncActor&apos;: Injection of autowired dependencies failed; nested exception is org.springframework.beans.factory.BeanCreationException: Could not autowire field: private com.rackspace.search.service.zendesk.ZendeskTicketProcessor com.rackspace.search.service.zendesk.ZendeskTicketOngoingSyncActor.zendeskTicketProcessor; nested exception is org.springframework.beans.factory.BeanCreationException: Error creating bean with name &apos;zendeskTicketProcessor&apos;: Injection of autowired dependencies failed; nested exception is org.springframework.beans.factory.BeanCreationException: Could not autowire field: private java.lang.Object com.rackspace.search.service.zendesk.ZendeskTicketProcessor.zendeskIndexName; nested exception is java.lang.IllegalArgumentException: Could not resolve placeholder &apos;zendesk.index.name&apos;
	at org.springframework.beans.factory.annotation.AutowiredAnnotationBeanPostProcessor$AutowiredFieldElement.inject(AutowiredAnnotationBeanPostProcessor.java:508) ~[spring-beans-3.0.6.RELEASE.jar:3.0.6.RELEASE]
	at org.springframework.beans.factory.annotation.InjectionMetadata.inject(InjectionMetadata.java:84) ~[spring-beans-3.0.6.RELEASE.jar:3.0.6.RELEASE]
	at org.springframework.beans.factory.annotation.AutowiredAnnotationBeanPostProcessor.postProcessPropertyValues(AutowiredAnnotationBeanPostProcessor.java:285) ~[spring-beans-3.0.6.RELEASE.jar:3.0.6.RELEASE]
	... 64 common frames omitted
Caused by: org.springframework.beans.factory.BeanCreationException: Error creating bean with name &apos;zendeskTicketOngoingSyncJob&apos;: Injection of autowired dependencies failed; nested exception is org.springframework.beans.factory.BeanCreationException: Could not autowire field: private com.rackspace.search.service.zendesk.ZendeskTicketOngoingSyncActor com.rackspace.search.service.zendesk.ZendeskTicketOngoingSyncJob.ticketActor; nested exception is org.springframework.beans.factory.BeanCreationException: Error creating bean with name &apos;zendeskTicketOngoingSyncActor&apos;: Injection of autowired dependencies failed; nested exception is org.springframework.beans.factory.BeanCreationException: Could not autowire field: private com.rackspace.search.service.zendesk.ZendeskTicketProcessor com.rackspace.search.service.zendesk.ZendeskTicketOngoingSyncActor.zendeskTicketProcessor; nested exception is org.springframework.beans.factory.BeanCreationException: Error creating bean with name &apos;zendeskTicketProcessor&apos;: Injection of autowired dependencies failed; nested exception is org.springframework.beans.factory.BeanCreationException: Could not autowire field: private java.lang.Object com.rackspace.search.service.zendesk.ZendeskTicketProcessor.zendeskIndexName; nested exception is java.lang.IllegalArgumentException: Could not resolve placeholder &apos;zendesk.index.name&apos;
	at org.springframework.beans.factory.annotation.AutowiredAnnotationBeanPostProcessor.postProcessPropertyValues(AutowiredAnnotationBeanPostProcessor.java:288) ~[spring-beans-3.0.6.RELEASE.jar:3.0.6.RELEASE]
	at org.springframework.beans.factory.support.AbstractAutowireCapableBeanFactory.populateBean(AbstractAutowireCapableBeanFactory.java:1074) ~[spring-beans-3.0.6.RELEASE.jar:3.0.6.RELEASE]
	at org.springframework.beans.factory.support.AbstractAutowireCapableBeanFactory.doCreateBean(AbstractAutowireCapableBeanFactory.java:517) ~[spring-beans-3.0.6.RELEASE.jar:3.0.6.RELEASE]
	at org.springframework.beans.factory.support.AbstractAutowireCapableBeanFactory.createBean(AbstractAutowireCapableBeanFactory.java:456) ~[spring-beans-3.0.6.RELEASE.jar:3.0.6.RELEASE]
	at org.springframework.beans.factory.support.AbstractBeanFactory$1.getObject(AbstractBeanFactory.java:293) ~[spring-beans-3.0.6.RELEASE.jar:3.0.6.RELEASE]
	at org.springframework.beans.factory.support.DefaultSingletonBeanRegistry.getSingleton(DefaultSingletonBeanRegistry.java:222) ~[spring-beans-3.0.6.RELEASE.jar:3.0.6.RELEASE]
	at org.springframework.beans.factory.support.AbstractBeanFactory.doGetBean(AbstractBeanFactory.java:290) ~[spring-beans-3.0.6.RELEASE.jar:3.0.6.RELEASE]
	at org.springframework.beans.factory.support.AbstractBeanFactory.getBean(AbstractBeanFactory.java:192) ~[spring-beans-3.0.6.RELEASE.jar:3.0.6.RELEASE]
	at org.springframework.beans.factory.support.DefaultListableBeanFactory.findAutowireCandidates(DefaultListableBeanFactory.java:848) ~[spring-beans-3.0.6.RELEASE.jar:3.0.6.RELEASE]
	at org.springframework.beans.factory.support.DefaultListableBeanFactory.doResolveDependency(DefaultListableBeanFactory.java:790) ~[spring-beans-3.0.6.RELEASE.jar:3.0.6.RELEASE]
	at org.springframework.beans.factory.support.DefaultListableBeanFactory.resolveDependency(DefaultListableBeanFactory.java:707) ~[spring-beans-3.0.6.RELEASE.jar:3.0.6.RELEASE]
	at org.springframework.beans.factory.annotation.AutowiredAnnotationBeanPostProcessor$AutowiredFieldElement.inject(AutowiredAnnotationBeanPostProcessor.java:480) ~[spring-beans-3.0.6.RELEASE.jar:3.0.6.RELEASE]
	... 66 common frames omitted
Caused by: org.springframework.beans.factory.BeanCreationException: Could not autowire field: private com.rackspace.search.service.zendesk.ZendeskTicketOngoingSyncActor com.rackspace.search.service.zendesk.ZendeskTicketOngoingSyncJob.ticketActor; nested exception is org.springframework.beans.factory.BeanCreationException: Error creating bean with name &apos;zendeskTicketOngoingSyncActor&apos;: Injection of autowired dependencies failed; nested exception is org.springframework.beans.factory.BeanCreationException: Could not autowire field: private com.rackspace.search.service.zendesk.ZendeskTicketProcessor com.rackspace.search.service.zendesk.ZendeskTicketOngoingSyncActor.zendeskTicketProcessor; nested exception is org.springframework.beans.factory.BeanCreationException: Error creating bean with name &apos;zendeskTicketProcessor&apos;: Injection of autowired dependencies failed; nested exception is org.springframework.beans.factory.BeanCreationException: Could not autowire field: private java.lang.Object com.rackspace.search.service.zendesk.ZendeskTicketProcessor.zendeskIndexName; nested exception is java.lang.IllegalArgumentException: Could not resolve placeholder &apos;zendesk.index.name&apos;
	at org.springframework.beans.factory.annotation.AutowiredAnnotationBeanPostProcessor$AutowiredFieldElement.inject(AutowiredAnnotationBeanPostProcessor.java:508) ~[spring-beans-3.0.6.RELEASE.jar:3.0.6.RELEASE]
	at org.springframework.beans.factory.annotation.InjectionMetadata.inject(InjectionMetadata.java:84) ~[spring-beans-3.0.6.RELEASE.jar:3.0.6.RELEASE]
	at org.springframework.beans.factory.annotation.AutowiredAnnotationBeanPostProcessor.postProcessPropertyValues(AutowiredAnnotationBeanPostProcessor.java:285) ~[spring-beans-3.0.6.RELEASE.jar:3.0.6.RELEASE]
	... 77 common frames omitted
Caused by: org.springframework.beans.factory.BeanCreationException: Error creating bean with name &apos;zendeskTicketOngoingSyncActor&apos;: Injection of autowired dependencies failed; nested exception is org.springframework.beans.factory.BeanCreationException: Could not autowire field: private com.rackspace.search.service.zendesk.ZendeskTicketProcessor com.rackspace.search.service.zendesk.ZendeskTicketOngoingSyncActor.zendeskTicketProcessor; nested exception is org.springframework.beans.factory.BeanCreationException: Error creating bean with name &apos;zendeskTicketProcessor&apos;: Injection of autowired dependencies failed; nested exception is org.springframework.beans.factory.BeanCreationException: Could not autowire field: private java.lang.Object com.rackspace.search.service.zendesk.ZendeskTicketProcessor.zendeskIndexName; nested exception is java.lang.IllegalArgumentException: Could not resolve placeholder &apos;zendesk.index.name&apos;
	at org.springframework.beans.factory.annotation.AutowiredAnnotationBeanPostProcessor.postProcessPropertyValues(AutowiredAnnotationBeanPostProcessor.java:288) ~[spring-beans-3.0.6.RELEASE.jar:3.0.6.RELEASE]
	at org.springframework.beans.factory.support.AbstractAutowireCapableBeanFactory.populateBean(AbstractAutowireCapableBeanFactory.java:1074) ~[spring-beans-3.0.6.RELEASE.jar:3.0.6.RELEASE]
	at org.springframework.beans.factory.support.AbstractAutowireCapableBeanFactory.doCreateBean(AbstractAutowireCapableBeanFactory.java:517) ~[spring-beans-3.0.6.RELEASE.jar:3.0.6.RELEASE]
	at org.springframework.beans.factory.support.AbstractAutowireCapableBeanFactory.createBean(AbstractAutowireCapableBeanFactory.java:456) ~[spring-beans-3.0.6.RELEASE.jar:3.0.6.RELEASE]
	at org.springframework.beans.factory.support.AbstractBeanFactory$1.getObject(AbstractBeanFactory.java:293) ~[spring-beans-3.0.6.RELEASE.jar:3.0.6.RELEASE]
	at org.springframework.beans.factory.support.DefaultSingletonBeanRegistry.getSingleton(DefaultSingletonBeanRegistry.java:222) ~[spring-beans-3.0.6.RELEASE.jar:3.0.6.RELEASE]
	at org.springframework.beans.factory.support.AbstractBeanFactory.doGetBean(AbstractBeanFactory.java:290) ~[spring-beans-3.0.6.RELEASE.jar:3.0.6.RELEASE]
	at org.springframework.beans.factory.support.AbstractBeanFactory.getBean(AbstractBeanFactory.java:192) ~[spring-beans-3.0.6.RELEASE.jar:3.0.6.RELEASE]
	at org.springframework.beans.factory.support.DefaultListableBeanFactory.findAutowireCandidates(DefaultListableBeanFactory.java:848) ~[spring-beans-3.0.6.RELEASE.jar:3.0.6.RELEASE]
	at org.springframework.beans.factory.support.DefaultListableBeanFactory.doResolveDependency(DefaultListableBeanFactory.java:790) ~[spring-beans-3.0.6.RELEASE.jar:3.0.6.RELEASE]
	at org.springframework.beans.factory.support.DefaultListableBeanFactory.resolveDependency(DefaultListableBeanFactory.java:707) ~[spring-beans-3.0.6.RELEASE.jar:3.0.6.RELEASE]
	at org.springframework.beans.factory.annotation.AutowiredAnnotationBeanPostProcessor$AutowiredFieldElement.inject(AutowiredAnnotationBeanPostProcessor.java:480) ~[spring-beans-3.0.6.RELEASE.jar:3.0.6.RELEASE]
	... 79 common frames omitted
Caused by: org.springframework.beans.factory.BeanCreationException: Could not autowire field: private com.rackspace.search.service.zendesk.ZendeskTicketProcessor com.rackspace.search.service.zendesk.ZendeskTicketOngoingSyncActor.zendeskTicketProcessor; nested exception is org.springframework.beans.factory.BeanCreationException: Error creating bean with name &apos;zendeskTicketProcessor&apos;: Injection of autowired dependencies failed; nested exception is org.springframework.beans.factory.BeanCreationException: Could not autowire field: private java.lang.Object com.rackspace.search.service.zendesk.ZendeskTicketProcessor.zendeskIndexName; nested exception is java.lang.IllegalArgumentException: Could not resolve placeholder &apos;zendesk.index.name&apos;
	at org.springframework.beans.factory.annotation.AutowiredAnnotationBeanPostProcessor$AutowiredFieldElement.inject(AutowiredAnnotationBeanPostProcessor.java:508) ~[spring-beans-3.0.6.RELEASE.jar:3.0.6.RELEASE]
	at org.springframework.beans.factory.annotation.InjectionMetadata.inject(InjectionMetadata.java:84) ~[spring-beans-3.0.6.RELEASE.jar:3.0.6.RELEASE]
	at org.springframework.beans.factory.annotation.AutowiredAnnotationBeanPostProcessor.postProcessPropertyValues(AutowiredAnnotationBeanPostProcessor.java:285) ~[spring-beans-3.0.6.RELEASE.jar:3.0.6.RELEASE]
	... 90 common frames omitted
Caused by: org.springframework.beans.factory.BeanCreationException: Error creating bean with name &apos;zendeskTicketProcessor&apos;: Injection of autowired dependencies failed; nested exception is org.springframework.beans.factory.BeanCreationException: Could not autowire field: private java.lang.Object com.rackspace.search.service.zendesk.ZendeskTicketProcessor.zendeskIndexName; nested exception is java.lang.IllegalArgumentException: Could not resolve placeholder &apos;zendesk.index.name&apos;
	at org.springframework.beans.factory.annotation.AutowiredAnnotationBeanPostProcessor.postProcessPropertyValues(AutowiredAnnotationBeanPostProcessor.java:288) ~[spring-beans-3.0.6.RELEASE.jar:3.0.6.RELEASE]
	at org.springframework.beans.factory.support.AbstractAutowireCapableBeanFactory.populateBean(AbstractAutowireCapableBeanFactory.java:1074) ~[spring-beans-3.0.6.RELEASE.jar:3.0.6.RELEASE]
	at org.springframework.beans.factory.support.AbstractAutowireCapableBeanFactory.doCreateBean(AbstractAutowireCapableBeanFactory.java:517) ~[spring-beans-3.0.6.RELEASE.jar:3.0.6.RELEASE]
	at org.springframework.beans.factory.support.AbstractAutowireCapableBeanFactory.createBean(AbstractAutowireCapableBeanFactory.java:456) ~[spring-beans-3.0.6.RELEASE.jar:3.0.6.RELEASE]
	at org.springframework.beans.factory.support.AbstractBeanFactory$1.getObject(AbstractBeanFactory.java:293) ~[spring-beans-3.0.6.RELEASE.jar:3.0.6.RELEASE]
	at org.springframework.beans.factory.support.DefaultSingletonBeanRegistry.getSingleton(DefaultSingletonBeanRegistry.java:222) ~[spring-beans-3.0.6.RELEASE.jar:3.0.6.RELEASE]
	at org.springframework.beans.factory.support.AbstractBeanFactory.doGetBean(AbstractBeanFactory.java:290) ~[spring-beans-3.0.6.RELEASE.jar:3.0.6.RELEASE]
	at org.springframework.beans.factory.support.AbstractBeanFactory.getBean(AbstractBeanFactory.java:192) ~[spring-beans-3.0.6.RELEASE.jar:3.0.6.RELEASE]
	at org.springframework.beans.factory.support.DefaultListableBeanFactory.findAutowireCandidates(DefaultListableBeanFactory.java:848) ~[spring-beans-3.0.6.RELEASE.jar:3.0.6.RELEASE]
	at org.springframework.beans.factory.support.DefaultListableBeanFactory.doResolveDependency(DefaultListableBeanFactory.java:790) ~[spring-beans-3.0.6.RELEASE.jar:3.0.6.RELEASE]
	at org.springframework.beans.factory.support.DefaultListableBeanFactory.resolveDependency(DefaultListableBeanFactory.java:707) ~[spring-beans-3.0.6.RELEASE.jar:3.0.6.RELEASE]
	at org.springframework.beans.factory.annotation.AutowiredAnnotationBeanPostProcessor$AutowiredFieldElement.inject(AutowiredAnnotationBeanPostProcessor.java:480) ~[spring-beans-3.0.6.RELEASE.jar:3.0.6.RELEASE]
	... 92 common frames omitted
Caused by: org.springframework.beans.factory.BeanCreationException: Could not autowire field: private java.lang.Object com.rackspace.search.service.zendesk.ZendeskTicketProcessor.zendeskIndexName; nested exception is java.lang.IllegalArgumentException: Could not resolve placeholder &apos;zendesk.index.name&apos;
	at org.springframework.beans.factory.annotation.AutowiredAnnotationBeanPostProcessor$AutowiredFieldElement.inject(AutowiredAnnotationBeanPostProcessor.java:508) ~[spring-beans-3.0.6.RELEASE.jar:3.0.6.RELEASE]
	at org.springframework.beans.factory.annotation.InjectionMetadata.inject(InjectionMetadata.java:84) ~[spring-beans-3.0.6.RELEASE.jar:3.0.6.RELEASE]
	at org.springframework.beans.factory.annotation.AutowiredAnnotationBeanPostProcessor.postProcessPropertyValues(AutowiredAnnotationBeanPostProcessor.java:285) ~[spring-beans-3.0.6.RELEASE.jar:3.0.6.RELEASE]
	... 103 common frames omitted
Caused by: java.lang.IllegalArgumentException: Could not resolve placeholder &apos;zendesk.index.name&apos;
	at org.springframework.util.PropertyPlaceholderHelper.parseStringValue(PropertyPlaceholderHelper.java:173) ~[spring-core-3.0.6.RELEASE.jar:3.0.6.RELEASE]
	at org.springframework.util.PropertyPlaceholderHelper.replacePlaceholders(PropertyPlaceholderHelper.java:125) ~[spring-core-3.0.6.RELEASE.jar:3.0.6.RELEASE]
	at org.springframework.beans.factory.config.PropertyPlaceholderConfigurer$PlaceholderResolvingStringValueResolver.resolveStringValue(PropertyPlaceholderConfigurer.java:403) ~[spring-beans-3.0.6.RELEASE.jar:3.0.6.RELEASE]
	at org.springframework.beans.factory.support.AbstractBeanFactory.resolveEmbeddedValue(AbstractBeanFactory.java:747) ~[spring-beans-3.0.6.RELEASE.jar:3.0.6.RELEASE]
	at org.springframework.beans.factory.support.DefaultListableBeanFactory.doResolveDependency(DefaultListableBeanFactory.java:717) ~[spring-beans-3.0.6.RELEASE.jar:3.0.6.RELEASE]
	at org.springframework.beans.factory.support.DefaultListableBeanFactory.resolveDependency(DefaultListableBeanFactory.java:707) ~[spring-beans-3.0.6.RELEASE.jar:3.0.6.RELEASE]
	at org.springframework.beans.factory.annotation.AutowiredAnnotationBeanPostProcessor$AutowiredFieldElement.inject(AutowiredAnnotationBeanPostProcessor.java:480) ~[spring-beans-3.0.6.RELEASE.jar:3.0.6.RELEASE]
	... 105 common frames omitted
</stdout>
          <stderr>Exception in thread &quot;Timer-59&quot; org.elasticsearch.common.util.concurrent.EsRejectedExecutionException: rejected execution of [org.elasticsearch.action.support.master.TransportMasterNodeOperationAction$2]
	at org.elasticsearch.common.util.concurrent.EsAbortPolicy.rejectedExecution(EsAbortPolicy.java:35)
	at java.util.concurrent.ThreadPoolExecutor.reject(ThreadPoolExecutor.java:767)
	at java.util.concurrent.ThreadPoolExecutor.execute(ThreadPoolExecutor.java:658)
	at org.elasticsearch.action.support.master.TransportMasterNodeOperationAction.innerExecute(TransportMasterNodeOperationAction.java:132)
	at org.elasticsearch.action.support.master.TransportMasterNodeOperationAction.doExecute(TransportMasterNodeOperationAction.java:86)
	at org.elasticsearch.action.support.master.TransportMasterNodeOperationAction.doExecute(TransportMasterNodeOperationAction.java:42)
	at org.elasticsearch.action.support.TransportAction.execute(TransportAction.java:61)
	at org.elasticsearch.client.node.NodeClusterAdminClient.execute(NodeClusterAdminClient.java:72)
	at org.elasticsearch.client.support.AbstractClusterAdminClient.health(AbstractClusterAdminClient.java:83)
	at org.elasticsearch.action.admin.cluster.health.ClusterHealthRequestBuilder.doExecute(ClusterHealthRequestBuilder.java:98)
	at org.elasticsearch.action.ActionRequestBuilder.execute(ActionRequestBuilder.java:62)
	at org.elasticsearch.action.ActionRequestBuilder.execute(ActionRequestBuilder.java:57)
	at org.elasticsearch.action.ActionRequestBuilder$execute.call(Unknown Source)
	at com.rackspace.search.elasticsearch.ElasticSearchServer.getHealthInformation(ElasticSearchServer.groovy:55)
	at com.rackspace.search.elasticsearch.ElasticSearchServer.getHealthStatus(ElasticSearchServer.groovy:51)
	at com.rackspace.search.elasticsearch.ElasticSearchServer.waitForYellowStatus(ElasticSearchServer.groovy:69)
	at com.rackspace.search.elasticsearch.ElasticSearchServer$waitForYellowStatus.call(Unknown Source)
	at com.rackspace.search.service.core.CoreTicketOngoingSyncJob.setupJob(CoreTicketOnGoingSyncJob.groovy:89)
	at sun.reflect.NativeMethodAccessorImpl.invoke0(Native Method)
	at sun.reflect.NativeMethodAccessorImpl.invoke(NativeMethodAccessorImpl.java:39)
	at sun.reflect.DelegatingMethodAccessorImpl.invoke(DelegatingMethodAccessorImpl.java:25)
	at java.lang.reflect.Method.invoke(Method.java:597)
	at org.codehaus.groovy.reflection.CachedMethod.invoke(CachedMethod.java:90)
	at groovy.lang.MetaMethod.doMethodInvoke(MetaMethod.java:233)
	at groovy.lang.MetaClassImpl.invokeMethod(MetaClassImpl.java:1085)
	at org.codehaus.groovy.runtime.ScriptBytecodeAdapter.invokeMethodOnCurrentN(ScriptBytecodeAdapter.java:78)
	at com.rackspace.search.service.core.CoreTicketOngoingSyncJob.this$dist$invoke$1(CoreTicketOnGoingSyncJob.groovy)
	at com.rackspace.search.service.core.CoreTicketOngoingSyncJob$1.methodMissing(CoreTicketOnGoingSyncJob.groovy)
	at sun.reflect.NativeMethodAccessorImpl.invoke0(Native Method)
	at sun.reflect.NativeMethodAccessorImpl.invoke(NativeMethodAccessorImpl.java:39)
	at sun.reflect.DelegatingMethodAccessorImpl.invoke(DelegatingMethodAccessorImpl.java:25)
	at java.lang.reflect.Method.invoke(Method.java:597)
	at org.codehaus.groovy.reflection.CachedMethod.invoke(CachedMethod.java:90)
	at groovy.lang.MetaClassImpl.invokeMissingMethod(MetaClassImpl.java:837)
	at groovy.lang.MetaClassImpl.invokePropertyOrMissing(MetaClassImpl.java:1134)
	at groovy.lang.MetaClassImpl.invokeMethod(MetaClassImpl.java:1087)
	at groovy.lang.MetaClassImpl.invokeMethod(MetaClassImpl.java:909)
	at org.codehaus.groovy.runtime.callsite.PogoMetaClassSite.callCurrent(PogoMetaClassSite.java:66)
	at org.codehaus.groovy.runtime.callsite.AbstractCallSite.callCurrent(AbstractCallSite.java:137)
	at com.rackspace.search.service.core.CoreTicketOngoingSyncJob$1.run(CoreTicketOnGoingSyncJob.groovy:72)
	at java.util.TimerThread.mainLoop(Timer.java:512)
	at java.util.TimerThread.run(Timer.java:462)
Exception in thread &quot;Timer-60&quot; org.elasticsearch.common.util.concurrent.EsRejectedExecutionException: rejected execution of [org.elasticsearch.action.support.master.TransportMasterNodeOperationAction$2]
	at org.elasticsearch.common.util.concurrent.EsAbortPolicy.rejectedExecution(EsAbortPolicy.java:35)
	at java.util.concurrent.ThreadPoolExecutor.reject(ThreadPoolExecutor.java:767)
	at java.util.concurrent.ThreadPoolExecutor.execute(ThreadPoolExecutor.java:658)
	at org.elasticsearch.action.support.master.TransportMasterNodeOperationAction.innerExecute(TransportMasterNodeOperationAction.java:132)
	at org.elasticsearch.action.support.master.TransportMasterNodeOperationAction.doExecute(TransportMasterNodeOperationAction.java:86)
	at org.elasticsearch.action.support.master.TransportMasterNodeOperationAction.doExecute(TransportMasterNodeOperationAction.java:42)
	at org.elasticsearch.action.support.TransportAction.execute(TransportAction.java:61)
	at org.elasticsearch.client.node.NodeClusterAdminClient.execute(NodeClusterAdminClient.java:72)
	at org.elasticsearch.client.support.AbstractClusterAdminClient.health(AbstractClusterAdminClient.java:83)
	at org.elasticsearch.action.admin.cluster.health.ClusterHealthRequestBuilder.doExecute(ClusterHealthRequestBuilder.java:98)
	at org.elasticsearch.action.ActionRequestBuilder.execute(ActionRequestBuilder.java:62)
	at org.elasticsearch.action.ActionRequestBuilder.execute(ActionRequestBuilder.java:57)
	at org.elasticsearch.action.ActionRequestBuilder$execute.call(Unknown Source)
	at com.rackspace.search.elasticsearch.ElasticSearchServer.getHealthInformation(ElasticSearchServer.groovy:55)
	at com.rackspace.search.elasticsearch.ElasticSearchServer.getHealthStatus(ElasticSearchServer.groovy:51)
	at com.rackspace.search.elasticsearch.ElasticSearchServer.waitForYellowStatus(ElasticSearchServer.groovy:69)
	at com.rackspace.search.elasticsearch.ElasticSearchServer$waitForYellowStatus.call(Unknown Source)
	at com.rackspace.search.service.account.AccountOngoingSyncJob.setupJob(AccountOngoingSyncJob.groovy:96)
	at sun.reflect.NativeMethodAccessorImpl.invoke0(Native Method)
	at sun.reflect.NativeMethodAccessorImpl.invoke(NativeMethodAccessorImpl.java:39)
	at sun.reflect.DelegatingMethodAccessorImpl.invoke(DelegatingMethodAccessorImpl.java:25)
	at java.lang.reflect.Method.invoke(Method.java:597)
	at org.codehaus.groovy.reflection.CachedMethod.invoke(CachedMethod.java:90)
	at groovy.lang.MetaMethod.doMethodInvoke(MetaMethod.java:233)
	at groovy.lang.MetaClassImpl.invokeMethod(MetaClassImpl.java:1085)
	at org.codehaus.groovy.runtime.ScriptBytecodeAdapter.invokeMethodOnCurrentN(ScriptBytecodeAdapter.java:78)
	at com.rackspace.search.service.account.AccountOngoingSyncJob.this$dist$invoke$1(AccountOngoingSyncJob.groovy)
	at com.rackspace.search.service.account.AccountOngoingSyncJob$1.methodMissing(AccountOngoingSyncJob.groovy)
	at sun.reflect.NativeMethodAccessorImpl.invoke0(Native Method)
	at sun.reflect.NativeMethodAccessorImpl.invoke(NativeMethodAccessorImpl.java:39)
	at sun.reflect.DelegatingMethodAccessorImpl.invoke(DelegatingMethodAccessorImpl.java:25)
	at java.lang.reflect.Method.invoke(Method.java:597)
	at org.codehaus.groovy.reflection.CachedMethod.invoke(CachedMethod.java:90)
	at groovy.lang.MetaClassImpl.invokeMissingMethod(MetaClassImpl.java:837)
	at groovy.lang.MetaClassImpl.invokePropertyOrMissing(MetaClassImpl.java:1134)
	at groovy.lang.MetaClassImpl.invokeMethod(MetaClassImpl.java:1087)
	at groovy.lang.MetaClassImpl.invokeMethod(MetaClassImpl.java:909)
	at org.codehaus.groovy.runtime.callsite.PogoMetaClassSite.callCurrent(PogoMetaClassSite.java:66)
	at org.codehaus.groovy.runtime.callsite.AbstractCallSite.callCurrent(AbstractCallSite.java:137)
	at com.rackspace.search.service.account.AccountOngoingSyncJob$1.run(AccountOngoingSyncJob.groovy:78)
	at java.util.TimerThread.mainLoop(Timer.java:512)
	at java.util.TimerThread.run(Timer.java:462)
Exception in thread &quot;Timer-61&quot; org.elasticsearch.common.util.concurrent.EsRejectedExecutionException: rejected execution of [org.elasticsearch.action.support.master.TransportMasterNodeOperationAction$2]
	at org.elasticsearch.common.util.concurrent.EsAbortPolicy.rejectedExecution(EsAbortPolicy.java:35)
	at java.util.concurrent.ThreadPoolExecutor.reject(ThreadPoolExecutor.java:767)
	at java.util.concurrent.ThreadPoolExecutor.execute(ThreadPoolExecutor.java:658)
	at org.elasticsearch.action.support.master.TransportMasterNodeOperationAction.innerExecute(TransportMasterNodeOperationAction.java:132)
	at org.elasticsearch.action.support.master.TransportMasterNodeOperationAction.doExecute(TransportMasterNodeOperationAction.java:86)
	at org.elasticsearch.action.support.master.TransportMasterNodeOperationAction.doExecute(TransportMasterNodeOperationAction.java:42)
	at org.elasticsearch.action.support.TransportAction.execute(TransportAction.java:61)
	at org.elasticsearch.client.node.NodeClusterAdminClient.execute(NodeClusterAdminClient.java:72)
	at org.elasticsearch.client.support.AbstractClusterAdminClient.health(AbstractClusterAdminClient.java:83)
	at org.elasticsearch.action.admin.cluster.health.ClusterHealthRequestBuilder.doExecute(ClusterHealthRequestBuilder.java:98)
	at org.elasticsearch.action.ActionRequestBuilder.execute(ActionRequestBuilder.java:62)
	at org.elasticsearch.action.ActionRequestBuilder.execute(ActionRequestBuilder.java:57)
	at org.elasticsearch.action.ActionRequestBuilder$execute.call(Unknown Source)
	at com.rackspace.search.elasticsearch.ElasticSearchServer.getHealthInformation(ElasticSearchServer.groovy:55)
	at com.rackspace.search.elasticsearch.ElasticSearchServer.getHealthStatus(ElasticSearchServer.groovy:51)
	at com.rackspace.search.elasticsearch.ElasticSearchServer.waitForYellowStatus(ElasticSearchServer.groovy:69)
	at com.rackspace.search.elasticsearch.ElasticSearchServer$waitForYellowStatus.call(Unknown Source)
	at com.rackspace.search.service.admin.CoreTicketOndemandSyncJob.setupJob(CoreTicketOndemandSyncJob.groovy:98)
	at sun.reflect.NativeMethodAccessorImpl.invoke0(Native Method)
	at sun.reflect.NativeMethodAccessorImpl.invoke(NativeMethodAccessorImpl.java:39)
	at sun.reflect.DelegatingMethodAccessorImpl.invoke(DelegatingMethodAccessorImpl.java:25)
	at java.lang.reflect.Method.invoke(Method.java:597)
	at org.codehaus.groovy.reflection.CachedMethod.invoke(CachedMethod.java:90)
	at groovy.lang.MetaMethod.doMethodInvoke(MetaMethod.java:233)
	at groovy.lang.MetaClassImpl.invokeMethod(MetaClassImpl.java:1085)
	at org.codehaus.groovy.runtime.ScriptBytecodeAdapter.invokeMethodOnCurrentN(ScriptBytecodeAdapter.java:78)
	at com.rackspace.search.service.admin.CoreTicketOndemandSyncJob.this$dist$invoke$1(CoreTicketOndemandSyncJob.groovy)
	at com.rackspace.search.service.admin.CoreTicketOndemandSyncJob$1.methodMissing(CoreTicketOndemandSyncJob.groovy)
	at sun.reflect.NativeMethodAccessorImpl.invoke0(Native Method)
	at sun.reflect.NativeMethodAccessorImpl.invoke(NativeMethodAccessorImpl.java:39)
	at sun.reflect.DelegatingMethodAccessorImpl.invoke(DelegatingMethodAccessorImpl.java:25)
	at java.lang.reflect.Method.invoke(Method.java:597)
	at org.codehaus.groovy.reflection.CachedMethod.invoke(CachedMethod.java:90)
	at groovy.lang.MetaClassImpl.invokeMissingMethod(MetaClassImpl.java:837)
	at groovy.lang.MetaClassImpl.invokePropertyOrMissing(MetaClassImpl.java:1134)
	at groovy.lang.MetaClassImpl.invokeMethod(MetaClassImpl.java:1087)
	at groovy.lang.MetaClassImpl.invokeMethod(MetaClassImpl.java:909)
	at org.codehaus.groovy.runtime.callsite.PogoMetaClassSite.callCurrent(PogoMetaClassSite.java:66)
	at org.codehaus.groovy.runtime.callsite.AbstractCallSite.callCurrent(AbstractCallSite.java:137)
	at com.rackspace.search.service.admin.CoreTicketOndemandSyncJob$1.run(CoreTicketOndemandSyncJob.groovy:82)
	at java.util.TimerThread.mainLoop(Timer.java:512)
	at java.util.TimerThread.run(Timer.java:462)
Exception in thread &quot;Timer-62&quot; org.elasticsearch.common.util.concurrent.EsRejectedExecutionException: rejected execution of [org.elasticsearch.action.support.master.TransportMasterNodeOperationAction$2]
	at org.elasticsearch.common.util.concurrent.EsAbortPolicy.rejectedExecution(EsAbortPolicy.java:35)
	at java.util.concurrent.ThreadPoolExecutor.reject(ThreadPoolExecutor.java:767)
	at java.util.concurrent.ThreadPoolExecutor.execute(ThreadPoolExecutor.java:658)
	at org.elasticsearch.action.support.master.TransportMasterNodeOperationAction.innerExecute(TransportMasterNodeOperationAction.java:132)
	at org.elasticsearch.action.support.master.TransportMasterNodeOperationAction.doExecute(TransportMasterNodeOperationAction.java:86)
	at org.elasticsearch.action.support.master.TransportMasterNodeOperationAction.doExecute(TransportMasterNodeOperationAction.java:42)
	at org.elasticsearch.action.support.TransportAction.execute(TransportAction.java:61)
	at org.elasticsearch.client.node.NodeClusterAdminClient.execute(NodeClusterAdminClient.java:72)
	at org.elasticsearch.client.support.AbstractClusterAdminClient.health(AbstractClusterAdminClient.java:83)
	at org.elasticsearch.action.admin.cluster.health.ClusterHealthRequestBuilder.doExecute(ClusterHealthRequestBuilder.java:98)
	at org.elasticsearch.action.ActionRequestBuilder.execute(ActionRequestBuilder.java:62)
	at org.elasticsearch.action.ActionRequestBuilder.execute(ActionRequestBuilder.java:57)
	at org.elasticsearch.action.ActionRequestBuilder$execute.call(Unknown Source)
	at com.rackspace.search.elasticsearch.ElasticSearchServer.getHealthInformation(ElasticSearchServer.groovy:55)
	at com.rackspace.search.elasticsearch.ElasticSearchServer.getHealthStatus(ElasticSearchServer.groovy:51)
	at com.rackspace.search.elasticsearch.ElasticSearchServer.waitForYellowStatus(ElasticSearchServer.groovy:69)
	at com.rackspace.search.elasticsearch.ElasticSearchServer$waitForYellowStatus.call(Unknown Source)
	at com.rackspace.search.service.core.CoreTicketSecondPassSyncJob.setupJob(CoreTicketSecondPassSyncJob.groovy:90)
	at com.rackspace.search.service.core.CoreTicketSecondPassSyncJob.this$2$setupJob(CoreTicketSecondPassSyncJob.groovy)
	at sun.reflect.NativeMethodAccessorImpl.invoke0(Native Method)
	at sun.reflect.NativeMethodAccessorImpl.invoke(NativeMethodAccessorImpl.java:39)
	at sun.reflect.DelegatingMethodAccessorImpl.invoke(DelegatingMethodAccessorImpl.java:25)
	at java.lang.reflect.Method.invoke(Method.java:597)
	at org.codehaus.groovy.reflection.CachedMethod.invoke(CachedMethod.java:90)
	at groovy.lang.MetaMethod.doMethodInvoke(MetaMethod.java:233)
	at groovy.lang.MetaClassImpl.invokeMethod(MetaClassImpl.java:1085)
	at org.codehaus.groovy.runtime.ScriptBytecodeAdapter.invokeMethodOnCurrentN(ScriptBytecodeAdapter.java:78)
	at com.rackspace.search.service.core.CoreTicketSecondPassSyncJob.this$dist$invoke$1(CoreTicketSecondPassSyncJob.groovy)
	at com.rackspace.search.service.core.CoreTicketSecondPassSyncJob$1.methodMissing(CoreTicketSecondPassSyncJob.groovy)
	at sun.reflect.NativeMethodAccessorImpl.invoke0(Native Method)
	at sun.reflect.NativeMethodAccessorImpl.invoke(NativeMethodAccessorImpl.java:39)
	at sun.reflect.DelegatingMethodAccessorImpl.invoke(DelegatingMethodAccessorImpl.java:25)
	at java.lang.reflect.Method.invoke(Method.java:597)
	at org.codehaus.groovy.reflection.CachedMethod.invoke(CachedMethod.java:90)
	at groovy.lang.MetaClassImpl.invokeMissingMethod(MetaClassImpl.java:837)
	at groovy.lang.MetaClassImpl.invokePropertyOrMissing(MetaClassImpl.java:1134)
	at groovy.lang.MetaClassImpl.invokeMethod(MetaClassImpl.java:1087)
	at groovy.lang.MetaClassImpl.invokeMethod(MetaClassImpl.java:909)
	at org.codehaus.groovy.runtime.callsite.PogoMetaClassSite.callCurrent(PogoMetaClassSite.java:66)
	at org.codehaus.groovy.runtime.callsite.AbstractCallSite.callCurrent(AbstractCallSite.java:137)
	at com.rackspace.search.service.core.CoreTicketSecondPassSyncJob$1.run(CoreTicketSecondPassSyncJob.groovy:74)
	at java.util.TimerThread.mainLoop(Timer.java:512)
	at java.util.TimerThread.run(Timer.java:462)
Exception in thread &quot;Timer-63&quot; org.elasticsearch.common.util.concurrent.EsRejectedExecutionException: rejected execution of [org.elasticsearch.action.support.master.TransportMasterNodeOperationAction$2]
	at org.elasticsearch.common.util.concurrent.EsAbortPolicy.rejectedExecution(EsAbortPolicy.java:35)
	at java.util.concurrent.ThreadPoolExecutor.reject(ThreadPoolExecutor.java:767)
	at java.util.concurrent.ThreadPoolExecutor.execute(ThreadPoolExecutor.java:658)
	at org.elasticsearch.action.support.master.TransportMasterNodeOperationAction.innerExecute(TransportMasterNodeOperationAction.java:132)
	at org.elasticsearch.action.support.master.TransportMasterNodeOperationAction.doExecute(TransportMasterNodeOperationAction.java:86)
	at org.elasticsearch.action.support.master.TransportMasterNodeOperationAction.doExecute(TransportMasterNodeOperationAction.java:42)
	at org.elasticsearch.action.support.TransportAction.execute(TransportAction.java:61)
	at org.elasticsearch.client.node.NodeClusterAdminClient.execute(NodeClusterAdminClient.java:72)
	at org.elasticsearch.client.support.AbstractClusterAdminClient.health(AbstractClusterAdminClient.java:83)
	at org.elasticsearch.action.admin.cluster.health.ClusterHealthRequestBuilder.doExecute(ClusterHealthRequestBuilder.java:98)
	at org.elasticsearch.action.ActionRequestBuilder.execute(ActionRequestBuilder.java:62)
	at org.elasticsearch.action.ActionRequestBuilder.execute(ActionRequestBuilder.java:57)
	at org.elasticsearch.action.ActionRequestBuilder$execute.call(Unknown Source)
	at com.rackspace.search.elasticsearch.ElasticSearchServer.getHealthInformation(ElasticSearchServer.groovy:55)
	at com.rackspace.search.elasticsearch.ElasticSearchServer.getHealthStatus(ElasticSearchServer.groovy:51)
	at com.rackspace.search.elasticsearch.ElasticSearchServer.waitForYellowStatus(ElasticSearchServer.groovy:69)
	at com.rackspace.search.elasticsearch.ElasticSearchServer$waitForYellowStatus.call(Unknown Source)
	at com.rackspace.search.service.account.CoreAccountUpdateSyncJob.setupJob(CoreAccountUpdateSyncJob.groovy:95)
	at com.rackspace.search.service.account.CoreAccountUpdateSyncJob.this$2$setupJob(CoreAccountUpdateSyncJob.groovy)
	at sun.reflect.NativeMethodAccessorImpl.invoke0(Native Method)
	at sun.reflect.NativeMethodAccessorImpl.invoke(NativeMethodAccessorImpl.java:39)
	at sun.reflect.DelegatingMethodAccessorImpl.invoke(DelegatingMethodAccessorImpl.java:25)
	at java.lang.reflect.Method.invoke(Method.java:597)
	at org.codehaus.groovy.reflection.CachedMethod.invoke(CachedMethod.java:90)
	at groovy.lang.MetaMethod.doMethodInvoke(MetaMethod.java:233)
	at groovy.lang.MetaClassImpl.invokeMethod(MetaClassImpl.java:1085)
	at org.codehaus.groovy.runtime.ScriptBytecodeAdapter.invokeMethodOnCurrentN(ScriptBytecodeAdapter.java:78)
	at com.rackspace.search.service.account.CoreAccountUpdateSyncJob.this$dist$invoke$1(CoreAccountUpdateSyncJob.groovy)
	at com.rackspace.search.service.account.CoreAccountUpdateSyncJob$1.methodMissing(CoreAccountUpdateSyncJob.groovy)
	at sun.reflect.NativeMethodAccessorImpl.invoke0(Native Method)
	at sun.reflect.NativeMethodAccessorImpl.invoke(NativeMethodAccessorImpl.java:39)
	at sun.reflect.DelegatingMethodAccessorImpl.invoke(DelegatingMethodAccessorImpl.java:25)
	at java.lang.reflect.Method.invoke(Method.java:597)
	at org.codehaus.groovy.reflection.CachedMethod.invoke(CachedMethod.java:90)
	at groovy.lang.MetaClassImpl.invokeMissingMethod(MetaClassImpl.java:837)
	at groovy.lang.MetaClassImpl.invokePropertyOrMissing(MetaClassImpl.java:1134)
	at groovy.lang.MetaClassImpl.invokeMethod(MetaClassImpl.java:1087)
	at groovy.lang.MetaClassImpl.invokeMethod(MetaClassImpl.java:909)
	at org.codehaus.groovy.runtime.callsite.PogoMetaClassSite.callCurrent(PogoMetaClassSite.java:66)
	at org.codehaus.groovy.runtime.callsite.AbstractCallSite.callCurrent(AbstractCallSite.java:137)
	at com.rackspace.search.service.account.CoreAccountUpdateSyncJob$1.run(CoreAccountUpdateSyncJob.groovy:78)
	at java.util.TimerThread.mainLoop(Timer.java:512)
	at java.util.TimerThread.run(Timer.java:462)
Exception in thread &quot;Timer-64&quot; org.elasticsearch.common.util.concurrent.EsRejectedExecutionException: rejected execution of [org.elasticsearch.action.support.master.TransportMasterNodeOperationAction$2]
	at org.elasticsearch.common.util.concurrent.EsAbortPolicy.rejectedExecution(EsAbortPolicy.java:35)
	at java.util.concurrent.ThreadPoolExecutor.reject(ThreadPoolExecutor.java:767)
	at java.util.concurrent.ThreadPoolExecutor.execute(ThreadPoolExecutor.java:658)
	at org.elasticsearch.action.support.master.TransportMasterNodeOperationAction.innerExecute(TransportMasterNodeOperationAction.java:132)
	at org.elasticsearch.action.support.master.TransportMasterNodeOperationAction.doExecute(TransportMasterNodeOperationAction.java:86)
	at org.elasticsearch.action.support.master.TransportMasterNodeOperationAction.doExecute(TransportMasterNodeOperationAction.java:42)
	at org.elasticsearch.action.support.TransportAction.execute(TransportAction.java:61)
	at org.elasticsearch.client.node.NodeClusterAdminClient.execute(NodeClusterAdminClient.java:72)
	at org.elasticsearch.client.support.AbstractClusterAdminClient.health(AbstractClusterAdminClient.java:83)
	at org.elasticsearch.action.admin.cluster.health.ClusterHealthRequestBuilder.doExecute(ClusterHealthRequestBuilder.java:98)
	at org.elasticsearch.action.ActionRequestBuilder.execute(ActionRequestBuilder.java:62)
	at org.elasticsearch.action.ActionRequestBuilder.execute(ActionRequestBuilder.java:57)
	at org.elasticsearch.action.ActionRequestBuilder$execute.call(Unknown Source)
	at com.rackspace.search.elasticsearch.ElasticSearchServer.getHealthInformation(ElasticSearchServer.groovy:55)
	at com.rackspace.search.elasticsearch.ElasticSearchServer.getHealthStatus(ElasticSearchServer.groovy:51)
	at com.rackspace.search.elasticsearch.ElasticSearchServer.waitForYellowStatus(ElasticSearchServer.groovy:69)
	at com.rackspace.search.elasticsearch.ElasticSearchServer$waitForYellowStatus.call(Unknown Source)
	at com.rackspace.search.service.admin.AccountOndemandSyncJob.setupJob(AccountOndemandSyncJob.groovy:126)
	at sun.reflect.NativeMethodAccessorImpl.invoke0(Native Method)
	at sun.reflect.NativeMethodAccessorImpl.invoke(NativeMethodAccessorImpl.java:39)
	at sun.reflect.DelegatingMethodAccessorImpl.invoke(DelegatingMethodAccessorImpl.java:25)
	at java.lang.reflect.Method.invoke(Method.java:597)
	at org.codehaus.groovy.reflection.CachedMethod.invoke(CachedMethod.java:90)
	at groovy.lang.MetaMethod.doMethodInvoke(MetaMethod.java:233)
	at groovy.lang.MetaClassImpl.invokeMethod(MetaClassImpl.java:1085)
	at org.codehaus.groovy.runtime.ScriptBytecodeAdapter.invokeMethodOnCurrentN(ScriptBytecodeAdapter.java:78)
	at com.rackspace.search.service.admin.AccountOndemandSyncJob.this$dist$invoke$1(AccountOndemandSyncJob.groovy)
	at com.rackspace.search.service.admin.AccountOndemandSyncJob$1.methodMissing(AccountOndemandSyncJob.groovy)
	at sun.reflect.NativeMethodAccessorImpl.invoke0(Native Method)
	at sun.reflect.NativeMethodAccessorImpl.invoke(NativeMethodAccessorImpl.java:39)
	at sun.reflect.DelegatingMethodAccessorImpl.invoke(DelegatingMethodAccessorImpl.java:25)
	at java.lang.reflect.Method.invoke(Method.java:597)
	at org.codehaus.groovy.reflection.CachedMethod.invoke(CachedMethod.java:90)
	at groovy.lang.MetaClassImpl.invokeMissingMethod(MetaClassImpl.java:837)
	at groovy.lang.MetaClassImpl.invokePropertyOrMissing(MetaClassImpl.java:1134)
	at groovy.lang.MetaClassImpl.invokeMethod(MetaClassImpl.java:1087)
	at groovy.lang.MetaClassImpl.invokeMethod(MetaClassImpl.java:909)
	at org.codehaus.groovy.runtime.callsite.PogoMetaClassSite.callCurrent(PogoMetaClassSite.java:66)
	at org.codehaus.groovy.runtime.callsite.AbstractCallSite.callCurrent(AbstractCallSite.java:137)
	at com.rackspace.search.service.admin.AccountOndemandSyncJob$1.run(AccountOndemandSyncJob.groovy:110)
	at java.util.TimerThread.mainLoop(Timer.java:512)
	at java.util.TimerThread.run(Timer.java:462)
</stderr>
          <failedSince>7</failedSince>
        </case>
        <case>
          <duration>4.723</duration>
          <className>com.rackspace.search.elasticsearch.client.ElasticSearchClientTest</className>
          <testName>test search tickets for string filed user with single &amp; multiple values and negation</testName>
          <skipped>false</skipped>
          <errorStackTrace>java.lang.NullPointerException: Cannot invoke method getClient() on null object
	at com.rackspace.search.elasticsearch.client.ElasticSearchClientTest.cleanup(ElasticSearchClientTest.groovy:92)
</errorStackTrace>
          <errorDetails>Cannot invoke method getClient() on null object</errorDetails>
          <failedSince>7</failedSince>
        </case>
        <case>
          <duration>5.23</duration>
          <className>com.rackspace.search.elasticsearch.client.ElasticSearchClientTest</className>
          <testName>test search tickets with a range filter and negated range filter</testName>
          <skipped>false</skipped>
          <errorStackTrace>java.lang.IllegalStateException: Failed to load ApplicationContext
	at org.springframework.test.context.TestContext.getApplicationContext(TestContext.java:308)
	at org.springframework.test.context.support.DependencyInjectionTestExecutionListener.injectDependencies(DependencyInjectionTestExecutionListener.java:109)
	at org.springframework.test.context.support.DependencyInjectionTestExecutionListener.prepareTestInstance(DependencyInjectionTestExecutionListener.java:75)
	at org.springframework.test.context.TestContextManager.prepareTestInstance(TestContextManager.java:321)
	at org.spockframework.spring.SpringTestContextManager.prepareTestInstance(SpringTestContextManager.java:49)
	at org.spockframework.spring.SpringInterceptor.interceptSetupMethod(SpringInterceptor.java:42)
	at org.spockframework.runtime.extension.AbstractMethodInterceptor.intercept(AbstractMethodInterceptor.java:28)
	at org.spockframework.runtime.extension.MethodInvocation.proceed(MethodInvocation.java:84)
	at org.spockframework.util.ReflectionUtil.invokeMethod(ReflectionUtil.java:138)
	at org.spockframework.util.ReflectionUtil.invokeMethod(ReflectionUtil.java:138)
	at org.spockframework.util.ReflectionUtil.invokeMethod(ReflectionUtil.java:138)
	at org.apache.maven.surefire.junit4.JUnit4TestSet.execute(JUnit4TestSet.java:53)
	at org.apache.maven.surefire.junit4.JUnit4Provider.executeTestSet(JUnit4Provider.java:123)
	at org.apache.maven.surefire.junit4.JUnit4Provider.invoke(JUnit4Provider.java:104)
	at org.apache.maven.surefire.util.ReflectionUtils.invokeMethodWithArray(ReflectionUtils.java:164)
	at org.apache.maven.surefire.booter.ProviderFactory$ProviderProxy.invoke(ProviderFactory.java:110)
	at org.apache.maven.surefire.booter.SurefireStarter.invokeProvider(SurefireStarter.java:175)
	at org.apache.maven.surefire.booter.SurefireStarter.runSuitesInProcessWhenForked(SurefireStarter.java:107)
	at org.apache.maven.surefire.booter.ForkedBooter.main(ForkedBooter.java:68)
Caused by: org.springframework.beans.factory.BeanCreationException: Error creating bean with name &apos;jobResource&apos;: Injection of autowired dependencies failed; nested exception is org.springframework.beans.factory.BeanCreationException: Could not autowire field: private com.rackspace.search.service.zendesk.ZendeskTicketOngoingSyncJob com.rackspace.search.endpoint.JobResource.zendeskTicketOngoingSyncJob; nested exception is org.springframework.beans.factory.BeanCreationException: Error creating bean with name &apos;zendeskTicketOngoingSyncJob&apos;: Injection of autowired dependencies failed; nested exception is org.springframework.beans.factory.BeanCreationException: Could not autowire field: private com.rackspace.search.service.zendesk.ZendeskTicketOngoingSyncActor com.rackspace.search.service.zendesk.ZendeskTicketOngoingSyncJob.ticketActor; nested exception is org.springframework.beans.factory.BeanCreationException: Error creating bean with name &apos;zendeskTicketOngoingSyncActor&apos;: Injection of autowired dependencies failed; nested exception is org.springframework.beans.factory.BeanCreationException: Could not autowire field: private com.rackspace.search.service.zendesk.ZendeskTicketProcessor com.rackspace.search.service.zendesk.ZendeskTicketOngoingSyncActor.zendeskTicketProcessor; nested exception is org.springframework.beans.factory.BeanCreationException: Error creating bean with name &apos;zendeskTicketProcessor&apos;: Injection of autowired dependencies failed; nested exception is org.springframework.beans.factory.BeanCreationException: Could not autowire field: private java.lang.Object com.rackspace.search.service.zendesk.ZendeskTicketProcessor.zendeskIndexName; nested exception is java.lang.IllegalArgumentException: Could not resolve placeholder &apos;zendesk.index.name&apos;
	at org.springframework.beans.factory.annotation.AutowiredAnnotationBeanPostProcessor.postProcessPropertyValues(AutowiredAnnotationBeanPostProcessor.java:288)
	at org.springframework.beans.factory.support.AbstractAutowireCapableBeanFactory.populateBean(AbstractAutowireCapableBeanFactory.java:1074)
	at org.springframework.beans.factory.support.AbstractAutowireCapableBeanFactory.doCreateBean(AbstractAutowireCapableBeanFactory.java:517)
	at org.springframework.beans.factory.support.AbstractAutowireCapableBeanFactory.createBean(AbstractAutowireCapableBeanFactory.java:456)
	at org.springframework.beans.factory.support.AbstractBeanFactory$1.getObject(AbstractBeanFactory.java:293)
	at org.springframework.beans.factory.support.DefaultSingletonBeanRegistry.getSingleton(DefaultSingletonBeanRegistry.java:222)
	at org.springframework.beans.factory.support.AbstractBeanFactory.doGetBean(AbstractBeanFactory.java:290)
	at org.springframework.beans.factory.support.AbstractBeanFactory.getBean(AbstractBeanFactory.java:192)
	at org.springframework.beans.factory.support.DefaultListableBeanFactory.preInstantiateSingletons(DefaultListableBeanFactory.java:585)
	at org.springframework.context.support.AbstractApplicationContext.finishBeanFactoryInitialization(AbstractApplicationContext.java:895)
	at org.springframework.context.support.AbstractApplicationContext.refresh(AbstractApplicationContext.java:425)
	at org.springframework.test.context.support.AbstractGenericContextLoader.loadContext(AbstractGenericContextLoader.java:84)
	at org.springframework.test.context.support.AbstractGenericContextLoader.loadContext(AbstractGenericContextLoader.java:1)
	at org.springframework.test.context.TestContext.loadApplicationContext(TestContext.java:280)
	at org.springframework.test.context.TestContext.getApplicationContext(TestContext.java:304)
	... 18 more
Caused by: org.springframework.beans.factory.BeanCreationException: Could not autowire field: private com.rackspace.search.service.zendesk.ZendeskTicketOngoingSyncJob com.rackspace.search.endpoint.JobResource.zendeskTicketOngoingSyncJob; nested exception is org.springframework.beans.factory.BeanCreationException: Error creating bean with name &apos;zendeskTicketOngoingSyncJob&apos;: Injection of autowired dependencies failed; nested exception is org.springframework.beans.factory.BeanCreationException: Could not autowire field: private com.rackspace.search.service.zendesk.ZendeskTicketOngoingSyncActor com.rackspace.search.service.zendesk.ZendeskTicketOngoingSyncJob.ticketActor; nested exception is org.springframework.beans.factory.BeanCreationException: Error creating bean with name &apos;zendeskTicketOngoingSyncActor&apos;: Injection of autowired dependencies failed; nested exception is org.springframework.beans.factory.BeanCreationException: Could not autowire field: private com.rackspace.search.service.zendesk.ZendeskTicketProcessor com.rackspace.search.service.zendesk.ZendeskTicketOngoingSyncActor.zendeskTicketProcessor; nested exception is org.springframework.beans.factory.BeanCreationException: Error creating bean with name &apos;zendeskTicketProcessor&apos;: Injection of autowired dependencies failed; nested exception is org.springframework.beans.factory.BeanCreationException: Could not autowire field: private java.lang.Object com.rackspace.search.service.zendesk.ZendeskTicketProcessor.zendeskIndexName; nested exception is java.lang.IllegalArgumentException: Could not resolve placeholder &apos;zendesk.index.name&apos;
	at org.springframework.beans.factory.annotation.AutowiredAnnotationBeanPostProcessor$AutowiredFieldElement.inject(AutowiredAnnotationBeanPostProcessor.java:508)
	at org.springframework.beans.factory.annotation.InjectionMetadata.inject(InjectionMetadata.java:84)
	at org.springframework.beans.factory.annotation.AutowiredAnnotationBeanPostProcessor.postProcessPropertyValues(AutowiredAnnotationBeanPostProcessor.java:285)
	... 32 more
Caused by: org.springframework.beans.factory.BeanCreationException: Error creating bean with name &apos;zendeskTicketOngoingSyncJob&apos;: Injection of autowired dependencies failed; nested exception is org.springframework.beans.factory.BeanCreationException: Could not autowire field: private com.rackspace.search.service.zendesk.ZendeskTicketOngoingSyncActor com.rackspace.search.service.zendesk.ZendeskTicketOngoingSyncJob.ticketActor; nested exception is org.springframework.beans.factory.BeanCreationException: Error creating bean with name &apos;zendeskTicketOngoingSyncActor&apos;: Injection of autowired dependencies failed; nested exception is org.springframework.beans.factory.BeanCreationException: Could not autowire field: private com.rackspace.search.service.zendesk.ZendeskTicketProcessor com.rackspace.search.service.zendesk.ZendeskTicketOngoingSyncActor.zendeskTicketProcessor; nested exception is org.springframework.beans.factory.BeanCreationException: Error creating bean with name &apos;zendeskTicketProcessor&apos;: Injection of autowired dependencies failed; nested exception is org.springframework.beans.factory.BeanCreationException: Could not autowire field: private java.lang.Object com.rackspace.search.service.zendesk.ZendeskTicketProcessor.zendeskIndexName; nested exception is java.lang.IllegalArgumentException: Could not resolve placeholder &apos;zendesk.index.name&apos;
	at org.springframework.beans.factory.annotation.AutowiredAnnotationBeanPostProcessor.postProcessPropertyValues(AutowiredAnnotationBeanPostProcessor.java:288)
	at org.springframework.beans.factory.support.AbstractAutowireCapableBeanFactory.populateBean(AbstractAutowireCapableBeanFactory.java:1074)
	at org.springframework.beans.factory.support.AbstractAutowireCapableBeanFactory.doCreateBean(AbstractAutowireCapableBeanFactory.java:517)
	at org.springframework.beans.factory.support.AbstractAutowireCapableBeanFactory.createBean(AbstractAutowireCapableBeanFactory.java:456)
	at org.springframework.beans.factory.support.AbstractBeanFactory$1.getObject(AbstractBeanFactory.java:293)
	at org.springframework.beans.factory.support.DefaultSingletonBeanRegistry.getSingleton(DefaultSingletonBeanRegistry.java:222)
	at org.springframework.beans.factory.support.AbstractBeanFactory.doGetBean(AbstractBeanFactory.java:290)
	at org.springframework.beans.factory.support.AbstractBeanFactory.getBean(AbstractBeanFactory.java:192)
	at org.springframework.beans.factory.support.DefaultListableBeanFactory.findAutowireCandidates(DefaultListableBeanFactory.java:848)
	at org.springframework.beans.factory.support.DefaultListableBeanFactory.doResolveDependency(DefaultListableBeanFactory.java:790)
	at org.springframework.beans.factory.support.DefaultListableBeanFactory.resolveDependency(DefaultListableBeanFactory.java:707)
	at org.springframework.beans.factory.annotation.AutowiredAnnotationBeanPostProcessor$AutowiredFieldElement.inject(AutowiredAnnotationBeanPostProcessor.java:480)
	... 34 more
Caused by: org.springframework.beans.factory.BeanCreationException: Could not autowire field: private com.rackspace.search.service.zendesk.ZendeskTicketOngoingSyncActor com.rackspace.search.service.zendesk.ZendeskTicketOngoingSyncJob.ticketActor; nested exception is org.springframework.beans.factory.BeanCreationException: Error creating bean with name &apos;zendeskTicketOngoingSyncActor&apos;: Injection of autowired dependencies failed; nested exception is org.springframework.beans.factory.BeanCreationException: Could not autowire field: private com.rackspace.search.service.zendesk.ZendeskTicketProcessor com.rackspace.search.service.zendesk.ZendeskTicketOngoingSyncActor.zendeskTicketProcessor; nested exception is org.springframework.beans.factory.BeanCreationException: Error creating bean with name &apos;zendeskTicketProcessor&apos;: Injection of autowired dependencies failed; nested exception is org.springframework.beans.factory.BeanCreationException: Could not autowire field: private java.lang.Object com.rackspace.search.service.zendesk.ZendeskTicketProcessor.zendeskIndexName; nested exception is java.lang.IllegalArgumentException: Could not resolve placeholder &apos;zendesk.index.name&apos;
	at org.springframework.beans.factory.annotation.AutowiredAnnotationBeanPostProcessor$AutowiredFieldElement.inject(AutowiredAnnotationBeanPostProcessor.java:508)
	at org.springframework.beans.factory.annotation.InjectionMetadata.inject(InjectionMetadata.java:84)
	at org.springframework.beans.factory.annotation.AutowiredAnnotationBeanPostProcessor.postProcessPropertyValues(AutowiredAnnotationBeanPostProcessor.java:285)
	... 45 more
Caused by: org.springframework.beans.factory.BeanCreationException: Error creating bean with name &apos;zendeskTicketOngoingSyncActor&apos;: Injection of autowired dependencies failed; nested exception is org.springframework.beans.factory.BeanCreationException: Could not autowire field: private com.rackspace.search.service.zendesk.ZendeskTicketProcessor com.rackspace.search.service.zendesk.ZendeskTicketOngoingSyncActor.zendeskTicketProcessor; nested exception is org.springframework.beans.factory.BeanCreationException: Error creating bean with name &apos;zendeskTicketProcessor&apos;: Injection of autowired dependencies failed; nested exception is org.springframework.beans.factory.BeanCreationException: Could not autowire field: private java.lang.Object com.rackspace.search.service.zendesk.ZendeskTicketProcessor.zendeskIndexName; nested exception is java.lang.IllegalArgumentException: Could not resolve placeholder &apos;zendesk.index.name&apos;
	at org.springframework.beans.factory.annotation.AutowiredAnnotationBeanPostProcessor.postProcessPropertyValues(AutowiredAnnotationBeanPostProcessor.java:288)
	at org.springframework.beans.factory.support.AbstractAutowireCapableBeanFactory.populateBean(AbstractAutowireCapableBeanFactory.java:1074)
	at org.springframework.beans.factory.support.AbstractAutowireCapableBeanFactory.doCreateBean(AbstractAutowireCapableBeanFactory.java:517)
	at org.springframework.beans.factory.support.AbstractAutowireCapableBeanFactory.createBean(AbstractAutowireCapableBeanFactory.java:456)
	at org.springframework.beans.factory.support.AbstractBeanFactory$1.getObject(AbstractBeanFactory.java:293)
	at org.springframework.beans.factory.support.DefaultSingletonBeanRegistry.getSingleton(DefaultSingletonBeanRegistry.java:222)
	at org.springframework.beans.factory.support.AbstractBeanFactory.doGetBean(AbstractBeanFactory.java:290)
	at org.springframework.beans.factory.support.AbstractBeanFactory.getBean(AbstractBeanFactory.java:192)
	at org.springframework.beans.factory.support.DefaultListableBeanFactory.findAutowireCandidates(DefaultListableBeanFactory.java:848)
	at org.springframework.beans.factory.support.DefaultListableBeanFactory.doResolveDependency(DefaultListableBeanFactory.java:790)
	at org.springframework.beans.factory.support.DefaultListableBeanFactory.resolveDependency(DefaultListableBeanFactory.java:707)
	at org.springframework.beans.factory.annotation.AutowiredAnnotationBeanPostProcessor$AutowiredFieldElement.inject(AutowiredAnnotationBeanPostProcessor.java:480)
	... 47 more
Caused by: org.springframework.beans.factory.BeanCreationException: Could not autowire field: private com.rackspace.search.service.zendesk.ZendeskTicketProcessor com.rackspace.search.service.zendesk.ZendeskTicketOngoingSyncActor.zendeskTicketProcessor; nested exception is org.springframework.beans.factory.BeanCreationException: Error creating bean with name &apos;zendeskTicketProcessor&apos;: Injection of autowired dependencies failed; nested exception is org.springframework.beans.factory.BeanCreationException: Could not autowire field: private java.lang.Object com.rackspace.search.service.zendesk.ZendeskTicketProcessor.zendeskIndexName; nested exception is java.lang.IllegalArgumentException: Could not resolve placeholder &apos;zendesk.index.name&apos;
	at org.springframework.beans.factory.annotation.AutowiredAnnotationBeanPostProcessor$AutowiredFieldElement.inject(AutowiredAnnotationBeanPostProcessor.java:508)
	at org.springframework.beans.factory.annotation.InjectionMetadata.inject(InjectionMetadata.java:84)
	at org.springframework.beans.factory.annotation.AutowiredAnnotationBeanPostProcessor.postProcessPropertyValues(AutowiredAnnotationBeanPostProcessor.java:285)
	... 58 more
Caused by: org.springframework.beans.factory.BeanCreationException: Error creating bean with name &apos;zendeskTicketProcessor&apos;: Injection of autowired dependencies failed; nested exception is org.springframework.beans.factory.BeanCreationException: Could not autowire field: private java.lang.Object com.rackspace.search.service.zendesk.ZendeskTicketProcessor.zendeskIndexName; nested exception is java.lang.IllegalArgumentException: Could not resolve placeholder &apos;zendesk.index.name&apos;
	at org.springframework.beans.factory.annotation.AutowiredAnnotationBeanPostProcessor.postProcessPropertyValues(AutowiredAnnotationBeanPostProcessor.java:288)
	at org.springframework.beans.factory.support.AbstractAutowireCapableBeanFactory.populateBean(AbstractAutowireCapableBeanFactory.java:1074)
	at org.springframework.beans.factory.support.AbstractAutowireCapableBeanFactory.doCreateBean(AbstractAutowireCapableBeanFactory.java:517)
	at org.springframework.beans.factory.support.AbstractAutowireCapableBeanFactory.createBean(AbstractAutowireCapableBeanFactory.java:456)
	at org.springframework.beans.factory.support.AbstractBeanFactory$1.getObject(AbstractBeanFactory.java:293)
	at org.springframework.beans.factory.support.DefaultSingletonBeanRegistry.getSingleton(DefaultSingletonBeanRegistry.java:222)
	at org.springframework.beans.factory.support.AbstractBeanFactory.doGetBean(AbstractBeanFactory.java:290)
	at org.springframework.beans.factory.support.AbstractBeanFactory.getBean(AbstractBeanFactory.java:192)
	at org.springframework.beans.factory.support.DefaultListableBeanFactory.findAutowireCandidates(DefaultListableBeanFactory.java:848)
	at org.springframework.beans.factory.support.DefaultListableBeanFactory.doResolveDependency(DefaultListableBeanFactory.java:790)
	at org.springframework.beans.factory.support.DefaultListableBeanFactory.resolveDependency(DefaultListableBeanFactory.java:707)
	at org.springframework.beans.factory.annotation.AutowiredAnnotationBeanPostProcessor$AutowiredFieldElement.inject(AutowiredAnnotationBeanPostProcessor.java:480)
	... 60 more
Caused by: org.springframework.beans.factory.BeanCreationException: Could not autowire field: private java.lang.Object com.rackspace.search.service.zendesk.ZendeskTicketProcessor.zendeskIndexName; nested exception is java.lang.IllegalArgumentException: Could not resolve placeholder &apos;zendesk.index.name&apos;
	at org.springframework.beans.factory.annotation.AutowiredAnnotationBeanPostProcessor$AutowiredFieldElement.inject(AutowiredAnnotationBeanPostProcessor.java:508)
	at org.springframework.beans.factory.annotation.InjectionMetadata.inject(InjectionMetadata.java:84)
	at org.springframework.beans.factory.annotation.AutowiredAnnotationBeanPostProcessor.postProcessPropertyValues(AutowiredAnnotationBeanPostProcessor.java:285)
	... 71 more
Caused by: java.lang.IllegalArgumentException: Could not resolve placeholder &apos;zendesk.index.name&apos;
	at org.springframework.util.PropertyPlaceholderHelper.parseStringValue(PropertyPlaceholderHelper.java:173)
	at org.springframework.util.PropertyPlaceholderHelper.replacePlaceholders(PropertyPlaceholderHelper.java:125)
	at org.springframework.beans.factory.config.PropertyPlaceholderConfigurer$PlaceholderResolvingStringValueResolver.resolveStringValue(PropertyPlaceholderConfigurer.java:403)
	at org.springframework.beans.factory.support.AbstractBeanFactory.resolveEmbeddedValue(AbstractBeanFactory.java:747)
	at org.springframework.beans.factory.support.DefaultListableBeanFactory.doResolveDependency(DefaultListableBeanFactory.java:717)
	at org.springframework.beans.factory.support.DefaultListableBeanFactory.resolveDependency(DefaultListableBeanFactory.java:707)
	at org.springframework.beans.factory.annotation.AutowiredAnnotationBeanPostProcessor$AutowiredFieldElement.inject(AutowiredAnnotationBeanPostProcessor.java:480)
	... 73 more
</errorStackTrace>
          <errorDetails>Failed to load ApplicationContext</errorDetails>
          <stdout>22:05:19.935 [main] INFO  c.r.s.common.property.PropertyProvider - Loading properties file from file [/var/lib/jenkins/jobs/Samatha Fork/workspace/service/target/properties/local/search.properties]
22:05:19.936 [main] INFO  c.r.s.common.property.PropertyProvider - Loading properties file from file [/var/lib/jenkins/jobs/Samatha Fork/workspace/service/target/properties/local/search.secrets.properties]
22:05:19.937 [main] INFO  c.r.s.common.property.PropertyProvider - Loading properties file from file [/var/lib/jenkins/jobs/Samatha Fork/workspace/service/target/properties/local/elasticsearch.properties]
22:05:19.955 [main] INFO  c.r.s.elasticsearch.ElasticSearchServer - Starting the Elastic Search server node:
22:05:19.958 [main] INFO  org.elasticsearch.node - [ticket.node] {0.90.2}[25471]: initializing ...
22:05:19.959 [main] INFO  org.elasticsearch.plugins - [ticket.node] loaded [action-updatebyquery], sites []
22:05:21.160 [main] INFO  org.elasticsearch.node - [ticket.node] {0.90.2}[25471]: initialized
22:05:21.161 [main] INFO  c.r.s.elasticsearch.ElasticSearchServer - Starting the Elastic Search server node with these settings:
22:05:21.163 [main] INFO  c.r.s.elasticsearch.ElasticSearchServer - Elasticsearch Settings :  [elastic.config.path:/var/lib/jenkins/jobs/Samatha Fork/workspace/service/target/properties/local/elasticsearch, path.data:/var/lib/jenkins/jobs/Samatha Fork/workspace/service/target/elasticsearch/data, cluster.name:ticket.cluster, ticket.search.allowedNestedParams:account.contacts.name,account.contacts.role,account.contacts.sso, core.secondpass.lookbacktime.minutes:15, http.connection.timeout.in.milliseconds:65000, index.analysis.analyzer.search_standard.type:standard, cluster.health.check.wait.time.seconds:120, path.conf:/var/lib/jenkins/jobs/Samatha Fork/workspace/service/target/properties/local/elasticsearch, syncRequest.max.documents.size:250, ticket.ongoingsync.delay.seconds:2, core.account.caching.enabled:true, path.logs:/var/lib/jenkins/jobs/Samatha Fork/workspace/service/target/elasticsearch/logs, http.enabled:true, ticket.document.idName:number, core.api.endpoint:https://ws.integration.core.rackspace.com/ctkapi, transport.tcp.compress:true, account.highprofile.name:HIGH_PROFILE, core.ongoingsync.loopback.time.seconds:120, account.cache.expiration.time.minutes:120, account.api.username:hybrid_ui, ticket.index.name:ticket, admin.index.name:admin, default.page.size:100, indices.structure:/indices_structure.json, account.filter.necessary.updates:true, index.store.fs.memory.enabled:false, index.number_of_shards:5, syncRequest.search.allowedRangeParams:createdAt,lastRunAt,documentLastUpdatedTimestamp, admin.document.type:syncJob, node.data:true, max.page.size:500, node.name:ticket.node, ticket.core.date.timezone:CST, ticket.search.allowedRangeParams:createdAt,updatedAt,lastPublicCommentDate,updateEventDate,documentLastUpdatedTimestamp, account.document.type:account, core.driver.class:org.postgresql.Driver, ticket.cache.expiration.time.minutes:120, core.api.username:rcameron, syncRequest.document.idName:id, discovery.zen.ping.multicast.enabled:false, core.db.url:jdbc:postgresql://integration.db.core.rackspace.com:5432/core_dev, account.update.tickets.pageSize:250, core.account.updates.enabled:true, account.document.versionParam:updatedAt, index.analysis.analyzer.search_standard.filter:[lowercase], bootstrap.mlockall:true, ticket.core.dateformat:yyyy-MM-dd HH:mm:ss, coreaccount.document.type:coreaccount, coreticket.onetimesync.usedb:true, node.master:true, coreaccount.document.idName:id, syncRequest.document.type:syncRequest, core.account.filter.necessary.updates:true, index.number_of_replicas:0, account.api.events.path:v1.0/accounts/events.atom, account.index.name:account, ticket.document.versionParam:updateEventDate, ticket.core.dateformat.with.millis:yyyy-MM-dd HH:mm:ss.SSSSSS, core.account.cache.expiration.time.minutes:120, ticket.document.type:ticket, account.caching.enabled:true, coreaccount.document.versionParam:updatedAt, ticket.caching.enabled:true, admin.document.idName:name, syncRequest.search.allowedTermParams:documentType,status,createdAt,lastRunAt,documentLastUpdatedTimestamp, core.secondpass.enabled:true, account.api.accounts.path:v1.0/accounts, cluster.routing.allocation.awareness.attributes:machine, facets.display.count:100, core.db.username:usq_read, node.machine:ticket.node, syncRequest.index.name:admin, ticket.search.allowedTermParams:sourceSystem,number,createdAt,updatedAt,updateEventDate,lastPublicCommentDate,status,queue.name,category,categoryObj.name,categoryObj.id,priority,assignee.name,hasWindowsServers,hasLinuxServers,severityName,assignee.sso,queue.id,accountServiceLevel,accountTeamTerritoryCode,account.serviceLevel,account.teamTerritoryCode,statusTypes,account.team,account.id,account.rcn,account.status,account.highProfile,documentLastUpdatedTimestamp,account.teamSegment,submitter.name,submitter.sso,account.contacts.name,account.contacts.role,account.contacts.sso,subCategoryObj.name,subCategoryObj.id,assignee.id,submitter.id, use.updateByQueryPlugin:false, account.api.endpoint:https://test.account.api.rackspace.com/, updated.timestamp.field.name:documentLastUpdatedTimestamp, ticket.elastic.dateformat:yyyy-MM-dd&apos;T&apos;HH:mm:ss.SSSZ, action.auto_create_index:1, account.document.idName:id, name:ticket.node] 
22:05:21.168 [main] INFO  org.elasticsearch.node - [ticket.node] {0.90.2}[25471]: starting ...
22:05:21.175 [main] INFO  org.elasticsearch.transport - [ticket.node] bound_address {inet[/0:0:0:0:0:0:0:0:9300]}, publish_address {inet[/10.14.208.252:9300]}
22:05:24.195 [elasticsearch[ticket.node][clusterService#updateTask][T#1]] INFO  org.elasticsearch.cluster.service - [ticket.node] new_master [ticket.node][_XY-OKt0Sjaoh9S_ZgEshA][inet[/10.14.208.252:9300]]{machine=ticket.node, master=true}, reason: zen-disco-join (elected_as_master)
22:05:24.206 [main] INFO  org.elasticsearch.discovery - [ticket.node] ticket.cluster/_XY-OKt0Sjaoh9S_ZgEshA
22:05:24.216 [elasticsearch[ticket.node][clusterService#updateTask][T#1]] INFO  org.elasticsearch.gateway - [ticket.node] recovered [0] indices into cluster_state
22:05:24.226 [main] INFO  org.elasticsearch.http - [ticket.node] bound_address {inet[/0:0:0:0:0:0:0:0:9200]}, publish_address {inet[/10.14.208.252:9200]}
22:05:24.226 [main] INFO  org.elasticsearch.node - [ticket.node] {0.90.2}[25471]: started
22:05:24.226 [main] INFO  c.r.s.elasticsearch.ElasticSearchServer - Elastic Search server is started.
22:05:24.227 [main] INFO  c.r.s.elasticsearch.ElasticSearchServer - ES cluster status is GREEN. Waiting for ES recovery.
22:05:24.227 [main] INFO  c.r.s.elasticsearch.ElasticSearchServer - Elastic Search Cluster Staus is GREEN
22:05:24.850 [main] ERROR c.r.s.e.client.ElasticSearchClient - Index is missing
org.elasticsearch.indices.IndexMissingException: [admin] missing
	at org.elasticsearch.cluster.metadata.MetaData.concreteIndex(MetaData.java:616) ~[elasticsearch-0.90.2.jar:na]
	at org.elasticsearch.action.get.TransportGetAction.resolveRequest(TransportGetAction.java:90) ~[elasticsearch-0.90.2.jar:na]
	at org.elasticsearch.action.get.TransportGetAction.resolveRequest(TransportGetAction.java:42) ~[elasticsearch-0.90.2.jar:na]
	at org.elasticsearch.action.support.single.shard.TransportShardSingleOperationAction$AsyncSingleAction.&lt;init&gt;(TransportShardSingleOperationAction.java:114) ~[elasticsearch-0.90.2.jar:na]
	at org.elasticsearch.action.support.single.shard.TransportShardSingleOperationAction$AsyncSingleAction.&lt;init&gt;(TransportShardSingleOperationAction.java:94) ~[elasticsearch-0.90.2.jar:na]
	at org.elasticsearch.action.support.single.shard.TransportShardSingleOperationAction.doExecute(TransportShardSingleOperationAction.java:71) ~[elasticsearch-0.90.2.jar:na]
	at org.elasticsearch.action.support.single.shard.TransportShardSingleOperationAction.doExecute(TransportShardSingleOperationAction.java:46) ~[elasticsearch-0.90.2.jar:na]
	at org.elasticsearch.action.support.TransportAction.execute(TransportAction.java:61) ~[elasticsearch-0.90.2.jar:na]
	at org.elasticsearch.client.node.NodeClient.execute(NodeClient.java:92) ~[elasticsearch-0.90.2.jar:na]
	at org.elasticsearch.client.support.AbstractClient.get(AbstractClient.java:179) ~[elasticsearch-0.90.2.jar:na]
	at org.elasticsearch.action.get.GetRequestBuilder.doExecute(GetRequestBuilder.java:112) ~[elasticsearch-0.90.2.jar:na]
	at org.elasticsearch.action.ActionRequestBuilder.execute(ActionRequestBuilder.java:62) ~[elasticsearch-0.90.2.jar:na]
	at org.elasticsearch.action.ActionRequestBuilder.execute(ActionRequestBuilder.java:57) ~[elasticsearch-0.90.2.jar:na]
	at org.elasticsearch.action.ActionRequestBuilder$execute.call(Unknown Source) ~[na:na]
	at com.rackspace.search.elasticsearch.client.ElasticSearchClient.getDocument(ElasticSearchClient.groovy:209) ~[classes/:na]
	at com.rackspace.search.elasticsearch.client.ElasticSearchClient$getDocument.call(Unknown Source) [classes/:na]
	at com.rackspace.search.service.JobService.getJob(JobService.groovy:56) [classes/:na]
	at com.rackspace.search.service.JobService$getJob$0.callCurrent(Unknown Source) [classes/:na]
	at com.rackspace.search.service.JobService.getJob(JobService.groovy:52) [classes/:na]
	at com.rackspace.search.service.JobService$getJob.call(Unknown Source) [classes/:na]
	at com.rackspace.search.service.admin.AccountOndemandSyncJob.windupActivities(AccountOndemandSyncJob.groovy:119) [classes/:na]
	at sun.reflect.NativeMethodAccessorImpl.invoke0(Native Method) ~[na:1.6.0_38]
	at sun.reflect.NativeMethodAccessorImpl.invoke(NativeMethodAccessorImpl.java:39) ~[na:1.6.0_38]
	at sun.reflect.DelegatingMethodAccessorImpl.invoke(DelegatingMethodAccessorImpl.java:25) ~[na:1.6.0_38]
	at java.lang.reflect.Method.invoke(Method.java:597) ~[na:1.6.0_38]
	at org.springframework.beans.factory.annotation.InitDestroyAnnotationBeanPostProcessor$LifecycleElement.invoke(InitDestroyAnnotationBeanPostProcessor.java:340) [spring-beans-3.0.6.RELEASE.jar:3.0.6.RELEASE]
	at org.springframework.beans.factory.annotation.InitDestroyAnnotationBeanPostProcessor$LifecycleMetadata.invokeDestroyMethods(InitDestroyAnnotationBeanPostProcessor.java:305) [spring-beans-3.0.6.RELEASE.jar:3.0.6.RELEASE]
	at org.springframework.beans.factory.annotation.InitDestroyAnnotationBeanPostProcessor.postProcessBeforeDestruction(InitDestroyAnnotationBeanPostProcessor.java:148) [spring-beans-3.0.6.RELEASE.jar:3.0.6.RELEASE]
	at org.springframework.beans.factory.support.DisposableBeanAdapter.destroy(DisposableBeanAdapter.java:166) [spring-beans-3.0.6.RELEASE.jar:3.0.6.RELEASE]
	at org.springframework.beans.factory.support.DefaultSingletonBeanRegistry.destroyBean(DefaultSingletonBeanRegistry.java:487) [spring-beans-3.0.6.RELEASE.jar:3.0.6.RELEASE]
	at org.springframework.beans.factory.support.DefaultSingletonBeanRegistry.destroySingleton(DefaultSingletonBeanRegistry.java:463) [spring-beans-3.0.6.RELEASE.jar:3.0.6.RELEASE]
	at org.springframework.beans.factory.support.DefaultSingletonBeanRegistry.destroySingletons(DefaultSingletonBeanRegistry.java:431) [spring-beans-3.0.6.RELEASE.jar:3.0.6.RELEASE]
	at org.springframework.context.support.AbstractApplicationContext.destroyBeans(AbstractApplicationContext.java:1048) [spring-context-3.0.6.RELEASE.jar:3.0.6.RELEASE]
	at org.springframework.context.support.AbstractApplicationContext.refresh(AbstractApplicationContext.java:433) [spring-context-3.0.6.RELEASE.jar:3.0.6.RELEASE]
	at org.springframework.test.context.support.AbstractGenericContextLoader.loadContext(AbstractGenericContextLoader.java:84) [spring-test-3.0.6.RELEASE.jar:3.0.6.RELEASE]
	at org.springframework.test.context.support.AbstractGenericContextLoader.loadContext(AbstractGenericContextLoader.java:1) [spring-test-3.0.6.RELEASE.jar:3.0.6.RELEASE]
	at org.springframework.test.context.TestContext.loadApplicationContext(TestContext.java:280) [spring-test-3.0.6.RELEASE.jar:3.0.6.RELEASE]
	at org.springframework.test.context.TestContext.getApplicationContext(TestContext.java:304) [spring-test-3.0.6.RELEASE.jar:3.0.6.RELEASE]
	at org.springframework.test.context.support.DependencyInjectionTestExecutionListener.injectDependencies(DependencyInjectionTestExecutionListener.java:109) [spring-test-3.0.6.RELEASE.jar:3.0.6.RELEASE]
	at org.springframework.test.context.support.DependencyInjectionTestExecutionListener.prepareTestInstance(DependencyInjectionTestExecutionListener.java:75) [spring-test-3.0.6.RELEASE.jar:3.0.6.RELEASE]
	at org.springframework.test.context.TestContextManager.prepareTestInstance(TestContextManager.java:321) [spring-test-3.0.6.RELEASE.jar:3.0.6.RELEASE]
	at org.spockframework.spring.SpringTestContextManager.prepareTestInstance(SpringTestContextManager.java:49) [spock-spring-0.7-groovy-2.0.jar:na]
	at org.spockframework.spring.SpringInterceptor.interceptSetupMethod(SpringInterceptor.java:42) [spock-spring-0.7-groovy-2.0.jar:na]
	at org.spockframework.runtime.extension.AbstractMethodInterceptor.intercept(AbstractMethodInterceptor.java:28) [spock-core-0.7-groovy-2.0.jar:na]
	at org.spockframework.runtime.extension.MethodInvocation.proceed(MethodInvocation.java:84) [spock-core-0.7-groovy-2.0.jar:na]
	at org.spockframework.runtime.BaseSpecRunner.invoke(BaseSpecRunner.java:319) [spock-core-0.7-groovy-2.0.jar:na]
	at org.spockframework.runtime.BaseSpecRunner.invokeSetup(BaseSpecRunner.java:279) [spock-core-0.7-groovy-2.0.jar:na]
	at org.spockframework.runtime.BaseSpecRunner.doRunIteration(BaseSpecRunner.java:255) [spock-core-0.7-groovy-2.0.jar:na]
	at sun.reflect.GeneratedMethodAccessor5.invoke(Unknown Source) ~[na:na]
	at sun.reflect.DelegatingMethodAccessorImpl.invoke(DelegatingMethodAccessorImpl.java:25) ~[na:1.6.0_38]
	at java.lang.reflect.Method.invoke(Method.java:597) ~[na:1.6.0_38]
	at org.spockframework.util.ReflectionUtil.invokeMethod(ReflectionUtil.java:138) [spock-core-0.7-groovy-2.0.jar:na]
	at org.spockframework.runtime.BaseSpecRunner.invokeRaw(BaseSpecRunner.java:330) [spock-core-0.7-groovy-2.0.jar:na]
	at org.spockframework.runtime.BaseSpecRunner.invoke(BaseSpecRunner.java:311) [spock-core-0.7-groovy-2.0.jar:na]
	at org.spockframework.runtime.BaseSpecRunner.runIteration(BaseSpecRunner.java:223) [spock-core-0.7-groovy-2.0.jar:na]
	at org.spockframework.runtime.BaseSpecRunner.initializeAndRunIteration(BaseSpecRunner.java:214) [spock-core-0.7-groovy-2.0.jar:na]
	at org.spockframework.runtime.BaseSpecRunner.runSimpleFeature(BaseSpecRunner.java:205) [spock-core-0.7-groovy-2.0.jar:na]
	at org.spockframework.runtime.BaseSpecRunner.doRunFeature(BaseSpecRunner.java:199) [spock-core-0.7-groovy-2.0.jar:na]
	at sun.reflect.GeneratedMethodAccessor7.invoke(Unknown Source) ~[na:na]
	at sun.reflect.DelegatingMethodAccessorImpl.invoke(DelegatingMethodAccessorImpl.java:25) ~[na:1.6.0_38]
	at java.lang.reflect.Method.invoke(Method.java:597) ~[na:1.6.0_38]
	at org.spockframework.util.ReflectionUtil.invokeMethod(ReflectionUtil.java:138) [spock-core-0.7-groovy-2.0.jar:na]
	at org.spockframework.runtime.BaseSpecRunner.invokeRaw(BaseSpecRunner.java:330) [spock-core-0.7-groovy-2.0.jar:na]
	at org.spockframework.runtime.BaseSpecRunner.invoke(BaseSpecRunner.java:311) [spock-core-0.7-groovy-2.0.jar:na]
	at org.spockframework.runtime.BaseSpecRunner.runFeature(BaseSpecRunner.java:175) [spock-core-0.7-groovy-2.0.jar:na]
	at org.spockframework.runtime.BaseSpecRunner.runFeatures(BaseSpecRunner.java:152) [spock-core-0.7-groovy-2.0.jar:na]
	at org.spockframework.runtime.BaseSpecRunner.doRunSpec(BaseSpecRunner.java:112) [spock-core-0.7-groovy-2.0.jar:na]
	at sun.reflect.GeneratedMethodAccessor11.invoke(Unknown Source) ~[na:na]
	at sun.reflect.DelegatingMethodAccessorImpl.invoke(DelegatingMethodAccessorImpl.java:25) ~[na:1.6.0_38]
	at java.lang.reflect.Method.invoke(Method.java:597) ~[na:1.6.0_38]
	at org.spockframework.util.ReflectionUtil.invokeMethod(ReflectionUtil.java:138) [spock-core-0.7-groovy-2.0.jar:na]
	at org.spockframework.runtime.BaseSpecRunner.invokeRaw(BaseSpecRunner.java:330) [spock-core-0.7-groovy-2.0.jar:na]
	at org.spockframework.runtime.BaseSpecRunner.invoke(BaseSpecRunner.java:311) [spock-core-0.7-groovy-2.0.jar:na]
	at org.spockframework.runtime.BaseSpecRunner.runSpec(BaseSpecRunner.java:91) [spock-core-0.7-groovy-2.0.jar:na]
	at org.spockframework.runtime.BaseSpecRunner.run(BaseSpecRunner.java:82) [spock-core-0.7-groovy-2.0.jar:na]
	at org.spockframework.runtime.Sputnik.run(Sputnik.java:63) [spock-core-0.7-groovy-2.0.jar:na]
	at org.apache.maven.surefire.junit4.JUnit4TestSet.execute(JUnit4TestSet.java:53) [surefire-junit4-2.10.jar:2.10]
	at org.apache.maven.surefire.junit4.JUnit4Provider.executeTestSet(JUnit4Provider.java:123) [surefire-junit4-2.10.jar:2.10]
	at org.apache.maven.surefire.junit4.JUnit4Provider.invoke(JUnit4Provider.java:104) [surefire-junit4-2.10.jar:2.10]
	at sun.reflect.NativeMethodAccessorImpl.invoke0(Native Method) ~[na:1.6.0_38]
	at sun.reflect.NativeMethodAccessorImpl.invoke(NativeMethodAccessorImpl.java:39) ~[na:1.6.0_38]
	at sun.reflect.DelegatingMethodAccessorImpl.invoke(DelegatingMethodAccessorImpl.java:25) ~[na:1.6.0_38]
	at java.lang.reflect.Method.invoke(Method.java:597) ~[na:1.6.0_38]
	at org.apache.maven.surefire.util.ReflectionUtils.invokeMethodWithArray(ReflectionUtils.java:164) [surefire-api-2.10.jar:2.10]
	at org.apache.maven.surefire.booter.ProviderFactory$ProviderProxy.invoke(ProviderFactory.java:110) [surefire-booter-2.10.jar:2.10]
	at org.apache.maven.surefire.booter.SurefireStarter.invokeProvider(SurefireStarter.java:175) [surefire-booter-2.10.jar:2.10]
	at org.apache.maven.surefire.booter.SurefireStarter.runSuitesInProcessWhenForked(SurefireStarter.java:107) [surefire-booter-2.10.jar:2.10]
	at org.apache.maven.surefire.booter.ForkedBooter.main(ForkedBooter.java:68) [surefire-booter-2.10.jar:2.10]
22:05:24.852 [main] WARN  o.s.c.a.CommonAnnotationBeanPostProcessor - Invocation of destroy method failed on bean with name &apos;accountOndemandSyncJob&apos;: com.rackspace.search.exception.NotFoundException: Index is missing
22:05:24.856 [main] ERROR c.r.s.e.client.ElasticSearchClient - Index is missing
org.elasticsearch.indices.IndexMissingException: [admin] missing
	at org.elasticsearch.cluster.metadata.MetaData.concreteIndex(MetaData.java:616) ~[elasticsearch-0.90.2.jar:na]
	at org.elasticsearch.action.get.TransportGetAction.resolveRequest(TransportGetAction.java:90) ~[elasticsearch-0.90.2.jar:na]
	at org.elasticsearch.action.get.TransportGetAction.resolveRequest(TransportGetAction.java:42) ~[elasticsearch-0.90.2.jar:na]
	at org.elasticsearch.action.support.single.shard.TransportShardSingleOperationAction$AsyncSingleAction.&lt;init&gt;(TransportShardSingleOperationAction.java:114) ~[elasticsearch-0.90.2.jar:na]
	at org.elasticsearch.action.support.single.shard.TransportShardSingleOperationAction$AsyncSingleAction.&lt;init&gt;(TransportShardSingleOperationAction.java:94) ~[elasticsearch-0.90.2.jar:na]
	at org.elasticsearch.action.support.single.shard.TransportShardSingleOperationAction.doExecute(TransportShardSingleOperationAction.java:71) ~[elasticsearch-0.90.2.jar:na]
	at org.elasticsearch.action.support.single.shard.TransportShardSingleOperationAction.doExecute(TransportShardSingleOperationAction.java:46) ~[elasticsearch-0.90.2.jar:na]
	at org.elasticsearch.action.support.TransportAction.execute(TransportAction.java:61) ~[elasticsearch-0.90.2.jar:na]
	at org.elasticsearch.client.node.NodeClient.execute(NodeClient.java:92) ~[elasticsearch-0.90.2.jar:na]
	at org.elasticsearch.client.support.AbstractClient.get(AbstractClient.java:179) ~[elasticsearch-0.90.2.jar:na]
	at org.elasticsearch.action.get.GetRequestBuilder.doExecute(GetRequestBuilder.java:112) ~[elasticsearch-0.90.2.jar:na]
	at org.elasticsearch.action.ActionRequestBuilder.execute(ActionRequestBuilder.java:62) ~[elasticsearch-0.90.2.jar:na]
	at org.elasticsearch.action.ActionRequestBuilder.execute(ActionRequestBuilder.java:57) ~[elasticsearch-0.90.2.jar:na]
	at org.elasticsearch.action.ActionRequestBuilder$execute.call(Unknown Source) ~[na:na]
	at com.rackspace.search.elasticsearch.client.ElasticSearchClient.getDocument(ElasticSearchClient.groovy:209) ~[classes/:na]
	at com.rackspace.search.elasticsearch.client.ElasticSearchClient$getDocument.call(Unknown Source) [classes/:na]
	at com.rackspace.search.service.JobService.getJob(JobService.groovy:56) [classes/:na]
	at com.rackspace.search.service.JobService$getJob$0.callCurrent(Unknown Source) [classes/:na]
	at com.rackspace.search.service.JobService.getJob(JobService.groovy:52) [classes/:na]
	at com.rackspace.search.service.JobService$getJob.call(Unknown Source) [classes/:na]
	at com.rackspace.search.service.account.CoreAccountOnetimeSyncJob.windupActivities(CoreAccountOnetimeSyncJob.groovy:58) [classes/:na]
	at sun.reflect.NativeMethodAccessorImpl.invoke0(Native Method) ~[na:1.6.0_38]
	at sun.reflect.NativeMethodAccessorImpl.invoke(NativeMethodAccessorImpl.java:39) ~[na:1.6.0_38]
	at sun.reflect.DelegatingMethodAccessorImpl.invoke(DelegatingMethodAccessorImpl.java:25) ~[na:1.6.0_38]
	at java.lang.reflect.Method.invoke(Method.java:597) ~[na:1.6.0_38]
	at org.springframework.beans.factory.annotation.InitDestroyAnnotationBeanPostProcessor$LifecycleElement.invoke(InitDestroyAnnotationBeanPostProcessor.java:340) [spring-beans-3.0.6.RELEASE.jar:3.0.6.RELEASE]
	at org.springframework.beans.factory.annotation.InitDestroyAnnotationBeanPostProcessor$LifecycleMetadata.invokeDestroyMethods(InitDestroyAnnotationBeanPostProcessor.java:305) [spring-beans-3.0.6.RELEASE.jar:3.0.6.RELEASE]
	at org.springframework.beans.factory.annotation.InitDestroyAnnotationBeanPostProcessor.postProcessBeforeDestruction(InitDestroyAnnotationBeanPostProcessor.java:148) [spring-beans-3.0.6.RELEASE.jar:3.0.6.RELEASE]
	at org.springframework.beans.factory.support.DisposableBeanAdapter.destroy(DisposableBeanAdapter.java:166) [spring-beans-3.0.6.RELEASE.jar:3.0.6.RELEASE]
	at org.springframework.beans.factory.support.DefaultSingletonBeanRegistry.destroyBean(DefaultSingletonBeanRegistry.java:487) [spring-beans-3.0.6.RELEASE.jar:3.0.6.RELEASE]
	at org.springframework.beans.factory.support.DefaultSingletonBeanRegistry.destroySingleton(DefaultSingletonBeanRegistry.java:463) [spring-beans-3.0.6.RELEASE.jar:3.0.6.RELEASE]
	at org.springframework.beans.factory.support.DefaultSingletonBeanRegistry.destroySingletons(DefaultSingletonBeanRegistry.java:431) [spring-beans-3.0.6.RELEASE.jar:3.0.6.RELEASE]
	at org.springframework.context.support.AbstractApplicationContext.destroyBeans(AbstractApplicationContext.java:1048) [spring-context-3.0.6.RELEASE.jar:3.0.6.RELEASE]
	at org.springframework.context.support.AbstractApplicationContext.refresh(AbstractApplicationContext.java:433) [spring-context-3.0.6.RELEASE.jar:3.0.6.RELEASE]
	at org.springframework.test.context.support.AbstractGenericContextLoader.loadContext(AbstractGenericContextLoader.java:84) [spring-test-3.0.6.RELEASE.jar:3.0.6.RELEASE]
	at org.springframework.test.context.support.AbstractGenericContextLoader.loadContext(AbstractGenericContextLoader.java:1) [spring-test-3.0.6.RELEASE.jar:3.0.6.RELEASE]
	at org.springframework.test.context.TestContext.loadApplicationContext(TestContext.java:280) [spring-test-3.0.6.RELEASE.jar:3.0.6.RELEASE]
	at org.springframework.test.context.TestContext.getApplicationContext(TestContext.java:304) [spring-test-3.0.6.RELEASE.jar:3.0.6.RELEASE]
	at org.springframework.test.context.support.DependencyInjectionTestExecutionListener.injectDependencies(DependencyInjectionTestExecutionListener.java:109) [spring-test-3.0.6.RELEASE.jar:3.0.6.RELEASE]
	at org.springframework.test.context.support.DependencyInjectionTestExecutionListener.prepareTestInstance(DependencyInjectionTestExecutionListener.java:75) [spring-test-3.0.6.RELEASE.jar:3.0.6.RELEASE]
	at org.springframework.test.context.TestContextManager.prepareTestInstance(TestContextManager.java:321) [spring-test-3.0.6.RELEASE.jar:3.0.6.RELEASE]
	at org.spockframework.spring.SpringTestContextManager.prepareTestInstance(SpringTestContextManager.java:49) [spock-spring-0.7-groovy-2.0.jar:na]
	at org.spockframework.spring.SpringInterceptor.interceptSetupMethod(SpringInterceptor.java:42) [spock-spring-0.7-groovy-2.0.jar:na]
	at org.spockframework.runtime.extension.AbstractMethodInterceptor.intercept(AbstractMethodInterceptor.java:28) [spock-core-0.7-groovy-2.0.jar:na]
	at org.spockframework.runtime.extension.MethodInvocation.proceed(MethodInvocation.java:84) [spock-core-0.7-groovy-2.0.jar:na]
	at org.spockframework.runtime.BaseSpecRunner.invoke(BaseSpecRunner.java:319) [spock-core-0.7-groovy-2.0.jar:na]
	at org.spockframework.runtime.BaseSpecRunner.invokeSetup(BaseSpecRunner.java:279) [spock-core-0.7-groovy-2.0.jar:na]
	at org.spockframework.runtime.BaseSpecRunner.doRunIteration(BaseSpecRunner.java:255) [spock-core-0.7-groovy-2.0.jar:na]
	at sun.reflect.GeneratedMethodAccessor5.invoke(Unknown Source) ~[na:na]
	at sun.reflect.DelegatingMethodAccessorImpl.invoke(DelegatingMethodAccessorImpl.java:25) ~[na:1.6.0_38]
	at java.lang.reflect.Method.invoke(Method.java:597) ~[na:1.6.0_38]
	at org.spockframework.util.ReflectionUtil.invokeMethod(ReflectionUtil.java:138) [spock-core-0.7-groovy-2.0.jar:na]
	at org.spockframework.runtime.BaseSpecRunner.invokeRaw(BaseSpecRunner.java:330) [spock-core-0.7-groovy-2.0.jar:na]
	at org.spockframework.runtime.BaseSpecRunner.invoke(BaseSpecRunner.java:311) [spock-core-0.7-groovy-2.0.jar:na]
	at org.spockframework.runtime.BaseSpecRunner.runIteration(BaseSpecRunner.java:223) [spock-core-0.7-groovy-2.0.jar:na]
	at org.spockframework.runtime.BaseSpecRunner.initializeAndRunIteration(BaseSpecRunner.java:214) [spock-core-0.7-groovy-2.0.jar:na]
	at org.spockframework.runtime.BaseSpecRunner.runSimpleFeature(BaseSpecRunner.java:205) [spock-core-0.7-groovy-2.0.jar:na]
	at org.spockframework.runtime.BaseSpecRunner.doRunFeature(BaseSpecRunner.java:199) [spock-core-0.7-groovy-2.0.jar:na]
	at sun.reflect.GeneratedMethodAccessor7.invoke(Unknown Source) ~[na:na]
	at sun.reflect.DelegatingMethodAccessorImpl.invoke(DelegatingMethodAccessorImpl.java:25) ~[na:1.6.0_38]
	at java.lang.reflect.Method.invoke(Method.java:597) ~[na:1.6.0_38]
	at org.spockframework.util.ReflectionUtil.invokeMethod(ReflectionUtil.java:138) [spock-core-0.7-groovy-2.0.jar:na]
	at org.spockframework.runtime.BaseSpecRunner.invokeRaw(BaseSpecRunner.java:330) [spock-core-0.7-groovy-2.0.jar:na]
	at org.spockframework.runtime.BaseSpecRunner.invoke(BaseSpecRunner.java:311) [spock-core-0.7-groovy-2.0.jar:na]
	at org.spockframework.runtime.BaseSpecRunner.runFeature(BaseSpecRunner.java:175) [spock-core-0.7-groovy-2.0.jar:na]
	at org.spockframework.runtime.BaseSpecRunner.runFeatures(BaseSpecRunner.java:152) [spock-core-0.7-groovy-2.0.jar:na]
	at org.spockframework.runtime.BaseSpecRunner.doRunSpec(BaseSpecRunner.java:112) [spock-core-0.7-groovy-2.0.jar:na]
	at sun.reflect.GeneratedMethodAccessor11.invoke(Unknown Source) ~[na:na]
	at sun.reflect.DelegatingMethodAccessorImpl.invoke(DelegatingMethodAccessorImpl.java:25) ~[na:1.6.0_38]
	at java.lang.reflect.Method.invoke(Method.java:597) ~[na:1.6.0_38]
	at org.spockframework.util.ReflectionUtil.invokeMethod(ReflectionUtil.java:138) [spock-core-0.7-groovy-2.0.jar:na]
	at org.spockframework.runtime.BaseSpecRunner.invokeRaw(BaseSpecRunner.java:330) [spock-core-0.7-groovy-2.0.jar:na]
	at org.spockframework.runtime.BaseSpecRunner.invoke(BaseSpecRunner.java:311) [spock-core-0.7-groovy-2.0.jar:na]
	at org.spockframework.runtime.BaseSpecRunner.runSpec(BaseSpecRunner.java:91) [spock-core-0.7-groovy-2.0.jar:na]
	at org.spockframework.runtime.BaseSpecRunner.run(BaseSpecRunner.java:82) [spock-core-0.7-groovy-2.0.jar:na]
	at org.spockframework.runtime.Sputnik.run(Sputnik.java:63) [spock-core-0.7-groovy-2.0.jar:na]
	at org.apache.maven.surefire.junit4.JUnit4TestSet.execute(JUnit4TestSet.java:53) [surefire-junit4-2.10.jar:2.10]
	at org.apache.maven.surefire.junit4.JUnit4Provider.executeTestSet(JUnit4Provider.java:123) [surefire-junit4-2.10.jar:2.10]
	at org.apache.maven.surefire.junit4.JUnit4Provider.invoke(JUnit4Provider.java:104) [surefire-junit4-2.10.jar:2.10]
	at sun.reflect.NativeMethodAccessorImpl.invoke0(Native Method) ~[na:1.6.0_38]
	at sun.reflect.NativeMethodAccessorImpl.invoke(NativeMethodAccessorImpl.java:39) ~[na:1.6.0_38]
	at sun.reflect.DelegatingMethodAccessorImpl.invoke(DelegatingMethodAccessorImpl.java:25) ~[na:1.6.0_38]
	at java.lang.reflect.Method.invoke(Method.java:597) ~[na:1.6.0_38]
	at org.apache.maven.surefire.util.ReflectionUtils.invokeMethodWithArray(ReflectionUtils.java:164) [surefire-api-2.10.jar:2.10]
	at org.apache.maven.surefire.booter.ProviderFactory$ProviderProxy.invoke(ProviderFactory.java:110) [surefire-booter-2.10.jar:2.10]
	at org.apache.maven.surefire.booter.SurefireStarter.invokeProvider(SurefireStarter.java:175) [surefire-booter-2.10.jar:2.10]
	at org.apache.maven.surefire.booter.SurefireStarter.runSuitesInProcessWhenForked(SurefireStarter.java:107) [surefire-booter-2.10.jar:2.10]
	at org.apache.maven.surefire.booter.ForkedBooter.main(ForkedBooter.java:68) [surefire-booter-2.10.jar:2.10]
22:05:24.857 [main] WARN  o.s.c.a.CommonAnnotationBeanPostProcessor - Invocation of destroy method failed on bean with name &apos;coreAccountOnetimeSyncJob&apos;: com.rackspace.search.exception.NotFoundException: Index is missing
22:05:24.861 [main] ERROR c.r.s.e.client.ElasticSearchClient - Index is missing
org.elasticsearch.indices.IndexMissingException: [admin] missing
	at org.elasticsearch.cluster.metadata.MetaData.concreteIndex(MetaData.java:616) ~[elasticsearch-0.90.2.jar:na]
	at org.elasticsearch.action.get.TransportGetAction.resolveRequest(TransportGetAction.java:90) ~[elasticsearch-0.90.2.jar:na]
	at org.elasticsearch.action.get.TransportGetAction.resolveRequest(TransportGetAction.java:42) ~[elasticsearch-0.90.2.jar:na]
	at org.elasticsearch.action.support.single.shard.TransportShardSingleOperationAction$AsyncSingleAction.&lt;init&gt;(TransportShardSingleOperationAction.java:114) ~[elasticsearch-0.90.2.jar:na]
	at org.elasticsearch.action.support.single.shard.TransportShardSingleOperationAction$AsyncSingleAction.&lt;init&gt;(TransportShardSingleOperationAction.java:94) ~[elasticsearch-0.90.2.jar:na]
	at org.elasticsearch.action.support.single.shard.TransportShardSingleOperationAction.doExecute(TransportShardSingleOperationAction.java:71) ~[elasticsearch-0.90.2.jar:na]
	at org.elasticsearch.action.support.single.shard.TransportShardSingleOperationAction.doExecute(TransportShardSingleOperationAction.java:46) ~[elasticsearch-0.90.2.jar:na]
	at org.elasticsearch.action.support.TransportAction.execute(TransportAction.java:61) ~[elasticsearch-0.90.2.jar:na]
	at org.elasticsearch.client.node.NodeClient.execute(NodeClient.java:92) ~[elasticsearch-0.90.2.jar:na]
	at org.elasticsearch.client.support.AbstractClient.get(AbstractClient.java:179) ~[elasticsearch-0.90.2.jar:na]
	at org.elasticsearch.action.get.GetRequestBuilder.doExecute(GetRequestBuilder.java:112) ~[elasticsearch-0.90.2.jar:na]
	at org.elasticsearch.action.ActionRequestBuilder.execute(ActionRequestBuilder.java:62) ~[elasticsearch-0.90.2.jar:na]
	at org.elasticsearch.action.ActionRequestBuilder.execute(ActionRequestBuilder.java:57) ~[elasticsearch-0.90.2.jar:na]
	at org.elasticsearch.action.ActionRequestBuilder$execute.call(Unknown Source) ~[na:na]
	at com.rackspace.search.elasticsearch.client.ElasticSearchClient.getDocument(ElasticSearchClient.groovy:209) ~[classes/:na]
	at com.rackspace.search.elasticsearch.client.ElasticSearchClient$getDocument.call(Unknown Source) [classes/:na]
	at com.rackspace.search.service.JobService.getJob(JobService.groovy:56) [classes/:na]
	at com.rackspace.search.service.JobService$getJob$0.callCurrent(Unknown Source) [classes/:na]
	at com.rackspace.search.service.JobService.getJob(JobService.groovy:52) [classes/:na]
	at com.rackspace.search.service.JobService$getJob.call(Unknown Source) [classes/:na]
	at com.rackspace.search.service.account.CoreAccountUpdateSyncJob.windupActivities(CoreAccountUpdateSyncJob.groovy:88) [classes/:na]
	at sun.reflect.NativeMethodAccessorImpl.invoke0(Native Method) ~[na:1.6.0_38]
	at sun.reflect.NativeMethodAccessorImpl.invoke(NativeMethodAccessorImpl.java:39) ~[na:1.6.0_38]
	at sun.reflect.DelegatingMethodAccessorImpl.invoke(DelegatingMethodAccessorImpl.java:25) ~[na:1.6.0_38]
	at java.lang.reflect.Method.invoke(Method.java:597) ~[na:1.6.0_38]
	at org.springframework.beans.factory.annotation.InitDestroyAnnotationBeanPostProcessor$LifecycleElement.invoke(InitDestroyAnnotationBeanPostProcessor.java:340) [spring-beans-3.0.6.RELEASE.jar:3.0.6.RELEASE]
	at org.springframework.beans.factory.annotation.InitDestroyAnnotationBeanPostProcessor$LifecycleMetadata.invokeDestroyMethods(InitDestroyAnnotationBeanPostProcessor.java:305) [spring-beans-3.0.6.RELEASE.jar:3.0.6.RELEASE]
	at org.springframework.beans.factory.annotation.InitDestroyAnnotationBeanPostProcessor.postProcessBeforeDestruction(InitDestroyAnnotationBeanPostProcessor.java:148) [spring-beans-3.0.6.RELEASE.jar:3.0.6.RELEASE]
	at org.springframework.beans.factory.support.DisposableBeanAdapter.destroy(DisposableBeanAdapter.java:166) [spring-beans-3.0.6.RELEASE.jar:3.0.6.RELEASE]
	at org.springframework.beans.factory.support.DefaultSingletonBeanRegistry.destroyBean(DefaultSingletonBeanRegistry.java:487) [spring-beans-3.0.6.RELEASE.jar:3.0.6.RELEASE]
	at org.springframework.beans.factory.support.DefaultSingletonBeanRegistry.destroySingleton(DefaultSingletonBeanRegistry.java:463) [spring-beans-3.0.6.RELEASE.jar:3.0.6.RELEASE]
	at org.springframework.beans.factory.support.DefaultSingletonBeanRegistry.destroySingletons(DefaultSingletonBeanRegistry.java:431) [spring-beans-3.0.6.RELEASE.jar:3.0.6.RELEASE]
	at org.springframework.context.support.AbstractApplicationContext.destroyBeans(AbstractApplicationContext.java:1048) [spring-context-3.0.6.RELEASE.jar:3.0.6.RELEASE]
	at org.springframework.context.support.AbstractApplicationContext.refresh(AbstractApplicationContext.java:433) [spring-context-3.0.6.RELEASE.jar:3.0.6.RELEASE]
	at org.springframework.test.context.support.AbstractGenericContextLoader.loadContext(AbstractGenericContextLoader.java:84) [spring-test-3.0.6.RELEASE.jar:3.0.6.RELEASE]
	at org.springframework.test.context.support.AbstractGenericContextLoader.loadContext(AbstractGenericContextLoader.java:1) [spring-test-3.0.6.RELEASE.jar:3.0.6.RELEASE]
	at org.springframework.test.context.TestContext.loadApplicationContext(TestContext.java:280) [spring-test-3.0.6.RELEASE.jar:3.0.6.RELEASE]
	at org.springframework.test.context.TestContext.getApplicationContext(TestContext.java:304) [spring-test-3.0.6.RELEASE.jar:3.0.6.RELEASE]
	at org.springframework.test.context.support.DependencyInjectionTestExecutionListener.injectDependencies(DependencyInjectionTestExecutionListener.java:109) [spring-test-3.0.6.RELEASE.jar:3.0.6.RELEASE]
	at org.springframework.test.context.support.DependencyInjectionTestExecutionListener.prepareTestInstance(DependencyInjectionTestExecutionListener.java:75) [spring-test-3.0.6.RELEASE.jar:3.0.6.RELEASE]
	at org.springframework.test.context.TestContextManager.prepareTestInstance(TestContextManager.java:321) [spring-test-3.0.6.RELEASE.jar:3.0.6.RELEASE]
	at org.spockframework.spring.SpringTestContextManager.prepareTestInstance(SpringTestContextManager.java:49) [spock-spring-0.7-groovy-2.0.jar:na]
	at org.spockframework.spring.SpringInterceptor.interceptSetupMethod(SpringInterceptor.java:42) [spock-spring-0.7-groovy-2.0.jar:na]
	at org.spockframework.runtime.extension.AbstractMethodInterceptor.intercept(AbstractMethodInterceptor.java:28) [spock-core-0.7-groovy-2.0.jar:na]
	at org.spockframework.runtime.extension.MethodInvocation.proceed(MethodInvocation.java:84) [spock-core-0.7-groovy-2.0.jar:na]
	at org.spockframework.runtime.BaseSpecRunner.invoke(BaseSpecRunner.java:319) [spock-core-0.7-groovy-2.0.jar:na]
	at org.spockframework.runtime.BaseSpecRunner.invokeSetup(BaseSpecRunner.java:279) [spock-core-0.7-groovy-2.0.jar:na]
	at org.spockframework.runtime.BaseSpecRunner.doRunIteration(BaseSpecRunner.java:255) [spock-core-0.7-groovy-2.0.jar:na]
	at sun.reflect.GeneratedMethodAccessor5.invoke(Unknown Source) ~[na:na]
	at sun.reflect.DelegatingMethodAccessorImpl.invoke(DelegatingMethodAccessorImpl.java:25) ~[na:1.6.0_38]
	at java.lang.reflect.Method.invoke(Method.java:597) ~[na:1.6.0_38]
	at org.spockframework.util.ReflectionUtil.invokeMethod(ReflectionUtil.java:138) [spock-core-0.7-groovy-2.0.jar:na]
	at org.spockframework.runtime.BaseSpecRunner.invokeRaw(BaseSpecRunner.java:330) [spock-core-0.7-groovy-2.0.jar:na]
	at org.spockframework.runtime.BaseSpecRunner.invoke(BaseSpecRunner.java:311) [spock-core-0.7-groovy-2.0.jar:na]
	at org.spockframework.runtime.BaseSpecRunner.runIteration(BaseSpecRunner.java:223) [spock-core-0.7-groovy-2.0.jar:na]
	at org.spockframework.runtime.BaseSpecRunner.initializeAndRunIteration(BaseSpecRunner.java:214) [spock-core-0.7-groovy-2.0.jar:na]
	at org.spockframework.runtime.BaseSpecRunner.runSimpleFeature(BaseSpecRunner.java:205) [spock-core-0.7-groovy-2.0.jar:na]
	at org.spockframework.runtime.BaseSpecRunner.doRunFeature(BaseSpecRunner.java:199) [spock-core-0.7-groovy-2.0.jar:na]
	at sun.reflect.GeneratedMethodAccessor7.invoke(Unknown Source) ~[na:na]
	at sun.reflect.DelegatingMethodAccessorImpl.invoke(DelegatingMethodAccessorImpl.java:25) ~[na:1.6.0_38]
	at java.lang.reflect.Method.invoke(Method.java:597) ~[na:1.6.0_38]
	at org.spockframework.util.ReflectionUtil.invokeMethod(ReflectionUtil.java:138) [spock-core-0.7-groovy-2.0.jar:na]
	at org.spockframework.runtime.BaseSpecRunner.invokeRaw(BaseSpecRunner.java:330) [spock-core-0.7-groovy-2.0.jar:na]
	at org.spockframework.runtime.BaseSpecRunner.invoke(BaseSpecRunner.java:311) [spock-core-0.7-groovy-2.0.jar:na]
	at org.spockframework.runtime.BaseSpecRunner.runFeature(BaseSpecRunner.java:175) [spock-core-0.7-groovy-2.0.jar:na]
	at org.spockframework.runtime.BaseSpecRunner.runFeatures(BaseSpecRunner.java:152) [spock-core-0.7-groovy-2.0.jar:na]
	at org.spockframework.runtime.BaseSpecRunner.doRunSpec(BaseSpecRunner.java:112) [spock-core-0.7-groovy-2.0.jar:na]
	at sun.reflect.GeneratedMethodAccessor11.invoke(Unknown Source) ~[na:na]
	at sun.reflect.DelegatingMethodAccessorImpl.invoke(DelegatingMethodAccessorImpl.java:25) ~[na:1.6.0_38]
	at java.lang.reflect.Method.invoke(Method.java:597) ~[na:1.6.0_38]
	at org.spockframework.util.ReflectionUtil.invokeMethod(ReflectionUtil.java:138) [spock-core-0.7-groovy-2.0.jar:na]
	at org.spockframework.runtime.BaseSpecRunner.invokeRaw(BaseSpecRunner.java:330) [spock-core-0.7-groovy-2.0.jar:na]
	at org.spockframework.runtime.BaseSpecRunner.invoke(BaseSpecRunner.java:311) [spock-core-0.7-groovy-2.0.jar:na]
	at org.spockframework.runtime.BaseSpecRunner.runSpec(BaseSpecRunner.java:91) [spock-core-0.7-groovy-2.0.jar:na]
	at org.spockframework.runtime.BaseSpecRunner.run(BaseSpecRunner.java:82) [spock-core-0.7-groovy-2.0.jar:na]
	at org.spockframework.runtime.Sputnik.run(Sputnik.java:63) [spock-core-0.7-groovy-2.0.jar:na]
	at org.apache.maven.surefire.junit4.JUnit4TestSet.execute(JUnit4TestSet.java:53) [surefire-junit4-2.10.jar:2.10]
	at org.apache.maven.surefire.junit4.JUnit4Provider.executeTestSet(JUnit4Provider.java:123) [surefire-junit4-2.10.jar:2.10]
	at org.apache.maven.surefire.junit4.JUnit4Provider.invoke(JUnit4Provider.java:104) [surefire-junit4-2.10.jar:2.10]
	at sun.reflect.NativeMethodAccessorImpl.invoke0(Native Method) ~[na:1.6.0_38]
	at sun.reflect.NativeMethodAccessorImpl.invoke(NativeMethodAccessorImpl.java:39) ~[na:1.6.0_38]
	at sun.reflect.DelegatingMethodAccessorImpl.invoke(DelegatingMethodAccessorImpl.java:25) ~[na:1.6.0_38]
	at java.lang.reflect.Method.invoke(Method.java:597) ~[na:1.6.0_38]
	at org.apache.maven.surefire.util.ReflectionUtils.invokeMethodWithArray(ReflectionUtils.java:164) [surefire-api-2.10.jar:2.10]
	at org.apache.maven.surefire.booter.ProviderFactory$ProviderProxy.invoke(ProviderFactory.java:110) [surefire-booter-2.10.jar:2.10]
	at org.apache.maven.surefire.booter.SurefireStarter.invokeProvider(SurefireStarter.java:175) [surefire-booter-2.10.jar:2.10]
	at org.apache.maven.surefire.booter.SurefireStarter.runSuitesInProcessWhenForked(SurefireStarter.java:107) [surefire-booter-2.10.jar:2.10]
	at org.apache.maven.surefire.booter.ForkedBooter.main(ForkedBooter.java:68) [surefire-booter-2.10.jar:2.10]
22:05:24.862 [main] WARN  o.s.c.a.CommonAnnotationBeanPostProcessor - Invocation of destroy method failed on bean with name &apos;coreAccountUpdateSyncJob&apos;: com.rackspace.search.exception.NotFoundException: Index is missing
22:05:24.866 [main] ERROR c.r.s.e.client.ElasticSearchClient - Index is missing
org.elasticsearch.indices.IndexMissingException: [admin] missing
	at org.elasticsearch.cluster.metadata.MetaData.concreteIndex(MetaData.java:616) ~[elasticsearch-0.90.2.jar:na]
	at org.elasticsearch.action.get.TransportGetAction.resolveRequest(TransportGetAction.java:90) ~[elasticsearch-0.90.2.jar:na]
	at org.elasticsearch.action.get.TransportGetAction.resolveRequest(TransportGetAction.java:42) ~[elasticsearch-0.90.2.jar:na]
	at org.elasticsearch.action.support.single.shard.TransportShardSingleOperationAction$AsyncSingleAction.&lt;init&gt;(TransportShardSingleOperationAction.java:114) ~[elasticsearch-0.90.2.jar:na]
	at org.elasticsearch.action.support.single.shard.TransportShardSingleOperationAction$AsyncSingleAction.&lt;init&gt;(TransportShardSingleOperationAction.java:94) ~[elasticsearch-0.90.2.jar:na]
	at org.elasticsearch.action.support.single.shard.TransportShardSingleOperationAction.doExecute(TransportShardSingleOperationAction.java:71) ~[elasticsearch-0.90.2.jar:na]
	at org.elasticsearch.action.support.single.shard.TransportShardSingleOperationAction.doExecute(TransportShardSingleOperationAction.java:46) ~[elasticsearch-0.90.2.jar:na]
	at org.elasticsearch.action.support.TransportAction.execute(TransportAction.java:61) ~[elasticsearch-0.90.2.jar:na]
	at org.elasticsearch.client.node.NodeClient.execute(NodeClient.java:92) ~[elasticsearch-0.90.2.jar:na]
	at org.elasticsearch.client.support.AbstractClient.get(AbstractClient.java:179) ~[elasticsearch-0.90.2.jar:na]
	at org.elasticsearch.action.get.GetRequestBuilder.doExecute(GetRequestBuilder.java:112) ~[elasticsearch-0.90.2.jar:na]
	at org.elasticsearch.action.ActionRequestBuilder.execute(ActionRequestBuilder.java:62) ~[elasticsearch-0.90.2.jar:na]
	at org.elasticsearch.action.ActionRequestBuilder.execute(ActionRequestBuilder.java:57) ~[elasticsearch-0.90.2.jar:na]
	at org.elasticsearch.action.ActionRequestBuilder$execute.call(Unknown Source) ~[na:na]
	at com.rackspace.search.elasticsearch.client.ElasticSearchClient.getDocument(ElasticSearchClient.groovy:209) ~[classes/:na]
	at com.rackspace.search.elasticsearch.client.ElasticSearchClient$getDocument.call(Unknown Source) [classes/:na]
	at com.rackspace.search.service.JobService.getJob(JobService.groovy:56) [classes/:na]
	at com.rackspace.search.service.JobService$getJob$0.callCurrent(Unknown Source) [classes/:na]
	at com.rackspace.search.service.JobService.getJob(JobService.groovy:52) [classes/:na]
	at com.rackspace.search.service.JobService$getJob.call(Unknown Source) [classes/:na]
	at com.rackspace.search.service.core.CoreTicketSecondPassSyncJob.windupActivities(CoreTicketSecondPassSyncJob.groovy:83) [classes/:na]
	at sun.reflect.NativeMethodAccessorImpl.invoke0(Native Method) ~[na:1.6.0_38]
	at sun.reflect.NativeMethodAccessorImpl.invoke(NativeMethodAccessorImpl.java:39) ~[na:1.6.0_38]
	at sun.reflect.DelegatingMethodAccessorImpl.invoke(DelegatingMethodAccessorImpl.java:25) ~[na:1.6.0_38]
	at java.lang.reflect.Method.invoke(Method.java:597) ~[na:1.6.0_38]
	at org.springframework.beans.factory.annotation.InitDestroyAnnotationBeanPostProcessor$LifecycleElement.invoke(InitDestroyAnnotationBeanPostProcessor.java:340) [spring-beans-3.0.6.RELEASE.jar:3.0.6.RELEASE]
	at org.springframework.beans.factory.annotation.InitDestroyAnnotationBeanPostProcessor$LifecycleMetadata.invokeDestroyMethods(InitDestroyAnnotationBeanPostProcessor.java:305) [spring-beans-3.0.6.RELEASE.jar:3.0.6.RELEASE]
	at org.springframework.beans.factory.annotation.InitDestroyAnnotationBeanPostProcessor.postProcessBeforeDestruction(InitDestroyAnnotationBeanPostProcessor.java:148) [spring-beans-3.0.6.RELEASE.jar:3.0.6.RELEASE]
	at org.springframework.beans.factory.support.DisposableBeanAdapter.destroy(DisposableBeanAdapter.java:166) [spring-beans-3.0.6.RELEASE.jar:3.0.6.RELEASE]
	at org.springframework.beans.factory.support.DefaultSingletonBeanRegistry.destroyBean(DefaultSingletonBeanRegistry.java:487) [spring-beans-3.0.6.RELEASE.jar:3.0.6.RELEASE]
	at org.springframework.beans.factory.support.DefaultSingletonBeanRegistry.destroySingleton(DefaultSingletonBeanRegistry.java:463) [spring-beans-3.0.6.RELEASE.jar:3.0.6.RELEASE]
	at org.springframework.beans.factory.support.DefaultSingletonBeanRegistry.destroySingletons(DefaultSingletonBeanRegistry.java:431) [spring-beans-3.0.6.RELEASE.jar:3.0.6.RELEASE]
	at org.springframework.context.support.AbstractApplicationContext.destroyBeans(AbstractApplicationContext.java:1048) [spring-context-3.0.6.RELEASE.jar:3.0.6.RELEASE]
	at org.springframework.context.support.AbstractApplicationContext.refresh(AbstractApplicationContext.java:433) [spring-context-3.0.6.RELEASE.jar:3.0.6.RELEASE]
	at org.springframework.test.context.support.AbstractGenericContextLoader.loadContext(AbstractGenericContextLoader.java:84) [spring-test-3.0.6.RELEASE.jar:3.0.6.RELEASE]
	at org.springframework.test.context.support.AbstractGenericContextLoader.loadContext(AbstractGenericContextLoader.java:1) [spring-test-3.0.6.RELEASE.jar:3.0.6.RELEASE]
	at org.springframework.test.context.TestContext.loadApplicationContext(TestContext.java:280) [spring-test-3.0.6.RELEASE.jar:3.0.6.RELEASE]
	at org.springframework.test.context.TestContext.getApplicationContext(TestContext.java:304) [spring-test-3.0.6.RELEASE.jar:3.0.6.RELEASE]
	at org.springframework.test.context.support.DependencyInjectionTestExecutionListener.injectDependencies(DependencyInjectionTestExecutionListener.java:109) [spring-test-3.0.6.RELEASE.jar:3.0.6.RELEASE]
	at org.springframework.test.context.support.DependencyInjectionTestExecutionListener.prepareTestInstance(DependencyInjectionTestExecutionListener.java:75) [spring-test-3.0.6.RELEASE.jar:3.0.6.RELEASE]
	at org.springframework.test.context.TestContextManager.prepareTestInstance(TestContextManager.java:321) [spring-test-3.0.6.RELEASE.jar:3.0.6.RELEASE]
	at org.spockframework.spring.SpringTestContextManager.prepareTestInstance(SpringTestContextManager.java:49) [spock-spring-0.7-groovy-2.0.jar:na]
	at org.spockframework.spring.SpringInterceptor.interceptSetupMethod(SpringInterceptor.java:42) [spock-spring-0.7-groovy-2.0.jar:na]
	at org.spockframework.runtime.extension.AbstractMethodInterceptor.intercept(AbstractMethodInterceptor.java:28) [spock-core-0.7-groovy-2.0.jar:na]
	at org.spockframework.runtime.extension.MethodInvocation.proceed(MethodInvocation.java:84) [spock-core-0.7-groovy-2.0.jar:na]
	at org.spockframework.runtime.BaseSpecRunner.invoke(BaseSpecRunner.java:319) [spock-core-0.7-groovy-2.0.jar:na]
	at org.spockframework.runtime.BaseSpecRunner.invokeSetup(BaseSpecRunner.java:279) [spock-core-0.7-groovy-2.0.jar:na]
	at org.spockframework.runtime.BaseSpecRunner.doRunIteration(BaseSpecRunner.java:255) [spock-core-0.7-groovy-2.0.jar:na]
	at sun.reflect.GeneratedMethodAccessor5.invoke(Unknown Source) ~[na:na]
	at sun.reflect.DelegatingMethodAccessorImpl.invoke(DelegatingMethodAccessorImpl.java:25) ~[na:1.6.0_38]
	at java.lang.reflect.Method.invoke(Method.java:597) ~[na:1.6.0_38]
	at org.spockframework.util.ReflectionUtil.invokeMethod(ReflectionUtil.java:138) [spock-core-0.7-groovy-2.0.jar:na]
	at org.spockframework.runtime.BaseSpecRunner.invokeRaw(BaseSpecRunner.java:330) [spock-core-0.7-groovy-2.0.jar:na]
	at org.spockframework.runtime.BaseSpecRunner.invoke(BaseSpecRunner.java:311) [spock-core-0.7-groovy-2.0.jar:na]
	at org.spockframework.runtime.BaseSpecRunner.runIteration(BaseSpecRunner.java:223) [spock-core-0.7-groovy-2.0.jar:na]
	at org.spockframework.runtime.BaseSpecRunner.initializeAndRunIteration(BaseSpecRunner.java:214) [spock-core-0.7-groovy-2.0.jar:na]
	at org.spockframework.runtime.BaseSpecRunner.runSimpleFeature(BaseSpecRunner.java:205) [spock-core-0.7-groovy-2.0.jar:na]
	at org.spockframework.runtime.BaseSpecRunner.doRunFeature(BaseSpecRunner.java:199) [spock-core-0.7-groovy-2.0.jar:na]
	at sun.reflect.GeneratedMethodAccessor7.invoke(Unknown Source) ~[na:na]
	at sun.reflect.DelegatingMethodAccessorImpl.invoke(DelegatingMethodAccessorImpl.java:25) ~[na:1.6.0_38]
	at java.lang.reflect.Method.invoke(Method.java:597) ~[na:1.6.0_38]
	at org.spockframework.util.ReflectionUtil.invokeMethod(ReflectionUtil.java:138) [spock-core-0.7-groovy-2.0.jar:na]
	at org.spockframework.runtime.BaseSpecRunner.invokeRaw(BaseSpecRunner.java:330) [spock-core-0.7-groovy-2.0.jar:na]
	at org.spockframework.runtime.BaseSpecRunner.invoke(BaseSpecRunner.java:311) [spock-core-0.7-groovy-2.0.jar:na]
	at org.spockframework.runtime.BaseSpecRunner.runFeature(BaseSpecRunner.java:175) [spock-core-0.7-groovy-2.0.jar:na]
	at org.spockframework.runtime.BaseSpecRunner.runFeatures(BaseSpecRunner.java:152) [spock-core-0.7-groovy-2.0.jar:na]
	at org.spockframework.runtime.BaseSpecRunner.doRunSpec(BaseSpecRunner.java:112) [spock-core-0.7-groovy-2.0.jar:na]
	at sun.reflect.GeneratedMethodAccessor11.invoke(Unknown Source) ~[na:na]
	at sun.reflect.DelegatingMethodAccessorImpl.invoke(DelegatingMethodAccessorImpl.java:25) ~[na:1.6.0_38]
	at java.lang.reflect.Method.invoke(Method.java:597) ~[na:1.6.0_38]
	at org.spockframework.util.ReflectionUtil.invokeMethod(ReflectionUtil.java:138) [spock-core-0.7-groovy-2.0.jar:na]
	at org.spockframework.runtime.BaseSpecRunner.invokeRaw(BaseSpecRunner.java:330) [spock-core-0.7-groovy-2.0.jar:na]
	at org.spockframework.runtime.BaseSpecRunner.invoke(BaseSpecRunner.java:311) [spock-core-0.7-groovy-2.0.jar:na]
	at org.spockframework.runtime.BaseSpecRunner.runSpec(BaseSpecRunner.java:91) [spock-core-0.7-groovy-2.0.jar:na]
	at org.spockframework.runtime.BaseSpecRunner.run(BaseSpecRunner.java:82) [spock-core-0.7-groovy-2.0.jar:na]
	at org.spockframework.runtime.Sputnik.run(Sputnik.java:63) [spock-core-0.7-groovy-2.0.jar:na]
	at org.apache.maven.surefire.junit4.JUnit4TestSet.execute(JUnit4TestSet.java:53) [surefire-junit4-2.10.jar:2.10]
	at org.apache.maven.surefire.junit4.JUnit4Provider.executeTestSet(JUnit4Provider.java:123) [surefire-junit4-2.10.jar:2.10]
	at org.apache.maven.surefire.junit4.JUnit4Provider.invoke(JUnit4Provider.java:104) [surefire-junit4-2.10.jar:2.10]
	at sun.reflect.NativeMethodAccessorImpl.invoke0(Native Method) ~[na:1.6.0_38]
	at sun.reflect.NativeMethodAccessorImpl.invoke(NativeMethodAccessorImpl.java:39) ~[na:1.6.0_38]
	at sun.reflect.DelegatingMethodAccessorImpl.invoke(DelegatingMethodAccessorImpl.java:25) ~[na:1.6.0_38]
	at java.lang.reflect.Method.invoke(Method.java:597) ~[na:1.6.0_38]
	at org.apache.maven.surefire.util.ReflectionUtils.invokeMethodWithArray(ReflectionUtils.java:164) [surefire-api-2.10.jar:2.10]
	at org.apache.maven.surefire.booter.ProviderFactory$ProviderProxy.invoke(ProviderFactory.java:110) [surefire-booter-2.10.jar:2.10]
	at org.apache.maven.surefire.booter.SurefireStarter.invokeProvider(SurefireStarter.java:175) [surefire-booter-2.10.jar:2.10]
	at org.apache.maven.surefire.booter.SurefireStarter.runSuitesInProcessWhenForked(SurefireStarter.java:107) [surefire-booter-2.10.jar:2.10]
	at org.apache.maven.surefire.booter.ForkedBooter.main(ForkedBooter.java:68) [surefire-booter-2.10.jar:2.10]
22:05:24.867 [main] WARN  o.s.c.a.CommonAnnotationBeanPostProcessor - Invocation of destroy method failed on bean with name &apos;coreTicketSecondPassSyncJob&apos;: com.rackspace.search.exception.NotFoundException: Index is missing
22:05:24.871 [main] ERROR c.r.s.e.client.ElasticSearchClient - Index is missing
org.elasticsearch.indices.IndexMissingException: [admin] missing
	at org.elasticsearch.cluster.metadata.MetaData.concreteIndex(MetaData.java:616) ~[elasticsearch-0.90.2.jar:na]
	at org.elasticsearch.action.get.TransportGetAction.resolveRequest(TransportGetAction.java:90) ~[elasticsearch-0.90.2.jar:na]
	at org.elasticsearch.action.get.TransportGetAction.resolveRequest(TransportGetAction.java:42) ~[elasticsearch-0.90.2.jar:na]
	at org.elasticsearch.action.support.single.shard.TransportShardSingleOperationAction$AsyncSingleAction.&lt;init&gt;(TransportShardSingleOperationAction.java:114) ~[elasticsearch-0.90.2.jar:na]
	at org.elasticsearch.action.support.single.shard.TransportShardSingleOperationAction$AsyncSingleAction.&lt;init&gt;(TransportShardSingleOperationAction.java:94) ~[elasticsearch-0.90.2.jar:na]
	at org.elasticsearch.action.support.single.shard.TransportShardSingleOperationAction.doExecute(TransportShardSingleOperationAction.java:71) ~[elasticsearch-0.90.2.jar:na]
	at org.elasticsearch.action.support.single.shard.TransportShardSingleOperationAction.doExecute(TransportShardSingleOperationAction.java:46) ~[elasticsearch-0.90.2.jar:na]
	at org.elasticsearch.action.support.TransportAction.execute(TransportAction.java:61) ~[elasticsearch-0.90.2.jar:na]
	at org.elasticsearch.client.node.NodeClient.execute(NodeClient.java:92) ~[elasticsearch-0.90.2.jar:na]
	at org.elasticsearch.client.support.AbstractClient.get(AbstractClient.java:179) ~[elasticsearch-0.90.2.jar:na]
	at org.elasticsearch.action.get.GetRequestBuilder.doExecute(GetRequestBuilder.java:112) ~[elasticsearch-0.90.2.jar:na]
	at org.elasticsearch.action.ActionRequestBuilder.execute(ActionRequestBuilder.java:62) ~[elasticsearch-0.90.2.jar:na]
	at org.elasticsearch.action.ActionRequestBuilder.execute(ActionRequestBuilder.java:57) ~[elasticsearch-0.90.2.jar:na]
	at org.elasticsearch.action.ActionRequestBuilder$execute.call(Unknown Source) ~[na:na]
	at com.rackspace.search.elasticsearch.client.ElasticSearchClient.getDocument(ElasticSearchClient.groovy:209) ~[classes/:na]
	at com.rackspace.search.elasticsearch.client.ElasticSearchClient$getDocument.call(Unknown Source) [classes/:na]
	at com.rackspace.search.service.JobService.getJob(JobService.groovy:56) [classes/:na]
	at com.rackspace.search.service.JobService$getJob$0.callCurrent(Unknown Source) [classes/:na]
	at com.rackspace.search.service.JobService.getJob(JobService.groovy:52) [classes/:na]
	at com.rackspace.search.service.JobService$getJob.call(Unknown Source) [classes/:na]
	at com.rackspace.search.service.admin.CoreTicketOndemandSyncJob.windupActivities(CoreTicketOndemandSyncJob.groovy:91) [classes/:na]
	at sun.reflect.NativeMethodAccessorImpl.invoke0(Native Method) ~[na:1.6.0_38]
	at sun.reflect.NativeMethodAccessorImpl.invoke(NativeMethodAccessorImpl.java:39) ~[na:1.6.0_38]
	at sun.reflect.DelegatingMethodAccessorImpl.invoke(DelegatingMethodAccessorImpl.java:25) ~[na:1.6.0_38]
	at java.lang.reflect.Method.invoke(Method.java:597) ~[na:1.6.0_38]
	at org.springframework.beans.factory.annotation.InitDestroyAnnotationBeanPostProcessor$LifecycleElement.invoke(InitDestroyAnnotationBeanPostProcessor.java:340) [spring-beans-3.0.6.RELEASE.jar:3.0.6.RELEASE]
	at org.springframework.beans.factory.annotation.InitDestroyAnnotationBeanPostProcessor$LifecycleMetadata.invokeDestroyMethods(InitDestroyAnnotationBeanPostProcessor.java:305) [spring-beans-3.0.6.RELEASE.jar:3.0.6.RELEASE]
	at org.springframework.beans.factory.annotation.InitDestroyAnnotationBeanPostProcessor.postProcessBeforeDestruction(InitDestroyAnnotationBeanPostProcessor.java:148) [spring-beans-3.0.6.RELEASE.jar:3.0.6.RELEASE]
	at org.springframework.beans.factory.support.DisposableBeanAdapter.destroy(DisposableBeanAdapter.java:166) [spring-beans-3.0.6.RELEASE.jar:3.0.6.RELEASE]
	at org.springframework.beans.factory.support.DefaultSingletonBeanRegistry.destroyBean(DefaultSingletonBeanRegistry.java:487) [spring-beans-3.0.6.RELEASE.jar:3.0.6.RELEASE]
	at org.springframework.beans.factory.support.DefaultSingletonBeanRegistry.destroySingleton(DefaultSingletonBeanRegistry.java:463) [spring-beans-3.0.6.RELEASE.jar:3.0.6.RELEASE]
	at org.springframework.beans.factory.support.DefaultSingletonBeanRegistry.destroySingletons(DefaultSingletonBeanRegistry.java:431) [spring-beans-3.0.6.RELEASE.jar:3.0.6.RELEASE]
	at org.springframework.context.support.AbstractApplicationContext.destroyBeans(AbstractApplicationContext.java:1048) [spring-context-3.0.6.RELEASE.jar:3.0.6.RELEASE]
	at org.springframework.context.support.AbstractApplicationContext.refresh(AbstractApplicationContext.java:433) [spring-context-3.0.6.RELEASE.jar:3.0.6.RELEASE]
	at org.springframework.test.context.support.AbstractGenericContextLoader.loadContext(AbstractGenericContextLoader.java:84) [spring-test-3.0.6.RELEASE.jar:3.0.6.RELEASE]
	at org.springframework.test.context.support.AbstractGenericContextLoader.loadContext(AbstractGenericContextLoader.java:1) [spring-test-3.0.6.RELEASE.jar:3.0.6.RELEASE]
	at org.springframework.test.context.TestContext.loadApplicationContext(TestContext.java:280) [spring-test-3.0.6.RELEASE.jar:3.0.6.RELEASE]
	at org.springframework.test.context.TestContext.getApplicationContext(TestContext.java:304) [spring-test-3.0.6.RELEASE.jar:3.0.6.RELEASE]
	at org.springframework.test.context.support.DependencyInjectionTestExecutionListener.injectDependencies(DependencyInjectionTestExecutionListener.java:109) [spring-test-3.0.6.RELEASE.jar:3.0.6.RELEASE]
	at org.springframework.test.context.support.DependencyInjectionTestExecutionListener.prepareTestInstance(DependencyInjectionTestExecutionListener.java:75) [spring-test-3.0.6.RELEASE.jar:3.0.6.RELEASE]
	at org.springframework.test.context.TestContextManager.prepareTestInstance(TestContextManager.java:321) [spring-test-3.0.6.RELEASE.jar:3.0.6.RELEASE]
	at org.spockframework.spring.SpringTestContextManager.prepareTestInstance(SpringTestContextManager.java:49) [spock-spring-0.7-groovy-2.0.jar:na]
	at org.spockframework.spring.SpringInterceptor.interceptSetupMethod(SpringInterceptor.java:42) [spock-spring-0.7-groovy-2.0.jar:na]
	at org.spockframework.runtime.extension.AbstractMethodInterceptor.intercept(AbstractMethodInterceptor.java:28) [spock-core-0.7-groovy-2.0.jar:na]
	at org.spockframework.runtime.extension.MethodInvocation.proceed(MethodInvocation.java:84) [spock-core-0.7-groovy-2.0.jar:na]
	at org.spockframework.runtime.BaseSpecRunner.invoke(BaseSpecRunner.java:319) [spock-core-0.7-groovy-2.0.jar:na]
	at org.spockframework.runtime.BaseSpecRunner.invokeSetup(BaseSpecRunner.java:279) [spock-core-0.7-groovy-2.0.jar:na]
	at org.spockframework.runtime.BaseSpecRunner.doRunIteration(BaseSpecRunner.java:255) [spock-core-0.7-groovy-2.0.jar:na]
	at sun.reflect.GeneratedMethodAccessor5.invoke(Unknown Source) ~[na:na]
	at sun.reflect.DelegatingMethodAccessorImpl.invoke(DelegatingMethodAccessorImpl.java:25) ~[na:1.6.0_38]
	at java.lang.reflect.Method.invoke(Method.java:597) ~[na:1.6.0_38]
	at org.spockframework.util.ReflectionUtil.invokeMethod(ReflectionUtil.java:138) [spock-core-0.7-groovy-2.0.jar:na]
	at org.spockframework.runtime.BaseSpecRunner.invokeRaw(BaseSpecRunner.java:330) [spock-core-0.7-groovy-2.0.jar:na]
	at org.spockframework.runtime.BaseSpecRunner.invoke(BaseSpecRunner.java:311) [spock-core-0.7-groovy-2.0.jar:na]
	at org.spockframework.runtime.BaseSpecRunner.runIteration(BaseSpecRunner.java:223) [spock-core-0.7-groovy-2.0.jar:na]
	at org.spockframework.runtime.BaseSpecRunner.initializeAndRunIteration(BaseSpecRunner.java:214) [spock-core-0.7-groovy-2.0.jar:na]
	at org.spockframework.runtime.BaseSpecRunner.runSimpleFeature(BaseSpecRunner.java:205) [spock-core-0.7-groovy-2.0.jar:na]
	at org.spockframework.runtime.BaseSpecRunner.doRunFeature(BaseSpecRunner.java:199) [spock-core-0.7-groovy-2.0.jar:na]
	at sun.reflect.GeneratedMethodAccessor7.invoke(Unknown Source) ~[na:na]
	at sun.reflect.DelegatingMethodAccessorImpl.invoke(DelegatingMethodAccessorImpl.java:25) ~[na:1.6.0_38]
	at java.lang.reflect.Method.invoke(Method.java:597) ~[na:1.6.0_38]
	at org.spockframework.util.ReflectionUtil.invokeMethod(ReflectionUtil.java:138) [spock-core-0.7-groovy-2.0.jar:na]
	at org.spockframework.runtime.BaseSpecRunner.invokeRaw(BaseSpecRunner.java:330) [spock-core-0.7-groovy-2.0.jar:na]
	at org.spockframework.runtime.BaseSpecRunner.invoke(BaseSpecRunner.java:311) [spock-core-0.7-groovy-2.0.jar:na]
	at org.spockframework.runtime.BaseSpecRunner.runFeature(BaseSpecRunner.java:175) [spock-core-0.7-groovy-2.0.jar:na]
	at org.spockframework.runtime.BaseSpecRunner.runFeatures(BaseSpecRunner.java:152) [spock-core-0.7-groovy-2.0.jar:na]
	at org.spockframework.runtime.BaseSpecRunner.doRunSpec(BaseSpecRunner.java:112) [spock-core-0.7-groovy-2.0.jar:na]
	at sun.reflect.GeneratedMethodAccessor11.invoke(Unknown Source) ~[na:na]
	at sun.reflect.DelegatingMethodAccessorImpl.invoke(DelegatingMethodAccessorImpl.java:25) ~[na:1.6.0_38]
	at java.lang.reflect.Method.invoke(Method.java:597) ~[na:1.6.0_38]
	at org.spockframework.util.ReflectionUtil.invokeMethod(ReflectionUtil.java:138) [spock-core-0.7-groovy-2.0.jar:na]
	at org.spockframework.runtime.BaseSpecRunner.invokeRaw(BaseSpecRunner.java:330) [spock-core-0.7-groovy-2.0.jar:na]
	at org.spockframework.runtime.BaseSpecRunner.invoke(BaseSpecRunner.java:311) [spock-core-0.7-groovy-2.0.jar:na]
	at org.spockframework.runtime.BaseSpecRunner.runSpec(BaseSpecRunner.java:91) [spock-core-0.7-groovy-2.0.jar:na]
	at org.spockframework.runtime.BaseSpecRunner.run(BaseSpecRunner.java:82) [spock-core-0.7-groovy-2.0.jar:na]
	at org.spockframework.runtime.Sputnik.run(Sputnik.java:63) [spock-core-0.7-groovy-2.0.jar:na]
	at org.apache.maven.surefire.junit4.JUnit4TestSet.execute(JUnit4TestSet.java:53) [surefire-junit4-2.10.jar:2.10]
	at org.apache.maven.surefire.junit4.JUnit4Provider.executeTestSet(JUnit4Provider.java:123) [surefire-junit4-2.10.jar:2.10]
	at org.apache.maven.surefire.junit4.JUnit4Provider.invoke(JUnit4Provider.java:104) [surefire-junit4-2.10.jar:2.10]
	at sun.reflect.NativeMethodAccessorImpl.invoke0(Native Method) ~[na:1.6.0_38]
	at sun.reflect.NativeMethodAccessorImpl.invoke(NativeMethodAccessorImpl.java:39) ~[na:1.6.0_38]
	at sun.reflect.DelegatingMethodAccessorImpl.invoke(DelegatingMethodAccessorImpl.java:25) ~[na:1.6.0_38]
	at java.lang.reflect.Method.invoke(Method.java:597) ~[na:1.6.0_38]
	at org.apache.maven.surefire.util.ReflectionUtils.invokeMethodWithArray(ReflectionUtils.java:164) [surefire-api-2.10.jar:2.10]
	at org.apache.maven.surefire.booter.ProviderFactory$ProviderProxy.invoke(ProviderFactory.java:110) [surefire-booter-2.10.jar:2.10]
	at org.apache.maven.surefire.booter.SurefireStarter.invokeProvider(SurefireStarter.java:175) [surefire-booter-2.10.jar:2.10]
	at org.apache.maven.surefire.booter.SurefireStarter.runSuitesInProcessWhenForked(SurefireStarter.java:107) [surefire-booter-2.10.jar:2.10]
	at org.apache.maven.surefire.booter.ForkedBooter.main(ForkedBooter.java:68) [surefire-booter-2.10.jar:2.10]
22:05:24.872 [main] WARN  o.s.c.a.CommonAnnotationBeanPostProcessor - Invocation of destroy method failed on bean with name &apos;coreTicketOndemandSyncJob&apos;: com.rackspace.search.exception.NotFoundException: Index is missing
22:05:24.876 [main] ERROR c.r.s.e.client.ElasticSearchClient - Index is missing
org.elasticsearch.indices.IndexMissingException: [admin] missing
	at org.elasticsearch.cluster.metadata.MetaData.concreteIndex(MetaData.java:616) ~[elasticsearch-0.90.2.jar:na]
	at org.elasticsearch.action.get.TransportGetAction.resolveRequest(TransportGetAction.java:90) ~[elasticsearch-0.90.2.jar:na]
	at org.elasticsearch.action.get.TransportGetAction.resolveRequest(TransportGetAction.java:42) ~[elasticsearch-0.90.2.jar:na]
	at org.elasticsearch.action.support.single.shard.TransportShardSingleOperationAction$AsyncSingleAction.&lt;init&gt;(TransportShardSingleOperationAction.java:114) ~[elasticsearch-0.90.2.jar:na]
	at org.elasticsearch.action.support.single.shard.TransportShardSingleOperationAction$AsyncSingleAction.&lt;init&gt;(TransportShardSingleOperationAction.java:94) ~[elasticsearch-0.90.2.jar:na]
	at org.elasticsearch.action.support.single.shard.TransportShardSingleOperationAction.doExecute(TransportShardSingleOperationAction.java:71) ~[elasticsearch-0.90.2.jar:na]
	at org.elasticsearch.action.support.single.shard.TransportShardSingleOperationAction.doExecute(TransportShardSingleOperationAction.java:46) ~[elasticsearch-0.90.2.jar:na]
	at org.elasticsearch.action.support.TransportAction.execute(TransportAction.java:61) ~[elasticsearch-0.90.2.jar:na]
	at org.elasticsearch.client.node.NodeClient.execute(NodeClient.java:92) ~[elasticsearch-0.90.2.jar:na]
	at org.elasticsearch.client.support.AbstractClient.get(AbstractClient.java:179) ~[elasticsearch-0.90.2.jar:na]
	at org.elasticsearch.action.get.GetRequestBuilder.doExecute(GetRequestBuilder.java:112) ~[elasticsearch-0.90.2.jar:na]
	at org.elasticsearch.action.ActionRequestBuilder.execute(ActionRequestBuilder.java:62) ~[elasticsearch-0.90.2.jar:na]
	at org.elasticsearch.action.ActionRequestBuilder.execute(ActionRequestBuilder.java:57) ~[elasticsearch-0.90.2.jar:na]
	at org.elasticsearch.action.ActionRequestBuilder$execute.call(Unknown Source) ~[na:na]
	at com.rackspace.search.elasticsearch.client.ElasticSearchClient.getDocument(ElasticSearchClient.groovy:209) ~[classes/:na]
	at com.rackspace.search.elasticsearch.client.ElasticSearchClient$getDocument.call(Unknown Source) [classes/:na]
	at com.rackspace.search.service.JobService.getJob(JobService.groovy:56) [classes/:na]
	at com.rackspace.search.service.JobService$getJob$0.callCurrent(Unknown Source) [classes/:na]
	at com.rackspace.search.service.JobService.getJob(JobService.groovy:52) [classes/:na]
	at com.rackspace.search.service.JobService$getJob.call(Unknown Source) [classes/:na]
	at com.rackspace.search.service.account.AccountOngoingSyncJob.windupActivities(AccountOngoingSyncJob.groovy:89) [classes/:na]
	at sun.reflect.NativeMethodAccessorImpl.invoke0(Native Method) ~[na:1.6.0_38]
	at sun.reflect.NativeMethodAccessorImpl.invoke(NativeMethodAccessorImpl.java:39) ~[na:1.6.0_38]
	at sun.reflect.DelegatingMethodAccessorImpl.invoke(DelegatingMethodAccessorImpl.java:25) ~[na:1.6.0_38]
	at java.lang.reflect.Method.invoke(Method.java:597) ~[na:1.6.0_38]
	at org.springframework.beans.factory.annotation.InitDestroyAnnotationBeanPostProcessor$LifecycleElement.invoke(InitDestroyAnnotationBeanPostProcessor.java:340) [spring-beans-3.0.6.RELEASE.jar:3.0.6.RELEASE]
	at org.springframework.beans.factory.annotation.InitDestroyAnnotationBeanPostProcessor$LifecycleMetadata.invokeDestroyMethods(InitDestroyAnnotationBeanPostProcessor.java:305) [spring-beans-3.0.6.RELEASE.jar:3.0.6.RELEASE]
	at org.springframework.beans.factory.annotation.InitDestroyAnnotationBeanPostProcessor.postProcessBeforeDestruction(InitDestroyAnnotationBeanPostProcessor.java:148) [spring-beans-3.0.6.RELEASE.jar:3.0.6.RELEASE]
	at org.springframework.beans.factory.support.DisposableBeanAdapter.destroy(DisposableBeanAdapter.java:166) [spring-beans-3.0.6.RELEASE.jar:3.0.6.RELEASE]
	at org.springframework.beans.factory.support.DefaultSingletonBeanRegistry.destroyBean(DefaultSingletonBeanRegistry.java:487) [spring-beans-3.0.6.RELEASE.jar:3.0.6.RELEASE]
	at org.springframework.beans.factory.support.DefaultSingletonBeanRegistry.destroySingleton(DefaultSingletonBeanRegistry.java:463) [spring-beans-3.0.6.RELEASE.jar:3.0.6.RELEASE]
	at org.springframework.beans.factory.support.DefaultSingletonBeanRegistry.destroySingletons(DefaultSingletonBeanRegistry.java:431) [spring-beans-3.0.6.RELEASE.jar:3.0.6.RELEASE]
	at org.springframework.context.support.AbstractApplicationContext.destroyBeans(AbstractApplicationContext.java:1048) [spring-context-3.0.6.RELEASE.jar:3.0.6.RELEASE]
	at org.springframework.context.support.AbstractApplicationContext.refresh(AbstractApplicationContext.java:433) [spring-context-3.0.6.RELEASE.jar:3.0.6.RELEASE]
	at org.springframework.test.context.support.AbstractGenericContextLoader.loadContext(AbstractGenericContextLoader.java:84) [spring-test-3.0.6.RELEASE.jar:3.0.6.RELEASE]
	at org.springframework.test.context.support.AbstractGenericContextLoader.loadContext(AbstractGenericContextLoader.java:1) [spring-test-3.0.6.RELEASE.jar:3.0.6.RELEASE]
	at org.springframework.test.context.TestContext.loadApplicationContext(TestContext.java:280) [spring-test-3.0.6.RELEASE.jar:3.0.6.RELEASE]
	at org.springframework.test.context.TestContext.getApplicationContext(TestContext.java:304) [spring-test-3.0.6.RELEASE.jar:3.0.6.RELEASE]
	at org.springframework.test.context.support.DependencyInjectionTestExecutionListener.injectDependencies(DependencyInjectionTestExecutionListener.java:109) [spring-test-3.0.6.RELEASE.jar:3.0.6.RELEASE]
	at org.springframework.test.context.support.DependencyInjectionTestExecutionListener.prepareTestInstance(DependencyInjectionTestExecutionListener.java:75) [spring-test-3.0.6.RELEASE.jar:3.0.6.RELEASE]
	at org.springframework.test.context.TestContextManager.prepareTestInstance(TestContextManager.java:321) [spring-test-3.0.6.RELEASE.jar:3.0.6.RELEASE]
	at org.spockframework.spring.SpringTestContextManager.prepareTestInstance(SpringTestContextManager.java:49) [spock-spring-0.7-groovy-2.0.jar:na]
	at org.spockframework.spring.SpringInterceptor.interceptSetupMethod(SpringInterceptor.java:42) [spock-spring-0.7-groovy-2.0.jar:na]
	at org.spockframework.runtime.extension.AbstractMethodInterceptor.intercept(AbstractMethodInterceptor.java:28) [spock-core-0.7-groovy-2.0.jar:na]
	at org.spockframework.runtime.extension.MethodInvocation.proceed(MethodInvocation.java:84) [spock-core-0.7-groovy-2.0.jar:na]
	at org.spockframework.runtime.BaseSpecRunner.invoke(BaseSpecRunner.java:319) [spock-core-0.7-groovy-2.0.jar:na]
	at org.spockframework.runtime.BaseSpecRunner.invokeSetup(BaseSpecRunner.java:279) [spock-core-0.7-groovy-2.0.jar:na]
	at org.spockframework.runtime.BaseSpecRunner.doRunIteration(BaseSpecRunner.java:255) [spock-core-0.7-groovy-2.0.jar:na]
	at sun.reflect.GeneratedMethodAccessor5.invoke(Unknown Source) ~[na:na]
	at sun.reflect.DelegatingMethodAccessorImpl.invoke(DelegatingMethodAccessorImpl.java:25) ~[na:1.6.0_38]
	at java.lang.reflect.Method.invoke(Method.java:597) ~[na:1.6.0_38]
	at org.spockframework.util.ReflectionUtil.invokeMethod(ReflectionUtil.java:138) [spock-core-0.7-groovy-2.0.jar:na]
	at org.spockframework.runtime.BaseSpecRunner.invokeRaw(BaseSpecRunner.java:330) [spock-core-0.7-groovy-2.0.jar:na]
	at org.spockframework.runtime.BaseSpecRunner.invoke(BaseSpecRunner.java:311) [spock-core-0.7-groovy-2.0.jar:na]
	at org.spockframework.runtime.BaseSpecRunner.runIteration(BaseSpecRunner.java:223) [spock-core-0.7-groovy-2.0.jar:na]
	at org.spockframework.runtime.BaseSpecRunner.initializeAndRunIteration(BaseSpecRunner.java:214) [spock-core-0.7-groovy-2.0.jar:na]
	at org.spockframework.runtime.BaseSpecRunner.runSimpleFeature(BaseSpecRunner.java:205) [spock-core-0.7-groovy-2.0.jar:na]
	at org.spockframework.runtime.BaseSpecRunner.doRunFeature(BaseSpecRunner.java:199) [spock-core-0.7-groovy-2.0.jar:na]
	at sun.reflect.GeneratedMethodAccessor7.invoke(Unknown Source) ~[na:na]
	at sun.reflect.DelegatingMethodAccessorImpl.invoke(DelegatingMethodAccessorImpl.java:25) ~[na:1.6.0_38]
	at java.lang.reflect.Method.invoke(Method.java:597) ~[na:1.6.0_38]
	at org.spockframework.util.ReflectionUtil.invokeMethod(ReflectionUtil.java:138) [spock-core-0.7-groovy-2.0.jar:na]
	at org.spockframework.runtime.BaseSpecRunner.invokeRaw(BaseSpecRunner.java:330) [spock-core-0.7-groovy-2.0.jar:na]
	at org.spockframework.runtime.BaseSpecRunner.invoke(BaseSpecRunner.java:311) [spock-core-0.7-groovy-2.0.jar:na]
	at org.spockframework.runtime.BaseSpecRunner.runFeature(BaseSpecRunner.java:175) [spock-core-0.7-groovy-2.0.jar:na]
	at org.spockframework.runtime.BaseSpecRunner.runFeatures(BaseSpecRunner.java:152) [spock-core-0.7-groovy-2.0.jar:na]
	at org.spockframework.runtime.BaseSpecRunner.doRunSpec(BaseSpecRunner.java:112) [spock-core-0.7-groovy-2.0.jar:na]
	at sun.reflect.GeneratedMethodAccessor11.invoke(Unknown Source) ~[na:na]
	at sun.reflect.DelegatingMethodAccessorImpl.invoke(DelegatingMethodAccessorImpl.java:25) ~[na:1.6.0_38]
	at java.lang.reflect.Method.invoke(Method.java:597) ~[na:1.6.0_38]
	at org.spockframework.util.ReflectionUtil.invokeMethod(ReflectionUtil.java:138) [spock-core-0.7-groovy-2.0.jar:na]
	at org.spockframework.runtime.BaseSpecRunner.invokeRaw(BaseSpecRunner.java:330) [spock-core-0.7-groovy-2.0.jar:na]
	at org.spockframework.runtime.BaseSpecRunner.invoke(BaseSpecRunner.java:311) [spock-core-0.7-groovy-2.0.jar:na]
	at org.spockframework.runtime.BaseSpecRunner.runSpec(BaseSpecRunner.java:91) [spock-core-0.7-groovy-2.0.jar:na]
	at org.spockframework.runtime.BaseSpecRunner.run(BaseSpecRunner.java:82) [spock-core-0.7-groovy-2.0.jar:na]
	at org.spockframework.runtime.Sputnik.run(Sputnik.java:63) [spock-core-0.7-groovy-2.0.jar:na]
	at org.apache.maven.surefire.junit4.JUnit4TestSet.execute(JUnit4TestSet.java:53) [surefire-junit4-2.10.jar:2.10]
	at org.apache.maven.surefire.junit4.JUnit4Provider.executeTestSet(JUnit4Provider.java:123) [surefire-junit4-2.10.jar:2.10]
	at org.apache.maven.surefire.junit4.JUnit4Provider.invoke(JUnit4Provider.java:104) [surefire-junit4-2.10.jar:2.10]
	at sun.reflect.NativeMethodAccessorImpl.invoke0(Native Method) ~[na:1.6.0_38]
	at sun.reflect.NativeMethodAccessorImpl.invoke(NativeMethodAccessorImpl.java:39) ~[na:1.6.0_38]
	at sun.reflect.DelegatingMethodAccessorImpl.invoke(DelegatingMethodAccessorImpl.java:25) ~[na:1.6.0_38]
	at java.lang.reflect.Method.invoke(Method.java:597) ~[na:1.6.0_38]
	at org.apache.maven.surefire.util.ReflectionUtils.invokeMethodWithArray(ReflectionUtils.java:164) [surefire-api-2.10.jar:2.10]
	at org.apache.maven.surefire.booter.ProviderFactory$ProviderProxy.invoke(ProviderFactory.java:110) [surefire-booter-2.10.jar:2.10]
	at org.apache.maven.surefire.booter.SurefireStarter.invokeProvider(SurefireStarter.java:175) [surefire-booter-2.10.jar:2.10]
	at org.apache.maven.surefire.booter.SurefireStarter.runSuitesInProcessWhenForked(SurefireStarter.java:107) [surefire-booter-2.10.jar:2.10]
	at org.apache.maven.surefire.booter.ForkedBooter.main(ForkedBooter.java:68) [surefire-booter-2.10.jar:2.10]
22:05:24.877 [main] WARN  o.s.c.a.CommonAnnotationBeanPostProcessor - Invocation of destroy method failed on bean with name &apos;accountOngoingSyncJob&apos;: com.rackspace.search.exception.NotFoundException: Index is missing
22:05:24.881 [main] ERROR c.r.s.e.client.ElasticSearchClient - Index is missing
org.elasticsearch.indices.IndexMissingException: [admin] missing
	at org.elasticsearch.cluster.metadata.MetaData.concreteIndex(MetaData.java:616) ~[elasticsearch-0.90.2.jar:na]
	at org.elasticsearch.action.get.TransportGetAction.resolveRequest(TransportGetAction.java:90) ~[elasticsearch-0.90.2.jar:na]
	at org.elasticsearch.action.get.TransportGetAction.resolveRequest(TransportGetAction.java:42) ~[elasticsearch-0.90.2.jar:na]
	at org.elasticsearch.action.support.single.shard.TransportShardSingleOperationAction$AsyncSingleAction.&lt;init&gt;(TransportShardSingleOperationAction.java:114) ~[elasticsearch-0.90.2.jar:na]
	at org.elasticsearch.action.support.single.shard.TransportShardSingleOperationAction$AsyncSingleAction.&lt;init&gt;(TransportShardSingleOperationAction.java:94) ~[elasticsearch-0.90.2.jar:na]
	at org.elasticsearch.action.support.single.shard.TransportShardSingleOperationAction.doExecute(TransportShardSingleOperationAction.java:71) ~[elasticsearch-0.90.2.jar:na]
	at org.elasticsearch.action.support.single.shard.TransportShardSingleOperationAction.doExecute(TransportShardSingleOperationAction.java:46) ~[elasticsearch-0.90.2.jar:na]
	at org.elasticsearch.action.support.TransportAction.execute(TransportAction.java:61) ~[elasticsearch-0.90.2.jar:na]
	at org.elasticsearch.client.node.NodeClient.execute(NodeClient.java:92) ~[elasticsearch-0.90.2.jar:na]
	at org.elasticsearch.client.support.AbstractClient.get(AbstractClient.java:179) ~[elasticsearch-0.90.2.jar:na]
	at org.elasticsearch.action.get.GetRequestBuilder.doExecute(GetRequestBuilder.java:112) ~[elasticsearch-0.90.2.jar:na]
	at org.elasticsearch.action.ActionRequestBuilder.execute(ActionRequestBuilder.java:62) ~[elasticsearch-0.90.2.jar:na]
	at org.elasticsearch.action.ActionRequestBuilder.execute(ActionRequestBuilder.java:57) ~[elasticsearch-0.90.2.jar:na]
	at org.elasticsearch.action.ActionRequestBuilder$execute.call(Unknown Source) ~[na:na]
	at com.rackspace.search.elasticsearch.client.ElasticSearchClient.getDocument(ElasticSearchClient.groovy:209) ~[classes/:na]
	at com.rackspace.search.elasticsearch.client.ElasticSearchClient$getDocument.call(Unknown Source) [classes/:na]
	at com.rackspace.search.service.JobService.getJob(JobService.groovy:56) [classes/:na]
	at com.rackspace.search.service.JobService$getJob$0.callCurrent(Unknown Source) [classes/:na]
	at com.rackspace.search.service.JobService.getJob(JobService.groovy:52) [classes/:na]
	at com.rackspace.search.service.JobService$getJob.call(Unknown Source) [classes/:na]
	at com.rackspace.search.service.account.AccountOnetimeSyncJob.windupActivities(AccountOneTimeSyncJob.groovy:39) [classes/:na]
	at sun.reflect.NativeMethodAccessorImpl.invoke0(Native Method) ~[na:1.6.0_38]
	at sun.reflect.NativeMethodAccessorImpl.invoke(NativeMethodAccessorImpl.java:39) ~[na:1.6.0_38]
	at sun.reflect.DelegatingMethodAccessorImpl.invoke(DelegatingMethodAccessorImpl.java:25) ~[na:1.6.0_38]
	at java.lang.reflect.Method.invoke(Method.java:597) ~[na:1.6.0_38]
	at org.springframework.beans.factory.annotation.InitDestroyAnnotationBeanPostProcessor$LifecycleElement.invoke(InitDestroyAnnotationBeanPostProcessor.java:340) [spring-beans-3.0.6.RELEASE.jar:3.0.6.RELEASE]
	at org.springframework.beans.factory.annotation.InitDestroyAnnotationBeanPostProcessor$LifecycleMetadata.invokeDestroyMethods(InitDestroyAnnotationBeanPostProcessor.java:305) [spring-beans-3.0.6.RELEASE.jar:3.0.6.RELEASE]
	at org.springframework.beans.factory.annotation.InitDestroyAnnotationBeanPostProcessor.postProcessBeforeDestruction(InitDestroyAnnotationBeanPostProcessor.java:148) [spring-beans-3.0.6.RELEASE.jar:3.0.6.RELEASE]
	at org.springframework.beans.factory.support.DisposableBeanAdapter.destroy(DisposableBeanAdapter.java:166) [spring-beans-3.0.6.RELEASE.jar:3.0.6.RELEASE]
	at org.springframework.beans.factory.support.DefaultSingletonBeanRegistry.destroyBean(DefaultSingletonBeanRegistry.java:487) [spring-beans-3.0.6.RELEASE.jar:3.0.6.RELEASE]
	at org.springframework.beans.factory.support.DefaultSingletonBeanRegistry.destroySingleton(DefaultSingletonBeanRegistry.java:463) [spring-beans-3.0.6.RELEASE.jar:3.0.6.RELEASE]
	at org.springframework.beans.factory.support.DefaultSingletonBeanRegistry.destroySingletons(DefaultSingletonBeanRegistry.java:431) [spring-beans-3.0.6.RELEASE.jar:3.0.6.RELEASE]
	at org.springframework.context.support.AbstractApplicationContext.destroyBeans(AbstractApplicationContext.java:1048) [spring-context-3.0.6.RELEASE.jar:3.0.6.RELEASE]
	at org.springframework.context.support.AbstractApplicationContext.refresh(AbstractApplicationContext.java:433) [spring-context-3.0.6.RELEASE.jar:3.0.6.RELEASE]
	at org.springframework.test.context.support.AbstractGenericContextLoader.loadContext(AbstractGenericContextLoader.java:84) [spring-test-3.0.6.RELEASE.jar:3.0.6.RELEASE]
	at org.springframework.test.context.support.AbstractGenericContextLoader.loadContext(AbstractGenericContextLoader.java:1) [spring-test-3.0.6.RELEASE.jar:3.0.6.RELEASE]
	at org.springframework.test.context.TestContext.loadApplicationContext(TestContext.java:280) [spring-test-3.0.6.RELEASE.jar:3.0.6.RELEASE]
	at org.springframework.test.context.TestContext.getApplicationContext(TestContext.java:304) [spring-test-3.0.6.RELEASE.jar:3.0.6.RELEASE]
	at org.springframework.test.context.support.DependencyInjectionTestExecutionListener.injectDependencies(DependencyInjectionTestExecutionListener.java:109) [spring-test-3.0.6.RELEASE.jar:3.0.6.RELEASE]
	at org.springframework.test.context.support.DependencyInjectionTestExecutionListener.prepareTestInstance(DependencyInjectionTestExecutionListener.java:75) [spring-test-3.0.6.RELEASE.jar:3.0.6.RELEASE]
	at org.springframework.test.context.TestContextManager.prepareTestInstance(TestContextManager.java:321) [spring-test-3.0.6.RELEASE.jar:3.0.6.RELEASE]
	at org.spockframework.spring.SpringTestContextManager.prepareTestInstance(SpringTestContextManager.java:49) [spock-spring-0.7-groovy-2.0.jar:na]
	at org.spockframework.spring.SpringInterceptor.interceptSetupMethod(SpringInterceptor.java:42) [spock-spring-0.7-groovy-2.0.jar:na]
	at org.spockframework.runtime.extension.AbstractMethodInterceptor.intercept(AbstractMethodInterceptor.java:28) [spock-core-0.7-groovy-2.0.jar:na]
	at org.spockframework.runtime.extension.MethodInvocation.proceed(MethodInvocation.java:84) [spock-core-0.7-groovy-2.0.jar:na]
	at org.spockframework.runtime.BaseSpecRunner.invoke(BaseSpecRunner.java:319) [spock-core-0.7-groovy-2.0.jar:na]
	at org.spockframework.runtime.BaseSpecRunner.invokeSetup(BaseSpecRunner.java:279) [spock-core-0.7-groovy-2.0.jar:na]
	at org.spockframework.runtime.BaseSpecRunner.doRunIteration(BaseSpecRunner.java:255) [spock-core-0.7-groovy-2.0.jar:na]
	at sun.reflect.GeneratedMethodAccessor5.invoke(Unknown Source) ~[na:na]
	at sun.reflect.DelegatingMethodAccessorImpl.invoke(DelegatingMethodAccessorImpl.java:25) ~[na:1.6.0_38]
	at java.lang.reflect.Method.invoke(Method.java:597) ~[na:1.6.0_38]
	at org.spockframework.util.ReflectionUtil.invokeMethod(ReflectionUtil.java:138) [spock-core-0.7-groovy-2.0.jar:na]
	at org.spockframework.runtime.BaseSpecRunner.invokeRaw(BaseSpecRunner.java:330) [spock-core-0.7-groovy-2.0.jar:na]
	at org.spockframework.runtime.BaseSpecRunner.invoke(BaseSpecRunner.java:311) [spock-core-0.7-groovy-2.0.jar:na]
	at org.spockframework.runtime.BaseSpecRunner.runIteration(BaseSpecRunner.java:223) [spock-core-0.7-groovy-2.0.jar:na]
	at org.spockframework.runtime.BaseSpecRunner.initializeAndRunIteration(BaseSpecRunner.java:214) [spock-core-0.7-groovy-2.0.jar:na]
	at org.spockframework.runtime.BaseSpecRunner.runSimpleFeature(BaseSpecRunner.java:205) [spock-core-0.7-groovy-2.0.jar:na]
	at org.spockframework.runtime.BaseSpecRunner.doRunFeature(BaseSpecRunner.java:199) [spock-core-0.7-groovy-2.0.jar:na]
	at sun.reflect.GeneratedMethodAccessor7.invoke(Unknown Source) ~[na:na]
	at sun.reflect.DelegatingMethodAccessorImpl.invoke(DelegatingMethodAccessorImpl.java:25) ~[na:1.6.0_38]
	at java.lang.reflect.Method.invoke(Method.java:597) ~[na:1.6.0_38]
	at org.spockframework.util.ReflectionUtil.invokeMethod(ReflectionUtil.java:138) [spock-core-0.7-groovy-2.0.jar:na]
	at org.spockframework.runtime.BaseSpecRunner.invokeRaw(BaseSpecRunner.java:330) [spock-core-0.7-groovy-2.0.jar:na]
	at org.spockframework.runtime.BaseSpecRunner.invoke(BaseSpecRunner.java:311) [spock-core-0.7-groovy-2.0.jar:na]
	at org.spockframework.runtime.BaseSpecRunner.runFeature(BaseSpecRunner.java:175) [spock-core-0.7-groovy-2.0.jar:na]
	at org.spockframework.runtime.BaseSpecRunner.runFeatures(BaseSpecRunner.java:152) [spock-core-0.7-groovy-2.0.jar:na]
	at org.spockframework.runtime.BaseSpecRunner.doRunSpec(BaseSpecRunner.java:112) [spock-core-0.7-groovy-2.0.jar:na]
	at sun.reflect.GeneratedMethodAccessor11.invoke(Unknown Source) ~[na:na]
	at sun.reflect.DelegatingMethodAccessorImpl.invoke(DelegatingMethodAccessorImpl.java:25) ~[na:1.6.0_38]
	at java.lang.reflect.Method.invoke(Method.java:597) ~[na:1.6.0_38]
	at org.spockframework.util.ReflectionUtil.invokeMethod(ReflectionUtil.java:138) [spock-core-0.7-groovy-2.0.jar:na]
	at org.spockframework.runtime.BaseSpecRunner.invokeRaw(BaseSpecRunner.java:330) [spock-core-0.7-groovy-2.0.jar:na]
	at org.spockframework.runtime.BaseSpecRunner.invoke(BaseSpecRunner.java:311) [spock-core-0.7-groovy-2.0.jar:na]
	at org.spockframework.runtime.BaseSpecRunner.runSpec(BaseSpecRunner.java:91) [spock-core-0.7-groovy-2.0.jar:na]
	at org.spockframework.runtime.BaseSpecRunner.run(BaseSpecRunner.java:82) [spock-core-0.7-groovy-2.0.jar:na]
	at org.spockframework.runtime.Sputnik.run(Sputnik.java:63) [spock-core-0.7-groovy-2.0.jar:na]
	at org.apache.maven.surefire.junit4.JUnit4TestSet.execute(JUnit4TestSet.java:53) [surefire-junit4-2.10.jar:2.10]
	at org.apache.maven.surefire.junit4.JUnit4Provider.executeTestSet(JUnit4Provider.java:123) [surefire-junit4-2.10.jar:2.10]
	at org.apache.maven.surefire.junit4.JUnit4Provider.invoke(JUnit4Provider.java:104) [surefire-junit4-2.10.jar:2.10]
	at sun.reflect.NativeMethodAccessorImpl.invoke0(Native Method) ~[na:1.6.0_38]
	at sun.reflect.NativeMethodAccessorImpl.invoke(NativeMethodAccessorImpl.java:39) ~[na:1.6.0_38]
	at sun.reflect.DelegatingMethodAccessorImpl.invoke(DelegatingMethodAccessorImpl.java:25) ~[na:1.6.0_38]
	at java.lang.reflect.Method.invoke(Method.java:597) ~[na:1.6.0_38]
	at org.apache.maven.surefire.util.ReflectionUtils.invokeMethodWithArray(ReflectionUtils.java:164) [surefire-api-2.10.jar:2.10]
	at org.apache.maven.surefire.booter.ProviderFactory$ProviderProxy.invoke(ProviderFactory.java:110) [surefire-booter-2.10.jar:2.10]
	at org.apache.maven.surefire.booter.SurefireStarter.invokeProvider(SurefireStarter.java:175) [surefire-booter-2.10.jar:2.10]
	at org.apache.maven.surefire.booter.SurefireStarter.runSuitesInProcessWhenForked(SurefireStarter.java:107) [surefire-booter-2.10.jar:2.10]
	at org.apache.maven.surefire.booter.ForkedBooter.main(ForkedBooter.java:68) [surefire-booter-2.10.jar:2.10]
22:05:24.882 [main] WARN  o.s.c.a.CommonAnnotationBeanPostProcessor - Invocation of destroy method failed on bean with name &apos;accountOnetimeSyncJob&apos;: com.rackspace.search.exception.NotFoundException: Index is missing
22:05:24.886 [main] ERROR c.r.s.e.client.ElasticSearchClient - Index is missing
org.elasticsearch.indices.IndexMissingException: [admin] missing
	at org.elasticsearch.cluster.metadata.MetaData.concreteIndex(MetaData.java:616) ~[elasticsearch-0.90.2.jar:na]
	at org.elasticsearch.action.get.TransportGetAction.resolveRequest(TransportGetAction.java:90) ~[elasticsearch-0.90.2.jar:na]
	at org.elasticsearch.action.get.TransportGetAction.resolveRequest(TransportGetAction.java:42) ~[elasticsearch-0.90.2.jar:na]
	at org.elasticsearch.action.support.single.shard.TransportShardSingleOperationAction$AsyncSingleAction.&lt;init&gt;(TransportShardSingleOperationAction.java:114) ~[elasticsearch-0.90.2.jar:na]
	at org.elasticsearch.action.support.single.shard.TransportShardSingleOperationAction$AsyncSingleAction.&lt;init&gt;(TransportShardSingleOperationAction.java:94) ~[elasticsearch-0.90.2.jar:na]
	at org.elasticsearch.action.support.single.shard.TransportShardSingleOperationAction.doExecute(TransportShardSingleOperationAction.java:71) ~[elasticsearch-0.90.2.jar:na]
	at org.elasticsearch.action.support.single.shard.TransportShardSingleOperationAction.doExecute(TransportShardSingleOperationAction.java:46) ~[elasticsearch-0.90.2.jar:na]
	at org.elasticsearch.action.support.TransportAction.execute(TransportAction.java:61) ~[elasticsearch-0.90.2.jar:na]
	at org.elasticsearch.client.node.NodeClient.execute(NodeClient.java:92) ~[elasticsearch-0.90.2.jar:na]
	at org.elasticsearch.client.support.AbstractClient.get(AbstractClient.java:179) ~[elasticsearch-0.90.2.jar:na]
	at org.elasticsearch.action.get.GetRequestBuilder.doExecute(GetRequestBuilder.java:112) ~[elasticsearch-0.90.2.jar:na]
	at org.elasticsearch.action.ActionRequestBuilder.execute(ActionRequestBuilder.java:62) ~[elasticsearch-0.90.2.jar:na]
	at org.elasticsearch.action.ActionRequestBuilder.execute(ActionRequestBuilder.java:57) ~[elasticsearch-0.90.2.jar:na]
	at org.elasticsearch.action.ActionRequestBuilder$execute.call(Unknown Source) ~[na:na]
	at com.rackspace.search.elasticsearch.client.ElasticSearchClient.getDocument(ElasticSearchClient.groovy:209) ~[classes/:na]
	at com.rackspace.search.elasticsearch.client.ElasticSearchClient$getDocument.call(Unknown Source) [classes/:na]
	at com.rackspace.search.service.JobService.getJob(JobService.groovy:56) [classes/:na]
	at com.rackspace.search.service.JobService$getJob$0.callCurrent(Unknown Source) [classes/:na]
	at com.rackspace.search.service.JobService.getJob(JobService.groovy:52) [classes/:na]
	at com.rackspace.search.service.JobService$getJob.call(Unknown Source) [classes/:na]
	at com.rackspace.search.service.core.CoreTicketOngoingSyncJob.windupActivities(CoreTicketOnGoingSyncJob.groovy:82) [classes/:na]
	at sun.reflect.NativeMethodAccessorImpl.invoke0(Native Method) ~[na:1.6.0_38]
	at sun.reflect.NativeMethodAccessorImpl.invoke(NativeMethodAccessorImpl.java:39) ~[na:1.6.0_38]
	at sun.reflect.DelegatingMethodAccessorImpl.invoke(DelegatingMethodAccessorImpl.java:25) ~[na:1.6.0_38]
	at java.lang.reflect.Method.invoke(Method.java:597) ~[na:1.6.0_38]
	at org.springframework.beans.factory.annotation.InitDestroyAnnotationBeanPostProcessor$LifecycleElement.invoke(InitDestroyAnnotationBeanPostProcessor.java:340) [spring-beans-3.0.6.RELEASE.jar:3.0.6.RELEASE]
	at org.springframework.beans.factory.annotation.InitDestroyAnnotationBeanPostProcessor$LifecycleMetadata.invokeDestroyMethods(InitDestroyAnnotationBeanPostProcessor.java:305) [spring-beans-3.0.6.RELEASE.jar:3.0.6.RELEASE]
	at org.springframework.beans.factory.annotation.InitDestroyAnnotationBeanPostProcessor.postProcessBeforeDestruction(InitDestroyAnnotationBeanPostProcessor.java:148) [spring-beans-3.0.6.RELEASE.jar:3.0.6.RELEASE]
	at org.springframework.beans.factory.support.DisposableBeanAdapter.destroy(DisposableBeanAdapter.java:166) [spring-beans-3.0.6.RELEASE.jar:3.0.6.RELEASE]
	at org.springframework.beans.factory.support.DefaultSingletonBeanRegistry.destroyBean(DefaultSingletonBeanRegistry.java:487) [spring-beans-3.0.6.RELEASE.jar:3.0.6.RELEASE]
	at org.springframework.beans.factory.support.DefaultSingletonBeanRegistry.destroySingleton(DefaultSingletonBeanRegistry.java:463) [spring-beans-3.0.6.RELEASE.jar:3.0.6.RELEASE]
	at org.springframework.beans.factory.support.DefaultSingletonBeanRegistry.destroySingletons(DefaultSingletonBeanRegistry.java:431) [spring-beans-3.0.6.RELEASE.jar:3.0.6.RELEASE]
	at org.springframework.context.support.AbstractApplicationContext.destroyBeans(AbstractApplicationContext.java:1048) [spring-context-3.0.6.RELEASE.jar:3.0.6.RELEASE]
	at org.springframework.context.support.AbstractApplicationContext.refresh(AbstractApplicationContext.java:433) [spring-context-3.0.6.RELEASE.jar:3.0.6.RELEASE]
	at org.springframework.test.context.support.AbstractGenericContextLoader.loadContext(AbstractGenericContextLoader.java:84) [spring-test-3.0.6.RELEASE.jar:3.0.6.RELEASE]
	at org.springframework.test.context.support.AbstractGenericContextLoader.loadContext(AbstractGenericContextLoader.java:1) [spring-test-3.0.6.RELEASE.jar:3.0.6.RELEASE]
	at org.springframework.test.context.TestContext.loadApplicationContext(TestContext.java:280) [spring-test-3.0.6.RELEASE.jar:3.0.6.RELEASE]
	at org.springframework.test.context.TestContext.getApplicationContext(TestContext.java:304) [spring-test-3.0.6.RELEASE.jar:3.0.6.RELEASE]
	at org.springframework.test.context.support.DependencyInjectionTestExecutionListener.injectDependencies(DependencyInjectionTestExecutionListener.java:109) [spring-test-3.0.6.RELEASE.jar:3.0.6.RELEASE]
	at org.springframework.test.context.support.DependencyInjectionTestExecutionListener.prepareTestInstance(DependencyInjectionTestExecutionListener.java:75) [spring-test-3.0.6.RELEASE.jar:3.0.6.RELEASE]
	at org.springframework.test.context.TestContextManager.prepareTestInstance(TestContextManager.java:321) [spring-test-3.0.6.RELEASE.jar:3.0.6.RELEASE]
	at org.spockframework.spring.SpringTestContextManager.prepareTestInstance(SpringTestContextManager.java:49) [spock-spring-0.7-groovy-2.0.jar:na]
	at org.spockframework.spring.SpringInterceptor.interceptSetupMethod(SpringInterceptor.java:42) [spock-spring-0.7-groovy-2.0.jar:na]
	at org.spockframework.runtime.extension.AbstractMethodInterceptor.intercept(AbstractMethodInterceptor.java:28) [spock-core-0.7-groovy-2.0.jar:na]
	at org.spockframework.runtime.extension.MethodInvocation.proceed(MethodInvocation.java:84) [spock-core-0.7-groovy-2.0.jar:na]
	at org.spockframework.runtime.BaseSpecRunner.invoke(BaseSpecRunner.java:319) [spock-core-0.7-groovy-2.0.jar:na]
	at org.spockframework.runtime.BaseSpecRunner.invokeSetup(BaseSpecRunner.java:279) [spock-core-0.7-groovy-2.0.jar:na]
	at org.spockframework.runtime.BaseSpecRunner.doRunIteration(BaseSpecRunner.java:255) [spock-core-0.7-groovy-2.0.jar:na]
	at sun.reflect.GeneratedMethodAccessor5.invoke(Unknown Source) ~[na:na]
	at sun.reflect.DelegatingMethodAccessorImpl.invoke(DelegatingMethodAccessorImpl.java:25) ~[na:1.6.0_38]
	at java.lang.reflect.Method.invoke(Method.java:597) ~[na:1.6.0_38]
	at org.spockframework.util.ReflectionUtil.invokeMethod(ReflectionUtil.java:138) [spock-core-0.7-groovy-2.0.jar:na]
	at org.spockframework.runtime.BaseSpecRunner.invokeRaw(BaseSpecRunner.java:330) [spock-core-0.7-groovy-2.0.jar:na]
	at org.spockframework.runtime.BaseSpecRunner.invoke(BaseSpecRunner.java:311) [spock-core-0.7-groovy-2.0.jar:na]
	at org.spockframework.runtime.BaseSpecRunner.runIteration(BaseSpecRunner.java:223) [spock-core-0.7-groovy-2.0.jar:na]
	at org.spockframework.runtime.BaseSpecRunner.initializeAndRunIteration(BaseSpecRunner.java:214) [spock-core-0.7-groovy-2.0.jar:na]
	at org.spockframework.runtime.BaseSpecRunner.runSimpleFeature(BaseSpecRunner.java:205) [spock-core-0.7-groovy-2.0.jar:na]
	at org.spockframework.runtime.BaseSpecRunner.doRunFeature(BaseSpecRunner.java:199) [spock-core-0.7-groovy-2.0.jar:na]
	at sun.reflect.GeneratedMethodAccessor7.invoke(Unknown Source) ~[na:na]
	at sun.reflect.DelegatingMethodAccessorImpl.invoke(DelegatingMethodAccessorImpl.java:25) ~[na:1.6.0_38]
	at java.lang.reflect.Method.invoke(Method.java:597) ~[na:1.6.0_38]
	at org.spockframework.util.ReflectionUtil.invokeMethod(ReflectionUtil.java:138) [spock-core-0.7-groovy-2.0.jar:na]
	at org.spockframework.runtime.BaseSpecRunner.invokeRaw(BaseSpecRunner.java:330) [spock-core-0.7-groovy-2.0.jar:na]
	at org.spockframework.runtime.BaseSpecRunner.invoke(BaseSpecRunner.java:311) [spock-core-0.7-groovy-2.0.jar:na]
	at org.spockframework.runtime.BaseSpecRunner.runFeature(BaseSpecRunner.java:175) [spock-core-0.7-groovy-2.0.jar:na]
	at org.spockframework.runtime.BaseSpecRunner.runFeatures(BaseSpecRunner.java:152) [spock-core-0.7-groovy-2.0.jar:na]
	at org.spockframework.runtime.BaseSpecRunner.doRunSpec(BaseSpecRunner.java:112) [spock-core-0.7-groovy-2.0.jar:na]
	at sun.reflect.GeneratedMethodAccessor11.invoke(Unknown Source) ~[na:na]
	at sun.reflect.DelegatingMethodAccessorImpl.invoke(DelegatingMethodAccessorImpl.java:25) ~[na:1.6.0_38]
	at java.lang.reflect.Method.invoke(Method.java:597) ~[na:1.6.0_38]
	at org.spockframework.util.ReflectionUtil.invokeMethod(ReflectionUtil.java:138) [spock-core-0.7-groovy-2.0.jar:na]
	at org.spockframework.runtime.BaseSpecRunner.invokeRaw(BaseSpecRunner.java:330) [spock-core-0.7-groovy-2.0.jar:na]
	at org.spockframework.runtime.BaseSpecRunner.invoke(BaseSpecRunner.java:311) [spock-core-0.7-groovy-2.0.jar:na]
	at org.spockframework.runtime.BaseSpecRunner.runSpec(BaseSpecRunner.java:91) [spock-core-0.7-groovy-2.0.jar:na]
	at org.spockframework.runtime.BaseSpecRunner.run(BaseSpecRunner.java:82) [spock-core-0.7-groovy-2.0.jar:na]
	at org.spockframework.runtime.Sputnik.run(Sputnik.java:63) [spock-core-0.7-groovy-2.0.jar:na]
	at org.apache.maven.surefire.junit4.JUnit4TestSet.execute(JUnit4TestSet.java:53) [surefire-junit4-2.10.jar:2.10]
	at org.apache.maven.surefire.junit4.JUnit4Provider.executeTestSet(JUnit4Provider.java:123) [surefire-junit4-2.10.jar:2.10]
	at org.apache.maven.surefire.junit4.JUnit4Provider.invoke(JUnit4Provider.java:104) [surefire-junit4-2.10.jar:2.10]
	at sun.reflect.NativeMethodAccessorImpl.invoke0(Native Method) ~[na:1.6.0_38]
	at sun.reflect.NativeMethodAccessorImpl.invoke(NativeMethodAccessorImpl.java:39) ~[na:1.6.0_38]
	at sun.reflect.DelegatingMethodAccessorImpl.invoke(DelegatingMethodAccessorImpl.java:25) ~[na:1.6.0_38]
	at java.lang.reflect.Method.invoke(Method.java:597) ~[na:1.6.0_38]
	at org.apache.maven.surefire.util.ReflectionUtils.invokeMethodWithArray(ReflectionUtils.java:164) [surefire-api-2.10.jar:2.10]
	at org.apache.maven.surefire.booter.ProviderFactory$ProviderProxy.invoke(ProviderFactory.java:110) [surefire-booter-2.10.jar:2.10]
	at org.apache.maven.surefire.booter.SurefireStarter.invokeProvider(SurefireStarter.java:175) [surefire-booter-2.10.jar:2.10]
	at org.apache.maven.surefire.booter.SurefireStarter.runSuitesInProcessWhenForked(SurefireStarter.java:107) [surefire-booter-2.10.jar:2.10]
	at org.apache.maven.surefire.booter.ForkedBooter.main(ForkedBooter.java:68) [surefire-booter-2.10.jar:2.10]
22:05:24.887 [main] WARN  o.s.c.a.CommonAnnotationBeanPostProcessor - Invocation of destroy method failed on bean with name &apos;coreTicketOngoingSyncJob&apos;: com.rackspace.search.exception.NotFoundException: Index is missing
22:05:24.891 [main] ERROR c.r.s.e.client.ElasticSearchClient - Index is missing
org.elasticsearch.indices.IndexMissingException: [admin] missing
	at org.elasticsearch.cluster.metadata.MetaData.concreteIndex(MetaData.java:616) ~[elasticsearch-0.90.2.jar:na]
	at org.elasticsearch.action.get.TransportGetAction.resolveRequest(TransportGetAction.java:90) ~[elasticsearch-0.90.2.jar:na]
	at org.elasticsearch.action.get.TransportGetAction.resolveRequest(TransportGetAction.java:42) ~[elasticsearch-0.90.2.jar:na]
	at org.elasticsearch.action.support.single.shard.TransportShardSingleOperationAction$AsyncSingleAction.&lt;init&gt;(TransportShardSingleOperationAction.java:114) ~[elasticsearch-0.90.2.jar:na]
	at org.elasticsearch.action.support.single.shard.TransportShardSingleOperationAction$AsyncSingleAction.&lt;init&gt;(TransportShardSingleOperationAction.java:94) ~[elasticsearch-0.90.2.jar:na]
	at org.elasticsearch.action.support.single.shard.TransportShardSingleOperationAction.doExecute(TransportShardSingleOperationAction.java:71) ~[elasticsearch-0.90.2.jar:na]
	at org.elasticsearch.action.support.single.shard.TransportShardSingleOperationAction.doExecute(TransportShardSingleOperationAction.java:46) ~[elasticsearch-0.90.2.jar:na]
	at org.elasticsearch.action.support.TransportAction.execute(TransportAction.java:61) ~[elasticsearch-0.90.2.jar:na]
	at org.elasticsearch.client.node.NodeClient.execute(NodeClient.java:92) ~[elasticsearch-0.90.2.jar:na]
	at org.elasticsearch.client.support.AbstractClient.get(AbstractClient.java:179) ~[elasticsearch-0.90.2.jar:na]
	at org.elasticsearch.action.get.GetRequestBuilder.doExecute(GetRequestBuilder.java:112) ~[elasticsearch-0.90.2.jar:na]
	at org.elasticsearch.action.ActionRequestBuilder.execute(ActionRequestBuilder.java:62) ~[elasticsearch-0.90.2.jar:na]
	at org.elasticsearch.action.ActionRequestBuilder.execute(ActionRequestBuilder.java:57) ~[elasticsearch-0.90.2.jar:na]
	at org.elasticsearch.action.ActionRequestBuilder$execute.call(Unknown Source) ~[na:na]
	at com.rackspace.search.elasticsearch.client.ElasticSearchClient.getDocument(ElasticSearchClient.groovy:209) ~[classes/:na]
	at com.rackspace.search.elasticsearch.client.ElasticSearchClient$getDocument.call(Unknown Source) [classes/:na]
	at com.rackspace.search.service.JobService.getJob(JobService.groovy:56) [classes/:na]
	at com.rackspace.search.service.JobService$getJob$0.callCurrent(Unknown Source) [classes/:na]
	at com.rackspace.search.service.JobService.getJob(JobService.groovy:52) [classes/:na]
	at com.rackspace.search.service.JobService$getJob.call(Unknown Source) [classes/:na]
	at com.rackspace.search.service.core.CoreTicketOnetimeSyncJob.windupActivities(CoreTicketOneTimeSyncJob.groovy:45) [classes/:na]
	at sun.reflect.NativeMethodAccessorImpl.invoke0(Native Method) ~[na:1.6.0_38]
	at sun.reflect.NativeMethodAccessorImpl.invoke(NativeMethodAccessorImpl.java:39) ~[na:1.6.0_38]
	at sun.reflect.DelegatingMethodAccessorImpl.invoke(DelegatingMethodAccessorImpl.java:25) ~[na:1.6.0_38]
	at java.lang.reflect.Method.invoke(Method.java:597) ~[na:1.6.0_38]
	at org.springframework.beans.factory.annotation.InitDestroyAnnotationBeanPostProcessor$LifecycleElement.invoke(InitDestroyAnnotationBeanPostProcessor.java:340) [spring-beans-3.0.6.RELEASE.jar:3.0.6.RELEASE]
	at org.springframework.beans.factory.annotation.InitDestroyAnnotationBeanPostProcessor$LifecycleMetadata.invokeDestroyMethods(InitDestroyAnnotationBeanPostProcessor.java:305) [spring-beans-3.0.6.RELEASE.jar:3.0.6.RELEASE]
	at org.springframework.beans.factory.annotation.InitDestroyAnnotationBeanPostProcessor.postProcessBeforeDestruction(InitDestroyAnnotationBeanPostProcessor.java:148) [spring-beans-3.0.6.RELEASE.jar:3.0.6.RELEASE]
	at org.springframework.beans.factory.support.DisposableBeanAdapter.destroy(DisposableBeanAdapter.java:166) [spring-beans-3.0.6.RELEASE.jar:3.0.6.RELEASE]
	at org.springframework.beans.factory.support.DefaultSingletonBeanRegistry.destroyBean(DefaultSingletonBeanRegistry.java:487) [spring-beans-3.0.6.RELEASE.jar:3.0.6.RELEASE]
	at org.springframework.beans.factory.support.DefaultSingletonBeanRegistry.destroySingleton(DefaultSingletonBeanRegistry.java:463) [spring-beans-3.0.6.RELEASE.jar:3.0.6.RELEASE]
	at org.springframework.beans.factory.support.DefaultSingletonBeanRegistry.destroySingletons(DefaultSingletonBeanRegistry.java:431) [spring-beans-3.0.6.RELEASE.jar:3.0.6.RELEASE]
	at org.springframework.context.support.AbstractApplicationContext.destroyBeans(AbstractApplicationContext.java:1048) [spring-context-3.0.6.RELEASE.jar:3.0.6.RELEASE]
	at org.springframework.context.support.AbstractApplicationContext.refresh(AbstractApplicationContext.java:433) [spring-context-3.0.6.RELEASE.jar:3.0.6.RELEASE]
	at org.springframework.test.context.support.AbstractGenericContextLoader.loadContext(AbstractGenericContextLoader.java:84) [spring-test-3.0.6.RELEASE.jar:3.0.6.RELEASE]
	at org.springframework.test.context.support.AbstractGenericContextLoader.loadContext(AbstractGenericContextLoader.java:1) [spring-test-3.0.6.RELEASE.jar:3.0.6.RELEASE]
	at org.springframework.test.context.TestContext.loadApplicationContext(TestContext.java:280) [spring-test-3.0.6.RELEASE.jar:3.0.6.RELEASE]
	at org.springframework.test.context.TestContext.getApplicationContext(TestContext.java:304) [spring-test-3.0.6.RELEASE.jar:3.0.6.RELEASE]
	at org.springframework.test.context.support.DependencyInjectionTestExecutionListener.injectDependencies(DependencyInjectionTestExecutionListener.java:109) [spring-test-3.0.6.RELEASE.jar:3.0.6.RELEASE]
	at org.springframework.test.context.support.DependencyInjectionTestExecutionListener.prepareTestInstance(DependencyInjectionTestExecutionListener.java:75) [spring-test-3.0.6.RELEASE.jar:3.0.6.RELEASE]
	at org.springframework.test.context.TestContextManager.prepareTestInstance(TestContextManager.java:321) [spring-test-3.0.6.RELEASE.jar:3.0.6.RELEASE]
	at org.spockframework.spring.SpringTestContextManager.prepareTestInstance(SpringTestContextManager.java:49) [spock-spring-0.7-groovy-2.0.jar:na]
	at org.spockframework.spring.SpringInterceptor.interceptSetupMethod(SpringInterceptor.java:42) [spock-spring-0.7-groovy-2.0.jar:na]
	at org.spockframework.runtime.extension.AbstractMethodInterceptor.intercept(AbstractMethodInterceptor.java:28) [spock-core-0.7-groovy-2.0.jar:na]
	at org.spockframework.runtime.extension.MethodInvocation.proceed(MethodInvocation.java:84) [spock-core-0.7-groovy-2.0.jar:na]
	at org.spockframework.runtime.BaseSpecRunner.invoke(BaseSpecRunner.java:319) [spock-core-0.7-groovy-2.0.jar:na]
	at org.spockframework.runtime.BaseSpecRunner.invokeSetup(BaseSpecRunner.java:279) [spock-core-0.7-groovy-2.0.jar:na]
	at org.spockframework.runtime.BaseSpecRunner.doRunIteration(BaseSpecRunner.java:255) [spock-core-0.7-groovy-2.0.jar:na]
	at sun.reflect.GeneratedMethodAccessor5.invoke(Unknown Source) ~[na:na]
	at sun.reflect.DelegatingMethodAccessorImpl.invoke(DelegatingMethodAccessorImpl.java:25) ~[na:1.6.0_38]
	at java.lang.reflect.Method.invoke(Method.java:597) ~[na:1.6.0_38]
	at org.spockframework.util.ReflectionUtil.invokeMethod(ReflectionUtil.java:138) [spock-core-0.7-groovy-2.0.jar:na]
	at org.spockframework.runtime.BaseSpecRunner.invokeRaw(BaseSpecRunner.java:330) [spock-core-0.7-groovy-2.0.jar:na]
	at org.spockframework.runtime.BaseSpecRunner.invoke(BaseSpecRunner.java:311) [spock-core-0.7-groovy-2.0.jar:na]
	at org.spockframework.runtime.BaseSpecRunner.runIteration(BaseSpecRunner.java:223) [spock-core-0.7-groovy-2.0.jar:na]
	at org.spockframework.runtime.BaseSpecRunner.initializeAndRunIteration(BaseSpecRunner.java:214) [spock-core-0.7-groovy-2.0.jar:na]
	at org.spockframework.runtime.BaseSpecRunner.runSimpleFeature(BaseSpecRunner.java:205) [spock-core-0.7-groovy-2.0.jar:na]
	at org.spockframework.runtime.BaseSpecRunner.doRunFeature(BaseSpecRunner.java:199) [spock-core-0.7-groovy-2.0.jar:na]
	at sun.reflect.GeneratedMethodAccessor7.invoke(Unknown Source) ~[na:na]
	at sun.reflect.DelegatingMethodAccessorImpl.invoke(DelegatingMethodAccessorImpl.java:25) ~[na:1.6.0_38]
	at java.lang.reflect.Method.invoke(Method.java:597) ~[na:1.6.0_38]
	at org.spockframework.util.ReflectionUtil.invokeMethod(ReflectionUtil.java:138) [spock-core-0.7-groovy-2.0.jar:na]
	at org.spockframework.runtime.BaseSpecRunner.invokeRaw(BaseSpecRunner.java:330) [spock-core-0.7-groovy-2.0.jar:na]
	at org.spockframework.runtime.BaseSpecRunner.invoke(BaseSpecRunner.java:311) [spock-core-0.7-groovy-2.0.jar:na]
	at org.spockframework.runtime.BaseSpecRunner.runFeature(BaseSpecRunner.java:175) [spock-core-0.7-groovy-2.0.jar:na]
	at org.spockframework.runtime.BaseSpecRunner.runFeatures(BaseSpecRunner.java:152) [spock-core-0.7-groovy-2.0.jar:na]
	at org.spockframework.runtime.BaseSpecRunner.doRunSpec(BaseSpecRunner.java:112) [spock-core-0.7-groovy-2.0.jar:na]
	at sun.reflect.GeneratedMethodAccessor11.invoke(Unknown Source) ~[na:na]
	at sun.reflect.DelegatingMethodAccessorImpl.invoke(DelegatingMethodAccessorImpl.java:25) ~[na:1.6.0_38]
	at java.lang.reflect.Method.invoke(Method.java:597) ~[na:1.6.0_38]
	at org.spockframework.util.ReflectionUtil.invokeMethod(ReflectionUtil.java:138) [spock-core-0.7-groovy-2.0.jar:na]
	at org.spockframework.runtime.BaseSpecRunner.invokeRaw(BaseSpecRunner.java:330) [spock-core-0.7-groovy-2.0.jar:na]
	at org.spockframework.runtime.BaseSpecRunner.invoke(BaseSpecRunner.java:311) [spock-core-0.7-groovy-2.0.jar:na]
	at org.spockframework.runtime.BaseSpecRunner.runSpec(BaseSpecRunner.java:91) [spock-core-0.7-groovy-2.0.jar:na]
	at org.spockframework.runtime.BaseSpecRunner.run(BaseSpecRunner.java:82) [spock-core-0.7-groovy-2.0.jar:na]
	at org.spockframework.runtime.Sputnik.run(Sputnik.java:63) [spock-core-0.7-groovy-2.0.jar:na]
	at org.apache.maven.surefire.junit4.JUnit4TestSet.execute(JUnit4TestSet.java:53) [surefire-junit4-2.10.jar:2.10]
	at org.apache.maven.surefire.junit4.JUnit4Provider.executeTestSet(JUnit4Provider.java:123) [surefire-junit4-2.10.jar:2.10]
	at org.apache.maven.surefire.junit4.JUnit4Provider.invoke(JUnit4Provider.java:104) [surefire-junit4-2.10.jar:2.10]
	at sun.reflect.NativeMethodAccessorImpl.invoke0(Native Method) ~[na:1.6.0_38]
	at sun.reflect.NativeMethodAccessorImpl.invoke(NativeMethodAccessorImpl.java:39) ~[na:1.6.0_38]
	at sun.reflect.DelegatingMethodAccessorImpl.invoke(DelegatingMethodAccessorImpl.java:25) ~[na:1.6.0_38]
	at java.lang.reflect.Method.invoke(Method.java:597) ~[na:1.6.0_38]
	at org.apache.maven.surefire.util.ReflectionUtils.invokeMethodWithArray(ReflectionUtils.java:164) [surefire-api-2.10.jar:2.10]
	at org.apache.maven.surefire.booter.ProviderFactory$ProviderProxy.invoke(ProviderFactory.java:110) [surefire-booter-2.10.jar:2.10]
	at org.apache.maven.surefire.booter.SurefireStarter.invokeProvider(SurefireStarter.java:175) [surefire-booter-2.10.jar:2.10]
	at org.apache.maven.surefire.booter.SurefireStarter.runSuitesInProcessWhenForked(SurefireStarter.java:107) [surefire-booter-2.10.jar:2.10]
	at org.apache.maven.surefire.booter.ForkedBooter.main(ForkedBooter.java:68) [surefire-booter-2.10.jar:2.10]
22:05:24.892 [main] WARN  o.s.c.a.CommonAnnotationBeanPostProcessor - Invocation of destroy method failed on bean with name &apos;coreTicketOnetimeSyncJob&apos;: com.rackspace.search.exception.NotFoundException: Index is missing
22:05:24.893 [main] INFO  org.elasticsearch.node - [ticket.node] {0.90.2}[25471]: stopping ...
22:05:24.904 [main] INFO  org.elasticsearch.node - [ticket.node] {0.90.2}[25471]: stopped
22:05:24.904 [main] INFO  org.elasticsearch.node - [ticket.node] {0.90.2}[25471]: closing ...
22:05:24.907 [main] INFO  org.elasticsearch.node - [ticket.node] {0.90.2}[25471]: closed
22:05:24.916 [main] ERROR o.s.test.context.TestContextManager - Caught exception while allowing TestExecutionListener [org.springframework.test.context.support.DependencyInjectionTestExecutionListener@4459116] to prepare test instance [com.rackspace.search.elasticsearch.client.ElasticSearchClientTest@6bb9ae1a]
java.lang.IllegalStateException: Failed to load ApplicationContext
	at org.springframework.test.context.TestContext.getApplicationContext(TestContext.java:308) ~[spring-test-3.0.6.RELEASE.jar:3.0.6.RELEASE]
	at org.springframework.test.context.support.DependencyInjectionTestExecutionListener.injectDependencies(DependencyInjectionTestExecutionListener.java:109) ~[spring-test-3.0.6.RELEASE.jar:3.0.6.RELEASE]
	at org.springframework.test.context.support.DependencyInjectionTestExecutionListener.prepareTestInstance(DependencyInjectionTestExecutionListener.java:75) ~[spring-test-3.0.6.RELEASE.jar:3.0.6.RELEASE]
	at org.springframework.test.context.TestContextManager.prepareTestInstance(TestContextManager.java:321) ~[spring-test-3.0.6.RELEASE.jar:3.0.6.RELEASE]
	at org.spockframework.spring.SpringTestContextManager.prepareTestInstance(SpringTestContextManager.java:49) [spock-spring-0.7-groovy-2.0.jar:na]
	at org.spockframework.spring.SpringInterceptor.interceptSetupMethod(SpringInterceptor.java:42) [spock-spring-0.7-groovy-2.0.jar:na]
	at org.spockframework.runtime.extension.AbstractMethodInterceptor.intercept(AbstractMethodInterceptor.java:28) [spock-core-0.7-groovy-2.0.jar:na]
	at org.spockframework.runtime.extension.MethodInvocation.proceed(MethodInvocation.java:84) [spock-core-0.7-groovy-2.0.jar:na]
	at org.spockframework.runtime.BaseSpecRunner.invoke(BaseSpecRunner.java:319) [spock-core-0.7-groovy-2.0.jar:na]
	at org.spockframework.runtime.BaseSpecRunner.invokeSetup(BaseSpecRunner.java:279) [spock-core-0.7-groovy-2.0.jar:na]
	at org.spockframework.runtime.BaseSpecRunner.doRunIteration(BaseSpecRunner.java:255) [spock-core-0.7-groovy-2.0.jar:na]
	at sun.reflect.GeneratedMethodAccessor5.invoke(Unknown Source) ~[na:na]
	at sun.reflect.DelegatingMethodAccessorImpl.invoke(DelegatingMethodAccessorImpl.java:25) ~[na:1.6.0_38]
	at java.lang.reflect.Method.invoke(Method.java:597) ~[na:1.6.0_38]
	at org.spockframework.util.ReflectionUtil.invokeMethod(ReflectionUtil.java:138) [spock-core-0.7-groovy-2.0.jar:na]
	at org.spockframework.runtime.BaseSpecRunner.invokeRaw(BaseSpecRunner.java:330) [spock-core-0.7-groovy-2.0.jar:na]
	at org.spockframework.runtime.BaseSpecRunner.invoke(BaseSpecRunner.java:311) [spock-core-0.7-groovy-2.0.jar:na]
	at org.spockframework.runtime.BaseSpecRunner.runIteration(BaseSpecRunner.java:223) [spock-core-0.7-groovy-2.0.jar:na]
	at org.spockframework.runtime.BaseSpecRunner.initializeAndRunIteration(BaseSpecRunner.java:214) [spock-core-0.7-groovy-2.0.jar:na]
	at org.spockframework.runtime.BaseSpecRunner.runSimpleFeature(BaseSpecRunner.java:205) [spock-core-0.7-groovy-2.0.jar:na]
	at org.spockframework.runtime.BaseSpecRunner.doRunFeature(BaseSpecRunner.java:199) [spock-core-0.7-groovy-2.0.jar:na]
	at sun.reflect.GeneratedMethodAccessor7.invoke(Unknown Source) ~[na:na]
	at sun.reflect.DelegatingMethodAccessorImpl.invoke(DelegatingMethodAccessorImpl.java:25) ~[na:1.6.0_38]
	at java.lang.reflect.Method.invoke(Method.java:597) ~[na:1.6.0_38]
	at org.spockframework.util.ReflectionUtil.invokeMethod(ReflectionUtil.java:138) [spock-core-0.7-groovy-2.0.jar:na]
	at org.spockframework.runtime.BaseSpecRunner.invokeRaw(BaseSpecRunner.java:330) [spock-core-0.7-groovy-2.0.jar:na]
	at org.spockframework.runtime.BaseSpecRunner.invoke(BaseSpecRunner.java:311) [spock-core-0.7-groovy-2.0.jar:na]
	at org.spockframework.runtime.BaseSpecRunner.runFeature(BaseSpecRunner.java:175) [spock-core-0.7-groovy-2.0.jar:na]
	at org.spockframework.runtime.BaseSpecRunner.runFeatures(BaseSpecRunner.java:152) [spock-core-0.7-groovy-2.0.jar:na]
	at org.spockframework.runtime.BaseSpecRunner.doRunSpec(BaseSpecRunner.java:112) [spock-core-0.7-groovy-2.0.jar:na]
	at sun.reflect.GeneratedMethodAccessor11.invoke(Unknown Source) ~[na:na]
	at sun.reflect.DelegatingMethodAccessorImpl.invoke(DelegatingMethodAccessorImpl.java:25) ~[na:1.6.0_38]
	at java.lang.reflect.Method.invoke(Method.java:597) ~[na:1.6.0_38]
	at org.spockframework.util.ReflectionUtil.invokeMethod(ReflectionUtil.java:138) [spock-core-0.7-groovy-2.0.jar:na]
	at org.spockframework.runtime.BaseSpecRunner.invokeRaw(BaseSpecRunner.java:330) [spock-core-0.7-groovy-2.0.jar:na]
	at org.spockframework.runtime.BaseSpecRunner.invoke(BaseSpecRunner.java:311) [spock-core-0.7-groovy-2.0.jar:na]
	at org.spockframework.runtime.BaseSpecRunner.runSpec(BaseSpecRunner.java:91) [spock-core-0.7-groovy-2.0.jar:na]
	at org.spockframework.runtime.BaseSpecRunner.run(BaseSpecRunner.java:82) [spock-core-0.7-groovy-2.0.jar:na]
	at org.spockframework.runtime.Sputnik.run(Sputnik.java:63) [spock-core-0.7-groovy-2.0.jar:na]
	at org.apache.maven.surefire.junit4.JUnit4TestSet.execute(JUnit4TestSet.java:53) [surefire-junit4-2.10.jar:2.10]
	at org.apache.maven.surefire.junit4.JUnit4Provider.executeTestSet(JUnit4Provider.java:123) [surefire-junit4-2.10.jar:2.10]
	at org.apache.maven.surefire.junit4.JUnit4Provider.invoke(JUnit4Provider.java:104) [surefire-junit4-2.10.jar:2.10]
	at sun.reflect.NativeMethodAccessorImpl.invoke0(Native Method) ~[na:1.6.0_38]
	at sun.reflect.NativeMethodAccessorImpl.invoke(NativeMethodAccessorImpl.java:39) ~[na:1.6.0_38]
	at sun.reflect.DelegatingMethodAccessorImpl.invoke(DelegatingMethodAccessorImpl.java:25) ~[na:1.6.0_38]
	at java.lang.reflect.Method.invoke(Method.java:597) ~[na:1.6.0_38]
	at org.apache.maven.surefire.util.ReflectionUtils.invokeMethodWithArray(ReflectionUtils.java:164) [surefire-api-2.10.jar:2.10]
	at org.apache.maven.surefire.booter.ProviderFactory$ProviderProxy.invoke(ProviderFactory.java:110) [surefire-booter-2.10.jar:2.10]
	at org.apache.maven.surefire.booter.SurefireStarter.invokeProvider(SurefireStarter.java:175) [surefire-booter-2.10.jar:2.10]
	at org.apache.maven.surefire.booter.SurefireStarter.runSuitesInProcessWhenForked(SurefireStarter.java:107) [surefire-booter-2.10.jar:2.10]
	at org.apache.maven.surefire.booter.ForkedBooter.main(ForkedBooter.java:68) [surefire-booter-2.10.jar:2.10]
Caused by: org.springframework.beans.factory.BeanCreationException: Error creating bean with name &apos;jobResource&apos;: Injection of autowired dependencies failed; nested exception is org.springframework.beans.factory.BeanCreationException: Could not autowire field: private com.rackspace.search.service.zendesk.ZendeskTicketOngoingSyncJob com.rackspace.search.endpoint.JobResource.zendeskTicketOngoingSyncJob; nested exception is org.springframework.beans.factory.BeanCreationException: Error creating bean with name &apos;zendeskTicketOngoingSyncJob&apos;: Injection of autowired dependencies failed; nested exception is org.springframework.beans.factory.BeanCreationException: Could not autowire field: private com.rackspace.search.service.zendesk.ZendeskTicketOngoingSyncActor com.rackspace.search.service.zendesk.ZendeskTicketOngoingSyncJob.ticketActor; nested exception is org.springframework.beans.factory.BeanCreationException: Error creating bean with name &apos;zendeskTicketOngoingSyncActor&apos;: Injection of autowired dependencies failed; nested exception is org.springframework.beans.factory.BeanCreationException: Could not autowire field: private com.rackspace.search.service.zendesk.ZendeskTicketProcessor com.rackspace.search.service.zendesk.ZendeskTicketOngoingSyncActor.zendeskTicketProcessor; nested exception is org.springframework.beans.factory.BeanCreationException: Error creating bean with name &apos;zendeskTicketProcessor&apos;: Injection of autowired dependencies failed; nested exception is org.springframework.beans.factory.BeanCreationException: Could not autowire field: private java.lang.Object com.rackspace.search.service.zendesk.ZendeskTicketProcessor.zendeskIndexName; nested exception is java.lang.IllegalArgumentException: Could not resolve placeholder &apos;zendesk.index.name&apos;
	at org.springframework.beans.factory.annotation.AutowiredAnnotationBeanPostProcessor.postProcessPropertyValues(AutowiredAnnotationBeanPostProcessor.java:288) ~[spring-beans-3.0.6.RELEASE.jar:3.0.6.RELEASE]
	at org.springframework.beans.factory.support.AbstractAutowireCapableBeanFactory.populateBean(AbstractAutowireCapableBeanFactory.java:1074) ~[spring-beans-3.0.6.RELEASE.jar:3.0.6.RELEASE]
	at org.springframework.beans.factory.support.AbstractAutowireCapableBeanFactory.doCreateBean(AbstractAutowireCapableBeanFactory.java:517) ~[spring-beans-3.0.6.RELEASE.jar:3.0.6.RELEASE]
	at org.springframework.beans.factory.support.AbstractAutowireCapableBeanFactory.createBean(AbstractAutowireCapableBeanFactory.java:456) ~[spring-beans-3.0.6.RELEASE.jar:3.0.6.RELEASE]
	at org.springframework.beans.factory.support.AbstractBeanFactory$1.getObject(AbstractBeanFactory.java:293) ~[spring-beans-3.0.6.RELEASE.jar:3.0.6.RELEASE]
	at org.springframework.beans.factory.support.DefaultSingletonBeanRegistry.getSingleton(DefaultSingletonBeanRegistry.java:222) ~[spring-beans-3.0.6.RELEASE.jar:3.0.6.RELEASE]
	at org.springframework.beans.factory.support.AbstractBeanFactory.doGetBean(AbstractBeanFactory.java:290) ~[spring-beans-3.0.6.RELEASE.jar:3.0.6.RELEASE]
	at org.springframework.beans.factory.support.AbstractBeanFactory.getBean(AbstractBeanFactory.java:192) ~[spring-beans-3.0.6.RELEASE.jar:3.0.6.RELEASE]
	at org.springframework.beans.factory.support.DefaultListableBeanFactory.preInstantiateSingletons(DefaultListableBeanFactory.java:585) ~[spring-beans-3.0.6.RELEASE.jar:3.0.6.RELEASE]
	at org.springframework.context.support.AbstractApplicationContext.finishBeanFactoryInitialization(AbstractApplicationContext.java:895) ~[spring-context-3.0.6.RELEASE.jar:3.0.6.RELEASE]
	at org.springframework.context.support.AbstractApplicationContext.refresh(AbstractApplicationContext.java:425) ~[spring-context-3.0.6.RELEASE.jar:3.0.6.RELEASE]
	at org.springframework.test.context.support.AbstractGenericContextLoader.loadContext(AbstractGenericContextLoader.java:84) ~[spring-test-3.0.6.RELEASE.jar:3.0.6.RELEASE]
	at org.springframework.test.context.support.AbstractGenericContextLoader.loadContext(AbstractGenericContextLoader.java:1) ~[spring-test-3.0.6.RELEASE.jar:3.0.6.RELEASE]
	at org.springframework.test.context.TestContext.loadApplicationContext(TestContext.java:280) ~[spring-test-3.0.6.RELEASE.jar:3.0.6.RELEASE]
	at org.springframework.test.context.TestContext.getApplicationContext(TestContext.java:304) ~[spring-test-3.0.6.RELEASE.jar:3.0.6.RELEASE]
	... 50 common frames omitted
Caused by: org.springframework.beans.factory.BeanCreationException: Could not autowire field: private com.rackspace.search.service.zendesk.ZendeskTicketOngoingSyncJob com.rackspace.search.endpoint.JobResource.zendeskTicketOngoingSyncJob; nested exception is org.springframework.beans.factory.BeanCreationException: Error creating bean with name &apos;zendeskTicketOngoingSyncJob&apos;: Injection of autowired dependencies failed; nested exception is org.springframework.beans.factory.BeanCreationException: Could not autowire field: private com.rackspace.search.service.zendesk.ZendeskTicketOngoingSyncActor com.rackspace.search.service.zendesk.ZendeskTicketOngoingSyncJob.ticketActor; nested exception is org.springframework.beans.factory.BeanCreationException: Error creating bean with name &apos;zendeskTicketOngoingSyncActor&apos;: Injection of autowired dependencies failed; nested exception is org.springframework.beans.factory.BeanCreationException: Could not autowire field: private com.rackspace.search.service.zendesk.ZendeskTicketProcessor com.rackspace.search.service.zendesk.ZendeskTicketOngoingSyncActor.zendeskTicketProcessor; nested exception is org.springframework.beans.factory.BeanCreationException: Error creating bean with name &apos;zendeskTicketProcessor&apos;: Injection of autowired dependencies failed; nested exception is org.springframework.beans.factory.BeanCreationException: Could not autowire field: private java.lang.Object com.rackspace.search.service.zendesk.ZendeskTicketProcessor.zendeskIndexName; nested exception is java.lang.IllegalArgumentException: Could not resolve placeholder &apos;zendesk.index.name&apos;
	at org.springframework.beans.factory.annotation.AutowiredAnnotationBeanPostProcessor$AutowiredFieldElement.inject(AutowiredAnnotationBeanPostProcessor.java:508) ~[spring-beans-3.0.6.RELEASE.jar:3.0.6.RELEASE]
	at org.springframework.beans.factory.annotation.InjectionMetadata.inject(InjectionMetadata.java:84) ~[spring-beans-3.0.6.RELEASE.jar:3.0.6.RELEASE]
	at org.springframework.beans.factory.annotation.AutowiredAnnotationBeanPostProcessor.postProcessPropertyValues(AutowiredAnnotationBeanPostProcessor.java:285) ~[spring-beans-3.0.6.RELEASE.jar:3.0.6.RELEASE]
	... 64 common frames omitted
Caused by: org.springframework.beans.factory.BeanCreationException: Error creating bean with name &apos;zendeskTicketOngoingSyncJob&apos;: Injection of autowired dependencies failed; nested exception is org.springframework.beans.factory.BeanCreationException: Could not autowire field: private com.rackspace.search.service.zendesk.ZendeskTicketOngoingSyncActor com.rackspace.search.service.zendesk.ZendeskTicketOngoingSyncJob.ticketActor; nested exception is org.springframework.beans.factory.BeanCreationException: Error creating bean with name &apos;zendeskTicketOngoingSyncActor&apos;: Injection of autowired dependencies failed; nested exception is org.springframework.beans.factory.BeanCreationException: Could not autowire field: private com.rackspace.search.service.zendesk.ZendeskTicketProcessor com.rackspace.search.service.zendesk.ZendeskTicketOngoingSyncActor.zendeskTicketProcessor; nested exception is org.springframework.beans.factory.BeanCreationException: Error creating bean with name &apos;zendeskTicketProcessor&apos;: Injection of autowired dependencies failed; nested exception is org.springframework.beans.factory.BeanCreationException: Could not autowire field: private java.lang.Object com.rackspace.search.service.zendesk.ZendeskTicketProcessor.zendeskIndexName; nested exception is java.lang.IllegalArgumentException: Could not resolve placeholder &apos;zendesk.index.name&apos;
	at org.springframework.beans.factory.annotation.AutowiredAnnotationBeanPostProcessor.postProcessPropertyValues(AutowiredAnnotationBeanPostProcessor.java:288) ~[spring-beans-3.0.6.RELEASE.jar:3.0.6.RELEASE]
	at org.springframework.beans.factory.support.AbstractAutowireCapableBeanFactory.populateBean(AbstractAutowireCapableBeanFactory.java:1074) ~[spring-beans-3.0.6.RELEASE.jar:3.0.6.RELEASE]
	at org.springframework.beans.factory.support.AbstractAutowireCapableBeanFactory.doCreateBean(AbstractAutowireCapableBeanFactory.java:517) ~[spring-beans-3.0.6.RELEASE.jar:3.0.6.RELEASE]
	at org.springframework.beans.factory.support.AbstractAutowireCapableBeanFactory.createBean(AbstractAutowireCapableBeanFactory.java:456) ~[spring-beans-3.0.6.RELEASE.jar:3.0.6.RELEASE]
	at org.springframework.beans.factory.support.AbstractBeanFactory$1.getObject(AbstractBeanFactory.java:293) ~[spring-beans-3.0.6.RELEASE.jar:3.0.6.RELEASE]
	at org.springframework.beans.factory.support.DefaultSingletonBeanRegistry.getSingleton(DefaultSingletonBeanRegistry.java:222) ~[spring-beans-3.0.6.RELEASE.jar:3.0.6.RELEASE]
	at org.springframework.beans.factory.support.AbstractBeanFactory.doGetBean(AbstractBeanFactory.java:290) ~[spring-beans-3.0.6.RELEASE.jar:3.0.6.RELEASE]
	at org.springframework.beans.factory.support.AbstractBeanFactory.getBean(AbstractBeanFactory.java:192) ~[spring-beans-3.0.6.RELEASE.jar:3.0.6.RELEASE]
	at org.springframework.beans.factory.support.DefaultListableBeanFactory.findAutowireCandidates(DefaultListableBeanFactory.java:848) ~[spring-beans-3.0.6.RELEASE.jar:3.0.6.RELEASE]
	at org.springframework.beans.factory.support.DefaultListableBeanFactory.doResolveDependency(DefaultListableBeanFactory.java:790) ~[spring-beans-3.0.6.RELEASE.jar:3.0.6.RELEASE]
	at org.springframework.beans.factory.support.DefaultListableBeanFactory.resolveDependency(DefaultListableBeanFactory.java:707) ~[spring-beans-3.0.6.RELEASE.jar:3.0.6.RELEASE]
	at org.springframework.beans.factory.annotation.AutowiredAnnotationBeanPostProcessor$AutowiredFieldElement.inject(AutowiredAnnotationBeanPostProcessor.java:480) ~[spring-beans-3.0.6.RELEASE.jar:3.0.6.RELEASE]
	... 66 common frames omitted
Caused by: org.springframework.beans.factory.BeanCreationException: Could not autowire field: private com.rackspace.search.service.zendesk.ZendeskTicketOngoingSyncActor com.rackspace.search.service.zendesk.ZendeskTicketOngoingSyncJob.ticketActor; nested exception is org.springframework.beans.factory.BeanCreationException: Error creating bean with name &apos;zendeskTicketOngoingSyncActor&apos;: Injection of autowired dependencies failed; nested exception is org.springframework.beans.factory.BeanCreationException: Could not autowire field: private com.rackspace.search.service.zendesk.ZendeskTicketProcessor com.rackspace.search.service.zendesk.ZendeskTicketOngoingSyncActor.zendeskTicketProcessor; nested exception is org.springframework.beans.factory.BeanCreationException: Error creating bean with name &apos;zendeskTicketProcessor&apos;: Injection of autowired dependencies failed; nested exception is org.springframework.beans.factory.BeanCreationException: Could not autowire field: private java.lang.Object com.rackspace.search.service.zendesk.ZendeskTicketProcessor.zendeskIndexName; nested exception is java.lang.IllegalArgumentException: Could not resolve placeholder &apos;zendesk.index.name&apos;
	at org.springframework.beans.factory.annotation.AutowiredAnnotationBeanPostProcessor$AutowiredFieldElement.inject(AutowiredAnnotationBeanPostProcessor.java:508) ~[spring-beans-3.0.6.RELEASE.jar:3.0.6.RELEASE]
	at org.springframework.beans.factory.annotation.InjectionMetadata.inject(InjectionMetadata.java:84) ~[spring-beans-3.0.6.RELEASE.jar:3.0.6.RELEASE]
	at org.springframework.beans.factory.annotation.AutowiredAnnotationBeanPostProcessor.postProcessPropertyValues(AutowiredAnnotationBeanPostProcessor.java:285) ~[spring-beans-3.0.6.RELEASE.jar:3.0.6.RELEASE]
	... 77 common frames omitted
Caused by: org.springframework.beans.factory.BeanCreationException: Error creating bean with name &apos;zendeskTicketOngoingSyncActor&apos;: Injection of autowired dependencies failed; nested exception is org.springframework.beans.factory.BeanCreationException: Could not autowire field: private com.rackspace.search.service.zendesk.ZendeskTicketProcessor com.rackspace.search.service.zendesk.ZendeskTicketOngoingSyncActor.zendeskTicketProcessor; nested exception is org.springframework.beans.factory.BeanCreationException: Error creating bean with name &apos;zendeskTicketProcessor&apos;: Injection of autowired dependencies failed; nested exception is org.springframework.beans.factory.BeanCreationException: Could not autowire field: private java.lang.Object com.rackspace.search.service.zendesk.ZendeskTicketProcessor.zendeskIndexName; nested exception is java.lang.IllegalArgumentException: Could not resolve placeholder &apos;zendesk.index.name&apos;
	at org.springframework.beans.factory.annotation.AutowiredAnnotationBeanPostProcessor.postProcessPropertyValues(AutowiredAnnotationBeanPostProcessor.java:288) ~[spring-beans-3.0.6.RELEASE.jar:3.0.6.RELEASE]
	at org.springframework.beans.factory.support.AbstractAutowireCapableBeanFactory.populateBean(AbstractAutowireCapableBeanFactory.java:1074) ~[spring-beans-3.0.6.RELEASE.jar:3.0.6.RELEASE]
	at org.springframework.beans.factory.support.AbstractAutowireCapableBeanFactory.doCreateBean(AbstractAutowireCapableBeanFactory.java:517) ~[spring-beans-3.0.6.RELEASE.jar:3.0.6.RELEASE]
	at org.springframework.beans.factory.support.AbstractAutowireCapableBeanFactory.createBean(AbstractAutowireCapableBeanFactory.java:456) ~[spring-beans-3.0.6.RELEASE.jar:3.0.6.RELEASE]
	at org.springframework.beans.factory.support.AbstractBeanFactory$1.getObject(AbstractBeanFactory.java:293) ~[spring-beans-3.0.6.RELEASE.jar:3.0.6.RELEASE]
	at org.springframework.beans.factory.support.DefaultSingletonBeanRegistry.getSingleton(DefaultSingletonBeanRegistry.java:222) ~[spring-beans-3.0.6.RELEASE.jar:3.0.6.RELEASE]
	at org.springframework.beans.factory.support.AbstractBeanFactory.doGetBean(AbstractBeanFactory.java:290) ~[spring-beans-3.0.6.RELEASE.jar:3.0.6.RELEASE]
	at org.springframework.beans.factory.support.AbstractBeanFactory.getBean(AbstractBeanFactory.java:192) ~[spring-beans-3.0.6.RELEASE.jar:3.0.6.RELEASE]
	at org.springframework.beans.factory.support.DefaultListableBeanFactory.findAutowireCandidates(DefaultListableBeanFactory.java:848) ~[spring-beans-3.0.6.RELEASE.jar:3.0.6.RELEASE]
	at org.springframework.beans.factory.support.DefaultListableBeanFactory.doResolveDependency(DefaultListableBeanFactory.java:790) ~[spring-beans-3.0.6.RELEASE.jar:3.0.6.RELEASE]
	at org.springframework.beans.factory.support.DefaultListableBeanFactory.resolveDependency(DefaultListableBeanFactory.java:707) ~[spring-beans-3.0.6.RELEASE.jar:3.0.6.RELEASE]
	at org.springframework.beans.factory.annotation.AutowiredAnnotationBeanPostProcessor$AutowiredFieldElement.inject(AutowiredAnnotationBeanPostProcessor.java:480) ~[spring-beans-3.0.6.RELEASE.jar:3.0.6.RELEASE]
	... 79 common frames omitted
Caused by: org.springframework.beans.factory.BeanCreationException: Could not autowire field: private com.rackspace.search.service.zendesk.ZendeskTicketProcessor com.rackspace.search.service.zendesk.ZendeskTicketOngoingSyncActor.zendeskTicketProcessor; nested exception is org.springframework.beans.factory.BeanCreationException: Error creating bean with name &apos;zendeskTicketProcessor&apos;: Injection of autowired dependencies failed; nested exception is org.springframework.beans.factory.BeanCreationException: Could not autowire field: private java.lang.Object com.rackspace.search.service.zendesk.ZendeskTicketProcessor.zendeskIndexName; nested exception is java.lang.IllegalArgumentException: Could not resolve placeholder &apos;zendesk.index.name&apos;
	at org.springframework.beans.factory.annotation.AutowiredAnnotationBeanPostProcessor$AutowiredFieldElement.inject(AutowiredAnnotationBeanPostProcessor.java:508) ~[spring-beans-3.0.6.RELEASE.jar:3.0.6.RELEASE]
	at org.springframework.beans.factory.annotation.InjectionMetadata.inject(InjectionMetadata.java:84) ~[spring-beans-3.0.6.RELEASE.jar:3.0.6.RELEASE]
	at org.springframework.beans.factory.annotation.AutowiredAnnotationBeanPostProcessor.postProcessPropertyValues(AutowiredAnnotationBeanPostProcessor.java:285) ~[spring-beans-3.0.6.RELEASE.jar:3.0.6.RELEASE]
	... 90 common frames omitted
Caused by: org.springframework.beans.factory.BeanCreationException: Error creating bean with name &apos;zendeskTicketProcessor&apos;: Injection of autowired dependencies failed; nested exception is org.springframework.beans.factory.BeanCreationException: Could not autowire field: private java.lang.Object com.rackspace.search.service.zendesk.ZendeskTicketProcessor.zendeskIndexName; nested exception is java.lang.IllegalArgumentException: Could not resolve placeholder &apos;zendesk.index.name&apos;
	at org.springframework.beans.factory.annotation.AutowiredAnnotationBeanPostProcessor.postProcessPropertyValues(AutowiredAnnotationBeanPostProcessor.java:288) ~[spring-beans-3.0.6.RELEASE.jar:3.0.6.RELEASE]
	at org.springframework.beans.factory.support.AbstractAutowireCapableBeanFactory.populateBean(AbstractAutowireCapableBeanFactory.java:1074) ~[spring-beans-3.0.6.RELEASE.jar:3.0.6.RELEASE]
	at org.springframework.beans.factory.support.AbstractAutowireCapableBeanFactory.doCreateBean(AbstractAutowireCapableBeanFactory.java:517) ~[spring-beans-3.0.6.RELEASE.jar:3.0.6.RELEASE]
	at org.springframework.beans.factory.support.AbstractAutowireCapableBeanFactory.createBean(AbstractAutowireCapableBeanFactory.java:456) ~[spring-beans-3.0.6.RELEASE.jar:3.0.6.RELEASE]
	at org.springframework.beans.factory.support.AbstractBeanFactory$1.getObject(AbstractBeanFactory.java:293) ~[spring-beans-3.0.6.RELEASE.jar:3.0.6.RELEASE]
	at org.springframework.beans.factory.support.DefaultSingletonBeanRegistry.getSingleton(DefaultSingletonBeanRegistry.java:222) ~[spring-beans-3.0.6.RELEASE.jar:3.0.6.RELEASE]
	at org.springframework.beans.factory.support.AbstractBeanFactory.doGetBean(AbstractBeanFactory.java:290) ~[spring-beans-3.0.6.RELEASE.jar:3.0.6.RELEASE]
	at org.springframework.beans.factory.support.AbstractBeanFactory.getBean(AbstractBeanFactory.java:192) ~[spring-beans-3.0.6.RELEASE.jar:3.0.6.RELEASE]
	at org.springframework.beans.factory.support.DefaultListableBeanFactory.findAutowireCandidates(DefaultListableBeanFactory.java:848) ~[spring-beans-3.0.6.RELEASE.jar:3.0.6.RELEASE]
	at org.springframework.beans.factory.support.DefaultListableBeanFactory.doResolveDependency(DefaultListableBeanFactory.java:790) ~[spring-beans-3.0.6.RELEASE.jar:3.0.6.RELEASE]
	at org.springframework.beans.factory.support.DefaultListableBeanFactory.resolveDependency(DefaultListableBeanFactory.java:707) ~[spring-beans-3.0.6.RELEASE.jar:3.0.6.RELEASE]
	at org.springframework.beans.factory.annotation.AutowiredAnnotationBeanPostProcessor$AutowiredFieldElement.inject(AutowiredAnnotationBeanPostProcessor.java:480) ~[spring-beans-3.0.6.RELEASE.jar:3.0.6.RELEASE]
	... 92 common frames omitted
Caused by: org.springframework.beans.factory.BeanCreationException: Could not autowire field: private java.lang.Object com.rackspace.search.service.zendesk.ZendeskTicketProcessor.zendeskIndexName; nested exception is java.lang.IllegalArgumentException: Could not resolve placeholder &apos;zendesk.index.name&apos;
	at org.springframework.beans.factory.annotation.AutowiredAnnotationBeanPostProcessor$AutowiredFieldElement.inject(AutowiredAnnotationBeanPostProcessor.java:508) ~[spring-beans-3.0.6.RELEASE.jar:3.0.6.RELEASE]
	at org.springframework.beans.factory.annotation.InjectionMetadata.inject(InjectionMetadata.java:84) ~[spring-beans-3.0.6.RELEASE.jar:3.0.6.RELEASE]
	at org.springframework.beans.factory.annotation.AutowiredAnnotationBeanPostProcessor.postProcessPropertyValues(AutowiredAnnotationBeanPostProcessor.java:285) ~[spring-beans-3.0.6.RELEASE.jar:3.0.6.RELEASE]
	... 103 common frames omitted
Caused by: java.lang.IllegalArgumentException: Could not resolve placeholder &apos;zendesk.index.name&apos;
	at org.springframework.util.PropertyPlaceholderHelper.parseStringValue(PropertyPlaceholderHelper.java:173) ~[spring-core-3.0.6.RELEASE.jar:3.0.6.RELEASE]
	at org.springframework.util.PropertyPlaceholderHelper.replacePlaceholders(PropertyPlaceholderHelper.java:125) ~[spring-core-3.0.6.RELEASE.jar:3.0.6.RELEASE]
	at org.springframework.beans.factory.config.PropertyPlaceholderConfigurer$PlaceholderResolvingStringValueResolver.resolveStringValue(PropertyPlaceholderConfigurer.java:403) ~[spring-beans-3.0.6.RELEASE.jar:3.0.6.RELEASE]
	at org.springframework.beans.factory.support.AbstractBeanFactory.resolveEmbeddedValue(AbstractBeanFactory.java:747) ~[spring-beans-3.0.6.RELEASE.jar:3.0.6.RELEASE]
	at org.springframework.beans.factory.support.DefaultListableBeanFactory.doResolveDependency(DefaultListableBeanFactory.java:717) ~[spring-beans-3.0.6.RELEASE.jar:3.0.6.RELEASE]
	at org.springframework.beans.factory.support.DefaultListableBeanFactory.resolveDependency(DefaultListableBeanFactory.java:707) ~[spring-beans-3.0.6.RELEASE.jar:3.0.6.RELEASE]
	at org.springframework.beans.factory.annotation.AutowiredAnnotationBeanPostProcessor$AutowiredFieldElement.inject(AutowiredAnnotationBeanPostProcessor.java:480) ~[spring-beans-3.0.6.RELEASE.jar:3.0.6.RELEASE]
	... 105 common frames omitted
</stdout>
          <stderr>Exception in thread &quot;Timer-65&quot; org.elasticsearch.common.util.concurrent.EsRejectedExecutionException: rejected execution of [org.elasticsearch.action.support.master.TransportMasterNodeOperationAction$2]
	at org.elasticsearch.common.util.concurrent.EsAbortPolicy.rejectedExecution(EsAbortPolicy.java:35)
	at java.util.concurrent.ThreadPoolExecutor.reject(ThreadPoolExecutor.java:767)
	at java.util.concurrent.ThreadPoolExecutor.execute(ThreadPoolExecutor.java:658)
	at org.elasticsearch.action.support.master.TransportMasterNodeOperationAction.innerExecute(TransportMasterNodeOperationAction.java:132)
	at org.elasticsearch.action.support.master.TransportMasterNodeOperationAction.doExecute(TransportMasterNodeOperationAction.java:86)
	at org.elasticsearch.action.support.master.TransportMasterNodeOperationAction.doExecute(TransportMasterNodeOperationAction.java:42)
	at org.elasticsearch.action.support.TransportAction.execute(TransportAction.java:61)
	at org.elasticsearch.client.node.NodeClusterAdminClient.execute(NodeClusterAdminClient.java:72)
	at org.elasticsearch.client.support.AbstractClusterAdminClient.health(AbstractClusterAdminClient.java:83)
	at org.elasticsearch.action.admin.cluster.health.ClusterHealthRequestBuilder.doExecute(ClusterHealthRequestBuilder.java:98)
	at org.elasticsearch.action.ActionRequestBuilder.execute(ActionRequestBuilder.java:62)
	at org.elasticsearch.action.ActionRequestBuilder.execute(ActionRequestBuilder.java:57)
	at org.elasticsearch.action.ActionRequestBuilder$execute.call(Unknown Source)
	at com.rackspace.search.elasticsearch.ElasticSearchServer.getHealthInformation(ElasticSearchServer.groovy:55)
	at com.rackspace.search.elasticsearch.ElasticSearchServer.getHealthStatus(ElasticSearchServer.groovy:51)
	at com.rackspace.search.elasticsearch.ElasticSearchServer.waitForYellowStatus(ElasticSearchServer.groovy:69)
	at com.rackspace.search.elasticsearch.ElasticSearchServer$waitForYellowStatus.call(Unknown Source)
	at com.rackspace.search.service.core.CoreTicketOngoingSyncJob.setupJob(CoreTicketOnGoingSyncJob.groovy:89)
	at sun.reflect.NativeMethodAccessorImpl.invoke0(Native Method)
	at sun.reflect.NativeMethodAccessorImpl.invoke(NativeMethodAccessorImpl.java:39)
	at sun.reflect.DelegatingMethodAccessorImpl.invoke(DelegatingMethodAccessorImpl.java:25)
	at java.lang.reflect.Method.invoke(Method.java:597)
	at org.codehaus.groovy.reflection.CachedMethod.invoke(CachedMethod.java:90)
	at groovy.lang.MetaMethod.doMethodInvoke(MetaMethod.java:233)
	at groovy.lang.MetaClassImpl.invokeMethod(MetaClassImpl.java:1085)
	at org.codehaus.groovy.runtime.ScriptBytecodeAdapter.invokeMethodOnCurrentN(ScriptBytecodeAdapter.java:78)
	at com.rackspace.search.service.core.CoreTicketOngoingSyncJob.this$dist$invoke$1(CoreTicketOnGoingSyncJob.groovy)
	at com.rackspace.search.service.core.CoreTicketOngoingSyncJob$1.methodMissing(CoreTicketOnGoingSyncJob.groovy)
	at sun.reflect.NativeMethodAccessorImpl.invoke0(Native Method)
	at sun.reflect.NativeMethodAccessorImpl.invoke(NativeMethodAccessorImpl.java:39)
	at sun.reflect.DelegatingMethodAccessorImpl.invoke(DelegatingMethodAccessorImpl.java:25)
	at java.lang.reflect.Method.invoke(Method.java:597)
	at org.codehaus.groovy.reflection.CachedMethod.invoke(CachedMethod.java:90)
	at groovy.lang.MetaClassImpl.invokeMissingMethod(MetaClassImpl.java:837)
	at groovy.lang.MetaClassImpl.invokePropertyOrMissing(MetaClassImpl.java:1134)
	at groovy.lang.MetaClassImpl.invokeMethod(MetaClassImpl.java:1087)
	at groovy.lang.MetaClassImpl.invokeMethod(MetaClassImpl.java:909)
	at org.codehaus.groovy.runtime.callsite.PogoMetaClassSite.callCurrent(PogoMetaClassSite.java:66)
	at org.codehaus.groovy.runtime.callsite.AbstractCallSite.callCurrent(AbstractCallSite.java:137)
	at com.rackspace.search.service.core.CoreTicketOngoingSyncJob$1.run(CoreTicketOnGoingSyncJob.groovy:72)
	at java.util.TimerThread.mainLoop(Timer.java:512)
	at java.util.TimerThread.run(Timer.java:462)
Exception in thread &quot;Timer-66&quot; org.elasticsearch.common.util.concurrent.EsRejectedExecutionException: rejected execution of [org.elasticsearch.action.support.master.TransportMasterNodeOperationAction$2]
	at org.elasticsearch.common.util.concurrent.EsAbortPolicy.rejectedExecution(EsAbortPolicy.java:35)
	at java.util.concurrent.ThreadPoolExecutor.reject(ThreadPoolExecutor.java:767)
	at java.util.concurrent.ThreadPoolExecutor.execute(ThreadPoolExecutor.java:658)
	at org.elasticsearch.action.support.master.TransportMasterNodeOperationAction.innerExecute(TransportMasterNodeOperationAction.java:132)
	at org.elasticsearch.action.support.master.TransportMasterNodeOperationAction.doExecute(TransportMasterNodeOperationAction.java:86)
	at org.elasticsearch.action.support.master.TransportMasterNodeOperationAction.doExecute(TransportMasterNodeOperationAction.java:42)
	at org.elasticsearch.action.support.TransportAction.execute(TransportAction.java:61)
	at org.elasticsearch.client.node.NodeClusterAdminClient.execute(NodeClusterAdminClient.java:72)
	at org.elasticsearch.client.support.AbstractClusterAdminClient.health(AbstractClusterAdminClient.java:83)
	at org.elasticsearch.action.admin.cluster.health.ClusterHealthRequestBuilder.doExecute(ClusterHealthRequestBuilder.java:98)
	at org.elasticsearch.action.ActionRequestBuilder.execute(ActionRequestBuilder.java:62)
	at org.elasticsearch.action.ActionRequestBuilder.execute(ActionRequestBuilder.java:57)
	at org.elasticsearch.action.ActionRequestBuilder$execute.call(Unknown Source)
	at com.rackspace.search.elasticsearch.ElasticSearchServer.getHealthInformation(ElasticSearchServer.groovy:55)
	at com.rackspace.search.elasticsearch.ElasticSearchServer.getHealthStatus(ElasticSearchServer.groovy:51)
	at com.rackspace.search.elasticsearch.ElasticSearchServer.waitForYellowStatus(ElasticSearchServer.groovy:69)
	at com.rackspace.search.elasticsearch.ElasticSearchServer$waitForYellowStatus.call(Unknown Source)
	at com.rackspace.search.service.account.AccountOngoingSyncJob.setupJob(AccountOngoingSyncJob.groovy:96)
	at sun.reflect.NativeMethodAccessorImpl.invoke0(Native Method)
	at sun.reflect.NativeMethodAccessorImpl.invoke(NativeMethodAccessorImpl.java:39)
	at sun.reflect.DelegatingMethodAccessorImpl.invoke(DelegatingMethodAccessorImpl.java:25)
	at java.lang.reflect.Method.invoke(Method.java:597)
	at org.codehaus.groovy.reflection.CachedMethod.invoke(CachedMethod.java:90)
	at groovy.lang.MetaMethod.doMethodInvoke(MetaMethod.java:233)
	at groovy.lang.MetaClassImpl.invokeMethod(MetaClassImpl.java:1085)
	at org.codehaus.groovy.runtime.ScriptBytecodeAdapter.invokeMethodOnCurrentN(ScriptBytecodeAdapter.java:78)
	at com.rackspace.search.service.account.AccountOngoingSyncJob.this$dist$invoke$1(AccountOngoingSyncJob.groovy)
	at com.rackspace.search.service.account.AccountOngoingSyncJob$1.methodMissing(AccountOngoingSyncJob.groovy)
	at sun.reflect.NativeMethodAccessorImpl.invoke0(Native Method)
	at sun.reflect.NativeMethodAccessorImpl.invoke(NativeMethodAccessorImpl.java:39)
	at sun.reflect.DelegatingMethodAccessorImpl.invoke(DelegatingMethodAccessorImpl.java:25)
	at java.lang.reflect.Method.invoke(Method.java:597)
	at org.codehaus.groovy.reflection.CachedMethod.invoke(CachedMethod.java:90)
	at groovy.lang.MetaClassImpl.invokeMissingMethod(MetaClassImpl.java:837)
	at groovy.lang.MetaClassImpl.invokePropertyOrMissing(MetaClassImpl.java:1134)
	at groovy.lang.MetaClassImpl.invokeMethod(MetaClassImpl.java:1087)
	at groovy.lang.MetaClassImpl.invokeMethod(MetaClassImpl.java:909)
	at org.codehaus.groovy.runtime.callsite.PogoMetaClassSite.callCurrent(PogoMetaClassSite.java:66)
	at org.codehaus.groovy.runtime.callsite.AbstractCallSite.callCurrent(AbstractCallSite.java:137)
	at com.rackspace.search.service.account.AccountOngoingSyncJob$1.run(AccountOngoingSyncJob.groovy:78)
	at java.util.TimerThread.mainLoop(Timer.java:512)
	at java.util.TimerThread.run(Timer.java:462)
Exception in thread &quot;Timer-67&quot; org.elasticsearch.common.util.concurrent.EsRejectedExecutionException: rejected execution of [org.elasticsearch.action.support.master.TransportMasterNodeOperationAction$2]
	at org.elasticsearch.common.util.concurrent.EsAbortPolicy.rejectedExecution(EsAbortPolicy.java:35)
	at java.util.concurrent.ThreadPoolExecutor.reject(ThreadPoolExecutor.java:767)
	at java.util.concurrent.ThreadPoolExecutor.execute(ThreadPoolExecutor.java:658)
	at org.elasticsearch.action.support.master.TransportMasterNodeOperationAction.innerExecute(TransportMasterNodeOperationAction.java:132)
	at org.elasticsearch.action.support.master.TransportMasterNodeOperationAction.doExecute(TransportMasterNodeOperationAction.java:86)
	at org.elasticsearch.action.support.master.TransportMasterNodeOperationAction.doExecute(TransportMasterNodeOperationAction.java:42)
	at org.elasticsearch.action.support.TransportAction.execute(TransportAction.java:61)
	at org.elasticsearch.client.node.NodeClusterAdminClient.execute(NodeClusterAdminClient.java:72)
	at org.elasticsearch.client.support.AbstractClusterAdminClient.health(AbstractClusterAdminClient.java:83)
	at org.elasticsearch.action.admin.cluster.health.ClusterHealthRequestBuilder.doExecute(ClusterHealthRequestBuilder.java:98)
	at org.elasticsearch.action.ActionRequestBuilder.execute(ActionRequestBuilder.java:62)
	at org.elasticsearch.action.ActionRequestBuilder.execute(ActionRequestBuilder.java:57)
	at org.elasticsearch.action.ActionRequestBuilder$execute.call(Unknown Source)
	at com.rackspace.search.elasticsearch.ElasticSearchServer.getHealthInformation(ElasticSearchServer.groovy:55)
	at com.rackspace.search.elasticsearch.ElasticSearchServer.getHealthStatus(ElasticSearchServer.groovy:51)
	at com.rackspace.search.elasticsearch.ElasticSearchServer.waitForYellowStatus(ElasticSearchServer.groovy:69)
	at com.rackspace.search.elasticsearch.ElasticSearchServer$waitForYellowStatus.call(Unknown Source)
	at com.rackspace.search.service.admin.CoreTicketOndemandSyncJob.setupJob(CoreTicketOndemandSyncJob.groovy:98)
	at sun.reflect.NativeMethodAccessorImpl.invoke0(Native Method)
	at sun.reflect.NativeMethodAccessorImpl.invoke(NativeMethodAccessorImpl.java:39)
	at sun.reflect.DelegatingMethodAccessorImpl.invoke(DelegatingMethodAccessorImpl.java:25)
	at java.lang.reflect.Method.invoke(Method.java:597)
	at org.codehaus.groovy.reflection.CachedMethod.invoke(CachedMethod.java:90)
	at groovy.lang.MetaMethod.doMethodInvoke(MetaMethod.java:233)
	at groovy.lang.MetaClassImpl.invokeMethod(MetaClassImpl.java:1085)
	at org.codehaus.groovy.runtime.ScriptBytecodeAdapter.invokeMethodOnCurrentN(ScriptBytecodeAdapter.java:78)
	at com.rackspace.search.service.admin.CoreTicketOndemandSyncJob.this$dist$invoke$1(CoreTicketOndemandSyncJob.groovy)
	at com.rackspace.search.service.admin.CoreTicketOndemandSyncJob$1.methodMissing(CoreTicketOndemandSyncJob.groovy)
	at sun.reflect.NativeMethodAccessorImpl.invoke0(Native Method)
	at sun.reflect.NativeMethodAccessorImpl.invoke(NativeMethodAccessorImpl.java:39)
	at sun.reflect.DelegatingMethodAccessorImpl.invoke(DelegatingMethodAccessorImpl.java:25)
	at java.lang.reflect.Method.invoke(Method.java:597)
	at org.codehaus.groovy.reflection.CachedMethod.invoke(CachedMethod.java:90)
	at groovy.lang.MetaClassImpl.invokeMissingMethod(MetaClassImpl.java:837)
	at groovy.lang.MetaClassImpl.invokePropertyOrMissing(MetaClassImpl.java:1134)
	at groovy.lang.MetaClassImpl.invokeMethod(MetaClassImpl.java:1087)
	at groovy.lang.MetaClassImpl.invokeMethod(MetaClassImpl.java:909)
	at org.codehaus.groovy.runtime.callsite.PogoMetaClassSite.callCurrent(PogoMetaClassSite.java:66)
	at org.codehaus.groovy.runtime.callsite.AbstractCallSite.callCurrent(AbstractCallSite.java:137)
	at com.rackspace.search.service.admin.CoreTicketOndemandSyncJob$1.run(CoreTicketOndemandSyncJob.groovy:82)
	at java.util.TimerThread.mainLoop(Timer.java:512)
	at java.util.TimerThread.run(Timer.java:462)
Exception in thread &quot;Timer-68&quot; org.elasticsearch.common.util.concurrent.EsRejectedExecutionException: rejected execution of [org.elasticsearch.action.support.master.TransportMasterNodeOperationAction$2]
	at org.elasticsearch.common.util.concurrent.EsAbortPolicy.rejectedExecution(EsAbortPolicy.java:35)
	at java.util.concurrent.ThreadPoolExecutor.reject(ThreadPoolExecutor.java:767)
	at java.util.concurrent.ThreadPoolExecutor.execute(ThreadPoolExecutor.java:658)
	at org.elasticsearch.action.support.master.TransportMasterNodeOperationAction.innerExecute(TransportMasterNodeOperationAction.java:132)
	at org.elasticsearch.action.support.master.TransportMasterNodeOperationAction.doExecute(TransportMasterNodeOperationAction.java:86)
	at org.elasticsearch.action.support.master.TransportMasterNodeOperationAction.doExecute(TransportMasterNodeOperationAction.java:42)
	at org.elasticsearch.action.support.TransportAction.execute(TransportAction.java:61)
	at org.elasticsearch.client.node.NodeClusterAdminClient.execute(NodeClusterAdminClient.java:72)
	at org.elasticsearch.client.support.AbstractClusterAdminClient.health(AbstractClusterAdminClient.java:83)
	at org.elasticsearch.action.admin.cluster.health.ClusterHealthRequestBuilder.doExecute(ClusterHealthRequestBuilder.java:98)
	at org.elasticsearch.action.ActionRequestBuilder.execute(ActionRequestBuilder.java:62)
	at org.elasticsearch.action.ActionRequestBuilder.execute(ActionRequestBuilder.java:57)
	at org.elasticsearch.action.ActionRequestBuilder$execute.call(Unknown Source)
	at com.rackspace.search.elasticsearch.ElasticSearchServer.getHealthInformation(ElasticSearchServer.groovy:55)
	at com.rackspace.search.elasticsearch.ElasticSearchServer.getHealthStatus(ElasticSearchServer.groovy:51)
	at com.rackspace.search.elasticsearch.ElasticSearchServer.waitForYellowStatus(ElasticSearchServer.groovy:69)
	at com.rackspace.search.elasticsearch.ElasticSearchServer$waitForYellowStatus.call(Unknown Source)
	at com.rackspace.search.service.core.CoreTicketSecondPassSyncJob.setupJob(CoreTicketSecondPassSyncJob.groovy:90)
	at com.rackspace.search.service.core.CoreTicketSecondPassSyncJob.this$2$setupJob(CoreTicketSecondPassSyncJob.groovy)
	at sun.reflect.NativeMethodAccessorImpl.invoke0(Native Method)
	at sun.reflect.NativeMethodAccessorImpl.invoke(NativeMethodAccessorImpl.java:39)
	at sun.reflect.DelegatingMethodAccessorImpl.invoke(DelegatingMethodAccessorImpl.java:25)
	at java.lang.reflect.Method.invoke(Method.java:597)
	at org.codehaus.groovy.reflection.CachedMethod.invoke(CachedMethod.java:90)
	at groovy.lang.MetaMethod.doMethodInvoke(MetaMethod.java:233)
	at groovy.lang.MetaClassImpl.invokeMethod(MetaClassImpl.java:1085)
	at org.codehaus.groovy.runtime.ScriptBytecodeAdapter.invokeMethodOnCurrentN(ScriptBytecodeAdapter.java:78)
	at com.rackspace.search.service.core.CoreTicketSecondPassSyncJob.this$dist$invoke$1(CoreTicketSecondPassSyncJob.groovy)
	at com.rackspace.search.service.core.CoreTicketSecondPassSyncJob$1.methodMissing(CoreTicketSecondPassSyncJob.groovy)
	at sun.reflect.NativeMethodAccessorImpl.invoke0(Native Method)
	at sun.reflect.NativeMethodAccessorImpl.invoke(NativeMethodAccessorImpl.java:39)
	at sun.reflect.DelegatingMethodAccessorImpl.invoke(DelegatingMethodAccessorImpl.java:25)
	at java.lang.reflect.Method.invoke(Method.java:597)
	at org.codehaus.groovy.reflection.CachedMethod.invoke(CachedMethod.java:90)
	at groovy.lang.MetaClassImpl.invokeMissingMethod(MetaClassImpl.java:837)
	at groovy.lang.MetaClassImpl.invokePropertyOrMissing(MetaClassImpl.java:1134)
	at groovy.lang.MetaClassImpl.invokeMethod(MetaClassImpl.java:1087)
	at groovy.lang.MetaClassImpl.invokeMethod(MetaClassImpl.java:909)
	at org.codehaus.groovy.runtime.callsite.PogoMetaClassSite.callCurrent(PogoMetaClassSite.java:66)
	at org.codehaus.groovy.runtime.callsite.AbstractCallSite.callCurrent(AbstractCallSite.java:137)
	at com.rackspace.search.service.core.CoreTicketSecondPassSyncJob$1.run(CoreTicketSecondPassSyncJob.groovy:74)
	at java.util.TimerThread.mainLoop(Timer.java:512)
	at java.util.TimerThread.run(Timer.java:462)
Exception in thread &quot;Timer-69&quot; org.elasticsearch.common.util.concurrent.EsRejectedExecutionException: rejected execution of [org.elasticsearch.action.support.master.TransportMasterNodeOperationAction$2]
	at org.elasticsearch.common.util.concurrent.EsAbortPolicy.rejectedExecution(EsAbortPolicy.java:35)
	at java.util.concurrent.ThreadPoolExecutor.reject(ThreadPoolExecutor.java:767)
	at java.util.concurrent.ThreadPoolExecutor.execute(ThreadPoolExecutor.java:658)
	at org.elasticsearch.action.support.master.TransportMasterNodeOperationAction.innerExecute(TransportMasterNodeOperationAction.java:132)
	at org.elasticsearch.action.support.master.TransportMasterNodeOperationAction.doExecute(TransportMasterNodeOperationAction.java:86)
	at org.elasticsearch.action.support.master.TransportMasterNodeOperationAction.doExecute(TransportMasterNodeOperationAction.java:42)
	at org.elasticsearch.action.support.TransportAction.execute(TransportAction.java:61)
	at org.elasticsearch.client.node.NodeClusterAdminClient.execute(NodeClusterAdminClient.java:72)
	at org.elasticsearch.client.support.AbstractClusterAdminClient.health(AbstractClusterAdminClient.java:83)
	at org.elasticsearch.action.admin.cluster.health.ClusterHealthRequestBuilder.doExecute(ClusterHealthRequestBuilder.java:98)
	at org.elasticsearch.action.ActionRequestBuilder.execute(ActionRequestBuilder.java:62)
	at org.elasticsearch.action.ActionRequestBuilder.execute(ActionRequestBuilder.java:57)
	at org.elasticsearch.action.ActionRequestBuilder$execute.call(Unknown Source)
	at com.rackspace.search.elasticsearch.ElasticSearchServer.getHealthInformation(ElasticSearchServer.groovy:55)
	at com.rackspace.search.elasticsearch.ElasticSearchServer.getHealthStatus(ElasticSearchServer.groovy:51)
	at com.rackspace.search.elasticsearch.ElasticSearchServer.waitForYellowStatus(ElasticSearchServer.groovy:69)
	at com.rackspace.search.elasticsearch.ElasticSearchServer$waitForYellowStatus.call(Unknown Source)
	at com.rackspace.search.service.account.CoreAccountUpdateSyncJob.setupJob(CoreAccountUpdateSyncJob.groovy:95)
	at com.rackspace.search.service.account.CoreAccountUpdateSyncJob.this$2$setupJob(CoreAccountUpdateSyncJob.groovy)
	at sun.reflect.NativeMethodAccessorImpl.invoke0(Native Method)
	at sun.reflect.NativeMethodAccessorImpl.invoke(NativeMethodAccessorImpl.java:39)
	at sun.reflect.DelegatingMethodAccessorImpl.invoke(DelegatingMethodAccessorImpl.java:25)
	at java.lang.reflect.Method.invoke(Method.java:597)
	at org.codehaus.groovy.reflection.CachedMethod.invoke(CachedMethod.java:90)
	at groovy.lang.MetaMethod.doMethodInvoke(MetaMethod.java:233)
	at groovy.lang.MetaClassImpl.invokeMethod(MetaClassImpl.java:1085)
	at org.codehaus.groovy.runtime.ScriptBytecodeAdapter.invokeMethodOnCurrentN(ScriptBytecodeAdapter.java:78)
	at com.rackspace.search.service.account.CoreAccountUpdateSyncJob.this$dist$invoke$1(CoreAccountUpdateSyncJob.groovy)
	at com.rackspace.search.service.account.CoreAccountUpdateSyncJob$1.methodMissing(CoreAccountUpdateSyncJob.groovy)
	at sun.reflect.NativeMethodAccessorImpl.invoke0(Native Method)
	at sun.reflect.NativeMethodAccessorImpl.invoke(NativeMethodAccessorImpl.java:39)
	at sun.reflect.DelegatingMethodAccessorImpl.invoke(DelegatingMethodAccessorImpl.java:25)
	at java.lang.reflect.Method.invoke(Method.java:597)
	at org.codehaus.groovy.reflection.CachedMethod.invoke(CachedMethod.java:90)
	at groovy.lang.MetaClassImpl.invokeMissingMethod(MetaClassImpl.java:837)
	at groovy.lang.MetaClassImpl.invokePropertyOrMissing(MetaClassImpl.java:1134)
	at groovy.lang.MetaClassImpl.invokeMethod(MetaClassImpl.java:1087)
	at groovy.lang.MetaClassImpl.invokeMethod(MetaClassImpl.java:909)
	at org.codehaus.groovy.runtime.callsite.PogoMetaClassSite.callCurrent(PogoMetaClassSite.java:66)
	at org.codehaus.groovy.runtime.callsite.AbstractCallSite.callCurrent(AbstractCallSite.java:137)
	at com.rackspace.search.service.account.CoreAccountUpdateSyncJob$1.run(CoreAccountUpdateSyncJob.groovy:78)
	at java.util.TimerThread.mainLoop(Timer.java:512)
	at java.util.TimerThread.run(Timer.java:462)
Exception in thread &quot;Timer-70&quot; org.elasticsearch.common.util.concurrent.EsRejectedExecutionException: rejected execution of [org.elasticsearch.action.support.master.TransportMasterNodeOperationAction$2]
	at org.elasticsearch.common.util.concurrent.EsAbortPolicy.rejectedExecution(EsAbortPolicy.java:35)
	at java.util.concurrent.ThreadPoolExecutor.reject(ThreadPoolExecutor.java:767)
	at java.util.concurrent.ThreadPoolExecutor.execute(ThreadPoolExecutor.java:658)
	at org.elasticsearch.action.support.master.TransportMasterNodeOperationAction.innerExecute(TransportMasterNodeOperationAction.java:132)
	at org.elasticsearch.action.support.master.TransportMasterNodeOperationAction.doExecute(TransportMasterNodeOperationAction.java:86)
	at org.elasticsearch.action.support.master.TransportMasterNodeOperationAction.doExecute(TransportMasterNodeOperationAction.java:42)
	at org.elasticsearch.action.support.TransportAction.execute(TransportAction.java:61)
	at org.elasticsearch.client.node.NodeClusterAdminClient.execute(NodeClusterAdminClient.java:72)
	at org.elasticsearch.client.support.AbstractClusterAdminClient.health(AbstractClusterAdminClient.java:83)
	at org.elasticsearch.action.admin.cluster.health.ClusterHealthRequestBuilder.doExecute(ClusterHealthRequestBuilder.java:98)
	at org.elasticsearch.action.ActionRequestBuilder.execute(ActionRequestBuilder.java:62)
	at org.elasticsearch.action.ActionRequestBuilder.execute(ActionRequestBuilder.java:57)
	at org.elasticsearch.action.ActionRequestBuilder$execute.call(Unknown Source)
	at com.rackspace.search.elasticsearch.ElasticSearchServer.getHealthInformation(ElasticSearchServer.groovy:55)
	at com.rackspace.search.elasticsearch.ElasticSearchServer.getHealthStatus(ElasticSearchServer.groovy:51)
	at com.rackspace.search.elasticsearch.ElasticSearchServer.waitForYellowStatus(ElasticSearchServer.groovy:69)
	at com.rackspace.search.elasticsearch.ElasticSearchServer$waitForYellowStatus.call(Unknown Source)
	at com.rackspace.search.service.admin.AccountOndemandSyncJob.setupJob(AccountOndemandSyncJob.groovy:126)
	at sun.reflect.NativeMethodAccessorImpl.invoke0(Native Method)
	at sun.reflect.NativeMethodAccessorImpl.invoke(NativeMethodAccessorImpl.java:39)
	at sun.reflect.DelegatingMethodAccessorImpl.invoke(DelegatingMethodAccessorImpl.java:25)
	at java.lang.reflect.Method.invoke(Method.java:597)
	at org.codehaus.groovy.reflection.CachedMethod.invoke(CachedMethod.java:90)
	at groovy.lang.MetaMethod.doMethodInvoke(MetaMethod.java:233)
	at groovy.lang.MetaClassImpl.invokeMethod(MetaClassImpl.java:1085)
	at org.codehaus.groovy.runtime.ScriptBytecodeAdapter.invokeMethodOnCurrentN(ScriptBytecodeAdapter.java:78)
	at com.rackspace.search.service.admin.AccountOndemandSyncJob.this$dist$invoke$1(AccountOndemandSyncJob.groovy)
	at com.rackspace.search.service.admin.AccountOndemandSyncJob$1.methodMissing(AccountOndemandSyncJob.groovy)
	at sun.reflect.NativeMethodAccessorImpl.invoke0(Native Method)
	at sun.reflect.NativeMethodAccessorImpl.invoke(NativeMethodAccessorImpl.java:39)
	at sun.reflect.DelegatingMethodAccessorImpl.invoke(DelegatingMethodAccessorImpl.java:25)
	at java.lang.reflect.Method.invoke(Method.java:597)
	at org.codehaus.groovy.reflection.CachedMethod.invoke(CachedMethod.java:90)
	at groovy.lang.MetaClassImpl.invokeMissingMethod(MetaClassImpl.java:837)
	at groovy.lang.MetaClassImpl.invokePropertyOrMissing(MetaClassImpl.java:1134)
	at groovy.lang.MetaClassImpl.invokeMethod(MetaClassImpl.java:1087)
	at groovy.lang.MetaClassImpl.invokeMethod(MetaClassImpl.java:909)
	at org.codehaus.groovy.runtime.callsite.PogoMetaClassSite.callCurrent(PogoMetaClassSite.java:66)
	at org.codehaus.groovy.runtime.callsite.AbstractCallSite.callCurrent(AbstractCallSite.java:137)
	at com.rackspace.search.service.admin.AccountOndemandSyncJob$1.run(AccountOndemandSyncJob.groovy:110)
	at java.util.TimerThread.mainLoop(Timer.java:512)
	at java.util.TimerThread.run(Timer.java:462)
</stderr>
          <failedSince>7</failedSince>
        </case>
        <case>
          <duration>5.23</duration>
          <className>com.rackspace.search.elasticsearch.client.ElasticSearchClientTest</className>
          <testName>test search tickets with a range filter and negated range filter</testName>
          <skipped>false</skipped>
          <errorStackTrace>java.lang.NullPointerException: Cannot invoke method getClient() on null object
	at com.rackspace.search.elasticsearch.client.ElasticSearchClientTest.cleanup(ElasticSearchClientTest.groovy:92)
</errorStackTrace>
          <errorDetails>Cannot invoke method getClient() on null object</errorDetails>
          <failedSince>7</failedSince>
        </case>
        <case>
          <duration>6.372</duration>
          <className>com.rackspace.search.elasticsearch.client.ElasticSearchClientTest</className>
          <testName>test sort tickets with single &amp; multiple values</testName>
          <skipped>false</skipped>
          <errorStackTrace>java.lang.IllegalStateException: Failed to load ApplicationContext
	at org.springframework.test.context.TestContext.getApplicationContext(TestContext.java:308)
	at org.springframework.test.context.support.DependencyInjectionTestExecutionListener.injectDependencies(DependencyInjectionTestExecutionListener.java:109)
	at org.springframework.test.context.support.DependencyInjectionTestExecutionListener.prepareTestInstance(DependencyInjectionTestExecutionListener.java:75)
	at org.springframework.test.context.TestContextManager.prepareTestInstance(TestContextManager.java:321)
	at org.spockframework.spring.SpringTestContextManager.prepareTestInstance(SpringTestContextManager.java:49)
	at org.spockframework.spring.SpringInterceptor.interceptSetupMethod(SpringInterceptor.java:42)
	at org.spockframework.runtime.extension.AbstractMethodInterceptor.intercept(AbstractMethodInterceptor.java:28)
	at org.spockframework.runtime.extension.MethodInvocation.proceed(MethodInvocation.java:84)
	at org.spockframework.util.ReflectionUtil.invokeMethod(ReflectionUtil.java:138)
	at org.spockframework.util.ReflectionUtil.invokeMethod(ReflectionUtil.java:138)
	at org.spockframework.util.ReflectionUtil.invokeMethod(ReflectionUtil.java:138)
	at org.apache.maven.surefire.junit4.JUnit4TestSet.execute(JUnit4TestSet.java:53)
	at org.apache.maven.surefire.junit4.JUnit4Provider.executeTestSet(JUnit4Provider.java:123)
	at org.apache.maven.surefire.junit4.JUnit4Provider.invoke(JUnit4Provider.java:104)
	at org.apache.maven.surefire.util.ReflectionUtils.invokeMethodWithArray(ReflectionUtils.java:164)
	at org.apache.maven.surefire.booter.ProviderFactory$ProviderProxy.invoke(ProviderFactory.java:110)
	at org.apache.maven.surefire.booter.SurefireStarter.invokeProvider(SurefireStarter.java:175)
	at org.apache.maven.surefire.booter.SurefireStarter.runSuitesInProcessWhenForked(SurefireStarter.java:107)
	at org.apache.maven.surefire.booter.ForkedBooter.main(ForkedBooter.java:68)
Caused by: org.springframework.beans.factory.BeanCreationException: Error creating bean with name &apos;jobResource&apos;: Injection of autowired dependencies failed; nested exception is org.springframework.beans.factory.BeanCreationException: Could not autowire field: private com.rackspace.search.service.zendesk.ZendeskTicketOngoingSyncJob com.rackspace.search.endpoint.JobResource.zendeskTicketOngoingSyncJob; nested exception is org.springframework.beans.factory.BeanCreationException: Error creating bean with name &apos;zendeskTicketOngoingSyncJob&apos;: Injection of autowired dependencies failed; nested exception is org.springframework.beans.factory.BeanCreationException: Could not autowire field: private com.rackspace.search.service.zendesk.ZendeskTicketOngoingSyncActor com.rackspace.search.service.zendesk.ZendeskTicketOngoingSyncJob.ticketActor; nested exception is org.springframework.beans.factory.BeanCreationException: Error creating bean with name &apos;zendeskTicketOngoingSyncActor&apos;: Injection of autowired dependencies failed; nested exception is org.springframework.beans.factory.BeanCreationException: Could not autowire field: private com.rackspace.search.service.zendesk.ZendeskTicketProcessor com.rackspace.search.service.zendesk.ZendeskTicketOngoingSyncActor.zendeskTicketProcessor; nested exception is org.springframework.beans.factory.BeanCreationException: Error creating bean with name &apos;zendeskTicketProcessor&apos;: Injection of autowired dependencies failed; nested exception is org.springframework.beans.factory.BeanCreationException: Could not autowire field: private java.lang.Object com.rackspace.search.service.zendesk.ZendeskTicketProcessor.zendeskIndexName; nested exception is java.lang.IllegalArgumentException: Could not resolve placeholder &apos;zendesk.index.name&apos;
	at org.springframework.beans.factory.annotation.AutowiredAnnotationBeanPostProcessor.postProcessPropertyValues(AutowiredAnnotationBeanPostProcessor.java:288)
	at org.springframework.beans.factory.support.AbstractAutowireCapableBeanFactory.populateBean(AbstractAutowireCapableBeanFactory.java:1074)
	at org.springframework.beans.factory.support.AbstractAutowireCapableBeanFactory.doCreateBean(AbstractAutowireCapableBeanFactory.java:517)
	at org.springframework.beans.factory.support.AbstractAutowireCapableBeanFactory.createBean(AbstractAutowireCapableBeanFactory.java:456)
	at org.springframework.beans.factory.support.AbstractBeanFactory$1.getObject(AbstractBeanFactory.java:293)
	at org.springframework.beans.factory.support.DefaultSingletonBeanRegistry.getSingleton(DefaultSingletonBeanRegistry.java:222)
	at org.springframework.beans.factory.support.AbstractBeanFactory.doGetBean(AbstractBeanFactory.java:290)
	at org.springframework.beans.factory.support.AbstractBeanFactory.getBean(AbstractBeanFactory.java:192)
	at org.springframework.beans.factory.support.DefaultListableBeanFactory.preInstantiateSingletons(DefaultListableBeanFactory.java:585)
	at org.springframework.context.support.AbstractApplicationContext.finishBeanFactoryInitialization(AbstractApplicationContext.java:895)
	at org.springframework.context.support.AbstractApplicationContext.refresh(AbstractApplicationContext.java:425)
	at org.springframework.test.context.support.AbstractGenericContextLoader.loadContext(AbstractGenericContextLoader.java:84)
	at org.springframework.test.context.support.AbstractGenericContextLoader.loadContext(AbstractGenericContextLoader.java:1)
	at org.springframework.test.context.TestContext.loadApplicationContext(TestContext.java:280)
	at org.springframework.test.context.TestContext.getApplicationContext(TestContext.java:304)
	... 18 more
Caused by: org.springframework.beans.factory.BeanCreationException: Could not autowire field: private com.rackspace.search.service.zendesk.ZendeskTicketOngoingSyncJob com.rackspace.search.endpoint.JobResource.zendeskTicketOngoingSyncJob; nested exception is org.springframework.beans.factory.BeanCreationException: Error creating bean with name &apos;zendeskTicketOngoingSyncJob&apos;: Injection of autowired dependencies failed; nested exception is org.springframework.beans.factory.BeanCreationException: Could not autowire field: private com.rackspace.search.service.zendesk.ZendeskTicketOngoingSyncActor com.rackspace.search.service.zendesk.ZendeskTicketOngoingSyncJob.ticketActor; nested exception is org.springframework.beans.factory.BeanCreationException: Error creating bean with name &apos;zendeskTicketOngoingSyncActor&apos;: Injection of autowired dependencies failed; nested exception is org.springframework.beans.factory.BeanCreationException: Could not autowire field: private com.rackspace.search.service.zendesk.ZendeskTicketProcessor com.rackspace.search.service.zendesk.ZendeskTicketOngoingSyncActor.zendeskTicketProcessor; nested exception is org.springframework.beans.factory.BeanCreationException: Error creating bean with name &apos;zendeskTicketProcessor&apos;: Injection of autowired dependencies failed; nested exception is org.springframework.beans.factory.BeanCreationException: Could not autowire field: private java.lang.Object com.rackspace.search.service.zendesk.ZendeskTicketProcessor.zendeskIndexName; nested exception is java.lang.IllegalArgumentException: Could not resolve placeholder &apos;zendesk.index.name&apos;
	at org.springframework.beans.factory.annotation.AutowiredAnnotationBeanPostProcessor$AutowiredFieldElement.inject(AutowiredAnnotationBeanPostProcessor.java:508)
	at org.springframework.beans.factory.annotation.InjectionMetadata.inject(InjectionMetadata.java:84)
	at org.springframework.beans.factory.annotation.AutowiredAnnotationBeanPostProcessor.postProcessPropertyValues(AutowiredAnnotationBeanPostProcessor.java:285)
	... 32 more
Caused by: org.springframework.beans.factory.BeanCreationException: Error creating bean with name &apos;zendeskTicketOngoingSyncJob&apos;: Injection of autowired dependencies failed; nested exception is org.springframework.beans.factory.BeanCreationException: Could not autowire field: private com.rackspace.search.service.zendesk.ZendeskTicketOngoingSyncActor com.rackspace.search.service.zendesk.ZendeskTicketOngoingSyncJob.ticketActor; nested exception is org.springframework.beans.factory.BeanCreationException: Error creating bean with name &apos;zendeskTicketOngoingSyncActor&apos;: Injection of autowired dependencies failed; nested exception is org.springframework.beans.factory.BeanCreationException: Could not autowire field: private com.rackspace.search.service.zendesk.ZendeskTicketProcessor com.rackspace.search.service.zendesk.ZendeskTicketOngoingSyncActor.zendeskTicketProcessor; nested exception is org.springframework.beans.factory.BeanCreationException: Error creating bean with name &apos;zendeskTicketProcessor&apos;: Injection of autowired dependencies failed; nested exception is org.springframework.beans.factory.BeanCreationException: Could not autowire field: private java.lang.Object com.rackspace.search.service.zendesk.ZendeskTicketProcessor.zendeskIndexName; nested exception is java.lang.IllegalArgumentException: Could not resolve placeholder &apos;zendesk.index.name&apos;
	at org.springframework.beans.factory.annotation.AutowiredAnnotationBeanPostProcessor.postProcessPropertyValues(AutowiredAnnotationBeanPostProcessor.java:288)
	at org.springframework.beans.factory.support.AbstractAutowireCapableBeanFactory.populateBean(AbstractAutowireCapableBeanFactory.java:1074)
	at org.springframework.beans.factory.support.AbstractAutowireCapableBeanFactory.doCreateBean(AbstractAutowireCapableBeanFactory.java:517)
	at org.springframework.beans.factory.support.AbstractAutowireCapableBeanFactory.createBean(AbstractAutowireCapableBeanFactory.java:456)
	at org.springframework.beans.factory.support.AbstractBeanFactory$1.getObject(AbstractBeanFactory.java:293)
	at org.springframework.beans.factory.support.DefaultSingletonBeanRegistry.getSingleton(DefaultSingletonBeanRegistry.java:222)
	at org.springframework.beans.factory.support.AbstractBeanFactory.doGetBean(AbstractBeanFactory.java:290)
	at org.springframework.beans.factory.support.AbstractBeanFactory.getBean(AbstractBeanFactory.java:192)
	at org.springframework.beans.factory.support.DefaultListableBeanFactory.findAutowireCandidates(DefaultListableBeanFactory.java:848)
	at org.springframework.beans.factory.support.DefaultListableBeanFactory.doResolveDependency(DefaultListableBeanFactory.java:790)
	at org.springframework.beans.factory.support.DefaultListableBeanFactory.resolveDependency(DefaultListableBeanFactory.java:707)
	at org.springframework.beans.factory.annotation.AutowiredAnnotationBeanPostProcessor$AutowiredFieldElement.inject(AutowiredAnnotationBeanPostProcessor.java:480)
	... 34 more
Caused by: org.springframework.beans.factory.BeanCreationException: Could not autowire field: private com.rackspace.search.service.zendesk.ZendeskTicketOngoingSyncActor com.rackspace.search.service.zendesk.ZendeskTicketOngoingSyncJob.ticketActor; nested exception is org.springframework.beans.factory.BeanCreationException: Error creating bean with name &apos;zendeskTicketOngoingSyncActor&apos;: Injection of autowired dependencies failed; nested exception is org.springframework.beans.factory.BeanCreationException: Could not autowire field: private com.rackspace.search.service.zendesk.ZendeskTicketProcessor com.rackspace.search.service.zendesk.ZendeskTicketOngoingSyncActor.zendeskTicketProcessor; nested exception is org.springframework.beans.factory.BeanCreationException: Error creating bean with name &apos;zendeskTicketProcessor&apos;: Injection of autowired dependencies failed; nested exception is org.springframework.beans.factory.BeanCreationException: Could not autowire field: private java.lang.Object com.rackspace.search.service.zendesk.ZendeskTicketProcessor.zendeskIndexName; nested exception is java.lang.IllegalArgumentException: Could not resolve placeholder &apos;zendesk.index.name&apos;
	at org.springframework.beans.factory.annotation.AutowiredAnnotationBeanPostProcessor$AutowiredFieldElement.inject(AutowiredAnnotationBeanPostProcessor.java:508)
	at org.springframework.beans.factory.annotation.InjectionMetadata.inject(InjectionMetadata.java:84)
	at org.springframework.beans.factory.annotation.AutowiredAnnotationBeanPostProcessor.postProcessPropertyValues(AutowiredAnnotationBeanPostProcessor.java:285)
	... 45 more
Caused by: org.springframework.beans.factory.BeanCreationException: Error creating bean with name &apos;zendeskTicketOngoingSyncActor&apos;: Injection of autowired dependencies failed; nested exception is org.springframework.beans.factory.BeanCreationException: Could not autowire field: private com.rackspace.search.service.zendesk.ZendeskTicketProcessor com.rackspace.search.service.zendesk.ZendeskTicketOngoingSyncActor.zendeskTicketProcessor; nested exception is org.springframework.beans.factory.BeanCreationException: Error creating bean with name &apos;zendeskTicketProcessor&apos;: Injection of autowired dependencies failed; nested exception is org.springframework.beans.factory.BeanCreationException: Could not autowire field: private java.lang.Object com.rackspace.search.service.zendesk.ZendeskTicketProcessor.zendeskIndexName; nested exception is java.lang.IllegalArgumentException: Could not resolve placeholder &apos;zendesk.index.name&apos;
	at org.springframework.beans.factory.annotation.AutowiredAnnotationBeanPostProcessor.postProcessPropertyValues(AutowiredAnnotationBeanPostProcessor.java:288)
	at org.springframework.beans.factory.support.AbstractAutowireCapableBeanFactory.populateBean(AbstractAutowireCapableBeanFactory.java:1074)
	at org.springframework.beans.factory.support.AbstractAutowireCapableBeanFactory.doCreateBean(AbstractAutowireCapableBeanFactory.java:517)
	at org.springframework.beans.factory.support.AbstractAutowireCapableBeanFactory.createBean(AbstractAutowireCapableBeanFactory.java:456)
	at org.springframework.beans.factory.support.AbstractBeanFactory$1.getObject(AbstractBeanFactory.java:293)
	at org.springframework.beans.factory.support.DefaultSingletonBeanRegistry.getSingleton(DefaultSingletonBeanRegistry.java:222)
	at org.springframework.beans.factory.support.AbstractBeanFactory.doGetBean(AbstractBeanFactory.java:290)
	at org.springframework.beans.factory.support.AbstractBeanFactory.getBean(AbstractBeanFactory.java:192)
	at org.springframework.beans.factory.support.DefaultListableBeanFactory.findAutowireCandidates(DefaultListableBeanFactory.java:848)
	at org.springframework.beans.factory.support.DefaultListableBeanFactory.doResolveDependency(DefaultListableBeanFactory.java:790)
	at org.springframework.beans.factory.support.DefaultListableBeanFactory.resolveDependency(DefaultListableBeanFactory.java:707)
	at org.springframework.beans.factory.annotation.AutowiredAnnotationBeanPostProcessor$AutowiredFieldElement.inject(AutowiredAnnotationBeanPostProcessor.java:480)
	... 47 more
Caused by: org.springframework.beans.factory.BeanCreationException: Could not autowire field: private com.rackspace.search.service.zendesk.ZendeskTicketProcessor com.rackspace.search.service.zendesk.ZendeskTicketOngoingSyncActor.zendeskTicketProcessor; nested exception is org.springframework.beans.factory.BeanCreationException: Error creating bean with name &apos;zendeskTicketProcessor&apos;: Injection of autowired dependencies failed; nested exception is org.springframework.beans.factory.BeanCreationException: Could not autowire field: private java.lang.Object com.rackspace.search.service.zendesk.ZendeskTicketProcessor.zendeskIndexName; nested exception is java.lang.IllegalArgumentException: Could not resolve placeholder &apos;zendesk.index.name&apos;
	at org.springframework.beans.factory.annotation.AutowiredAnnotationBeanPostProcessor$AutowiredFieldElement.inject(AutowiredAnnotationBeanPostProcessor.java:508)
	at org.springframework.beans.factory.annotation.InjectionMetadata.inject(InjectionMetadata.java:84)
	at org.springframework.beans.factory.annotation.AutowiredAnnotationBeanPostProcessor.postProcessPropertyValues(AutowiredAnnotationBeanPostProcessor.java:285)
	... 58 more
Caused by: org.springframework.beans.factory.BeanCreationException: Error creating bean with name &apos;zendeskTicketProcessor&apos;: Injection of autowired dependencies failed; nested exception is org.springframework.beans.factory.BeanCreationException: Could not autowire field: private java.lang.Object com.rackspace.search.service.zendesk.ZendeskTicketProcessor.zendeskIndexName; nested exception is java.lang.IllegalArgumentException: Could not resolve placeholder &apos;zendesk.index.name&apos;
	at org.springframework.beans.factory.annotation.AutowiredAnnotationBeanPostProcessor.postProcessPropertyValues(AutowiredAnnotationBeanPostProcessor.java:288)
	at org.springframework.beans.factory.support.AbstractAutowireCapableBeanFactory.populateBean(AbstractAutowireCapableBeanFactory.java:1074)
	at org.springframework.beans.factory.support.AbstractAutowireCapableBeanFactory.doCreateBean(AbstractAutowireCapableBeanFactory.java:517)
	at org.springframework.beans.factory.support.AbstractAutowireCapableBeanFactory.createBean(AbstractAutowireCapableBeanFactory.java:456)
	at org.springframework.beans.factory.support.AbstractBeanFactory$1.getObject(AbstractBeanFactory.java:293)
	at org.springframework.beans.factory.support.DefaultSingletonBeanRegistry.getSingleton(DefaultSingletonBeanRegistry.java:222)
	at org.springframework.beans.factory.support.AbstractBeanFactory.doGetBean(AbstractBeanFactory.java:290)
	at org.springframework.beans.factory.support.AbstractBeanFactory.getBean(AbstractBeanFactory.java:192)
	at org.springframework.beans.factory.support.DefaultListableBeanFactory.findAutowireCandidates(DefaultListableBeanFactory.java:848)
	at org.springframework.beans.factory.support.DefaultListableBeanFactory.doResolveDependency(DefaultListableBeanFactory.java:790)
	at org.springframework.beans.factory.support.DefaultListableBeanFactory.resolveDependency(DefaultListableBeanFactory.java:707)
	at org.springframework.beans.factory.annotation.AutowiredAnnotationBeanPostProcessor$AutowiredFieldElement.inject(AutowiredAnnotationBeanPostProcessor.java:480)
	... 60 more
Caused by: org.springframework.beans.factory.BeanCreationException: Could not autowire field: private java.lang.Object com.rackspace.search.service.zendesk.ZendeskTicketProcessor.zendeskIndexName; nested exception is java.lang.IllegalArgumentException: Could not resolve placeholder &apos;zendesk.index.name&apos;
	at org.springframework.beans.factory.annotation.AutowiredAnnotationBeanPostProcessor$AutowiredFieldElement.inject(AutowiredAnnotationBeanPostProcessor.java:508)
	at org.springframework.beans.factory.annotation.InjectionMetadata.inject(InjectionMetadata.java:84)
	at org.springframework.beans.factory.annotation.AutowiredAnnotationBeanPostProcessor.postProcessPropertyValues(AutowiredAnnotationBeanPostProcessor.java:285)
	... 71 more
Caused by: java.lang.IllegalArgumentException: Could not resolve placeholder &apos;zendesk.index.name&apos;
	at org.springframework.util.PropertyPlaceholderHelper.parseStringValue(PropertyPlaceholderHelper.java:173)
	at org.springframework.util.PropertyPlaceholderHelper.replacePlaceholders(PropertyPlaceholderHelper.java:125)
	at org.springframework.beans.factory.config.PropertyPlaceholderConfigurer$PlaceholderResolvingStringValueResolver.resolveStringValue(PropertyPlaceholderConfigurer.java:403)
	at org.springframework.beans.factory.support.AbstractBeanFactory.resolveEmbeddedValue(AbstractBeanFactory.java:747)
	at org.springframework.beans.factory.support.DefaultListableBeanFactory.doResolveDependency(DefaultListableBeanFactory.java:717)
	at org.springframework.beans.factory.support.DefaultListableBeanFactory.resolveDependency(DefaultListableBeanFactory.java:707)
	at org.springframework.beans.factory.annotation.AutowiredAnnotationBeanPostProcessor$AutowiredFieldElement.inject(AutowiredAnnotationBeanPostProcessor.java:480)
	... 73 more
</errorStackTrace>
          <errorDetails>Failed to load ApplicationContext</errorDetails>
          <stdout>22:05:25.282 [main] INFO  c.r.s.common.property.PropertyProvider - Loading properties file from file [/var/lib/jenkins/jobs/Samatha Fork/workspace/service/target/properties/local/search.properties]
22:05:25.283 [main] INFO  c.r.s.common.property.PropertyProvider - Loading properties file from file [/var/lib/jenkins/jobs/Samatha Fork/workspace/service/target/properties/local/search.secrets.properties]
22:05:25.284 [main] INFO  c.r.s.common.property.PropertyProvider - Loading properties file from file [/var/lib/jenkins/jobs/Samatha Fork/workspace/service/target/properties/local/elasticsearch.properties]
22:05:25.593 [main] INFO  c.r.s.elasticsearch.ElasticSearchServer - Starting the Elastic Search server node:
22:05:25.596 [main] INFO  org.elasticsearch.node - [ticket.node] {0.90.2}[25471]: initializing ...
22:05:25.598 [main] INFO  org.elasticsearch.plugins - [ticket.node] loaded [action-updatebyquery], sites []
22:05:26.781 [main] INFO  org.elasticsearch.node - [ticket.node] {0.90.2}[25471]: initialized
22:05:26.781 [main] INFO  c.r.s.elasticsearch.ElasticSearchServer - Starting the Elastic Search server node with these settings:
22:05:26.784 [main] INFO  c.r.s.elasticsearch.ElasticSearchServer - Elasticsearch Settings :  [elastic.config.path:/var/lib/jenkins/jobs/Samatha Fork/workspace/service/target/properties/local/elasticsearch, path.data:/var/lib/jenkins/jobs/Samatha Fork/workspace/service/target/elasticsearch/data, cluster.name:ticket.cluster, ticket.search.allowedNestedParams:account.contacts.name,account.contacts.role,account.contacts.sso, core.secondpass.lookbacktime.minutes:15, http.connection.timeout.in.milliseconds:65000, index.analysis.analyzer.search_standard.type:standard, cluster.health.check.wait.time.seconds:120, path.conf:/var/lib/jenkins/jobs/Samatha Fork/workspace/service/target/properties/local/elasticsearch, syncRequest.max.documents.size:250, ticket.ongoingsync.delay.seconds:2, core.account.caching.enabled:true, path.logs:/var/lib/jenkins/jobs/Samatha Fork/workspace/service/target/elasticsearch/logs, http.enabled:true, ticket.document.idName:number, core.api.endpoint:https://ws.integration.core.rackspace.com/ctkapi, transport.tcp.compress:true, account.highprofile.name:HIGH_PROFILE, core.ongoingsync.loopback.time.seconds:120, account.cache.expiration.time.minutes:120, account.api.username:hybrid_ui, ticket.index.name:ticket, admin.index.name:admin, default.page.size:100, indices.structure:/indices_structure.json, account.filter.necessary.updates:true, index.store.fs.memory.enabled:false, index.number_of_shards:5, syncRequest.search.allowedRangeParams:createdAt,lastRunAt,documentLastUpdatedTimestamp, admin.document.type:syncJob, node.data:true, max.page.size:500, node.name:ticket.node, ticket.core.date.timezone:CST, ticket.search.allowedRangeParams:createdAt,updatedAt,lastPublicCommentDate,updateEventDate,documentLastUpdatedTimestamp, account.document.type:account, core.driver.class:org.postgresql.Driver, ticket.cache.expiration.time.minutes:120, core.api.username:rcameron, syncRequest.document.idName:id, discovery.zen.ping.multicast.enabled:false, core.db.url:jdbc:postgresql://integration.db.core.rackspace.com:5432/core_dev, account.update.tickets.pageSize:250, core.account.updates.enabled:true, account.document.versionParam:updatedAt, index.analysis.analyzer.search_standard.filter:[lowercase], bootstrap.mlockall:true, ticket.core.dateformat:yyyy-MM-dd HH:mm:ss, coreaccount.document.type:coreaccount, coreticket.onetimesync.usedb:true, node.master:true, coreaccount.document.idName:id, syncRequest.document.type:syncRequest, core.account.filter.necessary.updates:true, index.number_of_replicas:0, account.api.events.path:v1.0/accounts/events.atom, account.index.name:account, ticket.document.versionParam:updateEventDate, ticket.core.dateformat.with.millis:yyyy-MM-dd HH:mm:ss.SSSSSS, core.account.cache.expiration.time.minutes:120, ticket.document.type:ticket, account.caching.enabled:true, coreaccount.document.versionParam:updatedAt, ticket.caching.enabled:true, admin.document.idName:name, syncRequest.search.allowedTermParams:documentType,status,createdAt,lastRunAt,documentLastUpdatedTimestamp, core.secondpass.enabled:true, account.api.accounts.path:v1.0/accounts, cluster.routing.allocation.awareness.attributes:machine, facets.display.count:100, core.db.username:usq_read, node.machine:ticket.node, syncRequest.index.name:admin, ticket.search.allowedTermParams:sourceSystem,number,createdAt,updatedAt,updateEventDate,lastPublicCommentDate,status,queue.name,category,categoryObj.name,categoryObj.id,priority,assignee.name,hasWindowsServers,hasLinuxServers,severityName,assignee.sso,queue.id,accountServiceLevel,accountTeamTerritoryCode,account.serviceLevel,account.teamTerritoryCode,statusTypes,account.team,account.id,account.rcn,account.status,account.highProfile,documentLastUpdatedTimestamp,account.teamSegment,submitter.name,submitter.sso,account.contacts.name,account.contacts.role,account.contacts.sso,subCategoryObj.name,subCategoryObj.id,assignee.id,submitter.id, use.updateByQueryPlugin:false, account.api.endpoint:https://test.account.api.rackspace.com/, updated.timestamp.field.name:documentLastUpdatedTimestamp, ticket.elastic.dateformat:yyyy-MM-dd&apos;T&apos;HH:mm:ss.SSSZ, action.auto_create_index:1, account.document.idName:id, name:ticket.node] 
22:05:26.785 [main] INFO  org.elasticsearch.node - [ticket.node] {0.90.2}[25471]: starting ...
22:05:27.528 [main] INFO  org.elasticsearch.transport - [ticket.node] bound_address {inet[/0:0:0:0:0:0:0:0:9300]}, publish_address {inet[/10.14.208.252:9300]}
22:05:30.545 [elasticsearch[ticket.node][clusterService#updateTask][T#1]] INFO  org.elasticsearch.cluster.service - [ticket.node] new_master [ticket.node][sfIKmE7qQSeBV96VJhSBfw][inet[/10.14.208.252:9300]]{machine=ticket.node, master=true}, reason: zen-disco-join (elected_as_master)
22:05:30.558 [main] INFO  org.elasticsearch.discovery - [ticket.node] ticket.cluster/sfIKmE7qQSeBV96VJhSBfw
22:05:30.565 [elasticsearch[ticket.node][clusterService#updateTask][T#1]] INFO  org.elasticsearch.gateway - [ticket.node] recovered [0] indices into cluster_state
22:05:30.666 [main] INFO  org.elasticsearch.http - [ticket.node] bound_address {inet[/0:0:0:0:0:0:0:0:9200]}, publish_address {inet[/10.14.208.252:9200]}
22:05:30.666 [main] INFO  org.elasticsearch.node - [ticket.node] {0.90.2}[25471]: started
22:05:30.667 [main] INFO  c.r.s.elasticsearch.ElasticSearchServer - Elastic Search server is started.
22:05:30.668 [main] INFO  c.r.s.elasticsearch.ElasticSearchServer - ES cluster status is GREEN. Waiting for ES recovery.
22:05:30.669 [main] INFO  c.r.s.elasticsearch.ElasticSearchServer - Elastic Search Cluster Staus is GREEN
22:05:30.911 [main] ERROR c.r.s.e.client.ElasticSearchClient - Index is missing
org.elasticsearch.indices.IndexMissingException: [admin] missing
	at org.elasticsearch.cluster.metadata.MetaData.concreteIndex(MetaData.java:616) ~[elasticsearch-0.90.2.jar:na]
	at org.elasticsearch.action.get.TransportGetAction.resolveRequest(TransportGetAction.java:90) ~[elasticsearch-0.90.2.jar:na]
	at org.elasticsearch.action.get.TransportGetAction.resolveRequest(TransportGetAction.java:42) ~[elasticsearch-0.90.2.jar:na]
	at org.elasticsearch.action.support.single.shard.TransportShardSingleOperationAction$AsyncSingleAction.&lt;init&gt;(TransportShardSingleOperationAction.java:114) ~[elasticsearch-0.90.2.jar:na]
	at org.elasticsearch.action.support.single.shard.TransportShardSingleOperationAction$AsyncSingleAction.&lt;init&gt;(TransportShardSingleOperationAction.java:94) ~[elasticsearch-0.90.2.jar:na]
	at org.elasticsearch.action.support.single.shard.TransportShardSingleOperationAction.doExecute(TransportShardSingleOperationAction.java:71) ~[elasticsearch-0.90.2.jar:na]
	at org.elasticsearch.action.support.single.shard.TransportShardSingleOperationAction.doExecute(TransportShardSingleOperationAction.java:46) ~[elasticsearch-0.90.2.jar:na]
	at org.elasticsearch.action.support.TransportAction.execute(TransportAction.java:61) ~[elasticsearch-0.90.2.jar:na]
	at org.elasticsearch.client.node.NodeClient.execute(NodeClient.java:92) ~[elasticsearch-0.90.2.jar:na]
	at org.elasticsearch.client.support.AbstractClient.get(AbstractClient.java:179) ~[elasticsearch-0.90.2.jar:na]
	at org.elasticsearch.action.get.GetRequestBuilder.doExecute(GetRequestBuilder.java:112) ~[elasticsearch-0.90.2.jar:na]
	at org.elasticsearch.action.ActionRequestBuilder.execute(ActionRequestBuilder.java:62) ~[elasticsearch-0.90.2.jar:na]
	at org.elasticsearch.action.ActionRequestBuilder.execute(ActionRequestBuilder.java:57) ~[elasticsearch-0.90.2.jar:na]
	at org.elasticsearch.action.ActionRequestBuilder$execute.call(Unknown Source) ~[na:na]
	at com.rackspace.search.elasticsearch.client.ElasticSearchClient.getDocument(ElasticSearchClient.groovy:209) ~[classes/:na]
	at com.rackspace.search.elasticsearch.client.ElasticSearchClient$getDocument.call(Unknown Source) [classes/:na]
	at com.rackspace.search.service.JobService.getJob(JobService.groovy:56) [classes/:na]
	at com.rackspace.search.service.JobService$getJob$0.callCurrent(Unknown Source) [classes/:na]
	at com.rackspace.search.service.JobService.getJob(JobService.groovy:52) [classes/:na]
	at com.rackspace.search.service.JobService$getJob.call(Unknown Source) [classes/:na]
	at com.rackspace.search.service.admin.AccountOndemandSyncJob.windupActivities(AccountOndemandSyncJob.groovy:119) [classes/:na]
	at sun.reflect.NativeMethodAccessorImpl.invoke0(Native Method) ~[na:1.6.0_38]
	at sun.reflect.NativeMethodAccessorImpl.invoke(NativeMethodAccessorImpl.java:39) ~[na:1.6.0_38]
	at sun.reflect.DelegatingMethodAccessorImpl.invoke(DelegatingMethodAccessorImpl.java:25) ~[na:1.6.0_38]
	at java.lang.reflect.Method.invoke(Method.java:597) ~[na:1.6.0_38]
	at org.springframework.beans.factory.annotation.InitDestroyAnnotationBeanPostProcessor$LifecycleElement.invoke(InitDestroyAnnotationBeanPostProcessor.java:340) [spring-beans-3.0.6.RELEASE.jar:3.0.6.RELEASE]
	at org.springframework.beans.factory.annotation.InitDestroyAnnotationBeanPostProcessor$LifecycleMetadata.invokeDestroyMethods(InitDestroyAnnotationBeanPostProcessor.java:305) [spring-beans-3.0.6.RELEASE.jar:3.0.6.RELEASE]
	at org.springframework.beans.factory.annotation.InitDestroyAnnotationBeanPostProcessor.postProcessBeforeDestruction(InitDestroyAnnotationBeanPostProcessor.java:148) [spring-beans-3.0.6.RELEASE.jar:3.0.6.RELEASE]
	at org.springframework.beans.factory.support.DisposableBeanAdapter.destroy(DisposableBeanAdapter.java:166) [spring-beans-3.0.6.RELEASE.jar:3.0.6.RELEASE]
	at org.springframework.beans.factory.support.DefaultSingletonBeanRegistry.destroyBean(DefaultSingletonBeanRegistry.java:487) [spring-beans-3.0.6.RELEASE.jar:3.0.6.RELEASE]
	at org.springframework.beans.factory.support.DefaultSingletonBeanRegistry.destroySingleton(DefaultSingletonBeanRegistry.java:463) [spring-beans-3.0.6.RELEASE.jar:3.0.6.RELEASE]
	at org.springframework.beans.factory.support.DefaultSingletonBeanRegistry.destroySingletons(DefaultSingletonBeanRegistry.java:431) [spring-beans-3.0.6.RELEASE.jar:3.0.6.RELEASE]
	at org.springframework.context.support.AbstractApplicationContext.destroyBeans(AbstractApplicationContext.java:1048) [spring-context-3.0.6.RELEASE.jar:3.0.6.RELEASE]
	at org.springframework.context.support.AbstractApplicationContext.refresh(AbstractApplicationContext.java:433) [spring-context-3.0.6.RELEASE.jar:3.0.6.RELEASE]
	at org.springframework.test.context.support.AbstractGenericContextLoader.loadContext(AbstractGenericContextLoader.java:84) [spring-test-3.0.6.RELEASE.jar:3.0.6.RELEASE]
	at org.springframework.test.context.support.AbstractGenericContextLoader.loadContext(AbstractGenericContextLoader.java:1) [spring-test-3.0.6.RELEASE.jar:3.0.6.RELEASE]
	at org.springframework.test.context.TestContext.loadApplicationContext(TestContext.java:280) [spring-test-3.0.6.RELEASE.jar:3.0.6.RELEASE]
	at org.springframework.test.context.TestContext.getApplicationContext(TestContext.java:304) [spring-test-3.0.6.RELEASE.jar:3.0.6.RELEASE]
	at org.springframework.test.context.support.DependencyInjectionTestExecutionListener.injectDependencies(DependencyInjectionTestExecutionListener.java:109) [spring-test-3.0.6.RELEASE.jar:3.0.6.RELEASE]
	at org.springframework.test.context.support.DependencyInjectionTestExecutionListener.prepareTestInstance(DependencyInjectionTestExecutionListener.java:75) [spring-test-3.0.6.RELEASE.jar:3.0.6.RELEASE]
	at org.springframework.test.context.TestContextManager.prepareTestInstance(TestContextManager.java:321) [spring-test-3.0.6.RELEASE.jar:3.0.6.RELEASE]
	at org.spockframework.spring.SpringTestContextManager.prepareTestInstance(SpringTestContextManager.java:49) [spock-spring-0.7-groovy-2.0.jar:na]
	at org.spockframework.spring.SpringInterceptor.interceptSetupMethod(SpringInterceptor.java:42) [spock-spring-0.7-groovy-2.0.jar:na]
	at org.spockframework.runtime.extension.AbstractMethodInterceptor.intercept(AbstractMethodInterceptor.java:28) [spock-core-0.7-groovy-2.0.jar:na]
	at org.spockframework.runtime.extension.MethodInvocation.proceed(MethodInvocation.java:84) [spock-core-0.7-groovy-2.0.jar:na]
	at org.spockframework.runtime.BaseSpecRunner.invoke(BaseSpecRunner.java:319) [spock-core-0.7-groovy-2.0.jar:na]
	at org.spockframework.runtime.BaseSpecRunner.invokeSetup(BaseSpecRunner.java:279) [spock-core-0.7-groovy-2.0.jar:na]
	at org.spockframework.runtime.BaseSpecRunner.doRunIteration(BaseSpecRunner.java:255) [spock-core-0.7-groovy-2.0.jar:na]
	at sun.reflect.GeneratedMethodAccessor5.invoke(Unknown Source) ~[na:na]
	at sun.reflect.DelegatingMethodAccessorImpl.invoke(DelegatingMethodAccessorImpl.java:25) ~[na:1.6.0_38]
	at java.lang.reflect.Method.invoke(Method.java:597) ~[na:1.6.0_38]
	at org.spockframework.util.ReflectionUtil.invokeMethod(ReflectionUtil.java:138) [spock-core-0.7-groovy-2.0.jar:na]
	at org.spockframework.runtime.BaseSpecRunner.invokeRaw(BaseSpecRunner.java:330) [spock-core-0.7-groovy-2.0.jar:na]
	at org.spockframework.runtime.BaseSpecRunner.invoke(BaseSpecRunner.java:311) [spock-core-0.7-groovy-2.0.jar:na]
	at org.spockframework.runtime.BaseSpecRunner.runIteration(BaseSpecRunner.java:223) [spock-core-0.7-groovy-2.0.jar:na]
	at org.spockframework.runtime.BaseSpecRunner.initializeAndRunIteration(BaseSpecRunner.java:214) [spock-core-0.7-groovy-2.0.jar:na]
	at org.spockframework.runtime.BaseSpecRunner.runSimpleFeature(BaseSpecRunner.java:205) [spock-core-0.7-groovy-2.0.jar:na]
	at org.spockframework.runtime.BaseSpecRunner.doRunFeature(BaseSpecRunner.java:199) [spock-core-0.7-groovy-2.0.jar:na]
	at sun.reflect.GeneratedMethodAccessor7.invoke(Unknown Source) ~[na:na]
	at sun.reflect.DelegatingMethodAccessorImpl.invoke(DelegatingMethodAccessorImpl.java:25) ~[na:1.6.0_38]
	at java.lang.reflect.Method.invoke(Method.java:597) ~[na:1.6.0_38]
	at org.spockframework.util.ReflectionUtil.invokeMethod(ReflectionUtil.java:138) [spock-core-0.7-groovy-2.0.jar:na]
	at org.spockframework.runtime.BaseSpecRunner.invokeRaw(BaseSpecRunner.java:330) [spock-core-0.7-groovy-2.0.jar:na]
	at org.spockframework.runtime.BaseSpecRunner.invoke(BaseSpecRunner.java:311) [spock-core-0.7-groovy-2.0.jar:na]
	at org.spockframework.runtime.BaseSpecRunner.runFeature(BaseSpecRunner.java:175) [spock-core-0.7-groovy-2.0.jar:na]
	at org.spockframework.runtime.BaseSpecRunner.runFeatures(BaseSpecRunner.java:152) [spock-core-0.7-groovy-2.0.jar:na]
	at org.spockframework.runtime.BaseSpecRunner.doRunSpec(BaseSpecRunner.java:112) [spock-core-0.7-groovy-2.0.jar:na]
	at sun.reflect.GeneratedMethodAccessor11.invoke(Unknown Source) ~[na:na]
	at sun.reflect.DelegatingMethodAccessorImpl.invoke(DelegatingMethodAccessorImpl.java:25) ~[na:1.6.0_38]
	at java.lang.reflect.Method.invoke(Method.java:597) ~[na:1.6.0_38]
	at org.spockframework.util.ReflectionUtil.invokeMethod(ReflectionUtil.java:138) [spock-core-0.7-groovy-2.0.jar:na]
	at org.spockframework.runtime.BaseSpecRunner.invokeRaw(BaseSpecRunner.java:330) [spock-core-0.7-groovy-2.0.jar:na]
	at org.spockframework.runtime.BaseSpecRunner.invoke(BaseSpecRunner.java:311) [spock-core-0.7-groovy-2.0.jar:na]
	at org.spockframework.runtime.BaseSpecRunner.runSpec(BaseSpecRunner.java:91) [spock-core-0.7-groovy-2.0.jar:na]
	at org.spockframework.runtime.BaseSpecRunner.run(BaseSpecRunner.java:82) [spock-core-0.7-groovy-2.0.jar:na]
	at org.spockframework.runtime.Sputnik.run(Sputnik.java:63) [spock-core-0.7-groovy-2.0.jar:na]
	at org.apache.maven.surefire.junit4.JUnit4TestSet.execute(JUnit4TestSet.java:53) [surefire-junit4-2.10.jar:2.10]
	at org.apache.maven.surefire.junit4.JUnit4Provider.executeTestSet(JUnit4Provider.java:123) [surefire-junit4-2.10.jar:2.10]
	at org.apache.maven.surefire.junit4.JUnit4Provider.invoke(JUnit4Provider.java:104) [surefire-junit4-2.10.jar:2.10]
	at sun.reflect.NativeMethodAccessorImpl.invoke0(Native Method) ~[na:1.6.0_38]
	at sun.reflect.NativeMethodAccessorImpl.invoke(NativeMethodAccessorImpl.java:39) ~[na:1.6.0_38]
	at sun.reflect.DelegatingMethodAccessorImpl.invoke(DelegatingMethodAccessorImpl.java:25) ~[na:1.6.0_38]
	at java.lang.reflect.Method.invoke(Method.java:597) ~[na:1.6.0_38]
	at org.apache.maven.surefire.util.ReflectionUtils.invokeMethodWithArray(ReflectionUtils.java:164) [surefire-api-2.10.jar:2.10]
	at org.apache.maven.surefire.booter.ProviderFactory$ProviderProxy.invoke(ProviderFactory.java:110) [surefire-booter-2.10.jar:2.10]
	at org.apache.maven.surefire.booter.SurefireStarter.invokeProvider(SurefireStarter.java:175) [surefire-booter-2.10.jar:2.10]
	at org.apache.maven.surefire.booter.SurefireStarter.runSuitesInProcessWhenForked(SurefireStarter.java:107) [surefire-booter-2.10.jar:2.10]
	at org.apache.maven.surefire.booter.ForkedBooter.main(ForkedBooter.java:68) [surefire-booter-2.10.jar:2.10]
22:05:30.912 [main] WARN  o.s.c.a.CommonAnnotationBeanPostProcessor - Invocation of destroy method failed on bean with name &apos;accountOndemandSyncJob&apos;: com.rackspace.search.exception.NotFoundException: Index is missing
22:05:30.932 [main] ERROR c.r.s.e.client.ElasticSearchClient - Index is missing
org.elasticsearch.indices.IndexMissingException: [admin] missing
	at org.elasticsearch.cluster.metadata.MetaData.concreteIndex(MetaData.java:616) ~[elasticsearch-0.90.2.jar:na]
	at org.elasticsearch.action.get.TransportGetAction.resolveRequest(TransportGetAction.java:90) ~[elasticsearch-0.90.2.jar:na]
	at org.elasticsearch.action.get.TransportGetAction.resolveRequest(TransportGetAction.java:42) ~[elasticsearch-0.90.2.jar:na]
	at org.elasticsearch.action.support.single.shard.TransportShardSingleOperationAction$AsyncSingleAction.&lt;init&gt;(TransportShardSingleOperationAction.java:114) ~[elasticsearch-0.90.2.jar:na]
	at org.elasticsearch.action.support.single.shard.TransportShardSingleOperationAction$AsyncSingleAction.&lt;init&gt;(TransportShardSingleOperationAction.java:94) ~[elasticsearch-0.90.2.jar:na]
	at org.elasticsearch.action.support.single.shard.TransportShardSingleOperationAction.doExecute(TransportShardSingleOperationAction.java:71) ~[elasticsearch-0.90.2.jar:na]
	at org.elasticsearch.action.support.single.shard.TransportShardSingleOperationAction.doExecute(TransportShardSingleOperationAction.java:46) ~[elasticsearch-0.90.2.jar:na]
	at org.elasticsearch.action.support.TransportAction.execute(TransportAction.java:61) ~[elasticsearch-0.90.2.jar:na]
	at org.elasticsearch.client.node.NodeClient.execute(NodeClient.java:92) ~[elasticsearch-0.90.2.jar:na]
	at org.elasticsearch.client.support.AbstractClient.get(AbstractClient.java:179) ~[elasticsearch-0.90.2.jar:na]
	at org.elasticsearch.action.get.GetRequestBuilder.doExecute(GetRequestBuilder.java:112) ~[elasticsearch-0.90.2.jar:na]
	at org.elasticsearch.action.ActionRequestBuilder.execute(ActionRequestBuilder.java:62) ~[elasticsearch-0.90.2.jar:na]
	at org.elasticsearch.action.ActionRequestBuilder.execute(ActionRequestBuilder.java:57) ~[elasticsearch-0.90.2.jar:na]
	at org.elasticsearch.action.ActionRequestBuilder$execute.call(Unknown Source) ~[na:na]
	at com.rackspace.search.elasticsearch.client.ElasticSearchClient.getDocument(ElasticSearchClient.groovy:209) ~[classes/:na]
	at com.rackspace.search.elasticsearch.client.ElasticSearchClient$getDocument.call(Unknown Source) [classes/:na]
	at com.rackspace.search.service.JobService.getJob(JobService.groovy:56) [classes/:na]
	at com.rackspace.search.service.JobService$getJob$0.callCurrent(Unknown Source) [classes/:na]
	at com.rackspace.search.service.JobService.getJob(JobService.groovy:52) [classes/:na]
	at com.rackspace.search.service.JobService$getJob.call(Unknown Source) [classes/:na]
	at com.rackspace.search.service.account.CoreAccountOnetimeSyncJob.windupActivities(CoreAccountOnetimeSyncJob.groovy:58) [classes/:na]
	at sun.reflect.NativeMethodAccessorImpl.invoke0(Native Method) ~[na:1.6.0_38]
	at sun.reflect.NativeMethodAccessorImpl.invoke(NativeMethodAccessorImpl.java:39) ~[na:1.6.0_38]
	at sun.reflect.DelegatingMethodAccessorImpl.invoke(DelegatingMethodAccessorImpl.java:25) ~[na:1.6.0_38]
	at java.lang.reflect.Method.invoke(Method.java:597) ~[na:1.6.0_38]
	at org.springframework.beans.factory.annotation.InitDestroyAnnotationBeanPostProcessor$LifecycleElement.invoke(InitDestroyAnnotationBeanPostProcessor.java:340) [spring-beans-3.0.6.RELEASE.jar:3.0.6.RELEASE]
	at org.springframework.beans.factory.annotation.InitDestroyAnnotationBeanPostProcessor$LifecycleMetadata.invokeDestroyMethods(InitDestroyAnnotationBeanPostProcessor.java:305) [spring-beans-3.0.6.RELEASE.jar:3.0.6.RELEASE]
	at org.springframework.beans.factory.annotation.InitDestroyAnnotationBeanPostProcessor.postProcessBeforeDestruction(InitDestroyAnnotationBeanPostProcessor.java:148) [spring-beans-3.0.6.RELEASE.jar:3.0.6.RELEASE]
	at org.springframework.beans.factory.support.DisposableBeanAdapter.destroy(DisposableBeanAdapter.java:166) [spring-beans-3.0.6.RELEASE.jar:3.0.6.RELEASE]
	at org.springframework.beans.factory.support.DefaultSingletonBeanRegistry.destroyBean(DefaultSingletonBeanRegistry.java:487) [spring-beans-3.0.6.RELEASE.jar:3.0.6.RELEASE]
	at org.springframework.beans.factory.support.DefaultSingletonBeanRegistry.destroySingleton(DefaultSingletonBeanRegistry.java:463) [spring-beans-3.0.6.RELEASE.jar:3.0.6.RELEASE]
	at org.springframework.beans.factory.support.DefaultSingletonBeanRegistry.destroySingletons(DefaultSingletonBeanRegistry.java:431) [spring-beans-3.0.6.RELEASE.jar:3.0.6.RELEASE]
	at org.springframework.context.support.AbstractApplicationContext.destroyBeans(AbstractApplicationContext.java:1048) [spring-context-3.0.6.RELEASE.jar:3.0.6.RELEASE]
	at org.springframework.context.support.AbstractApplicationContext.refresh(AbstractApplicationContext.java:433) [spring-context-3.0.6.RELEASE.jar:3.0.6.RELEASE]
	at org.springframework.test.context.support.AbstractGenericContextLoader.loadContext(AbstractGenericContextLoader.java:84) [spring-test-3.0.6.RELEASE.jar:3.0.6.RELEASE]
	at org.springframework.test.context.support.AbstractGenericContextLoader.loadContext(AbstractGenericContextLoader.java:1) [spring-test-3.0.6.RELEASE.jar:3.0.6.RELEASE]
	at org.springframework.test.context.TestContext.loadApplicationContext(TestContext.java:280) [spring-test-3.0.6.RELEASE.jar:3.0.6.RELEASE]
	at org.springframework.test.context.TestContext.getApplicationContext(TestContext.java:304) [spring-test-3.0.6.RELEASE.jar:3.0.6.RELEASE]
	at org.springframework.test.context.support.DependencyInjectionTestExecutionListener.injectDependencies(DependencyInjectionTestExecutionListener.java:109) [spring-test-3.0.6.RELEASE.jar:3.0.6.RELEASE]
	at org.springframework.test.context.support.DependencyInjectionTestExecutionListener.prepareTestInstance(DependencyInjectionTestExecutionListener.java:75) [spring-test-3.0.6.RELEASE.jar:3.0.6.RELEASE]
	at org.springframework.test.context.TestContextManager.prepareTestInstance(TestContextManager.java:321) [spring-test-3.0.6.RELEASE.jar:3.0.6.RELEASE]
	at org.spockframework.spring.SpringTestContextManager.prepareTestInstance(SpringTestContextManager.java:49) [spock-spring-0.7-groovy-2.0.jar:na]
	at org.spockframework.spring.SpringInterceptor.interceptSetupMethod(SpringInterceptor.java:42) [spock-spring-0.7-groovy-2.0.jar:na]
	at org.spockframework.runtime.extension.AbstractMethodInterceptor.intercept(AbstractMethodInterceptor.java:28) [spock-core-0.7-groovy-2.0.jar:na]
	at org.spockframework.runtime.extension.MethodInvocation.proceed(MethodInvocation.java:84) [spock-core-0.7-groovy-2.0.jar:na]
	at org.spockframework.runtime.BaseSpecRunner.invoke(BaseSpecRunner.java:319) [spock-core-0.7-groovy-2.0.jar:na]
	at org.spockframework.runtime.BaseSpecRunner.invokeSetup(BaseSpecRunner.java:279) [spock-core-0.7-groovy-2.0.jar:na]
	at org.spockframework.runtime.BaseSpecRunner.doRunIteration(BaseSpecRunner.java:255) [spock-core-0.7-groovy-2.0.jar:na]
	at sun.reflect.GeneratedMethodAccessor5.invoke(Unknown Source) ~[na:na]
	at sun.reflect.DelegatingMethodAccessorImpl.invoke(DelegatingMethodAccessorImpl.java:25) ~[na:1.6.0_38]
	at java.lang.reflect.Method.invoke(Method.java:597) ~[na:1.6.0_38]
	at org.spockframework.util.ReflectionUtil.invokeMethod(ReflectionUtil.java:138) [spock-core-0.7-groovy-2.0.jar:na]
	at org.spockframework.runtime.BaseSpecRunner.invokeRaw(BaseSpecRunner.java:330) [spock-core-0.7-groovy-2.0.jar:na]
	at org.spockframework.runtime.BaseSpecRunner.invoke(BaseSpecRunner.java:311) [spock-core-0.7-groovy-2.0.jar:na]
	at org.spockframework.runtime.BaseSpecRunner.runIteration(BaseSpecRunner.java:223) [spock-core-0.7-groovy-2.0.jar:na]
	at org.spockframework.runtime.BaseSpecRunner.initializeAndRunIteration(BaseSpecRunner.java:214) [spock-core-0.7-groovy-2.0.jar:na]
	at org.spockframework.runtime.BaseSpecRunner.runSimpleFeature(BaseSpecRunner.java:205) [spock-core-0.7-groovy-2.0.jar:na]
	at org.spockframework.runtime.BaseSpecRunner.doRunFeature(BaseSpecRunner.java:199) [spock-core-0.7-groovy-2.0.jar:na]
	at sun.reflect.GeneratedMethodAccessor7.invoke(Unknown Source) ~[na:na]
	at sun.reflect.DelegatingMethodAccessorImpl.invoke(DelegatingMethodAccessorImpl.java:25) ~[na:1.6.0_38]
	at java.lang.reflect.Method.invoke(Method.java:597) ~[na:1.6.0_38]
	at org.spockframework.util.ReflectionUtil.invokeMethod(ReflectionUtil.java:138) [spock-core-0.7-groovy-2.0.jar:na]
	at org.spockframework.runtime.BaseSpecRunner.invokeRaw(BaseSpecRunner.java:330) [spock-core-0.7-groovy-2.0.jar:na]
	at org.spockframework.runtime.BaseSpecRunner.invoke(BaseSpecRunner.java:311) [spock-core-0.7-groovy-2.0.jar:na]
	at org.spockframework.runtime.BaseSpecRunner.runFeature(BaseSpecRunner.java:175) [spock-core-0.7-groovy-2.0.jar:na]
	at org.spockframework.runtime.BaseSpecRunner.runFeatures(BaseSpecRunner.java:152) [spock-core-0.7-groovy-2.0.jar:na]
	at org.spockframework.runtime.BaseSpecRunner.doRunSpec(BaseSpecRunner.java:112) [spock-core-0.7-groovy-2.0.jar:na]
	at sun.reflect.GeneratedMethodAccessor11.invoke(Unknown Source) ~[na:na]
	at sun.reflect.DelegatingMethodAccessorImpl.invoke(DelegatingMethodAccessorImpl.java:25) ~[na:1.6.0_38]
	at java.lang.reflect.Method.invoke(Method.java:597) ~[na:1.6.0_38]
	at org.spockframework.util.ReflectionUtil.invokeMethod(ReflectionUtil.java:138) [spock-core-0.7-groovy-2.0.jar:na]
	at org.spockframework.runtime.BaseSpecRunner.invokeRaw(BaseSpecRunner.java:330) [spock-core-0.7-groovy-2.0.jar:na]
	at org.spockframework.runtime.BaseSpecRunner.invoke(BaseSpecRunner.java:311) [spock-core-0.7-groovy-2.0.jar:na]
	at org.spockframework.runtime.BaseSpecRunner.runSpec(BaseSpecRunner.java:91) [spock-core-0.7-groovy-2.0.jar:na]
	at org.spockframework.runtime.BaseSpecRunner.run(BaseSpecRunner.java:82) [spock-core-0.7-groovy-2.0.jar:na]
	at org.spockframework.runtime.Sputnik.run(Sputnik.java:63) [spock-core-0.7-groovy-2.0.jar:na]
	at org.apache.maven.surefire.junit4.JUnit4TestSet.execute(JUnit4TestSet.java:53) [surefire-junit4-2.10.jar:2.10]
	at org.apache.maven.surefire.junit4.JUnit4Provider.executeTestSet(JUnit4Provider.java:123) [surefire-junit4-2.10.jar:2.10]
	at org.apache.maven.surefire.junit4.JUnit4Provider.invoke(JUnit4Provider.java:104) [surefire-junit4-2.10.jar:2.10]
	at sun.reflect.NativeMethodAccessorImpl.invoke0(Native Method) ~[na:1.6.0_38]
	at sun.reflect.NativeMethodAccessorImpl.invoke(NativeMethodAccessorImpl.java:39) ~[na:1.6.0_38]
	at sun.reflect.DelegatingMethodAccessorImpl.invoke(DelegatingMethodAccessorImpl.java:25) ~[na:1.6.0_38]
	at java.lang.reflect.Method.invoke(Method.java:597) ~[na:1.6.0_38]
	at org.apache.maven.surefire.util.ReflectionUtils.invokeMethodWithArray(ReflectionUtils.java:164) [surefire-api-2.10.jar:2.10]
	at org.apache.maven.surefire.booter.ProviderFactory$ProviderProxy.invoke(ProviderFactory.java:110) [surefire-booter-2.10.jar:2.10]
	at org.apache.maven.surefire.booter.SurefireStarter.invokeProvider(SurefireStarter.java:175) [surefire-booter-2.10.jar:2.10]
	at org.apache.maven.surefire.booter.SurefireStarter.runSuitesInProcessWhenForked(SurefireStarter.java:107) [surefire-booter-2.10.jar:2.10]
	at org.apache.maven.surefire.booter.ForkedBooter.main(ForkedBooter.java:68) [surefire-booter-2.10.jar:2.10]
22:05:30.933 [main] WARN  o.s.c.a.CommonAnnotationBeanPostProcessor - Invocation of destroy method failed on bean with name &apos;coreAccountOnetimeSyncJob&apos;: com.rackspace.search.exception.NotFoundException: Index is missing
22:05:30.953 [main] ERROR c.r.s.e.client.ElasticSearchClient - Index is missing
org.elasticsearch.indices.IndexMissingException: [admin] missing
	at org.elasticsearch.cluster.metadata.MetaData.concreteIndex(MetaData.java:616) ~[elasticsearch-0.90.2.jar:na]
	at org.elasticsearch.action.get.TransportGetAction.resolveRequest(TransportGetAction.java:90) ~[elasticsearch-0.90.2.jar:na]
	at org.elasticsearch.action.get.TransportGetAction.resolveRequest(TransportGetAction.java:42) ~[elasticsearch-0.90.2.jar:na]
	at org.elasticsearch.action.support.single.shard.TransportShardSingleOperationAction$AsyncSingleAction.&lt;init&gt;(TransportShardSingleOperationAction.java:114) ~[elasticsearch-0.90.2.jar:na]
	at org.elasticsearch.action.support.single.shard.TransportShardSingleOperationAction$AsyncSingleAction.&lt;init&gt;(TransportShardSingleOperationAction.java:94) ~[elasticsearch-0.90.2.jar:na]
	at org.elasticsearch.action.support.single.shard.TransportShardSingleOperationAction.doExecute(TransportShardSingleOperationAction.java:71) ~[elasticsearch-0.90.2.jar:na]
	at org.elasticsearch.action.support.single.shard.TransportShardSingleOperationAction.doExecute(TransportShardSingleOperationAction.java:46) ~[elasticsearch-0.90.2.jar:na]
	at org.elasticsearch.action.support.TransportAction.execute(TransportAction.java:61) ~[elasticsearch-0.90.2.jar:na]
	at org.elasticsearch.client.node.NodeClient.execute(NodeClient.java:92) ~[elasticsearch-0.90.2.jar:na]
	at org.elasticsearch.client.support.AbstractClient.get(AbstractClient.java:179) ~[elasticsearch-0.90.2.jar:na]
	at org.elasticsearch.action.get.GetRequestBuilder.doExecute(GetRequestBuilder.java:112) ~[elasticsearch-0.90.2.jar:na]
	at org.elasticsearch.action.ActionRequestBuilder.execute(ActionRequestBuilder.java:62) ~[elasticsearch-0.90.2.jar:na]
	at org.elasticsearch.action.ActionRequestBuilder.execute(ActionRequestBuilder.java:57) ~[elasticsearch-0.90.2.jar:na]
	at org.elasticsearch.action.ActionRequestBuilder$execute.call(Unknown Source) ~[na:na]
	at com.rackspace.search.elasticsearch.client.ElasticSearchClient.getDocument(ElasticSearchClient.groovy:209) ~[classes/:na]
	at com.rackspace.search.elasticsearch.client.ElasticSearchClient$getDocument.call(Unknown Source) [classes/:na]
	at com.rackspace.search.service.JobService.getJob(JobService.groovy:56) [classes/:na]
	at com.rackspace.search.service.JobService$getJob$0.callCurrent(Unknown Source) [classes/:na]
	at com.rackspace.search.service.JobService.getJob(JobService.groovy:52) [classes/:na]
	at com.rackspace.search.service.JobService$getJob.call(Unknown Source) [classes/:na]
	at com.rackspace.search.service.account.CoreAccountUpdateSyncJob.windupActivities(CoreAccountUpdateSyncJob.groovy:88) [classes/:na]
	at sun.reflect.NativeMethodAccessorImpl.invoke0(Native Method) ~[na:1.6.0_38]
	at sun.reflect.NativeMethodAccessorImpl.invoke(NativeMethodAccessorImpl.java:39) ~[na:1.6.0_38]
	at sun.reflect.DelegatingMethodAccessorImpl.invoke(DelegatingMethodAccessorImpl.java:25) ~[na:1.6.0_38]
	at java.lang.reflect.Method.invoke(Method.java:597) ~[na:1.6.0_38]
	at org.springframework.beans.factory.annotation.InitDestroyAnnotationBeanPostProcessor$LifecycleElement.invoke(InitDestroyAnnotationBeanPostProcessor.java:340) [spring-beans-3.0.6.RELEASE.jar:3.0.6.RELEASE]
	at org.springframework.beans.factory.annotation.InitDestroyAnnotationBeanPostProcessor$LifecycleMetadata.invokeDestroyMethods(InitDestroyAnnotationBeanPostProcessor.java:305) [spring-beans-3.0.6.RELEASE.jar:3.0.6.RELEASE]
	at org.springframework.beans.factory.annotation.InitDestroyAnnotationBeanPostProcessor.postProcessBeforeDestruction(InitDestroyAnnotationBeanPostProcessor.java:148) [spring-beans-3.0.6.RELEASE.jar:3.0.6.RELEASE]
	at org.springframework.beans.factory.support.DisposableBeanAdapter.destroy(DisposableBeanAdapter.java:166) [spring-beans-3.0.6.RELEASE.jar:3.0.6.RELEASE]
	at org.springframework.beans.factory.support.DefaultSingletonBeanRegistry.destroyBean(DefaultSingletonBeanRegistry.java:487) [spring-beans-3.0.6.RELEASE.jar:3.0.6.RELEASE]
	at org.springframework.beans.factory.support.DefaultSingletonBeanRegistry.destroySingleton(DefaultSingletonBeanRegistry.java:463) [spring-beans-3.0.6.RELEASE.jar:3.0.6.RELEASE]
	at org.springframework.beans.factory.support.DefaultSingletonBeanRegistry.destroySingletons(DefaultSingletonBeanRegistry.java:431) [spring-beans-3.0.6.RELEASE.jar:3.0.6.RELEASE]
	at org.springframework.context.support.AbstractApplicationContext.destroyBeans(AbstractApplicationContext.java:1048) [spring-context-3.0.6.RELEASE.jar:3.0.6.RELEASE]
	at org.springframework.context.support.AbstractApplicationContext.refresh(AbstractApplicationContext.java:433) [spring-context-3.0.6.RELEASE.jar:3.0.6.RELEASE]
	at org.springframework.test.context.support.AbstractGenericContextLoader.loadContext(AbstractGenericContextLoader.java:84) [spring-test-3.0.6.RELEASE.jar:3.0.6.RELEASE]
	at org.springframework.test.context.support.AbstractGenericContextLoader.loadContext(AbstractGenericContextLoader.java:1) [spring-test-3.0.6.RELEASE.jar:3.0.6.RELEASE]
	at org.springframework.test.context.TestContext.loadApplicationContext(TestContext.java:280) [spring-test-3.0.6.RELEASE.jar:3.0.6.RELEASE]
	at org.springframework.test.context.TestContext.getApplicationContext(TestContext.java:304) [spring-test-3.0.6.RELEASE.jar:3.0.6.RELEASE]
	at org.springframework.test.context.support.DependencyInjectionTestExecutionListener.injectDependencies(DependencyInjectionTestExecutionListener.java:109) [spring-test-3.0.6.RELEASE.jar:3.0.6.RELEASE]
	at org.springframework.test.context.support.DependencyInjectionTestExecutionListener.prepareTestInstance(DependencyInjectionTestExecutionListener.java:75) [spring-test-3.0.6.RELEASE.jar:3.0.6.RELEASE]
	at org.springframework.test.context.TestContextManager.prepareTestInstance(TestContextManager.java:321) [spring-test-3.0.6.RELEASE.jar:3.0.6.RELEASE]
	at org.spockframework.spring.SpringTestContextManager.prepareTestInstance(SpringTestContextManager.java:49) [spock-spring-0.7-groovy-2.0.jar:na]
	at org.spockframework.spring.SpringInterceptor.interceptSetupMethod(SpringInterceptor.java:42) [spock-spring-0.7-groovy-2.0.jar:na]
	at org.spockframework.runtime.extension.AbstractMethodInterceptor.intercept(AbstractMethodInterceptor.java:28) [spock-core-0.7-groovy-2.0.jar:na]
	at org.spockframework.runtime.extension.MethodInvocation.proceed(MethodInvocation.java:84) [spock-core-0.7-groovy-2.0.jar:na]
	at org.spockframework.runtime.BaseSpecRunner.invoke(BaseSpecRunner.java:319) [spock-core-0.7-groovy-2.0.jar:na]
	at org.spockframework.runtime.BaseSpecRunner.invokeSetup(BaseSpecRunner.java:279) [spock-core-0.7-groovy-2.0.jar:na]
	at org.spockframework.runtime.BaseSpecRunner.doRunIteration(BaseSpecRunner.java:255) [spock-core-0.7-groovy-2.0.jar:na]
	at sun.reflect.GeneratedMethodAccessor5.invoke(Unknown Source) ~[na:na]
	at sun.reflect.DelegatingMethodAccessorImpl.invoke(DelegatingMethodAccessorImpl.java:25) ~[na:1.6.0_38]
	at java.lang.reflect.Method.invoke(Method.java:597) ~[na:1.6.0_38]
	at org.spockframework.util.ReflectionUtil.invokeMethod(ReflectionUtil.java:138) [spock-core-0.7-groovy-2.0.jar:na]
	at org.spockframework.runtime.BaseSpecRunner.invokeRaw(BaseSpecRunner.java:330) [spock-core-0.7-groovy-2.0.jar:na]
	at org.spockframework.runtime.BaseSpecRunner.invoke(BaseSpecRunner.java:311) [spock-core-0.7-groovy-2.0.jar:na]
	at org.spockframework.runtime.BaseSpecRunner.runIteration(BaseSpecRunner.java:223) [spock-core-0.7-groovy-2.0.jar:na]
	at org.spockframework.runtime.BaseSpecRunner.initializeAndRunIteration(BaseSpecRunner.java:214) [spock-core-0.7-groovy-2.0.jar:na]
	at org.spockframework.runtime.BaseSpecRunner.runSimpleFeature(BaseSpecRunner.java:205) [spock-core-0.7-groovy-2.0.jar:na]
	at org.spockframework.runtime.BaseSpecRunner.doRunFeature(BaseSpecRunner.java:199) [spock-core-0.7-groovy-2.0.jar:na]
	at sun.reflect.GeneratedMethodAccessor7.invoke(Unknown Source) ~[na:na]
	at sun.reflect.DelegatingMethodAccessorImpl.invoke(DelegatingMethodAccessorImpl.java:25) ~[na:1.6.0_38]
	at java.lang.reflect.Method.invoke(Method.java:597) ~[na:1.6.0_38]
	at org.spockframework.util.ReflectionUtil.invokeMethod(ReflectionUtil.java:138) [spock-core-0.7-groovy-2.0.jar:na]
	at org.spockframework.runtime.BaseSpecRunner.invokeRaw(BaseSpecRunner.java:330) [spock-core-0.7-groovy-2.0.jar:na]
	at org.spockframework.runtime.BaseSpecRunner.invoke(BaseSpecRunner.java:311) [spock-core-0.7-groovy-2.0.jar:na]
	at org.spockframework.runtime.BaseSpecRunner.runFeature(BaseSpecRunner.java:175) [spock-core-0.7-groovy-2.0.jar:na]
	at org.spockframework.runtime.BaseSpecRunner.runFeatures(BaseSpecRunner.java:152) [spock-core-0.7-groovy-2.0.jar:na]
	at org.spockframework.runtime.BaseSpecRunner.doRunSpec(BaseSpecRunner.java:112) [spock-core-0.7-groovy-2.0.jar:na]
	at sun.reflect.GeneratedMethodAccessor11.invoke(Unknown Source) ~[na:na]
	at sun.reflect.DelegatingMethodAccessorImpl.invoke(DelegatingMethodAccessorImpl.java:25) ~[na:1.6.0_38]
	at java.lang.reflect.Method.invoke(Method.java:597) ~[na:1.6.0_38]
	at org.spockframework.util.ReflectionUtil.invokeMethod(ReflectionUtil.java:138) [spock-core-0.7-groovy-2.0.jar:na]
	at org.spockframework.runtime.BaseSpecRunner.invokeRaw(BaseSpecRunner.java:330) [spock-core-0.7-groovy-2.0.jar:na]
	at org.spockframework.runtime.BaseSpecRunner.invoke(BaseSpecRunner.java:311) [spock-core-0.7-groovy-2.0.jar:na]
	at org.spockframework.runtime.BaseSpecRunner.runSpec(BaseSpecRunner.java:91) [spock-core-0.7-groovy-2.0.jar:na]
	at org.spockframework.runtime.BaseSpecRunner.run(BaseSpecRunner.java:82) [spock-core-0.7-groovy-2.0.jar:na]
	at org.spockframework.runtime.Sputnik.run(Sputnik.java:63) [spock-core-0.7-groovy-2.0.jar:na]
	at org.apache.maven.surefire.junit4.JUnit4TestSet.execute(JUnit4TestSet.java:53) [surefire-junit4-2.10.jar:2.10]
	at org.apache.maven.surefire.junit4.JUnit4Provider.executeTestSet(JUnit4Provider.java:123) [surefire-junit4-2.10.jar:2.10]
	at org.apache.maven.surefire.junit4.JUnit4Provider.invoke(JUnit4Provider.java:104) [surefire-junit4-2.10.jar:2.10]
	at sun.reflect.NativeMethodAccessorImpl.invoke0(Native Method) ~[na:1.6.0_38]
	at sun.reflect.NativeMethodAccessorImpl.invoke(NativeMethodAccessorImpl.java:39) ~[na:1.6.0_38]
	at sun.reflect.DelegatingMethodAccessorImpl.invoke(DelegatingMethodAccessorImpl.java:25) ~[na:1.6.0_38]
	at java.lang.reflect.Method.invoke(Method.java:597) ~[na:1.6.0_38]
	at org.apache.maven.surefire.util.ReflectionUtils.invokeMethodWithArray(ReflectionUtils.java:164) [surefire-api-2.10.jar:2.10]
	at org.apache.maven.surefire.booter.ProviderFactory$ProviderProxy.invoke(ProviderFactory.java:110) [surefire-booter-2.10.jar:2.10]
	at org.apache.maven.surefire.booter.SurefireStarter.invokeProvider(SurefireStarter.java:175) [surefire-booter-2.10.jar:2.10]
	at org.apache.maven.surefire.booter.SurefireStarter.runSuitesInProcessWhenForked(SurefireStarter.java:107) [surefire-booter-2.10.jar:2.10]
	at org.apache.maven.surefire.booter.ForkedBooter.main(ForkedBooter.java:68) [surefire-booter-2.10.jar:2.10]
22:05:30.954 [main] WARN  o.s.c.a.CommonAnnotationBeanPostProcessor - Invocation of destroy method failed on bean with name &apos;coreAccountUpdateSyncJob&apos;: com.rackspace.search.exception.NotFoundException: Index is missing
22:05:30.974 [main] ERROR c.r.s.e.client.ElasticSearchClient - Index is missing
org.elasticsearch.indices.IndexMissingException: [admin] missing
	at org.elasticsearch.cluster.metadata.MetaData.concreteIndex(MetaData.java:616) ~[elasticsearch-0.90.2.jar:na]
	at org.elasticsearch.action.get.TransportGetAction.resolveRequest(TransportGetAction.java:90) ~[elasticsearch-0.90.2.jar:na]
	at org.elasticsearch.action.get.TransportGetAction.resolveRequest(TransportGetAction.java:42) ~[elasticsearch-0.90.2.jar:na]
	at org.elasticsearch.action.support.single.shard.TransportShardSingleOperationAction$AsyncSingleAction.&lt;init&gt;(TransportShardSingleOperationAction.java:114) ~[elasticsearch-0.90.2.jar:na]
	at org.elasticsearch.action.support.single.shard.TransportShardSingleOperationAction$AsyncSingleAction.&lt;init&gt;(TransportShardSingleOperationAction.java:94) ~[elasticsearch-0.90.2.jar:na]
	at org.elasticsearch.action.support.single.shard.TransportShardSingleOperationAction.doExecute(TransportShardSingleOperationAction.java:71) ~[elasticsearch-0.90.2.jar:na]
	at org.elasticsearch.action.support.single.shard.TransportShardSingleOperationAction.doExecute(TransportShardSingleOperationAction.java:46) ~[elasticsearch-0.90.2.jar:na]
	at org.elasticsearch.action.support.TransportAction.execute(TransportAction.java:61) ~[elasticsearch-0.90.2.jar:na]
	at org.elasticsearch.client.node.NodeClient.execute(NodeClient.java:92) ~[elasticsearch-0.90.2.jar:na]
	at org.elasticsearch.client.support.AbstractClient.get(AbstractClient.java:179) ~[elasticsearch-0.90.2.jar:na]
	at org.elasticsearch.action.get.GetRequestBuilder.doExecute(GetRequestBuilder.java:112) ~[elasticsearch-0.90.2.jar:na]
	at org.elasticsearch.action.ActionRequestBuilder.execute(ActionRequestBuilder.java:62) ~[elasticsearch-0.90.2.jar:na]
	at org.elasticsearch.action.ActionRequestBuilder.execute(ActionRequestBuilder.java:57) ~[elasticsearch-0.90.2.jar:na]
	at org.elasticsearch.action.ActionRequestBuilder$execute.call(Unknown Source) ~[na:na]
	at com.rackspace.search.elasticsearch.client.ElasticSearchClient.getDocument(ElasticSearchClient.groovy:209) ~[classes/:na]
	at com.rackspace.search.elasticsearch.client.ElasticSearchClient$getDocument.call(Unknown Source) [classes/:na]
	at com.rackspace.search.service.JobService.getJob(JobService.groovy:56) [classes/:na]
	at com.rackspace.search.service.JobService$getJob$0.callCurrent(Unknown Source) [classes/:na]
	at com.rackspace.search.service.JobService.getJob(JobService.groovy:52) [classes/:na]
	at com.rackspace.search.service.JobService$getJob.call(Unknown Source) [classes/:na]
	at com.rackspace.search.service.core.CoreTicketSecondPassSyncJob.windupActivities(CoreTicketSecondPassSyncJob.groovy:83) [classes/:na]
	at sun.reflect.NativeMethodAccessorImpl.invoke0(Native Method) ~[na:1.6.0_38]
	at sun.reflect.NativeMethodAccessorImpl.invoke(NativeMethodAccessorImpl.java:39) ~[na:1.6.0_38]
	at sun.reflect.DelegatingMethodAccessorImpl.invoke(DelegatingMethodAccessorImpl.java:25) ~[na:1.6.0_38]
	at java.lang.reflect.Method.invoke(Method.java:597) ~[na:1.6.0_38]
	at org.springframework.beans.factory.annotation.InitDestroyAnnotationBeanPostProcessor$LifecycleElement.invoke(InitDestroyAnnotationBeanPostProcessor.java:340) [spring-beans-3.0.6.RELEASE.jar:3.0.6.RELEASE]
	at org.springframework.beans.factory.annotation.InitDestroyAnnotationBeanPostProcessor$LifecycleMetadata.invokeDestroyMethods(InitDestroyAnnotationBeanPostProcessor.java:305) [spring-beans-3.0.6.RELEASE.jar:3.0.6.RELEASE]
	at org.springframework.beans.factory.annotation.InitDestroyAnnotationBeanPostProcessor.postProcessBeforeDestruction(InitDestroyAnnotationBeanPostProcessor.java:148) [spring-beans-3.0.6.RELEASE.jar:3.0.6.RELEASE]
	at org.springframework.beans.factory.support.DisposableBeanAdapter.destroy(DisposableBeanAdapter.java:166) [spring-beans-3.0.6.RELEASE.jar:3.0.6.RELEASE]
	at org.springframework.beans.factory.support.DefaultSingletonBeanRegistry.destroyBean(DefaultSingletonBeanRegistry.java:487) [spring-beans-3.0.6.RELEASE.jar:3.0.6.RELEASE]
	at org.springframework.beans.factory.support.DefaultSingletonBeanRegistry.destroySingleton(DefaultSingletonBeanRegistry.java:463) [spring-beans-3.0.6.RELEASE.jar:3.0.6.RELEASE]
	at org.springframework.beans.factory.support.DefaultSingletonBeanRegistry.destroySingletons(DefaultSingletonBeanRegistry.java:431) [spring-beans-3.0.6.RELEASE.jar:3.0.6.RELEASE]
	at org.springframework.context.support.AbstractApplicationContext.destroyBeans(AbstractApplicationContext.java:1048) [spring-context-3.0.6.RELEASE.jar:3.0.6.RELEASE]
	at org.springframework.context.support.AbstractApplicationContext.refresh(AbstractApplicationContext.java:433) [spring-context-3.0.6.RELEASE.jar:3.0.6.RELEASE]
	at org.springframework.test.context.support.AbstractGenericContextLoader.loadContext(AbstractGenericContextLoader.java:84) [spring-test-3.0.6.RELEASE.jar:3.0.6.RELEASE]
	at org.springframework.test.context.support.AbstractGenericContextLoader.loadContext(AbstractGenericContextLoader.java:1) [spring-test-3.0.6.RELEASE.jar:3.0.6.RELEASE]
	at org.springframework.test.context.TestContext.loadApplicationContext(TestContext.java:280) [spring-test-3.0.6.RELEASE.jar:3.0.6.RELEASE]
	at org.springframework.test.context.TestContext.getApplicationContext(TestContext.java:304) [spring-test-3.0.6.RELEASE.jar:3.0.6.RELEASE]
	at org.springframework.test.context.support.DependencyInjectionTestExecutionListener.injectDependencies(DependencyInjectionTestExecutionListener.java:109) [spring-test-3.0.6.RELEASE.jar:3.0.6.RELEASE]
	at org.springframework.test.context.support.DependencyInjectionTestExecutionListener.prepareTestInstance(DependencyInjectionTestExecutionListener.java:75) [spring-test-3.0.6.RELEASE.jar:3.0.6.RELEASE]
	at org.springframework.test.context.TestContextManager.prepareTestInstance(TestContextManager.java:321) [spring-test-3.0.6.RELEASE.jar:3.0.6.RELEASE]
	at org.spockframework.spring.SpringTestContextManager.prepareTestInstance(SpringTestContextManager.java:49) [spock-spring-0.7-groovy-2.0.jar:na]
	at org.spockframework.spring.SpringInterceptor.interceptSetupMethod(SpringInterceptor.java:42) [spock-spring-0.7-groovy-2.0.jar:na]
	at org.spockframework.runtime.extension.AbstractMethodInterceptor.intercept(AbstractMethodInterceptor.java:28) [spock-core-0.7-groovy-2.0.jar:na]
	at org.spockframework.runtime.extension.MethodInvocation.proceed(MethodInvocation.java:84) [spock-core-0.7-groovy-2.0.jar:na]
	at org.spockframework.runtime.BaseSpecRunner.invoke(BaseSpecRunner.java:319) [spock-core-0.7-groovy-2.0.jar:na]
	at org.spockframework.runtime.BaseSpecRunner.invokeSetup(BaseSpecRunner.java:279) [spock-core-0.7-groovy-2.0.jar:na]
	at org.spockframework.runtime.BaseSpecRunner.doRunIteration(BaseSpecRunner.java:255) [spock-core-0.7-groovy-2.0.jar:na]
	at sun.reflect.GeneratedMethodAccessor5.invoke(Unknown Source) ~[na:na]
	at sun.reflect.DelegatingMethodAccessorImpl.invoke(DelegatingMethodAccessorImpl.java:25) ~[na:1.6.0_38]
	at java.lang.reflect.Method.invoke(Method.java:597) ~[na:1.6.0_38]
	at org.spockframework.util.ReflectionUtil.invokeMethod(ReflectionUtil.java:138) [spock-core-0.7-groovy-2.0.jar:na]
	at org.spockframework.runtime.BaseSpecRunner.invokeRaw(BaseSpecRunner.java:330) [spock-core-0.7-groovy-2.0.jar:na]
	at org.spockframework.runtime.BaseSpecRunner.invoke(BaseSpecRunner.java:311) [spock-core-0.7-groovy-2.0.jar:na]
	at org.spockframework.runtime.BaseSpecRunner.runIteration(BaseSpecRunner.java:223) [spock-core-0.7-groovy-2.0.jar:na]
	at org.spockframework.runtime.BaseSpecRunner.initializeAndRunIteration(BaseSpecRunner.java:214) [spock-core-0.7-groovy-2.0.jar:na]
	at org.spockframework.runtime.BaseSpecRunner.runSimpleFeature(BaseSpecRunner.java:205) [spock-core-0.7-groovy-2.0.jar:na]
	at org.spockframework.runtime.BaseSpecRunner.doRunFeature(BaseSpecRunner.java:199) [spock-core-0.7-groovy-2.0.jar:na]
	at sun.reflect.GeneratedMethodAccessor7.invoke(Unknown Source) ~[na:na]
	at sun.reflect.DelegatingMethodAccessorImpl.invoke(DelegatingMethodAccessorImpl.java:25) ~[na:1.6.0_38]
	at java.lang.reflect.Method.invoke(Method.java:597) ~[na:1.6.0_38]
	at org.spockframework.util.ReflectionUtil.invokeMethod(ReflectionUtil.java:138) [spock-core-0.7-groovy-2.0.jar:na]
	at org.spockframework.runtime.BaseSpecRunner.invokeRaw(BaseSpecRunner.java:330) [spock-core-0.7-groovy-2.0.jar:na]
	at org.spockframework.runtime.BaseSpecRunner.invoke(BaseSpecRunner.java:311) [spock-core-0.7-groovy-2.0.jar:na]
	at org.spockframework.runtime.BaseSpecRunner.runFeature(BaseSpecRunner.java:175) [spock-core-0.7-groovy-2.0.jar:na]
	at org.spockframework.runtime.BaseSpecRunner.runFeatures(BaseSpecRunner.java:152) [spock-core-0.7-groovy-2.0.jar:na]
	at org.spockframework.runtime.BaseSpecRunner.doRunSpec(BaseSpecRunner.java:112) [spock-core-0.7-groovy-2.0.jar:na]
	at sun.reflect.GeneratedMethodAccessor11.invoke(Unknown Source) ~[na:na]
	at sun.reflect.DelegatingMethodAccessorImpl.invoke(DelegatingMethodAccessorImpl.java:25) ~[na:1.6.0_38]
	at java.lang.reflect.Method.invoke(Method.java:597) ~[na:1.6.0_38]
	at org.spockframework.util.ReflectionUtil.invokeMethod(ReflectionUtil.java:138) [spock-core-0.7-groovy-2.0.jar:na]
	at org.spockframework.runtime.BaseSpecRunner.invokeRaw(BaseSpecRunner.java:330) [spock-core-0.7-groovy-2.0.jar:na]
	at org.spockframework.runtime.BaseSpecRunner.invoke(BaseSpecRunner.java:311) [spock-core-0.7-groovy-2.0.jar:na]
	at org.spockframework.runtime.BaseSpecRunner.runSpec(BaseSpecRunner.java:91) [spock-core-0.7-groovy-2.0.jar:na]
	at org.spockframework.runtime.BaseSpecRunner.run(BaseSpecRunner.java:82) [spock-core-0.7-groovy-2.0.jar:na]
	at org.spockframework.runtime.Sputnik.run(Sputnik.java:63) [spock-core-0.7-groovy-2.0.jar:na]
	at org.apache.maven.surefire.junit4.JUnit4TestSet.execute(JUnit4TestSet.java:53) [surefire-junit4-2.10.jar:2.10]
	at org.apache.maven.surefire.junit4.JUnit4Provider.executeTestSet(JUnit4Provider.java:123) [surefire-junit4-2.10.jar:2.10]
	at org.apache.maven.surefire.junit4.JUnit4Provider.invoke(JUnit4Provider.java:104) [surefire-junit4-2.10.jar:2.10]
	at sun.reflect.NativeMethodAccessorImpl.invoke0(Native Method) ~[na:1.6.0_38]
	at sun.reflect.NativeMethodAccessorImpl.invoke(NativeMethodAccessorImpl.java:39) ~[na:1.6.0_38]
	at sun.reflect.DelegatingMethodAccessorImpl.invoke(DelegatingMethodAccessorImpl.java:25) ~[na:1.6.0_38]
	at java.lang.reflect.Method.invoke(Method.java:597) ~[na:1.6.0_38]
	at org.apache.maven.surefire.util.ReflectionUtils.invokeMethodWithArray(ReflectionUtils.java:164) [surefire-api-2.10.jar:2.10]
	at org.apache.maven.surefire.booter.ProviderFactory$ProviderProxy.invoke(ProviderFactory.java:110) [surefire-booter-2.10.jar:2.10]
	at org.apache.maven.surefire.booter.SurefireStarter.invokeProvider(SurefireStarter.java:175) [surefire-booter-2.10.jar:2.10]
	at org.apache.maven.surefire.booter.SurefireStarter.runSuitesInProcessWhenForked(SurefireStarter.java:107) [surefire-booter-2.10.jar:2.10]
	at org.apache.maven.surefire.booter.ForkedBooter.main(ForkedBooter.java:68) [surefire-booter-2.10.jar:2.10]
22:05:30.974 [main] WARN  o.s.c.a.CommonAnnotationBeanPostProcessor - Invocation of destroy method failed on bean with name &apos;coreTicketSecondPassSyncJob&apos;: com.rackspace.search.exception.NotFoundException: Index is missing
22:05:30.995 [main] ERROR c.r.s.e.client.ElasticSearchClient - Index is missing
org.elasticsearch.indices.IndexMissingException: [admin] missing
	at org.elasticsearch.cluster.metadata.MetaData.concreteIndex(MetaData.java:616) ~[elasticsearch-0.90.2.jar:na]
	at org.elasticsearch.action.get.TransportGetAction.resolveRequest(TransportGetAction.java:90) ~[elasticsearch-0.90.2.jar:na]
	at org.elasticsearch.action.get.TransportGetAction.resolveRequest(TransportGetAction.java:42) ~[elasticsearch-0.90.2.jar:na]
	at org.elasticsearch.action.support.single.shard.TransportShardSingleOperationAction$AsyncSingleAction.&lt;init&gt;(TransportShardSingleOperationAction.java:114) ~[elasticsearch-0.90.2.jar:na]
	at org.elasticsearch.action.support.single.shard.TransportShardSingleOperationAction$AsyncSingleAction.&lt;init&gt;(TransportShardSingleOperationAction.java:94) ~[elasticsearch-0.90.2.jar:na]
	at org.elasticsearch.action.support.single.shard.TransportShardSingleOperationAction.doExecute(TransportShardSingleOperationAction.java:71) ~[elasticsearch-0.90.2.jar:na]
	at org.elasticsearch.action.support.single.shard.TransportShardSingleOperationAction.doExecute(TransportShardSingleOperationAction.java:46) ~[elasticsearch-0.90.2.jar:na]
	at org.elasticsearch.action.support.TransportAction.execute(TransportAction.java:61) ~[elasticsearch-0.90.2.jar:na]
	at org.elasticsearch.client.node.NodeClient.execute(NodeClient.java:92) ~[elasticsearch-0.90.2.jar:na]
	at org.elasticsearch.client.support.AbstractClient.get(AbstractClient.java:179) ~[elasticsearch-0.90.2.jar:na]
	at org.elasticsearch.action.get.GetRequestBuilder.doExecute(GetRequestBuilder.java:112) ~[elasticsearch-0.90.2.jar:na]
	at org.elasticsearch.action.ActionRequestBuilder.execute(ActionRequestBuilder.java:62) ~[elasticsearch-0.90.2.jar:na]
	at org.elasticsearch.action.ActionRequestBuilder.execute(ActionRequestBuilder.java:57) ~[elasticsearch-0.90.2.jar:na]
	at org.elasticsearch.action.ActionRequestBuilder$execute.call(Unknown Source) ~[na:na]
	at com.rackspace.search.elasticsearch.client.ElasticSearchClient.getDocument(ElasticSearchClient.groovy:209) ~[classes/:na]
	at com.rackspace.search.elasticsearch.client.ElasticSearchClient$getDocument.call(Unknown Source) [classes/:na]
	at com.rackspace.search.service.JobService.getJob(JobService.groovy:56) [classes/:na]
	at com.rackspace.search.service.JobService$getJob$0.callCurrent(Unknown Source) [classes/:na]
	at com.rackspace.search.service.JobService.getJob(JobService.groovy:52) [classes/:na]
	at com.rackspace.search.service.JobService$getJob.call(Unknown Source) [classes/:na]
	at com.rackspace.search.service.admin.CoreTicketOndemandSyncJob.windupActivities(CoreTicketOndemandSyncJob.groovy:91) [classes/:na]
	at sun.reflect.NativeMethodAccessorImpl.invoke0(Native Method) ~[na:1.6.0_38]
	at sun.reflect.NativeMethodAccessorImpl.invoke(NativeMethodAccessorImpl.java:39) ~[na:1.6.0_38]
	at sun.reflect.DelegatingMethodAccessorImpl.invoke(DelegatingMethodAccessorImpl.java:25) ~[na:1.6.0_38]
	at java.lang.reflect.Method.invoke(Method.java:597) ~[na:1.6.0_38]
	at org.springframework.beans.factory.annotation.InitDestroyAnnotationBeanPostProcessor$LifecycleElement.invoke(InitDestroyAnnotationBeanPostProcessor.java:340) [spring-beans-3.0.6.RELEASE.jar:3.0.6.RELEASE]
	at org.springframework.beans.factory.annotation.InitDestroyAnnotationBeanPostProcessor$LifecycleMetadata.invokeDestroyMethods(InitDestroyAnnotationBeanPostProcessor.java:305) [spring-beans-3.0.6.RELEASE.jar:3.0.6.RELEASE]
	at org.springframework.beans.factory.annotation.InitDestroyAnnotationBeanPostProcessor.postProcessBeforeDestruction(InitDestroyAnnotationBeanPostProcessor.java:148) [spring-beans-3.0.6.RELEASE.jar:3.0.6.RELEASE]
	at org.springframework.beans.factory.support.DisposableBeanAdapter.destroy(DisposableBeanAdapter.java:166) [spring-beans-3.0.6.RELEASE.jar:3.0.6.RELEASE]
	at org.springframework.beans.factory.support.DefaultSingletonBeanRegistry.destroyBean(DefaultSingletonBeanRegistry.java:487) [spring-beans-3.0.6.RELEASE.jar:3.0.6.RELEASE]
	at org.springframework.beans.factory.support.DefaultSingletonBeanRegistry.destroySingleton(DefaultSingletonBeanRegistry.java:463) [spring-beans-3.0.6.RELEASE.jar:3.0.6.RELEASE]
	at org.springframework.beans.factory.support.DefaultSingletonBeanRegistry.destroySingletons(DefaultSingletonBeanRegistry.java:431) [spring-beans-3.0.6.RELEASE.jar:3.0.6.RELEASE]
	at org.springframework.context.support.AbstractApplicationContext.destroyBeans(AbstractApplicationContext.java:1048) [spring-context-3.0.6.RELEASE.jar:3.0.6.RELEASE]
	at org.springframework.context.support.AbstractApplicationContext.refresh(AbstractApplicationContext.java:433) [spring-context-3.0.6.RELEASE.jar:3.0.6.RELEASE]
	at org.springframework.test.context.support.AbstractGenericContextLoader.loadContext(AbstractGenericContextLoader.java:84) [spring-test-3.0.6.RELEASE.jar:3.0.6.RELEASE]
	at org.springframework.test.context.support.AbstractGenericContextLoader.loadContext(AbstractGenericContextLoader.java:1) [spring-test-3.0.6.RELEASE.jar:3.0.6.RELEASE]
	at org.springframework.test.context.TestContext.loadApplicationContext(TestContext.java:280) [spring-test-3.0.6.RELEASE.jar:3.0.6.RELEASE]
	at org.springframework.test.context.TestContext.getApplicationContext(TestContext.java:304) [spring-test-3.0.6.RELEASE.jar:3.0.6.RELEASE]
	at org.springframework.test.context.support.DependencyInjectionTestExecutionListener.injectDependencies(DependencyInjectionTestExecutionListener.java:109) [spring-test-3.0.6.RELEASE.jar:3.0.6.RELEASE]
	at org.springframework.test.context.support.DependencyInjectionTestExecutionListener.prepareTestInstance(DependencyInjectionTestExecutionListener.java:75) [spring-test-3.0.6.RELEASE.jar:3.0.6.RELEASE]
	at org.springframework.test.context.TestContextManager.prepareTestInstance(TestContextManager.java:321) [spring-test-3.0.6.RELEASE.jar:3.0.6.RELEASE]
	at org.spockframework.spring.SpringTestContextManager.prepareTestInstance(SpringTestContextManager.java:49) [spock-spring-0.7-groovy-2.0.jar:na]
	at org.spockframework.spring.SpringInterceptor.interceptSetupMethod(SpringInterceptor.java:42) [spock-spring-0.7-groovy-2.0.jar:na]
	at org.spockframework.runtime.extension.AbstractMethodInterceptor.intercept(AbstractMethodInterceptor.java:28) [spock-core-0.7-groovy-2.0.jar:na]
	at org.spockframework.runtime.extension.MethodInvocation.proceed(MethodInvocation.java:84) [spock-core-0.7-groovy-2.0.jar:na]
	at org.spockframework.runtime.BaseSpecRunner.invoke(BaseSpecRunner.java:319) [spock-core-0.7-groovy-2.0.jar:na]
	at org.spockframework.runtime.BaseSpecRunner.invokeSetup(BaseSpecRunner.java:279) [spock-core-0.7-groovy-2.0.jar:na]
	at org.spockframework.runtime.BaseSpecRunner.doRunIteration(BaseSpecRunner.java:255) [spock-core-0.7-groovy-2.0.jar:na]
	at sun.reflect.GeneratedMethodAccessor5.invoke(Unknown Source) ~[na:na]
	at sun.reflect.DelegatingMethodAccessorImpl.invoke(DelegatingMethodAccessorImpl.java:25) ~[na:1.6.0_38]
	at java.lang.reflect.Method.invoke(Method.java:597) ~[na:1.6.0_38]
	at org.spockframework.util.ReflectionUtil.invokeMethod(ReflectionUtil.java:138) [spock-core-0.7-groovy-2.0.jar:na]
	at org.spockframework.runtime.BaseSpecRunner.invokeRaw(BaseSpecRunner.java:330) [spock-core-0.7-groovy-2.0.jar:na]
	at org.spockframework.runtime.BaseSpecRunner.invoke(BaseSpecRunner.java:311) [spock-core-0.7-groovy-2.0.jar:na]
	at org.spockframework.runtime.BaseSpecRunner.runIteration(BaseSpecRunner.java:223) [spock-core-0.7-groovy-2.0.jar:na]
	at org.spockframework.runtime.BaseSpecRunner.initializeAndRunIteration(BaseSpecRunner.java:214) [spock-core-0.7-groovy-2.0.jar:na]
	at org.spockframework.runtime.BaseSpecRunner.runSimpleFeature(BaseSpecRunner.java:205) [spock-core-0.7-groovy-2.0.jar:na]
	at org.spockframework.runtime.BaseSpecRunner.doRunFeature(BaseSpecRunner.java:199) [spock-core-0.7-groovy-2.0.jar:na]
	at sun.reflect.GeneratedMethodAccessor7.invoke(Unknown Source) ~[na:na]
	at sun.reflect.DelegatingMethodAccessorImpl.invoke(DelegatingMethodAccessorImpl.java:25) ~[na:1.6.0_38]
	at java.lang.reflect.Method.invoke(Method.java:597) ~[na:1.6.0_38]
	at org.spockframework.util.ReflectionUtil.invokeMethod(ReflectionUtil.java:138) [spock-core-0.7-groovy-2.0.jar:na]
	at org.spockframework.runtime.BaseSpecRunner.invokeRaw(BaseSpecRunner.java:330) [spock-core-0.7-groovy-2.0.jar:na]
	at org.spockframework.runtime.BaseSpecRunner.invoke(BaseSpecRunner.java:311) [spock-core-0.7-groovy-2.0.jar:na]
	at org.spockframework.runtime.BaseSpecRunner.runFeature(BaseSpecRunner.java:175) [spock-core-0.7-groovy-2.0.jar:na]
	at org.spockframework.runtime.BaseSpecRunner.runFeatures(BaseSpecRunner.java:152) [spock-core-0.7-groovy-2.0.jar:na]
	at org.spockframework.runtime.BaseSpecRunner.doRunSpec(BaseSpecRunner.java:112) [spock-core-0.7-groovy-2.0.jar:na]
	at sun.reflect.GeneratedMethodAccessor11.invoke(Unknown Source) ~[na:na]
	at sun.reflect.DelegatingMethodAccessorImpl.invoke(DelegatingMethodAccessorImpl.java:25) ~[na:1.6.0_38]
	at java.lang.reflect.Method.invoke(Method.java:597) ~[na:1.6.0_38]
	at org.spockframework.util.ReflectionUtil.invokeMethod(ReflectionUtil.java:138) [spock-core-0.7-groovy-2.0.jar:na]
	at org.spockframework.runtime.BaseSpecRunner.invokeRaw(BaseSpecRunner.java:330) [spock-core-0.7-groovy-2.0.jar:na]
	at org.spockframework.runtime.BaseSpecRunner.invoke(BaseSpecRunner.java:311) [spock-core-0.7-groovy-2.0.jar:na]
	at org.spockframework.runtime.BaseSpecRunner.runSpec(BaseSpecRunner.java:91) [spock-core-0.7-groovy-2.0.jar:na]
	at org.spockframework.runtime.BaseSpecRunner.run(BaseSpecRunner.java:82) [spock-core-0.7-groovy-2.0.jar:na]
	at org.spockframework.runtime.Sputnik.run(Sputnik.java:63) [spock-core-0.7-groovy-2.0.jar:na]
	at org.apache.maven.surefire.junit4.JUnit4TestSet.execute(JUnit4TestSet.java:53) [surefire-junit4-2.10.jar:2.10]
	at org.apache.maven.surefire.junit4.JUnit4Provider.executeTestSet(JUnit4Provider.java:123) [surefire-junit4-2.10.jar:2.10]
	at org.apache.maven.surefire.junit4.JUnit4Provider.invoke(JUnit4Provider.java:104) [surefire-junit4-2.10.jar:2.10]
	at sun.reflect.NativeMethodAccessorImpl.invoke0(Native Method) ~[na:1.6.0_38]
	at sun.reflect.NativeMethodAccessorImpl.invoke(NativeMethodAccessorImpl.java:39) ~[na:1.6.0_38]
	at sun.reflect.DelegatingMethodAccessorImpl.invoke(DelegatingMethodAccessorImpl.java:25) ~[na:1.6.0_38]
	at java.lang.reflect.Method.invoke(Method.java:597) ~[na:1.6.0_38]
	at org.apache.maven.surefire.util.ReflectionUtils.invokeMethodWithArray(ReflectionUtils.java:164) [surefire-api-2.10.jar:2.10]
	at org.apache.maven.surefire.booter.ProviderFactory$ProviderProxy.invoke(ProviderFactory.java:110) [surefire-booter-2.10.jar:2.10]
	at org.apache.maven.surefire.booter.SurefireStarter.invokeProvider(SurefireStarter.java:175) [surefire-booter-2.10.jar:2.10]
	at org.apache.maven.surefire.booter.SurefireStarter.runSuitesInProcessWhenForked(SurefireStarter.java:107) [surefire-booter-2.10.jar:2.10]
	at org.apache.maven.surefire.booter.ForkedBooter.main(ForkedBooter.java:68) [surefire-booter-2.10.jar:2.10]
22:05:30.995 [main] WARN  o.s.c.a.CommonAnnotationBeanPostProcessor - Invocation of destroy method failed on bean with name &apos;coreTicketOndemandSyncJob&apos;: com.rackspace.search.exception.NotFoundException: Index is missing
22:05:31.015 [main] ERROR c.r.s.e.client.ElasticSearchClient - Index is missing
org.elasticsearch.indices.IndexMissingException: [admin] missing
	at org.elasticsearch.cluster.metadata.MetaData.concreteIndex(MetaData.java:616) ~[elasticsearch-0.90.2.jar:na]
	at org.elasticsearch.action.get.TransportGetAction.resolveRequest(TransportGetAction.java:90) ~[elasticsearch-0.90.2.jar:na]
	at org.elasticsearch.action.get.TransportGetAction.resolveRequest(TransportGetAction.java:42) ~[elasticsearch-0.90.2.jar:na]
	at org.elasticsearch.action.support.single.shard.TransportShardSingleOperationAction$AsyncSingleAction.&lt;init&gt;(TransportShardSingleOperationAction.java:114) ~[elasticsearch-0.90.2.jar:na]
	at org.elasticsearch.action.support.single.shard.TransportShardSingleOperationAction$AsyncSingleAction.&lt;init&gt;(TransportShardSingleOperationAction.java:94) ~[elasticsearch-0.90.2.jar:na]
	at org.elasticsearch.action.support.single.shard.TransportShardSingleOperationAction.doExecute(TransportShardSingleOperationAction.java:71) ~[elasticsearch-0.90.2.jar:na]
	at org.elasticsearch.action.support.single.shard.TransportShardSingleOperationAction.doExecute(TransportShardSingleOperationAction.java:46) ~[elasticsearch-0.90.2.jar:na]
	at org.elasticsearch.action.support.TransportAction.execute(TransportAction.java:61) ~[elasticsearch-0.90.2.jar:na]
	at org.elasticsearch.client.node.NodeClient.execute(NodeClient.java:92) ~[elasticsearch-0.90.2.jar:na]
	at org.elasticsearch.client.support.AbstractClient.get(AbstractClient.java:179) ~[elasticsearch-0.90.2.jar:na]
	at org.elasticsearch.action.get.GetRequestBuilder.doExecute(GetRequestBuilder.java:112) ~[elasticsearch-0.90.2.jar:na]
	at org.elasticsearch.action.ActionRequestBuilder.execute(ActionRequestBuilder.java:62) ~[elasticsearch-0.90.2.jar:na]
	at org.elasticsearch.action.ActionRequestBuilder.execute(ActionRequestBuilder.java:57) ~[elasticsearch-0.90.2.jar:na]
	at org.elasticsearch.action.ActionRequestBuilder$execute.call(Unknown Source) ~[na:na]
	at com.rackspace.search.elasticsearch.client.ElasticSearchClient.getDocument(ElasticSearchClient.groovy:209) ~[classes/:na]
	at com.rackspace.search.elasticsearch.client.ElasticSearchClient$getDocument.call(Unknown Source) [classes/:na]
	at com.rackspace.search.service.JobService.getJob(JobService.groovy:56) [classes/:na]
	at com.rackspace.search.service.JobService$getJob$0.callCurrent(Unknown Source) [classes/:na]
	at com.rackspace.search.service.JobService.getJob(JobService.groovy:52) [classes/:na]
	at com.rackspace.search.service.JobService$getJob.call(Unknown Source) [classes/:na]
	at com.rackspace.search.service.account.AccountOngoingSyncJob.windupActivities(AccountOngoingSyncJob.groovy:89) [classes/:na]
	at sun.reflect.NativeMethodAccessorImpl.invoke0(Native Method) ~[na:1.6.0_38]
	at sun.reflect.NativeMethodAccessorImpl.invoke(NativeMethodAccessorImpl.java:39) ~[na:1.6.0_38]
	at sun.reflect.DelegatingMethodAccessorImpl.invoke(DelegatingMethodAccessorImpl.java:25) ~[na:1.6.0_38]
	at java.lang.reflect.Method.invoke(Method.java:597) ~[na:1.6.0_38]
	at org.springframework.beans.factory.annotation.InitDestroyAnnotationBeanPostProcessor$LifecycleElement.invoke(InitDestroyAnnotationBeanPostProcessor.java:340) [spring-beans-3.0.6.RELEASE.jar:3.0.6.RELEASE]
	at org.springframework.beans.factory.annotation.InitDestroyAnnotationBeanPostProcessor$LifecycleMetadata.invokeDestroyMethods(InitDestroyAnnotationBeanPostProcessor.java:305) [spring-beans-3.0.6.RELEASE.jar:3.0.6.RELEASE]
	at org.springframework.beans.factory.annotation.InitDestroyAnnotationBeanPostProcessor.postProcessBeforeDestruction(InitDestroyAnnotationBeanPostProcessor.java:148) [spring-beans-3.0.6.RELEASE.jar:3.0.6.RELEASE]
	at org.springframework.beans.factory.support.DisposableBeanAdapter.destroy(DisposableBeanAdapter.java:166) [spring-beans-3.0.6.RELEASE.jar:3.0.6.RELEASE]
	at org.springframework.beans.factory.support.DefaultSingletonBeanRegistry.destroyBean(DefaultSingletonBeanRegistry.java:487) [spring-beans-3.0.6.RELEASE.jar:3.0.6.RELEASE]
	at org.springframework.beans.factory.support.DefaultSingletonBeanRegistry.destroySingleton(DefaultSingletonBeanRegistry.java:463) [spring-beans-3.0.6.RELEASE.jar:3.0.6.RELEASE]
	at org.springframework.beans.factory.support.DefaultSingletonBeanRegistry.destroySingletons(DefaultSingletonBeanRegistry.java:431) [spring-beans-3.0.6.RELEASE.jar:3.0.6.RELEASE]
	at org.springframework.context.support.AbstractApplicationContext.destroyBeans(AbstractApplicationContext.java:1048) [spring-context-3.0.6.RELEASE.jar:3.0.6.RELEASE]
	at org.springframework.context.support.AbstractApplicationContext.refresh(AbstractApplicationContext.java:433) [spring-context-3.0.6.RELEASE.jar:3.0.6.RELEASE]
	at org.springframework.test.context.support.AbstractGenericContextLoader.loadContext(AbstractGenericContextLoader.java:84) [spring-test-3.0.6.RELEASE.jar:3.0.6.RELEASE]
	at org.springframework.test.context.support.AbstractGenericContextLoader.loadContext(AbstractGenericContextLoader.java:1) [spring-test-3.0.6.RELEASE.jar:3.0.6.RELEASE]
	at org.springframework.test.context.TestContext.loadApplicationContext(TestContext.java:280) [spring-test-3.0.6.RELEASE.jar:3.0.6.RELEASE]
	at org.springframework.test.context.TestContext.getApplicationContext(TestContext.java:304) [spring-test-3.0.6.RELEASE.jar:3.0.6.RELEASE]
	at org.springframework.test.context.support.DependencyInjectionTestExecutionListener.injectDependencies(DependencyInjectionTestExecutionListener.java:109) [spring-test-3.0.6.RELEASE.jar:3.0.6.RELEASE]
	at org.springframework.test.context.support.DependencyInjectionTestExecutionListener.prepareTestInstance(DependencyInjectionTestExecutionListener.java:75) [spring-test-3.0.6.RELEASE.jar:3.0.6.RELEASE]
	at org.springframework.test.context.TestContextManager.prepareTestInstance(TestContextManager.java:321) [spring-test-3.0.6.RELEASE.jar:3.0.6.RELEASE]
	at org.spockframework.spring.SpringTestContextManager.prepareTestInstance(SpringTestContextManager.java:49) [spock-spring-0.7-groovy-2.0.jar:na]
	at org.spockframework.spring.SpringInterceptor.interceptSetupMethod(SpringInterceptor.java:42) [spock-spring-0.7-groovy-2.0.jar:na]
	at org.spockframework.runtime.extension.AbstractMethodInterceptor.intercept(AbstractMethodInterceptor.java:28) [spock-core-0.7-groovy-2.0.jar:na]
	at org.spockframework.runtime.extension.MethodInvocation.proceed(MethodInvocation.java:84) [spock-core-0.7-groovy-2.0.jar:na]
	at org.spockframework.runtime.BaseSpecRunner.invoke(BaseSpecRunner.java:319) [spock-core-0.7-groovy-2.0.jar:na]
	at org.spockframework.runtime.BaseSpecRunner.invokeSetup(BaseSpecRunner.java:279) [spock-core-0.7-groovy-2.0.jar:na]
	at org.spockframework.runtime.BaseSpecRunner.doRunIteration(BaseSpecRunner.java:255) [spock-core-0.7-groovy-2.0.jar:na]
	at sun.reflect.GeneratedMethodAccessor5.invoke(Unknown Source) ~[na:na]
	at sun.reflect.DelegatingMethodAccessorImpl.invoke(DelegatingMethodAccessorImpl.java:25) ~[na:1.6.0_38]
	at java.lang.reflect.Method.invoke(Method.java:597) ~[na:1.6.0_38]
	at org.spockframework.util.ReflectionUtil.invokeMethod(ReflectionUtil.java:138) [spock-core-0.7-groovy-2.0.jar:na]
	at org.spockframework.runtime.BaseSpecRunner.invokeRaw(BaseSpecRunner.java:330) [spock-core-0.7-groovy-2.0.jar:na]
	at org.spockframework.runtime.BaseSpecRunner.invoke(BaseSpecRunner.java:311) [spock-core-0.7-groovy-2.0.jar:na]
	at org.spockframework.runtime.BaseSpecRunner.runIteration(BaseSpecRunner.java:223) [spock-core-0.7-groovy-2.0.jar:na]
	at org.spockframework.runtime.BaseSpecRunner.initializeAndRunIteration(BaseSpecRunner.java:214) [spock-core-0.7-groovy-2.0.jar:na]
	at org.spockframework.runtime.BaseSpecRunner.runSimpleFeature(BaseSpecRunner.java:205) [spock-core-0.7-groovy-2.0.jar:na]
	at org.spockframework.runtime.BaseSpecRunner.doRunFeature(BaseSpecRunner.java:199) [spock-core-0.7-groovy-2.0.jar:na]
	at sun.reflect.GeneratedMethodAccessor7.invoke(Unknown Source) ~[na:na]
	at sun.reflect.DelegatingMethodAccessorImpl.invoke(DelegatingMethodAccessorImpl.java:25) ~[na:1.6.0_38]
	at java.lang.reflect.Method.invoke(Method.java:597) ~[na:1.6.0_38]
	at org.spockframework.util.ReflectionUtil.invokeMethod(ReflectionUtil.java:138) [spock-core-0.7-groovy-2.0.jar:na]
	at org.spockframework.runtime.BaseSpecRunner.invokeRaw(BaseSpecRunner.java:330) [spock-core-0.7-groovy-2.0.jar:na]
	at org.spockframework.runtime.BaseSpecRunner.invoke(BaseSpecRunner.java:311) [spock-core-0.7-groovy-2.0.jar:na]
	at org.spockframework.runtime.BaseSpecRunner.runFeature(BaseSpecRunner.java:175) [spock-core-0.7-groovy-2.0.jar:na]
	at org.spockframework.runtime.BaseSpecRunner.runFeatures(BaseSpecRunner.java:152) [spock-core-0.7-groovy-2.0.jar:na]
	at org.spockframework.runtime.BaseSpecRunner.doRunSpec(BaseSpecRunner.java:112) [spock-core-0.7-groovy-2.0.jar:na]
	at sun.reflect.GeneratedMethodAccessor11.invoke(Unknown Source) ~[na:na]
	at sun.reflect.DelegatingMethodAccessorImpl.invoke(DelegatingMethodAccessorImpl.java:25) ~[na:1.6.0_38]
	at java.lang.reflect.Method.invoke(Method.java:597) ~[na:1.6.0_38]
	at org.spockframework.util.ReflectionUtil.invokeMethod(ReflectionUtil.java:138) [spock-core-0.7-groovy-2.0.jar:na]
	at org.spockframework.runtime.BaseSpecRunner.invokeRaw(BaseSpecRunner.java:330) [spock-core-0.7-groovy-2.0.jar:na]
	at org.spockframework.runtime.BaseSpecRunner.invoke(BaseSpecRunner.java:311) [spock-core-0.7-groovy-2.0.jar:na]
	at org.spockframework.runtime.BaseSpecRunner.runSpec(BaseSpecRunner.java:91) [spock-core-0.7-groovy-2.0.jar:na]
	at org.spockframework.runtime.BaseSpecRunner.run(BaseSpecRunner.java:82) [spock-core-0.7-groovy-2.0.jar:na]
	at org.spockframework.runtime.Sputnik.run(Sputnik.java:63) [spock-core-0.7-groovy-2.0.jar:na]
	at org.apache.maven.surefire.junit4.JUnit4TestSet.execute(JUnit4TestSet.java:53) [surefire-junit4-2.10.jar:2.10]
	at org.apache.maven.surefire.junit4.JUnit4Provider.executeTestSet(JUnit4Provider.java:123) [surefire-junit4-2.10.jar:2.10]
	at org.apache.maven.surefire.junit4.JUnit4Provider.invoke(JUnit4Provider.java:104) [surefire-junit4-2.10.jar:2.10]
	at sun.reflect.NativeMethodAccessorImpl.invoke0(Native Method) ~[na:1.6.0_38]
	at sun.reflect.NativeMethodAccessorImpl.invoke(NativeMethodAccessorImpl.java:39) ~[na:1.6.0_38]
	at sun.reflect.DelegatingMethodAccessorImpl.invoke(DelegatingMethodAccessorImpl.java:25) ~[na:1.6.0_38]
	at java.lang.reflect.Method.invoke(Method.java:597) ~[na:1.6.0_38]
	at org.apache.maven.surefire.util.ReflectionUtils.invokeMethodWithArray(ReflectionUtils.java:164) [surefire-api-2.10.jar:2.10]
	at org.apache.maven.surefire.booter.ProviderFactory$ProviderProxy.invoke(ProviderFactory.java:110) [surefire-booter-2.10.jar:2.10]
	at org.apache.maven.surefire.booter.SurefireStarter.invokeProvider(SurefireStarter.java:175) [surefire-booter-2.10.jar:2.10]
	at org.apache.maven.surefire.booter.SurefireStarter.runSuitesInProcessWhenForked(SurefireStarter.java:107) [surefire-booter-2.10.jar:2.10]
	at org.apache.maven.surefire.booter.ForkedBooter.main(ForkedBooter.java:68) [surefire-booter-2.10.jar:2.10]
22:05:31.016 [main] WARN  o.s.c.a.CommonAnnotationBeanPostProcessor - Invocation of destroy method failed on bean with name &apos;accountOngoingSyncJob&apos;: com.rackspace.search.exception.NotFoundException: Index is missing
22:05:31.036 [main] ERROR c.r.s.e.client.ElasticSearchClient - Index is missing
org.elasticsearch.indices.IndexMissingException: [admin] missing
	at org.elasticsearch.cluster.metadata.MetaData.concreteIndex(MetaData.java:616) ~[elasticsearch-0.90.2.jar:na]
	at org.elasticsearch.action.get.TransportGetAction.resolveRequest(TransportGetAction.java:90) ~[elasticsearch-0.90.2.jar:na]
	at org.elasticsearch.action.get.TransportGetAction.resolveRequest(TransportGetAction.java:42) ~[elasticsearch-0.90.2.jar:na]
	at org.elasticsearch.action.support.single.shard.TransportShardSingleOperationAction$AsyncSingleAction.&lt;init&gt;(TransportShardSingleOperationAction.java:114) ~[elasticsearch-0.90.2.jar:na]
	at org.elasticsearch.action.support.single.shard.TransportShardSingleOperationAction$AsyncSingleAction.&lt;init&gt;(TransportShardSingleOperationAction.java:94) ~[elasticsearch-0.90.2.jar:na]
	at org.elasticsearch.action.support.single.shard.TransportShardSingleOperationAction.doExecute(TransportShardSingleOperationAction.java:71) ~[elasticsearch-0.90.2.jar:na]
	at org.elasticsearch.action.support.single.shard.TransportShardSingleOperationAction.doExecute(TransportShardSingleOperationAction.java:46) ~[elasticsearch-0.90.2.jar:na]
	at org.elasticsearch.action.support.TransportAction.execute(TransportAction.java:61) ~[elasticsearch-0.90.2.jar:na]
	at org.elasticsearch.client.node.NodeClient.execute(NodeClient.java:92) ~[elasticsearch-0.90.2.jar:na]
	at org.elasticsearch.client.support.AbstractClient.get(AbstractClient.java:179) ~[elasticsearch-0.90.2.jar:na]
	at org.elasticsearch.action.get.GetRequestBuilder.doExecute(GetRequestBuilder.java:112) ~[elasticsearch-0.90.2.jar:na]
	at org.elasticsearch.action.ActionRequestBuilder.execute(ActionRequestBuilder.java:62) ~[elasticsearch-0.90.2.jar:na]
	at org.elasticsearch.action.ActionRequestBuilder.execute(ActionRequestBuilder.java:57) ~[elasticsearch-0.90.2.jar:na]
	at org.elasticsearch.action.ActionRequestBuilder$execute.call(Unknown Source) ~[na:na]
	at com.rackspace.search.elasticsearch.client.ElasticSearchClient.getDocument(ElasticSearchClient.groovy:209) ~[classes/:na]
	at com.rackspace.search.elasticsearch.client.ElasticSearchClient$getDocument.call(Unknown Source) [classes/:na]
	at com.rackspace.search.service.JobService.getJob(JobService.groovy:56) [classes/:na]
	at com.rackspace.search.service.JobService$getJob$0.callCurrent(Unknown Source) [classes/:na]
	at com.rackspace.search.service.JobService.getJob(JobService.groovy:52) [classes/:na]
	at com.rackspace.search.service.JobService$getJob.call(Unknown Source) [classes/:na]
	at com.rackspace.search.service.account.AccountOnetimeSyncJob.windupActivities(AccountOneTimeSyncJob.groovy:39) [classes/:na]
	at sun.reflect.NativeMethodAccessorImpl.invoke0(Native Method) ~[na:1.6.0_38]
	at sun.reflect.NativeMethodAccessorImpl.invoke(NativeMethodAccessorImpl.java:39) ~[na:1.6.0_38]
	at sun.reflect.DelegatingMethodAccessorImpl.invoke(DelegatingMethodAccessorImpl.java:25) ~[na:1.6.0_38]
	at java.lang.reflect.Method.invoke(Method.java:597) ~[na:1.6.0_38]
	at org.springframework.beans.factory.annotation.InitDestroyAnnotationBeanPostProcessor$LifecycleElement.invoke(InitDestroyAnnotationBeanPostProcessor.java:340) [spring-beans-3.0.6.RELEASE.jar:3.0.6.RELEASE]
	at org.springframework.beans.factory.annotation.InitDestroyAnnotationBeanPostProcessor$LifecycleMetadata.invokeDestroyMethods(InitDestroyAnnotationBeanPostProcessor.java:305) [spring-beans-3.0.6.RELEASE.jar:3.0.6.RELEASE]
	at org.springframework.beans.factory.annotation.InitDestroyAnnotationBeanPostProcessor.postProcessBeforeDestruction(InitDestroyAnnotationBeanPostProcessor.java:148) [spring-beans-3.0.6.RELEASE.jar:3.0.6.RELEASE]
	at org.springframework.beans.factory.support.DisposableBeanAdapter.destroy(DisposableBeanAdapter.java:166) [spring-beans-3.0.6.RELEASE.jar:3.0.6.RELEASE]
	at org.springframework.beans.factory.support.DefaultSingletonBeanRegistry.destroyBean(DefaultSingletonBeanRegistry.java:487) [spring-beans-3.0.6.RELEASE.jar:3.0.6.RELEASE]
	at org.springframework.beans.factory.support.DefaultSingletonBeanRegistry.destroySingleton(DefaultSingletonBeanRegistry.java:463) [spring-beans-3.0.6.RELEASE.jar:3.0.6.RELEASE]
	at org.springframework.beans.factory.support.DefaultSingletonBeanRegistry.destroySingletons(DefaultSingletonBeanRegistry.java:431) [spring-beans-3.0.6.RELEASE.jar:3.0.6.RELEASE]
	at org.springframework.context.support.AbstractApplicationContext.destroyBeans(AbstractApplicationContext.java:1048) [spring-context-3.0.6.RELEASE.jar:3.0.6.RELEASE]
	at org.springframework.context.support.AbstractApplicationContext.refresh(AbstractApplicationContext.java:433) [spring-context-3.0.6.RELEASE.jar:3.0.6.RELEASE]
	at org.springframework.test.context.support.AbstractGenericContextLoader.loadContext(AbstractGenericContextLoader.java:84) [spring-test-3.0.6.RELEASE.jar:3.0.6.RELEASE]
	at org.springframework.test.context.support.AbstractGenericContextLoader.loadContext(AbstractGenericContextLoader.java:1) [spring-test-3.0.6.RELEASE.jar:3.0.6.RELEASE]
	at org.springframework.test.context.TestContext.loadApplicationContext(TestContext.java:280) [spring-test-3.0.6.RELEASE.jar:3.0.6.RELEASE]
	at org.springframework.test.context.TestContext.getApplicationContext(TestContext.java:304) [spring-test-3.0.6.RELEASE.jar:3.0.6.RELEASE]
	at org.springframework.test.context.support.DependencyInjectionTestExecutionListener.injectDependencies(DependencyInjectionTestExecutionListener.java:109) [spring-test-3.0.6.RELEASE.jar:3.0.6.RELEASE]
	at org.springframework.test.context.support.DependencyInjectionTestExecutionListener.prepareTestInstance(DependencyInjectionTestExecutionListener.java:75) [spring-test-3.0.6.RELEASE.jar:3.0.6.RELEASE]
	at org.springframework.test.context.TestContextManager.prepareTestInstance(TestContextManager.java:321) [spring-test-3.0.6.RELEASE.jar:3.0.6.RELEASE]
	at org.spockframework.spring.SpringTestContextManager.prepareTestInstance(SpringTestContextManager.java:49) [spock-spring-0.7-groovy-2.0.jar:na]
	at org.spockframework.spring.SpringInterceptor.interceptSetupMethod(SpringInterceptor.java:42) [spock-spring-0.7-groovy-2.0.jar:na]
	at org.spockframework.runtime.extension.AbstractMethodInterceptor.intercept(AbstractMethodInterceptor.java:28) [spock-core-0.7-groovy-2.0.jar:na]
	at org.spockframework.runtime.extension.MethodInvocation.proceed(MethodInvocation.java:84) [spock-core-0.7-groovy-2.0.jar:na]
	at org.spockframework.runtime.BaseSpecRunner.invoke(BaseSpecRunner.java:319) [spock-core-0.7-groovy-2.0.jar:na]
	at org.spockframework.runtime.BaseSpecRunner.invokeSetup(BaseSpecRunner.java:279) [spock-core-0.7-groovy-2.0.jar:na]
	at org.spockframework.runtime.BaseSpecRunner.doRunIteration(BaseSpecRunner.java:255) [spock-core-0.7-groovy-2.0.jar:na]
	at sun.reflect.GeneratedMethodAccessor5.invoke(Unknown Source) ~[na:na]
	at sun.reflect.DelegatingMethodAccessorImpl.invoke(DelegatingMethodAccessorImpl.java:25) ~[na:1.6.0_38]
	at java.lang.reflect.Method.invoke(Method.java:597) ~[na:1.6.0_38]
	at org.spockframework.util.ReflectionUtil.invokeMethod(ReflectionUtil.java:138) [spock-core-0.7-groovy-2.0.jar:na]
	at org.spockframework.runtime.BaseSpecRunner.invokeRaw(BaseSpecRunner.java:330) [spock-core-0.7-groovy-2.0.jar:na]
	at org.spockframework.runtime.BaseSpecRunner.invoke(BaseSpecRunner.java:311) [spock-core-0.7-groovy-2.0.jar:na]
	at org.spockframework.runtime.BaseSpecRunner.runIteration(BaseSpecRunner.java:223) [spock-core-0.7-groovy-2.0.jar:na]
	at org.spockframework.runtime.BaseSpecRunner.initializeAndRunIteration(BaseSpecRunner.java:214) [spock-core-0.7-groovy-2.0.jar:na]
	at org.spockframework.runtime.BaseSpecRunner.runSimpleFeature(BaseSpecRunner.java:205) [spock-core-0.7-groovy-2.0.jar:na]
	at org.spockframework.runtime.BaseSpecRunner.doRunFeature(BaseSpecRunner.java:199) [spock-core-0.7-groovy-2.0.jar:na]
	at sun.reflect.GeneratedMethodAccessor7.invoke(Unknown Source) ~[na:na]
	at sun.reflect.DelegatingMethodAccessorImpl.invoke(DelegatingMethodAccessorImpl.java:25) ~[na:1.6.0_38]
	at java.lang.reflect.Method.invoke(Method.java:597) ~[na:1.6.0_38]
	at org.spockframework.util.ReflectionUtil.invokeMethod(ReflectionUtil.java:138) [spock-core-0.7-groovy-2.0.jar:na]
	at org.spockframework.runtime.BaseSpecRunner.invokeRaw(BaseSpecRunner.java:330) [spock-core-0.7-groovy-2.0.jar:na]
	at org.spockframework.runtime.BaseSpecRunner.invoke(BaseSpecRunner.java:311) [spock-core-0.7-groovy-2.0.jar:na]
	at org.spockframework.runtime.BaseSpecRunner.runFeature(BaseSpecRunner.java:175) [spock-core-0.7-groovy-2.0.jar:na]
	at org.spockframework.runtime.BaseSpecRunner.runFeatures(BaseSpecRunner.java:152) [spock-core-0.7-groovy-2.0.jar:na]
	at org.spockframework.runtime.BaseSpecRunner.doRunSpec(BaseSpecRunner.java:112) [spock-core-0.7-groovy-2.0.jar:na]
	at sun.reflect.GeneratedMethodAccessor11.invoke(Unknown Source) ~[na:na]
	at sun.reflect.DelegatingMethodAccessorImpl.invoke(DelegatingMethodAccessorImpl.java:25) ~[na:1.6.0_38]
	at java.lang.reflect.Method.invoke(Method.java:597) ~[na:1.6.0_38]
	at org.spockframework.util.ReflectionUtil.invokeMethod(ReflectionUtil.java:138) [spock-core-0.7-groovy-2.0.jar:na]
	at org.spockframework.runtime.BaseSpecRunner.invokeRaw(BaseSpecRunner.java:330) [spock-core-0.7-groovy-2.0.jar:na]
	at org.spockframework.runtime.BaseSpecRunner.invoke(BaseSpecRunner.java:311) [spock-core-0.7-groovy-2.0.jar:na]
	at org.spockframework.runtime.BaseSpecRunner.runSpec(BaseSpecRunner.java:91) [spock-core-0.7-groovy-2.0.jar:na]
	at org.spockframework.runtime.BaseSpecRunner.run(BaseSpecRunner.java:82) [spock-core-0.7-groovy-2.0.jar:na]
	at org.spockframework.runtime.Sputnik.run(Sputnik.java:63) [spock-core-0.7-groovy-2.0.jar:na]
	at org.apache.maven.surefire.junit4.JUnit4TestSet.execute(JUnit4TestSet.java:53) [surefire-junit4-2.10.jar:2.10]
	at org.apache.maven.surefire.junit4.JUnit4Provider.executeTestSet(JUnit4Provider.java:123) [surefire-junit4-2.10.jar:2.10]
	at org.apache.maven.surefire.junit4.JUnit4Provider.invoke(JUnit4Provider.java:104) [surefire-junit4-2.10.jar:2.10]
	at sun.reflect.NativeMethodAccessorImpl.invoke0(Native Method) ~[na:1.6.0_38]
	at sun.reflect.NativeMethodAccessorImpl.invoke(NativeMethodAccessorImpl.java:39) ~[na:1.6.0_38]
	at sun.reflect.DelegatingMethodAccessorImpl.invoke(DelegatingMethodAccessorImpl.java:25) ~[na:1.6.0_38]
	at java.lang.reflect.Method.invoke(Method.java:597) ~[na:1.6.0_38]
	at org.apache.maven.surefire.util.ReflectionUtils.invokeMethodWithArray(ReflectionUtils.java:164) [surefire-api-2.10.jar:2.10]
	at org.apache.maven.surefire.booter.ProviderFactory$ProviderProxy.invoke(ProviderFactory.java:110) [surefire-booter-2.10.jar:2.10]
	at org.apache.maven.surefire.booter.SurefireStarter.invokeProvider(SurefireStarter.java:175) [surefire-booter-2.10.jar:2.10]
	at org.apache.maven.surefire.booter.SurefireStarter.runSuitesInProcessWhenForked(SurefireStarter.java:107) [surefire-booter-2.10.jar:2.10]
	at org.apache.maven.surefire.booter.ForkedBooter.main(ForkedBooter.java:68) [surefire-booter-2.10.jar:2.10]
22:05:31.037 [main] WARN  o.s.c.a.CommonAnnotationBeanPostProcessor - Invocation of destroy method failed on bean with name &apos;accountOnetimeSyncJob&apos;: com.rackspace.search.exception.NotFoundException: Index is missing
22:05:31.058 [main] ERROR c.r.s.e.client.ElasticSearchClient - Index is missing
org.elasticsearch.indices.IndexMissingException: [admin] missing
	at org.elasticsearch.cluster.metadata.MetaData.concreteIndex(MetaData.java:616) ~[elasticsearch-0.90.2.jar:na]
	at org.elasticsearch.action.get.TransportGetAction.resolveRequest(TransportGetAction.java:90) ~[elasticsearch-0.90.2.jar:na]
	at org.elasticsearch.action.get.TransportGetAction.resolveRequest(TransportGetAction.java:42) ~[elasticsearch-0.90.2.jar:na]
	at org.elasticsearch.action.support.single.shard.TransportShardSingleOperationAction$AsyncSingleAction.&lt;init&gt;(TransportShardSingleOperationAction.java:114) ~[elasticsearch-0.90.2.jar:na]
	at org.elasticsearch.action.support.single.shard.TransportShardSingleOperationAction$AsyncSingleAction.&lt;init&gt;(TransportShardSingleOperationAction.java:94) ~[elasticsearch-0.90.2.jar:na]
	at org.elasticsearch.action.support.single.shard.TransportShardSingleOperationAction.doExecute(TransportShardSingleOperationAction.java:71) ~[elasticsearch-0.90.2.jar:na]
	at org.elasticsearch.action.support.single.shard.TransportShardSingleOperationAction.doExecute(TransportShardSingleOperationAction.java:46) ~[elasticsearch-0.90.2.jar:na]
	at org.elasticsearch.action.support.TransportAction.execute(TransportAction.java:61) ~[elasticsearch-0.90.2.jar:na]
	at org.elasticsearch.client.node.NodeClient.execute(NodeClient.java:92) ~[elasticsearch-0.90.2.jar:na]
	at org.elasticsearch.client.support.AbstractClient.get(AbstractClient.java:179) ~[elasticsearch-0.90.2.jar:na]
	at org.elasticsearch.action.get.GetRequestBuilder.doExecute(GetRequestBuilder.java:112) ~[elasticsearch-0.90.2.jar:na]
	at org.elasticsearch.action.ActionRequestBuilder.execute(ActionRequestBuilder.java:62) ~[elasticsearch-0.90.2.jar:na]
	at org.elasticsearch.action.ActionRequestBuilder.execute(ActionRequestBuilder.java:57) ~[elasticsearch-0.90.2.jar:na]
	at org.elasticsearch.action.ActionRequestBuilder$execute.call(Unknown Source) ~[na:na]
	at com.rackspace.search.elasticsearch.client.ElasticSearchClient.getDocument(ElasticSearchClient.groovy:209) ~[classes/:na]
	at com.rackspace.search.elasticsearch.client.ElasticSearchClient$getDocument.call(Unknown Source) [classes/:na]
	at com.rackspace.search.service.JobService.getJob(JobService.groovy:56) [classes/:na]
	at com.rackspace.search.service.JobService$getJob$0.callCurrent(Unknown Source) [classes/:na]
	at com.rackspace.search.service.JobService.getJob(JobService.groovy:52) [classes/:na]
	at com.rackspace.search.service.JobService$getJob.call(Unknown Source) [classes/:na]
	at com.rackspace.search.service.core.CoreTicketOngoingSyncJob.windupActivities(CoreTicketOnGoingSyncJob.groovy:82) [classes/:na]
	at sun.reflect.NativeMethodAccessorImpl.invoke0(Native Method) ~[na:1.6.0_38]
	at sun.reflect.NativeMethodAccessorImpl.invoke(NativeMethodAccessorImpl.java:39) ~[na:1.6.0_38]
	at sun.reflect.DelegatingMethodAccessorImpl.invoke(DelegatingMethodAccessorImpl.java:25) ~[na:1.6.0_38]
	at java.lang.reflect.Method.invoke(Method.java:597) ~[na:1.6.0_38]
	at org.springframework.beans.factory.annotation.InitDestroyAnnotationBeanPostProcessor$LifecycleElement.invoke(InitDestroyAnnotationBeanPostProcessor.java:340) [spring-beans-3.0.6.RELEASE.jar:3.0.6.RELEASE]
	at org.springframework.beans.factory.annotation.InitDestroyAnnotationBeanPostProcessor$LifecycleMetadata.invokeDestroyMethods(InitDestroyAnnotationBeanPostProcessor.java:305) [spring-beans-3.0.6.RELEASE.jar:3.0.6.RELEASE]
	at org.springframework.beans.factory.annotation.InitDestroyAnnotationBeanPostProcessor.postProcessBeforeDestruction(InitDestroyAnnotationBeanPostProcessor.java:148) [spring-beans-3.0.6.RELEASE.jar:3.0.6.RELEASE]
	at org.springframework.beans.factory.support.DisposableBeanAdapter.destroy(DisposableBeanAdapter.java:166) [spring-beans-3.0.6.RELEASE.jar:3.0.6.RELEASE]
	at org.springframework.beans.factory.support.DefaultSingletonBeanRegistry.destroyBean(DefaultSingletonBeanRegistry.java:487) [spring-beans-3.0.6.RELEASE.jar:3.0.6.RELEASE]
	at org.springframework.beans.factory.support.DefaultSingletonBeanRegistry.destroySingleton(DefaultSingletonBeanRegistry.java:463) [spring-beans-3.0.6.RELEASE.jar:3.0.6.RELEASE]
	at org.springframework.beans.factory.support.DefaultSingletonBeanRegistry.destroySingletons(DefaultSingletonBeanRegistry.java:431) [spring-beans-3.0.6.RELEASE.jar:3.0.6.RELEASE]
	at org.springframework.context.support.AbstractApplicationContext.destroyBeans(AbstractApplicationContext.java:1048) [spring-context-3.0.6.RELEASE.jar:3.0.6.RELEASE]
	at org.springframework.context.support.AbstractApplicationContext.refresh(AbstractApplicationContext.java:433) [spring-context-3.0.6.RELEASE.jar:3.0.6.RELEASE]
	at org.springframework.test.context.support.AbstractGenericContextLoader.loadContext(AbstractGenericContextLoader.java:84) [spring-test-3.0.6.RELEASE.jar:3.0.6.RELEASE]
	at org.springframework.test.context.support.AbstractGenericContextLoader.loadContext(AbstractGenericContextLoader.java:1) [spring-test-3.0.6.RELEASE.jar:3.0.6.RELEASE]
	at org.springframework.test.context.TestContext.loadApplicationContext(TestContext.java:280) [spring-test-3.0.6.RELEASE.jar:3.0.6.RELEASE]
	at org.springframework.test.context.TestContext.getApplicationContext(TestContext.java:304) [spring-test-3.0.6.RELEASE.jar:3.0.6.RELEASE]
	at org.springframework.test.context.support.DependencyInjectionTestExecutionListener.injectDependencies(DependencyInjectionTestExecutionListener.java:109) [spring-test-3.0.6.RELEASE.jar:3.0.6.RELEASE]
	at org.springframework.test.context.support.DependencyInjectionTestExecutionListener.prepareTestInstance(DependencyInjectionTestExecutionListener.java:75) [spring-test-3.0.6.RELEASE.jar:3.0.6.RELEASE]
	at org.springframework.test.context.TestContextManager.prepareTestInstance(TestContextManager.java:321) [spring-test-3.0.6.RELEASE.jar:3.0.6.RELEASE]
	at org.spockframework.spring.SpringTestContextManager.prepareTestInstance(SpringTestContextManager.java:49) [spock-spring-0.7-groovy-2.0.jar:na]
	at org.spockframework.spring.SpringInterceptor.interceptSetupMethod(SpringInterceptor.java:42) [spock-spring-0.7-groovy-2.0.jar:na]
	at org.spockframework.runtime.extension.AbstractMethodInterceptor.intercept(AbstractMethodInterceptor.java:28) [spock-core-0.7-groovy-2.0.jar:na]
	at org.spockframework.runtime.extension.MethodInvocation.proceed(MethodInvocation.java:84) [spock-core-0.7-groovy-2.0.jar:na]
	at org.spockframework.runtime.BaseSpecRunner.invoke(BaseSpecRunner.java:319) [spock-core-0.7-groovy-2.0.jar:na]
	at org.spockframework.runtime.BaseSpecRunner.invokeSetup(BaseSpecRunner.java:279) [spock-core-0.7-groovy-2.0.jar:na]
	at org.spockframework.runtime.BaseSpecRunner.doRunIteration(BaseSpecRunner.java:255) [spock-core-0.7-groovy-2.0.jar:na]
	at sun.reflect.GeneratedMethodAccessor5.invoke(Unknown Source) ~[na:na]
	at sun.reflect.DelegatingMethodAccessorImpl.invoke(DelegatingMethodAccessorImpl.java:25) ~[na:1.6.0_38]
	at java.lang.reflect.Method.invoke(Method.java:597) ~[na:1.6.0_38]
	at org.spockframework.util.ReflectionUtil.invokeMethod(ReflectionUtil.java:138) [spock-core-0.7-groovy-2.0.jar:na]
	at org.spockframework.runtime.BaseSpecRunner.invokeRaw(BaseSpecRunner.java:330) [spock-core-0.7-groovy-2.0.jar:na]
	at org.spockframework.runtime.BaseSpecRunner.invoke(BaseSpecRunner.java:311) [spock-core-0.7-groovy-2.0.jar:na]
	at org.spockframework.runtime.BaseSpecRunner.runIteration(BaseSpecRunner.java:223) [spock-core-0.7-groovy-2.0.jar:na]
	at org.spockframework.runtime.BaseSpecRunner.initializeAndRunIteration(BaseSpecRunner.java:214) [spock-core-0.7-groovy-2.0.jar:na]
	at org.spockframework.runtime.BaseSpecRunner.runSimpleFeature(BaseSpecRunner.java:205) [spock-core-0.7-groovy-2.0.jar:na]
	at org.spockframework.runtime.BaseSpecRunner.doRunFeature(BaseSpecRunner.java:199) [spock-core-0.7-groovy-2.0.jar:na]
	at sun.reflect.GeneratedMethodAccessor7.invoke(Unknown Source) ~[na:na]
	at sun.reflect.DelegatingMethodAccessorImpl.invoke(DelegatingMethodAccessorImpl.java:25) ~[na:1.6.0_38]
	at java.lang.reflect.Method.invoke(Method.java:597) ~[na:1.6.0_38]
	at org.spockframework.util.ReflectionUtil.invokeMethod(ReflectionUtil.java:138) [spock-core-0.7-groovy-2.0.jar:na]
	at org.spockframework.runtime.BaseSpecRunner.invokeRaw(BaseSpecRunner.java:330) [spock-core-0.7-groovy-2.0.jar:na]
	at org.spockframework.runtime.BaseSpecRunner.invoke(BaseSpecRunner.java:311) [spock-core-0.7-groovy-2.0.jar:na]
	at org.spockframework.runtime.BaseSpecRunner.runFeature(BaseSpecRunner.java:175) [spock-core-0.7-groovy-2.0.jar:na]
	at org.spockframework.runtime.BaseSpecRunner.runFeatures(BaseSpecRunner.java:152) [spock-core-0.7-groovy-2.0.jar:na]
	at org.spockframework.runtime.BaseSpecRunner.doRunSpec(BaseSpecRunner.java:112) [spock-core-0.7-groovy-2.0.jar:na]
	at sun.reflect.GeneratedMethodAccessor11.invoke(Unknown Source) ~[na:na]
	at sun.reflect.DelegatingMethodAccessorImpl.invoke(DelegatingMethodAccessorImpl.java:25) ~[na:1.6.0_38]
	at java.lang.reflect.Method.invoke(Method.java:597) ~[na:1.6.0_38]
	at org.spockframework.util.ReflectionUtil.invokeMethod(ReflectionUtil.java:138) [spock-core-0.7-groovy-2.0.jar:na]
	at org.spockframework.runtime.BaseSpecRunner.invokeRaw(BaseSpecRunner.java:330) [spock-core-0.7-groovy-2.0.jar:na]
	at org.spockframework.runtime.BaseSpecRunner.invoke(BaseSpecRunner.java:311) [spock-core-0.7-groovy-2.0.jar:na]
	at org.spockframework.runtime.BaseSpecRunner.runSpec(BaseSpecRunner.java:91) [spock-core-0.7-groovy-2.0.jar:na]
	at org.spockframework.runtime.BaseSpecRunner.run(BaseSpecRunner.java:82) [spock-core-0.7-groovy-2.0.jar:na]
	at org.spockframework.runtime.Sputnik.run(Sputnik.java:63) [spock-core-0.7-groovy-2.0.jar:na]
	at org.apache.maven.surefire.junit4.JUnit4TestSet.execute(JUnit4TestSet.java:53) [surefire-junit4-2.10.jar:2.10]
	at org.apache.maven.surefire.junit4.JUnit4Provider.executeTestSet(JUnit4Provider.java:123) [surefire-junit4-2.10.jar:2.10]
	at org.apache.maven.surefire.junit4.JUnit4Provider.invoke(JUnit4Provider.java:104) [surefire-junit4-2.10.jar:2.10]
	at sun.reflect.NativeMethodAccessorImpl.invoke0(Native Method) ~[na:1.6.0_38]
	at sun.reflect.NativeMethodAccessorImpl.invoke(NativeMethodAccessorImpl.java:39) ~[na:1.6.0_38]
	at sun.reflect.DelegatingMethodAccessorImpl.invoke(DelegatingMethodAccessorImpl.java:25) ~[na:1.6.0_38]
	at java.lang.reflect.Method.invoke(Method.java:597) ~[na:1.6.0_38]
	at org.apache.maven.surefire.util.ReflectionUtils.invokeMethodWithArray(ReflectionUtils.java:164) [surefire-api-2.10.jar:2.10]
	at org.apache.maven.surefire.booter.ProviderFactory$ProviderProxy.invoke(ProviderFactory.java:110) [surefire-booter-2.10.jar:2.10]
	at org.apache.maven.surefire.booter.SurefireStarter.invokeProvider(SurefireStarter.java:175) [surefire-booter-2.10.jar:2.10]
	at org.apache.maven.surefire.booter.SurefireStarter.runSuitesInProcessWhenForked(SurefireStarter.java:107) [surefire-booter-2.10.jar:2.10]
	at org.apache.maven.surefire.booter.ForkedBooter.main(ForkedBooter.java:68) [surefire-booter-2.10.jar:2.10]
22:05:31.059 [main] WARN  o.s.c.a.CommonAnnotationBeanPostProcessor - Invocation of destroy method failed on bean with name &apos;coreTicketOngoingSyncJob&apos;: com.rackspace.search.exception.NotFoundException: Index is missing
22:05:31.260 [main] ERROR c.r.s.e.client.ElasticSearchClient - Index is missing
org.elasticsearch.indices.IndexMissingException: [admin] missing
	at org.elasticsearch.cluster.metadata.MetaData.concreteIndex(MetaData.java:616) ~[elasticsearch-0.90.2.jar:na]
	at org.elasticsearch.action.get.TransportGetAction.resolveRequest(TransportGetAction.java:90) ~[elasticsearch-0.90.2.jar:na]
	at org.elasticsearch.action.get.TransportGetAction.resolveRequest(TransportGetAction.java:42) ~[elasticsearch-0.90.2.jar:na]
	at org.elasticsearch.action.support.single.shard.TransportShardSingleOperationAction$AsyncSingleAction.&lt;init&gt;(TransportShardSingleOperationAction.java:114) ~[elasticsearch-0.90.2.jar:na]
	at org.elasticsearch.action.support.single.shard.TransportShardSingleOperationAction$AsyncSingleAction.&lt;init&gt;(TransportShardSingleOperationAction.java:94) ~[elasticsearch-0.90.2.jar:na]
	at org.elasticsearch.action.support.single.shard.TransportShardSingleOperationAction.doExecute(TransportShardSingleOperationAction.java:71) ~[elasticsearch-0.90.2.jar:na]
	at org.elasticsearch.action.support.single.shard.TransportShardSingleOperationAction.doExecute(TransportShardSingleOperationAction.java:46) ~[elasticsearch-0.90.2.jar:na]
	at org.elasticsearch.action.support.TransportAction.execute(TransportAction.java:61) ~[elasticsearch-0.90.2.jar:na]
	at org.elasticsearch.client.node.NodeClient.execute(NodeClient.java:92) ~[elasticsearch-0.90.2.jar:na]
	at org.elasticsearch.client.support.AbstractClient.get(AbstractClient.java:179) ~[elasticsearch-0.90.2.jar:na]
	at org.elasticsearch.action.get.GetRequestBuilder.doExecute(GetRequestBuilder.java:112) ~[elasticsearch-0.90.2.jar:na]
	at org.elasticsearch.action.ActionRequestBuilder.execute(ActionRequestBuilder.java:62) ~[elasticsearch-0.90.2.jar:na]
	at org.elasticsearch.action.ActionRequestBuilder.execute(ActionRequestBuilder.java:57) ~[elasticsearch-0.90.2.jar:na]
	at org.elasticsearch.action.ActionRequestBuilder$execute.call(Unknown Source) ~[na:na]
	at com.rackspace.search.elasticsearch.client.ElasticSearchClient.getDocument(ElasticSearchClient.groovy:209) ~[classes/:na]
	at com.rackspace.search.elasticsearch.client.ElasticSearchClient$getDocument.call(Unknown Source) [classes/:na]
	at com.rackspace.search.service.JobService.getJob(JobService.groovy:56) [classes/:na]
	at com.rackspace.search.service.JobService$getJob$0.callCurrent(Unknown Source) [classes/:na]
	at com.rackspace.search.service.JobService.getJob(JobService.groovy:52) [classes/:na]
	at com.rackspace.search.service.JobService$getJob.call(Unknown Source) [classes/:na]
	at com.rackspace.search.service.core.CoreTicketOnetimeSyncJob.windupActivities(CoreTicketOneTimeSyncJob.groovy:45) [classes/:na]
	at sun.reflect.NativeMethodAccessorImpl.invoke0(Native Method) ~[na:1.6.0_38]
	at sun.reflect.NativeMethodAccessorImpl.invoke(NativeMethodAccessorImpl.java:39) ~[na:1.6.0_38]
	at sun.reflect.DelegatingMethodAccessorImpl.invoke(DelegatingMethodAccessorImpl.java:25) ~[na:1.6.0_38]
	at java.lang.reflect.Method.invoke(Method.java:597) ~[na:1.6.0_38]
	at org.springframework.beans.factory.annotation.InitDestroyAnnotationBeanPostProcessor$LifecycleElement.invoke(InitDestroyAnnotationBeanPostProcessor.java:340) [spring-beans-3.0.6.RELEASE.jar:3.0.6.RELEASE]
	at org.springframework.beans.factory.annotation.InitDestroyAnnotationBeanPostProcessor$LifecycleMetadata.invokeDestroyMethods(InitDestroyAnnotationBeanPostProcessor.java:305) [spring-beans-3.0.6.RELEASE.jar:3.0.6.RELEASE]
	at org.springframework.beans.factory.annotation.InitDestroyAnnotationBeanPostProcessor.postProcessBeforeDestruction(InitDestroyAnnotationBeanPostProcessor.java:148) [spring-beans-3.0.6.RELEASE.jar:3.0.6.RELEASE]
	at org.springframework.beans.factory.support.DisposableBeanAdapter.destroy(DisposableBeanAdapter.java:166) [spring-beans-3.0.6.RELEASE.jar:3.0.6.RELEASE]
	at org.springframework.beans.factory.support.DefaultSingletonBeanRegistry.destroyBean(DefaultSingletonBeanRegistry.java:487) [spring-beans-3.0.6.RELEASE.jar:3.0.6.RELEASE]
	at org.springframework.beans.factory.support.DefaultSingletonBeanRegistry.destroySingleton(DefaultSingletonBeanRegistry.java:463) [spring-beans-3.0.6.RELEASE.jar:3.0.6.RELEASE]
	at org.springframework.beans.factory.support.DefaultSingletonBeanRegistry.destroySingletons(DefaultSingletonBeanRegistry.java:431) [spring-beans-3.0.6.RELEASE.jar:3.0.6.RELEASE]
	at org.springframework.context.support.AbstractApplicationContext.destroyBeans(AbstractApplicationContext.java:1048) [spring-context-3.0.6.RELEASE.jar:3.0.6.RELEASE]
	at org.springframework.context.support.AbstractApplicationContext.refresh(AbstractApplicationContext.java:433) [spring-context-3.0.6.RELEASE.jar:3.0.6.RELEASE]
	at org.springframework.test.context.support.AbstractGenericContextLoader.loadContext(AbstractGenericContextLoader.java:84) [spring-test-3.0.6.RELEASE.jar:3.0.6.RELEASE]
	at org.springframework.test.context.support.AbstractGenericContextLoader.loadContext(AbstractGenericContextLoader.java:1) [spring-test-3.0.6.RELEASE.jar:3.0.6.RELEASE]
	at org.springframework.test.context.TestContext.loadApplicationContext(TestContext.java:280) [spring-test-3.0.6.RELEASE.jar:3.0.6.RELEASE]
	at org.springframework.test.context.TestContext.getApplicationContext(TestContext.java:304) [spring-test-3.0.6.RELEASE.jar:3.0.6.RELEASE]
	at org.springframework.test.context.support.DependencyInjectionTestExecutionListener.injectDependencies(DependencyInjectionTestExecutionListener.java:109) [spring-test-3.0.6.RELEASE.jar:3.0.6.RELEASE]
	at org.springframework.test.context.support.DependencyInjectionTestExecutionListener.prepareTestInstance(DependencyInjectionTestExecutionListener.java:75) [spring-test-3.0.6.RELEASE.jar:3.0.6.RELEASE]
	at org.springframework.test.context.TestContextManager.prepareTestInstance(TestContextManager.java:321) [spring-test-3.0.6.RELEASE.jar:3.0.6.RELEASE]
	at org.spockframework.spring.SpringTestContextManager.prepareTestInstance(SpringTestContextManager.java:49) [spock-spring-0.7-groovy-2.0.jar:na]
	at org.spockframework.spring.SpringInterceptor.interceptSetupMethod(SpringInterceptor.java:42) [spock-spring-0.7-groovy-2.0.jar:na]
	at org.spockframework.runtime.extension.AbstractMethodInterceptor.intercept(AbstractMethodInterceptor.java:28) [spock-core-0.7-groovy-2.0.jar:na]
	at org.spockframework.runtime.extension.MethodInvocation.proceed(MethodInvocation.java:84) [spock-core-0.7-groovy-2.0.jar:na]
	at org.spockframework.runtime.BaseSpecRunner.invoke(BaseSpecRunner.java:319) [spock-core-0.7-groovy-2.0.jar:na]
	at org.spockframework.runtime.BaseSpecRunner.invokeSetup(BaseSpecRunner.java:279) [spock-core-0.7-groovy-2.0.jar:na]
	at org.spockframework.runtime.BaseSpecRunner.doRunIteration(BaseSpecRunner.java:255) [spock-core-0.7-groovy-2.0.jar:na]
	at sun.reflect.GeneratedMethodAccessor5.invoke(Unknown Source) ~[na:na]
	at sun.reflect.DelegatingMethodAccessorImpl.invoke(DelegatingMethodAccessorImpl.java:25) ~[na:1.6.0_38]
	at java.lang.reflect.Method.invoke(Method.java:597) ~[na:1.6.0_38]
	at org.spockframework.util.ReflectionUtil.invokeMethod(ReflectionUtil.java:138) [spock-core-0.7-groovy-2.0.jar:na]
	at org.spockframework.runtime.BaseSpecRunner.invokeRaw(BaseSpecRunner.java:330) [spock-core-0.7-groovy-2.0.jar:na]
	at org.spockframework.runtime.BaseSpecRunner.invoke(BaseSpecRunner.java:311) [spock-core-0.7-groovy-2.0.jar:na]
	at org.spockframework.runtime.BaseSpecRunner.runIteration(BaseSpecRunner.java:223) [spock-core-0.7-groovy-2.0.jar:na]
	at org.spockframework.runtime.BaseSpecRunner.initializeAndRunIteration(BaseSpecRunner.java:214) [spock-core-0.7-groovy-2.0.jar:na]
	at org.spockframework.runtime.BaseSpecRunner.runSimpleFeature(BaseSpecRunner.java:205) [spock-core-0.7-groovy-2.0.jar:na]
	at org.spockframework.runtime.BaseSpecRunner.doRunFeature(BaseSpecRunner.java:199) [spock-core-0.7-groovy-2.0.jar:na]
	at sun.reflect.GeneratedMethodAccessor7.invoke(Unknown Source) ~[na:na]
	at sun.reflect.DelegatingMethodAccessorImpl.invoke(DelegatingMethodAccessorImpl.java:25) ~[na:1.6.0_38]
	at java.lang.reflect.Method.invoke(Method.java:597) ~[na:1.6.0_38]
	at org.spockframework.util.ReflectionUtil.invokeMethod(ReflectionUtil.java:138) [spock-core-0.7-groovy-2.0.jar:na]
	at org.spockframework.runtime.BaseSpecRunner.invokeRaw(BaseSpecRunner.java:330) [spock-core-0.7-groovy-2.0.jar:na]
	at org.spockframework.runtime.BaseSpecRunner.invoke(BaseSpecRunner.java:311) [spock-core-0.7-groovy-2.0.jar:na]
	at org.spockframework.runtime.BaseSpecRunner.runFeature(BaseSpecRunner.java:175) [spock-core-0.7-groovy-2.0.jar:na]
	at org.spockframework.runtime.BaseSpecRunner.runFeatures(BaseSpecRunner.java:152) [spock-core-0.7-groovy-2.0.jar:na]
	at org.spockframework.runtime.BaseSpecRunner.doRunSpec(BaseSpecRunner.java:112) [spock-core-0.7-groovy-2.0.jar:na]
	at sun.reflect.GeneratedMethodAccessor11.invoke(Unknown Source) ~[na:na]
	at sun.reflect.DelegatingMethodAccessorImpl.invoke(DelegatingMethodAccessorImpl.java:25) ~[na:1.6.0_38]
	at java.lang.reflect.Method.invoke(Method.java:597) ~[na:1.6.0_38]
	at org.spockframework.util.ReflectionUtil.invokeMethod(ReflectionUtil.java:138) [spock-core-0.7-groovy-2.0.jar:na]
	at org.spockframework.runtime.BaseSpecRunner.invokeRaw(BaseSpecRunner.java:330) [spock-core-0.7-groovy-2.0.jar:na]
	at org.spockframework.runtime.BaseSpecRunner.invoke(BaseSpecRunner.java:311) [spock-core-0.7-groovy-2.0.jar:na]
	at org.spockframework.runtime.BaseSpecRunner.runSpec(BaseSpecRunner.java:91) [spock-core-0.7-groovy-2.0.jar:na]
	at org.spockframework.runtime.BaseSpecRunner.run(BaseSpecRunner.java:82) [spock-core-0.7-groovy-2.0.jar:na]
	at org.spockframework.runtime.Sputnik.run(Sputnik.java:63) [spock-core-0.7-groovy-2.0.jar:na]
	at org.apache.maven.surefire.junit4.JUnit4TestSet.execute(JUnit4TestSet.java:53) [surefire-junit4-2.10.jar:2.10]
	at org.apache.maven.surefire.junit4.JUnit4Provider.executeTestSet(JUnit4Provider.java:123) [surefire-junit4-2.10.jar:2.10]
	at org.apache.maven.surefire.junit4.JUnit4Provider.invoke(JUnit4Provider.java:104) [surefire-junit4-2.10.jar:2.10]
	at sun.reflect.NativeMethodAccessorImpl.invoke0(Native Method) ~[na:1.6.0_38]
	at sun.reflect.NativeMethodAccessorImpl.invoke(NativeMethodAccessorImpl.java:39) ~[na:1.6.0_38]
	at sun.reflect.DelegatingMethodAccessorImpl.invoke(DelegatingMethodAccessorImpl.java:25) ~[na:1.6.0_38]
	at java.lang.reflect.Method.invoke(Method.java:597) ~[na:1.6.0_38]
	at org.apache.maven.surefire.util.ReflectionUtils.invokeMethodWithArray(ReflectionUtils.java:164) [surefire-api-2.10.jar:2.10]
	at org.apache.maven.surefire.booter.ProviderFactory$ProviderProxy.invoke(ProviderFactory.java:110) [surefire-booter-2.10.jar:2.10]
	at org.apache.maven.surefire.booter.SurefireStarter.invokeProvider(SurefireStarter.java:175) [surefire-booter-2.10.jar:2.10]
	at org.apache.maven.surefire.booter.SurefireStarter.runSuitesInProcessWhenForked(SurefireStarter.java:107) [surefire-booter-2.10.jar:2.10]
	at org.apache.maven.surefire.booter.ForkedBooter.main(ForkedBooter.java:68) [surefire-booter-2.10.jar:2.10]
22:05:31.261 [main] WARN  o.s.c.a.CommonAnnotationBeanPostProcessor - Invocation of destroy method failed on bean with name &apos;coreTicketOnetimeSyncJob&apos;: com.rackspace.search.exception.NotFoundException: Index is missing
22:05:31.278 [main] INFO  org.elasticsearch.node - [ticket.node] {0.90.2}[25471]: stopping ...
22:05:31.289 [main] INFO  org.elasticsearch.node - [ticket.node] {0.90.2}[25471]: stopped
22:05:31.289 [main] INFO  org.elasticsearch.node - [ticket.node] {0.90.2}[25471]: closing ...
22:05:31.292 [main] INFO  org.elasticsearch.node - [ticket.node] {0.90.2}[25471]: closed
22:05:31.302 [main] ERROR o.s.test.context.TestContextManager - Caught exception while allowing TestExecutionListener [org.springframework.test.context.support.DependencyInjectionTestExecutionListener@4459116] to prepare test instance [com.rackspace.search.elasticsearch.client.ElasticSearchClientTest@28709cc9]
java.lang.IllegalStateException: Failed to load ApplicationContext
	at org.springframework.test.context.TestContext.getApplicationContext(TestContext.java:308) ~[spring-test-3.0.6.RELEASE.jar:3.0.6.RELEASE]
	at org.springframework.test.context.support.DependencyInjectionTestExecutionListener.injectDependencies(DependencyInjectionTestExecutionListener.java:109) ~[spring-test-3.0.6.RELEASE.jar:3.0.6.RELEASE]
	at org.springframework.test.context.support.DependencyInjectionTestExecutionListener.prepareTestInstance(DependencyInjectionTestExecutionListener.java:75) ~[spring-test-3.0.6.RELEASE.jar:3.0.6.RELEASE]
	at org.springframework.test.context.TestContextManager.prepareTestInstance(TestContextManager.java:321) ~[spring-test-3.0.6.RELEASE.jar:3.0.6.RELEASE]
	at org.spockframework.spring.SpringTestContextManager.prepareTestInstance(SpringTestContextManager.java:49) [spock-spring-0.7-groovy-2.0.jar:na]
	at org.spockframework.spring.SpringInterceptor.interceptSetupMethod(SpringInterceptor.java:42) [spock-spring-0.7-groovy-2.0.jar:na]
	at org.spockframework.runtime.extension.AbstractMethodInterceptor.intercept(AbstractMethodInterceptor.java:28) [spock-core-0.7-groovy-2.0.jar:na]
	at org.spockframework.runtime.extension.MethodInvocation.proceed(MethodInvocation.java:84) [spock-core-0.7-groovy-2.0.jar:na]
	at org.spockframework.runtime.BaseSpecRunner.invoke(BaseSpecRunner.java:319) [spock-core-0.7-groovy-2.0.jar:na]
	at org.spockframework.runtime.BaseSpecRunner.invokeSetup(BaseSpecRunner.java:279) [spock-core-0.7-groovy-2.0.jar:na]
	at org.spockframework.runtime.BaseSpecRunner.doRunIteration(BaseSpecRunner.java:255) [spock-core-0.7-groovy-2.0.jar:na]
	at sun.reflect.GeneratedMethodAccessor5.invoke(Unknown Source) ~[na:na]
	at sun.reflect.DelegatingMethodAccessorImpl.invoke(DelegatingMethodAccessorImpl.java:25) ~[na:1.6.0_38]
	at java.lang.reflect.Method.invoke(Method.java:597) ~[na:1.6.0_38]
	at org.spockframework.util.ReflectionUtil.invokeMethod(ReflectionUtil.java:138) [spock-core-0.7-groovy-2.0.jar:na]
	at org.spockframework.runtime.BaseSpecRunner.invokeRaw(BaseSpecRunner.java:330) [spock-core-0.7-groovy-2.0.jar:na]
	at org.spockframework.runtime.BaseSpecRunner.invoke(BaseSpecRunner.java:311) [spock-core-0.7-groovy-2.0.jar:na]
	at org.spockframework.runtime.BaseSpecRunner.runIteration(BaseSpecRunner.java:223) [spock-core-0.7-groovy-2.0.jar:na]
	at org.spockframework.runtime.BaseSpecRunner.initializeAndRunIteration(BaseSpecRunner.java:214) [spock-core-0.7-groovy-2.0.jar:na]
	at org.spockframework.runtime.BaseSpecRunner.runSimpleFeature(BaseSpecRunner.java:205) [spock-core-0.7-groovy-2.0.jar:na]
	at org.spockframework.runtime.BaseSpecRunner.doRunFeature(BaseSpecRunner.java:199) [spock-core-0.7-groovy-2.0.jar:na]
	at sun.reflect.GeneratedMethodAccessor7.invoke(Unknown Source) ~[na:na]
	at sun.reflect.DelegatingMethodAccessorImpl.invoke(DelegatingMethodAccessorImpl.java:25) ~[na:1.6.0_38]
	at java.lang.reflect.Method.invoke(Method.java:597) ~[na:1.6.0_38]
	at org.spockframework.util.ReflectionUtil.invokeMethod(ReflectionUtil.java:138) [spock-core-0.7-groovy-2.0.jar:na]
	at org.spockframework.runtime.BaseSpecRunner.invokeRaw(BaseSpecRunner.java:330) [spock-core-0.7-groovy-2.0.jar:na]
	at org.spockframework.runtime.BaseSpecRunner.invoke(BaseSpecRunner.java:311) [spock-core-0.7-groovy-2.0.jar:na]
	at org.spockframework.runtime.BaseSpecRunner.runFeature(BaseSpecRunner.java:175) [spock-core-0.7-groovy-2.0.jar:na]
	at org.spockframework.runtime.BaseSpecRunner.runFeatures(BaseSpecRunner.java:152) [spock-core-0.7-groovy-2.0.jar:na]
	at org.spockframework.runtime.BaseSpecRunner.doRunSpec(BaseSpecRunner.java:112) [spock-core-0.7-groovy-2.0.jar:na]
	at sun.reflect.GeneratedMethodAccessor11.invoke(Unknown Source) ~[na:na]
	at sun.reflect.DelegatingMethodAccessorImpl.invoke(DelegatingMethodAccessorImpl.java:25) ~[na:1.6.0_38]
	at java.lang.reflect.Method.invoke(Method.java:597) ~[na:1.6.0_38]
	at org.spockframework.util.ReflectionUtil.invokeMethod(ReflectionUtil.java:138) [spock-core-0.7-groovy-2.0.jar:na]
	at org.spockframework.runtime.BaseSpecRunner.invokeRaw(BaseSpecRunner.java:330) [spock-core-0.7-groovy-2.0.jar:na]
	at org.spockframework.runtime.BaseSpecRunner.invoke(BaseSpecRunner.java:311) [spock-core-0.7-groovy-2.0.jar:na]
	at org.spockframework.runtime.BaseSpecRunner.runSpec(BaseSpecRunner.java:91) [spock-core-0.7-groovy-2.0.jar:na]
	at org.spockframework.runtime.BaseSpecRunner.run(BaseSpecRunner.java:82) [spock-core-0.7-groovy-2.0.jar:na]
	at org.spockframework.runtime.Sputnik.run(Sputnik.java:63) [spock-core-0.7-groovy-2.0.jar:na]
	at org.apache.maven.surefire.junit4.JUnit4TestSet.execute(JUnit4TestSet.java:53) [surefire-junit4-2.10.jar:2.10]
	at org.apache.maven.surefire.junit4.JUnit4Provider.executeTestSet(JUnit4Provider.java:123) [surefire-junit4-2.10.jar:2.10]
	at org.apache.maven.surefire.junit4.JUnit4Provider.invoke(JUnit4Provider.java:104) [surefire-junit4-2.10.jar:2.10]
	at sun.reflect.NativeMethodAccessorImpl.invoke0(Native Method) ~[na:1.6.0_38]
	at sun.reflect.NativeMethodAccessorImpl.invoke(NativeMethodAccessorImpl.java:39) ~[na:1.6.0_38]
	at sun.reflect.DelegatingMethodAccessorImpl.invoke(DelegatingMethodAccessorImpl.java:25) ~[na:1.6.0_38]
	at java.lang.reflect.Method.invoke(Method.java:597) ~[na:1.6.0_38]
	at org.apache.maven.surefire.util.ReflectionUtils.invokeMethodWithArray(ReflectionUtils.java:164) [surefire-api-2.10.jar:2.10]
	at org.apache.maven.surefire.booter.ProviderFactory$ProviderProxy.invoke(ProviderFactory.java:110) [surefire-booter-2.10.jar:2.10]
	at org.apache.maven.surefire.booter.SurefireStarter.invokeProvider(SurefireStarter.java:175) [surefire-booter-2.10.jar:2.10]
	at org.apache.maven.surefire.booter.SurefireStarter.runSuitesInProcessWhenForked(SurefireStarter.java:107) [surefire-booter-2.10.jar:2.10]
	at org.apache.maven.surefire.booter.ForkedBooter.main(ForkedBooter.java:68) [surefire-booter-2.10.jar:2.10]
Caused by: org.springframework.beans.factory.BeanCreationException: Error creating bean with name &apos;jobResource&apos;: Injection of autowired dependencies failed; nested exception is org.springframework.beans.factory.BeanCreationException: Could not autowire field: private com.rackspace.search.service.zendesk.ZendeskTicketOngoingSyncJob com.rackspace.search.endpoint.JobResource.zendeskTicketOngoingSyncJob; nested exception is org.springframework.beans.factory.BeanCreationException: Error creating bean with name &apos;zendeskTicketOngoingSyncJob&apos;: Injection of autowired dependencies failed; nested exception is org.springframework.beans.factory.BeanCreationException: Could not autowire field: private com.rackspace.search.service.zendesk.ZendeskTicketOngoingSyncActor com.rackspace.search.service.zendesk.ZendeskTicketOngoingSyncJob.ticketActor; nested exception is org.springframework.beans.factory.BeanCreationException: Error creating bean with name &apos;zendeskTicketOngoingSyncActor&apos;: Injection of autowired dependencies failed; nested exception is org.springframework.beans.factory.BeanCreationException: Could not autowire field: private com.rackspace.search.service.zendesk.ZendeskTicketProcessor com.rackspace.search.service.zendesk.ZendeskTicketOngoingSyncActor.zendeskTicketProcessor; nested exception is org.springframework.beans.factory.BeanCreationException: Error creating bean with name &apos;zendeskTicketProcessor&apos;: Injection of autowired dependencies failed; nested exception is org.springframework.beans.factory.BeanCreationException: Could not autowire field: private java.lang.Object com.rackspace.search.service.zendesk.ZendeskTicketProcessor.zendeskIndexName; nested exception is java.lang.IllegalArgumentException: Could not resolve placeholder &apos;zendesk.index.name&apos;
	at org.springframework.beans.factory.annotation.AutowiredAnnotationBeanPostProcessor.postProcessPropertyValues(AutowiredAnnotationBeanPostProcessor.java:288) ~[spring-beans-3.0.6.RELEASE.jar:3.0.6.RELEASE]
	at org.springframework.beans.factory.support.AbstractAutowireCapableBeanFactory.populateBean(AbstractAutowireCapableBeanFactory.java:1074) ~[spring-beans-3.0.6.RELEASE.jar:3.0.6.RELEASE]
	at org.springframework.beans.factory.support.AbstractAutowireCapableBeanFactory.doCreateBean(AbstractAutowireCapableBeanFactory.java:517) ~[spring-beans-3.0.6.RELEASE.jar:3.0.6.RELEASE]
	at org.springframework.beans.factory.support.AbstractAutowireCapableBeanFactory.createBean(AbstractAutowireCapableBeanFactory.java:456) ~[spring-beans-3.0.6.RELEASE.jar:3.0.6.RELEASE]
	at org.springframework.beans.factory.support.AbstractBeanFactory$1.getObject(AbstractBeanFactory.java:293) ~[spring-beans-3.0.6.RELEASE.jar:3.0.6.RELEASE]
	at org.springframework.beans.factory.support.DefaultSingletonBeanRegistry.getSingleton(DefaultSingletonBeanRegistry.java:222) ~[spring-beans-3.0.6.RELEASE.jar:3.0.6.RELEASE]
	at org.springframework.beans.factory.support.AbstractBeanFactory.doGetBean(AbstractBeanFactory.java:290) ~[spring-beans-3.0.6.RELEASE.jar:3.0.6.RELEASE]
	at org.springframework.beans.factory.support.AbstractBeanFactory.getBean(AbstractBeanFactory.java:192) ~[spring-beans-3.0.6.RELEASE.jar:3.0.6.RELEASE]
	at org.springframework.beans.factory.support.DefaultListableBeanFactory.preInstantiateSingletons(DefaultListableBeanFactory.java:585) ~[spring-beans-3.0.6.RELEASE.jar:3.0.6.RELEASE]
	at org.springframework.context.support.AbstractApplicationContext.finishBeanFactoryInitialization(AbstractApplicationContext.java:895) ~[spring-context-3.0.6.RELEASE.jar:3.0.6.RELEASE]
	at org.springframework.context.support.AbstractApplicationContext.refresh(AbstractApplicationContext.java:425) ~[spring-context-3.0.6.RELEASE.jar:3.0.6.RELEASE]
	at org.springframework.test.context.support.AbstractGenericContextLoader.loadContext(AbstractGenericContextLoader.java:84) ~[spring-test-3.0.6.RELEASE.jar:3.0.6.RELEASE]
	at org.springframework.test.context.support.AbstractGenericContextLoader.loadContext(AbstractGenericContextLoader.java:1) ~[spring-test-3.0.6.RELEASE.jar:3.0.6.RELEASE]
	at org.springframework.test.context.TestContext.loadApplicationContext(TestContext.java:280) ~[spring-test-3.0.6.RELEASE.jar:3.0.6.RELEASE]
	at org.springframework.test.context.TestContext.getApplicationContext(TestContext.java:304) ~[spring-test-3.0.6.RELEASE.jar:3.0.6.RELEASE]
	... 50 common frames omitted
Caused by: org.springframework.beans.factory.BeanCreationException: Could not autowire field: private com.rackspace.search.service.zendesk.ZendeskTicketOngoingSyncJob com.rackspace.search.endpoint.JobResource.zendeskTicketOngoingSyncJob; nested exception is org.springframework.beans.factory.BeanCreationException: Error creating bean with name &apos;zendeskTicketOngoingSyncJob&apos;: Injection of autowired dependencies failed; nested exception is org.springframework.beans.factory.BeanCreationException: Could not autowire field: private com.rackspace.search.service.zendesk.ZendeskTicketOngoingSyncActor com.rackspace.search.service.zendesk.ZendeskTicketOngoingSyncJob.ticketActor; nested exception is org.springframework.beans.factory.BeanCreationException: Error creating bean with name &apos;zendeskTicketOngoingSyncActor&apos;: Injection of autowired dependencies failed; nested exception is org.springframework.beans.factory.BeanCreationException: Could not autowire field: private com.rackspace.search.service.zendesk.ZendeskTicketProcessor com.rackspace.search.service.zendesk.ZendeskTicketOngoingSyncActor.zendeskTicketProcessor; nested exception is org.springframework.beans.factory.BeanCreationException: Error creating bean with name &apos;zendeskTicketProcessor&apos;: Injection of autowired dependencies failed; nested exception is org.springframework.beans.factory.BeanCreationException: Could not autowire field: private java.lang.Object com.rackspace.search.service.zendesk.ZendeskTicketProcessor.zendeskIndexName; nested exception is java.lang.IllegalArgumentException: Could not resolve placeholder &apos;zendesk.index.name&apos;
	at org.springframework.beans.factory.annotation.AutowiredAnnotationBeanPostProcessor$AutowiredFieldElement.inject(AutowiredAnnotationBeanPostProcessor.java:508) ~[spring-beans-3.0.6.RELEASE.jar:3.0.6.RELEASE]
	at org.springframework.beans.factory.annotation.InjectionMetadata.inject(InjectionMetadata.java:84) ~[spring-beans-3.0.6.RELEASE.jar:3.0.6.RELEASE]
	at org.springframework.beans.factory.annotation.AutowiredAnnotationBeanPostProcessor.postProcessPropertyValues(AutowiredAnnotationBeanPostProcessor.java:285) ~[spring-beans-3.0.6.RELEASE.jar:3.0.6.RELEASE]
	... 64 common frames omitted
Caused by: org.springframework.beans.factory.BeanCreationException: Error creating bean with name &apos;zendeskTicketOngoingSyncJob&apos;: Injection of autowired dependencies failed; nested exception is org.springframework.beans.factory.BeanCreationException: Could not autowire field: private com.rackspace.search.service.zendesk.ZendeskTicketOngoingSyncActor com.rackspace.search.service.zendesk.ZendeskTicketOngoingSyncJob.ticketActor; nested exception is org.springframework.beans.factory.BeanCreationException: Error creating bean with name &apos;zendeskTicketOngoingSyncActor&apos;: Injection of autowired dependencies failed; nested exception is org.springframework.beans.factory.BeanCreationException: Could not autowire field: private com.rackspace.search.service.zendesk.ZendeskTicketProcessor com.rackspace.search.service.zendesk.ZendeskTicketOngoingSyncActor.zendeskTicketProcessor; nested exception is org.springframework.beans.factory.BeanCreationException: Error creating bean with name &apos;zendeskTicketProcessor&apos;: Injection of autowired dependencies failed; nested exception is org.springframework.beans.factory.BeanCreationException: Could not autowire field: private java.lang.Object com.rackspace.search.service.zendesk.ZendeskTicketProcessor.zendeskIndexName; nested exception is java.lang.IllegalArgumentException: Could not resolve placeholder &apos;zendesk.index.name&apos;
	at org.springframework.beans.factory.annotation.AutowiredAnnotationBeanPostProcessor.postProcessPropertyValues(AutowiredAnnotationBeanPostProcessor.java:288) ~[spring-beans-3.0.6.RELEASE.jar:3.0.6.RELEASE]
	at org.springframework.beans.factory.support.AbstractAutowireCapableBeanFactory.populateBean(AbstractAutowireCapableBeanFactory.java:1074) ~[spring-beans-3.0.6.RELEASE.jar:3.0.6.RELEASE]
	at org.springframework.beans.factory.support.AbstractAutowireCapableBeanFactory.doCreateBean(AbstractAutowireCapableBeanFactory.java:517) ~[spring-beans-3.0.6.RELEASE.jar:3.0.6.RELEASE]
	at org.springframework.beans.factory.support.AbstractAutowireCapableBeanFactory.createBean(AbstractAutowireCapableBeanFactory.java:456) ~[spring-beans-3.0.6.RELEASE.jar:3.0.6.RELEASE]
	at org.springframework.beans.factory.support.AbstractBeanFactory$1.getObject(AbstractBeanFactory.java:293) ~[spring-beans-3.0.6.RELEASE.jar:3.0.6.RELEASE]
	at org.springframework.beans.factory.support.DefaultSingletonBeanRegistry.getSingleton(DefaultSingletonBeanRegistry.java:222) ~[spring-beans-3.0.6.RELEASE.jar:3.0.6.RELEASE]
	at org.springframework.beans.factory.support.AbstractBeanFactory.doGetBean(AbstractBeanFactory.java:290) ~[spring-beans-3.0.6.RELEASE.jar:3.0.6.RELEASE]
	at org.springframework.beans.factory.support.AbstractBeanFactory.getBean(AbstractBeanFactory.java:192) ~[spring-beans-3.0.6.RELEASE.jar:3.0.6.RELEASE]
	at org.springframework.beans.factory.support.DefaultListableBeanFactory.findAutowireCandidates(DefaultListableBeanFactory.java:848) ~[spring-beans-3.0.6.RELEASE.jar:3.0.6.RELEASE]
	at org.springframework.beans.factory.support.DefaultListableBeanFactory.doResolveDependency(DefaultListableBeanFactory.java:790) ~[spring-beans-3.0.6.RELEASE.jar:3.0.6.RELEASE]
	at org.springframework.beans.factory.support.DefaultListableBeanFactory.resolveDependency(DefaultListableBeanFactory.java:707) ~[spring-beans-3.0.6.RELEASE.jar:3.0.6.RELEASE]
	at org.springframework.beans.factory.annotation.AutowiredAnnotationBeanPostProcessor$AutowiredFieldElement.inject(AutowiredAnnotationBeanPostProcessor.java:480) ~[spring-beans-3.0.6.RELEASE.jar:3.0.6.RELEASE]
	... 66 common frames omitted
Caused by: org.springframework.beans.factory.BeanCreationException: Could not autowire field: private com.rackspace.search.service.zendesk.ZendeskTicketOngoingSyncActor com.rackspace.search.service.zendesk.ZendeskTicketOngoingSyncJob.ticketActor; nested exception is org.springframework.beans.factory.BeanCreationException: Error creating bean with name &apos;zendeskTicketOngoingSyncActor&apos;: Injection of autowired dependencies failed; nested exception is org.springframework.beans.factory.BeanCreationException: Could not autowire field: private com.rackspace.search.service.zendesk.ZendeskTicketProcessor com.rackspace.search.service.zendesk.ZendeskTicketOngoingSyncActor.zendeskTicketProcessor; nested exception is org.springframework.beans.factory.BeanCreationException: Error creating bean with name &apos;zendeskTicketProcessor&apos;: Injection of autowired dependencies failed; nested exception is org.springframework.beans.factory.BeanCreationException: Could not autowire field: private java.lang.Object com.rackspace.search.service.zendesk.ZendeskTicketProcessor.zendeskIndexName; nested exception is java.lang.IllegalArgumentException: Could not resolve placeholder &apos;zendesk.index.name&apos;
	at org.springframework.beans.factory.annotation.AutowiredAnnotationBeanPostProcessor$AutowiredFieldElement.inject(AutowiredAnnotationBeanPostProcessor.java:508) ~[spring-beans-3.0.6.RELEASE.jar:3.0.6.RELEASE]
	at org.springframework.beans.factory.annotation.InjectionMetadata.inject(InjectionMetadata.java:84) ~[spring-beans-3.0.6.RELEASE.jar:3.0.6.RELEASE]
	at org.springframework.beans.factory.annotation.AutowiredAnnotationBeanPostProcessor.postProcessPropertyValues(AutowiredAnnotationBeanPostProcessor.java:285) ~[spring-beans-3.0.6.RELEASE.jar:3.0.6.RELEASE]
	... 77 common frames omitted
Caused by: org.springframework.beans.factory.BeanCreationException: Error creating bean with name &apos;zendeskTicketOngoingSyncActor&apos;: Injection of autowired dependencies failed; nested exception is org.springframework.beans.factory.BeanCreationException: Could not autowire field: private com.rackspace.search.service.zendesk.ZendeskTicketProcessor com.rackspace.search.service.zendesk.ZendeskTicketOngoingSyncActor.zendeskTicketProcessor; nested exception is org.springframework.beans.factory.BeanCreationException: Error creating bean with name &apos;zendeskTicketProcessor&apos;: Injection of autowired dependencies failed; nested exception is org.springframework.beans.factory.BeanCreationException: Could not autowire field: private java.lang.Object com.rackspace.search.service.zendesk.ZendeskTicketProcessor.zendeskIndexName; nested exception is java.lang.IllegalArgumentException: Could not resolve placeholder &apos;zendesk.index.name&apos;
	at org.springframework.beans.factory.annotation.AutowiredAnnotationBeanPostProcessor.postProcessPropertyValues(AutowiredAnnotationBeanPostProcessor.java:288) ~[spring-beans-3.0.6.RELEASE.jar:3.0.6.RELEASE]
	at org.springframework.beans.factory.support.AbstractAutowireCapableBeanFactory.populateBean(AbstractAutowireCapableBeanFactory.java:1074) ~[spring-beans-3.0.6.RELEASE.jar:3.0.6.RELEASE]
	at org.springframework.beans.factory.support.AbstractAutowireCapableBeanFactory.doCreateBean(AbstractAutowireCapableBeanFactory.java:517) ~[spring-beans-3.0.6.RELEASE.jar:3.0.6.RELEASE]
	at org.springframework.beans.factory.support.AbstractAutowireCapableBeanFactory.createBean(AbstractAutowireCapableBeanFactory.java:456) ~[spring-beans-3.0.6.RELEASE.jar:3.0.6.RELEASE]
	at org.springframework.beans.factory.support.AbstractBeanFactory$1.getObject(AbstractBeanFactory.java:293) ~[spring-beans-3.0.6.RELEASE.jar:3.0.6.RELEASE]
	at org.springframework.beans.factory.support.DefaultSingletonBeanRegistry.getSingleton(DefaultSingletonBeanRegistry.java:222) ~[spring-beans-3.0.6.RELEASE.jar:3.0.6.RELEASE]
	at org.springframework.beans.factory.support.AbstractBeanFactory.doGetBean(AbstractBeanFactory.java:290) ~[spring-beans-3.0.6.RELEASE.jar:3.0.6.RELEASE]
	at org.springframework.beans.factory.support.AbstractBeanFactory.getBean(AbstractBeanFactory.java:192) ~[spring-beans-3.0.6.RELEASE.jar:3.0.6.RELEASE]
	at org.springframework.beans.factory.support.DefaultListableBeanFactory.findAutowireCandidates(DefaultListableBeanFactory.java:848) ~[spring-beans-3.0.6.RELEASE.jar:3.0.6.RELEASE]
	at org.springframework.beans.factory.support.DefaultListableBeanFactory.doResolveDependency(DefaultListableBeanFactory.java:790) ~[spring-beans-3.0.6.RELEASE.jar:3.0.6.RELEASE]
	at org.springframework.beans.factory.support.DefaultListableBeanFactory.resolveDependency(DefaultListableBeanFactory.java:707) ~[spring-beans-3.0.6.RELEASE.jar:3.0.6.RELEASE]
	at org.springframework.beans.factory.annotation.AutowiredAnnotationBeanPostProcessor$AutowiredFieldElement.inject(AutowiredAnnotationBeanPostProcessor.java:480) ~[spring-beans-3.0.6.RELEASE.jar:3.0.6.RELEASE]
	... 79 common frames omitted
Caused by: org.springframework.beans.factory.BeanCreationException: Could not autowire field: private com.rackspace.search.service.zendesk.ZendeskTicketProcessor com.rackspace.search.service.zendesk.ZendeskTicketOngoingSyncActor.zendeskTicketProcessor; nested exception is org.springframework.beans.factory.BeanCreationException: Error creating bean with name &apos;zendeskTicketProcessor&apos;: Injection of autowired dependencies failed; nested exception is org.springframework.beans.factory.BeanCreationException: Could not autowire field: private java.lang.Object com.rackspace.search.service.zendesk.ZendeskTicketProcessor.zendeskIndexName; nested exception is java.lang.IllegalArgumentException: Could not resolve placeholder &apos;zendesk.index.name&apos;
	at org.springframework.beans.factory.annotation.AutowiredAnnotationBeanPostProcessor$AutowiredFieldElement.inject(AutowiredAnnotationBeanPostProcessor.java:508) ~[spring-beans-3.0.6.RELEASE.jar:3.0.6.RELEASE]
	at org.springframework.beans.factory.annotation.InjectionMetadata.inject(InjectionMetadata.java:84) ~[spring-beans-3.0.6.RELEASE.jar:3.0.6.RELEASE]
	at org.springframework.beans.factory.annotation.AutowiredAnnotationBeanPostProcessor.postProcessPropertyValues(AutowiredAnnotationBeanPostProcessor.java:285) ~[spring-beans-3.0.6.RELEASE.jar:3.0.6.RELEASE]
	... 90 common frames omitted
Caused by: org.springframework.beans.factory.BeanCreationException: Error creating bean with name &apos;zendeskTicketProcessor&apos;: Injection of autowired dependencies failed; nested exception is org.springframework.beans.factory.BeanCreationException: Could not autowire field: private java.lang.Object com.rackspace.search.service.zendesk.ZendeskTicketProcessor.zendeskIndexName; nested exception is java.lang.IllegalArgumentException: Could not resolve placeholder &apos;zendesk.index.name&apos;
	at org.springframework.beans.factory.annotation.AutowiredAnnotationBeanPostProcessor.postProcessPropertyValues(AutowiredAnnotationBeanPostProcessor.java:288) ~[spring-beans-3.0.6.RELEASE.jar:3.0.6.RELEASE]
	at org.springframework.beans.factory.support.AbstractAutowireCapableBeanFactory.populateBean(AbstractAutowireCapableBeanFactory.java:1074) ~[spring-beans-3.0.6.RELEASE.jar:3.0.6.RELEASE]
	at org.springframework.beans.factory.support.AbstractAutowireCapableBeanFactory.doCreateBean(AbstractAutowireCapableBeanFactory.java:517) ~[spring-beans-3.0.6.RELEASE.jar:3.0.6.RELEASE]
	at org.springframework.beans.factory.support.AbstractAutowireCapableBeanFactory.createBean(AbstractAutowireCapableBeanFactory.java:456) ~[spring-beans-3.0.6.RELEASE.jar:3.0.6.RELEASE]
	at org.springframework.beans.factory.support.AbstractBeanFactory$1.getObject(AbstractBeanFactory.java:293) ~[spring-beans-3.0.6.RELEASE.jar:3.0.6.RELEASE]
	at org.springframework.beans.factory.support.DefaultSingletonBeanRegistry.getSingleton(DefaultSingletonBeanRegistry.java:222) ~[spring-beans-3.0.6.RELEASE.jar:3.0.6.RELEASE]
	at org.springframework.beans.factory.support.AbstractBeanFactory.doGetBean(AbstractBeanFactory.java:290) ~[spring-beans-3.0.6.RELEASE.jar:3.0.6.RELEASE]
	at org.springframework.beans.factory.support.AbstractBeanFactory.getBean(AbstractBeanFactory.java:192) ~[spring-beans-3.0.6.RELEASE.jar:3.0.6.RELEASE]
	at org.springframework.beans.factory.support.DefaultListableBeanFactory.findAutowireCandidates(DefaultListableBeanFactory.java:848) ~[spring-beans-3.0.6.RELEASE.jar:3.0.6.RELEASE]
	at org.springframework.beans.factory.support.DefaultListableBeanFactory.doResolveDependency(DefaultListableBeanFactory.java:790) ~[spring-beans-3.0.6.RELEASE.jar:3.0.6.RELEASE]
	at org.springframework.beans.factory.support.DefaultListableBeanFactory.resolveDependency(DefaultListableBeanFactory.java:707) ~[spring-beans-3.0.6.RELEASE.jar:3.0.6.RELEASE]
	at org.springframework.beans.factory.annotation.AutowiredAnnotationBeanPostProcessor$AutowiredFieldElement.inject(AutowiredAnnotationBeanPostProcessor.java:480) ~[spring-beans-3.0.6.RELEASE.jar:3.0.6.RELEASE]
	... 92 common frames omitted
Caused by: org.springframework.beans.factory.BeanCreationException: Could not autowire field: private java.lang.Object com.rackspace.search.service.zendesk.ZendeskTicketProcessor.zendeskIndexName; nested exception is java.lang.IllegalArgumentException: Could not resolve placeholder &apos;zendesk.index.name&apos;
	at org.springframework.beans.factory.annotation.AutowiredAnnotationBeanPostProcessor$AutowiredFieldElement.inject(AutowiredAnnotationBeanPostProcessor.java:508) ~[spring-beans-3.0.6.RELEASE.jar:3.0.6.RELEASE]
	at org.springframework.beans.factory.annotation.InjectionMetadata.inject(InjectionMetadata.java:84) ~[spring-beans-3.0.6.RELEASE.jar:3.0.6.RELEASE]
	at org.springframework.beans.factory.annotation.AutowiredAnnotationBeanPostProcessor.postProcessPropertyValues(AutowiredAnnotationBeanPostProcessor.java:285) ~[spring-beans-3.0.6.RELEASE.jar:3.0.6.RELEASE]
	... 103 common frames omitted
Caused by: java.lang.IllegalArgumentException: Could not resolve placeholder &apos;zendesk.index.name&apos;
	at org.springframework.util.PropertyPlaceholderHelper.parseStringValue(PropertyPlaceholderHelper.java:173) ~[spring-core-3.0.6.RELEASE.jar:3.0.6.RELEASE]
	at org.springframework.util.PropertyPlaceholderHelper.replacePlaceholders(PropertyPlaceholderHelper.java:125) ~[spring-core-3.0.6.RELEASE.jar:3.0.6.RELEASE]
	at org.springframework.beans.factory.config.PropertyPlaceholderConfigurer$PlaceholderResolvingStringValueResolver.resolveStringValue(PropertyPlaceholderConfigurer.java:403) ~[spring-beans-3.0.6.RELEASE.jar:3.0.6.RELEASE]
	at org.springframework.beans.factory.support.AbstractBeanFactory.resolveEmbeddedValue(AbstractBeanFactory.java:747) ~[spring-beans-3.0.6.RELEASE.jar:3.0.6.RELEASE]
	at org.springframework.beans.factory.support.DefaultListableBeanFactory.doResolveDependency(DefaultListableBeanFactory.java:717) ~[spring-beans-3.0.6.RELEASE.jar:3.0.6.RELEASE]
	at org.springframework.beans.factory.support.DefaultListableBeanFactory.resolveDependency(DefaultListableBeanFactory.java:707) ~[spring-beans-3.0.6.RELEASE.jar:3.0.6.RELEASE]
	at org.springframework.beans.factory.annotation.AutowiredAnnotationBeanPostProcessor$AutowiredFieldElement.inject(AutowiredAnnotationBeanPostProcessor.java:480) ~[spring-beans-3.0.6.RELEASE.jar:3.0.6.RELEASE]
	... 105 common frames omitted
</stdout>
          <stderr>Exception in thread &quot;Timer-73&quot; org.elasticsearch.common.util.concurrent.EsRejectedExecutionException: rejected execution of [org.elasticsearch.action.support.master.TransportMasterNodeOperationAction$2]
	at org.elasticsearch.common.util.concurrent.EsAbortPolicy.rejectedExecution(EsAbortPolicy.java:35)
	at java.util.concurrent.ThreadPoolExecutor.reject(ThreadPoolExecutor.java:767)
	at java.util.concurrent.ThreadPoolExecutor.execute(ThreadPoolExecutor.java:658)
	at org.elasticsearch.action.support.master.TransportMasterNodeOperationAction.innerExecute(TransportMasterNodeOperationAction.java:132)
	at org.elasticsearch.action.support.master.TransportMasterNodeOperationAction.doExecute(TransportMasterNodeOperationAction.java:86)
	at org.elasticsearch.action.support.master.TransportMasterNodeOperationAction.doExecute(TransportMasterNodeOperationAction.java:42)
	at org.elasticsearch.action.support.TransportAction.execute(TransportAction.java:61)
	at org.elasticsearch.client.node.NodeClusterAdminClient.execute(NodeClusterAdminClient.java:72)
	at org.elasticsearch.client.support.AbstractClusterAdminClient.health(AbstractClusterAdminClient.java:83)
	at org.elasticsearch.action.admin.cluster.health.ClusterHealthRequestBuilder.doExecute(ClusterHealthRequestBuilder.java:98)
	at org.elasticsearch.action.ActionRequestBuilder.execute(ActionRequestBuilder.java:62)
	at org.elasticsearch.action.ActionRequestBuilder.execute(ActionRequestBuilder.java:57)
	at org.elasticsearch.action.ActionRequestBuilder$execute.call(Unknown Source)
	at com.rackspace.search.elasticsearch.ElasticSearchServer.getHealthInformation(ElasticSearchServer.groovy:55)
	at com.rackspace.search.elasticsearch.ElasticSearchServer.getHealthStatus(ElasticSearchServer.groovy:51)
	at com.rackspace.search.elasticsearch.ElasticSearchServer.waitForYellowStatus(ElasticSearchServer.groovy:69)
	at com.rackspace.search.elasticsearch.ElasticSearchServer$waitForYellowStatus.call(Unknown Source)
	at com.rackspace.search.service.admin.CoreTicketOndemandSyncJob.setupJob(CoreTicketOndemandSyncJob.groovy:98)
	at sun.reflect.NativeMethodAccessorImpl.invoke0(Native Method)
	at sun.reflect.NativeMethodAccessorImpl.invoke(NativeMethodAccessorImpl.java:39)
	at sun.reflect.DelegatingMethodAccessorImpl.invoke(DelegatingMethodAccessorImpl.java:25)
	at java.lang.reflect.Method.invoke(Method.java:597)
	at org.codehaus.groovy.reflection.CachedMethod.invoke(CachedMethod.java:90)
	at groovy.lang.MetaMethod.doMethodInvoke(MetaMethod.java:233)
	at groovy.lang.MetaClassImpl.invokeMethod(MetaClassImpl.java:1085)
	at org.codehaus.groovy.runtime.ScriptBytecodeAdapter.invokeMethodOnCurrentN(ScriptBytecodeAdapter.java:78)
	at com.rackspace.search.service.admin.CoreTicketOndemandSyncJob.this$dist$invoke$1(CoreTicketOndemandSyncJob.groovy)
	at com.rackspace.search.service.admin.CoreTicketOndemandSyncJob$1.methodMissing(CoreTicketOndemandSyncJob.groovy)
	at sun.reflect.NativeMethodAccessorImpl.invoke0(Native Method)
	at sun.reflect.NativeMethodAccessorImpl.invoke(NativeMethodAccessorImpl.java:39)
	at sun.reflect.DelegatingMethodAccessorImpl.invoke(DelegatingMethodAccessorImpl.java:25)
	at java.lang.reflect.Method.invoke(Method.java:597)
	at org.codehaus.groovy.reflection.CachedMethod.invoke(CachedMethod.java:90)
	at groovy.lang.MetaClassImpl.invokeMissingMethod(MetaClassImpl.java:837)
	at groovy.lang.MetaClassImpl.invokePropertyOrMissing(MetaClassImpl.java:1134)
	at groovy.lang.MetaClassImpl.invokeMethod(MetaClassImpl.java:1087)
	at groovy.lang.MetaClassImpl.invokeMethod(MetaClassImpl.java:909)
	at org.codehaus.groovy.runtime.callsite.PogoMetaClassSite.callCurrent(PogoMetaClassSite.java:66)
	at org.codehaus.groovy.runtime.callsite.AbstractCallSite.callCurrent(AbstractCallSite.java:137)
	at com.rackspace.search.service.admin.CoreTicketOndemandSyncJob$1.run(CoreTicketOndemandSyncJob.groovy:82)
	at java.util.TimerThread.mainLoop(Timer.java:512)
	at java.util.TimerThread.run(Timer.java:462)
Exception in thread &quot;Timer-72&quot; org.elasticsearch.common.util.concurrent.EsRejectedExecutionException: rejected execution of [org.elasticsearch.action.support.master.TransportMasterNodeOperationAction$2]
	at org.elasticsearch.common.util.concurrent.EsAbortPolicy.rejectedExecution(EsAbortPolicy.java:35)
	at java.util.concurrent.ThreadPoolExecutor.reject(ThreadPoolExecutor.java:767)
	at java.util.concurrent.ThreadPoolExecutor.execute(ThreadPoolExecutor.java:658)
	at org.elasticsearch.action.support.master.TransportMasterNodeOperationAction.innerExecute(TransportMasterNodeOperationAction.java:132)
	at org.elasticsearch.action.support.master.TransportMasterNodeOperationAction.doExecute(TransportMasterNodeOperationAction.java:86)
	at org.elasticsearch.action.support.master.TransportMasterNodeOperationAction.doExecute(TransportMasterNodeOperationAction.java:42)
	at org.elasticsearch.action.support.TransportAction.execute(TransportAction.java:61)
	at org.elasticsearch.client.node.NodeClusterAdminClient.execute(NodeClusterAdminClient.java:72)
	at org.elasticsearch.client.support.AbstractClusterAdminClient.health(AbstractClusterAdminClient.java:83)
	at org.elasticsearch.action.admin.cluster.health.ClusterHealthRequestBuilder.doExecute(ClusterHealthRequestBuilder.java:98)
	at org.elasticsearch.action.ActionRequestBuilder.execute(ActionRequestBuilder.java:62)
	at org.elasticsearch.action.ActionRequestBuilder.execute(ActionRequestBuilder.java:57)
	at org.elasticsearch.action.ActionRequestBuilder$execute.call(Unknown Source)
	at com.rackspace.search.elasticsearch.ElasticSearchServer.getHealthInformation(ElasticSearchServer.groovy:55)
	at com.rackspace.search.elasticsearch.ElasticSearchServer.getHealthStatus(ElasticSearchServer.groovy:51)
	at com.rackspace.search.elasticsearch.ElasticSearchServer.waitForYellowStatus(ElasticSearchServer.groovy:69)
	at com.rackspace.search.elasticsearch.ElasticSearchServer$waitForYellowStatus.call(Unknown Source)
	at com.rackspace.search.service.account.AccountOngoingSyncJob.setupJob(AccountOngoingSyncJob.groovy:96)
	at sun.reflect.NativeMethodAccessorImpl.invoke0(Native Method)
	at sun.reflect.NativeMethodAccessorImpl.invoke(NativeMethodAccessorImpl.java:39)
	at sun.reflect.DelegatingMethodAccessorImpl.invoke(DelegatingMethodAccessorImpl.java:25)
	at java.lang.reflect.Method.invoke(Method.java:597)
	at org.codehaus.groovy.reflection.CachedMethod.invoke(CachedMethod.java:90)
	at groovy.lang.MetaMethod.doMethodInvoke(MetaMethod.java:233)
	at groovy.lang.MetaClassImpl.invokeMethod(MetaClassImpl.java:1085)
	at org.codehaus.groovy.runtime.ScriptBytecodeAdapter.invokeMethodOnCurrentN(ScriptBytecodeAdapter.java:78)
	at com.rackspace.search.service.account.AccountOngoingSyncJob.this$dist$invoke$1(AccountOngoingSyncJob.groovy)
	at com.rackspace.search.service.account.AccountOngoingSyncJob$1.methodMissing(AccountOngoingSyncJob.groovy)
	at sun.reflect.NativeMethodAccessorImpl.invoke0(Native Method)
	at sun.reflect.NativeMethodAccessorImpl.invoke(NativeMethodAccessorImpl.java:39)
	at sun.reflect.DelegatingMethodAccessorImpl.invoke(DelegatingMethodAccessorImpl.java:25)
	at java.lang.reflect.Method.invoke(Method.java:597)
	at org.codehaus.groovy.reflection.CachedMethod.invoke(CachedMethod.java:90)
	at groovy.lang.MetaClassImpl.invokeMissingMethod(MetaClassImpl.java:837)
	at groovy.lang.MetaClassImpl.invokePropertyOrMissing(MetaClassImpl.java:1134)
	at groovy.lang.MetaClassImpl.invokeMethod(MetaClassImpl.java:1087)
	at groovy.lang.MetaClassImpl.invokeMethod(MetaClassImpl.java:909)
	at org.codehaus.groovy.runtime.callsite.PogoMetaClassSite.callCurrent(PogoMetaClassSite.java:66)
	at org.codehaus.groovy.runtime.callsite.AbstractCallSite.callCurrent(AbstractCallSite.java:137)
	at com.rackspace.search.service.account.AccountOngoingSyncJob$1.run(AccountOngoingSyncJob.groovy:78)
	at java.util.TimerThread.mainLoop(Timer.java:512)
	at java.util.TimerThread.run(Timer.java:462)
Exception in thread &quot;Timer-71&quot; org.elasticsearch.common.util.concurrent.EsRejectedExecutionException: rejected execution of [org.elasticsearch.action.support.master.TransportMasterNodeOperationAction$2]
	at org.elasticsearch.common.util.concurrent.EsAbortPolicy.rejectedExecution(EsAbortPolicy.java:35)
	at java.util.concurrent.ThreadPoolExecutor.reject(ThreadPoolExecutor.java:767)
	at java.util.concurrent.ThreadPoolExecutor.execute(ThreadPoolExecutor.java:658)
	at org.elasticsearch.action.support.master.TransportMasterNodeOperationAction.innerExecute(TransportMasterNodeOperationAction.java:132)
	at org.elasticsearch.action.support.master.TransportMasterNodeOperationAction.doExecute(TransportMasterNodeOperationAction.java:86)
	at org.elasticsearch.action.support.master.TransportMasterNodeOperationAction.doExecute(TransportMasterNodeOperationAction.java:42)
	at org.elasticsearch.action.support.TransportAction.execute(TransportAction.java:61)
	at org.elasticsearch.client.node.NodeClusterAdminClient.execute(NodeClusterAdminClient.java:72)
	at org.elasticsearch.client.support.AbstractClusterAdminClient.health(AbstractClusterAdminClient.java:83)
	at org.elasticsearch.action.admin.cluster.health.ClusterHealthRequestBuilder.doExecute(ClusterHealthRequestBuilder.java:98)
	at org.elasticsearch.action.ActionRequestBuilder.execute(ActionRequestBuilder.java:62)
	at org.elasticsearch.action.ActionRequestBuilder.execute(ActionRequestBuilder.java:57)
	at org.elasticsearch.action.ActionRequestBuilder$execute.call(Unknown Source)
	at com.rackspace.search.elasticsearch.ElasticSearchServer.getHealthInformation(ElasticSearchServer.groovy:55)
	at com.rackspace.search.elasticsearch.ElasticSearchServer.getHealthStatus(ElasticSearchServer.groovy:51)
	at com.rackspace.search.elasticsearch.ElasticSearchServer.waitForYellowStatus(ElasticSearchServer.groovy:69)
	at com.rackspace.search.elasticsearch.ElasticSearchServer$waitForYellowStatus.call(Unknown Source)
	at com.rackspace.search.service.core.CoreTicketOngoingSyncJob.setupJob(CoreTicketOnGoingSyncJob.groovy:89)
	at sun.reflect.NativeMethodAccessorImpl.invoke0(Native Method)
	at sun.reflect.NativeMethodAccessorImpl.invoke(NativeMethodAccessorImpl.java:39)
	at sun.reflect.DelegatingMethodAccessorImpl.invoke(DelegatingMethodAccessorImpl.java:25)
	at java.lang.reflect.Method.invoke(Method.java:597)
	at org.codehaus.groovy.reflection.CachedMethod.invoke(CachedMethod.java:90)
	at groovy.lang.MetaMethod.doMethodInvoke(MetaMethod.java:233)
	at groovy.lang.MetaClassImpl.invokeMethod(MetaClassImpl.java:1085)
	at org.codehaus.groovy.runtime.ScriptBytecodeAdapter.invokeMethodOnCurrentN(ScriptBytecodeAdapter.java:78)
	at com.rackspace.search.service.core.CoreTicketOngoingSyncJob.this$dist$invoke$1(CoreTicketOnGoingSyncJob.groovy)
	at com.rackspace.search.service.core.CoreTicketOngoingSyncJob$1.methodMissing(CoreTicketOnGoingSyncJob.groovy)
	at sun.reflect.NativeMethodAccessorImpl.invoke0(Native Method)
	at sun.reflect.NativeMethodAccessorImpl.invoke(NativeMethodAccessorImpl.java:39)
	at sun.reflect.DelegatingMethodAccessorImpl.invoke(DelegatingMethodAccessorImpl.java:25)
	at java.lang.reflect.Method.invoke(Method.java:597)
	at org.codehaus.groovy.reflection.CachedMethod.invoke(CachedMethod.java:90)
	at groovy.lang.MetaClassImpl.invokeMissingMethod(MetaClassImpl.java:837)
	at groovy.lang.MetaClassImpl.invokePropertyOrMissing(MetaClassImpl.java:1134)
	at groovy.lang.MetaClassImpl.invokeMethod(MetaClassImpl.java:1087)
	at groovy.lang.MetaClassImpl.invokeMethod(MetaClassImpl.java:909)
	at org.codehaus.groovy.runtime.callsite.PogoMetaClassSite.callCurrent(PogoMetaClassSite.java:66)
	at org.codehaus.groovy.runtime.callsite.AbstractCallSite.callCurrent(AbstractCallSite.java:137)
	at com.rackspace.search.service.core.CoreTicketOngoingSyncJob$1.run(CoreTicketOnGoingSyncJob.groovy:72)
	at java.util.TimerThread.mainLoop(Timer.java:512)
	at java.util.TimerThread.run(Timer.java:462)
Exception in thread &quot;Timer-74&quot; org.elasticsearch.common.util.concurrent.EsRejectedExecutionException: rejected execution of [org.elasticsearch.action.support.master.TransportMasterNodeOperationAction$2]
	at org.elasticsearch.common.util.concurrent.EsAbortPolicy.rejectedExecution(EsAbortPolicy.java:35)
	at java.util.concurrent.ThreadPoolExecutor.reject(ThreadPoolExecutor.java:767)
	at java.util.concurrent.ThreadPoolExecutor.execute(ThreadPoolExecutor.java:658)
	at org.elasticsearch.action.support.master.TransportMasterNodeOperationAction.innerExecute(TransportMasterNodeOperationAction.java:132)
	at org.elasticsearch.action.support.master.TransportMasterNodeOperationAction.doExecute(TransportMasterNodeOperationAction.java:86)
	at org.elasticsearch.action.support.master.TransportMasterNodeOperationAction.doExecute(TransportMasterNodeOperationAction.java:42)
	at org.elasticsearch.action.support.TransportAction.execute(TransportAction.java:61)
	at org.elasticsearch.client.node.NodeClusterAdminClient.execute(NodeClusterAdminClient.java:72)
	at org.elasticsearch.client.support.AbstractClusterAdminClient.health(AbstractClusterAdminClient.java:83)
	at org.elasticsearch.action.admin.cluster.health.ClusterHealthRequestBuilder.doExecute(ClusterHealthRequestBuilder.java:98)
	at org.elasticsearch.action.ActionRequestBuilder.execute(ActionRequestBuilder.java:62)
	at org.elasticsearch.action.ActionRequestBuilder.execute(ActionRequestBuilder.java:57)
	at org.elasticsearch.action.ActionRequestBuilder$execute.call(Unknown Source)
	at com.rackspace.search.elasticsearch.ElasticSearchServer.getHealthInformation(ElasticSearchServer.groovy:55)
	at com.rackspace.search.elasticsearch.ElasticSearchServer.getHealthStatus(ElasticSearchServer.groovy:51)
	at com.rackspace.search.elasticsearch.ElasticSearchServer.waitForYellowStatus(ElasticSearchServer.groovy:69)
	at com.rackspace.search.elasticsearch.ElasticSearchServer$waitForYellowStatus.call(Unknown Source)
	at com.rackspace.search.service.core.CoreTicketSecondPassSyncJob.setupJob(CoreTicketSecondPassSyncJob.groovy:90)
	at com.rackspace.search.service.core.CoreTicketSecondPassSyncJob.this$2$setupJob(CoreTicketSecondPassSyncJob.groovy)
	at sun.reflect.NativeMethodAccessorImpl.invoke0(Native Method)
	at sun.reflect.NativeMethodAccessorImpl.invoke(NativeMethodAccessorImpl.java:39)
	at sun.reflect.DelegatingMethodAccessorImpl.invoke(DelegatingMethodAccessorImpl.java:25)
	at java.lang.reflect.Method.invoke(Method.java:597)
	at org.codehaus.groovy.reflection.CachedMethod.invoke(CachedMethod.java:90)
	at groovy.lang.MetaMethod.doMethodInvoke(MetaMethod.java:233)
	at groovy.lang.MetaClassImpl.invokeMethod(MetaClassImpl.java:1085)
	at org.codehaus.groovy.runtime.ScriptBytecodeAdapter.invokeMethodOnCurrentN(ScriptBytecodeAdapter.java:78)
	at com.rackspace.search.service.core.CoreTicketSecondPassSyncJob.this$dist$invoke$1(CoreTicketSecondPassSyncJob.groovy)
	at com.rackspace.search.service.core.CoreTicketSecondPassSyncJob$1.methodMissing(CoreTicketSecondPassSyncJob.groovy)
	at sun.reflect.NativeMethodAccessorImpl.invoke0(Native Method)
	at sun.reflect.NativeMethodAccessorImpl.invoke(NativeMethodAccessorImpl.java:39)
	at sun.reflect.DelegatingMethodAccessorImpl.invoke(DelegatingMethodAccessorImpl.java:25)
	at java.lang.reflect.Method.invoke(Method.java:597)
	at org.codehaus.groovy.reflection.CachedMethod.invoke(CachedMethod.java:90)
	at groovy.lang.MetaClassImpl.invokeMissingMethod(MetaClassImpl.java:837)
	at groovy.lang.MetaClassImpl.invokePropertyOrMissing(MetaClassImpl.java:1134)
	at groovy.lang.MetaClassImpl.invokeMethod(MetaClassImpl.java:1087)
	at groovy.lang.MetaClassImpl.invokeMethod(MetaClassImpl.java:909)
	at org.codehaus.groovy.runtime.callsite.PogoMetaClassSite.callCurrent(PogoMetaClassSite.java:66)
	at org.codehaus.groovy.runtime.callsite.AbstractCallSite.callCurrent(AbstractCallSite.java:137)
	at com.rackspace.search.service.core.CoreTicketSecondPassSyncJob$1.run(CoreTicketSecondPassSyncJob.groovy:74)
	at java.util.TimerThread.mainLoop(Timer.java:512)
	at java.util.TimerThread.run(Timer.java:462)
Exception in thread &quot;Timer-75&quot; org.elasticsearch.common.util.concurrent.EsRejectedExecutionException: rejected execution of [org.elasticsearch.action.support.master.TransportMasterNodeOperationAction$2]
	at org.elasticsearch.common.util.concurrent.EsAbortPolicy.rejectedExecution(EsAbortPolicy.java:35)
	at java.util.concurrent.ThreadPoolExecutor.reject(ThreadPoolExecutor.java:767)
	at java.util.concurrent.ThreadPoolExecutor.execute(ThreadPoolExecutor.java:658)
	at org.elasticsearch.action.support.master.TransportMasterNodeOperationAction.innerExecute(TransportMasterNodeOperationAction.java:132)
	at org.elasticsearch.action.support.master.TransportMasterNodeOperationAction.doExecute(TransportMasterNodeOperationAction.java:86)
	at org.elasticsearch.action.support.master.TransportMasterNodeOperationAction.doExecute(TransportMasterNodeOperationAction.java:42)
	at org.elasticsearch.action.support.TransportAction.execute(TransportAction.java:61)
	at org.elasticsearch.client.node.NodeClusterAdminClient.execute(NodeClusterAdminClient.java:72)
	at org.elasticsearch.client.support.AbstractClusterAdminClient.health(AbstractClusterAdminClient.java:83)
	at org.elasticsearch.action.admin.cluster.health.ClusterHealthRequestBuilder.doExecute(ClusterHealthRequestBuilder.java:98)
	at org.elasticsearch.action.ActionRequestBuilder.execute(ActionRequestBuilder.java:62)
	at org.elasticsearch.action.ActionRequestBuilder.execute(ActionRequestBuilder.java:57)
	at org.elasticsearch.action.ActionRequestBuilder$execute.call(Unknown Source)
	at com.rackspace.search.elasticsearch.ElasticSearchServer.getHealthInformation(ElasticSearchServer.groovy:55)
	at com.rackspace.search.elasticsearch.ElasticSearchServer.getHealthStatus(ElasticSearchServer.groovy:51)
	at com.rackspace.search.elasticsearch.ElasticSearchServer.waitForYellowStatus(ElasticSearchServer.groovy:69)
	at com.rackspace.search.elasticsearch.ElasticSearchServer$waitForYellowStatus.call(Unknown Source)
	at com.rackspace.search.service.account.CoreAccountUpdateSyncJob.setupJob(CoreAccountUpdateSyncJob.groovy:95)
	at com.rackspace.search.service.account.CoreAccountUpdateSyncJob.this$2$setupJob(CoreAccountUpdateSyncJob.groovy)
	at sun.reflect.NativeMethodAccessorImpl.invoke0(Native Method)
	at sun.reflect.NativeMethodAccessorImpl.invoke(NativeMethodAccessorImpl.java:39)
	at sun.reflect.DelegatingMethodAccessorImpl.invoke(DelegatingMethodAccessorImpl.java:25)
	at java.lang.reflect.Method.invoke(Method.java:597)
	at org.codehaus.groovy.reflection.CachedMethod.invoke(CachedMethod.java:90)
	at groovy.lang.MetaMethod.doMethodInvoke(MetaMethod.java:233)
	at groovy.lang.MetaClassImpl.invokeMethod(MetaClassImpl.java:1085)
	at org.codehaus.groovy.runtime.ScriptBytecodeAdapter.invokeMethodOnCurrentN(ScriptBytecodeAdapter.java:78)
	at com.rackspace.search.service.account.CoreAccountUpdateSyncJob.this$dist$invoke$1(CoreAccountUpdateSyncJob.groovy)
	at com.rackspace.search.service.account.CoreAccountUpdateSyncJob$1.methodMissing(CoreAccountUpdateSyncJob.groovy)
	at sun.reflect.NativeMethodAccessorImpl.invoke0(Native Method)
	at sun.reflect.NativeMethodAccessorImpl.invoke(NativeMethodAccessorImpl.java:39)
	at sun.reflect.DelegatingMethodAccessorImpl.invoke(DelegatingMethodAccessorImpl.java:25)
	at java.lang.reflect.Method.invoke(Method.java:597)
	at org.codehaus.groovy.reflection.CachedMethod.invoke(CachedMethod.java:90)
	at groovy.lang.MetaClassImpl.invokeMissingMethod(MetaClassImpl.java:837)
	at groovy.lang.MetaClassImpl.invokePropertyOrMissing(MetaClassImpl.java:1134)
	at groovy.lang.MetaClassImpl.invokeMethod(MetaClassImpl.java:1087)
	at groovy.lang.MetaClassImpl.invokeMethod(MetaClassImpl.java:909)
	at org.codehaus.groovy.runtime.callsite.PogoMetaClassSite.callCurrent(PogoMetaClassSite.java:66)
	at org.codehaus.groovy.runtime.callsite.AbstractCallSite.callCurrent(AbstractCallSite.java:137)
	at com.rackspace.search.service.account.CoreAccountUpdateSyncJob$1.run(CoreAccountUpdateSyncJob.groovy:78)
	at java.util.TimerThread.mainLoop(Timer.java:512)
	at java.util.TimerThread.run(Timer.java:462)
Exception in thread &quot;Timer-76&quot; org.elasticsearch.common.util.concurrent.EsRejectedExecutionException: rejected execution of [org.elasticsearch.action.support.master.TransportMasterNodeOperationAction$2]
	at org.elasticsearch.common.util.concurrent.EsAbortPolicy.rejectedExecution(EsAbortPolicy.java:35)
	at java.util.concurrent.ThreadPoolExecutor.reject(ThreadPoolExecutor.java:767)
	at java.util.concurrent.ThreadPoolExecutor.execute(ThreadPoolExecutor.java:658)
	at org.elasticsearch.action.support.master.TransportMasterNodeOperationAction.innerExecute(TransportMasterNodeOperationAction.java:132)
	at org.elasticsearch.action.support.master.TransportMasterNodeOperationAction.doExecute(TransportMasterNodeOperationAction.java:86)
	at org.elasticsearch.action.support.master.TransportMasterNodeOperationAction.doExecute(TransportMasterNodeOperationAction.java:42)
	at org.elasticsearch.action.support.TransportAction.execute(TransportAction.java:61)
	at org.elasticsearch.client.node.NodeClusterAdminClient.execute(NodeClusterAdminClient.java:72)
	at org.elasticsearch.client.support.AbstractClusterAdminClient.health(AbstractClusterAdminClient.java:83)
	at org.elasticsearch.action.admin.cluster.health.ClusterHealthRequestBuilder.doExecute(ClusterHealthRequestBuilder.java:98)
	at org.elasticsearch.action.ActionRequestBuilder.execute(ActionRequestBuilder.java:62)
	at org.elasticsearch.action.ActionRequestBuilder.execute(ActionRequestBuilder.java:57)
	at org.elasticsearch.action.ActionRequestBuilder$execute.call(Unknown Source)
	at com.rackspace.search.elasticsearch.ElasticSearchServer.getHealthInformation(ElasticSearchServer.groovy:55)
	at com.rackspace.search.elasticsearch.ElasticSearchServer.getHealthStatus(ElasticSearchServer.groovy:51)
	at com.rackspace.search.elasticsearch.ElasticSearchServer.waitForYellowStatus(ElasticSearchServer.groovy:69)
	at com.rackspace.search.elasticsearch.ElasticSearchServer$waitForYellowStatus.call(Unknown Source)
	at com.rackspace.search.service.admin.AccountOndemandSyncJob.setupJob(AccountOndemandSyncJob.groovy:126)
	at sun.reflect.NativeMethodAccessorImpl.invoke0(Native Method)
	at sun.reflect.NativeMethodAccessorImpl.invoke(NativeMethodAccessorImpl.java:39)
	at sun.reflect.DelegatingMethodAccessorImpl.invoke(DelegatingMethodAccessorImpl.java:25)
	at java.lang.reflect.Method.invoke(Method.java:597)
	at org.codehaus.groovy.reflection.CachedMethod.invoke(CachedMethod.java:90)
	at groovy.lang.MetaMethod.doMethodInvoke(MetaMethod.java:233)
	at groovy.lang.MetaClassImpl.invokeMethod(MetaClassImpl.java:1085)
	at org.codehaus.groovy.runtime.ScriptBytecodeAdapter.invokeMethodOnCurrentN(ScriptBytecodeAdapter.java:78)
	at com.rackspace.search.service.admin.AccountOndemandSyncJob.this$dist$invoke$1(AccountOndemandSyncJob.groovy)
	at com.rackspace.search.service.admin.AccountOndemandSyncJob$1.methodMissing(AccountOndemandSyncJob.groovy)
	at sun.reflect.NativeMethodAccessorImpl.invoke0(Native Method)
	at sun.reflect.NativeMethodAccessorImpl.invoke(NativeMethodAccessorImpl.java:39)
	at sun.reflect.DelegatingMethodAccessorImpl.invoke(DelegatingMethodAccessorImpl.java:25)
	at java.lang.reflect.Method.invoke(Method.java:597)
	at org.codehaus.groovy.reflection.CachedMethod.invoke(CachedMethod.java:90)
	at groovy.lang.MetaClassImpl.invokeMissingMethod(MetaClassImpl.java:837)
	at groovy.lang.MetaClassImpl.invokePropertyOrMissing(MetaClassImpl.java:1134)
	at groovy.lang.MetaClassImpl.invokeMethod(MetaClassImpl.java:1087)
	at groovy.lang.MetaClassImpl.invokeMethod(MetaClassImpl.java:909)
	at org.codehaus.groovy.runtime.callsite.PogoMetaClassSite.callCurrent(PogoMetaClassSite.java:66)
	at org.codehaus.groovy.runtime.callsite.AbstractCallSite.callCurrent(AbstractCallSite.java:137)
	at com.rackspace.search.service.admin.AccountOndemandSyncJob$1.run(AccountOndemandSyncJob.groovy:110)
	at java.util.TimerThread.mainLoop(Timer.java:512)
	at java.util.TimerThread.run(Timer.java:462)
</stderr>
          <failedSince>7</failedSince>
        </case>
        <case>
          <duration>6.372</duration>
          <className>com.rackspace.search.elasticsearch.client.ElasticSearchClientTest</className>
          <testName>test sort tickets with single &amp; multiple values</testName>
          <skipped>false</skipped>
          <errorStackTrace>java.lang.NullPointerException: Cannot invoke method getClient() on null object
	at com.rackspace.search.elasticsearch.client.ElasticSearchClientTest.cleanup(ElasticSearchClientTest.groovy:92)
</errorStackTrace>
          <errorDetails>Cannot invoke method getClient() on null object</errorDetails>
          <failedSince>7</failedSince>
        </case>
        <case>
          <duration>6.326</duration>
          <className>com.rackspace.search.elasticsearch.client.ElasticSearchClientTest</className>
          <testName>test sort tickets for Priority field without sorting order</testName>
          <skipped>false</skipped>
          <errorStackTrace>java.lang.IllegalStateException: Failed to load ApplicationContext
	at org.springframework.test.context.TestContext.getApplicationContext(TestContext.java:308)
	at org.springframework.test.context.support.DependencyInjectionTestExecutionListener.injectDependencies(DependencyInjectionTestExecutionListener.java:109)
	at org.springframework.test.context.support.DependencyInjectionTestExecutionListener.prepareTestInstance(DependencyInjectionTestExecutionListener.java:75)
	at org.springframework.test.context.TestContextManager.prepareTestInstance(TestContextManager.java:321)
	at org.spockframework.spring.SpringTestContextManager.prepareTestInstance(SpringTestContextManager.java:49)
	at org.spockframework.spring.SpringInterceptor.interceptSetupMethod(SpringInterceptor.java:42)
	at org.spockframework.runtime.extension.AbstractMethodInterceptor.intercept(AbstractMethodInterceptor.java:28)
	at org.spockframework.runtime.extension.MethodInvocation.proceed(MethodInvocation.java:84)
	at org.spockframework.util.ReflectionUtil.invokeMethod(ReflectionUtil.java:138)
	at org.spockframework.util.ReflectionUtil.invokeMethod(ReflectionUtil.java:138)
	at org.spockframework.util.ReflectionUtil.invokeMethod(ReflectionUtil.java:138)
	at org.apache.maven.surefire.junit4.JUnit4TestSet.execute(JUnit4TestSet.java:53)
	at org.apache.maven.surefire.junit4.JUnit4Provider.executeTestSet(JUnit4Provider.java:123)
	at org.apache.maven.surefire.junit4.JUnit4Provider.invoke(JUnit4Provider.java:104)
	at org.apache.maven.surefire.util.ReflectionUtils.invokeMethodWithArray(ReflectionUtils.java:164)
	at org.apache.maven.surefire.booter.ProviderFactory$ProviderProxy.invoke(ProviderFactory.java:110)
	at org.apache.maven.surefire.booter.SurefireStarter.invokeProvider(SurefireStarter.java:175)
	at org.apache.maven.surefire.booter.SurefireStarter.runSuitesInProcessWhenForked(SurefireStarter.java:107)
	at org.apache.maven.surefire.booter.ForkedBooter.main(ForkedBooter.java:68)
Caused by: org.springframework.beans.factory.BeanCreationException: Error creating bean with name &apos;jobResource&apos;: Injection of autowired dependencies failed; nested exception is org.springframework.beans.factory.BeanCreationException: Could not autowire field: private com.rackspace.search.service.zendesk.ZendeskTicketOngoingSyncJob com.rackspace.search.endpoint.JobResource.zendeskTicketOngoingSyncJob; nested exception is org.springframework.beans.factory.BeanCreationException: Error creating bean with name &apos;zendeskTicketOngoingSyncJob&apos;: Injection of autowired dependencies failed; nested exception is org.springframework.beans.factory.BeanCreationException: Could not autowire field: private com.rackspace.search.service.zendesk.ZendeskTicketOngoingSyncActor com.rackspace.search.service.zendesk.ZendeskTicketOngoingSyncJob.ticketActor; nested exception is org.springframework.beans.factory.BeanCreationException: Error creating bean with name &apos;zendeskTicketOngoingSyncActor&apos;: Injection of autowired dependencies failed; nested exception is org.springframework.beans.factory.BeanCreationException: Could not autowire field: private com.rackspace.search.service.zendesk.ZendeskTicketProcessor com.rackspace.search.service.zendesk.ZendeskTicketOngoingSyncActor.zendeskTicketProcessor; nested exception is org.springframework.beans.factory.BeanCreationException: Error creating bean with name &apos;zendeskTicketProcessor&apos;: Injection of autowired dependencies failed; nested exception is org.springframework.beans.factory.BeanCreationException: Could not autowire field: private java.lang.Object com.rackspace.search.service.zendesk.ZendeskTicketProcessor.zendeskIndexName; nested exception is java.lang.IllegalArgumentException: Could not resolve placeholder &apos;zendesk.index.name&apos;
	at org.springframework.beans.factory.annotation.AutowiredAnnotationBeanPostProcessor.postProcessPropertyValues(AutowiredAnnotationBeanPostProcessor.java:288)
	at org.springframework.beans.factory.support.AbstractAutowireCapableBeanFactory.populateBean(AbstractAutowireCapableBeanFactory.java:1074)
	at org.springframework.beans.factory.support.AbstractAutowireCapableBeanFactory.doCreateBean(AbstractAutowireCapableBeanFactory.java:517)
	at org.springframework.beans.factory.support.AbstractAutowireCapableBeanFactory.createBean(AbstractAutowireCapableBeanFactory.java:456)
	at org.springframework.beans.factory.support.AbstractBeanFactory$1.getObject(AbstractBeanFactory.java:293)
	at org.springframework.beans.factory.support.DefaultSingletonBeanRegistry.getSingleton(DefaultSingletonBeanRegistry.java:222)
	at org.springframework.beans.factory.support.AbstractBeanFactory.doGetBean(AbstractBeanFactory.java:290)
	at org.springframework.beans.factory.support.AbstractBeanFactory.getBean(AbstractBeanFactory.java:192)
	at org.springframework.beans.factory.support.DefaultListableBeanFactory.preInstantiateSingletons(DefaultListableBeanFactory.java:585)
	at org.springframework.context.support.AbstractApplicationContext.finishBeanFactoryInitialization(AbstractApplicationContext.java:895)
	at org.springframework.context.support.AbstractApplicationContext.refresh(AbstractApplicationContext.java:425)
	at org.springframework.test.context.support.AbstractGenericContextLoader.loadContext(AbstractGenericContextLoader.java:84)
	at org.springframework.test.context.support.AbstractGenericContextLoader.loadContext(AbstractGenericContextLoader.java:1)
	at org.springframework.test.context.TestContext.loadApplicationContext(TestContext.java:280)
	at org.springframework.test.context.TestContext.getApplicationContext(TestContext.java:304)
	... 18 more
Caused by: org.springframework.beans.factory.BeanCreationException: Could not autowire field: private com.rackspace.search.service.zendesk.ZendeskTicketOngoingSyncJob com.rackspace.search.endpoint.JobResource.zendeskTicketOngoingSyncJob; nested exception is org.springframework.beans.factory.BeanCreationException: Error creating bean with name &apos;zendeskTicketOngoingSyncJob&apos;: Injection of autowired dependencies failed; nested exception is org.springframework.beans.factory.BeanCreationException: Could not autowire field: private com.rackspace.search.service.zendesk.ZendeskTicketOngoingSyncActor com.rackspace.search.service.zendesk.ZendeskTicketOngoingSyncJob.ticketActor; nested exception is org.springframework.beans.factory.BeanCreationException: Error creating bean with name &apos;zendeskTicketOngoingSyncActor&apos;: Injection of autowired dependencies failed; nested exception is org.springframework.beans.factory.BeanCreationException: Could not autowire field: private com.rackspace.search.service.zendesk.ZendeskTicketProcessor com.rackspace.search.service.zendesk.ZendeskTicketOngoingSyncActor.zendeskTicketProcessor; nested exception is org.springframework.beans.factory.BeanCreationException: Error creating bean with name &apos;zendeskTicketProcessor&apos;: Injection of autowired dependencies failed; nested exception is org.springframework.beans.factory.BeanCreationException: Could not autowire field: private java.lang.Object com.rackspace.search.service.zendesk.ZendeskTicketProcessor.zendeskIndexName; nested exception is java.lang.IllegalArgumentException: Could not resolve placeholder &apos;zendesk.index.name&apos;
	at org.springframework.beans.factory.annotation.AutowiredAnnotationBeanPostProcessor$AutowiredFieldElement.inject(AutowiredAnnotationBeanPostProcessor.java:508)
	at org.springframework.beans.factory.annotation.InjectionMetadata.inject(InjectionMetadata.java:84)
	at org.springframework.beans.factory.annotation.AutowiredAnnotationBeanPostProcessor.postProcessPropertyValues(AutowiredAnnotationBeanPostProcessor.java:285)
	... 32 more
Caused by: org.springframework.beans.factory.BeanCreationException: Error creating bean with name &apos;zendeskTicketOngoingSyncJob&apos;: Injection of autowired dependencies failed; nested exception is org.springframework.beans.factory.BeanCreationException: Could not autowire field: private com.rackspace.search.service.zendesk.ZendeskTicketOngoingSyncActor com.rackspace.search.service.zendesk.ZendeskTicketOngoingSyncJob.ticketActor; nested exception is org.springframework.beans.factory.BeanCreationException: Error creating bean with name &apos;zendeskTicketOngoingSyncActor&apos;: Injection of autowired dependencies failed; nested exception is org.springframework.beans.factory.BeanCreationException: Could not autowire field: private com.rackspace.search.service.zendesk.ZendeskTicketProcessor com.rackspace.search.service.zendesk.ZendeskTicketOngoingSyncActor.zendeskTicketProcessor; nested exception is org.springframework.beans.factory.BeanCreationException: Error creating bean with name &apos;zendeskTicketProcessor&apos;: Injection of autowired dependencies failed; nested exception is org.springframework.beans.factory.BeanCreationException: Could not autowire field: private java.lang.Object com.rackspace.search.service.zendesk.ZendeskTicketProcessor.zendeskIndexName; nested exception is java.lang.IllegalArgumentException: Could not resolve placeholder &apos;zendesk.index.name&apos;
	at org.springframework.beans.factory.annotation.AutowiredAnnotationBeanPostProcessor.postProcessPropertyValues(AutowiredAnnotationBeanPostProcessor.java:288)
	at org.springframework.beans.factory.support.AbstractAutowireCapableBeanFactory.populateBean(AbstractAutowireCapableBeanFactory.java:1074)
	at org.springframework.beans.factory.support.AbstractAutowireCapableBeanFactory.doCreateBean(AbstractAutowireCapableBeanFactory.java:517)
	at org.springframework.beans.factory.support.AbstractAutowireCapableBeanFactory.createBean(AbstractAutowireCapableBeanFactory.java:456)
	at org.springframework.beans.factory.support.AbstractBeanFactory$1.getObject(AbstractBeanFactory.java:293)
	at org.springframework.beans.factory.support.DefaultSingletonBeanRegistry.getSingleton(DefaultSingletonBeanRegistry.java:222)
	at org.springframework.beans.factory.support.AbstractBeanFactory.doGetBean(AbstractBeanFactory.java:290)
	at org.springframework.beans.factory.support.AbstractBeanFactory.getBean(AbstractBeanFactory.java:192)
	at org.springframework.beans.factory.support.DefaultListableBeanFactory.findAutowireCandidates(DefaultListableBeanFactory.java:848)
	at org.springframework.beans.factory.support.DefaultListableBeanFactory.doResolveDependency(DefaultListableBeanFactory.java:790)
	at org.springframework.beans.factory.support.DefaultListableBeanFactory.resolveDependency(DefaultListableBeanFactory.java:707)
	at org.springframework.beans.factory.annotation.AutowiredAnnotationBeanPostProcessor$AutowiredFieldElement.inject(AutowiredAnnotationBeanPostProcessor.java:480)
	... 34 more
Caused by: org.springframework.beans.factory.BeanCreationException: Could not autowire field: private com.rackspace.search.service.zendesk.ZendeskTicketOngoingSyncActor com.rackspace.search.service.zendesk.ZendeskTicketOngoingSyncJob.ticketActor; nested exception is org.springframework.beans.factory.BeanCreationException: Error creating bean with name &apos;zendeskTicketOngoingSyncActor&apos;: Injection of autowired dependencies failed; nested exception is org.springframework.beans.factory.BeanCreationException: Could not autowire field: private com.rackspace.search.service.zendesk.ZendeskTicketProcessor com.rackspace.search.service.zendesk.ZendeskTicketOngoingSyncActor.zendeskTicketProcessor; nested exception is org.springframework.beans.factory.BeanCreationException: Error creating bean with name &apos;zendeskTicketProcessor&apos;: Injection of autowired dependencies failed; nested exception is org.springframework.beans.factory.BeanCreationException: Could not autowire field: private java.lang.Object com.rackspace.search.service.zendesk.ZendeskTicketProcessor.zendeskIndexName; nested exception is java.lang.IllegalArgumentException: Could not resolve placeholder &apos;zendesk.index.name&apos;
	at org.springframework.beans.factory.annotation.AutowiredAnnotationBeanPostProcessor$AutowiredFieldElement.inject(AutowiredAnnotationBeanPostProcessor.java:508)
	at org.springframework.beans.factory.annotation.InjectionMetadata.inject(InjectionMetadata.java:84)
	at org.springframework.beans.factory.annotation.AutowiredAnnotationBeanPostProcessor.postProcessPropertyValues(AutowiredAnnotationBeanPostProcessor.java:285)
	... 45 more
Caused by: org.springframework.beans.factory.BeanCreationException: Error creating bean with name &apos;zendeskTicketOngoingSyncActor&apos;: Injection of autowired dependencies failed; nested exception is org.springframework.beans.factory.BeanCreationException: Could not autowire field: private com.rackspace.search.service.zendesk.ZendeskTicketProcessor com.rackspace.search.service.zendesk.ZendeskTicketOngoingSyncActor.zendeskTicketProcessor; nested exception is org.springframework.beans.factory.BeanCreationException: Error creating bean with name &apos;zendeskTicketProcessor&apos;: Injection of autowired dependencies failed; nested exception is org.springframework.beans.factory.BeanCreationException: Could not autowire field: private java.lang.Object com.rackspace.search.service.zendesk.ZendeskTicketProcessor.zendeskIndexName; nested exception is java.lang.IllegalArgumentException: Could not resolve placeholder &apos;zendesk.index.name&apos;
	at org.springframework.beans.factory.annotation.AutowiredAnnotationBeanPostProcessor.postProcessPropertyValues(AutowiredAnnotationBeanPostProcessor.java:288)
	at org.springframework.beans.factory.support.AbstractAutowireCapableBeanFactory.populateBean(AbstractAutowireCapableBeanFactory.java:1074)
	at org.springframework.beans.factory.support.AbstractAutowireCapableBeanFactory.doCreateBean(AbstractAutowireCapableBeanFactory.java:517)
	at org.springframework.beans.factory.support.AbstractAutowireCapableBeanFactory.createBean(AbstractAutowireCapableBeanFactory.java:456)
	at org.springframework.beans.factory.support.AbstractBeanFactory$1.getObject(AbstractBeanFactory.java:293)
	at org.springframework.beans.factory.support.DefaultSingletonBeanRegistry.getSingleton(DefaultSingletonBeanRegistry.java:222)
	at org.springframework.beans.factory.support.AbstractBeanFactory.doGetBean(AbstractBeanFactory.java:290)
	at org.springframework.beans.factory.support.AbstractBeanFactory.getBean(AbstractBeanFactory.java:192)
	at org.springframework.beans.factory.support.DefaultListableBeanFactory.findAutowireCandidates(DefaultListableBeanFactory.java:848)
	at org.springframework.beans.factory.support.DefaultListableBeanFactory.doResolveDependency(DefaultListableBeanFactory.java:790)
	at org.springframework.beans.factory.support.DefaultListableBeanFactory.resolveDependency(DefaultListableBeanFactory.java:707)
	at org.springframework.beans.factory.annotation.AutowiredAnnotationBeanPostProcessor$AutowiredFieldElement.inject(AutowiredAnnotationBeanPostProcessor.java:480)
	... 47 more
Caused by: org.springframework.beans.factory.BeanCreationException: Could not autowire field: private com.rackspace.search.service.zendesk.ZendeskTicketProcessor com.rackspace.search.service.zendesk.ZendeskTicketOngoingSyncActor.zendeskTicketProcessor; nested exception is org.springframework.beans.factory.BeanCreationException: Error creating bean with name &apos;zendeskTicketProcessor&apos;: Injection of autowired dependencies failed; nested exception is org.springframework.beans.factory.BeanCreationException: Could not autowire field: private java.lang.Object com.rackspace.search.service.zendesk.ZendeskTicketProcessor.zendeskIndexName; nested exception is java.lang.IllegalArgumentException: Could not resolve placeholder &apos;zendesk.index.name&apos;
	at org.springframework.beans.factory.annotation.AutowiredAnnotationBeanPostProcessor$AutowiredFieldElement.inject(AutowiredAnnotationBeanPostProcessor.java:508)
	at org.springframework.beans.factory.annotation.InjectionMetadata.inject(InjectionMetadata.java:84)
	at org.springframework.beans.factory.annotation.AutowiredAnnotationBeanPostProcessor.postProcessPropertyValues(AutowiredAnnotationBeanPostProcessor.java:285)
	... 58 more
Caused by: org.springframework.beans.factory.BeanCreationException: Error creating bean with name &apos;zendeskTicketProcessor&apos;: Injection of autowired dependencies failed; nested exception is org.springframework.beans.factory.BeanCreationException: Could not autowire field: private java.lang.Object com.rackspace.search.service.zendesk.ZendeskTicketProcessor.zendeskIndexName; nested exception is java.lang.IllegalArgumentException: Could not resolve placeholder &apos;zendesk.index.name&apos;
	at org.springframework.beans.factory.annotation.AutowiredAnnotationBeanPostProcessor.postProcessPropertyValues(AutowiredAnnotationBeanPostProcessor.java:288)
	at org.springframework.beans.factory.support.AbstractAutowireCapableBeanFactory.populateBean(AbstractAutowireCapableBeanFactory.java:1074)
	at org.springframework.beans.factory.support.AbstractAutowireCapableBeanFactory.doCreateBean(AbstractAutowireCapableBeanFactory.java:517)
	at org.springframework.beans.factory.support.AbstractAutowireCapableBeanFactory.createBean(AbstractAutowireCapableBeanFactory.java:456)
	at org.springframework.beans.factory.support.AbstractBeanFactory$1.getObject(AbstractBeanFactory.java:293)
	at org.springframework.beans.factory.support.DefaultSingletonBeanRegistry.getSingleton(DefaultSingletonBeanRegistry.java:222)
	at org.springframework.beans.factory.support.AbstractBeanFactory.doGetBean(AbstractBeanFactory.java:290)
	at org.springframework.beans.factory.support.AbstractBeanFactory.getBean(AbstractBeanFactory.java:192)
	at org.springframework.beans.factory.support.DefaultListableBeanFactory.findAutowireCandidates(DefaultListableBeanFactory.java:848)
	at org.springframework.beans.factory.support.DefaultListableBeanFactory.doResolveDependency(DefaultListableBeanFactory.java:790)
	at org.springframework.beans.factory.support.DefaultListableBeanFactory.resolveDependency(DefaultListableBeanFactory.java:707)
	at org.springframework.beans.factory.annotation.AutowiredAnnotationBeanPostProcessor$AutowiredFieldElement.inject(AutowiredAnnotationBeanPostProcessor.java:480)
	... 60 more
Caused by: org.springframework.beans.factory.BeanCreationException: Could not autowire field: private java.lang.Object com.rackspace.search.service.zendesk.ZendeskTicketProcessor.zendeskIndexName; nested exception is java.lang.IllegalArgumentException: Could not resolve placeholder &apos;zendesk.index.name&apos;
	at org.springframework.beans.factory.annotation.AutowiredAnnotationBeanPostProcessor$AutowiredFieldElement.inject(AutowiredAnnotationBeanPostProcessor.java:508)
	at org.springframework.beans.factory.annotation.InjectionMetadata.inject(InjectionMetadata.java:84)
	at org.springframework.beans.factory.annotation.AutowiredAnnotationBeanPostProcessor.postProcessPropertyValues(AutowiredAnnotationBeanPostProcessor.java:285)
	... 71 more
Caused by: java.lang.IllegalArgumentException: Could not resolve placeholder &apos;zendesk.index.name&apos;
	at org.springframework.util.PropertyPlaceholderHelper.parseStringValue(PropertyPlaceholderHelper.java:173)
	at org.springframework.util.PropertyPlaceholderHelper.replacePlaceholders(PropertyPlaceholderHelper.java:125)
	at org.springframework.beans.factory.config.PropertyPlaceholderConfigurer$PlaceholderResolvingStringValueResolver.resolveStringValue(PropertyPlaceholderConfigurer.java:403)
	at org.springframework.beans.factory.support.AbstractBeanFactory.resolveEmbeddedValue(AbstractBeanFactory.java:747)
	at org.springframework.beans.factory.support.DefaultListableBeanFactory.doResolveDependency(DefaultListableBeanFactory.java:717)
	at org.springframework.beans.factory.support.DefaultListableBeanFactory.resolveDependency(DefaultListableBeanFactory.java:707)
	at org.springframework.beans.factory.annotation.AutowiredAnnotationBeanPostProcessor$AutowiredFieldElement.inject(AutowiredAnnotationBeanPostProcessor.java:480)
	... 73 more
</errorStackTrace>
          <errorDetails>Failed to load ApplicationContext</errorDetails>
          <stdout>22:05:31.527 [main] INFO  c.r.s.common.property.PropertyProvider - Loading properties file from file [/var/lib/jenkins/jobs/Samatha Fork/workspace/service/target/properties/local/search.properties]
22:05:31.527 [main] INFO  c.r.s.common.property.PropertyProvider - Loading properties file from file [/var/lib/jenkins/jobs/Samatha Fork/workspace/service/target/properties/local/search.secrets.properties]
22:05:31.527 [main] INFO  c.r.s.common.property.PropertyProvider - Loading properties file from file [/var/lib/jenkins/jobs/Samatha Fork/workspace/service/target/properties/local/elasticsearch.properties]
22:05:31.547 [main] INFO  c.r.s.elasticsearch.ElasticSearchServer - Starting the Elastic Search server node:
22:05:31.550 [main] INFO  org.elasticsearch.node - [ticket.node] {0.90.2}[25471]: initializing ...
22:05:31.551 [main] INFO  org.elasticsearch.plugins - [ticket.node] loaded [action-updatebyquery], sites []
22:05:31.948 [main] INFO  org.elasticsearch.node - [ticket.node] {0.90.2}[25471]: initialized
22:05:31.948 [main] INFO  c.r.s.elasticsearch.ElasticSearchServer - Starting the Elastic Search server node with these settings:
22:05:31.952 [main] INFO  c.r.s.elasticsearch.ElasticSearchServer - Elasticsearch Settings :  [elastic.config.path:/var/lib/jenkins/jobs/Samatha Fork/workspace/service/target/properties/local/elasticsearch, path.data:/var/lib/jenkins/jobs/Samatha Fork/workspace/service/target/elasticsearch/data, cluster.name:ticket.cluster, ticket.search.allowedNestedParams:account.contacts.name,account.contacts.role,account.contacts.sso, core.secondpass.lookbacktime.minutes:15, http.connection.timeout.in.milliseconds:65000, index.analysis.analyzer.search_standard.type:standard, cluster.health.check.wait.time.seconds:120, path.conf:/var/lib/jenkins/jobs/Samatha Fork/workspace/service/target/properties/local/elasticsearch, syncRequest.max.documents.size:250, ticket.ongoingsync.delay.seconds:2, core.account.caching.enabled:true, path.logs:/var/lib/jenkins/jobs/Samatha Fork/workspace/service/target/elasticsearch/logs, http.enabled:true, ticket.document.idName:number, core.api.endpoint:https://ws.integration.core.rackspace.com/ctkapi, transport.tcp.compress:true, account.highprofile.name:HIGH_PROFILE, core.ongoingsync.loopback.time.seconds:120, account.cache.expiration.time.minutes:120, account.api.username:hybrid_ui, ticket.index.name:ticket, admin.index.name:admin, default.page.size:100, indices.structure:/indices_structure.json, account.filter.necessary.updates:true, index.store.fs.memory.enabled:false, index.number_of_shards:5, syncRequest.search.allowedRangeParams:createdAt,lastRunAt,documentLastUpdatedTimestamp, admin.document.type:syncJob, node.data:true, max.page.size:500, node.name:ticket.node, ticket.core.date.timezone:CST, ticket.search.allowedRangeParams:createdAt,updatedAt,lastPublicCommentDate,updateEventDate,documentLastUpdatedTimestamp, account.document.type:account, core.driver.class:org.postgresql.Driver, ticket.cache.expiration.time.minutes:120, core.api.username:rcameron, syncRequest.document.idName:id, discovery.zen.ping.multicast.enabled:false, core.db.url:jdbc:postgresql://integration.db.core.rackspace.com:5432/core_dev, account.update.tickets.pageSize:250, core.account.updates.enabled:true, account.document.versionParam:updatedAt, index.analysis.analyzer.search_standard.filter:[lowercase], bootstrap.mlockall:true, ticket.core.dateformat:yyyy-MM-dd HH:mm:ss, coreaccount.document.type:coreaccount, coreticket.onetimesync.usedb:true, node.master:true, coreaccount.document.idName:id, syncRequest.document.type:syncRequest, core.account.filter.necessary.updates:true, index.number_of_replicas:0, account.api.events.path:v1.0/accounts/events.atom, account.index.name:account, ticket.document.versionParam:updateEventDate, ticket.core.dateformat.with.millis:yyyy-MM-dd HH:mm:ss.SSSSSS, core.account.cache.expiration.time.minutes:120, ticket.document.type:ticket, account.caching.enabled:true, coreaccount.document.versionParam:updatedAt, ticket.caching.enabled:true, admin.document.idName:name, syncRequest.search.allowedTermParams:documentType,status,createdAt,lastRunAt,documentLastUpdatedTimestamp, core.secondpass.enabled:true, account.api.accounts.path:v1.0/accounts, cluster.routing.allocation.awareness.attributes:machine, facets.display.count:100, core.db.username:usq_read, node.machine:ticket.node, syncRequest.index.name:admin, ticket.search.allowedTermParams:sourceSystem,number,createdAt,updatedAt,updateEventDate,lastPublicCommentDate,status,queue.name,category,categoryObj.name,categoryObj.id,priority,assignee.name,hasWindowsServers,hasLinuxServers,severityName,assignee.sso,queue.id,accountServiceLevel,accountTeamTerritoryCode,account.serviceLevel,account.teamTerritoryCode,statusTypes,account.team,account.id,account.rcn,account.status,account.highProfile,documentLastUpdatedTimestamp,account.teamSegment,submitter.name,submitter.sso,account.contacts.name,account.contacts.role,account.contacts.sso,subCategoryObj.name,subCategoryObj.id,assignee.id,submitter.id, use.updateByQueryPlugin:false, account.api.endpoint:https://test.account.api.rackspace.com/, updated.timestamp.field.name:documentLastUpdatedTimestamp, ticket.elastic.dateformat:yyyy-MM-dd&apos;T&apos;HH:mm:ss.SSSZ, action.auto_create_index:1, account.document.idName:id, name:ticket.node] 
22:05:31.952 [main] INFO  org.elasticsearch.node - [ticket.node] {0.90.2}[25471]: starting ...
22:05:32.927 [main] INFO  org.elasticsearch.transport - [ticket.node] bound_address {inet[/0:0:0:0:0:0:0:0:9300]}, publish_address {inet[/10.14.208.252:9300]}
22:05:36.198 [elasticsearch[ticket.node][clusterService#updateTask][T#1]] INFO  org.elasticsearch.cluster.service - [ticket.node] new_master [ticket.node][jt6T2Fh0SPyX1rfB9bBKIg][inet[/10.14.208.252:9300]]{machine=ticket.node, master=true}, reason: zen-disco-join (elected_as_master)
22:05:36.207 [main] INFO  org.elasticsearch.discovery - [ticket.node] ticket.cluster/jt6T2Fh0SPyX1rfB9bBKIg
22:05:36.218 [main] INFO  org.elasticsearch.http - [ticket.node] bound_address {inet[/0:0:0:0:0:0:0:0:9200]}, publish_address {inet[/10.14.208.252:9200]}
22:05:36.219 [main] INFO  org.elasticsearch.node - [ticket.node] {0.90.2}[25471]: started
22:05:36.219 [main] INFO  c.r.s.elasticsearch.ElasticSearchServer - Elastic Search server is started.
22:05:36.219 [main] INFO  c.r.s.elasticsearch.ElasticSearchServer - ES cluster status is GREEN. Waiting for ES recovery.
22:05:36.220 [main] INFO  c.r.s.elasticsearch.ElasticSearchServer - Elastic Search Cluster Staus is GREEN
22:05:36.263 [elasticsearch[ticket.node][clusterService#updateTask][T#1]] INFO  org.elasticsearch.gateway - [ticket.node] recovered [0] indices into cluster_state
22:05:36.656 [main] ERROR c.r.s.e.client.ElasticSearchClient - Index is missing
org.elasticsearch.indices.IndexMissingException: [admin] missing
	at org.elasticsearch.cluster.metadata.MetaData.concreteIndex(MetaData.java:616) ~[elasticsearch-0.90.2.jar:na]
	at org.elasticsearch.action.get.TransportGetAction.resolveRequest(TransportGetAction.java:90) ~[elasticsearch-0.90.2.jar:na]
	at org.elasticsearch.action.get.TransportGetAction.resolveRequest(TransportGetAction.java:42) ~[elasticsearch-0.90.2.jar:na]
	at org.elasticsearch.action.support.single.shard.TransportShardSingleOperationAction$AsyncSingleAction.&lt;init&gt;(TransportShardSingleOperationAction.java:114) ~[elasticsearch-0.90.2.jar:na]
	at org.elasticsearch.action.support.single.shard.TransportShardSingleOperationAction$AsyncSingleAction.&lt;init&gt;(TransportShardSingleOperationAction.java:94) ~[elasticsearch-0.90.2.jar:na]
	at org.elasticsearch.action.support.single.shard.TransportShardSingleOperationAction.doExecute(TransportShardSingleOperationAction.java:71) ~[elasticsearch-0.90.2.jar:na]
	at org.elasticsearch.action.support.single.shard.TransportShardSingleOperationAction.doExecute(TransportShardSingleOperationAction.java:46) ~[elasticsearch-0.90.2.jar:na]
	at org.elasticsearch.action.support.TransportAction.execute(TransportAction.java:61) ~[elasticsearch-0.90.2.jar:na]
	at org.elasticsearch.client.node.NodeClient.execute(NodeClient.java:92) ~[elasticsearch-0.90.2.jar:na]
	at org.elasticsearch.client.support.AbstractClient.get(AbstractClient.java:179) ~[elasticsearch-0.90.2.jar:na]
	at org.elasticsearch.action.get.GetRequestBuilder.doExecute(GetRequestBuilder.java:112) ~[elasticsearch-0.90.2.jar:na]
	at org.elasticsearch.action.ActionRequestBuilder.execute(ActionRequestBuilder.java:62) ~[elasticsearch-0.90.2.jar:na]
	at org.elasticsearch.action.ActionRequestBuilder.execute(ActionRequestBuilder.java:57) ~[elasticsearch-0.90.2.jar:na]
	at org.elasticsearch.action.ActionRequestBuilder$execute.call(Unknown Source) ~[na:na]
	at com.rackspace.search.elasticsearch.client.ElasticSearchClient.getDocument(ElasticSearchClient.groovy:209) ~[classes/:na]
	at com.rackspace.search.elasticsearch.client.ElasticSearchClient$getDocument.call(Unknown Source) [classes/:na]
	at com.rackspace.search.service.JobService.getJob(JobService.groovy:56) [classes/:na]
	at com.rackspace.search.service.JobService$getJob$0.callCurrent(Unknown Source) [classes/:na]
	at com.rackspace.search.service.JobService.getJob(JobService.groovy:52) [classes/:na]
	at com.rackspace.search.service.JobService$getJob.call(Unknown Source) [classes/:na]
	at com.rackspace.search.service.admin.AccountOndemandSyncJob.windupActivities(AccountOndemandSyncJob.groovy:119) [classes/:na]
	at sun.reflect.NativeMethodAccessorImpl.invoke0(Native Method) ~[na:1.6.0_38]
	at sun.reflect.NativeMethodAccessorImpl.invoke(NativeMethodAccessorImpl.java:39) ~[na:1.6.0_38]
	at sun.reflect.DelegatingMethodAccessorImpl.invoke(DelegatingMethodAccessorImpl.java:25) ~[na:1.6.0_38]
	at java.lang.reflect.Method.invoke(Method.java:597) ~[na:1.6.0_38]
	at org.springframework.beans.factory.annotation.InitDestroyAnnotationBeanPostProcessor$LifecycleElement.invoke(InitDestroyAnnotationBeanPostProcessor.java:340) [spring-beans-3.0.6.RELEASE.jar:3.0.6.RELEASE]
	at org.springframework.beans.factory.annotation.InitDestroyAnnotationBeanPostProcessor$LifecycleMetadata.invokeDestroyMethods(InitDestroyAnnotationBeanPostProcessor.java:305) [spring-beans-3.0.6.RELEASE.jar:3.0.6.RELEASE]
	at org.springframework.beans.factory.annotation.InitDestroyAnnotationBeanPostProcessor.postProcessBeforeDestruction(InitDestroyAnnotationBeanPostProcessor.java:148) [spring-beans-3.0.6.RELEASE.jar:3.0.6.RELEASE]
	at org.springframework.beans.factory.support.DisposableBeanAdapter.destroy(DisposableBeanAdapter.java:166) [spring-beans-3.0.6.RELEASE.jar:3.0.6.RELEASE]
	at org.springframework.beans.factory.support.DefaultSingletonBeanRegistry.destroyBean(DefaultSingletonBeanRegistry.java:487) [spring-beans-3.0.6.RELEASE.jar:3.0.6.RELEASE]
	at org.springframework.beans.factory.support.DefaultSingletonBeanRegistry.destroySingleton(DefaultSingletonBeanRegistry.java:463) [spring-beans-3.0.6.RELEASE.jar:3.0.6.RELEASE]
	at org.springframework.beans.factory.support.DefaultSingletonBeanRegistry.destroySingletons(DefaultSingletonBeanRegistry.java:431) [spring-beans-3.0.6.RELEASE.jar:3.0.6.RELEASE]
	at org.springframework.context.support.AbstractApplicationContext.destroyBeans(AbstractApplicationContext.java:1048) [spring-context-3.0.6.RELEASE.jar:3.0.6.RELEASE]
	at org.springframework.context.support.AbstractApplicationContext.refresh(AbstractApplicationContext.java:433) [spring-context-3.0.6.RELEASE.jar:3.0.6.RELEASE]
	at org.springframework.test.context.support.AbstractGenericContextLoader.loadContext(AbstractGenericContextLoader.java:84) [spring-test-3.0.6.RELEASE.jar:3.0.6.RELEASE]
	at org.springframework.test.context.support.AbstractGenericContextLoader.loadContext(AbstractGenericContextLoader.java:1) [spring-test-3.0.6.RELEASE.jar:3.0.6.RELEASE]
	at org.springframework.test.context.TestContext.loadApplicationContext(TestContext.java:280) [spring-test-3.0.6.RELEASE.jar:3.0.6.RELEASE]
	at org.springframework.test.context.TestContext.getApplicationContext(TestContext.java:304) [spring-test-3.0.6.RELEASE.jar:3.0.6.RELEASE]
	at org.springframework.test.context.support.DependencyInjectionTestExecutionListener.injectDependencies(DependencyInjectionTestExecutionListener.java:109) [spring-test-3.0.6.RELEASE.jar:3.0.6.RELEASE]
	at org.springframework.test.context.support.DependencyInjectionTestExecutionListener.prepareTestInstance(DependencyInjectionTestExecutionListener.java:75) [spring-test-3.0.6.RELEASE.jar:3.0.6.RELEASE]
	at org.springframework.test.context.TestContextManager.prepareTestInstance(TestContextManager.java:321) [spring-test-3.0.6.RELEASE.jar:3.0.6.RELEASE]
	at org.spockframework.spring.SpringTestContextManager.prepareTestInstance(SpringTestContextManager.java:49) [spock-spring-0.7-groovy-2.0.jar:na]
	at org.spockframework.spring.SpringInterceptor.interceptSetupMethod(SpringInterceptor.java:42) [spock-spring-0.7-groovy-2.0.jar:na]
	at org.spockframework.runtime.extension.AbstractMethodInterceptor.intercept(AbstractMethodInterceptor.java:28) [spock-core-0.7-groovy-2.0.jar:na]
	at org.spockframework.runtime.extension.MethodInvocation.proceed(MethodInvocation.java:84) [spock-core-0.7-groovy-2.0.jar:na]
	at org.spockframework.runtime.BaseSpecRunner.invoke(BaseSpecRunner.java:319) [spock-core-0.7-groovy-2.0.jar:na]
	at org.spockframework.runtime.BaseSpecRunner.invokeSetup(BaseSpecRunner.java:279) [spock-core-0.7-groovy-2.0.jar:na]
	at org.spockframework.runtime.BaseSpecRunner.doRunIteration(BaseSpecRunner.java:255) [spock-core-0.7-groovy-2.0.jar:na]
	at sun.reflect.GeneratedMethodAccessor5.invoke(Unknown Source) ~[na:na]
	at sun.reflect.DelegatingMethodAccessorImpl.invoke(DelegatingMethodAccessorImpl.java:25) ~[na:1.6.0_38]
	at java.lang.reflect.Method.invoke(Method.java:597) ~[na:1.6.0_38]
	at org.spockframework.util.ReflectionUtil.invokeMethod(ReflectionUtil.java:138) [spock-core-0.7-groovy-2.0.jar:na]
	at org.spockframework.runtime.BaseSpecRunner.invokeRaw(BaseSpecRunner.java:330) [spock-core-0.7-groovy-2.0.jar:na]
	at org.spockframework.runtime.BaseSpecRunner.invoke(BaseSpecRunner.java:311) [spock-core-0.7-groovy-2.0.jar:na]
	at org.spockframework.runtime.BaseSpecRunner.runIteration(BaseSpecRunner.java:223) [spock-core-0.7-groovy-2.0.jar:na]
	at org.spockframework.runtime.BaseSpecRunner.initializeAndRunIteration(BaseSpecRunner.java:214) [spock-core-0.7-groovy-2.0.jar:na]
	at org.spockframework.runtime.BaseSpecRunner.runSimpleFeature(BaseSpecRunner.java:205) [spock-core-0.7-groovy-2.0.jar:na]
	at org.spockframework.runtime.BaseSpecRunner.doRunFeature(BaseSpecRunner.java:199) [spock-core-0.7-groovy-2.0.jar:na]
	at sun.reflect.GeneratedMethodAccessor7.invoke(Unknown Source) ~[na:na]
	at sun.reflect.DelegatingMethodAccessorImpl.invoke(DelegatingMethodAccessorImpl.java:25) ~[na:1.6.0_38]
	at java.lang.reflect.Method.invoke(Method.java:597) ~[na:1.6.0_38]
	at org.spockframework.util.ReflectionUtil.invokeMethod(ReflectionUtil.java:138) [spock-core-0.7-groovy-2.0.jar:na]
	at org.spockframework.runtime.BaseSpecRunner.invokeRaw(BaseSpecRunner.java:330) [spock-core-0.7-groovy-2.0.jar:na]
	at org.spockframework.runtime.BaseSpecRunner.invoke(BaseSpecRunner.java:311) [spock-core-0.7-groovy-2.0.jar:na]
	at org.spockframework.runtime.BaseSpecRunner.runFeature(BaseSpecRunner.java:175) [spock-core-0.7-groovy-2.0.jar:na]
	at org.spockframework.runtime.BaseSpecRunner.runFeatures(BaseSpecRunner.java:152) [spock-core-0.7-groovy-2.0.jar:na]
	at org.spockframework.runtime.BaseSpecRunner.doRunSpec(BaseSpecRunner.java:112) [spock-core-0.7-groovy-2.0.jar:na]
	at sun.reflect.GeneratedMethodAccessor11.invoke(Unknown Source) ~[na:na]
	at sun.reflect.DelegatingMethodAccessorImpl.invoke(DelegatingMethodAccessorImpl.java:25) ~[na:1.6.0_38]
	at java.lang.reflect.Method.invoke(Method.java:597) ~[na:1.6.0_38]
	at org.spockframework.util.ReflectionUtil.invokeMethod(ReflectionUtil.java:138) [spock-core-0.7-groovy-2.0.jar:na]
	at org.spockframework.runtime.BaseSpecRunner.invokeRaw(BaseSpecRunner.java:330) [spock-core-0.7-groovy-2.0.jar:na]
	at org.spockframework.runtime.BaseSpecRunner.invoke(BaseSpecRunner.java:311) [spock-core-0.7-groovy-2.0.jar:na]
	at org.spockframework.runtime.BaseSpecRunner.runSpec(BaseSpecRunner.java:91) [spock-core-0.7-groovy-2.0.jar:na]
	at org.spockframework.runtime.BaseSpecRunner.run(BaseSpecRunner.java:82) [spock-core-0.7-groovy-2.0.jar:na]
	at org.spockframework.runtime.Sputnik.run(Sputnik.java:63) [spock-core-0.7-groovy-2.0.jar:na]
	at org.apache.maven.surefire.junit4.JUnit4TestSet.execute(JUnit4TestSet.java:53) [surefire-junit4-2.10.jar:2.10]
	at org.apache.maven.surefire.junit4.JUnit4Provider.executeTestSet(JUnit4Provider.java:123) [surefire-junit4-2.10.jar:2.10]
	at org.apache.maven.surefire.junit4.JUnit4Provider.invoke(JUnit4Provider.java:104) [surefire-junit4-2.10.jar:2.10]
	at sun.reflect.NativeMethodAccessorImpl.invoke0(Native Method) ~[na:1.6.0_38]
	at sun.reflect.NativeMethodAccessorImpl.invoke(NativeMethodAccessorImpl.java:39) ~[na:1.6.0_38]
	at sun.reflect.DelegatingMethodAccessorImpl.invoke(DelegatingMethodAccessorImpl.java:25) ~[na:1.6.0_38]
	at java.lang.reflect.Method.invoke(Method.java:597) ~[na:1.6.0_38]
	at org.apache.maven.surefire.util.ReflectionUtils.invokeMethodWithArray(ReflectionUtils.java:164) [surefire-api-2.10.jar:2.10]
	at org.apache.maven.surefire.booter.ProviderFactory$ProviderProxy.invoke(ProviderFactory.java:110) [surefire-booter-2.10.jar:2.10]
	at org.apache.maven.surefire.booter.SurefireStarter.invokeProvider(SurefireStarter.java:175) [surefire-booter-2.10.jar:2.10]
	at org.apache.maven.surefire.booter.SurefireStarter.runSuitesInProcessWhenForked(SurefireStarter.java:107) [surefire-booter-2.10.jar:2.10]
	at org.apache.maven.surefire.booter.ForkedBooter.main(ForkedBooter.java:68) [surefire-booter-2.10.jar:2.10]
22:05:36.657 [main] WARN  o.s.c.a.CommonAnnotationBeanPostProcessor - Invocation of destroy method failed on bean with name &apos;accountOndemandSyncJob&apos;: com.rackspace.search.exception.NotFoundException: Index is missing
22:05:36.661 [main] ERROR c.r.s.e.client.ElasticSearchClient - Index is missing
org.elasticsearch.indices.IndexMissingException: [admin] missing
	at org.elasticsearch.cluster.metadata.MetaData.concreteIndex(MetaData.java:616) ~[elasticsearch-0.90.2.jar:na]
	at org.elasticsearch.action.get.TransportGetAction.resolveRequest(TransportGetAction.java:90) ~[elasticsearch-0.90.2.jar:na]
	at org.elasticsearch.action.get.TransportGetAction.resolveRequest(TransportGetAction.java:42) ~[elasticsearch-0.90.2.jar:na]
	at org.elasticsearch.action.support.single.shard.TransportShardSingleOperationAction$AsyncSingleAction.&lt;init&gt;(TransportShardSingleOperationAction.java:114) ~[elasticsearch-0.90.2.jar:na]
	at org.elasticsearch.action.support.single.shard.TransportShardSingleOperationAction$AsyncSingleAction.&lt;init&gt;(TransportShardSingleOperationAction.java:94) ~[elasticsearch-0.90.2.jar:na]
	at org.elasticsearch.action.support.single.shard.TransportShardSingleOperationAction.doExecute(TransportShardSingleOperationAction.java:71) ~[elasticsearch-0.90.2.jar:na]
	at org.elasticsearch.action.support.single.shard.TransportShardSingleOperationAction.doExecute(TransportShardSingleOperationAction.java:46) ~[elasticsearch-0.90.2.jar:na]
	at org.elasticsearch.action.support.TransportAction.execute(TransportAction.java:61) ~[elasticsearch-0.90.2.jar:na]
	at org.elasticsearch.client.node.NodeClient.execute(NodeClient.java:92) ~[elasticsearch-0.90.2.jar:na]
	at org.elasticsearch.client.support.AbstractClient.get(AbstractClient.java:179) ~[elasticsearch-0.90.2.jar:na]
	at org.elasticsearch.action.get.GetRequestBuilder.doExecute(GetRequestBuilder.java:112) ~[elasticsearch-0.90.2.jar:na]
	at org.elasticsearch.action.ActionRequestBuilder.execute(ActionRequestBuilder.java:62) ~[elasticsearch-0.90.2.jar:na]
	at org.elasticsearch.action.ActionRequestBuilder.execute(ActionRequestBuilder.java:57) ~[elasticsearch-0.90.2.jar:na]
	at org.elasticsearch.action.ActionRequestBuilder$execute.call(Unknown Source) ~[na:na]
	at com.rackspace.search.elasticsearch.client.ElasticSearchClient.getDocument(ElasticSearchClient.groovy:209) ~[classes/:na]
	at com.rackspace.search.elasticsearch.client.ElasticSearchClient$getDocument.call(Unknown Source) [classes/:na]
	at com.rackspace.search.service.JobService.getJob(JobService.groovy:56) [classes/:na]
	at com.rackspace.search.service.JobService$getJob$0.callCurrent(Unknown Source) [classes/:na]
	at com.rackspace.search.service.JobService.getJob(JobService.groovy:52) [classes/:na]
	at com.rackspace.search.service.JobService$getJob.call(Unknown Source) [classes/:na]
	at com.rackspace.search.service.account.CoreAccountOnetimeSyncJob.windupActivities(CoreAccountOnetimeSyncJob.groovy:58) [classes/:na]
	at sun.reflect.NativeMethodAccessorImpl.invoke0(Native Method) ~[na:1.6.0_38]
	at sun.reflect.NativeMethodAccessorImpl.invoke(NativeMethodAccessorImpl.java:39) ~[na:1.6.0_38]
	at sun.reflect.DelegatingMethodAccessorImpl.invoke(DelegatingMethodAccessorImpl.java:25) ~[na:1.6.0_38]
	at java.lang.reflect.Method.invoke(Method.java:597) ~[na:1.6.0_38]
	at org.springframework.beans.factory.annotation.InitDestroyAnnotationBeanPostProcessor$LifecycleElement.invoke(InitDestroyAnnotationBeanPostProcessor.java:340) [spring-beans-3.0.6.RELEASE.jar:3.0.6.RELEASE]
	at org.springframework.beans.factory.annotation.InitDestroyAnnotationBeanPostProcessor$LifecycleMetadata.invokeDestroyMethods(InitDestroyAnnotationBeanPostProcessor.java:305) [spring-beans-3.0.6.RELEASE.jar:3.0.6.RELEASE]
	at org.springframework.beans.factory.annotation.InitDestroyAnnotationBeanPostProcessor.postProcessBeforeDestruction(InitDestroyAnnotationBeanPostProcessor.java:148) [spring-beans-3.0.6.RELEASE.jar:3.0.6.RELEASE]
	at org.springframework.beans.factory.support.DisposableBeanAdapter.destroy(DisposableBeanAdapter.java:166) [spring-beans-3.0.6.RELEASE.jar:3.0.6.RELEASE]
	at org.springframework.beans.factory.support.DefaultSingletonBeanRegistry.destroyBean(DefaultSingletonBeanRegistry.java:487) [spring-beans-3.0.6.RELEASE.jar:3.0.6.RELEASE]
	at org.springframework.beans.factory.support.DefaultSingletonBeanRegistry.destroySingleton(DefaultSingletonBeanRegistry.java:463) [spring-beans-3.0.6.RELEASE.jar:3.0.6.RELEASE]
	at org.springframework.beans.factory.support.DefaultSingletonBeanRegistry.destroySingletons(DefaultSingletonBeanRegistry.java:431) [spring-beans-3.0.6.RELEASE.jar:3.0.6.RELEASE]
	at org.springframework.context.support.AbstractApplicationContext.destroyBeans(AbstractApplicationContext.java:1048) [spring-context-3.0.6.RELEASE.jar:3.0.6.RELEASE]
	at org.springframework.context.support.AbstractApplicationContext.refresh(AbstractApplicationContext.java:433) [spring-context-3.0.6.RELEASE.jar:3.0.6.RELEASE]
	at org.springframework.test.context.support.AbstractGenericContextLoader.loadContext(AbstractGenericContextLoader.java:84) [spring-test-3.0.6.RELEASE.jar:3.0.6.RELEASE]
	at org.springframework.test.context.support.AbstractGenericContextLoader.loadContext(AbstractGenericContextLoader.java:1) [spring-test-3.0.6.RELEASE.jar:3.0.6.RELEASE]
	at org.springframework.test.context.TestContext.loadApplicationContext(TestContext.java:280) [spring-test-3.0.6.RELEASE.jar:3.0.6.RELEASE]
	at org.springframework.test.context.TestContext.getApplicationContext(TestContext.java:304) [spring-test-3.0.6.RELEASE.jar:3.0.6.RELEASE]
	at org.springframework.test.context.support.DependencyInjectionTestExecutionListener.injectDependencies(DependencyInjectionTestExecutionListener.java:109) [spring-test-3.0.6.RELEASE.jar:3.0.6.RELEASE]
	at org.springframework.test.context.support.DependencyInjectionTestExecutionListener.prepareTestInstance(DependencyInjectionTestExecutionListener.java:75) [spring-test-3.0.6.RELEASE.jar:3.0.6.RELEASE]
	at org.springframework.test.context.TestContextManager.prepareTestInstance(TestContextManager.java:321) [spring-test-3.0.6.RELEASE.jar:3.0.6.RELEASE]
	at org.spockframework.spring.SpringTestContextManager.prepareTestInstance(SpringTestContextManager.java:49) [spock-spring-0.7-groovy-2.0.jar:na]
	at org.spockframework.spring.SpringInterceptor.interceptSetupMethod(SpringInterceptor.java:42) [spock-spring-0.7-groovy-2.0.jar:na]
	at org.spockframework.runtime.extension.AbstractMethodInterceptor.intercept(AbstractMethodInterceptor.java:28) [spock-core-0.7-groovy-2.0.jar:na]
	at org.spockframework.runtime.extension.MethodInvocation.proceed(MethodInvocation.java:84) [spock-core-0.7-groovy-2.0.jar:na]
	at org.spockframework.runtime.BaseSpecRunner.invoke(BaseSpecRunner.java:319) [spock-core-0.7-groovy-2.0.jar:na]
	at org.spockframework.runtime.BaseSpecRunner.invokeSetup(BaseSpecRunner.java:279) [spock-core-0.7-groovy-2.0.jar:na]
	at org.spockframework.runtime.BaseSpecRunner.doRunIteration(BaseSpecRunner.java:255) [spock-core-0.7-groovy-2.0.jar:na]
	at sun.reflect.GeneratedMethodAccessor5.invoke(Unknown Source) ~[na:na]
	at sun.reflect.DelegatingMethodAccessorImpl.invoke(DelegatingMethodAccessorImpl.java:25) ~[na:1.6.0_38]
	at java.lang.reflect.Method.invoke(Method.java:597) ~[na:1.6.0_38]
	at org.spockframework.util.ReflectionUtil.invokeMethod(ReflectionUtil.java:138) [spock-core-0.7-groovy-2.0.jar:na]
	at org.spockframework.runtime.BaseSpecRunner.invokeRaw(BaseSpecRunner.java:330) [spock-core-0.7-groovy-2.0.jar:na]
	at org.spockframework.runtime.BaseSpecRunner.invoke(BaseSpecRunner.java:311) [spock-core-0.7-groovy-2.0.jar:na]
	at org.spockframework.runtime.BaseSpecRunner.runIteration(BaseSpecRunner.java:223) [spock-core-0.7-groovy-2.0.jar:na]
	at org.spockframework.runtime.BaseSpecRunner.initializeAndRunIteration(BaseSpecRunner.java:214) [spock-core-0.7-groovy-2.0.jar:na]
	at org.spockframework.runtime.BaseSpecRunner.runSimpleFeature(BaseSpecRunner.java:205) [spock-core-0.7-groovy-2.0.jar:na]
	at org.spockframework.runtime.BaseSpecRunner.doRunFeature(BaseSpecRunner.java:199) [spock-core-0.7-groovy-2.0.jar:na]
	at sun.reflect.GeneratedMethodAccessor7.invoke(Unknown Source) ~[na:na]
	at sun.reflect.DelegatingMethodAccessorImpl.invoke(DelegatingMethodAccessorImpl.java:25) ~[na:1.6.0_38]
	at java.lang.reflect.Method.invoke(Method.java:597) ~[na:1.6.0_38]
	at org.spockframework.util.ReflectionUtil.invokeMethod(ReflectionUtil.java:138) [spock-core-0.7-groovy-2.0.jar:na]
	at org.spockframework.runtime.BaseSpecRunner.invokeRaw(BaseSpecRunner.java:330) [spock-core-0.7-groovy-2.0.jar:na]
	at org.spockframework.runtime.BaseSpecRunner.invoke(BaseSpecRunner.java:311) [spock-core-0.7-groovy-2.0.jar:na]
	at org.spockframework.runtime.BaseSpecRunner.runFeature(BaseSpecRunner.java:175) [spock-core-0.7-groovy-2.0.jar:na]
	at org.spockframework.runtime.BaseSpecRunner.runFeatures(BaseSpecRunner.java:152) [spock-core-0.7-groovy-2.0.jar:na]
	at org.spockframework.runtime.BaseSpecRunner.doRunSpec(BaseSpecRunner.java:112) [spock-core-0.7-groovy-2.0.jar:na]
	at sun.reflect.GeneratedMethodAccessor11.invoke(Unknown Source) ~[na:na]
	at sun.reflect.DelegatingMethodAccessorImpl.invoke(DelegatingMethodAccessorImpl.java:25) ~[na:1.6.0_38]
	at java.lang.reflect.Method.invoke(Method.java:597) ~[na:1.6.0_38]
	at org.spockframework.util.ReflectionUtil.invokeMethod(ReflectionUtil.java:138) [spock-core-0.7-groovy-2.0.jar:na]
	at org.spockframework.runtime.BaseSpecRunner.invokeRaw(BaseSpecRunner.java:330) [spock-core-0.7-groovy-2.0.jar:na]
	at org.spockframework.runtime.BaseSpecRunner.invoke(BaseSpecRunner.java:311) [spock-core-0.7-groovy-2.0.jar:na]
	at org.spockframework.runtime.BaseSpecRunner.runSpec(BaseSpecRunner.java:91) [spock-core-0.7-groovy-2.0.jar:na]
	at org.spockframework.runtime.BaseSpecRunner.run(BaseSpecRunner.java:82) [spock-core-0.7-groovy-2.0.jar:na]
	at org.spockframework.runtime.Sputnik.run(Sputnik.java:63) [spock-core-0.7-groovy-2.0.jar:na]
	at org.apache.maven.surefire.junit4.JUnit4TestSet.execute(JUnit4TestSet.java:53) [surefire-junit4-2.10.jar:2.10]
	at org.apache.maven.surefire.junit4.JUnit4Provider.executeTestSet(JUnit4Provider.java:123) [surefire-junit4-2.10.jar:2.10]
	at org.apache.maven.surefire.junit4.JUnit4Provider.invoke(JUnit4Provider.java:104) [surefire-junit4-2.10.jar:2.10]
	at sun.reflect.NativeMethodAccessorImpl.invoke0(Native Method) ~[na:1.6.0_38]
	at sun.reflect.NativeMethodAccessorImpl.invoke(NativeMethodAccessorImpl.java:39) ~[na:1.6.0_38]
	at sun.reflect.DelegatingMethodAccessorImpl.invoke(DelegatingMethodAccessorImpl.java:25) ~[na:1.6.0_38]
	at java.lang.reflect.Method.invoke(Method.java:597) ~[na:1.6.0_38]
	at org.apache.maven.surefire.util.ReflectionUtils.invokeMethodWithArray(ReflectionUtils.java:164) [surefire-api-2.10.jar:2.10]
	at org.apache.maven.surefire.booter.ProviderFactory$ProviderProxy.invoke(ProviderFactory.java:110) [surefire-booter-2.10.jar:2.10]
	at org.apache.maven.surefire.booter.SurefireStarter.invokeProvider(SurefireStarter.java:175) [surefire-booter-2.10.jar:2.10]
	at org.apache.maven.surefire.booter.SurefireStarter.runSuitesInProcessWhenForked(SurefireStarter.java:107) [surefire-booter-2.10.jar:2.10]
	at org.apache.maven.surefire.booter.ForkedBooter.main(ForkedBooter.java:68) [surefire-booter-2.10.jar:2.10]
22:05:36.661 [main] WARN  o.s.c.a.CommonAnnotationBeanPostProcessor - Invocation of destroy method failed on bean with name &apos;coreAccountOnetimeSyncJob&apos;: com.rackspace.search.exception.NotFoundException: Index is missing
22:05:36.665 [main] ERROR c.r.s.e.client.ElasticSearchClient - Index is missing
org.elasticsearch.indices.IndexMissingException: [admin] missing
	at org.elasticsearch.cluster.metadata.MetaData.concreteIndex(MetaData.java:616) ~[elasticsearch-0.90.2.jar:na]
	at org.elasticsearch.action.get.TransportGetAction.resolveRequest(TransportGetAction.java:90) ~[elasticsearch-0.90.2.jar:na]
	at org.elasticsearch.action.get.TransportGetAction.resolveRequest(TransportGetAction.java:42) ~[elasticsearch-0.90.2.jar:na]
	at org.elasticsearch.action.support.single.shard.TransportShardSingleOperationAction$AsyncSingleAction.&lt;init&gt;(TransportShardSingleOperationAction.java:114) ~[elasticsearch-0.90.2.jar:na]
	at org.elasticsearch.action.support.single.shard.TransportShardSingleOperationAction$AsyncSingleAction.&lt;init&gt;(TransportShardSingleOperationAction.java:94) ~[elasticsearch-0.90.2.jar:na]
	at org.elasticsearch.action.support.single.shard.TransportShardSingleOperationAction.doExecute(TransportShardSingleOperationAction.java:71) ~[elasticsearch-0.90.2.jar:na]
	at org.elasticsearch.action.support.single.shard.TransportShardSingleOperationAction.doExecute(TransportShardSingleOperationAction.java:46) ~[elasticsearch-0.90.2.jar:na]
	at org.elasticsearch.action.support.TransportAction.execute(TransportAction.java:61) ~[elasticsearch-0.90.2.jar:na]
	at org.elasticsearch.client.node.NodeClient.execute(NodeClient.java:92) ~[elasticsearch-0.90.2.jar:na]
	at org.elasticsearch.client.support.AbstractClient.get(AbstractClient.java:179) ~[elasticsearch-0.90.2.jar:na]
	at org.elasticsearch.action.get.GetRequestBuilder.doExecute(GetRequestBuilder.java:112) ~[elasticsearch-0.90.2.jar:na]
	at org.elasticsearch.action.ActionRequestBuilder.execute(ActionRequestBuilder.java:62) ~[elasticsearch-0.90.2.jar:na]
	at org.elasticsearch.action.ActionRequestBuilder.execute(ActionRequestBuilder.java:57) ~[elasticsearch-0.90.2.jar:na]
	at org.elasticsearch.action.ActionRequestBuilder$execute.call(Unknown Source) ~[na:na]
	at com.rackspace.search.elasticsearch.client.ElasticSearchClient.getDocument(ElasticSearchClient.groovy:209) ~[classes/:na]
	at com.rackspace.search.elasticsearch.client.ElasticSearchClient$getDocument.call(Unknown Source) [classes/:na]
	at com.rackspace.search.service.JobService.getJob(JobService.groovy:56) [classes/:na]
	at com.rackspace.search.service.JobService$getJob$0.callCurrent(Unknown Source) [classes/:na]
	at com.rackspace.search.service.JobService.getJob(JobService.groovy:52) [classes/:na]
	at com.rackspace.search.service.JobService$getJob.call(Unknown Source) [classes/:na]
	at com.rackspace.search.service.account.CoreAccountUpdateSyncJob.windupActivities(CoreAccountUpdateSyncJob.groovy:88) [classes/:na]
	at sun.reflect.NativeMethodAccessorImpl.invoke0(Native Method) ~[na:1.6.0_38]
	at sun.reflect.NativeMethodAccessorImpl.invoke(NativeMethodAccessorImpl.java:39) ~[na:1.6.0_38]
	at sun.reflect.DelegatingMethodAccessorImpl.invoke(DelegatingMethodAccessorImpl.java:25) ~[na:1.6.0_38]
	at java.lang.reflect.Method.invoke(Method.java:597) ~[na:1.6.0_38]
	at org.springframework.beans.factory.annotation.InitDestroyAnnotationBeanPostProcessor$LifecycleElement.invoke(InitDestroyAnnotationBeanPostProcessor.java:340) [spring-beans-3.0.6.RELEASE.jar:3.0.6.RELEASE]
	at org.springframework.beans.factory.annotation.InitDestroyAnnotationBeanPostProcessor$LifecycleMetadata.invokeDestroyMethods(InitDestroyAnnotationBeanPostProcessor.java:305) [spring-beans-3.0.6.RELEASE.jar:3.0.6.RELEASE]
	at org.springframework.beans.factory.annotation.InitDestroyAnnotationBeanPostProcessor.postProcessBeforeDestruction(InitDestroyAnnotationBeanPostProcessor.java:148) [spring-beans-3.0.6.RELEASE.jar:3.0.6.RELEASE]
	at org.springframework.beans.factory.support.DisposableBeanAdapter.destroy(DisposableBeanAdapter.java:166) [spring-beans-3.0.6.RELEASE.jar:3.0.6.RELEASE]
	at org.springframework.beans.factory.support.DefaultSingletonBeanRegistry.destroyBean(DefaultSingletonBeanRegistry.java:487) [spring-beans-3.0.6.RELEASE.jar:3.0.6.RELEASE]
	at org.springframework.beans.factory.support.DefaultSingletonBeanRegistry.destroySingleton(DefaultSingletonBeanRegistry.java:463) [spring-beans-3.0.6.RELEASE.jar:3.0.6.RELEASE]
	at org.springframework.beans.factory.support.DefaultSingletonBeanRegistry.destroySingletons(DefaultSingletonBeanRegistry.java:431) [spring-beans-3.0.6.RELEASE.jar:3.0.6.RELEASE]
	at org.springframework.context.support.AbstractApplicationContext.destroyBeans(AbstractApplicationContext.java:1048) [spring-context-3.0.6.RELEASE.jar:3.0.6.RELEASE]
	at org.springframework.context.support.AbstractApplicationContext.refresh(AbstractApplicationContext.java:433) [spring-context-3.0.6.RELEASE.jar:3.0.6.RELEASE]
	at org.springframework.test.context.support.AbstractGenericContextLoader.loadContext(AbstractGenericContextLoader.java:84) [spring-test-3.0.6.RELEASE.jar:3.0.6.RELEASE]
	at org.springframework.test.context.support.AbstractGenericContextLoader.loadContext(AbstractGenericContextLoader.java:1) [spring-test-3.0.6.RELEASE.jar:3.0.6.RELEASE]
	at org.springframework.test.context.TestContext.loadApplicationContext(TestContext.java:280) [spring-test-3.0.6.RELEASE.jar:3.0.6.RELEASE]
	at org.springframework.test.context.TestContext.getApplicationContext(TestContext.java:304) [spring-test-3.0.6.RELEASE.jar:3.0.6.RELEASE]
	at org.springframework.test.context.support.DependencyInjectionTestExecutionListener.injectDependencies(DependencyInjectionTestExecutionListener.java:109) [spring-test-3.0.6.RELEASE.jar:3.0.6.RELEASE]
	at org.springframework.test.context.support.DependencyInjectionTestExecutionListener.prepareTestInstance(DependencyInjectionTestExecutionListener.java:75) [spring-test-3.0.6.RELEASE.jar:3.0.6.RELEASE]
	at org.springframework.test.context.TestContextManager.prepareTestInstance(TestContextManager.java:321) [spring-test-3.0.6.RELEASE.jar:3.0.6.RELEASE]
	at org.spockframework.spring.SpringTestContextManager.prepareTestInstance(SpringTestContextManager.java:49) [spock-spring-0.7-groovy-2.0.jar:na]
	at org.spockframework.spring.SpringInterceptor.interceptSetupMethod(SpringInterceptor.java:42) [spock-spring-0.7-groovy-2.0.jar:na]
	at org.spockframework.runtime.extension.AbstractMethodInterceptor.intercept(AbstractMethodInterceptor.java:28) [spock-core-0.7-groovy-2.0.jar:na]
	at org.spockframework.runtime.extension.MethodInvocation.proceed(MethodInvocation.java:84) [spock-core-0.7-groovy-2.0.jar:na]
	at org.spockframework.runtime.BaseSpecRunner.invoke(BaseSpecRunner.java:319) [spock-core-0.7-groovy-2.0.jar:na]
	at org.spockframework.runtime.BaseSpecRunner.invokeSetup(BaseSpecRunner.java:279) [spock-core-0.7-groovy-2.0.jar:na]
	at org.spockframework.runtime.BaseSpecRunner.doRunIteration(BaseSpecRunner.java:255) [spock-core-0.7-groovy-2.0.jar:na]
	at sun.reflect.GeneratedMethodAccessor5.invoke(Unknown Source) ~[na:na]
	at sun.reflect.DelegatingMethodAccessorImpl.invoke(DelegatingMethodAccessorImpl.java:25) ~[na:1.6.0_38]
	at java.lang.reflect.Method.invoke(Method.java:597) ~[na:1.6.0_38]
	at org.spockframework.util.ReflectionUtil.invokeMethod(ReflectionUtil.java:138) [spock-core-0.7-groovy-2.0.jar:na]
	at org.spockframework.runtime.BaseSpecRunner.invokeRaw(BaseSpecRunner.java:330) [spock-core-0.7-groovy-2.0.jar:na]
	at org.spockframework.runtime.BaseSpecRunner.invoke(BaseSpecRunner.java:311) [spock-core-0.7-groovy-2.0.jar:na]
	at org.spockframework.runtime.BaseSpecRunner.runIteration(BaseSpecRunner.java:223) [spock-core-0.7-groovy-2.0.jar:na]
	at org.spockframework.runtime.BaseSpecRunner.initializeAndRunIteration(BaseSpecRunner.java:214) [spock-core-0.7-groovy-2.0.jar:na]
	at org.spockframework.runtime.BaseSpecRunner.runSimpleFeature(BaseSpecRunner.java:205) [spock-core-0.7-groovy-2.0.jar:na]
	at org.spockframework.runtime.BaseSpecRunner.doRunFeature(BaseSpecRunner.java:199) [spock-core-0.7-groovy-2.0.jar:na]
	at sun.reflect.GeneratedMethodAccessor7.invoke(Unknown Source) ~[na:na]
	at sun.reflect.DelegatingMethodAccessorImpl.invoke(DelegatingMethodAccessorImpl.java:25) ~[na:1.6.0_38]
	at java.lang.reflect.Method.invoke(Method.java:597) ~[na:1.6.0_38]
	at org.spockframework.util.ReflectionUtil.invokeMethod(ReflectionUtil.java:138) [spock-core-0.7-groovy-2.0.jar:na]
	at org.spockframework.runtime.BaseSpecRunner.invokeRaw(BaseSpecRunner.java:330) [spock-core-0.7-groovy-2.0.jar:na]
	at org.spockframework.runtime.BaseSpecRunner.invoke(BaseSpecRunner.java:311) [spock-core-0.7-groovy-2.0.jar:na]
	at org.spockframework.runtime.BaseSpecRunner.runFeature(BaseSpecRunner.java:175) [spock-core-0.7-groovy-2.0.jar:na]
	at org.spockframework.runtime.BaseSpecRunner.runFeatures(BaseSpecRunner.java:152) [spock-core-0.7-groovy-2.0.jar:na]
	at org.spockframework.runtime.BaseSpecRunner.doRunSpec(BaseSpecRunner.java:112) [spock-core-0.7-groovy-2.0.jar:na]
	at sun.reflect.GeneratedMethodAccessor11.invoke(Unknown Source) ~[na:na]
	at sun.reflect.DelegatingMethodAccessorImpl.invoke(DelegatingMethodAccessorImpl.java:25) ~[na:1.6.0_38]
	at java.lang.reflect.Method.invoke(Method.java:597) ~[na:1.6.0_38]
	at org.spockframework.util.ReflectionUtil.invokeMethod(ReflectionUtil.java:138) [spock-core-0.7-groovy-2.0.jar:na]
	at org.spockframework.runtime.BaseSpecRunner.invokeRaw(BaseSpecRunner.java:330) [spock-core-0.7-groovy-2.0.jar:na]
	at org.spockframework.runtime.BaseSpecRunner.invoke(BaseSpecRunner.java:311) [spock-core-0.7-groovy-2.0.jar:na]
	at org.spockframework.runtime.BaseSpecRunner.runSpec(BaseSpecRunner.java:91) [spock-core-0.7-groovy-2.0.jar:na]
	at org.spockframework.runtime.BaseSpecRunner.run(BaseSpecRunner.java:82) [spock-core-0.7-groovy-2.0.jar:na]
	at org.spockframework.runtime.Sputnik.run(Sputnik.java:63) [spock-core-0.7-groovy-2.0.jar:na]
	at org.apache.maven.surefire.junit4.JUnit4TestSet.execute(JUnit4TestSet.java:53) [surefire-junit4-2.10.jar:2.10]
	at org.apache.maven.surefire.junit4.JUnit4Provider.executeTestSet(JUnit4Provider.java:123) [surefire-junit4-2.10.jar:2.10]
	at org.apache.maven.surefire.junit4.JUnit4Provider.invoke(JUnit4Provider.java:104) [surefire-junit4-2.10.jar:2.10]
	at sun.reflect.NativeMethodAccessorImpl.invoke0(Native Method) ~[na:1.6.0_38]
	at sun.reflect.NativeMethodAccessorImpl.invoke(NativeMethodAccessorImpl.java:39) ~[na:1.6.0_38]
	at sun.reflect.DelegatingMethodAccessorImpl.invoke(DelegatingMethodAccessorImpl.java:25) ~[na:1.6.0_38]
	at java.lang.reflect.Method.invoke(Method.java:597) ~[na:1.6.0_38]
	at org.apache.maven.surefire.util.ReflectionUtils.invokeMethodWithArray(ReflectionUtils.java:164) [surefire-api-2.10.jar:2.10]
	at org.apache.maven.surefire.booter.ProviderFactory$ProviderProxy.invoke(ProviderFactory.java:110) [surefire-booter-2.10.jar:2.10]
	at org.apache.maven.surefire.booter.SurefireStarter.invokeProvider(SurefireStarter.java:175) [surefire-booter-2.10.jar:2.10]
	at org.apache.maven.surefire.booter.SurefireStarter.runSuitesInProcessWhenForked(SurefireStarter.java:107) [surefire-booter-2.10.jar:2.10]
	at org.apache.maven.surefire.booter.ForkedBooter.main(ForkedBooter.java:68) [surefire-booter-2.10.jar:2.10]
22:05:36.726 [main] WARN  o.s.c.a.CommonAnnotationBeanPostProcessor - Invocation of destroy method failed on bean with name &apos;coreAccountUpdateSyncJob&apos;: com.rackspace.search.exception.NotFoundException: Index is missing
22:05:36.731 [main] ERROR c.r.s.e.client.ElasticSearchClient - Index is missing
org.elasticsearch.indices.IndexMissingException: [admin] missing
	at org.elasticsearch.cluster.metadata.MetaData.concreteIndex(MetaData.java:616) ~[elasticsearch-0.90.2.jar:na]
	at org.elasticsearch.action.get.TransportGetAction.resolveRequest(TransportGetAction.java:90) ~[elasticsearch-0.90.2.jar:na]
	at org.elasticsearch.action.get.TransportGetAction.resolveRequest(TransportGetAction.java:42) ~[elasticsearch-0.90.2.jar:na]
	at org.elasticsearch.action.support.single.shard.TransportShardSingleOperationAction$AsyncSingleAction.&lt;init&gt;(TransportShardSingleOperationAction.java:114) ~[elasticsearch-0.90.2.jar:na]
	at org.elasticsearch.action.support.single.shard.TransportShardSingleOperationAction$AsyncSingleAction.&lt;init&gt;(TransportShardSingleOperationAction.java:94) ~[elasticsearch-0.90.2.jar:na]
	at org.elasticsearch.action.support.single.shard.TransportShardSingleOperationAction.doExecute(TransportShardSingleOperationAction.java:71) ~[elasticsearch-0.90.2.jar:na]
	at org.elasticsearch.action.support.single.shard.TransportShardSingleOperationAction.doExecute(TransportShardSingleOperationAction.java:46) ~[elasticsearch-0.90.2.jar:na]
	at org.elasticsearch.action.support.TransportAction.execute(TransportAction.java:61) ~[elasticsearch-0.90.2.jar:na]
	at org.elasticsearch.client.node.NodeClient.execute(NodeClient.java:92) ~[elasticsearch-0.90.2.jar:na]
	at org.elasticsearch.client.support.AbstractClient.get(AbstractClient.java:179) ~[elasticsearch-0.90.2.jar:na]
	at org.elasticsearch.action.get.GetRequestBuilder.doExecute(GetRequestBuilder.java:112) ~[elasticsearch-0.90.2.jar:na]
	at org.elasticsearch.action.ActionRequestBuilder.execute(ActionRequestBuilder.java:62) ~[elasticsearch-0.90.2.jar:na]
	at org.elasticsearch.action.ActionRequestBuilder.execute(ActionRequestBuilder.java:57) ~[elasticsearch-0.90.2.jar:na]
	at org.elasticsearch.action.ActionRequestBuilder$execute.call(Unknown Source) ~[na:na]
	at com.rackspace.search.elasticsearch.client.ElasticSearchClient.getDocument(ElasticSearchClient.groovy:209) ~[classes/:na]
	at com.rackspace.search.elasticsearch.client.ElasticSearchClient$getDocument.call(Unknown Source) [classes/:na]
	at com.rackspace.search.service.JobService.getJob(JobService.groovy:56) [classes/:na]
	at com.rackspace.search.service.JobService$getJob$0.callCurrent(Unknown Source) [classes/:na]
	at com.rackspace.search.service.JobService.getJob(JobService.groovy:52) [classes/:na]
	at com.rackspace.search.service.JobService$getJob.call(Unknown Source) [classes/:na]
	at com.rackspace.search.service.core.CoreTicketSecondPassSyncJob.windupActivities(CoreTicketSecondPassSyncJob.groovy:83) [classes/:na]
	at sun.reflect.NativeMethodAccessorImpl.invoke0(Native Method) ~[na:1.6.0_38]
	at sun.reflect.NativeMethodAccessorImpl.invoke(NativeMethodAccessorImpl.java:39) ~[na:1.6.0_38]
	at sun.reflect.DelegatingMethodAccessorImpl.invoke(DelegatingMethodAccessorImpl.java:25) ~[na:1.6.0_38]
	at java.lang.reflect.Method.invoke(Method.java:597) ~[na:1.6.0_38]
	at org.springframework.beans.factory.annotation.InitDestroyAnnotationBeanPostProcessor$LifecycleElement.invoke(InitDestroyAnnotationBeanPostProcessor.java:340) [spring-beans-3.0.6.RELEASE.jar:3.0.6.RELEASE]
	at org.springframework.beans.factory.annotation.InitDestroyAnnotationBeanPostProcessor$LifecycleMetadata.invokeDestroyMethods(InitDestroyAnnotationBeanPostProcessor.java:305) [spring-beans-3.0.6.RELEASE.jar:3.0.6.RELEASE]
	at org.springframework.beans.factory.annotation.InitDestroyAnnotationBeanPostProcessor.postProcessBeforeDestruction(InitDestroyAnnotationBeanPostProcessor.java:148) [spring-beans-3.0.6.RELEASE.jar:3.0.6.RELEASE]
	at org.springframework.beans.factory.support.DisposableBeanAdapter.destroy(DisposableBeanAdapter.java:166) [spring-beans-3.0.6.RELEASE.jar:3.0.6.RELEASE]
	at org.springframework.beans.factory.support.DefaultSingletonBeanRegistry.destroyBean(DefaultSingletonBeanRegistry.java:487) [spring-beans-3.0.6.RELEASE.jar:3.0.6.RELEASE]
	at org.springframework.beans.factory.support.DefaultSingletonBeanRegistry.destroySingleton(DefaultSingletonBeanRegistry.java:463) [spring-beans-3.0.6.RELEASE.jar:3.0.6.RELEASE]
	at org.springframework.beans.factory.support.DefaultSingletonBeanRegistry.destroySingletons(DefaultSingletonBeanRegistry.java:431) [spring-beans-3.0.6.RELEASE.jar:3.0.6.RELEASE]
	at org.springframework.context.support.AbstractApplicationContext.destroyBeans(AbstractApplicationContext.java:1048) [spring-context-3.0.6.RELEASE.jar:3.0.6.RELEASE]
	at org.springframework.context.support.AbstractApplicationContext.refresh(AbstractApplicationContext.java:433) [spring-context-3.0.6.RELEASE.jar:3.0.6.RELEASE]
	at org.springframework.test.context.support.AbstractGenericContextLoader.loadContext(AbstractGenericContextLoader.java:84) [spring-test-3.0.6.RELEASE.jar:3.0.6.RELEASE]
	at org.springframework.test.context.support.AbstractGenericContextLoader.loadContext(AbstractGenericContextLoader.java:1) [spring-test-3.0.6.RELEASE.jar:3.0.6.RELEASE]
	at org.springframework.test.context.TestContext.loadApplicationContext(TestContext.java:280) [spring-test-3.0.6.RELEASE.jar:3.0.6.RELEASE]
	at org.springframework.test.context.TestContext.getApplicationContext(TestContext.java:304) [spring-test-3.0.6.RELEASE.jar:3.0.6.RELEASE]
	at org.springframework.test.context.support.DependencyInjectionTestExecutionListener.injectDependencies(DependencyInjectionTestExecutionListener.java:109) [spring-test-3.0.6.RELEASE.jar:3.0.6.RELEASE]
	at org.springframework.test.context.support.DependencyInjectionTestExecutionListener.prepareTestInstance(DependencyInjectionTestExecutionListener.java:75) [spring-test-3.0.6.RELEASE.jar:3.0.6.RELEASE]
	at org.springframework.test.context.TestContextManager.prepareTestInstance(TestContextManager.java:321) [spring-test-3.0.6.RELEASE.jar:3.0.6.RELEASE]
	at org.spockframework.spring.SpringTestContextManager.prepareTestInstance(SpringTestContextManager.java:49) [spock-spring-0.7-groovy-2.0.jar:na]
	at org.spockframework.spring.SpringInterceptor.interceptSetupMethod(SpringInterceptor.java:42) [spock-spring-0.7-groovy-2.0.jar:na]
	at org.spockframework.runtime.extension.AbstractMethodInterceptor.intercept(AbstractMethodInterceptor.java:28) [spock-core-0.7-groovy-2.0.jar:na]
	at org.spockframework.runtime.extension.MethodInvocation.proceed(MethodInvocation.java:84) [spock-core-0.7-groovy-2.0.jar:na]
	at org.spockframework.runtime.BaseSpecRunner.invoke(BaseSpecRunner.java:319) [spock-core-0.7-groovy-2.0.jar:na]
	at org.spockframework.runtime.BaseSpecRunner.invokeSetup(BaseSpecRunner.java:279) [spock-core-0.7-groovy-2.0.jar:na]
	at org.spockframework.runtime.BaseSpecRunner.doRunIteration(BaseSpecRunner.java:255) [spock-core-0.7-groovy-2.0.jar:na]
	at sun.reflect.GeneratedMethodAccessor5.invoke(Unknown Source) ~[na:na]
	at sun.reflect.DelegatingMethodAccessorImpl.invoke(DelegatingMethodAccessorImpl.java:25) ~[na:1.6.0_38]
	at java.lang.reflect.Method.invoke(Method.java:597) ~[na:1.6.0_38]
	at org.spockframework.util.ReflectionUtil.invokeMethod(ReflectionUtil.java:138) [spock-core-0.7-groovy-2.0.jar:na]
	at org.spockframework.runtime.BaseSpecRunner.invokeRaw(BaseSpecRunner.java:330) [spock-core-0.7-groovy-2.0.jar:na]
	at org.spockframework.runtime.BaseSpecRunner.invoke(BaseSpecRunner.java:311) [spock-core-0.7-groovy-2.0.jar:na]
	at org.spockframework.runtime.BaseSpecRunner.runIteration(BaseSpecRunner.java:223) [spock-core-0.7-groovy-2.0.jar:na]
	at org.spockframework.runtime.BaseSpecRunner.initializeAndRunIteration(BaseSpecRunner.java:214) [spock-core-0.7-groovy-2.0.jar:na]
	at org.spockframework.runtime.BaseSpecRunner.runSimpleFeature(BaseSpecRunner.java:205) [spock-core-0.7-groovy-2.0.jar:na]
	at org.spockframework.runtime.BaseSpecRunner.doRunFeature(BaseSpecRunner.java:199) [spock-core-0.7-groovy-2.0.jar:na]
	at sun.reflect.GeneratedMethodAccessor7.invoke(Unknown Source) ~[na:na]
	at sun.reflect.DelegatingMethodAccessorImpl.invoke(DelegatingMethodAccessorImpl.java:25) ~[na:1.6.0_38]
	at java.lang.reflect.Method.invoke(Method.java:597) ~[na:1.6.0_38]
	at org.spockframework.util.ReflectionUtil.invokeMethod(ReflectionUtil.java:138) [spock-core-0.7-groovy-2.0.jar:na]
	at org.spockframework.runtime.BaseSpecRunner.invokeRaw(BaseSpecRunner.java:330) [spock-core-0.7-groovy-2.0.jar:na]
	at org.spockframework.runtime.BaseSpecRunner.invoke(BaseSpecRunner.java:311) [spock-core-0.7-groovy-2.0.jar:na]
	at org.spockframework.runtime.BaseSpecRunner.runFeature(BaseSpecRunner.java:175) [spock-core-0.7-groovy-2.0.jar:na]
	at org.spockframework.runtime.BaseSpecRunner.runFeatures(BaseSpecRunner.java:152) [spock-core-0.7-groovy-2.0.jar:na]
	at org.spockframework.runtime.BaseSpecRunner.doRunSpec(BaseSpecRunner.java:112) [spock-core-0.7-groovy-2.0.jar:na]
	at sun.reflect.GeneratedMethodAccessor11.invoke(Unknown Source) ~[na:na]
	at sun.reflect.DelegatingMethodAccessorImpl.invoke(DelegatingMethodAccessorImpl.java:25) ~[na:1.6.0_38]
	at java.lang.reflect.Method.invoke(Method.java:597) ~[na:1.6.0_38]
	at org.spockframework.util.ReflectionUtil.invokeMethod(ReflectionUtil.java:138) [spock-core-0.7-groovy-2.0.jar:na]
	at org.spockframework.runtime.BaseSpecRunner.invokeRaw(BaseSpecRunner.java:330) [spock-core-0.7-groovy-2.0.jar:na]
	at org.spockframework.runtime.BaseSpecRunner.invoke(BaseSpecRunner.java:311) [spock-core-0.7-groovy-2.0.jar:na]
	at org.spockframework.runtime.BaseSpecRunner.runSpec(BaseSpecRunner.java:91) [spock-core-0.7-groovy-2.0.jar:na]
	at org.spockframework.runtime.BaseSpecRunner.run(BaseSpecRunner.java:82) [spock-core-0.7-groovy-2.0.jar:na]
	at org.spockframework.runtime.Sputnik.run(Sputnik.java:63) [spock-core-0.7-groovy-2.0.jar:na]
	at org.apache.maven.surefire.junit4.JUnit4TestSet.execute(JUnit4TestSet.java:53) [surefire-junit4-2.10.jar:2.10]
	at org.apache.maven.surefire.junit4.JUnit4Provider.executeTestSet(JUnit4Provider.java:123) [surefire-junit4-2.10.jar:2.10]
	at org.apache.maven.surefire.junit4.JUnit4Provider.invoke(JUnit4Provider.java:104) [surefire-junit4-2.10.jar:2.10]
	at sun.reflect.NativeMethodAccessorImpl.invoke0(Native Method) ~[na:1.6.0_38]
	at sun.reflect.NativeMethodAccessorImpl.invoke(NativeMethodAccessorImpl.java:39) ~[na:1.6.0_38]
	at sun.reflect.DelegatingMethodAccessorImpl.invoke(DelegatingMethodAccessorImpl.java:25) ~[na:1.6.0_38]
	at java.lang.reflect.Method.invoke(Method.java:597) ~[na:1.6.0_38]
	at org.apache.maven.surefire.util.ReflectionUtils.invokeMethodWithArray(ReflectionUtils.java:164) [surefire-api-2.10.jar:2.10]
	at org.apache.maven.surefire.booter.ProviderFactory$ProviderProxy.invoke(ProviderFactory.java:110) [surefire-booter-2.10.jar:2.10]
	at org.apache.maven.surefire.booter.SurefireStarter.invokeProvider(SurefireStarter.java:175) [surefire-booter-2.10.jar:2.10]
	at org.apache.maven.surefire.booter.SurefireStarter.runSuitesInProcessWhenForked(SurefireStarter.java:107) [surefire-booter-2.10.jar:2.10]
	at org.apache.maven.surefire.booter.ForkedBooter.main(ForkedBooter.java:68) [surefire-booter-2.10.jar:2.10]
22:05:36.747 [main] WARN  o.s.c.a.CommonAnnotationBeanPostProcessor - Invocation of destroy method failed on bean with name &apos;coreTicketSecondPassSyncJob&apos;: com.rackspace.search.exception.NotFoundException: Index is missing
22:05:36.752 [main] ERROR c.r.s.e.client.ElasticSearchClient - Index is missing
org.elasticsearch.indices.IndexMissingException: [admin] missing
	at org.elasticsearch.cluster.metadata.MetaData.concreteIndex(MetaData.java:616) ~[elasticsearch-0.90.2.jar:na]
	at org.elasticsearch.action.get.TransportGetAction.resolveRequest(TransportGetAction.java:90) ~[elasticsearch-0.90.2.jar:na]
	at org.elasticsearch.action.get.TransportGetAction.resolveRequest(TransportGetAction.java:42) ~[elasticsearch-0.90.2.jar:na]
	at org.elasticsearch.action.support.single.shard.TransportShardSingleOperationAction$AsyncSingleAction.&lt;init&gt;(TransportShardSingleOperationAction.java:114) ~[elasticsearch-0.90.2.jar:na]
	at org.elasticsearch.action.support.single.shard.TransportShardSingleOperationAction$AsyncSingleAction.&lt;init&gt;(TransportShardSingleOperationAction.java:94) ~[elasticsearch-0.90.2.jar:na]
	at org.elasticsearch.action.support.single.shard.TransportShardSingleOperationAction.doExecute(TransportShardSingleOperationAction.java:71) ~[elasticsearch-0.90.2.jar:na]
	at org.elasticsearch.action.support.single.shard.TransportShardSingleOperationAction.doExecute(TransportShardSingleOperationAction.java:46) ~[elasticsearch-0.90.2.jar:na]
	at org.elasticsearch.action.support.TransportAction.execute(TransportAction.java:61) ~[elasticsearch-0.90.2.jar:na]
	at org.elasticsearch.client.node.NodeClient.execute(NodeClient.java:92) ~[elasticsearch-0.90.2.jar:na]
	at org.elasticsearch.client.support.AbstractClient.get(AbstractClient.java:179) ~[elasticsearch-0.90.2.jar:na]
	at org.elasticsearch.action.get.GetRequestBuilder.doExecute(GetRequestBuilder.java:112) ~[elasticsearch-0.90.2.jar:na]
	at org.elasticsearch.action.ActionRequestBuilder.execute(ActionRequestBuilder.java:62) ~[elasticsearch-0.90.2.jar:na]
	at org.elasticsearch.action.ActionRequestBuilder.execute(ActionRequestBuilder.java:57) ~[elasticsearch-0.90.2.jar:na]
	at org.elasticsearch.action.ActionRequestBuilder$execute.call(Unknown Source) ~[na:na]
	at com.rackspace.search.elasticsearch.client.ElasticSearchClient.getDocument(ElasticSearchClient.groovy:209) ~[classes/:na]
	at com.rackspace.search.elasticsearch.client.ElasticSearchClient$getDocument.call(Unknown Source) [classes/:na]
	at com.rackspace.search.service.JobService.getJob(JobService.groovy:56) [classes/:na]
	at com.rackspace.search.service.JobService$getJob$0.callCurrent(Unknown Source) [classes/:na]
	at com.rackspace.search.service.JobService.getJob(JobService.groovy:52) [classes/:na]
	at com.rackspace.search.service.JobService$getJob.call(Unknown Source) [classes/:na]
	at com.rackspace.search.service.admin.CoreTicketOndemandSyncJob.windupActivities(CoreTicketOndemandSyncJob.groovy:91) [classes/:na]
	at sun.reflect.NativeMethodAccessorImpl.invoke0(Native Method) ~[na:1.6.0_38]
	at sun.reflect.NativeMethodAccessorImpl.invoke(NativeMethodAccessorImpl.java:39) ~[na:1.6.0_38]
	at sun.reflect.DelegatingMethodAccessorImpl.invoke(DelegatingMethodAccessorImpl.java:25) ~[na:1.6.0_38]
	at java.lang.reflect.Method.invoke(Method.java:597) ~[na:1.6.0_38]
	at org.springframework.beans.factory.annotation.InitDestroyAnnotationBeanPostProcessor$LifecycleElement.invoke(InitDestroyAnnotationBeanPostProcessor.java:340) [spring-beans-3.0.6.RELEASE.jar:3.0.6.RELEASE]
	at org.springframework.beans.factory.annotation.InitDestroyAnnotationBeanPostProcessor$LifecycleMetadata.invokeDestroyMethods(InitDestroyAnnotationBeanPostProcessor.java:305) [spring-beans-3.0.6.RELEASE.jar:3.0.6.RELEASE]
	at org.springframework.beans.factory.annotation.InitDestroyAnnotationBeanPostProcessor.postProcessBeforeDestruction(InitDestroyAnnotationBeanPostProcessor.java:148) [spring-beans-3.0.6.RELEASE.jar:3.0.6.RELEASE]
	at org.springframework.beans.factory.support.DisposableBeanAdapter.destroy(DisposableBeanAdapter.java:166) [spring-beans-3.0.6.RELEASE.jar:3.0.6.RELEASE]
	at org.springframework.beans.factory.support.DefaultSingletonBeanRegistry.destroyBean(DefaultSingletonBeanRegistry.java:487) [spring-beans-3.0.6.RELEASE.jar:3.0.6.RELEASE]
	at org.springframework.beans.factory.support.DefaultSingletonBeanRegistry.destroySingleton(DefaultSingletonBeanRegistry.java:463) [spring-beans-3.0.6.RELEASE.jar:3.0.6.RELEASE]
	at org.springframework.beans.factory.support.DefaultSingletonBeanRegistry.destroySingletons(DefaultSingletonBeanRegistry.java:431) [spring-beans-3.0.6.RELEASE.jar:3.0.6.RELEASE]
	at org.springframework.context.support.AbstractApplicationContext.destroyBeans(AbstractApplicationContext.java:1048) [spring-context-3.0.6.RELEASE.jar:3.0.6.RELEASE]
	at org.springframework.context.support.AbstractApplicationContext.refresh(AbstractApplicationContext.java:433) [spring-context-3.0.6.RELEASE.jar:3.0.6.RELEASE]
	at org.springframework.test.context.support.AbstractGenericContextLoader.loadContext(AbstractGenericContextLoader.java:84) [spring-test-3.0.6.RELEASE.jar:3.0.6.RELEASE]
	at org.springframework.test.context.support.AbstractGenericContextLoader.loadContext(AbstractGenericContextLoader.java:1) [spring-test-3.0.6.RELEASE.jar:3.0.6.RELEASE]
	at org.springframework.test.context.TestContext.loadApplicationContext(TestContext.java:280) [spring-test-3.0.6.RELEASE.jar:3.0.6.RELEASE]
	at org.springframework.test.context.TestContext.getApplicationContext(TestContext.java:304) [spring-test-3.0.6.RELEASE.jar:3.0.6.RELEASE]
	at org.springframework.test.context.support.DependencyInjectionTestExecutionListener.injectDependencies(DependencyInjectionTestExecutionListener.java:109) [spring-test-3.0.6.RELEASE.jar:3.0.6.RELEASE]
	at org.springframework.test.context.support.DependencyInjectionTestExecutionListener.prepareTestInstance(DependencyInjectionTestExecutionListener.java:75) [spring-test-3.0.6.RELEASE.jar:3.0.6.RELEASE]
	at org.springframework.test.context.TestContextManager.prepareTestInstance(TestContextManager.java:321) [spring-test-3.0.6.RELEASE.jar:3.0.6.RELEASE]
	at org.spockframework.spring.SpringTestContextManager.prepareTestInstance(SpringTestContextManager.java:49) [spock-spring-0.7-groovy-2.0.jar:na]
	at org.spockframework.spring.SpringInterceptor.interceptSetupMethod(SpringInterceptor.java:42) [spock-spring-0.7-groovy-2.0.jar:na]
	at org.spockframework.runtime.extension.AbstractMethodInterceptor.intercept(AbstractMethodInterceptor.java:28) [spock-core-0.7-groovy-2.0.jar:na]
	at org.spockframework.runtime.extension.MethodInvocation.proceed(MethodInvocation.java:84) [spock-core-0.7-groovy-2.0.jar:na]
	at org.spockframework.runtime.BaseSpecRunner.invoke(BaseSpecRunner.java:319) [spock-core-0.7-groovy-2.0.jar:na]
	at org.spockframework.runtime.BaseSpecRunner.invokeSetup(BaseSpecRunner.java:279) [spock-core-0.7-groovy-2.0.jar:na]
	at org.spockframework.runtime.BaseSpecRunner.doRunIteration(BaseSpecRunner.java:255) [spock-core-0.7-groovy-2.0.jar:na]
	at sun.reflect.GeneratedMethodAccessor5.invoke(Unknown Source) ~[na:na]
	at sun.reflect.DelegatingMethodAccessorImpl.invoke(DelegatingMethodAccessorImpl.java:25) ~[na:1.6.0_38]
	at java.lang.reflect.Method.invoke(Method.java:597) ~[na:1.6.0_38]
	at org.spockframework.util.ReflectionUtil.invokeMethod(ReflectionUtil.java:138) [spock-core-0.7-groovy-2.0.jar:na]
	at org.spockframework.runtime.BaseSpecRunner.invokeRaw(BaseSpecRunner.java:330) [spock-core-0.7-groovy-2.0.jar:na]
	at org.spockframework.runtime.BaseSpecRunner.invoke(BaseSpecRunner.java:311) [spock-core-0.7-groovy-2.0.jar:na]
	at org.spockframework.runtime.BaseSpecRunner.runIteration(BaseSpecRunner.java:223) [spock-core-0.7-groovy-2.0.jar:na]
	at org.spockframework.runtime.BaseSpecRunner.initializeAndRunIteration(BaseSpecRunner.java:214) [spock-core-0.7-groovy-2.0.jar:na]
	at org.spockframework.runtime.BaseSpecRunner.runSimpleFeature(BaseSpecRunner.java:205) [spock-core-0.7-groovy-2.0.jar:na]
	at org.spockframework.runtime.BaseSpecRunner.doRunFeature(BaseSpecRunner.java:199) [spock-core-0.7-groovy-2.0.jar:na]
	at sun.reflect.GeneratedMethodAccessor7.invoke(Unknown Source) ~[na:na]
	at sun.reflect.DelegatingMethodAccessorImpl.invoke(DelegatingMethodAccessorImpl.java:25) ~[na:1.6.0_38]
	at java.lang.reflect.Method.invoke(Method.java:597) ~[na:1.6.0_38]
	at org.spockframework.util.ReflectionUtil.invokeMethod(ReflectionUtil.java:138) [spock-core-0.7-groovy-2.0.jar:na]
	at org.spockframework.runtime.BaseSpecRunner.invokeRaw(BaseSpecRunner.java:330) [spock-core-0.7-groovy-2.0.jar:na]
	at org.spockframework.runtime.BaseSpecRunner.invoke(BaseSpecRunner.java:311) [spock-core-0.7-groovy-2.0.jar:na]
	at org.spockframework.runtime.BaseSpecRunner.runFeature(BaseSpecRunner.java:175) [spock-core-0.7-groovy-2.0.jar:na]
	at org.spockframework.runtime.BaseSpecRunner.runFeatures(BaseSpecRunner.java:152) [spock-core-0.7-groovy-2.0.jar:na]
	at org.spockframework.runtime.BaseSpecRunner.doRunSpec(BaseSpecRunner.java:112) [spock-core-0.7-groovy-2.0.jar:na]
	at sun.reflect.GeneratedMethodAccessor11.invoke(Unknown Source) ~[na:na]
	at sun.reflect.DelegatingMethodAccessorImpl.invoke(DelegatingMethodAccessorImpl.java:25) ~[na:1.6.0_38]
	at java.lang.reflect.Method.invoke(Method.java:597) ~[na:1.6.0_38]
	at org.spockframework.util.ReflectionUtil.invokeMethod(ReflectionUtil.java:138) [spock-core-0.7-groovy-2.0.jar:na]
	at org.spockframework.runtime.BaseSpecRunner.invokeRaw(BaseSpecRunner.java:330) [spock-core-0.7-groovy-2.0.jar:na]
	at org.spockframework.runtime.BaseSpecRunner.invoke(BaseSpecRunner.java:311) [spock-core-0.7-groovy-2.0.jar:na]
	at org.spockframework.runtime.BaseSpecRunner.runSpec(BaseSpecRunner.java:91) [spock-core-0.7-groovy-2.0.jar:na]
	at org.spockframework.runtime.BaseSpecRunner.run(BaseSpecRunner.java:82) [spock-core-0.7-groovy-2.0.jar:na]
	at org.spockframework.runtime.Sputnik.run(Sputnik.java:63) [spock-core-0.7-groovy-2.0.jar:na]
	at org.apache.maven.surefire.junit4.JUnit4TestSet.execute(JUnit4TestSet.java:53) [surefire-junit4-2.10.jar:2.10]
	at org.apache.maven.surefire.junit4.JUnit4Provider.executeTestSet(JUnit4Provider.java:123) [surefire-junit4-2.10.jar:2.10]
	at org.apache.maven.surefire.junit4.JUnit4Provider.invoke(JUnit4Provider.java:104) [surefire-junit4-2.10.jar:2.10]
	at sun.reflect.NativeMethodAccessorImpl.invoke0(Native Method) ~[na:1.6.0_38]
	at sun.reflect.NativeMethodAccessorImpl.invoke(NativeMethodAccessorImpl.java:39) ~[na:1.6.0_38]
	at sun.reflect.DelegatingMethodAccessorImpl.invoke(DelegatingMethodAccessorImpl.java:25) ~[na:1.6.0_38]
	at java.lang.reflect.Method.invoke(Method.java:597) ~[na:1.6.0_38]
	at org.apache.maven.surefire.util.ReflectionUtils.invokeMethodWithArray(ReflectionUtils.java:164) [surefire-api-2.10.jar:2.10]
	at org.apache.maven.surefire.booter.ProviderFactory$ProviderProxy.invoke(ProviderFactory.java:110) [surefire-booter-2.10.jar:2.10]
	at org.apache.maven.surefire.booter.SurefireStarter.invokeProvider(SurefireStarter.java:175) [surefire-booter-2.10.jar:2.10]
	at org.apache.maven.surefire.booter.SurefireStarter.runSuitesInProcessWhenForked(SurefireStarter.java:107) [surefire-booter-2.10.jar:2.10]
	at org.apache.maven.surefire.booter.ForkedBooter.main(ForkedBooter.java:68) [surefire-booter-2.10.jar:2.10]
22:05:36.769 [main] WARN  o.s.c.a.CommonAnnotationBeanPostProcessor - Invocation of destroy method failed on bean with name &apos;coreTicketOndemandSyncJob&apos;: com.rackspace.search.exception.NotFoundException: Index is missing
22:05:36.782 [main] ERROR c.r.s.e.client.ElasticSearchClient - Index is missing
org.elasticsearch.indices.IndexMissingException: [admin] missing
	at org.elasticsearch.cluster.metadata.MetaData.concreteIndex(MetaData.java:616) ~[elasticsearch-0.90.2.jar:na]
	at org.elasticsearch.action.get.TransportGetAction.resolveRequest(TransportGetAction.java:90) ~[elasticsearch-0.90.2.jar:na]
	at org.elasticsearch.action.get.TransportGetAction.resolveRequest(TransportGetAction.java:42) ~[elasticsearch-0.90.2.jar:na]
	at org.elasticsearch.action.support.single.shard.TransportShardSingleOperationAction$AsyncSingleAction.&lt;init&gt;(TransportShardSingleOperationAction.java:114) ~[elasticsearch-0.90.2.jar:na]
	at org.elasticsearch.action.support.single.shard.TransportShardSingleOperationAction$AsyncSingleAction.&lt;init&gt;(TransportShardSingleOperationAction.java:94) ~[elasticsearch-0.90.2.jar:na]
	at org.elasticsearch.action.support.single.shard.TransportShardSingleOperationAction.doExecute(TransportShardSingleOperationAction.java:71) ~[elasticsearch-0.90.2.jar:na]
	at org.elasticsearch.action.support.single.shard.TransportShardSingleOperationAction.doExecute(TransportShardSingleOperationAction.java:46) ~[elasticsearch-0.90.2.jar:na]
	at org.elasticsearch.action.support.TransportAction.execute(TransportAction.java:61) ~[elasticsearch-0.90.2.jar:na]
	at org.elasticsearch.client.node.NodeClient.execute(NodeClient.java:92) ~[elasticsearch-0.90.2.jar:na]
	at org.elasticsearch.client.support.AbstractClient.get(AbstractClient.java:179) ~[elasticsearch-0.90.2.jar:na]
	at org.elasticsearch.action.get.GetRequestBuilder.doExecute(GetRequestBuilder.java:112) ~[elasticsearch-0.90.2.jar:na]
	at org.elasticsearch.action.ActionRequestBuilder.execute(ActionRequestBuilder.java:62) ~[elasticsearch-0.90.2.jar:na]
	at org.elasticsearch.action.ActionRequestBuilder.execute(ActionRequestBuilder.java:57) ~[elasticsearch-0.90.2.jar:na]
	at org.elasticsearch.action.ActionRequestBuilder$execute.call(Unknown Source) ~[na:na]
	at com.rackspace.search.elasticsearch.client.ElasticSearchClient.getDocument(ElasticSearchClient.groovy:209) ~[classes/:na]
	at com.rackspace.search.elasticsearch.client.ElasticSearchClient$getDocument.call(Unknown Source) [classes/:na]
	at com.rackspace.search.service.JobService.getJob(JobService.groovy:56) [classes/:na]
	at com.rackspace.search.service.JobService$getJob$0.callCurrent(Unknown Source) [classes/:na]
	at com.rackspace.search.service.JobService.getJob(JobService.groovy:52) [classes/:na]
	at com.rackspace.search.service.JobService$getJob.call(Unknown Source) [classes/:na]
	at com.rackspace.search.service.account.AccountOngoingSyncJob.windupActivities(AccountOngoingSyncJob.groovy:89) [classes/:na]
	at sun.reflect.NativeMethodAccessorImpl.invoke0(Native Method) ~[na:1.6.0_38]
	at sun.reflect.NativeMethodAccessorImpl.invoke(NativeMethodAccessorImpl.java:39) ~[na:1.6.0_38]
	at sun.reflect.DelegatingMethodAccessorImpl.invoke(DelegatingMethodAccessorImpl.java:25) ~[na:1.6.0_38]
	at java.lang.reflect.Method.invoke(Method.java:597) ~[na:1.6.0_38]
	at org.springframework.beans.factory.annotation.InitDestroyAnnotationBeanPostProcessor$LifecycleElement.invoke(InitDestroyAnnotationBeanPostProcessor.java:340) [spring-beans-3.0.6.RELEASE.jar:3.0.6.RELEASE]
	at org.springframework.beans.factory.annotation.InitDestroyAnnotationBeanPostProcessor$LifecycleMetadata.invokeDestroyMethods(InitDestroyAnnotationBeanPostProcessor.java:305) [spring-beans-3.0.6.RELEASE.jar:3.0.6.RELEASE]
	at org.springframework.beans.factory.annotation.InitDestroyAnnotationBeanPostProcessor.postProcessBeforeDestruction(InitDestroyAnnotationBeanPostProcessor.java:148) [spring-beans-3.0.6.RELEASE.jar:3.0.6.RELEASE]
	at org.springframework.beans.factory.support.DisposableBeanAdapter.destroy(DisposableBeanAdapter.java:166) [spring-beans-3.0.6.RELEASE.jar:3.0.6.RELEASE]
	at org.springframework.beans.factory.support.DefaultSingletonBeanRegistry.destroyBean(DefaultSingletonBeanRegistry.java:487) [spring-beans-3.0.6.RELEASE.jar:3.0.6.RELEASE]
	at org.springframework.beans.factory.support.DefaultSingletonBeanRegistry.destroySingleton(DefaultSingletonBeanRegistry.java:463) [spring-beans-3.0.6.RELEASE.jar:3.0.6.RELEASE]
	at org.springframework.beans.factory.support.DefaultSingletonBeanRegistry.destroySingletons(DefaultSingletonBeanRegistry.java:431) [spring-beans-3.0.6.RELEASE.jar:3.0.6.RELEASE]
	at org.springframework.context.support.AbstractApplicationContext.destroyBeans(AbstractApplicationContext.java:1048) [spring-context-3.0.6.RELEASE.jar:3.0.6.RELEASE]
	at org.springframework.context.support.AbstractApplicationContext.refresh(AbstractApplicationContext.java:433) [spring-context-3.0.6.RELEASE.jar:3.0.6.RELEASE]
	at org.springframework.test.context.support.AbstractGenericContextLoader.loadContext(AbstractGenericContextLoader.java:84) [spring-test-3.0.6.RELEASE.jar:3.0.6.RELEASE]
	at org.springframework.test.context.support.AbstractGenericContextLoader.loadContext(AbstractGenericContextLoader.java:1) [spring-test-3.0.6.RELEASE.jar:3.0.6.RELEASE]
	at org.springframework.test.context.TestContext.loadApplicationContext(TestContext.java:280) [spring-test-3.0.6.RELEASE.jar:3.0.6.RELEASE]
	at org.springframework.test.context.TestContext.getApplicationContext(TestContext.java:304) [spring-test-3.0.6.RELEASE.jar:3.0.6.RELEASE]
	at org.springframework.test.context.support.DependencyInjectionTestExecutionListener.injectDependencies(DependencyInjectionTestExecutionListener.java:109) [spring-test-3.0.6.RELEASE.jar:3.0.6.RELEASE]
	at org.springframework.test.context.support.DependencyInjectionTestExecutionListener.prepareTestInstance(DependencyInjectionTestExecutionListener.java:75) [spring-test-3.0.6.RELEASE.jar:3.0.6.RELEASE]
	at org.springframework.test.context.TestContextManager.prepareTestInstance(TestContextManager.java:321) [spring-test-3.0.6.RELEASE.jar:3.0.6.RELEASE]
	at org.spockframework.spring.SpringTestContextManager.prepareTestInstance(SpringTestContextManager.java:49) [spock-spring-0.7-groovy-2.0.jar:na]
	at org.spockframework.spring.SpringInterceptor.interceptSetupMethod(SpringInterceptor.java:42) [spock-spring-0.7-groovy-2.0.jar:na]
	at org.spockframework.runtime.extension.AbstractMethodInterceptor.intercept(AbstractMethodInterceptor.java:28) [spock-core-0.7-groovy-2.0.jar:na]
	at org.spockframework.runtime.extension.MethodInvocation.proceed(MethodInvocation.java:84) [spock-core-0.7-groovy-2.0.jar:na]
	at org.spockframework.runtime.BaseSpecRunner.invoke(BaseSpecRunner.java:319) [spock-core-0.7-groovy-2.0.jar:na]
	at org.spockframework.runtime.BaseSpecRunner.invokeSetup(BaseSpecRunner.java:279) [spock-core-0.7-groovy-2.0.jar:na]
	at org.spockframework.runtime.BaseSpecRunner.doRunIteration(BaseSpecRunner.java:255) [spock-core-0.7-groovy-2.0.jar:na]
	at sun.reflect.GeneratedMethodAccessor5.invoke(Unknown Source) ~[na:na]
	at sun.reflect.DelegatingMethodAccessorImpl.invoke(DelegatingMethodAccessorImpl.java:25) ~[na:1.6.0_38]
	at java.lang.reflect.Method.invoke(Method.java:597) ~[na:1.6.0_38]
	at org.spockframework.util.ReflectionUtil.invokeMethod(ReflectionUtil.java:138) [spock-core-0.7-groovy-2.0.jar:na]
	at org.spockframework.runtime.BaseSpecRunner.invokeRaw(BaseSpecRunner.java:330) [spock-core-0.7-groovy-2.0.jar:na]
	at org.spockframework.runtime.BaseSpecRunner.invoke(BaseSpecRunner.java:311) [spock-core-0.7-groovy-2.0.jar:na]
	at org.spockframework.runtime.BaseSpecRunner.runIteration(BaseSpecRunner.java:223) [spock-core-0.7-groovy-2.0.jar:na]
	at org.spockframework.runtime.BaseSpecRunner.initializeAndRunIteration(BaseSpecRunner.java:214) [spock-core-0.7-groovy-2.0.jar:na]
	at org.spockframework.runtime.BaseSpecRunner.runSimpleFeature(BaseSpecRunner.java:205) [spock-core-0.7-groovy-2.0.jar:na]
	at org.spockframework.runtime.BaseSpecRunner.doRunFeature(BaseSpecRunner.java:199) [spock-core-0.7-groovy-2.0.jar:na]
	at sun.reflect.GeneratedMethodAccessor7.invoke(Unknown Source) ~[na:na]
	at sun.reflect.DelegatingMethodAccessorImpl.invoke(DelegatingMethodAccessorImpl.java:25) ~[na:1.6.0_38]
	at java.lang.reflect.Method.invoke(Method.java:597) ~[na:1.6.0_38]
	at org.spockframework.util.ReflectionUtil.invokeMethod(ReflectionUtil.java:138) [spock-core-0.7-groovy-2.0.jar:na]
	at org.spockframework.runtime.BaseSpecRunner.invokeRaw(BaseSpecRunner.java:330) [spock-core-0.7-groovy-2.0.jar:na]
	at org.spockframework.runtime.BaseSpecRunner.invoke(BaseSpecRunner.java:311) [spock-core-0.7-groovy-2.0.jar:na]
	at org.spockframework.runtime.BaseSpecRunner.runFeature(BaseSpecRunner.java:175) [spock-core-0.7-groovy-2.0.jar:na]
	at org.spockframework.runtime.BaseSpecRunner.runFeatures(BaseSpecRunner.java:152) [spock-core-0.7-groovy-2.0.jar:na]
	at org.spockframework.runtime.BaseSpecRunner.doRunSpec(BaseSpecRunner.java:112) [spock-core-0.7-groovy-2.0.jar:na]
	at sun.reflect.GeneratedMethodAccessor11.invoke(Unknown Source) ~[na:na]
	at sun.reflect.DelegatingMethodAccessorImpl.invoke(DelegatingMethodAccessorImpl.java:25) ~[na:1.6.0_38]
	at java.lang.reflect.Method.invoke(Method.java:597) ~[na:1.6.0_38]
	at org.spockframework.util.ReflectionUtil.invokeMethod(ReflectionUtil.java:138) [spock-core-0.7-groovy-2.0.jar:na]
	at org.spockframework.runtime.BaseSpecRunner.invokeRaw(BaseSpecRunner.java:330) [spock-core-0.7-groovy-2.0.jar:na]
	at org.spockframework.runtime.BaseSpecRunner.invoke(BaseSpecRunner.java:311) [spock-core-0.7-groovy-2.0.jar:na]
	at org.spockframework.runtime.BaseSpecRunner.runSpec(BaseSpecRunner.java:91) [spock-core-0.7-groovy-2.0.jar:na]
	at org.spockframework.runtime.BaseSpecRunner.run(BaseSpecRunner.java:82) [spock-core-0.7-groovy-2.0.jar:na]
	at org.spockframework.runtime.Sputnik.run(Sputnik.java:63) [spock-core-0.7-groovy-2.0.jar:na]
	at org.apache.maven.surefire.junit4.JUnit4TestSet.execute(JUnit4TestSet.java:53) [surefire-junit4-2.10.jar:2.10]
	at org.apache.maven.surefire.junit4.JUnit4Provider.executeTestSet(JUnit4Provider.java:123) [surefire-junit4-2.10.jar:2.10]
	at org.apache.maven.surefire.junit4.JUnit4Provider.invoke(JUnit4Provider.java:104) [surefire-junit4-2.10.jar:2.10]
	at sun.reflect.NativeMethodAccessorImpl.invoke0(Native Method) ~[na:1.6.0_38]
	at sun.reflect.NativeMethodAccessorImpl.invoke(NativeMethodAccessorImpl.java:39) ~[na:1.6.0_38]
	at sun.reflect.DelegatingMethodAccessorImpl.invoke(DelegatingMethodAccessorImpl.java:25) ~[na:1.6.0_38]
	at java.lang.reflect.Method.invoke(Method.java:597) ~[na:1.6.0_38]
	at org.apache.maven.surefire.util.ReflectionUtils.invokeMethodWithArray(ReflectionUtils.java:164) [surefire-api-2.10.jar:2.10]
	at org.apache.maven.surefire.booter.ProviderFactory$ProviderProxy.invoke(ProviderFactory.java:110) [surefire-booter-2.10.jar:2.10]
	at org.apache.maven.surefire.booter.SurefireStarter.invokeProvider(SurefireStarter.java:175) [surefire-booter-2.10.jar:2.10]
	at org.apache.maven.surefire.booter.SurefireStarter.runSuitesInProcessWhenForked(SurefireStarter.java:107) [surefire-booter-2.10.jar:2.10]
	at org.apache.maven.surefire.booter.ForkedBooter.main(ForkedBooter.java:68) [surefire-booter-2.10.jar:2.10]
22:05:36.799 [main] WARN  o.s.c.a.CommonAnnotationBeanPostProcessor - Invocation of destroy method failed on bean with name &apos;accountOngoingSyncJob&apos;: com.rackspace.search.exception.NotFoundException: Index is missing
22:05:36.804 [main] ERROR c.r.s.e.client.ElasticSearchClient - Index is missing
org.elasticsearch.indices.IndexMissingException: [admin] missing
	at org.elasticsearch.cluster.metadata.MetaData.concreteIndex(MetaData.java:616) ~[elasticsearch-0.90.2.jar:na]
	at org.elasticsearch.action.get.TransportGetAction.resolveRequest(TransportGetAction.java:90) ~[elasticsearch-0.90.2.jar:na]
	at org.elasticsearch.action.get.TransportGetAction.resolveRequest(TransportGetAction.java:42) ~[elasticsearch-0.90.2.jar:na]
	at org.elasticsearch.action.support.single.shard.TransportShardSingleOperationAction$AsyncSingleAction.&lt;init&gt;(TransportShardSingleOperationAction.java:114) ~[elasticsearch-0.90.2.jar:na]
	at org.elasticsearch.action.support.single.shard.TransportShardSingleOperationAction$AsyncSingleAction.&lt;init&gt;(TransportShardSingleOperationAction.java:94) ~[elasticsearch-0.90.2.jar:na]
	at org.elasticsearch.action.support.single.shard.TransportShardSingleOperationAction.doExecute(TransportShardSingleOperationAction.java:71) ~[elasticsearch-0.90.2.jar:na]
	at org.elasticsearch.action.support.single.shard.TransportShardSingleOperationAction.doExecute(TransportShardSingleOperationAction.java:46) ~[elasticsearch-0.90.2.jar:na]
	at org.elasticsearch.action.support.TransportAction.execute(TransportAction.java:61) ~[elasticsearch-0.90.2.jar:na]
	at org.elasticsearch.client.node.NodeClient.execute(NodeClient.java:92) ~[elasticsearch-0.90.2.jar:na]
	at org.elasticsearch.client.support.AbstractClient.get(AbstractClient.java:179) ~[elasticsearch-0.90.2.jar:na]
	at org.elasticsearch.action.get.GetRequestBuilder.doExecute(GetRequestBuilder.java:112) ~[elasticsearch-0.90.2.jar:na]
	at org.elasticsearch.action.ActionRequestBuilder.execute(ActionRequestBuilder.java:62) ~[elasticsearch-0.90.2.jar:na]
	at org.elasticsearch.action.ActionRequestBuilder.execute(ActionRequestBuilder.java:57) ~[elasticsearch-0.90.2.jar:na]
	at org.elasticsearch.action.ActionRequestBuilder$execute.call(Unknown Source) ~[na:na]
	at com.rackspace.search.elasticsearch.client.ElasticSearchClient.getDocument(ElasticSearchClient.groovy:209) ~[classes/:na]
	at com.rackspace.search.elasticsearch.client.ElasticSearchClient$getDocument.call(Unknown Source) [classes/:na]
	at com.rackspace.search.service.JobService.getJob(JobService.groovy:56) [classes/:na]
	at com.rackspace.search.service.JobService$getJob$0.callCurrent(Unknown Source) [classes/:na]
	at com.rackspace.search.service.JobService.getJob(JobService.groovy:52) [classes/:na]
	at com.rackspace.search.service.JobService$getJob.call(Unknown Source) [classes/:na]
	at com.rackspace.search.service.account.AccountOnetimeSyncJob.windupActivities(AccountOneTimeSyncJob.groovy:39) [classes/:na]
	at sun.reflect.NativeMethodAccessorImpl.invoke0(Native Method) ~[na:1.6.0_38]
	at sun.reflect.NativeMethodAccessorImpl.invoke(NativeMethodAccessorImpl.java:39) ~[na:1.6.0_38]
	at sun.reflect.DelegatingMethodAccessorImpl.invoke(DelegatingMethodAccessorImpl.java:25) ~[na:1.6.0_38]
	at java.lang.reflect.Method.invoke(Method.java:597) ~[na:1.6.0_38]
	at org.springframework.beans.factory.annotation.InitDestroyAnnotationBeanPostProcessor$LifecycleElement.invoke(InitDestroyAnnotationBeanPostProcessor.java:340) [spring-beans-3.0.6.RELEASE.jar:3.0.6.RELEASE]
	at org.springframework.beans.factory.annotation.InitDestroyAnnotationBeanPostProcessor$LifecycleMetadata.invokeDestroyMethods(InitDestroyAnnotationBeanPostProcessor.java:305) [spring-beans-3.0.6.RELEASE.jar:3.0.6.RELEASE]
	at org.springframework.beans.factory.annotation.InitDestroyAnnotationBeanPostProcessor.postProcessBeforeDestruction(InitDestroyAnnotationBeanPostProcessor.java:148) [spring-beans-3.0.6.RELEASE.jar:3.0.6.RELEASE]
	at org.springframework.beans.factory.support.DisposableBeanAdapter.destroy(DisposableBeanAdapter.java:166) [spring-beans-3.0.6.RELEASE.jar:3.0.6.RELEASE]
	at org.springframework.beans.factory.support.DefaultSingletonBeanRegistry.destroyBean(DefaultSingletonBeanRegistry.java:487) [spring-beans-3.0.6.RELEASE.jar:3.0.6.RELEASE]
	at org.springframework.beans.factory.support.DefaultSingletonBeanRegistry.destroySingleton(DefaultSingletonBeanRegistry.java:463) [spring-beans-3.0.6.RELEASE.jar:3.0.6.RELEASE]
	at org.springframework.beans.factory.support.DefaultSingletonBeanRegistry.destroySingletons(DefaultSingletonBeanRegistry.java:431) [spring-beans-3.0.6.RELEASE.jar:3.0.6.RELEASE]
	at org.springframework.context.support.AbstractApplicationContext.destroyBeans(AbstractApplicationContext.java:1048) [spring-context-3.0.6.RELEASE.jar:3.0.6.RELEASE]
	at org.springframework.context.support.AbstractApplicationContext.refresh(AbstractApplicationContext.java:433) [spring-context-3.0.6.RELEASE.jar:3.0.6.RELEASE]
	at org.springframework.test.context.support.AbstractGenericContextLoader.loadContext(AbstractGenericContextLoader.java:84) [spring-test-3.0.6.RELEASE.jar:3.0.6.RELEASE]
	at org.springframework.test.context.support.AbstractGenericContextLoader.loadContext(AbstractGenericContextLoader.java:1) [spring-test-3.0.6.RELEASE.jar:3.0.6.RELEASE]
	at org.springframework.test.context.TestContext.loadApplicationContext(TestContext.java:280) [spring-test-3.0.6.RELEASE.jar:3.0.6.RELEASE]
	at org.springframework.test.context.TestContext.getApplicationContext(TestContext.java:304) [spring-test-3.0.6.RELEASE.jar:3.0.6.RELEASE]
	at org.springframework.test.context.support.DependencyInjectionTestExecutionListener.injectDependencies(DependencyInjectionTestExecutionListener.java:109) [spring-test-3.0.6.RELEASE.jar:3.0.6.RELEASE]
	at org.springframework.test.context.support.DependencyInjectionTestExecutionListener.prepareTestInstance(DependencyInjectionTestExecutionListener.java:75) [spring-test-3.0.6.RELEASE.jar:3.0.6.RELEASE]
	at org.springframework.test.context.TestContextManager.prepareTestInstance(TestContextManager.java:321) [spring-test-3.0.6.RELEASE.jar:3.0.6.RELEASE]
	at org.spockframework.spring.SpringTestContextManager.prepareTestInstance(SpringTestContextManager.java:49) [spock-spring-0.7-groovy-2.0.jar:na]
	at org.spockframework.spring.SpringInterceptor.interceptSetupMethod(SpringInterceptor.java:42) [spock-spring-0.7-groovy-2.0.jar:na]
	at org.spockframework.runtime.extension.AbstractMethodInterceptor.intercept(AbstractMethodInterceptor.java:28) [spock-core-0.7-groovy-2.0.jar:na]
	at org.spockframework.runtime.extension.MethodInvocation.proceed(MethodInvocation.java:84) [spock-core-0.7-groovy-2.0.jar:na]
	at org.spockframework.runtime.BaseSpecRunner.invoke(BaseSpecRunner.java:319) [spock-core-0.7-groovy-2.0.jar:na]
	at org.spockframework.runtime.BaseSpecRunner.invokeSetup(BaseSpecRunner.java:279) [spock-core-0.7-groovy-2.0.jar:na]
	at org.spockframework.runtime.BaseSpecRunner.doRunIteration(BaseSpecRunner.java:255) [spock-core-0.7-groovy-2.0.jar:na]
	at sun.reflect.GeneratedMethodAccessor5.invoke(Unknown Source) ~[na:na]
	at sun.reflect.DelegatingMethodAccessorImpl.invoke(DelegatingMethodAccessorImpl.java:25) ~[na:1.6.0_38]
	at java.lang.reflect.Method.invoke(Method.java:597) ~[na:1.6.0_38]
	at org.spockframework.util.ReflectionUtil.invokeMethod(ReflectionUtil.java:138) [spock-core-0.7-groovy-2.0.jar:na]
	at org.spockframework.runtime.BaseSpecRunner.invokeRaw(BaseSpecRunner.java:330) [spock-core-0.7-groovy-2.0.jar:na]
	at org.spockframework.runtime.BaseSpecRunner.invoke(BaseSpecRunner.java:311) [spock-core-0.7-groovy-2.0.jar:na]
	at org.spockframework.runtime.BaseSpecRunner.runIteration(BaseSpecRunner.java:223) [spock-core-0.7-groovy-2.0.jar:na]
	at org.spockframework.runtime.BaseSpecRunner.initializeAndRunIteration(BaseSpecRunner.java:214) [spock-core-0.7-groovy-2.0.jar:na]
	at org.spockframework.runtime.BaseSpecRunner.runSimpleFeature(BaseSpecRunner.java:205) [spock-core-0.7-groovy-2.0.jar:na]
	at org.spockframework.runtime.BaseSpecRunner.doRunFeature(BaseSpecRunner.java:199) [spock-core-0.7-groovy-2.0.jar:na]
	at sun.reflect.GeneratedMethodAccessor7.invoke(Unknown Source) ~[na:na]
	at sun.reflect.DelegatingMethodAccessorImpl.invoke(DelegatingMethodAccessorImpl.java:25) ~[na:1.6.0_38]
	at java.lang.reflect.Method.invoke(Method.java:597) ~[na:1.6.0_38]
	at org.spockframework.util.ReflectionUtil.invokeMethod(ReflectionUtil.java:138) [spock-core-0.7-groovy-2.0.jar:na]
	at org.spockframework.runtime.BaseSpecRunner.invokeRaw(BaseSpecRunner.java:330) [spock-core-0.7-groovy-2.0.jar:na]
	at org.spockframework.runtime.BaseSpecRunner.invoke(BaseSpecRunner.java:311) [spock-core-0.7-groovy-2.0.jar:na]
	at org.spockframework.runtime.BaseSpecRunner.runFeature(BaseSpecRunner.java:175) [spock-core-0.7-groovy-2.0.jar:na]
	at org.spockframework.runtime.BaseSpecRunner.runFeatures(BaseSpecRunner.java:152) [spock-core-0.7-groovy-2.0.jar:na]
	at org.spockframework.runtime.BaseSpecRunner.doRunSpec(BaseSpecRunner.java:112) [spock-core-0.7-groovy-2.0.jar:na]
	at sun.reflect.GeneratedMethodAccessor11.invoke(Unknown Source) ~[na:na]
	at sun.reflect.DelegatingMethodAccessorImpl.invoke(DelegatingMethodAccessorImpl.java:25) ~[na:1.6.0_38]
	at java.lang.reflect.Method.invoke(Method.java:597) ~[na:1.6.0_38]
	at org.spockframework.util.ReflectionUtil.invokeMethod(ReflectionUtil.java:138) [spock-core-0.7-groovy-2.0.jar:na]
	at org.spockframework.runtime.BaseSpecRunner.invokeRaw(BaseSpecRunner.java:330) [spock-core-0.7-groovy-2.0.jar:na]
	at org.spockframework.runtime.BaseSpecRunner.invoke(BaseSpecRunner.java:311) [spock-core-0.7-groovy-2.0.jar:na]
	at org.spockframework.runtime.BaseSpecRunner.runSpec(BaseSpecRunner.java:91) [spock-core-0.7-groovy-2.0.jar:na]
	at org.spockframework.runtime.BaseSpecRunner.run(BaseSpecRunner.java:82) [spock-core-0.7-groovy-2.0.jar:na]
	at org.spockframework.runtime.Sputnik.run(Sputnik.java:63) [spock-core-0.7-groovy-2.0.jar:na]
	at org.apache.maven.surefire.junit4.JUnit4TestSet.execute(JUnit4TestSet.java:53) [surefire-junit4-2.10.jar:2.10]
	at org.apache.maven.surefire.junit4.JUnit4Provider.executeTestSet(JUnit4Provider.java:123) [surefire-junit4-2.10.jar:2.10]
	at org.apache.maven.surefire.junit4.JUnit4Provider.invoke(JUnit4Provider.java:104) [surefire-junit4-2.10.jar:2.10]
	at sun.reflect.NativeMethodAccessorImpl.invoke0(Native Method) ~[na:1.6.0_38]
	at sun.reflect.NativeMethodAccessorImpl.invoke(NativeMethodAccessorImpl.java:39) ~[na:1.6.0_38]
	at sun.reflect.DelegatingMethodAccessorImpl.invoke(DelegatingMethodAccessorImpl.java:25) ~[na:1.6.0_38]
	at java.lang.reflect.Method.invoke(Method.java:597) ~[na:1.6.0_38]
	at org.apache.maven.surefire.util.ReflectionUtils.invokeMethodWithArray(ReflectionUtils.java:164) [surefire-api-2.10.jar:2.10]
	at org.apache.maven.surefire.booter.ProviderFactory$ProviderProxy.invoke(ProviderFactory.java:110) [surefire-booter-2.10.jar:2.10]
	at org.apache.maven.surefire.booter.SurefireStarter.invokeProvider(SurefireStarter.java:175) [surefire-booter-2.10.jar:2.10]
	at org.apache.maven.surefire.booter.SurefireStarter.runSuitesInProcessWhenForked(SurefireStarter.java:107) [surefire-booter-2.10.jar:2.10]
	at org.apache.maven.surefire.booter.ForkedBooter.main(ForkedBooter.java:68) [surefire-booter-2.10.jar:2.10]
22:05:36.821 [main] WARN  o.s.c.a.CommonAnnotationBeanPostProcessor - Invocation of destroy method failed on bean with name &apos;accountOnetimeSyncJob&apos;: com.rackspace.search.exception.NotFoundException: Index is missing
22:05:36.826 [main] ERROR c.r.s.e.client.ElasticSearchClient - Index is missing
org.elasticsearch.indices.IndexMissingException: [admin] missing
	at org.elasticsearch.cluster.metadata.MetaData.concreteIndex(MetaData.java:616) ~[elasticsearch-0.90.2.jar:na]
	at org.elasticsearch.action.get.TransportGetAction.resolveRequest(TransportGetAction.java:90) ~[elasticsearch-0.90.2.jar:na]
	at org.elasticsearch.action.get.TransportGetAction.resolveRequest(TransportGetAction.java:42) ~[elasticsearch-0.90.2.jar:na]
	at org.elasticsearch.action.support.single.shard.TransportShardSingleOperationAction$AsyncSingleAction.&lt;init&gt;(TransportShardSingleOperationAction.java:114) ~[elasticsearch-0.90.2.jar:na]
	at org.elasticsearch.action.support.single.shard.TransportShardSingleOperationAction$AsyncSingleAction.&lt;init&gt;(TransportShardSingleOperationAction.java:94) ~[elasticsearch-0.90.2.jar:na]
	at org.elasticsearch.action.support.single.shard.TransportShardSingleOperationAction.doExecute(TransportShardSingleOperationAction.java:71) ~[elasticsearch-0.90.2.jar:na]
	at org.elasticsearch.action.support.single.shard.TransportShardSingleOperationAction.doExecute(TransportShardSingleOperationAction.java:46) ~[elasticsearch-0.90.2.jar:na]
	at org.elasticsearch.action.support.TransportAction.execute(TransportAction.java:61) ~[elasticsearch-0.90.2.jar:na]
	at org.elasticsearch.client.node.NodeClient.execute(NodeClient.java:92) ~[elasticsearch-0.90.2.jar:na]
	at org.elasticsearch.client.support.AbstractClient.get(AbstractClient.java:179) ~[elasticsearch-0.90.2.jar:na]
	at org.elasticsearch.action.get.GetRequestBuilder.doExecute(GetRequestBuilder.java:112) ~[elasticsearch-0.90.2.jar:na]
	at org.elasticsearch.action.ActionRequestBuilder.execute(ActionRequestBuilder.java:62) ~[elasticsearch-0.90.2.jar:na]
	at org.elasticsearch.action.ActionRequestBuilder.execute(ActionRequestBuilder.java:57) ~[elasticsearch-0.90.2.jar:na]
	at org.elasticsearch.action.ActionRequestBuilder$execute.call(Unknown Source) ~[na:na]
	at com.rackspace.search.elasticsearch.client.ElasticSearchClient.getDocument(ElasticSearchClient.groovy:209) ~[classes/:na]
	at com.rackspace.search.elasticsearch.client.ElasticSearchClient$getDocument.call(Unknown Source) [classes/:na]
	at com.rackspace.search.service.JobService.getJob(JobService.groovy:56) [classes/:na]
	at com.rackspace.search.service.JobService$getJob$0.callCurrent(Unknown Source) [classes/:na]
	at com.rackspace.search.service.JobService.getJob(JobService.groovy:52) [classes/:na]
	at com.rackspace.search.service.JobService$getJob.call(Unknown Source) [classes/:na]
	at com.rackspace.search.service.core.CoreTicketOngoingSyncJob.windupActivities(CoreTicketOnGoingSyncJob.groovy:82) [classes/:na]
	at sun.reflect.NativeMethodAccessorImpl.invoke0(Native Method) ~[na:1.6.0_38]
	at sun.reflect.NativeMethodAccessorImpl.invoke(NativeMethodAccessorImpl.java:39) ~[na:1.6.0_38]
	at sun.reflect.DelegatingMethodAccessorImpl.invoke(DelegatingMethodAccessorImpl.java:25) ~[na:1.6.0_38]
	at java.lang.reflect.Method.invoke(Method.java:597) ~[na:1.6.0_38]
	at org.springframework.beans.factory.annotation.InitDestroyAnnotationBeanPostProcessor$LifecycleElement.invoke(InitDestroyAnnotationBeanPostProcessor.java:340) [spring-beans-3.0.6.RELEASE.jar:3.0.6.RELEASE]
	at org.springframework.beans.factory.annotation.InitDestroyAnnotationBeanPostProcessor$LifecycleMetadata.invokeDestroyMethods(InitDestroyAnnotationBeanPostProcessor.java:305) [spring-beans-3.0.6.RELEASE.jar:3.0.6.RELEASE]
	at org.springframework.beans.factory.annotation.InitDestroyAnnotationBeanPostProcessor.postProcessBeforeDestruction(InitDestroyAnnotationBeanPostProcessor.java:148) [spring-beans-3.0.6.RELEASE.jar:3.0.6.RELEASE]
	at org.springframework.beans.factory.support.DisposableBeanAdapter.destroy(DisposableBeanAdapter.java:166) [spring-beans-3.0.6.RELEASE.jar:3.0.6.RELEASE]
	at org.springframework.beans.factory.support.DefaultSingletonBeanRegistry.destroyBean(DefaultSingletonBeanRegistry.java:487) [spring-beans-3.0.6.RELEASE.jar:3.0.6.RELEASE]
	at org.springframework.beans.factory.support.DefaultSingletonBeanRegistry.destroySingleton(DefaultSingletonBeanRegistry.java:463) [spring-beans-3.0.6.RELEASE.jar:3.0.6.RELEASE]
	at org.springframework.beans.factory.support.DefaultSingletonBeanRegistry.destroySingletons(DefaultSingletonBeanRegistry.java:431) [spring-beans-3.0.6.RELEASE.jar:3.0.6.RELEASE]
	at org.springframework.context.support.AbstractApplicationContext.destroyBeans(AbstractApplicationContext.java:1048) [spring-context-3.0.6.RELEASE.jar:3.0.6.RELEASE]
	at org.springframework.context.support.AbstractApplicationContext.refresh(AbstractApplicationContext.java:433) [spring-context-3.0.6.RELEASE.jar:3.0.6.RELEASE]
	at org.springframework.test.context.support.AbstractGenericContextLoader.loadContext(AbstractGenericContextLoader.java:84) [spring-test-3.0.6.RELEASE.jar:3.0.6.RELEASE]
	at org.springframework.test.context.support.AbstractGenericContextLoader.loadContext(AbstractGenericContextLoader.java:1) [spring-test-3.0.6.RELEASE.jar:3.0.6.RELEASE]
	at org.springframework.test.context.TestContext.loadApplicationContext(TestContext.java:280) [spring-test-3.0.6.RELEASE.jar:3.0.6.RELEASE]
	at org.springframework.test.context.TestContext.getApplicationContext(TestContext.java:304) [spring-test-3.0.6.RELEASE.jar:3.0.6.RELEASE]
	at org.springframework.test.context.support.DependencyInjectionTestExecutionListener.injectDependencies(DependencyInjectionTestExecutionListener.java:109) [spring-test-3.0.6.RELEASE.jar:3.0.6.RELEASE]
	at org.springframework.test.context.support.DependencyInjectionTestExecutionListener.prepareTestInstance(DependencyInjectionTestExecutionListener.java:75) [spring-test-3.0.6.RELEASE.jar:3.0.6.RELEASE]
	at org.springframework.test.context.TestContextManager.prepareTestInstance(TestContextManager.java:321) [spring-test-3.0.6.RELEASE.jar:3.0.6.RELEASE]
	at org.spockframework.spring.SpringTestContextManager.prepareTestInstance(SpringTestContextManager.java:49) [spock-spring-0.7-groovy-2.0.jar:na]
	at org.spockframework.spring.SpringInterceptor.interceptSetupMethod(SpringInterceptor.java:42) [spock-spring-0.7-groovy-2.0.jar:na]
	at org.spockframework.runtime.extension.AbstractMethodInterceptor.intercept(AbstractMethodInterceptor.java:28) [spock-core-0.7-groovy-2.0.jar:na]
	at org.spockframework.runtime.extension.MethodInvocation.proceed(MethodInvocation.java:84) [spock-core-0.7-groovy-2.0.jar:na]
	at org.spockframework.runtime.BaseSpecRunner.invoke(BaseSpecRunner.java:319) [spock-core-0.7-groovy-2.0.jar:na]
	at org.spockframework.runtime.BaseSpecRunner.invokeSetup(BaseSpecRunner.java:279) [spock-core-0.7-groovy-2.0.jar:na]
	at org.spockframework.runtime.BaseSpecRunner.doRunIteration(BaseSpecRunner.java:255) [spock-core-0.7-groovy-2.0.jar:na]
	at sun.reflect.GeneratedMethodAccessor5.invoke(Unknown Source) ~[na:na]
	at sun.reflect.DelegatingMethodAccessorImpl.invoke(DelegatingMethodAccessorImpl.java:25) ~[na:1.6.0_38]
	at java.lang.reflect.Method.invoke(Method.java:597) ~[na:1.6.0_38]
	at org.spockframework.util.ReflectionUtil.invokeMethod(ReflectionUtil.java:138) [spock-core-0.7-groovy-2.0.jar:na]
	at org.spockframework.runtime.BaseSpecRunner.invokeRaw(BaseSpecRunner.java:330) [spock-core-0.7-groovy-2.0.jar:na]
	at org.spockframework.runtime.BaseSpecRunner.invoke(BaseSpecRunner.java:311) [spock-core-0.7-groovy-2.0.jar:na]
	at org.spockframework.runtime.BaseSpecRunner.runIteration(BaseSpecRunner.java:223) [spock-core-0.7-groovy-2.0.jar:na]
	at org.spockframework.runtime.BaseSpecRunner.initializeAndRunIteration(BaseSpecRunner.java:214) [spock-core-0.7-groovy-2.0.jar:na]
	at org.spockframework.runtime.BaseSpecRunner.runSimpleFeature(BaseSpecRunner.java:205) [spock-core-0.7-groovy-2.0.jar:na]
	at org.spockframework.runtime.BaseSpecRunner.doRunFeature(BaseSpecRunner.java:199) [spock-core-0.7-groovy-2.0.jar:na]
	at sun.reflect.GeneratedMethodAccessor7.invoke(Unknown Source) ~[na:na]
	at sun.reflect.DelegatingMethodAccessorImpl.invoke(DelegatingMethodAccessorImpl.java:25) ~[na:1.6.0_38]
	at java.lang.reflect.Method.invoke(Method.java:597) ~[na:1.6.0_38]
	at org.spockframework.util.ReflectionUtil.invokeMethod(ReflectionUtil.java:138) [spock-core-0.7-groovy-2.0.jar:na]
	at org.spockframework.runtime.BaseSpecRunner.invokeRaw(BaseSpecRunner.java:330) [spock-core-0.7-groovy-2.0.jar:na]
	at org.spockframework.runtime.BaseSpecRunner.invoke(BaseSpecRunner.java:311) [spock-core-0.7-groovy-2.0.jar:na]
	at org.spockframework.runtime.BaseSpecRunner.runFeature(BaseSpecRunner.java:175) [spock-core-0.7-groovy-2.0.jar:na]
	at org.spockframework.runtime.BaseSpecRunner.runFeatures(BaseSpecRunner.java:152) [spock-core-0.7-groovy-2.0.jar:na]
	at org.spockframework.runtime.BaseSpecRunner.doRunSpec(BaseSpecRunner.java:112) [spock-core-0.7-groovy-2.0.jar:na]
	at sun.reflect.GeneratedMethodAccessor11.invoke(Unknown Source) ~[na:na]
	at sun.reflect.DelegatingMethodAccessorImpl.invoke(DelegatingMethodAccessorImpl.java:25) ~[na:1.6.0_38]
	at java.lang.reflect.Method.invoke(Method.java:597) ~[na:1.6.0_38]
	at org.spockframework.util.ReflectionUtil.invokeMethod(ReflectionUtil.java:138) [spock-core-0.7-groovy-2.0.jar:na]
	at org.spockframework.runtime.BaseSpecRunner.invokeRaw(BaseSpecRunner.java:330) [spock-core-0.7-groovy-2.0.jar:na]
	at org.spockframework.runtime.BaseSpecRunner.invoke(BaseSpecRunner.java:311) [spock-core-0.7-groovy-2.0.jar:na]
	at org.spockframework.runtime.BaseSpecRunner.runSpec(BaseSpecRunner.java:91) [spock-core-0.7-groovy-2.0.jar:na]
	at org.spockframework.runtime.BaseSpecRunner.run(BaseSpecRunner.java:82) [spock-core-0.7-groovy-2.0.jar:na]
	at org.spockframework.runtime.Sputnik.run(Sputnik.java:63) [spock-core-0.7-groovy-2.0.jar:na]
	at org.apache.maven.surefire.junit4.JUnit4TestSet.execute(JUnit4TestSet.java:53) [surefire-junit4-2.10.jar:2.10]
	at org.apache.maven.surefire.junit4.JUnit4Provider.executeTestSet(JUnit4Provider.java:123) [surefire-junit4-2.10.jar:2.10]
	at org.apache.maven.surefire.junit4.JUnit4Provider.invoke(JUnit4Provider.java:104) [surefire-junit4-2.10.jar:2.10]
	at sun.reflect.NativeMethodAccessorImpl.invoke0(Native Method) ~[na:1.6.0_38]
	at sun.reflect.NativeMethodAccessorImpl.invoke(NativeMethodAccessorImpl.java:39) ~[na:1.6.0_38]
	at sun.reflect.DelegatingMethodAccessorImpl.invoke(DelegatingMethodAccessorImpl.java:25) ~[na:1.6.0_38]
	at java.lang.reflect.Method.invoke(Method.java:597) ~[na:1.6.0_38]
	at org.apache.maven.surefire.util.ReflectionUtils.invokeMethodWithArray(ReflectionUtils.java:164) [surefire-api-2.10.jar:2.10]
	at org.apache.maven.surefire.booter.ProviderFactory$ProviderProxy.invoke(ProviderFactory.java:110) [surefire-booter-2.10.jar:2.10]
	at org.apache.maven.surefire.booter.SurefireStarter.invokeProvider(SurefireStarter.java:175) [surefire-booter-2.10.jar:2.10]
	at org.apache.maven.surefire.booter.SurefireStarter.runSuitesInProcessWhenForked(SurefireStarter.java:107) [surefire-booter-2.10.jar:2.10]
	at org.apache.maven.surefire.booter.ForkedBooter.main(ForkedBooter.java:68) [surefire-booter-2.10.jar:2.10]
22:05:36.844 [main] WARN  o.s.c.a.CommonAnnotationBeanPostProcessor - Invocation of destroy method failed on bean with name &apos;coreTicketOngoingSyncJob&apos;: com.rackspace.search.exception.NotFoundException: Index is missing
22:05:36.850 [main] ERROR c.r.s.e.client.ElasticSearchClient - Index is missing
org.elasticsearch.indices.IndexMissingException: [admin] missing
	at org.elasticsearch.cluster.metadata.MetaData.concreteIndex(MetaData.java:616) ~[elasticsearch-0.90.2.jar:na]
	at org.elasticsearch.action.get.TransportGetAction.resolveRequest(TransportGetAction.java:90) ~[elasticsearch-0.90.2.jar:na]
	at org.elasticsearch.action.get.TransportGetAction.resolveRequest(TransportGetAction.java:42) ~[elasticsearch-0.90.2.jar:na]
	at org.elasticsearch.action.support.single.shard.TransportShardSingleOperationAction$AsyncSingleAction.&lt;init&gt;(TransportShardSingleOperationAction.java:114) ~[elasticsearch-0.90.2.jar:na]
	at org.elasticsearch.action.support.single.shard.TransportShardSingleOperationAction$AsyncSingleAction.&lt;init&gt;(TransportShardSingleOperationAction.java:94) ~[elasticsearch-0.90.2.jar:na]
	at org.elasticsearch.action.support.single.shard.TransportShardSingleOperationAction.doExecute(TransportShardSingleOperationAction.java:71) ~[elasticsearch-0.90.2.jar:na]
	at org.elasticsearch.action.support.single.shard.TransportShardSingleOperationAction.doExecute(TransportShardSingleOperationAction.java:46) ~[elasticsearch-0.90.2.jar:na]
	at org.elasticsearch.action.support.TransportAction.execute(TransportAction.java:61) ~[elasticsearch-0.90.2.jar:na]
	at org.elasticsearch.client.node.NodeClient.execute(NodeClient.java:92) ~[elasticsearch-0.90.2.jar:na]
	at org.elasticsearch.client.support.AbstractClient.get(AbstractClient.java:179) ~[elasticsearch-0.90.2.jar:na]
	at org.elasticsearch.action.get.GetRequestBuilder.doExecute(GetRequestBuilder.java:112) ~[elasticsearch-0.90.2.jar:na]
	at org.elasticsearch.action.ActionRequestBuilder.execute(ActionRequestBuilder.java:62) ~[elasticsearch-0.90.2.jar:na]
	at org.elasticsearch.action.ActionRequestBuilder.execute(ActionRequestBuilder.java:57) ~[elasticsearch-0.90.2.jar:na]
	at org.elasticsearch.action.ActionRequestBuilder$execute.call(Unknown Source) ~[na:na]
	at com.rackspace.search.elasticsearch.client.ElasticSearchClient.getDocument(ElasticSearchClient.groovy:209) ~[classes/:na]
	at com.rackspace.search.elasticsearch.client.ElasticSearchClient$getDocument.call(Unknown Source) [classes/:na]
	at com.rackspace.search.service.JobService.getJob(JobService.groovy:56) [classes/:na]
	at com.rackspace.search.service.JobService$getJob$0.callCurrent(Unknown Source) [classes/:na]
	at com.rackspace.search.service.JobService.getJob(JobService.groovy:52) [classes/:na]
	at com.rackspace.search.service.JobService$getJob.call(Unknown Source) [classes/:na]
	at com.rackspace.search.service.core.CoreTicketOnetimeSyncJob.windupActivities(CoreTicketOneTimeSyncJob.groovy:45) [classes/:na]
	at sun.reflect.NativeMethodAccessorImpl.invoke0(Native Method) ~[na:1.6.0_38]
	at sun.reflect.NativeMethodAccessorImpl.invoke(NativeMethodAccessorImpl.java:39) ~[na:1.6.0_38]
	at sun.reflect.DelegatingMethodAccessorImpl.invoke(DelegatingMethodAccessorImpl.java:25) ~[na:1.6.0_38]
	at java.lang.reflect.Method.invoke(Method.java:597) ~[na:1.6.0_38]
	at org.springframework.beans.factory.annotation.InitDestroyAnnotationBeanPostProcessor$LifecycleElement.invoke(InitDestroyAnnotationBeanPostProcessor.java:340) [spring-beans-3.0.6.RELEASE.jar:3.0.6.RELEASE]
	at org.springframework.beans.factory.annotation.InitDestroyAnnotationBeanPostProcessor$LifecycleMetadata.invokeDestroyMethods(InitDestroyAnnotationBeanPostProcessor.java:305) [spring-beans-3.0.6.RELEASE.jar:3.0.6.RELEASE]
	at org.springframework.beans.factory.annotation.InitDestroyAnnotationBeanPostProcessor.postProcessBeforeDestruction(InitDestroyAnnotationBeanPostProcessor.java:148) [spring-beans-3.0.6.RELEASE.jar:3.0.6.RELEASE]
	at org.springframework.beans.factory.support.DisposableBeanAdapter.destroy(DisposableBeanAdapter.java:166) [spring-beans-3.0.6.RELEASE.jar:3.0.6.RELEASE]
	at org.springframework.beans.factory.support.DefaultSingletonBeanRegistry.destroyBean(DefaultSingletonBeanRegistry.java:487) [spring-beans-3.0.6.RELEASE.jar:3.0.6.RELEASE]
	at org.springframework.beans.factory.support.DefaultSingletonBeanRegistry.destroySingleton(DefaultSingletonBeanRegistry.java:463) [spring-beans-3.0.6.RELEASE.jar:3.0.6.RELEASE]
	at org.springframework.beans.factory.support.DefaultSingletonBeanRegistry.destroySingletons(DefaultSingletonBeanRegistry.java:431) [spring-beans-3.0.6.RELEASE.jar:3.0.6.RELEASE]
	at org.springframework.context.support.AbstractApplicationContext.destroyBeans(AbstractApplicationContext.java:1048) [spring-context-3.0.6.RELEASE.jar:3.0.6.RELEASE]
	at org.springframework.context.support.AbstractApplicationContext.refresh(AbstractApplicationContext.java:433) [spring-context-3.0.6.RELEASE.jar:3.0.6.RELEASE]
	at org.springframework.test.context.support.AbstractGenericContextLoader.loadContext(AbstractGenericContextLoader.java:84) [spring-test-3.0.6.RELEASE.jar:3.0.6.RELEASE]
	at org.springframework.test.context.support.AbstractGenericContextLoader.loadContext(AbstractGenericContextLoader.java:1) [spring-test-3.0.6.RELEASE.jar:3.0.6.RELEASE]
	at org.springframework.test.context.TestContext.loadApplicationContext(TestContext.java:280) [spring-test-3.0.6.RELEASE.jar:3.0.6.RELEASE]
	at org.springframework.test.context.TestContext.getApplicationContext(TestContext.java:304) [spring-test-3.0.6.RELEASE.jar:3.0.6.RELEASE]
	at org.springframework.test.context.support.DependencyInjectionTestExecutionListener.injectDependencies(DependencyInjectionTestExecutionListener.java:109) [spring-test-3.0.6.RELEASE.jar:3.0.6.RELEASE]
	at org.springframework.test.context.support.DependencyInjectionTestExecutionListener.prepareTestInstance(DependencyInjectionTestExecutionListener.java:75) [spring-test-3.0.6.RELEASE.jar:3.0.6.RELEASE]
	at org.springframework.test.context.TestContextManager.prepareTestInstance(TestContextManager.java:321) [spring-test-3.0.6.RELEASE.jar:3.0.6.RELEASE]
	at org.spockframework.spring.SpringTestContextManager.prepareTestInstance(SpringTestContextManager.java:49) [spock-spring-0.7-groovy-2.0.jar:na]
	at org.spockframework.spring.SpringInterceptor.interceptSetupMethod(SpringInterceptor.java:42) [spock-spring-0.7-groovy-2.0.jar:na]
	at org.spockframework.runtime.extension.AbstractMethodInterceptor.intercept(AbstractMethodInterceptor.java:28) [spock-core-0.7-groovy-2.0.jar:na]
	at org.spockframework.runtime.extension.MethodInvocation.proceed(MethodInvocation.java:84) [spock-core-0.7-groovy-2.0.jar:na]
	at org.spockframework.runtime.BaseSpecRunner.invoke(BaseSpecRunner.java:319) [spock-core-0.7-groovy-2.0.jar:na]
	at org.spockframework.runtime.BaseSpecRunner.invokeSetup(BaseSpecRunner.java:279) [spock-core-0.7-groovy-2.0.jar:na]
	at org.spockframework.runtime.BaseSpecRunner.doRunIteration(BaseSpecRunner.java:255) [spock-core-0.7-groovy-2.0.jar:na]
	at sun.reflect.GeneratedMethodAccessor5.invoke(Unknown Source) ~[na:na]
	at sun.reflect.DelegatingMethodAccessorImpl.invoke(DelegatingMethodAccessorImpl.java:25) ~[na:1.6.0_38]
	at java.lang.reflect.Method.invoke(Method.java:597) ~[na:1.6.0_38]
	at org.spockframework.util.ReflectionUtil.invokeMethod(ReflectionUtil.java:138) [spock-core-0.7-groovy-2.0.jar:na]
	at org.spockframework.runtime.BaseSpecRunner.invokeRaw(BaseSpecRunner.java:330) [spock-core-0.7-groovy-2.0.jar:na]
	at org.spockframework.runtime.BaseSpecRunner.invoke(BaseSpecRunner.java:311) [spock-core-0.7-groovy-2.0.jar:na]
	at org.spockframework.runtime.BaseSpecRunner.runIteration(BaseSpecRunner.java:223) [spock-core-0.7-groovy-2.0.jar:na]
	at org.spockframework.runtime.BaseSpecRunner.initializeAndRunIteration(BaseSpecRunner.java:214) [spock-core-0.7-groovy-2.0.jar:na]
	at org.spockframework.runtime.BaseSpecRunner.runSimpleFeature(BaseSpecRunner.java:205) [spock-core-0.7-groovy-2.0.jar:na]
	at org.spockframework.runtime.BaseSpecRunner.doRunFeature(BaseSpecRunner.java:199) [spock-core-0.7-groovy-2.0.jar:na]
	at sun.reflect.GeneratedMethodAccessor7.invoke(Unknown Source) ~[na:na]
	at sun.reflect.DelegatingMethodAccessorImpl.invoke(DelegatingMethodAccessorImpl.java:25) ~[na:1.6.0_38]
	at java.lang.reflect.Method.invoke(Method.java:597) ~[na:1.6.0_38]
	at org.spockframework.util.ReflectionUtil.invokeMethod(ReflectionUtil.java:138) [spock-core-0.7-groovy-2.0.jar:na]
	at org.spockframework.runtime.BaseSpecRunner.invokeRaw(BaseSpecRunner.java:330) [spock-core-0.7-groovy-2.0.jar:na]
	at org.spockframework.runtime.BaseSpecRunner.invoke(BaseSpecRunner.java:311) [spock-core-0.7-groovy-2.0.jar:na]
	at org.spockframework.runtime.BaseSpecRunner.runFeature(BaseSpecRunner.java:175) [spock-core-0.7-groovy-2.0.jar:na]
	at org.spockframework.runtime.BaseSpecRunner.runFeatures(BaseSpecRunner.java:152) [spock-core-0.7-groovy-2.0.jar:na]
	at org.spockframework.runtime.BaseSpecRunner.doRunSpec(BaseSpecRunner.java:112) [spock-core-0.7-groovy-2.0.jar:na]
	at sun.reflect.GeneratedMethodAccessor11.invoke(Unknown Source) ~[na:na]
	at sun.reflect.DelegatingMethodAccessorImpl.invoke(DelegatingMethodAccessorImpl.java:25) ~[na:1.6.0_38]
	at java.lang.reflect.Method.invoke(Method.java:597) ~[na:1.6.0_38]
	at org.spockframework.util.ReflectionUtil.invokeMethod(ReflectionUtil.java:138) [spock-core-0.7-groovy-2.0.jar:na]
	at org.spockframework.runtime.BaseSpecRunner.invokeRaw(BaseSpecRunner.java:330) [spock-core-0.7-groovy-2.0.jar:na]
	at org.spockframework.runtime.BaseSpecRunner.invoke(BaseSpecRunner.java:311) [spock-core-0.7-groovy-2.0.jar:na]
	at org.spockframework.runtime.BaseSpecRunner.runSpec(BaseSpecRunner.java:91) [spock-core-0.7-groovy-2.0.jar:na]
	at org.spockframework.runtime.BaseSpecRunner.run(BaseSpecRunner.java:82) [spock-core-0.7-groovy-2.0.jar:na]
	at org.spockframework.runtime.Sputnik.run(Sputnik.java:63) [spock-core-0.7-groovy-2.0.jar:na]
	at org.apache.maven.surefire.junit4.JUnit4TestSet.execute(JUnit4TestSet.java:53) [surefire-junit4-2.10.jar:2.10]
	at org.apache.maven.surefire.junit4.JUnit4Provider.executeTestSet(JUnit4Provider.java:123) [surefire-junit4-2.10.jar:2.10]
	at org.apache.maven.surefire.junit4.JUnit4Provider.invoke(JUnit4Provider.java:104) [surefire-junit4-2.10.jar:2.10]
	at sun.reflect.NativeMethodAccessorImpl.invoke0(Native Method) ~[na:1.6.0_38]
	at sun.reflect.NativeMethodAccessorImpl.invoke(NativeMethodAccessorImpl.java:39) ~[na:1.6.0_38]
	at sun.reflect.DelegatingMethodAccessorImpl.invoke(DelegatingMethodAccessorImpl.java:25) ~[na:1.6.0_38]
	at java.lang.reflect.Method.invoke(Method.java:597) ~[na:1.6.0_38]
	at org.apache.maven.surefire.util.ReflectionUtils.invokeMethodWithArray(ReflectionUtils.java:164) [surefire-api-2.10.jar:2.10]
	at org.apache.maven.surefire.booter.ProviderFactory$ProviderProxy.invoke(ProviderFactory.java:110) [surefire-booter-2.10.jar:2.10]
	at org.apache.maven.surefire.booter.SurefireStarter.invokeProvider(SurefireStarter.java:175) [surefire-booter-2.10.jar:2.10]
	at org.apache.maven.surefire.booter.SurefireStarter.runSuitesInProcessWhenForked(SurefireStarter.java:107) [surefire-booter-2.10.jar:2.10]
	at org.apache.maven.surefire.booter.ForkedBooter.main(ForkedBooter.java:68) [surefire-booter-2.10.jar:2.10]
22:05:36.867 [main] WARN  o.s.c.a.CommonAnnotationBeanPostProcessor - Invocation of destroy method failed on bean with name &apos;coreTicketOnetimeSyncJob&apos;: com.rackspace.search.exception.NotFoundException: Index is missing
22:05:36.868 [main] INFO  org.elasticsearch.node - [ticket.node] {0.90.2}[25471]: stopping ...
22:05:37.342 [main] INFO  org.elasticsearch.node - [ticket.node] {0.90.2}[25471]: stopped
22:05:37.343 [main] INFO  org.elasticsearch.node - [ticket.node] {0.90.2}[25471]: closing ...
22:05:37.597 [main] INFO  org.elasticsearch.node - [ticket.node] {0.90.2}[25471]: closed
22:05:37.622 [main] ERROR o.s.test.context.TestContextManager - Caught exception while allowing TestExecutionListener [org.springframework.test.context.support.DependencyInjectionTestExecutionListener@4459116] to prepare test instance [com.rackspace.search.elasticsearch.client.ElasticSearchClientTest@1098a5f3]
java.lang.IllegalStateException: Failed to load ApplicationContext
	at org.springframework.test.context.TestContext.getApplicationContext(TestContext.java:308) ~[spring-test-3.0.6.RELEASE.jar:3.0.6.RELEASE]
	at org.springframework.test.context.support.DependencyInjectionTestExecutionListener.injectDependencies(DependencyInjectionTestExecutionListener.java:109) ~[spring-test-3.0.6.RELEASE.jar:3.0.6.RELEASE]
	at org.springframework.test.context.support.DependencyInjectionTestExecutionListener.prepareTestInstance(DependencyInjectionTestExecutionListener.java:75) ~[spring-test-3.0.6.RELEASE.jar:3.0.6.RELEASE]
	at org.springframework.test.context.TestContextManager.prepareTestInstance(TestContextManager.java:321) ~[spring-test-3.0.6.RELEASE.jar:3.0.6.RELEASE]
	at org.spockframework.spring.SpringTestContextManager.prepareTestInstance(SpringTestContextManager.java:49) [spock-spring-0.7-groovy-2.0.jar:na]
	at org.spockframework.spring.SpringInterceptor.interceptSetupMethod(SpringInterceptor.java:42) [spock-spring-0.7-groovy-2.0.jar:na]
	at org.spockframework.runtime.extension.AbstractMethodInterceptor.intercept(AbstractMethodInterceptor.java:28) [spock-core-0.7-groovy-2.0.jar:na]
	at org.spockframework.runtime.extension.MethodInvocation.proceed(MethodInvocation.java:84) [spock-core-0.7-groovy-2.0.jar:na]
	at org.spockframework.runtime.BaseSpecRunner.invoke(BaseSpecRunner.java:319) [spock-core-0.7-groovy-2.0.jar:na]
	at org.spockframework.runtime.BaseSpecRunner.invokeSetup(BaseSpecRunner.java:279) [spock-core-0.7-groovy-2.0.jar:na]
	at org.spockframework.runtime.BaseSpecRunner.doRunIteration(BaseSpecRunner.java:255) [spock-core-0.7-groovy-2.0.jar:na]
	at sun.reflect.GeneratedMethodAccessor5.invoke(Unknown Source) ~[na:na]
	at sun.reflect.DelegatingMethodAccessorImpl.invoke(DelegatingMethodAccessorImpl.java:25) ~[na:1.6.0_38]
	at java.lang.reflect.Method.invoke(Method.java:597) ~[na:1.6.0_38]
	at org.spockframework.util.ReflectionUtil.invokeMethod(ReflectionUtil.java:138) [spock-core-0.7-groovy-2.0.jar:na]
	at org.spockframework.runtime.BaseSpecRunner.invokeRaw(BaseSpecRunner.java:330) [spock-core-0.7-groovy-2.0.jar:na]
	at org.spockframework.runtime.BaseSpecRunner.invoke(BaseSpecRunner.java:311) [spock-core-0.7-groovy-2.0.jar:na]
	at org.spockframework.runtime.BaseSpecRunner.runIteration(BaseSpecRunner.java:223) [spock-core-0.7-groovy-2.0.jar:na]
	at org.spockframework.runtime.BaseSpecRunner.initializeAndRunIteration(BaseSpecRunner.java:214) [spock-core-0.7-groovy-2.0.jar:na]
	at org.spockframework.runtime.BaseSpecRunner.runSimpleFeature(BaseSpecRunner.java:205) [spock-core-0.7-groovy-2.0.jar:na]
	at org.spockframework.runtime.BaseSpecRunner.doRunFeature(BaseSpecRunner.java:199) [spock-core-0.7-groovy-2.0.jar:na]
	at sun.reflect.GeneratedMethodAccessor7.invoke(Unknown Source) ~[na:na]
	at sun.reflect.DelegatingMethodAccessorImpl.invoke(DelegatingMethodAccessorImpl.java:25) ~[na:1.6.0_38]
	at java.lang.reflect.Method.invoke(Method.java:597) ~[na:1.6.0_38]
	at org.spockframework.util.ReflectionUtil.invokeMethod(ReflectionUtil.java:138) [spock-core-0.7-groovy-2.0.jar:na]
	at org.spockframework.runtime.BaseSpecRunner.invokeRaw(BaseSpecRunner.java:330) [spock-core-0.7-groovy-2.0.jar:na]
	at org.spockframework.runtime.BaseSpecRunner.invoke(BaseSpecRunner.java:311) [spock-core-0.7-groovy-2.0.jar:na]
	at org.spockframework.runtime.BaseSpecRunner.runFeature(BaseSpecRunner.java:175) [spock-core-0.7-groovy-2.0.jar:na]
	at org.spockframework.runtime.BaseSpecRunner.runFeatures(BaseSpecRunner.java:152) [spock-core-0.7-groovy-2.0.jar:na]
	at org.spockframework.runtime.BaseSpecRunner.doRunSpec(BaseSpecRunner.java:112) [spock-core-0.7-groovy-2.0.jar:na]
	at sun.reflect.GeneratedMethodAccessor11.invoke(Unknown Source) ~[na:na]
	at sun.reflect.DelegatingMethodAccessorImpl.invoke(DelegatingMethodAccessorImpl.java:25) ~[na:1.6.0_38]
	at java.lang.reflect.Method.invoke(Method.java:597) ~[na:1.6.0_38]
	at org.spockframework.util.ReflectionUtil.invokeMethod(ReflectionUtil.java:138) [spock-core-0.7-groovy-2.0.jar:na]
	at org.spockframework.runtime.BaseSpecRunner.invokeRaw(BaseSpecRunner.java:330) [spock-core-0.7-groovy-2.0.jar:na]
	at org.spockframework.runtime.BaseSpecRunner.invoke(BaseSpecRunner.java:311) [spock-core-0.7-groovy-2.0.jar:na]
	at org.spockframework.runtime.BaseSpecRunner.runSpec(BaseSpecRunner.java:91) [spock-core-0.7-groovy-2.0.jar:na]
	at org.spockframework.runtime.BaseSpecRunner.run(BaseSpecRunner.java:82) [spock-core-0.7-groovy-2.0.jar:na]
	at org.spockframework.runtime.Sputnik.run(Sputnik.java:63) [spock-core-0.7-groovy-2.0.jar:na]
	at org.apache.maven.surefire.junit4.JUnit4TestSet.execute(JUnit4TestSet.java:53) [surefire-junit4-2.10.jar:2.10]
	at org.apache.maven.surefire.junit4.JUnit4Provider.executeTestSet(JUnit4Provider.java:123) [surefire-junit4-2.10.jar:2.10]
	at org.apache.maven.surefire.junit4.JUnit4Provider.invoke(JUnit4Provider.java:104) [surefire-junit4-2.10.jar:2.10]
	at sun.reflect.NativeMethodAccessorImpl.invoke0(Native Method) ~[na:1.6.0_38]
	at sun.reflect.NativeMethodAccessorImpl.invoke(NativeMethodAccessorImpl.java:39) ~[na:1.6.0_38]
	at sun.reflect.DelegatingMethodAccessorImpl.invoke(DelegatingMethodAccessorImpl.java:25) ~[na:1.6.0_38]
	at java.lang.reflect.Method.invoke(Method.java:597) ~[na:1.6.0_38]
	at org.apache.maven.surefire.util.ReflectionUtils.invokeMethodWithArray(ReflectionUtils.java:164) [surefire-api-2.10.jar:2.10]
	at org.apache.maven.surefire.booter.ProviderFactory$ProviderProxy.invoke(ProviderFactory.java:110) [surefire-booter-2.10.jar:2.10]
	at org.apache.maven.surefire.booter.SurefireStarter.invokeProvider(SurefireStarter.java:175) [surefire-booter-2.10.jar:2.10]
	at org.apache.maven.surefire.booter.SurefireStarter.runSuitesInProcessWhenForked(SurefireStarter.java:107) [surefire-booter-2.10.jar:2.10]
	at org.apache.maven.surefire.booter.ForkedBooter.main(ForkedBooter.java:68) [surefire-booter-2.10.jar:2.10]
Caused by: org.springframework.beans.factory.BeanCreationException: Error creating bean with name &apos;jobResource&apos;: Injection of autowired dependencies failed; nested exception is org.springframework.beans.factory.BeanCreationException: Could not autowire field: private com.rackspace.search.service.zendesk.ZendeskTicketOngoingSyncJob com.rackspace.search.endpoint.JobResource.zendeskTicketOngoingSyncJob; nested exception is org.springframework.beans.factory.BeanCreationException: Error creating bean with name &apos;zendeskTicketOngoingSyncJob&apos;: Injection of autowired dependencies failed; nested exception is org.springframework.beans.factory.BeanCreationException: Could not autowire field: private com.rackspace.search.service.zendesk.ZendeskTicketOngoingSyncActor com.rackspace.search.service.zendesk.ZendeskTicketOngoingSyncJob.ticketActor; nested exception is org.springframework.beans.factory.BeanCreationException: Error creating bean with name &apos;zendeskTicketOngoingSyncActor&apos;: Injection of autowired dependencies failed; nested exception is org.springframework.beans.factory.BeanCreationException: Could not autowire field: private com.rackspace.search.service.zendesk.ZendeskTicketProcessor com.rackspace.search.service.zendesk.ZendeskTicketOngoingSyncActor.zendeskTicketProcessor; nested exception is org.springframework.beans.factory.BeanCreationException: Error creating bean with name &apos;zendeskTicketProcessor&apos;: Injection of autowired dependencies failed; nested exception is org.springframework.beans.factory.BeanCreationException: Could not autowire field: private java.lang.Object com.rackspace.search.service.zendesk.ZendeskTicketProcessor.zendeskIndexName; nested exception is java.lang.IllegalArgumentException: Could not resolve placeholder &apos;zendesk.index.name&apos;
	at org.springframework.beans.factory.annotation.AutowiredAnnotationBeanPostProcessor.postProcessPropertyValues(AutowiredAnnotationBeanPostProcessor.java:288) ~[spring-beans-3.0.6.RELEASE.jar:3.0.6.RELEASE]
	at org.springframework.beans.factory.support.AbstractAutowireCapableBeanFactory.populateBean(AbstractAutowireCapableBeanFactory.java:1074) ~[spring-beans-3.0.6.RELEASE.jar:3.0.6.RELEASE]
	at org.springframework.beans.factory.support.AbstractAutowireCapableBeanFactory.doCreateBean(AbstractAutowireCapableBeanFactory.java:517) ~[spring-beans-3.0.6.RELEASE.jar:3.0.6.RELEASE]
	at org.springframework.beans.factory.support.AbstractAutowireCapableBeanFactory.createBean(AbstractAutowireCapableBeanFactory.java:456) ~[spring-beans-3.0.6.RELEASE.jar:3.0.6.RELEASE]
	at org.springframework.beans.factory.support.AbstractBeanFactory$1.getObject(AbstractBeanFactory.java:293) ~[spring-beans-3.0.6.RELEASE.jar:3.0.6.RELEASE]
	at org.springframework.beans.factory.support.DefaultSingletonBeanRegistry.getSingleton(DefaultSingletonBeanRegistry.java:222) ~[spring-beans-3.0.6.RELEASE.jar:3.0.6.RELEASE]
	at org.springframework.beans.factory.support.AbstractBeanFactory.doGetBean(AbstractBeanFactory.java:290) ~[spring-beans-3.0.6.RELEASE.jar:3.0.6.RELEASE]
	at org.springframework.beans.factory.support.AbstractBeanFactory.getBean(AbstractBeanFactory.java:192) ~[spring-beans-3.0.6.RELEASE.jar:3.0.6.RELEASE]
	at org.springframework.beans.factory.support.DefaultListableBeanFactory.preInstantiateSingletons(DefaultListableBeanFactory.java:585) ~[spring-beans-3.0.6.RELEASE.jar:3.0.6.RELEASE]
	at org.springframework.context.support.AbstractApplicationContext.finishBeanFactoryInitialization(AbstractApplicationContext.java:895) ~[spring-context-3.0.6.RELEASE.jar:3.0.6.RELEASE]
	at org.springframework.context.support.AbstractApplicationContext.refresh(AbstractApplicationContext.java:425) ~[spring-context-3.0.6.RELEASE.jar:3.0.6.RELEASE]
	at org.springframework.test.context.support.AbstractGenericContextLoader.loadContext(AbstractGenericContextLoader.java:84) ~[spring-test-3.0.6.RELEASE.jar:3.0.6.RELEASE]
	at org.springframework.test.context.support.AbstractGenericContextLoader.loadContext(AbstractGenericContextLoader.java:1) ~[spring-test-3.0.6.RELEASE.jar:3.0.6.RELEASE]
	at org.springframework.test.context.TestContext.loadApplicationContext(TestContext.java:280) ~[spring-test-3.0.6.RELEASE.jar:3.0.6.RELEASE]
	at org.springframework.test.context.TestContext.getApplicationContext(TestContext.java:304) ~[spring-test-3.0.6.RELEASE.jar:3.0.6.RELEASE]
	... 50 common frames omitted
Caused by: org.springframework.beans.factory.BeanCreationException: Could not autowire field: private com.rackspace.search.service.zendesk.ZendeskTicketOngoingSyncJob com.rackspace.search.endpoint.JobResource.zendeskTicketOngoingSyncJob; nested exception is org.springframework.beans.factory.BeanCreationException: Error creating bean with name &apos;zendeskTicketOngoingSyncJob&apos;: Injection of autowired dependencies failed; nested exception is org.springframework.beans.factory.BeanCreationException: Could not autowire field: private com.rackspace.search.service.zendesk.ZendeskTicketOngoingSyncActor com.rackspace.search.service.zendesk.ZendeskTicketOngoingSyncJob.ticketActor; nested exception is org.springframework.beans.factory.BeanCreationException: Error creating bean with name &apos;zendeskTicketOngoingSyncActor&apos;: Injection of autowired dependencies failed; nested exception is org.springframework.beans.factory.BeanCreationException: Could not autowire field: private com.rackspace.search.service.zendesk.ZendeskTicketProcessor com.rackspace.search.service.zendesk.ZendeskTicketOngoingSyncActor.zendeskTicketProcessor; nested exception is org.springframework.beans.factory.BeanCreationException: Error creating bean with name &apos;zendeskTicketProcessor&apos;: Injection of autowired dependencies failed; nested exception is org.springframework.beans.factory.BeanCreationException: Could not autowire field: private java.lang.Object com.rackspace.search.service.zendesk.ZendeskTicketProcessor.zendeskIndexName; nested exception is java.lang.IllegalArgumentException: Could not resolve placeholder &apos;zendesk.index.name&apos;
	at org.springframework.beans.factory.annotation.AutowiredAnnotationBeanPostProcessor$AutowiredFieldElement.inject(AutowiredAnnotationBeanPostProcessor.java:508) ~[spring-beans-3.0.6.RELEASE.jar:3.0.6.RELEASE]
	at org.springframework.beans.factory.annotation.InjectionMetadata.inject(InjectionMetadata.java:84) ~[spring-beans-3.0.6.RELEASE.jar:3.0.6.RELEASE]
	at org.springframework.beans.factory.annotation.AutowiredAnnotationBeanPostProcessor.postProcessPropertyValues(AutowiredAnnotationBeanPostProcessor.java:285) ~[spring-beans-3.0.6.RELEASE.jar:3.0.6.RELEASE]
	... 64 common frames omitted
Caused by: org.springframework.beans.factory.BeanCreationException: Error creating bean with name &apos;zendeskTicketOngoingSyncJob&apos;: Injection of autowired dependencies failed; nested exception is org.springframework.beans.factory.BeanCreationException: Could not autowire field: private com.rackspace.search.service.zendesk.ZendeskTicketOngoingSyncActor com.rackspace.search.service.zendesk.ZendeskTicketOngoingSyncJob.ticketActor; nested exception is org.springframework.beans.factory.BeanCreationException: Error creating bean with name &apos;zendeskTicketOngoingSyncActor&apos;: Injection of autowired dependencies failed; nested exception is org.springframework.beans.factory.BeanCreationException: Could not autowire field: private com.rackspace.search.service.zendesk.ZendeskTicketProcessor com.rackspace.search.service.zendesk.ZendeskTicketOngoingSyncActor.zendeskTicketProcessor; nested exception is org.springframework.beans.factory.BeanCreationException: Error creating bean with name &apos;zendeskTicketProcessor&apos;: Injection of autowired dependencies failed; nested exception is org.springframework.beans.factory.BeanCreationException: Could not autowire field: private java.lang.Object com.rackspace.search.service.zendesk.ZendeskTicketProcessor.zendeskIndexName; nested exception is java.lang.IllegalArgumentException: Could not resolve placeholder &apos;zendesk.index.name&apos;
	at org.springframework.beans.factory.annotation.AutowiredAnnotationBeanPostProcessor.postProcessPropertyValues(AutowiredAnnotationBeanPostProcessor.java:288) ~[spring-beans-3.0.6.RELEASE.jar:3.0.6.RELEASE]
	at org.springframework.beans.factory.support.AbstractAutowireCapableBeanFactory.populateBean(AbstractAutowireCapableBeanFactory.java:1074) ~[spring-beans-3.0.6.RELEASE.jar:3.0.6.RELEASE]
	at org.springframework.beans.factory.support.AbstractAutowireCapableBeanFactory.doCreateBean(AbstractAutowireCapableBeanFactory.java:517) ~[spring-beans-3.0.6.RELEASE.jar:3.0.6.RELEASE]
	at org.springframework.beans.factory.support.AbstractAutowireCapableBeanFactory.createBean(AbstractAutowireCapableBeanFactory.java:456) ~[spring-beans-3.0.6.RELEASE.jar:3.0.6.RELEASE]
	at org.springframework.beans.factory.support.AbstractBeanFactory$1.getObject(AbstractBeanFactory.java:293) ~[spring-beans-3.0.6.RELEASE.jar:3.0.6.RELEASE]
	at org.springframework.beans.factory.support.DefaultSingletonBeanRegistry.getSingleton(DefaultSingletonBeanRegistry.java:222) ~[spring-beans-3.0.6.RELEASE.jar:3.0.6.RELEASE]
	at org.springframework.beans.factory.support.AbstractBeanFactory.doGetBean(AbstractBeanFactory.java:290) ~[spring-beans-3.0.6.RELEASE.jar:3.0.6.RELEASE]
	at org.springframework.beans.factory.support.AbstractBeanFactory.getBean(AbstractBeanFactory.java:192) ~[spring-beans-3.0.6.RELEASE.jar:3.0.6.RELEASE]
	at org.springframework.beans.factory.support.DefaultListableBeanFactory.findAutowireCandidates(DefaultListableBeanFactory.java:848) ~[spring-beans-3.0.6.RELEASE.jar:3.0.6.RELEASE]
	at org.springframework.beans.factory.support.DefaultListableBeanFactory.doResolveDependency(DefaultListableBeanFactory.java:790) ~[spring-beans-3.0.6.RELEASE.jar:3.0.6.RELEASE]
	at org.springframework.beans.factory.support.DefaultListableBeanFactory.resolveDependency(DefaultListableBeanFactory.java:707) ~[spring-beans-3.0.6.RELEASE.jar:3.0.6.RELEASE]
	at org.springframework.beans.factory.annotation.AutowiredAnnotationBeanPostProcessor$AutowiredFieldElement.inject(AutowiredAnnotationBeanPostProcessor.java:480) ~[spring-beans-3.0.6.RELEASE.jar:3.0.6.RELEASE]
	... 66 common frames omitted
Caused by: org.springframework.beans.factory.BeanCreationException: Could not autowire field: private com.rackspace.search.service.zendesk.ZendeskTicketOngoingSyncActor com.rackspace.search.service.zendesk.ZendeskTicketOngoingSyncJob.ticketActor; nested exception is org.springframework.beans.factory.BeanCreationException: Error creating bean with name &apos;zendeskTicketOngoingSyncActor&apos;: Injection of autowired dependencies failed; nested exception is org.springframework.beans.factory.BeanCreationException: Could not autowire field: private com.rackspace.search.service.zendesk.ZendeskTicketProcessor com.rackspace.search.service.zendesk.ZendeskTicketOngoingSyncActor.zendeskTicketProcessor; nested exception is org.springframework.beans.factory.BeanCreationException: Error creating bean with name &apos;zendeskTicketProcessor&apos;: Injection of autowired dependencies failed; nested exception is org.springframework.beans.factory.BeanCreationException: Could not autowire field: private java.lang.Object com.rackspace.search.service.zendesk.ZendeskTicketProcessor.zendeskIndexName; nested exception is java.lang.IllegalArgumentException: Could not resolve placeholder &apos;zendesk.index.name&apos;
	at org.springframework.beans.factory.annotation.AutowiredAnnotationBeanPostProcessor$AutowiredFieldElement.inject(AutowiredAnnotationBeanPostProcessor.java:508) ~[spring-beans-3.0.6.RELEASE.jar:3.0.6.RELEASE]
	at org.springframework.beans.factory.annotation.InjectionMetadata.inject(InjectionMetadata.java:84) ~[spring-beans-3.0.6.RELEASE.jar:3.0.6.RELEASE]
	at org.springframework.beans.factory.annotation.AutowiredAnnotationBeanPostProcessor.postProcessPropertyValues(AutowiredAnnotationBeanPostProcessor.java:285) ~[spring-beans-3.0.6.RELEASE.jar:3.0.6.RELEASE]
	... 77 common frames omitted
Caused by: org.springframework.beans.factory.BeanCreationException: Error creating bean with name &apos;zendeskTicketOngoingSyncActor&apos;: Injection of autowired dependencies failed; nested exception is org.springframework.beans.factory.BeanCreationException: Could not autowire field: private com.rackspace.search.service.zendesk.ZendeskTicketProcessor com.rackspace.search.service.zendesk.ZendeskTicketOngoingSyncActor.zendeskTicketProcessor; nested exception is org.springframework.beans.factory.BeanCreationException: Error creating bean with name &apos;zendeskTicketProcessor&apos;: Injection of autowired dependencies failed; nested exception is org.springframework.beans.factory.BeanCreationException: Could not autowire field: private java.lang.Object com.rackspace.search.service.zendesk.ZendeskTicketProcessor.zendeskIndexName; nested exception is java.lang.IllegalArgumentException: Could not resolve placeholder &apos;zendesk.index.name&apos;
	at org.springframework.beans.factory.annotation.AutowiredAnnotationBeanPostProcessor.postProcessPropertyValues(AutowiredAnnotationBeanPostProcessor.java:288) ~[spring-beans-3.0.6.RELEASE.jar:3.0.6.RELEASE]
	at org.springframework.beans.factory.support.AbstractAutowireCapableBeanFactory.populateBean(AbstractAutowireCapableBeanFactory.java:1074) ~[spring-beans-3.0.6.RELEASE.jar:3.0.6.RELEASE]
	at org.springframework.beans.factory.support.AbstractAutowireCapableBeanFactory.doCreateBean(AbstractAutowireCapableBeanFactory.java:517) ~[spring-beans-3.0.6.RELEASE.jar:3.0.6.RELEASE]
	at org.springframework.beans.factory.support.AbstractAutowireCapableBeanFactory.createBean(AbstractAutowireCapableBeanFactory.java:456) ~[spring-beans-3.0.6.RELEASE.jar:3.0.6.RELEASE]
	at org.springframework.beans.factory.support.AbstractBeanFactory$1.getObject(AbstractBeanFactory.java:293) ~[spring-beans-3.0.6.RELEASE.jar:3.0.6.RELEASE]
	at org.springframework.beans.factory.support.DefaultSingletonBeanRegistry.getSingleton(DefaultSingletonBeanRegistry.java:222) ~[spring-beans-3.0.6.RELEASE.jar:3.0.6.RELEASE]
	at org.springframework.beans.factory.support.AbstractBeanFactory.doGetBean(AbstractBeanFactory.java:290) ~[spring-beans-3.0.6.RELEASE.jar:3.0.6.RELEASE]
	at org.springframework.beans.factory.support.AbstractBeanFactory.getBean(AbstractBeanFactory.java:192) ~[spring-beans-3.0.6.RELEASE.jar:3.0.6.RELEASE]
	at org.springframework.beans.factory.support.DefaultListableBeanFactory.findAutowireCandidates(DefaultListableBeanFactory.java:848) ~[spring-beans-3.0.6.RELEASE.jar:3.0.6.RELEASE]
	at org.springframework.beans.factory.support.DefaultListableBeanFactory.doResolveDependency(DefaultListableBeanFactory.java:790) ~[spring-beans-3.0.6.RELEASE.jar:3.0.6.RELEASE]
	at org.springframework.beans.factory.support.DefaultListableBeanFactory.resolveDependency(DefaultListableBeanFactory.java:707) ~[spring-beans-3.0.6.RELEASE.jar:3.0.6.RELEASE]
	at org.springframework.beans.factory.annotation.AutowiredAnnotationBeanPostProcessor$AutowiredFieldElement.inject(AutowiredAnnotationBeanPostProcessor.java:480) ~[spring-beans-3.0.6.RELEASE.jar:3.0.6.RELEASE]
	... 79 common frames omitted
Caused by: org.springframework.beans.factory.BeanCreationException: Could not autowire field: private com.rackspace.search.service.zendesk.ZendeskTicketProcessor com.rackspace.search.service.zendesk.ZendeskTicketOngoingSyncActor.zendeskTicketProcessor; nested exception is org.springframework.beans.factory.BeanCreationException: Error creating bean with name &apos;zendeskTicketProcessor&apos;: Injection of autowired dependencies failed; nested exception is org.springframework.beans.factory.BeanCreationException: Could not autowire field: private java.lang.Object com.rackspace.search.service.zendesk.ZendeskTicketProcessor.zendeskIndexName; nested exception is java.lang.IllegalArgumentException: Could not resolve placeholder &apos;zendesk.index.name&apos;
	at org.springframework.beans.factory.annotation.AutowiredAnnotationBeanPostProcessor$AutowiredFieldElement.inject(AutowiredAnnotationBeanPostProcessor.java:508) ~[spring-beans-3.0.6.RELEASE.jar:3.0.6.RELEASE]
	at org.springframework.beans.factory.annotation.InjectionMetadata.inject(InjectionMetadata.java:84) ~[spring-beans-3.0.6.RELEASE.jar:3.0.6.RELEASE]
	at org.springframework.beans.factory.annotation.AutowiredAnnotationBeanPostProcessor.postProcessPropertyValues(AutowiredAnnotationBeanPostProcessor.java:285) ~[spring-beans-3.0.6.RELEASE.jar:3.0.6.RELEASE]
	... 90 common frames omitted
Caused by: org.springframework.beans.factory.BeanCreationException: Error creating bean with name &apos;zendeskTicketProcessor&apos;: Injection of autowired dependencies failed; nested exception is org.springframework.beans.factory.BeanCreationException: Could not autowire field: private java.lang.Object com.rackspace.search.service.zendesk.ZendeskTicketProcessor.zendeskIndexName; nested exception is java.lang.IllegalArgumentException: Could not resolve placeholder &apos;zendesk.index.name&apos;
	at org.springframework.beans.factory.annotation.AutowiredAnnotationBeanPostProcessor.postProcessPropertyValues(AutowiredAnnotationBeanPostProcessor.java:288) ~[spring-beans-3.0.6.RELEASE.jar:3.0.6.RELEASE]
	at org.springframework.beans.factory.support.AbstractAutowireCapableBeanFactory.populateBean(AbstractAutowireCapableBeanFactory.java:1074) ~[spring-beans-3.0.6.RELEASE.jar:3.0.6.RELEASE]
	at org.springframework.beans.factory.support.AbstractAutowireCapableBeanFactory.doCreateBean(AbstractAutowireCapableBeanFactory.java:517) ~[spring-beans-3.0.6.RELEASE.jar:3.0.6.RELEASE]
	at org.springframework.beans.factory.support.AbstractAutowireCapableBeanFactory.createBean(AbstractAutowireCapableBeanFactory.java:456) ~[spring-beans-3.0.6.RELEASE.jar:3.0.6.RELEASE]
	at org.springframework.beans.factory.support.AbstractBeanFactory$1.getObject(AbstractBeanFactory.java:293) ~[spring-beans-3.0.6.RELEASE.jar:3.0.6.RELEASE]
	at org.springframework.beans.factory.support.DefaultSingletonBeanRegistry.getSingleton(DefaultSingletonBeanRegistry.java:222) ~[spring-beans-3.0.6.RELEASE.jar:3.0.6.RELEASE]
	at org.springframework.beans.factory.support.AbstractBeanFactory.doGetBean(AbstractBeanFactory.java:290) ~[spring-beans-3.0.6.RELEASE.jar:3.0.6.RELEASE]
	at org.springframework.beans.factory.support.AbstractBeanFactory.getBean(AbstractBeanFactory.java:192) ~[spring-beans-3.0.6.RELEASE.jar:3.0.6.RELEASE]
	at org.springframework.beans.factory.support.DefaultListableBeanFactory.findAutowireCandidates(DefaultListableBeanFactory.java:848) ~[spring-beans-3.0.6.RELEASE.jar:3.0.6.RELEASE]
	at org.springframework.beans.factory.support.DefaultListableBeanFactory.doResolveDependency(DefaultListableBeanFactory.java:790) ~[spring-beans-3.0.6.RELEASE.jar:3.0.6.RELEASE]
	at org.springframework.beans.factory.support.DefaultListableBeanFactory.resolveDependency(DefaultListableBeanFactory.java:707) ~[spring-beans-3.0.6.RELEASE.jar:3.0.6.RELEASE]
	at org.springframework.beans.factory.annotation.AutowiredAnnotationBeanPostProcessor$AutowiredFieldElement.inject(AutowiredAnnotationBeanPostProcessor.java:480) ~[spring-beans-3.0.6.RELEASE.jar:3.0.6.RELEASE]
	... 92 common frames omitted
Caused by: org.springframework.beans.factory.BeanCreationException: Could not autowire field: private java.lang.Object com.rackspace.search.service.zendesk.ZendeskTicketProcessor.zendeskIndexName; nested exception is java.lang.IllegalArgumentException: Could not resolve placeholder &apos;zendesk.index.name&apos;
	at org.springframework.beans.factory.annotation.AutowiredAnnotationBeanPostProcessor$AutowiredFieldElement.inject(AutowiredAnnotationBeanPostProcessor.java:508) ~[spring-beans-3.0.6.RELEASE.jar:3.0.6.RELEASE]
	at org.springframework.beans.factory.annotation.InjectionMetadata.inject(InjectionMetadata.java:84) ~[spring-beans-3.0.6.RELEASE.jar:3.0.6.RELEASE]
	at org.springframework.beans.factory.annotation.AutowiredAnnotationBeanPostProcessor.postProcessPropertyValues(AutowiredAnnotationBeanPostProcessor.java:285) ~[spring-beans-3.0.6.RELEASE.jar:3.0.6.RELEASE]
	... 103 common frames omitted
Caused by: java.lang.IllegalArgumentException: Could not resolve placeholder &apos;zendesk.index.name&apos;
	at org.springframework.util.PropertyPlaceholderHelper.parseStringValue(PropertyPlaceholderHelper.java:173) ~[spring-core-3.0.6.RELEASE.jar:3.0.6.RELEASE]
	at org.springframework.util.PropertyPlaceholderHelper.replacePlaceholders(PropertyPlaceholderHelper.java:125) ~[spring-core-3.0.6.RELEASE.jar:3.0.6.RELEASE]
	at org.springframework.beans.factory.config.PropertyPlaceholderConfigurer$PlaceholderResolvingStringValueResolver.resolveStringValue(PropertyPlaceholderConfigurer.java:403) ~[spring-beans-3.0.6.RELEASE.jar:3.0.6.RELEASE]
	at org.springframework.beans.factory.support.AbstractBeanFactory.resolveEmbeddedValue(AbstractBeanFactory.java:747) ~[spring-beans-3.0.6.RELEASE.jar:3.0.6.RELEASE]
	at org.springframework.beans.factory.support.DefaultListableBeanFactory.doResolveDependency(DefaultListableBeanFactory.java:717) ~[spring-beans-3.0.6.RELEASE.jar:3.0.6.RELEASE]
	at org.springframework.beans.factory.support.DefaultListableBeanFactory.resolveDependency(DefaultListableBeanFactory.java:707) ~[spring-beans-3.0.6.RELEASE.jar:3.0.6.RELEASE]
	at org.springframework.beans.factory.annotation.AutowiredAnnotationBeanPostProcessor$AutowiredFieldElement.inject(AutowiredAnnotationBeanPostProcessor.java:480) ~[spring-beans-3.0.6.RELEASE.jar:3.0.6.RELEASE]
	... 105 common frames omitted
</stdout>
          <stderr>Exception in thread &quot;Timer-77&quot; org.elasticsearch.common.util.concurrent.EsRejectedExecutionException: rejected execution of [org.elasticsearch.action.support.master.TransportMasterNodeOperationAction$2]
	at org.elasticsearch.common.util.concurrent.EsAbortPolicy.rejectedExecution(EsAbortPolicy.java:35)
	at java.util.concurrent.ThreadPoolExecutor.reject(ThreadPoolExecutor.java:767)
	at java.util.concurrent.ThreadPoolExecutor.execute(ThreadPoolExecutor.java:658)
	at org.elasticsearch.action.support.master.TransportMasterNodeOperationAction.innerExecute(TransportMasterNodeOperationAction.java:132)
	at org.elasticsearch.action.support.master.TransportMasterNodeOperationAction.doExecute(TransportMasterNodeOperationAction.java:86)
	at org.elasticsearch.action.support.master.TransportMasterNodeOperationAction.doExecute(TransportMasterNodeOperationAction.java:42)
	at org.elasticsearch.action.support.TransportAction.execute(TransportAction.java:61)
	at org.elasticsearch.client.node.NodeClusterAdminClient.execute(NodeClusterAdminClient.java:72)
	at org.elasticsearch.client.support.AbstractClusterAdminClient.health(AbstractClusterAdminClient.java:83)
	at org.elasticsearch.action.admin.cluster.health.ClusterHealthRequestBuilder.doExecute(ClusterHealthRequestBuilder.java:98)
	at org.elasticsearch.action.ActionRequestBuilder.execute(ActionRequestBuilder.java:62)
	at org.elasticsearch.action.ActionRequestBuilder.execute(ActionRequestBuilder.java:57)
	at org.elasticsearch.action.ActionRequestBuilder$execute.call(Unknown Source)
	at com.rackspace.search.elasticsearch.ElasticSearchServer.getHealthInformation(ElasticSearchServer.groovy:55)
	at com.rackspace.search.elasticsearch.ElasticSearchServer.getHealthStatus(ElasticSearchServer.groovy:51)
	at com.rackspace.search.elasticsearch.ElasticSearchServer.waitForYellowStatus(ElasticSearchServer.groovy:69)
	at com.rackspace.search.elasticsearch.ElasticSearchServer$waitForYellowStatus.call(Unknown Source)
	at com.rackspace.search.service.core.CoreTicketOngoingSyncJob.setupJob(CoreTicketOnGoingSyncJob.groovy:89)
	at sun.reflect.NativeMethodAccessorImpl.invoke0(Native Method)
	at sun.reflect.NativeMethodAccessorImpl.invoke(NativeMethodAccessorImpl.java:39)
	at sun.reflect.DelegatingMethodAccessorImpl.invoke(DelegatingMethodAccessorImpl.java:25)
	at java.lang.reflect.Method.invoke(Method.java:597)
	at org.codehaus.groovy.reflection.CachedMethod.invoke(CachedMethod.java:90)
	at groovy.lang.MetaMethod.doMethodInvoke(MetaMethod.java:233)
	at groovy.lang.MetaClassImpl.invokeMethod(MetaClassImpl.java:1085)
	at org.codehaus.groovy.runtime.ScriptBytecodeAdapter.invokeMethodOnCurrentN(ScriptBytecodeAdapter.java:78)
	at com.rackspace.search.service.core.CoreTicketOngoingSyncJob.this$dist$invoke$1(CoreTicketOnGoingSyncJob.groovy)
	at com.rackspace.search.service.core.CoreTicketOngoingSyncJob$1.methodMissing(CoreTicketOnGoingSyncJob.groovy)
	at sun.reflect.NativeMethodAccessorImpl.invoke0(Native Method)
	at sun.reflect.NativeMethodAccessorImpl.invoke(NativeMethodAccessorImpl.java:39)
	at sun.reflect.DelegatingMethodAccessorImpl.invoke(DelegatingMethodAccessorImpl.java:25)
	at java.lang.reflect.Method.invoke(Method.java:597)
	at org.codehaus.groovy.reflection.CachedMethod.invoke(CachedMethod.java:90)
	at groovy.lang.MetaClassImpl.invokeMissingMethod(MetaClassImpl.java:837)
	at groovy.lang.MetaClassImpl.invokePropertyOrMissing(MetaClassImpl.java:1134)
	at groovy.lang.MetaClassImpl.invokeMethod(MetaClassImpl.java:1087)
	at groovy.lang.MetaClassImpl.invokeMethod(MetaClassImpl.java:909)
	at org.codehaus.groovy.runtime.callsite.PogoMetaClassSite.callCurrent(PogoMetaClassSite.java:66)
	at org.codehaus.groovy.runtime.callsite.AbstractCallSite.callCurrent(AbstractCallSite.java:137)
	at com.rackspace.search.service.core.CoreTicketOngoingSyncJob$1.run(CoreTicketOnGoingSyncJob.groovy:72)
	at java.util.TimerThread.mainLoop(Timer.java:512)
	at java.util.TimerThread.run(Timer.java:462)
Exception in thread &quot;Timer-78&quot; org.elasticsearch.common.util.concurrent.EsRejectedExecutionException: rejected execution of [org.elasticsearch.action.support.master.TransportMasterNodeOperationAction$2]
	at org.elasticsearch.common.util.concurrent.EsAbortPolicy.rejectedExecution(EsAbortPolicy.java:35)
	at java.util.concurrent.ThreadPoolExecutor.reject(ThreadPoolExecutor.java:767)
	at java.util.concurrent.ThreadPoolExecutor.execute(ThreadPoolExecutor.java:658)
	at org.elasticsearch.action.support.master.TransportMasterNodeOperationAction.innerExecute(TransportMasterNodeOperationAction.java:132)
	at org.elasticsearch.action.support.master.TransportMasterNodeOperationAction.doExecute(TransportMasterNodeOperationAction.java:86)
	at org.elasticsearch.action.support.master.TransportMasterNodeOperationAction.doExecute(TransportMasterNodeOperationAction.java:42)
	at org.elasticsearch.action.support.TransportAction.execute(TransportAction.java:61)
	at org.elasticsearch.client.node.NodeClusterAdminClient.execute(NodeClusterAdminClient.java:72)
	at org.elasticsearch.client.support.AbstractClusterAdminClient.health(AbstractClusterAdminClient.java:83)
	at org.elasticsearch.action.admin.cluster.health.ClusterHealthRequestBuilder.doExecute(ClusterHealthRequestBuilder.java:98)
	at org.elasticsearch.action.ActionRequestBuilder.execute(ActionRequestBuilder.java:62)
	at org.elasticsearch.action.ActionRequestBuilder.execute(ActionRequestBuilder.java:57)
	at org.elasticsearch.action.ActionRequestBuilder$execute.call(Unknown Source)
	at com.rackspace.search.elasticsearch.ElasticSearchServer.getHealthInformation(ElasticSearchServer.groovy:55)
	at com.rackspace.search.elasticsearch.ElasticSearchServer.getHealthStatus(ElasticSearchServer.groovy:51)
	at com.rackspace.search.elasticsearch.ElasticSearchServer.waitForYellowStatus(ElasticSearchServer.groovy:69)
	at com.rackspace.search.elasticsearch.ElasticSearchServer$waitForYellowStatus.call(Unknown Source)
	at com.rackspace.search.service.account.AccountOngoingSyncJob.setupJob(AccountOngoingSyncJob.groovy:96)
	at sun.reflect.NativeMethodAccessorImpl.invoke0(Native Method)
	at sun.reflect.NativeMethodAccessorImpl.invoke(NativeMethodAccessorImpl.java:39)
	at sun.reflect.DelegatingMethodAccessorImpl.invoke(DelegatingMethodAccessorImpl.java:25)
	at java.lang.reflect.Method.invoke(Method.java:597)
	at org.codehaus.groovy.reflection.CachedMethod.invoke(CachedMethod.java:90)
	at groovy.lang.MetaMethod.doMethodInvoke(MetaMethod.java:233)
	at groovy.lang.MetaClassImpl.invokeMethod(MetaClassImpl.java:1085)
	at org.codehaus.groovy.runtime.ScriptBytecodeAdapter.invokeMethodOnCurrentN(ScriptBytecodeAdapter.java:78)
	at com.rackspace.search.service.account.AccountOngoingSyncJob.this$dist$invoke$1(AccountOngoingSyncJob.groovy)
	at com.rackspace.search.service.account.AccountOngoingSyncJob$1.methodMissing(AccountOngoingSyncJob.groovy)
	at sun.reflect.NativeMethodAccessorImpl.invoke0(Native Method)
	at sun.reflect.NativeMethodAccessorImpl.invoke(NativeMethodAccessorImpl.java:39)
	at sun.reflect.DelegatingMethodAccessorImpl.invoke(DelegatingMethodAccessorImpl.java:25)
	at java.lang.reflect.Method.invoke(Method.java:597)
	at org.codehaus.groovy.reflection.CachedMethod.invoke(CachedMethod.java:90)
	at groovy.lang.MetaClassImpl.invokeMissingMethod(MetaClassImpl.java:837)
	at groovy.lang.MetaClassImpl.invokePropertyOrMissing(MetaClassImpl.java:1134)
	at groovy.lang.MetaClassImpl.invokeMethod(MetaClassImpl.java:1087)
	at groovy.lang.MetaClassImpl.invokeMethod(MetaClassImpl.java:909)
	at org.codehaus.groovy.runtime.callsite.PogoMetaClassSite.callCurrent(PogoMetaClassSite.java:66)
	at org.codehaus.groovy.runtime.callsite.AbstractCallSite.callCurrent(AbstractCallSite.java:137)
	at com.rackspace.search.service.account.AccountOngoingSyncJob$1.run(AccountOngoingSyncJob.groovy:78)
	at java.util.TimerThread.mainLoop(Timer.java:512)
	at java.util.TimerThread.run(Timer.java:462)
Exception in thread &quot;Timer-79&quot; org.elasticsearch.common.util.concurrent.EsRejectedExecutionException: rejected execution of [org.elasticsearch.action.support.master.TransportMasterNodeOperationAction$2]
	at org.elasticsearch.common.util.concurrent.EsAbortPolicy.rejectedExecution(EsAbortPolicy.java:35)
	at java.util.concurrent.ThreadPoolExecutor.reject(ThreadPoolExecutor.java:767)
	at java.util.concurrent.ThreadPoolExecutor.execute(ThreadPoolExecutor.java:658)
	at org.elasticsearch.action.support.master.TransportMasterNodeOperationAction.innerExecute(TransportMasterNodeOperationAction.java:132)
	at org.elasticsearch.action.support.master.TransportMasterNodeOperationAction.doExecute(TransportMasterNodeOperationAction.java:86)
	at org.elasticsearch.action.support.master.TransportMasterNodeOperationAction.doExecute(TransportMasterNodeOperationAction.java:42)
	at org.elasticsearch.action.support.TransportAction.execute(TransportAction.java:61)
	at org.elasticsearch.client.node.NodeClusterAdminClient.execute(NodeClusterAdminClient.java:72)
	at org.elasticsearch.client.support.AbstractClusterAdminClient.health(AbstractClusterAdminClient.java:83)
	at org.elasticsearch.action.admin.cluster.health.ClusterHealthRequestBuilder.doExecute(ClusterHealthRequestBuilder.java:98)
	at org.elasticsearch.action.ActionRequestBuilder.execute(ActionRequestBuilder.java:62)
	at org.elasticsearch.action.ActionRequestBuilder.execute(ActionRequestBuilder.java:57)
	at org.elasticsearch.action.ActionRequestBuilder$execute.call(Unknown Source)
	at com.rackspace.search.elasticsearch.ElasticSearchServer.getHealthInformation(ElasticSearchServer.groovy:55)
	at com.rackspace.search.elasticsearch.ElasticSearchServer.getHealthStatus(ElasticSearchServer.groovy:51)
	at com.rackspace.search.elasticsearch.ElasticSearchServer.waitForYellowStatus(ElasticSearchServer.groovy:69)
	at com.rackspace.search.elasticsearch.ElasticSearchServer$waitForYellowStatus.call(Unknown Source)
	at com.rackspace.search.service.admin.CoreTicketOndemandSyncJob.setupJob(CoreTicketOndemandSyncJob.groovy:98)
	at sun.reflect.NativeMethodAccessorImpl.invoke0(Native Method)
	at sun.reflect.NativeMethodAccessorImpl.invoke(NativeMethodAccessorImpl.java:39)
	at sun.reflect.DelegatingMethodAccessorImpl.invoke(DelegatingMethodAccessorImpl.java:25)
	at java.lang.reflect.Method.invoke(Method.java:597)
	at org.codehaus.groovy.reflection.CachedMethod.invoke(CachedMethod.java:90)
	at groovy.lang.MetaMethod.doMethodInvoke(MetaMethod.java:233)
	at groovy.lang.MetaClassImpl.invokeMethod(MetaClassImpl.java:1085)
	at org.codehaus.groovy.runtime.ScriptBytecodeAdapter.invokeMethodOnCurrentN(ScriptBytecodeAdapter.java:78)
	at com.rackspace.search.service.admin.CoreTicketOndemandSyncJob.this$dist$invoke$1(CoreTicketOndemandSyncJob.groovy)
	at com.rackspace.search.service.admin.CoreTicketOndemandSyncJob$1.methodMissing(CoreTicketOndemandSyncJob.groovy)
	at sun.reflect.NativeMethodAccessorImpl.invoke0(Native Method)
	at sun.reflect.NativeMethodAccessorImpl.invoke(NativeMethodAccessorImpl.java:39)
	at sun.reflect.DelegatingMethodAccessorImpl.invoke(DelegatingMethodAccessorImpl.java:25)
	at java.lang.reflect.Method.invoke(Method.java:597)
	at org.codehaus.groovy.reflection.CachedMethod.invoke(CachedMethod.java:90)
	at groovy.lang.MetaClassImpl.invokeMissingMethod(MetaClassImpl.java:837)
	at groovy.lang.MetaClassImpl.invokePropertyOrMissing(MetaClassImpl.java:1134)
	at groovy.lang.MetaClassImpl.invokeMethod(MetaClassImpl.java:1087)
	at groovy.lang.MetaClassImpl.invokeMethod(MetaClassImpl.java:909)
	at org.codehaus.groovy.runtime.callsite.PogoMetaClassSite.callCurrent(PogoMetaClassSite.java:66)
	at org.codehaus.groovy.runtime.callsite.AbstractCallSite.callCurrent(AbstractCallSite.java:137)
	at com.rackspace.search.service.admin.CoreTicketOndemandSyncJob$1.run(CoreTicketOndemandSyncJob.groovy:82)
	at java.util.TimerThread.mainLoop(Timer.java:512)
	at java.util.TimerThread.run(Timer.java:462)
Exception in thread &quot;Timer-80&quot; org.elasticsearch.common.util.concurrent.EsRejectedExecutionException: rejected execution of [org.elasticsearch.action.support.master.TransportMasterNodeOperationAction$2]
	at org.elasticsearch.common.util.concurrent.EsAbortPolicy.rejectedExecution(EsAbortPolicy.java:35)
	at java.util.concurrent.ThreadPoolExecutor.reject(ThreadPoolExecutor.java:767)
	at java.util.concurrent.ThreadPoolExecutor.execute(ThreadPoolExecutor.java:658)
	at org.elasticsearch.action.support.master.TransportMasterNodeOperationAction.innerExecute(TransportMasterNodeOperationAction.java:132)
	at org.elasticsearch.action.support.master.TransportMasterNodeOperationAction.doExecute(TransportMasterNodeOperationAction.java:86)
	at org.elasticsearch.action.support.master.TransportMasterNodeOperationAction.doExecute(TransportMasterNodeOperationAction.java:42)
	at org.elasticsearch.action.support.TransportAction.execute(TransportAction.java:61)
	at org.elasticsearch.client.node.NodeClusterAdminClient.execute(NodeClusterAdminClient.java:72)
	at org.elasticsearch.client.support.AbstractClusterAdminClient.health(AbstractClusterAdminClient.java:83)
	at org.elasticsearch.action.admin.cluster.health.ClusterHealthRequestBuilder.doExecute(ClusterHealthRequestBuilder.java:98)
	at org.elasticsearch.action.ActionRequestBuilder.execute(ActionRequestBuilder.java:62)
	at org.elasticsearch.action.ActionRequestBuilder.execute(ActionRequestBuilder.java:57)
	at org.elasticsearch.action.ActionRequestBuilder$execute.call(Unknown Source)
	at com.rackspace.search.elasticsearch.ElasticSearchServer.getHealthInformation(ElasticSearchServer.groovy:55)
	at com.rackspace.search.elasticsearch.ElasticSearchServer.getHealthStatus(ElasticSearchServer.groovy:51)
	at com.rackspace.search.elasticsearch.ElasticSearchServer.waitForYellowStatus(ElasticSearchServer.groovy:69)
	at com.rackspace.search.elasticsearch.ElasticSearchServer$waitForYellowStatus.call(Unknown Source)
	at com.rackspace.search.service.core.CoreTicketSecondPassSyncJob.setupJob(CoreTicketSecondPassSyncJob.groovy:90)
	at com.rackspace.search.service.core.CoreTicketSecondPassSyncJob.this$2$setupJob(CoreTicketSecondPassSyncJob.groovy)
	at sun.reflect.NativeMethodAccessorImpl.invoke0(Native Method)
	at sun.reflect.NativeMethodAccessorImpl.invoke(NativeMethodAccessorImpl.java:39)
	at sun.reflect.DelegatingMethodAccessorImpl.invoke(DelegatingMethodAccessorImpl.java:25)
	at java.lang.reflect.Method.invoke(Method.java:597)
	at org.codehaus.groovy.reflection.CachedMethod.invoke(CachedMethod.java:90)
	at groovy.lang.MetaMethod.doMethodInvoke(MetaMethod.java:233)
	at groovy.lang.MetaClassImpl.invokeMethod(MetaClassImpl.java:1085)
	at org.codehaus.groovy.runtime.ScriptBytecodeAdapter.invokeMethodOnCurrentN(ScriptBytecodeAdapter.java:78)
	at com.rackspace.search.service.core.CoreTicketSecondPassSyncJob.this$dist$invoke$1(CoreTicketSecondPassSyncJob.groovy)
	at com.rackspace.search.service.core.CoreTicketSecondPassSyncJob$1.methodMissing(CoreTicketSecondPassSyncJob.groovy)
	at sun.reflect.NativeMethodAccessorImpl.invoke0(Native Method)
	at sun.reflect.NativeMethodAccessorImpl.invoke(NativeMethodAccessorImpl.java:39)
	at sun.reflect.DelegatingMethodAccessorImpl.invoke(DelegatingMethodAccessorImpl.java:25)
	at java.lang.reflect.Method.invoke(Method.java:597)
	at org.codehaus.groovy.reflection.CachedMethod.invoke(CachedMethod.java:90)
	at groovy.lang.MetaClassImpl.invokeMissingMethod(MetaClassImpl.java:837)
	at groovy.lang.MetaClassImpl.invokePropertyOrMissing(MetaClassImpl.java:1134)
	at groovy.lang.MetaClassImpl.invokeMethod(MetaClassImpl.java:1087)
	at groovy.lang.MetaClassImpl.invokeMethod(MetaClassImpl.java:909)
	at org.codehaus.groovy.runtime.callsite.PogoMetaClassSite.callCurrent(PogoMetaClassSite.java:66)
	at org.codehaus.groovy.runtime.callsite.AbstractCallSite.callCurrent(AbstractCallSite.java:137)
	at com.rackspace.search.service.core.CoreTicketSecondPassSyncJob$1.run(CoreTicketSecondPassSyncJob.groovy:74)
	at java.util.TimerThread.mainLoop(Timer.java:512)
	at java.util.TimerThread.run(Timer.java:462)
Exception in thread &quot;Timer-81&quot; org.elasticsearch.common.util.concurrent.EsRejectedExecutionException: rejected execution of [org.elasticsearch.action.support.master.TransportMasterNodeOperationAction$2]
	at org.elasticsearch.common.util.concurrent.EsAbortPolicy.rejectedExecution(EsAbortPolicy.java:35)
	at java.util.concurrent.ThreadPoolExecutor.reject(ThreadPoolExecutor.java:767)
	at java.util.concurrent.ThreadPoolExecutor.execute(ThreadPoolExecutor.java:658)
	at org.elasticsearch.action.support.master.TransportMasterNodeOperationAction.innerExecute(TransportMasterNodeOperationAction.java:132)
	at org.elasticsearch.action.support.master.TransportMasterNodeOperationAction.doExecute(TransportMasterNodeOperationAction.java:86)
	at org.elasticsearch.action.support.master.TransportMasterNodeOperationAction.doExecute(TransportMasterNodeOperationAction.java:42)
	at org.elasticsearch.action.support.TransportAction.execute(TransportAction.java:61)
	at org.elasticsearch.client.node.NodeClusterAdminClient.execute(NodeClusterAdminClient.java:72)
	at org.elasticsearch.client.support.AbstractClusterAdminClient.health(AbstractClusterAdminClient.java:83)
	at org.elasticsearch.action.admin.cluster.health.ClusterHealthRequestBuilder.doExecute(ClusterHealthRequestBuilder.java:98)
	at org.elasticsearch.action.ActionRequestBuilder.execute(ActionRequestBuilder.java:62)
	at org.elasticsearch.action.ActionRequestBuilder.execute(ActionRequestBuilder.java:57)
	at org.elasticsearch.action.ActionRequestBuilder$execute.call(Unknown Source)
	at com.rackspace.search.elasticsearch.ElasticSearchServer.getHealthInformation(ElasticSearchServer.groovy:55)
	at com.rackspace.search.elasticsearch.ElasticSearchServer.getHealthStatus(ElasticSearchServer.groovy:51)
	at com.rackspace.search.elasticsearch.ElasticSearchServer.waitForYellowStatus(ElasticSearchServer.groovy:69)
	at com.rackspace.search.elasticsearch.ElasticSearchServer$waitForYellowStatus.call(Unknown Source)
	at com.rackspace.search.service.account.CoreAccountUpdateSyncJob.setupJob(CoreAccountUpdateSyncJob.groovy:95)
	at com.rackspace.search.service.account.CoreAccountUpdateSyncJob.this$2$setupJob(CoreAccountUpdateSyncJob.groovy)
	at sun.reflect.NativeMethodAccessorImpl.invoke0(Native Method)
	at sun.reflect.NativeMethodAccessorImpl.invoke(NativeMethodAccessorImpl.java:39)
	at sun.reflect.DelegatingMethodAccessorImpl.invoke(DelegatingMethodAccessorImpl.java:25)
	at java.lang.reflect.Method.invoke(Method.java:597)
	at org.codehaus.groovy.reflection.CachedMethod.invoke(CachedMethod.java:90)
	at groovy.lang.MetaMethod.doMethodInvoke(MetaMethod.java:233)
	at groovy.lang.MetaClassImpl.invokeMethod(MetaClassImpl.java:1085)
	at org.codehaus.groovy.runtime.ScriptBytecodeAdapter.invokeMethodOnCurrentN(ScriptBytecodeAdapter.java:78)
	at com.rackspace.search.service.account.CoreAccountUpdateSyncJob.this$dist$invoke$1(CoreAccountUpdateSyncJob.groovy)
	at com.rackspace.search.service.account.CoreAccountUpdateSyncJob$1.methodMissing(CoreAccountUpdateSyncJob.groovy)
	at sun.reflect.NativeMethodAccessorImpl.invoke0(Native Method)
	at sun.reflect.NativeMethodAccessorImpl.invoke(NativeMethodAccessorImpl.java:39)
	at sun.reflect.DelegatingMethodAccessorImpl.invoke(DelegatingMethodAccessorImpl.java:25)
	at java.lang.reflect.Method.invoke(Method.java:597)
	at org.codehaus.groovy.reflection.CachedMethod.invoke(CachedMethod.java:90)
	at groovy.lang.MetaClassImpl.invokeMissingMethod(MetaClassImpl.java:837)
	at groovy.lang.MetaClassImpl.invokePropertyOrMissing(MetaClassImpl.java:1134)
	at groovy.lang.MetaClassImpl.invokeMethod(MetaClassImpl.java:1087)
	at groovy.lang.MetaClassImpl.invokeMethod(MetaClassImpl.java:909)
	at org.codehaus.groovy.runtime.callsite.PogoMetaClassSite.callCurrent(PogoMetaClassSite.java:66)
	at org.codehaus.groovy.runtime.callsite.AbstractCallSite.callCurrent(AbstractCallSite.java:137)
	at com.rackspace.search.service.account.CoreAccountUpdateSyncJob$1.run(CoreAccountUpdateSyncJob.groovy:78)
	at java.util.TimerThread.mainLoop(Timer.java:512)
	at java.util.TimerThread.run(Timer.java:462)
Exception in thread &quot;Timer-82&quot; org.elasticsearch.common.util.concurrent.EsRejectedExecutionException: rejected execution of [org.elasticsearch.action.support.master.TransportMasterNodeOperationAction$2]
	at org.elasticsearch.common.util.concurrent.EsAbortPolicy.rejectedExecution(EsAbortPolicy.java:35)
	at java.util.concurrent.ThreadPoolExecutor.reject(ThreadPoolExecutor.java:767)
	at java.util.concurrent.ThreadPoolExecutor.execute(ThreadPoolExecutor.java:658)
	at org.elasticsearch.action.support.master.TransportMasterNodeOperationAction.innerExecute(TransportMasterNodeOperationAction.java:132)
	at org.elasticsearch.action.support.master.TransportMasterNodeOperationAction.doExecute(TransportMasterNodeOperationAction.java:86)
	at org.elasticsearch.action.support.master.TransportMasterNodeOperationAction.doExecute(TransportMasterNodeOperationAction.java:42)
	at org.elasticsearch.action.support.TransportAction.execute(TransportAction.java:61)
	at org.elasticsearch.client.node.NodeClusterAdminClient.execute(NodeClusterAdminClient.java:72)
	at org.elasticsearch.client.support.AbstractClusterAdminClient.health(AbstractClusterAdminClient.java:83)
	at org.elasticsearch.action.admin.cluster.health.ClusterHealthRequestBuilder.doExecute(ClusterHealthRequestBuilder.java:98)
	at org.elasticsearch.action.ActionRequestBuilder.execute(ActionRequestBuilder.java:62)
	at org.elasticsearch.action.ActionRequestBuilder.execute(ActionRequestBuilder.java:57)
	at org.elasticsearch.action.ActionRequestBuilder$execute.call(Unknown Source)
	at com.rackspace.search.elasticsearch.ElasticSearchServer.getHealthInformation(ElasticSearchServer.groovy:55)
	at com.rackspace.search.elasticsearch.ElasticSearchServer.getHealthStatus(ElasticSearchServer.groovy:51)
	at com.rackspace.search.elasticsearch.ElasticSearchServer.waitForYellowStatus(ElasticSearchServer.groovy:69)
	at com.rackspace.search.elasticsearch.ElasticSearchServer$waitForYellowStatus.call(Unknown Source)
	at com.rackspace.search.service.admin.AccountOndemandSyncJob.setupJob(AccountOndemandSyncJob.groovy:126)
	at sun.reflect.NativeMethodAccessorImpl.invoke0(Native Method)
	at sun.reflect.NativeMethodAccessorImpl.invoke(NativeMethodAccessorImpl.java:39)
	at sun.reflect.DelegatingMethodAccessorImpl.invoke(DelegatingMethodAccessorImpl.java:25)
	at java.lang.reflect.Method.invoke(Method.java:597)
	at org.codehaus.groovy.reflection.CachedMethod.invoke(CachedMethod.java:90)
	at groovy.lang.MetaMethod.doMethodInvoke(MetaMethod.java:233)
	at groovy.lang.MetaClassImpl.invokeMethod(MetaClassImpl.java:1085)
	at org.codehaus.groovy.runtime.ScriptBytecodeAdapter.invokeMethodOnCurrentN(ScriptBytecodeAdapter.java:78)
	at com.rackspace.search.service.admin.AccountOndemandSyncJob.this$dist$invoke$1(AccountOndemandSyncJob.groovy)
	at com.rackspace.search.service.admin.AccountOndemandSyncJob$1.methodMissing(AccountOndemandSyncJob.groovy)
	at sun.reflect.NativeMethodAccessorImpl.invoke0(Native Method)
	at sun.reflect.NativeMethodAccessorImpl.invoke(NativeMethodAccessorImpl.java:39)
	at sun.reflect.DelegatingMethodAccessorImpl.invoke(DelegatingMethodAccessorImpl.java:25)
	at java.lang.reflect.Method.invoke(Method.java:597)
	at org.codehaus.groovy.reflection.CachedMethod.invoke(CachedMethod.java:90)
	at groovy.lang.MetaClassImpl.invokeMissingMethod(MetaClassImpl.java:837)
	at groovy.lang.MetaClassImpl.invokePropertyOrMissing(MetaClassImpl.java:1134)
	at groovy.lang.MetaClassImpl.invokeMethod(MetaClassImpl.java:1087)
	at groovy.lang.MetaClassImpl.invokeMethod(MetaClassImpl.java:909)
	at org.codehaus.groovy.runtime.callsite.PogoMetaClassSite.callCurrent(PogoMetaClassSite.java:66)
	at org.codehaus.groovy.runtime.callsite.AbstractCallSite.callCurrent(AbstractCallSite.java:137)
	at com.rackspace.search.service.admin.AccountOndemandSyncJob$1.run(AccountOndemandSyncJob.groovy:110)
	at java.util.TimerThread.mainLoop(Timer.java:512)
	at java.util.TimerThread.run(Timer.java:462)
</stderr>
          <failedSince>7</failedSince>
        </case>
        <case>
          <duration>6.327</duration>
          <className>com.rackspace.search.elasticsearch.client.ElasticSearchClientTest</className>
          <testName>test sort tickets for Priority field without sorting order</testName>
          <skipped>false</skipped>
          <errorStackTrace>java.lang.NullPointerException: Cannot invoke method getClient() on null object
	at com.rackspace.search.elasticsearch.client.ElasticSearchClientTest.cleanup(ElasticSearchClientTest.groovy:92)
</errorStackTrace>
          <errorDetails>Cannot invoke method getClient() on null object</errorDetails>
          <failedSince>7</failedSince>
        </case>
        <case>
          <duration>5.535</duration>
          <className>com.rackspace.search.elasticsearch.client.ElasticSearchClientTest</className>
          <testName>should throw Bad Request If the limit value has less than 0</testName>
          <skipped>false</skipped>
          <errorStackTrace>java.lang.IllegalStateException: Failed to load ApplicationContext
	at org.springframework.test.context.TestContext.getApplicationContext(TestContext.java:308)
	at org.springframework.test.context.support.DependencyInjectionTestExecutionListener.injectDependencies(DependencyInjectionTestExecutionListener.java:109)
	at org.springframework.test.context.support.DependencyInjectionTestExecutionListener.prepareTestInstance(DependencyInjectionTestExecutionListener.java:75)
	at org.springframework.test.context.TestContextManager.prepareTestInstance(TestContextManager.java:321)
	at org.spockframework.spring.SpringTestContextManager.prepareTestInstance(SpringTestContextManager.java:49)
	at org.spockframework.spring.SpringInterceptor.interceptSetupMethod(SpringInterceptor.java:42)
	at org.spockframework.runtime.extension.AbstractMethodInterceptor.intercept(AbstractMethodInterceptor.java:28)
	at org.spockframework.runtime.extension.MethodInvocation.proceed(MethodInvocation.java:84)
	at org.spockframework.util.ReflectionUtil.invokeMethod(ReflectionUtil.java:138)
	at org.spockframework.util.ReflectionUtil.invokeMethod(ReflectionUtil.java:138)
	at org.spockframework.util.ReflectionUtil.invokeMethod(ReflectionUtil.java:138)
	at org.apache.maven.surefire.junit4.JUnit4TestSet.execute(JUnit4TestSet.java:53)
	at org.apache.maven.surefire.junit4.JUnit4Provider.executeTestSet(JUnit4Provider.java:123)
	at org.apache.maven.surefire.junit4.JUnit4Provider.invoke(JUnit4Provider.java:104)
	at org.apache.maven.surefire.util.ReflectionUtils.invokeMethodWithArray(ReflectionUtils.java:164)
	at org.apache.maven.surefire.booter.ProviderFactory$ProviderProxy.invoke(ProviderFactory.java:110)
	at org.apache.maven.surefire.booter.SurefireStarter.invokeProvider(SurefireStarter.java:175)
	at org.apache.maven.surefire.booter.SurefireStarter.runSuitesInProcessWhenForked(SurefireStarter.java:107)
	at org.apache.maven.surefire.booter.ForkedBooter.main(ForkedBooter.java:68)
Caused by: org.springframework.beans.factory.BeanCreationException: Error creating bean with name &apos;jobResource&apos;: Injection of autowired dependencies failed; nested exception is org.springframework.beans.factory.BeanCreationException: Could not autowire field: private com.rackspace.search.service.zendesk.ZendeskTicketOngoingSyncJob com.rackspace.search.endpoint.JobResource.zendeskTicketOngoingSyncJob; nested exception is org.springframework.beans.factory.BeanCreationException: Error creating bean with name &apos;zendeskTicketOngoingSyncJob&apos;: Injection of autowired dependencies failed; nested exception is org.springframework.beans.factory.BeanCreationException: Could not autowire field: private com.rackspace.search.service.zendesk.ZendeskTicketOngoingSyncActor com.rackspace.search.service.zendesk.ZendeskTicketOngoingSyncJob.ticketActor; nested exception is org.springframework.beans.factory.BeanCreationException: Error creating bean with name &apos;zendeskTicketOngoingSyncActor&apos;: Injection of autowired dependencies failed; nested exception is org.springframework.beans.factory.BeanCreationException: Could not autowire field: private com.rackspace.search.service.zendesk.ZendeskTicketProcessor com.rackspace.search.service.zendesk.ZendeskTicketOngoingSyncActor.zendeskTicketProcessor; nested exception is org.springframework.beans.factory.BeanCreationException: Error creating bean with name &apos;zendeskTicketProcessor&apos;: Injection of autowired dependencies failed; nested exception is org.springframework.beans.factory.BeanCreationException: Could not autowire field: private java.lang.Object com.rackspace.search.service.zendesk.ZendeskTicketProcessor.zendeskIndexName; nested exception is java.lang.IllegalArgumentException: Could not resolve placeholder &apos;zendesk.index.name&apos;
	at org.springframework.beans.factory.annotation.AutowiredAnnotationBeanPostProcessor.postProcessPropertyValues(AutowiredAnnotationBeanPostProcessor.java:288)
	at org.springframework.beans.factory.support.AbstractAutowireCapableBeanFactory.populateBean(AbstractAutowireCapableBeanFactory.java:1074)
	at org.springframework.beans.factory.support.AbstractAutowireCapableBeanFactory.doCreateBean(AbstractAutowireCapableBeanFactory.java:517)
	at org.springframework.beans.factory.support.AbstractAutowireCapableBeanFactory.createBean(AbstractAutowireCapableBeanFactory.java:456)
	at org.springframework.beans.factory.support.AbstractBeanFactory$1.getObject(AbstractBeanFactory.java:293)
	at org.springframework.beans.factory.support.DefaultSingletonBeanRegistry.getSingleton(DefaultSingletonBeanRegistry.java:222)
	at org.springframework.beans.factory.support.AbstractBeanFactory.doGetBean(AbstractBeanFactory.java:290)
	at org.springframework.beans.factory.support.AbstractBeanFactory.getBean(AbstractBeanFactory.java:192)
	at org.springframework.beans.factory.support.DefaultListableBeanFactory.preInstantiateSingletons(DefaultListableBeanFactory.java:585)
	at org.springframework.context.support.AbstractApplicationContext.finishBeanFactoryInitialization(AbstractApplicationContext.java:895)
	at org.springframework.context.support.AbstractApplicationContext.refresh(AbstractApplicationContext.java:425)
	at org.springframework.test.context.support.AbstractGenericContextLoader.loadContext(AbstractGenericContextLoader.java:84)
	at org.springframework.test.context.support.AbstractGenericContextLoader.loadContext(AbstractGenericContextLoader.java:1)
	at org.springframework.test.context.TestContext.loadApplicationContext(TestContext.java:280)
	at org.springframework.test.context.TestContext.getApplicationContext(TestContext.java:304)
	... 18 more
Caused by: org.springframework.beans.factory.BeanCreationException: Could not autowire field: private com.rackspace.search.service.zendesk.ZendeskTicketOngoingSyncJob com.rackspace.search.endpoint.JobResource.zendeskTicketOngoingSyncJob; nested exception is org.springframework.beans.factory.BeanCreationException: Error creating bean with name &apos;zendeskTicketOngoingSyncJob&apos;: Injection of autowired dependencies failed; nested exception is org.springframework.beans.factory.BeanCreationException: Could not autowire field: private com.rackspace.search.service.zendesk.ZendeskTicketOngoingSyncActor com.rackspace.search.service.zendesk.ZendeskTicketOngoingSyncJob.ticketActor; nested exception is org.springframework.beans.factory.BeanCreationException: Error creating bean with name &apos;zendeskTicketOngoingSyncActor&apos;: Injection of autowired dependencies failed; nested exception is org.springframework.beans.factory.BeanCreationException: Could not autowire field: private com.rackspace.search.service.zendesk.ZendeskTicketProcessor com.rackspace.search.service.zendesk.ZendeskTicketOngoingSyncActor.zendeskTicketProcessor; nested exception is org.springframework.beans.factory.BeanCreationException: Error creating bean with name &apos;zendeskTicketProcessor&apos;: Injection of autowired dependencies failed; nested exception is org.springframework.beans.factory.BeanCreationException: Could not autowire field: private java.lang.Object com.rackspace.search.service.zendesk.ZendeskTicketProcessor.zendeskIndexName; nested exception is java.lang.IllegalArgumentException: Could not resolve placeholder &apos;zendesk.index.name&apos;
	at org.springframework.beans.factory.annotation.AutowiredAnnotationBeanPostProcessor$AutowiredFieldElement.inject(AutowiredAnnotationBeanPostProcessor.java:508)
	at org.springframework.beans.factory.annotation.InjectionMetadata.inject(InjectionMetadata.java:84)
	at org.springframework.beans.factory.annotation.AutowiredAnnotationBeanPostProcessor.postProcessPropertyValues(AutowiredAnnotationBeanPostProcessor.java:285)
	... 32 more
Caused by: org.springframework.beans.factory.BeanCreationException: Error creating bean with name &apos;zendeskTicketOngoingSyncJob&apos;: Injection of autowired dependencies failed; nested exception is org.springframework.beans.factory.BeanCreationException: Could not autowire field: private com.rackspace.search.service.zendesk.ZendeskTicketOngoingSyncActor com.rackspace.search.service.zendesk.ZendeskTicketOngoingSyncJob.ticketActor; nested exception is org.springframework.beans.factory.BeanCreationException: Error creating bean with name &apos;zendeskTicketOngoingSyncActor&apos;: Injection of autowired dependencies failed; nested exception is org.springframework.beans.factory.BeanCreationException: Could not autowire field: private com.rackspace.search.service.zendesk.ZendeskTicketProcessor com.rackspace.search.service.zendesk.ZendeskTicketOngoingSyncActor.zendeskTicketProcessor; nested exception is org.springframework.beans.factory.BeanCreationException: Error creating bean with name &apos;zendeskTicketProcessor&apos;: Injection of autowired dependencies failed; nested exception is org.springframework.beans.factory.BeanCreationException: Could not autowire field: private java.lang.Object com.rackspace.search.service.zendesk.ZendeskTicketProcessor.zendeskIndexName; nested exception is java.lang.IllegalArgumentException: Could not resolve placeholder &apos;zendesk.index.name&apos;
	at org.springframework.beans.factory.annotation.AutowiredAnnotationBeanPostProcessor.postProcessPropertyValues(AutowiredAnnotationBeanPostProcessor.java:288)
	at org.springframework.beans.factory.support.AbstractAutowireCapableBeanFactory.populateBean(AbstractAutowireCapableBeanFactory.java:1074)
	at org.springframework.beans.factory.support.AbstractAutowireCapableBeanFactory.doCreateBean(AbstractAutowireCapableBeanFactory.java:517)
	at org.springframework.beans.factory.support.AbstractAutowireCapableBeanFactory.createBean(AbstractAutowireCapableBeanFactory.java:456)
	at org.springframework.beans.factory.support.AbstractBeanFactory$1.getObject(AbstractBeanFactory.java:293)
	at org.springframework.beans.factory.support.DefaultSingletonBeanRegistry.getSingleton(DefaultSingletonBeanRegistry.java:222)
	at org.springframework.beans.factory.support.AbstractBeanFactory.doGetBean(AbstractBeanFactory.java:290)
	at org.springframework.beans.factory.support.AbstractBeanFactory.getBean(AbstractBeanFactory.java:192)
	at org.springframework.beans.factory.support.DefaultListableBeanFactory.findAutowireCandidates(DefaultListableBeanFactory.java:848)
	at org.springframework.beans.factory.support.DefaultListableBeanFactory.doResolveDependency(DefaultListableBeanFactory.java:790)
	at org.springframework.beans.factory.support.DefaultListableBeanFactory.resolveDependency(DefaultListableBeanFactory.java:707)
	at org.springframework.beans.factory.annotation.AutowiredAnnotationBeanPostProcessor$AutowiredFieldElement.inject(AutowiredAnnotationBeanPostProcessor.java:480)
	... 34 more
Caused by: org.springframework.beans.factory.BeanCreationException: Could not autowire field: private com.rackspace.search.service.zendesk.ZendeskTicketOngoingSyncActor com.rackspace.search.service.zendesk.ZendeskTicketOngoingSyncJob.ticketActor; nested exception is org.springframework.beans.factory.BeanCreationException: Error creating bean with name &apos;zendeskTicketOngoingSyncActor&apos;: Injection of autowired dependencies failed; nested exception is org.springframework.beans.factory.BeanCreationException: Could not autowire field: private com.rackspace.search.service.zendesk.ZendeskTicketProcessor com.rackspace.search.service.zendesk.ZendeskTicketOngoingSyncActor.zendeskTicketProcessor; nested exception is org.springframework.beans.factory.BeanCreationException: Error creating bean with name &apos;zendeskTicketProcessor&apos;: Injection of autowired dependencies failed; nested exception is org.springframework.beans.factory.BeanCreationException: Could not autowire field: private java.lang.Object com.rackspace.search.service.zendesk.ZendeskTicketProcessor.zendeskIndexName; nested exception is java.lang.IllegalArgumentException: Could not resolve placeholder &apos;zendesk.index.name&apos;
	at org.springframework.beans.factory.annotation.AutowiredAnnotationBeanPostProcessor$AutowiredFieldElement.inject(AutowiredAnnotationBeanPostProcessor.java:508)
	at org.springframework.beans.factory.annotation.InjectionMetadata.inject(InjectionMetadata.java:84)
	at org.springframework.beans.factory.annotation.AutowiredAnnotationBeanPostProcessor.postProcessPropertyValues(AutowiredAnnotationBeanPostProcessor.java:285)
	... 45 more
Caused by: org.springframework.beans.factory.BeanCreationException: Error creating bean with name &apos;zendeskTicketOngoingSyncActor&apos;: Injection of autowired dependencies failed; nested exception is org.springframework.beans.factory.BeanCreationException: Could not autowire field: private com.rackspace.search.service.zendesk.ZendeskTicketProcessor com.rackspace.search.service.zendesk.ZendeskTicketOngoingSyncActor.zendeskTicketProcessor; nested exception is org.springframework.beans.factory.BeanCreationException: Error creating bean with name &apos;zendeskTicketProcessor&apos;: Injection of autowired dependencies failed; nested exception is org.springframework.beans.factory.BeanCreationException: Could not autowire field: private java.lang.Object com.rackspace.search.service.zendesk.ZendeskTicketProcessor.zendeskIndexName; nested exception is java.lang.IllegalArgumentException: Could not resolve placeholder &apos;zendesk.index.name&apos;
	at org.springframework.beans.factory.annotation.AutowiredAnnotationBeanPostProcessor.postProcessPropertyValues(AutowiredAnnotationBeanPostProcessor.java:288)
	at org.springframework.beans.factory.support.AbstractAutowireCapableBeanFactory.populateBean(AbstractAutowireCapableBeanFactory.java:1074)
	at org.springframework.beans.factory.support.AbstractAutowireCapableBeanFactory.doCreateBean(AbstractAutowireCapableBeanFactory.java:517)
	at org.springframework.beans.factory.support.AbstractAutowireCapableBeanFactory.createBean(AbstractAutowireCapableBeanFactory.java:456)
	at org.springframework.beans.factory.support.AbstractBeanFactory$1.getObject(AbstractBeanFactory.java:293)
	at org.springframework.beans.factory.support.DefaultSingletonBeanRegistry.getSingleton(DefaultSingletonBeanRegistry.java:222)
	at org.springframework.beans.factory.support.AbstractBeanFactory.doGetBean(AbstractBeanFactory.java:290)
	at org.springframework.beans.factory.support.AbstractBeanFactory.getBean(AbstractBeanFactory.java:192)
	at org.springframework.beans.factory.support.DefaultListableBeanFactory.findAutowireCandidates(DefaultListableBeanFactory.java:848)
	at org.springframework.beans.factory.support.DefaultListableBeanFactory.doResolveDependency(DefaultListableBeanFactory.java:790)
	at org.springframework.beans.factory.support.DefaultListableBeanFactory.resolveDependency(DefaultListableBeanFactory.java:707)
	at org.springframework.beans.factory.annotation.AutowiredAnnotationBeanPostProcessor$AutowiredFieldElement.inject(AutowiredAnnotationBeanPostProcessor.java:480)
	... 47 more
Caused by: org.springframework.beans.factory.BeanCreationException: Could not autowire field: private com.rackspace.search.service.zendesk.ZendeskTicketProcessor com.rackspace.search.service.zendesk.ZendeskTicketOngoingSyncActor.zendeskTicketProcessor; nested exception is org.springframework.beans.factory.BeanCreationException: Error creating bean with name &apos;zendeskTicketProcessor&apos;: Injection of autowired dependencies failed; nested exception is org.springframework.beans.factory.BeanCreationException: Could not autowire field: private java.lang.Object com.rackspace.search.service.zendesk.ZendeskTicketProcessor.zendeskIndexName; nested exception is java.lang.IllegalArgumentException: Could not resolve placeholder &apos;zendesk.index.name&apos;
	at org.springframework.beans.factory.annotation.AutowiredAnnotationBeanPostProcessor$AutowiredFieldElement.inject(AutowiredAnnotationBeanPostProcessor.java:508)
	at org.springframework.beans.factory.annotation.InjectionMetadata.inject(InjectionMetadata.java:84)
	at org.springframework.beans.factory.annotation.AutowiredAnnotationBeanPostProcessor.postProcessPropertyValues(AutowiredAnnotationBeanPostProcessor.java:285)
	... 58 more
Caused by: org.springframework.beans.factory.BeanCreationException: Error creating bean with name &apos;zendeskTicketProcessor&apos;: Injection of autowired dependencies failed; nested exception is org.springframework.beans.factory.BeanCreationException: Could not autowire field: private java.lang.Object com.rackspace.search.service.zendesk.ZendeskTicketProcessor.zendeskIndexName; nested exception is java.lang.IllegalArgumentException: Could not resolve placeholder &apos;zendesk.index.name&apos;
	at org.springframework.beans.factory.annotation.AutowiredAnnotationBeanPostProcessor.postProcessPropertyValues(AutowiredAnnotationBeanPostProcessor.java:288)
	at org.springframework.beans.factory.support.AbstractAutowireCapableBeanFactory.populateBean(AbstractAutowireCapableBeanFactory.java:1074)
	at org.springframework.beans.factory.support.AbstractAutowireCapableBeanFactory.doCreateBean(AbstractAutowireCapableBeanFactory.java:517)
	at org.springframework.beans.factory.support.AbstractAutowireCapableBeanFactory.createBean(AbstractAutowireCapableBeanFactory.java:456)
	at org.springframework.beans.factory.support.AbstractBeanFactory$1.getObject(AbstractBeanFactory.java:293)
	at org.springframework.beans.factory.support.DefaultSingletonBeanRegistry.getSingleton(DefaultSingletonBeanRegistry.java:222)
	at org.springframework.beans.factory.support.AbstractBeanFactory.doGetBean(AbstractBeanFactory.java:290)
	at org.springframework.beans.factory.support.AbstractBeanFactory.getBean(AbstractBeanFactory.java:192)
	at org.springframework.beans.factory.support.DefaultListableBeanFactory.findAutowireCandidates(DefaultListableBeanFactory.java:848)
	at org.springframework.beans.factory.support.DefaultListableBeanFactory.doResolveDependency(DefaultListableBeanFactory.java:790)
	at org.springframework.beans.factory.support.DefaultListableBeanFactory.resolveDependency(DefaultListableBeanFactory.java:707)
	at org.springframework.beans.factory.annotation.AutowiredAnnotationBeanPostProcessor$AutowiredFieldElement.inject(AutowiredAnnotationBeanPostProcessor.java:480)
	... 60 more
Caused by: org.springframework.beans.factory.BeanCreationException: Could not autowire field: private java.lang.Object com.rackspace.search.service.zendesk.ZendeskTicketProcessor.zendeskIndexName; nested exception is java.lang.IllegalArgumentException: Could not resolve placeholder &apos;zendesk.index.name&apos;
	at org.springframework.beans.factory.annotation.AutowiredAnnotationBeanPostProcessor$AutowiredFieldElement.inject(AutowiredAnnotationBeanPostProcessor.java:508)
	at org.springframework.beans.factory.annotation.InjectionMetadata.inject(InjectionMetadata.java:84)
	at org.springframework.beans.factory.annotation.AutowiredAnnotationBeanPostProcessor.postProcessPropertyValues(AutowiredAnnotationBeanPostProcessor.java:285)
	... 71 more
Caused by: java.lang.IllegalArgumentException: Could not resolve placeholder &apos;zendesk.index.name&apos;
	at org.springframework.util.PropertyPlaceholderHelper.parseStringValue(PropertyPlaceholderHelper.java:173)
	at org.springframework.util.PropertyPlaceholderHelper.replacePlaceholders(PropertyPlaceholderHelper.java:125)
	at org.springframework.beans.factory.config.PropertyPlaceholderConfigurer$PlaceholderResolvingStringValueResolver.resolveStringValue(PropertyPlaceholderConfigurer.java:403)
	at org.springframework.beans.factory.support.AbstractBeanFactory.resolveEmbeddedValue(AbstractBeanFactory.java:747)
	at org.springframework.beans.factory.support.DefaultListableBeanFactory.doResolveDependency(DefaultListableBeanFactory.java:717)
	at org.springframework.beans.factory.support.DefaultListableBeanFactory.resolveDependency(DefaultListableBeanFactory.java:707)
	at org.springframework.beans.factory.annotation.AutowiredAnnotationBeanPostProcessor$AutowiredFieldElement.inject(AutowiredAnnotationBeanPostProcessor.java:480)
	... 73 more
</errorStackTrace>
          <errorDetails>Failed to load ApplicationContext</errorDetails>
          <stdout>22:05:38.579 [main] INFO  c.r.s.common.property.PropertyProvider - Loading properties file from file [/var/lib/jenkins/jobs/Samatha Fork/workspace/service/target/properties/local/search.properties]
22:05:38.580 [main] INFO  c.r.s.common.property.PropertyProvider - Loading properties file from file [/var/lib/jenkins/jobs/Samatha Fork/workspace/service/target/properties/local/search.secrets.properties]
22:05:38.580 [main] INFO  c.r.s.common.property.PropertyProvider - Loading properties file from file [/var/lib/jenkins/jobs/Samatha Fork/workspace/service/target/properties/local/elasticsearch.properties]
22:05:38.614 [main] INFO  c.r.s.elasticsearch.ElasticSearchServer - Starting the Elastic Search server node:
22:05:38.617 [main] INFO  org.elasticsearch.node - [ticket.node] {0.90.2}[25471]: initializing ...
22:05:38.618 [main] INFO  org.elasticsearch.plugins - [ticket.node] loaded [action-updatebyquery], sites []
22:05:39.024 [main] INFO  org.elasticsearch.node - [ticket.node] {0.90.2}[25471]: initialized
22:05:39.024 [main] INFO  c.r.s.elasticsearch.ElasticSearchServer - Starting the Elastic Search server node with these settings:
22:05:39.026 [main] INFO  c.r.s.elasticsearch.ElasticSearchServer - Elasticsearch Settings :  [elastic.config.path:/var/lib/jenkins/jobs/Samatha Fork/workspace/service/target/properties/local/elasticsearch, path.data:/var/lib/jenkins/jobs/Samatha Fork/workspace/service/target/elasticsearch/data, cluster.name:ticket.cluster, ticket.search.allowedNestedParams:account.contacts.name,account.contacts.role,account.contacts.sso, core.secondpass.lookbacktime.minutes:15, http.connection.timeout.in.milliseconds:65000, index.analysis.analyzer.search_standard.type:standard, cluster.health.check.wait.time.seconds:120, path.conf:/var/lib/jenkins/jobs/Samatha Fork/workspace/service/target/properties/local/elasticsearch, syncRequest.max.documents.size:250, ticket.ongoingsync.delay.seconds:2, core.account.caching.enabled:true, path.logs:/var/lib/jenkins/jobs/Samatha Fork/workspace/service/target/elasticsearch/logs, http.enabled:true, ticket.document.idName:number, core.api.endpoint:https://ws.integration.core.rackspace.com/ctkapi, transport.tcp.compress:true, account.highprofile.name:HIGH_PROFILE, core.ongoingsync.loopback.time.seconds:120, account.cache.expiration.time.minutes:120, account.api.username:hybrid_ui, ticket.index.name:ticket, admin.index.name:admin, default.page.size:100, indices.structure:/indices_structure.json, account.filter.necessary.updates:true, index.store.fs.memory.enabled:false, index.number_of_shards:5, syncRequest.search.allowedRangeParams:createdAt,lastRunAt,documentLastUpdatedTimestamp, admin.document.type:syncJob, node.data:true, max.page.size:500, node.name:ticket.node, ticket.core.date.timezone:CST, ticket.search.allowedRangeParams:createdAt,updatedAt,lastPublicCommentDate,updateEventDate,documentLastUpdatedTimestamp, account.document.type:account, core.driver.class:org.postgresql.Driver, ticket.cache.expiration.time.minutes:120, core.api.username:rcameron, syncRequest.document.idName:id, discovery.zen.ping.multicast.enabled:false, core.db.url:jdbc:postgresql://integration.db.core.rackspace.com:5432/core_dev, account.update.tickets.pageSize:250, core.account.updates.enabled:true, account.document.versionParam:updatedAt, index.analysis.analyzer.search_standard.filter:[lowercase], bootstrap.mlockall:true, ticket.core.dateformat:yyyy-MM-dd HH:mm:ss, coreaccount.document.type:coreaccount, coreticket.onetimesync.usedb:true, node.master:true, coreaccount.document.idName:id, syncRequest.document.type:syncRequest, core.account.filter.necessary.updates:true, index.number_of_replicas:0, account.api.events.path:v1.0/accounts/events.atom, account.index.name:account, ticket.document.versionParam:updateEventDate, ticket.core.dateformat.with.millis:yyyy-MM-dd HH:mm:ss.SSSSSS, core.account.cache.expiration.time.minutes:120, ticket.document.type:ticket, account.caching.enabled:true, coreaccount.document.versionParam:updatedAt, ticket.caching.enabled:true, admin.document.idName:name, syncRequest.search.allowedTermParams:documentType,status,createdAt,lastRunAt,documentLastUpdatedTimestamp, core.secondpass.enabled:true, account.api.accounts.path:v1.0/accounts, cluster.routing.allocation.awareness.attributes:machine, facets.display.count:100, core.db.username:usq_read, node.machine:ticket.node, syncRequest.index.name:admin, ticket.search.allowedTermParams:sourceSystem,number,createdAt,updatedAt,updateEventDate,lastPublicCommentDate,status,queue.name,category,categoryObj.name,categoryObj.id,priority,assignee.name,hasWindowsServers,hasLinuxServers,severityName,assignee.sso,queue.id,accountServiceLevel,accountTeamTerritoryCode,account.serviceLevel,account.teamTerritoryCode,statusTypes,account.team,account.id,account.rcn,account.status,account.highProfile,documentLastUpdatedTimestamp,account.teamSegment,submitter.name,submitter.sso,account.contacts.name,account.contacts.role,account.contacts.sso,subCategoryObj.name,subCategoryObj.id,assignee.id,submitter.id, use.updateByQueryPlugin:false, account.api.endpoint:https://test.account.api.rackspace.com/, updated.timestamp.field.name:documentLastUpdatedTimestamp, ticket.elastic.dateformat:yyyy-MM-dd&apos;T&apos;HH:mm:ss.SSSZ, action.auto_create_index:1, account.document.idName:id, name:ticket.node] 
22:05:39.027 [main] INFO  org.elasticsearch.node - [ticket.node] {0.90.2}[25471]: starting ...
22:05:39.033 [main] INFO  org.elasticsearch.transport - [ticket.node] bound_address {inet[/0:0:0:0:0:0:0:0:9300]}, publish_address {inet[/10.14.208.252:9300]}
22:05:42.050 [elasticsearch[ticket.node][clusterService#updateTask][T#1]] INFO  org.elasticsearch.cluster.service - [ticket.node] new_master [ticket.node][YAEVNWwvS1qgsbw69u-Ngg][inet[/10.14.208.252:9300]]{machine=ticket.node, master=true}, reason: zen-disco-join (elected_as_master)
22:05:42.061 [main] INFO  org.elasticsearch.discovery - [ticket.node] ticket.cluster/YAEVNWwvS1qgsbw69u-Ngg
22:05:42.102 [elasticsearch[ticket.node][clusterService#updateTask][T#1]] INFO  org.elasticsearch.gateway - [ticket.node] recovered [0] indices into cluster_state
22:05:42.271 [main] INFO  org.elasticsearch.http - [ticket.node] bound_address {inet[/0:0:0:0:0:0:0:0:9200]}, publish_address {inet[/10.14.208.252:9200]}
22:05:42.271 [main] INFO  org.elasticsearch.node - [ticket.node] {0.90.2}[25471]: started
22:05:42.272 [main] INFO  c.r.s.elasticsearch.ElasticSearchServer - Elastic Search server is started.
22:05:42.272 [main] INFO  c.r.s.elasticsearch.ElasticSearchServer - ES cluster status is GREEN. Waiting for ES recovery.
22:05:42.272 [main] INFO  c.r.s.elasticsearch.ElasticSearchServer - Elastic Search Cluster Staus is GREEN
22:05:43.026 [main] ERROR c.r.s.e.client.ElasticSearchClient - Index is missing
org.elasticsearch.indices.IndexMissingException: [admin] missing
	at org.elasticsearch.cluster.metadata.MetaData.concreteIndex(MetaData.java:616) ~[elasticsearch-0.90.2.jar:na]
	at org.elasticsearch.action.get.TransportGetAction.resolveRequest(TransportGetAction.java:90) ~[elasticsearch-0.90.2.jar:na]
	at org.elasticsearch.action.get.TransportGetAction.resolveRequest(TransportGetAction.java:42) ~[elasticsearch-0.90.2.jar:na]
	at org.elasticsearch.action.support.single.shard.TransportShardSingleOperationAction$AsyncSingleAction.&lt;init&gt;(TransportShardSingleOperationAction.java:114) ~[elasticsearch-0.90.2.jar:na]
	at org.elasticsearch.action.support.single.shard.TransportShardSingleOperationAction$AsyncSingleAction.&lt;init&gt;(TransportShardSingleOperationAction.java:94) ~[elasticsearch-0.90.2.jar:na]
	at org.elasticsearch.action.support.single.shard.TransportShardSingleOperationAction.doExecute(TransportShardSingleOperationAction.java:71) ~[elasticsearch-0.90.2.jar:na]
	at org.elasticsearch.action.support.single.shard.TransportShardSingleOperationAction.doExecute(TransportShardSingleOperationAction.java:46) ~[elasticsearch-0.90.2.jar:na]
	at org.elasticsearch.action.support.TransportAction.execute(TransportAction.java:61) ~[elasticsearch-0.90.2.jar:na]
	at org.elasticsearch.client.node.NodeClient.execute(NodeClient.java:92) ~[elasticsearch-0.90.2.jar:na]
	at org.elasticsearch.client.support.AbstractClient.get(AbstractClient.java:179) ~[elasticsearch-0.90.2.jar:na]
	at org.elasticsearch.action.get.GetRequestBuilder.doExecute(GetRequestBuilder.java:112) ~[elasticsearch-0.90.2.jar:na]
	at org.elasticsearch.action.ActionRequestBuilder.execute(ActionRequestBuilder.java:62) ~[elasticsearch-0.90.2.jar:na]
	at org.elasticsearch.action.ActionRequestBuilder.execute(ActionRequestBuilder.java:57) ~[elasticsearch-0.90.2.jar:na]
	at org.elasticsearch.action.ActionRequestBuilder$execute.call(Unknown Source) ~[na:na]
	at com.rackspace.search.elasticsearch.client.ElasticSearchClient.getDocument(ElasticSearchClient.groovy:209) ~[classes/:na]
	at com.rackspace.search.elasticsearch.client.ElasticSearchClient$getDocument.call(Unknown Source) [classes/:na]
	at com.rackspace.search.service.JobService.getJob(JobService.groovy:56) [classes/:na]
	at com.rackspace.search.service.JobService$getJob$0.callCurrent(Unknown Source) [classes/:na]
	at com.rackspace.search.service.JobService.getJob(JobService.groovy:52) [classes/:na]
	at com.rackspace.search.service.JobService$getJob.call(Unknown Source) [classes/:na]
	at com.rackspace.search.service.admin.AccountOndemandSyncJob.windupActivities(AccountOndemandSyncJob.groovy:119) [classes/:na]
	at sun.reflect.NativeMethodAccessorImpl.invoke0(Native Method) ~[na:1.6.0_38]
	at sun.reflect.NativeMethodAccessorImpl.invoke(NativeMethodAccessorImpl.java:39) ~[na:1.6.0_38]
	at sun.reflect.DelegatingMethodAccessorImpl.invoke(DelegatingMethodAccessorImpl.java:25) ~[na:1.6.0_38]
	at java.lang.reflect.Method.invoke(Method.java:597) ~[na:1.6.0_38]
	at org.springframework.beans.factory.annotation.InitDestroyAnnotationBeanPostProcessor$LifecycleElement.invoke(InitDestroyAnnotationBeanPostProcessor.java:340) [spring-beans-3.0.6.RELEASE.jar:3.0.6.RELEASE]
	at org.springframework.beans.factory.annotation.InitDestroyAnnotationBeanPostProcessor$LifecycleMetadata.invokeDestroyMethods(InitDestroyAnnotationBeanPostProcessor.java:305) [spring-beans-3.0.6.RELEASE.jar:3.0.6.RELEASE]
	at org.springframework.beans.factory.annotation.InitDestroyAnnotationBeanPostProcessor.postProcessBeforeDestruction(InitDestroyAnnotationBeanPostProcessor.java:148) [spring-beans-3.0.6.RELEASE.jar:3.0.6.RELEASE]
	at org.springframework.beans.factory.support.DisposableBeanAdapter.destroy(DisposableBeanAdapter.java:166) [spring-beans-3.0.6.RELEASE.jar:3.0.6.RELEASE]
	at org.springframework.beans.factory.support.DefaultSingletonBeanRegistry.destroyBean(DefaultSingletonBeanRegistry.java:487) [spring-beans-3.0.6.RELEASE.jar:3.0.6.RELEASE]
	at org.springframework.beans.factory.support.DefaultSingletonBeanRegistry.destroySingleton(DefaultSingletonBeanRegistry.java:463) [spring-beans-3.0.6.RELEASE.jar:3.0.6.RELEASE]
	at org.springframework.beans.factory.support.DefaultSingletonBeanRegistry.destroySingletons(DefaultSingletonBeanRegistry.java:431) [spring-beans-3.0.6.RELEASE.jar:3.0.6.RELEASE]
	at org.springframework.context.support.AbstractApplicationContext.destroyBeans(AbstractApplicationContext.java:1048) [spring-context-3.0.6.RELEASE.jar:3.0.6.RELEASE]
	at org.springframework.context.support.AbstractApplicationContext.refresh(AbstractApplicationContext.java:433) [spring-context-3.0.6.RELEASE.jar:3.0.6.RELEASE]
	at org.springframework.test.context.support.AbstractGenericContextLoader.loadContext(AbstractGenericContextLoader.java:84) [spring-test-3.0.6.RELEASE.jar:3.0.6.RELEASE]
	at org.springframework.test.context.support.AbstractGenericContextLoader.loadContext(AbstractGenericContextLoader.java:1) [spring-test-3.0.6.RELEASE.jar:3.0.6.RELEASE]
	at org.springframework.test.context.TestContext.loadApplicationContext(TestContext.java:280) [spring-test-3.0.6.RELEASE.jar:3.0.6.RELEASE]
	at org.springframework.test.context.TestContext.getApplicationContext(TestContext.java:304) [spring-test-3.0.6.RELEASE.jar:3.0.6.RELEASE]
	at org.springframework.test.context.support.DependencyInjectionTestExecutionListener.injectDependencies(DependencyInjectionTestExecutionListener.java:109) [spring-test-3.0.6.RELEASE.jar:3.0.6.RELEASE]
	at org.springframework.test.context.support.DependencyInjectionTestExecutionListener.prepareTestInstance(DependencyInjectionTestExecutionListener.java:75) [spring-test-3.0.6.RELEASE.jar:3.0.6.RELEASE]
	at org.springframework.test.context.TestContextManager.prepareTestInstance(TestContextManager.java:321) [spring-test-3.0.6.RELEASE.jar:3.0.6.RELEASE]
	at org.spockframework.spring.SpringTestContextManager.prepareTestInstance(SpringTestContextManager.java:49) [spock-spring-0.7-groovy-2.0.jar:na]
	at org.spockframework.spring.SpringInterceptor.interceptSetupMethod(SpringInterceptor.java:42) [spock-spring-0.7-groovy-2.0.jar:na]
	at org.spockframework.runtime.extension.AbstractMethodInterceptor.intercept(AbstractMethodInterceptor.java:28) [spock-core-0.7-groovy-2.0.jar:na]
	at org.spockframework.runtime.extension.MethodInvocation.proceed(MethodInvocation.java:84) [spock-core-0.7-groovy-2.0.jar:na]
	at org.spockframework.runtime.BaseSpecRunner.invoke(BaseSpecRunner.java:319) [spock-core-0.7-groovy-2.0.jar:na]
	at org.spockframework.runtime.BaseSpecRunner.invokeSetup(BaseSpecRunner.java:279) [spock-core-0.7-groovy-2.0.jar:na]
	at org.spockframework.runtime.BaseSpecRunner.doRunIteration(BaseSpecRunner.java:255) [spock-core-0.7-groovy-2.0.jar:na]
	at sun.reflect.GeneratedMethodAccessor5.invoke(Unknown Source) ~[na:na]
	at sun.reflect.DelegatingMethodAccessorImpl.invoke(DelegatingMethodAccessorImpl.java:25) ~[na:1.6.0_38]
	at java.lang.reflect.Method.invoke(Method.java:597) ~[na:1.6.0_38]
	at org.spockframework.util.ReflectionUtil.invokeMethod(ReflectionUtil.java:138) [spock-core-0.7-groovy-2.0.jar:na]
	at org.spockframework.runtime.BaseSpecRunner.invokeRaw(BaseSpecRunner.java:330) [spock-core-0.7-groovy-2.0.jar:na]
	at org.spockframework.runtime.BaseSpecRunner.invoke(BaseSpecRunner.java:311) [spock-core-0.7-groovy-2.0.jar:na]
	at org.spockframework.runtime.BaseSpecRunner.runIteration(BaseSpecRunner.java:223) [spock-core-0.7-groovy-2.0.jar:na]
	at org.spockframework.runtime.BaseSpecRunner.initializeAndRunIteration(BaseSpecRunner.java:214) [spock-core-0.7-groovy-2.0.jar:na]
	at org.spockframework.runtime.BaseSpecRunner.runSimpleFeature(BaseSpecRunner.java:205) [spock-core-0.7-groovy-2.0.jar:na]
	at org.spockframework.runtime.BaseSpecRunner.doRunFeature(BaseSpecRunner.java:199) [spock-core-0.7-groovy-2.0.jar:na]
	at sun.reflect.GeneratedMethodAccessor7.invoke(Unknown Source) ~[na:na]
	at sun.reflect.DelegatingMethodAccessorImpl.invoke(DelegatingMethodAccessorImpl.java:25) ~[na:1.6.0_38]
	at java.lang.reflect.Method.invoke(Method.java:597) ~[na:1.6.0_38]
	at org.spockframework.util.ReflectionUtil.invokeMethod(ReflectionUtil.java:138) [spock-core-0.7-groovy-2.0.jar:na]
	at org.spockframework.runtime.BaseSpecRunner.invokeRaw(BaseSpecRunner.java:330) [spock-core-0.7-groovy-2.0.jar:na]
	at org.spockframework.runtime.BaseSpecRunner.invoke(BaseSpecRunner.java:311) [spock-core-0.7-groovy-2.0.jar:na]
	at org.spockframework.runtime.BaseSpecRunner.runFeature(BaseSpecRunner.java:175) [spock-core-0.7-groovy-2.0.jar:na]
	at org.spockframework.runtime.BaseSpecRunner.runFeatures(BaseSpecRunner.java:152) [spock-core-0.7-groovy-2.0.jar:na]
	at org.spockframework.runtime.BaseSpecRunner.doRunSpec(BaseSpecRunner.java:112) [spock-core-0.7-groovy-2.0.jar:na]
	at sun.reflect.GeneratedMethodAccessor11.invoke(Unknown Source) ~[na:na]
	at sun.reflect.DelegatingMethodAccessorImpl.invoke(DelegatingMethodAccessorImpl.java:25) ~[na:1.6.0_38]
	at java.lang.reflect.Method.invoke(Method.java:597) ~[na:1.6.0_38]
	at org.spockframework.util.ReflectionUtil.invokeMethod(ReflectionUtil.java:138) [spock-core-0.7-groovy-2.0.jar:na]
	at org.spockframework.runtime.BaseSpecRunner.invokeRaw(BaseSpecRunner.java:330) [spock-core-0.7-groovy-2.0.jar:na]
	at org.spockframework.runtime.BaseSpecRunner.invoke(BaseSpecRunner.java:311) [spock-core-0.7-groovy-2.0.jar:na]
	at org.spockframework.runtime.BaseSpecRunner.runSpec(BaseSpecRunner.java:91) [spock-core-0.7-groovy-2.0.jar:na]
	at org.spockframework.runtime.BaseSpecRunner.run(BaseSpecRunner.java:82) [spock-core-0.7-groovy-2.0.jar:na]
	at org.spockframework.runtime.Sputnik.run(Sputnik.java:63) [spock-core-0.7-groovy-2.0.jar:na]
	at org.apache.maven.surefire.junit4.JUnit4TestSet.execute(JUnit4TestSet.java:53) [surefire-junit4-2.10.jar:2.10]
	at org.apache.maven.surefire.junit4.JUnit4Provider.executeTestSet(JUnit4Provider.java:123) [surefire-junit4-2.10.jar:2.10]
	at org.apache.maven.surefire.junit4.JUnit4Provider.invoke(JUnit4Provider.java:104) [surefire-junit4-2.10.jar:2.10]
	at sun.reflect.NativeMethodAccessorImpl.invoke0(Native Method) ~[na:1.6.0_38]
	at sun.reflect.NativeMethodAccessorImpl.invoke(NativeMethodAccessorImpl.java:39) ~[na:1.6.0_38]
	at sun.reflect.DelegatingMethodAccessorImpl.invoke(DelegatingMethodAccessorImpl.java:25) ~[na:1.6.0_38]
	at java.lang.reflect.Method.invoke(Method.java:597) ~[na:1.6.0_38]
	at org.apache.maven.surefire.util.ReflectionUtils.invokeMethodWithArray(ReflectionUtils.java:164) [surefire-api-2.10.jar:2.10]
	at org.apache.maven.surefire.booter.ProviderFactory$ProviderProxy.invoke(ProviderFactory.java:110) [surefire-booter-2.10.jar:2.10]
	at org.apache.maven.surefire.booter.SurefireStarter.invokeProvider(SurefireStarter.java:175) [surefire-booter-2.10.jar:2.10]
	at org.apache.maven.surefire.booter.SurefireStarter.runSuitesInProcessWhenForked(SurefireStarter.java:107) [surefire-booter-2.10.jar:2.10]
	at org.apache.maven.surefire.booter.ForkedBooter.main(ForkedBooter.java:68) [surefire-booter-2.10.jar:2.10]
22:05:43.027 [main] WARN  o.s.c.a.CommonAnnotationBeanPostProcessor - Invocation of destroy method failed on bean with name &apos;accountOndemandSyncJob&apos;: com.rackspace.search.exception.NotFoundException: Index is missing
22:05:43.031 [main] ERROR c.r.s.e.client.ElasticSearchClient - Index is missing
org.elasticsearch.indices.IndexMissingException: [admin] missing
	at org.elasticsearch.cluster.metadata.MetaData.concreteIndex(MetaData.java:616) ~[elasticsearch-0.90.2.jar:na]
	at org.elasticsearch.action.get.TransportGetAction.resolveRequest(TransportGetAction.java:90) ~[elasticsearch-0.90.2.jar:na]
	at org.elasticsearch.action.get.TransportGetAction.resolveRequest(TransportGetAction.java:42) ~[elasticsearch-0.90.2.jar:na]
	at org.elasticsearch.action.support.single.shard.TransportShardSingleOperationAction$AsyncSingleAction.&lt;init&gt;(TransportShardSingleOperationAction.java:114) ~[elasticsearch-0.90.2.jar:na]
	at org.elasticsearch.action.support.single.shard.TransportShardSingleOperationAction$AsyncSingleAction.&lt;init&gt;(TransportShardSingleOperationAction.java:94) ~[elasticsearch-0.90.2.jar:na]
	at org.elasticsearch.action.support.single.shard.TransportShardSingleOperationAction.doExecute(TransportShardSingleOperationAction.java:71) ~[elasticsearch-0.90.2.jar:na]
	at org.elasticsearch.action.support.single.shard.TransportShardSingleOperationAction.doExecute(TransportShardSingleOperationAction.java:46) ~[elasticsearch-0.90.2.jar:na]
	at org.elasticsearch.action.support.TransportAction.execute(TransportAction.java:61) ~[elasticsearch-0.90.2.jar:na]
	at org.elasticsearch.client.node.NodeClient.execute(NodeClient.java:92) ~[elasticsearch-0.90.2.jar:na]
	at org.elasticsearch.client.support.AbstractClient.get(AbstractClient.java:179) ~[elasticsearch-0.90.2.jar:na]
	at org.elasticsearch.action.get.GetRequestBuilder.doExecute(GetRequestBuilder.java:112) ~[elasticsearch-0.90.2.jar:na]
	at org.elasticsearch.action.ActionRequestBuilder.execute(ActionRequestBuilder.java:62) ~[elasticsearch-0.90.2.jar:na]
	at org.elasticsearch.action.ActionRequestBuilder.execute(ActionRequestBuilder.java:57) ~[elasticsearch-0.90.2.jar:na]
	at org.elasticsearch.action.ActionRequestBuilder$execute.call(Unknown Source) ~[na:na]
	at com.rackspace.search.elasticsearch.client.ElasticSearchClient.getDocument(ElasticSearchClient.groovy:209) ~[classes/:na]
	at com.rackspace.search.elasticsearch.client.ElasticSearchClient$getDocument.call(Unknown Source) [classes/:na]
	at com.rackspace.search.service.JobService.getJob(JobService.groovy:56) [classes/:na]
	at com.rackspace.search.service.JobService$getJob$0.callCurrent(Unknown Source) [classes/:na]
	at com.rackspace.search.service.JobService.getJob(JobService.groovy:52) [classes/:na]
	at com.rackspace.search.service.JobService$getJob.call(Unknown Source) [classes/:na]
	at com.rackspace.search.service.account.CoreAccountOnetimeSyncJob.windupActivities(CoreAccountOnetimeSyncJob.groovy:58) [classes/:na]
	at sun.reflect.NativeMethodAccessorImpl.invoke0(Native Method) ~[na:1.6.0_38]
	at sun.reflect.NativeMethodAccessorImpl.invoke(NativeMethodAccessorImpl.java:39) ~[na:1.6.0_38]
	at sun.reflect.DelegatingMethodAccessorImpl.invoke(DelegatingMethodAccessorImpl.java:25) ~[na:1.6.0_38]
	at java.lang.reflect.Method.invoke(Method.java:597) ~[na:1.6.0_38]
	at org.springframework.beans.factory.annotation.InitDestroyAnnotationBeanPostProcessor$LifecycleElement.invoke(InitDestroyAnnotationBeanPostProcessor.java:340) [spring-beans-3.0.6.RELEASE.jar:3.0.6.RELEASE]
	at org.springframework.beans.factory.annotation.InitDestroyAnnotationBeanPostProcessor$LifecycleMetadata.invokeDestroyMethods(InitDestroyAnnotationBeanPostProcessor.java:305) [spring-beans-3.0.6.RELEASE.jar:3.0.6.RELEASE]
	at org.springframework.beans.factory.annotation.InitDestroyAnnotationBeanPostProcessor.postProcessBeforeDestruction(InitDestroyAnnotationBeanPostProcessor.java:148) [spring-beans-3.0.6.RELEASE.jar:3.0.6.RELEASE]
	at org.springframework.beans.factory.support.DisposableBeanAdapter.destroy(DisposableBeanAdapter.java:166) [spring-beans-3.0.6.RELEASE.jar:3.0.6.RELEASE]
	at org.springframework.beans.factory.support.DefaultSingletonBeanRegistry.destroyBean(DefaultSingletonBeanRegistry.java:487) [spring-beans-3.0.6.RELEASE.jar:3.0.6.RELEASE]
	at org.springframework.beans.factory.support.DefaultSingletonBeanRegistry.destroySingleton(DefaultSingletonBeanRegistry.java:463) [spring-beans-3.0.6.RELEASE.jar:3.0.6.RELEASE]
	at org.springframework.beans.factory.support.DefaultSingletonBeanRegistry.destroySingletons(DefaultSingletonBeanRegistry.java:431) [spring-beans-3.0.6.RELEASE.jar:3.0.6.RELEASE]
	at org.springframework.context.support.AbstractApplicationContext.destroyBeans(AbstractApplicationContext.java:1048) [spring-context-3.0.6.RELEASE.jar:3.0.6.RELEASE]
	at org.springframework.context.support.AbstractApplicationContext.refresh(AbstractApplicationContext.java:433) [spring-context-3.0.6.RELEASE.jar:3.0.6.RELEASE]
	at org.springframework.test.context.support.AbstractGenericContextLoader.loadContext(AbstractGenericContextLoader.java:84) [spring-test-3.0.6.RELEASE.jar:3.0.6.RELEASE]
	at org.springframework.test.context.support.AbstractGenericContextLoader.loadContext(AbstractGenericContextLoader.java:1) [spring-test-3.0.6.RELEASE.jar:3.0.6.RELEASE]
	at org.springframework.test.context.TestContext.loadApplicationContext(TestContext.java:280) [spring-test-3.0.6.RELEASE.jar:3.0.6.RELEASE]
	at org.springframework.test.context.TestContext.getApplicationContext(TestContext.java:304) [spring-test-3.0.6.RELEASE.jar:3.0.6.RELEASE]
	at org.springframework.test.context.support.DependencyInjectionTestExecutionListener.injectDependencies(DependencyInjectionTestExecutionListener.java:109) [spring-test-3.0.6.RELEASE.jar:3.0.6.RELEASE]
	at org.springframework.test.context.support.DependencyInjectionTestExecutionListener.prepareTestInstance(DependencyInjectionTestExecutionListener.java:75) [spring-test-3.0.6.RELEASE.jar:3.0.6.RELEASE]
	at org.springframework.test.context.TestContextManager.prepareTestInstance(TestContextManager.java:321) [spring-test-3.0.6.RELEASE.jar:3.0.6.RELEASE]
	at org.spockframework.spring.SpringTestContextManager.prepareTestInstance(SpringTestContextManager.java:49) [spock-spring-0.7-groovy-2.0.jar:na]
	at org.spockframework.spring.SpringInterceptor.interceptSetupMethod(SpringInterceptor.java:42) [spock-spring-0.7-groovy-2.0.jar:na]
	at org.spockframework.runtime.extension.AbstractMethodInterceptor.intercept(AbstractMethodInterceptor.java:28) [spock-core-0.7-groovy-2.0.jar:na]
	at org.spockframework.runtime.extension.MethodInvocation.proceed(MethodInvocation.java:84) [spock-core-0.7-groovy-2.0.jar:na]
	at org.spockframework.runtime.BaseSpecRunner.invoke(BaseSpecRunner.java:319) [spock-core-0.7-groovy-2.0.jar:na]
	at org.spockframework.runtime.BaseSpecRunner.invokeSetup(BaseSpecRunner.java:279) [spock-core-0.7-groovy-2.0.jar:na]
	at org.spockframework.runtime.BaseSpecRunner.doRunIteration(BaseSpecRunner.java:255) [spock-core-0.7-groovy-2.0.jar:na]
	at sun.reflect.GeneratedMethodAccessor5.invoke(Unknown Source) ~[na:na]
	at sun.reflect.DelegatingMethodAccessorImpl.invoke(DelegatingMethodAccessorImpl.java:25) ~[na:1.6.0_38]
	at java.lang.reflect.Method.invoke(Method.java:597) ~[na:1.6.0_38]
	at org.spockframework.util.ReflectionUtil.invokeMethod(ReflectionUtil.java:138) [spock-core-0.7-groovy-2.0.jar:na]
	at org.spockframework.runtime.BaseSpecRunner.invokeRaw(BaseSpecRunner.java:330) [spock-core-0.7-groovy-2.0.jar:na]
	at org.spockframework.runtime.BaseSpecRunner.invoke(BaseSpecRunner.java:311) [spock-core-0.7-groovy-2.0.jar:na]
	at org.spockframework.runtime.BaseSpecRunner.runIteration(BaseSpecRunner.java:223) [spock-core-0.7-groovy-2.0.jar:na]
	at org.spockframework.runtime.BaseSpecRunner.initializeAndRunIteration(BaseSpecRunner.java:214) [spock-core-0.7-groovy-2.0.jar:na]
	at org.spockframework.runtime.BaseSpecRunner.runSimpleFeature(BaseSpecRunner.java:205) [spock-core-0.7-groovy-2.0.jar:na]
	at org.spockframework.runtime.BaseSpecRunner.doRunFeature(BaseSpecRunner.java:199) [spock-core-0.7-groovy-2.0.jar:na]
	at sun.reflect.GeneratedMethodAccessor7.invoke(Unknown Source) ~[na:na]
	at sun.reflect.DelegatingMethodAccessorImpl.invoke(DelegatingMethodAccessorImpl.java:25) ~[na:1.6.0_38]
	at java.lang.reflect.Method.invoke(Method.java:597) ~[na:1.6.0_38]
	at org.spockframework.util.ReflectionUtil.invokeMethod(ReflectionUtil.java:138) [spock-core-0.7-groovy-2.0.jar:na]
	at org.spockframework.runtime.BaseSpecRunner.invokeRaw(BaseSpecRunner.java:330) [spock-core-0.7-groovy-2.0.jar:na]
	at org.spockframework.runtime.BaseSpecRunner.invoke(BaseSpecRunner.java:311) [spock-core-0.7-groovy-2.0.jar:na]
	at org.spockframework.runtime.BaseSpecRunner.runFeature(BaseSpecRunner.java:175) [spock-core-0.7-groovy-2.0.jar:na]
	at org.spockframework.runtime.BaseSpecRunner.runFeatures(BaseSpecRunner.java:152) [spock-core-0.7-groovy-2.0.jar:na]
	at org.spockframework.runtime.BaseSpecRunner.doRunSpec(BaseSpecRunner.java:112) [spock-core-0.7-groovy-2.0.jar:na]
	at sun.reflect.GeneratedMethodAccessor11.invoke(Unknown Source) ~[na:na]
	at sun.reflect.DelegatingMethodAccessorImpl.invoke(DelegatingMethodAccessorImpl.java:25) ~[na:1.6.0_38]
	at java.lang.reflect.Method.invoke(Method.java:597) ~[na:1.6.0_38]
	at org.spockframework.util.ReflectionUtil.invokeMethod(ReflectionUtil.java:138) [spock-core-0.7-groovy-2.0.jar:na]
	at org.spockframework.runtime.BaseSpecRunner.invokeRaw(BaseSpecRunner.java:330) [spock-core-0.7-groovy-2.0.jar:na]
	at org.spockframework.runtime.BaseSpecRunner.invoke(BaseSpecRunner.java:311) [spock-core-0.7-groovy-2.0.jar:na]
	at org.spockframework.runtime.BaseSpecRunner.runSpec(BaseSpecRunner.java:91) [spock-core-0.7-groovy-2.0.jar:na]
	at org.spockframework.runtime.BaseSpecRunner.run(BaseSpecRunner.java:82) [spock-core-0.7-groovy-2.0.jar:na]
	at org.spockframework.runtime.Sputnik.run(Sputnik.java:63) [spock-core-0.7-groovy-2.0.jar:na]
	at org.apache.maven.surefire.junit4.JUnit4TestSet.execute(JUnit4TestSet.java:53) [surefire-junit4-2.10.jar:2.10]
	at org.apache.maven.surefire.junit4.JUnit4Provider.executeTestSet(JUnit4Provider.java:123) [surefire-junit4-2.10.jar:2.10]
	at org.apache.maven.surefire.junit4.JUnit4Provider.invoke(JUnit4Provider.java:104) [surefire-junit4-2.10.jar:2.10]
	at sun.reflect.NativeMethodAccessorImpl.invoke0(Native Method) ~[na:1.6.0_38]
	at sun.reflect.NativeMethodAccessorImpl.invoke(NativeMethodAccessorImpl.java:39) ~[na:1.6.0_38]
	at sun.reflect.DelegatingMethodAccessorImpl.invoke(DelegatingMethodAccessorImpl.java:25) ~[na:1.6.0_38]
	at java.lang.reflect.Method.invoke(Method.java:597) ~[na:1.6.0_38]
	at org.apache.maven.surefire.util.ReflectionUtils.invokeMethodWithArray(ReflectionUtils.java:164) [surefire-api-2.10.jar:2.10]
	at org.apache.maven.surefire.booter.ProviderFactory$ProviderProxy.invoke(ProviderFactory.java:110) [surefire-booter-2.10.jar:2.10]
	at org.apache.maven.surefire.booter.SurefireStarter.invokeProvider(SurefireStarter.java:175) [surefire-booter-2.10.jar:2.10]
	at org.apache.maven.surefire.booter.SurefireStarter.runSuitesInProcessWhenForked(SurefireStarter.java:107) [surefire-booter-2.10.jar:2.10]
	at org.apache.maven.surefire.booter.ForkedBooter.main(ForkedBooter.java:68) [surefire-booter-2.10.jar:2.10]
22:05:43.032 [main] WARN  o.s.c.a.CommonAnnotationBeanPostProcessor - Invocation of destroy method failed on bean with name &apos;coreAccountOnetimeSyncJob&apos;: com.rackspace.search.exception.NotFoundException: Index is missing
22:05:43.036 [main] ERROR c.r.s.e.client.ElasticSearchClient - Index is missing
org.elasticsearch.indices.IndexMissingException: [admin] missing
	at org.elasticsearch.cluster.metadata.MetaData.concreteIndex(MetaData.java:616) ~[elasticsearch-0.90.2.jar:na]
	at org.elasticsearch.action.get.TransportGetAction.resolveRequest(TransportGetAction.java:90) ~[elasticsearch-0.90.2.jar:na]
	at org.elasticsearch.action.get.TransportGetAction.resolveRequest(TransportGetAction.java:42) ~[elasticsearch-0.90.2.jar:na]
	at org.elasticsearch.action.support.single.shard.TransportShardSingleOperationAction$AsyncSingleAction.&lt;init&gt;(TransportShardSingleOperationAction.java:114) ~[elasticsearch-0.90.2.jar:na]
	at org.elasticsearch.action.support.single.shard.TransportShardSingleOperationAction$AsyncSingleAction.&lt;init&gt;(TransportShardSingleOperationAction.java:94) ~[elasticsearch-0.90.2.jar:na]
	at org.elasticsearch.action.support.single.shard.TransportShardSingleOperationAction.doExecute(TransportShardSingleOperationAction.java:71) ~[elasticsearch-0.90.2.jar:na]
	at org.elasticsearch.action.support.single.shard.TransportShardSingleOperationAction.doExecute(TransportShardSingleOperationAction.java:46) ~[elasticsearch-0.90.2.jar:na]
	at org.elasticsearch.action.support.TransportAction.execute(TransportAction.java:61) ~[elasticsearch-0.90.2.jar:na]
	at org.elasticsearch.client.node.NodeClient.execute(NodeClient.java:92) ~[elasticsearch-0.90.2.jar:na]
	at org.elasticsearch.client.support.AbstractClient.get(AbstractClient.java:179) ~[elasticsearch-0.90.2.jar:na]
	at org.elasticsearch.action.get.GetRequestBuilder.doExecute(GetRequestBuilder.java:112) ~[elasticsearch-0.90.2.jar:na]
	at org.elasticsearch.action.ActionRequestBuilder.execute(ActionRequestBuilder.java:62) ~[elasticsearch-0.90.2.jar:na]
	at org.elasticsearch.action.ActionRequestBuilder.execute(ActionRequestBuilder.java:57) ~[elasticsearch-0.90.2.jar:na]
	at org.elasticsearch.action.ActionRequestBuilder$execute.call(Unknown Source) ~[na:na]
	at com.rackspace.search.elasticsearch.client.ElasticSearchClient.getDocument(ElasticSearchClient.groovy:209) ~[classes/:na]
	at com.rackspace.search.elasticsearch.client.ElasticSearchClient$getDocument.call(Unknown Source) [classes/:na]
	at com.rackspace.search.service.JobService.getJob(JobService.groovy:56) [classes/:na]
	at com.rackspace.search.service.JobService$getJob$0.callCurrent(Unknown Source) [classes/:na]
	at com.rackspace.search.service.JobService.getJob(JobService.groovy:52) [classes/:na]
	at com.rackspace.search.service.JobService$getJob.call(Unknown Source) [classes/:na]
	at com.rackspace.search.service.account.CoreAccountUpdateSyncJob.windupActivities(CoreAccountUpdateSyncJob.groovy:88) [classes/:na]
	at sun.reflect.NativeMethodAccessorImpl.invoke0(Native Method) ~[na:1.6.0_38]
	at sun.reflect.NativeMethodAccessorImpl.invoke(NativeMethodAccessorImpl.java:39) ~[na:1.6.0_38]
	at sun.reflect.DelegatingMethodAccessorImpl.invoke(DelegatingMethodAccessorImpl.java:25) ~[na:1.6.0_38]
	at java.lang.reflect.Method.invoke(Method.java:597) ~[na:1.6.0_38]
	at org.springframework.beans.factory.annotation.InitDestroyAnnotationBeanPostProcessor$LifecycleElement.invoke(InitDestroyAnnotationBeanPostProcessor.java:340) [spring-beans-3.0.6.RELEASE.jar:3.0.6.RELEASE]
	at org.springframework.beans.factory.annotation.InitDestroyAnnotationBeanPostProcessor$LifecycleMetadata.invokeDestroyMethods(InitDestroyAnnotationBeanPostProcessor.java:305) [spring-beans-3.0.6.RELEASE.jar:3.0.6.RELEASE]
	at org.springframework.beans.factory.annotation.InitDestroyAnnotationBeanPostProcessor.postProcessBeforeDestruction(InitDestroyAnnotationBeanPostProcessor.java:148) [spring-beans-3.0.6.RELEASE.jar:3.0.6.RELEASE]
	at org.springframework.beans.factory.support.DisposableBeanAdapter.destroy(DisposableBeanAdapter.java:166) [spring-beans-3.0.6.RELEASE.jar:3.0.6.RELEASE]
	at org.springframework.beans.factory.support.DefaultSingletonBeanRegistry.destroyBean(DefaultSingletonBeanRegistry.java:487) [spring-beans-3.0.6.RELEASE.jar:3.0.6.RELEASE]
	at org.springframework.beans.factory.support.DefaultSingletonBeanRegistry.destroySingleton(DefaultSingletonBeanRegistry.java:463) [spring-beans-3.0.6.RELEASE.jar:3.0.6.RELEASE]
	at org.springframework.beans.factory.support.DefaultSingletonBeanRegistry.destroySingletons(DefaultSingletonBeanRegistry.java:431) [spring-beans-3.0.6.RELEASE.jar:3.0.6.RELEASE]
	at org.springframework.context.support.AbstractApplicationContext.destroyBeans(AbstractApplicationContext.java:1048) [spring-context-3.0.6.RELEASE.jar:3.0.6.RELEASE]
	at org.springframework.context.support.AbstractApplicationContext.refresh(AbstractApplicationContext.java:433) [spring-context-3.0.6.RELEASE.jar:3.0.6.RELEASE]
	at org.springframework.test.context.support.AbstractGenericContextLoader.loadContext(AbstractGenericContextLoader.java:84) [spring-test-3.0.6.RELEASE.jar:3.0.6.RELEASE]
	at org.springframework.test.context.support.AbstractGenericContextLoader.loadContext(AbstractGenericContextLoader.java:1) [spring-test-3.0.6.RELEASE.jar:3.0.6.RELEASE]
	at org.springframework.test.context.TestContext.loadApplicationContext(TestContext.java:280) [spring-test-3.0.6.RELEASE.jar:3.0.6.RELEASE]
	at org.springframework.test.context.TestContext.getApplicationContext(TestContext.java:304) [spring-test-3.0.6.RELEASE.jar:3.0.6.RELEASE]
	at org.springframework.test.context.support.DependencyInjectionTestExecutionListener.injectDependencies(DependencyInjectionTestExecutionListener.java:109) [spring-test-3.0.6.RELEASE.jar:3.0.6.RELEASE]
	at org.springframework.test.context.support.DependencyInjectionTestExecutionListener.prepareTestInstance(DependencyInjectionTestExecutionListener.java:75) [spring-test-3.0.6.RELEASE.jar:3.0.6.RELEASE]
	at org.springframework.test.context.TestContextManager.prepareTestInstance(TestContextManager.java:321) [spring-test-3.0.6.RELEASE.jar:3.0.6.RELEASE]
	at org.spockframework.spring.SpringTestContextManager.prepareTestInstance(SpringTestContextManager.java:49) [spock-spring-0.7-groovy-2.0.jar:na]
	at org.spockframework.spring.SpringInterceptor.interceptSetupMethod(SpringInterceptor.java:42) [spock-spring-0.7-groovy-2.0.jar:na]
	at org.spockframework.runtime.extension.AbstractMethodInterceptor.intercept(AbstractMethodInterceptor.java:28) [spock-core-0.7-groovy-2.0.jar:na]
	at org.spockframework.runtime.extension.MethodInvocation.proceed(MethodInvocation.java:84) [spock-core-0.7-groovy-2.0.jar:na]
	at org.spockframework.runtime.BaseSpecRunner.invoke(BaseSpecRunner.java:319) [spock-core-0.7-groovy-2.0.jar:na]
	at org.spockframework.runtime.BaseSpecRunner.invokeSetup(BaseSpecRunner.java:279) [spock-core-0.7-groovy-2.0.jar:na]
	at org.spockframework.runtime.BaseSpecRunner.doRunIteration(BaseSpecRunner.java:255) [spock-core-0.7-groovy-2.0.jar:na]
	at sun.reflect.GeneratedMethodAccessor5.invoke(Unknown Source) ~[na:na]
	at sun.reflect.DelegatingMethodAccessorImpl.invoke(DelegatingMethodAccessorImpl.java:25) ~[na:1.6.0_38]
	at java.lang.reflect.Method.invoke(Method.java:597) ~[na:1.6.0_38]
	at org.spockframework.util.ReflectionUtil.invokeMethod(ReflectionUtil.java:138) [spock-core-0.7-groovy-2.0.jar:na]
	at org.spockframework.runtime.BaseSpecRunner.invokeRaw(BaseSpecRunner.java:330) [spock-core-0.7-groovy-2.0.jar:na]
	at org.spockframework.runtime.BaseSpecRunner.invoke(BaseSpecRunner.java:311) [spock-core-0.7-groovy-2.0.jar:na]
	at org.spockframework.runtime.BaseSpecRunner.runIteration(BaseSpecRunner.java:223) [spock-core-0.7-groovy-2.0.jar:na]
	at org.spockframework.runtime.BaseSpecRunner.initializeAndRunIteration(BaseSpecRunner.java:214) [spock-core-0.7-groovy-2.0.jar:na]
	at org.spockframework.runtime.BaseSpecRunner.runSimpleFeature(BaseSpecRunner.java:205) [spock-core-0.7-groovy-2.0.jar:na]
	at org.spockframework.runtime.BaseSpecRunner.doRunFeature(BaseSpecRunner.java:199) [spock-core-0.7-groovy-2.0.jar:na]
	at sun.reflect.GeneratedMethodAccessor7.invoke(Unknown Source) ~[na:na]
	at sun.reflect.DelegatingMethodAccessorImpl.invoke(DelegatingMethodAccessorImpl.java:25) ~[na:1.6.0_38]
	at java.lang.reflect.Method.invoke(Method.java:597) ~[na:1.6.0_38]
	at org.spockframework.util.ReflectionUtil.invokeMethod(ReflectionUtil.java:138) [spock-core-0.7-groovy-2.0.jar:na]
	at org.spockframework.runtime.BaseSpecRunner.invokeRaw(BaseSpecRunner.java:330) [spock-core-0.7-groovy-2.0.jar:na]
	at org.spockframework.runtime.BaseSpecRunner.invoke(BaseSpecRunner.java:311) [spock-core-0.7-groovy-2.0.jar:na]
	at org.spockframework.runtime.BaseSpecRunner.runFeature(BaseSpecRunner.java:175) [spock-core-0.7-groovy-2.0.jar:na]
	at org.spockframework.runtime.BaseSpecRunner.runFeatures(BaseSpecRunner.java:152) [spock-core-0.7-groovy-2.0.jar:na]
	at org.spockframework.runtime.BaseSpecRunner.doRunSpec(BaseSpecRunner.java:112) [spock-core-0.7-groovy-2.0.jar:na]
	at sun.reflect.GeneratedMethodAccessor11.invoke(Unknown Source) ~[na:na]
	at sun.reflect.DelegatingMethodAccessorImpl.invoke(DelegatingMethodAccessorImpl.java:25) ~[na:1.6.0_38]
	at java.lang.reflect.Method.invoke(Method.java:597) ~[na:1.6.0_38]
	at org.spockframework.util.ReflectionUtil.invokeMethod(ReflectionUtil.java:138) [spock-core-0.7-groovy-2.0.jar:na]
	at org.spockframework.runtime.BaseSpecRunner.invokeRaw(BaseSpecRunner.java:330) [spock-core-0.7-groovy-2.0.jar:na]
	at org.spockframework.runtime.BaseSpecRunner.invoke(BaseSpecRunner.java:311) [spock-core-0.7-groovy-2.0.jar:na]
	at org.spockframework.runtime.BaseSpecRunner.runSpec(BaseSpecRunner.java:91) [spock-core-0.7-groovy-2.0.jar:na]
	at org.spockframework.runtime.BaseSpecRunner.run(BaseSpecRunner.java:82) [spock-core-0.7-groovy-2.0.jar:na]
	at org.spockframework.runtime.Sputnik.run(Sputnik.java:63) [spock-core-0.7-groovy-2.0.jar:na]
	at org.apache.maven.surefire.junit4.JUnit4TestSet.execute(JUnit4TestSet.java:53) [surefire-junit4-2.10.jar:2.10]
	at org.apache.maven.surefire.junit4.JUnit4Provider.executeTestSet(JUnit4Provider.java:123) [surefire-junit4-2.10.jar:2.10]
	at org.apache.maven.surefire.junit4.JUnit4Provider.invoke(JUnit4Provider.java:104) [surefire-junit4-2.10.jar:2.10]
	at sun.reflect.NativeMethodAccessorImpl.invoke0(Native Method) ~[na:1.6.0_38]
	at sun.reflect.NativeMethodAccessorImpl.invoke(NativeMethodAccessorImpl.java:39) ~[na:1.6.0_38]
	at sun.reflect.DelegatingMethodAccessorImpl.invoke(DelegatingMethodAccessorImpl.java:25) ~[na:1.6.0_38]
	at java.lang.reflect.Method.invoke(Method.java:597) ~[na:1.6.0_38]
	at org.apache.maven.surefire.util.ReflectionUtils.invokeMethodWithArray(ReflectionUtils.java:164) [surefire-api-2.10.jar:2.10]
	at org.apache.maven.surefire.booter.ProviderFactory$ProviderProxy.invoke(ProviderFactory.java:110) [surefire-booter-2.10.jar:2.10]
	at org.apache.maven.surefire.booter.SurefireStarter.invokeProvider(SurefireStarter.java:175) [surefire-booter-2.10.jar:2.10]
	at org.apache.maven.surefire.booter.SurefireStarter.runSuitesInProcessWhenForked(SurefireStarter.java:107) [surefire-booter-2.10.jar:2.10]
	at org.apache.maven.surefire.booter.ForkedBooter.main(ForkedBooter.java:68) [surefire-booter-2.10.jar:2.10]
22:05:43.037 [main] WARN  o.s.c.a.CommonAnnotationBeanPostProcessor - Invocation of destroy method failed on bean with name &apos;coreAccountUpdateSyncJob&apos;: com.rackspace.search.exception.NotFoundException: Index is missing
22:05:43.041 [main] ERROR c.r.s.e.client.ElasticSearchClient - Index is missing
org.elasticsearch.indices.IndexMissingException: [admin] missing
	at org.elasticsearch.cluster.metadata.MetaData.concreteIndex(MetaData.java:616) ~[elasticsearch-0.90.2.jar:na]
	at org.elasticsearch.action.get.TransportGetAction.resolveRequest(TransportGetAction.java:90) ~[elasticsearch-0.90.2.jar:na]
	at org.elasticsearch.action.get.TransportGetAction.resolveRequest(TransportGetAction.java:42) ~[elasticsearch-0.90.2.jar:na]
	at org.elasticsearch.action.support.single.shard.TransportShardSingleOperationAction$AsyncSingleAction.&lt;init&gt;(TransportShardSingleOperationAction.java:114) ~[elasticsearch-0.90.2.jar:na]
	at org.elasticsearch.action.support.single.shard.TransportShardSingleOperationAction$AsyncSingleAction.&lt;init&gt;(TransportShardSingleOperationAction.java:94) ~[elasticsearch-0.90.2.jar:na]
	at org.elasticsearch.action.support.single.shard.TransportShardSingleOperationAction.doExecute(TransportShardSingleOperationAction.java:71) ~[elasticsearch-0.90.2.jar:na]
	at org.elasticsearch.action.support.single.shard.TransportShardSingleOperationAction.doExecute(TransportShardSingleOperationAction.java:46) ~[elasticsearch-0.90.2.jar:na]
	at org.elasticsearch.action.support.TransportAction.execute(TransportAction.java:61) ~[elasticsearch-0.90.2.jar:na]
	at org.elasticsearch.client.node.NodeClient.execute(NodeClient.java:92) ~[elasticsearch-0.90.2.jar:na]
	at org.elasticsearch.client.support.AbstractClient.get(AbstractClient.java:179) ~[elasticsearch-0.90.2.jar:na]
	at org.elasticsearch.action.get.GetRequestBuilder.doExecute(GetRequestBuilder.java:112) ~[elasticsearch-0.90.2.jar:na]
	at org.elasticsearch.action.ActionRequestBuilder.execute(ActionRequestBuilder.java:62) ~[elasticsearch-0.90.2.jar:na]
	at org.elasticsearch.action.ActionRequestBuilder.execute(ActionRequestBuilder.java:57) ~[elasticsearch-0.90.2.jar:na]
	at org.elasticsearch.action.ActionRequestBuilder$execute.call(Unknown Source) ~[na:na]
	at com.rackspace.search.elasticsearch.client.ElasticSearchClient.getDocument(ElasticSearchClient.groovy:209) ~[classes/:na]
	at com.rackspace.search.elasticsearch.client.ElasticSearchClient$getDocument.call(Unknown Source) [classes/:na]
	at com.rackspace.search.service.JobService.getJob(JobService.groovy:56) [classes/:na]
	at com.rackspace.search.service.JobService$getJob$0.callCurrent(Unknown Source) [classes/:na]
	at com.rackspace.search.service.JobService.getJob(JobService.groovy:52) [classes/:na]
	at com.rackspace.search.service.JobService$getJob.call(Unknown Source) [classes/:na]
	at com.rackspace.search.service.core.CoreTicketSecondPassSyncJob.windupActivities(CoreTicketSecondPassSyncJob.groovy:83) [classes/:na]
	at sun.reflect.NativeMethodAccessorImpl.invoke0(Native Method) ~[na:1.6.0_38]
	at sun.reflect.NativeMethodAccessorImpl.invoke(NativeMethodAccessorImpl.java:39) ~[na:1.6.0_38]
	at sun.reflect.DelegatingMethodAccessorImpl.invoke(DelegatingMethodAccessorImpl.java:25) ~[na:1.6.0_38]
	at java.lang.reflect.Method.invoke(Method.java:597) ~[na:1.6.0_38]
	at org.springframework.beans.factory.annotation.InitDestroyAnnotationBeanPostProcessor$LifecycleElement.invoke(InitDestroyAnnotationBeanPostProcessor.java:340) [spring-beans-3.0.6.RELEASE.jar:3.0.6.RELEASE]
	at org.springframework.beans.factory.annotation.InitDestroyAnnotationBeanPostProcessor$LifecycleMetadata.invokeDestroyMethods(InitDestroyAnnotationBeanPostProcessor.java:305) [spring-beans-3.0.6.RELEASE.jar:3.0.6.RELEASE]
	at org.springframework.beans.factory.annotation.InitDestroyAnnotationBeanPostProcessor.postProcessBeforeDestruction(InitDestroyAnnotationBeanPostProcessor.java:148) [spring-beans-3.0.6.RELEASE.jar:3.0.6.RELEASE]
	at org.springframework.beans.factory.support.DisposableBeanAdapter.destroy(DisposableBeanAdapter.java:166) [spring-beans-3.0.6.RELEASE.jar:3.0.6.RELEASE]
	at org.springframework.beans.factory.support.DefaultSingletonBeanRegistry.destroyBean(DefaultSingletonBeanRegistry.java:487) [spring-beans-3.0.6.RELEASE.jar:3.0.6.RELEASE]
	at org.springframework.beans.factory.support.DefaultSingletonBeanRegistry.destroySingleton(DefaultSingletonBeanRegistry.java:463) [spring-beans-3.0.6.RELEASE.jar:3.0.6.RELEASE]
	at org.springframework.beans.factory.support.DefaultSingletonBeanRegistry.destroySingletons(DefaultSingletonBeanRegistry.java:431) [spring-beans-3.0.6.RELEASE.jar:3.0.6.RELEASE]
	at org.springframework.context.support.AbstractApplicationContext.destroyBeans(AbstractApplicationContext.java:1048) [spring-context-3.0.6.RELEASE.jar:3.0.6.RELEASE]
	at org.springframework.context.support.AbstractApplicationContext.refresh(AbstractApplicationContext.java:433) [spring-context-3.0.6.RELEASE.jar:3.0.6.RELEASE]
	at org.springframework.test.context.support.AbstractGenericContextLoader.loadContext(AbstractGenericContextLoader.java:84) [spring-test-3.0.6.RELEASE.jar:3.0.6.RELEASE]
	at org.springframework.test.context.support.AbstractGenericContextLoader.loadContext(AbstractGenericContextLoader.java:1) [spring-test-3.0.6.RELEASE.jar:3.0.6.RELEASE]
	at org.springframework.test.context.TestContext.loadApplicationContext(TestContext.java:280) [spring-test-3.0.6.RELEASE.jar:3.0.6.RELEASE]
	at org.springframework.test.context.TestContext.getApplicationContext(TestContext.java:304) [spring-test-3.0.6.RELEASE.jar:3.0.6.RELEASE]
	at org.springframework.test.context.support.DependencyInjectionTestExecutionListener.injectDependencies(DependencyInjectionTestExecutionListener.java:109) [spring-test-3.0.6.RELEASE.jar:3.0.6.RELEASE]
	at org.springframework.test.context.support.DependencyInjectionTestExecutionListener.prepareTestInstance(DependencyInjectionTestExecutionListener.java:75) [spring-test-3.0.6.RELEASE.jar:3.0.6.RELEASE]
	at org.springframework.test.context.TestContextManager.prepareTestInstance(TestContextManager.java:321) [spring-test-3.0.6.RELEASE.jar:3.0.6.RELEASE]
	at org.spockframework.spring.SpringTestContextManager.prepareTestInstance(SpringTestContextManager.java:49) [spock-spring-0.7-groovy-2.0.jar:na]
	at org.spockframework.spring.SpringInterceptor.interceptSetupMethod(SpringInterceptor.java:42) [spock-spring-0.7-groovy-2.0.jar:na]
	at org.spockframework.runtime.extension.AbstractMethodInterceptor.intercept(AbstractMethodInterceptor.java:28) [spock-core-0.7-groovy-2.0.jar:na]
	at org.spockframework.runtime.extension.MethodInvocation.proceed(MethodInvocation.java:84) [spock-core-0.7-groovy-2.0.jar:na]
	at org.spockframework.runtime.BaseSpecRunner.invoke(BaseSpecRunner.java:319) [spock-core-0.7-groovy-2.0.jar:na]
	at org.spockframework.runtime.BaseSpecRunner.invokeSetup(BaseSpecRunner.java:279) [spock-core-0.7-groovy-2.0.jar:na]
	at org.spockframework.runtime.BaseSpecRunner.doRunIteration(BaseSpecRunner.java:255) [spock-core-0.7-groovy-2.0.jar:na]
	at sun.reflect.GeneratedMethodAccessor5.invoke(Unknown Source) ~[na:na]
	at sun.reflect.DelegatingMethodAccessorImpl.invoke(DelegatingMethodAccessorImpl.java:25) ~[na:1.6.0_38]
	at java.lang.reflect.Method.invoke(Method.java:597) ~[na:1.6.0_38]
	at org.spockframework.util.ReflectionUtil.invokeMethod(ReflectionUtil.java:138) [spock-core-0.7-groovy-2.0.jar:na]
	at org.spockframework.runtime.BaseSpecRunner.invokeRaw(BaseSpecRunner.java:330) [spock-core-0.7-groovy-2.0.jar:na]
	at org.spockframework.runtime.BaseSpecRunner.invoke(BaseSpecRunner.java:311) [spock-core-0.7-groovy-2.0.jar:na]
	at org.spockframework.runtime.BaseSpecRunner.runIteration(BaseSpecRunner.java:223) [spock-core-0.7-groovy-2.0.jar:na]
	at org.spockframework.runtime.BaseSpecRunner.initializeAndRunIteration(BaseSpecRunner.java:214) [spock-core-0.7-groovy-2.0.jar:na]
	at org.spockframework.runtime.BaseSpecRunner.runSimpleFeature(BaseSpecRunner.java:205) [spock-core-0.7-groovy-2.0.jar:na]
	at org.spockframework.runtime.BaseSpecRunner.doRunFeature(BaseSpecRunner.java:199) [spock-core-0.7-groovy-2.0.jar:na]
	at sun.reflect.GeneratedMethodAccessor7.invoke(Unknown Source) ~[na:na]
	at sun.reflect.DelegatingMethodAccessorImpl.invoke(DelegatingMethodAccessorImpl.java:25) ~[na:1.6.0_38]
	at java.lang.reflect.Method.invoke(Method.java:597) ~[na:1.6.0_38]
	at org.spockframework.util.ReflectionUtil.invokeMethod(ReflectionUtil.java:138) [spock-core-0.7-groovy-2.0.jar:na]
	at org.spockframework.runtime.BaseSpecRunner.invokeRaw(BaseSpecRunner.java:330) [spock-core-0.7-groovy-2.0.jar:na]
	at org.spockframework.runtime.BaseSpecRunner.invoke(BaseSpecRunner.java:311) [spock-core-0.7-groovy-2.0.jar:na]
	at org.spockframework.runtime.BaseSpecRunner.runFeature(BaseSpecRunner.java:175) [spock-core-0.7-groovy-2.0.jar:na]
	at org.spockframework.runtime.BaseSpecRunner.runFeatures(BaseSpecRunner.java:152) [spock-core-0.7-groovy-2.0.jar:na]
	at org.spockframework.runtime.BaseSpecRunner.doRunSpec(BaseSpecRunner.java:112) [spock-core-0.7-groovy-2.0.jar:na]
	at sun.reflect.GeneratedMethodAccessor11.invoke(Unknown Source) ~[na:na]
	at sun.reflect.DelegatingMethodAccessorImpl.invoke(DelegatingMethodAccessorImpl.java:25) ~[na:1.6.0_38]
	at java.lang.reflect.Method.invoke(Method.java:597) ~[na:1.6.0_38]
	at org.spockframework.util.ReflectionUtil.invokeMethod(ReflectionUtil.java:138) [spock-core-0.7-groovy-2.0.jar:na]
	at org.spockframework.runtime.BaseSpecRunner.invokeRaw(BaseSpecRunner.java:330) [spock-core-0.7-groovy-2.0.jar:na]
	at org.spockframework.runtime.BaseSpecRunner.invoke(BaseSpecRunner.java:311) [spock-core-0.7-groovy-2.0.jar:na]
	at org.spockframework.runtime.BaseSpecRunner.runSpec(BaseSpecRunner.java:91) [spock-core-0.7-groovy-2.0.jar:na]
	at org.spockframework.runtime.BaseSpecRunner.run(BaseSpecRunner.java:82) [spock-core-0.7-groovy-2.0.jar:na]
	at org.spockframework.runtime.Sputnik.run(Sputnik.java:63) [spock-core-0.7-groovy-2.0.jar:na]
	at org.apache.maven.surefire.junit4.JUnit4TestSet.execute(JUnit4TestSet.java:53) [surefire-junit4-2.10.jar:2.10]
	at org.apache.maven.surefire.junit4.JUnit4Provider.executeTestSet(JUnit4Provider.java:123) [surefire-junit4-2.10.jar:2.10]
	at org.apache.maven.surefire.junit4.JUnit4Provider.invoke(JUnit4Provider.java:104) [surefire-junit4-2.10.jar:2.10]
	at sun.reflect.NativeMethodAccessorImpl.invoke0(Native Method) ~[na:1.6.0_38]
	at sun.reflect.NativeMethodAccessorImpl.invoke(NativeMethodAccessorImpl.java:39) ~[na:1.6.0_38]
	at sun.reflect.DelegatingMethodAccessorImpl.invoke(DelegatingMethodAccessorImpl.java:25) ~[na:1.6.0_38]
	at java.lang.reflect.Method.invoke(Method.java:597) ~[na:1.6.0_38]
	at org.apache.maven.surefire.util.ReflectionUtils.invokeMethodWithArray(ReflectionUtils.java:164) [surefire-api-2.10.jar:2.10]
	at org.apache.maven.surefire.booter.ProviderFactory$ProviderProxy.invoke(ProviderFactory.java:110) [surefire-booter-2.10.jar:2.10]
	at org.apache.maven.surefire.booter.SurefireStarter.invokeProvider(SurefireStarter.java:175) [surefire-booter-2.10.jar:2.10]
	at org.apache.maven.surefire.booter.SurefireStarter.runSuitesInProcessWhenForked(SurefireStarter.java:107) [surefire-booter-2.10.jar:2.10]
	at org.apache.maven.surefire.booter.ForkedBooter.main(ForkedBooter.java:68) [surefire-booter-2.10.jar:2.10]
22:05:43.042 [main] WARN  o.s.c.a.CommonAnnotationBeanPostProcessor - Invocation of destroy method failed on bean with name &apos;coreTicketSecondPassSyncJob&apos;: com.rackspace.search.exception.NotFoundException: Index is missing
22:05:43.046 [main] ERROR c.r.s.e.client.ElasticSearchClient - Index is missing
org.elasticsearch.indices.IndexMissingException: [admin] missing
	at org.elasticsearch.cluster.metadata.MetaData.concreteIndex(MetaData.java:616) ~[elasticsearch-0.90.2.jar:na]
	at org.elasticsearch.action.get.TransportGetAction.resolveRequest(TransportGetAction.java:90) ~[elasticsearch-0.90.2.jar:na]
	at org.elasticsearch.action.get.TransportGetAction.resolveRequest(TransportGetAction.java:42) ~[elasticsearch-0.90.2.jar:na]
	at org.elasticsearch.action.support.single.shard.TransportShardSingleOperationAction$AsyncSingleAction.&lt;init&gt;(TransportShardSingleOperationAction.java:114) ~[elasticsearch-0.90.2.jar:na]
	at org.elasticsearch.action.support.single.shard.TransportShardSingleOperationAction$AsyncSingleAction.&lt;init&gt;(TransportShardSingleOperationAction.java:94) ~[elasticsearch-0.90.2.jar:na]
	at org.elasticsearch.action.support.single.shard.TransportShardSingleOperationAction.doExecute(TransportShardSingleOperationAction.java:71) ~[elasticsearch-0.90.2.jar:na]
	at org.elasticsearch.action.support.single.shard.TransportShardSingleOperationAction.doExecute(TransportShardSingleOperationAction.java:46) ~[elasticsearch-0.90.2.jar:na]
	at org.elasticsearch.action.support.TransportAction.execute(TransportAction.java:61) ~[elasticsearch-0.90.2.jar:na]
	at org.elasticsearch.client.node.NodeClient.execute(NodeClient.java:92) ~[elasticsearch-0.90.2.jar:na]
	at org.elasticsearch.client.support.AbstractClient.get(AbstractClient.java:179) ~[elasticsearch-0.90.2.jar:na]
	at org.elasticsearch.action.get.GetRequestBuilder.doExecute(GetRequestBuilder.java:112) ~[elasticsearch-0.90.2.jar:na]
	at org.elasticsearch.action.ActionRequestBuilder.execute(ActionRequestBuilder.java:62) ~[elasticsearch-0.90.2.jar:na]
	at org.elasticsearch.action.ActionRequestBuilder.execute(ActionRequestBuilder.java:57) ~[elasticsearch-0.90.2.jar:na]
	at org.elasticsearch.action.ActionRequestBuilder$execute.call(Unknown Source) ~[na:na]
	at com.rackspace.search.elasticsearch.client.ElasticSearchClient.getDocument(ElasticSearchClient.groovy:209) ~[classes/:na]
	at com.rackspace.search.elasticsearch.client.ElasticSearchClient$getDocument.call(Unknown Source) [classes/:na]
	at com.rackspace.search.service.JobService.getJob(JobService.groovy:56) [classes/:na]
	at com.rackspace.search.service.JobService$getJob$0.callCurrent(Unknown Source) [classes/:na]
	at com.rackspace.search.service.JobService.getJob(JobService.groovy:52) [classes/:na]
	at com.rackspace.search.service.JobService$getJob.call(Unknown Source) [classes/:na]
	at com.rackspace.search.service.admin.CoreTicketOndemandSyncJob.windupActivities(CoreTicketOndemandSyncJob.groovy:91) [classes/:na]
	at sun.reflect.NativeMethodAccessorImpl.invoke0(Native Method) ~[na:1.6.0_38]
	at sun.reflect.NativeMethodAccessorImpl.invoke(NativeMethodAccessorImpl.java:39) ~[na:1.6.0_38]
	at sun.reflect.DelegatingMethodAccessorImpl.invoke(DelegatingMethodAccessorImpl.java:25) ~[na:1.6.0_38]
	at java.lang.reflect.Method.invoke(Method.java:597) ~[na:1.6.0_38]
	at org.springframework.beans.factory.annotation.InitDestroyAnnotationBeanPostProcessor$LifecycleElement.invoke(InitDestroyAnnotationBeanPostProcessor.java:340) [spring-beans-3.0.6.RELEASE.jar:3.0.6.RELEASE]
	at org.springframework.beans.factory.annotation.InitDestroyAnnotationBeanPostProcessor$LifecycleMetadata.invokeDestroyMethods(InitDestroyAnnotationBeanPostProcessor.java:305) [spring-beans-3.0.6.RELEASE.jar:3.0.6.RELEASE]
	at org.springframework.beans.factory.annotation.InitDestroyAnnotationBeanPostProcessor.postProcessBeforeDestruction(InitDestroyAnnotationBeanPostProcessor.java:148) [spring-beans-3.0.6.RELEASE.jar:3.0.6.RELEASE]
	at org.springframework.beans.factory.support.DisposableBeanAdapter.destroy(DisposableBeanAdapter.java:166) [spring-beans-3.0.6.RELEASE.jar:3.0.6.RELEASE]
	at org.springframework.beans.factory.support.DefaultSingletonBeanRegistry.destroyBean(DefaultSingletonBeanRegistry.java:487) [spring-beans-3.0.6.RELEASE.jar:3.0.6.RELEASE]
	at org.springframework.beans.factory.support.DefaultSingletonBeanRegistry.destroySingleton(DefaultSingletonBeanRegistry.java:463) [spring-beans-3.0.6.RELEASE.jar:3.0.6.RELEASE]
	at org.springframework.beans.factory.support.DefaultSingletonBeanRegistry.destroySingletons(DefaultSingletonBeanRegistry.java:431) [spring-beans-3.0.6.RELEASE.jar:3.0.6.RELEASE]
	at org.springframework.context.support.AbstractApplicationContext.destroyBeans(AbstractApplicationContext.java:1048) [spring-context-3.0.6.RELEASE.jar:3.0.6.RELEASE]
	at org.springframework.context.support.AbstractApplicationContext.refresh(AbstractApplicationContext.java:433) [spring-context-3.0.6.RELEASE.jar:3.0.6.RELEASE]
	at org.springframework.test.context.support.AbstractGenericContextLoader.loadContext(AbstractGenericContextLoader.java:84) [spring-test-3.0.6.RELEASE.jar:3.0.6.RELEASE]
	at org.springframework.test.context.support.AbstractGenericContextLoader.loadContext(AbstractGenericContextLoader.java:1) [spring-test-3.0.6.RELEASE.jar:3.0.6.RELEASE]
	at org.springframework.test.context.TestContext.loadApplicationContext(TestContext.java:280) [spring-test-3.0.6.RELEASE.jar:3.0.6.RELEASE]
	at org.springframework.test.context.TestContext.getApplicationContext(TestContext.java:304) [spring-test-3.0.6.RELEASE.jar:3.0.6.RELEASE]
	at org.springframework.test.context.support.DependencyInjectionTestExecutionListener.injectDependencies(DependencyInjectionTestExecutionListener.java:109) [spring-test-3.0.6.RELEASE.jar:3.0.6.RELEASE]
	at org.springframework.test.context.support.DependencyInjectionTestExecutionListener.prepareTestInstance(DependencyInjectionTestExecutionListener.java:75) [spring-test-3.0.6.RELEASE.jar:3.0.6.RELEASE]
	at org.springframework.test.context.TestContextManager.prepareTestInstance(TestContextManager.java:321) [spring-test-3.0.6.RELEASE.jar:3.0.6.RELEASE]
	at org.spockframework.spring.SpringTestContextManager.prepareTestInstance(SpringTestContextManager.java:49) [spock-spring-0.7-groovy-2.0.jar:na]
	at org.spockframework.spring.SpringInterceptor.interceptSetupMethod(SpringInterceptor.java:42) [spock-spring-0.7-groovy-2.0.jar:na]
	at org.spockframework.runtime.extension.AbstractMethodInterceptor.intercept(AbstractMethodInterceptor.java:28) [spock-core-0.7-groovy-2.0.jar:na]
	at org.spockframework.runtime.extension.MethodInvocation.proceed(MethodInvocation.java:84) [spock-core-0.7-groovy-2.0.jar:na]
	at org.spockframework.runtime.BaseSpecRunner.invoke(BaseSpecRunner.java:319) [spock-core-0.7-groovy-2.0.jar:na]
	at org.spockframework.runtime.BaseSpecRunner.invokeSetup(BaseSpecRunner.java:279) [spock-core-0.7-groovy-2.0.jar:na]
	at org.spockframework.runtime.BaseSpecRunner.doRunIteration(BaseSpecRunner.java:255) [spock-core-0.7-groovy-2.0.jar:na]
	at sun.reflect.GeneratedMethodAccessor5.invoke(Unknown Source) ~[na:na]
	at sun.reflect.DelegatingMethodAccessorImpl.invoke(DelegatingMethodAccessorImpl.java:25) ~[na:1.6.0_38]
	at java.lang.reflect.Method.invoke(Method.java:597) ~[na:1.6.0_38]
	at org.spockframework.util.ReflectionUtil.invokeMethod(ReflectionUtil.java:138) [spock-core-0.7-groovy-2.0.jar:na]
	at org.spockframework.runtime.BaseSpecRunner.invokeRaw(BaseSpecRunner.java:330) [spock-core-0.7-groovy-2.0.jar:na]
	at org.spockframework.runtime.BaseSpecRunner.invoke(BaseSpecRunner.java:311) [spock-core-0.7-groovy-2.0.jar:na]
	at org.spockframework.runtime.BaseSpecRunner.runIteration(BaseSpecRunner.java:223) [spock-core-0.7-groovy-2.0.jar:na]
	at org.spockframework.runtime.BaseSpecRunner.initializeAndRunIteration(BaseSpecRunner.java:214) [spock-core-0.7-groovy-2.0.jar:na]
	at org.spockframework.runtime.BaseSpecRunner.runSimpleFeature(BaseSpecRunner.java:205) [spock-core-0.7-groovy-2.0.jar:na]
	at org.spockframework.runtime.BaseSpecRunner.doRunFeature(BaseSpecRunner.java:199) [spock-core-0.7-groovy-2.0.jar:na]
	at sun.reflect.GeneratedMethodAccessor7.invoke(Unknown Source) ~[na:na]
	at sun.reflect.DelegatingMethodAccessorImpl.invoke(DelegatingMethodAccessorImpl.java:25) ~[na:1.6.0_38]
	at java.lang.reflect.Method.invoke(Method.java:597) ~[na:1.6.0_38]
	at org.spockframework.util.ReflectionUtil.invokeMethod(ReflectionUtil.java:138) [spock-core-0.7-groovy-2.0.jar:na]
	at org.spockframework.runtime.BaseSpecRunner.invokeRaw(BaseSpecRunner.java:330) [spock-core-0.7-groovy-2.0.jar:na]
	at org.spockframework.runtime.BaseSpecRunner.invoke(BaseSpecRunner.java:311) [spock-core-0.7-groovy-2.0.jar:na]
	at org.spockframework.runtime.BaseSpecRunner.runFeature(BaseSpecRunner.java:175) [spock-core-0.7-groovy-2.0.jar:na]
	at org.spockframework.runtime.BaseSpecRunner.runFeatures(BaseSpecRunner.java:152) [spock-core-0.7-groovy-2.0.jar:na]
	at org.spockframework.runtime.BaseSpecRunner.doRunSpec(BaseSpecRunner.java:112) [spock-core-0.7-groovy-2.0.jar:na]
	at sun.reflect.GeneratedMethodAccessor11.invoke(Unknown Source) ~[na:na]
	at sun.reflect.DelegatingMethodAccessorImpl.invoke(DelegatingMethodAccessorImpl.java:25) ~[na:1.6.0_38]
	at java.lang.reflect.Method.invoke(Method.java:597) ~[na:1.6.0_38]
	at org.spockframework.util.ReflectionUtil.invokeMethod(ReflectionUtil.java:138) [spock-core-0.7-groovy-2.0.jar:na]
	at org.spockframework.runtime.BaseSpecRunner.invokeRaw(BaseSpecRunner.java:330) [spock-core-0.7-groovy-2.0.jar:na]
	at org.spockframework.runtime.BaseSpecRunner.invoke(BaseSpecRunner.java:311) [spock-core-0.7-groovy-2.0.jar:na]
	at org.spockframework.runtime.BaseSpecRunner.runSpec(BaseSpecRunner.java:91) [spock-core-0.7-groovy-2.0.jar:na]
	at org.spockframework.runtime.BaseSpecRunner.run(BaseSpecRunner.java:82) [spock-core-0.7-groovy-2.0.jar:na]
	at org.spockframework.runtime.Sputnik.run(Sputnik.java:63) [spock-core-0.7-groovy-2.0.jar:na]
	at org.apache.maven.surefire.junit4.JUnit4TestSet.execute(JUnit4TestSet.java:53) [surefire-junit4-2.10.jar:2.10]
	at org.apache.maven.surefire.junit4.JUnit4Provider.executeTestSet(JUnit4Provider.java:123) [surefire-junit4-2.10.jar:2.10]
	at org.apache.maven.surefire.junit4.JUnit4Provider.invoke(JUnit4Provider.java:104) [surefire-junit4-2.10.jar:2.10]
	at sun.reflect.NativeMethodAccessorImpl.invoke0(Native Method) ~[na:1.6.0_38]
	at sun.reflect.NativeMethodAccessorImpl.invoke(NativeMethodAccessorImpl.java:39) ~[na:1.6.0_38]
	at sun.reflect.DelegatingMethodAccessorImpl.invoke(DelegatingMethodAccessorImpl.java:25) ~[na:1.6.0_38]
	at java.lang.reflect.Method.invoke(Method.java:597) ~[na:1.6.0_38]
	at org.apache.maven.surefire.util.ReflectionUtils.invokeMethodWithArray(ReflectionUtils.java:164) [surefire-api-2.10.jar:2.10]
	at org.apache.maven.surefire.booter.ProviderFactory$ProviderProxy.invoke(ProviderFactory.java:110) [surefire-booter-2.10.jar:2.10]
	at org.apache.maven.surefire.booter.SurefireStarter.invokeProvider(SurefireStarter.java:175) [surefire-booter-2.10.jar:2.10]
	at org.apache.maven.surefire.booter.SurefireStarter.runSuitesInProcessWhenForked(SurefireStarter.java:107) [surefire-booter-2.10.jar:2.10]
	at org.apache.maven.surefire.booter.ForkedBooter.main(ForkedBooter.java:68) [surefire-booter-2.10.jar:2.10]
22:05:43.047 [main] WARN  o.s.c.a.CommonAnnotationBeanPostProcessor - Invocation of destroy method failed on bean with name &apos;coreTicketOndemandSyncJob&apos;: com.rackspace.search.exception.NotFoundException: Index is missing
22:05:43.051 [main] ERROR c.r.s.e.client.ElasticSearchClient - Index is missing
org.elasticsearch.indices.IndexMissingException: [admin] missing
	at org.elasticsearch.cluster.metadata.MetaData.concreteIndex(MetaData.java:616) ~[elasticsearch-0.90.2.jar:na]
	at org.elasticsearch.action.get.TransportGetAction.resolveRequest(TransportGetAction.java:90) ~[elasticsearch-0.90.2.jar:na]
	at org.elasticsearch.action.get.TransportGetAction.resolveRequest(TransportGetAction.java:42) ~[elasticsearch-0.90.2.jar:na]
	at org.elasticsearch.action.support.single.shard.TransportShardSingleOperationAction$AsyncSingleAction.&lt;init&gt;(TransportShardSingleOperationAction.java:114) ~[elasticsearch-0.90.2.jar:na]
	at org.elasticsearch.action.support.single.shard.TransportShardSingleOperationAction$AsyncSingleAction.&lt;init&gt;(TransportShardSingleOperationAction.java:94) ~[elasticsearch-0.90.2.jar:na]
	at org.elasticsearch.action.support.single.shard.TransportShardSingleOperationAction.doExecute(TransportShardSingleOperationAction.java:71) ~[elasticsearch-0.90.2.jar:na]
	at org.elasticsearch.action.support.single.shard.TransportShardSingleOperationAction.doExecute(TransportShardSingleOperationAction.java:46) ~[elasticsearch-0.90.2.jar:na]
	at org.elasticsearch.action.support.TransportAction.execute(TransportAction.java:61) ~[elasticsearch-0.90.2.jar:na]
	at org.elasticsearch.client.node.NodeClient.execute(NodeClient.java:92) ~[elasticsearch-0.90.2.jar:na]
	at org.elasticsearch.client.support.AbstractClient.get(AbstractClient.java:179) ~[elasticsearch-0.90.2.jar:na]
	at org.elasticsearch.action.get.GetRequestBuilder.doExecute(GetRequestBuilder.java:112) ~[elasticsearch-0.90.2.jar:na]
	at org.elasticsearch.action.ActionRequestBuilder.execute(ActionRequestBuilder.java:62) ~[elasticsearch-0.90.2.jar:na]
	at org.elasticsearch.action.ActionRequestBuilder.execute(ActionRequestBuilder.java:57) ~[elasticsearch-0.90.2.jar:na]
	at org.elasticsearch.action.ActionRequestBuilder$execute.call(Unknown Source) ~[na:na]
	at com.rackspace.search.elasticsearch.client.ElasticSearchClient.getDocument(ElasticSearchClient.groovy:209) ~[classes/:na]
	at com.rackspace.search.elasticsearch.client.ElasticSearchClient$getDocument.call(Unknown Source) [classes/:na]
	at com.rackspace.search.service.JobService.getJob(JobService.groovy:56) [classes/:na]
	at com.rackspace.search.service.JobService$getJob$0.callCurrent(Unknown Source) [classes/:na]
	at com.rackspace.search.service.JobService.getJob(JobService.groovy:52) [classes/:na]
	at com.rackspace.search.service.JobService$getJob.call(Unknown Source) [classes/:na]
	at com.rackspace.search.service.account.AccountOngoingSyncJob.windupActivities(AccountOngoingSyncJob.groovy:89) [classes/:na]
	at sun.reflect.NativeMethodAccessorImpl.invoke0(Native Method) ~[na:1.6.0_38]
	at sun.reflect.NativeMethodAccessorImpl.invoke(NativeMethodAccessorImpl.java:39) ~[na:1.6.0_38]
	at sun.reflect.DelegatingMethodAccessorImpl.invoke(DelegatingMethodAccessorImpl.java:25) ~[na:1.6.0_38]
	at java.lang.reflect.Method.invoke(Method.java:597) ~[na:1.6.0_38]
	at org.springframework.beans.factory.annotation.InitDestroyAnnotationBeanPostProcessor$LifecycleElement.invoke(InitDestroyAnnotationBeanPostProcessor.java:340) [spring-beans-3.0.6.RELEASE.jar:3.0.6.RELEASE]
	at org.springframework.beans.factory.annotation.InitDestroyAnnotationBeanPostProcessor$LifecycleMetadata.invokeDestroyMethods(InitDestroyAnnotationBeanPostProcessor.java:305) [spring-beans-3.0.6.RELEASE.jar:3.0.6.RELEASE]
	at org.springframework.beans.factory.annotation.InitDestroyAnnotationBeanPostProcessor.postProcessBeforeDestruction(InitDestroyAnnotationBeanPostProcessor.java:148) [spring-beans-3.0.6.RELEASE.jar:3.0.6.RELEASE]
	at org.springframework.beans.factory.support.DisposableBeanAdapter.destroy(DisposableBeanAdapter.java:166) [spring-beans-3.0.6.RELEASE.jar:3.0.6.RELEASE]
	at org.springframework.beans.factory.support.DefaultSingletonBeanRegistry.destroyBean(DefaultSingletonBeanRegistry.java:487) [spring-beans-3.0.6.RELEASE.jar:3.0.6.RELEASE]
	at org.springframework.beans.factory.support.DefaultSingletonBeanRegistry.destroySingleton(DefaultSingletonBeanRegistry.java:463) [spring-beans-3.0.6.RELEASE.jar:3.0.6.RELEASE]
	at org.springframework.beans.factory.support.DefaultSingletonBeanRegistry.destroySingletons(DefaultSingletonBeanRegistry.java:431) [spring-beans-3.0.6.RELEASE.jar:3.0.6.RELEASE]
	at org.springframework.context.support.AbstractApplicationContext.destroyBeans(AbstractApplicationContext.java:1048) [spring-context-3.0.6.RELEASE.jar:3.0.6.RELEASE]
	at org.springframework.context.support.AbstractApplicationContext.refresh(AbstractApplicationContext.java:433) [spring-context-3.0.6.RELEASE.jar:3.0.6.RELEASE]
	at org.springframework.test.context.support.AbstractGenericContextLoader.loadContext(AbstractGenericContextLoader.java:84) [spring-test-3.0.6.RELEASE.jar:3.0.6.RELEASE]
	at org.springframework.test.context.support.AbstractGenericContextLoader.loadContext(AbstractGenericContextLoader.java:1) [spring-test-3.0.6.RELEASE.jar:3.0.6.RELEASE]
	at org.springframework.test.context.TestContext.loadApplicationContext(TestContext.java:280) [spring-test-3.0.6.RELEASE.jar:3.0.6.RELEASE]
	at org.springframework.test.context.TestContext.getApplicationContext(TestContext.java:304) [spring-test-3.0.6.RELEASE.jar:3.0.6.RELEASE]
	at org.springframework.test.context.support.DependencyInjectionTestExecutionListener.injectDependencies(DependencyInjectionTestExecutionListener.java:109) [spring-test-3.0.6.RELEASE.jar:3.0.6.RELEASE]
	at org.springframework.test.context.support.DependencyInjectionTestExecutionListener.prepareTestInstance(DependencyInjectionTestExecutionListener.java:75) [spring-test-3.0.6.RELEASE.jar:3.0.6.RELEASE]
	at org.springframework.test.context.TestContextManager.prepareTestInstance(TestContextManager.java:321) [spring-test-3.0.6.RELEASE.jar:3.0.6.RELEASE]
	at org.spockframework.spring.SpringTestContextManager.prepareTestInstance(SpringTestContextManager.java:49) [spock-spring-0.7-groovy-2.0.jar:na]
	at org.spockframework.spring.SpringInterceptor.interceptSetupMethod(SpringInterceptor.java:42) [spock-spring-0.7-groovy-2.0.jar:na]
	at org.spockframework.runtime.extension.AbstractMethodInterceptor.intercept(AbstractMethodInterceptor.java:28) [spock-core-0.7-groovy-2.0.jar:na]
	at org.spockframework.runtime.extension.MethodInvocation.proceed(MethodInvocation.java:84) [spock-core-0.7-groovy-2.0.jar:na]
	at org.spockframework.runtime.BaseSpecRunner.invoke(BaseSpecRunner.java:319) [spock-core-0.7-groovy-2.0.jar:na]
	at org.spockframework.runtime.BaseSpecRunner.invokeSetup(BaseSpecRunner.java:279) [spock-core-0.7-groovy-2.0.jar:na]
	at org.spockframework.runtime.BaseSpecRunner.doRunIteration(BaseSpecRunner.java:255) [spock-core-0.7-groovy-2.0.jar:na]
	at sun.reflect.GeneratedMethodAccessor5.invoke(Unknown Source) ~[na:na]
	at sun.reflect.DelegatingMethodAccessorImpl.invoke(DelegatingMethodAccessorImpl.java:25) ~[na:1.6.0_38]
	at java.lang.reflect.Method.invoke(Method.java:597) ~[na:1.6.0_38]
	at org.spockframework.util.ReflectionUtil.invokeMethod(ReflectionUtil.java:138) [spock-core-0.7-groovy-2.0.jar:na]
	at org.spockframework.runtime.BaseSpecRunner.invokeRaw(BaseSpecRunner.java:330) [spock-core-0.7-groovy-2.0.jar:na]
	at org.spockframework.runtime.BaseSpecRunner.invoke(BaseSpecRunner.java:311) [spock-core-0.7-groovy-2.0.jar:na]
	at org.spockframework.runtime.BaseSpecRunner.runIteration(BaseSpecRunner.java:223) [spock-core-0.7-groovy-2.0.jar:na]
	at org.spockframework.runtime.BaseSpecRunner.initializeAndRunIteration(BaseSpecRunner.java:214) [spock-core-0.7-groovy-2.0.jar:na]
	at org.spockframework.runtime.BaseSpecRunner.runSimpleFeature(BaseSpecRunner.java:205) [spock-core-0.7-groovy-2.0.jar:na]
	at org.spockframework.runtime.BaseSpecRunner.doRunFeature(BaseSpecRunner.java:199) [spock-core-0.7-groovy-2.0.jar:na]
	at sun.reflect.GeneratedMethodAccessor7.invoke(Unknown Source) ~[na:na]
	at sun.reflect.DelegatingMethodAccessorImpl.invoke(DelegatingMethodAccessorImpl.java:25) ~[na:1.6.0_38]
	at java.lang.reflect.Method.invoke(Method.java:597) ~[na:1.6.0_38]
	at org.spockframework.util.ReflectionUtil.invokeMethod(ReflectionUtil.java:138) [spock-core-0.7-groovy-2.0.jar:na]
	at org.spockframework.runtime.BaseSpecRunner.invokeRaw(BaseSpecRunner.java:330) [spock-core-0.7-groovy-2.0.jar:na]
	at org.spockframework.runtime.BaseSpecRunner.invoke(BaseSpecRunner.java:311) [spock-core-0.7-groovy-2.0.jar:na]
	at org.spockframework.runtime.BaseSpecRunner.runFeature(BaseSpecRunner.java:175) [spock-core-0.7-groovy-2.0.jar:na]
	at org.spockframework.runtime.BaseSpecRunner.runFeatures(BaseSpecRunner.java:152) [spock-core-0.7-groovy-2.0.jar:na]
	at org.spockframework.runtime.BaseSpecRunner.doRunSpec(BaseSpecRunner.java:112) [spock-core-0.7-groovy-2.0.jar:na]
	at sun.reflect.GeneratedMethodAccessor11.invoke(Unknown Source) ~[na:na]
	at sun.reflect.DelegatingMethodAccessorImpl.invoke(DelegatingMethodAccessorImpl.java:25) ~[na:1.6.0_38]
	at java.lang.reflect.Method.invoke(Method.java:597) ~[na:1.6.0_38]
	at org.spockframework.util.ReflectionUtil.invokeMethod(ReflectionUtil.java:138) [spock-core-0.7-groovy-2.0.jar:na]
	at org.spockframework.runtime.BaseSpecRunner.invokeRaw(BaseSpecRunner.java:330) [spock-core-0.7-groovy-2.0.jar:na]
	at org.spockframework.runtime.BaseSpecRunner.invoke(BaseSpecRunner.java:311) [spock-core-0.7-groovy-2.0.jar:na]
	at org.spockframework.runtime.BaseSpecRunner.runSpec(BaseSpecRunner.java:91) [spock-core-0.7-groovy-2.0.jar:na]
	at org.spockframework.runtime.BaseSpecRunner.run(BaseSpecRunner.java:82) [spock-core-0.7-groovy-2.0.jar:na]
	at org.spockframework.runtime.Sputnik.run(Sputnik.java:63) [spock-core-0.7-groovy-2.0.jar:na]
	at org.apache.maven.surefire.junit4.JUnit4TestSet.execute(JUnit4TestSet.java:53) [surefire-junit4-2.10.jar:2.10]
	at org.apache.maven.surefire.junit4.JUnit4Provider.executeTestSet(JUnit4Provider.java:123) [surefire-junit4-2.10.jar:2.10]
	at org.apache.maven.surefire.junit4.JUnit4Provider.invoke(JUnit4Provider.java:104) [surefire-junit4-2.10.jar:2.10]
	at sun.reflect.NativeMethodAccessorImpl.invoke0(Native Method) ~[na:1.6.0_38]
	at sun.reflect.NativeMethodAccessorImpl.invoke(NativeMethodAccessorImpl.java:39) ~[na:1.6.0_38]
	at sun.reflect.DelegatingMethodAccessorImpl.invoke(DelegatingMethodAccessorImpl.java:25) ~[na:1.6.0_38]
	at java.lang.reflect.Method.invoke(Method.java:597) ~[na:1.6.0_38]
	at org.apache.maven.surefire.util.ReflectionUtils.invokeMethodWithArray(ReflectionUtils.java:164) [surefire-api-2.10.jar:2.10]
	at org.apache.maven.surefire.booter.ProviderFactory$ProviderProxy.invoke(ProviderFactory.java:110) [surefire-booter-2.10.jar:2.10]
	at org.apache.maven.surefire.booter.SurefireStarter.invokeProvider(SurefireStarter.java:175) [surefire-booter-2.10.jar:2.10]
	at org.apache.maven.surefire.booter.SurefireStarter.runSuitesInProcessWhenForked(SurefireStarter.java:107) [surefire-booter-2.10.jar:2.10]
	at org.apache.maven.surefire.booter.ForkedBooter.main(ForkedBooter.java:68) [surefire-booter-2.10.jar:2.10]
22:05:43.052 [main] WARN  o.s.c.a.CommonAnnotationBeanPostProcessor - Invocation of destroy method failed on bean with name &apos;accountOngoingSyncJob&apos;: com.rackspace.search.exception.NotFoundException: Index is missing
22:05:43.056 [main] ERROR c.r.s.e.client.ElasticSearchClient - Index is missing
org.elasticsearch.indices.IndexMissingException: [admin] missing
	at org.elasticsearch.cluster.metadata.MetaData.concreteIndex(MetaData.java:616) ~[elasticsearch-0.90.2.jar:na]
	at org.elasticsearch.action.get.TransportGetAction.resolveRequest(TransportGetAction.java:90) ~[elasticsearch-0.90.2.jar:na]
	at org.elasticsearch.action.get.TransportGetAction.resolveRequest(TransportGetAction.java:42) ~[elasticsearch-0.90.2.jar:na]
	at org.elasticsearch.action.support.single.shard.TransportShardSingleOperationAction$AsyncSingleAction.&lt;init&gt;(TransportShardSingleOperationAction.java:114) ~[elasticsearch-0.90.2.jar:na]
	at org.elasticsearch.action.support.single.shard.TransportShardSingleOperationAction$AsyncSingleAction.&lt;init&gt;(TransportShardSingleOperationAction.java:94) ~[elasticsearch-0.90.2.jar:na]
	at org.elasticsearch.action.support.single.shard.TransportShardSingleOperationAction.doExecute(TransportShardSingleOperationAction.java:71) ~[elasticsearch-0.90.2.jar:na]
	at org.elasticsearch.action.support.single.shard.TransportShardSingleOperationAction.doExecute(TransportShardSingleOperationAction.java:46) ~[elasticsearch-0.90.2.jar:na]
	at org.elasticsearch.action.support.TransportAction.execute(TransportAction.java:61) ~[elasticsearch-0.90.2.jar:na]
	at org.elasticsearch.client.node.NodeClient.execute(NodeClient.java:92) ~[elasticsearch-0.90.2.jar:na]
	at org.elasticsearch.client.support.AbstractClient.get(AbstractClient.java:179) ~[elasticsearch-0.90.2.jar:na]
	at org.elasticsearch.action.get.GetRequestBuilder.doExecute(GetRequestBuilder.java:112) ~[elasticsearch-0.90.2.jar:na]
	at org.elasticsearch.action.ActionRequestBuilder.execute(ActionRequestBuilder.java:62) ~[elasticsearch-0.90.2.jar:na]
	at org.elasticsearch.action.ActionRequestBuilder.execute(ActionRequestBuilder.java:57) ~[elasticsearch-0.90.2.jar:na]
	at org.elasticsearch.action.ActionRequestBuilder$execute.call(Unknown Source) ~[na:na]
	at com.rackspace.search.elasticsearch.client.ElasticSearchClient.getDocument(ElasticSearchClient.groovy:209) ~[classes/:na]
	at com.rackspace.search.elasticsearch.client.ElasticSearchClient$getDocument.call(Unknown Source) [classes/:na]
	at com.rackspace.search.service.JobService.getJob(JobService.groovy:56) [classes/:na]
	at com.rackspace.search.service.JobService$getJob$0.callCurrent(Unknown Source) [classes/:na]
	at com.rackspace.search.service.JobService.getJob(JobService.groovy:52) [classes/:na]
	at com.rackspace.search.service.JobService$getJob.call(Unknown Source) [classes/:na]
	at com.rackspace.search.service.account.AccountOnetimeSyncJob.windupActivities(AccountOneTimeSyncJob.groovy:39) [classes/:na]
	at sun.reflect.NativeMethodAccessorImpl.invoke0(Native Method) ~[na:1.6.0_38]
	at sun.reflect.NativeMethodAccessorImpl.invoke(NativeMethodAccessorImpl.java:39) ~[na:1.6.0_38]
	at sun.reflect.DelegatingMethodAccessorImpl.invoke(DelegatingMethodAccessorImpl.java:25) ~[na:1.6.0_38]
	at java.lang.reflect.Method.invoke(Method.java:597) ~[na:1.6.0_38]
	at org.springframework.beans.factory.annotation.InitDestroyAnnotationBeanPostProcessor$LifecycleElement.invoke(InitDestroyAnnotationBeanPostProcessor.java:340) [spring-beans-3.0.6.RELEASE.jar:3.0.6.RELEASE]
	at org.springframework.beans.factory.annotation.InitDestroyAnnotationBeanPostProcessor$LifecycleMetadata.invokeDestroyMethods(InitDestroyAnnotationBeanPostProcessor.java:305) [spring-beans-3.0.6.RELEASE.jar:3.0.6.RELEASE]
	at org.springframework.beans.factory.annotation.InitDestroyAnnotationBeanPostProcessor.postProcessBeforeDestruction(InitDestroyAnnotationBeanPostProcessor.java:148) [spring-beans-3.0.6.RELEASE.jar:3.0.6.RELEASE]
	at org.springframework.beans.factory.support.DisposableBeanAdapter.destroy(DisposableBeanAdapter.java:166) [spring-beans-3.0.6.RELEASE.jar:3.0.6.RELEASE]
	at org.springframework.beans.factory.support.DefaultSingletonBeanRegistry.destroyBean(DefaultSingletonBeanRegistry.java:487) [spring-beans-3.0.6.RELEASE.jar:3.0.6.RELEASE]
	at org.springframework.beans.factory.support.DefaultSingletonBeanRegistry.destroySingleton(DefaultSingletonBeanRegistry.java:463) [spring-beans-3.0.6.RELEASE.jar:3.0.6.RELEASE]
	at org.springframework.beans.factory.support.DefaultSingletonBeanRegistry.destroySingletons(DefaultSingletonBeanRegistry.java:431) [spring-beans-3.0.6.RELEASE.jar:3.0.6.RELEASE]
	at org.springframework.context.support.AbstractApplicationContext.destroyBeans(AbstractApplicationContext.java:1048) [spring-context-3.0.6.RELEASE.jar:3.0.6.RELEASE]
	at org.springframework.context.support.AbstractApplicationContext.refresh(AbstractApplicationContext.java:433) [spring-context-3.0.6.RELEASE.jar:3.0.6.RELEASE]
	at org.springframework.test.context.support.AbstractGenericContextLoader.loadContext(AbstractGenericContextLoader.java:84) [spring-test-3.0.6.RELEASE.jar:3.0.6.RELEASE]
	at org.springframework.test.context.support.AbstractGenericContextLoader.loadContext(AbstractGenericContextLoader.java:1) [spring-test-3.0.6.RELEASE.jar:3.0.6.RELEASE]
	at org.springframework.test.context.TestContext.loadApplicationContext(TestContext.java:280) [spring-test-3.0.6.RELEASE.jar:3.0.6.RELEASE]
	at org.springframework.test.context.TestContext.getApplicationContext(TestContext.java:304) [spring-test-3.0.6.RELEASE.jar:3.0.6.RELEASE]
	at org.springframework.test.context.support.DependencyInjectionTestExecutionListener.injectDependencies(DependencyInjectionTestExecutionListener.java:109) [spring-test-3.0.6.RELEASE.jar:3.0.6.RELEASE]
	at org.springframework.test.context.support.DependencyInjectionTestExecutionListener.prepareTestInstance(DependencyInjectionTestExecutionListener.java:75) [spring-test-3.0.6.RELEASE.jar:3.0.6.RELEASE]
	at org.springframework.test.context.TestContextManager.prepareTestInstance(TestContextManager.java:321) [spring-test-3.0.6.RELEASE.jar:3.0.6.RELEASE]
	at org.spockframework.spring.SpringTestContextManager.prepareTestInstance(SpringTestContextManager.java:49) [spock-spring-0.7-groovy-2.0.jar:na]
	at org.spockframework.spring.SpringInterceptor.interceptSetupMethod(SpringInterceptor.java:42) [spock-spring-0.7-groovy-2.0.jar:na]
	at org.spockframework.runtime.extension.AbstractMethodInterceptor.intercept(AbstractMethodInterceptor.java:28) [spock-core-0.7-groovy-2.0.jar:na]
	at org.spockframework.runtime.extension.MethodInvocation.proceed(MethodInvocation.java:84) [spock-core-0.7-groovy-2.0.jar:na]
	at org.spockframework.runtime.BaseSpecRunner.invoke(BaseSpecRunner.java:319) [spock-core-0.7-groovy-2.0.jar:na]
	at org.spockframework.runtime.BaseSpecRunner.invokeSetup(BaseSpecRunner.java:279) [spock-core-0.7-groovy-2.0.jar:na]
	at org.spockframework.runtime.BaseSpecRunner.doRunIteration(BaseSpecRunner.java:255) [spock-core-0.7-groovy-2.0.jar:na]
	at sun.reflect.GeneratedMethodAccessor5.invoke(Unknown Source) ~[na:na]
	at sun.reflect.DelegatingMethodAccessorImpl.invoke(DelegatingMethodAccessorImpl.java:25) ~[na:1.6.0_38]
	at java.lang.reflect.Method.invoke(Method.java:597) ~[na:1.6.0_38]
	at org.spockframework.util.ReflectionUtil.invokeMethod(ReflectionUtil.java:138) [spock-core-0.7-groovy-2.0.jar:na]
	at org.spockframework.runtime.BaseSpecRunner.invokeRaw(BaseSpecRunner.java:330) [spock-core-0.7-groovy-2.0.jar:na]
	at org.spockframework.runtime.BaseSpecRunner.invoke(BaseSpecRunner.java:311) [spock-core-0.7-groovy-2.0.jar:na]
	at org.spockframework.runtime.BaseSpecRunner.runIteration(BaseSpecRunner.java:223) [spock-core-0.7-groovy-2.0.jar:na]
	at org.spockframework.runtime.BaseSpecRunner.initializeAndRunIteration(BaseSpecRunner.java:214) [spock-core-0.7-groovy-2.0.jar:na]
	at org.spockframework.runtime.BaseSpecRunner.runSimpleFeature(BaseSpecRunner.java:205) [spock-core-0.7-groovy-2.0.jar:na]
	at org.spockframework.runtime.BaseSpecRunner.doRunFeature(BaseSpecRunner.java:199) [spock-core-0.7-groovy-2.0.jar:na]
	at sun.reflect.GeneratedMethodAccessor7.invoke(Unknown Source) ~[na:na]
	at sun.reflect.DelegatingMethodAccessorImpl.invoke(DelegatingMethodAccessorImpl.java:25) ~[na:1.6.0_38]
	at java.lang.reflect.Method.invoke(Method.java:597) ~[na:1.6.0_38]
	at org.spockframework.util.ReflectionUtil.invokeMethod(ReflectionUtil.java:138) [spock-core-0.7-groovy-2.0.jar:na]
	at org.spockframework.runtime.BaseSpecRunner.invokeRaw(BaseSpecRunner.java:330) [spock-core-0.7-groovy-2.0.jar:na]
	at org.spockframework.runtime.BaseSpecRunner.invoke(BaseSpecRunner.java:311) [spock-core-0.7-groovy-2.0.jar:na]
	at org.spockframework.runtime.BaseSpecRunner.runFeature(BaseSpecRunner.java:175) [spock-core-0.7-groovy-2.0.jar:na]
	at org.spockframework.runtime.BaseSpecRunner.runFeatures(BaseSpecRunner.java:152) [spock-core-0.7-groovy-2.0.jar:na]
	at org.spockframework.runtime.BaseSpecRunner.doRunSpec(BaseSpecRunner.java:112) [spock-core-0.7-groovy-2.0.jar:na]
	at sun.reflect.GeneratedMethodAccessor11.invoke(Unknown Source) ~[na:na]
	at sun.reflect.DelegatingMethodAccessorImpl.invoke(DelegatingMethodAccessorImpl.java:25) ~[na:1.6.0_38]
	at java.lang.reflect.Method.invoke(Method.java:597) ~[na:1.6.0_38]
	at org.spockframework.util.ReflectionUtil.invokeMethod(ReflectionUtil.java:138) [spock-core-0.7-groovy-2.0.jar:na]
	at org.spockframework.runtime.BaseSpecRunner.invokeRaw(BaseSpecRunner.java:330) [spock-core-0.7-groovy-2.0.jar:na]
	at org.spockframework.runtime.BaseSpecRunner.invoke(BaseSpecRunner.java:311) [spock-core-0.7-groovy-2.0.jar:na]
	at org.spockframework.runtime.BaseSpecRunner.runSpec(BaseSpecRunner.java:91) [spock-core-0.7-groovy-2.0.jar:na]
	at org.spockframework.runtime.BaseSpecRunner.run(BaseSpecRunner.java:82) [spock-core-0.7-groovy-2.0.jar:na]
	at org.spockframework.runtime.Sputnik.run(Sputnik.java:63) [spock-core-0.7-groovy-2.0.jar:na]
	at org.apache.maven.surefire.junit4.JUnit4TestSet.execute(JUnit4TestSet.java:53) [surefire-junit4-2.10.jar:2.10]
	at org.apache.maven.surefire.junit4.JUnit4Provider.executeTestSet(JUnit4Provider.java:123) [surefire-junit4-2.10.jar:2.10]
	at org.apache.maven.surefire.junit4.JUnit4Provider.invoke(JUnit4Provider.java:104) [surefire-junit4-2.10.jar:2.10]
	at sun.reflect.NativeMethodAccessorImpl.invoke0(Native Method) ~[na:1.6.0_38]
	at sun.reflect.NativeMethodAccessorImpl.invoke(NativeMethodAccessorImpl.java:39) ~[na:1.6.0_38]
	at sun.reflect.DelegatingMethodAccessorImpl.invoke(DelegatingMethodAccessorImpl.java:25) ~[na:1.6.0_38]
	at java.lang.reflect.Method.invoke(Method.java:597) ~[na:1.6.0_38]
	at org.apache.maven.surefire.util.ReflectionUtils.invokeMethodWithArray(ReflectionUtils.java:164) [surefire-api-2.10.jar:2.10]
	at org.apache.maven.surefire.booter.ProviderFactory$ProviderProxy.invoke(ProviderFactory.java:110) [surefire-booter-2.10.jar:2.10]
	at org.apache.maven.surefire.booter.SurefireStarter.invokeProvider(SurefireStarter.java:175) [surefire-booter-2.10.jar:2.10]
	at org.apache.maven.surefire.booter.SurefireStarter.runSuitesInProcessWhenForked(SurefireStarter.java:107) [surefire-booter-2.10.jar:2.10]
	at org.apache.maven.surefire.booter.ForkedBooter.main(ForkedBooter.java:68) [surefire-booter-2.10.jar:2.10]
22:05:43.057 [main] WARN  o.s.c.a.CommonAnnotationBeanPostProcessor - Invocation of destroy method failed on bean with name &apos;accountOnetimeSyncJob&apos;: com.rackspace.search.exception.NotFoundException: Index is missing
22:05:43.061 [main] ERROR c.r.s.e.client.ElasticSearchClient - Index is missing
org.elasticsearch.indices.IndexMissingException: [admin] missing
	at org.elasticsearch.cluster.metadata.MetaData.concreteIndex(MetaData.java:616) ~[elasticsearch-0.90.2.jar:na]
	at org.elasticsearch.action.get.TransportGetAction.resolveRequest(TransportGetAction.java:90) ~[elasticsearch-0.90.2.jar:na]
	at org.elasticsearch.action.get.TransportGetAction.resolveRequest(TransportGetAction.java:42) ~[elasticsearch-0.90.2.jar:na]
	at org.elasticsearch.action.support.single.shard.TransportShardSingleOperationAction$AsyncSingleAction.&lt;init&gt;(TransportShardSingleOperationAction.java:114) ~[elasticsearch-0.90.2.jar:na]
	at org.elasticsearch.action.support.single.shard.TransportShardSingleOperationAction$AsyncSingleAction.&lt;init&gt;(TransportShardSingleOperationAction.java:94) ~[elasticsearch-0.90.2.jar:na]
	at org.elasticsearch.action.support.single.shard.TransportShardSingleOperationAction.doExecute(TransportShardSingleOperationAction.java:71) ~[elasticsearch-0.90.2.jar:na]
	at org.elasticsearch.action.support.single.shard.TransportShardSingleOperationAction.doExecute(TransportShardSingleOperationAction.java:46) ~[elasticsearch-0.90.2.jar:na]
	at org.elasticsearch.action.support.TransportAction.execute(TransportAction.java:61) ~[elasticsearch-0.90.2.jar:na]
	at org.elasticsearch.client.node.NodeClient.execute(NodeClient.java:92) ~[elasticsearch-0.90.2.jar:na]
	at org.elasticsearch.client.support.AbstractClient.get(AbstractClient.java:179) ~[elasticsearch-0.90.2.jar:na]
	at org.elasticsearch.action.get.GetRequestBuilder.doExecute(GetRequestBuilder.java:112) ~[elasticsearch-0.90.2.jar:na]
	at org.elasticsearch.action.ActionRequestBuilder.execute(ActionRequestBuilder.java:62) ~[elasticsearch-0.90.2.jar:na]
	at org.elasticsearch.action.ActionRequestBuilder.execute(ActionRequestBuilder.java:57) ~[elasticsearch-0.90.2.jar:na]
	at org.elasticsearch.action.ActionRequestBuilder$execute.call(Unknown Source) ~[na:na]
	at com.rackspace.search.elasticsearch.client.ElasticSearchClient.getDocument(ElasticSearchClient.groovy:209) ~[classes/:na]
	at com.rackspace.search.elasticsearch.client.ElasticSearchClient$getDocument.call(Unknown Source) [classes/:na]
	at com.rackspace.search.service.JobService.getJob(JobService.groovy:56) [classes/:na]
	at com.rackspace.search.service.JobService$getJob$0.callCurrent(Unknown Source) [classes/:na]
	at com.rackspace.search.service.JobService.getJob(JobService.groovy:52) [classes/:na]
	at com.rackspace.search.service.JobService$getJob.call(Unknown Source) [classes/:na]
	at com.rackspace.search.service.core.CoreTicketOngoingSyncJob.windupActivities(CoreTicketOnGoingSyncJob.groovy:82) [classes/:na]
	at sun.reflect.NativeMethodAccessorImpl.invoke0(Native Method) ~[na:1.6.0_38]
	at sun.reflect.NativeMethodAccessorImpl.invoke(NativeMethodAccessorImpl.java:39) ~[na:1.6.0_38]
	at sun.reflect.DelegatingMethodAccessorImpl.invoke(DelegatingMethodAccessorImpl.java:25) ~[na:1.6.0_38]
	at java.lang.reflect.Method.invoke(Method.java:597) ~[na:1.6.0_38]
	at org.springframework.beans.factory.annotation.InitDestroyAnnotationBeanPostProcessor$LifecycleElement.invoke(InitDestroyAnnotationBeanPostProcessor.java:340) [spring-beans-3.0.6.RELEASE.jar:3.0.6.RELEASE]
	at org.springframework.beans.factory.annotation.InitDestroyAnnotationBeanPostProcessor$LifecycleMetadata.invokeDestroyMethods(InitDestroyAnnotationBeanPostProcessor.java:305) [spring-beans-3.0.6.RELEASE.jar:3.0.6.RELEASE]
	at org.springframework.beans.factory.annotation.InitDestroyAnnotationBeanPostProcessor.postProcessBeforeDestruction(InitDestroyAnnotationBeanPostProcessor.java:148) [spring-beans-3.0.6.RELEASE.jar:3.0.6.RELEASE]
	at org.springframework.beans.factory.support.DisposableBeanAdapter.destroy(DisposableBeanAdapter.java:166) [spring-beans-3.0.6.RELEASE.jar:3.0.6.RELEASE]
	at org.springframework.beans.factory.support.DefaultSingletonBeanRegistry.destroyBean(DefaultSingletonBeanRegistry.java:487) [spring-beans-3.0.6.RELEASE.jar:3.0.6.RELEASE]
	at org.springframework.beans.factory.support.DefaultSingletonBeanRegistry.destroySingleton(DefaultSingletonBeanRegistry.java:463) [spring-beans-3.0.6.RELEASE.jar:3.0.6.RELEASE]
	at org.springframework.beans.factory.support.DefaultSingletonBeanRegistry.destroySingletons(DefaultSingletonBeanRegistry.java:431) [spring-beans-3.0.6.RELEASE.jar:3.0.6.RELEASE]
	at org.springframework.context.support.AbstractApplicationContext.destroyBeans(AbstractApplicationContext.java:1048) [spring-context-3.0.6.RELEASE.jar:3.0.6.RELEASE]
	at org.springframework.context.support.AbstractApplicationContext.refresh(AbstractApplicationContext.java:433) [spring-context-3.0.6.RELEASE.jar:3.0.6.RELEASE]
	at org.springframework.test.context.support.AbstractGenericContextLoader.loadContext(AbstractGenericContextLoader.java:84) [spring-test-3.0.6.RELEASE.jar:3.0.6.RELEASE]
	at org.springframework.test.context.support.AbstractGenericContextLoader.loadContext(AbstractGenericContextLoader.java:1) [spring-test-3.0.6.RELEASE.jar:3.0.6.RELEASE]
	at org.springframework.test.context.TestContext.loadApplicationContext(TestContext.java:280) [spring-test-3.0.6.RELEASE.jar:3.0.6.RELEASE]
	at org.springframework.test.context.TestContext.getApplicationContext(TestContext.java:304) [spring-test-3.0.6.RELEASE.jar:3.0.6.RELEASE]
	at org.springframework.test.context.support.DependencyInjectionTestExecutionListener.injectDependencies(DependencyInjectionTestExecutionListener.java:109) [spring-test-3.0.6.RELEASE.jar:3.0.6.RELEASE]
	at org.springframework.test.context.support.DependencyInjectionTestExecutionListener.prepareTestInstance(DependencyInjectionTestExecutionListener.java:75) [spring-test-3.0.6.RELEASE.jar:3.0.6.RELEASE]
	at org.springframework.test.context.TestContextManager.prepareTestInstance(TestContextManager.java:321) [spring-test-3.0.6.RELEASE.jar:3.0.6.RELEASE]
	at org.spockframework.spring.SpringTestContextManager.prepareTestInstance(SpringTestContextManager.java:49) [spock-spring-0.7-groovy-2.0.jar:na]
	at org.spockframework.spring.SpringInterceptor.interceptSetupMethod(SpringInterceptor.java:42) [spock-spring-0.7-groovy-2.0.jar:na]
	at org.spockframework.runtime.extension.AbstractMethodInterceptor.intercept(AbstractMethodInterceptor.java:28) [spock-core-0.7-groovy-2.0.jar:na]
	at org.spockframework.runtime.extension.MethodInvocation.proceed(MethodInvocation.java:84) [spock-core-0.7-groovy-2.0.jar:na]
	at org.spockframework.runtime.BaseSpecRunner.invoke(BaseSpecRunner.java:319) [spock-core-0.7-groovy-2.0.jar:na]
	at org.spockframework.runtime.BaseSpecRunner.invokeSetup(BaseSpecRunner.java:279) [spock-core-0.7-groovy-2.0.jar:na]
	at org.spockframework.runtime.BaseSpecRunner.doRunIteration(BaseSpecRunner.java:255) [spock-core-0.7-groovy-2.0.jar:na]
	at sun.reflect.GeneratedMethodAccessor5.invoke(Unknown Source) ~[na:na]
	at sun.reflect.DelegatingMethodAccessorImpl.invoke(DelegatingMethodAccessorImpl.java:25) ~[na:1.6.0_38]
	at java.lang.reflect.Method.invoke(Method.java:597) ~[na:1.6.0_38]
	at org.spockframework.util.ReflectionUtil.invokeMethod(ReflectionUtil.java:138) [spock-core-0.7-groovy-2.0.jar:na]
	at org.spockframework.runtime.BaseSpecRunner.invokeRaw(BaseSpecRunner.java:330) [spock-core-0.7-groovy-2.0.jar:na]
	at org.spockframework.runtime.BaseSpecRunner.invoke(BaseSpecRunner.java:311) [spock-core-0.7-groovy-2.0.jar:na]
	at org.spockframework.runtime.BaseSpecRunner.runIteration(BaseSpecRunner.java:223) [spock-core-0.7-groovy-2.0.jar:na]
	at org.spockframework.runtime.BaseSpecRunner.initializeAndRunIteration(BaseSpecRunner.java:214) [spock-core-0.7-groovy-2.0.jar:na]
	at org.spockframework.runtime.BaseSpecRunner.runSimpleFeature(BaseSpecRunner.java:205) [spock-core-0.7-groovy-2.0.jar:na]
	at org.spockframework.runtime.BaseSpecRunner.doRunFeature(BaseSpecRunner.java:199) [spock-core-0.7-groovy-2.0.jar:na]
	at sun.reflect.GeneratedMethodAccessor7.invoke(Unknown Source) ~[na:na]
	at sun.reflect.DelegatingMethodAccessorImpl.invoke(DelegatingMethodAccessorImpl.java:25) ~[na:1.6.0_38]
	at java.lang.reflect.Method.invoke(Method.java:597) ~[na:1.6.0_38]
	at org.spockframework.util.ReflectionUtil.invokeMethod(ReflectionUtil.java:138) [spock-core-0.7-groovy-2.0.jar:na]
	at org.spockframework.runtime.BaseSpecRunner.invokeRaw(BaseSpecRunner.java:330) [spock-core-0.7-groovy-2.0.jar:na]
	at org.spockframework.runtime.BaseSpecRunner.invoke(BaseSpecRunner.java:311) [spock-core-0.7-groovy-2.0.jar:na]
	at org.spockframework.runtime.BaseSpecRunner.runFeature(BaseSpecRunner.java:175) [spock-core-0.7-groovy-2.0.jar:na]
	at org.spockframework.runtime.BaseSpecRunner.runFeatures(BaseSpecRunner.java:152) [spock-core-0.7-groovy-2.0.jar:na]
	at org.spockframework.runtime.BaseSpecRunner.doRunSpec(BaseSpecRunner.java:112) [spock-core-0.7-groovy-2.0.jar:na]
	at sun.reflect.GeneratedMethodAccessor11.invoke(Unknown Source) ~[na:na]
	at sun.reflect.DelegatingMethodAccessorImpl.invoke(DelegatingMethodAccessorImpl.java:25) ~[na:1.6.0_38]
	at java.lang.reflect.Method.invoke(Method.java:597) ~[na:1.6.0_38]
	at org.spockframework.util.ReflectionUtil.invokeMethod(ReflectionUtil.java:138) [spock-core-0.7-groovy-2.0.jar:na]
	at org.spockframework.runtime.BaseSpecRunner.invokeRaw(BaseSpecRunner.java:330) [spock-core-0.7-groovy-2.0.jar:na]
	at org.spockframework.runtime.BaseSpecRunner.invoke(BaseSpecRunner.java:311) [spock-core-0.7-groovy-2.0.jar:na]
	at org.spockframework.runtime.BaseSpecRunner.runSpec(BaseSpecRunner.java:91) [spock-core-0.7-groovy-2.0.jar:na]
	at org.spockframework.runtime.BaseSpecRunner.run(BaseSpecRunner.java:82) [spock-core-0.7-groovy-2.0.jar:na]
	at org.spockframework.runtime.Sputnik.run(Sputnik.java:63) [spock-core-0.7-groovy-2.0.jar:na]
	at org.apache.maven.surefire.junit4.JUnit4TestSet.execute(JUnit4TestSet.java:53) [surefire-junit4-2.10.jar:2.10]
	at org.apache.maven.surefire.junit4.JUnit4Provider.executeTestSet(JUnit4Provider.java:123) [surefire-junit4-2.10.jar:2.10]
	at org.apache.maven.surefire.junit4.JUnit4Provider.invoke(JUnit4Provider.java:104) [surefire-junit4-2.10.jar:2.10]
	at sun.reflect.NativeMethodAccessorImpl.invoke0(Native Method) ~[na:1.6.0_38]
	at sun.reflect.NativeMethodAccessorImpl.invoke(NativeMethodAccessorImpl.java:39) ~[na:1.6.0_38]
	at sun.reflect.DelegatingMethodAccessorImpl.invoke(DelegatingMethodAccessorImpl.java:25) ~[na:1.6.0_38]
	at java.lang.reflect.Method.invoke(Method.java:597) ~[na:1.6.0_38]
	at org.apache.maven.surefire.util.ReflectionUtils.invokeMethodWithArray(ReflectionUtils.java:164) [surefire-api-2.10.jar:2.10]
	at org.apache.maven.surefire.booter.ProviderFactory$ProviderProxy.invoke(ProviderFactory.java:110) [surefire-booter-2.10.jar:2.10]
	at org.apache.maven.surefire.booter.SurefireStarter.invokeProvider(SurefireStarter.java:175) [surefire-booter-2.10.jar:2.10]
	at org.apache.maven.surefire.booter.SurefireStarter.runSuitesInProcessWhenForked(SurefireStarter.java:107) [surefire-booter-2.10.jar:2.10]
	at org.apache.maven.surefire.booter.ForkedBooter.main(ForkedBooter.java:68) [surefire-booter-2.10.jar:2.10]
22:05:43.062 [main] WARN  o.s.c.a.CommonAnnotationBeanPostProcessor - Invocation of destroy method failed on bean with name &apos;coreTicketOngoingSyncJob&apos;: com.rackspace.search.exception.NotFoundException: Index is missing
22:05:43.066 [main] ERROR c.r.s.e.client.ElasticSearchClient - Index is missing
org.elasticsearch.indices.IndexMissingException: [admin] missing
	at org.elasticsearch.cluster.metadata.MetaData.concreteIndex(MetaData.java:616) ~[elasticsearch-0.90.2.jar:na]
	at org.elasticsearch.action.get.TransportGetAction.resolveRequest(TransportGetAction.java:90) ~[elasticsearch-0.90.2.jar:na]
	at org.elasticsearch.action.get.TransportGetAction.resolveRequest(TransportGetAction.java:42) ~[elasticsearch-0.90.2.jar:na]
	at org.elasticsearch.action.support.single.shard.TransportShardSingleOperationAction$AsyncSingleAction.&lt;init&gt;(TransportShardSingleOperationAction.java:114) ~[elasticsearch-0.90.2.jar:na]
	at org.elasticsearch.action.support.single.shard.TransportShardSingleOperationAction$AsyncSingleAction.&lt;init&gt;(TransportShardSingleOperationAction.java:94) ~[elasticsearch-0.90.2.jar:na]
	at org.elasticsearch.action.support.single.shard.TransportShardSingleOperationAction.doExecute(TransportShardSingleOperationAction.java:71) ~[elasticsearch-0.90.2.jar:na]
	at org.elasticsearch.action.support.single.shard.TransportShardSingleOperationAction.doExecute(TransportShardSingleOperationAction.java:46) ~[elasticsearch-0.90.2.jar:na]
	at org.elasticsearch.action.support.TransportAction.execute(TransportAction.java:61) ~[elasticsearch-0.90.2.jar:na]
	at org.elasticsearch.client.node.NodeClient.execute(NodeClient.java:92) ~[elasticsearch-0.90.2.jar:na]
	at org.elasticsearch.client.support.AbstractClient.get(AbstractClient.java:179) ~[elasticsearch-0.90.2.jar:na]
	at org.elasticsearch.action.get.GetRequestBuilder.doExecute(GetRequestBuilder.java:112) ~[elasticsearch-0.90.2.jar:na]
	at org.elasticsearch.action.ActionRequestBuilder.execute(ActionRequestBuilder.java:62) ~[elasticsearch-0.90.2.jar:na]
	at org.elasticsearch.action.ActionRequestBuilder.execute(ActionRequestBuilder.java:57) ~[elasticsearch-0.90.2.jar:na]
	at org.elasticsearch.action.ActionRequestBuilder$execute.call(Unknown Source) ~[na:na]
	at com.rackspace.search.elasticsearch.client.ElasticSearchClient.getDocument(ElasticSearchClient.groovy:209) ~[classes/:na]
	at com.rackspace.search.elasticsearch.client.ElasticSearchClient$getDocument.call(Unknown Source) [classes/:na]
	at com.rackspace.search.service.JobService.getJob(JobService.groovy:56) [classes/:na]
	at com.rackspace.search.service.JobService$getJob$0.callCurrent(Unknown Source) [classes/:na]
	at com.rackspace.search.service.JobService.getJob(JobService.groovy:52) [classes/:na]
	at com.rackspace.search.service.JobService$getJob.call(Unknown Source) [classes/:na]
	at com.rackspace.search.service.core.CoreTicketOnetimeSyncJob.windupActivities(CoreTicketOneTimeSyncJob.groovy:45) [classes/:na]
	at sun.reflect.NativeMethodAccessorImpl.invoke0(Native Method) ~[na:1.6.0_38]
	at sun.reflect.NativeMethodAccessorImpl.invoke(NativeMethodAccessorImpl.java:39) ~[na:1.6.0_38]
	at sun.reflect.DelegatingMethodAccessorImpl.invoke(DelegatingMethodAccessorImpl.java:25) ~[na:1.6.0_38]
	at java.lang.reflect.Method.invoke(Method.java:597) ~[na:1.6.0_38]
	at org.springframework.beans.factory.annotation.InitDestroyAnnotationBeanPostProcessor$LifecycleElement.invoke(InitDestroyAnnotationBeanPostProcessor.java:340) [spring-beans-3.0.6.RELEASE.jar:3.0.6.RELEASE]
	at org.springframework.beans.factory.annotation.InitDestroyAnnotationBeanPostProcessor$LifecycleMetadata.invokeDestroyMethods(InitDestroyAnnotationBeanPostProcessor.java:305) [spring-beans-3.0.6.RELEASE.jar:3.0.6.RELEASE]
	at org.springframework.beans.factory.annotation.InitDestroyAnnotationBeanPostProcessor.postProcessBeforeDestruction(InitDestroyAnnotationBeanPostProcessor.java:148) [spring-beans-3.0.6.RELEASE.jar:3.0.6.RELEASE]
	at org.springframework.beans.factory.support.DisposableBeanAdapter.destroy(DisposableBeanAdapter.java:166) [spring-beans-3.0.6.RELEASE.jar:3.0.6.RELEASE]
	at org.springframework.beans.factory.support.DefaultSingletonBeanRegistry.destroyBean(DefaultSingletonBeanRegistry.java:487) [spring-beans-3.0.6.RELEASE.jar:3.0.6.RELEASE]
	at org.springframework.beans.factory.support.DefaultSingletonBeanRegistry.destroySingleton(DefaultSingletonBeanRegistry.java:463) [spring-beans-3.0.6.RELEASE.jar:3.0.6.RELEASE]
	at org.springframework.beans.factory.support.DefaultSingletonBeanRegistry.destroySingletons(DefaultSingletonBeanRegistry.java:431) [spring-beans-3.0.6.RELEASE.jar:3.0.6.RELEASE]
	at org.springframework.context.support.AbstractApplicationContext.destroyBeans(AbstractApplicationContext.java:1048) [spring-context-3.0.6.RELEASE.jar:3.0.6.RELEASE]
	at org.springframework.context.support.AbstractApplicationContext.refresh(AbstractApplicationContext.java:433) [spring-context-3.0.6.RELEASE.jar:3.0.6.RELEASE]
	at org.springframework.test.context.support.AbstractGenericContextLoader.loadContext(AbstractGenericContextLoader.java:84) [spring-test-3.0.6.RELEASE.jar:3.0.6.RELEASE]
	at org.springframework.test.context.support.AbstractGenericContextLoader.loadContext(AbstractGenericContextLoader.java:1) [spring-test-3.0.6.RELEASE.jar:3.0.6.RELEASE]
	at org.springframework.test.context.TestContext.loadApplicationContext(TestContext.java:280) [spring-test-3.0.6.RELEASE.jar:3.0.6.RELEASE]
	at org.springframework.test.context.TestContext.getApplicationContext(TestContext.java:304) [spring-test-3.0.6.RELEASE.jar:3.0.6.RELEASE]
	at org.springframework.test.context.support.DependencyInjectionTestExecutionListener.injectDependencies(DependencyInjectionTestExecutionListener.java:109) [spring-test-3.0.6.RELEASE.jar:3.0.6.RELEASE]
	at org.springframework.test.context.support.DependencyInjectionTestExecutionListener.prepareTestInstance(DependencyInjectionTestExecutionListener.java:75) [spring-test-3.0.6.RELEASE.jar:3.0.6.RELEASE]
	at org.springframework.test.context.TestContextManager.prepareTestInstance(TestContextManager.java:321) [spring-test-3.0.6.RELEASE.jar:3.0.6.RELEASE]
	at org.spockframework.spring.SpringTestContextManager.prepareTestInstance(SpringTestContextManager.java:49) [spock-spring-0.7-groovy-2.0.jar:na]
	at org.spockframework.spring.SpringInterceptor.interceptSetupMethod(SpringInterceptor.java:42) [spock-spring-0.7-groovy-2.0.jar:na]
	at org.spockframework.runtime.extension.AbstractMethodInterceptor.intercept(AbstractMethodInterceptor.java:28) [spock-core-0.7-groovy-2.0.jar:na]
	at org.spockframework.runtime.extension.MethodInvocation.proceed(MethodInvocation.java:84) [spock-core-0.7-groovy-2.0.jar:na]
	at org.spockframework.runtime.BaseSpecRunner.invoke(BaseSpecRunner.java:319) [spock-core-0.7-groovy-2.0.jar:na]
	at org.spockframework.runtime.BaseSpecRunner.invokeSetup(BaseSpecRunner.java:279) [spock-core-0.7-groovy-2.0.jar:na]
	at org.spockframework.runtime.BaseSpecRunner.doRunIteration(BaseSpecRunner.java:255) [spock-core-0.7-groovy-2.0.jar:na]
	at sun.reflect.GeneratedMethodAccessor5.invoke(Unknown Source) ~[na:na]
	at sun.reflect.DelegatingMethodAccessorImpl.invoke(DelegatingMethodAccessorImpl.java:25) ~[na:1.6.0_38]
	at java.lang.reflect.Method.invoke(Method.java:597) ~[na:1.6.0_38]
	at org.spockframework.util.ReflectionUtil.invokeMethod(ReflectionUtil.java:138) [spock-core-0.7-groovy-2.0.jar:na]
	at org.spockframework.runtime.BaseSpecRunner.invokeRaw(BaseSpecRunner.java:330) [spock-core-0.7-groovy-2.0.jar:na]
	at org.spockframework.runtime.BaseSpecRunner.invoke(BaseSpecRunner.java:311) [spock-core-0.7-groovy-2.0.jar:na]
	at org.spockframework.runtime.BaseSpecRunner.runIteration(BaseSpecRunner.java:223) [spock-core-0.7-groovy-2.0.jar:na]
	at org.spockframework.runtime.BaseSpecRunner.initializeAndRunIteration(BaseSpecRunner.java:214) [spock-core-0.7-groovy-2.0.jar:na]
	at org.spockframework.runtime.BaseSpecRunner.runSimpleFeature(BaseSpecRunner.java:205) [spock-core-0.7-groovy-2.0.jar:na]
	at org.spockframework.runtime.BaseSpecRunner.doRunFeature(BaseSpecRunner.java:199) [spock-core-0.7-groovy-2.0.jar:na]
	at sun.reflect.GeneratedMethodAccessor7.invoke(Unknown Source) ~[na:na]
	at sun.reflect.DelegatingMethodAccessorImpl.invoke(DelegatingMethodAccessorImpl.java:25) ~[na:1.6.0_38]
	at java.lang.reflect.Method.invoke(Method.java:597) ~[na:1.6.0_38]
	at org.spockframework.util.ReflectionUtil.invokeMethod(ReflectionUtil.java:138) [spock-core-0.7-groovy-2.0.jar:na]
	at org.spockframework.runtime.BaseSpecRunner.invokeRaw(BaseSpecRunner.java:330) [spock-core-0.7-groovy-2.0.jar:na]
	at org.spockframework.runtime.BaseSpecRunner.invoke(BaseSpecRunner.java:311) [spock-core-0.7-groovy-2.0.jar:na]
	at org.spockframework.runtime.BaseSpecRunner.runFeature(BaseSpecRunner.java:175) [spock-core-0.7-groovy-2.0.jar:na]
	at org.spockframework.runtime.BaseSpecRunner.runFeatures(BaseSpecRunner.java:152) [spock-core-0.7-groovy-2.0.jar:na]
	at org.spockframework.runtime.BaseSpecRunner.doRunSpec(BaseSpecRunner.java:112) [spock-core-0.7-groovy-2.0.jar:na]
	at sun.reflect.GeneratedMethodAccessor11.invoke(Unknown Source) ~[na:na]
	at sun.reflect.DelegatingMethodAccessorImpl.invoke(DelegatingMethodAccessorImpl.java:25) ~[na:1.6.0_38]
	at java.lang.reflect.Method.invoke(Method.java:597) ~[na:1.6.0_38]
	at org.spockframework.util.ReflectionUtil.invokeMethod(ReflectionUtil.java:138) [spock-core-0.7-groovy-2.0.jar:na]
	at org.spockframework.runtime.BaseSpecRunner.invokeRaw(BaseSpecRunner.java:330) [spock-core-0.7-groovy-2.0.jar:na]
	at org.spockframework.runtime.BaseSpecRunner.invoke(BaseSpecRunner.java:311) [spock-core-0.7-groovy-2.0.jar:na]
	at org.spockframework.runtime.BaseSpecRunner.runSpec(BaseSpecRunner.java:91) [spock-core-0.7-groovy-2.0.jar:na]
	at org.spockframework.runtime.BaseSpecRunner.run(BaseSpecRunner.java:82) [spock-core-0.7-groovy-2.0.jar:na]
	at org.spockframework.runtime.Sputnik.run(Sputnik.java:63) [spock-core-0.7-groovy-2.0.jar:na]
	at org.apache.maven.surefire.junit4.JUnit4TestSet.execute(JUnit4TestSet.java:53) [surefire-junit4-2.10.jar:2.10]
	at org.apache.maven.surefire.junit4.JUnit4Provider.executeTestSet(JUnit4Provider.java:123) [surefire-junit4-2.10.jar:2.10]
	at org.apache.maven.surefire.junit4.JUnit4Provider.invoke(JUnit4Provider.java:104) [surefire-junit4-2.10.jar:2.10]
	at sun.reflect.NativeMethodAccessorImpl.invoke0(Native Method) ~[na:1.6.0_38]
	at sun.reflect.NativeMethodAccessorImpl.invoke(NativeMethodAccessorImpl.java:39) ~[na:1.6.0_38]
	at sun.reflect.DelegatingMethodAccessorImpl.invoke(DelegatingMethodAccessorImpl.java:25) ~[na:1.6.0_38]
	at java.lang.reflect.Method.invoke(Method.java:597) ~[na:1.6.0_38]
	at org.apache.maven.surefire.util.ReflectionUtils.invokeMethodWithArray(ReflectionUtils.java:164) [surefire-api-2.10.jar:2.10]
	at org.apache.maven.surefire.booter.ProviderFactory$ProviderProxy.invoke(ProviderFactory.java:110) [surefire-booter-2.10.jar:2.10]
	at org.apache.maven.surefire.booter.SurefireStarter.invokeProvider(SurefireStarter.java:175) [surefire-booter-2.10.jar:2.10]
	at org.apache.maven.surefire.booter.SurefireStarter.runSuitesInProcessWhenForked(SurefireStarter.java:107) [surefire-booter-2.10.jar:2.10]
	at org.apache.maven.surefire.booter.ForkedBooter.main(ForkedBooter.java:68) [surefire-booter-2.10.jar:2.10]
22:05:43.067 [main] WARN  o.s.c.a.CommonAnnotationBeanPostProcessor - Invocation of destroy method failed on bean with name &apos;coreTicketOnetimeSyncJob&apos;: com.rackspace.search.exception.NotFoundException: Index is missing
22:05:43.068 [main] INFO  org.elasticsearch.node - [ticket.node] {0.90.2}[25471]: stopping ...
22:05:43.092 [main] INFO  org.elasticsearch.node - [ticket.node] {0.90.2}[25471]: stopped
22:05:43.093 [main] INFO  org.elasticsearch.node - [ticket.node] {0.90.2}[25471]: closing ...
22:05:43.096 [main] INFO  org.elasticsearch.node - [ticket.node] {0.90.2}[25471]: closed
22:05:43.121 [main] ERROR o.s.test.context.TestContextManager - Caught exception while allowing TestExecutionListener [org.springframework.test.context.support.DependencyInjectionTestExecutionListener@4459116] to prepare test instance [com.rackspace.search.elasticsearch.client.ElasticSearchClientTest@4093d9c7]
java.lang.IllegalStateException: Failed to load ApplicationContext
	at org.springframework.test.context.TestContext.getApplicationContext(TestContext.java:308) ~[spring-test-3.0.6.RELEASE.jar:3.0.6.RELEASE]
	at org.springframework.test.context.support.DependencyInjectionTestExecutionListener.injectDependencies(DependencyInjectionTestExecutionListener.java:109) ~[spring-test-3.0.6.RELEASE.jar:3.0.6.RELEASE]
	at org.springframework.test.context.support.DependencyInjectionTestExecutionListener.prepareTestInstance(DependencyInjectionTestExecutionListener.java:75) ~[spring-test-3.0.6.RELEASE.jar:3.0.6.RELEASE]
	at org.springframework.test.context.TestContextManager.prepareTestInstance(TestContextManager.java:321) ~[spring-test-3.0.6.RELEASE.jar:3.0.6.RELEASE]
	at org.spockframework.spring.SpringTestContextManager.prepareTestInstance(SpringTestContextManager.java:49) [spock-spring-0.7-groovy-2.0.jar:na]
	at org.spockframework.spring.SpringInterceptor.interceptSetupMethod(SpringInterceptor.java:42) [spock-spring-0.7-groovy-2.0.jar:na]
	at org.spockframework.runtime.extension.AbstractMethodInterceptor.intercept(AbstractMethodInterceptor.java:28) [spock-core-0.7-groovy-2.0.jar:na]
	at org.spockframework.runtime.extension.MethodInvocation.proceed(MethodInvocation.java:84) [spock-core-0.7-groovy-2.0.jar:na]
	at org.spockframework.runtime.BaseSpecRunner.invoke(BaseSpecRunner.java:319) [spock-core-0.7-groovy-2.0.jar:na]
	at org.spockframework.runtime.BaseSpecRunner.invokeSetup(BaseSpecRunner.java:279) [spock-core-0.7-groovy-2.0.jar:na]
	at org.spockframework.runtime.BaseSpecRunner.doRunIteration(BaseSpecRunner.java:255) [spock-core-0.7-groovy-2.0.jar:na]
	at sun.reflect.GeneratedMethodAccessor5.invoke(Unknown Source) ~[na:na]
	at sun.reflect.DelegatingMethodAccessorImpl.invoke(DelegatingMethodAccessorImpl.java:25) ~[na:1.6.0_38]
	at java.lang.reflect.Method.invoke(Method.java:597) ~[na:1.6.0_38]
	at org.spockframework.util.ReflectionUtil.invokeMethod(ReflectionUtil.java:138) [spock-core-0.7-groovy-2.0.jar:na]
	at org.spockframework.runtime.BaseSpecRunner.invokeRaw(BaseSpecRunner.java:330) [spock-core-0.7-groovy-2.0.jar:na]
	at org.spockframework.runtime.BaseSpecRunner.invoke(BaseSpecRunner.java:311) [spock-core-0.7-groovy-2.0.jar:na]
	at org.spockframework.runtime.BaseSpecRunner.runIteration(BaseSpecRunner.java:223) [spock-core-0.7-groovy-2.0.jar:na]
	at org.spockframework.runtime.BaseSpecRunner.initializeAndRunIteration(BaseSpecRunner.java:214) [spock-core-0.7-groovy-2.0.jar:na]
	at org.spockframework.runtime.BaseSpecRunner.runSimpleFeature(BaseSpecRunner.java:205) [spock-core-0.7-groovy-2.0.jar:na]
	at org.spockframework.runtime.BaseSpecRunner.doRunFeature(BaseSpecRunner.java:199) [spock-core-0.7-groovy-2.0.jar:na]
	at sun.reflect.GeneratedMethodAccessor7.invoke(Unknown Source) ~[na:na]
	at sun.reflect.DelegatingMethodAccessorImpl.invoke(DelegatingMethodAccessorImpl.java:25) ~[na:1.6.0_38]
	at java.lang.reflect.Method.invoke(Method.java:597) ~[na:1.6.0_38]
	at org.spockframework.util.ReflectionUtil.invokeMethod(ReflectionUtil.java:138) [spock-core-0.7-groovy-2.0.jar:na]
	at org.spockframework.runtime.BaseSpecRunner.invokeRaw(BaseSpecRunner.java:330) [spock-core-0.7-groovy-2.0.jar:na]
	at org.spockframework.runtime.BaseSpecRunner.invoke(BaseSpecRunner.java:311) [spock-core-0.7-groovy-2.0.jar:na]
	at org.spockframework.runtime.BaseSpecRunner.runFeature(BaseSpecRunner.java:175) [spock-core-0.7-groovy-2.0.jar:na]
	at org.spockframework.runtime.BaseSpecRunner.runFeatures(BaseSpecRunner.java:152) [spock-core-0.7-groovy-2.0.jar:na]
	at org.spockframework.runtime.BaseSpecRunner.doRunSpec(BaseSpecRunner.java:112) [spock-core-0.7-groovy-2.0.jar:na]
	at sun.reflect.GeneratedMethodAccessor11.invoke(Unknown Source) ~[na:na]
	at sun.reflect.DelegatingMethodAccessorImpl.invoke(DelegatingMethodAccessorImpl.java:25) ~[na:1.6.0_38]
	at java.lang.reflect.Method.invoke(Method.java:597) ~[na:1.6.0_38]
	at org.spockframework.util.ReflectionUtil.invokeMethod(ReflectionUtil.java:138) [spock-core-0.7-groovy-2.0.jar:na]
	at org.spockframework.runtime.BaseSpecRunner.invokeRaw(BaseSpecRunner.java:330) [spock-core-0.7-groovy-2.0.jar:na]
	at org.spockframework.runtime.BaseSpecRunner.invoke(BaseSpecRunner.java:311) [spock-core-0.7-groovy-2.0.jar:na]
	at org.spockframework.runtime.BaseSpecRunner.runSpec(BaseSpecRunner.java:91) [spock-core-0.7-groovy-2.0.jar:na]
	at org.spockframework.runtime.BaseSpecRunner.run(BaseSpecRunner.java:82) [spock-core-0.7-groovy-2.0.jar:na]
	at org.spockframework.runtime.Sputnik.run(Sputnik.java:63) [spock-core-0.7-groovy-2.0.jar:na]
	at org.apache.maven.surefire.junit4.JUnit4TestSet.execute(JUnit4TestSet.java:53) [surefire-junit4-2.10.jar:2.10]
	at org.apache.maven.surefire.junit4.JUnit4Provider.executeTestSet(JUnit4Provider.java:123) [surefire-junit4-2.10.jar:2.10]
	at org.apache.maven.surefire.junit4.JUnit4Provider.invoke(JUnit4Provider.java:104) [surefire-junit4-2.10.jar:2.10]
	at sun.reflect.NativeMethodAccessorImpl.invoke0(Native Method) ~[na:1.6.0_38]
	at sun.reflect.NativeMethodAccessorImpl.invoke(NativeMethodAccessorImpl.java:39) ~[na:1.6.0_38]
	at sun.reflect.DelegatingMethodAccessorImpl.invoke(DelegatingMethodAccessorImpl.java:25) ~[na:1.6.0_38]
	at java.lang.reflect.Method.invoke(Method.java:597) ~[na:1.6.0_38]
	at org.apache.maven.surefire.util.ReflectionUtils.invokeMethodWithArray(ReflectionUtils.java:164) [surefire-api-2.10.jar:2.10]
	at org.apache.maven.surefire.booter.ProviderFactory$ProviderProxy.invoke(ProviderFactory.java:110) [surefire-booter-2.10.jar:2.10]
	at org.apache.maven.surefire.booter.SurefireStarter.invokeProvider(SurefireStarter.java:175) [surefire-booter-2.10.jar:2.10]
	at org.apache.maven.surefire.booter.SurefireStarter.runSuitesInProcessWhenForked(SurefireStarter.java:107) [surefire-booter-2.10.jar:2.10]
	at org.apache.maven.surefire.booter.ForkedBooter.main(ForkedBooter.java:68) [surefire-booter-2.10.jar:2.10]
Caused by: org.springframework.beans.factory.BeanCreationException: Error creating bean with name &apos;jobResource&apos;: Injection of autowired dependencies failed; nested exception is org.springframework.beans.factory.BeanCreationException: Could not autowire field: private com.rackspace.search.service.zendesk.ZendeskTicketOngoingSyncJob com.rackspace.search.endpoint.JobResource.zendeskTicketOngoingSyncJob; nested exception is org.springframework.beans.factory.BeanCreationException: Error creating bean with name &apos;zendeskTicketOngoingSyncJob&apos;: Injection of autowired dependencies failed; nested exception is org.springframework.beans.factory.BeanCreationException: Could not autowire field: private com.rackspace.search.service.zendesk.ZendeskTicketOngoingSyncActor com.rackspace.search.service.zendesk.ZendeskTicketOngoingSyncJob.ticketActor; nested exception is org.springframework.beans.factory.BeanCreationException: Error creating bean with name &apos;zendeskTicketOngoingSyncActor&apos;: Injection of autowired dependencies failed; nested exception is org.springframework.beans.factory.BeanCreationException: Could not autowire field: private com.rackspace.search.service.zendesk.ZendeskTicketProcessor com.rackspace.search.service.zendesk.ZendeskTicketOngoingSyncActor.zendeskTicketProcessor; nested exception is org.springframework.beans.factory.BeanCreationException: Error creating bean with name &apos;zendeskTicketProcessor&apos;: Injection of autowired dependencies failed; nested exception is org.springframework.beans.factory.BeanCreationException: Could not autowire field: private java.lang.Object com.rackspace.search.service.zendesk.ZendeskTicketProcessor.zendeskIndexName; nested exception is java.lang.IllegalArgumentException: Could not resolve placeholder &apos;zendesk.index.name&apos;
	at org.springframework.beans.factory.annotation.AutowiredAnnotationBeanPostProcessor.postProcessPropertyValues(AutowiredAnnotationBeanPostProcessor.java:288) ~[spring-beans-3.0.6.RELEASE.jar:3.0.6.RELEASE]
	at org.springframework.beans.factory.support.AbstractAutowireCapableBeanFactory.populateBean(AbstractAutowireCapableBeanFactory.java:1074) ~[spring-beans-3.0.6.RELEASE.jar:3.0.6.RELEASE]
	at org.springframework.beans.factory.support.AbstractAutowireCapableBeanFactory.doCreateBean(AbstractAutowireCapableBeanFactory.java:517) ~[spring-beans-3.0.6.RELEASE.jar:3.0.6.RELEASE]
	at org.springframework.beans.factory.support.AbstractAutowireCapableBeanFactory.createBean(AbstractAutowireCapableBeanFactory.java:456) ~[spring-beans-3.0.6.RELEASE.jar:3.0.6.RELEASE]
	at org.springframework.beans.factory.support.AbstractBeanFactory$1.getObject(AbstractBeanFactory.java:293) ~[spring-beans-3.0.6.RELEASE.jar:3.0.6.RELEASE]
	at org.springframework.beans.factory.support.DefaultSingletonBeanRegistry.getSingleton(DefaultSingletonBeanRegistry.java:222) ~[spring-beans-3.0.6.RELEASE.jar:3.0.6.RELEASE]
	at org.springframework.beans.factory.support.AbstractBeanFactory.doGetBean(AbstractBeanFactory.java:290) ~[spring-beans-3.0.6.RELEASE.jar:3.0.6.RELEASE]
	at org.springframework.beans.factory.support.AbstractBeanFactory.getBean(AbstractBeanFactory.java:192) ~[spring-beans-3.0.6.RELEASE.jar:3.0.6.RELEASE]
	at org.springframework.beans.factory.support.DefaultListableBeanFactory.preInstantiateSingletons(DefaultListableBeanFactory.java:585) ~[spring-beans-3.0.6.RELEASE.jar:3.0.6.RELEASE]
	at org.springframework.context.support.AbstractApplicationContext.finishBeanFactoryInitialization(AbstractApplicationContext.java:895) ~[spring-context-3.0.6.RELEASE.jar:3.0.6.RELEASE]
	at org.springframework.context.support.AbstractApplicationContext.refresh(AbstractApplicationContext.java:425) ~[spring-context-3.0.6.RELEASE.jar:3.0.6.RELEASE]
	at org.springframework.test.context.support.AbstractGenericContextLoader.loadContext(AbstractGenericContextLoader.java:84) ~[spring-test-3.0.6.RELEASE.jar:3.0.6.RELEASE]
	at org.springframework.test.context.support.AbstractGenericContextLoader.loadContext(AbstractGenericContextLoader.java:1) ~[spring-test-3.0.6.RELEASE.jar:3.0.6.RELEASE]
	at org.springframework.test.context.TestContext.loadApplicationContext(TestContext.java:280) ~[spring-test-3.0.6.RELEASE.jar:3.0.6.RELEASE]
	at org.springframework.test.context.TestContext.getApplicationContext(TestContext.java:304) ~[spring-test-3.0.6.RELEASE.jar:3.0.6.RELEASE]
	... 50 common frames omitted
Caused by: org.springframework.beans.factory.BeanCreationException: Could not autowire field: private com.rackspace.search.service.zendesk.ZendeskTicketOngoingSyncJob com.rackspace.search.endpoint.JobResource.zendeskTicketOngoingSyncJob; nested exception is org.springframework.beans.factory.BeanCreationException: Error creating bean with name &apos;zendeskTicketOngoingSyncJob&apos;: Injection of autowired dependencies failed; nested exception is org.springframework.beans.factory.BeanCreationException: Could not autowire field: private com.rackspace.search.service.zendesk.ZendeskTicketOngoingSyncActor com.rackspace.search.service.zendesk.ZendeskTicketOngoingSyncJob.ticketActor; nested exception is org.springframework.beans.factory.BeanCreationException: Error creating bean with name &apos;zendeskTicketOngoingSyncActor&apos;: Injection of autowired dependencies failed; nested exception is org.springframework.beans.factory.BeanCreationException: Could not autowire field: private com.rackspace.search.service.zendesk.ZendeskTicketProcessor com.rackspace.search.service.zendesk.ZendeskTicketOngoingSyncActor.zendeskTicketProcessor; nested exception is org.springframework.beans.factory.BeanCreationException: Error creating bean with name &apos;zendeskTicketProcessor&apos;: Injection of autowired dependencies failed; nested exception is org.springframework.beans.factory.BeanCreationException: Could not autowire field: private java.lang.Object com.rackspace.search.service.zendesk.ZendeskTicketProcessor.zendeskIndexName; nested exception is java.lang.IllegalArgumentException: Could not resolve placeholder &apos;zendesk.index.name&apos;
	at org.springframework.beans.factory.annotation.AutowiredAnnotationBeanPostProcessor$AutowiredFieldElement.inject(AutowiredAnnotationBeanPostProcessor.java:508) ~[spring-beans-3.0.6.RELEASE.jar:3.0.6.RELEASE]
	at org.springframework.beans.factory.annotation.InjectionMetadata.inject(InjectionMetadata.java:84) ~[spring-beans-3.0.6.RELEASE.jar:3.0.6.RELEASE]
	at org.springframework.beans.factory.annotation.AutowiredAnnotationBeanPostProcessor.postProcessPropertyValues(AutowiredAnnotationBeanPostProcessor.java:285) ~[spring-beans-3.0.6.RELEASE.jar:3.0.6.RELEASE]
	... 64 common frames omitted
Caused by: org.springframework.beans.factory.BeanCreationException: Error creating bean with name &apos;zendeskTicketOngoingSyncJob&apos;: Injection of autowired dependencies failed; nested exception is org.springframework.beans.factory.BeanCreationException: Could not autowire field: private com.rackspace.search.service.zendesk.ZendeskTicketOngoingSyncActor com.rackspace.search.service.zendesk.ZendeskTicketOngoingSyncJob.ticketActor; nested exception is org.springframework.beans.factory.BeanCreationException: Error creating bean with name &apos;zendeskTicketOngoingSyncActor&apos;: Injection of autowired dependencies failed; nested exception is org.springframework.beans.factory.BeanCreationException: Could not autowire field: private com.rackspace.search.service.zendesk.ZendeskTicketProcessor com.rackspace.search.service.zendesk.ZendeskTicketOngoingSyncActor.zendeskTicketProcessor; nested exception is org.springframework.beans.factory.BeanCreationException: Error creating bean with name &apos;zendeskTicketProcessor&apos;: Injection of autowired dependencies failed; nested exception is org.springframework.beans.factory.BeanCreationException: Could not autowire field: private java.lang.Object com.rackspace.search.service.zendesk.ZendeskTicketProcessor.zendeskIndexName; nested exception is java.lang.IllegalArgumentException: Could not resolve placeholder &apos;zendesk.index.name&apos;
	at org.springframework.beans.factory.annotation.AutowiredAnnotationBeanPostProcessor.postProcessPropertyValues(AutowiredAnnotationBeanPostProcessor.java:288) ~[spring-beans-3.0.6.RELEASE.jar:3.0.6.RELEASE]
	at org.springframework.beans.factory.support.AbstractAutowireCapableBeanFactory.populateBean(AbstractAutowireCapableBeanFactory.java:1074) ~[spring-beans-3.0.6.RELEASE.jar:3.0.6.RELEASE]
	at org.springframework.beans.factory.support.AbstractAutowireCapableBeanFactory.doCreateBean(AbstractAutowireCapableBeanFactory.java:517) ~[spring-beans-3.0.6.RELEASE.jar:3.0.6.RELEASE]
	at org.springframework.beans.factory.support.AbstractAutowireCapableBeanFactory.createBean(AbstractAutowireCapableBeanFactory.java:456) ~[spring-beans-3.0.6.RELEASE.jar:3.0.6.RELEASE]
	at org.springframework.beans.factory.support.AbstractBeanFactory$1.getObject(AbstractBeanFactory.java:293) ~[spring-beans-3.0.6.RELEASE.jar:3.0.6.RELEASE]
	at org.springframework.beans.factory.support.DefaultSingletonBeanRegistry.getSingleton(DefaultSingletonBeanRegistry.java:222) ~[spring-beans-3.0.6.RELEASE.jar:3.0.6.RELEASE]
	at org.springframework.beans.factory.support.AbstractBeanFactory.doGetBean(AbstractBeanFactory.java:290) ~[spring-beans-3.0.6.RELEASE.jar:3.0.6.RELEASE]
	at org.springframework.beans.factory.support.AbstractBeanFactory.getBean(AbstractBeanFactory.java:192) ~[spring-beans-3.0.6.RELEASE.jar:3.0.6.RELEASE]
	at org.springframework.beans.factory.support.DefaultListableBeanFactory.findAutowireCandidates(DefaultListableBeanFactory.java:848) ~[spring-beans-3.0.6.RELEASE.jar:3.0.6.RELEASE]
	at org.springframework.beans.factory.support.DefaultListableBeanFactory.doResolveDependency(DefaultListableBeanFactory.java:790) ~[spring-beans-3.0.6.RELEASE.jar:3.0.6.RELEASE]
	at org.springframework.beans.factory.support.DefaultListableBeanFactory.resolveDependency(DefaultListableBeanFactory.java:707) ~[spring-beans-3.0.6.RELEASE.jar:3.0.6.RELEASE]
	at org.springframework.beans.factory.annotation.AutowiredAnnotationBeanPostProcessor$AutowiredFieldElement.inject(AutowiredAnnotationBeanPostProcessor.java:480) ~[spring-beans-3.0.6.RELEASE.jar:3.0.6.RELEASE]
	... 66 common frames omitted
Caused by: org.springframework.beans.factory.BeanCreationException: Could not autowire field: private com.rackspace.search.service.zendesk.ZendeskTicketOngoingSyncActor com.rackspace.search.service.zendesk.ZendeskTicketOngoingSyncJob.ticketActor; nested exception is org.springframework.beans.factory.BeanCreationException: Error creating bean with name &apos;zendeskTicketOngoingSyncActor&apos;: Injection of autowired dependencies failed; nested exception is org.springframework.beans.factory.BeanCreationException: Could not autowire field: private com.rackspace.search.service.zendesk.ZendeskTicketProcessor com.rackspace.search.service.zendesk.ZendeskTicketOngoingSyncActor.zendeskTicketProcessor; nested exception is org.springframework.beans.factory.BeanCreationException: Error creating bean with name &apos;zendeskTicketProcessor&apos;: Injection of autowired dependencies failed; nested exception is org.springframework.beans.factory.BeanCreationException: Could not autowire field: private java.lang.Object com.rackspace.search.service.zendesk.ZendeskTicketProcessor.zendeskIndexName; nested exception is java.lang.IllegalArgumentException: Could not resolve placeholder &apos;zendesk.index.name&apos;
	at org.springframework.beans.factory.annotation.AutowiredAnnotationBeanPostProcessor$AutowiredFieldElement.inject(AutowiredAnnotationBeanPostProcessor.java:508) ~[spring-beans-3.0.6.RELEASE.jar:3.0.6.RELEASE]
	at org.springframework.beans.factory.annotation.InjectionMetadata.inject(InjectionMetadata.java:84) ~[spring-beans-3.0.6.RELEASE.jar:3.0.6.RELEASE]
	at org.springframework.beans.factory.annotation.AutowiredAnnotationBeanPostProcessor.postProcessPropertyValues(AutowiredAnnotationBeanPostProcessor.java:285) ~[spring-beans-3.0.6.RELEASE.jar:3.0.6.RELEASE]
	... 77 common frames omitted
Caused by: org.springframework.beans.factory.BeanCreationException: Error creating bean with name &apos;zendeskTicketOngoingSyncActor&apos;: Injection of autowired dependencies failed; nested exception is org.springframework.beans.factory.BeanCreationException: Could not autowire field: private com.rackspace.search.service.zendesk.ZendeskTicketProcessor com.rackspace.search.service.zendesk.ZendeskTicketOngoingSyncActor.zendeskTicketProcessor; nested exception is org.springframework.beans.factory.BeanCreationException: Error creating bean with name &apos;zendeskTicketProcessor&apos;: Injection of autowired dependencies failed; nested exception is org.springframework.beans.factory.BeanCreationException: Could not autowire field: private java.lang.Object com.rackspace.search.service.zendesk.ZendeskTicketProcessor.zendeskIndexName; nested exception is java.lang.IllegalArgumentException: Could not resolve placeholder &apos;zendesk.index.name&apos;
	at org.springframework.beans.factory.annotation.AutowiredAnnotationBeanPostProcessor.postProcessPropertyValues(AutowiredAnnotationBeanPostProcessor.java:288) ~[spring-beans-3.0.6.RELEASE.jar:3.0.6.RELEASE]
	at org.springframework.beans.factory.support.AbstractAutowireCapableBeanFactory.populateBean(AbstractAutowireCapableBeanFactory.java:1074) ~[spring-beans-3.0.6.RELEASE.jar:3.0.6.RELEASE]
	at org.springframework.beans.factory.support.AbstractAutowireCapableBeanFactory.doCreateBean(AbstractAutowireCapableBeanFactory.java:517) ~[spring-beans-3.0.6.RELEASE.jar:3.0.6.RELEASE]
	at org.springframework.beans.factory.support.AbstractAutowireCapableBeanFactory.createBean(AbstractAutowireCapableBeanFactory.java:456) ~[spring-beans-3.0.6.RELEASE.jar:3.0.6.RELEASE]
	at org.springframework.beans.factory.support.AbstractBeanFactory$1.getObject(AbstractBeanFactory.java:293) ~[spring-beans-3.0.6.RELEASE.jar:3.0.6.RELEASE]
	at org.springframework.beans.factory.support.DefaultSingletonBeanRegistry.getSingleton(DefaultSingletonBeanRegistry.java:222) ~[spring-beans-3.0.6.RELEASE.jar:3.0.6.RELEASE]
	at org.springframework.beans.factory.support.AbstractBeanFactory.doGetBean(AbstractBeanFactory.java:290) ~[spring-beans-3.0.6.RELEASE.jar:3.0.6.RELEASE]
	at org.springframework.beans.factory.support.AbstractBeanFactory.getBean(AbstractBeanFactory.java:192) ~[spring-beans-3.0.6.RELEASE.jar:3.0.6.RELEASE]
	at org.springframework.beans.factory.support.DefaultListableBeanFactory.findAutowireCandidates(DefaultListableBeanFactory.java:848) ~[spring-beans-3.0.6.RELEASE.jar:3.0.6.RELEASE]
	at org.springframework.beans.factory.support.DefaultListableBeanFactory.doResolveDependency(DefaultListableBeanFactory.java:790) ~[spring-beans-3.0.6.RELEASE.jar:3.0.6.RELEASE]
	at org.springframework.beans.factory.support.DefaultListableBeanFactory.resolveDependency(DefaultListableBeanFactory.java:707) ~[spring-beans-3.0.6.RELEASE.jar:3.0.6.RELEASE]
	at org.springframework.beans.factory.annotation.AutowiredAnnotationBeanPostProcessor$AutowiredFieldElement.inject(AutowiredAnnotationBeanPostProcessor.java:480) ~[spring-beans-3.0.6.RELEASE.jar:3.0.6.RELEASE]
	... 79 common frames omitted
Caused by: org.springframework.beans.factory.BeanCreationException: Could not autowire field: private com.rackspace.search.service.zendesk.ZendeskTicketProcessor com.rackspace.search.service.zendesk.ZendeskTicketOngoingSyncActor.zendeskTicketProcessor; nested exception is org.springframework.beans.factory.BeanCreationException: Error creating bean with name &apos;zendeskTicketProcessor&apos;: Injection of autowired dependencies failed; nested exception is org.springframework.beans.factory.BeanCreationException: Could not autowire field: private java.lang.Object com.rackspace.search.service.zendesk.ZendeskTicketProcessor.zendeskIndexName; nested exception is java.lang.IllegalArgumentException: Could not resolve placeholder &apos;zendesk.index.name&apos;
	at org.springframework.beans.factory.annotation.AutowiredAnnotationBeanPostProcessor$AutowiredFieldElement.inject(AutowiredAnnotationBeanPostProcessor.java:508) ~[spring-beans-3.0.6.RELEASE.jar:3.0.6.RELEASE]
	at org.springframework.beans.factory.annotation.InjectionMetadata.inject(InjectionMetadata.java:84) ~[spring-beans-3.0.6.RELEASE.jar:3.0.6.RELEASE]
	at org.springframework.beans.factory.annotation.AutowiredAnnotationBeanPostProcessor.postProcessPropertyValues(AutowiredAnnotationBeanPostProcessor.java:285) ~[spring-beans-3.0.6.RELEASE.jar:3.0.6.RELEASE]
	... 90 common frames omitted
Caused by: org.springframework.beans.factory.BeanCreationException: Error creating bean with name &apos;zendeskTicketProcessor&apos;: Injection of autowired dependencies failed; nested exception is org.springframework.beans.factory.BeanCreationException: Could not autowire field: private java.lang.Object com.rackspace.search.service.zendesk.ZendeskTicketProcessor.zendeskIndexName; nested exception is java.lang.IllegalArgumentException: Could not resolve placeholder &apos;zendesk.index.name&apos;
	at org.springframework.beans.factory.annotation.AutowiredAnnotationBeanPostProcessor.postProcessPropertyValues(AutowiredAnnotationBeanPostProcessor.java:288) ~[spring-beans-3.0.6.RELEASE.jar:3.0.6.RELEASE]
	at org.springframework.beans.factory.support.AbstractAutowireCapableBeanFactory.populateBean(AbstractAutowireCapableBeanFactory.java:1074) ~[spring-beans-3.0.6.RELEASE.jar:3.0.6.RELEASE]
	at org.springframework.beans.factory.support.AbstractAutowireCapableBeanFactory.doCreateBean(AbstractAutowireCapableBeanFactory.java:517) ~[spring-beans-3.0.6.RELEASE.jar:3.0.6.RELEASE]
	at org.springframework.beans.factory.support.AbstractAutowireCapableBeanFactory.createBean(AbstractAutowireCapableBeanFactory.java:456) ~[spring-beans-3.0.6.RELEASE.jar:3.0.6.RELEASE]
	at org.springframework.beans.factory.support.AbstractBeanFactory$1.getObject(AbstractBeanFactory.java:293) ~[spring-beans-3.0.6.RELEASE.jar:3.0.6.RELEASE]
	at org.springframework.beans.factory.support.DefaultSingletonBeanRegistry.getSingleton(DefaultSingletonBeanRegistry.java:222) ~[spring-beans-3.0.6.RELEASE.jar:3.0.6.RELEASE]
	at org.springframework.beans.factory.support.AbstractBeanFactory.doGetBean(AbstractBeanFactory.java:290) ~[spring-beans-3.0.6.RELEASE.jar:3.0.6.RELEASE]
	at org.springframework.beans.factory.support.AbstractBeanFactory.getBean(AbstractBeanFactory.java:192) ~[spring-beans-3.0.6.RELEASE.jar:3.0.6.RELEASE]
	at org.springframework.beans.factory.support.DefaultListableBeanFactory.findAutowireCandidates(DefaultListableBeanFactory.java:848) ~[spring-beans-3.0.6.RELEASE.jar:3.0.6.RELEASE]
	at org.springframework.beans.factory.support.DefaultListableBeanFactory.doResolveDependency(DefaultListableBeanFactory.java:790) ~[spring-beans-3.0.6.RELEASE.jar:3.0.6.RELEASE]
	at org.springframework.beans.factory.support.DefaultListableBeanFactory.resolveDependency(DefaultListableBeanFactory.java:707) ~[spring-beans-3.0.6.RELEASE.jar:3.0.6.RELEASE]
	at org.springframework.beans.factory.annotation.AutowiredAnnotationBeanPostProcessor$AutowiredFieldElement.inject(AutowiredAnnotationBeanPostProcessor.java:480) ~[spring-beans-3.0.6.RELEASE.jar:3.0.6.RELEASE]
	... 92 common frames omitted
Caused by: org.springframework.beans.factory.BeanCreationException: Could not autowire field: private java.lang.Object com.rackspace.search.service.zendesk.ZendeskTicketProcessor.zendeskIndexName; nested exception is java.lang.IllegalArgumentException: Could not resolve placeholder &apos;zendesk.index.name&apos;
	at org.springframework.beans.factory.annotation.AutowiredAnnotationBeanPostProcessor$AutowiredFieldElement.inject(AutowiredAnnotationBeanPostProcessor.java:508) ~[spring-beans-3.0.6.RELEASE.jar:3.0.6.RELEASE]
	at org.springframework.beans.factory.annotation.InjectionMetadata.inject(InjectionMetadata.java:84) ~[spring-beans-3.0.6.RELEASE.jar:3.0.6.RELEASE]
	at org.springframework.beans.factory.annotation.AutowiredAnnotationBeanPostProcessor.postProcessPropertyValues(AutowiredAnnotationBeanPostProcessor.java:285) ~[spring-beans-3.0.6.RELEASE.jar:3.0.6.RELEASE]
	... 103 common frames omitted
Caused by: java.lang.IllegalArgumentException: Could not resolve placeholder &apos;zendesk.index.name&apos;
	at org.springframework.util.PropertyPlaceholderHelper.parseStringValue(PropertyPlaceholderHelper.java:173) ~[spring-core-3.0.6.RELEASE.jar:3.0.6.RELEASE]
	at org.springframework.util.PropertyPlaceholderHelper.replacePlaceholders(PropertyPlaceholderHelper.java:125) ~[spring-core-3.0.6.RELEASE.jar:3.0.6.RELEASE]
	at org.springframework.beans.factory.config.PropertyPlaceholderConfigurer$PlaceholderResolvingStringValueResolver.resolveStringValue(PropertyPlaceholderConfigurer.java:403) ~[spring-beans-3.0.6.RELEASE.jar:3.0.6.RELEASE]
	at org.springframework.beans.factory.support.AbstractBeanFactory.resolveEmbeddedValue(AbstractBeanFactory.java:747) ~[spring-beans-3.0.6.RELEASE.jar:3.0.6.RELEASE]
	at org.springframework.beans.factory.support.DefaultListableBeanFactory.doResolveDependency(DefaultListableBeanFactory.java:717) ~[spring-beans-3.0.6.RELEASE.jar:3.0.6.RELEASE]
	at org.springframework.beans.factory.support.DefaultListableBeanFactory.resolveDependency(DefaultListableBeanFactory.java:707) ~[spring-beans-3.0.6.RELEASE.jar:3.0.6.RELEASE]
	at org.springframework.beans.factory.annotation.AutowiredAnnotationBeanPostProcessor$AutowiredFieldElement.inject(AutowiredAnnotationBeanPostProcessor.java:480) ~[spring-beans-3.0.6.RELEASE.jar:3.0.6.RELEASE]
	... 105 common frames omitted
</stdout>
          <stderr>Exception in thread &quot;Timer-83&quot; org.elasticsearch.common.util.concurrent.EsRejectedExecutionException: rejected execution of [org.elasticsearch.action.support.master.TransportMasterNodeOperationAction$2]
	at org.elasticsearch.common.util.concurrent.EsAbortPolicy.rejectedExecution(EsAbortPolicy.java:35)
	at java.util.concurrent.ThreadPoolExecutor.reject(ThreadPoolExecutor.java:767)
	at java.util.concurrent.ThreadPoolExecutor.execute(ThreadPoolExecutor.java:658)
	at org.elasticsearch.action.support.master.TransportMasterNodeOperationAction.innerExecute(TransportMasterNodeOperationAction.java:132)
	at org.elasticsearch.action.support.master.TransportMasterNodeOperationAction.doExecute(TransportMasterNodeOperationAction.java:86)
	at org.elasticsearch.action.support.master.TransportMasterNodeOperationAction.doExecute(TransportMasterNodeOperationAction.java:42)
	at org.elasticsearch.action.support.TransportAction.execute(TransportAction.java:61)
	at org.elasticsearch.client.node.NodeClusterAdminClient.execute(NodeClusterAdminClient.java:72)
	at org.elasticsearch.client.support.AbstractClusterAdminClient.health(AbstractClusterAdminClient.java:83)
	at org.elasticsearch.action.admin.cluster.health.ClusterHealthRequestBuilder.doExecute(ClusterHealthRequestBuilder.java:98)
	at org.elasticsearch.action.ActionRequestBuilder.execute(ActionRequestBuilder.java:62)
	at org.elasticsearch.action.ActionRequestBuilder.execute(ActionRequestBuilder.java:57)
	at org.elasticsearch.action.ActionRequestBuilder$execute.call(Unknown Source)
	at com.rackspace.search.elasticsearch.ElasticSearchServer.getHealthInformation(ElasticSearchServer.groovy:55)
	at com.rackspace.search.elasticsearch.ElasticSearchServer.getHealthStatus(ElasticSearchServer.groovy:51)
	at com.rackspace.search.elasticsearch.ElasticSearchServer.waitForYellowStatus(ElasticSearchServer.groovy:69)
	at com.rackspace.search.elasticsearch.ElasticSearchServer$waitForYellowStatus.call(Unknown Source)
	at com.rackspace.search.service.core.CoreTicketOngoingSyncJob.setupJob(CoreTicketOnGoingSyncJob.groovy:89)
	at sun.reflect.NativeMethodAccessorImpl.invoke0(Native Method)
	at sun.reflect.NativeMethodAccessorImpl.invoke(NativeMethodAccessorImpl.java:39)
	at sun.reflect.DelegatingMethodAccessorImpl.invoke(DelegatingMethodAccessorImpl.java:25)
	at java.lang.reflect.Method.invoke(Method.java:597)
	at org.codehaus.groovy.reflection.CachedMethod.invoke(CachedMethod.java:90)
	at groovy.lang.MetaMethod.doMethodInvoke(MetaMethod.java:233)
	at groovy.lang.MetaClassImpl.invokeMethod(MetaClassImpl.java:1085)
	at org.codehaus.groovy.runtime.ScriptBytecodeAdapter.invokeMethodOnCurrentN(ScriptBytecodeAdapter.java:78)
	at com.rackspace.search.service.core.CoreTicketOngoingSyncJob.this$dist$invoke$1(CoreTicketOnGoingSyncJob.groovy)
	at com.rackspace.search.service.core.CoreTicketOngoingSyncJob$1.methodMissing(CoreTicketOnGoingSyncJob.groovy)
	at sun.reflect.NativeMethodAccessorImpl.invoke0(Native Method)
	at sun.reflect.NativeMethodAccessorImpl.invoke(NativeMethodAccessorImpl.java:39)
	at sun.reflect.DelegatingMethodAccessorImpl.invoke(DelegatingMethodAccessorImpl.java:25)
	at java.lang.reflect.Method.invoke(Method.java:597)
	at org.codehaus.groovy.reflection.CachedMethod.invoke(CachedMethod.java:90)
	at groovy.lang.MetaClassImpl.invokeMissingMethod(MetaClassImpl.java:837)
	at groovy.lang.MetaClassImpl.invokePropertyOrMissing(MetaClassImpl.java:1134)
	at groovy.lang.MetaClassImpl.invokeMethod(MetaClassImpl.java:1087)
	at groovy.lang.MetaClassImpl.invokeMethod(MetaClassImpl.java:909)
	at org.codehaus.groovy.runtime.callsite.PogoMetaClassSite.callCurrent(PogoMetaClassSite.java:66)
	at org.codehaus.groovy.runtime.callsite.AbstractCallSite.callCurrent(AbstractCallSite.java:137)
	at com.rackspace.search.service.core.CoreTicketOngoingSyncJob$1.run(CoreTicketOnGoingSyncJob.groovy:72)
	at java.util.TimerThread.mainLoop(Timer.java:512)
	at java.util.TimerThread.run(Timer.java:462)
Exception in thread &quot;Timer-84&quot; org.elasticsearch.common.util.concurrent.EsRejectedExecutionException: rejected execution of [org.elasticsearch.action.support.master.TransportMasterNodeOperationAction$2]
	at org.elasticsearch.common.util.concurrent.EsAbortPolicy.rejectedExecution(EsAbortPolicy.java:35)
	at java.util.concurrent.ThreadPoolExecutor.reject(ThreadPoolExecutor.java:767)
	at java.util.concurrent.ThreadPoolExecutor.execute(ThreadPoolExecutor.java:658)
	at org.elasticsearch.action.support.master.TransportMasterNodeOperationAction.innerExecute(TransportMasterNodeOperationAction.java:132)
	at org.elasticsearch.action.support.master.TransportMasterNodeOperationAction.doExecute(TransportMasterNodeOperationAction.java:86)
	at org.elasticsearch.action.support.master.TransportMasterNodeOperationAction.doExecute(TransportMasterNodeOperationAction.java:42)
	at org.elasticsearch.action.support.TransportAction.execute(TransportAction.java:61)
	at org.elasticsearch.client.node.NodeClusterAdminClient.execute(NodeClusterAdminClient.java:72)
	at org.elasticsearch.client.support.AbstractClusterAdminClient.health(AbstractClusterAdminClient.java:83)
	at org.elasticsearch.action.admin.cluster.health.ClusterHealthRequestBuilder.doExecute(ClusterHealthRequestBuilder.java:98)
	at org.elasticsearch.action.ActionRequestBuilder.execute(ActionRequestBuilder.java:62)
	at org.elasticsearch.action.ActionRequestBuilder.execute(ActionRequestBuilder.java:57)
	at org.elasticsearch.action.ActionRequestBuilder$execute.call(Unknown Source)
	at com.rackspace.search.elasticsearch.ElasticSearchServer.getHealthInformation(ElasticSearchServer.groovy:55)
	at com.rackspace.search.elasticsearch.ElasticSearchServer.getHealthStatus(ElasticSearchServer.groovy:51)
	at com.rackspace.search.elasticsearch.ElasticSearchServer.waitForYellowStatus(ElasticSearchServer.groovy:69)
	at com.rackspace.search.elasticsearch.ElasticSearchServer$waitForYellowStatus.call(Unknown Source)
	at com.rackspace.search.service.account.AccountOngoingSyncJob.setupJob(AccountOngoingSyncJob.groovy:96)
	at sun.reflect.NativeMethodAccessorImpl.invoke0(Native Method)
	at sun.reflect.NativeMethodAccessorImpl.invoke(NativeMethodAccessorImpl.java:39)
	at sun.reflect.DelegatingMethodAccessorImpl.invoke(DelegatingMethodAccessorImpl.java:25)
	at java.lang.reflect.Method.invoke(Method.java:597)
	at org.codehaus.groovy.reflection.CachedMethod.invoke(CachedMethod.java:90)
	at groovy.lang.MetaMethod.doMethodInvoke(MetaMethod.java:233)
	at groovy.lang.MetaClassImpl.invokeMethod(MetaClassImpl.java:1085)
	at org.codehaus.groovy.runtime.ScriptBytecodeAdapter.invokeMethodOnCurrentN(ScriptBytecodeAdapter.java:78)
	at com.rackspace.search.service.account.AccountOngoingSyncJob.this$dist$invoke$1(AccountOngoingSyncJob.groovy)
	at com.rackspace.search.service.account.AccountOngoingSyncJob$1.methodMissing(AccountOngoingSyncJob.groovy)
	at sun.reflect.NativeMethodAccessorImpl.invoke0(Native Method)
	at sun.reflect.NativeMethodAccessorImpl.invoke(NativeMethodAccessorImpl.java:39)
	at sun.reflect.DelegatingMethodAccessorImpl.invoke(DelegatingMethodAccessorImpl.java:25)
	at java.lang.reflect.Method.invoke(Method.java:597)
	at org.codehaus.groovy.reflection.CachedMethod.invoke(CachedMethod.java:90)
	at groovy.lang.MetaClassImpl.invokeMissingMethod(MetaClassImpl.java:837)
	at groovy.lang.MetaClassImpl.invokePropertyOrMissing(MetaClassImpl.java:1134)
	at groovy.lang.MetaClassImpl.invokeMethod(MetaClassImpl.java:1087)
	at groovy.lang.MetaClassImpl.invokeMethod(MetaClassImpl.java:909)
	at org.codehaus.groovy.runtime.callsite.PogoMetaClassSite.callCurrent(PogoMetaClassSite.java:66)
	at org.codehaus.groovy.runtime.callsite.AbstractCallSite.callCurrent(AbstractCallSite.java:137)
	at com.rackspace.search.service.account.AccountOngoingSyncJob$1.run(AccountOngoingSyncJob.groovy:78)
	at java.util.TimerThread.mainLoop(Timer.java:512)
	at java.util.TimerThread.run(Timer.java:462)
Exception in thread &quot;Timer-85&quot; org.elasticsearch.common.util.concurrent.EsRejectedExecutionException: rejected execution of [org.elasticsearch.action.support.master.TransportMasterNodeOperationAction$2]
	at org.elasticsearch.common.util.concurrent.EsAbortPolicy.rejectedExecution(EsAbortPolicy.java:35)
	at java.util.concurrent.ThreadPoolExecutor.reject(ThreadPoolExecutor.java:767)
	at java.util.concurrent.ThreadPoolExecutor.execute(ThreadPoolExecutor.java:658)
	at org.elasticsearch.action.support.master.TransportMasterNodeOperationAction.innerExecute(TransportMasterNodeOperationAction.java:132)
	at org.elasticsearch.action.support.master.TransportMasterNodeOperationAction.doExecute(TransportMasterNodeOperationAction.java:86)
	at org.elasticsearch.action.support.master.TransportMasterNodeOperationAction.doExecute(TransportMasterNodeOperationAction.java:42)
	at org.elasticsearch.action.support.TransportAction.execute(TransportAction.java:61)
	at org.elasticsearch.client.node.NodeClusterAdminClient.execute(NodeClusterAdminClient.java:72)
	at org.elasticsearch.client.support.AbstractClusterAdminClient.health(AbstractClusterAdminClient.java:83)
	at org.elasticsearch.action.admin.cluster.health.ClusterHealthRequestBuilder.doExecute(ClusterHealthRequestBuilder.java:98)
	at org.elasticsearch.action.ActionRequestBuilder.execute(ActionRequestBuilder.java:62)
	at org.elasticsearch.action.ActionRequestBuilder.execute(ActionRequestBuilder.java:57)
	at org.elasticsearch.action.ActionRequestBuilder$execute.call(Unknown Source)
	at com.rackspace.search.elasticsearch.ElasticSearchServer.getHealthInformation(ElasticSearchServer.groovy:55)
	at com.rackspace.search.elasticsearch.ElasticSearchServer.getHealthStatus(ElasticSearchServer.groovy:51)
	at com.rackspace.search.elasticsearch.ElasticSearchServer.waitForYellowStatus(ElasticSearchServer.groovy:69)
	at com.rackspace.search.elasticsearch.ElasticSearchServer$waitForYellowStatus.call(Unknown Source)
	at com.rackspace.search.service.admin.CoreTicketOndemandSyncJob.setupJob(CoreTicketOndemandSyncJob.groovy:98)
	at sun.reflect.NativeMethodAccessorImpl.invoke0(Native Method)
	at sun.reflect.NativeMethodAccessorImpl.invoke(NativeMethodAccessorImpl.java:39)
	at sun.reflect.DelegatingMethodAccessorImpl.invoke(DelegatingMethodAccessorImpl.java:25)
	at java.lang.reflect.Method.invoke(Method.java:597)
	at org.codehaus.groovy.reflection.CachedMethod.invoke(CachedMethod.java:90)
	at groovy.lang.MetaMethod.doMethodInvoke(MetaMethod.java:233)
	at groovy.lang.MetaClassImpl.invokeMethod(MetaClassImpl.java:1085)
	at org.codehaus.groovy.runtime.ScriptBytecodeAdapter.invokeMethodOnCurrentN(ScriptBytecodeAdapter.java:78)
	at com.rackspace.search.service.admin.CoreTicketOndemandSyncJob.this$dist$invoke$1(CoreTicketOndemandSyncJob.groovy)
	at com.rackspace.search.service.admin.CoreTicketOndemandSyncJob$1.methodMissing(CoreTicketOndemandSyncJob.groovy)
	at sun.reflect.NativeMethodAccessorImpl.invoke0(Native Method)
	at sun.reflect.NativeMethodAccessorImpl.invoke(NativeMethodAccessorImpl.java:39)
	at sun.reflect.DelegatingMethodAccessorImpl.invoke(DelegatingMethodAccessorImpl.java:25)
	at java.lang.reflect.Method.invoke(Method.java:597)
	at org.codehaus.groovy.reflection.CachedMethod.invoke(CachedMethod.java:90)
	at groovy.lang.MetaClassImpl.invokeMissingMethod(MetaClassImpl.java:837)
	at groovy.lang.MetaClassImpl.invokePropertyOrMissing(MetaClassImpl.java:1134)
	at groovy.lang.MetaClassImpl.invokeMethod(MetaClassImpl.java:1087)
	at groovy.lang.MetaClassImpl.invokeMethod(MetaClassImpl.java:909)
	at org.codehaus.groovy.runtime.callsite.PogoMetaClassSite.callCurrent(PogoMetaClassSite.java:66)
	at org.codehaus.groovy.runtime.callsite.AbstractCallSite.callCurrent(AbstractCallSite.java:137)
	at com.rackspace.search.service.admin.CoreTicketOndemandSyncJob$1.run(CoreTicketOndemandSyncJob.groovy:82)
	at java.util.TimerThread.mainLoop(Timer.java:512)
	at java.util.TimerThread.run(Timer.java:462)
Exception in thread &quot;Timer-86&quot; org.elasticsearch.common.util.concurrent.EsRejectedExecutionException: rejected execution of [org.elasticsearch.action.support.master.TransportMasterNodeOperationAction$2]
	at org.elasticsearch.common.util.concurrent.EsAbortPolicy.rejectedExecution(EsAbortPolicy.java:35)
	at java.util.concurrent.ThreadPoolExecutor.reject(ThreadPoolExecutor.java:767)
	at java.util.concurrent.ThreadPoolExecutor.execute(ThreadPoolExecutor.java:658)
	at org.elasticsearch.action.support.master.TransportMasterNodeOperationAction.innerExecute(TransportMasterNodeOperationAction.java:132)
	at org.elasticsearch.action.support.master.TransportMasterNodeOperationAction.doExecute(TransportMasterNodeOperationAction.java:86)
	at org.elasticsearch.action.support.master.TransportMasterNodeOperationAction.doExecute(TransportMasterNodeOperationAction.java:42)
	at org.elasticsearch.action.support.TransportAction.execute(TransportAction.java:61)
	at org.elasticsearch.client.node.NodeClusterAdminClient.execute(NodeClusterAdminClient.java:72)
	at org.elasticsearch.client.support.AbstractClusterAdminClient.health(AbstractClusterAdminClient.java:83)
	at org.elasticsearch.action.admin.cluster.health.ClusterHealthRequestBuilder.doExecute(ClusterHealthRequestBuilder.java:98)
	at org.elasticsearch.action.ActionRequestBuilder.execute(ActionRequestBuilder.java:62)
	at org.elasticsearch.action.ActionRequestBuilder.execute(ActionRequestBuilder.java:57)
	at org.elasticsearch.action.ActionRequestBuilder$execute.call(Unknown Source)
	at com.rackspace.search.elasticsearch.ElasticSearchServer.getHealthInformation(ElasticSearchServer.groovy:55)
	at com.rackspace.search.elasticsearch.ElasticSearchServer.getHealthStatus(ElasticSearchServer.groovy:51)
	at com.rackspace.search.elasticsearch.ElasticSearchServer.waitForYellowStatus(ElasticSearchServer.groovy:69)
	at com.rackspace.search.elasticsearch.ElasticSearchServer$waitForYellowStatus.call(Unknown Source)
	at com.rackspace.search.service.core.CoreTicketSecondPassSyncJob.setupJob(CoreTicketSecondPassSyncJob.groovy:90)
	at com.rackspace.search.service.core.CoreTicketSecondPassSyncJob.this$2$setupJob(CoreTicketSecondPassSyncJob.groovy)
	at sun.reflect.NativeMethodAccessorImpl.invoke0(Native Method)
	at sun.reflect.NativeMethodAccessorImpl.invoke(NativeMethodAccessorImpl.java:39)
	at sun.reflect.DelegatingMethodAccessorImpl.invoke(DelegatingMethodAccessorImpl.java:25)
	at java.lang.reflect.Method.invoke(Method.java:597)
	at org.codehaus.groovy.reflection.CachedMethod.invoke(CachedMethod.java:90)
	at groovy.lang.MetaMethod.doMethodInvoke(MetaMethod.java:233)
	at groovy.lang.MetaClassImpl.invokeMethod(MetaClassImpl.java:1085)
	at org.codehaus.groovy.runtime.ScriptBytecodeAdapter.invokeMethodOnCurrentN(ScriptBytecodeAdapter.java:78)
	at com.rackspace.search.service.core.CoreTicketSecondPassSyncJob.this$dist$invoke$1(CoreTicketSecondPassSyncJob.groovy)
	at com.rackspace.search.service.core.CoreTicketSecondPassSyncJob$1.methodMissing(CoreTicketSecondPassSyncJob.groovy)
	at sun.reflect.NativeMethodAccessorImpl.invoke0(Native Method)
	at sun.reflect.NativeMethodAccessorImpl.invoke(NativeMethodAccessorImpl.java:39)
	at sun.reflect.DelegatingMethodAccessorImpl.invoke(DelegatingMethodAccessorImpl.java:25)
	at java.lang.reflect.Method.invoke(Method.java:597)
	at org.codehaus.groovy.reflection.CachedMethod.invoke(CachedMethod.java:90)
	at groovy.lang.MetaClassImpl.invokeMissingMethod(MetaClassImpl.java:837)
	at groovy.lang.MetaClassImpl.invokePropertyOrMissing(MetaClassImpl.java:1134)
	at groovy.lang.MetaClassImpl.invokeMethod(MetaClassImpl.java:1087)
	at groovy.lang.MetaClassImpl.invokeMethod(MetaClassImpl.java:909)
	at org.codehaus.groovy.runtime.callsite.PogoMetaClassSite.callCurrent(PogoMetaClassSite.java:66)
	at org.codehaus.groovy.runtime.callsite.AbstractCallSite.callCurrent(AbstractCallSite.java:137)
	at com.rackspace.search.service.core.CoreTicketSecondPassSyncJob$1.run(CoreTicketSecondPassSyncJob.groovy:74)
	at java.util.TimerThread.mainLoop(Timer.java:512)
	at java.util.TimerThread.run(Timer.java:462)
Exception in thread &quot;Timer-87&quot; org.elasticsearch.common.util.concurrent.EsRejectedExecutionException: rejected execution of [org.elasticsearch.action.support.master.TransportMasterNodeOperationAction$2]
	at org.elasticsearch.common.util.concurrent.EsAbortPolicy.rejectedExecution(EsAbortPolicy.java:35)
	at java.util.concurrent.ThreadPoolExecutor.reject(ThreadPoolExecutor.java:767)
	at java.util.concurrent.ThreadPoolExecutor.execute(ThreadPoolExecutor.java:658)
	at org.elasticsearch.action.support.master.TransportMasterNodeOperationAction.innerExecute(TransportMasterNodeOperationAction.java:132)
	at org.elasticsearch.action.support.master.TransportMasterNodeOperationAction.doExecute(TransportMasterNodeOperationAction.java:86)
	at org.elasticsearch.action.support.master.TransportMasterNodeOperationAction.doExecute(TransportMasterNodeOperationAction.java:42)
	at org.elasticsearch.action.support.TransportAction.execute(TransportAction.java:61)
	at org.elasticsearch.client.node.NodeClusterAdminClient.execute(NodeClusterAdminClient.java:72)
	at org.elasticsearch.client.support.AbstractClusterAdminClient.health(AbstractClusterAdminClient.java:83)
	at org.elasticsearch.action.admin.cluster.health.ClusterHealthRequestBuilder.doExecute(ClusterHealthRequestBuilder.java:98)
	at org.elasticsearch.action.ActionRequestBuilder.execute(ActionRequestBuilder.java:62)
	at org.elasticsearch.action.ActionRequestBuilder.execute(ActionRequestBuilder.java:57)
	at org.elasticsearch.action.ActionRequestBuilder$execute.call(Unknown Source)
	at com.rackspace.search.elasticsearch.ElasticSearchServer.getHealthInformation(ElasticSearchServer.groovy:55)
	at com.rackspace.search.elasticsearch.ElasticSearchServer.getHealthStatus(ElasticSearchServer.groovy:51)
	at com.rackspace.search.elasticsearch.ElasticSearchServer.waitForYellowStatus(ElasticSearchServer.groovy:69)
	at com.rackspace.search.elasticsearch.ElasticSearchServer$waitForYellowStatus.call(Unknown Source)
	at com.rackspace.search.service.account.CoreAccountUpdateSyncJob.setupJob(CoreAccountUpdateSyncJob.groovy:95)
	at com.rackspace.search.service.account.CoreAccountUpdateSyncJob.this$2$setupJob(CoreAccountUpdateSyncJob.groovy)
	at sun.reflect.NativeMethodAccessorImpl.invoke0(Native Method)
	at sun.reflect.NativeMethodAccessorImpl.invoke(NativeMethodAccessorImpl.java:39)
	at sun.reflect.DelegatingMethodAccessorImpl.invoke(DelegatingMethodAccessorImpl.java:25)
	at java.lang.reflect.Method.invoke(Method.java:597)
	at org.codehaus.groovy.reflection.CachedMethod.invoke(CachedMethod.java:90)
	at groovy.lang.MetaMethod.doMethodInvoke(MetaMethod.java:233)
	at groovy.lang.MetaClassImpl.invokeMethod(MetaClassImpl.java:1085)
	at org.codehaus.groovy.runtime.ScriptBytecodeAdapter.invokeMethodOnCurrentN(ScriptBytecodeAdapter.java:78)
	at com.rackspace.search.service.account.CoreAccountUpdateSyncJob.this$dist$invoke$1(CoreAccountUpdateSyncJob.groovy)
	at com.rackspace.search.service.account.CoreAccountUpdateSyncJob$1.methodMissing(CoreAccountUpdateSyncJob.groovy)
	at sun.reflect.NativeMethodAccessorImpl.invoke0(Native Method)
	at sun.reflect.NativeMethodAccessorImpl.invoke(NativeMethodAccessorImpl.java:39)
	at sun.reflect.DelegatingMethodAccessorImpl.invoke(DelegatingMethodAccessorImpl.java:25)
	at java.lang.reflect.Method.invoke(Method.java:597)
	at org.codehaus.groovy.reflection.CachedMethod.invoke(CachedMethod.java:90)
	at groovy.lang.MetaClassImpl.invokeMissingMethod(MetaClassImpl.java:837)
	at groovy.lang.MetaClassImpl.invokePropertyOrMissing(MetaClassImpl.java:1134)
	at groovy.lang.MetaClassImpl.invokeMethod(MetaClassImpl.java:1087)
	at groovy.lang.MetaClassImpl.invokeMethod(MetaClassImpl.java:909)
	at org.codehaus.groovy.runtime.callsite.PogoMetaClassSite.callCurrent(PogoMetaClassSite.java:66)
	at org.codehaus.groovy.runtime.callsite.AbstractCallSite.callCurrent(AbstractCallSite.java:137)
	at com.rackspace.search.service.account.CoreAccountUpdateSyncJob$1.run(CoreAccountUpdateSyncJob.groovy:78)
	at java.util.TimerThread.mainLoop(Timer.java:512)
	at java.util.TimerThread.run(Timer.java:462)
Exception in thread &quot;Timer-88&quot; org.elasticsearch.common.util.concurrent.EsRejectedExecutionException: rejected execution of [org.elasticsearch.action.support.master.TransportMasterNodeOperationAction$2]
	at org.elasticsearch.common.util.concurrent.EsAbortPolicy.rejectedExecution(EsAbortPolicy.java:35)
	at java.util.concurrent.ThreadPoolExecutor.reject(ThreadPoolExecutor.java:767)
	at java.util.concurrent.ThreadPoolExecutor.execute(ThreadPoolExecutor.java:658)
	at org.elasticsearch.action.support.master.TransportMasterNodeOperationAction.innerExecute(TransportMasterNodeOperationAction.java:132)
	at org.elasticsearch.action.support.master.TransportMasterNodeOperationAction.doExecute(TransportMasterNodeOperationAction.java:86)
	at org.elasticsearch.action.support.master.TransportMasterNodeOperationAction.doExecute(TransportMasterNodeOperationAction.java:42)
	at org.elasticsearch.action.support.TransportAction.execute(TransportAction.java:61)
	at org.elasticsearch.client.node.NodeClusterAdminClient.execute(NodeClusterAdminClient.java:72)
	at org.elasticsearch.client.support.AbstractClusterAdminClient.health(AbstractClusterAdminClient.java:83)
	at org.elasticsearch.action.admin.cluster.health.ClusterHealthRequestBuilder.doExecute(ClusterHealthRequestBuilder.java:98)
	at org.elasticsearch.action.ActionRequestBuilder.execute(ActionRequestBuilder.java:62)
	at org.elasticsearch.action.ActionRequestBuilder.execute(ActionRequestBuilder.java:57)
	at org.elasticsearch.action.ActionRequestBuilder$execute.call(Unknown Source)
	at com.rackspace.search.elasticsearch.ElasticSearchServer.getHealthInformation(ElasticSearchServer.groovy:55)
	at com.rackspace.search.elasticsearch.ElasticSearchServer.getHealthStatus(ElasticSearchServer.groovy:51)
	at com.rackspace.search.elasticsearch.ElasticSearchServer.waitForYellowStatus(ElasticSearchServer.groovy:69)
	at com.rackspace.search.elasticsearch.ElasticSearchServer$waitForYellowStatus.call(Unknown Source)
	at com.rackspace.search.service.admin.AccountOndemandSyncJob.setupJob(AccountOndemandSyncJob.groovy:126)
	at sun.reflect.NativeMethodAccessorImpl.invoke0(Native Method)
	at sun.reflect.NativeMethodAccessorImpl.invoke(NativeMethodAccessorImpl.java:39)
	at sun.reflect.DelegatingMethodAccessorImpl.invoke(DelegatingMethodAccessorImpl.java:25)
	at java.lang.reflect.Method.invoke(Method.java:597)
	at org.codehaus.groovy.reflection.CachedMethod.invoke(CachedMethod.java:90)
	at groovy.lang.MetaMethod.doMethodInvoke(MetaMethod.java:233)
	at groovy.lang.MetaClassImpl.invokeMethod(MetaClassImpl.java:1085)
	at org.codehaus.groovy.runtime.ScriptBytecodeAdapter.invokeMethodOnCurrentN(ScriptBytecodeAdapter.java:78)
	at com.rackspace.search.service.admin.AccountOndemandSyncJob.this$dist$invoke$1(AccountOndemandSyncJob.groovy)
	at com.rackspace.search.service.admin.AccountOndemandSyncJob$1.methodMissing(AccountOndemandSyncJob.groovy)
	at sun.reflect.NativeMethodAccessorImpl.invoke0(Native Method)
	at sun.reflect.NativeMethodAccessorImpl.invoke(NativeMethodAccessorImpl.java:39)
	at sun.reflect.DelegatingMethodAccessorImpl.invoke(DelegatingMethodAccessorImpl.java:25)
	at java.lang.reflect.Method.invoke(Method.java:597)
	at org.codehaus.groovy.reflection.CachedMethod.invoke(CachedMethod.java:90)
	at groovy.lang.MetaClassImpl.invokeMissingMethod(MetaClassImpl.java:837)
	at groovy.lang.MetaClassImpl.invokePropertyOrMissing(MetaClassImpl.java:1134)
	at groovy.lang.MetaClassImpl.invokeMethod(MetaClassImpl.java:1087)
	at groovy.lang.MetaClassImpl.invokeMethod(MetaClassImpl.java:909)
	at org.codehaus.groovy.runtime.callsite.PogoMetaClassSite.callCurrent(PogoMetaClassSite.java:66)
	at org.codehaus.groovy.runtime.callsite.AbstractCallSite.callCurrent(AbstractCallSite.java:137)
	at com.rackspace.search.service.admin.AccountOndemandSyncJob$1.run(AccountOndemandSyncJob.groovy:110)
	at java.util.TimerThread.mainLoop(Timer.java:512)
	at java.util.TimerThread.run(Timer.java:462)
</stderr>
          <failedSince>7</failedSince>
        </case>
        <case>
          <duration>5.535</duration>
          <className>com.rackspace.search.elasticsearch.client.ElasticSearchClientTest</className>
          <testName>should throw Bad Request If the limit value has less than 0</testName>
          <skipped>false</skipped>
          <errorStackTrace>java.lang.NullPointerException: Cannot invoke method getClient() on null object
	at com.rackspace.search.elasticsearch.client.ElasticSearchClientTest.cleanup(ElasticSearchClientTest.groovy:92)
</errorStackTrace>
          <errorDetails>Cannot invoke method getClient() on null object</errorDetails>
          <failedSince>7</failedSince>
        </case>
        <case>
          <duration>5.693</duration>
          <className>com.rackspace.search.elasticsearch.client.ElasticSearchClientTest</className>
          <testName>if there is no value set for limit in the QueryParams\u002C should return default size as 100 </testName>
          <skipped>false</skipped>
          <errorStackTrace>java.lang.IllegalStateException: Failed to load ApplicationContext
	at org.springframework.test.context.TestContext.getApplicationContext(TestContext.java:308)
	at org.springframework.test.context.support.DependencyInjectionTestExecutionListener.injectDependencies(DependencyInjectionTestExecutionListener.java:109)
	at org.springframework.test.context.support.DependencyInjectionTestExecutionListener.prepareTestInstance(DependencyInjectionTestExecutionListener.java:75)
	at org.springframework.test.context.TestContextManager.prepareTestInstance(TestContextManager.java:321)
	at org.spockframework.spring.SpringTestContextManager.prepareTestInstance(SpringTestContextManager.java:49)
	at org.spockframework.spring.SpringInterceptor.interceptSetupMethod(SpringInterceptor.java:42)
	at org.spockframework.runtime.extension.AbstractMethodInterceptor.intercept(AbstractMethodInterceptor.java:28)
	at org.spockframework.runtime.extension.MethodInvocation.proceed(MethodInvocation.java:84)
	at org.spockframework.util.ReflectionUtil.invokeMethod(ReflectionUtil.java:138)
	at org.spockframework.util.ReflectionUtil.invokeMethod(ReflectionUtil.java:138)
	at org.spockframework.util.ReflectionUtil.invokeMethod(ReflectionUtil.java:138)
	at org.apache.maven.surefire.junit4.JUnit4TestSet.execute(JUnit4TestSet.java:53)
	at org.apache.maven.surefire.junit4.JUnit4Provider.executeTestSet(JUnit4Provider.java:123)
	at org.apache.maven.surefire.junit4.JUnit4Provider.invoke(JUnit4Provider.java:104)
	at org.apache.maven.surefire.util.ReflectionUtils.invokeMethodWithArray(ReflectionUtils.java:164)
	at org.apache.maven.surefire.booter.ProviderFactory$ProviderProxy.invoke(ProviderFactory.java:110)
	at org.apache.maven.surefire.booter.SurefireStarter.invokeProvider(SurefireStarter.java:175)
	at org.apache.maven.surefire.booter.SurefireStarter.runSuitesInProcessWhenForked(SurefireStarter.java:107)
	at org.apache.maven.surefire.booter.ForkedBooter.main(ForkedBooter.java:68)
Caused by: org.springframework.beans.factory.BeanCreationException: Error creating bean with name &apos;jobResource&apos;: Injection of autowired dependencies failed; nested exception is org.springframework.beans.factory.BeanCreationException: Could not autowire field: private com.rackspace.search.service.zendesk.ZendeskTicketOngoingSyncJob com.rackspace.search.endpoint.JobResource.zendeskTicketOngoingSyncJob; nested exception is org.springframework.beans.factory.BeanCreationException: Error creating bean with name &apos;zendeskTicketOngoingSyncJob&apos;: Injection of autowired dependencies failed; nested exception is org.springframework.beans.factory.BeanCreationException: Could not autowire field: private com.rackspace.search.service.zendesk.ZendeskTicketOngoingSyncActor com.rackspace.search.service.zendesk.ZendeskTicketOngoingSyncJob.ticketActor; nested exception is org.springframework.beans.factory.BeanCreationException: Error creating bean with name &apos;zendeskTicketOngoingSyncActor&apos;: Injection of autowired dependencies failed; nested exception is org.springframework.beans.factory.BeanCreationException: Could not autowire field: private com.rackspace.search.service.zendesk.ZendeskTicketProcessor com.rackspace.search.service.zendesk.ZendeskTicketOngoingSyncActor.zendeskTicketProcessor; nested exception is org.springframework.beans.factory.BeanCreationException: Error creating bean with name &apos;zendeskTicketProcessor&apos;: Injection of autowired dependencies failed; nested exception is org.springframework.beans.factory.BeanCreationException: Could not autowire field: private java.lang.Object com.rackspace.search.service.zendesk.ZendeskTicketProcessor.zendeskIndexName; nested exception is java.lang.IllegalArgumentException: Could not resolve placeholder &apos;zendesk.index.name&apos;
	at org.springframework.beans.factory.annotation.AutowiredAnnotationBeanPostProcessor.postProcessPropertyValues(AutowiredAnnotationBeanPostProcessor.java:288)
	at org.springframework.beans.factory.support.AbstractAutowireCapableBeanFactory.populateBean(AbstractAutowireCapableBeanFactory.java:1074)
	at org.springframework.beans.factory.support.AbstractAutowireCapableBeanFactory.doCreateBean(AbstractAutowireCapableBeanFactory.java:517)
	at org.springframework.beans.factory.support.AbstractAutowireCapableBeanFactory.createBean(AbstractAutowireCapableBeanFactory.java:456)
	at org.springframework.beans.factory.support.AbstractBeanFactory$1.getObject(AbstractBeanFactory.java:293)
	at org.springframework.beans.factory.support.DefaultSingletonBeanRegistry.getSingleton(DefaultSingletonBeanRegistry.java:222)
	at org.springframework.beans.factory.support.AbstractBeanFactory.doGetBean(AbstractBeanFactory.java:290)
	at org.springframework.beans.factory.support.AbstractBeanFactory.getBean(AbstractBeanFactory.java:192)
	at org.springframework.beans.factory.support.DefaultListableBeanFactory.preInstantiateSingletons(DefaultListableBeanFactory.java:585)
	at org.springframework.context.support.AbstractApplicationContext.finishBeanFactoryInitialization(AbstractApplicationContext.java:895)
	at org.springframework.context.support.AbstractApplicationContext.refresh(AbstractApplicationContext.java:425)
	at org.springframework.test.context.support.AbstractGenericContextLoader.loadContext(AbstractGenericContextLoader.java:84)
	at org.springframework.test.context.support.AbstractGenericContextLoader.loadContext(AbstractGenericContextLoader.java:1)
	at org.springframework.test.context.TestContext.loadApplicationContext(TestContext.java:280)
	at org.springframework.test.context.TestContext.getApplicationContext(TestContext.java:304)
	... 18 more
Caused by: org.springframework.beans.factory.BeanCreationException: Could not autowire field: private com.rackspace.search.service.zendesk.ZendeskTicketOngoingSyncJob com.rackspace.search.endpoint.JobResource.zendeskTicketOngoingSyncJob; nested exception is org.springframework.beans.factory.BeanCreationException: Error creating bean with name &apos;zendeskTicketOngoingSyncJob&apos;: Injection of autowired dependencies failed; nested exception is org.springframework.beans.factory.BeanCreationException: Could not autowire field: private com.rackspace.search.service.zendesk.ZendeskTicketOngoingSyncActor com.rackspace.search.service.zendesk.ZendeskTicketOngoingSyncJob.ticketActor; nested exception is org.springframework.beans.factory.BeanCreationException: Error creating bean with name &apos;zendeskTicketOngoingSyncActor&apos;: Injection of autowired dependencies failed; nested exception is org.springframework.beans.factory.BeanCreationException: Could not autowire field: private com.rackspace.search.service.zendesk.ZendeskTicketProcessor com.rackspace.search.service.zendesk.ZendeskTicketOngoingSyncActor.zendeskTicketProcessor; nested exception is org.springframework.beans.factory.BeanCreationException: Error creating bean with name &apos;zendeskTicketProcessor&apos;: Injection of autowired dependencies failed; nested exception is org.springframework.beans.factory.BeanCreationException: Could not autowire field: private java.lang.Object com.rackspace.search.service.zendesk.ZendeskTicketProcessor.zendeskIndexName; nested exception is java.lang.IllegalArgumentException: Could not resolve placeholder &apos;zendesk.index.name&apos;
	at org.springframework.beans.factory.annotation.AutowiredAnnotationBeanPostProcessor$AutowiredFieldElement.inject(AutowiredAnnotationBeanPostProcessor.java:508)
	at org.springframework.beans.factory.annotation.InjectionMetadata.inject(InjectionMetadata.java:84)
	at org.springframework.beans.factory.annotation.AutowiredAnnotationBeanPostProcessor.postProcessPropertyValues(AutowiredAnnotationBeanPostProcessor.java:285)
	... 32 more
Caused by: org.springframework.beans.factory.BeanCreationException: Error creating bean with name &apos;zendeskTicketOngoingSyncJob&apos;: Injection of autowired dependencies failed; nested exception is org.springframework.beans.factory.BeanCreationException: Could not autowire field: private com.rackspace.search.service.zendesk.ZendeskTicketOngoingSyncActor com.rackspace.search.service.zendesk.ZendeskTicketOngoingSyncJob.ticketActor; nested exception is org.springframework.beans.factory.BeanCreationException: Error creating bean with name &apos;zendeskTicketOngoingSyncActor&apos;: Injection of autowired dependencies failed; nested exception is org.springframework.beans.factory.BeanCreationException: Could not autowire field: private com.rackspace.search.service.zendesk.ZendeskTicketProcessor com.rackspace.search.service.zendesk.ZendeskTicketOngoingSyncActor.zendeskTicketProcessor; nested exception is org.springframework.beans.factory.BeanCreationException: Error creating bean with name &apos;zendeskTicketProcessor&apos;: Injection of autowired dependencies failed; nested exception is org.springframework.beans.factory.BeanCreationException: Could not autowire field: private java.lang.Object com.rackspace.search.service.zendesk.ZendeskTicketProcessor.zendeskIndexName; nested exception is java.lang.IllegalArgumentException: Could not resolve placeholder &apos;zendesk.index.name&apos;
	at org.springframework.beans.factory.annotation.AutowiredAnnotationBeanPostProcessor.postProcessPropertyValues(AutowiredAnnotationBeanPostProcessor.java:288)
	at org.springframework.beans.factory.support.AbstractAutowireCapableBeanFactory.populateBean(AbstractAutowireCapableBeanFactory.java:1074)
	at org.springframework.beans.factory.support.AbstractAutowireCapableBeanFactory.doCreateBean(AbstractAutowireCapableBeanFactory.java:517)
	at org.springframework.beans.factory.support.AbstractAutowireCapableBeanFactory.createBean(AbstractAutowireCapableBeanFactory.java:456)
	at org.springframework.beans.factory.support.AbstractBeanFactory$1.getObject(AbstractBeanFactory.java:293)
	at org.springframework.beans.factory.support.DefaultSingletonBeanRegistry.getSingleton(DefaultSingletonBeanRegistry.java:222)
	at org.springframework.beans.factory.support.AbstractBeanFactory.doGetBean(AbstractBeanFactory.java:290)
	at org.springframework.beans.factory.support.AbstractBeanFactory.getBean(AbstractBeanFactory.java:192)
	at org.springframework.beans.factory.support.DefaultListableBeanFactory.findAutowireCandidates(DefaultListableBeanFactory.java:848)
	at org.springframework.beans.factory.support.DefaultListableBeanFactory.doResolveDependency(DefaultListableBeanFactory.java:790)
	at org.springframework.beans.factory.support.DefaultListableBeanFactory.resolveDependency(DefaultListableBeanFactory.java:707)
	at org.springframework.beans.factory.annotation.AutowiredAnnotationBeanPostProcessor$AutowiredFieldElement.inject(AutowiredAnnotationBeanPostProcessor.java:480)
	... 34 more
Caused by: org.springframework.beans.factory.BeanCreationException: Could not autowire field: private com.rackspace.search.service.zendesk.ZendeskTicketOngoingSyncActor com.rackspace.search.service.zendesk.ZendeskTicketOngoingSyncJob.ticketActor; nested exception is org.springframework.beans.factory.BeanCreationException: Error creating bean with name &apos;zendeskTicketOngoingSyncActor&apos;: Injection of autowired dependencies failed; nested exception is org.springframework.beans.factory.BeanCreationException: Could not autowire field: private com.rackspace.search.service.zendesk.ZendeskTicketProcessor com.rackspace.search.service.zendesk.ZendeskTicketOngoingSyncActor.zendeskTicketProcessor; nested exception is org.springframework.beans.factory.BeanCreationException: Error creating bean with name &apos;zendeskTicketProcessor&apos;: Injection of autowired dependencies failed; nested exception is org.springframework.beans.factory.BeanCreationException: Could not autowire field: private java.lang.Object com.rackspace.search.service.zendesk.ZendeskTicketProcessor.zendeskIndexName; nested exception is java.lang.IllegalArgumentException: Could not resolve placeholder &apos;zendesk.index.name&apos;
	at org.springframework.beans.factory.annotation.AutowiredAnnotationBeanPostProcessor$AutowiredFieldElement.inject(AutowiredAnnotationBeanPostProcessor.java:508)
	at org.springframework.beans.factory.annotation.InjectionMetadata.inject(InjectionMetadata.java:84)
	at org.springframework.beans.factory.annotation.AutowiredAnnotationBeanPostProcessor.postProcessPropertyValues(AutowiredAnnotationBeanPostProcessor.java:285)
	... 45 more
Caused by: org.springframework.beans.factory.BeanCreationException: Error creating bean with name &apos;zendeskTicketOngoingSyncActor&apos;: Injection of autowired dependencies failed; nested exception is org.springframework.beans.factory.BeanCreationException: Could not autowire field: private com.rackspace.search.service.zendesk.ZendeskTicketProcessor com.rackspace.search.service.zendesk.ZendeskTicketOngoingSyncActor.zendeskTicketProcessor; nested exception is org.springframework.beans.factory.BeanCreationException: Error creating bean with name &apos;zendeskTicketProcessor&apos;: Injection of autowired dependencies failed; nested exception is org.springframework.beans.factory.BeanCreationException: Could not autowire field: private java.lang.Object com.rackspace.search.service.zendesk.ZendeskTicketProcessor.zendeskIndexName; nested exception is java.lang.IllegalArgumentException: Could not resolve placeholder &apos;zendesk.index.name&apos;
	at org.springframework.beans.factory.annotation.AutowiredAnnotationBeanPostProcessor.postProcessPropertyValues(AutowiredAnnotationBeanPostProcessor.java:288)
	at org.springframework.beans.factory.support.AbstractAutowireCapableBeanFactory.populateBean(AbstractAutowireCapableBeanFactory.java:1074)
	at org.springframework.beans.factory.support.AbstractAutowireCapableBeanFactory.doCreateBean(AbstractAutowireCapableBeanFactory.java:517)
	at org.springframework.beans.factory.support.AbstractAutowireCapableBeanFactory.createBean(AbstractAutowireCapableBeanFactory.java:456)
	at org.springframework.beans.factory.support.AbstractBeanFactory$1.getObject(AbstractBeanFactory.java:293)
	at org.springframework.beans.factory.support.DefaultSingletonBeanRegistry.getSingleton(DefaultSingletonBeanRegistry.java:222)
	at org.springframework.beans.factory.support.AbstractBeanFactory.doGetBean(AbstractBeanFactory.java:290)
	at org.springframework.beans.factory.support.AbstractBeanFactory.getBean(AbstractBeanFactory.java:192)
	at org.springframework.beans.factory.support.DefaultListableBeanFactory.findAutowireCandidates(DefaultListableBeanFactory.java:848)
	at org.springframework.beans.factory.support.DefaultListableBeanFactory.doResolveDependency(DefaultListableBeanFactory.java:790)
	at org.springframework.beans.factory.support.DefaultListableBeanFactory.resolveDependency(DefaultListableBeanFactory.java:707)
	at org.springframework.beans.factory.annotation.AutowiredAnnotationBeanPostProcessor$AutowiredFieldElement.inject(AutowiredAnnotationBeanPostProcessor.java:480)
	... 47 more
Caused by: org.springframework.beans.factory.BeanCreationException: Could not autowire field: private com.rackspace.search.service.zendesk.ZendeskTicketProcessor com.rackspace.search.service.zendesk.ZendeskTicketOngoingSyncActor.zendeskTicketProcessor; nested exception is org.springframework.beans.factory.BeanCreationException: Error creating bean with name &apos;zendeskTicketProcessor&apos;: Injection of autowired dependencies failed; nested exception is org.springframework.beans.factory.BeanCreationException: Could not autowire field: private java.lang.Object com.rackspace.search.service.zendesk.ZendeskTicketProcessor.zendeskIndexName; nested exception is java.lang.IllegalArgumentException: Could not resolve placeholder &apos;zendesk.index.name&apos;
	at org.springframework.beans.factory.annotation.AutowiredAnnotationBeanPostProcessor$AutowiredFieldElement.inject(AutowiredAnnotationBeanPostProcessor.java:508)
	at org.springframework.beans.factory.annotation.InjectionMetadata.inject(InjectionMetadata.java:84)
	at org.springframework.beans.factory.annotation.AutowiredAnnotationBeanPostProcessor.postProcessPropertyValues(AutowiredAnnotationBeanPostProcessor.java:285)
	... 58 more
Caused by: org.springframework.beans.factory.BeanCreationException: Error creating bean with name &apos;zendeskTicketProcessor&apos;: Injection of autowired dependencies failed; nested exception is org.springframework.beans.factory.BeanCreationException: Could not autowire field: private java.lang.Object com.rackspace.search.service.zendesk.ZendeskTicketProcessor.zendeskIndexName; nested exception is java.lang.IllegalArgumentException: Could not resolve placeholder &apos;zendesk.index.name&apos;
	at org.springframework.beans.factory.annotation.AutowiredAnnotationBeanPostProcessor.postProcessPropertyValues(AutowiredAnnotationBeanPostProcessor.java:288)
	at org.springframework.beans.factory.support.AbstractAutowireCapableBeanFactory.populateBean(AbstractAutowireCapableBeanFactory.java:1074)
	at org.springframework.beans.factory.support.AbstractAutowireCapableBeanFactory.doCreateBean(AbstractAutowireCapableBeanFactory.java:517)
	at org.springframework.beans.factory.support.AbstractAutowireCapableBeanFactory.createBean(AbstractAutowireCapableBeanFactory.java:456)
	at org.springframework.beans.factory.support.AbstractBeanFactory$1.getObject(AbstractBeanFactory.java:293)
	at org.springframework.beans.factory.support.DefaultSingletonBeanRegistry.getSingleton(DefaultSingletonBeanRegistry.java:222)
	at org.springframework.beans.factory.support.AbstractBeanFactory.doGetBean(AbstractBeanFactory.java:290)
	at org.springframework.beans.factory.support.AbstractBeanFactory.getBean(AbstractBeanFactory.java:192)
	at org.springframework.beans.factory.support.DefaultListableBeanFactory.findAutowireCandidates(DefaultListableBeanFactory.java:848)
	at org.springframework.beans.factory.support.DefaultListableBeanFactory.doResolveDependency(DefaultListableBeanFactory.java:790)
	at org.springframework.beans.factory.support.DefaultListableBeanFactory.resolveDependency(DefaultListableBeanFactory.java:707)
	at org.springframework.beans.factory.annotation.AutowiredAnnotationBeanPostProcessor$AutowiredFieldElement.inject(AutowiredAnnotationBeanPostProcessor.java:480)
	... 60 more
Caused by: org.springframework.beans.factory.BeanCreationException: Could not autowire field: private java.lang.Object com.rackspace.search.service.zendesk.ZendeskTicketProcessor.zendeskIndexName; nested exception is java.lang.IllegalArgumentException: Could not resolve placeholder &apos;zendesk.index.name&apos;
	at org.springframework.beans.factory.annotation.AutowiredAnnotationBeanPostProcessor$AutowiredFieldElement.inject(AutowiredAnnotationBeanPostProcessor.java:508)
	at org.springframework.beans.factory.annotation.InjectionMetadata.inject(InjectionMetadata.java:84)
	at org.springframework.beans.factory.annotation.AutowiredAnnotationBeanPostProcessor.postProcessPropertyValues(AutowiredAnnotationBeanPostProcessor.java:285)
	... 71 more
Caused by: java.lang.IllegalArgumentException: Could not resolve placeholder &apos;zendesk.index.name&apos;
	at org.springframework.util.PropertyPlaceholderHelper.parseStringValue(PropertyPlaceholderHelper.java:173)
	at org.springframework.util.PropertyPlaceholderHelper.replacePlaceholders(PropertyPlaceholderHelper.java:125)
	at org.springframework.beans.factory.config.PropertyPlaceholderConfigurer$PlaceholderResolvingStringValueResolver.resolveStringValue(PropertyPlaceholderConfigurer.java:403)
	at org.springframework.beans.factory.support.AbstractBeanFactory.resolveEmbeddedValue(AbstractBeanFactory.java:747)
	at org.springframework.beans.factory.support.DefaultListableBeanFactory.doResolveDependency(DefaultListableBeanFactory.java:717)
	at org.springframework.beans.factory.support.DefaultListableBeanFactory.resolveDependency(DefaultListableBeanFactory.java:707)
	at org.springframework.beans.factory.annotation.AutowiredAnnotationBeanPostProcessor$AutowiredFieldElement.inject(AutowiredAnnotationBeanPostProcessor.java:480)
	... 73 more
</errorStackTrace>
          <errorDetails>Failed to load ApplicationContext</errorDetails>
          <stdout>22:05:43.534 [main] INFO  c.r.s.common.property.PropertyProvider - Loading properties file from file [/var/lib/jenkins/jobs/Samatha Fork/workspace/service/target/properties/local/search.properties]
22:05:43.534 [main] INFO  c.r.s.common.property.PropertyProvider - Loading properties file from file [/var/lib/jenkins/jobs/Samatha Fork/workspace/service/target/properties/local/search.secrets.properties]
22:05:43.534 [main] INFO  c.r.s.common.property.PropertyProvider - Loading properties file from file [/var/lib/jenkins/jobs/Samatha Fork/workspace/service/target/properties/local/elasticsearch.properties]
22:05:43.610 [main] INFO  c.r.s.elasticsearch.ElasticSearchServer - Starting the Elastic Search server node:
22:05:43.613 [main] INFO  org.elasticsearch.node - [ticket.node] {0.90.2}[25471]: initializing ...
22:05:43.614 [main] INFO  org.elasticsearch.plugins - [ticket.node] loaded [action-updatebyquery], sites []
22:05:44.229 [main] INFO  org.elasticsearch.node - [ticket.node] {0.90.2}[25471]: initialized
22:05:44.230 [main] INFO  c.r.s.elasticsearch.ElasticSearchServer - Starting the Elastic Search server node with these settings:
22:05:44.232 [main] INFO  c.r.s.elasticsearch.ElasticSearchServer - Elasticsearch Settings :  [elastic.config.path:/var/lib/jenkins/jobs/Samatha Fork/workspace/service/target/properties/local/elasticsearch, path.data:/var/lib/jenkins/jobs/Samatha Fork/workspace/service/target/elasticsearch/data, cluster.name:ticket.cluster, ticket.search.allowedNestedParams:account.contacts.name,account.contacts.role,account.contacts.sso, core.secondpass.lookbacktime.minutes:15, http.connection.timeout.in.milliseconds:65000, index.analysis.analyzer.search_standard.type:standard, cluster.health.check.wait.time.seconds:120, path.conf:/var/lib/jenkins/jobs/Samatha Fork/workspace/service/target/properties/local/elasticsearch, syncRequest.max.documents.size:250, ticket.ongoingsync.delay.seconds:2, core.account.caching.enabled:true, path.logs:/var/lib/jenkins/jobs/Samatha Fork/workspace/service/target/elasticsearch/logs, http.enabled:true, ticket.document.idName:number, core.api.endpoint:https://ws.integration.core.rackspace.com/ctkapi, transport.tcp.compress:true, account.highprofile.name:HIGH_PROFILE, core.ongoingsync.loopback.time.seconds:120, account.cache.expiration.time.minutes:120, account.api.username:hybrid_ui, ticket.index.name:ticket, admin.index.name:admin, default.page.size:100, indices.structure:/indices_structure.json, account.filter.necessary.updates:true, index.store.fs.memory.enabled:false, index.number_of_shards:5, syncRequest.search.allowedRangeParams:createdAt,lastRunAt,documentLastUpdatedTimestamp, admin.document.type:syncJob, node.data:true, max.page.size:500, node.name:ticket.node, ticket.core.date.timezone:CST, ticket.search.allowedRangeParams:createdAt,updatedAt,lastPublicCommentDate,updateEventDate,documentLastUpdatedTimestamp, account.document.type:account, core.driver.class:org.postgresql.Driver, ticket.cache.expiration.time.minutes:120, core.api.username:rcameron, syncRequest.document.idName:id, discovery.zen.ping.multicast.enabled:false, core.db.url:jdbc:postgresql://integration.db.core.rackspace.com:5432/core_dev, account.update.tickets.pageSize:250, core.account.updates.enabled:true, account.document.versionParam:updatedAt, index.analysis.analyzer.search_standard.filter:[lowercase], bootstrap.mlockall:true, ticket.core.dateformat:yyyy-MM-dd HH:mm:ss, coreaccount.document.type:coreaccount, coreticket.onetimesync.usedb:true, node.master:true, coreaccount.document.idName:id, syncRequest.document.type:syncRequest, core.account.filter.necessary.updates:true, index.number_of_replicas:0, account.api.events.path:v1.0/accounts/events.atom, account.index.name:account, ticket.document.versionParam:updateEventDate, ticket.core.dateformat.with.millis:yyyy-MM-dd HH:mm:ss.SSSSSS, core.account.cache.expiration.time.minutes:120, ticket.document.type:ticket, account.caching.enabled:true, coreaccount.document.versionParam:updatedAt, ticket.caching.enabled:true, admin.document.idName:name, syncRequest.search.allowedTermParams:documentType,status,createdAt,lastRunAt,documentLastUpdatedTimestamp, core.secondpass.enabled:true, account.api.accounts.path:v1.0/accounts, cluster.routing.allocation.awareness.attributes:machine, facets.display.count:100, core.db.username:usq_read, node.machine:ticket.node, syncRequest.index.name:admin, ticket.search.allowedTermParams:sourceSystem,number,createdAt,updatedAt,updateEventDate,lastPublicCommentDate,status,queue.name,category,categoryObj.name,categoryObj.id,priority,assignee.name,hasWindowsServers,hasLinuxServers,severityName,assignee.sso,queue.id,accountServiceLevel,accountTeamTerritoryCode,account.serviceLevel,account.teamTerritoryCode,statusTypes,account.team,account.id,account.rcn,account.status,account.highProfile,documentLastUpdatedTimestamp,account.teamSegment,submitter.name,submitter.sso,account.contacts.name,account.contacts.role,account.contacts.sso,subCategoryObj.name,subCategoryObj.id,assignee.id,submitter.id, use.updateByQueryPlugin:false, account.api.endpoint:https://test.account.api.rackspace.com/, updated.timestamp.field.name:documentLastUpdatedTimestamp, ticket.elastic.dateformat:yyyy-MM-dd&apos;T&apos;HH:mm:ss.SSSZ, action.auto_create_index:1, account.document.idName:id, name:ticket.node] 
22:05:44.233 [main] INFO  org.elasticsearch.node - [ticket.node] {0.90.2}[25471]: starting ...
22:05:44.238 [main] INFO  org.elasticsearch.transport - [ticket.node] bound_address {inet[/0:0:0:0:0:0:0:0:9300]}, publish_address {inet[/10.14.208.252:9300]}
22:05:47.450 [elasticsearch[ticket.node][clusterService#updateTask][T#1]] INFO  org.elasticsearch.cluster.service - [ticket.node] new_master [ticket.node][jPxeTNLETn636mU6Ykl7Vg][inet[/10.14.208.252:9300]]{machine=ticket.node, master=true}, reason: zen-disco-join (elected_as_master)
22:05:47.459 [main] INFO  org.elasticsearch.discovery - [ticket.node] ticket.cluster/jPxeTNLETn636mU6Ykl7Vg
22:05:47.691 [main] INFO  org.elasticsearch.http - [ticket.node] bound_address {inet[/0:0:0:0:0:0:0:0:9200]}, publish_address {inet[/10.14.208.252:9200]}
22:05:47.691 [main] INFO  org.elasticsearch.node - [ticket.node] {0.90.2}[25471]: started
22:05:47.691 [main] INFO  c.r.s.elasticsearch.ElasticSearchServer - Elastic Search server is started.
22:05:47.692 [main] INFO  c.r.s.elasticsearch.ElasticSearchServer - ES cluster status is RED. Waiting for ES recovery.
22:05:47.901 [main] INFO  c.r.s.elasticsearch.ElasticSearchServer - Elastic Search Cluster Staus is GREEN
22:05:48.487 [elasticsearch[ticket.node][clusterService#updateTask][T#1]] INFO  org.elasticsearch.gateway - [ticket.node] recovered [0] indices into cluster_state
22:05:48.596 [main] ERROR c.r.s.e.client.ElasticSearchClient - Index is missing
org.elasticsearch.indices.IndexMissingException: [admin] missing
	at org.elasticsearch.cluster.metadata.MetaData.concreteIndex(MetaData.java:616) ~[elasticsearch-0.90.2.jar:na]
	at org.elasticsearch.action.get.TransportGetAction.resolveRequest(TransportGetAction.java:90) ~[elasticsearch-0.90.2.jar:na]
	at org.elasticsearch.action.get.TransportGetAction.resolveRequest(TransportGetAction.java:42) ~[elasticsearch-0.90.2.jar:na]
	at org.elasticsearch.action.support.single.shard.TransportShardSingleOperationAction$AsyncSingleAction.&lt;init&gt;(TransportShardSingleOperationAction.java:114) ~[elasticsearch-0.90.2.jar:na]
	at org.elasticsearch.action.support.single.shard.TransportShardSingleOperationAction$AsyncSingleAction.&lt;init&gt;(TransportShardSingleOperationAction.java:94) ~[elasticsearch-0.90.2.jar:na]
	at org.elasticsearch.action.support.single.shard.TransportShardSingleOperationAction.doExecute(TransportShardSingleOperationAction.java:71) ~[elasticsearch-0.90.2.jar:na]
	at org.elasticsearch.action.support.single.shard.TransportShardSingleOperationAction.doExecute(TransportShardSingleOperationAction.java:46) ~[elasticsearch-0.90.2.jar:na]
	at org.elasticsearch.action.support.TransportAction.execute(TransportAction.java:61) ~[elasticsearch-0.90.2.jar:na]
	at org.elasticsearch.client.node.NodeClient.execute(NodeClient.java:92) ~[elasticsearch-0.90.2.jar:na]
	at org.elasticsearch.client.support.AbstractClient.get(AbstractClient.java:179) ~[elasticsearch-0.90.2.jar:na]
	at org.elasticsearch.action.get.GetRequestBuilder.doExecute(GetRequestBuilder.java:112) ~[elasticsearch-0.90.2.jar:na]
	at org.elasticsearch.action.ActionRequestBuilder.execute(ActionRequestBuilder.java:62) ~[elasticsearch-0.90.2.jar:na]
	at org.elasticsearch.action.ActionRequestBuilder.execute(ActionRequestBuilder.java:57) ~[elasticsearch-0.90.2.jar:na]
	at org.elasticsearch.action.ActionRequestBuilder$execute.call(Unknown Source) ~[na:na]
	at com.rackspace.search.elasticsearch.client.ElasticSearchClient.getDocument(ElasticSearchClient.groovy:209) ~[classes/:na]
	at com.rackspace.search.elasticsearch.client.ElasticSearchClient$getDocument.call(Unknown Source) [classes/:na]
	at com.rackspace.search.service.JobService.getJob(JobService.groovy:56) [classes/:na]
	at com.rackspace.search.service.JobService$getJob$0.callCurrent(Unknown Source) [classes/:na]
	at com.rackspace.search.service.JobService.getJob(JobService.groovy:52) [classes/:na]
	at com.rackspace.search.service.JobService$getJob.call(Unknown Source) [classes/:na]
	at com.rackspace.search.service.admin.AccountOndemandSyncJob.windupActivities(AccountOndemandSyncJob.groovy:119) [classes/:na]
	at sun.reflect.NativeMethodAccessorImpl.invoke0(Native Method) ~[na:1.6.0_38]
	at sun.reflect.NativeMethodAccessorImpl.invoke(NativeMethodAccessorImpl.java:39) ~[na:1.6.0_38]
	at sun.reflect.DelegatingMethodAccessorImpl.invoke(DelegatingMethodAccessorImpl.java:25) ~[na:1.6.0_38]
	at java.lang.reflect.Method.invoke(Method.java:597) ~[na:1.6.0_38]
	at org.springframework.beans.factory.annotation.InitDestroyAnnotationBeanPostProcessor$LifecycleElement.invoke(InitDestroyAnnotationBeanPostProcessor.java:340) [spring-beans-3.0.6.RELEASE.jar:3.0.6.RELEASE]
	at org.springframework.beans.factory.annotation.InitDestroyAnnotationBeanPostProcessor$LifecycleMetadata.invokeDestroyMethods(InitDestroyAnnotationBeanPostProcessor.java:305) [spring-beans-3.0.6.RELEASE.jar:3.0.6.RELEASE]
	at org.springframework.beans.factory.annotation.InitDestroyAnnotationBeanPostProcessor.postProcessBeforeDestruction(InitDestroyAnnotationBeanPostProcessor.java:148) [spring-beans-3.0.6.RELEASE.jar:3.0.6.RELEASE]
	at org.springframework.beans.factory.support.DisposableBeanAdapter.destroy(DisposableBeanAdapter.java:166) [spring-beans-3.0.6.RELEASE.jar:3.0.6.RELEASE]
	at org.springframework.beans.factory.support.DefaultSingletonBeanRegistry.destroyBean(DefaultSingletonBeanRegistry.java:487) [spring-beans-3.0.6.RELEASE.jar:3.0.6.RELEASE]
	at org.springframework.beans.factory.support.DefaultSingletonBeanRegistry.destroySingleton(DefaultSingletonBeanRegistry.java:463) [spring-beans-3.0.6.RELEASE.jar:3.0.6.RELEASE]
	at org.springframework.beans.factory.support.DefaultSingletonBeanRegistry.destroySingletons(DefaultSingletonBeanRegistry.java:431) [spring-beans-3.0.6.RELEASE.jar:3.0.6.RELEASE]
	at org.springframework.context.support.AbstractApplicationContext.destroyBeans(AbstractApplicationContext.java:1048) [spring-context-3.0.6.RELEASE.jar:3.0.6.RELEASE]
	at org.springframework.context.support.AbstractApplicationContext.refresh(AbstractApplicationContext.java:433) [spring-context-3.0.6.RELEASE.jar:3.0.6.RELEASE]
	at org.springframework.test.context.support.AbstractGenericContextLoader.loadContext(AbstractGenericContextLoader.java:84) [spring-test-3.0.6.RELEASE.jar:3.0.6.RELEASE]
	at org.springframework.test.context.support.AbstractGenericContextLoader.loadContext(AbstractGenericContextLoader.java:1) [spring-test-3.0.6.RELEASE.jar:3.0.6.RELEASE]
	at org.springframework.test.context.TestContext.loadApplicationContext(TestContext.java:280) [spring-test-3.0.6.RELEASE.jar:3.0.6.RELEASE]
	at org.springframework.test.context.TestContext.getApplicationContext(TestContext.java:304) [spring-test-3.0.6.RELEASE.jar:3.0.6.RELEASE]
	at org.springframework.test.context.support.DependencyInjectionTestExecutionListener.injectDependencies(DependencyInjectionTestExecutionListener.java:109) [spring-test-3.0.6.RELEASE.jar:3.0.6.RELEASE]
	at org.springframework.test.context.support.DependencyInjectionTestExecutionListener.prepareTestInstance(DependencyInjectionTestExecutionListener.java:75) [spring-test-3.0.6.RELEASE.jar:3.0.6.RELEASE]
	at org.springframework.test.context.TestContextManager.prepareTestInstance(TestContextManager.java:321) [spring-test-3.0.6.RELEASE.jar:3.0.6.RELEASE]
	at org.spockframework.spring.SpringTestContextManager.prepareTestInstance(SpringTestContextManager.java:49) [spock-spring-0.7-groovy-2.0.jar:na]
	at org.spockframework.spring.SpringInterceptor.interceptSetupMethod(SpringInterceptor.java:42) [spock-spring-0.7-groovy-2.0.jar:na]
	at org.spockframework.runtime.extension.AbstractMethodInterceptor.intercept(AbstractMethodInterceptor.java:28) [spock-core-0.7-groovy-2.0.jar:na]
	at org.spockframework.runtime.extension.MethodInvocation.proceed(MethodInvocation.java:84) [spock-core-0.7-groovy-2.0.jar:na]
	at org.spockframework.runtime.BaseSpecRunner.invoke(BaseSpecRunner.java:319) [spock-core-0.7-groovy-2.0.jar:na]
	at org.spockframework.runtime.BaseSpecRunner.invokeSetup(BaseSpecRunner.java:279) [spock-core-0.7-groovy-2.0.jar:na]
	at org.spockframework.runtime.BaseSpecRunner.doRunIteration(BaseSpecRunner.java:255) [spock-core-0.7-groovy-2.0.jar:na]
	at sun.reflect.GeneratedMethodAccessor5.invoke(Unknown Source) ~[na:na]
	at sun.reflect.DelegatingMethodAccessorImpl.invoke(DelegatingMethodAccessorImpl.java:25) ~[na:1.6.0_38]
	at java.lang.reflect.Method.invoke(Method.java:597) ~[na:1.6.0_38]
	at org.spockframework.util.ReflectionUtil.invokeMethod(ReflectionUtil.java:138) [spock-core-0.7-groovy-2.0.jar:na]
	at org.spockframework.runtime.BaseSpecRunner.invokeRaw(BaseSpecRunner.java:330) [spock-core-0.7-groovy-2.0.jar:na]
	at org.spockframework.runtime.BaseSpecRunner.invoke(BaseSpecRunner.java:311) [spock-core-0.7-groovy-2.0.jar:na]
	at org.spockframework.runtime.BaseSpecRunner.runIteration(BaseSpecRunner.java:223) [spock-core-0.7-groovy-2.0.jar:na]
	at org.spockframework.runtime.BaseSpecRunner.initializeAndRunIteration(BaseSpecRunner.java:214) [spock-core-0.7-groovy-2.0.jar:na]
	at org.spockframework.runtime.BaseSpecRunner.runSimpleFeature(BaseSpecRunner.java:205) [spock-core-0.7-groovy-2.0.jar:na]
	at org.spockframework.runtime.BaseSpecRunner.doRunFeature(BaseSpecRunner.java:199) [spock-core-0.7-groovy-2.0.jar:na]
	at sun.reflect.GeneratedMethodAccessor7.invoke(Unknown Source) ~[na:na]
	at sun.reflect.DelegatingMethodAccessorImpl.invoke(DelegatingMethodAccessorImpl.java:25) ~[na:1.6.0_38]
	at java.lang.reflect.Method.invoke(Method.java:597) ~[na:1.6.0_38]
	at org.spockframework.util.ReflectionUtil.invokeMethod(ReflectionUtil.java:138) [spock-core-0.7-groovy-2.0.jar:na]
	at org.spockframework.runtime.BaseSpecRunner.invokeRaw(BaseSpecRunner.java:330) [spock-core-0.7-groovy-2.0.jar:na]
	at org.spockframework.runtime.BaseSpecRunner.invoke(BaseSpecRunner.java:311) [spock-core-0.7-groovy-2.0.jar:na]
	at org.spockframework.runtime.BaseSpecRunner.runFeature(BaseSpecRunner.java:175) [spock-core-0.7-groovy-2.0.jar:na]
	at org.spockframework.runtime.BaseSpecRunner.runFeatures(BaseSpecRunner.java:152) [spock-core-0.7-groovy-2.0.jar:na]
	at org.spockframework.runtime.BaseSpecRunner.doRunSpec(BaseSpecRunner.java:112) [spock-core-0.7-groovy-2.0.jar:na]
	at sun.reflect.GeneratedMethodAccessor11.invoke(Unknown Source) ~[na:na]
	at sun.reflect.DelegatingMethodAccessorImpl.invoke(DelegatingMethodAccessorImpl.java:25) ~[na:1.6.0_38]
	at java.lang.reflect.Method.invoke(Method.java:597) ~[na:1.6.0_38]
	at org.spockframework.util.ReflectionUtil.invokeMethod(ReflectionUtil.java:138) [spock-core-0.7-groovy-2.0.jar:na]
	at org.spockframework.runtime.BaseSpecRunner.invokeRaw(BaseSpecRunner.java:330) [spock-core-0.7-groovy-2.0.jar:na]
	at org.spockframework.runtime.BaseSpecRunner.invoke(BaseSpecRunner.java:311) [spock-core-0.7-groovy-2.0.jar:na]
	at org.spockframework.runtime.BaseSpecRunner.runSpec(BaseSpecRunner.java:91) [spock-core-0.7-groovy-2.0.jar:na]
	at org.spockframework.runtime.BaseSpecRunner.run(BaseSpecRunner.java:82) [spock-core-0.7-groovy-2.0.jar:na]
	at org.spockframework.runtime.Sputnik.run(Sputnik.java:63) [spock-core-0.7-groovy-2.0.jar:na]
	at org.apache.maven.surefire.junit4.JUnit4TestSet.execute(JUnit4TestSet.java:53) [surefire-junit4-2.10.jar:2.10]
	at org.apache.maven.surefire.junit4.JUnit4Provider.executeTestSet(JUnit4Provider.java:123) [surefire-junit4-2.10.jar:2.10]
	at org.apache.maven.surefire.junit4.JUnit4Provider.invoke(JUnit4Provider.java:104) [surefire-junit4-2.10.jar:2.10]
	at sun.reflect.NativeMethodAccessorImpl.invoke0(Native Method) ~[na:1.6.0_38]
	at sun.reflect.NativeMethodAccessorImpl.invoke(NativeMethodAccessorImpl.java:39) ~[na:1.6.0_38]
	at sun.reflect.DelegatingMethodAccessorImpl.invoke(DelegatingMethodAccessorImpl.java:25) ~[na:1.6.0_38]
	at java.lang.reflect.Method.invoke(Method.java:597) ~[na:1.6.0_38]
	at org.apache.maven.surefire.util.ReflectionUtils.invokeMethodWithArray(ReflectionUtils.java:164) [surefire-api-2.10.jar:2.10]
	at org.apache.maven.surefire.booter.ProviderFactory$ProviderProxy.invoke(ProviderFactory.java:110) [surefire-booter-2.10.jar:2.10]
	at org.apache.maven.surefire.booter.SurefireStarter.invokeProvider(SurefireStarter.java:175) [surefire-booter-2.10.jar:2.10]
	at org.apache.maven.surefire.booter.SurefireStarter.runSuitesInProcessWhenForked(SurefireStarter.java:107) [surefire-booter-2.10.jar:2.10]
	at org.apache.maven.surefire.booter.ForkedBooter.main(ForkedBooter.java:68) [surefire-booter-2.10.jar:2.10]
22:05:48.597 [main] WARN  o.s.c.a.CommonAnnotationBeanPostProcessor - Invocation of destroy method failed on bean with name &apos;accountOndemandSyncJob&apos;: com.rackspace.search.exception.NotFoundException: Index is missing
22:05:48.602 [main] ERROR c.r.s.e.client.ElasticSearchClient - Index is missing
org.elasticsearch.indices.IndexMissingException: [admin] missing
	at org.elasticsearch.cluster.metadata.MetaData.concreteIndex(MetaData.java:616) ~[elasticsearch-0.90.2.jar:na]
	at org.elasticsearch.action.get.TransportGetAction.resolveRequest(TransportGetAction.java:90) ~[elasticsearch-0.90.2.jar:na]
	at org.elasticsearch.action.get.TransportGetAction.resolveRequest(TransportGetAction.java:42) ~[elasticsearch-0.90.2.jar:na]
	at org.elasticsearch.action.support.single.shard.TransportShardSingleOperationAction$AsyncSingleAction.&lt;init&gt;(TransportShardSingleOperationAction.java:114) ~[elasticsearch-0.90.2.jar:na]
	at org.elasticsearch.action.support.single.shard.TransportShardSingleOperationAction$AsyncSingleAction.&lt;init&gt;(TransportShardSingleOperationAction.java:94) ~[elasticsearch-0.90.2.jar:na]
	at org.elasticsearch.action.support.single.shard.TransportShardSingleOperationAction.doExecute(TransportShardSingleOperationAction.java:71) ~[elasticsearch-0.90.2.jar:na]
	at org.elasticsearch.action.support.single.shard.TransportShardSingleOperationAction.doExecute(TransportShardSingleOperationAction.java:46) ~[elasticsearch-0.90.2.jar:na]
	at org.elasticsearch.action.support.TransportAction.execute(TransportAction.java:61) ~[elasticsearch-0.90.2.jar:na]
	at org.elasticsearch.client.node.NodeClient.execute(NodeClient.java:92) ~[elasticsearch-0.90.2.jar:na]
	at org.elasticsearch.client.support.AbstractClient.get(AbstractClient.java:179) ~[elasticsearch-0.90.2.jar:na]
	at org.elasticsearch.action.get.GetRequestBuilder.doExecute(GetRequestBuilder.java:112) ~[elasticsearch-0.90.2.jar:na]
	at org.elasticsearch.action.ActionRequestBuilder.execute(ActionRequestBuilder.java:62) ~[elasticsearch-0.90.2.jar:na]
	at org.elasticsearch.action.ActionRequestBuilder.execute(ActionRequestBuilder.java:57) ~[elasticsearch-0.90.2.jar:na]
	at org.elasticsearch.action.ActionRequestBuilder$execute.call(Unknown Source) ~[na:na]
	at com.rackspace.search.elasticsearch.client.ElasticSearchClient.getDocument(ElasticSearchClient.groovy:209) ~[classes/:na]
	at com.rackspace.search.elasticsearch.client.ElasticSearchClient$getDocument.call(Unknown Source) [classes/:na]
	at com.rackspace.search.service.JobService.getJob(JobService.groovy:56) [classes/:na]
	at com.rackspace.search.service.JobService$getJob$0.callCurrent(Unknown Source) [classes/:na]
	at com.rackspace.search.service.JobService.getJob(JobService.groovy:52) [classes/:na]
	at com.rackspace.search.service.JobService$getJob.call(Unknown Source) [classes/:na]
	at com.rackspace.search.service.account.CoreAccountOnetimeSyncJob.windupActivities(CoreAccountOnetimeSyncJob.groovy:58) [classes/:na]
	at sun.reflect.NativeMethodAccessorImpl.invoke0(Native Method) ~[na:1.6.0_38]
	at sun.reflect.NativeMethodAccessorImpl.invoke(NativeMethodAccessorImpl.java:39) ~[na:1.6.0_38]
	at sun.reflect.DelegatingMethodAccessorImpl.invoke(DelegatingMethodAccessorImpl.java:25) ~[na:1.6.0_38]
	at java.lang.reflect.Method.invoke(Method.java:597) ~[na:1.6.0_38]
	at org.springframework.beans.factory.annotation.InitDestroyAnnotationBeanPostProcessor$LifecycleElement.invoke(InitDestroyAnnotationBeanPostProcessor.java:340) [spring-beans-3.0.6.RELEASE.jar:3.0.6.RELEASE]
	at org.springframework.beans.factory.annotation.InitDestroyAnnotationBeanPostProcessor$LifecycleMetadata.invokeDestroyMethods(InitDestroyAnnotationBeanPostProcessor.java:305) [spring-beans-3.0.6.RELEASE.jar:3.0.6.RELEASE]
	at org.springframework.beans.factory.annotation.InitDestroyAnnotationBeanPostProcessor.postProcessBeforeDestruction(InitDestroyAnnotationBeanPostProcessor.java:148) [spring-beans-3.0.6.RELEASE.jar:3.0.6.RELEASE]
	at org.springframework.beans.factory.support.DisposableBeanAdapter.destroy(DisposableBeanAdapter.java:166) [spring-beans-3.0.6.RELEASE.jar:3.0.6.RELEASE]
	at org.springframework.beans.factory.support.DefaultSingletonBeanRegistry.destroyBean(DefaultSingletonBeanRegistry.java:487) [spring-beans-3.0.6.RELEASE.jar:3.0.6.RELEASE]
	at org.springframework.beans.factory.support.DefaultSingletonBeanRegistry.destroySingleton(DefaultSingletonBeanRegistry.java:463) [spring-beans-3.0.6.RELEASE.jar:3.0.6.RELEASE]
	at org.springframework.beans.factory.support.DefaultSingletonBeanRegistry.destroySingletons(DefaultSingletonBeanRegistry.java:431) [spring-beans-3.0.6.RELEASE.jar:3.0.6.RELEASE]
	at org.springframework.context.support.AbstractApplicationContext.destroyBeans(AbstractApplicationContext.java:1048) [spring-context-3.0.6.RELEASE.jar:3.0.6.RELEASE]
	at org.springframework.context.support.AbstractApplicationContext.refresh(AbstractApplicationContext.java:433) [spring-context-3.0.6.RELEASE.jar:3.0.6.RELEASE]
	at org.springframework.test.context.support.AbstractGenericContextLoader.loadContext(AbstractGenericContextLoader.java:84) [spring-test-3.0.6.RELEASE.jar:3.0.6.RELEASE]
	at org.springframework.test.context.support.AbstractGenericContextLoader.loadContext(AbstractGenericContextLoader.java:1) [spring-test-3.0.6.RELEASE.jar:3.0.6.RELEASE]
	at org.springframework.test.context.TestContext.loadApplicationContext(TestContext.java:280) [spring-test-3.0.6.RELEASE.jar:3.0.6.RELEASE]
	at org.springframework.test.context.TestContext.getApplicationContext(TestContext.java:304) [spring-test-3.0.6.RELEASE.jar:3.0.6.RELEASE]
	at org.springframework.test.context.support.DependencyInjectionTestExecutionListener.injectDependencies(DependencyInjectionTestExecutionListener.java:109) [spring-test-3.0.6.RELEASE.jar:3.0.6.RELEASE]
	at org.springframework.test.context.support.DependencyInjectionTestExecutionListener.prepareTestInstance(DependencyInjectionTestExecutionListener.java:75) [spring-test-3.0.6.RELEASE.jar:3.0.6.RELEASE]
	at org.springframework.test.context.TestContextManager.prepareTestInstance(TestContextManager.java:321) [spring-test-3.0.6.RELEASE.jar:3.0.6.RELEASE]
	at org.spockframework.spring.SpringTestContextManager.prepareTestInstance(SpringTestContextManager.java:49) [spock-spring-0.7-groovy-2.0.jar:na]
	at org.spockframework.spring.SpringInterceptor.interceptSetupMethod(SpringInterceptor.java:42) [spock-spring-0.7-groovy-2.0.jar:na]
	at org.spockframework.runtime.extension.AbstractMethodInterceptor.intercept(AbstractMethodInterceptor.java:28) [spock-core-0.7-groovy-2.0.jar:na]
	at org.spockframework.runtime.extension.MethodInvocation.proceed(MethodInvocation.java:84) [spock-core-0.7-groovy-2.0.jar:na]
	at org.spockframework.runtime.BaseSpecRunner.invoke(BaseSpecRunner.java:319) [spock-core-0.7-groovy-2.0.jar:na]
	at org.spockframework.runtime.BaseSpecRunner.invokeSetup(BaseSpecRunner.java:279) [spock-core-0.7-groovy-2.0.jar:na]
	at org.spockframework.runtime.BaseSpecRunner.doRunIteration(BaseSpecRunner.java:255) [spock-core-0.7-groovy-2.0.jar:na]
	at sun.reflect.GeneratedMethodAccessor5.invoke(Unknown Source) ~[na:na]
	at sun.reflect.DelegatingMethodAccessorImpl.invoke(DelegatingMethodAccessorImpl.java:25) ~[na:1.6.0_38]
	at java.lang.reflect.Method.invoke(Method.java:597) ~[na:1.6.0_38]
	at org.spockframework.util.ReflectionUtil.invokeMethod(ReflectionUtil.java:138) [spock-core-0.7-groovy-2.0.jar:na]
	at org.spockframework.runtime.BaseSpecRunner.invokeRaw(BaseSpecRunner.java:330) [spock-core-0.7-groovy-2.0.jar:na]
	at org.spockframework.runtime.BaseSpecRunner.invoke(BaseSpecRunner.java:311) [spock-core-0.7-groovy-2.0.jar:na]
	at org.spockframework.runtime.BaseSpecRunner.runIteration(BaseSpecRunner.java:223) [spock-core-0.7-groovy-2.0.jar:na]
	at org.spockframework.runtime.BaseSpecRunner.initializeAndRunIteration(BaseSpecRunner.java:214) [spock-core-0.7-groovy-2.0.jar:na]
	at org.spockframework.runtime.BaseSpecRunner.runSimpleFeature(BaseSpecRunner.java:205) [spock-core-0.7-groovy-2.0.jar:na]
	at org.spockframework.runtime.BaseSpecRunner.doRunFeature(BaseSpecRunner.java:199) [spock-core-0.7-groovy-2.0.jar:na]
	at sun.reflect.GeneratedMethodAccessor7.invoke(Unknown Source) ~[na:na]
	at sun.reflect.DelegatingMethodAccessorImpl.invoke(DelegatingMethodAccessorImpl.java:25) ~[na:1.6.0_38]
	at java.lang.reflect.Method.invoke(Method.java:597) ~[na:1.6.0_38]
	at org.spockframework.util.ReflectionUtil.invokeMethod(ReflectionUtil.java:138) [spock-core-0.7-groovy-2.0.jar:na]
	at org.spockframework.runtime.BaseSpecRunner.invokeRaw(BaseSpecRunner.java:330) [spock-core-0.7-groovy-2.0.jar:na]
	at org.spockframework.runtime.BaseSpecRunner.invoke(BaseSpecRunner.java:311) [spock-core-0.7-groovy-2.0.jar:na]
	at org.spockframework.runtime.BaseSpecRunner.runFeature(BaseSpecRunner.java:175) [spock-core-0.7-groovy-2.0.jar:na]
	at org.spockframework.runtime.BaseSpecRunner.runFeatures(BaseSpecRunner.java:152) [spock-core-0.7-groovy-2.0.jar:na]
	at org.spockframework.runtime.BaseSpecRunner.doRunSpec(BaseSpecRunner.java:112) [spock-core-0.7-groovy-2.0.jar:na]
	at sun.reflect.GeneratedMethodAccessor11.invoke(Unknown Source) ~[na:na]
	at sun.reflect.DelegatingMethodAccessorImpl.invoke(DelegatingMethodAccessorImpl.java:25) ~[na:1.6.0_38]
	at java.lang.reflect.Method.invoke(Method.java:597) ~[na:1.6.0_38]
	at org.spockframework.util.ReflectionUtil.invokeMethod(ReflectionUtil.java:138) [spock-core-0.7-groovy-2.0.jar:na]
	at org.spockframework.runtime.BaseSpecRunner.invokeRaw(BaseSpecRunner.java:330) [spock-core-0.7-groovy-2.0.jar:na]
	at org.spockframework.runtime.BaseSpecRunner.invoke(BaseSpecRunner.java:311) [spock-core-0.7-groovy-2.0.jar:na]
	at org.spockframework.runtime.BaseSpecRunner.runSpec(BaseSpecRunner.java:91) [spock-core-0.7-groovy-2.0.jar:na]
	at org.spockframework.runtime.BaseSpecRunner.run(BaseSpecRunner.java:82) [spock-core-0.7-groovy-2.0.jar:na]
	at org.spockframework.runtime.Sputnik.run(Sputnik.java:63) [spock-core-0.7-groovy-2.0.jar:na]
	at org.apache.maven.surefire.junit4.JUnit4TestSet.execute(JUnit4TestSet.java:53) [surefire-junit4-2.10.jar:2.10]
	at org.apache.maven.surefire.junit4.JUnit4Provider.executeTestSet(JUnit4Provider.java:123) [surefire-junit4-2.10.jar:2.10]
	at org.apache.maven.surefire.junit4.JUnit4Provider.invoke(JUnit4Provider.java:104) [surefire-junit4-2.10.jar:2.10]
	at sun.reflect.NativeMethodAccessorImpl.invoke0(Native Method) ~[na:1.6.0_38]
	at sun.reflect.NativeMethodAccessorImpl.invoke(NativeMethodAccessorImpl.java:39) ~[na:1.6.0_38]
	at sun.reflect.DelegatingMethodAccessorImpl.invoke(DelegatingMethodAccessorImpl.java:25) ~[na:1.6.0_38]
	at java.lang.reflect.Method.invoke(Method.java:597) ~[na:1.6.0_38]
	at org.apache.maven.surefire.util.ReflectionUtils.invokeMethodWithArray(ReflectionUtils.java:164) [surefire-api-2.10.jar:2.10]
	at org.apache.maven.surefire.booter.ProviderFactory$ProviderProxy.invoke(ProviderFactory.java:110) [surefire-booter-2.10.jar:2.10]
	at org.apache.maven.surefire.booter.SurefireStarter.invokeProvider(SurefireStarter.java:175) [surefire-booter-2.10.jar:2.10]
	at org.apache.maven.surefire.booter.SurefireStarter.runSuitesInProcessWhenForked(SurefireStarter.java:107) [surefire-booter-2.10.jar:2.10]
	at org.apache.maven.surefire.booter.ForkedBooter.main(ForkedBooter.java:68) [surefire-booter-2.10.jar:2.10]
22:05:48.603 [main] WARN  o.s.c.a.CommonAnnotationBeanPostProcessor - Invocation of destroy method failed on bean with name &apos;coreAccountOnetimeSyncJob&apos;: com.rackspace.search.exception.NotFoundException: Index is missing
22:05:48.607 [main] ERROR c.r.s.e.client.ElasticSearchClient - Index is missing
org.elasticsearch.indices.IndexMissingException: [admin] missing
	at org.elasticsearch.cluster.metadata.MetaData.concreteIndex(MetaData.java:616) ~[elasticsearch-0.90.2.jar:na]
	at org.elasticsearch.action.get.TransportGetAction.resolveRequest(TransportGetAction.java:90) ~[elasticsearch-0.90.2.jar:na]
	at org.elasticsearch.action.get.TransportGetAction.resolveRequest(TransportGetAction.java:42) ~[elasticsearch-0.90.2.jar:na]
	at org.elasticsearch.action.support.single.shard.TransportShardSingleOperationAction$AsyncSingleAction.&lt;init&gt;(TransportShardSingleOperationAction.java:114) ~[elasticsearch-0.90.2.jar:na]
	at org.elasticsearch.action.support.single.shard.TransportShardSingleOperationAction$AsyncSingleAction.&lt;init&gt;(TransportShardSingleOperationAction.java:94) ~[elasticsearch-0.90.2.jar:na]
	at org.elasticsearch.action.support.single.shard.TransportShardSingleOperationAction.doExecute(TransportShardSingleOperationAction.java:71) ~[elasticsearch-0.90.2.jar:na]
	at org.elasticsearch.action.support.single.shard.TransportShardSingleOperationAction.doExecute(TransportShardSingleOperationAction.java:46) ~[elasticsearch-0.90.2.jar:na]
	at org.elasticsearch.action.support.TransportAction.execute(TransportAction.java:61) ~[elasticsearch-0.90.2.jar:na]
	at org.elasticsearch.client.node.NodeClient.execute(NodeClient.java:92) ~[elasticsearch-0.90.2.jar:na]
	at org.elasticsearch.client.support.AbstractClient.get(AbstractClient.java:179) ~[elasticsearch-0.90.2.jar:na]
	at org.elasticsearch.action.get.GetRequestBuilder.doExecute(GetRequestBuilder.java:112) ~[elasticsearch-0.90.2.jar:na]
	at org.elasticsearch.action.ActionRequestBuilder.execute(ActionRequestBuilder.java:62) ~[elasticsearch-0.90.2.jar:na]
	at org.elasticsearch.action.ActionRequestBuilder.execute(ActionRequestBuilder.java:57) ~[elasticsearch-0.90.2.jar:na]
	at org.elasticsearch.action.ActionRequestBuilder$execute.call(Unknown Source) ~[na:na]
	at com.rackspace.search.elasticsearch.client.ElasticSearchClient.getDocument(ElasticSearchClient.groovy:209) ~[classes/:na]
	at com.rackspace.search.elasticsearch.client.ElasticSearchClient$getDocument.call(Unknown Source) [classes/:na]
	at com.rackspace.search.service.JobService.getJob(JobService.groovy:56) [classes/:na]
	at com.rackspace.search.service.JobService$getJob$0.callCurrent(Unknown Source) [classes/:na]
	at com.rackspace.search.service.JobService.getJob(JobService.groovy:52) [classes/:na]
	at com.rackspace.search.service.JobService$getJob.call(Unknown Source) [classes/:na]
	at com.rackspace.search.service.account.CoreAccountUpdateSyncJob.windupActivities(CoreAccountUpdateSyncJob.groovy:88) [classes/:na]
	at sun.reflect.NativeMethodAccessorImpl.invoke0(Native Method) ~[na:1.6.0_38]
	at sun.reflect.NativeMethodAccessorImpl.invoke(NativeMethodAccessorImpl.java:39) ~[na:1.6.0_38]
	at sun.reflect.DelegatingMethodAccessorImpl.invoke(DelegatingMethodAccessorImpl.java:25) ~[na:1.6.0_38]
	at java.lang.reflect.Method.invoke(Method.java:597) ~[na:1.6.0_38]
	at org.springframework.beans.factory.annotation.InitDestroyAnnotationBeanPostProcessor$LifecycleElement.invoke(InitDestroyAnnotationBeanPostProcessor.java:340) [spring-beans-3.0.6.RELEASE.jar:3.0.6.RELEASE]
	at org.springframework.beans.factory.annotation.InitDestroyAnnotationBeanPostProcessor$LifecycleMetadata.invokeDestroyMethods(InitDestroyAnnotationBeanPostProcessor.java:305) [spring-beans-3.0.6.RELEASE.jar:3.0.6.RELEASE]
	at org.springframework.beans.factory.annotation.InitDestroyAnnotationBeanPostProcessor.postProcessBeforeDestruction(InitDestroyAnnotationBeanPostProcessor.java:148) [spring-beans-3.0.6.RELEASE.jar:3.0.6.RELEASE]
	at org.springframework.beans.factory.support.DisposableBeanAdapter.destroy(DisposableBeanAdapter.java:166) [spring-beans-3.0.6.RELEASE.jar:3.0.6.RELEASE]
	at org.springframework.beans.factory.support.DefaultSingletonBeanRegistry.destroyBean(DefaultSingletonBeanRegistry.java:487) [spring-beans-3.0.6.RELEASE.jar:3.0.6.RELEASE]
	at org.springframework.beans.factory.support.DefaultSingletonBeanRegistry.destroySingleton(DefaultSingletonBeanRegistry.java:463) [spring-beans-3.0.6.RELEASE.jar:3.0.6.RELEASE]
	at org.springframework.beans.factory.support.DefaultSingletonBeanRegistry.destroySingletons(DefaultSingletonBeanRegistry.java:431) [spring-beans-3.0.6.RELEASE.jar:3.0.6.RELEASE]
	at org.springframework.context.support.AbstractApplicationContext.destroyBeans(AbstractApplicationContext.java:1048) [spring-context-3.0.6.RELEASE.jar:3.0.6.RELEASE]
	at org.springframework.context.support.AbstractApplicationContext.refresh(AbstractApplicationContext.java:433) [spring-context-3.0.6.RELEASE.jar:3.0.6.RELEASE]
	at org.springframework.test.context.support.AbstractGenericContextLoader.loadContext(AbstractGenericContextLoader.java:84) [spring-test-3.0.6.RELEASE.jar:3.0.6.RELEASE]
	at org.springframework.test.context.support.AbstractGenericContextLoader.loadContext(AbstractGenericContextLoader.java:1) [spring-test-3.0.6.RELEASE.jar:3.0.6.RELEASE]
	at org.springframework.test.context.TestContext.loadApplicationContext(TestContext.java:280) [spring-test-3.0.6.RELEASE.jar:3.0.6.RELEASE]
	at org.springframework.test.context.TestContext.getApplicationContext(TestContext.java:304) [spring-test-3.0.6.RELEASE.jar:3.0.6.RELEASE]
	at org.springframework.test.context.support.DependencyInjectionTestExecutionListener.injectDependencies(DependencyInjectionTestExecutionListener.java:109) [spring-test-3.0.6.RELEASE.jar:3.0.6.RELEASE]
	at org.springframework.test.context.support.DependencyInjectionTestExecutionListener.prepareTestInstance(DependencyInjectionTestExecutionListener.java:75) [spring-test-3.0.6.RELEASE.jar:3.0.6.RELEASE]
	at org.springframework.test.context.TestContextManager.prepareTestInstance(TestContextManager.java:321) [spring-test-3.0.6.RELEASE.jar:3.0.6.RELEASE]
	at org.spockframework.spring.SpringTestContextManager.prepareTestInstance(SpringTestContextManager.java:49) [spock-spring-0.7-groovy-2.0.jar:na]
	at org.spockframework.spring.SpringInterceptor.interceptSetupMethod(SpringInterceptor.java:42) [spock-spring-0.7-groovy-2.0.jar:na]
	at org.spockframework.runtime.extension.AbstractMethodInterceptor.intercept(AbstractMethodInterceptor.java:28) [spock-core-0.7-groovy-2.0.jar:na]
	at org.spockframework.runtime.extension.MethodInvocation.proceed(MethodInvocation.java:84) [spock-core-0.7-groovy-2.0.jar:na]
	at org.spockframework.runtime.BaseSpecRunner.invoke(BaseSpecRunner.java:319) [spock-core-0.7-groovy-2.0.jar:na]
	at org.spockframework.runtime.BaseSpecRunner.invokeSetup(BaseSpecRunner.java:279) [spock-core-0.7-groovy-2.0.jar:na]
	at org.spockframework.runtime.BaseSpecRunner.doRunIteration(BaseSpecRunner.java:255) [spock-core-0.7-groovy-2.0.jar:na]
	at sun.reflect.GeneratedMethodAccessor5.invoke(Unknown Source) ~[na:na]
	at sun.reflect.DelegatingMethodAccessorImpl.invoke(DelegatingMethodAccessorImpl.java:25) ~[na:1.6.0_38]
	at java.lang.reflect.Method.invoke(Method.java:597) ~[na:1.6.0_38]
	at org.spockframework.util.ReflectionUtil.invokeMethod(ReflectionUtil.java:138) [spock-core-0.7-groovy-2.0.jar:na]
	at org.spockframework.runtime.BaseSpecRunner.invokeRaw(BaseSpecRunner.java:330) [spock-core-0.7-groovy-2.0.jar:na]
	at org.spockframework.runtime.BaseSpecRunner.invoke(BaseSpecRunner.java:311) [spock-core-0.7-groovy-2.0.jar:na]
	at org.spockframework.runtime.BaseSpecRunner.runIteration(BaseSpecRunner.java:223) [spock-core-0.7-groovy-2.0.jar:na]
	at org.spockframework.runtime.BaseSpecRunner.initializeAndRunIteration(BaseSpecRunner.java:214) [spock-core-0.7-groovy-2.0.jar:na]
	at org.spockframework.runtime.BaseSpecRunner.runSimpleFeature(BaseSpecRunner.java:205) [spock-core-0.7-groovy-2.0.jar:na]
	at org.spockframework.runtime.BaseSpecRunner.doRunFeature(BaseSpecRunner.java:199) [spock-core-0.7-groovy-2.0.jar:na]
	at sun.reflect.GeneratedMethodAccessor7.invoke(Unknown Source) ~[na:na]
	at sun.reflect.DelegatingMethodAccessorImpl.invoke(DelegatingMethodAccessorImpl.java:25) ~[na:1.6.0_38]
	at java.lang.reflect.Method.invoke(Method.java:597) ~[na:1.6.0_38]
	at org.spockframework.util.ReflectionUtil.invokeMethod(ReflectionUtil.java:138) [spock-core-0.7-groovy-2.0.jar:na]
	at org.spockframework.runtime.BaseSpecRunner.invokeRaw(BaseSpecRunner.java:330) [spock-core-0.7-groovy-2.0.jar:na]
	at org.spockframework.runtime.BaseSpecRunner.invoke(BaseSpecRunner.java:311) [spock-core-0.7-groovy-2.0.jar:na]
	at org.spockframework.runtime.BaseSpecRunner.runFeature(BaseSpecRunner.java:175) [spock-core-0.7-groovy-2.0.jar:na]
	at org.spockframework.runtime.BaseSpecRunner.runFeatures(BaseSpecRunner.java:152) [spock-core-0.7-groovy-2.0.jar:na]
	at org.spockframework.runtime.BaseSpecRunner.doRunSpec(BaseSpecRunner.java:112) [spock-core-0.7-groovy-2.0.jar:na]
	at sun.reflect.GeneratedMethodAccessor11.invoke(Unknown Source) ~[na:na]
	at sun.reflect.DelegatingMethodAccessorImpl.invoke(DelegatingMethodAccessorImpl.java:25) ~[na:1.6.0_38]
	at java.lang.reflect.Method.invoke(Method.java:597) ~[na:1.6.0_38]
	at org.spockframework.util.ReflectionUtil.invokeMethod(ReflectionUtil.java:138) [spock-core-0.7-groovy-2.0.jar:na]
	at org.spockframework.runtime.BaseSpecRunner.invokeRaw(BaseSpecRunner.java:330) [spock-core-0.7-groovy-2.0.jar:na]
	at org.spockframework.runtime.BaseSpecRunner.invoke(BaseSpecRunner.java:311) [spock-core-0.7-groovy-2.0.jar:na]
	at org.spockframework.runtime.BaseSpecRunner.runSpec(BaseSpecRunner.java:91) [spock-core-0.7-groovy-2.0.jar:na]
	at org.spockframework.runtime.BaseSpecRunner.run(BaseSpecRunner.java:82) [spock-core-0.7-groovy-2.0.jar:na]
	at org.spockframework.runtime.Sputnik.run(Sputnik.java:63) [spock-core-0.7-groovy-2.0.jar:na]
	at org.apache.maven.surefire.junit4.JUnit4TestSet.execute(JUnit4TestSet.java:53) [surefire-junit4-2.10.jar:2.10]
	at org.apache.maven.surefire.junit4.JUnit4Provider.executeTestSet(JUnit4Provider.java:123) [surefire-junit4-2.10.jar:2.10]
	at org.apache.maven.surefire.junit4.JUnit4Provider.invoke(JUnit4Provider.java:104) [surefire-junit4-2.10.jar:2.10]
	at sun.reflect.NativeMethodAccessorImpl.invoke0(Native Method) ~[na:1.6.0_38]
	at sun.reflect.NativeMethodAccessorImpl.invoke(NativeMethodAccessorImpl.java:39) ~[na:1.6.0_38]
	at sun.reflect.DelegatingMethodAccessorImpl.invoke(DelegatingMethodAccessorImpl.java:25) ~[na:1.6.0_38]
	at java.lang.reflect.Method.invoke(Method.java:597) ~[na:1.6.0_38]
	at org.apache.maven.surefire.util.ReflectionUtils.invokeMethodWithArray(ReflectionUtils.java:164) [surefire-api-2.10.jar:2.10]
	at org.apache.maven.surefire.booter.ProviderFactory$ProviderProxy.invoke(ProviderFactory.java:110) [surefire-booter-2.10.jar:2.10]
	at org.apache.maven.surefire.booter.SurefireStarter.invokeProvider(SurefireStarter.java:175) [surefire-booter-2.10.jar:2.10]
	at org.apache.maven.surefire.booter.SurefireStarter.runSuitesInProcessWhenForked(SurefireStarter.java:107) [surefire-booter-2.10.jar:2.10]
	at org.apache.maven.surefire.booter.ForkedBooter.main(ForkedBooter.java:68) [surefire-booter-2.10.jar:2.10]
22:05:48.608 [main] WARN  o.s.c.a.CommonAnnotationBeanPostProcessor - Invocation of destroy method failed on bean with name &apos;coreAccountUpdateSyncJob&apos;: com.rackspace.search.exception.NotFoundException: Index is missing
22:05:48.612 [main] ERROR c.r.s.e.client.ElasticSearchClient - Index is missing
org.elasticsearch.indices.IndexMissingException: [admin] missing
	at org.elasticsearch.cluster.metadata.MetaData.concreteIndex(MetaData.java:616) ~[elasticsearch-0.90.2.jar:na]
	at org.elasticsearch.action.get.TransportGetAction.resolveRequest(TransportGetAction.java:90) ~[elasticsearch-0.90.2.jar:na]
	at org.elasticsearch.action.get.TransportGetAction.resolveRequest(TransportGetAction.java:42) ~[elasticsearch-0.90.2.jar:na]
	at org.elasticsearch.action.support.single.shard.TransportShardSingleOperationAction$AsyncSingleAction.&lt;init&gt;(TransportShardSingleOperationAction.java:114) ~[elasticsearch-0.90.2.jar:na]
	at org.elasticsearch.action.support.single.shard.TransportShardSingleOperationAction$AsyncSingleAction.&lt;init&gt;(TransportShardSingleOperationAction.java:94) ~[elasticsearch-0.90.2.jar:na]
	at org.elasticsearch.action.support.single.shard.TransportShardSingleOperationAction.doExecute(TransportShardSingleOperationAction.java:71) ~[elasticsearch-0.90.2.jar:na]
	at org.elasticsearch.action.support.single.shard.TransportShardSingleOperationAction.doExecute(TransportShardSingleOperationAction.java:46) ~[elasticsearch-0.90.2.jar:na]
	at org.elasticsearch.action.support.TransportAction.execute(TransportAction.java:61) ~[elasticsearch-0.90.2.jar:na]
	at org.elasticsearch.client.node.NodeClient.execute(NodeClient.java:92) ~[elasticsearch-0.90.2.jar:na]
	at org.elasticsearch.client.support.AbstractClient.get(AbstractClient.java:179) ~[elasticsearch-0.90.2.jar:na]
	at org.elasticsearch.action.get.GetRequestBuilder.doExecute(GetRequestBuilder.java:112) ~[elasticsearch-0.90.2.jar:na]
	at org.elasticsearch.action.ActionRequestBuilder.execute(ActionRequestBuilder.java:62) ~[elasticsearch-0.90.2.jar:na]
	at org.elasticsearch.action.ActionRequestBuilder.execute(ActionRequestBuilder.java:57) ~[elasticsearch-0.90.2.jar:na]
	at org.elasticsearch.action.ActionRequestBuilder$execute.call(Unknown Source) ~[na:na]
	at com.rackspace.search.elasticsearch.client.ElasticSearchClient.getDocument(ElasticSearchClient.groovy:209) ~[classes/:na]
	at com.rackspace.search.elasticsearch.client.ElasticSearchClient$getDocument.call(Unknown Source) [classes/:na]
	at com.rackspace.search.service.JobService.getJob(JobService.groovy:56) [classes/:na]
	at com.rackspace.search.service.JobService$getJob$0.callCurrent(Unknown Source) [classes/:na]
	at com.rackspace.search.service.JobService.getJob(JobService.groovy:52) [classes/:na]
	at com.rackspace.search.service.JobService$getJob.call(Unknown Source) [classes/:na]
	at com.rackspace.search.service.core.CoreTicketSecondPassSyncJob.windupActivities(CoreTicketSecondPassSyncJob.groovy:83) [classes/:na]
	at sun.reflect.NativeMethodAccessorImpl.invoke0(Native Method) ~[na:1.6.0_38]
	at sun.reflect.NativeMethodAccessorImpl.invoke(NativeMethodAccessorImpl.java:39) ~[na:1.6.0_38]
	at sun.reflect.DelegatingMethodAccessorImpl.invoke(DelegatingMethodAccessorImpl.java:25) ~[na:1.6.0_38]
	at java.lang.reflect.Method.invoke(Method.java:597) ~[na:1.6.0_38]
	at org.springframework.beans.factory.annotation.InitDestroyAnnotationBeanPostProcessor$LifecycleElement.invoke(InitDestroyAnnotationBeanPostProcessor.java:340) [spring-beans-3.0.6.RELEASE.jar:3.0.6.RELEASE]
	at org.springframework.beans.factory.annotation.InitDestroyAnnotationBeanPostProcessor$LifecycleMetadata.invokeDestroyMethods(InitDestroyAnnotationBeanPostProcessor.java:305) [spring-beans-3.0.6.RELEASE.jar:3.0.6.RELEASE]
	at org.springframework.beans.factory.annotation.InitDestroyAnnotationBeanPostProcessor.postProcessBeforeDestruction(InitDestroyAnnotationBeanPostProcessor.java:148) [spring-beans-3.0.6.RELEASE.jar:3.0.6.RELEASE]
	at org.springframework.beans.factory.support.DisposableBeanAdapter.destroy(DisposableBeanAdapter.java:166) [spring-beans-3.0.6.RELEASE.jar:3.0.6.RELEASE]
	at org.springframework.beans.factory.support.DefaultSingletonBeanRegistry.destroyBean(DefaultSingletonBeanRegistry.java:487) [spring-beans-3.0.6.RELEASE.jar:3.0.6.RELEASE]
	at org.springframework.beans.factory.support.DefaultSingletonBeanRegistry.destroySingleton(DefaultSingletonBeanRegistry.java:463) [spring-beans-3.0.6.RELEASE.jar:3.0.6.RELEASE]
	at org.springframework.beans.factory.support.DefaultSingletonBeanRegistry.destroySingletons(DefaultSingletonBeanRegistry.java:431) [spring-beans-3.0.6.RELEASE.jar:3.0.6.RELEASE]
	at org.springframework.context.support.AbstractApplicationContext.destroyBeans(AbstractApplicationContext.java:1048) [spring-context-3.0.6.RELEASE.jar:3.0.6.RELEASE]
	at org.springframework.context.support.AbstractApplicationContext.refresh(AbstractApplicationContext.java:433) [spring-context-3.0.6.RELEASE.jar:3.0.6.RELEASE]
	at org.springframework.test.context.support.AbstractGenericContextLoader.loadContext(AbstractGenericContextLoader.java:84) [spring-test-3.0.6.RELEASE.jar:3.0.6.RELEASE]
	at org.springframework.test.context.support.AbstractGenericContextLoader.loadContext(AbstractGenericContextLoader.java:1) [spring-test-3.0.6.RELEASE.jar:3.0.6.RELEASE]
	at org.springframework.test.context.TestContext.loadApplicationContext(TestContext.java:280) [spring-test-3.0.6.RELEASE.jar:3.0.6.RELEASE]
	at org.springframework.test.context.TestContext.getApplicationContext(TestContext.java:304) [spring-test-3.0.6.RELEASE.jar:3.0.6.RELEASE]
	at org.springframework.test.context.support.DependencyInjectionTestExecutionListener.injectDependencies(DependencyInjectionTestExecutionListener.java:109) [spring-test-3.0.6.RELEASE.jar:3.0.6.RELEASE]
	at org.springframework.test.context.support.DependencyInjectionTestExecutionListener.prepareTestInstance(DependencyInjectionTestExecutionListener.java:75) [spring-test-3.0.6.RELEASE.jar:3.0.6.RELEASE]
	at org.springframework.test.context.TestContextManager.prepareTestInstance(TestContextManager.java:321) [spring-test-3.0.6.RELEASE.jar:3.0.6.RELEASE]
	at org.spockframework.spring.SpringTestContextManager.prepareTestInstance(SpringTestContextManager.java:49) [spock-spring-0.7-groovy-2.0.jar:na]
	at org.spockframework.spring.SpringInterceptor.interceptSetupMethod(SpringInterceptor.java:42) [spock-spring-0.7-groovy-2.0.jar:na]
	at org.spockframework.runtime.extension.AbstractMethodInterceptor.intercept(AbstractMethodInterceptor.java:28) [spock-core-0.7-groovy-2.0.jar:na]
	at org.spockframework.runtime.extension.MethodInvocation.proceed(MethodInvocation.java:84) [spock-core-0.7-groovy-2.0.jar:na]
	at org.spockframework.runtime.BaseSpecRunner.invoke(BaseSpecRunner.java:319) [spock-core-0.7-groovy-2.0.jar:na]
	at org.spockframework.runtime.BaseSpecRunner.invokeSetup(BaseSpecRunner.java:279) [spock-core-0.7-groovy-2.0.jar:na]
	at org.spockframework.runtime.BaseSpecRunner.doRunIteration(BaseSpecRunner.java:255) [spock-core-0.7-groovy-2.0.jar:na]
	at sun.reflect.GeneratedMethodAccessor5.invoke(Unknown Source) ~[na:na]
	at sun.reflect.DelegatingMethodAccessorImpl.invoke(DelegatingMethodAccessorImpl.java:25) ~[na:1.6.0_38]
	at java.lang.reflect.Method.invoke(Method.java:597) ~[na:1.6.0_38]
	at org.spockframework.util.ReflectionUtil.invokeMethod(ReflectionUtil.java:138) [spock-core-0.7-groovy-2.0.jar:na]
	at org.spockframework.runtime.BaseSpecRunner.invokeRaw(BaseSpecRunner.java:330) [spock-core-0.7-groovy-2.0.jar:na]
	at org.spockframework.runtime.BaseSpecRunner.invoke(BaseSpecRunner.java:311) [spock-core-0.7-groovy-2.0.jar:na]
	at org.spockframework.runtime.BaseSpecRunner.runIteration(BaseSpecRunner.java:223) [spock-core-0.7-groovy-2.0.jar:na]
	at org.spockframework.runtime.BaseSpecRunner.initializeAndRunIteration(BaseSpecRunner.java:214) [spock-core-0.7-groovy-2.0.jar:na]
	at org.spockframework.runtime.BaseSpecRunner.runSimpleFeature(BaseSpecRunner.java:205) [spock-core-0.7-groovy-2.0.jar:na]
	at org.spockframework.runtime.BaseSpecRunner.doRunFeature(BaseSpecRunner.java:199) [spock-core-0.7-groovy-2.0.jar:na]
	at sun.reflect.GeneratedMethodAccessor7.invoke(Unknown Source) ~[na:na]
	at sun.reflect.DelegatingMethodAccessorImpl.invoke(DelegatingMethodAccessorImpl.java:25) ~[na:1.6.0_38]
	at java.lang.reflect.Method.invoke(Method.java:597) ~[na:1.6.0_38]
	at org.spockframework.util.ReflectionUtil.invokeMethod(ReflectionUtil.java:138) [spock-core-0.7-groovy-2.0.jar:na]
	at org.spockframework.runtime.BaseSpecRunner.invokeRaw(BaseSpecRunner.java:330) [spock-core-0.7-groovy-2.0.jar:na]
	at org.spockframework.runtime.BaseSpecRunner.invoke(BaseSpecRunner.java:311) [spock-core-0.7-groovy-2.0.jar:na]
	at org.spockframework.runtime.BaseSpecRunner.runFeature(BaseSpecRunner.java:175) [spock-core-0.7-groovy-2.0.jar:na]
	at org.spockframework.runtime.BaseSpecRunner.runFeatures(BaseSpecRunner.java:152) [spock-core-0.7-groovy-2.0.jar:na]
	at org.spockframework.runtime.BaseSpecRunner.doRunSpec(BaseSpecRunner.java:112) [spock-core-0.7-groovy-2.0.jar:na]
	at sun.reflect.GeneratedMethodAccessor11.invoke(Unknown Source) ~[na:na]
	at sun.reflect.DelegatingMethodAccessorImpl.invoke(DelegatingMethodAccessorImpl.java:25) ~[na:1.6.0_38]
	at java.lang.reflect.Method.invoke(Method.java:597) ~[na:1.6.0_38]
	at org.spockframework.util.ReflectionUtil.invokeMethod(ReflectionUtil.java:138) [spock-core-0.7-groovy-2.0.jar:na]
	at org.spockframework.runtime.BaseSpecRunner.invokeRaw(BaseSpecRunner.java:330) [spock-core-0.7-groovy-2.0.jar:na]
	at org.spockframework.runtime.BaseSpecRunner.invoke(BaseSpecRunner.java:311) [spock-core-0.7-groovy-2.0.jar:na]
	at org.spockframework.runtime.BaseSpecRunner.runSpec(BaseSpecRunner.java:91) [spock-core-0.7-groovy-2.0.jar:na]
	at org.spockframework.runtime.BaseSpecRunner.run(BaseSpecRunner.java:82) [spock-core-0.7-groovy-2.0.jar:na]
	at org.spockframework.runtime.Sputnik.run(Sputnik.java:63) [spock-core-0.7-groovy-2.0.jar:na]
	at org.apache.maven.surefire.junit4.JUnit4TestSet.execute(JUnit4TestSet.java:53) [surefire-junit4-2.10.jar:2.10]
	at org.apache.maven.surefire.junit4.JUnit4Provider.executeTestSet(JUnit4Provider.java:123) [surefire-junit4-2.10.jar:2.10]
	at org.apache.maven.surefire.junit4.JUnit4Provider.invoke(JUnit4Provider.java:104) [surefire-junit4-2.10.jar:2.10]
	at sun.reflect.NativeMethodAccessorImpl.invoke0(Native Method) ~[na:1.6.0_38]
	at sun.reflect.NativeMethodAccessorImpl.invoke(NativeMethodAccessorImpl.java:39) ~[na:1.6.0_38]
	at sun.reflect.DelegatingMethodAccessorImpl.invoke(DelegatingMethodAccessorImpl.java:25) ~[na:1.6.0_38]
	at java.lang.reflect.Method.invoke(Method.java:597) ~[na:1.6.0_38]
	at org.apache.maven.surefire.util.ReflectionUtils.invokeMethodWithArray(ReflectionUtils.java:164) [surefire-api-2.10.jar:2.10]
	at org.apache.maven.surefire.booter.ProviderFactory$ProviderProxy.invoke(ProviderFactory.java:110) [surefire-booter-2.10.jar:2.10]
	at org.apache.maven.surefire.booter.SurefireStarter.invokeProvider(SurefireStarter.java:175) [surefire-booter-2.10.jar:2.10]
	at org.apache.maven.surefire.booter.SurefireStarter.runSuitesInProcessWhenForked(SurefireStarter.java:107) [surefire-booter-2.10.jar:2.10]
	at org.apache.maven.surefire.booter.ForkedBooter.main(ForkedBooter.java:68) [surefire-booter-2.10.jar:2.10]
22:05:48.613 [main] WARN  o.s.c.a.CommonAnnotationBeanPostProcessor - Invocation of destroy method failed on bean with name &apos;coreTicketSecondPassSyncJob&apos;: com.rackspace.search.exception.NotFoundException: Index is missing
22:05:48.617 [main] ERROR c.r.s.e.client.ElasticSearchClient - Index is missing
org.elasticsearch.indices.IndexMissingException: [admin] missing
	at org.elasticsearch.cluster.metadata.MetaData.concreteIndex(MetaData.java:616) ~[elasticsearch-0.90.2.jar:na]
	at org.elasticsearch.action.get.TransportGetAction.resolveRequest(TransportGetAction.java:90) ~[elasticsearch-0.90.2.jar:na]
	at org.elasticsearch.action.get.TransportGetAction.resolveRequest(TransportGetAction.java:42) ~[elasticsearch-0.90.2.jar:na]
	at org.elasticsearch.action.support.single.shard.TransportShardSingleOperationAction$AsyncSingleAction.&lt;init&gt;(TransportShardSingleOperationAction.java:114) ~[elasticsearch-0.90.2.jar:na]
	at org.elasticsearch.action.support.single.shard.TransportShardSingleOperationAction$AsyncSingleAction.&lt;init&gt;(TransportShardSingleOperationAction.java:94) ~[elasticsearch-0.90.2.jar:na]
	at org.elasticsearch.action.support.single.shard.TransportShardSingleOperationAction.doExecute(TransportShardSingleOperationAction.java:71) ~[elasticsearch-0.90.2.jar:na]
	at org.elasticsearch.action.support.single.shard.TransportShardSingleOperationAction.doExecute(TransportShardSingleOperationAction.java:46) ~[elasticsearch-0.90.2.jar:na]
	at org.elasticsearch.action.support.TransportAction.execute(TransportAction.java:61) ~[elasticsearch-0.90.2.jar:na]
	at org.elasticsearch.client.node.NodeClient.execute(NodeClient.java:92) ~[elasticsearch-0.90.2.jar:na]
	at org.elasticsearch.client.support.AbstractClient.get(AbstractClient.java:179) ~[elasticsearch-0.90.2.jar:na]
	at org.elasticsearch.action.get.GetRequestBuilder.doExecute(GetRequestBuilder.java:112) ~[elasticsearch-0.90.2.jar:na]
	at org.elasticsearch.action.ActionRequestBuilder.execute(ActionRequestBuilder.java:62) ~[elasticsearch-0.90.2.jar:na]
	at org.elasticsearch.action.ActionRequestBuilder.execute(ActionRequestBuilder.java:57) ~[elasticsearch-0.90.2.jar:na]
	at org.elasticsearch.action.ActionRequestBuilder$execute.call(Unknown Source) ~[na:na]
	at com.rackspace.search.elasticsearch.client.ElasticSearchClient.getDocument(ElasticSearchClient.groovy:209) ~[classes/:na]
	at com.rackspace.search.elasticsearch.client.ElasticSearchClient$getDocument.call(Unknown Source) [classes/:na]
	at com.rackspace.search.service.JobService.getJob(JobService.groovy:56) [classes/:na]
	at com.rackspace.search.service.JobService$getJob$0.callCurrent(Unknown Source) [classes/:na]
	at com.rackspace.search.service.JobService.getJob(JobService.groovy:52) [classes/:na]
	at com.rackspace.search.service.JobService$getJob.call(Unknown Source) [classes/:na]
	at com.rackspace.search.service.admin.CoreTicketOndemandSyncJob.windupActivities(CoreTicketOndemandSyncJob.groovy:91) [classes/:na]
	at sun.reflect.NativeMethodAccessorImpl.invoke0(Native Method) ~[na:1.6.0_38]
	at sun.reflect.NativeMethodAccessorImpl.invoke(NativeMethodAccessorImpl.java:39) ~[na:1.6.0_38]
	at sun.reflect.DelegatingMethodAccessorImpl.invoke(DelegatingMethodAccessorImpl.java:25) ~[na:1.6.0_38]
	at java.lang.reflect.Method.invoke(Method.java:597) ~[na:1.6.0_38]
	at org.springframework.beans.factory.annotation.InitDestroyAnnotationBeanPostProcessor$LifecycleElement.invoke(InitDestroyAnnotationBeanPostProcessor.java:340) [spring-beans-3.0.6.RELEASE.jar:3.0.6.RELEASE]
	at org.springframework.beans.factory.annotation.InitDestroyAnnotationBeanPostProcessor$LifecycleMetadata.invokeDestroyMethods(InitDestroyAnnotationBeanPostProcessor.java:305) [spring-beans-3.0.6.RELEASE.jar:3.0.6.RELEASE]
	at org.springframework.beans.factory.annotation.InitDestroyAnnotationBeanPostProcessor.postProcessBeforeDestruction(InitDestroyAnnotationBeanPostProcessor.java:148) [spring-beans-3.0.6.RELEASE.jar:3.0.6.RELEASE]
	at org.springframework.beans.factory.support.DisposableBeanAdapter.destroy(DisposableBeanAdapter.java:166) [spring-beans-3.0.6.RELEASE.jar:3.0.6.RELEASE]
	at org.springframework.beans.factory.support.DefaultSingletonBeanRegistry.destroyBean(DefaultSingletonBeanRegistry.java:487) [spring-beans-3.0.6.RELEASE.jar:3.0.6.RELEASE]
	at org.springframework.beans.factory.support.DefaultSingletonBeanRegistry.destroySingleton(DefaultSingletonBeanRegistry.java:463) [spring-beans-3.0.6.RELEASE.jar:3.0.6.RELEASE]
	at org.springframework.beans.factory.support.DefaultSingletonBeanRegistry.destroySingletons(DefaultSingletonBeanRegistry.java:431) [spring-beans-3.0.6.RELEASE.jar:3.0.6.RELEASE]
	at org.springframework.context.support.AbstractApplicationContext.destroyBeans(AbstractApplicationContext.java:1048) [spring-context-3.0.6.RELEASE.jar:3.0.6.RELEASE]
	at org.springframework.context.support.AbstractApplicationContext.refresh(AbstractApplicationContext.java:433) [spring-context-3.0.6.RELEASE.jar:3.0.6.RELEASE]
	at org.springframework.test.context.support.AbstractGenericContextLoader.loadContext(AbstractGenericContextLoader.java:84) [spring-test-3.0.6.RELEASE.jar:3.0.6.RELEASE]
	at org.springframework.test.context.support.AbstractGenericContextLoader.loadContext(AbstractGenericContextLoader.java:1) [spring-test-3.0.6.RELEASE.jar:3.0.6.RELEASE]
	at org.springframework.test.context.TestContext.loadApplicationContext(TestContext.java:280) [spring-test-3.0.6.RELEASE.jar:3.0.6.RELEASE]
	at org.springframework.test.context.TestContext.getApplicationContext(TestContext.java:304) [spring-test-3.0.6.RELEASE.jar:3.0.6.RELEASE]
	at org.springframework.test.context.support.DependencyInjectionTestExecutionListener.injectDependencies(DependencyInjectionTestExecutionListener.java:109) [spring-test-3.0.6.RELEASE.jar:3.0.6.RELEASE]
	at org.springframework.test.context.support.DependencyInjectionTestExecutionListener.prepareTestInstance(DependencyInjectionTestExecutionListener.java:75) [spring-test-3.0.6.RELEASE.jar:3.0.6.RELEASE]
	at org.springframework.test.context.TestContextManager.prepareTestInstance(TestContextManager.java:321) [spring-test-3.0.6.RELEASE.jar:3.0.6.RELEASE]
	at org.spockframework.spring.SpringTestContextManager.prepareTestInstance(SpringTestContextManager.java:49) [spock-spring-0.7-groovy-2.0.jar:na]
	at org.spockframework.spring.SpringInterceptor.interceptSetupMethod(SpringInterceptor.java:42) [spock-spring-0.7-groovy-2.0.jar:na]
	at org.spockframework.runtime.extension.AbstractMethodInterceptor.intercept(AbstractMethodInterceptor.java:28) [spock-core-0.7-groovy-2.0.jar:na]
	at org.spockframework.runtime.extension.MethodInvocation.proceed(MethodInvocation.java:84) [spock-core-0.7-groovy-2.0.jar:na]
	at org.spockframework.runtime.BaseSpecRunner.invoke(BaseSpecRunner.java:319) [spock-core-0.7-groovy-2.0.jar:na]
	at org.spockframework.runtime.BaseSpecRunner.invokeSetup(BaseSpecRunner.java:279) [spock-core-0.7-groovy-2.0.jar:na]
	at org.spockframework.runtime.BaseSpecRunner.doRunIteration(BaseSpecRunner.java:255) [spock-core-0.7-groovy-2.0.jar:na]
	at sun.reflect.GeneratedMethodAccessor5.invoke(Unknown Source) ~[na:na]
	at sun.reflect.DelegatingMethodAccessorImpl.invoke(DelegatingMethodAccessorImpl.java:25) ~[na:1.6.0_38]
	at java.lang.reflect.Method.invoke(Method.java:597) ~[na:1.6.0_38]
	at org.spockframework.util.ReflectionUtil.invokeMethod(ReflectionUtil.java:138) [spock-core-0.7-groovy-2.0.jar:na]
	at org.spockframework.runtime.BaseSpecRunner.invokeRaw(BaseSpecRunner.java:330) [spock-core-0.7-groovy-2.0.jar:na]
	at org.spockframework.runtime.BaseSpecRunner.invoke(BaseSpecRunner.java:311) [spock-core-0.7-groovy-2.0.jar:na]
	at org.spockframework.runtime.BaseSpecRunner.runIteration(BaseSpecRunner.java:223) [spock-core-0.7-groovy-2.0.jar:na]
	at org.spockframework.runtime.BaseSpecRunner.initializeAndRunIteration(BaseSpecRunner.java:214) [spock-core-0.7-groovy-2.0.jar:na]
	at org.spockframework.runtime.BaseSpecRunner.runSimpleFeature(BaseSpecRunner.java:205) [spock-core-0.7-groovy-2.0.jar:na]
	at org.spockframework.runtime.BaseSpecRunner.doRunFeature(BaseSpecRunner.java:199) [spock-core-0.7-groovy-2.0.jar:na]
	at sun.reflect.GeneratedMethodAccessor7.invoke(Unknown Source) ~[na:na]
	at sun.reflect.DelegatingMethodAccessorImpl.invoke(DelegatingMethodAccessorImpl.java:25) ~[na:1.6.0_38]
	at java.lang.reflect.Method.invoke(Method.java:597) ~[na:1.6.0_38]
	at org.spockframework.util.ReflectionUtil.invokeMethod(ReflectionUtil.java:138) [spock-core-0.7-groovy-2.0.jar:na]
	at org.spockframework.runtime.BaseSpecRunner.invokeRaw(BaseSpecRunner.java:330) [spock-core-0.7-groovy-2.0.jar:na]
	at org.spockframework.runtime.BaseSpecRunner.invoke(BaseSpecRunner.java:311) [spock-core-0.7-groovy-2.0.jar:na]
	at org.spockframework.runtime.BaseSpecRunner.runFeature(BaseSpecRunner.java:175) [spock-core-0.7-groovy-2.0.jar:na]
	at org.spockframework.runtime.BaseSpecRunner.runFeatures(BaseSpecRunner.java:152) [spock-core-0.7-groovy-2.0.jar:na]
	at org.spockframework.runtime.BaseSpecRunner.doRunSpec(BaseSpecRunner.java:112) [spock-core-0.7-groovy-2.0.jar:na]
	at sun.reflect.GeneratedMethodAccessor11.invoke(Unknown Source) ~[na:na]
	at sun.reflect.DelegatingMethodAccessorImpl.invoke(DelegatingMethodAccessorImpl.java:25) ~[na:1.6.0_38]
	at java.lang.reflect.Method.invoke(Method.java:597) ~[na:1.6.0_38]
	at org.spockframework.util.ReflectionUtil.invokeMethod(ReflectionUtil.java:138) [spock-core-0.7-groovy-2.0.jar:na]
	at org.spockframework.runtime.BaseSpecRunner.invokeRaw(BaseSpecRunner.java:330) [spock-core-0.7-groovy-2.0.jar:na]
	at org.spockframework.runtime.BaseSpecRunner.invoke(BaseSpecRunner.java:311) [spock-core-0.7-groovy-2.0.jar:na]
	at org.spockframework.runtime.BaseSpecRunner.runSpec(BaseSpecRunner.java:91) [spock-core-0.7-groovy-2.0.jar:na]
	at org.spockframework.runtime.BaseSpecRunner.run(BaseSpecRunner.java:82) [spock-core-0.7-groovy-2.0.jar:na]
	at org.spockframework.runtime.Sputnik.run(Sputnik.java:63) [spock-core-0.7-groovy-2.0.jar:na]
	at org.apache.maven.surefire.junit4.JUnit4TestSet.execute(JUnit4TestSet.java:53) [surefire-junit4-2.10.jar:2.10]
	at org.apache.maven.surefire.junit4.JUnit4Provider.executeTestSet(JUnit4Provider.java:123) [surefire-junit4-2.10.jar:2.10]
	at org.apache.maven.surefire.junit4.JUnit4Provider.invoke(JUnit4Provider.java:104) [surefire-junit4-2.10.jar:2.10]
	at sun.reflect.NativeMethodAccessorImpl.invoke0(Native Method) ~[na:1.6.0_38]
	at sun.reflect.NativeMethodAccessorImpl.invoke(NativeMethodAccessorImpl.java:39) ~[na:1.6.0_38]
	at sun.reflect.DelegatingMethodAccessorImpl.invoke(DelegatingMethodAccessorImpl.java:25) ~[na:1.6.0_38]
	at java.lang.reflect.Method.invoke(Method.java:597) ~[na:1.6.0_38]
	at org.apache.maven.surefire.util.ReflectionUtils.invokeMethodWithArray(ReflectionUtils.java:164) [surefire-api-2.10.jar:2.10]
	at org.apache.maven.surefire.booter.ProviderFactory$ProviderProxy.invoke(ProviderFactory.java:110) [surefire-booter-2.10.jar:2.10]
	at org.apache.maven.surefire.booter.SurefireStarter.invokeProvider(SurefireStarter.java:175) [surefire-booter-2.10.jar:2.10]
	at org.apache.maven.surefire.booter.SurefireStarter.runSuitesInProcessWhenForked(SurefireStarter.java:107) [surefire-booter-2.10.jar:2.10]
	at org.apache.maven.surefire.booter.ForkedBooter.main(ForkedBooter.java:68) [surefire-booter-2.10.jar:2.10]
22:05:48.618 [main] WARN  o.s.c.a.CommonAnnotationBeanPostProcessor - Invocation of destroy method failed on bean with name &apos;coreTicketOndemandSyncJob&apos;: com.rackspace.search.exception.NotFoundException: Index is missing
22:05:48.623 [main] ERROR c.r.s.e.client.ElasticSearchClient - Index is missing
org.elasticsearch.indices.IndexMissingException: [admin] missing
	at org.elasticsearch.cluster.metadata.MetaData.concreteIndex(MetaData.java:616) ~[elasticsearch-0.90.2.jar:na]
	at org.elasticsearch.action.get.TransportGetAction.resolveRequest(TransportGetAction.java:90) ~[elasticsearch-0.90.2.jar:na]
	at org.elasticsearch.action.get.TransportGetAction.resolveRequest(TransportGetAction.java:42) ~[elasticsearch-0.90.2.jar:na]
	at org.elasticsearch.action.support.single.shard.TransportShardSingleOperationAction$AsyncSingleAction.&lt;init&gt;(TransportShardSingleOperationAction.java:114) ~[elasticsearch-0.90.2.jar:na]
	at org.elasticsearch.action.support.single.shard.TransportShardSingleOperationAction$AsyncSingleAction.&lt;init&gt;(TransportShardSingleOperationAction.java:94) ~[elasticsearch-0.90.2.jar:na]
	at org.elasticsearch.action.support.single.shard.TransportShardSingleOperationAction.doExecute(TransportShardSingleOperationAction.java:71) ~[elasticsearch-0.90.2.jar:na]
	at org.elasticsearch.action.support.single.shard.TransportShardSingleOperationAction.doExecute(TransportShardSingleOperationAction.java:46) ~[elasticsearch-0.90.2.jar:na]
	at org.elasticsearch.action.support.TransportAction.execute(TransportAction.java:61) ~[elasticsearch-0.90.2.jar:na]
	at org.elasticsearch.client.node.NodeClient.execute(NodeClient.java:92) ~[elasticsearch-0.90.2.jar:na]
	at org.elasticsearch.client.support.AbstractClient.get(AbstractClient.java:179) ~[elasticsearch-0.90.2.jar:na]
	at org.elasticsearch.action.get.GetRequestBuilder.doExecute(GetRequestBuilder.java:112) ~[elasticsearch-0.90.2.jar:na]
	at org.elasticsearch.action.ActionRequestBuilder.execute(ActionRequestBuilder.java:62) ~[elasticsearch-0.90.2.jar:na]
	at org.elasticsearch.action.ActionRequestBuilder.execute(ActionRequestBuilder.java:57) ~[elasticsearch-0.90.2.jar:na]
	at org.elasticsearch.action.ActionRequestBuilder$execute.call(Unknown Source) ~[na:na]
	at com.rackspace.search.elasticsearch.client.ElasticSearchClient.getDocument(ElasticSearchClient.groovy:209) ~[classes/:na]
	at com.rackspace.search.elasticsearch.client.ElasticSearchClient$getDocument.call(Unknown Source) [classes/:na]
	at com.rackspace.search.service.JobService.getJob(JobService.groovy:56) [classes/:na]
	at com.rackspace.search.service.JobService$getJob$0.callCurrent(Unknown Source) [classes/:na]
	at com.rackspace.search.service.JobService.getJob(JobService.groovy:52) [classes/:na]
	at com.rackspace.search.service.JobService$getJob.call(Unknown Source) [classes/:na]
	at com.rackspace.search.service.account.AccountOngoingSyncJob.windupActivities(AccountOngoingSyncJob.groovy:89) [classes/:na]
	at sun.reflect.NativeMethodAccessorImpl.invoke0(Native Method) ~[na:1.6.0_38]
	at sun.reflect.NativeMethodAccessorImpl.invoke(NativeMethodAccessorImpl.java:39) ~[na:1.6.0_38]
	at sun.reflect.DelegatingMethodAccessorImpl.invoke(DelegatingMethodAccessorImpl.java:25) ~[na:1.6.0_38]
	at java.lang.reflect.Method.invoke(Method.java:597) ~[na:1.6.0_38]
	at org.springframework.beans.factory.annotation.InitDestroyAnnotationBeanPostProcessor$LifecycleElement.invoke(InitDestroyAnnotationBeanPostProcessor.java:340) [spring-beans-3.0.6.RELEASE.jar:3.0.6.RELEASE]
	at org.springframework.beans.factory.annotation.InitDestroyAnnotationBeanPostProcessor$LifecycleMetadata.invokeDestroyMethods(InitDestroyAnnotationBeanPostProcessor.java:305) [spring-beans-3.0.6.RELEASE.jar:3.0.6.RELEASE]
	at org.springframework.beans.factory.annotation.InitDestroyAnnotationBeanPostProcessor.postProcessBeforeDestruction(InitDestroyAnnotationBeanPostProcessor.java:148) [spring-beans-3.0.6.RELEASE.jar:3.0.6.RELEASE]
	at org.springframework.beans.factory.support.DisposableBeanAdapter.destroy(DisposableBeanAdapter.java:166) [spring-beans-3.0.6.RELEASE.jar:3.0.6.RELEASE]
	at org.springframework.beans.factory.support.DefaultSingletonBeanRegistry.destroyBean(DefaultSingletonBeanRegistry.java:487) [spring-beans-3.0.6.RELEASE.jar:3.0.6.RELEASE]
	at org.springframework.beans.factory.support.DefaultSingletonBeanRegistry.destroySingleton(DefaultSingletonBeanRegistry.java:463) [spring-beans-3.0.6.RELEASE.jar:3.0.6.RELEASE]
	at org.springframework.beans.factory.support.DefaultSingletonBeanRegistry.destroySingletons(DefaultSingletonBeanRegistry.java:431) [spring-beans-3.0.6.RELEASE.jar:3.0.6.RELEASE]
	at org.springframework.context.support.AbstractApplicationContext.destroyBeans(AbstractApplicationContext.java:1048) [spring-context-3.0.6.RELEASE.jar:3.0.6.RELEASE]
	at org.springframework.context.support.AbstractApplicationContext.refresh(AbstractApplicationContext.java:433) [spring-context-3.0.6.RELEASE.jar:3.0.6.RELEASE]
	at org.springframework.test.context.support.AbstractGenericContextLoader.loadContext(AbstractGenericContextLoader.java:84) [spring-test-3.0.6.RELEASE.jar:3.0.6.RELEASE]
	at org.springframework.test.context.support.AbstractGenericContextLoader.loadContext(AbstractGenericContextLoader.java:1) [spring-test-3.0.6.RELEASE.jar:3.0.6.RELEASE]
	at org.springframework.test.context.TestContext.loadApplicationContext(TestContext.java:280) [spring-test-3.0.6.RELEASE.jar:3.0.6.RELEASE]
	at org.springframework.test.context.TestContext.getApplicationContext(TestContext.java:304) [spring-test-3.0.6.RELEASE.jar:3.0.6.RELEASE]
	at org.springframework.test.context.support.DependencyInjectionTestExecutionListener.injectDependencies(DependencyInjectionTestExecutionListener.java:109) [spring-test-3.0.6.RELEASE.jar:3.0.6.RELEASE]
	at org.springframework.test.context.support.DependencyInjectionTestExecutionListener.prepareTestInstance(DependencyInjectionTestExecutionListener.java:75) [spring-test-3.0.6.RELEASE.jar:3.0.6.RELEASE]
	at org.springframework.test.context.TestContextManager.prepareTestInstance(TestContextManager.java:321) [spring-test-3.0.6.RELEASE.jar:3.0.6.RELEASE]
	at org.spockframework.spring.SpringTestContextManager.prepareTestInstance(SpringTestContextManager.java:49) [spock-spring-0.7-groovy-2.0.jar:na]
	at org.spockframework.spring.SpringInterceptor.interceptSetupMethod(SpringInterceptor.java:42) [spock-spring-0.7-groovy-2.0.jar:na]
	at org.spockframework.runtime.extension.AbstractMethodInterceptor.intercept(AbstractMethodInterceptor.java:28) [spock-core-0.7-groovy-2.0.jar:na]
	at org.spockframework.runtime.extension.MethodInvocation.proceed(MethodInvocation.java:84) [spock-core-0.7-groovy-2.0.jar:na]
	at org.spockframework.runtime.BaseSpecRunner.invoke(BaseSpecRunner.java:319) [spock-core-0.7-groovy-2.0.jar:na]
	at org.spockframework.runtime.BaseSpecRunner.invokeSetup(BaseSpecRunner.java:279) [spock-core-0.7-groovy-2.0.jar:na]
	at org.spockframework.runtime.BaseSpecRunner.doRunIteration(BaseSpecRunner.java:255) [spock-core-0.7-groovy-2.0.jar:na]
	at sun.reflect.GeneratedMethodAccessor5.invoke(Unknown Source) ~[na:na]
	at sun.reflect.DelegatingMethodAccessorImpl.invoke(DelegatingMethodAccessorImpl.java:25) ~[na:1.6.0_38]
	at java.lang.reflect.Method.invoke(Method.java:597) ~[na:1.6.0_38]
	at org.spockframework.util.ReflectionUtil.invokeMethod(ReflectionUtil.java:138) [spock-core-0.7-groovy-2.0.jar:na]
	at org.spockframework.runtime.BaseSpecRunner.invokeRaw(BaseSpecRunner.java:330) [spock-core-0.7-groovy-2.0.jar:na]
	at org.spockframework.runtime.BaseSpecRunner.invoke(BaseSpecRunner.java:311) [spock-core-0.7-groovy-2.0.jar:na]
	at org.spockframework.runtime.BaseSpecRunner.runIteration(BaseSpecRunner.java:223) [spock-core-0.7-groovy-2.0.jar:na]
	at org.spockframework.runtime.BaseSpecRunner.initializeAndRunIteration(BaseSpecRunner.java:214) [spock-core-0.7-groovy-2.0.jar:na]
	at org.spockframework.runtime.BaseSpecRunner.runSimpleFeature(BaseSpecRunner.java:205) [spock-core-0.7-groovy-2.0.jar:na]
	at org.spockframework.runtime.BaseSpecRunner.doRunFeature(BaseSpecRunner.java:199) [spock-core-0.7-groovy-2.0.jar:na]
	at sun.reflect.GeneratedMethodAccessor7.invoke(Unknown Source) ~[na:na]
	at sun.reflect.DelegatingMethodAccessorImpl.invoke(DelegatingMethodAccessorImpl.java:25) ~[na:1.6.0_38]
	at java.lang.reflect.Method.invoke(Method.java:597) ~[na:1.6.0_38]
	at org.spockframework.util.ReflectionUtil.invokeMethod(ReflectionUtil.java:138) [spock-core-0.7-groovy-2.0.jar:na]
	at org.spockframework.runtime.BaseSpecRunner.invokeRaw(BaseSpecRunner.java:330) [spock-core-0.7-groovy-2.0.jar:na]
	at org.spockframework.runtime.BaseSpecRunner.invoke(BaseSpecRunner.java:311) [spock-core-0.7-groovy-2.0.jar:na]
	at org.spockframework.runtime.BaseSpecRunner.runFeature(BaseSpecRunner.java:175) [spock-core-0.7-groovy-2.0.jar:na]
	at org.spockframework.runtime.BaseSpecRunner.runFeatures(BaseSpecRunner.java:152) [spock-core-0.7-groovy-2.0.jar:na]
	at org.spockframework.runtime.BaseSpecRunner.doRunSpec(BaseSpecRunner.java:112) [spock-core-0.7-groovy-2.0.jar:na]
	at sun.reflect.GeneratedMethodAccessor11.invoke(Unknown Source) ~[na:na]
	at sun.reflect.DelegatingMethodAccessorImpl.invoke(DelegatingMethodAccessorImpl.java:25) ~[na:1.6.0_38]
	at java.lang.reflect.Method.invoke(Method.java:597) ~[na:1.6.0_38]
	at org.spockframework.util.ReflectionUtil.invokeMethod(ReflectionUtil.java:138) [spock-core-0.7-groovy-2.0.jar:na]
	at org.spockframework.runtime.BaseSpecRunner.invokeRaw(BaseSpecRunner.java:330) [spock-core-0.7-groovy-2.0.jar:na]
	at org.spockframework.runtime.BaseSpecRunner.invoke(BaseSpecRunner.java:311) [spock-core-0.7-groovy-2.0.jar:na]
	at org.spockframework.runtime.BaseSpecRunner.runSpec(BaseSpecRunner.java:91) [spock-core-0.7-groovy-2.0.jar:na]
	at org.spockframework.runtime.BaseSpecRunner.run(BaseSpecRunner.java:82) [spock-core-0.7-groovy-2.0.jar:na]
	at org.spockframework.runtime.Sputnik.run(Sputnik.java:63) [spock-core-0.7-groovy-2.0.jar:na]
	at org.apache.maven.surefire.junit4.JUnit4TestSet.execute(JUnit4TestSet.java:53) [surefire-junit4-2.10.jar:2.10]
	at org.apache.maven.surefire.junit4.JUnit4Provider.executeTestSet(JUnit4Provider.java:123) [surefire-junit4-2.10.jar:2.10]
	at org.apache.maven.surefire.junit4.JUnit4Provider.invoke(JUnit4Provider.java:104) [surefire-junit4-2.10.jar:2.10]
	at sun.reflect.NativeMethodAccessorImpl.invoke0(Native Method) ~[na:1.6.0_38]
	at sun.reflect.NativeMethodAccessorImpl.invoke(NativeMethodAccessorImpl.java:39) ~[na:1.6.0_38]
	at sun.reflect.DelegatingMethodAccessorImpl.invoke(DelegatingMethodAccessorImpl.java:25) ~[na:1.6.0_38]
	at java.lang.reflect.Method.invoke(Method.java:597) ~[na:1.6.0_38]
	at org.apache.maven.surefire.util.ReflectionUtils.invokeMethodWithArray(ReflectionUtils.java:164) [surefire-api-2.10.jar:2.10]
	at org.apache.maven.surefire.booter.ProviderFactory$ProviderProxy.invoke(ProviderFactory.java:110) [surefire-booter-2.10.jar:2.10]
	at org.apache.maven.surefire.booter.SurefireStarter.invokeProvider(SurefireStarter.java:175) [surefire-booter-2.10.jar:2.10]
	at org.apache.maven.surefire.booter.SurefireStarter.runSuitesInProcessWhenForked(SurefireStarter.java:107) [surefire-booter-2.10.jar:2.10]
	at org.apache.maven.surefire.booter.ForkedBooter.main(ForkedBooter.java:68) [surefire-booter-2.10.jar:2.10]
22:05:48.623 [main] WARN  o.s.c.a.CommonAnnotationBeanPostProcessor - Invocation of destroy method failed on bean with name &apos;accountOngoingSyncJob&apos;: com.rackspace.search.exception.NotFoundException: Index is missing
22:05:48.628 [main] ERROR c.r.s.e.client.ElasticSearchClient - Index is missing
org.elasticsearch.indices.IndexMissingException: [admin] missing
	at org.elasticsearch.cluster.metadata.MetaData.concreteIndex(MetaData.java:616) ~[elasticsearch-0.90.2.jar:na]
	at org.elasticsearch.action.get.TransportGetAction.resolveRequest(TransportGetAction.java:90) ~[elasticsearch-0.90.2.jar:na]
	at org.elasticsearch.action.get.TransportGetAction.resolveRequest(TransportGetAction.java:42) ~[elasticsearch-0.90.2.jar:na]
	at org.elasticsearch.action.support.single.shard.TransportShardSingleOperationAction$AsyncSingleAction.&lt;init&gt;(TransportShardSingleOperationAction.java:114) ~[elasticsearch-0.90.2.jar:na]
	at org.elasticsearch.action.support.single.shard.TransportShardSingleOperationAction$AsyncSingleAction.&lt;init&gt;(TransportShardSingleOperationAction.java:94) ~[elasticsearch-0.90.2.jar:na]
	at org.elasticsearch.action.support.single.shard.TransportShardSingleOperationAction.doExecute(TransportShardSingleOperationAction.java:71) ~[elasticsearch-0.90.2.jar:na]
	at org.elasticsearch.action.support.single.shard.TransportShardSingleOperationAction.doExecute(TransportShardSingleOperationAction.java:46) ~[elasticsearch-0.90.2.jar:na]
	at org.elasticsearch.action.support.TransportAction.execute(TransportAction.java:61) ~[elasticsearch-0.90.2.jar:na]
	at org.elasticsearch.client.node.NodeClient.execute(NodeClient.java:92) ~[elasticsearch-0.90.2.jar:na]
	at org.elasticsearch.client.support.AbstractClient.get(AbstractClient.java:179) ~[elasticsearch-0.90.2.jar:na]
	at org.elasticsearch.action.get.GetRequestBuilder.doExecute(GetRequestBuilder.java:112) ~[elasticsearch-0.90.2.jar:na]
	at org.elasticsearch.action.ActionRequestBuilder.execute(ActionRequestBuilder.java:62) ~[elasticsearch-0.90.2.jar:na]
	at org.elasticsearch.action.ActionRequestBuilder.execute(ActionRequestBuilder.java:57) ~[elasticsearch-0.90.2.jar:na]
	at org.elasticsearch.action.ActionRequestBuilder$execute.call(Unknown Source) ~[na:na]
	at com.rackspace.search.elasticsearch.client.ElasticSearchClient.getDocument(ElasticSearchClient.groovy:209) ~[classes/:na]
	at com.rackspace.search.elasticsearch.client.ElasticSearchClient$getDocument.call(Unknown Source) [classes/:na]
	at com.rackspace.search.service.JobService.getJob(JobService.groovy:56) [classes/:na]
	at com.rackspace.search.service.JobService$getJob$0.callCurrent(Unknown Source) [classes/:na]
	at com.rackspace.search.service.JobService.getJob(JobService.groovy:52) [classes/:na]
	at com.rackspace.search.service.JobService$getJob.call(Unknown Source) [classes/:na]
	at com.rackspace.search.service.account.AccountOnetimeSyncJob.windupActivities(AccountOneTimeSyncJob.groovy:39) [classes/:na]
	at sun.reflect.NativeMethodAccessorImpl.invoke0(Native Method) ~[na:1.6.0_38]
	at sun.reflect.NativeMethodAccessorImpl.invoke(NativeMethodAccessorImpl.java:39) ~[na:1.6.0_38]
	at sun.reflect.DelegatingMethodAccessorImpl.invoke(DelegatingMethodAccessorImpl.java:25) ~[na:1.6.0_38]
	at java.lang.reflect.Method.invoke(Method.java:597) ~[na:1.6.0_38]
	at org.springframework.beans.factory.annotation.InitDestroyAnnotationBeanPostProcessor$LifecycleElement.invoke(InitDestroyAnnotationBeanPostProcessor.java:340) [spring-beans-3.0.6.RELEASE.jar:3.0.6.RELEASE]
	at org.springframework.beans.factory.annotation.InitDestroyAnnotationBeanPostProcessor$LifecycleMetadata.invokeDestroyMethods(InitDestroyAnnotationBeanPostProcessor.java:305) [spring-beans-3.0.6.RELEASE.jar:3.0.6.RELEASE]
	at org.springframework.beans.factory.annotation.InitDestroyAnnotationBeanPostProcessor.postProcessBeforeDestruction(InitDestroyAnnotationBeanPostProcessor.java:148) [spring-beans-3.0.6.RELEASE.jar:3.0.6.RELEASE]
	at org.springframework.beans.factory.support.DisposableBeanAdapter.destroy(DisposableBeanAdapter.java:166) [spring-beans-3.0.6.RELEASE.jar:3.0.6.RELEASE]
	at org.springframework.beans.factory.support.DefaultSingletonBeanRegistry.destroyBean(DefaultSingletonBeanRegistry.java:487) [spring-beans-3.0.6.RELEASE.jar:3.0.6.RELEASE]
	at org.springframework.beans.factory.support.DefaultSingletonBeanRegistry.destroySingleton(DefaultSingletonBeanRegistry.java:463) [spring-beans-3.0.6.RELEASE.jar:3.0.6.RELEASE]
	at org.springframework.beans.factory.support.DefaultSingletonBeanRegistry.destroySingletons(DefaultSingletonBeanRegistry.java:431) [spring-beans-3.0.6.RELEASE.jar:3.0.6.RELEASE]
	at org.springframework.context.support.AbstractApplicationContext.destroyBeans(AbstractApplicationContext.java:1048) [spring-context-3.0.6.RELEASE.jar:3.0.6.RELEASE]
	at org.springframework.context.support.AbstractApplicationContext.refresh(AbstractApplicationContext.java:433) [spring-context-3.0.6.RELEASE.jar:3.0.6.RELEASE]
	at org.springframework.test.context.support.AbstractGenericContextLoader.loadContext(AbstractGenericContextLoader.java:84) [spring-test-3.0.6.RELEASE.jar:3.0.6.RELEASE]
	at org.springframework.test.context.support.AbstractGenericContextLoader.loadContext(AbstractGenericContextLoader.java:1) [spring-test-3.0.6.RELEASE.jar:3.0.6.RELEASE]
	at org.springframework.test.context.TestContext.loadApplicationContext(TestContext.java:280) [spring-test-3.0.6.RELEASE.jar:3.0.6.RELEASE]
	at org.springframework.test.context.TestContext.getApplicationContext(TestContext.java:304) [spring-test-3.0.6.RELEASE.jar:3.0.6.RELEASE]
	at org.springframework.test.context.support.DependencyInjectionTestExecutionListener.injectDependencies(DependencyInjectionTestExecutionListener.java:109) [spring-test-3.0.6.RELEASE.jar:3.0.6.RELEASE]
	at org.springframework.test.context.support.DependencyInjectionTestExecutionListener.prepareTestInstance(DependencyInjectionTestExecutionListener.java:75) [spring-test-3.0.6.RELEASE.jar:3.0.6.RELEASE]
	at org.springframework.test.context.TestContextManager.prepareTestInstance(TestContextManager.java:321) [spring-test-3.0.6.RELEASE.jar:3.0.6.RELEASE]
	at org.spockframework.spring.SpringTestContextManager.prepareTestInstance(SpringTestContextManager.java:49) [spock-spring-0.7-groovy-2.0.jar:na]
	at org.spockframework.spring.SpringInterceptor.interceptSetupMethod(SpringInterceptor.java:42) [spock-spring-0.7-groovy-2.0.jar:na]
	at org.spockframework.runtime.extension.AbstractMethodInterceptor.intercept(AbstractMethodInterceptor.java:28) [spock-core-0.7-groovy-2.0.jar:na]
	at org.spockframework.runtime.extension.MethodInvocation.proceed(MethodInvocation.java:84) [spock-core-0.7-groovy-2.0.jar:na]
	at org.spockframework.runtime.BaseSpecRunner.invoke(BaseSpecRunner.java:319) [spock-core-0.7-groovy-2.0.jar:na]
	at org.spockframework.runtime.BaseSpecRunner.invokeSetup(BaseSpecRunner.java:279) [spock-core-0.7-groovy-2.0.jar:na]
	at org.spockframework.runtime.BaseSpecRunner.doRunIteration(BaseSpecRunner.java:255) [spock-core-0.7-groovy-2.0.jar:na]
	at sun.reflect.GeneratedMethodAccessor5.invoke(Unknown Source) ~[na:na]
	at sun.reflect.DelegatingMethodAccessorImpl.invoke(DelegatingMethodAccessorImpl.java:25) ~[na:1.6.0_38]
	at java.lang.reflect.Method.invoke(Method.java:597) ~[na:1.6.0_38]
	at org.spockframework.util.ReflectionUtil.invokeMethod(ReflectionUtil.java:138) [spock-core-0.7-groovy-2.0.jar:na]
	at org.spockframework.runtime.BaseSpecRunner.invokeRaw(BaseSpecRunner.java:330) [spock-core-0.7-groovy-2.0.jar:na]
	at org.spockframework.runtime.BaseSpecRunner.invoke(BaseSpecRunner.java:311) [spock-core-0.7-groovy-2.0.jar:na]
	at org.spockframework.runtime.BaseSpecRunner.runIteration(BaseSpecRunner.java:223) [spock-core-0.7-groovy-2.0.jar:na]
	at org.spockframework.runtime.BaseSpecRunner.initializeAndRunIteration(BaseSpecRunner.java:214) [spock-core-0.7-groovy-2.0.jar:na]
	at org.spockframework.runtime.BaseSpecRunner.runSimpleFeature(BaseSpecRunner.java:205) [spock-core-0.7-groovy-2.0.jar:na]
	at org.spockframework.runtime.BaseSpecRunner.doRunFeature(BaseSpecRunner.java:199) [spock-core-0.7-groovy-2.0.jar:na]
	at sun.reflect.GeneratedMethodAccessor7.invoke(Unknown Source) ~[na:na]
	at sun.reflect.DelegatingMethodAccessorImpl.invoke(DelegatingMethodAccessorImpl.java:25) ~[na:1.6.0_38]
	at java.lang.reflect.Method.invoke(Method.java:597) ~[na:1.6.0_38]
	at org.spockframework.util.ReflectionUtil.invokeMethod(ReflectionUtil.java:138) [spock-core-0.7-groovy-2.0.jar:na]
	at org.spockframework.runtime.BaseSpecRunner.invokeRaw(BaseSpecRunner.java:330) [spock-core-0.7-groovy-2.0.jar:na]
	at org.spockframework.runtime.BaseSpecRunner.invoke(BaseSpecRunner.java:311) [spock-core-0.7-groovy-2.0.jar:na]
	at org.spockframework.runtime.BaseSpecRunner.runFeature(BaseSpecRunner.java:175) [spock-core-0.7-groovy-2.0.jar:na]
	at org.spockframework.runtime.BaseSpecRunner.runFeatures(BaseSpecRunner.java:152) [spock-core-0.7-groovy-2.0.jar:na]
	at org.spockframework.runtime.BaseSpecRunner.doRunSpec(BaseSpecRunner.java:112) [spock-core-0.7-groovy-2.0.jar:na]
	at sun.reflect.GeneratedMethodAccessor11.invoke(Unknown Source) ~[na:na]
	at sun.reflect.DelegatingMethodAccessorImpl.invoke(DelegatingMethodAccessorImpl.java:25) ~[na:1.6.0_38]
	at java.lang.reflect.Method.invoke(Method.java:597) ~[na:1.6.0_38]
	at org.spockframework.util.ReflectionUtil.invokeMethod(ReflectionUtil.java:138) [spock-core-0.7-groovy-2.0.jar:na]
	at org.spockframework.runtime.BaseSpecRunner.invokeRaw(BaseSpecRunner.java:330) [spock-core-0.7-groovy-2.0.jar:na]
	at org.spockframework.runtime.BaseSpecRunner.invoke(BaseSpecRunner.java:311) [spock-core-0.7-groovy-2.0.jar:na]
	at org.spockframework.runtime.BaseSpecRunner.runSpec(BaseSpecRunner.java:91) [spock-core-0.7-groovy-2.0.jar:na]
	at org.spockframework.runtime.BaseSpecRunner.run(BaseSpecRunner.java:82) [spock-core-0.7-groovy-2.0.jar:na]
	at org.spockframework.runtime.Sputnik.run(Sputnik.java:63) [spock-core-0.7-groovy-2.0.jar:na]
	at org.apache.maven.surefire.junit4.JUnit4TestSet.execute(JUnit4TestSet.java:53) [surefire-junit4-2.10.jar:2.10]
	at org.apache.maven.surefire.junit4.JUnit4Provider.executeTestSet(JUnit4Provider.java:123) [surefire-junit4-2.10.jar:2.10]
	at org.apache.maven.surefire.junit4.JUnit4Provider.invoke(JUnit4Provider.java:104) [surefire-junit4-2.10.jar:2.10]
	at sun.reflect.NativeMethodAccessorImpl.invoke0(Native Method) ~[na:1.6.0_38]
	at sun.reflect.NativeMethodAccessorImpl.invoke(NativeMethodAccessorImpl.java:39) ~[na:1.6.0_38]
	at sun.reflect.DelegatingMethodAccessorImpl.invoke(DelegatingMethodAccessorImpl.java:25) ~[na:1.6.0_38]
	at java.lang.reflect.Method.invoke(Method.java:597) ~[na:1.6.0_38]
	at org.apache.maven.surefire.util.ReflectionUtils.invokeMethodWithArray(ReflectionUtils.java:164) [surefire-api-2.10.jar:2.10]
	at org.apache.maven.surefire.booter.ProviderFactory$ProviderProxy.invoke(ProviderFactory.java:110) [surefire-booter-2.10.jar:2.10]
	at org.apache.maven.surefire.booter.SurefireStarter.invokeProvider(SurefireStarter.java:175) [surefire-booter-2.10.jar:2.10]
	at org.apache.maven.surefire.booter.SurefireStarter.runSuitesInProcessWhenForked(SurefireStarter.java:107) [surefire-booter-2.10.jar:2.10]
	at org.apache.maven.surefire.booter.ForkedBooter.main(ForkedBooter.java:68) [surefire-booter-2.10.jar:2.10]
22:05:48.629 [main] WARN  o.s.c.a.CommonAnnotationBeanPostProcessor - Invocation of destroy method failed on bean with name &apos;accountOnetimeSyncJob&apos;: com.rackspace.search.exception.NotFoundException: Index is missing
22:05:48.634 [main] ERROR c.r.s.e.client.ElasticSearchClient - Index is missing
org.elasticsearch.indices.IndexMissingException: [admin] missing
	at org.elasticsearch.cluster.metadata.MetaData.concreteIndex(MetaData.java:616) ~[elasticsearch-0.90.2.jar:na]
	at org.elasticsearch.action.get.TransportGetAction.resolveRequest(TransportGetAction.java:90) ~[elasticsearch-0.90.2.jar:na]
	at org.elasticsearch.action.get.TransportGetAction.resolveRequest(TransportGetAction.java:42) ~[elasticsearch-0.90.2.jar:na]
	at org.elasticsearch.action.support.single.shard.TransportShardSingleOperationAction$AsyncSingleAction.&lt;init&gt;(TransportShardSingleOperationAction.java:114) ~[elasticsearch-0.90.2.jar:na]
	at org.elasticsearch.action.support.single.shard.TransportShardSingleOperationAction$AsyncSingleAction.&lt;init&gt;(TransportShardSingleOperationAction.java:94) ~[elasticsearch-0.90.2.jar:na]
	at org.elasticsearch.action.support.single.shard.TransportShardSingleOperationAction.doExecute(TransportShardSingleOperationAction.java:71) ~[elasticsearch-0.90.2.jar:na]
	at org.elasticsearch.action.support.single.shard.TransportShardSingleOperationAction.doExecute(TransportShardSingleOperationAction.java:46) ~[elasticsearch-0.90.2.jar:na]
	at org.elasticsearch.action.support.TransportAction.execute(TransportAction.java:61) ~[elasticsearch-0.90.2.jar:na]
	at org.elasticsearch.client.node.NodeClient.execute(NodeClient.java:92) ~[elasticsearch-0.90.2.jar:na]
	at org.elasticsearch.client.support.AbstractClient.get(AbstractClient.java:179) ~[elasticsearch-0.90.2.jar:na]
	at org.elasticsearch.action.get.GetRequestBuilder.doExecute(GetRequestBuilder.java:112) ~[elasticsearch-0.90.2.jar:na]
	at org.elasticsearch.action.ActionRequestBuilder.execute(ActionRequestBuilder.java:62) ~[elasticsearch-0.90.2.jar:na]
	at org.elasticsearch.action.ActionRequestBuilder.execute(ActionRequestBuilder.java:57) ~[elasticsearch-0.90.2.jar:na]
	at org.elasticsearch.action.ActionRequestBuilder$execute.call(Unknown Source) ~[na:na]
	at com.rackspace.search.elasticsearch.client.ElasticSearchClient.getDocument(ElasticSearchClient.groovy:209) ~[classes/:na]
	at com.rackspace.search.elasticsearch.client.ElasticSearchClient$getDocument.call(Unknown Source) [classes/:na]
	at com.rackspace.search.service.JobService.getJob(JobService.groovy:56) [classes/:na]
	at com.rackspace.search.service.JobService$getJob$0.callCurrent(Unknown Source) [classes/:na]
	at com.rackspace.search.service.JobService.getJob(JobService.groovy:52) [classes/:na]
	at com.rackspace.search.service.JobService$getJob.call(Unknown Source) [classes/:na]
	at com.rackspace.search.service.core.CoreTicketOngoingSyncJob.windupActivities(CoreTicketOnGoingSyncJob.groovy:82) [classes/:na]
	at sun.reflect.NativeMethodAccessorImpl.invoke0(Native Method) ~[na:1.6.0_38]
	at sun.reflect.NativeMethodAccessorImpl.invoke(NativeMethodAccessorImpl.java:39) ~[na:1.6.0_38]
	at sun.reflect.DelegatingMethodAccessorImpl.invoke(DelegatingMethodAccessorImpl.java:25) ~[na:1.6.0_38]
	at java.lang.reflect.Method.invoke(Method.java:597) ~[na:1.6.0_38]
	at org.springframework.beans.factory.annotation.InitDestroyAnnotationBeanPostProcessor$LifecycleElement.invoke(InitDestroyAnnotationBeanPostProcessor.java:340) [spring-beans-3.0.6.RELEASE.jar:3.0.6.RELEASE]
	at org.springframework.beans.factory.annotation.InitDestroyAnnotationBeanPostProcessor$LifecycleMetadata.invokeDestroyMethods(InitDestroyAnnotationBeanPostProcessor.java:305) [spring-beans-3.0.6.RELEASE.jar:3.0.6.RELEASE]
	at org.springframework.beans.factory.annotation.InitDestroyAnnotationBeanPostProcessor.postProcessBeforeDestruction(InitDestroyAnnotationBeanPostProcessor.java:148) [spring-beans-3.0.6.RELEASE.jar:3.0.6.RELEASE]
	at org.springframework.beans.factory.support.DisposableBeanAdapter.destroy(DisposableBeanAdapter.java:166) [spring-beans-3.0.6.RELEASE.jar:3.0.6.RELEASE]
	at org.springframework.beans.factory.support.DefaultSingletonBeanRegistry.destroyBean(DefaultSingletonBeanRegistry.java:487) [spring-beans-3.0.6.RELEASE.jar:3.0.6.RELEASE]
	at org.springframework.beans.factory.support.DefaultSingletonBeanRegistry.destroySingleton(DefaultSingletonBeanRegistry.java:463) [spring-beans-3.0.6.RELEASE.jar:3.0.6.RELEASE]
	at org.springframework.beans.factory.support.DefaultSingletonBeanRegistry.destroySingletons(DefaultSingletonBeanRegistry.java:431) [spring-beans-3.0.6.RELEASE.jar:3.0.6.RELEASE]
	at org.springframework.context.support.AbstractApplicationContext.destroyBeans(AbstractApplicationContext.java:1048) [spring-context-3.0.6.RELEASE.jar:3.0.6.RELEASE]
	at org.springframework.context.support.AbstractApplicationContext.refresh(AbstractApplicationContext.java:433) [spring-context-3.0.6.RELEASE.jar:3.0.6.RELEASE]
	at org.springframework.test.context.support.AbstractGenericContextLoader.loadContext(AbstractGenericContextLoader.java:84) [spring-test-3.0.6.RELEASE.jar:3.0.6.RELEASE]
	at org.springframework.test.context.support.AbstractGenericContextLoader.loadContext(AbstractGenericContextLoader.java:1) [spring-test-3.0.6.RELEASE.jar:3.0.6.RELEASE]
	at org.springframework.test.context.TestContext.loadApplicationContext(TestContext.java:280) [spring-test-3.0.6.RELEASE.jar:3.0.6.RELEASE]
	at org.springframework.test.context.TestContext.getApplicationContext(TestContext.java:304) [spring-test-3.0.6.RELEASE.jar:3.0.6.RELEASE]
	at org.springframework.test.context.support.DependencyInjectionTestExecutionListener.injectDependencies(DependencyInjectionTestExecutionListener.java:109) [spring-test-3.0.6.RELEASE.jar:3.0.6.RELEASE]
	at org.springframework.test.context.support.DependencyInjectionTestExecutionListener.prepareTestInstance(DependencyInjectionTestExecutionListener.java:75) [spring-test-3.0.6.RELEASE.jar:3.0.6.RELEASE]
	at org.springframework.test.context.TestContextManager.prepareTestInstance(TestContextManager.java:321) [spring-test-3.0.6.RELEASE.jar:3.0.6.RELEASE]
	at org.spockframework.spring.SpringTestContextManager.prepareTestInstance(SpringTestContextManager.java:49) [spock-spring-0.7-groovy-2.0.jar:na]
	at org.spockframework.spring.SpringInterceptor.interceptSetupMethod(SpringInterceptor.java:42) [spock-spring-0.7-groovy-2.0.jar:na]
	at org.spockframework.runtime.extension.AbstractMethodInterceptor.intercept(AbstractMethodInterceptor.java:28) [spock-core-0.7-groovy-2.0.jar:na]
	at org.spockframework.runtime.extension.MethodInvocation.proceed(MethodInvocation.java:84) [spock-core-0.7-groovy-2.0.jar:na]
	at org.spockframework.runtime.BaseSpecRunner.invoke(BaseSpecRunner.java:319) [spock-core-0.7-groovy-2.0.jar:na]
	at org.spockframework.runtime.BaseSpecRunner.invokeSetup(BaseSpecRunner.java:279) [spock-core-0.7-groovy-2.0.jar:na]
	at org.spockframework.runtime.BaseSpecRunner.doRunIteration(BaseSpecRunner.java:255) [spock-core-0.7-groovy-2.0.jar:na]
	at sun.reflect.GeneratedMethodAccessor5.invoke(Unknown Source) ~[na:na]
	at sun.reflect.DelegatingMethodAccessorImpl.invoke(DelegatingMethodAccessorImpl.java:25) ~[na:1.6.0_38]
	at java.lang.reflect.Method.invoke(Method.java:597) ~[na:1.6.0_38]
	at org.spockframework.util.ReflectionUtil.invokeMethod(ReflectionUtil.java:138) [spock-core-0.7-groovy-2.0.jar:na]
	at org.spockframework.runtime.BaseSpecRunner.invokeRaw(BaseSpecRunner.java:330) [spock-core-0.7-groovy-2.0.jar:na]
	at org.spockframework.runtime.BaseSpecRunner.invoke(BaseSpecRunner.java:311) [spock-core-0.7-groovy-2.0.jar:na]
	at org.spockframework.runtime.BaseSpecRunner.runIteration(BaseSpecRunner.java:223) [spock-core-0.7-groovy-2.0.jar:na]
	at org.spockframework.runtime.BaseSpecRunner.initializeAndRunIteration(BaseSpecRunner.java:214) [spock-core-0.7-groovy-2.0.jar:na]
	at org.spockframework.runtime.BaseSpecRunner.runSimpleFeature(BaseSpecRunner.java:205) [spock-core-0.7-groovy-2.0.jar:na]
	at org.spockframework.runtime.BaseSpecRunner.doRunFeature(BaseSpecRunner.java:199) [spock-core-0.7-groovy-2.0.jar:na]
	at sun.reflect.GeneratedMethodAccessor7.invoke(Unknown Source) ~[na:na]
	at sun.reflect.DelegatingMethodAccessorImpl.invoke(DelegatingMethodAccessorImpl.java:25) ~[na:1.6.0_38]
	at java.lang.reflect.Method.invoke(Method.java:597) ~[na:1.6.0_38]
	at org.spockframework.util.ReflectionUtil.invokeMethod(ReflectionUtil.java:138) [spock-core-0.7-groovy-2.0.jar:na]
	at org.spockframework.runtime.BaseSpecRunner.invokeRaw(BaseSpecRunner.java:330) [spock-core-0.7-groovy-2.0.jar:na]
	at org.spockframework.runtime.BaseSpecRunner.invoke(BaseSpecRunner.java:311) [spock-core-0.7-groovy-2.0.jar:na]
	at org.spockframework.runtime.BaseSpecRunner.runFeature(BaseSpecRunner.java:175) [spock-core-0.7-groovy-2.0.jar:na]
	at org.spockframework.runtime.BaseSpecRunner.runFeatures(BaseSpecRunner.java:152) [spock-core-0.7-groovy-2.0.jar:na]
	at org.spockframework.runtime.BaseSpecRunner.doRunSpec(BaseSpecRunner.java:112) [spock-core-0.7-groovy-2.0.jar:na]
	at sun.reflect.GeneratedMethodAccessor11.invoke(Unknown Source) ~[na:na]
	at sun.reflect.DelegatingMethodAccessorImpl.invoke(DelegatingMethodAccessorImpl.java:25) ~[na:1.6.0_38]
	at java.lang.reflect.Method.invoke(Method.java:597) ~[na:1.6.0_38]
	at org.spockframework.util.ReflectionUtil.invokeMethod(ReflectionUtil.java:138) [spock-core-0.7-groovy-2.0.jar:na]
	at org.spockframework.runtime.BaseSpecRunner.invokeRaw(BaseSpecRunner.java:330) [spock-core-0.7-groovy-2.0.jar:na]
	at org.spockframework.runtime.BaseSpecRunner.invoke(BaseSpecRunner.java:311) [spock-core-0.7-groovy-2.0.jar:na]
	at org.spockframework.runtime.BaseSpecRunner.runSpec(BaseSpecRunner.java:91) [spock-core-0.7-groovy-2.0.jar:na]
	at org.spockframework.runtime.BaseSpecRunner.run(BaseSpecRunner.java:82) [spock-core-0.7-groovy-2.0.jar:na]
	at org.spockframework.runtime.Sputnik.run(Sputnik.java:63) [spock-core-0.7-groovy-2.0.jar:na]
	at org.apache.maven.surefire.junit4.JUnit4TestSet.execute(JUnit4TestSet.java:53) [surefire-junit4-2.10.jar:2.10]
	at org.apache.maven.surefire.junit4.JUnit4Provider.executeTestSet(JUnit4Provider.java:123) [surefire-junit4-2.10.jar:2.10]
	at org.apache.maven.surefire.junit4.JUnit4Provider.invoke(JUnit4Provider.java:104) [surefire-junit4-2.10.jar:2.10]
	at sun.reflect.NativeMethodAccessorImpl.invoke0(Native Method) ~[na:1.6.0_38]
	at sun.reflect.NativeMethodAccessorImpl.invoke(NativeMethodAccessorImpl.java:39) ~[na:1.6.0_38]
	at sun.reflect.DelegatingMethodAccessorImpl.invoke(DelegatingMethodAccessorImpl.java:25) ~[na:1.6.0_38]
	at java.lang.reflect.Method.invoke(Method.java:597) ~[na:1.6.0_38]
	at org.apache.maven.surefire.util.ReflectionUtils.invokeMethodWithArray(ReflectionUtils.java:164) [surefire-api-2.10.jar:2.10]
	at org.apache.maven.surefire.booter.ProviderFactory$ProviderProxy.invoke(ProviderFactory.java:110) [surefire-booter-2.10.jar:2.10]
	at org.apache.maven.surefire.booter.SurefireStarter.invokeProvider(SurefireStarter.java:175) [surefire-booter-2.10.jar:2.10]
	at org.apache.maven.surefire.booter.SurefireStarter.runSuitesInProcessWhenForked(SurefireStarter.java:107) [surefire-booter-2.10.jar:2.10]
	at org.apache.maven.surefire.booter.ForkedBooter.main(ForkedBooter.java:68) [surefire-booter-2.10.jar:2.10]
22:05:48.655 [main] WARN  o.s.c.a.CommonAnnotationBeanPostProcessor - Invocation of destroy method failed on bean with name &apos;coreTicketOngoingSyncJob&apos;: com.rackspace.search.exception.NotFoundException: Index is missing
22:05:48.660 [main] ERROR c.r.s.e.client.ElasticSearchClient - Index is missing
org.elasticsearch.indices.IndexMissingException: [admin] missing
	at org.elasticsearch.cluster.metadata.MetaData.concreteIndex(MetaData.java:616) ~[elasticsearch-0.90.2.jar:na]
	at org.elasticsearch.action.get.TransportGetAction.resolveRequest(TransportGetAction.java:90) ~[elasticsearch-0.90.2.jar:na]
	at org.elasticsearch.action.get.TransportGetAction.resolveRequest(TransportGetAction.java:42) ~[elasticsearch-0.90.2.jar:na]
	at org.elasticsearch.action.support.single.shard.TransportShardSingleOperationAction$AsyncSingleAction.&lt;init&gt;(TransportShardSingleOperationAction.java:114) ~[elasticsearch-0.90.2.jar:na]
	at org.elasticsearch.action.support.single.shard.TransportShardSingleOperationAction$AsyncSingleAction.&lt;init&gt;(TransportShardSingleOperationAction.java:94) ~[elasticsearch-0.90.2.jar:na]
	at org.elasticsearch.action.support.single.shard.TransportShardSingleOperationAction.doExecute(TransportShardSingleOperationAction.java:71) ~[elasticsearch-0.90.2.jar:na]
	at org.elasticsearch.action.support.single.shard.TransportShardSingleOperationAction.doExecute(TransportShardSingleOperationAction.java:46) ~[elasticsearch-0.90.2.jar:na]
	at org.elasticsearch.action.support.TransportAction.execute(TransportAction.java:61) ~[elasticsearch-0.90.2.jar:na]
	at org.elasticsearch.client.node.NodeClient.execute(NodeClient.java:92) ~[elasticsearch-0.90.2.jar:na]
	at org.elasticsearch.client.support.AbstractClient.get(AbstractClient.java:179) ~[elasticsearch-0.90.2.jar:na]
	at org.elasticsearch.action.get.GetRequestBuilder.doExecute(GetRequestBuilder.java:112) ~[elasticsearch-0.90.2.jar:na]
	at org.elasticsearch.action.ActionRequestBuilder.execute(ActionRequestBuilder.java:62) ~[elasticsearch-0.90.2.jar:na]
	at org.elasticsearch.action.ActionRequestBuilder.execute(ActionRequestBuilder.java:57) ~[elasticsearch-0.90.2.jar:na]
	at org.elasticsearch.action.ActionRequestBuilder$execute.call(Unknown Source) ~[na:na]
	at com.rackspace.search.elasticsearch.client.ElasticSearchClient.getDocument(ElasticSearchClient.groovy:209) ~[classes/:na]
	at com.rackspace.search.elasticsearch.client.ElasticSearchClient$getDocument.call(Unknown Source) [classes/:na]
	at com.rackspace.search.service.JobService.getJob(JobService.groovy:56) [classes/:na]
	at com.rackspace.search.service.JobService$getJob$0.callCurrent(Unknown Source) [classes/:na]
	at com.rackspace.search.service.JobService.getJob(JobService.groovy:52) [classes/:na]
	at com.rackspace.search.service.JobService$getJob.call(Unknown Source) [classes/:na]
	at com.rackspace.search.service.core.CoreTicketOnetimeSyncJob.windupActivities(CoreTicketOneTimeSyncJob.groovy:45) [classes/:na]
	at sun.reflect.NativeMethodAccessorImpl.invoke0(Native Method) ~[na:1.6.0_38]
	at sun.reflect.NativeMethodAccessorImpl.invoke(NativeMethodAccessorImpl.java:39) ~[na:1.6.0_38]
	at sun.reflect.DelegatingMethodAccessorImpl.invoke(DelegatingMethodAccessorImpl.java:25) ~[na:1.6.0_38]
	at java.lang.reflect.Method.invoke(Method.java:597) ~[na:1.6.0_38]
	at org.springframework.beans.factory.annotation.InitDestroyAnnotationBeanPostProcessor$LifecycleElement.invoke(InitDestroyAnnotationBeanPostProcessor.java:340) [spring-beans-3.0.6.RELEASE.jar:3.0.6.RELEASE]
	at org.springframework.beans.factory.annotation.InitDestroyAnnotationBeanPostProcessor$LifecycleMetadata.invokeDestroyMethods(InitDestroyAnnotationBeanPostProcessor.java:305) [spring-beans-3.0.6.RELEASE.jar:3.0.6.RELEASE]
	at org.springframework.beans.factory.annotation.InitDestroyAnnotationBeanPostProcessor.postProcessBeforeDestruction(InitDestroyAnnotationBeanPostProcessor.java:148) [spring-beans-3.0.6.RELEASE.jar:3.0.6.RELEASE]
	at org.springframework.beans.factory.support.DisposableBeanAdapter.destroy(DisposableBeanAdapter.java:166) [spring-beans-3.0.6.RELEASE.jar:3.0.6.RELEASE]
	at org.springframework.beans.factory.support.DefaultSingletonBeanRegistry.destroyBean(DefaultSingletonBeanRegistry.java:487) [spring-beans-3.0.6.RELEASE.jar:3.0.6.RELEASE]
	at org.springframework.beans.factory.support.DefaultSingletonBeanRegistry.destroySingleton(DefaultSingletonBeanRegistry.java:463) [spring-beans-3.0.6.RELEASE.jar:3.0.6.RELEASE]
	at org.springframework.beans.factory.support.DefaultSingletonBeanRegistry.destroySingletons(DefaultSingletonBeanRegistry.java:431) [spring-beans-3.0.6.RELEASE.jar:3.0.6.RELEASE]
	at org.springframework.context.support.AbstractApplicationContext.destroyBeans(AbstractApplicationContext.java:1048) [spring-context-3.0.6.RELEASE.jar:3.0.6.RELEASE]
	at org.springframework.context.support.AbstractApplicationContext.refresh(AbstractApplicationContext.java:433) [spring-context-3.0.6.RELEASE.jar:3.0.6.RELEASE]
	at org.springframework.test.context.support.AbstractGenericContextLoader.loadContext(AbstractGenericContextLoader.java:84) [spring-test-3.0.6.RELEASE.jar:3.0.6.RELEASE]
	at org.springframework.test.context.support.AbstractGenericContextLoader.loadContext(AbstractGenericContextLoader.java:1) [spring-test-3.0.6.RELEASE.jar:3.0.6.RELEASE]
	at org.springframework.test.context.TestContext.loadApplicationContext(TestContext.java:280) [spring-test-3.0.6.RELEASE.jar:3.0.6.RELEASE]
	at org.springframework.test.context.TestContext.getApplicationContext(TestContext.java:304) [spring-test-3.0.6.RELEASE.jar:3.0.6.RELEASE]
	at org.springframework.test.context.support.DependencyInjectionTestExecutionListener.injectDependencies(DependencyInjectionTestExecutionListener.java:109) [spring-test-3.0.6.RELEASE.jar:3.0.6.RELEASE]
	at org.springframework.test.context.support.DependencyInjectionTestExecutionListener.prepareTestInstance(DependencyInjectionTestExecutionListener.java:75) [spring-test-3.0.6.RELEASE.jar:3.0.6.RELEASE]
	at org.springframework.test.context.TestContextManager.prepareTestInstance(TestContextManager.java:321) [spring-test-3.0.6.RELEASE.jar:3.0.6.RELEASE]
	at org.spockframework.spring.SpringTestContextManager.prepareTestInstance(SpringTestContextManager.java:49) [spock-spring-0.7-groovy-2.0.jar:na]
	at org.spockframework.spring.SpringInterceptor.interceptSetupMethod(SpringInterceptor.java:42) [spock-spring-0.7-groovy-2.0.jar:na]
	at org.spockframework.runtime.extension.AbstractMethodInterceptor.intercept(AbstractMethodInterceptor.java:28) [spock-core-0.7-groovy-2.0.jar:na]
	at org.spockframework.runtime.extension.MethodInvocation.proceed(MethodInvocation.java:84) [spock-core-0.7-groovy-2.0.jar:na]
	at org.spockframework.runtime.BaseSpecRunner.invoke(BaseSpecRunner.java:319) [spock-core-0.7-groovy-2.0.jar:na]
	at org.spockframework.runtime.BaseSpecRunner.invokeSetup(BaseSpecRunner.java:279) [spock-core-0.7-groovy-2.0.jar:na]
	at org.spockframework.runtime.BaseSpecRunner.doRunIteration(BaseSpecRunner.java:255) [spock-core-0.7-groovy-2.0.jar:na]
	at sun.reflect.GeneratedMethodAccessor5.invoke(Unknown Source) ~[na:na]
	at sun.reflect.DelegatingMethodAccessorImpl.invoke(DelegatingMethodAccessorImpl.java:25) ~[na:1.6.0_38]
	at java.lang.reflect.Method.invoke(Method.java:597) ~[na:1.6.0_38]
	at org.spockframework.util.ReflectionUtil.invokeMethod(ReflectionUtil.java:138) [spock-core-0.7-groovy-2.0.jar:na]
	at org.spockframework.runtime.BaseSpecRunner.invokeRaw(BaseSpecRunner.java:330) [spock-core-0.7-groovy-2.0.jar:na]
	at org.spockframework.runtime.BaseSpecRunner.invoke(BaseSpecRunner.java:311) [spock-core-0.7-groovy-2.0.jar:na]
	at org.spockframework.runtime.BaseSpecRunner.runIteration(BaseSpecRunner.java:223) [spock-core-0.7-groovy-2.0.jar:na]
	at org.spockframework.runtime.BaseSpecRunner.initializeAndRunIteration(BaseSpecRunner.java:214) [spock-core-0.7-groovy-2.0.jar:na]
	at org.spockframework.runtime.BaseSpecRunner.runSimpleFeature(BaseSpecRunner.java:205) [spock-core-0.7-groovy-2.0.jar:na]
	at org.spockframework.runtime.BaseSpecRunner.doRunFeature(BaseSpecRunner.java:199) [spock-core-0.7-groovy-2.0.jar:na]
	at sun.reflect.GeneratedMethodAccessor7.invoke(Unknown Source) ~[na:na]
	at sun.reflect.DelegatingMethodAccessorImpl.invoke(DelegatingMethodAccessorImpl.java:25) ~[na:1.6.0_38]
	at java.lang.reflect.Method.invoke(Method.java:597) ~[na:1.6.0_38]
	at org.spockframework.util.ReflectionUtil.invokeMethod(ReflectionUtil.java:138) [spock-core-0.7-groovy-2.0.jar:na]
	at org.spockframework.runtime.BaseSpecRunner.invokeRaw(BaseSpecRunner.java:330) [spock-core-0.7-groovy-2.0.jar:na]
	at org.spockframework.runtime.BaseSpecRunner.invoke(BaseSpecRunner.java:311) [spock-core-0.7-groovy-2.0.jar:na]
	at org.spockframework.runtime.BaseSpecRunner.runFeature(BaseSpecRunner.java:175) [spock-core-0.7-groovy-2.0.jar:na]
	at org.spockframework.runtime.BaseSpecRunner.runFeatures(BaseSpecRunner.java:152) [spock-core-0.7-groovy-2.0.jar:na]
	at org.spockframework.runtime.BaseSpecRunner.doRunSpec(BaseSpecRunner.java:112) [spock-core-0.7-groovy-2.0.jar:na]
	at sun.reflect.GeneratedMethodAccessor11.invoke(Unknown Source) ~[na:na]
	at sun.reflect.DelegatingMethodAccessorImpl.invoke(DelegatingMethodAccessorImpl.java:25) ~[na:1.6.0_38]
	at java.lang.reflect.Method.invoke(Method.java:597) ~[na:1.6.0_38]
	at org.spockframework.util.ReflectionUtil.invokeMethod(ReflectionUtil.java:138) [spock-core-0.7-groovy-2.0.jar:na]
	at org.spockframework.runtime.BaseSpecRunner.invokeRaw(BaseSpecRunner.java:330) [spock-core-0.7-groovy-2.0.jar:na]
	at org.spockframework.runtime.BaseSpecRunner.invoke(BaseSpecRunner.java:311) [spock-core-0.7-groovy-2.0.jar:na]
	at org.spockframework.runtime.BaseSpecRunner.runSpec(BaseSpecRunner.java:91) [spock-core-0.7-groovy-2.0.jar:na]
	at org.spockframework.runtime.BaseSpecRunner.run(BaseSpecRunner.java:82) [spock-core-0.7-groovy-2.0.jar:na]
	at org.spockframework.runtime.Sputnik.run(Sputnik.java:63) [spock-core-0.7-groovy-2.0.jar:na]
	at org.apache.maven.surefire.junit4.JUnit4TestSet.execute(JUnit4TestSet.java:53) [surefire-junit4-2.10.jar:2.10]
	at org.apache.maven.surefire.junit4.JUnit4Provider.executeTestSet(JUnit4Provider.java:123) [surefire-junit4-2.10.jar:2.10]
	at org.apache.maven.surefire.junit4.JUnit4Provider.invoke(JUnit4Provider.java:104) [surefire-junit4-2.10.jar:2.10]
	at sun.reflect.NativeMethodAccessorImpl.invoke0(Native Method) ~[na:1.6.0_38]
	at sun.reflect.NativeMethodAccessorImpl.invoke(NativeMethodAccessorImpl.java:39) ~[na:1.6.0_38]
	at sun.reflect.DelegatingMethodAccessorImpl.invoke(DelegatingMethodAccessorImpl.java:25) ~[na:1.6.0_38]
	at java.lang.reflect.Method.invoke(Method.java:597) ~[na:1.6.0_38]
	at org.apache.maven.surefire.util.ReflectionUtils.invokeMethodWithArray(ReflectionUtils.java:164) [surefire-api-2.10.jar:2.10]
	at org.apache.maven.surefire.booter.ProviderFactory$ProviderProxy.invoke(ProviderFactory.java:110) [surefire-booter-2.10.jar:2.10]
	at org.apache.maven.surefire.booter.SurefireStarter.invokeProvider(SurefireStarter.java:175) [surefire-booter-2.10.jar:2.10]
	at org.apache.maven.surefire.booter.SurefireStarter.runSuitesInProcessWhenForked(SurefireStarter.java:107) [surefire-booter-2.10.jar:2.10]
	at org.apache.maven.surefire.booter.ForkedBooter.main(ForkedBooter.java:68) [surefire-booter-2.10.jar:2.10]
22:05:48.661 [main] WARN  o.s.c.a.CommonAnnotationBeanPostProcessor - Invocation of destroy method failed on bean with name &apos;coreTicketOnetimeSyncJob&apos;: com.rackspace.search.exception.NotFoundException: Index is missing
22:05:48.662 [main] INFO  org.elasticsearch.node - [ticket.node] {0.90.2}[25471]: stopping ...
22:05:48.762 [main] INFO  org.elasticsearch.node - [ticket.node] {0.90.2}[25471]: stopped
22:05:48.762 [main] INFO  org.elasticsearch.node - [ticket.node] {0.90.2}[25471]: closing ...
22:05:48.765 [main] INFO  org.elasticsearch.node - [ticket.node] {0.90.2}[25471]: closed
22:05:48.773 [main] ERROR o.s.test.context.TestContextManager - Caught exception while allowing TestExecutionListener [org.springframework.test.context.support.DependencyInjectionTestExecutionListener@4459116] to prepare test instance [com.rackspace.search.elasticsearch.client.ElasticSearchClientTest@658f1e0d]
java.lang.IllegalStateException: Failed to load ApplicationContext
	at org.springframework.test.context.TestContext.getApplicationContext(TestContext.java:308) ~[spring-test-3.0.6.RELEASE.jar:3.0.6.RELEASE]
	at org.springframework.test.context.support.DependencyInjectionTestExecutionListener.injectDependencies(DependencyInjectionTestExecutionListener.java:109) ~[spring-test-3.0.6.RELEASE.jar:3.0.6.RELEASE]
	at org.springframework.test.context.support.DependencyInjectionTestExecutionListener.prepareTestInstance(DependencyInjectionTestExecutionListener.java:75) ~[spring-test-3.0.6.RELEASE.jar:3.0.6.RELEASE]
	at org.springframework.test.context.TestContextManager.prepareTestInstance(TestContextManager.java:321) ~[spring-test-3.0.6.RELEASE.jar:3.0.6.RELEASE]
	at org.spockframework.spring.SpringTestContextManager.prepareTestInstance(SpringTestContextManager.java:49) [spock-spring-0.7-groovy-2.0.jar:na]
	at org.spockframework.spring.SpringInterceptor.interceptSetupMethod(SpringInterceptor.java:42) [spock-spring-0.7-groovy-2.0.jar:na]
	at org.spockframework.runtime.extension.AbstractMethodInterceptor.intercept(AbstractMethodInterceptor.java:28) [spock-core-0.7-groovy-2.0.jar:na]
	at org.spockframework.runtime.extension.MethodInvocation.proceed(MethodInvocation.java:84) [spock-core-0.7-groovy-2.0.jar:na]
	at org.spockframework.runtime.BaseSpecRunner.invoke(BaseSpecRunner.java:319) [spock-core-0.7-groovy-2.0.jar:na]
	at org.spockframework.runtime.BaseSpecRunner.invokeSetup(BaseSpecRunner.java:279) [spock-core-0.7-groovy-2.0.jar:na]
	at org.spockframework.runtime.BaseSpecRunner.doRunIteration(BaseSpecRunner.java:255) [spock-core-0.7-groovy-2.0.jar:na]
	at sun.reflect.GeneratedMethodAccessor5.invoke(Unknown Source) ~[na:na]
	at sun.reflect.DelegatingMethodAccessorImpl.invoke(DelegatingMethodAccessorImpl.java:25) ~[na:1.6.0_38]
	at java.lang.reflect.Method.invoke(Method.java:597) ~[na:1.6.0_38]
	at org.spockframework.util.ReflectionUtil.invokeMethod(ReflectionUtil.java:138) [spock-core-0.7-groovy-2.0.jar:na]
	at org.spockframework.runtime.BaseSpecRunner.invokeRaw(BaseSpecRunner.java:330) [spock-core-0.7-groovy-2.0.jar:na]
	at org.spockframework.runtime.BaseSpecRunner.invoke(BaseSpecRunner.java:311) [spock-core-0.7-groovy-2.0.jar:na]
	at org.spockframework.runtime.BaseSpecRunner.runIteration(BaseSpecRunner.java:223) [spock-core-0.7-groovy-2.0.jar:na]
	at org.spockframework.runtime.BaseSpecRunner.initializeAndRunIteration(BaseSpecRunner.java:214) [spock-core-0.7-groovy-2.0.jar:na]
	at org.spockframework.runtime.BaseSpecRunner.runSimpleFeature(BaseSpecRunner.java:205) [spock-core-0.7-groovy-2.0.jar:na]
	at org.spockframework.runtime.BaseSpecRunner.doRunFeature(BaseSpecRunner.java:199) [spock-core-0.7-groovy-2.0.jar:na]
	at sun.reflect.GeneratedMethodAccessor7.invoke(Unknown Source) ~[na:na]
	at sun.reflect.DelegatingMethodAccessorImpl.invoke(DelegatingMethodAccessorImpl.java:25) ~[na:1.6.0_38]
	at java.lang.reflect.Method.invoke(Method.java:597) ~[na:1.6.0_38]
	at org.spockframework.util.ReflectionUtil.invokeMethod(ReflectionUtil.java:138) [spock-core-0.7-groovy-2.0.jar:na]
	at org.spockframework.runtime.BaseSpecRunner.invokeRaw(BaseSpecRunner.java:330) [spock-core-0.7-groovy-2.0.jar:na]
	at org.spockframework.runtime.BaseSpecRunner.invoke(BaseSpecRunner.java:311) [spock-core-0.7-groovy-2.0.jar:na]
	at org.spockframework.runtime.BaseSpecRunner.runFeature(BaseSpecRunner.java:175) [spock-core-0.7-groovy-2.0.jar:na]
	at org.spockframework.runtime.BaseSpecRunner.runFeatures(BaseSpecRunner.java:152) [spock-core-0.7-groovy-2.0.jar:na]
	at org.spockframework.runtime.BaseSpecRunner.doRunSpec(BaseSpecRunner.java:112) [spock-core-0.7-groovy-2.0.jar:na]
	at sun.reflect.GeneratedMethodAccessor11.invoke(Unknown Source) ~[na:na]
	at sun.reflect.DelegatingMethodAccessorImpl.invoke(DelegatingMethodAccessorImpl.java:25) ~[na:1.6.0_38]
	at java.lang.reflect.Method.invoke(Method.java:597) ~[na:1.6.0_38]
	at org.spockframework.util.ReflectionUtil.invokeMethod(ReflectionUtil.java:138) [spock-core-0.7-groovy-2.0.jar:na]
	at org.spockframework.runtime.BaseSpecRunner.invokeRaw(BaseSpecRunner.java:330) [spock-core-0.7-groovy-2.0.jar:na]
	at org.spockframework.runtime.BaseSpecRunner.invoke(BaseSpecRunner.java:311) [spock-core-0.7-groovy-2.0.jar:na]
	at org.spockframework.runtime.BaseSpecRunner.runSpec(BaseSpecRunner.java:91) [spock-core-0.7-groovy-2.0.jar:na]
	at org.spockframework.runtime.BaseSpecRunner.run(BaseSpecRunner.java:82) [spock-core-0.7-groovy-2.0.jar:na]
	at org.spockframework.runtime.Sputnik.run(Sputnik.java:63) [spock-core-0.7-groovy-2.0.jar:na]
	at org.apache.maven.surefire.junit4.JUnit4TestSet.execute(JUnit4TestSet.java:53) [surefire-junit4-2.10.jar:2.10]
	at org.apache.maven.surefire.junit4.JUnit4Provider.executeTestSet(JUnit4Provider.java:123) [surefire-junit4-2.10.jar:2.10]
	at org.apache.maven.surefire.junit4.JUnit4Provider.invoke(JUnit4Provider.java:104) [surefire-junit4-2.10.jar:2.10]
	at sun.reflect.NativeMethodAccessorImpl.invoke0(Native Method) ~[na:1.6.0_38]
	at sun.reflect.NativeMethodAccessorImpl.invoke(NativeMethodAccessorImpl.java:39) ~[na:1.6.0_38]
	at sun.reflect.DelegatingMethodAccessorImpl.invoke(DelegatingMethodAccessorImpl.java:25) ~[na:1.6.0_38]
	at java.lang.reflect.Method.invoke(Method.java:597) ~[na:1.6.0_38]
	at org.apache.maven.surefire.util.ReflectionUtils.invokeMethodWithArray(ReflectionUtils.java:164) [surefire-api-2.10.jar:2.10]
	at org.apache.maven.surefire.booter.ProviderFactory$ProviderProxy.invoke(ProviderFactory.java:110) [surefire-booter-2.10.jar:2.10]
	at org.apache.maven.surefire.booter.SurefireStarter.invokeProvider(SurefireStarter.java:175) [surefire-booter-2.10.jar:2.10]
	at org.apache.maven.surefire.booter.SurefireStarter.runSuitesInProcessWhenForked(SurefireStarter.java:107) [surefire-booter-2.10.jar:2.10]
	at org.apache.maven.surefire.booter.ForkedBooter.main(ForkedBooter.java:68) [surefire-booter-2.10.jar:2.10]
Caused by: org.springframework.beans.factory.BeanCreationException: Error creating bean with name &apos;jobResource&apos;: Injection of autowired dependencies failed; nested exception is org.springframework.beans.factory.BeanCreationException: Could not autowire field: private com.rackspace.search.service.zendesk.ZendeskTicketOngoingSyncJob com.rackspace.search.endpoint.JobResource.zendeskTicketOngoingSyncJob; nested exception is org.springframework.beans.factory.BeanCreationException: Error creating bean with name &apos;zendeskTicketOngoingSyncJob&apos;: Injection of autowired dependencies failed; nested exception is org.springframework.beans.factory.BeanCreationException: Could not autowire field: private com.rackspace.search.service.zendesk.ZendeskTicketOngoingSyncActor com.rackspace.search.service.zendesk.ZendeskTicketOngoingSyncJob.ticketActor; nested exception is org.springframework.beans.factory.BeanCreationException: Error creating bean with name &apos;zendeskTicketOngoingSyncActor&apos;: Injection of autowired dependencies failed; nested exception is org.springframework.beans.factory.BeanCreationException: Could not autowire field: private com.rackspace.search.service.zendesk.ZendeskTicketProcessor com.rackspace.search.service.zendesk.ZendeskTicketOngoingSyncActor.zendeskTicketProcessor; nested exception is org.springframework.beans.factory.BeanCreationException: Error creating bean with name &apos;zendeskTicketProcessor&apos;: Injection of autowired dependencies failed; nested exception is org.springframework.beans.factory.BeanCreationException: Could not autowire field: private java.lang.Object com.rackspace.search.service.zendesk.ZendeskTicketProcessor.zendeskIndexName; nested exception is java.lang.IllegalArgumentException: Could not resolve placeholder &apos;zendesk.index.name&apos;
	at org.springframework.beans.factory.annotation.AutowiredAnnotationBeanPostProcessor.postProcessPropertyValues(AutowiredAnnotationBeanPostProcessor.java:288) ~[spring-beans-3.0.6.RELEASE.jar:3.0.6.RELEASE]
	at org.springframework.beans.factory.support.AbstractAutowireCapableBeanFactory.populateBean(AbstractAutowireCapableBeanFactory.java:1074) ~[spring-beans-3.0.6.RELEASE.jar:3.0.6.RELEASE]
	at org.springframework.beans.factory.support.AbstractAutowireCapableBeanFactory.doCreateBean(AbstractAutowireCapableBeanFactory.java:517) ~[spring-beans-3.0.6.RELEASE.jar:3.0.6.RELEASE]
	at org.springframework.beans.factory.support.AbstractAutowireCapableBeanFactory.createBean(AbstractAutowireCapableBeanFactory.java:456) ~[spring-beans-3.0.6.RELEASE.jar:3.0.6.RELEASE]
	at org.springframework.beans.factory.support.AbstractBeanFactory$1.getObject(AbstractBeanFactory.java:293) ~[spring-beans-3.0.6.RELEASE.jar:3.0.6.RELEASE]
	at org.springframework.beans.factory.support.DefaultSingletonBeanRegistry.getSingleton(DefaultSingletonBeanRegistry.java:222) ~[spring-beans-3.0.6.RELEASE.jar:3.0.6.RELEASE]
	at org.springframework.beans.factory.support.AbstractBeanFactory.doGetBean(AbstractBeanFactory.java:290) ~[spring-beans-3.0.6.RELEASE.jar:3.0.6.RELEASE]
	at org.springframework.beans.factory.support.AbstractBeanFactory.getBean(AbstractBeanFactory.java:192) ~[spring-beans-3.0.6.RELEASE.jar:3.0.6.RELEASE]
	at org.springframework.beans.factory.support.DefaultListableBeanFactory.preInstantiateSingletons(DefaultListableBeanFactory.java:585) ~[spring-beans-3.0.6.RELEASE.jar:3.0.6.RELEASE]
	at org.springframework.context.support.AbstractApplicationContext.finishBeanFactoryInitialization(AbstractApplicationContext.java:895) ~[spring-context-3.0.6.RELEASE.jar:3.0.6.RELEASE]
	at org.springframework.context.support.AbstractApplicationContext.refresh(AbstractApplicationContext.java:425) ~[spring-context-3.0.6.RELEASE.jar:3.0.6.RELEASE]
	at org.springframework.test.context.support.AbstractGenericContextLoader.loadContext(AbstractGenericContextLoader.java:84) ~[spring-test-3.0.6.RELEASE.jar:3.0.6.RELEASE]
	at org.springframework.test.context.support.AbstractGenericContextLoader.loadContext(AbstractGenericContextLoader.java:1) ~[spring-test-3.0.6.RELEASE.jar:3.0.6.RELEASE]
	at org.springframework.test.context.TestContext.loadApplicationContext(TestContext.java:280) ~[spring-test-3.0.6.RELEASE.jar:3.0.6.RELEASE]
	at org.springframework.test.context.TestContext.getApplicationContext(TestContext.java:304) ~[spring-test-3.0.6.RELEASE.jar:3.0.6.RELEASE]
	... 50 common frames omitted
Caused by: org.springframework.beans.factory.BeanCreationException: Could not autowire field: private com.rackspace.search.service.zendesk.ZendeskTicketOngoingSyncJob com.rackspace.search.endpoint.JobResource.zendeskTicketOngoingSyncJob; nested exception is org.springframework.beans.factory.BeanCreationException: Error creating bean with name &apos;zendeskTicketOngoingSyncJob&apos;: Injection of autowired dependencies failed; nested exception is org.springframework.beans.factory.BeanCreationException: Could not autowire field: private com.rackspace.search.service.zendesk.ZendeskTicketOngoingSyncActor com.rackspace.search.service.zendesk.ZendeskTicketOngoingSyncJob.ticketActor; nested exception is org.springframework.beans.factory.BeanCreationException: Error creating bean with name &apos;zendeskTicketOngoingSyncActor&apos;: Injection of autowired dependencies failed; nested exception is org.springframework.beans.factory.BeanCreationException: Could not autowire field: private com.rackspace.search.service.zendesk.ZendeskTicketProcessor com.rackspace.search.service.zendesk.ZendeskTicketOngoingSyncActor.zendeskTicketProcessor; nested exception is org.springframework.beans.factory.BeanCreationException: Error creating bean with name &apos;zendeskTicketProcessor&apos;: Injection of autowired dependencies failed; nested exception is org.springframework.beans.factory.BeanCreationException: Could not autowire field: private java.lang.Object com.rackspace.search.service.zendesk.ZendeskTicketProcessor.zendeskIndexName; nested exception is java.lang.IllegalArgumentException: Could not resolve placeholder &apos;zendesk.index.name&apos;
	at org.springframework.beans.factory.annotation.AutowiredAnnotationBeanPostProcessor$AutowiredFieldElement.inject(AutowiredAnnotationBeanPostProcessor.java:508) ~[spring-beans-3.0.6.RELEASE.jar:3.0.6.RELEASE]
	at org.springframework.beans.factory.annotation.InjectionMetadata.inject(InjectionMetadata.java:84) ~[spring-beans-3.0.6.RELEASE.jar:3.0.6.RELEASE]
	at org.springframework.beans.factory.annotation.AutowiredAnnotationBeanPostProcessor.postProcessPropertyValues(AutowiredAnnotationBeanPostProcessor.java:285) ~[spring-beans-3.0.6.RELEASE.jar:3.0.6.RELEASE]
	... 64 common frames omitted
Caused by: org.springframework.beans.factory.BeanCreationException: Error creating bean with name &apos;zendeskTicketOngoingSyncJob&apos;: Injection of autowired dependencies failed; nested exception is org.springframework.beans.factory.BeanCreationException: Could not autowire field: private com.rackspace.search.service.zendesk.ZendeskTicketOngoingSyncActor com.rackspace.search.service.zendesk.ZendeskTicketOngoingSyncJob.ticketActor; nested exception is org.springframework.beans.factory.BeanCreationException: Error creating bean with name &apos;zendeskTicketOngoingSyncActor&apos;: Injection of autowired dependencies failed; nested exception is org.springframework.beans.factory.BeanCreationException: Could not autowire field: private com.rackspace.search.service.zendesk.ZendeskTicketProcessor com.rackspace.search.service.zendesk.ZendeskTicketOngoingSyncActor.zendeskTicketProcessor; nested exception is org.springframework.beans.factory.BeanCreationException: Error creating bean with name &apos;zendeskTicketProcessor&apos;: Injection of autowired dependencies failed; nested exception is org.springframework.beans.factory.BeanCreationException: Could not autowire field: private java.lang.Object com.rackspace.search.service.zendesk.ZendeskTicketProcessor.zendeskIndexName; nested exception is java.lang.IllegalArgumentException: Could not resolve placeholder &apos;zendesk.index.name&apos;
	at org.springframework.beans.factory.annotation.AutowiredAnnotationBeanPostProcessor.postProcessPropertyValues(AutowiredAnnotationBeanPostProcessor.java:288) ~[spring-beans-3.0.6.RELEASE.jar:3.0.6.RELEASE]
	at org.springframework.beans.factory.support.AbstractAutowireCapableBeanFactory.populateBean(AbstractAutowireCapableBeanFactory.java:1074) ~[spring-beans-3.0.6.RELEASE.jar:3.0.6.RELEASE]
	at org.springframework.beans.factory.support.AbstractAutowireCapableBeanFactory.doCreateBean(AbstractAutowireCapableBeanFactory.java:517) ~[spring-beans-3.0.6.RELEASE.jar:3.0.6.RELEASE]
	at org.springframework.beans.factory.support.AbstractAutowireCapableBeanFactory.createBean(AbstractAutowireCapableBeanFactory.java:456) ~[spring-beans-3.0.6.RELEASE.jar:3.0.6.RELEASE]
	at org.springframework.beans.factory.support.AbstractBeanFactory$1.getObject(AbstractBeanFactory.java:293) ~[spring-beans-3.0.6.RELEASE.jar:3.0.6.RELEASE]
	at org.springframework.beans.factory.support.DefaultSingletonBeanRegistry.getSingleton(DefaultSingletonBeanRegistry.java:222) ~[spring-beans-3.0.6.RELEASE.jar:3.0.6.RELEASE]
	at org.springframework.beans.factory.support.AbstractBeanFactory.doGetBean(AbstractBeanFactory.java:290) ~[spring-beans-3.0.6.RELEASE.jar:3.0.6.RELEASE]
	at org.springframework.beans.factory.support.AbstractBeanFactory.getBean(AbstractBeanFactory.java:192) ~[spring-beans-3.0.6.RELEASE.jar:3.0.6.RELEASE]
	at org.springframework.beans.factory.support.DefaultListableBeanFactory.findAutowireCandidates(DefaultListableBeanFactory.java:848) ~[spring-beans-3.0.6.RELEASE.jar:3.0.6.RELEASE]
	at org.springframework.beans.factory.support.DefaultListableBeanFactory.doResolveDependency(DefaultListableBeanFactory.java:790) ~[spring-beans-3.0.6.RELEASE.jar:3.0.6.RELEASE]
	at org.springframework.beans.factory.support.DefaultListableBeanFactory.resolveDependency(DefaultListableBeanFactory.java:707) ~[spring-beans-3.0.6.RELEASE.jar:3.0.6.RELEASE]
	at org.springframework.beans.factory.annotation.AutowiredAnnotationBeanPostProcessor$AutowiredFieldElement.inject(AutowiredAnnotationBeanPostProcessor.java:480) ~[spring-beans-3.0.6.RELEASE.jar:3.0.6.RELEASE]
	... 66 common frames omitted
Caused by: org.springframework.beans.factory.BeanCreationException: Could not autowire field: private com.rackspace.search.service.zendesk.ZendeskTicketOngoingSyncActor com.rackspace.search.service.zendesk.ZendeskTicketOngoingSyncJob.ticketActor; nested exception is org.springframework.beans.factory.BeanCreationException: Error creating bean with name &apos;zendeskTicketOngoingSyncActor&apos;: Injection of autowired dependencies failed; nested exception is org.springframework.beans.factory.BeanCreationException: Could not autowire field: private com.rackspace.search.service.zendesk.ZendeskTicketProcessor com.rackspace.search.service.zendesk.ZendeskTicketOngoingSyncActor.zendeskTicketProcessor; nested exception is org.springframework.beans.factory.BeanCreationException: Error creating bean with name &apos;zendeskTicketProcessor&apos;: Injection of autowired dependencies failed; nested exception is org.springframework.beans.factory.BeanCreationException: Could not autowire field: private java.lang.Object com.rackspace.search.service.zendesk.ZendeskTicketProcessor.zendeskIndexName; nested exception is java.lang.IllegalArgumentException: Could not resolve placeholder &apos;zendesk.index.name&apos;
	at org.springframework.beans.factory.annotation.AutowiredAnnotationBeanPostProcessor$AutowiredFieldElement.inject(AutowiredAnnotationBeanPostProcessor.java:508) ~[spring-beans-3.0.6.RELEASE.jar:3.0.6.RELEASE]
	at org.springframework.beans.factory.annotation.InjectionMetadata.inject(InjectionMetadata.java:84) ~[spring-beans-3.0.6.RELEASE.jar:3.0.6.RELEASE]
	at org.springframework.beans.factory.annotation.AutowiredAnnotationBeanPostProcessor.postProcessPropertyValues(AutowiredAnnotationBeanPostProcessor.java:285) ~[spring-beans-3.0.6.RELEASE.jar:3.0.6.RELEASE]
	... 77 common frames omitted
Caused by: org.springframework.beans.factory.BeanCreationException: Error creating bean with name &apos;zendeskTicketOngoingSyncActor&apos;: Injection of autowired dependencies failed; nested exception is org.springframework.beans.factory.BeanCreationException: Could not autowire field: private com.rackspace.search.service.zendesk.ZendeskTicketProcessor com.rackspace.search.service.zendesk.ZendeskTicketOngoingSyncActor.zendeskTicketProcessor; nested exception is org.springframework.beans.factory.BeanCreationException: Error creating bean with name &apos;zendeskTicketProcessor&apos;: Injection of autowired dependencies failed; nested exception is org.springframework.beans.factory.BeanCreationException: Could not autowire field: private java.lang.Object com.rackspace.search.service.zendesk.ZendeskTicketProcessor.zendeskIndexName; nested exception is java.lang.IllegalArgumentException: Could not resolve placeholder &apos;zendesk.index.name&apos;
	at org.springframework.beans.factory.annotation.AutowiredAnnotationBeanPostProcessor.postProcessPropertyValues(AutowiredAnnotationBeanPostProcessor.java:288) ~[spring-beans-3.0.6.RELEASE.jar:3.0.6.RELEASE]
	at org.springframework.beans.factory.support.AbstractAutowireCapableBeanFactory.populateBean(AbstractAutowireCapableBeanFactory.java:1074) ~[spring-beans-3.0.6.RELEASE.jar:3.0.6.RELEASE]
	at org.springframework.beans.factory.support.AbstractAutowireCapableBeanFactory.doCreateBean(AbstractAutowireCapableBeanFactory.java:517) ~[spring-beans-3.0.6.RELEASE.jar:3.0.6.RELEASE]
	at org.springframework.beans.factory.support.AbstractAutowireCapableBeanFactory.createBean(AbstractAutowireCapableBeanFactory.java:456) ~[spring-beans-3.0.6.RELEASE.jar:3.0.6.RELEASE]
	at org.springframework.beans.factory.support.AbstractBeanFactory$1.getObject(AbstractBeanFactory.java:293) ~[spring-beans-3.0.6.RELEASE.jar:3.0.6.RELEASE]
	at org.springframework.beans.factory.support.DefaultSingletonBeanRegistry.getSingleton(DefaultSingletonBeanRegistry.java:222) ~[spring-beans-3.0.6.RELEASE.jar:3.0.6.RELEASE]
	at org.springframework.beans.factory.support.AbstractBeanFactory.doGetBean(AbstractBeanFactory.java:290) ~[spring-beans-3.0.6.RELEASE.jar:3.0.6.RELEASE]
	at org.springframework.beans.factory.support.AbstractBeanFactory.getBean(AbstractBeanFactory.java:192) ~[spring-beans-3.0.6.RELEASE.jar:3.0.6.RELEASE]
	at org.springframework.beans.factory.support.DefaultListableBeanFactory.findAutowireCandidates(DefaultListableBeanFactory.java:848) ~[spring-beans-3.0.6.RELEASE.jar:3.0.6.RELEASE]
	at org.springframework.beans.factory.support.DefaultListableBeanFactory.doResolveDependency(DefaultListableBeanFactory.java:790) ~[spring-beans-3.0.6.RELEASE.jar:3.0.6.RELEASE]
	at org.springframework.beans.factory.support.DefaultListableBeanFactory.resolveDependency(DefaultListableBeanFactory.java:707) ~[spring-beans-3.0.6.RELEASE.jar:3.0.6.RELEASE]
	at org.springframework.beans.factory.annotation.AutowiredAnnotationBeanPostProcessor$AutowiredFieldElement.inject(AutowiredAnnotationBeanPostProcessor.java:480) ~[spring-beans-3.0.6.RELEASE.jar:3.0.6.RELEASE]
	... 79 common frames omitted
Caused by: org.springframework.beans.factory.BeanCreationException: Could not autowire field: private com.rackspace.search.service.zendesk.ZendeskTicketProcessor com.rackspace.search.service.zendesk.ZendeskTicketOngoingSyncActor.zendeskTicketProcessor; nested exception is org.springframework.beans.factory.BeanCreationException: Error creating bean with name &apos;zendeskTicketProcessor&apos;: Injection of autowired dependencies failed; nested exception is org.springframework.beans.factory.BeanCreationException: Could not autowire field: private java.lang.Object com.rackspace.search.service.zendesk.ZendeskTicketProcessor.zendeskIndexName; nested exception is java.lang.IllegalArgumentException: Could not resolve placeholder &apos;zendesk.index.name&apos;
	at org.springframework.beans.factory.annotation.AutowiredAnnotationBeanPostProcessor$AutowiredFieldElement.inject(AutowiredAnnotationBeanPostProcessor.java:508) ~[spring-beans-3.0.6.RELEASE.jar:3.0.6.RELEASE]
	at org.springframework.beans.factory.annotation.InjectionMetadata.inject(InjectionMetadata.java:84) ~[spring-beans-3.0.6.RELEASE.jar:3.0.6.RELEASE]
	at org.springframework.beans.factory.annotation.AutowiredAnnotationBeanPostProcessor.postProcessPropertyValues(AutowiredAnnotationBeanPostProcessor.java:285) ~[spring-beans-3.0.6.RELEASE.jar:3.0.6.RELEASE]
	... 90 common frames omitted
Caused by: org.springframework.beans.factory.BeanCreationException: Error creating bean with name &apos;zendeskTicketProcessor&apos;: Injection of autowired dependencies failed; nested exception is org.springframework.beans.factory.BeanCreationException: Could not autowire field: private java.lang.Object com.rackspace.search.service.zendesk.ZendeskTicketProcessor.zendeskIndexName; nested exception is java.lang.IllegalArgumentException: Could not resolve placeholder &apos;zendesk.index.name&apos;
	at org.springframework.beans.factory.annotation.AutowiredAnnotationBeanPostProcessor.postProcessPropertyValues(AutowiredAnnotationBeanPostProcessor.java:288) ~[spring-beans-3.0.6.RELEASE.jar:3.0.6.RELEASE]
	at org.springframework.beans.factory.support.AbstractAutowireCapableBeanFactory.populateBean(AbstractAutowireCapableBeanFactory.java:1074) ~[spring-beans-3.0.6.RELEASE.jar:3.0.6.RELEASE]
	at org.springframework.beans.factory.support.AbstractAutowireCapableBeanFactory.doCreateBean(AbstractAutowireCapableBeanFactory.java:517) ~[spring-beans-3.0.6.RELEASE.jar:3.0.6.RELEASE]
	at org.springframework.beans.factory.support.AbstractAutowireCapableBeanFactory.createBean(AbstractAutowireCapableBeanFactory.java:456) ~[spring-beans-3.0.6.RELEASE.jar:3.0.6.RELEASE]
	at org.springframework.beans.factory.support.AbstractBeanFactory$1.getObject(AbstractBeanFactory.java:293) ~[spring-beans-3.0.6.RELEASE.jar:3.0.6.RELEASE]
	at org.springframework.beans.factory.support.DefaultSingletonBeanRegistry.getSingleton(DefaultSingletonBeanRegistry.java:222) ~[spring-beans-3.0.6.RELEASE.jar:3.0.6.RELEASE]
	at org.springframework.beans.factory.support.AbstractBeanFactory.doGetBean(AbstractBeanFactory.java:290) ~[spring-beans-3.0.6.RELEASE.jar:3.0.6.RELEASE]
	at org.springframework.beans.factory.support.AbstractBeanFactory.getBean(AbstractBeanFactory.java:192) ~[spring-beans-3.0.6.RELEASE.jar:3.0.6.RELEASE]
	at org.springframework.beans.factory.support.DefaultListableBeanFactory.findAutowireCandidates(DefaultListableBeanFactory.java:848) ~[spring-beans-3.0.6.RELEASE.jar:3.0.6.RELEASE]
	at org.springframework.beans.factory.support.DefaultListableBeanFactory.doResolveDependency(DefaultListableBeanFactory.java:790) ~[spring-beans-3.0.6.RELEASE.jar:3.0.6.RELEASE]
	at org.springframework.beans.factory.support.DefaultListableBeanFactory.resolveDependency(DefaultListableBeanFactory.java:707) ~[spring-beans-3.0.6.RELEASE.jar:3.0.6.RELEASE]
	at org.springframework.beans.factory.annotation.AutowiredAnnotationBeanPostProcessor$AutowiredFieldElement.inject(AutowiredAnnotationBeanPostProcessor.java:480) ~[spring-beans-3.0.6.RELEASE.jar:3.0.6.RELEASE]
	... 92 common frames omitted
Caused by: org.springframework.beans.factory.BeanCreationException: Could not autowire field: private java.lang.Object com.rackspace.search.service.zendesk.ZendeskTicketProcessor.zendeskIndexName; nested exception is java.lang.IllegalArgumentException: Could not resolve placeholder &apos;zendesk.index.name&apos;
	at org.springframework.beans.factory.annotation.AutowiredAnnotationBeanPostProcessor$AutowiredFieldElement.inject(AutowiredAnnotationBeanPostProcessor.java:508) ~[spring-beans-3.0.6.RELEASE.jar:3.0.6.RELEASE]
	at org.springframework.beans.factory.annotation.InjectionMetadata.inject(InjectionMetadata.java:84) ~[spring-beans-3.0.6.RELEASE.jar:3.0.6.RELEASE]
	at org.springframework.beans.factory.annotation.AutowiredAnnotationBeanPostProcessor.postProcessPropertyValues(AutowiredAnnotationBeanPostProcessor.java:285) ~[spring-beans-3.0.6.RELEASE.jar:3.0.6.RELEASE]
	... 103 common frames omitted
Caused by: java.lang.IllegalArgumentException: Could not resolve placeholder &apos;zendesk.index.name&apos;
	at org.springframework.util.PropertyPlaceholderHelper.parseStringValue(PropertyPlaceholderHelper.java:173) ~[spring-core-3.0.6.RELEASE.jar:3.0.6.RELEASE]
	at org.springframework.util.PropertyPlaceholderHelper.replacePlaceholders(PropertyPlaceholderHelper.java:125) ~[spring-core-3.0.6.RELEASE.jar:3.0.6.RELEASE]
	at org.springframework.beans.factory.config.PropertyPlaceholderConfigurer$PlaceholderResolvingStringValueResolver.resolveStringValue(PropertyPlaceholderConfigurer.java:403) ~[spring-beans-3.0.6.RELEASE.jar:3.0.6.RELEASE]
	at org.springframework.beans.factory.support.AbstractBeanFactory.resolveEmbeddedValue(AbstractBeanFactory.java:747) ~[spring-beans-3.0.6.RELEASE.jar:3.0.6.RELEASE]
	at org.springframework.beans.factory.support.DefaultListableBeanFactory.doResolveDependency(DefaultListableBeanFactory.java:717) ~[spring-beans-3.0.6.RELEASE.jar:3.0.6.RELEASE]
	at org.springframework.beans.factory.support.DefaultListableBeanFactory.resolveDependency(DefaultListableBeanFactory.java:707) ~[spring-beans-3.0.6.RELEASE.jar:3.0.6.RELEASE]
	at org.springframework.beans.factory.annotation.AutowiredAnnotationBeanPostProcessor$AutowiredFieldElement.inject(AutowiredAnnotationBeanPostProcessor.java:480) ~[spring-beans-3.0.6.RELEASE.jar:3.0.6.RELEASE]
	... 105 common frames omitted
</stdout>
          <stderr>Exception in thread &quot;Timer-91&quot; org.elasticsearch.common.util.concurrent.EsRejectedExecutionException: rejected execution of [org.elasticsearch.action.support.master.TransportMasterNodeOperationAction$2]
	at org.elasticsearch.common.util.concurrent.EsAbortPolicy.rejectedExecution(EsAbortPolicy.java:35)
	at java.util.concurrent.ThreadPoolExecutor.reject(ThreadPoolExecutor.java:767)
	at java.util.concurrent.ThreadPoolExecutor.execute(ThreadPoolExecutor.java:658)
	at org.elasticsearch.action.support.master.TransportMasterNodeOperationAction.innerExecute(TransportMasterNodeOperationAction.java:132)
	at org.elasticsearch.action.support.master.TransportMasterNodeOperationAction.doExecute(TransportMasterNodeOperationAction.java:86)
	at org.elasticsearch.action.support.master.TransportMasterNodeOperationAction.doExecute(TransportMasterNodeOperationAction.java:42)
	at org.elasticsearch.action.support.TransportAction.execute(TransportAction.java:61)
	at org.elasticsearch.client.node.NodeClusterAdminClient.execute(NodeClusterAdminClient.java:72)
	at org.elasticsearch.client.support.AbstractClusterAdminClient.health(AbstractClusterAdminClient.java:83)
	at org.elasticsearch.action.admin.cluster.health.ClusterHealthRequestBuilder.doExecute(ClusterHealthRequestBuilder.java:98)
	at org.elasticsearch.action.ActionRequestBuilder.execute(ActionRequestBuilder.java:62)
	at org.elasticsearch.action.ActionRequestBuilder.execute(ActionRequestBuilder.java:57)
	at org.elasticsearch.action.ActionRequestBuilder$execute.call(Unknown Source)
	at com.rackspace.search.elasticsearch.ElasticSearchServer.getHealthInformation(ElasticSearchServer.groovy:55)
	at com.rackspace.search.elasticsearch.ElasticSearchServer.getHealthStatus(ElasticSearchServer.groovy:51)
	at com.rackspace.search.elasticsearch.ElasticSearchServer.waitForYellowStatus(ElasticSearchServer.groovy:69)
	at com.rackspace.search.elasticsearch.ElasticSearchServer$waitForYellowStatus.call(Unknown Source)
	at com.rackspace.search.service.admin.CoreTicketOndemandSyncJob.setupJob(CoreTicketOndemandSyncJob.groovy:98)
	at sun.reflect.NativeMethodAccessorImpl.invoke0(Native Method)
	at sun.reflect.NativeMethodAccessorImpl.invoke(NativeMethodAccessorImpl.java:39)
	at sun.reflect.DelegatingMethodAccessorImpl.invoke(DelegatingMethodAccessorImpl.java:25)
	at java.lang.reflect.Method.invoke(Method.java:597)
	at org.codehaus.groovy.reflection.CachedMethod.invoke(CachedMethod.java:90)
	at groovy.lang.MetaMethod.doMethodInvoke(MetaMethod.java:233)
	at groovy.lang.MetaClassImpl.invokeMethod(MetaClassImpl.java:1085)
	at org.codehaus.groovy.runtime.ScriptBytecodeAdapter.invokeMethodOnCurrentN(ScriptBytecodeAdapter.java:78)
	at com.rackspace.search.service.admin.CoreTicketOndemandSyncJob.this$dist$invoke$1(CoreTicketOndemandSyncJob.groovy)
	at com.rackspace.search.service.admin.CoreTicketOndemandSyncJob$1.methodMissing(CoreTicketOndemandSyncJob.groovy)
	at sun.reflect.NativeMethodAccessorImpl.invoke0(Native Method)
	at sun.reflect.NativeMethodAccessorImpl.invoke(NativeMethodAccessorImpl.java:39)
	at sun.reflect.DelegatingMethodAccessorImpl.invoke(DelegatingMethodAccessorImpl.java:25)
	at java.lang.reflect.Method.invoke(Method.java:597)
	at org.codehaus.groovy.reflection.CachedMethod.invoke(CachedMethod.java:90)
	at groovy.lang.MetaClassImpl.invokeMissingMethod(MetaClassImpl.java:837)
	at groovy.lang.MetaClassImpl.invokePropertyOrMissing(MetaClassImpl.java:1134)
	at groovy.lang.MetaClassImpl.invokeMethod(MetaClassImpl.java:1087)
	at groovy.lang.MetaClassImpl.invokeMethod(MetaClassImpl.java:909)
	at org.codehaus.groovy.runtime.callsite.PogoMetaClassSite.callCurrent(PogoMetaClassSite.java:66)
	at org.codehaus.groovy.runtime.callsite.AbstractCallSite.callCurrent(AbstractCallSite.java:137)
	at com.rackspace.search.service.admin.CoreTicketOndemandSyncJob$1.run(CoreTicketOndemandSyncJob.groovy:82)
	at java.util.TimerThread.mainLoop(Timer.java:512)
	at java.util.TimerThread.run(Timer.java:462)
Exception in thread &quot;Timer-90&quot; org.elasticsearch.common.util.concurrent.EsRejectedExecutionException: rejected execution of [org.elasticsearch.action.support.master.TransportMasterNodeOperationAction$2]
	at org.elasticsearch.common.util.concurrent.EsAbortPolicy.rejectedExecution(EsAbortPolicy.java:35)
	at java.util.concurrent.ThreadPoolExecutor.reject(ThreadPoolExecutor.java:767)
	at java.util.concurrent.ThreadPoolExecutor.execute(ThreadPoolExecutor.java:658)
	at org.elasticsearch.action.support.master.TransportMasterNodeOperationAction.innerExecute(TransportMasterNodeOperationAction.java:132)
	at org.elasticsearch.action.support.master.TransportMasterNodeOperationAction.doExecute(TransportMasterNodeOperationAction.java:86)
	at org.elasticsearch.action.support.master.TransportMasterNodeOperationAction.doExecute(TransportMasterNodeOperationAction.java:42)
	at org.elasticsearch.action.support.TransportAction.execute(TransportAction.java:61)
	at org.elasticsearch.client.node.NodeClusterAdminClient.execute(NodeClusterAdminClient.java:72)
	at org.elasticsearch.client.support.AbstractClusterAdminClient.health(AbstractClusterAdminClient.java:83)
	at org.elasticsearch.action.admin.cluster.health.ClusterHealthRequestBuilder.doExecute(ClusterHealthRequestBuilder.java:98)
	at org.elasticsearch.action.ActionRequestBuilder.execute(ActionRequestBuilder.java:62)
	at org.elasticsearch.action.ActionRequestBuilder.execute(ActionRequestBuilder.java:57)
	at org.elasticsearch.action.ActionRequestBuilder$execute.call(Unknown Source)
	at com.rackspace.search.elasticsearch.ElasticSearchServer.getHealthInformation(ElasticSearchServer.groovy:55)
	at com.rackspace.search.elasticsearch.ElasticSearchServer.getHealthStatus(ElasticSearchServer.groovy:51)
	at com.rackspace.search.elasticsearch.ElasticSearchServer.waitForYellowStatus(ElasticSearchServer.groovy:69)
	at com.rackspace.search.elasticsearch.ElasticSearchServer$waitForYellowStatus.call(Unknown Source)
	at com.rackspace.search.service.account.AccountOngoingSyncJob.setupJob(AccountOngoingSyncJob.groovy:96)
	at sun.reflect.NativeMethodAccessorImpl.invoke0(Native Method)
	at sun.reflect.NativeMethodAccessorImpl.invoke(NativeMethodAccessorImpl.java:39)
	at sun.reflect.DelegatingMethodAccessorImpl.invoke(DelegatingMethodAccessorImpl.java:25)
	at java.lang.reflect.Method.invoke(Method.java:597)
	at org.codehaus.groovy.reflection.CachedMethod.invoke(CachedMethod.java:90)
	at groovy.lang.MetaMethod.doMethodInvoke(MetaMethod.java:233)
	at groovy.lang.MetaClassImpl.invokeMethod(MetaClassImpl.java:1085)
	at org.codehaus.groovy.runtime.ScriptBytecodeAdapter.invokeMethodOnCurrentN(ScriptBytecodeAdapter.java:78)
	at com.rackspace.search.service.account.AccountOngoingSyncJob.this$dist$invoke$1(AccountOngoingSyncJob.groovy)
	at com.rackspace.search.service.account.AccountOngoingSyncJob$1.methodMissing(AccountOngoingSyncJob.groovy)
	at sun.reflect.NativeMethodAccessorImpl.invoke0(Native Method)
	at sun.reflect.NativeMethodAccessorImpl.invoke(NativeMethodAccessorImpl.java:39)
	at sun.reflect.DelegatingMethodAccessorImpl.invoke(DelegatingMethodAccessorImpl.java:25)
	at java.lang.reflect.Method.invoke(Method.java:597)
	at org.codehaus.groovy.reflection.CachedMethod.invoke(CachedMethod.java:90)
	at groovy.lang.MetaClassImpl.invokeMissingMethod(MetaClassImpl.java:837)
	at groovy.lang.MetaClassImpl.invokePropertyOrMissing(MetaClassImpl.java:1134)
	at groovy.lang.MetaClassImpl.invokeMethod(MetaClassImpl.java:1087)
	at groovy.lang.MetaClassImpl.invokeMethod(MetaClassImpl.java:909)
	at org.codehaus.groovy.runtime.callsite.PogoMetaClassSite.callCurrent(PogoMetaClassSite.java:66)
	at org.codehaus.groovy.runtime.callsite.AbstractCallSite.callCurrent(AbstractCallSite.java:137)
	at com.rackspace.search.service.account.AccountOngoingSyncJob$1.run(AccountOngoingSyncJob.groovy:78)
	at java.util.TimerThread.mainLoop(Timer.java:512)
	at java.util.TimerThread.run(Timer.java:462)
Exception in thread &quot;Timer-89&quot; org.elasticsearch.common.util.concurrent.EsRejectedExecutionException: rejected execution of [org.elasticsearch.action.support.master.TransportMasterNodeOperationAction$2]
	at org.elasticsearch.common.util.concurrent.EsAbortPolicy.rejectedExecution(EsAbortPolicy.java:35)
	at java.util.concurrent.ThreadPoolExecutor.reject(ThreadPoolExecutor.java:767)
	at java.util.concurrent.ThreadPoolExecutor.execute(ThreadPoolExecutor.java:658)
	at org.elasticsearch.action.support.master.TransportMasterNodeOperationAction.innerExecute(TransportMasterNodeOperationAction.java:132)
	at org.elasticsearch.action.support.master.TransportMasterNodeOperationAction.doExecute(TransportMasterNodeOperationAction.java:86)
	at org.elasticsearch.action.support.master.TransportMasterNodeOperationAction.doExecute(TransportMasterNodeOperationAction.java:42)
	at org.elasticsearch.action.support.TransportAction.execute(TransportAction.java:61)
	at org.elasticsearch.client.node.NodeClusterAdminClient.execute(NodeClusterAdminClient.java:72)
	at org.elasticsearch.client.support.AbstractClusterAdminClient.health(AbstractClusterAdminClient.java:83)
	at org.elasticsearch.action.admin.cluster.health.ClusterHealthRequestBuilder.doExecute(ClusterHealthRequestBuilder.java:98)
	at org.elasticsearch.action.ActionRequestBuilder.execute(ActionRequestBuilder.java:62)
	at org.elasticsearch.action.ActionRequestBuilder.execute(ActionRequestBuilder.java:57)
	at org.elasticsearch.action.ActionRequestBuilder$execute.call(Unknown Source)
	at com.rackspace.search.elasticsearch.ElasticSearchServer.getHealthInformation(ElasticSearchServer.groovy:55)
	at com.rackspace.search.elasticsearch.ElasticSearchServer.getHealthStatus(ElasticSearchServer.groovy:51)
	at com.rackspace.search.elasticsearch.ElasticSearchServer.waitForYellowStatus(ElasticSearchServer.groovy:69)
	at com.rackspace.search.elasticsearch.ElasticSearchServer$waitForYellowStatus.call(Unknown Source)
	at com.rackspace.search.service.core.CoreTicketOngoingSyncJob.setupJob(CoreTicketOnGoingSyncJob.groovy:89)
	at sun.reflect.NativeMethodAccessorImpl.invoke0(Native Method)
	at sun.reflect.NativeMethodAccessorImpl.invoke(NativeMethodAccessorImpl.java:39)
	at sun.reflect.DelegatingMethodAccessorImpl.invoke(DelegatingMethodAccessorImpl.java:25)
	at java.lang.reflect.Method.invoke(Method.java:597)
	at org.codehaus.groovy.reflection.CachedMethod.invoke(CachedMethod.java:90)
	at groovy.lang.MetaMethod.doMethodInvoke(MetaMethod.java:233)
	at groovy.lang.MetaClassImpl.invokeMethod(MetaClassImpl.java:1085)
	at org.codehaus.groovy.runtime.ScriptBytecodeAdapter.invokeMethodOnCurrentN(ScriptBytecodeAdapter.java:78)
	at com.rackspace.search.service.core.CoreTicketOngoingSyncJob.this$dist$invoke$1(CoreTicketOnGoingSyncJob.groovy)
	at com.rackspace.search.service.core.CoreTicketOngoingSyncJob$1.methodMissing(CoreTicketOnGoingSyncJob.groovy)
	at sun.reflect.NativeMethodAccessorImpl.invoke0(Native Method)
	at sun.reflect.NativeMethodAccessorImpl.invoke(NativeMethodAccessorImpl.java:39)
	at sun.reflect.DelegatingMethodAccessorImpl.invoke(DelegatingMethodAccessorImpl.java:25)
	at java.lang.reflect.Method.invoke(Method.java:597)
	at org.codehaus.groovy.reflection.CachedMethod.invoke(CachedMethod.java:90)
	at groovy.lang.MetaClassImpl.invokeMissingMethod(MetaClassImpl.java:837)
	at groovy.lang.MetaClassImpl.invokePropertyOrMissing(MetaClassImpl.java:1134)
	at groovy.lang.MetaClassImpl.invokeMethod(MetaClassImpl.java:1087)
	at groovy.lang.MetaClassImpl.invokeMethod(MetaClassImpl.java:909)
	at org.codehaus.groovy.runtime.callsite.PogoMetaClassSite.callCurrent(PogoMetaClassSite.java:66)
	at org.codehaus.groovy.runtime.callsite.AbstractCallSite.callCurrent(AbstractCallSite.java:137)
	at com.rackspace.search.service.core.CoreTicketOngoingSyncJob$1.run(CoreTicketOnGoingSyncJob.groovy:72)
	at java.util.TimerThread.mainLoop(Timer.java:512)
	at java.util.TimerThread.run(Timer.java:462)
Exception in thread &quot;Timer-92&quot; org.elasticsearch.common.util.concurrent.EsRejectedExecutionException: rejected execution of [org.elasticsearch.action.support.master.TransportMasterNodeOperationAction$2]
	at org.elasticsearch.common.util.concurrent.EsAbortPolicy.rejectedExecution(EsAbortPolicy.java:35)
	at java.util.concurrent.ThreadPoolExecutor.reject(ThreadPoolExecutor.java:767)
	at java.util.concurrent.ThreadPoolExecutor.execute(ThreadPoolExecutor.java:658)
	at org.elasticsearch.action.support.master.TransportMasterNodeOperationAction.innerExecute(TransportMasterNodeOperationAction.java:132)
	at org.elasticsearch.action.support.master.TransportMasterNodeOperationAction.doExecute(TransportMasterNodeOperationAction.java:86)
	at org.elasticsearch.action.support.master.TransportMasterNodeOperationAction.doExecute(TransportMasterNodeOperationAction.java:42)
	at org.elasticsearch.action.support.TransportAction.execute(TransportAction.java:61)
	at org.elasticsearch.client.node.NodeClusterAdminClient.execute(NodeClusterAdminClient.java:72)
	at org.elasticsearch.client.support.AbstractClusterAdminClient.health(AbstractClusterAdminClient.java:83)
	at org.elasticsearch.action.admin.cluster.health.ClusterHealthRequestBuilder.doExecute(ClusterHealthRequestBuilder.java:98)
	at org.elasticsearch.action.ActionRequestBuilder.execute(ActionRequestBuilder.java:62)
	at org.elasticsearch.action.ActionRequestBuilder.execute(ActionRequestBuilder.java:57)
	at org.elasticsearch.action.ActionRequestBuilder$execute.call(Unknown Source)
	at com.rackspace.search.elasticsearch.ElasticSearchServer.getHealthInformation(ElasticSearchServer.groovy:55)
	at com.rackspace.search.elasticsearch.ElasticSearchServer.getHealthStatus(ElasticSearchServer.groovy:51)
	at com.rackspace.search.elasticsearch.ElasticSearchServer.waitForYellowStatus(ElasticSearchServer.groovy:69)
	at com.rackspace.search.elasticsearch.ElasticSearchServer$waitForYellowStatus.call(Unknown Source)
	at com.rackspace.search.service.core.CoreTicketSecondPassSyncJob.setupJob(CoreTicketSecondPassSyncJob.groovy:90)
	at com.rackspace.search.service.core.CoreTicketSecondPassSyncJob.this$2$setupJob(CoreTicketSecondPassSyncJob.groovy)
	at sun.reflect.NativeMethodAccessorImpl.invoke0(Native Method)
	at sun.reflect.NativeMethodAccessorImpl.invoke(NativeMethodAccessorImpl.java:39)
	at sun.reflect.DelegatingMethodAccessorImpl.invoke(DelegatingMethodAccessorImpl.java:25)
	at java.lang.reflect.Method.invoke(Method.java:597)
	at org.codehaus.groovy.reflection.CachedMethod.invoke(CachedMethod.java:90)
	at groovy.lang.MetaMethod.doMethodInvoke(MetaMethod.java:233)
	at groovy.lang.MetaClassImpl.invokeMethod(MetaClassImpl.java:1085)
	at org.codehaus.groovy.runtime.ScriptBytecodeAdapter.invokeMethodOnCurrentN(ScriptBytecodeAdapter.java:78)
	at com.rackspace.search.service.core.CoreTicketSecondPassSyncJob.this$dist$invoke$1(CoreTicketSecondPassSyncJob.groovy)
	at com.rackspace.search.service.core.CoreTicketSecondPassSyncJob$1.methodMissing(CoreTicketSecondPassSyncJob.groovy)
	at sun.reflect.NativeMethodAccessorImpl.invoke0(Native Method)
	at sun.reflect.NativeMethodAccessorImpl.invoke(NativeMethodAccessorImpl.java:39)
	at sun.reflect.DelegatingMethodAccessorImpl.invoke(DelegatingMethodAccessorImpl.java:25)
	at java.lang.reflect.Method.invoke(Method.java:597)
	at org.codehaus.groovy.reflection.CachedMethod.invoke(CachedMethod.java:90)
	at groovy.lang.MetaClassImpl.invokeMissingMethod(MetaClassImpl.java:837)
	at groovy.lang.MetaClassImpl.invokePropertyOrMissing(MetaClassImpl.java:1134)
	at groovy.lang.MetaClassImpl.invokeMethod(MetaClassImpl.java:1087)
	at groovy.lang.MetaClassImpl.invokeMethod(MetaClassImpl.java:909)
	at org.codehaus.groovy.runtime.callsite.PogoMetaClassSite.callCurrent(PogoMetaClassSite.java:66)
	at org.codehaus.groovy.runtime.callsite.AbstractCallSite.callCurrent(AbstractCallSite.java:137)
	at com.rackspace.search.service.core.CoreTicketSecondPassSyncJob$1.run(CoreTicketSecondPassSyncJob.groovy:74)
	at java.util.TimerThread.mainLoop(Timer.java:512)
	at java.util.TimerThread.run(Timer.java:462)
Exception in thread &quot;Timer-93&quot; org.elasticsearch.common.util.concurrent.EsRejectedExecutionException: rejected execution of [org.elasticsearch.action.support.master.TransportMasterNodeOperationAction$2]
	at org.elasticsearch.common.util.concurrent.EsAbortPolicy.rejectedExecution(EsAbortPolicy.java:35)
	at java.util.concurrent.ThreadPoolExecutor.reject(ThreadPoolExecutor.java:767)
	at java.util.concurrent.ThreadPoolExecutor.execute(ThreadPoolExecutor.java:658)
	at org.elasticsearch.action.support.master.TransportMasterNodeOperationAction.innerExecute(TransportMasterNodeOperationAction.java:132)
	at org.elasticsearch.action.support.master.TransportMasterNodeOperationAction.doExecute(TransportMasterNodeOperationAction.java:86)
	at org.elasticsearch.action.support.master.TransportMasterNodeOperationAction.doExecute(TransportMasterNodeOperationAction.java:42)
	at org.elasticsearch.action.support.TransportAction.execute(TransportAction.java:61)
	at org.elasticsearch.client.node.NodeClusterAdminClient.execute(NodeClusterAdminClient.java:72)
	at org.elasticsearch.client.support.AbstractClusterAdminClient.health(AbstractClusterAdminClient.java:83)
	at org.elasticsearch.action.admin.cluster.health.ClusterHealthRequestBuilder.doExecute(ClusterHealthRequestBuilder.java:98)
	at org.elasticsearch.action.ActionRequestBuilder.execute(ActionRequestBuilder.java:62)
	at org.elasticsearch.action.ActionRequestBuilder.execute(ActionRequestBuilder.java:57)
	at org.elasticsearch.action.ActionRequestBuilder$execute.call(Unknown Source)
	at com.rackspace.search.elasticsearch.ElasticSearchServer.getHealthInformation(ElasticSearchServer.groovy:55)
	at com.rackspace.search.elasticsearch.ElasticSearchServer.getHealthStatus(ElasticSearchServer.groovy:51)
	at com.rackspace.search.elasticsearch.ElasticSearchServer.waitForYellowStatus(ElasticSearchServer.groovy:69)
	at com.rackspace.search.elasticsearch.ElasticSearchServer$waitForYellowStatus.call(Unknown Source)
	at com.rackspace.search.service.account.CoreAccountUpdateSyncJob.setupJob(CoreAccountUpdateSyncJob.groovy:95)
	at com.rackspace.search.service.account.CoreAccountUpdateSyncJob.this$2$setupJob(CoreAccountUpdateSyncJob.groovy)
	at sun.reflect.NativeMethodAccessorImpl.invoke0(Native Method)
	at sun.reflect.NativeMethodAccessorImpl.invoke(NativeMethodAccessorImpl.java:39)
	at sun.reflect.DelegatingMethodAccessorImpl.invoke(DelegatingMethodAccessorImpl.java:25)
	at java.lang.reflect.Method.invoke(Method.java:597)
	at org.codehaus.groovy.reflection.CachedMethod.invoke(CachedMethod.java:90)
	at groovy.lang.MetaMethod.doMethodInvoke(MetaMethod.java:233)
	at groovy.lang.MetaClassImpl.invokeMethod(MetaClassImpl.java:1085)
	at org.codehaus.groovy.runtime.ScriptBytecodeAdapter.invokeMethodOnCurrentN(ScriptBytecodeAdapter.java:78)
	at com.rackspace.search.service.account.CoreAccountUpdateSyncJob.this$dist$invoke$1(CoreAccountUpdateSyncJob.groovy)
	at com.rackspace.search.service.account.CoreAccountUpdateSyncJob$1.methodMissing(CoreAccountUpdateSyncJob.groovy)
	at sun.reflect.NativeMethodAccessorImpl.invoke0(Native Method)
	at sun.reflect.NativeMethodAccessorImpl.invoke(NativeMethodAccessorImpl.java:39)
	at sun.reflect.DelegatingMethodAccessorImpl.invoke(DelegatingMethodAccessorImpl.java:25)
	at java.lang.reflect.Method.invoke(Method.java:597)
	at org.codehaus.groovy.reflection.CachedMethod.invoke(CachedMethod.java:90)
	at groovy.lang.MetaClassImpl.invokeMissingMethod(MetaClassImpl.java:837)
	at groovy.lang.MetaClassImpl.invokePropertyOrMissing(MetaClassImpl.java:1134)
	at groovy.lang.MetaClassImpl.invokeMethod(MetaClassImpl.java:1087)
	at groovy.lang.MetaClassImpl.invokeMethod(MetaClassImpl.java:909)
	at org.codehaus.groovy.runtime.callsite.PogoMetaClassSite.callCurrent(PogoMetaClassSite.java:66)
	at org.codehaus.groovy.runtime.callsite.AbstractCallSite.callCurrent(AbstractCallSite.java:137)
	at com.rackspace.search.service.account.CoreAccountUpdateSyncJob$1.run(CoreAccountUpdateSyncJob.groovy:78)
	at java.util.TimerThread.mainLoop(Timer.java:512)
	at java.util.TimerThread.run(Timer.java:462)
Exception in thread &quot;Timer-94&quot; org.elasticsearch.common.util.concurrent.EsRejectedExecutionException: rejected execution of [org.elasticsearch.action.support.master.TransportMasterNodeOperationAction$2]
	at org.elasticsearch.common.util.concurrent.EsAbortPolicy.rejectedExecution(EsAbortPolicy.java:35)
	at java.util.concurrent.ThreadPoolExecutor.reject(ThreadPoolExecutor.java:767)
	at java.util.concurrent.ThreadPoolExecutor.execute(ThreadPoolExecutor.java:658)
	at org.elasticsearch.action.support.master.TransportMasterNodeOperationAction.innerExecute(TransportMasterNodeOperationAction.java:132)
	at org.elasticsearch.action.support.master.TransportMasterNodeOperationAction.doExecute(TransportMasterNodeOperationAction.java:86)
	at org.elasticsearch.action.support.master.TransportMasterNodeOperationAction.doExecute(TransportMasterNodeOperationAction.java:42)
	at org.elasticsearch.action.support.TransportAction.execute(TransportAction.java:61)
	at org.elasticsearch.client.node.NodeClusterAdminClient.execute(NodeClusterAdminClient.java:72)
	at org.elasticsearch.client.support.AbstractClusterAdminClient.health(AbstractClusterAdminClient.java:83)
	at org.elasticsearch.action.admin.cluster.health.ClusterHealthRequestBuilder.doExecute(ClusterHealthRequestBuilder.java:98)
	at org.elasticsearch.action.ActionRequestBuilder.execute(ActionRequestBuilder.java:62)
	at org.elasticsearch.action.ActionRequestBuilder.execute(ActionRequestBuilder.java:57)
	at org.elasticsearch.action.ActionRequestBuilder$execute.call(Unknown Source)
	at com.rackspace.search.elasticsearch.ElasticSearchServer.getHealthInformation(ElasticSearchServer.groovy:55)
	at com.rackspace.search.elasticsearch.ElasticSearchServer.getHealthStatus(ElasticSearchServer.groovy:51)
	at com.rackspace.search.elasticsearch.ElasticSearchServer.waitForYellowStatus(ElasticSearchServer.groovy:69)
	at com.rackspace.search.elasticsearch.ElasticSearchServer$waitForYellowStatus.call(Unknown Source)
	at com.rackspace.search.service.admin.AccountOndemandSyncJob.setupJob(AccountOndemandSyncJob.groovy:126)
	at sun.reflect.NativeMethodAccessorImpl.invoke0(Native Method)
	at sun.reflect.NativeMethodAccessorImpl.invoke(NativeMethodAccessorImpl.java:39)
	at sun.reflect.DelegatingMethodAccessorImpl.invoke(DelegatingMethodAccessorImpl.java:25)
	at java.lang.reflect.Method.invoke(Method.java:597)
	at org.codehaus.groovy.reflection.CachedMethod.invoke(CachedMethod.java:90)
	at groovy.lang.MetaMethod.doMethodInvoke(MetaMethod.java:233)
	at groovy.lang.MetaClassImpl.invokeMethod(MetaClassImpl.java:1085)
	at org.codehaus.groovy.runtime.ScriptBytecodeAdapter.invokeMethodOnCurrentN(ScriptBytecodeAdapter.java:78)
	at com.rackspace.search.service.admin.AccountOndemandSyncJob.this$dist$invoke$1(AccountOndemandSyncJob.groovy)
	at com.rackspace.search.service.admin.AccountOndemandSyncJob$1.methodMissing(AccountOndemandSyncJob.groovy)
	at sun.reflect.NativeMethodAccessorImpl.invoke0(Native Method)
	at sun.reflect.NativeMethodAccessorImpl.invoke(NativeMethodAccessorImpl.java:39)
	at sun.reflect.DelegatingMethodAccessorImpl.invoke(DelegatingMethodAccessorImpl.java:25)
	at java.lang.reflect.Method.invoke(Method.java:597)
	at org.codehaus.groovy.reflection.CachedMethod.invoke(CachedMethod.java:90)
	at groovy.lang.MetaClassImpl.invokeMissingMethod(MetaClassImpl.java:837)
	at groovy.lang.MetaClassImpl.invokePropertyOrMissing(MetaClassImpl.java:1134)
	at groovy.lang.MetaClassImpl.invokeMethod(MetaClassImpl.java:1087)
	at groovy.lang.MetaClassImpl.invokeMethod(MetaClassImpl.java:909)
	at org.codehaus.groovy.runtime.callsite.PogoMetaClassSite.callCurrent(PogoMetaClassSite.java:66)
	at org.codehaus.groovy.runtime.callsite.AbstractCallSite.callCurrent(AbstractCallSite.java:137)
	at com.rackspace.search.service.admin.AccountOndemandSyncJob$1.run(AccountOndemandSyncJob.groovy:110)
	at java.util.TimerThread.mainLoop(Timer.java:512)
	at java.util.TimerThread.run(Timer.java:462)
</stderr>
          <failedSince>7</failedSince>
        </case>
        <case>
          <duration>5.693</duration>
          <className>com.rackspace.search.elasticsearch.client.ElasticSearchClientTest</className>
          <testName>if there is no value set for limit in the QueryParams\u002C should return default size as 100 </testName>
          <skipped>false</skipped>
          <errorStackTrace>java.lang.NullPointerException: Cannot invoke method getClient() on null object
	at com.rackspace.search.elasticsearch.client.ElasticSearchClientTest.cleanup(ElasticSearchClientTest.groovy:92)
</errorStackTrace>
          <errorDetails>Cannot invoke method getClient() on null object</errorDetails>
          <failedSince>7</failedSince>
        </case>
        <case>
          <duration>5.03</duration>
          <className>com.rackspace.search.elasticsearch.client.ElasticSearchClientTest</className>
          <testName>if there is a valid value set to limit in the QueryParams\u002C should return given size</testName>
          <skipped>false</skipped>
          <errorStackTrace>java.lang.IllegalStateException: Failed to load ApplicationContext
	at org.springframework.test.context.TestContext.getApplicationContext(TestContext.java:308)
	at org.springframework.test.context.support.DependencyInjectionTestExecutionListener.injectDependencies(DependencyInjectionTestExecutionListener.java:109)
	at org.springframework.test.context.support.DependencyInjectionTestExecutionListener.prepareTestInstance(DependencyInjectionTestExecutionListener.java:75)
	at org.springframework.test.context.TestContextManager.prepareTestInstance(TestContextManager.java:321)
	at org.spockframework.spring.SpringTestContextManager.prepareTestInstance(SpringTestContextManager.java:49)
	at org.spockframework.spring.SpringInterceptor.interceptSetupMethod(SpringInterceptor.java:42)
	at org.spockframework.runtime.extension.AbstractMethodInterceptor.intercept(AbstractMethodInterceptor.java:28)
	at org.spockframework.runtime.extension.MethodInvocation.proceed(MethodInvocation.java:84)
	at org.spockframework.util.ReflectionUtil.invokeMethod(ReflectionUtil.java:138)
	at org.spockframework.util.ReflectionUtil.invokeMethod(ReflectionUtil.java:138)
	at org.spockframework.util.ReflectionUtil.invokeMethod(ReflectionUtil.java:138)
	at org.apache.maven.surefire.junit4.JUnit4TestSet.execute(JUnit4TestSet.java:53)
	at org.apache.maven.surefire.junit4.JUnit4Provider.executeTestSet(JUnit4Provider.java:123)
	at org.apache.maven.surefire.junit4.JUnit4Provider.invoke(JUnit4Provider.java:104)
	at org.apache.maven.surefire.util.ReflectionUtils.invokeMethodWithArray(ReflectionUtils.java:164)
	at org.apache.maven.surefire.booter.ProviderFactory$ProviderProxy.invoke(ProviderFactory.java:110)
	at org.apache.maven.surefire.booter.SurefireStarter.invokeProvider(SurefireStarter.java:175)
	at org.apache.maven.surefire.booter.SurefireStarter.runSuitesInProcessWhenForked(SurefireStarter.java:107)
	at org.apache.maven.surefire.booter.ForkedBooter.main(ForkedBooter.java:68)
Caused by: org.springframework.beans.factory.BeanCreationException: Error creating bean with name &apos;jobResource&apos;: Injection of autowired dependencies failed; nested exception is org.springframework.beans.factory.BeanCreationException: Could not autowire field: private com.rackspace.search.service.zendesk.ZendeskTicketOngoingSyncJob com.rackspace.search.endpoint.JobResource.zendeskTicketOngoingSyncJob; nested exception is org.springframework.beans.factory.BeanCreationException: Error creating bean with name &apos;zendeskTicketOngoingSyncJob&apos;: Injection of autowired dependencies failed; nested exception is org.springframework.beans.factory.BeanCreationException: Could not autowire field: private com.rackspace.search.service.zendesk.ZendeskTicketOngoingSyncActor com.rackspace.search.service.zendesk.ZendeskTicketOngoingSyncJob.ticketActor; nested exception is org.springframework.beans.factory.BeanCreationException: Error creating bean with name &apos;zendeskTicketOngoingSyncActor&apos;: Injection of autowired dependencies failed; nested exception is org.springframework.beans.factory.BeanCreationException: Could not autowire field: private com.rackspace.search.service.zendesk.ZendeskTicketProcessor com.rackspace.search.service.zendesk.ZendeskTicketOngoingSyncActor.zendeskTicketProcessor; nested exception is org.springframework.beans.factory.BeanCreationException: Error creating bean with name &apos;zendeskTicketProcessor&apos;: Injection of autowired dependencies failed; nested exception is org.springframework.beans.factory.BeanCreationException: Could not autowire field: private java.lang.Object com.rackspace.search.service.zendesk.ZendeskTicketProcessor.zendeskIndexName; nested exception is java.lang.IllegalArgumentException: Could not resolve placeholder &apos;zendesk.index.name&apos;
	at org.springframework.beans.factory.annotation.AutowiredAnnotationBeanPostProcessor.postProcessPropertyValues(AutowiredAnnotationBeanPostProcessor.java:288)
	at org.springframework.beans.factory.support.AbstractAutowireCapableBeanFactory.populateBean(AbstractAutowireCapableBeanFactory.java:1074)
	at org.springframework.beans.factory.support.AbstractAutowireCapableBeanFactory.doCreateBean(AbstractAutowireCapableBeanFactory.java:517)
	at org.springframework.beans.factory.support.AbstractAutowireCapableBeanFactory.createBean(AbstractAutowireCapableBeanFactory.java:456)
	at org.springframework.beans.factory.support.AbstractBeanFactory$1.getObject(AbstractBeanFactory.java:293)
	at org.springframework.beans.factory.support.DefaultSingletonBeanRegistry.getSingleton(DefaultSingletonBeanRegistry.java:222)
	at org.springframework.beans.factory.support.AbstractBeanFactory.doGetBean(AbstractBeanFactory.java:290)
	at org.springframework.beans.factory.support.AbstractBeanFactory.getBean(AbstractBeanFactory.java:192)
	at org.springframework.beans.factory.support.DefaultListableBeanFactory.preInstantiateSingletons(DefaultListableBeanFactory.java:585)
	at org.springframework.context.support.AbstractApplicationContext.finishBeanFactoryInitialization(AbstractApplicationContext.java:895)
	at org.springframework.context.support.AbstractApplicationContext.refresh(AbstractApplicationContext.java:425)
	at org.springframework.test.context.support.AbstractGenericContextLoader.loadContext(AbstractGenericContextLoader.java:84)
	at org.springframework.test.context.support.AbstractGenericContextLoader.loadContext(AbstractGenericContextLoader.java:1)
	at org.springframework.test.context.TestContext.loadApplicationContext(TestContext.java:280)
	at org.springframework.test.context.TestContext.getApplicationContext(TestContext.java:304)
	... 18 more
Caused by: org.springframework.beans.factory.BeanCreationException: Could not autowire field: private com.rackspace.search.service.zendesk.ZendeskTicketOngoingSyncJob com.rackspace.search.endpoint.JobResource.zendeskTicketOngoingSyncJob; nested exception is org.springframework.beans.factory.BeanCreationException: Error creating bean with name &apos;zendeskTicketOngoingSyncJob&apos;: Injection of autowired dependencies failed; nested exception is org.springframework.beans.factory.BeanCreationException: Could not autowire field: private com.rackspace.search.service.zendesk.ZendeskTicketOngoingSyncActor com.rackspace.search.service.zendesk.ZendeskTicketOngoingSyncJob.ticketActor; nested exception is org.springframework.beans.factory.BeanCreationException: Error creating bean with name &apos;zendeskTicketOngoingSyncActor&apos;: Injection of autowired dependencies failed; nested exception is org.springframework.beans.factory.BeanCreationException: Could not autowire field: private com.rackspace.search.service.zendesk.ZendeskTicketProcessor com.rackspace.search.service.zendesk.ZendeskTicketOngoingSyncActor.zendeskTicketProcessor; nested exception is org.springframework.beans.factory.BeanCreationException: Error creating bean with name &apos;zendeskTicketProcessor&apos;: Injection of autowired dependencies failed; nested exception is org.springframework.beans.factory.BeanCreationException: Could not autowire field: private java.lang.Object com.rackspace.search.service.zendesk.ZendeskTicketProcessor.zendeskIndexName; nested exception is java.lang.IllegalArgumentException: Could not resolve placeholder &apos;zendesk.index.name&apos;
	at org.springframework.beans.factory.annotation.AutowiredAnnotationBeanPostProcessor$AutowiredFieldElement.inject(AutowiredAnnotationBeanPostProcessor.java:508)
	at org.springframework.beans.factory.annotation.InjectionMetadata.inject(InjectionMetadata.java:84)
	at org.springframework.beans.factory.annotation.AutowiredAnnotationBeanPostProcessor.postProcessPropertyValues(AutowiredAnnotationBeanPostProcessor.java:285)
	... 32 more
Caused by: org.springframework.beans.factory.BeanCreationException: Error creating bean with name &apos;zendeskTicketOngoingSyncJob&apos;: Injection of autowired dependencies failed; nested exception is org.springframework.beans.factory.BeanCreationException: Could not autowire field: private com.rackspace.search.service.zendesk.ZendeskTicketOngoingSyncActor com.rackspace.search.service.zendesk.ZendeskTicketOngoingSyncJob.ticketActor; nested exception is org.springframework.beans.factory.BeanCreationException: Error creating bean with name &apos;zendeskTicketOngoingSyncActor&apos;: Injection of autowired dependencies failed; nested exception is org.springframework.beans.factory.BeanCreationException: Could not autowire field: private com.rackspace.search.service.zendesk.ZendeskTicketProcessor com.rackspace.search.service.zendesk.ZendeskTicketOngoingSyncActor.zendeskTicketProcessor; nested exception is org.springframework.beans.factory.BeanCreationException: Error creating bean with name &apos;zendeskTicketProcessor&apos;: Injection of autowired dependencies failed; nested exception is org.springframework.beans.factory.BeanCreationException: Could not autowire field: private java.lang.Object com.rackspace.search.service.zendesk.ZendeskTicketProcessor.zendeskIndexName; nested exception is java.lang.IllegalArgumentException: Could not resolve placeholder &apos;zendesk.index.name&apos;
	at org.springframework.beans.factory.annotation.AutowiredAnnotationBeanPostProcessor.postProcessPropertyValues(AutowiredAnnotationBeanPostProcessor.java:288)
	at org.springframework.beans.factory.support.AbstractAutowireCapableBeanFactory.populateBean(AbstractAutowireCapableBeanFactory.java:1074)
	at org.springframework.beans.factory.support.AbstractAutowireCapableBeanFactory.doCreateBean(AbstractAutowireCapableBeanFactory.java:517)
	at org.springframework.beans.factory.support.AbstractAutowireCapableBeanFactory.createBean(AbstractAutowireCapableBeanFactory.java:456)
	at org.springframework.beans.factory.support.AbstractBeanFactory$1.getObject(AbstractBeanFactory.java:293)
	at org.springframework.beans.factory.support.DefaultSingletonBeanRegistry.getSingleton(DefaultSingletonBeanRegistry.java:222)
	at org.springframework.beans.factory.support.AbstractBeanFactory.doGetBean(AbstractBeanFactory.java:290)
	at org.springframework.beans.factory.support.AbstractBeanFactory.getBean(AbstractBeanFactory.java:192)
	at org.springframework.beans.factory.support.DefaultListableBeanFactory.findAutowireCandidates(DefaultListableBeanFactory.java:848)
	at org.springframework.beans.factory.support.DefaultListableBeanFactory.doResolveDependency(DefaultListableBeanFactory.java:790)
	at org.springframework.beans.factory.support.DefaultListableBeanFactory.resolveDependency(DefaultListableBeanFactory.java:707)
	at org.springframework.beans.factory.annotation.AutowiredAnnotationBeanPostProcessor$AutowiredFieldElement.inject(AutowiredAnnotationBeanPostProcessor.java:480)
	... 34 more
Caused by: org.springframework.beans.factory.BeanCreationException: Could not autowire field: private com.rackspace.search.service.zendesk.ZendeskTicketOngoingSyncActor com.rackspace.search.service.zendesk.ZendeskTicketOngoingSyncJob.ticketActor; nested exception is org.springframework.beans.factory.BeanCreationException: Error creating bean with name &apos;zendeskTicketOngoingSyncActor&apos;: Injection of autowired dependencies failed; nested exception is org.springframework.beans.factory.BeanCreationException: Could not autowire field: private com.rackspace.search.service.zendesk.ZendeskTicketProcessor com.rackspace.search.service.zendesk.ZendeskTicketOngoingSyncActor.zendeskTicketProcessor; nested exception is org.springframework.beans.factory.BeanCreationException: Error creating bean with name &apos;zendeskTicketProcessor&apos;: Injection of autowired dependencies failed; nested exception is org.springframework.beans.factory.BeanCreationException: Could not autowire field: private java.lang.Object com.rackspace.search.service.zendesk.ZendeskTicketProcessor.zendeskIndexName; nested exception is java.lang.IllegalArgumentException: Could not resolve placeholder &apos;zendesk.index.name&apos;
	at org.springframework.beans.factory.annotation.AutowiredAnnotationBeanPostProcessor$AutowiredFieldElement.inject(AutowiredAnnotationBeanPostProcessor.java:508)
	at org.springframework.beans.factory.annotation.InjectionMetadata.inject(InjectionMetadata.java:84)
	at org.springframework.beans.factory.annotation.AutowiredAnnotationBeanPostProcessor.postProcessPropertyValues(AutowiredAnnotationBeanPostProcessor.java:285)
	... 45 more
Caused by: org.springframework.beans.factory.BeanCreationException: Error creating bean with name &apos;zendeskTicketOngoingSyncActor&apos;: Injection of autowired dependencies failed; nested exception is org.springframework.beans.factory.BeanCreationException: Could not autowire field: private com.rackspace.search.service.zendesk.ZendeskTicketProcessor com.rackspace.search.service.zendesk.ZendeskTicketOngoingSyncActor.zendeskTicketProcessor; nested exception is org.springframework.beans.factory.BeanCreationException: Error creating bean with name &apos;zendeskTicketProcessor&apos;: Injection of autowired dependencies failed; nested exception is org.springframework.beans.factory.BeanCreationException: Could not autowire field: private java.lang.Object com.rackspace.search.service.zendesk.ZendeskTicketProcessor.zendeskIndexName; nested exception is java.lang.IllegalArgumentException: Could not resolve placeholder &apos;zendesk.index.name&apos;
	at org.springframework.beans.factory.annotation.AutowiredAnnotationBeanPostProcessor.postProcessPropertyValues(AutowiredAnnotationBeanPostProcessor.java:288)
	at org.springframework.beans.factory.support.AbstractAutowireCapableBeanFactory.populateBean(AbstractAutowireCapableBeanFactory.java:1074)
	at org.springframework.beans.factory.support.AbstractAutowireCapableBeanFactory.doCreateBean(AbstractAutowireCapableBeanFactory.java:517)
	at org.springframework.beans.factory.support.AbstractAutowireCapableBeanFactory.createBean(AbstractAutowireCapableBeanFactory.java:456)
	at org.springframework.beans.factory.support.AbstractBeanFactory$1.getObject(AbstractBeanFactory.java:293)
	at org.springframework.beans.factory.support.DefaultSingletonBeanRegistry.getSingleton(DefaultSingletonBeanRegistry.java:222)
	at org.springframework.beans.factory.support.AbstractBeanFactory.doGetBean(AbstractBeanFactory.java:290)
	at org.springframework.beans.factory.support.AbstractBeanFactory.getBean(AbstractBeanFactory.java:192)
	at org.springframework.beans.factory.support.DefaultListableBeanFactory.findAutowireCandidates(DefaultListableBeanFactory.java:848)
	at org.springframework.beans.factory.support.DefaultListableBeanFactory.doResolveDependency(DefaultListableBeanFactory.java:790)
	at org.springframework.beans.factory.support.DefaultListableBeanFactory.resolveDependency(DefaultListableBeanFactory.java:707)
	at org.springframework.beans.factory.annotation.AutowiredAnnotationBeanPostProcessor$AutowiredFieldElement.inject(AutowiredAnnotationBeanPostProcessor.java:480)
	... 47 more
Caused by: org.springframework.beans.factory.BeanCreationException: Could not autowire field: private com.rackspace.search.service.zendesk.ZendeskTicketProcessor com.rackspace.search.service.zendesk.ZendeskTicketOngoingSyncActor.zendeskTicketProcessor; nested exception is org.springframework.beans.factory.BeanCreationException: Error creating bean with name &apos;zendeskTicketProcessor&apos;: Injection of autowired dependencies failed; nested exception is org.springframework.beans.factory.BeanCreationException: Could not autowire field: private java.lang.Object com.rackspace.search.service.zendesk.ZendeskTicketProcessor.zendeskIndexName; nested exception is java.lang.IllegalArgumentException: Could not resolve placeholder &apos;zendesk.index.name&apos;
	at org.springframework.beans.factory.annotation.AutowiredAnnotationBeanPostProcessor$AutowiredFieldElement.inject(AutowiredAnnotationBeanPostProcessor.java:508)
	at org.springframework.beans.factory.annotation.InjectionMetadata.inject(InjectionMetadata.java:84)
	at org.springframework.beans.factory.annotation.AutowiredAnnotationBeanPostProcessor.postProcessPropertyValues(AutowiredAnnotationBeanPostProcessor.java:285)
	... 58 more
Caused by: org.springframework.beans.factory.BeanCreationException: Error creating bean with name &apos;zendeskTicketProcessor&apos;: Injection of autowired dependencies failed; nested exception is org.springframework.beans.factory.BeanCreationException: Could not autowire field: private java.lang.Object com.rackspace.search.service.zendesk.ZendeskTicketProcessor.zendeskIndexName; nested exception is java.lang.IllegalArgumentException: Could not resolve placeholder &apos;zendesk.index.name&apos;
	at org.springframework.beans.factory.annotation.AutowiredAnnotationBeanPostProcessor.postProcessPropertyValues(AutowiredAnnotationBeanPostProcessor.java:288)
	at org.springframework.beans.factory.support.AbstractAutowireCapableBeanFactory.populateBean(AbstractAutowireCapableBeanFactory.java:1074)
	at org.springframework.beans.factory.support.AbstractAutowireCapableBeanFactory.doCreateBean(AbstractAutowireCapableBeanFactory.java:517)
	at org.springframework.beans.factory.support.AbstractAutowireCapableBeanFactory.createBean(AbstractAutowireCapableBeanFactory.java:456)
	at org.springframework.beans.factory.support.AbstractBeanFactory$1.getObject(AbstractBeanFactory.java:293)
	at org.springframework.beans.factory.support.DefaultSingletonBeanRegistry.getSingleton(DefaultSingletonBeanRegistry.java:222)
	at org.springframework.beans.factory.support.AbstractBeanFactory.doGetBean(AbstractBeanFactory.java:290)
	at org.springframework.beans.factory.support.AbstractBeanFactory.getBean(AbstractBeanFactory.java:192)
	at org.springframework.beans.factory.support.DefaultListableBeanFactory.findAutowireCandidates(DefaultListableBeanFactory.java:848)
	at org.springframework.beans.factory.support.DefaultListableBeanFactory.doResolveDependency(DefaultListableBeanFactory.java:790)
	at org.springframework.beans.factory.support.DefaultListableBeanFactory.resolveDependency(DefaultListableBeanFactory.java:707)
	at org.springframework.beans.factory.annotation.AutowiredAnnotationBeanPostProcessor$AutowiredFieldElement.inject(AutowiredAnnotationBeanPostProcessor.java:480)
	... 60 more
Caused by: org.springframework.beans.factory.BeanCreationException: Could not autowire field: private java.lang.Object com.rackspace.search.service.zendesk.ZendeskTicketProcessor.zendeskIndexName; nested exception is java.lang.IllegalArgumentException: Could not resolve placeholder &apos;zendesk.index.name&apos;
	at org.springframework.beans.factory.annotation.AutowiredAnnotationBeanPostProcessor$AutowiredFieldElement.inject(AutowiredAnnotationBeanPostProcessor.java:508)
	at org.springframework.beans.factory.annotation.InjectionMetadata.inject(InjectionMetadata.java:84)
	at org.springframework.beans.factory.annotation.AutowiredAnnotationBeanPostProcessor.postProcessPropertyValues(AutowiredAnnotationBeanPostProcessor.java:285)
	... 71 more
Caused by: java.lang.IllegalArgumentException: Could not resolve placeholder &apos;zendesk.index.name&apos;
	at org.springframework.util.PropertyPlaceholderHelper.parseStringValue(PropertyPlaceholderHelper.java:173)
	at org.springframework.util.PropertyPlaceholderHelper.replacePlaceholders(PropertyPlaceholderHelper.java:125)
	at org.springframework.beans.factory.config.PropertyPlaceholderConfigurer$PlaceholderResolvingStringValueResolver.resolveStringValue(PropertyPlaceholderConfigurer.java:403)
	at org.springframework.beans.factory.support.AbstractBeanFactory.resolveEmbeddedValue(AbstractBeanFactory.java:747)
	at org.springframework.beans.factory.support.DefaultListableBeanFactory.doResolveDependency(DefaultListableBeanFactory.java:717)
	at org.springframework.beans.factory.support.DefaultListableBeanFactory.resolveDependency(DefaultListableBeanFactory.java:707)
	at org.springframework.beans.factory.annotation.AutowiredAnnotationBeanPostProcessor$AutowiredFieldElement.inject(AutowiredAnnotationBeanPostProcessor.java:480)
	... 73 more
</errorStackTrace>
          <errorDetails>Failed to load ApplicationContext</errorDetails>
          <stdout>22:05:48.971 [main] INFO  c.r.s.common.property.PropertyProvider - Loading properties file from file [/var/lib/jenkins/jobs/Samatha Fork/workspace/service/target/properties/local/search.properties]
22:05:48.971 [main] INFO  c.r.s.common.property.PropertyProvider - Loading properties file from file [/var/lib/jenkins/jobs/Samatha Fork/workspace/service/target/properties/local/search.secrets.properties]
22:05:48.971 [main] INFO  c.r.s.common.property.PropertyProvider - Loading properties file from file [/var/lib/jenkins/jobs/Samatha Fork/workspace/service/target/properties/local/elasticsearch.properties]
22:05:48.990 [main] INFO  c.r.s.elasticsearch.ElasticSearchServer - Starting the Elastic Search server node:
22:05:48.992 [main] INFO  org.elasticsearch.node - [ticket.node] {0.90.2}[25471]: initializing ...
22:05:48.993 [main] INFO  org.elasticsearch.plugins - [ticket.node] loaded [action-updatebyquery], sites []
22:05:49.371 [main] INFO  org.elasticsearch.node - [ticket.node] {0.90.2}[25471]: initialized
22:05:49.371 [main] INFO  c.r.s.elasticsearch.ElasticSearchServer - Starting the Elastic Search server node with these settings:
22:05:49.375 [main] INFO  c.r.s.elasticsearch.ElasticSearchServer - Elasticsearch Settings :  [elastic.config.path:/var/lib/jenkins/jobs/Samatha Fork/workspace/service/target/properties/local/elasticsearch, path.data:/var/lib/jenkins/jobs/Samatha Fork/workspace/service/target/elasticsearch/data, cluster.name:ticket.cluster, ticket.search.allowedNestedParams:account.contacts.name,account.contacts.role,account.contacts.sso, core.secondpass.lookbacktime.minutes:15, http.connection.timeout.in.milliseconds:65000, index.analysis.analyzer.search_standard.type:standard, cluster.health.check.wait.time.seconds:120, path.conf:/var/lib/jenkins/jobs/Samatha Fork/workspace/service/target/properties/local/elasticsearch, syncRequest.max.documents.size:250, ticket.ongoingsync.delay.seconds:2, core.account.caching.enabled:true, path.logs:/var/lib/jenkins/jobs/Samatha Fork/workspace/service/target/elasticsearch/logs, http.enabled:true, ticket.document.idName:number, core.api.endpoint:https://ws.integration.core.rackspace.com/ctkapi, transport.tcp.compress:true, account.highprofile.name:HIGH_PROFILE, core.ongoingsync.loopback.time.seconds:120, account.cache.expiration.time.minutes:120, account.api.username:hybrid_ui, ticket.index.name:ticket, admin.index.name:admin, default.page.size:100, indices.structure:/indices_structure.json, account.filter.necessary.updates:true, index.store.fs.memory.enabled:false, index.number_of_shards:5, syncRequest.search.allowedRangeParams:createdAt,lastRunAt,documentLastUpdatedTimestamp, admin.document.type:syncJob, node.data:true, max.page.size:500, node.name:ticket.node, ticket.core.date.timezone:CST, ticket.search.allowedRangeParams:createdAt,updatedAt,lastPublicCommentDate,updateEventDate,documentLastUpdatedTimestamp, account.document.type:account, core.driver.class:org.postgresql.Driver, ticket.cache.expiration.time.minutes:120, core.api.username:rcameron, syncRequest.document.idName:id, discovery.zen.ping.multicast.enabled:false, core.db.url:jdbc:postgresql://integration.db.core.rackspace.com:5432/core_dev, account.update.tickets.pageSize:250, core.account.updates.enabled:true, account.document.versionParam:updatedAt, index.analysis.analyzer.search_standard.filter:[lowercase], bootstrap.mlockall:true, ticket.core.dateformat:yyyy-MM-dd HH:mm:ss, coreaccount.document.type:coreaccount, coreticket.onetimesync.usedb:true, node.master:true, coreaccount.document.idName:id, syncRequest.document.type:syncRequest, core.account.filter.necessary.updates:true, index.number_of_replicas:0, account.api.events.path:v1.0/accounts/events.atom, account.index.name:account, ticket.document.versionParam:updateEventDate, ticket.core.dateformat.with.millis:yyyy-MM-dd HH:mm:ss.SSSSSS, core.account.cache.expiration.time.minutes:120, ticket.document.type:ticket, account.caching.enabled:true, coreaccount.document.versionParam:updatedAt, ticket.caching.enabled:true, admin.document.idName:name, syncRequest.search.allowedTermParams:documentType,status,createdAt,lastRunAt,documentLastUpdatedTimestamp, core.secondpass.enabled:true, account.api.accounts.path:v1.0/accounts, cluster.routing.allocation.awareness.attributes:machine, facets.display.count:100, core.db.username:usq_read, node.machine:ticket.node, syncRequest.index.name:admin, ticket.search.allowedTermParams:sourceSystem,number,createdAt,updatedAt,updateEventDate,lastPublicCommentDate,status,queue.name,category,categoryObj.name,categoryObj.id,priority,assignee.name,hasWindowsServers,hasLinuxServers,severityName,assignee.sso,queue.id,accountServiceLevel,accountTeamTerritoryCode,account.serviceLevel,account.teamTerritoryCode,statusTypes,account.team,account.id,account.rcn,account.status,account.highProfile,documentLastUpdatedTimestamp,account.teamSegment,submitter.name,submitter.sso,account.contacts.name,account.contacts.role,account.contacts.sso,subCategoryObj.name,subCategoryObj.id,assignee.id,submitter.id, use.updateByQueryPlugin:false, account.api.endpoint:https://test.account.api.rackspace.com/, updated.timestamp.field.name:documentLastUpdatedTimestamp, ticket.elastic.dateformat:yyyy-MM-dd&apos;T&apos;HH:mm:ss.SSSZ, action.auto_create_index:1, account.document.idName:id, name:ticket.node] 
22:05:49.375 [main] INFO  org.elasticsearch.node - [ticket.node] {0.90.2}[25471]: starting ...
22:05:49.867 [main] INFO  org.elasticsearch.transport - [ticket.node] bound_address {inet[/0:0:0:0:0:0:0:0:9300]}, publish_address {inet[/10.14.208.252:9300]}
22:05:52.888 [elasticsearch[ticket.node][clusterService#updateTask][T#1]] INFO  org.elasticsearch.cluster.service - [ticket.node] new_master [ticket.node][3CwA6b0WQyOFQUH19begJA][inet[/10.14.208.252:9300]]{machine=ticket.node, master=true}, reason: zen-disco-join (elected_as_master)
22:05:52.897 [main] INFO  org.elasticsearch.discovery - [ticket.node] ticket.cluster/3CwA6b0WQyOFQUH19begJA
22:05:52.923 [main] INFO  org.elasticsearch.http - [ticket.node] bound_address {inet[/0:0:0:0:0:0:0:0:9200]}, publish_address {inet[/10.14.208.252:9200]}
22:05:52.924 [main] INFO  org.elasticsearch.node - [ticket.node] {0.90.2}[25471]: started
22:05:52.924 [main] INFO  c.r.s.elasticsearch.ElasticSearchServer - Elastic Search server is started.
22:05:52.924 [main] INFO  c.r.s.elasticsearch.ElasticSearchServer - ES cluster status is GREEN. Waiting for ES recovery.
22:05:52.925 [main] INFO  c.r.s.elasticsearch.ElasticSearchServer - Elastic Search Cluster Staus is GREEN
22:05:53.040 [elasticsearch[ticket.node][clusterService#updateTask][T#1]] INFO  org.elasticsearch.gateway - [ticket.node] recovered [0] indices into cluster_state
22:05:53.783 [main] ERROR c.r.s.e.client.ElasticSearchClient - Index is missing
org.elasticsearch.indices.IndexMissingException: [admin] missing
	at org.elasticsearch.cluster.metadata.MetaData.concreteIndex(MetaData.java:616) ~[elasticsearch-0.90.2.jar:na]
	at org.elasticsearch.action.get.TransportGetAction.resolveRequest(TransportGetAction.java:90) ~[elasticsearch-0.90.2.jar:na]
	at org.elasticsearch.action.get.TransportGetAction.resolveRequest(TransportGetAction.java:42) ~[elasticsearch-0.90.2.jar:na]
	at org.elasticsearch.action.support.single.shard.TransportShardSingleOperationAction$AsyncSingleAction.&lt;init&gt;(TransportShardSingleOperationAction.java:114) ~[elasticsearch-0.90.2.jar:na]
	at org.elasticsearch.action.support.single.shard.TransportShardSingleOperationAction$AsyncSingleAction.&lt;init&gt;(TransportShardSingleOperationAction.java:94) ~[elasticsearch-0.90.2.jar:na]
	at org.elasticsearch.action.support.single.shard.TransportShardSingleOperationAction.doExecute(TransportShardSingleOperationAction.java:71) ~[elasticsearch-0.90.2.jar:na]
	at org.elasticsearch.action.support.single.shard.TransportShardSingleOperationAction.doExecute(TransportShardSingleOperationAction.java:46) ~[elasticsearch-0.90.2.jar:na]
	at org.elasticsearch.action.support.TransportAction.execute(TransportAction.java:61) ~[elasticsearch-0.90.2.jar:na]
	at org.elasticsearch.client.node.NodeClient.execute(NodeClient.java:92) ~[elasticsearch-0.90.2.jar:na]
	at org.elasticsearch.client.support.AbstractClient.get(AbstractClient.java:179) ~[elasticsearch-0.90.2.jar:na]
	at org.elasticsearch.action.get.GetRequestBuilder.doExecute(GetRequestBuilder.java:112) ~[elasticsearch-0.90.2.jar:na]
	at org.elasticsearch.action.ActionRequestBuilder.execute(ActionRequestBuilder.java:62) ~[elasticsearch-0.90.2.jar:na]
	at org.elasticsearch.action.ActionRequestBuilder.execute(ActionRequestBuilder.java:57) ~[elasticsearch-0.90.2.jar:na]
	at org.elasticsearch.action.ActionRequestBuilder$execute.call(Unknown Source) ~[na:na]
	at com.rackspace.search.elasticsearch.client.ElasticSearchClient.getDocument(ElasticSearchClient.groovy:209) ~[classes/:na]
	at com.rackspace.search.elasticsearch.client.ElasticSearchClient$getDocument.call(Unknown Source) [classes/:na]
	at com.rackspace.search.service.JobService.getJob(JobService.groovy:56) [classes/:na]
	at com.rackspace.search.service.JobService$getJob$0.callCurrent(Unknown Source) [classes/:na]
	at com.rackspace.search.service.JobService.getJob(JobService.groovy:52) [classes/:na]
	at com.rackspace.search.service.JobService$getJob.call(Unknown Source) [classes/:na]
	at com.rackspace.search.service.admin.AccountOndemandSyncJob.windupActivities(AccountOndemandSyncJob.groovy:119) [classes/:na]
	at sun.reflect.GeneratedMethodAccessor70.invoke(Unknown Source) ~[na:na]
	at sun.reflect.DelegatingMethodAccessorImpl.invoke(DelegatingMethodAccessorImpl.java:25) ~[na:1.6.0_38]
	at java.lang.reflect.Method.invoke(Method.java:597) ~[na:1.6.0_38]
	at org.springframework.beans.factory.annotation.InitDestroyAnnotationBeanPostProcessor$LifecycleElement.invoke(InitDestroyAnnotationBeanPostProcessor.java:340) [spring-beans-3.0.6.RELEASE.jar:3.0.6.RELEASE]
	at org.springframework.beans.factory.annotation.InitDestroyAnnotationBeanPostProcessor$LifecycleMetadata.invokeDestroyMethods(InitDestroyAnnotationBeanPostProcessor.java:305) [spring-beans-3.0.6.RELEASE.jar:3.0.6.RELEASE]
	at org.springframework.beans.factory.annotation.InitDestroyAnnotationBeanPostProcessor.postProcessBeforeDestruction(InitDestroyAnnotationBeanPostProcessor.java:148) [spring-beans-3.0.6.RELEASE.jar:3.0.6.RELEASE]
	at org.springframework.beans.factory.support.DisposableBeanAdapter.destroy(DisposableBeanAdapter.java:166) [spring-beans-3.0.6.RELEASE.jar:3.0.6.RELEASE]
	at org.springframework.beans.factory.support.DefaultSingletonBeanRegistry.destroyBean(DefaultSingletonBeanRegistry.java:487) [spring-beans-3.0.6.RELEASE.jar:3.0.6.RELEASE]
	at org.springframework.beans.factory.support.DefaultSingletonBeanRegistry.destroySingleton(DefaultSingletonBeanRegistry.java:463) [spring-beans-3.0.6.RELEASE.jar:3.0.6.RELEASE]
	at org.springframework.beans.factory.support.DefaultSingletonBeanRegistry.destroySingletons(DefaultSingletonBeanRegistry.java:431) [spring-beans-3.0.6.RELEASE.jar:3.0.6.RELEASE]
	at org.springframework.context.support.AbstractApplicationContext.destroyBeans(AbstractApplicationContext.java:1048) [spring-context-3.0.6.RELEASE.jar:3.0.6.RELEASE]
	at org.springframework.context.support.AbstractApplicationContext.refresh(AbstractApplicationContext.java:433) [spring-context-3.0.6.RELEASE.jar:3.0.6.RELEASE]
	at org.springframework.test.context.support.AbstractGenericContextLoader.loadContext(AbstractGenericContextLoader.java:84) [spring-test-3.0.6.RELEASE.jar:3.0.6.RELEASE]
	at org.springframework.test.context.support.AbstractGenericContextLoader.loadContext(AbstractGenericContextLoader.java:1) [spring-test-3.0.6.RELEASE.jar:3.0.6.RELEASE]
	at org.springframework.test.context.TestContext.loadApplicationContext(TestContext.java:280) [spring-test-3.0.6.RELEASE.jar:3.0.6.RELEASE]
	at org.springframework.test.context.TestContext.getApplicationContext(TestContext.java:304) [spring-test-3.0.6.RELEASE.jar:3.0.6.RELEASE]
	at org.springframework.test.context.support.DependencyInjectionTestExecutionListener.injectDependencies(DependencyInjectionTestExecutionListener.java:109) [spring-test-3.0.6.RELEASE.jar:3.0.6.RELEASE]
	at org.springframework.test.context.support.DependencyInjectionTestExecutionListener.prepareTestInstance(DependencyInjectionTestExecutionListener.java:75) [spring-test-3.0.6.RELEASE.jar:3.0.6.RELEASE]
	at org.springframework.test.context.TestContextManager.prepareTestInstance(TestContextManager.java:321) [spring-test-3.0.6.RELEASE.jar:3.0.6.RELEASE]
	at org.spockframework.spring.SpringTestContextManager.prepareTestInstance(SpringTestContextManager.java:49) [spock-spring-0.7-groovy-2.0.jar:na]
	at org.spockframework.spring.SpringInterceptor.interceptSetupMethod(SpringInterceptor.java:42) [spock-spring-0.7-groovy-2.0.jar:na]
	at org.spockframework.runtime.extension.AbstractMethodInterceptor.intercept(AbstractMethodInterceptor.java:28) [spock-core-0.7-groovy-2.0.jar:na]
	at org.spockframework.runtime.extension.MethodInvocation.proceed(MethodInvocation.java:84) [spock-core-0.7-groovy-2.0.jar:na]
	at org.spockframework.runtime.BaseSpecRunner.invoke(BaseSpecRunner.java:319) [spock-core-0.7-groovy-2.0.jar:na]
	at org.spockframework.runtime.BaseSpecRunner.invokeSetup(BaseSpecRunner.java:279) [spock-core-0.7-groovy-2.0.jar:na]
	at org.spockframework.runtime.BaseSpecRunner.doRunIteration(BaseSpecRunner.java:255) [spock-core-0.7-groovy-2.0.jar:na]
	at sun.reflect.GeneratedMethodAccessor5.invoke(Unknown Source) ~[na:na]
	at sun.reflect.DelegatingMethodAccessorImpl.invoke(DelegatingMethodAccessorImpl.java:25) ~[na:1.6.0_38]
	at java.lang.reflect.Method.invoke(Method.java:597) ~[na:1.6.0_38]
	at org.spockframework.util.ReflectionUtil.invokeMethod(ReflectionUtil.java:138) [spock-core-0.7-groovy-2.0.jar:na]
	at org.spockframework.runtime.BaseSpecRunner.invokeRaw(BaseSpecRunner.java:330) [spock-core-0.7-groovy-2.0.jar:na]
	at org.spockframework.runtime.BaseSpecRunner.invoke(BaseSpecRunner.java:311) [spock-core-0.7-groovy-2.0.jar:na]
	at org.spockframework.runtime.BaseSpecRunner.runIteration(BaseSpecRunner.java:223) [spock-core-0.7-groovy-2.0.jar:na]
	at org.spockframework.runtime.BaseSpecRunner.initializeAndRunIteration(BaseSpecRunner.java:214) [spock-core-0.7-groovy-2.0.jar:na]
	at org.spockframework.runtime.BaseSpecRunner.runSimpleFeature(BaseSpecRunner.java:205) [spock-core-0.7-groovy-2.0.jar:na]
	at org.spockframework.runtime.BaseSpecRunner.doRunFeature(BaseSpecRunner.java:199) [spock-core-0.7-groovy-2.0.jar:na]
	at sun.reflect.GeneratedMethodAccessor7.invoke(Unknown Source) ~[na:na]
	at sun.reflect.DelegatingMethodAccessorImpl.invoke(DelegatingMethodAccessorImpl.java:25) ~[na:1.6.0_38]
	at java.lang.reflect.Method.invoke(Method.java:597) ~[na:1.6.0_38]
	at org.spockframework.util.ReflectionUtil.invokeMethod(ReflectionUtil.java:138) [spock-core-0.7-groovy-2.0.jar:na]
	at org.spockframework.runtime.BaseSpecRunner.invokeRaw(BaseSpecRunner.java:330) [spock-core-0.7-groovy-2.0.jar:na]
	at org.spockframework.runtime.BaseSpecRunner.invoke(BaseSpecRunner.java:311) [spock-core-0.7-groovy-2.0.jar:na]
	at org.spockframework.runtime.BaseSpecRunner.runFeature(BaseSpecRunner.java:175) [spock-core-0.7-groovy-2.0.jar:na]
	at org.spockframework.runtime.BaseSpecRunner.runFeatures(BaseSpecRunner.java:152) [spock-core-0.7-groovy-2.0.jar:na]
	at org.spockframework.runtime.BaseSpecRunner.doRunSpec(BaseSpecRunner.java:112) [spock-core-0.7-groovy-2.0.jar:na]
	at sun.reflect.GeneratedMethodAccessor11.invoke(Unknown Source) ~[na:na]
	at sun.reflect.DelegatingMethodAccessorImpl.invoke(DelegatingMethodAccessorImpl.java:25) ~[na:1.6.0_38]
	at java.lang.reflect.Method.invoke(Method.java:597) ~[na:1.6.0_38]
	at org.spockframework.util.ReflectionUtil.invokeMethod(ReflectionUtil.java:138) [spock-core-0.7-groovy-2.0.jar:na]
	at org.spockframework.runtime.BaseSpecRunner.invokeRaw(BaseSpecRunner.java:330) [spock-core-0.7-groovy-2.0.jar:na]
	at org.spockframework.runtime.BaseSpecRunner.invoke(BaseSpecRunner.java:311) [spock-core-0.7-groovy-2.0.jar:na]
	at org.spockframework.runtime.BaseSpecRunner.runSpec(BaseSpecRunner.java:91) [spock-core-0.7-groovy-2.0.jar:na]
	at org.spockframework.runtime.BaseSpecRunner.run(BaseSpecRunner.java:82) [spock-core-0.7-groovy-2.0.jar:na]
	at org.spockframework.runtime.Sputnik.run(Sputnik.java:63) [spock-core-0.7-groovy-2.0.jar:na]
	at org.apache.maven.surefire.junit4.JUnit4TestSet.execute(JUnit4TestSet.java:53) [surefire-junit4-2.10.jar:2.10]
	at org.apache.maven.surefire.junit4.JUnit4Provider.executeTestSet(JUnit4Provider.java:123) [surefire-junit4-2.10.jar:2.10]
	at org.apache.maven.surefire.junit4.JUnit4Provider.invoke(JUnit4Provider.java:104) [surefire-junit4-2.10.jar:2.10]
	at sun.reflect.NativeMethodAccessorImpl.invoke0(Native Method) ~[na:1.6.0_38]
	at sun.reflect.NativeMethodAccessorImpl.invoke(NativeMethodAccessorImpl.java:39) ~[na:1.6.0_38]
	at sun.reflect.DelegatingMethodAccessorImpl.invoke(DelegatingMethodAccessorImpl.java:25) ~[na:1.6.0_38]
	at java.lang.reflect.Method.invoke(Method.java:597) ~[na:1.6.0_38]
	at org.apache.maven.surefire.util.ReflectionUtils.invokeMethodWithArray(ReflectionUtils.java:164) [surefire-api-2.10.jar:2.10]
	at org.apache.maven.surefire.booter.ProviderFactory$ProviderProxy.invoke(ProviderFactory.java:110) [surefire-booter-2.10.jar:2.10]
	at org.apache.maven.surefire.booter.SurefireStarter.invokeProvider(SurefireStarter.java:175) [surefire-booter-2.10.jar:2.10]
	at org.apache.maven.surefire.booter.SurefireStarter.runSuitesInProcessWhenForked(SurefireStarter.java:107) [surefire-booter-2.10.jar:2.10]
	at org.apache.maven.surefire.booter.ForkedBooter.main(ForkedBooter.java:68) [surefire-booter-2.10.jar:2.10]
22:05:53.784 [main] WARN  o.s.c.a.CommonAnnotationBeanPostProcessor - Invocation of destroy method failed on bean with name &apos;accountOndemandSyncJob&apos;: com.rackspace.search.exception.NotFoundException: Index is missing
22:05:53.789 [main] ERROR c.r.s.e.client.ElasticSearchClient - Index is missing
org.elasticsearch.indices.IndexMissingException: [admin] missing
	at org.elasticsearch.cluster.metadata.MetaData.concreteIndex(MetaData.java:616) ~[elasticsearch-0.90.2.jar:na]
	at org.elasticsearch.action.get.TransportGetAction.resolveRequest(TransportGetAction.java:90) ~[elasticsearch-0.90.2.jar:na]
	at org.elasticsearch.action.get.TransportGetAction.resolveRequest(TransportGetAction.java:42) ~[elasticsearch-0.90.2.jar:na]
	at org.elasticsearch.action.support.single.shard.TransportShardSingleOperationAction$AsyncSingleAction.&lt;init&gt;(TransportShardSingleOperationAction.java:114) ~[elasticsearch-0.90.2.jar:na]
	at org.elasticsearch.action.support.single.shard.TransportShardSingleOperationAction$AsyncSingleAction.&lt;init&gt;(TransportShardSingleOperationAction.java:94) ~[elasticsearch-0.90.2.jar:na]
	at org.elasticsearch.action.support.single.shard.TransportShardSingleOperationAction.doExecute(TransportShardSingleOperationAction.java:71) ~[elasticsearch-0.90.2.jar:na]
	at org.elasticsearch.action.support.single.shard.TransportShardSingleOperationAction.doExecute(TransportShardSingleOperationAction.java:46) ~[elasticsearch-0.90.2.jar:na]
	at org.elasticsearch.action.support.TransportAction.execute(TransportAction.java:61) ~[elasticsearch-0.90.2.jar:na]
	at org.elasticsearch.client.node.NodeClient.execute(NodeClient.java:92) ~[elasticsearch-0.90.2.jar:na]
	at org.elasticsearch.client.support.AbstractClient.get(AbstractClient.java:179) ~[elasticsearch-0.90.2.jar:na]
	at org.elasticsearch.action.get.GetRequestBuilder.doExecute(GetRequestBuilder.java:112) ~[elasticsearch-0.90.2.jar:na]
	at org.elasticsearch.action.ActionRequestBuilder.execute(ActionRequestBuilder.java:62) ~[elasticsearch-0.90.2.jar:na]
	at org.elasticsearch.action.ActionRequestBuilder.execute(ActionRequestBuilder.java:57) ~[elasticsearch-0.90.2.jar:na]
	at org.elasticsearch.action.ActionRequestBuilder$execute.call(Unknown Source) ~[na:na]
	at com.rackspace.search.elasticsearch.client.ElasticSearchClient.getDocument(ElasticSearchClient.groovy:209) ~[classes/:na]
	at com.rackspace.search.elasticsearch.client.ElasticSearchClient$getDocument.call(Unknown Source) [classes/:na]
	at com.rackspace.search.service.JobService.getJob(JobService.groovy:56) [classes/:na]
	at com.rackspace.search.service.JobService$getJob$0.callCurrent(Unknown Source) [classes/:na]
	at com.rackspace.search.service.JobService.getJob(JobService.groovy:52) [classes/:na]
	at com.rackspace.search.service.JobService$getJob.call(Unknown Source) [classes/:na]
	at com.rackspace.search.service.account.CoreAccountOnetimeSyncJob.windupActivities(CoreAccountOnetimeSyncJob.groovy:58) [classes/:na]
	at sun.reflect.GeneratedMethodAccessor71.invoke(Unknown Source) ~[na:na]
	at sun.reflect.DelegatingMethodAccessorImpl.invoke(DelegatingMethodAccessorImpl.java:25) ~[na:1.6.0_38]
	at java.lang.reflect.Method.invoke(Method.java:597) ~[na:1.6.0_38]
	at org.springframework.beans.factory.annotation.InitDestroyAnnotationBeanPostProcessor$LifecycleElement.invoke(InitDestroyAnnotationBeanPostProcessor.java:340) [spring-beans-3.0.6.RELEASE.jar:3.0.6.RELEASE]
	at org.springframework.beans.factory.annotation.InitDestroyAnnotationBeanPostProcessor$LifecycleMetadata.invokeDestroyMethods(InitDestroyAnnotationBeanPostProcessor.java:305) [spring-beans-3.0.6.RELEASE.jar:3.0.6.RELEASE]
	at org.springframework.beans.factory.annotation.InitDestroyAnnotationBeanPostProcessor.postProcessBeforeDestruction(InitDestroyAnnotationBeanPostProcessor.java:148) [spring-beans-3.0.6.RELEASE.jar:3.0.6.RELEASE]
	at org.springframework.beans.factory.support.DisposableBeanAdapter.destroy(DisposableBeanAdapter.java:166) [spring-beans-3.0.6.RELEASE.jar:3.0.6.RELEASE]
	at org.springframework.beans.factory.support.DefaultSingletonBeanRegistry.destroyBean(DefaultSingletonBeanRegistry.java:487) [spring-beans-3.0.6.RELEASE.jar:3.0.6.RELEASE]
	at org.springframework.beans.factory.support.DefaultSingletonBeanRegistry.destroySingleton(DefaultSingletonBeanRegistry.java:463) [spring-beans-3.0.6.RELEASE.jar:3.0.6.RELEASE]
	at org.springframework.beans.factory.support.DefaultSingletonBeanRegistry.destroySingletons(DefaultSingletonBeanRegistry.java:431) [spring-beans-3.0.6.RELEASE.jar:3.0.6.RELEASE]
	at org.springframework.context.support.AbstractApplicationContext.destroyBeans(AbstractApplicationContext.java:1048) [spring-context-3.0.6.RELEASE.jar:3.0.6.RELEASE]
	at org.springframework.context.support.AbstractApplicationContext.refresh(AbstractApplicationContext.java:433) [spring-context-3.0.6.RELEASE.jar:3.0.6.RELEASE]
	at org.springframework.test.context.support.AbstractGenericContextLoader.loadContext(AbstractGenericContextLoader.java:84) [spring-test-3.0.6.RELEASE.jar:3.0.6.RELEASE]
	at org.springframework.test.context.support.AbstractGenericContextLoader.loadContext(AbstractGenericContextLoader.java:1) [spring-test-3.0.6.RELEASE.jar:3.0.6.RELEASE]
	at org.springframework.test.context.TestContext.loadApplicationContext(TestContext.java:280) [spring-test-3.0.6.RELEASE.jar:3.0.6.RELEASE]
	at org.springframework.test.context.TestContext.getApplicationContext(TestContext.java:304) [spring-test-3.0.6.RELEASE.jar:3.0.6.RELEASE]
	at org.springframework.test.context.support.DependencyInjectionTestExecutionListener.injectDependencies(DependencyInjectionTestExecutionListener.java:109) [spring-test-3.0.6.RELEASE.jar:3.0.6.RELEASE]
	at org.springframework.test.context.support.DependencyInjectionTestExecutionListener.prepareTestInstance(DependencyInjectionTestExecutionListener.java:75) [spring-test-3.0.6.RELEASE.jar:3.0.6.RELEASE]
	at org.springframework.test.context.TestContextManager.prepareTestInstance(TestContextManager.java:321) [spring-test-3.0.6.RELEASE.jar:3.0.6.RELEASE]
	at org.spockframework.spring.SpringTestContextManager.prepareTestInstance(SpringTestContextManager.java:49) [spock-spring-0.7-groovy-2.0.jar:na]
	at org.spockframework.spring.SpringInterceptor.interceptSetupMethod(SpringInterceptor.java:42) [spock-spring-0.7-groovy-2.0.jar:na]
	at org.spockframework.runtime.extension.AbstractMethodInterceptor.intercept(AbstractMethodInterceptor.java:28) [spock-core-0.7-groovy-2.0.jar:na]
	at org.spockframework.runtime.extension.MethodInvocation.proceed(MethodInvocation.java:84) [spock-core-0.7-groovy-2.0.jar:na]
	at org.spockframework.runtime.BaseSpecRunner.invoke(BaseSpecRunner.java:319) [spock-core-0.7-groovy-2.0.jar:na]
	at org.spockframework.runtime.BaseSpecRunner.invokeSetup(BaseSpecRunner.java:279) [spock-core-0.7-groovy-2.0.jar:na]
	at org.spockframework.runtime.BaseSpecRunner.doRunIteration(BaseSpecRunner.java:255) [spock-core-0.7-groovy-2.0.jar:na]
	at sun.reflect.GeneratedMethodAccessor5.invoke(Unknown Source) ~[na:na]
	at sun.reflect.DelegatingMethodAccessorImpl.invoke(DelegatingMethodAccessorImpl.java:25) ~[na:1.6.0_38]
	at java.lang.reflect.Method.invoke(Method.java:597) ~[na:1.6.0_38]
	at org.spockframework.util.ReflectionUtil.invokeMethod(ReflectionUtil.java:138) [spock-core-0.7-groovy-2.0.jar:na]
	at org.spockframework.runtime.BaseSpecRunner.invokeRaw(BaseSpecRunner.java:330) [spock-core-0.7-groovy-2.0.jar:na]
	at org.spockframework.runtime.BaseSpecRunner.invoke(BaseSpecRunner.java:311) [spock-core-0.7-groovy-2.0.jar:na]
	at org.spockframework.runtime.BaseSpecRunner.runIteration(BaseSpecRunner.java:223) [spock-core-0.7-groovy-2.0.jar:na]
	at org.spockframework.runtime.BaseSpecRunner.initializeAndRunIteration(BaseSpecRunner.java:214) [spock-core-0.7-groovy-2.0.jar:na]
	at org.spockframework.runtime.BaseSpecRunner.runSimpleFeature(BaseSpecRunner.java:205) [spock-core-0.7-groovy-2.0.jar:na]
	at org.spockframework.runtime.BaseSpecRunner.doRunFeature(BaseSpecRunner.java:199) [spock-core-0.7-groovy-2.0.jar:na]
	at sun.reflect.GeneratedMethodAccessor7.invoke(Unknown Source) ~[na:na]
	at sun.reflect.DelegatingMethodAccessorImpl.invoke(DelegatingMethodAccessorImpl.java:25) ~[na:1.6.0_38]
	at java.lang.reflect.Method.invoke(Method.java:597) ~[na:1.6.0_38]
	at org.spockframework.util.ReflectionUtil.invokeMethod(ReflectionUtil.java:138) [spock-core-0.7-groovy-2.0.jar:na]
	at org.spockframework.runtime.BaseSpecRunner.invokeRaw(BaseSpecRunner.java:330) [spock-core-0.7-groovy-2.0.jar:na]
	at org.spockframework.runtime.BaseSpecRunner.invoke(BaseSpecRunner.java:311) [spock-core-0.7-groovy-2.0.jar:na]
	at org.spockframework.runtime.BaseSpecRunner.runFeature(BaseSpecRunner.java:175) [spock-core-0.7-groovy-2.0.jar:na]
	at org.spockframework.runtime.BaseSpecRunner.runFeatures(BaseSpecRunner.java:152) [spock-core-0.7-groovy-2.0.jar:na]
	at org.spockframework.runtime.BaseSpecRunner.doRunSpec(BaseSpecRunner.java:112) [spock-core-0.7-groovy-2.0.jar:na]
	at sun.reflect.GeneratedMethodAccessor11.invoke(Unknown Source) ~[na:na]
	at sun.reflect.DelegatingMethodAccessorImpl.invoke(DelegatingMethodAccessorImpl.java:25) ~[na:1.6.0_38]
	at java.lang.reflect.Method.invoke(Method.java:597) ~[na:1.6.0_38]
	at org.spockframework.util.ReflectionUtil.invokeMethod(ReflectionUtil.java:138) [spock-core-0.7-groovy-2.0.jar:na]
	at org.spockframework.runtime.BaseSpecRunner.invokeRaw(BaseSpecRunner.java:330) [spock-core-0.7-groovy-2.0.jar:na]
	at org.spockframework.runtime.BaseSpecRunner.invoke(BaseSpecRunner.java:311) [spock-core-0.7-groovy-2.0.jar:na]
	at org.spockframework.runtime.BaseSpecRunner.runSpec(BaseSpecRunner.java:91) [spock-core-0.7-groovy-2.0.jar:na]
	at org.spockframework.runtime.BaseSpecRunner.run(BaseSpecRunner.java:82) [spock-core-0.7-groovy-2.0.jar:na]
	at org.spockframework.runtime.Sputnik.run(Sputnik.java:63) [spock-core-0.7-groovy-2.0.jar:na]
	at org.apache.maven.surefire.junit4.JUnit4TestSet.execute(JUnit4TestSet.java:53) [surefire-junit4-2.10.jar:2.10]
	at org.apache.maven.surefire.junit4.JUnit4Provider.executeTestSet(JUnit4Provider.java:123) [surefire-junit4-2.10.jar:2.10]
	at org.apache.maven.surefire.junit4.JUnit4Provider.invoke(JUnit4Provider.java:104) [surefire-junit4-2.10.jar:2.10]
	at sun.reflect.NativeMethodAccessorImpl.invoke0(Native Method) ~[na:1.6.0_38]
	at sun.reflect.NativeMethodAccessorImpl.invoke(NativeMethodAccessorImpl.java:39) ~[na:1.6.0_38]
	at sun.reflect.DelegatingMethodAccessorImpl.invoke(DelegatingMethodAccessorImpl.java:25) ~[na:1.6.0_38]
	at java.lang.reflect.Method.invoke(Method.java:597) ~[na:1.6.0_38]
	at org.apache.maven.surefire.util.ReflectionUtils.invokeMethodWithArray(ReflectionUtils.java:164) [surefire-api-2.10.jar:2.10]
	at org.apache.maven.surefire.booter.ProviderFactory$ProviderProxy.invoke(ProviderFactory.java:110) [surefire-booter-2.10.jar:2.10]
	at org.apache.maven.surefire.booter.SurefireStarter.invokeProvider(SurefireStarter.java:175) [surefire-booter-2.10.jar:2.10]
	at org.apache.maven.surefire.booter.SurefireStarter.runSuitesInProcessWhenForked(SurefireStarter.java:107) [surefire-booter-2.10.jar:2.10]
	at org.apache.maven.surefire.booter.ForkedBooter.main(ForkedBooter.java:68) [surefire-booter-2.10.jar:2.10]
22:05:53.790 [main] WARN  o.s.c.a.CommonAnnotationBeanPostProcessor - Invocation of destroy method failed on bean with name &apos;coreAccountOnetimeSyncJob&apos;: com.rackspace.search.exception.NotFoundException: Index is missing
22:05:53.794 [main] ERROR c.r.s.e.client.ElasticSearchClient - Index is missing
org.elasticsearch.indices.IndexMissingException: [admin] missing
	at org.elasticsearch.cluster.metadata.MetaData.concreteIndex(MetaData.java:616) ~[elasticsearch-0.90.2.jar:na]
	at org.elasticsearch.action.get.TransportGetAction.resolveRequest(TransportGetAction.java:90) ~[elasticsearch-0.90.2.jar:na]
	at org.elasticsearch.action.get.TransportGetAction.resolveRequest(TransportGetAction.java:42) ~[elasticsearch-0.90.2.jar:na]
	at org.elasticsearch.action.support.single.shard.TransportShardSingleOperationAction$AsyncSingleAction.&lt;init&gt;(TransportShardSingleOperationAction.java:114) ~[elasticsearch-0.90.2.jar:na]
	at org.elasticsearch.action.support.single.shard.TransportShardSingleOperationAction$AsyncSingleAction.&lt;init&gt;(TransportShardSingleOperationAction.java:94) ~[elasticsearch-0.90.2.jar:na]
	at org.elasticsearch.action.support.single.shard.TransportShardSingleOperationAction.doExecute(TransportShardSingleOperationAction.java:71) ~[elasticsearch-0.90.2.jar:na]
	at org.elasticsearch.action.support.single.shard.TransportShardSingleOperationAction.doExecute(TransportShardSingleOperationAction.java:46) ~[elasticsearch-0.90.2.jar:na]
	at org.elasticsearch.action.support.TransportAction.execute(TransportAction.java:61) ~[elasticsearch-0.90.2.jar:na]
	at org.elasticsearch.client.node.NodeClient.execute(NodeClient.java:92) ~[elasticsearch-0.90.2.jar:na]
	at org.elasticsearch.client.support.AbstractClient.get(AbstractClient.java:179) ~[elasticsearch-0.90.2.jar:na]
	at org.elasticsearch.action.get.GetRequestBuilder.doExecute(GetRequestBuilder.java:112) ~[elasticsearch-0.90.2.jar:na]
	at org.elasticsearch.action.ActionRequestBuilder.execute(ActionRequestBuilder.java:62) ~[elasticsearch-0.90.2.jar:na]
	at org.elasticsearch.action.ActionRequestBuilder.execute(ActionRequestBuilder.java:57) ~[elasticsearch-0.90.2.jar:na]
	at org.elasticsearch.action.ActionRequestBuilder$execute.call(Unknown Source) ~[na:na]
	at com.rackspace.search.elasticsearch.client.ElasticSearchClient.getDocument(ElasticSearchClient.groovy:209) ~[classes/:na]
	at com.rackspace.search.elasticsearch.client.ElasticSearchClient$getDocument.call(Unknown Source) [classes/:na]
	at com.rackspace.search.service.JobService.getJob(JobService.groovy:56) [classes/:na]
	at com.rackspace.search.service.JobService$getJob$0.callCurrent(Unknown Source) [classes/:na]
	at com.rackspace.search.service.JobService.getJob(JobService.groovy:52) [classes/:na]
	at com.rackspace.search.service.JobService$getJob.call(Unknown Source) [classes/:na]
	at com.rackspace.search.service.account.CoreAccountUpdateSyncJob.windupActivities(CoreAccountUpdateSyncJob.groovy:88) [classes/:na]
	at sun.reflect.GeneratedMethodAccessor72.invoke(Unknown Source) ~[na:na]
	at sun.reflect.DelegatingMethodAccessorImpl.invoke(DelegatingMethodAccessorImpl.java:25) ~[na:1.6.0_38]
	at java.lang.reflect.Method.invoke(Method.java:597) ~[na:1.6.0_38]
	at org.springframework.beans.factory.annotation.InitDestroyAnnotationBeanPostProcessor$LifecycleElement.invoke(InitDestroyAnnotationBeanPostProcessor.java:340) [spring-beans-3.0.6.RELEASE.jar:3.0.6.RELEASE]
	at org.springframework.beans.factory.annotation.InitDestroyAnnotationBeanPostProcessor$LifecycleMetadata.invokeDestroyMethods(InitDestroyAnnotationBeanPostProcessor.java:305) [spring-beans-3.0.6.RELEASE.jar:3.0.6.RELEASE]
	at org.springframework.beans.factory.annotation.InitDestroyAnnotationBeanPostProcessor.postProcessBeforeDestruction(InitDestroyAnnotationBeanPostProcessor.java:148) [spring-beans-3.0.6.RELEASE.jar:3.0.6.RELEASE]
	at org.springframework.beans.factory.support.DisposableBeanAdapter.destroy(DisposableBeanAdapter.java:166) [spring-beans-3.0.6.RELEASE.jar:3.0.6.RELEASE]
	at org.springframework.beans.factory.support.DefaultSingletonBeanRegistry.destroyBean(DefaultSingletonBeanRegistry.java:487) [spring-beans-3.0.6.RELEASE.jar:3.0.6.RELEASE]
	at org.springframework.beans.factory.support.DefaultSingletonBeanRegistry.destroySingleton(DefaultSingletonBeanRegistry.java:463) [spring-beans-3.0.6.RELEASE.jar:3.0.6.RELEASE]
	at org.springframework.beans.factory.support.DefaultSingletonBeanRegistry.destroySingletons(DefaultSingletonBeanRegistry.java:431) [spring-beans-3.0.6.RELEASE.jar:3.0.6.RELEASE]
	at org.springframework.context.support.AbstractApplicationContext.destroyBeans(AbstractApplicationContext.java:1048) [spring-context-3.0.6.RELEASE.jar:3.0.6.RELEASE]
	at org.springframework.context.support.AbstractApplicationContext.refresh(AbstractApplicationContext.java:433) [spring-context-3.0.6.RELEASE.jar:3.0.6.RELEASE]
	at org.springframework.test.context.support.AbstractGenericContextLoader.loadContext(AbstractGenericContextLoader.java:84) [spring-test-3.0.6.RELEASE.jar:3.0.6.RELEASE]
	at org.springframework.test.context.support.AbstractGenericContextLoader.loadContext(AbstractGenericContextLoader.java:1) [spring-test-3.0.6.RELEASE.jar:3.0.6.RELEASE]
	at org.springframework.test.context.TestContext.loadApplicationContext(TestContext.java:280) [spring-test-3.0.6.RELEASE.jar:3.0.6.RELEASE]
	at org.springframework.test.context.TestContext.getApplicationContext(TestContext.java:304) [spring-test-3.0.6.RELEASE.jar:3.0.6.RELEASE]
	at org.springframework.test.context.support.DependencyInjectionTestExecutionListener.injectDependencies(DependencyInjectionTestExecutionListener.java:109) [spring-test-3.0.6.RELEASE.jar:3.0.6.RELEASE]
	at org.springframework.test.context.support.DependencyInjectionTestExecutionListener.prepareTestInstance(DependencyInjectionTestExecutionListener.java:75) [spring-test-3.0.6.RELEASE.jar:3.0.6.RELEASE]
	at org.springframework.test.context.TestContextManager.prepareTestInstance(TestContextManager.java:321) [spring-test-3.0.6.RELEASE.jar:3.0.6.RELEASE]
	at org.spockframework.spring.SpringTestContextManager.prepareTestInstance(SpringTestContextManager.java:49) [spock-spring-0.7-groovy-2.0.jar:na]
	at org.spockframework.spring.SpringInterceptor.interceptSetupMethod(SpringInterceptor.java:42) [spock-spring-0.7-groovy-2.0.jar:na]
	at org.spockframework.runtime.extension.AbstractMethodInterceptor.intercept(AbstractMethodInterceptor.java:28) [spock-core-0.7-groovy-2.0.jar:na]
	at org.spockframework.runtime.extension.MethodInvocation.proceed(MethodInvocation.java:84) [spock-core-0.7-groovy-2.0.jar:na]
	at org.spockframework.runtime.BaseSpecRunner.invoke(BaseSpecRunner.java:319) [spock-core-0.7-groovy-2.0.jar:na]
	at org.spockframework.runtime.BaseSpecRunner.invokeSetup(BaseSpecRunner.java:279) [spock-core-0.7-groovy-2.0.jar:na]
	at org.spockframework.runtime.BaseSpecRunner.doRunIteration(BaseSpecRunner.java:255) [spock-core-0.7-groovy-2.0.jar:na]
	at sun.reflect.GeneratedMethodAccessor5.invoke(Unknown Source) ~[na:na]
	at sun.reflect.DelegatingMethodAccessorImpl.invoke(DelegatingMethodAccessorImpl.java:25) ~[na:1.6.0_38]
	at java.lang.reflect.Method.invoke(Method.java:597) ~[na:1.6.0_38]
	at org.spockframework.util.ReflectionUtil.invokeMethod(ReflectionUtil.java:138) [spock-core-0.7-groovy-2.0.jar:na]
	at org.spockframework.runtime.BaseSpecRunner.invokeRaw(BaseSpecRunner.java:330) [spock-core-0.7-groovy-2.0.jar:na]
	at org.spockframework.runtime.BaseSpecRunner.invoke(BaseSpecRunner.java:311) [spock-core-0.7-groovy-2.0.jar:na]
	at org.spockframework.runtime.BaseSpecRunner.runIteration(BaseSpecRunner.java:223) [spock-core-0.7-groovy-2.0.jar:na]
	at org.spockframework.runtime.BaseSpecRunner.initializeAndRunIteration(BaseSpecRunner.java:214) [spock-core-0.7-groovy-2.0.jar:na]
	at org.spockframework.runtime.BaseSpecRunner.runSimpleFeature(BaseSpecRunner.java:205) [spock-core-0.7-groovy-2.0.jar:na]
	at org.spockframework.runtime.BaseSpecRunner.doRunFeature(BaseSpecRunner.java:199) [spock-core-0.7-groovy-2.0.jar:na]
	at sun.reflect.GeneratedMethodAccessor7.invoke(Unknown Source) ~[na:na]
	at sun.reflect.DelegatingMethodAccessorImpl.invoke(DelegatingMethodAccessorImpl.java:25) ~[na:1.6.0_38]
	at java.lang.reflect.Method.invoke(Method.java:597) ~[na:1.6.0_38]
	at org.spockframework.util.ReflectionUtil.invokeMethod(ReflectionUtil.java:138) [spock-core-0.7-groovy-2.0.jar:na]
	at org.spockframework.runtime.BaseSpecRunner.invokeRaw(BaseSpecRunner.java:330) [spock-core-0.7-groovy-2.0.jar:na]
	at org.spockframework.runtime.BaseSpecRunner.invoke(BaseSpecRunner.java:311) [spock-core-0.7-groovy-2.0.jar:na]
	at org.spockframework.runtime.BaseSpecRunner.runFeature(BaseSpecRunner.java:175) [spock-core-0.7-groovy-2.0.jar:na]
	at org.spockframework.runtime.BaseSpecRunner.runFeatures(BaseSpecRunner.java:152) [spock-core-0.7-groovy-2.0.jar:na]
	at org.spockframework.runtime.BaseSpecRunner.doRunSpec(BaseSpecRunner.java:112) [spock-core-0.7-groovy-2.0.jar:na]
	at sun.reflect.GeneratedMethodAccessor11.invoke(Unknown Source) ~[na:na]
	at sun.reflect.DelegatingMethodAccessorImpl.invoke(DelegatingMethodAccessorImpl.java:25) ~[na:1.6.0_38]
	at java.lang.reflect.Method.invoke(Method.java:597) ~[na:1.6.0_38]
	at org.spockframework.util.ReflectionUtil.invokeMethod(ReflectionUtil.java:138) [spock-core-0.7-groovy-2.0.jar:na]
	at org.spockframework.runtime.BaseSpecRunner.invokeRaw(BaseSpecRunner.java:330) [spock-core-0.7-groovy-2.0.jar:na]
	at org.spockframework.runtime.BaseSpecRunner.invoke(BaseSpecRunner.java:311) [spock-core-0.7-groovy-2.0.jar:na]
	at org.spockframework.runtime.BaseSpecRunner.runSpec(BaseSpecRunner.java:91) [spock-core-0.7-groovy-2.0.jar:na]
	at org.spockframework.runtime.BaseSpecRunner.run(BaseSpecRunner.java:82) [spock-core-0.7-groovy-2.0.jar:na]
	at org.spockframework.runtime.Sputnik.run(Sputnik.java:63) [spock-core-0.7-groovy-2.0.jar:na]
	at org.apache.maven.surefire.junit4.JUnit4TestSet.execute(JUnit4TestSet.java:53) [surefire-junit4-2.10.jar:2.10]
	at org.apache.maven.surefire.junit4.JUnit4Provider.executeTestSet(JUnit4Provider.java:123) [surefire-junit4-2.10.jar:2.10]
	at org.apache.maven.surefire.junit4.JUnit4Provider.invoke(JUnit4Provider.java:104) [surefire-junit4-2.10.jar:2.10]
	at sun.reflect.NativeMethodAccessorImpl.invoke0(Native Method) ~[na:1.6.0_38]
	at sun.reflect.NativeMethodAccessorImpl.invoke(NativeMethodAccessorImpl.java:39) ~[na:1.6.0_38]
	at sun.reflect.DelegatingMethodAccessorImpl.invoke(DelegatingMethodAccessorImpl.java:25) ~[na:1.6.0_38]
	at java.lang.reflect.Method.invoke(Method.java:597) ~[na:1.6.0_38]
	at org.apache.maven.surefire.util.ReflectionUtils.invokeMethodWithArray(ReflectionUtils.java:164) [surefire-api-2.10.jar:2.10]
	at org.apache.maven.surefire.booter.ProviderFactory$ProviderProxy.invoke(ProviderFactory.java:110) [surefire-booter-2.10.jar:2.10]
	at org.apache.maven.surefire.booter.SurefireStarter.invokeProvider(SurefireStarter.java:175) [surefire-booter-2.10.jar:2.10]
	at org.apache.maven.surefire.booter.SurefireStarter.runSuitesInProcessWhenForked(SurefireStarter.java:107) [surefire-booter-2.10.jar:2.10]
	at org.apache.maven.surefire.booter.ForkedBooter.main(ForkedBooter.java:68) [surefire-booter-2.10.jar:2.10]
22:05:53.795 [main] WARN  o.s.c.a.CommonAnnotationBeanPostProcessor - Invocation of destroy method failed on bean with name &apos;coreAccountUpdateSyncJob&apos;: com.rackspace.search.exception.NotFoundException: Index is missing
22:05:53.800 [main] ERROR c.r.s.e.client.ElasticSearchClient - Index is missing
org.elasticsearch.indices.IndexMissingException: [admin] missing
	at org.elasticsearch.cluster.metadata.MetaData.concreteIndex(MetaData.java:616) ~[elasticsearch-0.90.2.jar:na]
	at org.elasticsearch.action.get.TransportGetAction.resolveRequest(TransportGetAction.java:90) ~[elasticsearch-0.90.2.jar:na]
	at org.elasticsearch.action.get.TransportGetAction.resolveRequest(TransportGetAction.java:42) ~[elasticsearch-0.90.2.jar:na]
	at org.elasticsearch.action.support.single.shard.TransportShardSingleOperationAction$AsyncSingleAction.&lt;init&gt;(TransportShardSingleOperationAction.java:114) ~[elasticsearch-0.90.2.jar:na]
	at org.elasticsearch.action.support.single.shard.TransportShardSingleOperationAction$AsyncSingleAction.&lt;init&gt;(TransportShardSingleOperationAction.java:94) ~[elasticsearch-0.90.2.jar:na]
	at org.elasticsearch.action.support.single.shard.TransportShardSingleOperationAction.doExecute(TransportShardSingleOperationAction.java:71) ~[elasticsearch-0.90.2.jar:na]
	at org.elasticsearch.action.support.single.shard.TransportShardSingleOperationAction.doExecute(TransportShardSingleOperationAction.java:46) ~[elasticsearch-0.90.2.jar:na]
	at org.elasticsearch.action.support.TransportAction.execute(TransportAction.java:61) ~[elasticsearch-0.90.2.jar:na]
	at org.elasticsearch.client.node.NodeClient.execute(NodeClient.java:92) ~[elasticsearch-0.90.2.jar:na]
	at org.elasticsearch.client.support.AbstractClient.get(AbstractClient.java:179) ~[elasticsearch-0.90.2.jar:na]
	at org.elasticsearch.action.get.GetRequestBuilder.doExecute(GetRequestBuilder.java:112) ~[elasticsearch-0.90.2.jar:na]
	at org.elasticsearch.action.ActionRequestBuilder.execute(ActionRequestBuilder.java:62) ~[elasticsearch-0.90.2.jar:na]
	at org.elasticsearch.action.ActionRequestBuilder.execute(ActionRequestBuilder.java:57) ~[elasticsearch-0.90.2.jar:na]
	at org.elasticsearch.action.ActionRequestBuilder$execute.call(Unknown Source) ~[na:na]
	at com.rackspace.search.elasticsearch.client.ElasticSearchClient.getDocument(ElasticSearchClient.groovy:209) ~[classes/:na]
	at com.rackspace.search.elasticsearch.client.ElasticSearchClient$getDocument.call(Unknown Source) [classes/:na]
	at com.rackspace.search.service.JobService.getJob(JobService.groovy:56) [classes/:na]
	at com.rackspace.search.service.JobService$getJob$0.callCurrent(Unknown Source) [classes/:na]
	at com.rackspace.search.service.JobService.getJob(JobService.groovy:52) [classes/:na]
	at com.rackspace.search.service.JobService$getJob.call(Unknown Source) [classes/:na]
	at com.rackspace.search.service.core.CoreTicketSecondPassSyncJob.windupActivities(CoreTicketSecondPassSyncJob.groovy:83) [classes/:na]
	at sun.reflect.GeneratedMethodAccessor73.invoke(Unknown Source) ~[na:na]
	at sun.reflect.DelegatingMethodAccessorImpl.invoke(DelegatingMethodAccessorImpl.java:25) ~[na:1.6.0_38]
	at java.lang.reflect.Method.invoke(Method.java:597) ~[na:1.6.0_38]
	at org.springframework.beans.factory.annotation.InitDestroyAnnotationBeanPostProcessor$LifecycleElement.invoke(InitDestroyAnnotationBeanPostProcessor.java:340) [spring-beans-3.0.6.RELEASE.jar:3.0.6.RELEASE]
	at org.springframework.beans.factory.annotation.InitDestroyAnnotationBeanPostProcessor$LifecycleMetadata.invokeDestroyMethods(InitDestroyAnnotationBeanPostProcessor.java:305) [spring-beans-3.0.6.RELEASE.jar:3.0.6.RELEASE]
	at org.springframework.beans.factory.annotation.InitDestroyAnnotationBeanPostProcessor.postProcessBeforeDestruction(InitDestroyAnnotationBeanPostProcessor.java:148) [spring-beans-3.0.6.RELEASE.jar:3.0.6.RELEASE]
	at org.springframework.beans.factory.support.DisposableBeanAdapter.destroy(DisposableBeanAdapter.java:166) [spring-beans-3.0.6.RELEASE.jar:3.0.6.RELEASE]
	at org.springframework.beans.factory.support.DefaultSingletonBeanRegistry.destroyBean(DefaultSingletonBeanRegistry.java:487) [spring-beans-3.0.6.RELEASE.jar:3.0.6.RELEASE]
	at org.springframework.beans.factory.support.DefaultSingletonBeanRegistry.destroySingleton(DefaultSingletonBeanRegistry.java:463) [spring-beans-3.0.6.RELEASE.jar:3.0.6.RELEASE]
	at org.springframework.beans.factory.support.DefaultSingletonBeanRegistry.destroySingletons(DefaultSingletonBeanRegistry.java:431) [spring-beans-3.0.6.RELEASE.jar:3.0.6.RELEASE]
	at org.springframework.context.support.AbstractApplicationContext.destroyBeans(AbstractApplicationContext.java:1048) [spring-context-3.0.6.RELEASE.jar:3.0.6.RELEASE]
	at org.springframework.context.support.AbstractApplicationContext.refresh(AbstractApplicationContext.java:433) [spring-context-3.0.6.RELEASE.jar:3.0.6.RELEASE]
	at org.springframework.test.context.support.AbstractGenericContextLoader.loadContext(AbstractGenericContextLoader.java:84) [spring-test-3.0.6.RELEASE.jar:3.0.6.RELEASE]
	at org.springframework.test.context.support.AbstractGenericContextLoader.loadContext(AbstractGenericContextLoader.java:1) [spring-test-3.0.6.RELEASE.jar:3.0.6.RELEASE]
	at org.springframework.test.context.TestContext.loadApplicationContext(TestContext.java:280) [spring-test-3.0.6.RELEASE.jar:3.0.6.RELEASE]
	at org.springframework.test.context.TestContext.getApplicationContext(TestContext.java:304) [spring-test-3.0.6.RELEASE.jar:3.0.6.RELEASE]
	at org.springframework.test.context.support.DependencyInjectionTestExecutionListener.injectDependencies(DependencyInjectionTestExecutionListener.java:109) [spring-test-3.0.6.RELEASE.jar:3.0.6.RELEASE]
	at org.springframework.test.context.support.DependencyInjectionTestExecutionListener.prepareTestInstance(DependencyInjectionTestExecutionListener.java:75) [spring-test-3.0.6.RELEASE.jar:3.0.6.RELEASE]
	at org.springframework.test.context.TestContextManager.prepareTestInstance(TestContextManager.java:321) [spring-test-3.0.6.RELEASE.jar:3.0.6.RELEASE]
	at org.spockframework.spring.SpringTestContextManager.prepareTestInstance(SpringTestContextManager.java:49) [spock-spring-0.7-groovy-2.0.jar:na]
	at org.spockframework.spring.SpringInterceptor.interceptSetupMethod(SpringInterceptor.java:42) [spock-spring-0.7-groovy-2.0.jar:na]
	at org.spockframework.runtime.extension.AbstractMethodInterceptor.intercept(AbstractMethodInterceptor.java:28) [spock-core-0.7-groovy-2.0.jar:na]
	at org.spockframework.runtime.extension.MethodInvocation.proceed(MethodInvocation.java:84) [spock-core-0.7-groovy-2.0.jar:na]
	at org.spockframework.runtime.BaseSpecRunner.invoke(BaseSpecRunner.java:319) [spock-core-0.7-groovy-2.0.jar:na]
	at org.spockframework.runtime.BaseSpecRunner.invokeSetup(BaseSpecRunner.java:279) [spock-core-0.7-groovy-2.0.jar:na]
	at org.spockframework.runtime.BaseSpecRunner.doRunIteration(BaseSpecRunner.java:255) [spock-core-0.7-groovy-2.0.jar:na]
	at sun.reflect.GeneratedMethodAccessor5.invoke(Unknown Source) ~[na:na]
	at sun.reflect.DelegatingMethodAccessorImpl.invoke(DelegatingMethodAccessorImpl.java:25) ~[na:1.6.0_38]
	at java.lang.reflect.Method.invoke(Method.java:597) ~[na:1.6.0_38]
	at org.spockframework.util.ReflectionUtil.invokeMethod(ReflectionUtil.java:138) [spock-core-0.7-groovy-2.0.jar:na]
	at org.spockframework.runtime.BaseSpecRunner.invokeRaw(BaseSpecRunner.java:330) [spock-core-0.7-groovy-2.0.jar:na]
	at org.spockframework.runtime.BaseSpecRunner.invoke(BaseSpecRunner.java:311) [spock-core-0.7-groovy-2.0.jar:na]
	at org.spockframework.runtime.BaseSpecRunner.runIteration(BaseSpecRunner.java:223) [spock-core-0.7-groovy-2.0.jar:na]
	at org.spockframework.runtime.BaseSpecRunner.initializeAndRunIteration(BaseSpecRunner.java:214) [spock-core-0.7-groovy-2.0.jar:na]
	at org.spockframework.runtime.BaseSpecRunner.runSimpleFeature(BaseSpecRunner.java:205) [spock-core-0.7-groovy-2.0.jar:na]
	at org.spockframework.runtime.BaseSpecRunner.doRunFeature(BaseSpecRunner.java:199) [spock-core-0.7-groovy-2.0.jar:na]
	at sun.reflect.GeneratedMethodAccessor7.invoke(Unknown Source) ~[na:na]
	at sun.reflect.DelegatingMethodAccessorImpl.invoke(DelegatingMethodAccessorImpl.java:25) ~[na:1.6.0_38]
	at java.lang.reflect.Method.invoke(Method.java:597) ~[na:1.6.0_38]
	at org.spockframework.util.ReflectionUtil.invokeMethod(ReflectionUtil.java:138) [spock-core-0.7-groovy-2.0.jar:na]
	at org.spockframework.runtime.BaseSpecRunner.invokeRaw(BaseSpecRunner.java:330) [spock-core-0.7-groovy-2.0.jar:na]
	at org.spockframework.runtime.BaseSpecRunner.invoke(BaseSpecRunner.java:311) [spock-core-0.7-groovy-2.0.jar:na]
	at org.spockframework.runtime.BaseSpecRunner.runFeature(BaseSpecRunner.java:175) [spock-core-0.7-groovy-2.0.jar:na]
	at org.spockframework.runtime.BaseSpecRunner.runFeatures(BaseSpecRunner.java:152) [spock-core-0.7-groovy-2.0.jar:na]
	at org.spockframework.runtime.BaseSpecRunner.doRunSpec(BaseSpecRunner.java:112) [spock-core-0.7-groovy-2.0.jar:na]
	at sun.reflect.GeneratedMethodAccessor11.invoke(Unknown Source) ~[na:na]
	at sun.reflect.DelegatingMethodAccessorImpl.invoke(DelegatingMethodAccessorImpl.java:25) ~[na:1.6.0_38]
	at java.lang.reflect.Method.invoke(Method.java:597) ~[na:1.6.0_38]
	at org.spockframework.util.ReflectionUtil.invokeMethod(ReflectionUtil.java:138) [spock-core-0.7-groovy-2.0.jar:na]
	at org.spockframework.runtime.BaseSpecRunner.invokeRaw(BaseSpecRunner.java:330) [spock-core-0.7-groovy-2.0.jar:na]
	at org.spockframework.runtime.BaseSpecRunner.invoke(BaseSpecRunner.java:311) [spock-core-0.7-groovy-2.0.jar:na]
	at org.spockframework.runtime.BaseSpecRunner.runSpec(BaseSpecRunner.java:91) [spock-core-0.7-groovy-2.0.jar:na]
	at org.spockframework.runtime.BaseSpecRunner.run(BaseSpecRunner.java:82) [spock-core-0.7-groovy-2.0.jar:na]
	at org.spockframework.runtime.Sputnik.run(Sputnik.java:63) [spock-core-0.7-groovy-2.0.jar:na]
	at org.apache.maven.surefire.junit4.JUnit4TestSet.execute(JUnit4TestSet.java:53) [surefire-junit4-2.10.jar:2.10]
	at org.apache.maven.surefire.junit4.JUnit4Provider.executeTestSet(JUnit4Provider.java:123) [surefire-junit4-2.10.jar:2.10]
	at org.apache.maven.surefire.junit4.JUnit4Provider.invoke(JUnit4Provider.java:104) [surefire-junit4-2.10.jar:2.10]
	at sun.reflect.NativeMethodAccessorImpl.invoke0(Native Method) ~[na:1.6.0_38]
	at sun.reflect.NativeMethodAccessorImpl.invoke(NativeMethodAccessorImpl.java:39) ~[na:1.6.0_38]
	at sun.reflect.DelegatingMethodAccessorImpl.invoke(DelegatingMethodAccessorImpl.java:25) ~[na:1.6.0_38]
	at java.lang.reflect.Method.invoke(Method.java:597) ~[na:1.6.0_38]
	at org.apache.maven.surefire.util.ReflectionUtils.invokeMethodWithArray(ReflectionUtils.java:164) [surefire-api-2.10.jar:2.10]
	at org.apache.maven.surefire.booter.ProviderFactory$ProviderProxy.invoke(ProviderFactory.java:110) [surefire-booter-2.10.jar:2.10]
	at org.apache.maven.surefire.booter.SurefireStarter.invokeProvider(SurefireStarter.java:175) [surefire-booter-2.10.jar:2.10]
	at org.apache.maven.surefire.booter.SurefireStarter.runSuitesInProcessWhenForked(SurefireStarter.java:107) [surefire-booter-2.10.jar:2.10]
	at org.apache.maven.surefire.booter.ForkedBooter.main(ForkedBooter.java:68) [surefire-booter-2.10.jar:2.10]
22:05:53.801 [main] WARN  o.s.c.a.CommonAnnotationBeanPostProcessor - Invocation of destroy method failed on bean with name &apos;coreTicketSecondPassSyncJob&apos;: com.rackspace.search.exception.NotFoundException: Index is missing
22:05:53.806 [main] ERROR c.r.s.e.client.ElasticSearchClient - Index is missing
org.elasticsearch.indices.IndexMissingException: [admin] missing
	at org.elasticsearch.cluster.metadata.MetaData.concreteIndex(MetaData.java:616) ~[elasticsearch-0.90.2.jar:na]
	at org.elasticsearch.action.get.TransportGetAction.resolveRequest(TransportGetAction.java:90) ~[elasticsearch-0.90.2.jar:na]
	at org.elasticsearch.action.get.TransportGetAction.resolveRequest(TransportGetAction.java:42) ~[elasticsearch-0.90.2.jar:na]
	at org.elasticsearch.action.support.single.shard.TransportShardSingleOperationAction$AsyncSingleAction.&lt;init&gt;(TransportShardSingleOperationAction.java:114) ~[elasticsearch-0.90.2.jar:na]
	at org.elasticsearch.action.support.single.shard.TransportShardSingleOperationAction$AsyncSingleAction.&lt;init&gt;(TransportShardSingleOperationAction.java:94) ~[elasticsearch-0.90.2.jar:na]
	at org.elasticsearch.action.support.single.shard.TransportShardSingleOperationAction.doExecute(TransportShardSingleOperationAction.java:71) ~[elasticsearch-0.90.2.jar:na]
	at org.elasticsearch.action.support.single.shard.TransportShardSingleOperationAction.doExecute(TransportShardSingleOperationAction.java:46) ~[elasticsearch-0.90.2.jar:na]
	at org.elasticsearch.action.support.TransportAction.execute(TransportAction.java:61) ~[elasticsearch-0.90.2.jar:na]
	at org.elasticsearch.client.node.NodeClient.execute(NodeClient.java:92) ~[elasticsearch-0.90.2.jar:na]
	at org.elasticsearch.client.support.AbstractClient.get(AbstractClient.java:179) ~[elasticsearch-0.90.2.jar:na]
	at org.elasticsearch.action.get.GetRequestBuilder.doExecute(GetRequestBuilder.java:112) ~[elasticsearch-0.90.2.jar:na]
	at org.elasticsearch.action.ActionRequestBuilder.execute(ActionRequestBuilder.java:62) ~[elasticsearch-0.90.2.jar:na]
	at org.elasticsearch.action.ActionRequestBuilder.execute(ActionRequestBuilder.java:57) ~[elasticsearch-0.90.2.jar:na]
	at org.elasticsearch.action.ActionRequestBuilder$execute.call(Unknown Source) ~[na:na]
	at com.rackspace.search.elasticsearch.client.ElasticSearchClient.getDocument(ElasticSearchClient.groovy:209) ~[classes/:na]
	at com.rackspace.search.elasticsearch.client.ElasticSearchClient$getDocument.call(Unknown Source) [classes/:na]
	at com.rackspace.search.service.JobService.getJob(JobService.groovy:56) [classes/:na]
	at com.rackspace.search.service.JobService$getJob$0.callCurrent(Unknown Source) [classes/:na]
	at com.rackspace.search.service.JobService.getJob(JobService.groovy:52) [classes/:na]
	at com.rackspace.search.service.JobService$getJob.call(Unknown Source) [classes/:na]
	at com.rackspace.search.service.admin.CoreTicketOndemandSyncJob.windupActivities(CoreTicketOndemandSyncJob.groovy:91) [classes/:na]
	at sun.reflect.GeneratedMethodAccessor74.invoke(Unknown Source) ~[na:na]
	at sun.reflect.DelegatingMethodAccessorImpl.invoke(DelegatingMethodAccessorImpl.java:25) ~[na:1.6.0_38]
	at java.lang.reflect.Method.invoke(Method.java:597) ~[na:1.6.0_38]
	at org.springframework.beans.factory.annotation.InitDestroyAnnotationBeanPostProcessor$LifecycleElement.invoke(InitDestroyAnnotationBeanPostProcessor.java:340) [spring-beans-3.0.6.RELEASE.jar:3.0.6.RELEASE]
	at org.springframework.beans.factory.annotation.InitDestroyAnnotationBeanPostProcessor$LifecycleMetadata.invokeDestroyMethods(InitDestroyAnnotationBeanPostProcessor.java:305) [spring-beans-3.0.6.RELEASE.jar:3.0.6.RELEASE]
	at org.springframework.beans.factory.annotation.InitDestroyAnnotationBeanPostProcessor.postProcessBeforeDestruction(InitDestroyAnnotationBeanPostProcessor.java:148) [spring-beans-3.0.6.RELEASE.jar:3.0.6.RELEASE]
	at org.springframework.beans.factory.support.DisposableBeanAdapter.destroy(DisposableBeanAdapter.java:166) [spring-beans-3.0.6.RELEASE.jar:3.0.6.RELEASE]
	at org.springframework.beans.factory.support.DefaultSingletonBeanRegistry.destroyBean(DefaultSingletonBeanRegistry.java:487) [spring-beans-3.0.6.RELEASE.jar:3.0.6.RELEASE]
	at org.springframework.beans.factory.support.DefaultSingletonBeanRegistry.destroySingleton(DefaultSingletonBeanRegistry.java:463) [spring-beans-3.0.6.RELEASE.jar:3.0.6.RELEASE]
	at org.springframework.beans.factory.support.DefaultSingletonBeanRegistry.destroySingletons(DefaultSingletonBeanRegistry.java:431) [spring-beans-3.0.6.RELEASE.jar:3.0.6.RELEASE]
	at org.springframework.context.support.AbstractApplicationContext.destroyBeans(AbstractApplicationContext.java:1048) [spring-context-3.0.6.RELEASE.jar:3.0.6.RELEASE]
	at org.springframework.context.support.AbstractApplicationContext.refresh(AbstractApplicationContext.java:433) [spring-context-3.0.6.RELEASE.jar:3.0.6.RELEASE]
	at org.springframework.test.context.support.AbstractGenericContextLoader.loadContext(AbstractGenericContextLoader.java:84) [spring-test-3.0.6.RELEASE.jar:3.0.6.RELEASE]
	at org.springframework.test.context.support.AbstractGenericContextLoader.loadContext(AbstractGenericContextLoader.java:1) [spring-test-3.0.6.RELEASE.jar:3.0.6.RELEASE]
	at org.springframework.test.context.TestContext.loadApplicationContext(TestContext.java:280) [spring-test-3.0.6.RELEASE.jar:3.0.6.RELEASE]
	at org.springframework.test.context.TestContext.getApplicationContext(TestContext.java:304) [spring-test-3.0.6.RELEASE.jar:3.0.6.RELEASE]
	at org.springframework.test.context.support.DependencyInjectionTestExecutionListener.injectDependencies(DependencyInjectionTestExecutionListener.java:109) [spring-test-3.0.6.RELEASE.jar:3.0.6.RELEASE]
	at org.springframework.test.context.support.DependencyInjectionTestExecutionListener.prepareTestInstance(DependencyInjectionTestExecutionListener.java:75) [spring-test-3.0.6.RELEASE.jar:3.0.6.RELEASE]
	at org.springframework.test.context.TestContextManager.prepareTestInstance(TestContextManager.java:321) [spring-test-3.0.6.RELEASE.jar:3.0.6.RELEASE]
	at org.spockframework.spring.SpringTestContextManager.prepareTestInstance(SpringTestContextManager.java:49) [spock-spring-0.7-groovy-2.0.jar:na]
	at org.spockframework.spring.SpringInterceptor.interceptSetupMethod(SpringInterceptor.java:42) [spock-spring-0.7-groovy-2.0.jar:na]
	at org.spockframework.runtime.extension.AbstractMethodInterceptor.intercept(AbstractMethodInterceptor.java:28) [spock-core-0.7-groovy-2.0.jar:na]
	at org.spockframework.runtime.extension.MethodInvocation.proceed(MethodInvocation.java:84) [spock-core-0.7-groovy-2.0.jar:na]
	at org.spockframework.runtime.BaseSpecRunner.invoke(BaseSpecRunner.java:319) [spock-core-0.7-groovy-2.0.jar:na]
	at org.spockframework.runtime.BaseSpecRunner.invokeSetup(BaseSpecRunner.java:279) [spock-core-0.7-groovy-2.0.jar:na]
	at org.spockframework.runtime.BaseSpecRunner.doRunIteration(BaseSpecRunner.java:255) [spock-core-0.7-groovy-2.0.jar:na]
	at sun.reflect.GeneratedMethodAccessor5.invoke(Unknown Source) ~[na:na]
	at sun.reflect.DelegatingMethodAccessorImpl.invoke(DelegatingMethodAccessorImpl.java:25) ~[na:1.6.0_38]
	at java.lang.reflect.Method.invoke(Method.java:597) ~[na:1.6.0_38]
	at org.spockframework.util.ReflectionUtil.invokeMethod(ReflectionUtil.java:138) [spock-core-0.7-groovy-2.0.jar:na]
	at org.spockframework.runtime.BaseSpecRunner.invokeRaw(BaseSpecRunner.java:330) [spock-core-0.7-groovy-2.0.jar:na]
	at org.spockframework.runtime.BaseSpecRunner.invoke(BaseSpecRunner.java:311) [spock-core-0.7-groovy-2.0.jar:na]
	at org.spockframework.runtime.BaseSpecRunner.runIteration(BaseSpecRunner.java:223) [spock-core-0.7-groovy-2.0.jar:na]
	at org.spockframework.runtime.BaseSpecRunner.initializeAndRunIteration(BaseSpecRunner.java:214) [spock-core-0.7-groovy-2.0.jar:na]
	at org.spockframework.runtime.BaseSpecRunner.runSimpleFeature(BaseSpecRunner.java:205) [spock-core-0.7-groovy-2.0.jar:na]
	at org.spockframework.runtime.BaseSpecRunner.doRunFeature(BaseSpecRunner.java:199) [spock-core-0.7-groovy-2.0.jar:na]
	at sun.reflect.GeneratedMethodAccessor7.invoke(Unknown Source) ~[na:na]
	at sun.reflect.DelegatingMethodAccessorImpl.invoke(DelegatingMethodAccessorImpl.java:25) ~[na:1.6.0_38]
	at java.lang.reflect.Method.invoke(Method.java:597) ~[na:1.6.0_38]
	at org.spockframework.util.ReflectionUtil.invokeMethod(ReflectionUtil.java:138) [spock-core-0.7-groovy-2.0.jar:na]
	at org.spockframework.runtime.BaseSpecRunner.invokeRaw(BaseSpecRunner.java:330) [spock-core-0.7-groovy-2.0.jar:na]
	at org.spockframework.runtime.BaseSpecRunner.invoke(BaseSpecRunner.java:311) [spock-core-0.7-groovy-2.0.jar:na]
	at org.spockframework.runtime.BaseSpecRunner.runFeature(BaseSpecRunner.java:175) [spock-core-0.7-groovy-2.0.jar:na]
	at org.spockframework.runtime.BaseSpecRunner.runFeatures(BaseSpecRunner.java:152) [spock-core-0.7-groovy-2.0.jar:na]
	at org.spockframework.runtime.BaseSpecRunner.doRunSpec(BaseSpecRunner.java:112) [spock-core-0.7-groovy-2.0.jar:na]
	at sun.reflect.GeneratedMethodAccessor11.invoke(Unknown Source) ~[na:na]
	at sun.reflect.DelegatingMethodAccessorImpl.invoke(DelegatingMethodAccessorImpl.java:25) ~[na:1.6.0_38]
	at java.lang.reflect.Method.invoke(Method.java:597) ~[na:1.6.0_38]
	at org.spockframework.util.ReflectionUtil.invokeMethod(ReflectionUtil.java:138) [spock-core-0.7-groovy-2.0.jar:na]
	at org.spockframework.runtime.BaseSpecRunner.invokeRaw(BaseSpecRunner.java:330) [spock-core-0.7-groovy-2.0.jar:na]
	at org.spockframework.runtime.BaseSpecRunner.invoke(BaseSpecRunner.java:311) [spock-core-0.7-groovy-2.0.jar:na]
	at org.spockframework.runtime.BaseSpecRunner.runSpec(BaseSpecRunner.java:91) [spock-core-0.7-groovy-2.0.jar:na]
	at org.spockframework.runtime.BaseSpecRunner.run(BaseSpecRunner.java:82) [spock-core-0.7-groovy-2.0.jar:na]
	at org.spockframework.runtime.Sputnik.run(Sputnik.java:63) [spock-core-0.7-groovy-2.0.jar:na]
	at org.apache.maven.surefire.junit4.JUnit4TestSet.execute(JUnit4TestSet.java:53) [surefire-junit4-2.10.jar:2.10]
	at org.apache.maven.surefire.junit4.JUnit4Provider.executeTestSet(JUnit4Provider.java:123) [surefire-junit4-2.10.jar:2.10]
	at org.apache.maven.surefire.junit4.JUnit4Provider.invoke(JUnit4Provider.java:104) [surefire-junit4-2.10.jar:2.10]
	at sun.reflect.NativeMethodAccessorImpl.invoke0(Native Method) ~[na:1.6.0_38]
	at sun.reflect.NativeMethodAccessorImpl.invoke(NativeMethodAccessorImpl.java:39) ~[na:1.6.0_38]
	at sun.reflect.DelegatingMethodAccessorImpl.invoke(DelegatingMethodAccessorImpl.java:25) ~[na:1.6.0_38]
	at java.lang.reflect.Method.invoke(Method.java:597) ~[na:1.6.0_38]
	at org.apache.maven.surefire.util.ReflectionUtils.invokeMethodWithArray(ReflectionUtils.java:164) [surefire-api-2.10.jar:2.10]
	at org.apache.maven.surefire.booter.ProviderFactory$ProviderProxy.invoke(ProviderFactory.java:110) [surefire-booter-2.10.jar:2.10]
	at org.apache.maven.surefire.booter.SurefireStarter.invokeProvider(SurefireStarter.java:175) [surefire-booter-2.10.jar:2.10]
	at org.apache.maven.surefire.booter.SurefireStarter.runSuitesInProcessWhenForked(SurefireStarter.java:107) [surefire-booter-2.10.jar:2.10]
	at org.apache.maven.surefire.booter.ForkedBooter.main(ForkedBooter.java:68) [surefire-booter-2.10.jar:2.10]
22:05:53.807 [main] WARN  o.s.c.a.CommonAnnotationBeanPostProcessor - Invocation of destroy method failed on bean with name &apos;coreTicketOndemandSyncJob&apos;: com.rackspace.search.exception.NotFoundException: Index is missing
22:05:53.812 [main] ERROR c.r.s.e.client.ElasticSearchClient - Index is missing
org.elasticsearch.indices.IndexMissingException: [admin] missing
	at org.elasticsearch.cluster.metadata.MetaData.concreteIndex(MetaData.java:616) ~[elasticsearch-0.90.2.jar:na]
	at org.elasticsearch.action.get.TransportGetAction.resolveRequest(TransportGetAction.java:90) ~[elasticsearch-0.90.2.jar:na]
	at org.elasticsearch.action.get.TransportGetAction.resolveRequest(TransportGetAction.java:42) ~[elasticsearch-0.90.2.jar:na]
	at org.elasticsearch.action.support.single.shard.TransportShardSingleOperationAction$AsyncSingleAction.&lt;init&gt;(TransportShardSingleOperationAction.java:114) ~[elasticsearch-0.90.2.jar:na]
	at org.elasticsearch.action.support.single.shard.TransportShardSingleOperationAction$AsyncSingleAction.&lt;init&gt;(TransportShardSingleOperationAction.java:94) ~[elasticsearch-0.90.2.jar:na]
	at org.elasticsearch.action.support.single.shard.TransportShardSingleOperationAction.doExecute(TransportShardSingleOperationAction.java:71) ~[elasticsearch-0.90.2.jar:na]
	at org.elasticsearch.action.support.single.shard.TransportShardSingleOperationAction.doExecute(TransportShardSingleOperationAction.java:46) ~[elasticsearch-0.90.2.jar:na]
	at org.elasticsearch.action.support.TransportAction.execute(TransportAction.java:61) ~[elasticsearch-0.90.2.jar:na]
	at org.elasticsearch.client.node.NodeClient.execute(NodeClient.java:92) ~[elasticsearch-0.90.2.jar:na]
	at org.elasticsearch.client.support.AbstractClient.get(AbstractClient.java:179) ~[elasticsearch-0.90.2.jar:na]
	at org.elasticsearch.action.get.GetRequestBuilder.doExecute(GetRequestBuilder.java:112) ~[elasticsearch-0.90.2.jar:na]
	at org.elasticsearch.action.ActionRequestBuilder.execute(ActionRequestBuilder.java:62) ~[elasticsearch-0.90.2.jar:na]
	at org.elasticsearch.action.ActionRequestBuilder.execute(ActionRequestBuilder.java:57) ~[elasticsearch-0.90.2.jar:na]
	at org.elasticsearch.action.ActionRequestBuilder$execute.call(Unknown Source) ~[na:na]
	at com.rackspace.search.elasticsearch.client.ElasticSearchClient.getDocument(ElasticSearchClient.groovy:209) ~[classes/:na]
	at com.rackspace.search.elasticsearch.client.ElasticSearchClient$getDocument.call(Unknown Source) [classes/:na]
	at com.rackspace.search.service.JobService.getJob(JobService.groovy:56) [classes/:na]
	at com.rackspace.search.service.JobService$getJob$0.callCurrent(Unknown Source) [classes/:na]
	at com.rackspace.search.service.JobService.getJob(JobService.groovy:52) [classes/:na]
	at com.rackspace.search.service.JobService$getJob.call(Unknown Source) [classes/:na]
	at com.rackspace.search.service.account.AccountOngoingSyncJob.windupActivities(AccountOngoingSyncJob.groovy:89) [classes/:na]
	at sun.reflect.GeneratedMethodAccessor75.invoke(Unknown Source) ~[na:na]
	at sun.reflect.DelegatingMethodAccessorImpl.invoke(DelegatingMethodAccessorImpl.java:25) ~[na:1.6.0_38]
	at java.lang.reflect.Method.invoke(Method.java:597) ~[na:1.6.0_38]
	at org.springframework.beans.factory.annotation.InitDestroyAnnotationBeanPostProcessor$LifecycleElement.invoke(InitDestroyAnnotationBeanPostProcessor.java:340) [spring-beans-3.0.6.RELEASE.jar:3.0.6.RELEASE]
	at org.springframework.beans.factory.annotation.InitDestroyAnnotationBeanPostProcessor$LifecycleMetadata.invokeDestroyMethods(InitDestroyAnnotationBeanPostProcessor.java:305) [spring-beans-3.0.6.RELEASE.jar:3.0.6.RELEASE]
	at org.springframework.beans.factory.annotation.InitDestroyAnnotationBeanPostProcessor.postProcessBeforeDestruction(InitDestroyAnnotationBeanPostProcessor.java:148) [spring-beans-3.0.6.RELEASE.jar:3.0.6.RELEASE]
	at org.springframework.beans.factory.support.DisposableBeanAdapter.destroy(DisposableBeanAdapter.java:166) [spring-beans-3.0.6.RELEASE.jar:3.0.6.RELEASE]
	at org.springframework.beans.factory.support.DefaultSingletonBeanRegistry.destroyBean(DefaultSingletonBeanRegistry.java:487) [spring-beans-3.0.6.RELEASE.jar:3.0.6.RELEASE]
	at org.springframework.beans.factory.support.DefaultSingletonBeanRegistry.destroySingleton(DefaultSingletonBeanRegistry.java:463) [spring-beans-3.0.6.RELEASE.jar:3.0.6.RELEASE]
	at org.springframework.beans.factory.support.DefaultSingletonBeanRegistry.destroySingletons(DefaultSingletonBeanRegistry.java:431) [spring-beans-3.0.6.RELEASE.jar:3.0.6.RELEASE]
	at org.springframework.context.support.AbstractApplicationContext.destroyBeans(AbstractApplicationContext.java:1048) [spring-context-3.0.6.RELEASE.jar:3.0.6.RELEASE]
	at org.springframework.context.support.AbstractApplicationContext.refresh(AbstractApplicationContext.java:433) [spring-context-3.0.6.RELEASE.jar:3.0.6.RELEASE]
	at org.springframework.test.context.support.AbstractGenericContextLoader.loadContext(AbstractGenericContextLoader.java:84) [spring-test-3.0.6.RELEASE.jar:3.0.6.RELEASE]
	at org.springframework.test.context.support.AbstractGenericContextLoader.loadContext(AbstractGenericContextLoader.java:1) [spring-test-3.0.6.RELEASE.jar:3.0.6.RELEASE]
	at org.springframework.test.context.TestContext.loadApplicationContext(TestContext.java:280) [spring-test-3.0.6.RELEASE.jar:3.0.6.RELEASE]
	at org.springframework.test.context.TestContext.getApplicationContext(TestContext.java:304) [spring-test-3.0.6.RELEASE.jar:3.0.6.RELEASE]
	at org.springframework.test.context.support.DependencyInjectionTestExecutionListener.injectDependencies(DependencyInjectionTestExecutionListener.java:109) [spring-test-3.0.6.RELEASE.jar:3.0.6.RELEASE]
	at org.springframework.test.context.support.DependencyInjectionTestExecutionListener.prepareTestInstance(DependencyInjectionTestExecutionListener.java:75) [spring-test-3.0.6.RELEASE.jar:3.0.6.RELEASE]
	at org.springframework.test.context.TestContextManager.prepareTestInstance(TestContextManager.java:321) [spring-test-3.0.6.RELEASE.jar:3.0.6.RELEASE]
	at org.spockframework.spring.SpringTestContextManager.prepareTestInstance(SpringTestContextManager.java:49) [spock-spring-0.7-groovy-2.0.jar:na]
	at org.spockframework.spring.SpringInterceptor.interceptSetupMethod(SpringInterceptor.java:42) [spock-spring-0.7-groovy-2.0.jar:na]
	at org.spockframework.runtime.extension.AbstractMethodInterceptor.intercept(AbstractMethodInterceptor.java:28) [spock-core-0.7-groovy-2.0.jar:na]
	at org.spockframework.runtime.extension.MethodInvocation.proceed(MethodInvocation.java:84) [spock-core-0.7-groovy-2.0.jar:na]
	at org.spockframework.runtime.BaseSpecRunner.invoke(BaseSpecRunner.java:319) [spock-core-0.7-groovy-2.0.jar:na]
	at org.spockframework.runtime.BaseSpecRunner.invokeSetup(BaseSpecRunner.java:279) [spock-core-0.7-groovy-2.0.jar:na]
	at org.spockframework.runtime.BaseSpecRunner.doRunIteration(BaseSpecRunner.java:255) [spock-core-0.7-groovy-2.0.jar:na]
	at sun.reflect.GeneratedMethodAccessor5.invoke(Unknown Source) ~[na:na]
	at sun.reflect.DelegatingMethodAccessorImpl.invoke(DelegatingMethodAccessorImpl.java:25) ~[na:1.6.0_38]
	at java.lang.reflect.Method.invoke(Method.java:597) ~[na:1.6.0_38]
	at org.spockframework.util.ReflectionUtil.invokeMethod(ReflectionUtil.java:138) [spock-core-0.7-groovy-2.0.jar:na]
	at org.spockframework.runtime.BaseSpecRunner.invokeRaw(BaseSpecRunner.java:330) [spock-core-0.7-groovy-2.0.jar:na]
	at org.spockframework.runtime.BaseSpecRunner.invoke(BaseSpecRunner.java:311) [spock-core-0.7-groovy-2.0.jar:na]
	at org.spockframework.runtime.BaseSpecRunner.runIteration(BaseSpecRunner.java:223) [spock-core-0.7-groovy-2.0.jar:na]
	at org.spockframework.runtime.BaseSpecRunner.initializeAndRunIteration(BaseSpecRunner.java:214) [spock-core-0.7-groovy-2.0.jar:na]
	at org.spockframework.runtime.BaseSpecRunner.runSimpleFeature(BaseSpecRunner.java:205) [spock-core-0.7-groovy-2.0.jar:na]
	at org.spockframework.runtime.BaseSpecRunner.doRunFeature(BaseSpecRunner.java:199) [spock-core-0.7-groovy-2.0.jar:na]
	at sun.reflect.GeneratedMethodAccessor7.invoke(Unknown Source) ~[na:na]
	at sun.reflect.DelegatingMethodAccessorImpl.invoke(DelegatingMethodAccessorImpl.java:25) ~[na:1.6.0_38]
	at java.lang.reflect.Method.invoke(Method.java:597) ~[na:1.6.0_38]
	at org.spockframework.util.ReflectionUtil.invokeMethod(ReflectionUtil.java:138) [spock-core-0.7-groovy-2.0.jar:na]
	at org.spockframework.runtime.BaseSpecRunner.invokeRaw(BaseSpecRunner.java:330) [spock-core-0.7-groovy-2.0.jar:na]
	at org.spockframework.runtime.BaseSpecRunner.invoke(BaseSpecRunner.java:311) [spock-core-0.7-groovy-2.0.jar:na]
	at org.spockframework.runtime.BaseSpecRunner.runFeature(BaseSpecRunner.java:175) [spock-core-0.7-groovy-2.0.jar:na]
	at org.spockframework.runtime.BaseSpecRunner.runFeatures(BaseSpecRunner.java:152) [spock-core-0.7-groovy-2.0.jar:na]
	at org.spockframework.runtime.BaseSpecRunner.doRunSpec(BaseSpecRunner.java:112) [spock-core-0.7-groovy-2.0.jar:na]
	at sun.reflect.GeneratedMethodAccessor11.invoke(Unknown Source) ~[na:na]
	at sun.reflect.DelegatingMethodAccessorImpl.invoke(DelegatingMethodAccessorImpl.java:25) ~[na:1.6.0_38]
	at java.lang.reflect.Method.invoke(Method.java:597) ~[na:1.6.0_38]
	at org.spockframework.util.ReflectionUtil.invokeMethod(ReflectionUtil.java:138) [spock-core-0.7-groovy-2.0.jar:na]
	at org.spockframework.runtime.BaseSpecRunner.invokeRaw(BaseSpecRunner.java:330) [spock-core-0.7-groovy-2.0.jar:na]
	at org.spockframework.runtime.BaseSpecRunner.invoke(BaseSpecRunner.java:311) [spock-core-0.7-groovy-2.0.jar:na]
	at org.spockframework.runtime.BaseSpecRunner.runSpec(BaseSpecRunner.java:91) [spock-core-0.7-groovy-2.0.jar:na]
	at org.spockframework.runtime.BaseSpecRunner.run(BaseSpecRunner.java:82) [spock-core-0.7-groovy-2.0.jar:na]
	at org.spockframework.runtime.Sputnik.run(Sputnik.java:63) [spock-core-0.7-groovy-2.0.jar:na]
	at org.apache.maven.surefire.junit4.JUnit4TestSet.execute(JUnit4TestSet.java:53) [surefire-junit4-2.10.jar:2.10]
	at org.apache.maven.surefire.junit4.JUnit4Provider.executeTestSet(JUnit4Provider.java:123) [surefire-junit4-2.10.jar:2.10]
	at org.apache.maven.surefire.junit4.JUnit4Provider.invoke(JUnit4Provider.java:104) [surefire-junit4-2.10.jar:2.10]
	at sun.reflect.NativeMethodAccessorImpl.invoke0(Native Method) ~[na:1.6.0_38]
	at sun.reflect.NativeMethodAccessorImpl.invoke(NativeMethodAccessorImpl.java:39) ~[na:1.6.0_38]
	at sun.reflect.DelegatingMethodAccessorImpl.invoke(DelegatingMethodAccessorImpl.java:25) ~[na:1.6.0_38]
	at java.lang.reflect.Method.invoke(Method.java:597) ~[na:1.6.0_38]
	at org.apache.maven.surefire.util.ReflectionUtils.invokeMethodWithArray(ReflectionUtils.java:164) [surefire-api-2.10.jar:2.10]
	at org.apache.maven.surefire.booter.ProviderFactory$ProviderProxy.invoke(ProviderFactory.java:110) [surefire-booter-2.10.jar:2.10]
	at org.apache.maven.surefire.booter.SurefireStarter.invokeProvider(SurefireStarter.java:175) [surefire-booter-2.10.jar:2.10]
	at org.apache.maven.surefire.booter.SurefireStarter.runSuitesInProcessWhenForked(SurefireStarter.java:107) [surefire-booter-2.10.jar:2.10]
	at org.apache.maven.surefire.booter.ForkedBooter.main(ForkedBooter.java:68) [surefire-booter-2.10.jar:2.10]
22:05:53.813 [main] WARN  o.s.c.a.CommonAnnotationBeanPostProcessor - Invocation of destroy method failed on bean with name &apos;accountOngoingSyncJob&apos;: com.rackspace.search.exception.NotFoundException: Index is missing
22:05:53.817 [main] ERROR c.r.s.e.client.ElasticSearchClient - Index is missing
org.elasticsearch.indices.IndexMissingException: [admin] missing
	at org.elasticsearch.cluster.metadata.MetaData.concreteIndex(MetaData.java:616) ~[elasticsearch-0.90.2.jar:na]
	at org.elasticsearch.action.get.TransportGetAction.resolveRequest(TransportGetAction.java:90) ~[elasticsearch-0.90.2.jar:na]
	at org.elasticsearch.action.get.TransportGetAction.resolveRequest(TransportGetAction.java:42) ~[elasticsearch-0.90.2.jar:na]
	at org.elasticsearch.action.support.single.shard.TransportShardSingleOperationAction$AsyncSingleAction.&lt;init&gt;(TransportShardSingleOperationAction.java:114) ~[elasticsearch-0.90.2.jar:na]
	at org.elasticsearch.action.support.single.shard.TransportShardSingleOperationAction$AsyncSingleAction.&lt;init&gt;(TransportShardSingleOperationAction.java:94) ~[elasticsearch-0.90.2.jar:na]
	at org.elasticsearch.action.support.single.shard.TransportShardSingleOperationAction.doExecute(TransportShardSingleOperationAction.java:71) ~[elasticsearch-0.90.2.jar:na]
	at org.elasticsearch.action.support.single.shard.TransportShardSingleOperationAction.doExecute(TransportShardSingleOperationAction.java:46) ~[elasticsearch-0.90.2.jar:na]
	at org.elasticsearch.action.support.TransportAction.execute(TransportAction.java:61) ~[elasticsearch-0.90.2.jar:na]
	at org.elasticsearch.client.node.NodeClient.execute(NodeClient.java:92) ~[elasticsearch-0.90.2.jar:na]
	at org.elasticsearch.client.support.AbstractClient.get(AbstractClient.java:179) ~[elasticsearch-0.90.2.jar:na]
	at org.elasticsearch.action.get.GetRequestBuilder.doExecute(GetRequestBuilder.java:112) ~[elasticsearch-0.90.2.jar:na]
	at org.elasticsearch.action.ActionRequestBuilder.execute(ActionRequestBuilder.java:62) ~[elasticsearch-0.90.2.jar:na]
	at org.elasticsearch.action.ActionRequestBuilder.execute(ActionRequestBuilder.java:57) ~[elasticsearch-0.90.2.jar:na]
	at org.elasticsearch.action.ActionRequestBuilder$execute.call(Unknown Source) ~[na:na]
	at com.rackspace.search.elasticsearch.client.ElasticSearchClient.getDocument(ElasticSearchClient.groovy:209) ~[classes/:na]
	at com.rackspace.search.elasticsearch.client.ElasticSearchClient$getDocument.call(Unknown Source) [classes/:na]
	at com.rackspace.search.service.JobService.getJob(JobService.groovy:56) [classes/:na]
	at com.rackspace.search.service.JobService$getJob$0.callCurrent(Unknown Source) [classes/:na]
	at com.rackspace.search.service.JobService.getJob(JobService.groovy:52) [classes/:na]
	at com.rackspace.search.service.JobService$getJob.call(Unknown Source) [classes/:na]
	at com.rackspace.search.service.account.AccountOnetimeSyncJob.windupActivities(AccountOneTimeSyncJob.groovy:39) [classes/:na]
	at sun.reflect.GeneratedMethodAccessor76.invoke(Unknown Source) ~[na:na]
	at sun.reflect.DelegatingMethodAccessorImpl.invoke(DelegatingMethodAccessorImpl.java:25) ~[na:1.6.0_38]
	at java.lang.reflect.Method.invoke(Method.java:597) ~[na:1.6.0_38]
	at org.springframework.beans.factory.annotation.InitDestroyAnnotationBeanPostProcessor$LifecycleElement.invoke(InitDestroyAnnotationBeanPostProcessor.java:340) [spring-beans-3.0.6.RELEASE.jar:3.0.6.RELEASE]
	at org.springframework.beans.factory.annotation.InitDestroyAnnotationBeanPostProcessor$LifecycleMetadata.invokeDestroyMethods(InitDestroyAnnotationBeanPostProcessor.java:305) [spring-beans-3.0.6.RELEASE.jar:3.0.6.RELEASE]
	at org.springframework.beans.factory.annotation.InitDestroyAnnotationBeanPostProcessor.postProcessBeforeDestruction(InitDestroyAnnotationBeanPostProcessor.java:148) [spring-beans-3.0.6.RELEASE.jar:3.0.6.RELEASE]
	at org.springframework.beans.factory.support.DisposableBeanAdapter.destroy(DisposableBeanAdapter.java:166) [spring-beans-3.0.6.RELEASE.jar:3.0.6.RELEASE]
	at org.springframework.beans.factory.support.DefaultSingletonBeanRegistry.destroyBean(DefaultSingletonBeanRegistry.java:487) [spring-beans-3.0.6.RELEASE.jar:3.0.6.RELEASE]
	at org.springframework.beans.factory.support.DefaultSingletonBeanRegistry.destroySingleton(DefaultSingletonBeanRegistry.java:463) [spring-beans-3.0.6.RELEASE.jar:3.0.6.RELEASE]
	at org.springframework.beans.factory.support.DefaultSingletonBeanRegistry.destroySingletons(DefaultSingletonBeanRegistry.java:431) [spring-beans-3.0.6.RELEASE.jar:3.0.6.RELEASE]
	at org.springframework.context.support.AbstractApplicationContext.destroyBeans(AbstractApplicationContext.java:1048) [spring-context-3.0.6.RELEASE.jar:3.0.6.RELEASE]
	at org.springframework.context.support.AbstractApplicationContext.refresh(AbstractApplicationContext.java:433) [spring-context-3.0.6.RELEASE.jar:3.0.6.RELEASE]
	at org.springframework.test.context.support.AbstractGenericContextLoader.loadContext(AbstractGenericContextLoader.java:84) [spring-test-3.0.6.RELEASE.jar:3.0.6.RELEASE]
	at org.springframework.test.context.support.AbstractGenericContextLoader.loadContext(AbstractGenericContextLoader.java:1) [spring-test-3.0.6.RELEASE.jar:3.0.6.RELEASE]
	at org.springframework.test.context.TestContext.loadApplicationContext(TestContext.java:280) [spring-test-3.0.6.RELEASE.jar:3.0.6.RELEASE]
	at org.springframework.test.context.TestContext.getApplicationContext(TestContext.java:304) [spring-test-3.0.6.RELEASE.jar:3.0.6.RELEASE]
	at org.springframework.test.context.support.DependencyInjectionTestExecutionListener.injectDependencies(DependencyInjectionTestExecutionListener.java:109) [spring-test-3.0.6.RELEASE.jar:3.0.6.RELEASE]
	at org.springframework.test.context.support.DependencyInjectionTestExecutionListener.prepareTestInstance(DependencyInjectionTestExecutionListener.java:75) [spring-test-3.0.6.RELEASE.jar:3.0.6.RELEASE]
	at org.springframework.test.context.TestContextManager.prepareTestInstance(TestContextManager.java:321) [spring-test-3.0.6.RELEASE.jar:3.0.6.RELEASE]
	at org.spockframework.spring.SpringTestContextManager.prepareTestInstance(SpringTestContextManager.java:49) [spock-spring-0.7-groovy-2.0.jar:na]
	at org.spockframework.spring.SpringInterceptor.interceptSetupMethod(SpringInterceptor.java:42) [spock-spring-0.7-groovy-2.0.jar:na]
	at org.spockframework.runtime.extension.AbstractMethodInterceptor.intercept(AbstractMethodInterceptor.java:28) [spock-core-0.7-groovy-2.0.jar:na]
	at org.spockframework.runtime.extension.MethodInvocation.proceed(MethodInvocation.java:84) [spock-core-0.7-groovy-2.0.jar:na]
	at org.spockframework.runtime.BaseSpecRunner.invoke(BaseSpecRunner.java:319) [spock-core-0.7-groovy-2.0.jar:na]
	at org.spockframework.runtime.BaseSpecRunner.invokeSetup(BaseSpecRunner.java:279) [spock-core-0.7-groovy-2.0.jar:na]
	at org.spockframework.runtime.BaseSpecRunner.doRunIteration(BaseSpecRunner.java:255) [spock-core-0.7-groovy-2.0.jar:na]
	at sun.reflect.GeneratedMethodAccessor5.invoke(Unknown Source) ~[na:na]
	at sun.reflect.DelegatingMethodAccessorImpl.invoke(DelegatingMethodAccessorImpl.java:25) ~[na:1.6.0_38]
	at java.lang.reflect.Method.invoke(Method.java:597) ~[na:1.6.0_38]
	at org.spockframework.util.ReflectionUtil.invokeMethod(ReflectionUtil.java:138) [spock-core-0.7-groovy-2.0.jar:na]
	at org.spockframework.runtime.BaseSpecRunner.invokeRaw(BaseSpecRunner.java:330) [spock-core-0.7-groovy-2.0.jar:na]
	at org.spockframework.runtime.BaseSpecRunner.invoke(BaseSpecRunner.java:311) [spock-core-0.7-groovy-2.0.jar:na]
	at org.spockframework.runtime.BaseSpecRunner.runIteration(BaseSpecRunner.java:223) [spock-core-0.7-groovy-2.0.jar:na]
	at org.spockframework.runtime.BaseSpecRunner.initializeAndRunIteration(BaseSpecRunner.java:214) [spock-core-0.7-groovy-2.0.jar:na]
	at org.spockframework.runtime.BaseSpecRunner.runSimpleFeature(BaseSpecRunner.java:205) [spock-core-0.7-groovy-2.0.jar:na]
	at org.spockframework.runtime.BaseSpecRunner.doRunFeature(BaseSpecRunner.java:199) [spock-core-0.7-groovy-2.0.jar:na]
	at sun.reflect.GeneratedMethodAccessor7.invoke(Unknown Source) ~[na:na]
	at sun.reflect.DelegatingMethodAccessorImpl.invoke(DelegatingMethodAccessorImpl.java:25) ~[na:1.6.0_38]
	at java.lang.reflect.Method.invoke(Method.java:597) ~[na:1.6.0_38]
	at org.spockframework.util.ReflectionUtil.invokeMethod(ReflectionUtil.java:138) [spock-core-0.7-groovy-2.0.jar:na]
	at org.spockframework.runtime.BaseSpecRunner.invokeRaw(BaseSpecRunner.java:330) [spock-core-0.7-groovy-2.0.jar:na]
	at org.spockframework.runtime.BaseSpecRunner.invoke(BaseSpecRunner.java:311) [spock-core-0.7-groovy-2.0.jar:na]
	at org.spockframework.runtime.BaseSpecRunner.runFeature(BaseSpecRunner.java:175) [spock-core-0.7-groovy-2.0.jar:na]
	at org.spockframework.runtime.BaseSpecRunner.runFeatures(BaseSpecRunner.java:152) [spock-core-0.7-groovy-2.0.jar:na]
	at org.spockframework.runtime.BaseSpecRunner.doRunSpec(BaseSpecRunner.java:112) [spock-core-0.7-groovy-2.0.jar:na]
	at sun.reflect.GeneratedMethodAccessor11.invoke(Unknown Source) ~[na:na]
	at sun.reflect.DelegatingMethodAccessorImpl.invoke(DelegatingMethodAccessorImpl.java:25) ~[na:1.6.0_38]
	at java.lang.reflect.Method.invoke(Method.java:597) ~[na:1.6.0_38]
	at org.spockframework.util.ReflectionUtil.invokeMethod(ReflectionUtil.java:138) [spock-core-0.7-groovy-2.0.jar:na]
	at org.spockframework.runtime.BaseSpecRunner.invokeRaw(BaseSpecRunner.java:330) [spock-core-0.7-groovy-2.0.jar:na]
	at org.spockframework.runtime.BaseSpecRunner.invoke(BaseSpecRunner.java:311) [spock-core-0.7-groovy-2.0.jar:na]
	at org.spockframework.runtime.BaseSpecRunner.runSpec(BaseSpecRunner.java:91) [spock-core-0.7-groovy-2.0.jar:na]
	at org.spockframework.runtime.BaseSpecRunner.run(BaseSpecRunner.java:82) [spock-core-0.7-groovy-2.0.jar:na]
	at org.spockframework.runtime.Sputnik.run(Sputnik.java:63) [spock-core-0.7-groovy-2.0.jar:na]
	at org.apache.maven.surefire.junit4.JUnit4TestSet.execute(JUnit4TestSet.java:53) [surefire-junit4-2.10.jar:2.10]
	at org.apache.maven.surefire.junit4.JUnit4Provider.executeTestSet(JUnit4Provider.java:123) [surefire-junit4-2.10.jar:2.10]
	at org.apache.maven.surefire.junit4.JUnit4Provider.invoke(JUnit4Provider.java:104) [surefire-junit4-2.10.jar:2.10]
	at sun.reflect.NativeMethodAccessorImpl.invoke0(Native Method) ~[na:1.6.0_38]
	at sun.reflect.NativeMethodAccessorImpl.invoke(NativeMethodAccessorImpl.java:39) ~[na:1.6.0_38]
	at sun.reflect.DelegatingMethodAccessorImpl.invoke(DelegatingMethodAccessorImpl.java:25) ~[na:1.6.0_38]
	at java.lang.reflect.Method.invoke(Method.java:597) ~[na:1.6.0_38]
	at org.apache.maven.surefire.util.ReflectionUtils.invokeMethodWithArray(ReflectionUtils.java:164) [surefire-api-2.10.jar:2.10]
	at org.apache.maven.surefire.booter.ProviderFactory$ProviderProxy.invoke(ProviderFactory.java:110) [surefire-booter-2.10.jar:2.10]
	at org.apache.maven.surefire.booter.SurefireStarter.invokeProvider(SurefireStarter.java:175) [surefire-booter-2.10.jar:2.10]
	at org.apache.maven.surefire.booter.SurefireStarter.runSuitesInProcessWhenForked(SurefireStarter.java:107) [surefire-booter-2.10.jar:2.10]
	at org.apache.maven.surefire.booter.ForkedBooter.main(ForkedBooter.java:68) [surefire-booter-2.10.jar:2.10]
22:05:53.818 [main] WARN  o.s.c.a.CommonAnnotationBeanPostProcessor - Invocation of destroy method failed on bean with name &apos;accountOnetimeSyncJob&apos;: com.rackspace.search.exception.NotFoundException: Index is missing
22:05:53.879 [main] ERROR c.r.s.e.client.ElasticSearchClient - Index is missing
org.elasticsearch.indices.IndexMissingException: [admin] missing
	at org.elasticsearch.cluster.metadata.MetaData.concreteIndex(MetaData.java:616) ~[elasticsearch-0.90.2.jar:na]
	at org.elasticsearch.action.get.TransportGetAction.resolveRequest(TransportGetAction.java:90) ~[elasticsearch-0.90.2.jar:na]
	at org.elasticsearch.action.get.TransportGetAction.resolveRequest(TransportGetAction.java:42) ~[elasticsearch-0.90.2.jar:na]
	at org.elasticsearch.action.support.single.shard.TransportShardSingleOperationAction$AsyncSingleAction.&lt;init&gt;(TransportShardSingleOperationAction.java:114) ~[elasticsearch-0.90.2.jar:na]
	at org.elasticsearch.action.support.single.shard.TransportShardSingleOperationAction$AsyncSingleAction.&lt;init&gt;(TransportShardSingleOperationAction.java:94) ~[elasticsearch-0.90.2.jar:na]
	at org.elasticsearch.action.support.single.shard.TransportShardSingleOperationAction.doExecute(TransportShardSingleOperationAction.java:71) ~[elasticsearch-0.90.2.jar:na]
	at org.elasticsearch.action.support.single.shard.TransportShardSingleOperationAction.doExecute(TransportShardSingleOperationAction.java:46) ~[elasticsearch-0.90.2.jar:na]
	at org.elasticsearch.action.support.TransportAction.execute(TransportAction.java:61) ~[elasticsearch-0.90.2.jar:na]
	at org.elasticsearch.client.node.NodeClient.execute(NodeClient.java:92) ~[elasticsearch-0.90.2.jar:na]
	at org.elasticsearch.client.support.AbstractClient.get(AbstractClient.java:179) ~[elasticsearch-0.90.2.jar:na]
	at org.elasticsearch.action.get.GetRequestBuilder.doExecute(GetRequestBuilder.java:112) ~[elasticsearch-0.90.2.jar:na]
	at org.elasticsearch.action.ActionRequestBuilder.execute(ActionRequestBuilder.java:62) ~[elasticsearch-0.90.2.jar:na]
	at org.elasticsearch.action.ActionRequestBuilder.execute(ActionRequestBuilder.java:57) ~[elasticsearch-0.90.2.jar:na]
	at org.elasticsearch.action.ActionRequestBuilder$execute.call(Unknown Source) ~[na:na]
	at com.rackspace.search.elasticsearch.client.ElasticSearchClient.getDocument(ElasticSearchClient.groovy:209) ~[classes/:na]
	at com.rackspace.search.elasticsearch.client.ElasticSearchClient$getDocument.call(Unknown Source) [classes/:na]
	at com.rackspace.search.service.JobService.getJob(JobService.groovy:56) [classes/:na]
	at com.rackspace.search.service.JobService$getJob$0.callCurrent(Unknown Source) [classes/:na]
	at com.rackspace.search.service.JobService.getJob(JobService.groovy:52) [classes/:na]
	at com.rackspace.search.service.JobService$getJob.call(Unknown Source) [classes/:na]
	at com.rackspace.search.service.core.CoreTicketOngoingSyncJob.windupActivities(CoreTicketOnGoingSyncJob.groovy:82) [classes/:na]
	at sun.reflect.GeneratedMethodAccessor77.invoke(Unknown Source) ~[na:na]
	at sun.reflect.DelegatingMethodAccessorImpl.invoke(DelegatingMethodAccessorImpl.java:25) ~[na:1.6.0_38]
	at java.lang.reflect.Method.invoke(Method.java:597) ~[na:1.6.0_38]
	at org.springframework.beans.factory.annotation.InitDestroyAnnotationBeanPostProcessor$LifecycleElement.invoke(InitDestroyAnnotationBeanPostProcessor.java:340) [spring-beans-3.0.6.RELEASE.jar:3.0.6.RELEASE]
	at org.springframework.beans.factory.annotation.InitDestroyAnnotationBeanPostProcessor$LifecycleMetadata.invokeDestroyMethods(InitDestroyAnnotationBeanPostProcessor.java:305) [spring-beans-3.0.6.RELEASE.jar:3.0.6.RELEASE]
	at org.springframework.beans.factory.annotation.InitDestroyAnnotationBeanPostProcessor.postProcessBeforeDestruction(InitDestroyAnnotationBeanPostProcessor.java:148) [spring-beans-3.0.6.RELEASE.jar:3.0.6.RELEASE]
	at org.springframework.beans.factory.support.DisposableBeanAdapter.destroy(DisposableBeanAdapter.java:166) [spring-beans-3.0.6.RELEASE.jar:3.0.6.RELEASE]
	at org.springframework.beans.factory.support.DefaultSingletonBeanRegistry.destroyBean(DefaultSingletonBeanRegistry.java:487) [spring-beans-3.0.6.RELEASE.jar:3.0.6.RELEASE]
	at org.springframework.beans.factory.support.DefaultSingletonBeanRegistry.destroySingleton(DefaultSingletonBeanRegistry.java:463) [spring-beans-3.0.6.RELEASE.jar:3.0.6.RELEASE]
	at org.springframework.beans.factory.support.DefaultSingletonBeanRegistry.destroySingletons(DefaultSingletonBeanRegistry.java:431) [spring-beans-3.0.6.RELEASE.jar:3.0.6.RELEASE]
	at org.springframework.context.support.AbstractApplicationContext.destroyBeans(AbstractApplicationContext.java:1048) [spring-context-3.0.6.RELEASE.jar:3.0.6.RELEASE]
	at org.springframework.context.support.AbstractApplicationContext.refresh(AbstractApplicationContext.java:433) [spring-context-3.0.6.RELEASE.jar:3.0.6.RELEASE]
	at org.springframework.test.context.support.AbstractGenericContextLoader.loadContext(AbstractGenericContextLoader.java:84) [spring-test-3.0.6.RELEASE.jar:3.0.6.RELEASE]
	at org.springframework.test.context.support.AbstractGenericContextLoader.loadContext(AbstractGenericContextLoader.java:1) [spring-test-3.0.6.RELEASE.jar:3.0.6.RELEASE]
	at org.springframework.test.context.TestContext.loadApplicationContext(TestContext.java:280) [spring-test-3.0.6.RELEASE.jar:3.0.6.RELEASE]
	at org.springframework.test.context.TestContext.getApplicationContext(TestContext.java:304) [spring-test-3.0.6.RELEASE.jar:3.0.6.RELEASE]
	at org.springframework.test.context.support.DependencyInjectionTestExecutionListener.injectDependencies(DependencyInjectionTestExecutionListener.java:109) [spring-test-3.0.6.RELEASE.jar:3.0.6.RELEASE]
	at org.springframework.test.context.support.DependencyInjectionTestExecutionListener.prepareTestInstance(DependencyInjectionTestExecutionListener.java:75) [spring-test-3.0.6.RELEASE.jar:3.0.6.RELEASE]
	at org.springframework.test.context.TestContextManager.prepareTestInstance(TestContextManager.java:321) [spring-test-3.0.6.RELEASE.jar:3.0.6.RELEASE]
	at org.spockframework.spring.SpringTestContextManager.prepareTestInstance(SpringTestContextManager.java:49) [spock-spring-0.7-groovy-2.0.jar:na]
	at org.spockframework.spring.SpringInterceptor.interceptSetupMethod(SpringInterceptor.java:42) [spock-spring-0.7-groovy-2.0.jar:na]
	at org.spockframework.runtime.extension.AbstractMethodInterceptor.intercept(AbstractMethodInterceptor.java:28) [spock-core-0.7-groovy-2.0.jar:na]
	at org.spockframework.runtime.extension.MethodInvocation.proceed(MethodInvocation.java:84) [spock-core-0.7-groovy-2.0.jar:na]
	at org.spockframework.runtime.BaseSpecRunner.invoke(BaseSpecRunner.java:319) [spock-core-0.7-groovy-2.0.jar:na]
	at org.spockframework.runtime.BaseSpecRunner.invokeSetup(BaseSpecRunner.java:279) [spock-core-0.7-groovy-2.0.jar:na]
	at org.spockframework.runtime.BaseSpecRunner.doRunIteration(BaseSpecRunner.java:255) [spock-core-0.7-groovy-2.0.jar:na]
	at sun.reflect.GeneratedMethodAccessor5.invoke(Unknown Source) ~[na:na]
	at sun.reflect.DelegatingMethodAccessorImpl.invoke(DelegatingMethodAccessorImpl.java:25) ~[na:1.6.0_38]
	at java.lang.reflect.Method.invoke(Method.java:597) ~[na:1.6.0_38]
	at org.spockframework.util.ReflectionUtil.invokeMethod(ReflectionUtil.java:138) [spock-core-0.7-groovy-2.0.jar:na]
	at org.spockframework.runtime.BaseSpecRunner.invokeRaw(BaseSpecRunner.java:330) [spock-core-0.7-groovy-2.0.jar:na]
	at org.spockframework.runtime.BaseSpecRunner.invoke(BaseSpecRunner.java:311) [spock-core-0.7-groovy-2.0.jar:na]
	at org.spockframework.runtime.BaseSpecRunner.runIteration(BaseSpecRunner.java:223) [spock-core-0.7-groovy-2.0.jar:na]
	at org.spockframework.runtime.BaseSpecRunner.initializeAndRunIteration(BaseSpecRunner.java:214) [spock-core-0.7-groovy-2.0.jar:na]
	at org.spockframework.runtime.BaseSpecRunner.runSimpleFeature(BaseSpecRunner.java:205) [spock-core-0.7-groovy-2.0.jar:na]
	at org.spockframework.runtime.BaseSpecRunner.doRunFeature(BaseSpecRunner.java:199) [spock-core-0.7-groovy-2.0.jar:na]
	at sun.reflect.GeneratedMethodAccessor7.invoke(Unknown Source) ~[na:na]
	at sun.reflect.DelegatingMethodAccessorImpl.invoke(DelegatingMethodAccessorImpl.java:25) ~[na:1.6.0_38]
	at java.lang.reflect.Method.invoke(Method.java:597) ~[na:1.6.0_38]
	at org.spockframework.util.ReflectionUtil.invokeMethod(ReflectionUtil.java:138) [spock-core-0.7-groovy-2.0.jar:na]
	at org.spockframework.runtime.BaseSpecRunner.invokeRaw(BaseSpecRunner.java:330) [spock-core-0.7-groovy-2.0.jar:na]
	at org.spockframework.runtime.BaseSpecRunner.invoke(BaseSpecRunner.java:311) [spock-core-0.7-groovy-2.0.jar:na]
	at org.spockframework.runtime.BaseSpecRunner.runFeature(BaseSpecRunner.java:175) [spock-core-0.7-groovy-2.0.jar:na]
	at org.spockframework.runtime.BaseSpecRunner.runFeatures(BaseSpecRunner.java:152) [spock-core-0.7-groovy-2.0.jar:na]
	at org.spockframework.runtime.BaseSpecRunner.doRunSpec(BaseSpecRunner.java:112) [spock-core-0.7-groovy-2.0.jar:na]
	at sun.reflect.GeneratedMethodAccessor11.invoke(Unknown Source) ~[na:na]
	at sun.reflect.DelegatingMethodAccessorImpl.invoke(DelegatingMethodAccessorImpl.java:25) ~[na:1.6.0_38]
	at java.lang.reflect.Method.invoke(Method.java:597) ~[na:1.6.0_38]
	at org.spockframework.util.ReflectionUtil.invokeMethod(ReflectionUtil.java:138) [spock-core-0.7-groovy-2.0.jar:na]
	at org.spockframework.runtime.BaseSpecRunner.invokeRaw(BaseSpecRunner.java:330) [spock-core-0.7-groovy-2.0.jar:na]
	at org.spockframework.runtime.BaseSpecRunner.invoke(BaseSpecRunner.java:311) [spock-core-0.7-groovy-2.0.jar:na]
	at org.spockframework.runtime.BaseSpecRunner.runSpec(BaseSpecRunner.java:91) [spock-core-0.7-groovy-2.0.jar:na]
	at org.spockframework.runtime.BaseSpecRunner.run(BaseSpecRunner.java:82) [spock-core-0.7-groovy-2.0.jar:na]
	at org.spockframework.runtime.Sputnik.run(Sputnik.java:63) [spock-core-0.7-groovy-2.0.jar:na]
	at org.apache.maven.surefire.junit4.JUnit4TestSet.execute(JUnit4TestSet.java:53) [surefire-junit4-2.10.jar:2.10]
	at org.apache.maven.surefire.junit4.JUnit4Provider.executeTestSet(JUnit4Provider.java:123) [surefire-junit4-2.10.jar:2.10]
	at org.apache.maven.surefire.junit4.JUnit4Provider.invoke(JUnit4Provider.java:104) [surefire-junit4-2.10.jar:2.10]
	at sun.reflect.NativeMethodAccessorImpl.invoke0(Native Method) ~[na:1.6.0_38]
	at sun.reflect.NativeMethodAccessorImpl.invoke(NativeMethodAccessorImpl.java:39) ~[na:1.6.0_38]
	at sun.reflect.DelegatingMethodAccessorImpl.invoke(DelegatingMethodAccessorImpl.java:25) ~[na:1.6.0_38]
	at java.lang.reflect.Method.invoke(Method.java:597) ~[na:1.6.0_38]
	at org.apache.maven.surefire.util.ReflectionUtils.invokeMethodWithArray(ReflectionUtils.java:164) [surefire-api-2.10.jar:2.10]
	at org.apache.maven.surefire.booter.ProviderFactory$ProviderProxy.invoke(ProviderFactory.java:110) [surefire-booter-2.10.jar:2.10]
	at org.apache.maven.surefire.booter.SurefireStarter.invokeProvider(SurefireStarter.java:175) [surefire-booter-2.10.jar:2.10]
	at org.apache.maven.surefire.booter.SurefireStarter.runSuitesInProcessWhenForked(SurefireStarter.java:107) [surefire-booter-2.10.jar:2.10]
	at org.apache.maven.surefire.booter.ForkedBooter.main(ForkedBooter.java:68) [surefire-booter-2.10.jar:2.10]
22:05:53.880 [main] WARN  o.s.c.a.CommonAnnotationBeanPostProcessor - Invocation of destroy method failed on bean with name &apos;coreTicketOngoingSyncJob&apos;: com.rackspace.search.exception.NotFoundException: Index is missing
22:05:53.886 [main] ERROR c.r.s.e.client.ElasticSearchClient - Index is missing
org.elasticsearch.indices.IndexMissingException: [admin] missing
	at org.elasticsearch.cluster.metadata.MetaData.concreteIndex(MetaData.java:616) ~[elasticsearch-0.90.2.jar:na]
	at org.elasticsearch.action.get.TransportGetAction.resolveRequest(TransportGetAction.java:90) ~[elasticsearch-0.90.2.jar:na]
	at org.elasticsearch.action.get.TransportGetAction.resolveRequest(TransportGetAction.java:42) ~[elasticsearch-0.90.2.jar:na]
	at org.elasticsearch.action.support.single.shard.TransportShardSingleOperationAction$AsyncSingleAction.&lt;init&gt;(TransportShardSingleOperationAction.java:114) ~[elasticsearch-0.90.2.jar:na]
	at org.elasticsearch.action.support.single.shard.TransportShardSingleOperationAction$AsyncSingleAction.&lt;init&gt;(TransportShardSingleOperationAction.java:94) ~[elasticsearch-0.90.2.jar:na]
	at org.elasticsearch.action.support.single.shard.TransportShardSingleOperationAction.doExecute(TransportShardSingleOperationAction.java:71) ~[elasticsearch-0.90.2.jar:na]
	at org.elasticsearch.action.support.single.shard.TransportShardSingleOperationAction.doExecute(TransportShardSingleOperationAction.java:46) ~[elasticsearch-0.90.2.jar:na]
	at org.elasticsearch.action.support.TransportAction.execute(TransportAction.java:61) ~[elasticsearch-0.90.2.jar:na]
	at org.elasticsearch.client.node.NodeClient.execute(NodeClient.java:92) ~[elasticsearch-0.90.2.jar:na]
	at org.elasticsearch.client.support.AbstractClient.get(AbstractClient.java:179) ~[elasticsearch-0.90.2.jar:na]
	at org.elasticsearch.action.get.GetRequestBuilder.doExecute(GetRequestBuilder.java:112) ~[elasticsearch-0.90.2.jar:na]
	at org.elasticsearch.action.ActionRequestBuilder.execute(ActionRequestBuilder.java:62) ~[elasticsearch-0.90.2.jar:na]
	at org.elasticsearch.action.ActionRequestBuilder.execute(ActionRequestBuilder.java:57) ~[elasticsearch-0.90.2.jar:na]
	at org.elasticsearch.action.ActionRequestBuilder$execute.call(Unknown Source) ~[na:na]
	at com.rackspace.search.elasticsearch.client.ElasticSearchClient.getDocument(ElasticSearchClient.groovy:209) ~[classes/:na]
	at com.rackspace.search.elasticsearch.client.ElasticSearchClient$getDocument.call(Unknown Source) [classes/:na]
	at com.rackspace.search.service.JobService.getJob(JobService.groovy:56) [classes/:na]
	at com.rackspace.search.service.JobService$getJob$0.callCurrent(Unknown Source) [classes/:na]
	at com.rackspace.search.service.JobService.getJob(JobService.groovy:52) [classes/:na]
	at com.rackspace.search.service.JobService$getJob.call(Unknown Source) [classes/:na]
	at com.rackspace.search.service.core.CoreTicketOnetimeSyncJob.windupActivities(CoreTicketOneTimeSyncJob.groovy:45) [classes/:na]
	at sun.reflect.GeneratedMethodAccessor78.invoke(Unknown Source) ~[na:na]
	at sun.reflect.DelegatingMethodAccessorImpl.invoke(DelegatingMethodAccessorImpl.java:25) ~[na:1.6.0_38]
	at java.lang.reflect.Method.invoke(Method.java:597) ~[na:1.6.0_38]
	at org.springframework.beans.factory.annotation.InitDestroyAnnotationBeanPostProcessor$LifecycleElement.invoke(InitDestroyAnnotationBeanPostProcessor.java:340) [spring-beans-3.0.6.RELEASE.jar:3.0.6.RELEASE]
	at org.springframework.beans.factory.annotation.InitDestroyAnnotationBeanPostProcessor$LifecycleMetadata.invokeDestroyMethods(InitDestroyAnnotationBeanPostProcessor.java:305) [spring-beans-3.0.6.RELEASE.jar:3.0.6.RELEASE]
	at org.springframework.beans.factory.annotation.InitDestroyAnnotationBeanPostProcessor.postProcessBeforeDestruction(InitDestroyAnnotationBeanPostProcessor.java:148) [spring-beans-3.0.6.RELEASE.jar:3.0.6.RELEASE]
	at org.springframework.beans.factory.support.DisposableBeanAdapter.destroy(DisposableBeanAdapter.java:166) [spring-beans-3.0.6.RELEASE.jar:3.0.6.RELEASE]
	at org.springframework.beans.factory.support.DefaultSingletonBeanRegistry.destroyBean(DefaultSingletonBeanRegistry.java:487) [spring-beans-3.0.6.RELEASE.jar:3.0.6.RELEASE]
	at org.springframework.beans.factory.support.DefaultSingletonBeanRegistry.destroySingleton(DefaultSingletonBeanRegistry.java:463) [spring-beans-3.0.6.RELEASE.jar:3.0.6.RELEASE]
	at org.springframework.beans.factory.support.DefaultSingletonBeanRegistry.destroySingletons(DefaultSingletonBeanRegistry.java:431) [spring-beans-3.0.6.RELEASE.jar:3.0.6.RELEASE]
	at org.springframework.context.support.AbstractApplicationContext.destroyBeans(AbstractApplicationContext.java:1048) [spring-context-3.0.6.RELEASE.jar:3.0.6.RELEASE]
	at org.springframework.context.support.AbstractApplicationContext.refresh(AbstractApplicationContext.java:433) [spring-context-3.0.6.RELEASE.jar:3.0.6.RELEASE]
	at org.springframework.test.context.support.AbstractGenericContextLoader.loadContext(AbstractGenericContextLoader.java:84) [spring-test-3.0.6.RELEASE.jar:3.0.6.RELEASE]
	at org.springframework.test.context.support.AbstractGenericContextLoader.loadContext(AbstractGenericContextLoader.java:1) [spring-test-3.0.6.RELEASE.jar:3.0.6.RELEASE]
	at org.springframework.test.context.TestContext.loadApplicationContext(TestContext.java:280) [spring-test-3.0.6.RELEASE.jar:3.0.6.RELEASE]
	at org.springframework.test.context.TestContext.getApplicationContext(TestContext.java:304) [spring-test-3.0.6.RELEASE.jar:3.0.6.RELEASE]
	at org.springframework.test.context.support.DependencyInjectionTestExecutionListener.injectDependencies(DependencyInjectionTestExecutionListener.java:109) [spring-test-3.0.6.RELEASE.jar:3.0.6.RELEASE]
	at org.springframework.test.context.support.DependencyInjectionTestExecutionListener.prepareTestInstance(DependencyInjectionTestExecutionListener.java:75) [spring-test-3.0.6.RELEASE.jar:3.0.6.RELEASE]
	at org.springframework.test.context.TestContextManager.prepareTestInstance(TestContextManager.java:321) [spring-test-3.0.6.RELEASE.jar:3.0.6.RELEASE]
	at org.spockframework.spring.SpringTestContextManager.prepareTestInstance(SpringTestContextManager.java:49) [spock-spring-0.7-groovy-2.0.jar:na]
	at org.spockframework.spring.SpringInterceptor.interceptSetupMethod(SpringInterceptor.java:42) [spock-spring-0.7-groovy-2.0.jar:na]
	at org.spockframework.runtime.extension.AbstractMethodInterceptor.intercept(AbstractMethodInterceptor.java:28) [spock-core-0.7-groovy-2.0.jar:na]
	at org.spockframework.runtime.extension.MethodInvocation.proceed(MethodInvocation.java:84) [spock-core-0.7-groovy-2.0.jar:na]
	at org.spockframework.runtime.BaseSpecRunner.invoke(BaseSpecRunner.java:319) [spock-core-0.7-groovy-2.0.jar:na]
	at org.spockframework.runtime.BaseSpecRunner.invokeSetup(BaseSpecRunner.java:279) [spock-core-0.7-groovy-2.0.jar:na]
	at org.spockframework.runtime.BaseSpecRunner.doRunIteration(BaseSpecRunner.java:255) [spock-core-0.7-groovy-2.0.jar:na]
	at sun.reflect.GeneratedMethodAccessor5.invoke(Unknown Source) ~[na:na]
	at sun.reflect.DelegatingMethodAccessorImpl.invoke(DelegatingMethodAccessorImpl.java:25) ~[na:1.6.0_38]
	at java.lang.reflect.Method.invoke(Method.java:597) ~[na:1.6.0_38]
	at org.spockframework.util.ReflectionUtil.invokeMethod(ReflectionUtil.java:138) [spock-core-0.7-groovy-2.0.jar:na]
	at org.spockframework.runtime.BaseSpecRunner.invokeRaw(BaseSpecRunner.java:330) [spock-core-0.7-groovy-2.0.jar:na]
	at org.spockframework.runtime.BaseSpecRunner.invoke(BaseSpecRunner.java:311) [spock-core-0.7-groovy-2.0.jar:na]
	at org.spockframework.runtime.BaseSpecRunner.runIteration(BaseSpecRunner.java:223) [spock-core-0.7-groovy-2.0.jar:na]
	at org.spockframework.runtime.BaseSpecRunner.initializeAndRunIteration(BaseSpecRunner.java:214) [spock-core-0.7-groovy-2.0.jar:na]
	at org.spockframework.runtime.BaseSpecRunner.runSimpleFeature(BaseSpecRunner.java:205) [spock-core-0.7-groovy-2.0.jar:na]
	at org.spockframework.runtime.BaseSpecRunner.doRunFeature(BaseSpecRunner.java:199) [spock-core-0.7-groovy-2.0.jar:na]
	at sun.reflect.GeneratedMethodAccessor7.invoke(Unknown Source) ~[na:na]
	at sun.reflect.DelegatingMethodAccessorImpl.invoke(DelegatingMethodAccessorImpl.java:25) ~[na:1.6.0_38]
	at java.lang.reflect.Method.invoke(Method.java:597) ~[na:1.6.0_38]
	at org.spockframework.util.ReflectionUtil.invokeMethod(ReflectionUtil.java:138) [spock-core-0.7-groovy-2.0.jar:na]
	at org.spockframework.runtime.BaseSpecRunner.invokeRaw(BaseSpecRunner.java:330) [spock-core-0.7-groovy-2.0.jar:na]
	at org.spockframework.runtime.BaseSpecRunner.invoke(BaseSpecRunner.java:311) [spock-core-0.7-groovy-2.0.jar:na]
	at org.spockframework.runtime.BaseSpecRunner.runFeature(BaseSpecRunner.java:175) [spock-core-0.7-groovy-2.0.jar:na]
	at org.spockframework.runtime.BaseSpecRunner.runFeatures(BaseSpecRunner.java:152) [spock-core-0.7-groovy-2.0.jar:na]
	at org.spockframework.runtime.BaseSpecRunner.doRunSpec(BaseSpecRunner.java:112) [spock-core-0.7-groovy-2.0.jar:na]
	at sun.reflect.GeneratedMethodAccessor11.invoke(Unknown Source) ~[na:na]
	at sun.reflect.DelegatingMethodAccessorImpl.invoke(DelegatingMethodAccessorImpl.java:25) ~[na:1.6.0_38]
	at java.lang.reflect.Method.invoke(Method.java:597) ~[na:1.6.0_38]
	at org.spockframework.util.ReflectionUtil.invokeMethod(ReflectionUtil.java:138) [spock-core-0.7-groovy-2.0.jar:na]
	at org.spockframework.runtime.BaseSpecRunner.invokeRaw(BaseSpecRunner.java:330) [spock-core-0.7-groovy-2.0.jar:na]
	at org.spockframework.runtime.BaseSpecRunner.invoke(BaseSpecRunner.java:311) [spock-core-0.7-groovy-2.0.jar:na]
	at org.spockframework.runtime.BaseSpecRunner.runSpec(BaseSpecRunner.java:91) [spock-core-0.7-groovy-2.0.jar:na]
	at org.spockframework.runtime.BaseSpecRunner.run(BaseSpecRunner.java:82) [spock-core-0.7-groovy-2.0.jar:na]
	at org.spockframework.runtime.Sputnik.run(Sputnik.java:63) [spock-core-0.7-groovy-2.0.jar:na]
	at org.apache.maven.surefire.junit4.JUnit4TestSet.execute(JUnit4TestSet.java:53) [surefire-junit4-2.10.jar:2.10]
	at org.apache.maven.surefire.junit4.JUnit4Provider.executeTestSet(JUnit4Provider.java:123) [surefire-junit4-2.10.jar:2.10]
	at org.apache.maven.surefire.junit4.JUnit4Provider.invoke(JUnit4Provider.java:104) [surefire-junit4-2.10.jar:2.10]
	at sun.reflect.NativeMethodAccessorImpl.invoke0(Native Method) ~[na:1.6.0_38]
	at sun.reflect.NativeMethodAccessorImpl.invoke(NativeMethodAccessorImpl.java:39) ~[na:1.6.0_38]
	at sun.reflect.DelegatingMethodAccessorImpl.invoke(DelegatingMethodAccessorImpl.java:25) ~[na:1.6.0_38]
	at java.lang.reflect.Method.invoke(Method.java:597) ~[na:1.6.0_38]
	at org.apache.maven.surefire.util.ReflectionUtils.invokeMethodWithArray(ReflectionUtils.java:164) [surefire-api-2.10.jar:2.10]
	at org.apache.maven.surefire.booter.ProviderFactory$ProviderProxy.invoke(ProviderFactory.java:110) [surefire-booter-2.10.jar:2.10]
	at org.apache.maven.surefire.booter.SurefireStarter.invokeProvider(SurefireStarter.java:175) [surefire-booter-2.10.jar:2.10]
	at org.apache.maven.surefire.booter.SurefireStarter.runSuitesInProcessWhenForked(SurefireStarter.java:107) [surefire-booter-2.10.jar:2.10]
	at org.apache.maven.surefire.booter.ForkedBooter.main(ForkedBooter.java:68) [surefire-booter-2.10.jar:2.10]
22:05:53.887 [main] WARN  o.s.c.a.CommonAnnotationBeanPostProcessor - Invocation of destroy method failed on bean with name &apos;coreTicketOnetimeSyncJob&apos;: com.rackspace.search.exception.NotFoundException: Index is missing
22:05:53.887 [main] INFO  org.elasticsearch.node - [ticket.node] {0.90.2}[25471]: stopping ...
22:05:53.899 [main] INFO  org.elasticsearch.node - [ticket.node] {0.90.2}[25471]: stopped
22:05:53.900 [main] INFO  org.elasticsearch.node - [ticket.node] {0.90.2}[25471]: closing ...
22:05:53.904 [main] INFO  org.elasticsearch.node - [ticket.node] {0.90.2}[25471]: closed
22:05:53.913 [main] ERROR o.s.test.context.TestContextManager - Caught exception while allowing TestExecutionListener [org.springframework.test.context.support.DependencyInjectionTestExecutionListener@4459116] to prepare test instance [com.rackspace.search.elasticsearch.client.ElasticSearchClientTest@d694a33]
java.lang.IllegalStateException: Failed to load ApplicationContext
	at org.springframework.test.context.TestContext.getApplicationContext(TestContext.java:308) ~[spring-test-3.0.6.RELEASE.jar:3.0.6.RELEASE]
	at org.springframework.test.context.support.DependencyInjectionTestExecutionListener.injectDependencies(DependencyInjectionTestExecutionListener.java:109) ~[spring-test-3.0.6.RELEASE.jar:3.0.6.RELEASE]
	at org.springframework.test.context.support.DependencyInjectionTestExecutionListener.prepareTestInstance(DependencyInjectionTestExecutionListener.java:75) ~[spring-test-3.0.6.RELEASE.jar:3.0.6.RELEASE]
	at org.springframework.test.context.TestContextManager.prepareTestInstance(TestContextManager.java:321) ~[spring-test-3.0.6.RELEASE.jar:3.0.6.RELEASE]
	at org.spockframework.spring.SpringTestContextManager.prepareTestInstance(SpringTestContextManager.java:49) [spock-spring-0.7-groovy-2.0.jar:na]
	at org.spockframework.spring.SpringInterceptor.interceptSetupMethod(SpringInterceptor.java:42) [spock-spring-0.7-groovy-2.0.jar:na]
	at org.spockframework.runtime.extension.AbstractMethodInterceptor.intercept(AbstractMethodInterceptor.java:28) [spock-core-0.7-groovy-2.0.jar:na]
	at org.spockframework.runtime.extension.MethodInvocation.proceed(MethodInvocation.java:84) [spock-core-0.7-groovy-2.0.jar:na]
	at org.spockframework.runtime.BaseSpecRunner.invoke(BaseSpecRunner.java:319) [spock-core-0.7-groovy-2.0.jar:na]
	at org.spockframework.runtime.BaseSpecRunner.invokeSetup(BaseSpecRunner.java:279) [spock-core-0.7-groovy-2.0.jar:na]
	at org.spockframework.runtime.BaseSpecRunner.doRunIteration(BaseSpecRunner.java:255) [spock-core-0.7-groovy-2.0.jar:na]
	at sun.reflect.GeneratedMethodAccessor5.invoke(Unknown Source) ~[na:na]
	at sun.reflect.DelegatingMethodAccessorImpl.invoke(DelegatingMethodAccessorImpl.java:25) ~[na:1.6.0_38]
	at java.lang.reflect.Method.invoke(Method.java:597) ~[na:1.6.0_38]
	at org.spockframework.util.ReflectionUtil.invokeMethod(ReflectionUtil.java:138) [spock-core-0.7-groovy-2.0.jar:na]
	at org.spockframework.runtime.BaseSpecRunner.invokeRaw(BaseSpecRunner.java:330) [spock-core-0.7-groovy-2.0.jar:na]
	at org.spockframework.runtime.BaseSpecRunner.invoke(BaseSpecRunner.java:311) [spock-core-0.7-groovy-2.0.jar:na]
	at org.spockframework.runtime.BaseSpecRunner.runIteration(BaseSpecRunner.java:223) [spock-core-0.7-groovy-2.0.jar:na]
	at org.spockframework.runtime.BaseSpecRunner.initializeAndRunIteration(BaseSpecRunner.java:214) [spock-core-0.7-groovy-2.0.jar:na]
	at org.spockframework.runtime.BaseSpecRunner.runSimpleFeature(BaseSpecRunner.java:205) [spock-core-0.7-groovy-2.0.jar:na]
	at org.spockframework.runtime.BaseSpecRunner.doRunFeature(BaseSpecRunner.java:199) [spock-core-0.7-groovy-2.0.jar:na]
	at sun.reflect.GeneratedMethodAccessor7.invoke(Unknown Source) ~[na:na]
	at sun.reflect.DelegatingMethodAccessorImpl.invoke(DelegatingMethodAccessorImpl.java:25) ~[na:1.6.0_38]
	at java.lang.reflect.Method.invoke(Method.java:597) ~[na:1.6.0_38]
	at org.spockframework.util.ReflectionUtil.invokeMethod(ReflectionUtil.java:138) [spock-core-0.7-groovy-2.0.jar:na]
	at org.spockframework.runtime.BaseSpecRunner.invokeRaw(BaseSpecRunner.java:330) [spock-core-0.7-groovy-2.0.jar:na]
	at org.spockframework.runtime.BaseSpecRunner.invoke(BaseSpecRunner.java:311) [spock-core-0.7-groovy-2.0.jar:na]
	at org.spockframework.runtime.BaseSpecRunner.runFeature(BaseSpecRunner.java:175) [spock-core-0.7-groovy-2.0.jar:na]
	at org.spockframework.runtime.BaseSpecRunner.runFeatures(BaseSpecRunner.java:152) [spock-core-0.7-groovy-2.0.jar:na]
	at org.spockframework.runtime.BaseSpecRunner.doRunSpec(BaseSpecRunner.java:112) [spock-core-0.7-groovy-2.0.jar:na]
	at sun.reflect.GeneratedMethodAccessor11.invoke(Unknown Source) ~[na:na]
	at sun.reflect.DelegatingMethodAccessorImpl.invoke(DelegatingMethodAccessorImpl.java:25) ~[na:1.6.0_38]
	at java.lang.reflect.Method.invoke(Method.java:597) ~[na:1.6.0_38]
	at org.spockframework.util.ReflectionUtil.invokeMethod(ReflectionUtil.java:138) [spock-core-0.7-groovy-2.0.jar:na]
	at org.spockframework.runtime.BaseSpecRunner.invokeRaw(BaseSpecRunner.java:330) [spock-core-0.7-groovy-2.0.jar:na]
	at org.spockframework.runtime.BaseSpecRunner.invoke(BaseSpecRunner.java:311) [spock-core-0.7-groovy-2.0.jar:na]
	at org.spockframework.runtime.BaseSpecRunner.runSpec(BaseSpecRunner.java:91) [spock-core-0.7-groovy-2.0.jar:na]
	at org.spockframework.runtime.BaseSpecRunner.run(BaseSpecRunner.java:82) [spock-core-0.7-groovy-2.0.jar:na]
	at org.spockframework.runtime.Sputnik.run(Sputnik.java:63) [spock-core-0.7-groovy-2.0.jar:na]
	at org.apache.maven.surefire.junit4.JUnit4TestSet.execute(JUnit4TestSet.java:53) [surefire-junit4-2.10.jar:2.10]
	at org.apache.maven.surefire.junit4.JUnit4Provider.executeTestSet(JUnit4Provider.java:123) [surefire-junit4-2.10.jar:2.10]
	at org.apache.maven.surefire.junit4.JUnit4Provider.invoke(JUnit4Provider.java:104) [surefire-junit4-2.10.jar:2.10]
	at sun.reflect.NativeMethodAccessorImpl.invoke0(Native Method) ~[na:1.6.0_38]
	at sun.reflect.NativeMethodAccessorImpl.invoke(NativeMethodAccessorImpl.java:39) ~[na:1.6.0_38]
	at sun.reflect.DelegatingMethodAccessorImpl.invoke(DelegatingMethodAccessorImpl.java:25) ~[na:1.6.0_38]
	at java.lang.reflect.Method.invoke(Method.java:597) ~[na:1.6.0_38]
	at org.apache.maven.surefire.util.ReflectionUtils.invokeMethodWithArray(ReflectionUtils.java:164) [surefire-api-2.10.jar:2.10]
	at org.apache.maven.surefire.booter.ProviderFactory$ProviderProxy.invoke(ProviderFactory.java:110) [surefire-booter-2.10.jar:2.10]
	at org.apache.maven.surefire.booter.SurefireStarter.invokeProvider(SurefireStarter.java:175) [surefire-booter-2.10.jar:2.10]
	at org.apache.maven.surefire.booter.SurefireStarter.runSuitesInProcessWhenForked(SurefireStarter.java:107) [surefire-booter-2.10.jar:2.10]
	at org.apache.maven.surefire.booter.ForkedBooter.main(ForkedBooter.java:68) [surefire-booter-2.10.jar:2.10]
Caused by: org.springframework.beans.factory.BeanCreationException: Error creating bean with name &apos;jobResource&apos;: Injection of autowired dependencies failed; nested exception is org.springframework.beans.factory.BeanCreationException: Could not autowire field: private com.rackspace.search.service.zendesk.ZendeskTicketOngoingSyncJob com.rackspace.search.endpoint.JobResource.zendeskTicketOngoingSyncJob; nested exception is org.springframework.beans.factory.BeanCreationException: Error creating bean with name &apos;zendeskTicketOngoingSyncJob&apos;: Injection of autowired dependencies failed; nested exception is org.springframework.beans.factory.BeanCreationException: Could not autowire field: private com.rackspace.search.service.zendesk.ZendeskTicketOngoingSyncActor com.rackspace.search.service.zendesk.ZendeskTicketOngoingSyncJob.ticketActor; nested exception is org.springframework.beans.factory.BeanCreationException: Error creating bean with name &apos;zendeskTicketOngoingSyncActor&apos;: Injection of autowired dependencies failed; nested exception is org.springframework.beans.factory.BeanCreationException: Could not autowire field: private com.rackspace.search.service.zendesk.ZendeskTicketProcessor com.rackspace.search.service.zendesk.ZendeskTicketOngoingSyncActor.zendeskTicketProcessor; nested exception is org.springframework.beans.factory.BeanCreationException: Error creating bean with name &apos;zendeskTicketProcessor&apos;: Injection of autowired dependencies failed; nested exception is org.springframework.beans.factory.BeanCreationException: Could not autowire field: private java.lang.Object com.rackspace.search.service.zendesk.ZendeskTicketProcessor.zendeskIndexName; nested exception is java.lang.IllegalArgumentException: Could not resolve placeholder &apos;zendesk.index.name&apos;
	at org.springframework.beans.factory.annotation.AutowiredAnnotationBeanPostProcessor.postProcessPropertyValues(AutowiredAnnotationBeanPostProcessor.java:288) ~[spring-beans-3.0.6.RELEASE.jar:3.0.6.RELEASE]
	at org.springframework.beans.factory.support.AbstractAutowireCapableBeanFactory.populateBean(AbstractAutowireCapableBeanFactory.java:1074) ~[spring-beans-3.0.6.RELEASE.jar:3.0.6.RELEASE]
	at org.springframework.beans.factory.support.AbstractAutowireCapableBeanFactory.doCreateBean(AbstractAutowireCapableBeanFactory.java:517) ~[spring-beans-3.0.6.RELEASE.jar:3.0.6.RELEASE]
	at org.springframework.beans.factory.support.AbstractAutowireCapableBeanFactory.createBean(AbstractAutowireCapableBeanFactory.java:456) ~[spring-beans-3.0.6.RELEASE.jar:3.0.6.RELEASE]
	at org.springframework.beans.factory.support.AbstractBeanFactory$1.getObject(AbstractBeanFactory.java:293) ~[spring-beans-3.0.6.RELEASE.jar:3.0.6.RELEASE]
	at org.springframework.beans.factory.support.DefaultSingletonBeanRegistry.getSingleton(DefaultSingletonBeanRegistry.java:222) ~[spring-beans-3.0.6.RELEASE.jar:3.0.6.RELEASE]
	at org.springframework.beans.factory.support.AbstractBeanFactory.doGetBean(AbstractBeanFactory.java:290) ~[spring-beans-3.0.6.RELEASE.jar:3.0.6.RELEASE]
	at org.springframework.beans.factory.support.AbstractBeanFactory.getBean(AbstractBeanFactory.java:192) ~[spring-beans-3.0.6.RELEASE.jar:3.0.6.RELEASE]
	at org.springframework.beans.factory.support.DefaultListableBeanFactory.preInstantiateSingletons(DefaultListableBeanFactory.java:585) ~[spring-beans-3.0.6.RELEASE.jar:3.0.6.RELEASE]
	at org.springframework.context.support.AbstractApplicationContext.finishBeanFactoryInitialization(AbstractApplicationContext.java:895) ~[spring-context-3.0.6.RELEASE.jar:3.0.6.RELEASE]
	at org.springframework.context.support.AbstractApplicationContext.refresh(AbstractApplicationContext.java:425) ~[spring-context-3.0.6.RELEASE.jar:3.0.6.RELEASE]
	at org.springframework.test.context.support.AbstractGenericContextLoader.loadContext(AbstractGenericContextLoader.java:84) ~[spring-test-3.0.6.RELEASE.jar:3.0.6.RELEASE]
	at org.springframework.test.context.support.AbstractGenericContextLoader.loadContext(AbstractGenericContextLoader.java:1) ~[spring-test-3.0.6.RELEASE.jar:3.0.6.RELEASE]
	at org.springframework.test.context.TestContext.loadApplicationContext(TestContext.java:280) ~[spring-test-3.0.6.RELEASE.jar:3.0.6.RELEASE]
	at org.springframework.test.context.TestContext.getApplicationContext(TestContext.java:304) ~[spring-test-3.0.6.RELEASE.jar:3.0.6.RELEASE]
	... 50 common frames omitted
Caused by: org.springframework.beans.factory.BeanCreationException: Could not autowire field: private com.rackspace.search.service.zendesk.ZendeskTicketOngoingSyncJob com.rackspace.search.endpoint.JobResource.zendeskTicketOngoingSyncJob; nested exception is org.springframework.beans.factory.BeanCreationException: Error creating bean with name &apos;zendeskTicketOngoingSyncJob&apos;: Injection of autowired dependencies failed; nested exception is org.springframework.beans.factory.BeanCreationException: Could not autowire field: private com.rackspace.search.service.zendesk.ZendeskTicketOngoingSyncActor com.rackspace.search.service.zendesk.ZendeskTicketOngoingSyncJob.ticketActor; nested exception is org.springframework.beans.factory.BeanCreationException: Error creating bean with name &apos;zendeskTicketOngoingSyncActor&apos;: Injection of autowired dependencies failed; nested exception is org.springframework.beans.factory.BeanCreationException: Could not autowire field: private com.rackspace.search.service.zendesk.ZendeskTicketProcessor com.rackspace.search.service.zendesk.ZendeskTicketOngoingSyncActor.zendeskTicketProcessor; nested exception is org.springframework.beans.factory.BeanCreationException: Error creating bean with name &apos;zendeskTicketProcessor&apos;: Injection of autowired dependencies failed; nested exception is org.springframework.beans.factory.BeanCreationException: Could not autowire field: private java.lang.Object com.rackspace.search.service.zendesk.ZendeskTicketProcessor.zendeskIndexName; nested exception is java.lang.IllegalArgumentException: Could not resolve placeholder &apos;zendesk.index.name&apos;
	at org.springframework.beans.factory.annotation.AutowiredAnnotationBeanPostProcessor$AutowiredFieldElement.inject(AutowiredAnnotationBeanPostProcessor.java:508) ~[spring-beans-3.0.6.RELEASE.jar:3.0.6.RELEASE]
	at org.springframework.beans.factory.annotation.InjectionMetadata.inject(InjectionMetadata.java:84) ~[spring-beans-3.0.6.RELEASE.jar:3.0.6.RELEASE]
	at org.springframework.beans.factory.annotation.AutowiredAnnotationBeanPostProcessor.postProcessPropertyValues(AutowiredAnnotationBeanPostProcessor.java:285) ~[spring-beans-3.0.6.RELEASE.jar:3.0.6.RELEASE]
	... 64 common frames omitted
Caused by: org.springframework.beans.factory.BeanCreationException: Error creating bean with name &apos;zendeskTicketOngoingSyncJob&apos;: Injection of autowired dependencies failed; nested exception is org.springframework.beans.factory.BeanCreationException: Could not autowire field: private com.rackspace.search.service.zendesk.ZendeskTicketOngoingSyncActor com.rackspace.search.service.zendesk.ZendeskTicketOngoingSyncJob.ticketActor; nested exception is org.springframework.beans.factory.BeanCreationException: Error creating bean with name &apos;zendeskTicketOngoingSyncActor&apos;: Injection of autowired dependencies failed; nested exception is org.springframework.beans.factory.BeanCreationException: Could not autowire field: private com.rackspace.search.service.zendesk.ZendeskTicketProcessor com.rackspace.search.service.zendesk.ZendeskTicketOngoingSyncActor.zendeskTicketProcessor; nested exception is org.springframework.beans.factory.BeanCreationException: Error creating bean with name &apos;zendeskTicketProcessor&apos;: Injection of autowired dependencies failed; nested exception is org.springframework.beans.factory.BeanCreationException: Could not autowire field: private java.lang.Object com.rackspace.search.service.zendesk.ZendeskTicketProcessor.zendeskIndexName; nested exception is java.lang.IllegalArgumentException: Could not resolve placeholder &apos;zendesk.index.name&apos;
	at org.springframework.beans.factory.annotation.AutowiredAnnotationBeanPostProcessor.postProcessPropertyValues(AutowiredAnnotationBeanPostProcessor.java:288) ~[spring-beans-3.0.6.RELEASE.jar:3.0.6.RELEASE]
	at org.springframework.beans.factory.support.AbstractAutowireCapableBeanFactory.populateBean(AbstractAutowireCapableBeanFactory.java:1074) ~[spring-beans-3.0.6.RELEASE.jar:3.0.6.RELEASE]
	at org.springframework.beans.factory.support.AbstractAutowireCapableBeanFactory.doCreateBean(AbstractAutowireCapableBeanFactory.java:517) ~[spring-beans-3.0.6.RELEASE.jar:3.0.6.RELEASE]
	at org.springframework.beans.factory.support.AbstractAutowireCapableBeanFactory.createBean(AbstractAutowireCapableBeanFactory.java:456) ~[spring-beans-3.0.6.RELEASE.jar:3.0.6.RELEASE]
	at org.springframework.beans.factory.support.AbstractBeanFactory$1.getObject(AbstractBeanFactory.java:293) ~[spring-beans-3.0.6.RELEASE.jar:3.0.6.RELEASE]
	at org.springframework.beans.factory.support.DefaultSingletonBeanRegistry.getSingleton(DefaultSingletonBeanRegistry.java:222) ~[spring-beans-3.0.6.RELEASE.jar:3.0.6.RELEASE]
	at org.springframework.beans.factory.support.AbstractBeanFactory.doGetBean(AbstractBeanFactory.java:290) ~[spring-beans-3.0.6.RELEASE.jar:3.0.6.RELEASE]
	at org.springframework.beans.factory.support.AbstractBeanFactory.getBean(AbstractBeanFactory.java:192) ~[spring-beans-3.0.6.RELEASE.jar:3.0.6.RELEASE]
	at org.springframework.beans.factory.support.DefaultListableBeanFactory.findAutowireCandidates(DefaultListableBeanFactory.java:848) ~[spring-beans-3.0.6.RELEASE.jar:3.0.6.RELEASE]
	at org.springframework.beans.factory.support.DefaultListableBeanFactory.doResolveDependency(DefaultListableBeanFactory.java:790) ~[spring-beans-3.0.6.RELEASE.jar:3.0.6.RELEASE]
	at org.springframework.beans.factory.support.DefaultListableBeanFactory.resolveDependency(DefaultListableBeanFactory.java:707) ~[spring-beans-3.0.6.RELEASE.jar:3.0.6.RELEASE]
	at org.springframework.beans.factory.annotation.AutowiredAnnotationBeanPostProcessor$AutowiredFieldElement.inject(AutowiredAnnotationBeanPostProcessor.java:480) ~[spring-beans-3.0.6.RELEASE.jar:3.0.6.RELEASE]
	... 66 common frames omitted
Caused by: org.springframework.beans.factory.BeanCreationException: Could not autowire field: private com.rackspace.search.service.zendesk.ZendeskTicketOngoingSyncActor com.rackspace.search.service.zendesk.ZendeskTicketOngoingSyncJob.ticketActor; nested exception is org.springframework.beans.factory.BeanCreationException: Error creating bean with name &apos;zendeskTicketOngoingSyncActor&apos;: Injection of autowired dependencies failed; nested exception is org.springframework.beans.factory.BeanCreationException: Could not autowire field: private com.rackspace.search.service.zendesk.ZendeskTicketProcessor com.rackspace.search.service.zendesk.ZendeskTicketOngoingSyncActor.zendeskTicketProcessor; nested exception is org.springframework.beans.factory.BeanCreationException: Error creating bean with name &apos;zendeskTicketProcessor&apos;: Injection of autowired dependencies failed; nested exception is org.springframework.beans.factory.BeanCreationException: Could not autowire field: private java.lang.Object com.rackspace.search.service.zendesk.ZendeskTicketProcessor.zendeskIndexName; nested exception is java.lang.IllegalArgumentException: Could not resolve placeholder &apos;zendesk.index.name&apos;
	at org.springframework.beans.factory.annotation.AutowiredAnnotationBeanPostProcessor$AutowiredFieldElement.inject(AutowiredAnnotationBeanPostProcessor.java:508) ~[spring-beans-3.0.6.RELEASE.jar:3.0.6.RELEASE]
	at org.springframework.beans.factory.annotation.InjectionMetadata.inject(InjectionMetadata.java:84) ~[spring-beans-3.0.6.RELEASE.jar:3.0.6.RELEASE]
	at org.springframework.beans.factory.annotation.AutowiredAnnotationBeanPostProcessor.postProcessPropertyValues(AutowiredAnnotationBeanPostProcessor.java:285) ~[spring-beans-3.0.6.RELEASE.jar:3.0.6.RELEASE]
	... 77 common frames omitted
Caused by: org.springframework.beans.factory.BeanCreationException: Error creating bean with name &apos;zendeskTicketOngoingSyncActor&apos;: Injection of autowired dependencies failed; nested exception is org.springframework.beans.factory.BeanCreationException: Could not autowire field: private com.rackspace.search.service.zendesk.ZendeskTicketProcessor com.rackspace.search.service.zendesk.ZendeskTicketOngoingSyncActor.zendeskTicketProcessor; nested exception is org.springframework.beans.factory.BeanCreationException: Error creating bean with name &apos;zendeskTicketProcessor&apos;: Injection of autowired dependencies failed; nested exception is org.springframework.beans.factory.BeanCreationException: Could not autowire field: private java.lang.Object com.rackspace.search.service.zendesk.ZendeskTicketProcessor.zendeskIndexName; nested exception is java.lang.IllegalArgumentException: Could not resolve placeholder &apos;zendesk.index.name&apos;
	at org.springframework.beans.factory.annotation.AutowiredAnnotationBeanPostProcessor.postProcessPropertyValues(AutowiredAnnotationBeanPostProcessor.java:288) ~[spring-beans-3.0.6.RELEASE.jar:3.0.6.RELEASE]
	at org.springframework.beans.factory.support.AbstractAutowireCapableBeanFactory.populateBean(AbstractAutowireCapableBeanFactory.java:1074) ~[spring-beans-3.0.6.RELEASE.jar:3.0.6.RELEASE]
	at org.springframework.beans.factory.support.AbstractAutowireCapableBeanFactory.doCreateBean(AbstractAutowireCapableBeanFactory.java:517) ~[spring-beans-3.0.6.RELEASE.jar:3.0.6.RELEASE]
	at org.springframework.beans.factory.support.AbstractAutowireCapableBeanFactory.createBean(AbstractAutowireCapableBeanFactory.java:456) ~[spring-beans-3.0.6.RELEASE.jar:3.0.6.RELEASE]
	at org.springframework.beans.factory.support.AbstractBeanFactory$1.getObject(AbstractBeanFactory.java:293) ~[spring-beans-3.0.6.RELEASE.jar:3.0.6.RELEASE]
	at org.springframework.beans.factory.support.DefaultSingletonBeanRegistry.getSingleton(DefaultSingletonBeanRegistry.java:222) ~[spring-beans-3.0.6.RELEASE.jar:3.0.6.RELEASE]
	at org.springframework.beans.factory.support.AbstractBeanFactory.doGetBean(AbstractBeanFactory.java:290) ~[spring-beans-3.0.6.RELEASE.jar:3.0.6.RELEASE]
	at org.springframework.beans.factory.support.AbstractBeanFactory.getBean(AbstractBeanFactory.java:192) ~[spring-beans-3.0.6.RELEASE.jar:3.0.6.RELEASE]
	at org.springframework.beans.factory.support.DefaultListableBeanFactory.findAutowireCandidates(DefaultListableBeanFactory.java:848) ~[spring-beans-3.0.6.RELEASE.jar:3.0.6.RELEASE]
	at org.springframework.beans.factory.support.DefaultListableBeanFactory.doResolveDependency(DefaultListableBeanFactory.java:790) ~[spring-beans-3.0.6.RELEASE.jar:3.0.6.RELEASE]
	at org.springframework.beans.factory.support.DefaultListableBeanFactory.resolveDependency(DefaultListableBeanFactory.java:707) ~[spring-beans-3.0.6.RELEASE.jar:3.0.6.RELEASE]
	at org.springframework.beans.factory.annotation.AutowiredAnnotationBeanPostProcessor$AutowiredFieldElement.inject(AutowiredAnnotationBeanPostProcessor.java:480) ~[spring-beans-3.0.6.RELEASE.jar:3.0.6.RELEASE]
	... 79 common frames omitted
Caused by: org.springframework.beans.factory.BeanCreationException: Could not autowire field: private com.rackspace.search.service.zendesk.ZendeskTicketProcessor com.rackspace.search.service.zendesk.ZendeskTicketOngoingSyncActor.zendeskTicketProcessor; nested exception is org.springframework.beans.factory.BeanCreationException: Error creating bean with name &apos;zendeskTicketProcessor&apos;: Injection of autowired dependencies failed; nested exception is org.springframework.beans.factory.BeanCreationException: Could not autowire field: private java.lang.Object com.rackspace.search.service.zendesk.ZendeskTicketProcessor.zendeskIndexName; nested exception is java.lang.IllegalArgumentException: Could not resolve placeholder &apos;zendesk.index.name&apos;
	at org.springframework.beans.factory.annotation.AutowiredAnnotationBeanPostProcessor$AutowiredFieldElement.inject(AutowiredAnnotationBeanPostProcessor.java:508) ~[spring-beans-3.0.6.RELEASE.jar:3.0.6.RELEASE]
	at org.springframework.beans.factory.annotation.InjectionMetadata.inject(InjectionMetadata.java:84) ~[spring-beans-3.0.6.RELEASE.jar:3.0.6.RELEASE]
	at org.springframework.beans.factory.annotation.AutowiredAnnotationBeanPostProcessor.postProcessPropertyValues(AutowiredAnnotationBeanPostProcessor.java:285) ~[spring-beans-3.0.6.RELEASE.jar:3.0.6.RELEASE]
	... 90 common frames omitted
Caused by: org.springframework.beans.factory.BeanCreationException: Error creating bean with name &apos;zendeskTicketProcessor&apos;: Injection of autowired dependencies failed; nested exception is org.springframework.beans.factory.BeanCreationException: Could not autowire field: private java.lang.Object com.rackspace.search.service.zendesk.ZendeskTicketProcessor.zendeskIndexName; nested exception is java.lang.IllegalArgumentException: Could not resolve placeholder &apos;zendesk.index.name&apos;
	at org.springframework.beans.factory.annotation.AutowiredAnnotationBeanPostProcessor.postProcessPropertyValues(AutowiredAnnotationBeanPostProcessor.java:288) ~[spring-beans-3.0.6.RELEASE.jar:3.0.6.RELEASE]
	at org.springframework.beans.factory.support.AbstractAutowireCapableBeanFactory.populateBean(AbstractAutowireCapableBeanFactory.java:1074) ~[spring-beans-3.0.6.RELEASE.jar:3.0.6.RELEASE]
	at org.springframework.beans.factory.support.AbstractAutowireCapableBeanFactory.doCreateBean(AbstractAutowireCapableBeanFactory.java:517) ~[spring-beans-3.0.6.RELEASE.jar:3.0.6.RELEASE]
	at org.springframework.beans.factory.support.AbstractAutowireCapableBeanFactory.createBean(AbstractAutowireCapableBeanFactory.java:456) ~[spring-beans-3.0.6.RELEASE.jar:3.0.6.RELEASE]
	at org.springframework.beans.factory.support.AbstractBeanFactory$1.getObject(AbstractBeanFactory.java:293) ~[spring-beans-3.0.6.RELEASE.jar:3.0.6.RELEASE]
	at org.springframework.beans.factory.support.DefaultSingletonBeanRegistry.getSingleton(DefaultSingletonBeanRegistry.java:222) ~[spring-beans-3.0.6.RELEASE.jar:3.0.6.RELEASE]
	at org.springframework.beans.factory.support.AbstractBeanFactory.doGetBean(AbstractBeanFactory.java:290) ~[spring-beans-3.0.6.RELEASE.jar:3.0.6.RELEASE]
	at org.springframework.beans.factory.support.AbstractBeanFactory.getBean(AbstractBeanFactory.java:192) ~[spring-beans-3.0.6.RELEASE.jar:3.0.6.RELEASE]
	at org.springframework.beans.factory.support.DefaultListableBeanFactory.findAutowireCandidates(DefaultListableBeanFactory.java:848) ~[spring-beans-3.0.6.RELEASE.jar:3.0.6.RELEASE]
	at org.springframework.beans.factory.support.DefaultListableBeanFactory.doResolveDependency(DefaultListableBeanFactory.java:790) ~[spring-beans-3.0.6.RELEASE.jar:3.0.6.RELEASE]
	at org.springframework.beans.factory.support.DefaultListableBeanFactory.resolveDependency(DefaultListableBeanFactory.java:707) ~[spring-beans-3.0.6.RELEASE.jar:3.0.6.RELEASE]
	at org.springframework.beans.factory.annotation.AutowiredAnnotationBeanPostProcessor$AutowiredFieldElement.inject(AutowiredAnnotationBeanPostProcessor.java:480) ~[spring-beans-3.0.6.RELEASE.jar:3.0.6.RELEASE]
	... 92 common frames omitted
Caused by: org.springframework.beans.factory.BeanCreationException: Could not autowire field: private java.lang.Object com.rackspace.search.service.zendesk.ZendeskTicketProcessor.zendeskIndexName; nested exception is java.lang.IllegalArgumentException: Could not resolve placeholder &apos;zendesk.index.name&apos;
	at org.springframework.beans.factory.annotation.AutowiredAnnotationBeanPostProcessor$AutowiredFieldElement.inject(AutowiredAnnotationBeanPostProcessor.java:508) ~[spring-beans-3.0.6.RELEASE.jar:3.0.6.RELEASE]
	at org.springframework.beans.factory.annotation.InjectionMetadata.inject(InjectionMetadata.java:84) ~[spring-beans-3.0.6.RELEASE.jar:3.0.6.RELEASE]
	at org.springframework.beans.factory.annotation.AutowiredAnnotationBeanPostProcessor.postProcessPropertyValues(AutowiredAnnotationBeanPostProcessor.java:285) ~[spring-beans-3.0.6.RELEASE.jar:3.0.6.RELEASE]
	... 103 common frames omitted
Caused by: java.lang.IllegalArgumentException: Could not resolve placeholder &apos;zendesk.index.name&apos;
	at org.springframework.util.PropertyPlaceholderHelper.parseStringValue(PropertyPlaceholderHelper.java:173) ~[spring-core-3.0.6.RELEASE.jar:3.0.6.RELEASE]
	at org.springframework.util.PropertyPlaceholderHelper.replacePlaceholders(PropertyPlaceholderHelper.java:125) ~[spring-core-3.0.6.RELEASE.jar:3.0.6.RELEASE]
	at org.springframework.beans.factory.config.PropertyPlaceholderConfigurer$PlaceholderResolvingStringValueResolver.resolveStringValue(PropertyPlaceholderConfigurer.java:403) ~[spring-beans-3.0.6.RELEASE.jar:3.0.6.RELEASE]
	at org.springframework.beans.factory.support.AbstractBeanFactory.resolveEmbeddedValue(AbstractBeanFactory.java:747) ~[spring-beans-3.0.6.RELEASE.jar:3.0.6.RELEASE]
	at org.springframework.beans.factory.support.DefaultListableBeanFactory.doResolveDependency(DefaultListableBeanFactory.java:717) ~[spring-beans-3.0.6.RELEASE.jar:3.0.6.RELEASE]
	at org.springframework.beans.factory.support.DefaultListableBeanFactory.resolveDependency(DefaultListableBeanFactory.java:707) ~[spring-beans-3.0.6.RELEASE.jar:3.0.6.RELEASE]
	at org.springframework.beans.factory.annotation.AutowiredAnnotationBeanPostProcessor$AutowiredFieldElement.inject(AutowiredAnnotationBeanPostProcessor.java:480) ~[spring-beans-3.0.6.RELEASE.jar:3.0.6.RELEASE]
	... 105 common frames omitted
</stdout>
          <stderr>Exception in thread &quot;Timer-95&quot; org.elasticsearch.common.util.concurrent.EsRejectedExecutionException: rejected execution of [org.elasticsearch.action.support.master.TransportMasterNodeOperationAction$2]
	at org.elasticsearch.common.util.concurrent.EsAbortPolicy.rejectedExecution(EsAbortPolicy.java:35)
	at java.util.concurrent.ThreadPoolExecutor.reject(ThreadPoolExecutor.java:767)
	at java.util.concurrent.ThreadPoolExecutor.execute(ThreadPoolExecutor.java:658)
	at org.elasticsearch.action.support.master.TransportMasterNodeOperationAction.innerExecute(TransportMasterNodeOperationAction.java:132)
	at org.elasticsearch.action.support.master.TransportMasterNodeOperationAction.doExecute(TransportMasterNodeOperationAction.java:86)
	at org.elasticsearch.action.support.master.TransportMasterNodeOperationAction.doExecute(TransportMasterNodeOperationAction.java:42)
	at org.elasticsearch.action.support.TransportAction.execute(TransportAction.java:61)
	at org.elasticsearch.client.node.NodeClusterAdminClient.execute(NodeClusterAdminClient.java:72)
	at org.elasticsearch.client.support.AbstractClusterAdminClient.health(AbstractClusterAdminClient.java:83)
	at org.elasticsearch.action.admin.cluster.health.ClusterHealthRequestBuilder.doExecute(ClusterHealthRequestBuilder.java:98)
	at org.elasticsearch.action.ActionRequestBuilder.execute(ActionRequestBuilder.java:62)
	at org.elasticsearch.action.ActionRequestBuilder.execute(ActionRequestBuilder.java:57)
	at org.elasticsearch.action.ActionRequestBuilder$execute.call(Unknown Source)
	at com.rackspace.search.elasticsearch.ElasticSearchServer.getHealthInformation(ElasticSearchServer.groovy:55)
	at com.rackspace.search.elasticsearch.ElasticSearchServer.getHealthStatus(ElasticSearchServer.groovy:51)
	at com.rackspace.search.elasticsearch.ElasticSearchServer.waitForYellowStatus(ElasticSearchServer.groovy:69)
	at com.rackspace.search.elasticsearch.ElasticSearchServer$waitForYellowStatus.call(Unknown Source)
	at com.rackspace.search.service.core.CoreTicketOngoingSyncJob.setupJob(CoreTicketOnGoingSyncJob.groovy:89)
	at sun.reflect.NativeMethodAccessorImpl.invoke0(Native Method)
	at sun.reflect.NativeMethodAccessorImpl.invoke(NativeMethodAccessorImpl.java:39)
	at sun.reflect.DelegatingMethodAccessorImpl.invoke(DelegatingMethodAccessorImpl.java:25)
	at java.lang.reflect.Method.invoke(Method.java:597)
	at org.codehaus.groovy.reflection.CachedMethod.invoke(CachedMethod.java:90)
	at groovy.lang.MetaMethod.doMethodInvoke(MetaMethod.java:233)
	at groovy.lang.MetaClassImpl.invokeMethod(MetaClassImpl.java:1085)
	at org.codehaus.groovy.runtime.ScriptBytecodeAdapter.invokeMethodOnCurrentN(ScriptBytecodeAdapter.java:78)
	at com.rackspace.search.service.core.CoreTicketOngoingSyncJob.this$dist$invoke$1(CoreTicketOnGoingSyncJob.groovy)
	at com.rackspace.search.service.core.CoreTicketOngoingSyncJob$1.methodMissing(CoreTicketOnGoingSyncJob.groovy)
	at sun.reflect.NativeMethodAccessorImpl.invoke0(Native Method)
	at sun.reflect.NativeMethodAccessorImpl.invoke(NativeMethodAccessorImpl.java:39)
	at sun.reflect.DelegatingMethodAccessorImpl.invoke(DelegatingMethodAccessorImpl.java:25)
	at java.lang.reflect.Method.invoke(Method.java:597)
	at org.codehaus.groovy.reflection.CachedMethod.invoke(CachedMethod.java:90)
	at groovy.lang.MetaClassImpl.invokeMissingMethod(MetaClassImpl.java:837)
	at groovy.lang.MetaClassImpl.invokePropertyOrMissing(MetaClassImpl.java:1134)
	at groovy.lang.MetaClassImpl.invokeMethod(MetaClassImpl.java:1087)
	at groovy.lang.MetaClassImpl.invokeMethod(MetaClassImpl.java:909)
	at org.codehaus.groovy.runtime.callsite.PogoMetaClassSite.callCurrent(PogoMetaClassSite.java:66)
	at org.codehaus.groovy.runtime.callsite.AbstractCallSite.callCurrent(AbstractCallSite.java:137)
	at com.rackspace.search.service.core.CoreTicketOngoingSyncJob$1.run(CoreTicketOnGoingSyncJob.groovy:72)
	at java.util.TimerThread.mainLoop(Timer.java:512)
	at java.util.TimerThread.run(Timer.java:462)
Exception in thread &quot;Timer-96&quot; org.elasticsearch.common.util.concurrent.EsRejectedExecutionException: rejected execution of [org.elasticsearch.action.support.master.TransportMasterNodeOperationAction$2]
	at org.elasticsearch.common.util.concurrent.EsAbortPolicy.rejectedExecution(EsAbortPolicy.java:35)
	at java.util.concurrent.ThreadPoolExecutor.reject(ThreadPoolExecutor.java:767)
	at java.util.concurrent.ThreadPoolExecutor.execute(ThreadPoolExecutor.java:658)
	at org.elasticsearch.action.support.master.TransportMasterNodeOperationAction.innerExecute(TransportMasterNodeOperationAction.java:132)
	at org.elasticsearch.action.support.master.TransportMasterNodeOperationAction.doExecute(TransportMasterNodeOperationAction.java:86)
	at org.elasticsearch.action.support.master.TransportMasterNodeOperationAction.doExecute(TransportMasterNodeOperationAction.java:42)
	at org.elasticsearch.action.support.TransportAction.execute(TransportAction.java:61)
	at org.elasticsearch.client.node.NodeClusterAdminClient.execute(NodeClusterAdminClient.java:72)
	at org.elasticsearch.client.support.AbstractClusterAdminClient.health(AbstractClusterAdminClient.java:83)
	at org.elasticsearch.action.admin.cluster.health.ClusterHealthRequestBuilder.doExecute(ClusterHealthRequestBuilder.java:98)
	at org.elasticsearch.action.ActionRequestBuilder.execute(ActionRequestBuilder.java:62)
	at org.elasticsearch.action.ActionRequestBuilder.execute(ActionRequestBuilder.java:57)
	at org.elasticsearch.action.ActionRequestBuilder$execute.call(Unknown Source)
	at com.rackspace.search.elasticsearch.ElasticSearchServer.getHealthInformation(ElasticSearchServer.groovy:55)
	at com.rackspace.search.elasticsearch.ElasticSearchServer.getHealthStatus(ElasticSearchServer.groovy:51)
	at com.rackspace.search.elasticsearch.ElasticSearchServer.waitForYellowStatus(ElasticSearchServer.groovy:69)
	at com.rackspace.search.elasticsearch.ElasticSearchServer$waitForYellowStatus.call(Unknown Source)
	at com.rackspace.search.service.account.AccountOngoingSyncJob.setupJob(AccountOngoingSyncJob.groovy:96)
	at sun.reflect.NativeMethodAccessorImpl.invoke0(Native Method)
	at sun.reflect.NativeMethodAccessorImpl.invoke(NativeMethodAccessorImpl.java:39)
	at sun.reflect.DelegatingMethodAccessorImpl.invoke(DelegatingMethodAccessorImpl.java:25)
	at java.lang.reflect.Method.invoke(Method.java:597)
	at org.codehaus.groovy.reflection.CachedMethod.invoke(CachedMethod.java:90)
	at groovy.lang.MetaMethod.doMethodInvoke(MetaMethod.java:233)
	at groovy.lang.MetaClassImpl.invokeMethod(MetaClassImpl.java:1085)
	at org.codehaus.groovy.runtime.ScriptBytecodeAdapter.invokeMethodOnCurrentN(ScriptBytecodeAdapter.java:78)
	at com.rackspace.search.service.account.AccountOngoingSyncJob.this$dist$invoke$1(AccountOngoingSyncJob.groovy)
	at com.rackspace.search.service.account.AccountOngoingSyncJob$1.methodMissing(AccountOngoingSyncJob.groovy)
	at sun.reflect.NativeMethodAccessorImpl.invoke0(Native Method)
	at sun.reflect.NativeMethodAccessorImpl.invoke(NativeMethodAccessorImpl.java:39)
	at sun.reflect.DelegatingMethodAccessorImpl.invoke(DelegatingMethodAccessorImpl.java:25)
	at java.lang.reflect.Method.invoke(Method.java:597)
	at org.codehaus.groovy.reflection.CachedMethod.invoke(CachedMethod.java:90)
	at groovy.lang.MetaClassImpl.invokeMissingMethod(MetaClassImpl.java:837)
	at groovy.lang.MetaClassImpl.invokePropertyOrMissing(MetaClassImpl.java:1134)
	at groovy.lang.MetaClassImpl.invokeMethod(MetaClassImpl.java:1087)
	at groovy.lang.MetaClassImpl.invokeMethod(MetaClassImpl.java:909)
	at org.codehaus.groovy.runtime.callsite.PogoMetaClassSite.callCurrent(PogoMetaClassSite.java:66)
	at org.codehaus.groovy.runtime.callsite.AbstractCallSite.callCurrent(AbstractCallSite.java:137)
	at com.rackspace.search.service.account.AccountOngoingSyncJob$1.run(AccountOngoingSyncJob.groovy:78)
	at java.util.TimerThread.mainLoop(Timer.java:512)
	at java.util.TimerThread.run(Timer.java:462)
Exception in thread &quot;Timer-97&quot; org.elasticsearch.common.util.concurrent.EsRejectedExecutionException: rejected execution of [org.elasticsearch.action.support.master.TransportMasterNodeOperationAction$2]
	at org.elasticsearch.common.util.concurrent.EsAbortPolicy.rejectedExecution(EsAbortPolicy.java:35)
	at java.util.concurrent.ThreadPoolExecutor.reject(ThreadPoolExecutor.java:767)
	at java.util.concurrent.ThreadPoolExecutor.execute(ThreadPoolExecutor.java:658)
	at org.elasticsearch.action.support.master.TransportMasterNodeOperationAction.innerExecute(TransportMasterNodeOperationAction.java:132)
	at org.elasticsearch.action.support.master.TransportMasterNodeOperationAction.doExecute(TransportMasterNodeOperationAction.java:86)
	at org.elasticsearch.action.support.master.TransportMasterNodeOperationAction.doExecute(TransportMasterNodeOperationAction.java:42)
	at org.elasticsearch.action.support.TransportAction.execute(TransportAction.java:61)
	at org.elasticsearch.client.node.NodeClusterAdminClient.execute(NodeClusterAdminClient.java:72)
	at org.elasticsearch.client.support.AbstractClusterAdminClient.health(AbstractClusterAdminClient.java:83)
	at org.elasticsearch.action.admin.cluster.health.ClusterHealthRequestBuilder.doExecute(ClusterHealthRequestBuilder.java:98)
	at org.elasticsearch.action.ActionRequestBuilder.execute(ActionRequestBuilder.java:62)
	at org.elasticsearch.action.ActionRequestBuilder.execute(ActionRequestBuilder.java:57)
	at org.elasticsearch.action.ActionRequestBuilder$execute.call(Unknown Source)
	at com.rackspace.search.elasticsearch.ElasticSearchServer.getHealthInformation(ElasticSearchServer.groovy:55)
	at com.rackspace.search.elasticsearch.ElasticSearchServer.getHealthStatus(ElasticSearchServer.groovy:51)
	at com.rackspace.search.elasticsearch.ElasticSearchServer.waitForYellowStatus(ElasticSearchServer.groovy:69)
	at com.rackspace.search.elasticsearch.ElasticSearchServer$waitForYellowStatus.call(Unknown Source)
	at com.rackspace.search.service.admin.CoreTicketOndemandSyncJob.setupJob(CoreTicketOndemandSyncJob.groovy:98)
	at sun.reflect.NativeMethodAccessorImpl.invoke0(Native Method)
	at sun.reflect.NativeMethodAccessorImpl.invoke(NativeMethodAccessorImpl.java:39)
	at sun.reflect.DelegatingMethodAccessorImpl.invoke(DelegatingMethodAccessorImpl.java:25)
	at java.lang.reflect.Method.invoke(Method.java:597)
	at org.codehaus.groovy.reflection.CachedMethod.invoke(CachedMethod.java:90)
	at groovy.lang.MetaMethod.doMethodInvoke(MetaMethod.java:233)
	at groovy.lang.MetaClassImpl.invokeMethod(MetaClassImpl.java:1085)
	at org.codehaus.groovy.runtime.ScriptBytecodeAdapter.invokeMethodOnCurrentN(ScriptBytecodeAdapter.java:78)
	at com.rackspace.search.service.admin.CoreTicketOndemandSyncJob.this$dist$invoke$1(CoreTicketOndemandSyncJob.groovy)
	at com.rackspace.search.service.admin.CoreTicketOndemandSyncJob$1.methodMissing(CoreTicketOndemandSyncJob.groovy)
	at sun.reflect.NativeMethodAccessorImpl.invoke0(Native Method)
	at sun.reflect.NativeMethodAccessorImpl.invoke(NativeMethodAccessorImpl.java:39)
	at sun.reflect.DelegatingMethodAccessorImpl.invoke(DelegatingMethodAccessorImpl.java:25)
	at java.lang.reflect.Method.invoke(Method.java:597)
	at org.codehaus.groovy.reflection.CachedMethod.invoke(CachedMethod.java:90)
	at groovy.lang.MetaClassImpl.invokeMissingMethod(MetaClassImpl.java:837)
	at groovy.lang.MetaClassImpl.invokePropertyOrMissing(MetaClassImpl.java:1134)
	at groovy.lang.MetaClassImpl.invokeMethod(MetaClassImpl.java:1087)
	at groovy.lang.MetaClassImpl.invokeMethod(MetaClassImpl.java:909)
	at org.codehaus.groovy.runtime.callsite.PogoMetaClassSite.callCurrent(PogoMetaClassSite.java:66)
	at org.codehaus.groovy.runtime.callsite.AbstractCallSite.callCurrent(AbstractCallSite.java:137)
	at com.rackspace.search.service.admin.CoreTicketOndemandSyncJob$1.run(CoreTicketOndemandSyncJob.groovy:82)
	at java.util.TimerThread.mainLoop(Timer.java:512)
	at java.util.TimerThread.run(Timer.java:462)
Exception in thread &quot;Timer-98&quot; org.elasticsearch.common.util.concurrent.EsRejectedExecutionException: rejected execution of [org.elasticsearch.action.support.master.TransportMasterNodeOperationAction$2]
	at org.elasticsearch.common.util.concurrent.EsAbortPolicy.rejectedExecution(EsAbortPolicy.java:35)
	at java.util.concurrent.ThreadPoolExecutor.reject(ThreadPoolExecutor.java:767)
	at java.util.concurrent.ThreadPoolExecutor.execute(ThreadPoolExecutor.java:658)
	at org.elasticsearch.action.support.master.TransportMasterNodeOperationAction.innerExecute(TransportMasterNodeOperationAction.java:132)
	at org.elasticsearch.action.support.master.TransportMasterNodeOperationAction.doExecute(TransportMasterNodeOperationAction.java:86)
	at org.elasticsearch.action.support.master.TransportMasterNodeOperationAction.doExecute(TransportMasterNodeOperationAction.java:42)
	at org.elasticsearch.action.support.TransportAction.execute(TransportAction.java:61)
	at org.elasticsearch.client.node.NodeClusterAdminClient.execute(NodeClusterAdminClient.java:72)
	at org.elasticsearch.client.support.AbstractClusterAdminClient.health(AbstractClusterAdminClient.java:83)
	at org.elasticsearch.action.admin.cluster.health.ClusterHealthRequestBuilder.doExecute(ClusterHealthRequestBuilder.java:98)
	at org.elasticsearch.action.ActionRequestBuilder.execute(ActionRequestBuilder.java:62)
	at org.elasticsearch.action.ActionRequestBuilder.execute(ActionRequestBuilder.java:57)
	at org.elasticsearch.action.ActionRequestBuilder$execute.call(Unknown Source)
	at com.rackspace.search.elasticsearch.ElasticSearchServer.getHealthInformation(ElasticSearchServer.groovy:55)
	at com.rackspace.search.elasticsearch.ElasticSearchServer.getHealthStatus(ElasticSearchServer.groovy:51)
	at com.rackspace.search.elasticsearch.ElasticSearchServer.waitForYellowStatus(ElasticSearchServer.groovy:69)
	at com.rackspace.search.elasticsearch.ElasticSearchServer$waitForYellowStatus.call(Unknown Source)
	at com.rackspace.search.service.core.CoreTicketSecondPassSyncJob.setupJob(CoreTicketSecondPassSyncJob.groovy:90)
	at com.rackspace.search.service.core.CoreTicketSecondPassSyncJob.this$2$setupJob(CoreTicketSecondPassSyncJob.groovy)
	at sun.reflect.NativeMethodAccessorImpl.invoke0(Native Method)
	at sun.reflect.NativeMethodAccessorImpl.invoke(NativeMethodAccessorImpl.java:39)
	at sun.reflect.DelegatingMethodAccessorImpl.invoke(DelegatingMethodAccessorImpl.java:25)
	at java.lang.reflect.Method.invoke(Method.java:597)
	at org.codehaus.groovy.reflection.CachedMethod.invoke(CachedMethod.java:90)
	at groovy.lang.MetaMethod.doMethodInvoke(MetaMethod.java:233)
	at groovy.lang.MetaClassImpl.invokeMethod(MetaClassImpl.java:1085)
	at org.codehaus.groovy.runtime.ScriptBytecodeAdapter.invokeMethodOnCurrentN(ScriptBytecodeAdapter.java:78)
	at com.rackspace.search.service.core.CoreTicketSecondPassSyncJob.this$dist$invoke$1(CoreTicketSecondPassSyncJob.groovy)
	at com.rackspace.search.service.core.CoreTicketSecondPassSyncJob$1.methodMissing(CoreTicketSecondPassSyncJob.groovy)
	at sun.reflect.NativeMethodAccessorImpl.invoke0(Native Method)
	at sun.reflect.NativeMethodAccessorImpl.invoke(NativeMethodAccessorImpl.java:39)
	at sun.reflect.DelegatingMethodAccessorImpl.invoke(DelegatingMethodAccessorImpl.java:25)
	at java.lang.reflect.Method.invoke(Method.java:597)
	at org.codehaus.groovy.reflection.CachedMethod.invoke(CachedMethod.java:90)
	at groovy.lang.MetaClassImpl.invokeMissingMethod(MetaClassImpl.java:837)
	at groovy.lang.MetaClassImpl.invokePropertyOrMissing(MetaClassImpl.java:1134)
	at groovy.lang.MetaClassImpl.invokeMethod(MetaClassImpl.java:1087)
	at groovy.lang.MetaClassImpl.invokeMethod(MetaClassImpl.java:909)
	at org.codehaus.groovy.runtime.callsite.PogoMetaClassSite.callCurrent(PogoMetaClassSite.java:66)
	at org.codehaus.groovy.runtime.callsite.AbstractCallSite.callCurrent(AbstractCallSite.java:137)
	at com.rackspace.search.service.core.CoreTicketSecondPassSyncJob$1.run(CoreTicketSecondPassSyncJob.groovy:74)
	at java.util.TimerThread.mainLoop(Timer.java:512)
	at java.util.TimerThread.run(Timer.java:462)
Exception in thread &quot;Timer-99&quot; org.elasticsearch.common.util.concurrent.EsRejectedExecutionException: rejected execution of [org.elasticsearch.action.support.master.TransportMasterNodeOperationAction$2]
	at org.elasticsearch.common.util.concurrent.EsAbortPolicy.rejectedExecution(EsAbortPolicy.java:35)
	at java.util.concurrent.ThreadPoolExecutor.reject(ThreadPoolExecutor.java:767)
	at java.util.concurrent.ThreadPoolExecutor.execute(ThreadPoolExecutor.java:658)
	at org.elasticsearch.action.support.master.TransportMasterNodeOperationAction.innerExecute(TransportMasterNodeOperationAction.java:132)
	at org.elasticsearch.action.support.master.TransportMasterNodeOperationAction.doExecute(TransportMasterNodeOperationAction.java:86)
	at org.elasticsearch.action.support.master.TransportMasterNodeOperationAction.doExecute(TransportMasterNodeOperationAction.java:42)
	at org.elasticsearch.action.support.TransportAction.execute(TransportAction.java:61)
	at org.elasticsearch.client.node.NodeClusterAdminClient.execute(NodeClusterAdminClient.java:72)
	at org.elasticsearch.client.support.AbstractClusterAdminClient.health(AbstractClusterAdminClient.java:83)
	at org.elasticsearch.action.admin.cluster.health.ClusterHealthRequestBuilder.doExecute(ClusterHealthRequestBuilder.java:98)
	at org.elasticsearch.action.ActionRequestBuilder.execute(ActionRequestBuilder.java:62)
	at org.elasticsearch.action.ActionRequestBuilder.execute(ActionRequestBuilder.java:57)
	at org.elasticsearch.action.ActionRequestBuilder$execute.call(Unknown Source)
	at com.rackspace.search.elasticsearch.ElasticSearchServer.getHealthInformation(ElasticSearchServer.groovy:55)
	at com.rackspace.search.elasticsearch.ElasticSearchServer.getHealthStatus(ElasticSearchServer.groovy:51)
	at com.rackspace.search.elasticsearch.ElasticSearchServer.waitForYellowStatus(ElasticSearchServer.groovy:69)
	at com.rackspace.search.elasticsearch.ElasticSearchServer$waitForYellowStatus.call(Unknown Source)
	at com.rackspace.search.service.account.CoreAccountUpdateSyncJob.setupJob(CoreAccountUpdateSyncJob.groovy:95)
	at com.rackspace.search.service.account.CoreAccountUpdateSyncJob.this$2$setupJob(CoreAccountUpdateSyncJob.groovy)
	at sun.reflect.NativeMethodAccessorImpl.invoke0(Native Method)
	at sun.reflect.NativeMethodAccessorImpl.invoke(NativeMethodAccessorImpl.java:39)
	at sun.reflect.DelegatingMethodAccessorImpl.invoke(DelegatingMethodAccessorImpl.java:25)
	at java.lang.reflect.Method.invoke(Method.java:597)
	at org.codehaus.groovy.reflection.CachedMethod.invoke(CachedMethod.java:90)
	at groovy.lang.MetaMethod.doMethodInvoke(MetaMethod.java:233)
	at groovy.lang.MetaClassImpl.invokeMethod(MetaClassImpl.java:1085)
	at org.codehaus.groovy.runtime.ScriptBytecodeAdapter.invokeMethodOnCurrentN(ScriptBytecodeAdapter.java:78)
	at com.rackspace.search.service.account.CoreAccountUpdateSyncJob.this$dist$invoke$1(CoreAccountUpdateSyncJob.groovy)
	at com.rackspace.search.service.account.CoreAccountUpdateSyncJob$1.methodMissing(CoreAccountUpdateSyncJob.groovy)
	at sun.reflect.NativeMethodAccessorImpl.invoke0(Native Method)
	at sun.reflect.NativeMethodAccessorImpl.invoke(NativeMethodAccessorImpl.java:39)
	at sun.reflect.DelegatingMethodAccessorImpl.invoke(DelegatingMethodAccessorImpl.java:25)
	at java.lang.reflect.Method.invoke(Method.java:597)
	at org.codehaus.groovy.reflection.CachedMethod.invoke(CachedMethod.java:90)
	at groovy.lang.MetaClassImpl.invokeMissingMethod(MetaClassImpl.java:837)
	at groovy.lang.MetaClassImpl.invokePropertyOrMissing(MetaClassImpl.java:1134)
	at groovy.lang.MetaClassImpl.invokeMethod(MetaClassImpl.java:1087)
	at groovy.lang.MetaClassImpl.invokeMethod(MetaClassImpl.java:909)
	at org.codehaus.groovy.runtime.callsite.PogoMetaClassSite.callCurrent(PogoMetaClassSite.java:66)
	at org.codehaus.groovy.runtime.callsite.AbstractCallSite.callCurrent(AbstractCallSite.java:137)
	at com.rackspace.search.service.account.CoreAccountUpdateSyncJob$1.run(CoreAccountUpdateSyncJob.groovy:78)
	at java.util.TimerThread.mainLoop(Timer.java:512)
	at java.util.TimerThread.run(Timer.java:462)
Exception in thread &quot;Timer-100&quot; org.elasticsearch.common.util.concurrent.EsRejectedExecutionException: rejected execution of [org.elasticsearch.action.support.master.TransportMasterNodeOperationAction$2]
	at org.elasticsearch.common.util.concurrent.EsAbortPolicy.rejectedExecution(EsAbortPolicy.java:35)
	at java.util.concurrent.ThreadPoolExecutor.reject(ThreadPoolExecutor.java:767)
	at java.util.concurrent.ThreadPoolExecutor.execute(ThreadPoolExecutor.java:658)
	at org.elasticsearch.action.support.master.TransportMasterNodeOperationAction.innerExecute(TransportMasterNodeOperationAction.java:132)
	at org.elasticsearch.action.support.master.TransportMasterNodeOperationAction.doExecute(TransportMasterNodeOperationAction.java:86)
	at org.elasticsearch.action.support.master.TransportMasterNodeOperationAction.doExecute(TransportMasterNodeOperationAction.java:42)
	at org.elasticsearch.action.support.TransportAction.execute(TransportAction.java:61)
	at org.elasticsearch.client.node.NodeClusterAdminClient.execute(NodeClusterAdminClient.java:72)
	at org.elasticsearch.client.support.AbstractClusterAdminClient.health(AbstractClusterAdminClient.java:83)
	at org.elasticsearch.action.admin.cluster.health.ClusterHealthRequestBuilder.doExecute(ClusterHealthRequestBuilder.java:98)
	at org.elasticsearch.action.ActionRequestBuilder.execute(ActionRequestBuilder.java:62)
	at org.elasticsearch.action.ActionRequestBuilder.execute(ActionRequestBuilder.java:57)
	at org.elasticsearch.action.ActionRequestBuilder$execute.call(Unknown Source)
	at com.rackspace.search.elasticsearch.ElasticSearchServer.getHealthInformation(ElasticSearchServer.groovy:55)
	at com.rackspace.search.elasticsearch.ElasticSearchServer.getHealthStatus(ElasticSearchServer.groovy:51)
	at com.rackspace.search.elasticsearch.ElasticSearchServer.waitForYellowStatus(ElasticSearchServer.groovy:69)
	at com.rackspace.search.elasticsearch.ElasticSearchServer$waitForYellowStatus.call(Unknown Source)
	at com.rackspace.search.service.admin.AccountOndemandSyncJob.setupJob(AccountOndemandSyncJob.groovy:126)
	at sun.reflect.NativeMethodAccessorImpl.invoke0(Native Method)
	at sun.reflect.NativeMethodAccessorImpl.invoke(NativeMethodAccessorImpl.java:39)
	at sun.reflect.DelegatingMethodAccessorImpl.invoke(DelegatingMethodAccessorImpl.java:25)
	at java.lang.reflect.Method.invoke(Method.java:597)
	at org.codehaus.groovy.reflection.CachedMethod.invoke(CachedMethod.java:90)
	at groovy.lang.MetaMethod.doMethodInvoke(MetaMethod.java:233)
	at groovy.lang.MetaClassImpl.invokeMethod(MetaClassImpl.java:1085)
	at org.codehaus.groovy.runtime.ScriptBytecodeAdapter.invokeMethodOnCurrentN(ScriptBytecodeAdapter.java:78)
	at com.rackspace.search.service.admin.AccountOndemandSyncJob.this$dist$invoke$1(AccountOndemandSyncJob.groovy)
	at com.rackspace.search.service.admin.AccountOndemandSyncJob$1.methodMissing(AccountOndemandSyncJob.groovy)
	at sun.reflect.NativeMethodAccessorImpl.invoke0(Native Method)
	at sun.reflect.NativeMethodAccessorImpl.invoke(NativeMethodAccessorImpl.java:39)
	at sun.reflect.DelegatingMethodAccessorImpl.invoke(DelegatingMethodAccessorImpl.java:25)
	at java.lang.reflect.Method.invoke(Method.java:597)
	at org.codehaus.groovy.reflection.CachedMethod.invoke(CachedMethod.java:90)
	at groovy.lang.MetaClassImpl.invokeMissingMethod(MetaClassImpl.java:837)
	at groovy.lang.MetaClassImpl.invokePropertyOrMissing(MetaClassImpl.java:1134)
	at groovy.lang.MetaClassImpl.invokeMethod(MetaClassImpl.java:1087)
	at groovy.lang.MetaClassImpl.invokeMethod(MetaClassImpl.java:909)
	at org.codehaus.groovy.runtime.callsite.PogoMetaClassSite.callCurrent(PogoMetaClassSite.java:66)
	at org.codehaus.groovy.runtime.callsite.AbstractCallSite.callCurrent(AbstractCallSite.java:137)
	at com.rackspace.search.service.admin.AccountOndemandSyncJob$1.run(AccountOndemandSyncJob.groovy:110)
	at java.util.TimerThread.mainLoop(Timer.java:512)
	at java.util.TimerThread.run(Timer.java:462)
</stderr>
          <failedSince>7</failedSince>
        </case>
        <case>
          <duration>5.031</duration>
          <className>com.rackspace.search.elasticsearch.client.ElasticSearchClientTest</className>
          <testName>if there is a valid value set to limit in the QueryParams\u002C should return given size</testName>
          <skipped>false</skipped>
          <errorStackTrace>java.lang.NullPointerException: Cannot invoke method getClient() on null object
	at com.rackspace.search.elasticsearch.client.ElasticSearchClientTest.cleanup(ElasticSearchClientTest.groovy:92)
</errorStackTrace>
          <errorDetails>Cannot invoke method getClient() on null object</errorDetails>
          <failedSince>7</failedSince>
        </case>
        <case>
          <duration>8.672</duration>
          <className>com.rackspace.search.elasticsearch.client.ElasticSearchClientTest</className>
          <testName>if limit is greater than maxPageSize\u002C should return given size</testName>
          <skipped>false</skipped>
          <errorStackTrace>java.lang.IllegalStateException: Failed to load ApplicationContext
	at org.springframework.test.context.TestContext.getApplicationContext(TestContext.java:308)
	at org.springframework.test.context.support.DependencyInjectionTestExecutionListener.injectDependencies(DependencyInjectionTestExecutionListener.java:109)
	at org.springframework.test.context.support.DependencyInjectionTestExecutionListener.prepareTestInstance(DependencyInjectionTestExecutionListener.java:75)
	at org.springframework.test.context.TestContextManager.prepareTestInstance(TestContextManager.java:321)
	at org.spockframework.spring.SpringTestContextManager.prepareTestInstance(SpringTestContextManager.java:49)
	at org.spockframework.spring.SpringInterceptor.interceptSetupMethod(SpringInterceptor.java:42)
	at org.spockframework.runtime.extension.AbstractMethodInterceptor.intercept(AbstractMethodInterceptor.java:28)
	at org.spockframework.runtime.extension.MethodInvocation.proceed(MethodInvocation.java:84)
	at org.spockframework.util.ReflectionUtil.invokeMethod(ReflectionUtil.java:138)
	at org.spockframework.util.ReflectionUtil.invokeMethod(ReflectionUtil.java:138)
	at org.spockframework.util.ReflectionUtil.invokeMethod(ReflectionUtil.java:138)
	at org.apache.maven.surefire.junit4.JUnit4TestSet.execute(JUnit4TestSet.java:53)
	at org.apache.maven.surefire.junit4.JUnit4Provider.executeTestSet(JUnit4Provider.java:123)
	at org.apache.maven.surefire.junit4.JUnit4Provider.invoke(JUnit4Provider.java:104)
	at org.apache.maven.surefire.util.ReflectionUtils.invokeMethodWithArray(ReflectionUtils.java:164)
	at org.apache.maven.surefire.booter.ProviderFactory$ProviderProxy.invoke(ProviderFactory.java:110)
	at org.apache.maven.surefire.booter.SurefireStarter.invokeProvider(SurefireStarter.java:175)
	at org.apache.maven.surefire.booter.SurefireStarter.runSuitesInProcessWhenForked(SurefireStarter.java:107)
	at org.apache.maven.surefire.booter.ForkedBooter.main(ForkedBooter.java:68)
Caused by: org.springframework.beans.factory.BeanCreationException: Error creating bean with name &apos;jobResource&apos;: Injection of autowired dependencies failed; nested exception is org.springframework.beans.factory.BeanCreationException: Could not autowire field: private com.rackspace.search.service.zendesk.ZendeskTicketOngoingSyncJob com.rackspace.search.endpoint.JobResource.zendeskTicketOngoingSyncJob; nested exception is org.springframework.beans.factory.BeanCreationException: Error creating bean with name &apos;zendeskTicketOngoingSyncJob&apos;: Injection of autowired dependencies failed; nested exception is org.springframework.beans.factory.BeanCreationException: Could not autowire field: private com.rackspace.search.service.zendesk.ZendeskTicketOngoingSyncActor com.rackspace.search.service.zendesk.ZendeskTicketOngoingSyncJob.ticketActor; nested exception is org.springframework.beans.factory.BeanCreationException: Error creating bean with name &apos;zendeskTicketOngoingSyncActor&apos;: Injection of autowired dependencies failed; nested exception is org.springframework.beans.factory.BeanCreationException: Could not autowire field: private com.rackspace.search.service.zendesk.ZendeskTicketProcessor com.rackspace.search.service.zendesk.ZendeskTicketOngoingSyncActor.zendeskTicketProcessor; nested exception is org.springframework.beans.factory.BeanCreationException: Error creating bean with name &apos;zendeskTicketProcessor&apos;: Injection of autowired dependencies failed; nested exception is org.springframework.beans.factory.BeanCreationException: Could not autowire field: private java.lang.Object com.rackspace.search.service.zendesk.ZendeskTicketProcessor.zendeskIndexName; nested exception is java.lang.IllegalArgumentException: Could not resolve placeholder &apos;zendesk.index.name&apos;
	at org.springframework.beans.factory.annotation.AutowiredAnnotationBeanPostProcessor.postProcessPropertyValues(AutowiredAnnotationBeanPostProcessor.java:288)
	at org.springframework.beans.factory.support.AbstractAutowireCapableBeanFactory.populateBean(AbstractAutowireCapableBeanFactory.java:1074)
	at org.springframework.beans.factory.support.AbstractAutowireCapableBeanFactory.doCreateBean(AbstractAutowireCapableBeanFactory.java:517)
	at org.springframework.beans.factory.support.AbstractAutowireCapableBeanFactory.createBean(AbstractAutowireCapableBeanFactory.java:456)
	at org.springframework.beans.factory.support.AbstractBeanFactory$1.getObject(AbstractBeanFactory.java:293)
	at org.springframework.beans.factory.support.DefaultSingletonBeanRegistry.getSingleton(DefaultSingletonBeanRegistry.java:222)
	at org.springframework.beans.factory.support.AbstractBeanFactory.doGetBean(AbstractBeanFactory.java:290)
	at org.springframework.beans.factory.support.AbstractBeanFactory.getBean(AbstractBeanFactory.java:192)
	at org.springframework.beans.factory.support.DefaultListableBeanFactory.preInstantiateSingletons(DefaultListableBeanFactory.java:585)
	at org.springframework.context.support.AbstractApplicationContext.finishBeanFactoryInitialization(AbstractApplicationContext.java:895)
	at org.springframework.context.support.AbstractApplicationContext.refresh(AbstractApplicationContext.java:425)
	at org.springframework.test.context.support.AbstractGenericContextLoader.loadContext(AbstractGenericContextLoader.java:84)
	at org.springframework.test.context.support.AbstractGenericContextLoader.loadContext(AbstractGenericContextLoader.java:1)
	at org.springframework.test.context.TestContext.loadApplicationContext(TestContext.java:280)
	at org.springframework.test.context.TestContext.getApplicationContext(TestContext.java:304)
	... 18 more
Caused by: org.springframework.beans.factory.BeanCreationException: Could not autowire field: private com.rackspace.search.service.zendesk.ZendeskTicketOngoingSyncJob com.rackspace.search.endpoint.JobResource.zendeskTicketOngoingSyncJob; nested exception is org.springframework.beans.factory.BeanCreationException: Error creating bean with name &apos;zendeskTicketOngoingSyncJob&apos;: Injection of autowired dependencies failed; nested exception is org.springframework.beans.factory.BeanCreationException: Could not autowire field: private com.rackspace.search.service.zendesk.ZendeskTicketOngoingSyncActor com.rackspace.search.service.zendesk.ZendeskTicketOngoingSyncJob.ticketActor; nested exception is org.springframework.beans.factory.BeanCreationException: Error creating bean with name &apos;zendeskTicketOngoingSyncActor&apos;: Injection of autowired dependencies failed; nested exception is org.springframework.beans.factory.BeanCreationException: Could not autowire field: private com.rackspace.search.service.zendesk.ZendeskTicketProcessor com.rackspace.search.service.zendesk.ZendeskTicketOngoingSyncActor.zendeskTicketProcessor; nested exception is org.springframework.beans.factory.BeanCreationException: Error creating bean with name &apos;zendeskTicketProcessor&apos;: Injection of autowired dependencies failed; nested exception is org.springframework.beans.factory.BeanCreationException: Could not autowire field: private java.lang.Object com.rackspace.search.service.zendesk.ZendeskTicketProcessor.zendeskIndexName; nested exception is java.lang.IllegalArgumentException: Could not resolve placeholder &apos;zendesk.index.name&apos;
	at org.springframework.beans.factory.annotation.AutowiredAnnotationBeanPostProcessor$AutowiredFieldElement.inject(AutowiredAnnotationBeanPostProcessor.java:508)
	at org.springframework.beans.factory.annotation.InjectionMetadata.inject(InjectionMetadata.java:84)
	at org.springframework.beans.factory.annotation.AutowiredAnnotationBeanPostProcessor.postProcessPropertyValues(AutowiredAnnotationBeanPostProcessor.java:285)
	... 32 more
Caused by: org.springframework.beans.factory.BeanCreationException: Error creating bean with name &apos;zendeskTicketOngoingSyncJob&apos;: Injection of autowired dependencies failed; nested exception is org.springframework.beans.factory.BeanCreationException: Could not autowire field: private com.rackspace.search.service.zendesk.ZendeskTicketOngoingSyncActor com.rackspace.search.service.zendesk.ZendeskTicketOngoingSyncJob.ticketActor; nested exception is org.springframework.beans.factory.BeanCreationException: Error creating bean with name &apos;zendeskTicketOngoingSyncActor&apos;: Injection of autowired dependencies failed; nested exception is org.springframework.beans.factory.BeanCreationException: Could not autowire field: private com.rackspace.search.service.zendesk.ZendeskTicketProcessor com.rackspace.search.service.zendesk.ZendeskTicketOngoingSyncActor.zendeskTicketProcessor; nested exception is org.springframework.beans.factory.BeanCreationException: Error creating bean with name &apos;zendeskTicketProcessor&apos;: Injection of autowired dependencies failed; nested exception is org.springframework.beans.factory.BeanCreationException: Could not autowire field: private java.lang.Object com.rackspace.search.service.zendesk.ZendeskTicketProcessor.zendeskIndexName; nested exception is java.lang.IllegalArgumentException: Could not resolve placeholder &apos;zendesk.index.name&apos;
	at org.springframework.beans.factory.annotation.AutowiredAnnotationBeanPostProcessor.postProcessPropertyValues(AutowiredAnnotationBeanPostProcessor.java:288)
	at org.springframework.beans.factory.support.AbstractAutowireCapableBeanFactory.populateBean(AbstractAutowireCapableBeanFactory.java:1074)
	at org.springframework.beans.factory.support.AbstractAutowireCapableBeanFactory.doCreateBean(AbstractAutowireCapableBeanFactory.java:517)
	at org.springframework.beans.factory.support.AbstractAutowireCapableBeanFactory.createBean(AbstractAutowireCapableBeanFactory.java:456)
	at org.springframework.beans.factory.support.AbstractBeanFactory$1.getObject(AbstractBeanFactory.java:293)
	at org.springframework.beans.factory.support.DefaultSingletonBeanRegistry.getSingleton(DefaultSingletonBeanRegistry.java:222)
	at org.springframework.beans.factory.support.AbstractBeanFactory.doGetBean(AbstractBeanFactory.java:290)
	at org.springframework.beans.factory.support.AbstractBeanFactory.getBean(AbstractBeanFactory.java:192)
	at org.springframework.beans.factory.support.DefaultListableBeanFactory.findAutowireCandidates(DefaultListableBeanFactory.java:848)
	at org.springframework.beans.factory.support.DefaultListableBeanFactory.doResolveDependency(DefaultListableBeanFactory.java:790)
	at org.springframework.beans.factory.support.DefaultListableBeanFactory.resolveDependency(DefaultListableBeanFactory.java:707)
	at org.springframework.beans.factory.annotation.AutowiredAnnotationBeanPostProcessor$AutowiredFieldElement.inject(AutowiredAnnotationBeanPostProcessor.java:480)
	... 34 more
Caused by: org.springframework.beans.factory.BeanCreationException: Could not autowire field: private com.rackspace.search.service.zendesk.ZendeskTicketOngoingSyncActor com.rackspace.search.service.zendesk.ZendeskTicketOngoingSyncJob.ticketActor; nested exception is org.springframework.beans.factory.BeanCreationException: Error creating bean with name &apos;zendeskTicketOngoingSyncActor&apos;: Injection of autowired dependencies failed; nested exception is org.springframework.beans.factory.BeanCreationException: Could not autowire field: private com.rackspace.search.service.zendesk.ZendeskTicketProcessor com.rackspace.search.service.zendesk.ZendeskTicketOngoingSyncActor.zendeskTicketProcessor; nested exception is org.springframework.beans.factory.BeanCreationException: Error creating bean with name &apos;zendeskTicketProcessor&apos;: Injection of autowired dependencies failed; nested exception is org.springframework.beans.factory.BeanCreationException: Could not autowire field: private java.lang.Object com.rackspace.search.service.zendesk.ZendeskTicketProcessor.zendeskIndexName; nested exception is java.lang.IllegalArgumentException: Could not resolve placeholder &apos;zendesk.index.name&apos;
	at org.springframework.beans.factory.annotation.AutowiredAnnotationBeanPostProcessor$AutowiredFieldElement.inject(AutowiredAnnotationBeanPostProcessor.java:508)
	at org.springframework.beans.factory.annotation.InjectionMetadata.inject(InjectionMetadata.java:84)
	at org.springframework.beans.factory.annotation.AutowiredAnnotationBeanPostProcessor.postProcessPropertyValues(AutowiredAnnotationBeanPostProcessor.java:285)
	... 45 more
Caused by: org.springframework.beans.factory.BeanCreationException: Error creating bean with name &apos;zendeskTicketOngoingSyncActor&apos;: Injection of autowired dependencies failed; nested exception is org.springframework.beans.factory.BeanCreationException: Could not autowire field: private com.rackspace.search.service.zendesk.ZendeskTicketProcessor com.rackspace.search.service.zendesk.ZendeskTicketOngoingSyncActor.zendeskTicketProcessor; nested exception is org.springframework.beans.factory.BeanCreationException: Error creating bean with name &apos;zendeskTicketProcessor&apos;: Injection of autowired dependencies failed; nested exception is org.springframework.beans.factory.BeanCreationException: Could not autowire field: private java.lang.Object com.rackspace.search.service.zendesk.ZendeskTicketProcessor.zendeskIndexName; nested exception is java.lang.IllegalArgumentException: Could not resolve placeholder &apos;zendesk.index.name&apos;
	at org.springframework.beans.factory.annotation.AutowiredAnnotationBeanPostProcessor.postProcessPropertyValues(AutowiredAnnotationBeanPostProcessor.java:288)
	at org.springframework.beans.factory.support.AbstractAutowireCapableBeanFactory.populateBean(AbstractAutowireCapableBeanFactory.java:1074)
	at org.springframework.beans.factory.support.AbstractAutowireCapableBeanFactory.doCreateBean(AbstractAutowireCapableBeanFactory.java:517)
	at org.springframework.beans.factory.support.AbstractAutowireCapableBeanFactory.createBean(AbstractAutowireCapableBeanFactory.java:456)
	at org.springframework.beans.factory.support.AbstractBeanFactory$1.getObject(AbstractBeanFactory.java:293)
	at org.springframework.beans.factory.support.DefaultSingletonBeanRegistry.getSingleton(DefaultSingletonBeanRegistry.java:222)
	at org.springframework.beans.factory.support.AbstractBeanFactory.doGetBean(AbstractBeanFactory.java:290)
	at org.springframework.beans.factory.support.AbstractBeanFactory.getBean(AbstractBeanFactory.java:192)
	at org.springframework.beans.factory.support.DefaultListableBeanFactory.findAutowireCandidates(DefaultListableBeanFactory.java:848)
	at org.springframework.beans.factory.support.DefaultListableBeanFactory.doResolveDependency(DefaultListableBeanFactory.java:790)
	at org.springframework.beans.factory.support.DefaultListableBeanFactory.resolveDependency(DefaultListableBeanFactory.java:707)
	at org.springframework.beans.factory.annotation.AutowiredAnnotationBeanPostProcessor$AutowiredFieldElement.inject(AutowiredAnnotationBeanPostProcessor.java:480)
	... 47 more
Caused by: org.springframework.beans.factory.BeanCreationException: Could not autowire field: private com.rackspace.search.service.zendesk.ZendeskTicketProcessor com.rackspace.search.service.zendesk.ZendeskTicketOngoingSyncActor.zendeskTicketProcessor; nested exception is org.springframework.beans.factory.BeanCreationException: Error creating bean with name &apos;zendeskTicketProcessor&apos;: Injection of autowired dependencies failed; nested exception is org.springframework.beans.factory.BeanCreationException: Could not autowire field: private java.lang.Object com.rackspace.search.service.zendesk.ZendeskTicketProcessor.zendeskIndexName; nested exception is java.lang.IllegalArgumentException: Could not resolve placeholder &apos;zendesk.index.name&apos;
	at org.springframework.beans.factory.annotation.AutowiredAnnotationBeanPostProcessor$AutowiredFieldElement.inject(AutowiredAnnotationBeanPostProcessor.java:508)
	at org.springframework.beans.factory.annotation.InjectionMetadata.inject(InjectionMetadata.java:84)
	at org.springframework.beans.factory.annotation.AutowiredAnnotationBeanPostProcessor.postProcessPropertyValues(AutowiredAnnotationBeanPostProcessor.java:285)
	... 58 more
Caused by: org.springframework.beans.factory.BeanCreationException: Error creating bean with name &apos;zendeskTicketProcessor&apos;: Injection of autowired dependencies failed; nested exception is org.springframework.beans.factory.BeanCreationException: Could not autowire field: private java.lang.Object com.rackspace.search.service.zendesk.ZendeskTicketProcessor.zendeskIndexName; nested exception is java.lang.IllegalArgumentException: Could not resolve placeholder &apos;zendesk.index.name&apos;
	at org.springframework.beans.factory.annotation.AutowiredAnnotationBeanPostProcessor.postProcessPropertyValues(AutowiredAnnotationBeanPostProcessor.java:288)
	at org.springframework.beans.factory.support.AbstractAutowireCapableBeanFactory.populateBean(AbstractAutowireCapableBeanFactory.java:1074)
	at org.springframework.beans.factory.support.AbstractAutowireCapableBeanFactory.doCreateBean(AbstractAutowireCapableBeanFactory.java:517)
	at org.springframework.beans.factory.support.AbstractAutowireCapableBeanFactory.createBean(AbstractAutowireCapableBeanFactory.java:456)
	at org.springframework.beans.factory.support.AbstractBeanFactory$1.getObject(AbstractBeanFactory.java:293)
	at org.springframework.beans.factory.support.DefaultSingletonBeanRegistry.getSingleton(DefaultSingletonBeanRegistry.java:222)
	at org.springframework.beans.factory.support.AbstractBeanFactory.doGetBean(AbstractBeanFactory.java:290)
	at org.springframework.beans.factory.support.AbstractBeanFactory.getBean(AbstractBeanFactory.java:192)
	at org.springframework.beans.factory.support.DefaultListableBeanFactory.findAutowireCandidates(DefaultListableBeanFactory.java:848)
	at org.springframework.beans.factory.support.DefaultListableBeanFactory.doResolveDependency(DefaultListableBeanFactory.java:790)
	at org.springframework.beans.factory.support.DefaultListableBeanFactory.resolveDependency(DefaultListableBeanFactory.java:707)
	at org.springframework.beans.factory.annotation.AutowiredAnnotationBeanPostProcessor$AutowiredFieldElement.inject(AutowiredAnnotationBeanPostProcessor.java:480)
	... 60 more
Caused by: org.springframework.beans.factory.BeanCreationException: Could not autowire field: private java.lang.Object com.rackspace.search.service.zendesk.ZendeskTicketProcessor.zendeskIndexName; nested exception is java.lang.IllegalArgumentException: Could not resolve placeholder &apos;zendesk.index.name&apos;
	at org.springframework.beans.factory.annotation.AutowiredAnnotationBeanPostProcessor$AutowiredFieldElement.inject(AutowiredAnnotationBeanPostProcessor.java:508)
	at org.springframework.beans.factory.annotation.InjectionMetadata.inject(InjectionMetadata.java:84)
	at org.springframework.beans.factory.annotation.AutowiredAnnotationBeanPostProcessor.postProcessPropertyValues(AutowiredAnnotationBeanPostProcessor.java:285)
	... 71 more
Caused by: java.lang.IllegalArgumentException: Could not resolve placeholder &apos;zendesk.index.name&apos;
	at org.springframework.util.PropertyPlaceholderHelper.parseStringValue(PropertyPlaceholderHelper.java:173)
	at org.springframework.util.PropertyPlaceholderHelper.replacePlaceholders(PropertyPlaceholderHelper.java:125)
	at org.springframework.beans.factory.config.PropertyPlaceholderConfigurer$PlaceholderResolvingStringValueResolver.resolveStringValue(PropertyPlaceholderConfigurer.java:403)
	at org.springframework.beans.factory.support.AbstractBeanFactory.resolveEmbeddedValue(AbstractBeanFactory.java:747)
	at org.springframework.beans.factory.support.DefaultListableBeanFactory.doResolveDependency(DefaultListableBeanFactory.java:717)
	at org.springframework.beans.factory.support.DefaultListableBeanFactory.resolveDependency(DefaultListableBeanFactory.java:707)
	at org.springframework.beans.factory.annotation.AutowiredAnnotationBeanPostProcessor$AutowiredFieldElement.inject(AutowiredAnnotationBeanPostProcessor.java:480)
	... 73 more
</errorStackTrace>
          <errorDetails>Failed to load ApplicationContext</errorDetails>
          <stdout>22:05:54.130 [main] INFO  c.r.s.common.property.PropertyProvider - Loading properties file from file [/var/lib/jenkins/jobs/Samatha Fork/workspace/service/target/properties/local/search.properties]
22:05:54.130 [main] INFO  c.r.s.common.property.PropertyProvider - Loading properties file from file [/var/lib/jenkins/jobs/Samatha Fork/workspace/service/target/properties/local/search.secrets.properties]
22:05:54.131 [main] INFO  c.r.s.common.property.PropertyProvider - Loading properties file from file [/var/lib/jenkins/jobs/Samatha Fork/workspace/service/target/properties/local/elasticsearch.properties]
22:05:54.192 [main] INFO  c.r.s.elasticsearch.ElasticSearchServer - Starting the Elastic Search server node:
22:05:54.195 [main] INFO  org.elasticsearch.node - [ticket.node] {0.90.2}[25471]: initializing ...
22:05:54.196 [main] INFO  org.elasticsearch.plugins - [ticket.node] loaded [action-updatebyquery], sites []
22:05:57.925 [main] INFO  org.elasticsearch.node - [ticket.node] {0.90.2}[25471]: initialized
22:05:57.925 [main] INFO  c.r.s.elasticsearch.ElasticSearchServer - Starting the Elastic Search server node with these settings:
22:05:57.928 [main] INFO  c.r.s.elasticsearch.ElasticSearchServer - Elasticsearch Settings :  [elastic.config.path:/var/lib/jenkins/jobs/Samatha Fork/workspace/service/target/properties/local/elasticsearch, path.data:/var/lib/jenkins/jobs/Samatha Fork/workspace/service/target/elasticsearch/data, cluster.name:ticket.cluster, ticket.search.allowedNestedParams:account.contacts.name,account.contacts.role,account.contacts.sso, core.secondpass.lookbacktime.minutes:15, http.connection.timeout.in.milliseconds:65000, index.analysis.analyzer.search_standard.type:standard, cluster.health.check.wait.time.seconds:120, path.conf:/var/lib/jenkins/jobs/Samatha Fork/workspace/service/target/properties/local/elasticsearch, syncRequest.max.documents.size:250, ticket.ongoingsync.delay.seconds:2, core.account.caching.enabled:true, path.logs:/var/lib/jenkins/jobs/Samatha Fork/workspace/service/target/elasticsearch/logs, http.enabled:true, ticket.document.idName:number, core.api.endpoint:https://ws.integration.core.rackspace.com/ctkapi, transport.tcp.compress:true, account.highprofile.name:HIGH_PROFILE, core.ongoingsync.loopback.time.seconds:120, account.cache.expiration.time.minutes:120, account.api.username:hybrid_ui, ticket.index.name:ticket, admin.index.name:admin, default.page.size:100, indices.structure:/indices_structure.json, account.filter.necessary.updates:true, index.store.fs.memory.enabled:false, index.number_of_shards:5, syncRequest.search.allowedRangeParams:createdAt,lastRunAt,documentLastUpdatedTimestamp, admin.document.type:syncJob, node.data:true, max.page.size:500, node.name:ticket.node, ticket.core.date.timezone:CST, ticket.search.allowedRangeParams:createdAt,updatedAt,lastPublicCommentDate,updateEventDate,documentLastUpdatedTimestamp, account.document.type:account, core.driver.class:org.postgresql.Driver, ticket.cache.expiration.time.minutes:120, core.api.username:rcameron, syncRequest.document.idName:id, discovery.zen.ping.multicast.enabled:false, core.db.url:jdbc:postgresql://integration.db.core.rackspace.com:5432/core_dev, account.update.tickets.pageSize:250, core.account.updates.enabled:true, account.document.versionParam:updatedAt, index.analysis.analyzer.search_standard.filter:[lowercase], bootstrap.mlockall:true, ticket.core.dateformat:yyyy-MM-dd HH:mm:ss, coreaccount.document.type:coreaccount, coreticket.onetimesync.usedb:true, node.master:true, coreaccount.document.idName:id, syncRequest.document.type:syncRequest, core.account.filter.necessary.updates:true, index.number_of_replicas:0, account.api.events.path:v1.0/accounts/events.atom, account.index.name:account, ticket.document.versionParam:updateEventDate, ticket.core.dateformat.with.millis:yyyy-MM-dd HH:mm:ss.SSSSSS, core.account.cache.expiration.time.minutes:120, ticket.document.type:ticket, account.caching.enabled:true, coreaccount.document.versionParam:updatedAt, ticket.caching.enabled:true, admin.document.idName:name, syncRequest.search.allowedTermParams:documentType,status,createdAt,lastRunAt,documentLastUpdatedTimestamp, core.secondpass.enabled:true, account.api.accounts.path:v1.0/accounts, cluster.routing.allocation.awareness.attributes:machine, facets.display.count:100, core.db.username:usq_read, node.machine:ticket.node, syncRequest.index.name:admin, ticket.search.allowedTermParams:sourceSystem,number,createdAt,updatedAt,updateEventDate,lastPublicCommentDate,status,queue.name,category,categoryObj.name,categoryObj.id,priority,assignee.name,hasWindowsServers,hasLinuxServers,severityName,assignee.sso,queue.id,accountServiceLevel,accountTeamTerritoryCode,account.serviceLevel,account.teamTerritoryCode,statusTypes,account.team,account.id,account.rcn,account.status,account.highProfile,documentLastUpdatedTimestamp,account.teamSegment,submitter.name,submitter.sso,account.contacts.name,account.contacts.role,account.contacts.sso,subCategoryObj.name,subCategoryObj.id,assignee.id,submitter.id, use.updateByQueryPlugin:false, account.api.endpoint:https://test.account.api.rackspace.com/, updated.timestamp.field.name:documentLastUpdatedTimestamp, ticket.elastic.dateformat:yyyy-MM-dd&apos;T&apos;HH:mm:ss.SSSZ, action.auto_create_index:1, account.document.idName:id, name:ticket.node] 
22:05:57.929 [main] INFO  org.elasticsearch.node - [ticket.node] {0.90.2}[25471]: starting ...
22:05:58.432 [main] INFO  org.elasticsearch.transport - [ticket.node] bound_address {inet[/0:0:0:0:0:0:0:0:9300]}, publish_address {inet[/10.14.208.252:9300]}
22:06:01.446 [elasticsearch[ticket.node][clusterService#updateTask][T#1]] INFO  org.elasticsearch.cluster.service - [ticket.node] new_master [ticket.node][q_iF-yrzTqqfYx3j9n2w8A][inet[/10.14.208.252:9300]]{machine=ticket.node, master=true}, reason: zen-disco-join (elected_as_master)
22:06:01.457 [main] INFO  org.elasticsearch.discovery - [ticket.node] ticket.cluster/q_iF-yrzTqqfYx3j9n2w8A
22:06:01.487 [main] INFO  org.elasticsearch.http - [ticket.node] bound_address {inet[/0:0:0:0:0:0:0:0:9200]}, publish_address {inet[/10.14.208.252:9200]}
22:06:01.488 [main] INFO  org.elasticsearch.node - [ticket.node] {0.90.2}[25471]: started
22:06:01.488 [main] INFO  c.r.s.elasticsearch.ElasticSearchServer - Elastic Search server is started.
22:06:01.489 [main] INFO  c.r.s.elasticsearch.ElasticSearchServer - ES cluster status is GREEN. Waiting for ES recovery.
22:06:01.489 [main] INFO  c.r.s.elasticsearch.ElasticSearchServer - Elastic Search Cluster Staus is GREEN
22:06:01.531 [elasticsearch[ticket.node][clusterService#updateTask][T#1]] INFO  org.elasticsearch.gateway - [ticket.node] recovered [0] indices into cluster_state
22:06:02.487 [main] ERROR c.r.s.e.client.ElasticSearchClient - Index is missing
org.elasticsearch.indices.IndexMissingException: [admin] missing
	at org.elasticsearch.cluster.metadata.MetaData.concreteIndex(MetaData.java:616) ~[elasticsearch-0.90.2.jar:na]
	at org.elasticsearch.action.get.TransportGetAction.resolveRequest(TransportGetAction.java:90) ~[elasticsearch-0.90.2.jar:na]
	at org.elasticsearch.action.get.TransportGetAction.resolveRequest(TransportGetAction.java:42) ~[elasticsearch-0.90.2.jar:na]
	at org.elasticsearch.action.support.single.shard.TransportShardSingleOperationAction$AsyncSingleAction.&lt;init&gt;(TransportShardSingleOperationAction.java:114) ~[elasticsearch-0.90.2.jar:na]
	at org.elasticsearch.action.support.single.shard.TransportShardSingleOperationAction$AsyncSingleAction.&lt;init&gt;(TransportShardSingleOperationAction.java:94) ~[elasticsearch-0.90.2.jar:na]
	at org.elasticsearch.action.support.single.shard.TransportShardSingleOperationAction.doExecute(TransportShardSingleOperationAction.java:71) ~[elasticsearch-0.90.2.jar:na]
	at org.elasticsearch.action.support.single.shard.TransportShardSingleOperationAction.doExecute(TransportShardSingleOperationAction.java:46) ~[elasticsearch-0.90.2.jar:na]
	at org.elasticsearch.action.support.TransportAction.execute(TransportAction.java:61) ~[elasticsearch-0.90.2.jar:na]
	at org.elasticsearch.client.node.NodeClient.execute(NodeClient.java:92) ~[elasticsearch-0.90.2.jar:na]
	at org.elasticsearch.client.support.AbstractClient.get(AbstractClient.java:179) ~[elasticsearch-0.90.2.jar:na]
	at org.elasticsearch.action.get.GetRequestBuilder.doExecute(GetRequestBuilder.java:112) ~[elasticsearch-0.90.2.jar:na]
	at org.elasticsearch.action.ActionRequestBuilder.execute(ActionRequestBuilder.java:62) ~[elasticsearch-0.90.2.jar:na]
	at org.elasticsearch.action.ActionRequestBuilder.execute(ActionRequestBuilder.java:57) ~[elasticsearch-0.90.2.jar:na]
	at org.elasticsearch.action.ActionRequestBuilder$execute.call(Unknown Source) ~[na:na]
	at com.rackspace.search.elasticsearch.client.ElasticSearchClient.getDocument(ElasticSearchClient.groovy:209) ~[classes/:na]
	at com.rackspace.search.elasticsearch.client.ElasticSearchClient$getDocument.call(Unknown Source) [classes/:na]
	at com.rackspace.search.service.JobService.getJob(JobService.groovy:56) [classes/:na]
	at com.rackspace.search.service.JobService$getJob$0.callCurrent(Unknown Source) [classes/:na]
	at com.rackspace.search.service.JobService.getJob(JobService.groovy:52) [classes/:na]
	at com.rackspace.search.service.JobService$getJob.call(Unknown Source) [classes/:na]
	at com.rackspace.search.service.admin.AccountOndemandSyncJob.windupActivities(AccountOndemandSyncJob.groovy:119) [classes/:na]
	at sun.reflect.GeneratedMethodAccessor70.invoke(Unknown Source) ~[na:na]
	at sun.reflect.DelegatingMethodAccessorImpl.invoke(DelegatingMethodAccessorImpl.java:25) ~[na:1.6.0_38]
	at java.lang.reflect.Method.invoke(Method.java:597) ~[na:1.6.0_38]
	at org.springframework.beans.factory.annotation.InitDestroyAnnotationBeanPostProcessor$LifecycleElement.invoke(InitDestroyAnnotationBeanPostProcessor.java:340) [spring-beans-3.0.6.RELEASE.jar:3.0.6.RELEASE]
	at org.springframework.beans.factory.annotation.InitDestroyAnnotationBeanPostProcessor$LifecycleMetadata.invokeDestroyMethods(InitDestroyAnnotationBeanPostProcessor.java:305) [spring-beans-3.0.6.RELEASE.jar:3.0.6.RELEASE]
	at org.springframework.beans.factory.annotation.InitDestroyAnnotationBeanPostProcessor.postProcessBeforeDestruction(InitDestroyAnnotationBeanPostProcessor.java:148) [spring-beans-3.0.6.RELEASE.jar:3.0.6.RELEASE]
	at org.springframework.beans.factory.support.DisposableBeanAdapter.destroy(DisposableBeanAdapter.java:166) [spring-beans-3.0.6.RELEASE.jar:3.0.6.RELEASE]
	at org.springframework.beans.factory.support.DefaultSingletonBeanRegistry.destroyBean(DefaultSingletonBeanRegistry.java:487) [spring-beans-3.0.6.RELEASE.jar:3.0.6.RELEASE]
	at org.springframework.beans.factory.support.DefaultSingletonBeanRegistry.destroySingleton(DefaultSingletonBeanRegistry.java:463) [spring-beans-3.0.6.RELEASE.jar:3.0.6.RELEASE]
	at org.springframework.beans.factory.support.DefaultSingletonBeanRegistry.destroySingletons(DefaultSingletonBeanRegistry.java:431) [spring-beans-3.0.6.RELEASE.jar:3.0.6.RELEASE]
	at org.springframework.context.support.AbstractApplicationContext.destroyBeans(AbstractApplicationContext.java:1048) [spring-context-3.0.6.RELEASE.jar:3.0.6.RELEASE]
	at org.springframework.context.support.AbstractApplicationContext.refresh(AbstractApplicationContext.java:433) [spring-context-3.0.6.RELEASE.jar:3.0.6.RELEASE]
	at org.springframework.test.context.support.AbstractGenericContextLoader.loadContext(AbstractGenericContextLoader.java:84) [spring-test-3.0.6.RELEASE.jar:3.0.6.RELEASE]
	at org.springframework.test.context.support.AbstractGenericContextLoader.loadContext(AbstractGenericContextLoader.java:1) [spring-test-3.0.6.RELEASE.jar:3.0.6.RELEASE]
	at org.springframework.test.context.TestContext.loadApplicationContext(TestContext.java:280) [spring-test-3.0.6.RELEASE.jar:3.0.6.RELEASE]
	at org.springframework.test.context.TestContext.getApplicationContext(TestContext.java:304) [spring-test-3.0.6.RELEASE.jar:3.0.6.RELEASE]
	at org.springframework.test.context.support.DependencyInjectionTestExecutionListener.injectDependencies(DependencyInjectionTestExecutionListener.java:109) [spring-test-3.0.6.RELEASE.jar:3.0.6.RELEASE]
	at org.springframework.test.context.support.DependencyInjectionTestExecutionListener.prepareTestInstance(DependencyInjectionTestExecutionListener.java:75) [spring-test-3.0.6.RELEASE.jar:3.0.6.RELEASE]
	at org.springframework.test.context.TestContextManager.prepareTestInstance(TestContextManager.java:321) [spring-test-3.0.6.RELEASE.jar:3.0.6.RELEASE]
	at org.spockframework.spring.SpringTestContextManager.prepareTestInstance(SpringTestContextManager.java:49) [spock-spring-0.7-groovy-2.0.jar:na]
	at org.spockframework.spring.SpringInterceptor.interceptSetupMethod(SpringInterceptor.java:42) [spock-spring-0.7-groovy-2.0.jar:na]
	at org.spockframework.runtime.extension.AbstractMethodInterceptor.intercept(AbstractMethodInterceptor.java:28) [spock-core-0.7-groovy-2.0.jar:na]
	at org.spockframework.runtime.extension.MethodInvocation.proceed(MethodInvocation.java:84) [spock-core-0.7-groovy-2.0.jar:na]
	at org.spockframework.runtime.BaseSpecRunner.invoke(BaseSpecRunner.java:319) [spock-core-0.7-groovy-2.0.jar:na]
	at org.spockframework.runtime.BaseSpecRunner.invokeSetup(BaseSpecRunner.java:279) [spock-core-0.7-groovy-2.0.jar:na]
	at org.spockframework.runtime.BaseSpecRunner.doRunIteration(BaseSpecRunner.java:255) [spock-core-0.7-groovy-2.0.jar:na]
	at sun.reflect.GeneratedMethodAccessor5.invoke(Unknown Source) ~[na:na]
	at sun.reflect.DelegatingMethodAccessorImpl.invoke(DelegatingMethodAccessorImpl.java:25) ~[na:1.6.0_38]
	at java.lang.reflect.Method.invoke(Method.java:597) ~[na:1.6.0_38]
	at org.spockframework.util.ReflectionUtil.invokeMethod(ReflectionUtil.java:138) [spock-core-0.7-groovy-2.0.jar:na]
	at org.spockframework.runtime.BaseSpecRunner.invokeRaw(BaseSpecRunner.java:330) [spock-core-0.7-groovy-2.0.jar:na]
	at org.spockframework.runtime.BaseSpecRunner.invoke(BaseSpecRunner.java:311) [spock-core-0.7-groovy-2.0.jar:na]
	at org.spockframework.runtime.BaseSpecRunner.runIteration(BaseSpecRunner.java:223) [spock-core-0.7-groovy-2.0.jar:na]
	at org.spockframework.runtime.BaseSpecRunner.initializeAndRunIteration(BaseSpecRunner.java:214) [spock-core-0.7-groovy-2.0.jar:na]
	at org.spockframework.runtime.BaseSpecRunner.runSimpleFeature(BaseSpecRunner.java:205) [spock-core-0.7-groovy-2.0.jar:na]
	at org.spockframework.runtime.BaseSpecRunner.doRunFeature(BaseSpecRunner.java:199) [spock-core-0.7-groovy-2.0.jar:na]
	at sun.reflect.GeneratedMethodAccessor7.invoke(Unknown Source) ~[na:na]
	at sun.reflect.DelegatingMethodAccessorImpl.invoke(DelegatingMethodAccessorImpl.java:25) ~[na:1.6.0_38]
	at java.lang.reflect.Method.invoke(Method.java:597) ~[na:1.6.0_38]
	at org.spockframework.util.ReflectionUtil.invokeMethod(ReflectionUtil.java:138) [spock-core-0.7-groovy-2.0.jar:na]
	at org.spockframework.runtime.BaseSpecRunner.invokeRaw(BaseSpecRunner.java:330) [spock-core-0.7-groovy-2.0.jar:na]
	at org.spockframework.runtime.BaseSpecRunner.invoke(BaseSpecRunner.java:311) [spock-core-0.7-groovy-2.0.jar:na]
	at org.spockframework.runtime.BaseSpecRunner.runFeature(BaseSpecRunner.java:175) [spock-core-0.7-groovy-2.0.jar:na]
	at org.spockframework.runtime.BaseSpecRunner.runFeatures(BaseSpecRunner.java:152) [spock-core-0.7-groovy-2.0.jar:na]
	at org.spockframework.runtime.BaseSpecRunner.doRunSpec(BaseSpecRunner.java:112) [spock-core-0.7-groovy-2.0.jar:na]
	at sun.reflect.GeneratedMethodAccessor11.invoke(Unknown Source) ~[na:na]
	at sun.reflect.DelegatingMethodAccessorImpl.invoke(DelegatingMethodAccessorImpl.java:25) ~[na:1.6.0_38]
	at java.lang.reflect.Method.invoke(Method.java:597) ~[na:1.6.0_38]
	at org.spockframework.util.ReflectionUtil.invokeMethod(ReflectionUtil.java:138) [spock-core-0.7-groovy-2.0.jar:na]
	at org.spockframework.runtime.BaseSpecRunner.invokeRaw(BaseSpecRunner.java:330) [spock-core-0.7-groovy-2.0.jar:na]
	at org.spockframework.runtime.BaseSpecRunner.invoke(BaseSpecRunner.java:311) [spock-core-0.7-groovy-2.0.jar:na]
	at org.spockframework.runtime.BaseSpecRunner.runSpec(BaseSpecRunner.java:91) [spock-core-0.7-groovy-2.0.jar:na]
	at org.spockframework.runtime.BaseSpecRunner.run(BaseSpecRunner.java:82) [spock-core-0.7-groovy-2.0.jar:na]
	at org.spockframework.runtime.Sputnik.run(Sputnik.java:63) [spock-core-0.7-groovy-2.0.jar:na]
	at org.apache.maven.surefire.junit4.JUnit4TestSet.execute(JUnit4TestSet.java:53) [surefire-junit4-2.10.jar:2.10]
	at org.apache.maven.surefire.junit4.JUnit4Provider.executeTestSet(JUnit4Provider.java:123) [surefire-junit4-2.10.jar:2.10]
	at org.apache.maven.surefire.junit4.JUnit4Provider.invoke(JUnit4Provider.java:104) [surefire-junit4-2.10.jar:2.10]
	at sun.reflect.NativeMethodAccessorImpl.invoke0(Native Method) ~[na:1.6.0_38]
	at sun.reflect.NativeMethodAccessorImpl.invoke(NativeMethodAccessorImpl.java:39) ~[na:1.6.0_38]
	at sun.reflect.DelegatingMethodAccessorImpl.invoke(DelegatingMethodAccessorImpl.java:25) ~[na:1.6.0_38]
	at java.lang.reflect.Method.invoke(Method.java:597) ~[na:1.6.0_38]
	at org.apache.maven.surefire.util.ReflectionUtils.invokeMethodWithArray(ReflectionUtils.java:164) [surefire-api-2.10.jar:2.10]
	at org.apache.maven.surefire.booter.ProviderFactory$ProviderProxy.invoke(ProviderFactory.java:110) [surefire-booter-2.10.jar:2.10]
	at org.apache.maven.surefire.booter.SurefireStarter.invokeProvider(SurefireStarter.java:175) [surefire-booter-2.10.jar:2.10]
	at org.apache.maven.surefire.booter.SurefireStarter.runSuitesInProcessWhenForked(SurefireStarter.java:107) [surefire-booter-2.10.jar:2.10]
	at org.apache.maven.surefire.booter.ForkedBooter.main(ForkedBooter.java:68) [surefire-booter-2.10.jar:2.10]
22:06:02.488 [main] WARN  o.s.c.a.CommonAnnotationBeanPostProcessor - Invocation of destroy method failed on bean with name &apos;accountOndemandSyncJob&apos;: com.rackspace.search.exception.NotFoundException: Index is missing
22:06:02.493 [main] ERROR c.r.s.e.client.ElasticSearchClient - Index is missing
org.elasticsearch.indices.IndexMissingException: [admin] missing
	at org.elasticsearch.cluster.metadata.MetaData.concreteIndex(MetaData.java:616) ~[elasticsearch-0.90.2.jar:na]
	at org.elasticsearch.action.get.TransportGetAction.resolveRequest(TransportGetAction.java:90) ~[elasticsearch-0.90.2.jar:na]
	at org.elasticsearch.action.get.TransportGetAction.resolveRequest(TransportGetAction.java:42) ~[elasticsearch-0.90.2.jar:na]
	at org.elasticsearch.action.support.single.shard.TransportShardSingleOperationAction$AsyncSingleAction.&lt;init&gt;(TransportShardSingleOperationAction.java:114) ~[elasticsearch-0.90.2.jar:na]
	at org.elasticsearch.action.support.single.shard.TransportShardSingleOperationAction$AsyncSingleAction.&lt;init&gt;(TransportShardSingleOperationAction.java:94) ~[elasticsearch-0.90.2.jar:na]
	at org.elasticsearch.action.support.single.shard.TransportShardSingleOperationAction.doExecute(TransportShardSingleOperationAction.java:71) ~[elasticsearch-0.90.2.jar:na]
	at org.elasticsearch.action.support.single.shard.TransportShardSingleOperationAction.doExecute(TransportShardSingleOperationAction.java:46) ~[elasticsearch-0.90.2.jar:na]
	at org.elasticsearch.action.support.TransportAction.execute(TransportAction.java:61) ~[elasticsearch-0.90.2.jar:na]
	at org.elasticsearch.client.node.NodeClient.execute(NodeClient.java:92) ~[elasticsearch-0.90.2.jar:na]
	at org.elasticsearch.client.support.AbstractClient.get(AbstractClient.java:179) ~[elasticsearch-0.90.2.jar:na]
	at org.elasticsearch.action.get.GetRequestBuilder.doExecute(GetRequestBuilder.java:112) ~[elasticsearch-0.90.2.jar:na]
	at org.elasticsearch.action.ActionRequestBuilder.execute(ActionRequestBuilder.java:62) ~[elasticsearch-0.90.2.jar:na]
	at org.elasticsearch.action.ActionRequestBuilder.execute(ActionRequestBuilder.java:57) ~[elasticsearch-0.90.2.jar:na]
	at org.elasticsearch.action.ActionRequestBuilder$execute.call(Unknown Source) ~[na:na]
	at com.rackspace.search.elasticsearch.client.ElasticSearchClient.getDocument(ElasticSearchClient.groovy:209) ~[classes/:na]
	at com.rackspace.search.elasticsearch.client.ElasticSearchClient$getDocument.call(Unknown Source) [classes/:na]
	at com.rackspace.search.service.JobService.getJob(JobService.groovy:56) [classes/:na]
	at com.rackspace.search.service.JobService$getJob$0.callCurrent(Unknown Source) [classes/:na]
	at com.rackspace.search.service.JobService.getJob(JobService.groovy:52) [classes/:na]
	at com.rackspace.search.service.JobService$getJob.call(Unknown Source) [classes/:na]
	at com.rackspace.search.service.account.CoreAccountOnetimeSyncJob.windupActivities(CoreAccountOnetimeSyncJob.groovy:58) [classes/:na]
	at sun.reflect.GeneratedMethodAccessor71.invoke(Unknown Source) ~[na:na]
	at sun.reflect.DelegatingMethodAccessorImpl.invoke(DelegatingMethodAccessorImpl.java:25) ~[na:1.6.0_38]
	at java.lang.reflect.Method.invoke(Method.java:597) ~[na:1.6.0_38]
	at org.springframework.beans.factory.annotation.InitDestroyAnnotationBeanPostProcessor$LifecycleElement.invoke(InitDestroyAnnotationBeanPostProcessor.java:340) [spring-beans-3.0.6.RELEASE.jar:3.0.6.RELEASE]
	at org.springframework.beans.factory.annotation.InitDestroyAnnotationBeanPostProcessor$LifecycleMetadata.invokeDestroyMethods(InitDestroyAnnotationBeanPostProcessor.java:305) [spring-beans-3.0.6.RELEASE.jar:3.0.6.RELEASE]
	at org.springframework.beans.factory.annotation.InitDestroyAnnotationBeanPostProcessor.postProcessBeforeDestruction(InitDestroyAnnotationBeanPostProcessor.java:148) [spring-beans-3.0.6.RELEASE.jar:3.0.6.RELEASE]
	at org.springframework.beans.factory.support.DisposableBeanAdapter.destroy(DisposableBeanAdapter.java:166) [spring-beans-3.0.6.RELEASE.jar:3.0.6.RELEASE]
	at org.springframework.beans.factory.support.DefaultSingletonBeanRegistry.destroyBean(DefaultSingletonBeanRegistry.java:487) [spring-beans-3.0.6.RELEASE.jar:3.0.6.RELEASE]
	at org.springframework.beans.factory.support.DefaultSingletonBeanRegistry.destroySingleton(DefaultSingletonBeanRegistry.java:463) [spring-beans-3.0.6.RELEASE.jar:3.0.6.RELEASE]
	at org.springframework.beans.factory.support.DefaultSingletonBeanRegistry.destroySingletons(DefaultSingletonBeanRegistry.java:431) [spring-beans-3.0.6.RELEASE.jar:3.0.6.RELEASE]
	at org.springframework.context.support.AbstractApplicationContext.destroyBeans(AbstractApplicationContext.java:1048) [spring-context-3.0.6.RELEASE.jar:3.0.6.RELEASE]
	at org.springframework.context.support.AbstractApplicationContext.refresh(AbstractApplicationContext.java:433) [spring-context-3.0.6.RELEASE.jar:3.0.6.RELEASE]
	at org.springframework.test.context.support.AbstractGenericContextLoader.loadContext(AbstractGenericContextLoader.java:84) [spring-test-3.0.6.RELEASE.jar:3.0.6.RELEASE]
	at org.springframework.test.context.support.AbstractGenericContextLoader.loadContext(AbstractGenericContextLoader.java:1) [spring-test-3.0.6.RELEASE.jar:3.0.6.RELEASE]
	at org.springframework.test.context.TestContext.loadApplicationContext(TestContext.java:280) [spring-test-3.0.6.RELEASE.jar:3.0.6.RELEASE]
	at org.springframework.test.context.TestContext.getApplicationContext(TestContext.java:304) [spring-test-3.0.6.RELEASE.jar:3.0.6.RELEASE]
	at org.springframework.test.context.support.DependencyInjectionTestExecutionListener.injectDependencies(DependencyInjectionTestExecutionListener.java:109) [spring-test-3.0.6.RELEASE.jar:3.0.6.RELEASE]
	at org.springframework.test.context.support.DependencyInjectionTestExecutionListener.prepareTestInstance(DependencyInjectionTestExecutionListener.java:75) [spring-test-3.0.6.RELEASE.jar:3.0.6.RELEASE]
	at org.springframework.test.context.TestContextManager.prepareTestInstance(TestContextManager.java:321) [spring-test-3.0.6.RELEASE.jar:3.0.6.RELEASE]
	at org.spockframework.spring.SpringTestContextManager.prepareTestInstance(SpringTestContextManager.java:49) [spock-spring-0.7-groovy-2.0.jar:na]
	at org.spockframework.spring.SpringInterceptor.interceptSetupMethod(SpringInterceptor.java:42) [spock-spring-0.7-groovy-2.0.jar:na]
	at org.spockframework.runtime.extension.AbstractMethodInterceptor.intercept(AbstractMethodInterceptor.java:28) [spock-core-0.7-groovy-2.0.jar:na]
	at org.spockframework.runtime.extension.MethodInvocation.proceed(MethodInvocation.java:84) [spock-core-0.7-groovy-2.0.jar:na]
	at org.spockframework.runtime.BaseSpecRunner.invoke(BaseSpecRunner.java:319) [spock-core-0.7-groovy-2.0.jar:na]
	at org.spockframework.runtime.BaseSpecRunner.invokeSetup(BaseSpecRunner.java:279) [spock-core-0.7-groovy-2.0.jar:na]
	at org.spockframework.runtime.BaseSpecRunner.doRunIteration(BaseSpecRunner.java:255) [spock-core-0.7-groovy-2.0.jar:na]
	at sun.reflect.GeneratedMethodAccessor5.invoke(Unknown Source) ~[na:na]
	at sun.reflect.DelegatingMethodAccessorImpl.invoke(DelegatingMethodAccessorImpl.java:25) ~[na:1.6.0_38]
	at java.lang.reflect.Method.invoke(Method.java:597) ~[na:1.6.0_38]
	at org.spockframework.util.ReflectionUtil.invokeMethod(ReflectionUtil.java:138) [spock-core-0.7-groovy-2.0.jar:na]
	at org.spockframework.runtime.BaseSpecRunner.invokeRaw(BaseSpecRunner.java:330) [spock-core-0.7-groovy-2.0.jar:na]
	at org.spockframework.runtime.BaseSpecRunner.invoke(BaseSpecRunner.java:311) [spock-core-0.7-groovy-2.0.jar:na]
	at org.spockframework.runtime.BaseSpecRunner.runIteration(BaseSpecRunner.java:223) [spock-core-0.7-groovy-2.0.jar:na]
	at org.spockframework.runtime.BaseSpecRunner.initializeAndRunIteration(BaseSpecRunner.java:214) [spock-core-0.7-groovy-2.0.jar:na]
	at org.spockframework.runtime.BaseSpecRunner.runSimpleFeature(BaseSpecRunner.java:205) [spock-core-0.7-groovy-2.0.jar:na]
	at org.spockframework.runtime.BaseSpecRunner.doRunFeature(BaseSpecRunner.java:199) [spock-core-0.7-groovy-2.0.jar:na]
	at sun.reflect.GeneratedMethodAccessor7.invoke(Unknown Source) ~[na:na]
	at sun.reflect.DelegatingMethodAccessorImpl.invoke(DelegatingMethodAccessorImpl.java:25) ~[na:1.6.0_38]
	at java.lang.reflect.Method.invoke(Method.java:597) ~[na:1.6.0_38]
	at org.spockframework.util.ReflectionUtil.invokeMethod(ReflectionUtil.java:138) [spock-core-0.7-groovy-2.0.jar:na]
	at org.spockframework.runtime.BaseSpecRunner.invokeRaw(BaseSpecRunner.java:330) [spock-core-0.7-groovy-2.0.jar:na]
	at org.spockframework.runtime.BaseSpecRunner.invoke(BaseSpecRunner.java:311) [spock-core-0.7-groovy-2.0.jar:na]
	at org.spockframework.runtime.BaseSpecRunner.runFeature(BaseSpecRunner.java:175) [spock-core-0.7-groovy-2.0.jar:na]
	at org.spockframework.runtime.BaseSpecRunner.runFeatures(BaseSpecRunner.java:152) [spock-core-0.7-groovy-2.0.jar:na]
	at org.spockframework.runtime.BaseSpecRunner.doRunSpec(BaseSpecRunner.java:112) [spock-core-0.7-groovy-2.0.jar:na]
	at sun.reflect.GeneratedMethodAccessor11.invoke(Unknown Source) ~[na:na]
	at sun.reflect.DelegatingMethodAccessorImpl.invoke(DelegatingMethodAccessorImpl.java:25) ~[na:1.6.0_38]
	at java.lang.reflect.Method.invoke(Method.java:597) ~[na:1.6.0_38]
	at org.spockframework.util.ReflectionUtil.invokeMethod(ReflectionUtil.java:138) [spock-core-0.7-groovy-2.0.jar:na]
	at org.spockframework.runtime.BaseSpecRunner.invokeRaw(BaseSpecRunner.java:330) [spock-core-0.7-groovy-2.0.jar:na]
	at org.spockframework.runtime.BaseSpecRunner.invoke(BaseSpecRunner.java:311) [spock-core-0.7-groovy-2.0.jar:na]
	at org.spockframework.runtime.BaseSpecRunner.runSpec(BaseSpecRunner.java:91) [spock-core-0.7-groovy-2.0.jar:na]
	at org.spockframework.runtime.BaseSpecRunner.run(BaseSpecRunner.java:82) [spock-core-0.7-groovy-2.0.jar:na]
	at org.spockframework.runtime.Sputnik.run(Sputnik.java:63) [spock-core-0.7-groovy-2.0.jar:na]
	at org.apache.maven.surefire.junit4.JUnit4TestSet.execute(JUnit4TestSet.java:53) [surefire-junit4-2.10.jar:2.10]
	at org.apache.maven.surefire.junit4.JUnit4Provider.executeTestSet(JUnit4Provider.java:123) [surefire-junit4-2.10.jar:2.10]
	at org.apache.maven.surefire.junit4.JUnit4Provider.invoke(JUnit4Provider.java:104) [surefire-junit4-2.10.jar:2.10]
	at sun.reflect.NativeMethodAccessorImpl.invoke0(Native Method) ~[na:1.6.0_38]
	at sun.reflect.NativeMethodAccessorImpl.invoke(NativeMethodAccessorImpl.java:39) ~[na:1.6.0_38]
	at sun.reflect.DelegatingMethodAccessorImpl.invoke(DelegatingMethodAccessorImpl.java:25) ~[na:1.6.0_38]
	at java.lang.reflect.Method.invoke(Method.java:597) ~[na:1.6.0_38]
	at org.apache.maven.surefire.util.ReflectionUtils.invokeMethodWithArray(ReflectionUtils.java:164) [surefire-api-2.10.jar:2.10]
	at org.apache.maven.surefire.booter.ProviderFactory$ProviderProxy.invoke(ProviderFactory.java:110) [surefire-booter-2.10.jar:2.10]
	at org.apache.maven.surefire.booter.SurefireStarter.invokeProvider(SurefireStarter.java:175) [surefire-booter-2.10.jar:2.10]
	at org.apache.maven.surefire.booter.SurefireStarter.runSuitesInProcessWhenForked(SurefireStarter.java:107) [surefire-booter-2.10.jar:2.10]
	at org.apache.maven.surefire.booter.ForkedBooter.main(ForkedBooter.java:68) [surefire-booter-2.10.jar:2.10]
22:06:02.494 [main] WARN  o.s.c.a.CommonAnnotationBeanPostProcessor - Invocation of destroy method failed on bean with name &apos;coreAccountOnetimeSyncJob&apos;: com.rackspace.search.exception.NotFoundException: Index is missing
22:06:02.499 [main] ERROR c.r.s.e.client.ElasticSearchClient - Index is missing
org.elasticsearch.indices.IndexMissingException: [admin] missing
	at org.elasticsearch.cluster.metadata.MetaData.concreteIndex(MetaData.java:616) ~[elasticsearch-0.90.2.jar:na]
	at org.elasticsearch.action.get.TransportGetAction.resolveRequest(TransportGetAction.java:90) ~[elasticsearch-0.90.2.jar:na]
	at org.elasticsearch.action.get.TransportGetAction.resolveRequest(TransportGetAction.java:42) ~[elasticsearch-0.90.2.jar:na]
	at org.elasticsearch.action.support.single.shard.TransportShardSingleOperationAction$AsyncSingleAction.&lt;init&gt;(TransportShardSingleOperationAction.java:114) ~[elasticsearch-0.90.2.jar:na]
	at org.elasticsearch.action.support.single.shard.TransportShardSingleOperationAction$AsyncSingleAction.&lt;init&gt;(TransportShardSingleOperationAction.java:94) ~[elasticsearch-0.90.2.jar:na]
	at org.elasticsearch.action.support.single.shard.TransportShardSingleOperationAction.doExecute(TransportShardSingleOperationAction.java:71) ~[elasticsearch-0.90.2.jar:na]
	at org.elasticsearch.action.support.single.shard.TransportShardSingleOperationAction.doExecute(TransportShardSingleOperationAction.java:46) ~[elasticsearch-0.90.2.jar:na]
	at org.elasticsearch.action.support.TransportAction.execute(TransportAction.java:61) ~[elasticsearch-0.90.2.jar:na]
	at org.elasticsearch.client.node.NodeClient.execute(NodeClient.java:92) ~[elasticsearch-0.90.2.jar:na]
	at org.elasticsearch.client.support.AbstractClient.get(AbstractClient.java:179) ~[elasticsearch-0.90.2.jar:na]
	at org.elasticsearch.action.get.GetRequestBuilder.doExecute(GetRequestBuilder.java:112) ~[elasticsearch-0.90.2.jar:na]
	at org.elasticsearch.action.ActionRequestBuilder.execute(ActionRequestBuilder.java:62) ~[elasticsearch-0.90.2.jar:na]
	at org.elasticsearch.action.ActionRequestBuilder.execute(ActionRequestBuilder.java:57) ~[elasticsearch-0.90.2.jar:na]
	at org.elasticsearch.action.ActionRequestBuilder$execute.call(Unknown Source) ~[na:na]
	at com.rackspace.search.elasticsearch.client.ElasticSearchClient.getDocument(ElasticSearchClient.groovy:209) ~[classes/:na]
	at com.rackspace.search.elasticsearch.client.ElasticSearchClient$getDocument.call(Unknown Source) [classes/:na]
	at com.rackspace.search.service.JobService.getJob(JobService.groovy:56) [classes/:na]
	at com.rackspace.search.service.JobService$getJob$0.callCurrent(Unknown Source) [classes/:na]
	at com.rackspace.search.service.JobService.getJob(JobService.groovy:52) [classes/:na]
	at com.rackspace.search.service.JobService$getJob.call(Unknown Source) [classes/:na]
	at com.rackspace.search.service.account.CoreAccountUpdateSyncJob.windupActivities(CoreAccountUpdateSyncJob.groovy:88) [classes/:na]
	at sun.reflect.GeneratedMethodAccessor72.invoke(Unknown Source) ~[na:na]
	at sun.reflect.DelegatingMethodAccessorImpl.invoke(DelegatingMethodAccessorImpl.java:25) ~[na:1.6.0_38]
	at java.lang.reflect.Method.invoke(Method.java:597) ~[na:1.6.0_38]
	at org.springframework.beans.factory.annotation.InitDestroyAnnotationBeanPostProcessor$LifecycleElement.invoke(InitDestroyAnnotationBeanPostProcessor.java:340) [spring-beans-3.0.6.RELEASE.jar:3.0.6.RELEASE]
	at org.springframework.beans.factory.annotation.InitDestroyAnnotationBeanPostProcessor$LifecycleMetadata.invokeDestroyMethods(InitDestroyAnnotationBeanPostProcessor.java:305) [spring-beans-3.0.6.RELEASE.jar:3.0.6.RELEASE]
	at org.springframework.beans.factory.annotation.InitDestroyAnnotationBeanPostProcessor.postProcessBeforeDestruction(InitDestroyAnnotationBeanPostProcessor.java:148) [spring-beans-3.0.6.RELEASE.jar:3.0.6.RELEASE]
	at org.springframework.beans.factory.support.DisposableBeanAdapter.destroy(DisposableBeanAdapter.java:166) [spring-beans-3.0.6.RELEASE.jar:3.0.6.RELEASE]
	at org.springframework.beans.factory.support.DefaultSingletonBeanRegistry.destroyBean(DefaultSingletonBeanRegistry.java:487) [spring-beans-3.0.6.RELEASE.jar:3.0.6.RELEASE]
	at org.springframework.beans.factory.support.DefaultSingletonBeanRegistry.destroySingleton(DefaultSingletonBeanRegistry.java:463) [spring-beans-3.0.6.RELEASE.jar:3.0.6.RELEASE]
	at org.springframework.beans.factory.support.DefaultSingletonBeanRegistry.destroySingletons(DefaultSingletonBeanRegistry.java:431) [spring-beans-3.0.6.RELEASE.jar:3.0.6.RELEASE]
	at org.springframework.context.support.AbstractApplicationContext.destroyBeans(AbstractApplicationContext.java:1048) [spring-context-3.0.6.RELEASE.jar:3.0.6.RELEASE]
	at org.springframework.context.support.AbstractApplicationContext.refresh(AbstractApplicationContext.java:433) [spring-context-3.0.6.RELEASE.jar:3.0.6.RELEASE]
	at org.springframework.test.context.support.AbstractGenericContextLoader.loadContext(AbstractGenericContextLoader.java:84) [spring-test-3.0.6.RELEASE.jar:3.0.6.RELEASE]
	at org.springframework.test.context.support.AbstractGenericContextLoader.loadContext(AbstractGenericContextLoader.java:1) [spring-test-3.0.6.RELEASE.jar:3.0.6.RELEASE]
	at org.springframework.test.context.TestContext.loadApplicationContext(TestContext.java:280) [spring-test-3.0.6.RELEASE.jar:3.0.6.RELEASE]
	at org.springframework.test.context.TestContext.getApplicationContext(TestContext.java:304) [spring-test-3.0.6.RELEASE.jar:3.0.6.RELEASE]
	at org.springframework.test.context.support.DependencyInjectionTestExecutionListener.injectDependencies(DependencyInjectionTestExecutionListener.java:109) [spring-test-3.0.6.RELEASE.jar:3.0.6.RELEASE]
	at org.springframework.test.context.support.DependencyInjectionTestExecutionListener.prepareTestInstance(DependencyInjectionTestExecutionListener.java:75) [spring-test-3.0.6.RELEASE.jar:3.0.6.RELEASE]
	at org.springframework.test.context.TestContextManager.prepareTestInstance(TestContextManager.java:321) [spring-test-3.0.6.RELEASE.jar:3.0.6.RELEASE]
	at org.spockframework.spring.SpringTestContextManager.prepareTestInstance(SpringTestContextManager.java:49) [spock-spring-0.7-groovy-2.0.jar:na]
	at org.spockframework.spring.SpringInterceptor.interceptSetupMethod(SpringInterceptor.java:42) [spock-spring-0.7-groovy-2.0.jar:na]
	at org.spockframework.runtime.extension.AbstractMethodInterceptor.intercept(AbstractMethodInterceptor.java:28) [spock-core-0.7-groovy-2.0.jar:na]
	at org.spockframework.runtime.extension.MethodInvocation.proceed(MethodInvocation.java:84) [spock-core-0.7-groovy-2.0.jar:na]
	at org.spockframework.runtime.BaseSpecRunner.invoke(BaseSpecRunner.java:319) [spock-core-0.7-groovy-2.0.jar:na]
	at org.spockframework.runtime.BaseSpecRunner.invokeSetup(BaseSpecRunner.java:279) [spock-core-0.7-groovy-2.0.jar:na]
	at org.spockframework.runtime.BaseSpecRunner.doRunIteration(BaseSpecRunner.java:255) [spock-core-0.7-groovy-2.0.jar:na]
	at sun.reflect.GeneratedMethodAccessor5.invoke(Unknown Source) ~[na:na]
	at sun.reflect.DelegatingMethodAccessorImpl.invoke(DelegatingMethodAccessorImpl.java:25) ~[na:1.6.0_38]
	at java.lang.reflect.Method.invoke(Method.java:597) ~[na:1.6.0_38]
	at org.spockframework.util.ReflectionUtil.invokeMethod(ReflectionUtil.java:138) [spock-core-0.7-groovy-2.0.jar:na]
	at org.spockframework.runtime.BaseSpecRunner.invokeRaw(BaseSpecRunner.java:330) [spock-core-0.7-groovy-2.0.jar:na]
	at org.spockframework.runtime.BaseSpecRunner.invoke(BaseSpecRunner.java:311) [spock-core-0.7-groovy-2.0.jar:na]
	at org.spockframework.runtime.BaseSpecRunner.runIteration(BaseSpecRunner.java:223) [spock-core-0.7-groovy-2.0.jar:na]
	at org.spockframework.runtime.BaseSpecRunner.initializeAndRunIteration(BaseSpecRunner.java:214) [spock-core-0.7-groovy-2.0.jar:na]
	at org.spockframework.runtime.BaseSpecRunner.runSimpleFeature(BaseSpecRunner.java:205) [spock-core-0.7-groovy-2.0.jar:na]
	at org.spockframework.runtime.BaseSpecRunner.doRunFeature(BaseSpecRunner.java:199) [spock-core-0.7-groovy-2.0.jar:na]
	at sun.reflect.GeneratedMethodAccessor7.invoke(Unknown Source) ~[na:na]
	at sun.reflect.DelegatingMethodAccessorImpl.invoke(DelegatingMethodAccessorImpl.java:25) ~[na:1.6.0_38]
	at java.lang.reflect.Method.invoke(Method.java:597) ~[na:1.6.0_38]
	at org.spockframework.util.ReflectionUtil.invokeMethod(ReflectionUtil.java:138) [spock-core-0.7-groovy-2.0.jar:na]
	at org.spockframework.runtime.BaseSpecRunner.invokeRaw(BaseSpecRunner.java:330) [spock-core-0.7-groovy-2.0.jar:na]
	at org.spockframework.runtime.BaseSpecRunner.invoke(BaseSpecRunner.java:311) [spock-core-0.7-groovy-2.0.jar:na]
	at org.spockframework.runtime.BaseSpecRunner.runFeature(BaseSpecRunner.java:175) [spock-core-0.7-groovy-2.0.jar:na]
	at org.spockframework.runtime.BaseSpecRunner.runFeatures(BaseSpecRunner.java:152) [spock-core-0.7-groovy-2.0.jar:na]
	at org.spockframework.runtime.BaseSpecRunner.doRunSpec(BaseSpecRunner.java:112) [spock-core-0.7-groovy-2.0.jar:na]
	at sun.reflect.GeneratedMethodAccessor11.invoke(Unknown Source) ~[na:na]
	at sun.reflect.DelegatingMethodAccessorImpl.invoke(DelegatingMethodAccessorImpl.java:25) ~[na:1.6.0_38]
	at java.lang.reflect.Method.invoke(Method.java:597) ~[na:1.6.0_38]
	at org.spockframework.util.ReflectionUtil.invokeMethod(ReflectionUtil.java:138) [spock-core-0.7-groovy-2.0.jar:na]
	at org.spockframework.runtime.BaseSpecRunner.invokeRaw(BaseSpecRunner.java:330) [spock-core-0.7-groovy-2.0.jar:na]
	at org.spockframework.runtime.BaseSpecRunner.invoke(BaseSpecRunner.java:311) [spock-core-0.7-groovy-2.0.jar:na]
	at org.spockframework.runtime.BaseSpecRunner.runSpec(BaseSpecRunner.java:91) [spock-core-0.7-groovy-2.0.jar:na]
	at org.spockframework.runtime.BaseSpecRunner.run(BaseSpecRunner.java:82) [spock-core-0.7-groovy-2.0.jar:na]
	at org.spockframework.runtime.Sputnik.run(Sputnik.java:63) [spock-core-0.7-groovy-2.0.jar:na]
	at org.apache.maven.surefire.junit4.JUnit4TestSet.execute(JUnit4TestSet.java:53) [surefire-junit4-2.10.jar:2.10]
	at org.apache.maven.surefire.junit4.JUnit4Provider.executeTestSet(JUnit4Provider.java:123) [surefire-junit4-2.10.jar:2.10]
	at org.apache.maven.surefire.junit4.JUnit4Provider.invoke(JUnit4Provider.java:104) [surefire-junit4-2.10.jar:2.10]
	at sun.reflect.NativeMethodAccessorImpl.invoke0(Native Method) ~[na:1.6.0_38]
	at sun.reflect.NativeMethodAccessorImpl.invoke(NativeMethodAccessorImpl.java:39) ~[na:1.6.0_38]
	at sun.reflect.DelegatingMethodAccessorImpl.invoke(DelegatingMethodAccessorImpl.java:25) ~[na:1.6.0_38]
	at java.lang.reflect.Method.invoke(Method.java:597) ~[na:1.6.0_38]
	at org.apache.maven.surefire.util.ReflectionUtils.invokeMethodWithArray(ReflectionUtils.java:164) [surefire-api-2.10.jar:2.10]
	at org.apache.maven.surefire.booter.ProviderFactory$ProviderProxy.invoke(ProviderFactory.java:110) [surefire-booter-2.10.jar:2.10]
	at org.apache.maven.surefire.booter.SurefireStarter.invokeProvider(SurefireStarter.java:175) [surefire-booter-2.10.jar:2.10]
	at org.apache.maven.surefire.booter.SurefireStarter.runSuitesInProcessWhenForked(SurefireStarter.java:107) [surefire-booter-2.10.jar:2.10]
	at org.apache.maven.surefire.booter.ForkedBooter.main(ForkedBooter.java:68) [surefire-booter-2.10.jar:2.10]
22:06:02.501 [main] WARN  o.s.c.a.CommonAnnotationBeanPostProcessor - Invocation of destroy method failed on bean with name &apos;coreAccountUpdateSyncJob&apos;: com.rackspace.search.exception.NotFoundException: Index is missing
22:06:02.506 [main] ERROR c.r.s.e.client.ElasticSearchClient - Index is missing
org.elasticsearch.indices.IndexMissingException: [admin] missing
	at org.elasticsearch.cluster.metadata.MetaData.concreteIndex(MetaData.java:616) ~[elasticsearch-0.90.2.jar:na]
	at org.elasticsearch.action.get.TransportGetAction.resolveRequest(TransportGetAction.java:90) ~[elasticsearch-0.90.2.jar:na]
	at org.elasticsearch.action.get.TransportGetAction.resolveRequest(TransportGetAction.java:42) ~[elasticsearch-0.90.2.jar:na]
	at org.elasticsearch.action.support.single.shard.TransportShardSingleOperationAction$AsyncSingleAction.&lt;init&gt;(TransportShardSingleOperationAction.java:114) ~[elasticsearch-0.90.2.jar:na]
	at org.elasticsearch.action.support.single.shard.TransportShardSingleOperationAction$AsyncSingleAction.&lt;init&gt;(TransportShardSingleOperationAction.java:94) ~[elasticsearch-0.90.2.jar:na]
	at org.elasticsearch.action.support.single.shard.TransportShardSingleOperationAction.doExecute(TransportShardSingleOperationAction.java:71) ~[elasticsearch-0.90.2.jar:na]
	at org.elasticsearch.action.support.single.shard.TransportShardSingleOperationAction.doExecute(TransportShardSingleOperationAction.java:46) ~[elasticsearch-0.90.2.jar:na]
	at org.elasticsearch.action.support.TransportAction.execute(TransportAction.java:61) ~[elasticsearch-0.90.2.jar:na]
	at org.elasticsearch.client.node.NodeClient.execute(NodeClient.java:92) ~[elasticsearch-0.90.2.jar:na]
	at org.elasticsearch.client.support.AbstractClient.get(AbstractClient.java:179) ~[elasticsearch-0.90.2.jar:na]
	at org.elasticsearch.action.get.GetRequestBuilder.doExecute(GetRequestBuilder.java:112) ~[elasticsearch-0.90.2.jar:na]
	at org.elasticsearch.action.ActionRequestBuilder.execute(ActionRequestBuilder.java:62) ~[elasticsearch-0.90.2.jar:na]
	at org.elasticsearch.action.ActionRequestBuilder.execute(ActionRequestBuilder.java:57) ~[elasticsearch-0.90.2.jar:na]
	at org.elasticsearch.action.ActionRequestBuilder$execute.call(Unknown Source) ~[na:na]
	at com.rackspace.search.elasticsearch.client.ElasticSearchClient.getDocument(ElasticSearchClient.groovy:209) ~[classes/:na]
	at com.rackspace.search.elasticsearch.client.ElasticSearchClient$getDocument.call(Unknown Source) [classes/:na]
	at com.rackspace.search.service.JobService.getJob(JobService.groovy:56) [classes/:na]
	at com.rackspace.search.service.JobService$getJob$0.callCurrent(Unknown Source) [classes/:na]
	at com.rackspace.search.service.JobService.getJob(JobService.groovy:52) [classes/:na]
	at com.rackspace.search.service.JobService$getJob.call(Unknown Source) [classes/:na]
	at com.rackspace.search.service.core.CoreTicketSecondPassSyncJob.windupActivities(CoreTicketSecondPassSyncJob.groovy:83) [classes/:na]
	at sun.reflect.GeneratedMethodAccessor73.invoke(Unknown Source) ~[na:na]
	at sun.reflect.DelegatingMethodAccessorImpl.invoke(DelegatingMethodAccessorImpl.java:25) ~[na:1.6.0_38]
	at java.lang.reflect.Method.invoke(Method.java:597) ~[na:1.6.0_38]
	at org.springframework.beans.factory.annotation.InitDestroyAnnotationBeanPostProcessor$LifecycleElement.invoke(InitDestroyAnnotationBeanPostProcessor.java:340) [spring-beans-3.0.6.RELEASE.jar:3.0.6.RELEASE]
	at org.springframework.beans.factory.annotation.InitDestroyAnnotationBeanPostProcessor$LifecycleMetadata.invokeDestroyMethods(InitDestroyAnnotationBeanPostProcessor.java:305) [spring-beans-3.0.6.RELEASE.jar:3.0.6.RELEASE]
	at org.springframework.beans.factory.annotation.InitDestroyAnnotationBeanPostProcessor.postProcessBeforeDestruction(InitDestroyAnnotationBeanPostProcessor.java:148) [spring-beans-3.0.6.RELEASE.jar:3.0.6.RELEASE]
	at org.springframework.beans.factory.support.DisposableBeanAdapter.destroy(DisposableBeanAdapter.java:166) [spring-beans-3.0.6.RELEASE.jar:3.0.6.RELEASE]
	at org.springframework.beans.factory.support.DefaultSingletonBeanRegistry.destroyBean(DefaultSingletonBeanRegistry.java:487) [spring-beans-3.0.6.RELEASE.jar:3.0.6.RELEASE]
	at org.springframework.beans.factory.support.DefaultSingletonBeanRegistry.destroySingleton(DefaultSingletonBeanRegistry.java:463) [spring-beans-3.0.6.RELEASE.jar:3.0.6.RELEASE]
	at org.springframework.beans.factory.support.DefaultSingletonBeanRegistry.destroySingletons(DefaultSingletonBeanRegistry.java:431) [spring-beans-3.0.6.RELEASE.jar:3.0.6.RELEASE]
	at org.springframework.context.support.AbstractApplicationContext.destroyBeans(AbstractApplicationContext.java:1048) [spring-context-3.0.6.RELEASE.jar:3.0.6.RELEASE]
	at org.springframework.context.support.AbstractApplicationContext.refresh(AbstractApplicationContext.java:433) [spring-context-3.0.6.RELEASE.jar:3.0.6.RELEASE]
	at org.springframework.test.context.support.AbstractGenericContextLoader.loadContext(AbstractGenericContextLoader.java:84) [spring-test-3.0.6.RELEASE.jar:3.0.6.RELEASE]
	at org.springframework.test.context.support.AbstractGenericContextLoader.loadContext(AbstractGenericContextLoader.java:1) [spring-test-3.0.6.RELEASE.jar:3.0.6.RELEASE]
	at org.springframework.test.context.TestContext.loadApplicationContext(TestContext.java:280) [spring-test-3.0.6.RELEASE.jar:3.0.6.RELEASE]
	at org.springframework.test.context.TestContext.getApplicationContext(TestContext.java:304) [spring-test-3.0.6.RELEASE.jar:3.0.6.RELEASE]
	at org.springframework.test.context.support.DependencyInjectionTestExecutionListener.injectDependencies(DependencyInjectionTestExecutionListener.java:109) [spring-test-3.0.6.RELEASE.jar:3.0.6.RELEASE]
	at org.springframework.test.context.support.DependencyInjectionTestExecutionListener.prepareTestInstance(DependencyInjectionTestExecutionListener.java:75) [spring-test-3.0.6.RELEASE.jar:3.0.6.RELEASE]
	at org.springframework.test.context.TestContextManager.prepareTestInstance(TestContextManager.java:321) [spring-test-3.0.6.RELEASE.jar:3.0.6.RELEASE]
	at org.spockframework.spring.SpringTestContextManager.prepareTestInstance(SpringTestContextManager.java:49) [spock-spring-0.7-groovy-2.0.jar:na]
	at org.spockframework.spring.SpringInterceptor.interceptSetupMethod(SpringInterceptor.java:42) [spock-spring-0.7-groovy-2.0.jar:na]
	at org.spockframework.runtime.extension.AbstractMethodInterceptor.intercept(AbstractMethodInterceptor.java:28) [spock-core-0.7-groovy-2.0.jar:na]
	at org.spockframework.runtime.extension.MethodInvocation.proceed(MethodInvocation.java:84) [spock-core-0.7-groovy-2.0.jar:na]
	at org.spockframework.runtime.BaseSpecRunner.invoke(BaseSpecRunner.java:319) [spock-core-0.7-groovy-2.0.jar:na]
	at org.spockframework.runtime.BaseSpecRunner.invokeSetup(BaseSpecRunner.java:279) [spock-core-0.7-groovy-2.0.jar:na]
	at org.spockframework.runtime.BaseSpecRunner.doRunIteration(BaseSpecRunner.java:255) [spock-core-0.7-groovy-2.0.jar:na]
	at sun.reflect.GeneratedMethodAccessor5.invoke(Unknown Source) ~[na:na]
	at sun.reflect.DelegatingMethodAccessorImpl.invoke(DelegatingMethodAccessorImpl.java:25) ~[na:1.6.0_38]
	at java.lang.reflect.Method.invoke(Method.java:597) ~[na:1.6.0_38]
	at org.spockframework.util.ReflectionUtil.invokeMethod(ReflectionUtil.java:138) [spock-core-0.7-groovy-2.0.jar:na]
	at org.spockframework.runtime.BaseSpecRunner.invokeRaw(BaseSpecRunner.java:330) [spock-core-0.7-groovy-2.0.jar:na]
	at org.spockframework.runtime.BaseSpecRunner.invoke(BaseSpecRunner.java:311) [spock-core-0.7-groovy-2.0.jar:na]
	at org.spockframework.runtime.BaseSpecRunner.runIteration(BaseSpecRunner.java:223) [spock-core-0.7-groovy-2.0.jar:na]
	at org.spockframework.runtime.BaseSpecRunner.initializeAndRunIteration(BaseSpecRunner.java:214) [spock-core-0.7-groovy-2.0.jar:na]
	at org.spockframework.runtime.BaseSpecRunner.runSimpleFeature(BaseSpecRunner.java:205) [spock-core-0.7-groovy-2.0.jar:na]
	at org.spockframework.runtime.BaseSpecRunner.doRunFeature(BaseSpecRunner.java:199) [spock-core-0.7-groovy-2.0.jar:na]
	at sun.reflect.GeneratedMethodAccessor7.invoke(Unknown Source) ~[na:na]
	at sun.reflect.DelegatingMethodAccessorImpl.invoke(DelegatingMethodAccessorImpl.java:25) ~[na:1.6.0_38]
	at java.lang.reflect.Method.invoke(Method.java:597) ~[na:1.6.0_38]
	at org.spockframework.util.ReflectionUtil.invokeMethod(ReflectionUtil.java:138) [spock-core-0.7-groovy-2.0.jar:na]
	at org.spockframework.runtime.BaseSpecRunner.invokeRaw(BaseSpecRunner.java:330) [spock-core-0.7-groovy-2.0.jar:na]
	at org.spockframework.runtime.BaseSpecRunner.invoke(BaseSpecRunner.java:311) [spock-core-0.7-groovy-2.0.jar:na]
	at org.spockframework.runtime.BaseSpecRunner.runFeature(BaseSpecRunner.java:175) [spock-core-0.7-groovy-2.0.jar:na]
	at org.spockframework.runtime.BaseSpecRunner.runFeatures(BaseSpecRunner.java:152) [spock-core-0.7-groovy-2.0.jar:na]
	at org.spockframework.runtime.BaseSpecRunner.doRunSpec(BaseSpecRunner.java:112) [spock-core-0.7-groovy-2.0.jar:na]
	at sun.reflect.GeneratedMethodAccessor11.invoke(Unknown Source) ~[na:na]
	at sun.reflect.DelegatingMethodAccessorImpl.invoke(DelegatingMethodAccessorImpl.java:25) ~[na:1.6.0_38]
	at java.lang.reflect.Method.invoke(Method.java:597) ~[na:1.6.0_38]
	at org.spockframework.util.ReflectionUtil.invokeMethod(ReflectionUtil.java:138) [spock-core-0.7-groovy-2.0.jar:na]
	at org.spockframework.runtime.BaseSpecRunner.invokeRaw(BaseSpecRunner.java:330) [spock-core-0.7-groovy-2.0.jar:na]
	at org.spockframework.runtime.BaseSpecRunner.invoke(BaseSpecRunner.java:311) [spock-core-0.7-groovy-2.0.jar:na]
	at org.spockframework.runtime.BaseSpecRunner.runSpec(BaseSpecRunner.java:91) [spock-core-0.7-groovy-2.0.jar:na]
	at org.spockframework.runtime.BaseSpecRunner.run(BaseSpecRunner.java:82) [spock-core-0.7-groovy-2.0.jar:na]
	at org.spockframework.runtime.Sputnik.run(Sputnik.java:63) [spock-core-0.7-groovy-2.0.jar:na]
	at org.apache.maven.surefire.junit4.JUnit4TestSet.execute(JUnit4TestSet.java:53) [surefire-junit4-2.10.jar:2.10]
	at org.apache.maven.surefire.junit4.JUnit4Provider.executeTestSet(JUnit4Provider.java:123) [surefire-junit4-2.10.jar:2.10]
	at org.apache.maven.surefire.junit4.JUnit4Provider.invoke(JUnit4Provider.java:104) [surefire-junit4-2.10.jar:2.10]
	at sun.reflect.NativeMethodAccessorImpl.invoke0(Native Method) ~[na:1.6.0_38]
	at sun.reflect.NativeMethodAccessorImpl.invoke(NativeMethodAccessorImpl.java:39) ~[na:1.6.0_38]
	at sun.reflect.DelegatingMethodAccessorImpl.invoke(DelegatingMethodAccessorImpl.java:25) ~[na:1.6.0_38]
	at java.lang.reflect.Method.invoke(Method.java:597) ~[na:1.6.0_38]
	at org.apache.maven.surefire.util.ReflectionUtils.invokeMethodWithArray(ReflectionUtils.java:164) [surefire-api-2.10.jar:2.10]
	at org.apache.maven.surefire.booter.ProviderFactory$ProviderProxy.invoke(ProviderFactory.java:110) [surefire-booter-2.10.jar:2.10]
	at org.apache.maven.surefire.booter.SurefireStarter.invokeProvider(SurefireStarter.java:175) [surefire-booter-2.10.jar:2.10]
	at org.apache.maven.surefire.booter.SurefireStarter.runSuitesInProcessWhenForked(SurefireStarter.java:107) [surefire-booter-2.10.jar:2.10]
	at org.apache.maven.surefire.booter.ForkedBooter.main(ForkedBooter.java:68) [surefire-booter-2.10.jar:2.10]
22:06:02.507 [main] WARN  o.s.c.a.CommonAnnotationBeanPostProcessor - Invocation of destroy method failed on bean with name &apos;coreTicketSecondPassSyncJob&apos;: com.rackspace.search.exception.NotFoundException: Index is missing
22:06:02.511 [main] ERROR c.r.s.e.client.ElasticSearchClient - Index is missing
org.elasticsearch.indices.IndexMissingException: [admin] missing
	at org.elasticsearch.cluster.metadata.MetaData.concreteIndex(MetaData.java:616) ~[elasticsearch-0.90.2.jar:na]
	at org.elasticsearch.action.get.TransportGetAction.resolveRequest(TransportGetAction.java:90) ~[elasticsearch-0.90.2.jar:na]
	at org.elasticsearch.action.get.TransportGetAction.resolveRequest(TransportGetAction.java:42) ~[elasticsearch-0.90.2.jar:na]
	at org.elasticsearch.action.support.single.shard.TransportShardSingleOperationAction$AsyncSingleAction.&lt;init&gt;(TransportShardSingleOperationAction.java:114) ~[elasticsearch-0.90.2.jar:na]
	at org.elasticsearch.action.support.single.shard.TransportShardSingleOperationAction$AsyncSingleAction.&lt;init&gt;(TransportShardSingleOperationAction.java:94) ~[elasticsearch-0.90.2.jar:na]
	at org.elasticsearch.action.support.single.shard.TransportShardSingleOperationAction.doExecute(TransportShardSingleOperationAction.java:71) ~[elasticsearch-0.90.2.jar:na]
	at org.elasticsearch.action.support.single.shard.TransportShardSingleOperationAction.doExecute(TransportShardSingleOperationAction.java:46) ~[elasticsearch-0.90.2.jar:na]
	at org.elasticsearch.action.support.TransportAction.execute(TransportAction.java:61) ~[elasticsearch-0.90.2.jar:na]
	at org.elasticsearch.client.node.NodeClient.execute(NodeClient.java:92) ~[elasticsearch-0.90.2.jar:na]
	at org.elasticsearch.client.support.AbstractClient.get(AbstractClient.java:179) ~[elasticsearch-0.90.2.jar:na]
	at org.elasticsearch.action.get.GetRequestBuilder.doExecute(GetRequestBuilder.java:112) ~[elasticsearch-0.90.2.jar:na]
	at org.elasticsearch.action.ActionRequestBuilder.execute(ActionRequestBuilder.java:62) ~[elasticsearch-0.90.2.jar:na]
	at org.elasticsearch.action.ActionRequestBuilder.execute(ActionRequestBuilder.java:57) ~[elasticsearch-0.90.2.jar:na]
	at org.elasticsearch.action.ActionRequestBuilder$execute.call(Unknown Source) ~[na:na]
	at com.rackspace.search.elasticsearch.client.ElasticSearchClient.getDocument(ElasticSearchClient.groovy:209) ~[classes/:na]
	at com.rackspace.search.elasticsearch.client.ElasticSearchClient$getDocument.call(Unknown Source) [classes/:na]
	at com.rackspace.search.service.JobService.getJob(JobService.groovy:56) [classes/:na]
	at com.rackspace.search.service.JobService$getJob$0.callCurrent(Unknown Source) [classes/:na]
	at com.rackspace.search.service.JobService.getJob(JobService.groovy:52) [classes/:na]
	at com.rackspace.search.service.JobService$getJob.call(Unknown Source) [classes/:na]
	at com.rackspace.search.service.admin.CoreTicketOndemandSyncJob.windupActivities(CoreTicketOndemandSyncJob.groovy:91) [classes/:na]
	at sun.reflect.GeneratedMethodAccessor74.invoke(Unknown Source) ~[na:na]
	at sun.reflect.DelegatingMethodAccessorImpl.invoke(DelegatingMethodAccessorImpl.java:25) ~[na:1.6.0_38]
	at java.lang.reflect.Method.invoke(Method.java:597) ~[na:1.6.0_38]
	at org.springframework.beans.factory.annotation.InitDestroyAnnotationBeanPostProcessor$LifecycleElement.invoke(InitDestroyAnnotationBeanPostProcessor.java:340) [spring-beans-3.0.6.RELEASE.jar:3.0.6.RELEASE]
	at org.springframework.beans.factory.annotation.InitDestroyAnnotationBeanPostProcessor$LifecycleMetadata.invokeDestroyMethods(InitDestroyAnnotationBeanPostProcessor.java:305) [spring-beans-3.0.6.RELEASE.jar:3.0.6.RELEASE]
	at org.springframework.beans.factory.annotation.InitDestroyAnnotationBeanPostProcessor.postProcessBeforeDestruction(InitDestroyAnnotationBeanPostProcessor.java:148) [spring-beans-3.0.6.RELEASE.jar:3.0.6.RELEASE]
	at org.springframework.beans.factory.support.DisposableBeanAdapter.destroy(DisposableBeanAdapter.java:166) [spring-beans-3.0.6.RELEASE.jar:3.0.6.RELEASE]
	at org.springframework.beans.factory.support.DefaultSingletonBeanRegistry.destroyBean(DefaultSingletonBeanRegistry.java:487) [spring-beans-3.0.6.RELEASE.jar:3.0.6.RELEASE]
	at org.springframework.beans.factory.support.DefaultSingletonBeanRegistry.destroySingleton(DefaultSingletonBeanRegistry.java:463) [spring-beans-3.0.6.RELEASE.jar:3.0.6.RELEASE]
	at org.springframework.beans.factory.support.DefaultSingletonBeanRegistry.destroySingletons(DefaultSingletonBeanRegistry.java:431) [spring-beans-3.0.6.RELEASE.jar:3.0.6.RELEASE]
	at org.springframework.context.support.AbstractApplicationContext.destroyBeans(AbstractApplicationContext.java:1048) [spring-context-3.0.6.RELEASE.jar:3.0.6.RELEASE]
	at org.springframework.context.support.AbstractApplicationContext.refresh(AbstractApplicationContext.java:433) [spring-context-3.0.6.RELEASE.jar:3.0.6.RELEASE]
	at org.springframework.test.context.support.AbstractGenericContextLoader.loadContext(AbstractGenericContextLoader.java:84) [spring-test-3.0.6.RELEASE.jar:3.0.6.RELEASE]
	at org.springframework.test.context.support.AbstractGenericContextLoader.loadContext(AbstractGenericContextLoader.java:1) [spring-test-3.0.6.RELEASE.jar:3.0.6.RELEASE]
	at org.springframework.test.context.TestContext.loadApplicationContext(TestContext.java:280) [spring-test-3.0.6.RELEASE.jar:3.0.6.RELEASE]
	at org.springframework.test.context.TestContext.getApplicationContext(TestContext.java:304) [spring-test-3.0.6.RELEASE.jar:3.0.6.RELEASE]
	at org.springframework.test.context.support.DependencyInjectionTestExecutionListener.injectDependencies(DependencyInjectionTestExecutionListener.java:109) [spring-test-3.0.6.RELEASE.jar:3.0.6.RELEASE]
	at org.springframework.test.context.support.DependencyInjectionTestExecutionListener.prepareTestInstance(DependencyInjectionTestExecutionListener.java:75) [spring-test-3.0.6.RELEASE.jar:3.0.6.RELEASE]
	at org.springframework.test.context.TestContextManager.prepareTestInstance(TestContextManager.java:321) [spring-test-3.0.6.RELEASE.jar:3.0.6.RELEASE]
	at org.spockframework.spring.SpringTestContextManager.prepareTestInstance(SpringTestContextManager.java:49) [spock-spring-0.7-groovy-2.0.jar:na]
	at org.spockframework.spring.SpringInterceptor.interceptSetupMethod(SpringInterceptor.java:42) [spock-spring-0.7-groovy-2.0.jar:na]
	at org.spockframework.runtime.extension.AbstractMethodInterceptor.intercept(AbstractMethodInterceptor.java:28) [spock-core-0.7-groovy-2.0.jar:na]
	at org.spockframework.runtime.extension.MethodInvocation.proceed(MethodInvocation.java:84) [spock-core-0.7-groovy-2.0.jar:na]
	at org.spockframework.runtime.BaseSpecRunner.invoke(BaseSpecRunner.java:319) [spock-core-0.7-groovy-2.0.jar:na]
	at org.spockframework.runtime.BaseSpecRunner.invokeSetup(BaseSpecRunner.java:279) [spock-core-0.7-groovy-2.0.jar:na]
	at org.spockframework.runtime.BaseSpecRunner.doRunIteration(BaseSpecRunner.java:255) [spock-core-0.7-groovy-2.0.jar:na]
	at sun.reflect.GeneratedMethodAccessor5.invoke(Unknown Source) ~[na:na]
	at sun.reflect.DelegatingMethodAccessorImpl.invoke(DelegatingMethodAccessorImpl.java:25) ~[na:1.6.0_38]
	at java.lang.reflect.Method.invoke(Method.java:597) ~[na:1.6.0_38]
	at org.spockframework.util.ReflectionUtil.invokeMethod(ReflectionUtil.java:138) [spock-core-0.7-groovy-2.0.jar:na]
	at org.spockframework.runtime.BaseSpecRunner.invokeRaw(BaseSpecRunner.java:330) [spock-core-0.7-groovy-2.0.jar:na]
	at org.spockframework.runtime.BaseSpecRunner.invoke(BaseSpecRunner.java:311) [spock-core-0.7-groovy-2.0.jar:na]
	at org.spockframework.runtime.BaseSpecRunner.runIteration(BaseSpecRunner.java:223) [spock-core-0.7-groovy-2.0.jar:na]
	at org.spockframework.runtime.BaseSpecRunner.initializeAndRunIteration(BaseSpecRunner.java:214) [spock-core-0.7-groovy-2.0.jar:na]
	at org.spockframework.runtime.BaseSpecRunner.runSimpleFeature(BaseSpecRunner.java:205) [spock-core-0.7-groovy-2.0.jar:na]
	at org.spockframework.runtime.BaseSpecRunner.doRunFeature(BaseSpecRunner.java:199) [spock-core-0.7-groovy-2.0.jar:na]
	at sun.reflect.GeneratedMethodAccessor7.invoke(Unknown Source) ~[na:na]
	at sun.reflect.DelegatingMethodAccessorImpl.invoke(DelegatingMethodAccessorImpl.java:25) ~[na:1.6.0_38]
	at java.lang.reflect.Method.invoke(Method.java:597) ~[na:1.6.0_38]
	at org.spockframework.util.ReflectionUtil.invokeMethod(ReflectionUtil.java:138) [spock-core-0.7-groovy-2.0.jar:na]
	at org.spockframework.runtime.BaseSpecRunner.invokeRaw(BaseSpecRunner.java:330) [spock-core-0.7-groovy-2.0.jar:na]
	at org.spockframework.runtime.BaseSpecRunner.invoke(BaseSpecRunner.java:311) [spock-core-0.7-groovy-2.0.jar:na]
	at org.spockframework.runtime.BaseSpecRunner.runFeature(BaseSpecRunner.java:175) [spock-core-0.7-groovy-2.0.jar:na]
	at org.spockframework.runtime.BaseSpecRunner.runFeatures(BaseSpecRunner.java:152) [spock-core-0.7-groovy-2.0.jar:na]
	at org.spockframework.runtime.BaseSpecRunner.doRunSpec(BaseSpecRunner.java:112) [spock-core-0.7-groovy-2.0.jar:na]
	at sun.reflect.GeneratedMethodAccessor11.invoke(Unknown Source) ~[na:na]
	at sun.reflect.DelegatingMethodAccessorImpl.invoke(DelegatingMethodAccessorImpl.java:25) ~[na:1.6.0_38]
	at java.lang.reflect.Method.invoke(Method.java:597) ~[na:1.6.0_38]
	at org.spockframework.util.ReflectionUtil.invokeMethod(ReflectionUtil.java:138) [spock-core-0.7-groovy-2.0.jar:na]
	at org.spockframework.runtime.BaseSpecRunner.invokeRaw(BaseSpecRunner.java:330) [spock-core-0.7-groovy-2.0.jar:na]
	at org.spockframework.runtime.BaseSpecRunner.invoke(BaseSpecRunner.java:311) [spock-core-0.7-groovy-2.0.jar:na]
	at org.spockframework.runtime.BaseSpecRunner.runSpec(BaseSpecRunner.java:91) [spock-core-0.7-groovy-2.0.jar:na]
	at org.spockframework.runtime.BaseSpecRunner.run(BaseSpecRunner.java:82) [spock-core-0.7-groovy-2.0.jar:na]
	at org.spockframework.runtime.Sputnik.run(Sputnik.java:63) [spock-core-0.7-groovy-2.0.jar:na]
	at org.apache.maven.surefire.junit4.JUnit4TestSet.execute(JUnit4TestSet.java:53) [surefire-junit4-2.10.jar:2.10]
	at org.apache.maven.surefire.junit4.JUnit4Provider.executeTestSet(JUnit4Provider.java:123) [surefire-junit4-2.10.jar:2.10]
	at org.apache.maven.surefire.junit4.JUnit4Provider.invoke(JUnit4Provider.java:104) [surefire-junit4-2.10.jar:2.10]
	at sun.reflect.NativeMethodAccessorImpl.invoke0(Native Method) ~[na:1.6.0_38]
	at sun.reflect.NativeMethodAccessorImpl.invoke(NativeMethodAccessorImpl.java:39) ~[na:1.6.0_38]
	at sun.reflect.DelegatingMethodAccessorImpl.invoke(DelegatingMethodAccessorImpl.java:25) ~[na:1.6.0_38]
	at java.lang.reflect.Method.invoke(Method.java:597) ~[na:1.6.0_38]
	at org.apache.maven.surefire.util.ReflectionUtils.invokeMethodWithArray(ReflectionUtils.java:164) [surefire-api-2.10.jar:2.10]
	at org.apache.maven.surefire.booter.ProviderFactory$ProviderProxy.invoke(ProviderFactory.java:110) [surefire-booter-2.10.jar:2.10]
	at org.apache.maven.surefire.booter.SurefireStarter.invokeProvider(SurefireStarter.java:175) [surefire-booter-2.10.jar:2.10]
	at org.apache.maven.surefire.booter.SurefireStarter.runSuitesInProcessWhenForked(SurefireStarter.java:107) [surefire-booter-2.10.jar:2.10]
	at org.apache.maven.surefire.booter.ForkedBooter.main(ForkedBooter.java:68) [surefire-booter-2.10.jar:2.10]
22:06:02.513 [main] WARN  o.s.c.a.CommonAnnotationBeanPostProcessor - Invocation of destroy method failed on bean with name &apos;coreTicketOndemandSyncJob&apos;: com.rackspace.search.exception.NotFoundException: Index is missing
22:06:02.517 [main] ERROR c.r.s.e.client.ElasticSearchClient - Index is missing
org.elasticsearch.indices.IndexMissingException: [admin] missing
	at org.elasticsearch.cluster.metadata.MetaData.concreteIndex(MetaData.java:616) ~[elasticsearch-0.90.2.jar:na]
	at org.elasticsearch.action.get.TransportGetAction.resolveRequest(TransportGetAction.java:90) ~[elasticsearch-0.90.2.jar:na]
	at org.elasticsearch.action.get.TransportGetAction.resolveRequest(TransportGetAction.java:42) ~[elasticsearch-0.90.2.jar:na]
	at org.elasticsearch.action.support.single.shard.TransportShardSingleOperationAction$AsyncSingleAction.&lt;init&gt;(TransportShardSingleOperationAction.java:114) ~[elasticsearch-0.90.2.jar:na]
	at org.elasticsearch.action.support.single.shard.TransportShardSingleOperationAction$AsyncSingleAction.&lt;init&gt;(TransportShardSingleOperationAction.java:94) ~[elasticsearch-0.90.2.jar:na]
	at org.elasticsearch.action.support.single.shard.TransportShardSingleOperationAction.doExecute(TransportShardSingleOperationAction.java:71) ~[elasticsearch-0.90.2.jar:na]
	at org.elasticsearch.action.support.single.shard.TransportShardSingleOperationAction.doExecute(TransportShardSingleOperationAction.java:46) ~[elasticsearch-0.90.2.jar:na]
	at org.elasticsearch.action.support.TransportAction.execute(TransportAction.java:61) ~[elasticsearch-0.90.2.jar:na]
	at org.elasticsearch.client.node.NodeClient.execute(NodeClient.java:92) ~[elasticsearch-0.90.2.jar:na]
	at org.elasticsearch.client.support.AbstractClient.get(AbstractClient.java:179) ~[elasticsearch-0.90.2.jar:na]
	at org.elasticsearch.action.get.GetRequestBuilder.doExecute(GetRequestBuilder.java:112) ~[elasticsearch-0.90.2.jar:na]
	at org.elasticsearch.action.ActionRequestBuilder.execute(ActionRequestBuilder.java:62) ~[elasticsearch-0.90.2.jar:na]
	at org.elasticsearch.action.ActionRequestBuilder.execute(ActionRequestBuilder.java:57) ~[elasticsearch-0.90.2.jar:na]
	at org.elasticsearch.action.ActionRequestBuilder$execute.call(Unknown Source) ~[na:na]
	at com.rackspace.search.elasticsearch.client.ElasticSearchClient.getDocument(ElasticSearchClient.groovy:209) ~[classes/:na]
	at com.rackspace.search.elasticsearch.client.ElasticSearchClient$getDocument.call(Unknown Source) [classes/:na]
	at com.rackspace.search.service.JobService.getJob(JobService.groovy:56) [classes/:na]
	at com.rackspace.search.service.JobService$getJob$0.callCurrent(Unknown Source) [classes/:na]
	at com.rackspace.search.service.JobService.getJob(JobService.groovy:52) [classes/:na]
	at com.rackspace.search.service.JobService$getJob.call(Unknown Source) [classes/:na]
	at com.rackspace.search.service.account.AccountOngoingSyncJob.windupActivities(AccountOngoingSyncJob.groovy:89) [classes/:na]
	at sun.reflect.GeneratedMethodAccessor75.invoke(Unknown Source) ~[na:na]
	at sun.reflect.DelegatingMethodAccessorImpl.invoke(DelegatingMethodAccessorImpl.java:25) ~[na:1.6.0_38]
	at java.lang.reflect.Method.invoke(Method.java:597) ~[na:1.6.0_38]
	at org.springframework.beans.factory.annotation.InitDestroyAnnotationBeanPostProcessor$LifecycleElement.invoke(InitDestroyAnnotationBeanPostProcessor.java:340) [spring-beans-3.0.6.RELEASE.jar:3.0.6.RELEASE]
	at org.springframework.beans.factory.annotation.InitDestroyAnnotationBeanPostProcessor$LifecycleMetadata.invokeDestroyMethods(InitDestroyAnnotationBeanPostProcessor.java:305) [spring-beans-3.0.6.RELEASE.jar:3.0.6.RELEASE]
	at org.springframework.beans.factory.annotation.InitDestroyAnnotationBeanPostProcessor.postProcessBeforeDestruction(InitDestroyAnnotationBeanPostProcessor.java:148) [spring-beans-3.0.6.RELEASE.jar:3.0.6.RELEASE]
	at org.springframework.beans.factory.support.DisposableBeanAdapter.destroy(DisposableBeanAdapter.java:166) [spring-beans-3.0.6.RELEASE.jar:3.0.6.RELEASE]
	at org.springframework.beans.factory.support.DefaultSingletonBeanRegistry.destroyBean(DefaultSingletonBeanRegistry.java:487) [spring-beans-3.0.6.RELEASE.jar:3.0.6.RELEASE]
	at org.springframework.beans.factory.support.DefaultSingletonBeanRegistry.destroySingleton(DefaultSingletonBeanRegistry.java:463) [spring-beans-3.0.6.RELEASE.jar:3.0.6.RELEASE]
	at org.springframework.beans.factory.support.DefaultSingletonBeanRegistry.destroySingletons(DefaultSingletonBeanRegistry.java:431) [spring-beans-3.0.6.RELEASE.jar:3.0.6.RELEASE]
	at org.springframework.context.support.AbstractApplicationContext.destroyBeans(AbstractApplicationContext.java:1048) [spring-context-3.0.6.RELEASE.jar:3.0.6.RELEASE]
	at org.springframework.context.support.AbstractApplicationContext.refresh(AbstractApplicationContext.java:433) [spring-context-3.0.6.RELEASE.jar:3.0.6.RELEASE]
	at org.springframework.test.context.support.AbstractGenericContextLoader.loadContext(AbstractGenericContextLoader.java:84) [spring-test-3.0.6.RELEASE.jar:3.0.6.RELEASE]
	at org.springframework.test.context.support.AbstractGenericContextLoader.loadContext(AbstractGenericContextLoader.java:1) [spring-test-3.0.6.RELEASE.jar:3.0.6.RELEASE]
	at org.springframework.test.context.TestContext.loadApplicationContext(TestContext.java:280) [spring-test-3.0.6.RELEASE.jar:3.0.6.RELEASE]
	at org.springframework.test.context.TestContext.getApplicationContext(TestContext.java:304) [spring-test-3.0.6.RELEASE.jar:3.0.6.RELEASE]
	at org.springframework.test.context.support.DependencyInjectionTestExecutionListener.injectDependencies(DependencyInjectionTestExecutionListener.java:109) [spring-test-3.0.6.RELEASE.jar:3.0.6.RELEASE]
	at org.springframework.test.context.support.DependencyInjectionTestExecutionListener.prepareTestInstance(DependencyInjectionTestExecutionListener.java:75) [spring-test-3.0.6.RELEASE.jar:3.0.6.RELEASE]
	at org.springframework.test.context.TestContextManager.prepareTestInstance(TestContextManager.java:321) [spring-test-3.0.6.RELEASE.jar:3.0.6.RELEASE]
	at org.spockframework.spring.SpringTestContextManager.prepareTestInstance(SpringTestContextManager.java:49) [spock-spring-0.7-groovy-2.0.jar:na]
	at org.spockframework.spring.SpringInterceptor.interceptSetupMethod(SpringInterceptor.java:42) [spock-spring-0.7-groovy-2.0.jar:na]
	at org.spockframework.runtime.extension.AbstractMethodInterceptor.intercept(AbstractMethodInterceptor.java:28) [spock-core-0.7-groovy-2.0.jar:na]
	at org.spockframework.runtime.extension.MethodInvocation.proceed(MethodInvocation.java:84) [spock-core-0.7-groovy-2.0.jar:na]
	at org.spockframework.runtime.BaseSpecRunner.invoke(BaseSpecRunner.java:319) [spock-core-0.7-groovy-2.0.jar:na]
	at org.spockframework.runtime.BaseSpecRunner.invokeSetup(BaseSpecRunner.java:279) [spock-core-0.7-groovy-2.0.jar:na]
	at org.spockframework.runtime.BaseSpecRunner.doRunIteration(BaseSpecRunner.java:255) [spock-core-0.7-groovy-2.0.jar:na]
	at sun.reflect.GeneratedMethodAccessor5.invoke(Unknown Source) ~[na:na]
	at sun.reflect.DelegatingMethodAccessorImpl.invoke(DelegatingMethodAccessorImpl.java:25) ~[na:1.6.0_38]
	at java.lang.reflect.Method.invoke(Method.java:597) ~[na:1.6.0_38]
	at org.spockframework.util.ReflectionUtil.invokeMethod(ReflectionUtil.java:138) [spock-core-0.7-groovy-2.0.jar:na]
	at org.spockframework.runtime.BaseSpecRunner.invokeRaw(BaseSpecRunner.java:330) [spock-core-0.7-groovy-2.0.jar:na]
	at org.spockframework.runtime.BaseSpecRunner.invoke(BaseSpecRunner.java:311) [spock-core-0.7-groovy-2.0.jar:na]
	at org.spockframework.runtime.BaseSpecRunner.runIteration(BaseSpecRunner.java:223) [spock-core-0.7-groovy-2.0.jar:na]
	at org.spockframework.runtime.BaseSpecRunner.initializeAndRunIteration(BaseSpecRunner.java:214) [spock-core-0.7-groovy-2.0.jar:na]
	at org.spockframework.runtime.BaseSpecRunner.runSimpleFeature(BaseSpecRunner.java:205) [spock-core-0.7-groovy-2.0.jar:na]
	at org.spockframework.runtime.BaseSpecRunner.doRunFeature(BaseSpecRunner.java:199) [spock-core-0.7-groovy-2.0.jar:na]
	at sun.reflect.GeneratedMethodAccessor7.invoke(Unknown Source) ~[na:na]
	at sun.reflect.DelegatingMethodAccessorImpl.invoke(DelegatingMethodAccessorImpl.java:25) ~[na:1.6.0_38]
	at java.lang.reflect.Method.invoke(Method.java:597) ~[na:1.6.0_38]
	at org.spockframework.util.ReflectionUtil.invokeMethod(ReflectionUtil.java:138) [spock-core-0.7-groovy-2.0.jar:na]
	at org.spockframework.runtime.BaseSpecRunner.invokeRaw(BaseSpecRunner.java:330) [spock-core-0.7-groovy-2.0.jar:na]
	at org.spockframework.runtime.BaseSpecRunner.invoke(BaseSpecRunner.java:311) [spock-core-0.7-groovy-2.0.jar:na]
	at org.spockframework.runtime.BaseSpecRunner.runFeature(BaseSpecRunner.java:175) [spock-core-0.7-groovy-2.0.jar:na]
	at org.spockframework.runtime.BaseSpecRunner.runFeatures(BaseSpecRunner.java:152) [spock-core-0.7-groovy-2.0.jar:na]
	at org.spockframework.runtime.BaseSpecRunner.doRunSpec(BaseSpecRunner.java:112) [spock-core-0.7-groovy-2.0.jar:na]
	at sun.reflect.GeneratedMethodAccessor11.invoke(Unknown Source) ~[na:na]
	at sun.reflect.DelegatingMethodAccessorImpl.invoke(DelegatingMethodAccessorImpl.java:25) ~[na:1.6.0_38]
	at java.lang.reflect.Method.invoke(Method.java:597) ~[na:1.6.0_38]
	at org.spockframework.util.ReflectionUtil.invokeMethod(ReflectionUtil.java:138) [spock-core-0.7-groovy-2.0.jar:na]
	at org.spockframework.runtime.BaseSpecRunner.invokeRaw(BaseSpecRunner.java:330) [spock-core-0.7-groovy-2.0.jar:na]
	at org.spockframework.runtime.BaseSpecRunner.invoke(BaseSpecRunner.java:311) [spock-core-0.7-groovy-2.0.jar:na]
	at org.spockframework.runtime.BaseSpecRunner.runSpec(BaseSpecRunner.java:91) [spock-core-0.7-groovy-2.0.jar:na]
	at org.spockframework.runtime.BaseSpecRunner.run(BaseSpecRunner.java:82) [spock-core-0.7-groovy-2.0.jar:na]
	at org.spockframework.runtime.Sputnik.run(Sputnik.java:63) [spock-core-0.7-groovy-2.0.jar:na]
	at org.apache.maven.surefire.junit4.JUnit4TestSet.execute(JUnit4TestSet.java:53) [surefire-junit4-2.10.jar:2.10]
	at org.apache.maven.surefire.junit4.JUnit4Provider.executeTestSet(JUnit4Provider.java:123) [surefire-junit4-2.10.jar:2.10]
	at org.apache.maven.surefire.junit4.JUnit4Provider.invoke(JUnit4Provider.java:104) [surefire-junit4-2.10.jar:2.10]
	at sun.reflect.NativeMethodAccessorImpl.invoke0(Native Method) ~[na:1.6.0_38]
	at sun.reflect.NativeMethodAccessorImpl.invoke(NativeMethodAccessorImpl.java:39) ~[na:1.6.0_38]
	at sun.reflect.DelegatingMethodAccessorImpl.invoke(DelegatingMethodAccessorImpl.java:25) ~[na:1.6.0_38]
	at java.lang.reflect.Method.invoke(Method.java:597) ~[na:1.6.0_38]
	at org.apache.maven.surefire.util.ReflectionUtils.invokeMethodWithArray(ReflectionUtils.java:164) [surefire-api-2.10.jar:2.10]
	at org.apache.maven.surefire.booter.ProviderFactory$ProviderProxy.invoke(ProviderFactory.java:110) [surefire-booter-2.10.jar:2.10]
	at org.apache.maven.surefire.booter.SurefireStarter.invokeProvider(SurefireStarter.java:175) [surefire-booter-2.10.jar:2.10]
	at org.apache.maven.surefire.booter.SurefireStarter.runSuitesInProcessWhenForked(SurefireStarter.java:107) [surefire-booter-2.10.jar:2.10]
	at org.apache.maven.surefire.booter.ForkedBooter.main(ForkedBooter.java:68) [surefire-booter-2.10.jar:2.10]
22:06:02.519 [main] WARN  o.s.c.a.CommonAnnotationBeanPostProcessor - Invocation of destroy method failed on bean with name &apos;accountOngoingSyncJob&apos;: com.rackspace.search.exception.NotFoundException: Index is missing
22:06:02.524 [main] ERROR c.r.s.e.client.ElasticSearchClient - Index is missing
org.elasticsearch.indices.IndexMissingException: [admin] missing
	at org.elasticsearch.cluster.metadata.MetaData.concreteIndex(MetaData.java:616) ~[elasticsearch-0.90.2.jar:na]
	at org.elasticsearch.action.get.TransportGetAction.resolveRequest(TransportGetAction.java:90) ~[elasticsearch-0.90.2.jar:na]
	at org.elasticsearch.action.get.TransportGetAction.resolveRequest(TransportGetAction.java:42) ~[elasticsearch-0.90.2.jar:na]
	at org.elasticsearch.action.support.single.shard.TransportShardSingleOperationAction$AsyncSingleAction.&lt;init&gt;(TransportShardSingleOperationAction.java:114) ~[elasticsearch-0.90.2.jar:na]
	at org.elasticsearch.action.support.single.shard.TransportShardSingleOperationAction$AsyncSingleAction.&lt;init&gt;(TransportShardSingleOperationAction.java:94) ~[elasticsearch-0.90.2.jar:na]
	at org.elasticsearch.action.support.single.shard.TransportShardSingleOperationAction.doExecute(TransportShardSingleOperationAction.java:71) ~[elasticsearch-0.90.2.jar:na]
	at org.elasticsearch.action.support.single.shard.TransportShardSingleOperationAction.doExecute(TransportShardSingleOperationAction.java:46) ~[elasticsearch-0.90.2.jar:na]
	at org.elasticsearch.action.support.TransportAction.execute(TransportAction.java:61) ~[elasticsearch-0.90.2.jar:na]
	at org.elasticsearch.client.node.NodeClient.execute(NodeClient.java:92) ~[elasticsearch-0.90.2.jar:na]
	at org.elasticsearch.client.support.AbstractClient.get(AbstractClient.java:179) ~[elasticsearch-0.90.2.jar:na]
	at org.elasticsearch.action.get.GetRequestBuilder.doExecute(GetRequestBuilder.java:112) ~[elasticsearch-0.90.2.jar:na]
	at org.elasticsearch.action.ActionRequestBuilder.execute(ActionRequestBuilder.java:62) ~[elasticsearch-0.90.2.jar:na]
	at org.elasticsearch.action.ActionRequestBuilder.execute(ActionRequestBuilder.java:57) ~[elasticsearch-0.90.2.jar:na]
	at org.elasticsearch.action.ActionRequestBuilder$execute.call(Unknown Source) ~[na:na]
	at com.rackspace.search.elasticsearch.client.ElasticSearchClient.getDocument(ElasticSearchClient.groovy:209) ~[classes/:na]
	at com.rackspace.search.elasticsearch.client.ElasticSearchClient$getDocument.call(Unknown Source) [classes/:na]
	at com.rackspace.search.service.JobService.getJob(JobService.groovy:56) [classes/:na]
	at com.rackspace.search.service.JobService$getJob$0.callCurrent(Unknown Source) [classes/:na]
	at com.rackspace.search.service.JobService.getJob(JobService.groovy:52) [classes/:na]
	at com.rackspace.search.service.JobService$getJob.call(Unknown Source) [classes/:na]
	at com.rackspace.search.service.account.AccountOnetimeSyncJob.windupActivities(AccountOneTimeSyncJob.groovy:39) [classes/:na]
	at sun.reflect.GeneratedMethodAccessor76.invoke(Unknown Source) ~[na:na]
	at sun.reflect.DelegatingMethodAccessorImpl.invoke(DelegatingMethodAccessorImpl.java:25) ~[na:1.6.0_38]
	at java.lang.reflect.Method.invoke(Method.java:597) ~[na:1.6.0_38]
	at org.springframework.beans.factory.annotation.InitDestroyAnnotationBeanPostProcessor$LifecycleElement.invoke(InitDestroyAnnotationBeanPostProcessor.java:340) [spring-beans-3.0.6.RELEASE.jar:3.0.6.RELEASE]
	at org.springframework.beans.factory.annotation.InitDestroyAnnotationBeanPostProcessor$LifecycleMetadata.invokeDestroyMethods(InitDestroyAnnotationBeanPostProcessor.java:305) [spring-beans-3.0.6.RELEASE.jar:3.0.6.RELEASE]
	at org.springframework.beans.factory.annotation.InitDestroyAnnotationBeanPostProcessor.postProcessBeforeDestruction(InitDestroyAnnotationBeanPostProcessor.java:148) [spring-beans-3.0.6.RELEASE.jar:3.0.6.RELEASE]
	at org.springframework.beans.factory.support.DisposableBeanAdapter.destroy(DisposableBeanAdapter.java:166) [spring-beans-3.0.6.RELEASE.jar:3.0.6.RELEASE]
	at org.springframework.beans.factory.support.DefaultSingletonBeanRegistry.destroyBean(DefaultSingletonBeanRegistry.java:487) [spring-beans-3.0.6.RELEASE.jar:3.0.6.RELEASE]
	at org.springframework.beans.factory.support.DefaultSingletonBeanRegistry.destroySingleton(DefaultSingletonBeanRegistry.java:463) [spring-beans-3.0.6.RELEASE.jar:3.0.6.RELEASE]
	at org.springframework.beans.factory.support.DefaultSingletonBeanRegistry.destroySingletons(DefaultSingletonBeanRegistry.java:431) [spring-beans-3.0.6.RELEASE.jar:3.0.6.RELEASE]
	at org.springframework.context.support.AbstractApplicationContext.destroyBeans(AbstractApplicationContext.java:1048) [spring-context-3.0.6.RELEASE.jar:3.0.6.RELEASE]
	at org.springframework.context.support.AbstractApplicationContext.refresh(AbstractApplicationContext.java:433) [spring-context-3.0.6.RELEASE.jar:3.0.6.RELEASE]
	at org.springframework.test.context.support.AbstractGenericContextLoader.loadContext(AbstractGenericContextLoader.java:84) [spring-test-3.0.6.RELEASE.jar:3.0.6.RELEASE]
	at org.springframework.test.context.support.AbstractGenericContextLoader.loadContext(AbstractGenericContextLoader.java:1) [spring-test-3.0.6.RELEASE.jar:3.0.6.RELEASE]
	at org.springframework.test.context.TestContext.loadApplicationContext(TestContext.java:280) [spring-test-3.0.6.RELEASE.jar:3.0.6.RELEASE]
	at org.springframework.test.context.TestContext.getApplicationContext(TestContext.java:304) [spring-test-3.0.6.RELEASE.jar:3.0.6.RELEASE]
	at org.springframework.test.context.support.DependencyInjectionTestExecutionListener.injectDependencies(DependencyInjectionTestExecutionListener.java:109) [spring-test-3.0.6.RELEASE.jar:3.0.6.RELEASE]
	at org.springframework.test.context.support.DependencyInjectionTestExecutionListener.prepareTestInstance(DependencyInjectionTestExecutionListener.java:75) [spring-test-3.0.6.RELEASE.jar:3.0.6.RELEASE]
	at org.springframework.test.context.TestContextManager.prepareTestInstance(TestContextManager.java:321) [spring-test-3.0.6.RELEASE.jar:3.0.6.RELEASE]
	at org.spockframework.spring.SpringTestContextManager.prepareTestInstance(SpringTestContextManager.java:49) [spock-spring-0.7-groovy-2.0.jar:na]
	at org.spockframework.spring.SpringInterceptor.interceptSetupMethod(SpringInterceptor.java:42) [spock-spring-0.7-groovy-2.0.jar:na]
	at org.spockframework.runtime.extension.AbstractMethodInterceptor.intercept(AbstractMethodInterceptor.java:28) [spock-core-0.7-groovy-2.0.jar:na]
	at org.spockframework.runtime.extension.MethodInvocation.proceed(MethodInvocation.java:84) [spock-core-0.7-groovy-2.0.jar:na]
	at org.spockframework.runtime.BaseSpecRunner.invoke(BaseSpecRunner.java:319) [spock-core-0.7-groovy-2.0.jar:na]
	at org.spockframework.runtime.BaseSpecRunner.invokeSetup(BaseSpecRunner.java:279) [spock-core-0.7-groovy-2.0.jar:na]
	at org.spockframework.runtime.BaseSpecRunner.doRunIteration(BaseSpecRunner.java:255) [spock-core-0.7-groovy-2.0.jar:na]
	at sun.reflect.GeneratedMethodAccessor5.invoke(Unknown Source) ~[na:na]
	at sun.reflect.DelegatingMethodAccessorImpl.invoke(DelegatingMethodAccessorImpl.java:25) ~[na:1.6.0_38]
	at java.lang.reflect.Method.invoke(Method.java:597) ~[na:1.6.0_38]
	at org.spockframework.util.ReflectionUtil.invokeMethod(ReflectionUtil.java:138) [spock-core-0.7-groovy-2.0.jar:na]
	at org.spockframework.runtime.BaseSpecRunner.invokeRaw(BaseSpecRunner.java:330) [spock-core-0.7-groovy-2.0.jar:na]
	at org.spockframework.runtime.BaseSpecRunner.invoke(BaseSpecRunner.java:311) [spock-core-0.7-groovy-2.0.jar:na]
	at org.spockframework.runtime.BaseSpecRunner.runIteration(BaseSpecRunner.java:223) [spock-core-0.7-groovy-2.0.jar:na]
	at org.spockframework.runtime.BaseSpecRunner.initializeAndRunIteration(BaseSpecRunner.java:214) [spock-core-0.7-groovy-2.0.jar:na]
	at org.spockframework.runtime.BaseSpecRunner.runSimpleFeature(BaseSpecRunner.java:205) [spock-core-0.7-groovy-2.0.jar:na]
	at org.spockframework.runtime.BaseSpecRunner.doRunFeature(BaseSpecRunner.java:199) [spock-core-0.7-groovy-2.0.jar:na]
	at sun.reflect.GeneratedMethodAccessor7.invoke(Unknown Source) ~[na:na]
	at sun.reflect.DelegatingMethodAccessorImpl.invoke(DelegatingMethodAccessorImpl.java:25) ~[na:1.6.0_38]
	at java.lang.reflect.Method.invoke(Method.java:597) ~[na:1.6.0_38]
	at org.spockframework.util.ReflectionUtil.invokeMethod(ReflectionUtil.java:138) [spock-core-0.7-groovy-2.0.jar:na]
	at org.spockframework.runtime.BaseSpecRunner.invokeRaw(BaseSpecRunner.java:330) [spock-core-0.7-groovy-2.0.jar:na]
	at org.spockframework.runtime.BaseSpecRunner.invoke(BaseSpecRunner.java:311) [spock-core-0.7-groovy-2.0.jar:na]
	at org.spockframework.runtime.BaseSpecRunner.runFeature(BaseSpecRunner.java:175) [spock-core-0.7-groovy-2.0.jar:na]
	at org.spockframework.runtime.BaseSpecRunner.runFeatures(BaseSpecRunner.java:152) [spock-core-0.7-groovy-2.0.jar:na]
	at org.spockframework.runtime.BaseSpecRunner.doRunSpec(BaseSpecRunner.java:112) [spock-core-0.7-groovy-2.0.jar:na]
	at sun.reflect.GeneratedMethodAccessor11.invoke(Unknown Source) ~[na:na]
	at sun.reflect.DelegatingMethodAccessorImpl.invoke(DelegatingMethodAccessorImpl.java:25) ~[na:1.6.0_38]
	at java.lang.reflect.Method.invoke(Method.java:597) ~[na:1.6.0_38]
	at org.spockframework.util.ReflectionUtil.invokeMethod(ReflectionUtil.java:138) [spock-core-0.7-groovy-2.0.jar:na]
	at org.spockframework.runtime.BaseSpecRunner.invokeRaw(BaseSpecRunner.java:330) [spock-core-0.7-groovy-2.0.jar:na]
	at org.spockframework.runtime.BaseSpecRunner.invoke(BaseSpecRunner.java:311) [spock-core-0.7-groovy-2.0.jar:na]
	at org.spockframework.runtime.BaseSpecRunner.runSpec(BaseSpecRunner.java:91) [spock-core-0.7-groovy-2.0.jar:na]
	at org.spockframework.runtime.BaseSpecRunner.run(BaseSpecRunner.java:82) [spock-core-0.7-groovy-2.0.jar:na]
	at org.spockframework.runtime.Sputnik.run(Sputnik.java:63) [spock-core-0.7-groovy-2.0.jar:na]
	at org.apache.maven.surefire.junit4.JUnit4TestSet.execute(JUnit4TestSet.java:53) [surefire-junit4-2.10.jar:2.10]
	at org.apache.maven.surefire.junit4.JUnit4Provider.executeTestSet(JUnit4Provider.java:123) [surefire-junit4-2.10.jar:2.10]
	at org.apache.maven.surefire.junit4.JUnit4Provider.invoke(JUnit4Provider.java:104) [surefire-junit4-2.10.jar:2.10]
	at sun.reflect.NativeMethodAccessorImpl.invoke0(Native Method) ~[na:1.6.0_38]
	at sun.reflect.NativeMethodAccessorImpl.invoke(NativeMethodAccessorImpl.java:39) ~[na:1.6.0_38]
	at sun.reflect.DelegatingMethodAccessorImpl.invoke(DelegatingMethodAccessorImpl.java:25) ~[na:1.6.0_38]
	at java.lang.reflect.Method.invoke(Method.java:597) ~[na:1.6.0_38]
	at org.apache.maven.surefire.util.ReflectionUtils.invokeMethodWithArray(ReflectionUtils.java:164) [surefire-api-2.10.jar:2.10]
	at org.apache.maven.surefire.booter.ProviderFactory$ProviderProxy.invoke(ProviderFactory.java:110) [surefire-booter-2.10.jar:2.10]
	at org.apache.maven.surefire.booter.SurefireStarter.invokeProvider(SurefireStarter.java:175) [surefire-booter-2.10.jar:2.10]
	at org.apache.maven.surefire.booter.SurefireStarter.runSuitesInProcessWhenForked(SurefireStarter.java:107) [surefire-booter-2.10.jar:2.10]
	at org.apache.maven.surefire.booter.ForkedBooter.main(ForkedBooter.java:68) [surefire-booter-2.10.jar:2.10]
22:06:02.525 [main] WARN  o.s.c.a.CommonAnnotationBeanPostProcessor - Invocation of destroy method failed on bean with name &apos;accountOnetimeSyncJob&apos;: com.rackspace.search.exception.NotFoundException: Index is missing
22:06:02.529 [main] ERROR c.r.s.e.client.ElasticSearchClient - Index is missing
org.elasticsearch.indices.IndexMissingException: [admin] missing
	at org.elasticsearch.cluster.metadata.MetaData.concreteIndex(MetaData.java:616) ~[elasticsearch-0.90.2.jar:na]
	at org.elasticsearch.action.get.TransportGetAction.resolveRequest(TransportGetAction.java:90) ~[elasticsearch-0.90.2.jar:na]
	at org.elasticsearch.action.get.TransportGetAction.resolveRequest(TransportGetAction.java:42) ~[elasticsearch-0.90.2.jar:na]
	at org.elasticsearch.action.support.single.shard.TransportShardSingleOperationAction$AsyncSingleAction.&lt;init&gt;(TransportShardSingleOperationAction.java:114) ~[elasticsearch-0.90.2.jar:na]
	at org.elasticsearch.action.support.single.shard.TransportShardSingleOperationAction$AsyncSingleAction.&lt;init&gt;(TransportShardSingleOperationAction.java:94) ~[elasticsearch-0.90.2.jar:na]
	at org.elasticsearch.action.support.single.shard.TransportShardSingleOperationAction.doExecute(TransportShardSingleOperationAction.java:71) ~[elasticsearch-0.90.2.jar:na]
	at org.elasticsearch.action.support.single.shard.TransportShardSingleOperationAction.doExecute(TransportShardSingleOperationAction.java:46) ~[elasticsearch-0.90.2.jar:na]
	at org.elasticsearch.action.support.TransportAction.execute(TransportAction.java:61) ~[elasticsearch-0.90.2.jar:na]
	at org.elasticsearch.client.node.NodeClient.execute(NodeClient.java:92) ~[elasticsearch-0.90.2.jar:na]
	at org.elasticsearch.client.support.AbstractClient.get(AbstractClient.java:179) ~[elasticsearch-0.90.2.jar:na]
	at org.elasticsearch.action.get.GetRequestBuilder.doExecute(GetRequestBuilder.java:112) ~[elasticsearch-0.90.2.jar:na]
	at org.elasticsearch.action.ActionRequestBuilder.execute(ActionRequestBuilder.java:62) ~[elasticsearch-0.90.2.jar:na]
	at org.elasticsearch.action.ActionRequestBuilder.execute(ActionRequestBuilder.java:57) ~[elasticsearch-0.90.2.jar:na]
	at org.elasticsearch.action.ActionRequestBuilder$execute.call(Unknown Source) ~[na:na]
	at com.rackspace.search.elasticsearch.client.ElasticSearchClient.getDocument(ElasticSearchClient.groovy:209) ~[classes/:na]
	at com.rackspace.search.elasticsearch.client.ElasticSearchClient$getDocument.call(Unknown Source) [classes/:na]
	at com.rackspace.search.service.JobService.getJob(JobService.groovy:56) [classes/:na]
	at com.rackspace.search.service.JobService$getJob$0.callCurrent(Unknown Source) [classes/:na]
	at com.rackspace.search.service.JobService.getJob(JobService.groovy:52) [classes/:na]
	at com.rackspace.search.service.JobService$getJob.call(Unknown Source) [classes/:na]
	at com.rackspace.search.service.core.CoreTicketOngoingSyncJob.windupActivities(CoreTicketOnGoingSyncJob.groovy:82) [classes/:na]
	at sun.reflect.GeneratedMethodAccessor77.invoke(Unknown Source) ~[na:na]
	at sun.reflect.DelegatingMethodAccessorImpl.invoke(DelegatingMethodAccessorImpl.java:25) ~[na:1.6.0_38]
	at java.lang.reflect.Method.invoke(Method.java:597) ~[na:1.6.0_38]
	at org.springframework.beans.factory.annotation.InitDestroyAnnotationBeanPostProcessor$LifecycleElement.invoke(InitDestroyAnnotationBeanPostProcessor.java:340) [spring-beans-3.0.6.RELEASE.jar:3.0.6.RELEASE]
	at org.springframework.beans.factory.annotation.InitDestroyAnnotationBeanPostProcessor$LifecycleMetadata.invokeDestroyMethods(InitDestroyAnnotationBeanPostProcessor.java:305) [spring-beans-3.0.6.RELEASE.jar:3.0.6.RELEASE]
	at org.springframework.beans.factory.annotation.InitDestroyAnnotationBeanPostProcessor.postProcessBeforeDestruction(InitDestroyAnnotationBeanPostProcessor.java:148) [spring-beans-3.0.6.RELEASE.jar:3.0.6.RELEASE]
	at org.springframework.beans.factory.support.DisposableBeanAdapter.destroy(DisposableBeanAdapter.java:166) [spring-beans-3.0.6.RELEASE.jar:3.0.6.RELEASE]
	at org.springframework.beans.factory.support.DefaultSingletonBeanRegistry.destroyBean(DefaultSingletonBeanRegistry.java:487) [spring-beans-3.0.6.RELEASE.jar:3.0.6.RELEASE]
	at org.springframework.beans.factory.support.DefaultSingletonBeanRegistry.destroySingleton(DefaultSingletonBeanRegistry.java:463) [spring-beans-3.0.6.RELEASE.jar:3.0.6.RELEASE]
	at org.springframework.beans.factory.support.DefaultSingletonBeanRegistry.destroySingletons(DefaultSingletonBeanRegistry.java:431) [spring-beans-3.0.6.RELEASE.jar:3.0.6.RELEASE]
	at org.springframework.context.support.AbstractApplicationContext.destroyBeans(AbstractApplicationContext.java:1048) [spring-context-3.0.6.RELEASE.jar:3.0.6.RELEASE]
	at org.springframework.context.support.AbstractApplicationContext.refresh(AbstractApplicationContext.java:433) [spring-context-3.0.6.RELEASE.jar:3.0.6.RELEASE]
	at org.springframework.test.context.support.AbstractGenericContextLoader.loadContext(AbstractGenericContextLoader.java:84) [spring-test-3.0.6.RELEASE.jar:3.0.6.RELEASE]
	at org.springframework.test.context.support.AbstractGenericContextLoader.loadContext(AbstractGenericContextLoader.java:1) [spring-test-3.0.6.RELEASE.jar:3.0.6.RELEASE]
	at org.springframework.test.context.TestContext.loadApplicationContext(TestContext.java:280) [spring-test-3.0.6.RELEASE.jar:3.0.6.RELEASE]
	at org.springframework.test.context.TestContext.getApplicationContext(TestContext.java:304) [spring-test-3.0.6.RELEASE.jar:3.0.6.RELEASE]
	at org.springframework.test.context.support.DependencyInjectionTestExecutionListener.injectDependencies(DependencyInjectionTestExecutionListener.java:109) [spring-test-3.0.6.RELEASE.jar:3.0.6.RELEASE]
	at org.springframework.test.context.support.DependencyInjectionTestExecutionListener.prepareTestInstance(DependencyInjectionTestExecutionListener.java:75) [spring-test-3.0.6.RELEASE.jar:3.0.6.RELEASE]
	at org.springframework.test.context.TestContextManager.prepareTestInstance(TestContextManager.java:321) [spring-test-3.0.6.RELEASE.jar:3.0.6.RELEASE]
	at org.spockframework.spring.SpringTestContextManager.prepareTestInstance(SpringTestContextManager.java:49) [spock-spring-0.7-groovy-2.0.jar:na]
	at org.spockframework.spring.SpringInterceptor.interceptSetupMethod(SpringInterceptor.java:42) [spock-spring-0.7-groovy-2.0.jar:na]
	at org.spockframework.runtime.extension.AbstractMethodInterceptor.intercept(AbstractMethodInterceptor.java:28) [spock-core-0.7-groovy-2.0.jar:na]
	at org.spockframework.runtime.extension.MethodInvocation.proceed(MethodInvocation.java:84) [spock-core-0.7-groovy-2.0.jar:na]
	at org.spockframework.runtime.BaseSpecRunner.invoke(BaseSpecRunner.java:319) [spock-core-0.7-groovy-2.0.jar:na]
	at org.spockframework.runtime.BaseSpecRunner.invokeSetup(BaseSpecRunner.java:279) [spock-core-0.7-groovy-2.0.jar:na]
	at org.spockframework.runtime.BaseSpecRunner.doRunIteration(BaseSpecRunner.java:255) [spock-core-0.7-groovy-2.0.jar:na]
	at sun.reflect.GeneratedMethodAccessor5.invoke(Unknown Source) ~[na:na]
	at sun.reflect.DelegatingMethodAccessorImpl.invoke(DelegatingMethodAccessorImpl.java:25) ~[na:1.6.0_38]
	at java.lang.reflect.Method.invoke(Method.java:597) ~[na:1.6.0_38]
	at org.spockframework.util.ReflectionUtil.invokeMethod(ReflectionUtil.java:138) [spock-core-0.7-groovy-2.0.jar:na]
	at org.spockframework.runtime.BaseSpecRunner.invokeRaw(BaseSpecRunner.java:330) [spock-core-0.7-groovy-2.0.jar:na]
	at org.spockframework.runtime.BaseSpecRunner.invoke(BaseSpecRunner.java:311) [spock-core-0.7-groovy-2.0.jar:na]
	at org.spockframework.runtime.BaseSpecRunner.runIteration(BaseSpecRunner.java:223) [spock-core-0.7-groovy-2.0.jar:na]
	at org.spockframework.runtime.BaseSpecRunner.initializeAndRunIteration(BaseSpecRunner.java:214) [spock-core-0.7-groovy-2.0.jar:na]
	at org.spockframework.runtime.BaseSpecRunner.runSimpleFeature(BaseSpecRunner.java:205) [spock-core-0.7-groovy-2.0.jar:na]
	at org.spockframework.runtime.BaseSpecRunner.doRunFeature(BaseSpecRunner.java:199) [spock-core-0.7-groovy-2.0.jar:na]
	at sun.reflect.GeneratedMethodAccessor7.invoke(Unknown Source) ~[na:na]
	at sun.reflect.DelegatingMethodAccessorImpl.invoke(DelegatingMethodAccessorImpl.java:25) ~[na:1.6.0_38]
	at java.lang.reflect.Method.invoke(Method.java:597) ~[na:1.6.0_38]
	at org.spockframework.util.ReflectionUtil.invokeMethod(ReflectionUtil.java:138) [spock-core-0.7-groovy-2.0.jar:na]
	at org.spockframework.runtime.BaseSpecRunner.invokeRaw(BaseSpecRunner.java:330) [spock-core-0.7-groovy-2.0.jar:na]
	at org.spockframework.runtime.BaseSpecRunner.invoke(BaseSpecRunner.java:311) [spock-core-0.7-groovy-2.0.jar:na]
	at org.spockframework.runtime.BaseSpecRunner.runFeature(BaseSpecRunner.java:175) [spock-core-0.7-groovy-2.0.jar:na]
	at org.spockframework.runtime.BaseSpecRunner.runFeatures(BaseSpecRunner.java:152) [spock-core-0.7-groovy-2.0.jar:na]
	at org.spockframework.runtime.BaseSpecRunner.doRunSpec(BaseSpecRunner.java:112) [spock-core-0.7-groovy-2.0.jar:na]
	at sun.reflect.GeneratedMethodAccessor11.invoke(Unknown Source) ~[na:na]
	at sun.reflect.DelegatingMethodAccessorImpl.invoke(DelegatingMethodAccessorImpl.java:25) ~[na:1.6.0_38]
	at java.lang.reflect.Method.invoke(Method.java:597) ~[na:1.6.0_38]
	at org.spockframework.util.ReflectionUtil.invokeMethod(ReflectionUtil.java:138) [spock-core-0.7-groovy-2.0.jar:na]
	at org.spockframework.runtime.BaseSpecRunner.invokeRaw(BaseSpecRunner.java:330) [spock-core-0.7-groovy-2.0.jar:na]
	at org.spockframework.runtime.BaseSpecRunner.invoke(BaseSpecRunner.java:311) [spock-core-0.7-groovy-2.0.jar:na]
	at org.spockframework.runtime.BaseSpecRunner.runSpec(BaseSpecRunner.java:91) [spock-core-0.7-groovy-2.0.jar:na]
	at org.spockframework.runtime.BaseSpecRunner.run(BaseSpecRunner.java:82) [spock-core-0.7-groovy-2.0.jar:na]
	at org.spockframework.runtime.Sputnik.run(Sputnik.java:63) [spock-core-0.7-groovy-2.0.jar:na]
	at org.apache.maven.surefire.junit4.JUnit4TestSet.execute(JUnit4TestSet.java:53) [surefire-junit4-2.10.jar:2.10]
	at org.apache.maven.surefire.junit4.JUnit4Provider.executeTestSet(JUnit4Provider.java:123) [surefire-junit4-2.10.jar:2.10]
	at org.apache.maven.surefire.junit4.JUnit4Provider.invoke(JUnit4Provider.java:104) [surefire-junit4-2.10.jar:2.10]
	at sun.reflect.NativeMethodAccessorImpl.invoke0(Native Method) ~[na:1.6.0_38]
	at sun.reflect.NativeMethodAccessorImpl.invoke(NativeMethodAccessorImpl.java:39) ~[na:1.6.0_38]
	at sun.reflect.DelegatingMethodAccessorImpl.invoke(DelegatingMethodAccessorImpl.java:25) ~[na:1.6.0_38]
	at java.lang.reflect.Method.invoke(Method.java:597) ~[na:1.6.0_38]
	at org.apache.maven.surefire.util.ReflectionUtils.invokeMethodWithArray(ReflectionUtils.java:164) [surefire-api-2.10.jar:2.10]
	at org.apache.maven.surefire.booter.ProviderFactory$ProviderProxy.invoke(ProviderFactory.java:110) [surefire-booter-2.10.jar:2.10]
	at org.apache.maven.surefire.booter.SurefireStarter.invokeProvider(SurefireStarter.java:175) [surefire-booter-2.10.jar:2.10]
	at org.apache.maven.surefire.booter.SurefireStarter.runSuitesInProcessWhenForked(SurefireStarter.java:107) [surefire-booter-2.10.jar:2.10]
	at org.apache.maven.surefire.booter.ForkedBooter.main(ForkedBooter.java:68) [surefire-booter-2.10.jar:2.10]
22:06:02.531 [main] WARN  o.s.c.a.CommonAnnotationBeanPostProcessor - Invocation of destroy method failed on bean with name &apos;coreTicketOngoingSyncJob&apos;: com.rackspace.search.exception.NotFoundException: Index is missing
22:06:02.535 [main] ERROR c.r.s.e.client.ElasticSearchClient - Index is missing
org.elasticsearch.indices.IndexMissingException: [admin] missing
	at org.elasticsearch.cluster.metadata.MetaData.concreteIndex(MetaData.java:616) ~[elasticsearch-0.90.2.jar:na]
	at org.elasticsearch.action.get.TransportGetAction.resolveRequest(TransportGetAction.java:90) ~[elasticsearch-0.90.2.jar:na]
	at org.elasticsearch.action.get.TransportGetAction.resolveRequest(TransportGetAction.java:42) ~[elasticsearch-0.90.2.jar:na]
	at org.elasticsearch.action.support.single.shard.TransportShardSingleOperationAction$AsyncSingleAction.&lt;init&gt;(TransportShardSingleOperationAction.java:114) ~[elasticsearch-0.90.2.jar:na]
	at org.elasticsearch.action.support.single.shard.TransportShardSingleOperationAction$AsyncSingleAction.&lt;init&gt;(TransportShardSingleOperationAction.java:94) ~[elasticsearch-0.90.2.jar:na]
	at org.elasticsearch.action.support.single.shard.TransportShardSingleOperationAction.doExecute(TransportShardSingleOperationAction.java:71) ~[elasticsearch-0.90.2.jar:na]
	at org.elasticsearch.action.support.single.shard.TransportShardSingleOperationAction.doExecute(TransportShardSingleOperationAction.java:46) ~[elasticsearch-0.90.2.jar:na]
	at org.elasticsearch.action.support.TransportAction.execute(TransportAction.java:61) ~[elasticsearch-0.90.2.jar:na]
	at org.elasticsearch.client.node.NodeClient.execute(NodeClient.java:92) ~[elasticsearch-0.90.2.jar:na]
	at org.elasticsearch.client.support.AbstractClient.get(AbstractClient.java:179) ~[elasticsearch-0.90.2.jar:na]
	at org.elasticsearch.action.get.GetRequestBuilder.doExecute(GetRequestBuilder.java:112) ~[elasticsearch-0.90.2.jar:na]
	at org.elasticsearch.action.ActionRequestBuilder.execute(ActionRequestBuilder.java:62) ~[elasticsearch-0.90.2.jar:na]
	at org.elasticsearch.action.ActionRequestBuilder.execute(ActionRequestBuilder.java:57) ~[elasticsearch-0.90.2.jar:na]
	at org.elasticsearch.action.ActionRequestBuilder$execute.call(Unknown Source) ~[na:na]
	at com.rackspace.search.elasticsearch.client.ElasticSearchClient.getDocument(ElasticSearchClient.groovy:209) ~[classes/:na]
	at com.rackspace.search.elasticsearch.client.ElasticSearchClient$getDocument.call(Unknown Source) [classes/:na]
	at com.rackspace.search.service.JobService.getJob(JobService.groovy:56) [classes/:na]
	at com.rackspace.search.service.JobService$getJob$0.callCurrent(Unknown Source) [classes/:na]
	at com.rackspace.search.service.JobService.getJob(JobService.groovy:52) [classes/:na]
	at com.rackspace.search.service.JobService$getJob.call(Unknown Source) [classes/:na]
	at com.rackspace.search.service.core.CoreTicketOnetimeSyncJob.windupActivities(CoreTicketOneTimeSyncJob.groovy:45) [classes/:na]
	at sun.reflect.GeneratedMethodAccessor78.invoke(Unknown Source) ~[na:na]
	at sun.reflect.DelegatingMethodAccessorImpl.invoke(DelegatingMethodAccessorImpl.java:25) ~[na:1.6.0_38]
	at java.lang.reflect.Method.invoke(Method.java:597) ~[na:1.6.0_38]
	at org.springframework.beans.factory.annotation.InitDestroyAnnotationBeanPostProcessor$LifecycleElement.invoke(InitDestroyAnnotationBeanPostProcessor.java:340) [spring-beans-3.0.6.RELEASE.jar:3.0.6.RELEASE]
	at org.springframework.beans.factory.annotation.InitDestroyAnnotationBeanPostProcessor$LifecycleMetadata.invokeDestroyMethods(InitDestroyAnnotationBeanPostProcessor.java:305) [spring-beans-3.0.6.RELEASE.jar:3.0.6.RELEASE]
	at org.springframework.beans.factory.annotation.InitDestroyAnnotationBeanPostProcessor.postProcessBeforeDestruction(InitDestroyAnnotationBeanPostProcessor.java:148) [spring-beans-3.0.6.RELEASE.jar:3.0.6.RELEASE]
	at org.springframework.beans.factory.support.DisposableBeanAdapter.destroy(DisposableBeanAdapter.java:166) [spring-beans-3.0.6.RELEASE.jar:3.0.6.RELEASE]
	at org.springframework.beans.factory.support.DefaultSingletonBeanRegistry.destroyBean(DefaultSingletonBeanRegistry.java:487) [spring-beans-3.0.6.RELEASE.jar:3.0.6.RELEASE]
	at org.springframework.beans.factory.support.DefaultSingletonBeanRegistry.destroySingleton(DefaultSingletonBeanRegistry.java:463) [spring-beans-3.0.6.RELEASE.jar:3.0.6.RELEASE]
	at org.springframework.beans.factory.support.DefaultSingletonBeanRegistry.destroySingletons(DefaultSingletonBeanRegistry.java:431) [spring-beans-3.0.6.RELEASE.jar:3.0.6.RELEASE]
	at org.springframework.context.support.AbstractApplicationContext.destroyBeans(AbstractApplicationContext.java:1048) [spring-context-3.0.6.RELEASE.jar:3.0.6.RELEASE]
	at org.springframework.context.support.AbstractApplicationContext.refresh(AbstractApplicationContext.java:433) [spring-context-3.0.6.RELEASE.jar:3.0.6.RELEASE]
	at org.springframework.test.context.support.AbstractGenericContextLoader.loadContext(AbstractGenericContextLoader.java:84) [spring-test-3.0.6.RELEASE.jar:3.0.6.RELEASE]
	at org.springframework.test.context.support.AbstractGenericContextLoader.loadContext(AbstractGenericContextLoader.java:1) [spring-test-3.0.6.RELEASE.jar:3.0.6.RELEASE]
	at org.springframework.test.context.TestContext.loadApplicationContext(TestContext.java:280) [spring-test-3.0.6.RELEASE.jar:3.0.6.RELEASE]
	at org.springframework.test.context.TestContext.getApplicationContext(TestContext.java:304) [spring-test-3.0.6.RELEASE.jar:3.0.6.RELEASE]
	at org.springframework.test.context.support.DependencyInjectionTestExecutionListener.injectDependencies(DependencyInjectionTestExecutionListener.java:109) [spring-test-3.0.6.RELEASE.jar:3.0.6.RELEASE]
	at org.springframework.test.context.support.DependencyInjectionTestExecutionListener.prepareTestInstance(DependencyInjectionTestExecutionListener.java:75) [spring-test-3.0.6.RELEASE.jar:3.0.6.RELEASE]
	at org.springframework.test.context.TestContextManager.prepareTestInstance(TestContextManager.java:321) [spring-test-3.0.6.RELEASE.jar:3.0.6.RELEASE]
	at org.spockframework.spring.SpringTestContextManager.prepareTestInstance(SpringTestContextManager.java:49) [spock-spring-0.7-groovy-2.0.jar:na]
	at org.spockframework.spring.SpringInterceptor.interceptSetupMethod(SpringInterceptor.java:42) [spock-spring-0.7-groovy-2.0.jar:na]
	at org.spockframework.runtime.extension.AbstractMethodInterceptor.intercept(AbstractMethodInterceptor.java:28) [spock-core-0.7-groovy-2.0.jar:na]
	at org.spockframework.runtime.extension.MethodInvocation.proceed(MethodInvocation.java:84) [spock-core-0.7-groovy-2.0.jar:na]
	at org.spockframework.runtime.BaseSpecRunner.invoke(BaseSpecRunner.java:319) [spock-core-0.7-groovy-2.0.jar:na]
	at org.spockframework.runtime.BaseSpecRunner.invokeSetup(BaseSpecRunner.java:279) [spock-core-0.7-groovy-2.0.jar:na]
	at org.spockframework.runtime.BaseSpecRunner.doRunIteration(BaseSpecRunner.java:255) [spock-core-0.7-groovy-2.0.jar:na]
	at sun.reflect.GeneratedMethodAccessor5.invoke(Unknown Source) ~[na:na]
	at sun.reflect.DelegatingMethodAccessorImpl.invoke(DelegatingMethodAccessorImpl.java:25) ~[na:1.6.0_38]
	at java.lang.reflect.Method.invoke(Method.java:597) ~[na:1.6.0_38]
	at org.spockframework.util.ReflectionUtil.invokeMethod(ReflectionUtil.java:138) [spock-core-0.7-groovy-2.0.jar:na]
	at org.spockframework.runtime.BaseSpecRunner.invokeRaw(BaseSpecRunner.java:330) [spock-core-0.7-groovy-2.0.jar:na]
	at org.spockframework.runtime.BaseSpecRunner.invoke(BaseSpecRunner.java:311) [spock-core-0.7-groovy-2.0.jar:na]
	at org.spockframework.runtime.BaseSpecRunner.runIteration(BaseSpecRunner.java:223) [spock-core-0.7-groovy-2.0.jar:na]
	at org.spockframework.runtime.BaseSpecRunner.initializeAndRunIteration(BaseSpecRunner.java:214) [spock-core-0.7-groovy-2.0.jar:na]
	at org.spockframework.runtime.BaseSpecRunner.runSimpleFeature(BaseSpecRunner.java:205) [spock-core-0.7-groovy-2.0.jar:na]
	at org.spockframework.runtime.BaseSpecRunner.doRunFeature(BaseSpecRunner.java:199) [spock-core-0.7-groovy-2.0.jar:na]
	at sun.reflect.GeneratedMethodAccessor7.invoke(Unknown Source) ~[na:na]
	at sun.reflect.DelegatingMethodAccessorImpl.invoke(DelegatingMethodAccessorImpl.java:25) ~[na:1.6.0_38]
	at java.lang.reflect.Method.invoke(Method.java:597) ~[na:1.6.0_38]
	at org.spockframework.util.ReflectionUtil.invokeMethod(ReflectionUtil.java:138) [spock-core-0.7-groovy-2.0.jar:na]
	at org.spockframework.runtime.BaseSpecRunner.invokeRaw(BaseSpecRunner.java:330) [spock-core-0.7-groovy-2.0.jar:na]
	at org.spockframework.runtime.BaseSpecRunner.invoke(BaseSpecRunner.java:311) [spock-core-0.7-groovy-2.0.jar:na]
	at org.spockframework.runtime.BaseSpecRunner.runFeature(BaseSpecRunner.java:175) [spock-core-0.7-groovy-2.0.jar:na]
	at org.spockframework.runtime.BaseSpecRunner.runFeatures(BaseSpecRunner.java:152) [spock-core-0.7-groovy-2.0.jar:na]
	at org.spockframework.runtime.BaseSpecRunner.doRunSpec(BaseSpecRunner.java:112) [spock-core-0.7-groovy-2.0.jar:na]
	at sun.reflect.GeneratedMethodAccessor11.invoke(Unknown Source) ~[na:na]
	at sun.reflect.DelegatingMethodAccessorImpl.invoke(DelegatingMethodAccessorImpl.java:25) ~[na:1.6.0_38]
	at java.lang.reflect.Method.invoke(Method.java:597) ~[na:1.6.0_38]
	at org.spockframework.util.ReflectionUtil.invokeMethod(ReflectionUtil.java:138) [spock-core-0.7-groovy-2.0.jar:na]
	at org.spockframework.runtime.BaseSpecRunner.invokeRaw(BaseSpecRunner.java:330) [spock-core-0.7-groovy-2.0.jar:na]
	at org.spockframework.runtime.BaseSpecRunner.invoke(BaseSpecRunner.java:311) [spock-core-0.7-groovy-2.0.jar:na]
	at org.spockframework.runtime.BaseSpecRunner.runSpec(BaseSpecRunner.java:91) [spock-core-0.7-groovy-2.0.jar:na]
	at org.spockframework.runtime.BaseSpecRunner.run(BaseSpecRunner.java:82) [spock-core-0.7-groovy-2.0.jar:na]
	at org.spockframework.runtime.Sputnik.run(Sputnik.java:63) [spock-core-0.7-groovy-2.0.jar:na]
	at org.apache.maven.surefire.junit4.JUnit4TestSet.execute(JUnit4TestSet.java:53) [surefire-junit4-2.10.jar:2.10]
	at org.apache.maven.surefire.junit4.JUnit4Provider.executeTestSet(JUnit4Provider.java:123) [surefire-junit4-2.10.jar:2.10]
	at org.apache.maven.surefire.junit4.JUnit4Provider.invoke(JUnit4Provider.java:104) [surefire-junit4-2.10.jar:2.10]
	at sun.reflect.NativeMethodAccessorImpl.invoke0(Native Method) ~[na:1.6.0_38]
	at sun.reflect.NativeMethodAccessorImpl.invoke(NativeMethodAccessorImpl.java:39) ~[na:1.6.0_38]
	at sun.reflect.DelegatingMethodAccessorImpl.invoke(DelegatingMethodAccessorImpl.java:25) ~[na:1.6.0_38]
	at java.lang.reflect.Method.invoke(Method.java:597) ~[na:1.6.0_38]
	at org.apache.maven.surefire.util.ReflectionUtils.invokeMethodWithArray(ReflectionUtils.java:164) [surefire-api-2.10.jar:2.10]
	at org.apache.maven.surefire.booter.ProviderFactory$ProviderProxy.invoke(ProviderFactory.java:110) [surefire-booter-2.10.jar:2.10]
	at org.apache.maven.surefire.booter.SurefireStarter.invokeProvider(SurefireStarter.java:175) [surefire-booter-2.10.jar:2.10]
	at org.apache.maven.surefire.booter.SurefireStarter.runSuitesInProcessWhenForked(SurefireStarter.java:107) [surefire-booter-2.10.jar:2.10]
	at org.apache.maven.surefire.booter.ForkedBooter.main(ForkedBooter.java:68) [surefire-booter-2.10.jar:2.10]
22:06:02.536 [main] WARN  o.s.c.a.CommonAnnotationBeanPostProcessor - Invocation of destroy method failed on bean with name &apos;coreTicketOnetimeSyncJob&apos;: com.rackspace.search.exception.NotFoundException: Index is missing
22:06:02.537 [main] INFO  org.elasticsearch.node - [ticket.node] {0.90.2}[25471]: stopping ...
22:06:02.552 [main] INFO  org.elasticsearch.node - [ticket.node] {0.90.2}[25471]: stopped
22:06:02.553 [main] INFO  org.elasticsearch.node - [ticket.node] {0.90.2}[25471]: closing ...
22:06:02.556 [main] INFO  org.elasticsearch.node - [ticket.node] {0.90.2}[25471]: closed
22:06:02.564 [main] ERROR o.s.test.context.TestContextManager - Caught exception while allowing TestExecutionListener [org.springframework.test.context.support.DependencyInjectionTestExecutionListener@4459116] to prepare test instance [com.rackspace.search.elasticsearch.client.ElasticSearchClientTest@60cf4da0]
java.lang.IllegalStateException: Failed to load ApplicationContext
	at org.springframework.test.context.TestContext.getApplicationContext(TestContext.java:308) ~[spring-test-3.0.6.RELEASE.jar:3.0.6.RELEASE]
	at org.springframework.test.context.support.DependencyInjectionTestExecutionListener.injectDependencies(DependencyInjectionTestExecutionListener.java:109) ~[spring-test-3.0.6.RELEASE.jar:3.0.6.RELEASE]
	at org.springframework.test.context.support.DependencyInjectionTestExecutionListener.prepareTestInstance(DependencyInjectionTestExecutionListener.java:75) ~[spring-test-3.0.6.RELEASE.jar:3.0.6.RELEASE]
	at org.springframework.test.context.TestContextManager.prepareTestInstance(TestContextManager.java:321) ~[spring-test-3.0.6.RELEASE.jar:3.0.6.RELEASE]
	at org.spockframework.spring.SpringTestContextManager.prepareTestInstance(SpringTestContextManager.java:49) [spock-spring-0.7-groovy-2.0.jar:na]
	at org.spockframework.spring.SpringInterceptor.interceptSetupMethod(SpringInterceptor.java:42) [spock-spring-0.7-groovy-2.0.jar:na]
	at org.spockframework.runtime.extension.AbstractMethodInterceptor.intercept(AbstractMethodInterceptor.java:28) [spock-core-0.7-groovy-2.0.jar:na]
	at org.spockframework.runtime.extension.MethodInvocation.proceed(MethodInvocation.java:84) [spock-core-0.7-groovy-2.0.jar:na]
	at org.spockframework.runtime.BaseSpecRunner.invoke(BaseSpecRunner.java:319) [spock-core-0.7-groovy-2.0.jar:na]
	at org.spockframework.runtime.BaseSpecRunner.invokeSetup(BaseSpecRunner.java:279) [spock-core-0.7-groovy-2.0.jar:na]
	at org.spockframework.runtime.BaseSpecRunner.doRunIteration(BaseSpecRunner.java:255) [spock-core-0.7-groovy-2.0.jar:na]
	at sun.reflect.GeneratedMethodAccessor5.invoke(Unknown Source) ~[na:na]
	at sun.reflect.DelegatingMethodAccessorImpl.invoke(DelegatingMethodAccessorImpl.java:25) ~[na:1.6.0_38]
	at java.lang.reflect.Method.invoke(Method.java:597) ~[na:1.6.0_38]
	at org.spockframework.util.ReflectionUtil.invokeMethod(ReflectionUtil.java:138) [spock-core-0.7-groovy-2.0.jar:na]
	at org.spockframework.runtime.BaseSpecRunner.invokeRaw(BaseSpecRunner.java:330) [spock-core-0.7-groovy-2.0.jar:na]
	at org.spockframework.runtime.BaseSpecRunner.invoke(BaseSpecRunner.java:311) [spock-core-0.7-groovy-2.0.jar:na]
	at org.spockframework.runtime.BaseSpecRunner.runIteration(BaseSpecRunner.java:223) [spock-core-0.7-groovy-2.0.jar:na]
	at org.spockframework.runtime.BaseSpecRunner.initializeAndRunIteration(BaseSpecRunner.java:214) [spock-core-0.7-groovy-2.0.jar:na]
	at org.spockframework.runtime.BaseSpecRunner.runSimpleFeature(BaseSpecRunner.java:205) [spock-core-0.7-groovy-2.0.jar:na]
	at org.spockframework.runtime.BaseSpecRunner.doRunFeature(BaseSpecRunner.java:199) [spock-core-0.7-groovy-2.0.jar:na]
	at sun.reflect.GeneratedMethodAccessor7.invoke(Unknown Source) ~[na:na]
	at sun.reflect.DelegatingMethodAccessorImpl.invoke(DelegatingMethodAccessorImpl.java:25) ~[na:1.6.0_38]
	at java.lang.reflect.Method.invoke(Method.java:597) ~[na:1.6.0_38]
	at org.spockframework.util.ReflectionUtil.invokeMethod(ReflectionUtil.java:138) [spock-core-0.7-groovy-2.0.jar:na]
	at org.spockframework.runtime.BaseSpecRunner.invokeRaw(BaseSpecRunner.java:330) [spock-core-0.7-groovy-2.0.jar:na]
	at org.spockframework.runtime.BaseSpecRunner.invoke(BaseSpecRunner.java:311) [spock-core-0.7-groovy-2.0.jar:na]
	at org.spockframework.runtime.BaseSpecRunner.runFeature(BaseSpecRunner.java:175) [spock-core-0.7-groovy-2.0.jar:na]
	at org.spockframework.runtime.BaseSpecRunner.runFeatures(BaseSpecRunner.java:152) [spock-core-0.7-groovy-2.0.jar:na]
	at org.spockframework.runtime.BaseSpecRunner.doRunSpec(BaseSpecRunner.java:112) [spock-core-0.7-groovy-2.0.jar:na]
	at sun.reflect.GeneratedMethodAccessor11.invoke(Unknown Source) ~[na:na]
	at sun.reflect.DelegatingMethodAccessorImpl.invoke(DelegatingMethodAccessorImpl.java:25) ~[na:1.6.0_38]
	at java.lang.reflect.Method.invoke(Method.java:597) ~[na:1.6.0_38]
	at org.spockframework.util.ReflectionUtil.invokeMethod(ReflectionUtil.java:138) [spock-core-0.7-groovy-2.0.jar:na]
	at org.spockframework.runtime.BaseSpecRunner.invokeRaw(BaseSpecRunner.java:330) [spock-core-0.7-groovy-2.0.jar:na]
	at org.spockframework.runtime.BaseSpecRunner.invoke(BaseSpecRunner.java:311) [spock-core-0.7-groovy-2.0.jar:na]
	at org.spockframework.runtime.BaseSpecRunner.runSpec(BaseSpecRunner.java:91) [spock-core-0.7-groovy-2.0.jar:na]
	at org.spockframework.runtime.BaseSpecRunner.run(BaseSpecRunner.java:82) [spock-core-0.7-groovy-2.0.jar:na]
	at org.spockframework.runtime.Sputnik.run(Sputnik.java:63) [spock-core-0.7-groovy-2.0.jar:na]
	at org.apache.maven.surefire.junit4.JUnit4TestSet.execute(JUnit4TestSet.java:53) [surefire-junit4-2.10.jar:2.10]
	at org.apache.maven.surefire.junit4.JUnit4Provider.executeTestSet(JUnit4Provider.java:123) [surefire-junit4-2.10.jar:2.10]
	at org.apache.maven.surefire.junit4.JUnit4Provider.invoke(JUnit4Provider.java:104) [surefire-junit4-2.10.jar:2.10]
	at sun.reflect.NativeMethodAccessorImpl.invoke0(Native Method) ~[na:1.6.0_38]
	at sun.reflect.NativeMethodAccessorImpl.invoke(NativeMethodAccessorImpl.java:39) ~[na:1.6.0_38]
	at sun.reflect.DelegatingMethodAccessorImpl.invoke(DelegatingMethodAccessorImpl.java:25) ~[na:1.6.0_38]
	at java.lang.reflect.Method.invoke(Method.java:597) ~[na:1.6.0_38]
	at org.apache.maven.surefire.util.ReflectionUtils.invokeMethodWithArray(ReflectionUtils.java:164) [surefire-api-2.10.jar:2.10]
	at org.apache.maven.surefire.booter.ProviderFactory$ProviderProxy.invoke(ProviderFactory.java:110) [surefire-booter-2.10.jar:2.10]
	at org.apache.maven.surefire.booter.SurefireStarter.invokeProvider(SurefireStarter.java:175) [surefire-booter-2.10.jar:2.10]
	at org.apache.maven.surefire.booter.SurefireStarter.runSuitesInProcessWhenForked(SurefireStarter.java:107) [surefire-booter-2.10.jar:2.10]
	at org.apache.maven.surefire.booter.ForkedBooter.main(ForkedBooter.java:68) [surefire-booter-2.10.jar:2.10]
Caused by: org.springframework.beans.factory.BeanCreationException: Error creating bean with name &apos;jobResource&apos;: Injection of autowired dependencies failed; nested exception is org.springframework.beans.factory.BeanCreationException: Could not autowire field: private com.rackspace.search.service.zendesk.ZendeskTicketOngoingSyncJob com.rackspace.search.endpoint.JobResource.zendeskTicketOngoingSyncJob; nested exception is org.springframework.beans.factory.BeanCreationException: Error creating bean with name &apos;zendeskTicketOngoingSyncJob&apos;: Injection of autowired dependencies failed; nested exception is org.springframework.beans.factory.BeanCreationException: Could not autowire field: private com.rackspace.search.service.zendesk.ZendeskTicketOngoingSyncActor com.rackspace.search.service.zendesk.ZendeskTicketOngoingSyncJob.ticketActor; nested exception is org.springframework.beans.factory.BeanCreationException: Error creating bean with name &apos;zendeskTicketOngoingSyncActor&apos;: Injection of autowired dependencies failed; nested exception is org.springframework.beans.factory.BeanCreationException: Could not autowire field: private com.rackspace.search.service.zendesk.ZendeskTicketProcessor com.rackspace.search.service.zendesk.ZendeskTicketOngoingSyncActor.zendeskTicketProcessor; nested exception is org.springframework.beans.factory.BeanCreationException: Error creating bean with name &apos;zendeskTicketProcessor&apos;: Injection of autowired dependencies failed; nested exception is org.springframework.beans.factory.BeanCreationException: Could not autowire field: private java.lang.Object com.rackspace.search.service.zendesk.ZendeskTicketProcessor.zendeskIndexName; nested exception is java.lang.IllegalArgumentException: Could not resolve placeholder &apos;zendesk.index.name&apos;
	at org.springframework.beans.factory.annotation.AutowiredAnnotationBeanPostProcessor.postProcessPropertyValues(AutowiredAnnotationBeanPostProcessor.java:288) ~[spring-beans-3.0.6.RELEASE.jar:3.0.6.RELEASE]
	at org.springframework.beans.factory.support.AbstractAutowireCapableBeanFactory.populateBean(AbstractAutowireCapableBeanFactory.java:1074) ~[spring-beans-3.0.6.RELEASE.jar:3.0.6.RELEASE]
	at org.springframework.beans.factory.support.AbstractAutowireCapableBeanFactory.doCreateBean(AbstractAutowireCapableBeanFactory.java:517) ~[spring-beans-3.0.6.RELEASE.jar:3.0.6.RELEASE]
	at org.springframework.beans.factory.support.AbstractAutowireCapableBeanFactory.createBean(AbstractAutowireCapableBeanFactory.java:456) ~[spring-beans-3.0.6.RELEASE.jar:3.0.6.RELEASE]
	at org.springframework.beans.factory.support.AbstractBeanFactory$1.getObject(AbstractBeanFactory.java:293) ~[spring-beans-3.0.6.RELEASE.jar:3.0.6.RELEASE]
	at org.springframework.beans.factory.support.DefaultSingletonBeanRegistry.getSingleton(DefaultSingletonBeanRegistry.java:222) ~[spring-beans-3.0.6.RELEASE.jar:3.0.6.RELEASE]
	at org.springframework.beans.factory.support.AbstractBeanFactory.doGetBean(AbstractBeanFactory.java:290) ~[spring-beans-3.0.6.RELEASE.jar:3.0.6.RELEASE]
	at org.springframework.beans.factory.support.AbstractBeanFactory.getBean(AbstractBeanFactory.java:192) ~[spring-beans-3.0.6.RELEASE.jar:3.0.6.RELEASE]
	at org.springframework.beans.factory.support.DefaultListableBeanFactory.preInstantiateSingletons(DefaultListableBeanFactory.java:585) ~[spring-beans-3.0.6.RELEASE.jar:3.0.6.RELEASE]
	at org.springframework.context.support.AbstractApplicationContext.finishBeanFactoryInitialization(AbstractApplicationContext.java:895) ~[spring-context-3.0.6.RELEASE.jar:3.0.6.RELEASE]
	at org.springframework.context.support.AbstractApplicationContext.refresh(AbstractApplicationContext.java:425) ~[spring-context-3.0.6.RELEASE.jar:3.0.6.RELEASE]
	at org.springframework.test.context.support.AbstractGenericContextLoader.loadContext(AbstractGenericContextLoader.java:84) ~[spring-test-3.0.6.RELEASE.jar:3.0.6.RELEASE]
	at org.springframework.test.context.support.AbstractGenericContextLoader.loadContext(AbstractGenericContextLoader.java:1) ~[spring-test-3.0.6.RELEASE.jar:3.0.6.RELEASE]
	at org.springframework.test.context.TestContext.loadApplicationContext(TestContext.java:280) ~[spring-test-3.0.6.RELEASE.jar:3.0.6.RELEASE]
	at org.springframework.test.context.TestContext.getApplicationContext(TestContext.java:304) ~[spring-test-3.0.6.RELEASE.jar:3.0.6.RELEASE]
	... 50 common frames omitted
Caused by: org.springframework.beans.factory.BeanCreationException: Could not autowire field: private com.rackspace.search.service.zendesk.ZendeskTicketOngoingSyncJob com.rackspace.search.endpoint.JobResource.zendeskTicketOngoingSyncJob; nested exception is org.springframework.beans.factory.BeanCreationException: Error creating bean with name &apos;zendeskTicketOngoingSyncJob&apos;: Injection of autowired dependencies failed; nested exception is org.springframework.beans.factory.BeanCreationException: Could not autowire field: private com.rackspace.search.service.zendesk.ZendeskTicketOngoingSyncActor com.rackspace.search.service.zendesk.ZendeskTicketOngoingSyncJob.ticketActor; nested exception is org.springframework.beans.factory.BeanCreationException: Error creating bean with name &apos;zendeskTicketOngoingSyncActor&apos;: Injection of autowired dependencies failed; nested exception is org.springframework.beans.factory.BeanCreationException: Could not autowire field: private com.rackspace.search.service.zendesk.ZendeskTicketProcessor com.rackspace.search.service.zendesk.ZendeskTicketOngoingSyncActor.zendeskTicketProcessor; nested exception is org.springframework.beans.factory.BeanCreationException: Error creating bean with name &apos;zendeskTicketProcessor&apos;: Injection of autowired dependencies failed; nested exception is org.springframework.beans.factory.BeanCreationException: Could not autowire field: private java.lang.Object com.rackspace.search.service.zendesk.ZendeskTicketProcessor.zendeskIndexName; nested exception is java.lang.IllegalArgumentException: Could not resolve placeholder &apos;zendesk.index.name&apos;
	at org.springframework.beans.factory.annotation.AutowiredAnnotationBeanPostProcessor$AutowiredFieldElement.inject(AutowiredAnnotationBeanPostProcessor.java:508) ~[spring-beans-3.0.6.RELEASE.jar:3.0.6.RELEASE]
	at org.springframework.beans.factory.annotation.InjectionMetadata.inject(InjectionMetadata.java:84) ~[spring-beans-3.0.6.RELEASE.jar:3.0.6.RELEASE]
	at org.springframework.beans.factory.annotation.AutowiredAnnotationBeanPostProcessor.postProcessPropertyValues(AutowiredAnnotationBeanPostProcessor.java:285) ~[spring-beans-3.0.6.RELEASE.jar:3.0.6.RELEASE]
	... 64 common frames omitted
Caused by: org.springframework.beans.factory.BeanCreationException: Error creating bean with name &apos;zendeskTicketOngoingSyncJob&apos;: Injection of autowired dependencies failed; nested exception is org.springframework.beans.factory.BeanCreationException: Could not autowire field: private com.rackspace.search.service.zendesk.ZendeskTicketOngoingSyncActor com.rackspace.search.service.zendesk.ZendeskTicketOngoingSyncJob.ticketActor; nested exception is org.springframework.beans.factory.BeanCreationException: Error creating bean with name &apos;zendeskTicketOngoingSyncActor&apos;: Injection of autowired dependencies failed; nested exception is org.springframework.beans.factory.BeanCreationException: Could not autowire field: private com.rackspace.search.service.zendesk.ZendeskTicketProcessor com.rackspace.search.service.zendesk.ZendeskTicketOngoingSyncActor.zendeskTicketProcessor; nested exception is org.springframework.beans.factory.BeanCreationException: Error creating bean with name &apos;zendeskTicketProcessor&apos;: Injection of autowired dependencies failed; nested exception is org.springframework.beans.factory.BeanCreationException: Could not autowire field: private java.lang.Object com.rackspace.search.service.zendesk.ZendeskTicketProcessor.zendeskIndexName; nested exception is java.lang.IllegalArgumentException: Could not resolve placeholder &apos;zendesk.index.name&apos;
	at org.springframework.beans.factory.annotation.AutowiredAnnotationBeanPostProcessor.postProcessPropertyValues(AutowiredAnnotationBeanPostProcessor.java:288) ~[spring-beans-3.0.6.RELEASE.jar:3.0.6.RELEASE]
	at org.springframework.beans.factory.support.AbstractAutowireCapableBeanFactory.populateBean(AbstractAutowireCapableBeanFactory.java:1074) ~[spring-beans-3.0.6.RELEASE.jar:3.0.6.RELEASE]
	at org.springframework.beans.factory.support.AbstractAutowireCapableBeanFactory.doCreateBean(AbstractAutowireCapableBeanFactory.java:517) ~[spring-beans-3.0.6.RELEASE.jar:3.0.6.RELEASE]
	at org.springframework.beans.factory.support.AbstractAutowireCapableBeanFactory.createBean(AbstractAutowireCapableBeanFactory.java:456) ~[spring-beans-3.0.6.RELEASE.jar:3.0.6.RELEASE]
	at org.springframework.beans.factory.support.AbstractBeanFactory$1.getObject(AbstractBeanFactory.java:293) ~[spring-beans-3.0.6.RELEASE.jar:3.0.6.RELEASE]
	at org.springframework.beans.factory.support.DefaultSingletonBeanRegistry.getSingleton(DefaultSingletonBeanRegistry.java:222) ~[spring-beans-3.0.6.RELEASE.jar:3.0.6.RELEASE]
	at org.springframework.beans.factory.support.AbstractBeanFactory.doGetBean(AbstractBeanFactory.java:290) ~[spring-beans-3.0.6.RELEASE.jar:3.0.6.RELEASE]
	at org.springframework.beans.factory.support.AbstractBeanFactory.getBean(AbstractBeanFactory.java:192) ~[spring-beans-3.0.6.RELEASE.jar:3.0.6.RELEASE]
	at org.springframework.beans.factory.support.DefaultListableBeanFactory.findAutowireCandidates(DefaultListableBeanFactory.java:848) ~[spring-beans-3.0.6.RELEASE.jar:3.0.6.RELEASE]
	at org.springframework.beans.factory.support.DefaultListableBeanFactory.doResolveDependency(DefaultListableBeanFactory.java:790) ~[spring-beans-3.0.6.RELEASE.jar:3.0.6.RELEASE]
	at org.springframework.beans.factory.support.DefaultListableBeanFactory.resolveDependency(DefaultListableBeanFactory.java:707) ~[spring-beans-3.0.6.RELEASE.jar:3.0.6.RELEASE]
	at org.springframework.beans.factory.annotation.AutowiredAnnotationBeanPostProcessor$AutowiredFieldElement.inject(AutowiredAnnotationBeanPostProcessor.java:480) ~[spring-beans-3.0.6.RELEASE.jar:3.0.6.RELEASE]
	... 66 common frames omitted
Caused by: org.springframework.beans.factory.BeanCreationException: Could not autowire field: private com.rackspace.search.service.zendesk.ZendeskTicketOngoingSyncActor com.rackspace.search.service.zendesk.ZendeskTicketOngoingSyncJob.ticketActor; nested exception is org.springframework.beans.factory.BeanCreationException: Error creating bean with name &apos;zendeskTicketOngoingSyncActor&apos;: Injection of autowired dependencies failed; nested exception is org.springframework.beans.factory.BeanCreationException: Could not autowire field: private com.rackspace.search.service.zendesk.ZendeskTicketProcessor com.rackspace.search.service.zendesk.ZendeskTicketOngoingSyncActor.zendeskTicketProcessor; nested exception is org.springframework.beans.factory.BeanCreationException: Error creating bean with name &apos;zendeskTicketProcessor&apos;: Injection of autowired dependencies failed; nested exception is org.springframework.beans.factory.BeanCreationException: Could not autowire field: private java.lang.Object com.rackspace.search.service.zendesk.ZendeskTicketProcessor.zendeskIndexName; nested exception is java.lang.IllegalArgumentException: Could not resolve placeholder &apos;zendesk.index.name&apos;
	at org.springframework.beans.factory.annotation.AutowiredAnnotationBeanPostProcessor$AutowiredFieldElement.inject(AutowiredAnnotationBeanPostProcessor.java:508) ~[spring-beans-3.0.6.RELEASE.jar:3.0.6.RELEASE]
	at org.springframework.beans.factory.annotation.InjectionMetadata.inject(InjectionMetadata.java:84) ~[spring-beans-3.0.6.RELEASE.jar:3.0.6.RELEASE]
	at org.springframework.beans.factory.annotation.AutowiredAnnotationBeanPostProcessor.postProcessPropertyValues(AutowiredAnnotationBeanPostProcessor.java:285) ~[spring-beans-3.0.6.RELEASE.jar:3.0.6.RELEASE]
	... 77 common frames omitted
Caused by: org.springframework.beans.factory.BeanCreationException: Error creating bean with name &apos;zendeskTicketOngoingSyncActor&apos;: Injection of autowired dependencies failed; nested exception is org.springframework.beans.factory.BeanCreationException: Could not autowire field: private com.rackspace.search.service.zendesk.ZendeskTicketProcessor com.rackspace.search.service.zendesk.ZendeskTicketOngoingSyncActor.zendeskTicketProcessor; nested exception is org.springframework.beans.factory.BeanCreationException: Error creating bean with name &apos;zendeskTicketProcessor&apos;: Injection of autowired dependencies failed; nested exception is org.springframework.beans.factory.BeanCreationException: Could not autowire field: private java.lang.Object com.rackspace.search.service.zendesk.ZendeskTicketProcessor.zendeskIndexName; nested exception is java.lang.IllegalArgumentException: Could not resolve placeholder &apos;zendesk.index.name&apos;
	at org.springframework.beans.factory.annotation.AutowiredAnnotationBeanPostProcessor.postProcessPropertyValues(AutowiredAnnotationBeanPostProcessor.java:288) ~[spring-beans-3.0.6.RELEASE.jar:3.0.6.RELEASE]
	at org.springframework.beans.factory.support.AbstractAutowireCapableBeanFactory.populateBean(AbstractAutowireCapableBeanFactory.java:1074) ~[spring-beans-3.0.6.RELEASE.jar:3.0.6.RELEASE]
	at org.springframework.beans.factory.support.AbstractAutowireCapableBeanFactory.doCreateBean(AbstractAutowireCapableBeanFactory.java:517) ~[spring-beans-3.0.6.RELEASE.jar:3.0.6.RELEASE]
	at org.springframework.beans.factory.support.AbstractAutowireCapableBeanFactory.createBean(AbstractAutowireCapableBeanFactory.java:456) ~[spring-beans-3.0.6.RELEASE.jar:3.0.6.RELEASE]
	at org.springframework.beans.factory.support.AbstractBeanFactory$1.getObject(AbstractBeanFactory.java:293) ~[spring-beans-3.0.6.RELEASE.jar:3.0.6.RELEASE]
	at org.springframework.beans.factory.support.DefaultSingletonBeanRegistry.getSingleton(DefaultSingletonBeanRegistry.java:222) ~[spring-beans-3.0.6.RELEASE.jar:3.0.6.RELEASE]
	at org.springframework.beans.factory.support.AbstractBeanFactory.doGetBean(AbstractBeanFactory.java:290) ~[spring-beans-3.0.6.RELEASE.jar:3.0.6.RELEASE]
	at org.springframework.beans.factory.support.AbstractBeanFactory.getBean(AbstractBeanFactory.java:192) ~[spring-beans-3.0.6.RELEASE.jar:3.0.6.RELEASE]
	at org.springframework.beans.factory.support.DefaultListableBeanFactory.findAutowireCandidates(DefaultListableBeanFactory.java:848) ~[spring-beans-3.0.6.RELEASE.jar:3.0.6.RELEASE]
	at org.springframework.beans.factory.support.DefaultListableBeanFactory.doResolveDependency(DefaultListableBeanFactory.java:790) ~[spring-beans-3.0.6.RELEASE.jar:3.0.6.RELEASE]
	at org.springframework.beans.factory.support.DefaultListableBeanFactory.resolveDependency(DefaultListableBeanFactory.java:707) ~[spring-beans-3.0.6.RELEASE.jar:3.0.6.RELEASE]
	at org.springframework.beans.factory.annotation.AutowiredAnnotationBeanPostProcessor$AutowiredFieldElement.inject(AutowiredAnnotationBeanPostProcessor.java:480) ~[spring-beans-3.0.6.RELEASE.jar:3.0.6.RELEASE]
	... 79 common frames omitted
Caused by: org.springframework.beans.factory.BeanCreationException: Could not autowire field: private com.rackspace.search.service.zendesk.ZendeskTicketProcessor com.rackspace.search.service.zendesk.ZendeskTicketOngoingSyncActor.zendeskTicketProcessor; nested exception is org.springframework.beans.factory.BeanCreationException: Error creating bean with name &apos;zendeskTicketProcessor&apos;: Injection of autowired dependencies failed; nested exception is org.springframework.beans.factory.BeanCreationException: Could not autowire field: private java.lang.Object com.rackspace.search.service.zendesk.ZendeskTicketProcessor.zendeskIndexName; nested exception is java.lang.IllegalArgumentException: Could not resolve placeholder &apos;zendesk.index.name&apos;
	at org.springframework.beans.factory.annotation.AutowiredAnnotationBeanPostProcessor$AutowiredFieldElement.inject(AutowiredAnnotationBeanPostProcessor.java:508) ~[spring-beans-3.0.6.RELEASE.jar:3.0.6.RELEASE]
	at org.springframework.beans.factory.annotation.InjectionMetadata.inject(InjectionMetadata.java:84) ~[spring-beans-3.0.6.RELEASE.jar:3.0.6.RELEASE]
	at org.springframework.beans.factory.annotation.AutowiredAnnotationBeanPostProcessor.postProcessPropertyValues(AutowiredAnnotationBeanPostProcessor.java:285) ~[spring-beans-3.0.6.RELEASE.jar:3.0.6.RELEASE]
	... 90 common frames omitted
Caused by: org.springframework.beans.factory.BeanCreationException: Error creating bean with name &apos;zendeskTicketProcessor&apos;: Injection of autowired dependencies failed; nested exception is org.springframework.beans.factory.BeanCreationException: Could not autowire field: private java.lang.Object com.rackspace.search.service.zendesk.ZendeskTicketProcessor.zendeskIndexName; nested exception is java.lang.IllegalArgumentException: Could not resolve placeholder &apos;zendesk.index.name&apos;
	at org.springframework.beans.factory.annotation.AutowiredAnnotationBeanPostProcessor.postProcessPropertyValues(AutowiredAnnotationBeanPostProcessor.java:288) ~[spring-beans-3.0.6.RELEASE.jar:3.0.6.RELEASE]
	at org.springframework.beans.factory.support.AbstractAutowireCapableBeanFactory.populateBean(AbstractAutowireCapableBeanFactory.java:1074) ~[spring-beans-3.0.6.RELEASE.jar:3.0.6.RELEASE]
	at org.springframework.beans.factory.support.AbstractAutowireCapableBeanFactory.doCreateBean(AbstractAutowireCapableBeanFactory.java:517) ~[spring-beans-3.0.6.RELEASE.jar:3.0.6.RELEASE]
	at org.springframework.beans.factory.support.AbstractAutowireCapableBeanFactory.createBean(AbstractAutowireCapableBeanFactory.java:456) ~[spring-beans-3.0.6.RELEASE.jar:3.0.6.RELEASE]
	at org.springframework.beans.factory.support.AbstractBeanFactory$1.getObject(AbstractBeanFactory.java:293) ~[spring-beans-3.0.6.RELEASE.jar:3.0.6.RELEASE]
	at org.springframework.beans.factory.support.DefaultSingletonBeanRegistry.getSingleton(DefaultSingletonBeanRegistry.java:222) ~[spring-beans-3.0.6.RELEASE.jar:3.0.6.RELEASE]
	at org.springframework.beans.factory.support.AbstractBeanFactory.doGetBean(AbstractBeanFactory.java:290) ~[spring-beans-3.0.6.RELEASE.jar:3.0.6.RELEASE]
	at org.springframework.beans.factory.support.AbstractBeanFactory.getBean(AbstractBeanFactory.java:192) ~[spring-beans-3.0.6.RELEASE.jar:3.0.6.RELEASE]
	at org.springframework.beans.factory.support.DefaultListableBeanFactory.findAutowireCandidates(DefaultListableBeanFactory.java:848) ~[spring-beans-3.0.6.RELEASE.jar:3.0.6.RELEASE]
	at org.springframework.beans.factory.support.DefaultListableBeanFactory.doResolveDependency(DefaultListableBeanFactory.java:790) ~[spring-beans-3.0.6.RELEASE.jar:3.0.6.RELEASE]
	at org.springframework.beans.factory.support.DefaultListableBeanFactory.resolveDependency(DefaultListableBeanFactory.java:707) ~[spring-beans-3.0.6.RELEASE.jar:3.0.6.RELEASE]
	at org.springframework.beans.factory.annotation.AutowiredAnnotationBeanPostProcessor$AutowiredFieldElement.inject(AutowiredAnnotationBeanPostProcessor.java:480) ~[spring-beans-3.0.6.RELEASE.jar:3.0.6.RELEASE]
	... 92 common frames omitted
Caused by: org.springframework.beans.factory.BeanCreationException: Could not autowire field: private java.lang.Object com.rackspace.search.service.zendesk.ZendeskTicketProcessor.zendeskIndexName; nested exception is java.lang.IllegalArgumentException: Could not resolve placeholder &apos;zendesk.index.name&apos;
	at org.springframework.beans.factory.annotation.AutowiredAnnotationBeanPostProcessor$AutowiredFieldElement.inject(AutowiredAnnotationBeanPostProcessor.java:508) ~[spring-beans-3.0.6.RELEASE.jar:3.0.6.RELEASE]
	at org.springframework.beans.factory.annotation.InjectionMetadata.inject(InjectionMetadata.java:84) ~[spring-beans-3.0.6.RELEASE.jar:3.0.6.RELEASE]
	at org.springframework.beans.factory.annotation.AutowiredAnnotationBeanPostProcessor.postProcessPropertyValues(AutowiredAnnotationBeanPostProcessor.java:285) ~[spring-beans-3.0.6.RELEASE.jar:3.0.6.RELEASE]
	... 103 common frames omitted
Caused by: java.lang.IllegalArgumentException: Could not resolve placeholder &apos;zendesk.index.name&apos;
	at org.springframework.util.PropertyPlaceholderHelper.parseStringValue(PropertyPlaceholderHelper.java:173) ~[spring-core-3.0.6.RELEASE.jar:3.0.6.RELEASE]
	at org.springframework.util.PropertyPlaceholderHelper.replacePlaceholders(PropertyPlaceholderHelper.java:125) ~[spring-core-3.0.6.RELEASE.jar:3.0.6.RELEASE]
	at org.springframework.beans.factory.config.PropertyPlaceholderConfigurer$PlaceholderResolvingStringValueResolver.resolveStringValue(PropertyPlaceholderConfigurer.java:403) ~[spring-beans-3.0.6.RELEASE.jar:3.0.6.RELEASE]
	at org.springframework.beans.factory.support.AbstractBeanFactory.resolveEmbeddedValue(AbstractBeanFactory.java:747) ~[spring-beans-3.0.6.RELEASE.jar:3.0.6.RELEASE]
	at org.springframework.beans.factory.support.DefaultListableBeanFactory.doResolveDependency(DefaultListableBeanFactory.java:717) ~[spring-beans-3.0.6.RELEASE.jar:3.0.6.RELEASE]
	at org.springframework.beans.factory.support.DefaultListableBeanFactory.resolveDependency(DefaultListableBeanFactory.java:707) ~[spring-beans-3.0.6.RELEASE.jar:3.0.6.RELEASE]
	at org.springframework.beans.factory.annotation.AutowiredAnnotationBeanPostProcessor$AutowiredFieldElement.inject(AutowiredAnnotationBeanPostProcessor.java:480) ~[spring-beans-3.0.6.RELEASE.jar:3.0.6.RELEASE]
	... 105 common frames omitted
</stdout>
          <stderr>Exception in thread &quot;Timer-101&quot; org.elasticsearch.common.util.concurrent.EsRejectedExecutionException: rejected execution of [org.elasticsearch.action.support.master.TransportMasterNodeOperationAction$2]
	at org.elasticsearch.common.util.concurrent.EsAbortPolicy.rejectedExecution(EsAbortPolicy.java:35)
	at java.util.concurrent.ThreadPoolExecutor.reject(ThreadPoolExecutor.java:767)
	at java.util.concurrent.ThreadPoolExecutor.execute(ThreadPoolExecutor.java:658)
	at org.elasticsearch.action.support.master.TransportMasterNodeOperationAction.innerExecute(TransportMasterNodeOperationAction.java:132)
	at org.elasticsearch.action.support.master.TransportMasterNodeOperationAction.doExecute(TransportMasterNodeOperationAction.java:86)
	at org.elasticsearch.action.support.master.TransportMasterNodeOperationAction.doExecute(TransportMasterNodeOperationAction.java:42)
	at org.elasticsearch.action.support.TransportAction.execute(TransportAction.java:61)
	at org.elasticsearch.client.node.NodeClusterAdminClient.execute(NodeClusterAdminClient.java:72)
	at org.elasticsearch.client.support.AbstractClusterAdminClient.health(AbstractClusterAdminClient.java:83)
	at org.elasticsearch.action.admin.cluster.health.ClusterHealthRequestBuilder.doExecute(ClusterHealthRequestBuilder.java:98)
	at org.elasticsearch.action.ActionRequestBuilder.execute(ActionRequestBuilder.java:62)
	at org.elasticsearch.action.ActionRequestBuilder.execute(ActionRequestBuilder.java:57)
	at org.elasticsearch.action.ActionRequestBuilder$execute.call(Unknown Source)
	at com.rackspace.search.elasticsearch.ElasticSearchServer.getHealthInformation(ElasticSearchServer.groovy:55)
	at com.rackspace.search.elasticsearch.ElasticSearchServer.getHealthStatus(ElasticSearchServer.groovy:51)
	at com.rackspace.search.elasticsearch.ElasticSearchServer.waitForYellowStatus(ElasticSearchServer.groovy:69)
	at com.rackspace.search.elasticsearch.ElasticSearchServer$waitForYellowStatus.call(Unknown Source)
	at com.rackspace.search.service.core.CoreTicketOngoingSyncJob.setupJob(CoreTicketOnGoingSyncJob.groovy:89)
	at sun.reflect.GeneratedMethodAccessor81.invoke(Unknown Source)
	at sun.reflect.DelegatingMethodAccessorImpl.invoke(DelegatingMethodAccessorImpl.java:25)
	at java.lang.reflect.Method.invoke(Method.java:597)
	at org.codehaus.groovy.reflection.CachedMethod.invoke(CachedMethod.java:90)
	at groovy.lang.MetaMethod.doMethodInvoke(MetaMethod.java:233)
	at groovy.lang.MetaClassImpl.invokeMethod(MetaClassImpl.java:1085)
	at org.codehaus.groovy.runtime.ScriptBytecodeAdapter.invokeMethodOnCurrentN(ScriptBytecodeAdapter.java:78)
	at com.rackspace.search.service.core.CoreTicketOngoingSyncJob.this$dist$invoke$1(CoreTicketOnGoingSyncJob.groovy)
	at com.rackspace.search.service.core.CoreTicketOngoingSyncJob$1.methodMissing(CoreTicketOnGoingSyncJob.groovy)
	at sun.reflect.GeneratedMethodAccessor80.invoke(Unknown Source)
	at sun.reflect.DelegatingMethodAccessorImpl.invoke(DelegatingMethodAccessorImpl.java:25)
	at java.lang.reflect.Method.invoke(Method.java:597)
	at org.codehaus.groovy.reflection.CachedMethod.invoke(CachedMethod.java:90)
	at groovy.lang.MetaClassImpl.invokeMissingMethod(MetaClassImpl.java:837)
	at groovy.lang.MetaClassImpl.invokePropertyOrMissing(MetaClassImpl.java:1134)
	at groovy.lang.MetaClassImpl.invokeMethod(MetaClassImpl.java:1087)
	at groovy.lang.MetaClassImpl.invokeMethod(MetaClassImpl.java:909)
	at org.codehaus.groovy.runtime.callsite.PogoMetaClassSite.callCurrent(PogoMetaClassSite.java:66)
	at org.codehaus.groovy.runtime.callsite.AbstractCallSite.callCurrent(AbstractCallSite.java:137)
	at com.rackspace.search.service.core.CoreTicketOngoingSyncJob$1.run(CoreTicketOnGoingSyncJob.groovy:72)
	at java.util.TimerThread.mainLoop(Timer.java:512)
	at java.util.TimerThread.run(Timer.java:462)
Exception in thread &quot;Timer-102&quot; org.elasticsearch.common.util.concurrent.EsRejectedExecutionException: rejected execution of [org.elasticsearch.action.support.master.TransportMasterNodeOperationAction$2]
	at org.elasticsearch.common.util.concurrent.EsAbortPolicy.rejectedExecution(EsAbortPolicy.java:35)
	at java.util.concurrent.ThreadPoolExecutor.reject(ThreadPoolExecutor.java:767)
	at java.util.concurrent.ThreadPoolExecutor.execute(ThreadPoolExecutor.java:658)
	at org.elasticsearch.action.support.master.TransportMasterNodeOperationAction.innerExecute(TransportMasterNodeOperationAction.java:132)
	at org.elasticsearch.action.support.master.TransportMasterNodeOperationAction.doExecute(TransportMasterNodeOperationAction.java:86)
	at org.elasticsearch.action.support.master.TransportMasterNodeOperationAction.doExecute(TransportMasterNodeOperationAction.java:42)
	at org.elasticsearch.action.support.TransportAction.execute(TransportAction.java:61)
	at org.elasticsearch.client.node.NodeClusterAdminClient.execute(NodeClusterAdminClient.java:72)
	at org.elasticsearch.client.support.AbstractClusterAdminClient.health(AbstractClusterAdminClient.java:83)
	at org.elasticsearch.action.admin.cluster.health.ClusterHealthRequestBuilder.doExecute(ClusterHealthRequestBuilder.java:98)
	at org.elasticsearch.action.ActionRequestBuilder.execute(ActionRequestBuilder.java:62)
	at org.elasticsearch.action.ActionRequestBuilder.execute(ActionRequestBuilder.java:57)
	at org.elasticsearch.action.ActionRequestBuilder$execute.call(Unknown Source)
	at com.rackspace.search.elasticsearch.ElasticSearchServer.getHealthInformation(ElasticSearchServer.groovy:55)
	at com.rackspace.search.elasticsearch.ElasticSearchServer.getHealthStatus(ElasticSearchServer.groovy:51)
	at com.rackspace.search.elasticsearch.ElasticSearchServer.waitForYellowStatus(ElasticSearchServer.groovy:69)
	at com.rackspace.search.elasticsearch.ElasticSearchServer$waitForYellowStatus.call(Unknown Source)
	at com.rackspace.search.service.account.AccountOngoingSyncJob.setupJob(AccountOngoingSyncJob.groovy:96)
	at sun.reflect.GeneratedMethodAccessor83.invoke(Unknown Source)
	at sun.reflect.DelegatingMethodAccessorImpl.invoke(DelegatingMethodAccessorImpl.java:25)
	at java.lang.reflect.Method.invoke(Method.java:597)
	at org.codehaus.groovy.reflection.CachedMethod.invoke(CachedMethod.java:90)
	at groovy.lang.MetaMethod.doMethodInvoke(MetaMethod.java:233)
	at groovy.lang.MetaClassImpl.invokeMethod(MetaClassImpl.java:1085)
	at org.codehaus.groovy.runtime.ScriptBytecodeAdapter.invokeMethodOnCurrentN(ScriptBytecodeAdapter.java:78)
	at com.rackspace.search.service.account.AccountOngoingSyncJob.this$dist$invoke$1(AccountOngoingSyncJob.groovy)
	at com.rackspace.search.service.account.AccountOngoingSyncJob$1.methodMissing(AccountOngoingSyncJob.groovy)
	at sun.reflect.GeneratedMethodAccessor82.invoke(Unknown Source)
	at sun.reflect.DelegatingMethodAccessorImpl.invoke(DelegatingMethodAccessorImpl.java:25)
	at java.lang.reflect.Method.invoke(Method.java:597)
	at org.codehaus.groovy.reflection.CachedMethod.invoke(CachedMethod.java:90)
	at groovy.lang.MetaClassImpl.invokeMissingMethod(MetaClassImpl.java:837)
	at groovy.lang.MetaClassImpl.invokePropertyOrMissing(MetaClassImpl.java:1134)
	at groovy.lang.MetaClassImpl.invokeMethod(MetaClassImpl.java:1087)
	at groovy.lang.MetaClassImpl.invokeMethod(MetaClassImpl.java:909)
	at org.codehaus.groovy.runtime.callsite.PogoMetaClassSite.callCurrent(PogoMetaClassSite.java:66)
	at org.codehaus.groovy.runtime.callsite.AbstractCallSite.callCurrent(AbstractCallSite.java:137)
	at com.rackspace.search.service.account.AccountOngoingSyncJob$1.run(AccountOngoingSyncJob.groovy:78)
	at java.util.TimerThread.mainLoop(Timer.java:512)
	at java.util.TimerThread.run(Timer.java:462)
Exception in thread &quot;Timer-103&quot; org.elasticsearch.common.util.concurrent.EsRejectedExecutionException: rejected execution of [org.elasticsearch.action.support.master.TransportMasterNodeOperationAction$2]
	at org.elasticsearch.common.util.concurrent.EsAbortPolicy.rejectedExecution(EsAbortPolicy.java:35)
	at java.util.concurrent.ThreadPoolExecutor.reject(ThreadPoolExecutor.java:767)
	at java.util.concurrent.ThreadPoolExecutor.execute(ThreadPoolExecutor.java:658)
	at org.elasticsearch.action.support.master.TransportMasterNodeOperationAction.innerExecute(TransportMasterNodeOperationAction.java:132)
	at org.elasticsearch.action.support.master.TransportMasterNodeOperationAction.doExecute(TransportMasterNodeOperationAction.java:86)
	at org.elasticsearch.action.support.master.TransportMasterNodeOperationAction.doExecute(TransportMasterNodeOperationAction.java:42)
	at org.elasticsearch.action.support.TransportAction.execute(TransportAction.java:61)
	at org.elasticsearch.client.node.NodeClusterAdminClient.execute(NodeClusterAdminClient.java:72)
	at org.elasticsearch.client.support.AbstractClusterAdminClient.health(AbstractClusterAdminClient.java:83)
	at org.elasticsearch.action.admin.cluster.health.ClusterHealthRequestBuilder.doExecute(ClusterHealthRequestBuilder.java:98)
	at org.elasticsearch.action.ActionRequestBuilder.execute(ActionRequestBuilder.java:62)
	at org.elasticsearch.action.ActionRequestBuilder.execute(ActionRequestBuilder.java:57)
	at org.elasticsearch.action.ActionRequestBuilder$execute.call(Unknown Source)
	at com.rackspace.search.elasticsearch.ElasticSearchServer.getHealthInformation(ElasticSearchServer.groovy:55)
	at com.rackspace.search.elasticsearch.ElasticSearchServer.getHealthStatus(ElasticSearchServer.groovy:51)
	at com.rackspace.search.elasticsearch.ElasticSearchServer.waitForYellowStatus(ElasticSearchServer.groovy:69)
	at com.rackspace.search.elasticsearch.ElasticSearchServer$waitForYellowStatus.call(Unknown Source)
	at com.rackspace.search.service.admin.CoreTicketOndemandSyncJob.setupJob(CoreTicketOndemandSyncJob.groovy:98)
	at sun.reflect.GeneratedMethodAccessor85.invoke(Unknown Source)
	at sun.reflect.DelegatingMethodAccessorImpl.invoke(DelegatingMethodAccessorImpl.java:25)
	at java.lang.reflect.Method.invoke(Method.java:597)
	at org.codehaus.groovy.reflection.CachedMethod.invoke(CachedMethod.java:90)
	at groovy.lang.MetaMethod.doMethodInvoke(MetaMethod.java:233)
	at groovy.lang.MetaClassImpl.invokeMethod(MetaClassImpl.java:1085)
	at org.codehaus.groovy.runtime.ScriptBytecodeAdapter.invokeMethodOnCurrentN(ScriptBytecodeAdapter.java:78)
	at com.rackspace.search.service.admin.CoreTicketOndemandSyncJob.this$dist$invoke$1(CoreTicketOndemandSyncJob.groovy)
	at com.rackspace.search.service.admin.CoreTicketOndemandSyncJob$1.methodMissing(CoreTicketOndemandSyncJob.groovy)
	at sun.reflect.GeneratedMethodAccessor84.invoke(Unknown Source)
	at sun.reflect.DelegatingMethodAccessorImpl.invoke(DelegatingMethodAccessorImpl.java:25)
	at java.lang.reflect.Method.invoke(Method.java:597)
	at org.codehaus.groovy.reflection.CachedMethod.invoke(CachedMethod.java:90)
	at groovy.lang.MetaClassImpl.invokeMissingMethod(MetaClassImpl.java:837)
	at groovy.lang.MetaClassImpl.invokePropertyOrMissing(MetaClassImpl.java:1134)
	at groovy.lang.MetaClassImpl.invokeMethod(MetaClassImpl.java:1087)
	at groovy.lang.MetaClassImpl.invokeMethod(MetaClassImpl.java:909)
	at org.codehaus.groovy.runtime.callsite.PogoMetaClassSite.callCurrent(PogoMetaClassSite.java:66)
	at org.codehaus.groovy.runtime.callsite.AbstractCallSite.callCurrent(AbstractCallSite.java:137)
	at com.rackspace.search.service.admin.CoreTicketOndemandSyncJob$1.run(CoreTicketOndemandSyncJob.groovy:82)
	at java.util.TimerThread.mainLoop(Timer.java:512)
	at java.util.TimerThread.run(Timer.java:462)
Exception in thread &quot;Timer-104&quot; org.elasticsearch.common.util.concurrent.EsRejectedExecutionException: rejected execution of [org.elasticsearch.action.support.master.TransportMasterNodeOperationAction$2]
	at org.elasticsearch.common.util.concurrent.EsAbortPolicy.rejectedExecution(EsAbortPolicy.java:35)
	at java.util.concurrent.ThreadPoolExecutor.reject(ThreadPoolExecutor.java:767)
	at java.util.concurrent.ThreadPoolExecutor.execute(ThreadPoolExecutor.java:658)
	at org.elasticsearch.action.support.master.TransportMasterNodeOperationAction.innerExecute(TransportMasterNodeOperationAction.java:132)
	at org.elasticsearch.action.support.master.TransportMasterNodeOperationAction.doExecute(TransportMasterNodeOperationAction.java:86)
	at org.elasticsearch.action.support.master.TransportMasterNodeOperationAction.doExecute(TransportMasterNodeOperationAction.java:42)
	at org.elasticsearch.action.support.TransportAction.execute(TransportAction.java:61)
	at org.elasticsearch.client.node.NodeClusterAdminClient.execute(NodeClusterAdminClient.java:72)
	at org.elasticsearch.client.support.AbstractClusterAdminClient.health(AbstractClusterAdminClient.java:83)
	at org.elasticsearch.action.admin.cluster.health.ClusterHealthRequestBuilder.doExecute(ClusterHealthRequestBuilder.java:98)
	at org.elasticsearch.action.ActionRequestBuilder.execute(ActionRequestBuilder.java:62)
	at org.elasticsearch.action.ActionRequestBuilder.execute(ActionRequestBuilder.java:57)
	at org.elasticsearch.action.ActionRequestBuilder$execute.call(Unknown Source)
	at com.rackspace.search.elasticsearch.ElasticSearchServer.getHealthInformation(ElasticSearchServer.groovy:55)
	at com.rackspace.search.elasticsearch.ElasticSearchServer.getHealthStatus(ElasticSearchServer.groovy:51)
	at com.rackspace.search.elasticsearch.ElasticSearchServer.waitForYellowStatus(ElasticSearchServer.groovy:69)
	at com.rackspace.search.elasticsearch.ElasticSearchServer$waitForYellowStatus.call(Unknown Source)
	at com.rackspace.search.service.core.CoreTicketSecondPassSyncJob.setupJob(CoreTicketSecondPassSyncJob.groovy:90)
	at com.rackspace.search.service.core.CoreTicketSecondPassSyncJob.this$2$setupJob(CoreTicketSecondPassSyncJob.groovy)
	at sun.reflect.GeneratedMethodAccessor87.invoke(Unknown Source)
	at sun.reflect.DelegatingMethodAccessorImpl.invoke(DelegatingMethodAccessorImpl.java:25)
	at java.lang.reflect.Method.invoke(Method.java:597)
	at org.codehaus.groovy.reflection.CachedMethod.invoke(CachedMethod.java:90)
	at groovy.lang.MetaMethod.doMethodInvoke(MetaMethod.java:233)
	at groovy.lang.MetaClassImpl.invokeMethod(MetaClassImpl.java:1085)
	at org.codehaus.groovy.runtime.ScriptBytecodeAdapter.invokeMethodOnCurrentN(ScriptBytecodeAdapter.java:78)
	at com.rackspace.search.service.core.CoreTicketSecondPassSyncJob.this$dist$invoke$1(CoreTicketSecondPassSyncJob.groovy)
	at com.rackspace.search.service.core.CoreTicketSecondPassSyncJob$1.methodMissing(CoreTicketSecondPassSyncJob.groovy)
	at sun.reflect.GeneratedMethodAccessor86.invoke(Unknown Source)
	at sun.reflect.DelegatingMethodAccessorImpl.invoke(DelegatingMethodAccessorImpl.java:25)
	at java.lang.reflect.Method.invoke(Method.java:597)
	at org.codehaus.groovy.reflection.CachedMethod.invoke(CachedMethod.java:90)
	at groovy.lang.MetaClassImpl.invokeMissingMethod(MetaClassImpl.java:837)
	at groovy.lang.MetaClassImpl.invokePropertyOrMissing(MetaClassImpl.java:1134)
	at groovy.lang.MetaClassImpl.invokeMethod(MetaClassImpl.java:1087)
	at groovy.lang.MetaClassImpl.invokeMethod(MetaClassImpl.java:909)
	at org.codehaus.groovy.runtime.callsite.PogoMetaClassSite.callCurrent(PogoMetaClassSite.java:66)
	at org.codehaus.groovy.runtime.callsite.AbstractCallSite.callCurrent(AbstractCallSite.java:137)
	at com.rackspace.search.service.core.CoreTicketSecondPassSyncJob$1.run(CoreTicketSecondPassSyncJob.groovy:74)
	at java.util.TimerThread.mainLoop(Timer.java:512)
	at java.util.TimerThread.run(Timer.java:462)
Exception in thread &quot;Timer-105&quot; org.elasticsearch.common.util.concurrent.EsRejectedExecutionException: rejected execution of [org.elasticsearch.action.support.master.TransportMasterNodeOperationAction$2]
	at org.elasticsearch.common.util.concurrent.EsAbortPolicy.rejectedExecution(EsAbortPolicy.java:35)
	at java.util.concurrent.ThreadPoolExecutor.reject(ThreadPoolExecutor.java:767)
	at java.util.concurrent.ThreadPoolExecutor.execute(ThreadPoolExecutor.java:658)
	at org.elasticsearch.action.support.master.TransportMasterNodeOperationAction.innerExecute(TransportMasterNodeOperationAction.java:132)
	at org.elasticsearch.action.support.master.TransportMasterNodeOperationAction.doExecute(TransportMasterNodeOperationAction.java:86)
	at org.elasticsearch.action.support.master.TransportMasterNodeOperationAction.doExecute(TransportMasterNodeOperationAction.java:42)
	at org.elasticsearch.action.support.TransportAction.execute(TransportAction.java:61)
	at org.elasticsearch.client.node.NodeClusterAdminClient.execute(NodeClusterAdminClient.java:72)
	at org.elasticsearch.client.support.AbstractClusterAdminClient.health(AbstractClusterAdminClient.java:83)
	at org.elasticsearch.action.admin.cluster.health.ClusterHealthRequestBuilder.doExecute(ClusterHealthRequestBuilder.java:98)
	at org.elasticsearch.action.ActionRequestBuilder.execute(ActionRequestBuilder.java:62)
	at org.elasticsearch.action.ActionRequestBuilder.execute(ActionRequestBuilder.java:57)
	at org.elasticsearch.action.ActionRequestBuilder$execute.call(Unknown Source)
	at com.rackspace.search.elasticsearch.ElasticSearchServer.getHealthInformation(ElasticSearchServer.groovy:55)
	at com.rackspace.search.elasticsearch.ElasticSearchServer.getHealthStatus(ElasticSearchServer.groovy:51)
	at com.rackspace.search.elasticsearch.ElasticSearchServer.waitForYellowStatus(ElasticSearchServer.groovy:69)
	at com.rackspace.search.elasticsearch.ElasticSearchServer$waitForYellowStatus.call(Unknown Source)
	at com.rackspace.search.service.account.CoreAccountUpdateSyncJob.setupJob(CoreAccountUpdateSyncJob.groovy:95)
	at com.rackspace.search.service.account.CoreAccountUpdateSyncJob.this$2$setupJob(CoreAccountUpdateSyncJob.groovy)
	at sun.reflect.GeneratedMethodAccessor89.invoke(Unknown Source)
	at sun.reflect.DelegatingMethodAccessorImpl.invoke(DelegatingMethodAccessorImpl.java:25)
	at java.lang.reflect.Method.invoke(Method.java:597)
	at org.codehaus.groovy.reflection.CachedMethod.invoke(CachedMethod.java:90)
	at groovy.lang.MetaMethod.doMethodInvoke(MetaMethod.java:233)
	at groovy.lang.MetaClassImpl.invokeMethod(MetaClassImpl.java:1085)
	at org.codehaus.groovy.runtime.ScriptBytecodeAdapter.invokeMethodOnCurrentN(ScriptBytecodeAdapter.java:78)
	at com.rackspace.search.service.account.CoreAccountUpdateSyncJob.this$dist$invoke$1(CoreAccountUpdateSyncJob.groovy)
	at com.rackspace.search.service.account.CoreAccountUpdateSyncJob$1.methodMissing(CoreAccountUpdateSyncJob.groovy)
	at sun.reflect.GeneratedMethodAccessor88.invoke(Unknown Source)
	at sun.reflect.DelegatingMethodAccessorImpl.invoke(DelegatingMethodAccessorImpl.java:25)
	at java.lang.reflect.Method.invoke(Method.java:597)
	at org.codehaus.groovy.reflection.CachedMethod.invoke(CachedMethod.java:90)
	at groovy.lang.MetaClassImpl.invokeMissingMethod(MetaClassImpl.java:837)
	at groovy.lang.MetaClassImpl.invokePropertyOrMissing(MetaClassImpl.java:1134)
	at groovy.lang.MetaClassImpl.invokeMethod(MetaClassImpl.java:1087)
	at groovy.lang.MetaClassImpl.invokeMethod(MetaClassImpl.java:909)
	at org.codehaus.groovy.runtime.callsite.PogoMetaClassSite.callCurrent(PogoMetaClassSite.java:66)
	at org.codehaus.groovy.runtime.callsite.AbstractCallSite.callCurrent(AbstractCallSite.java:137)
	at com.rackspace.search.service.account.CoreAccountUpdateSyncJob$1.run(CoreAccountUpdateSyncJob.groovy:78)
	at java.util.TimerThread.mainLoop(Timer.java:512)
	at java.util.TimerThread.run(Timer.java:462)
Exception in thread &quot;Timer-106&quot; org.elasticsearch.common.util.concurrent.EsRejectedExecutionException: rejected execution of [org.elasticsearch.action.support.master.TransportMasterNodeOperationAction$2]
	at org.elasticsearch.common.util.concurrent.EsAbortPolicy.rejectedExecution(EsAbortPolicy.java:35)
	at java.util.concurrent.ThreadPoolExecutor.reject(ThreadPoolExecutor.java:767)
	at java.util.concurrent.ThreadPoolExecutor.execute(ThreadPoolExecutor.java:658)
	at org.elasticsearch.action.support.master.TransportMasterNodeOperationAction.innerExecute(TransportMasterNodeOperationAction.java:132)
	at org.elasticsearch.action.support.master.TransportMasterNodeOperationAction.doExecute(TransportMasterNodeOperationAction.java:86)
	at org.elasticsearch.action.support.master.TransportMasterNodeOperationAction.doExecute(TransportMasterNodeOperationAction.java:42)
	at org.elasticsearch.action.support.TransportAction.execute(TransportAction.java:61)
	at org.elasticsearch.client.node.NodeClusterAdminClient.execute(NodeClusterAdminClient.java:72)
	at org.elasticsearch.client.support.AbstractClusterAdminClient.health(AbstractClusterAdminClient.java:83)
	at org.elasticsearch.action.admin.cluster.health.ClusterHealthRequestBuilder.doExecute(ClusterHealthRequestBuilder.java:98)
	at org.elasticsearch.action.ActionRequestBuilder.execute(ActionRequestBuilder.java:62)
	at org.elasticsearch.action.ActionRequestBuilder.execute(ActionRequestBuilder.java:57)
	at org.elasticsearch.action.ActionRequestBuilder$execute.call(Unknown Source)
	at com.rackspace.search.elasticsearch.ElasticSearchServer.getHealthInformation(ElasticSearchServer.groovy:55)
	at com.rackspace.search.elasticsearch.ElasticSearchServer.getHealthStatus(ElasticSearchServer.groovy:51)
	at com.rackspace.search.elasticsearch.ElasticSearchServer.waitForYellowStatus(ElasticSearchServer.groovy:69)
	at com.rackspace.search.elasticsearch.ElasticSearchServer$waitForYellowStatus.call(Unknown Source)
	at com.rackspace.search.service.admin.AccountOndemandSyncJob.setupJob(AccountOndemandSyncJob.groovy:126)
	at sun.reflect.GeneratedMethodAccessor91.invoke(Unknown Source)
	at sun.reflect.DelegatingMethodAccessorImpl.invoke(DelegatingMethodAccessorImpl.java:25)
	at java.lang.reflect.Method.invoke(Method.java:597)
	at org.codehaus.groovy.reflection.CachedMethod.invoke(CachedMethod.java:90)
	at groovy.lang.MetaMethod.doMethodInvoke(MetaMethod.java:233)
	at groovy.lang.MetaClassImpl.invokeMethod(MetaClassImpl.java:1085)
	at org.codehaus.groovy.runtime.ScriptBytecodeAdapter.invokeMethodOnCurrentN(ScriptBytecodeAdapter.java:78)
	at com.rackspace.search.service.admin.AccountOndemandSyncJob.this$dist$invoke$1(AccountOndemandSyncJob.groovy)
	at com.rackspace.search.service.admin.AccountOndemandSyncJob$1.methodMissing(AccountOndemandSyncJob.groovy)
	at sun.reflect.GeneratedMethodAccessor90.invoke(Unknown Source)
	at sun.reflect.DelegatingMethodAccessorImpl.invoke(DelegatingMethodAccessorImpl.java:25)
	at java.lang.reflect.Method.invoke(Method.java:597)
	at org.codehaus.groovy.reflection.CachedMethod.invoke(CachedMethod.java:90)
	at groovy.lang.MetaClassImpl.invokeMissingMethod(MetaClassImpl.java:837)
	at groovy.lang.MetaClassImpl.invokePropertyOrMissing(MetaClassImpl.java:1134)
	at groovy.lang.MetaClassImpl.invokeMethod(MetaClassImpl.java:1087)
	at groovy.lang.MetaClassImpl.invokeMethod(MetaClassImpl.java:909)
	at org.codehaus.groovy.runtime.callsite.PogoMetaClassSite.callCurrent(PogoMetaClassSite.java:66)
	at org.codehaus.groovy.runtime.callsite.AbstractCallSite.callCurrent(AbstractCallSite.java:137)
	at com.rackspace.search.service.admin.AccountOndemandSyncJob$1.run(AccountOndemandSyncJob.groovy:110)
	at java.util.TimerThread.mainLoop(Timer.java:512)
	at java.util.TimerThread.run(Timer.java:462)
</stderr>
          <failedSince>7</failedSince>
        </case>
        <case>
          <duration>8.672</duration>
          <className>com.rackspace.search.elasticsearch.client.ElasticSearchClientTest</className>
          <testName>if limit is greater than maxPageSize\u002C should return given size</testName>
          <skipped>false</skipped>
          <errorStackTrace>java.lang.NullPointerException: Cannot invoke method getClient() on null object
	at com.rackspace.search.elasticsearch.client.ElasticSearchClientTest.cleanup(ElasticSearchClientTest.groovy:92)
</errorStackTrace>
          <errorDetails>Cannot invoke method getClient() on null object</errorDetails>
          <failedSince>7</failedSince>
        </case>
      </cases>
    </suite>
    <suite>
      <file>/var/lib/jenkins/jobs/Samatha Fork/workspace/service/target/surefire-reports/TEST-com.rackspace.search.elasticsearch.client.QueryParserTest.xml</file>
      <name>com.rackspace.search.elasticsearch.client.QueryParserTest</name>
      <duration>0.175</duration>
      <cases>
        <case>
          <duration>0.094</duration>
          <className>com.rackspace.search.elasticsearch.client.QueryParserTest</className>
          <testName>should test query parser --- url query params are handled</testName>
          <skipped>false</skipped>
          <failedSince>0</failedSince>
        </case>
        <case>
          <duration>0.037</duration>
          <className>com.rackspace.search.elasticsearch.client.QueryParserTest</className>
          <testName>should test query parser --- one single filter</testName>
          <skipped>false</skipped>
          <failedSince>0</failedSince>
        </case>
        <case>
          <duration>0.0</duration>
          <className>com.rackspace.search.elasticsearch.client.QueryParserTest</className>
          <testName>should test query parser --- not filter</testName>
          <skipped>false</skipped>
          <failedSince>0</failedSince>
        </case>
        <case>
          <duration>0.044</duration>
          <className>com.rackspace.search.elasticsearch.client.QueryParserTest</className>
          <testName>should test query parser --- range filter</testName>
          <skipped>false</skipped>
          <failedSince>0</failedSince>
        </case>
        <case>
          <duration>0.0</duration>
          <className>com.rackspace.search.elasticsearch.client.QueryParserTest</className>
          <testName>should test query parser --- and filter</testName>
          <skipped>false</skipped>
          <failedSince>0</failedSince>
        </case>
        <case>
          <duration>0.0</duration>
          <className>com.rackspace.search.elasticsearch.client.QueryParserTest</className>
          <testName>should test query parser --- or filter</testName>
          <skipped>false</skipped>
          <failedSince>0</failedSince>
        </case>
      </cases>
    </suite>
    <suite>
      <file>/var/lib/jenkins/jobs/Samatha Fork/workspace/service/target/surefire-reports/TEST-com.rackspace.search.endpoint.AdminResourceTest.xml</file>
      <name>com.rackspace.search.endpoint.AdminResourceTest</name>
      <duration>3.6699998</duration>
      <cases>
        <case>
          <duration>3.569</duration>
          <className>com.rackspace.search.endpoint.AdminResourceTest</className>
          <testName>Job should stop .. If the request Json has is_enabled = false</testName>
          <skipped>false</skipped>
          <failedSince>0</failedSince>
        </case>
        <case>
          <duration>0.014</duration>
          <className>com.rackspace.search.endpoint.AdminResourceTest</className>
          <testName>Job already running .. should throw exception</testName>
          <skipped>false</skipped>
          <failedSince>0</failedSince>
        </case>
        <case>
          <duration>0.087</duration>
          <className>com.rackspace.search.endpoint.AdminResourceTest</className>
          <testName>sync job not exists.. create new one</testName>
          <skipped>false</skipped>
          <failedSince>0</failedSince>
        </case>
      </cases>
    </suite>
    <suite>
      <file>/var/lib/jenkins/jobs/Samatha Fork/workspace/service/target/surefire-reports/TEST-com.rackspace.search.gateway.account.AccountGatewayTest.xml</file>
      <name>com.rackspace.search.gateway.account.AccountGatewayTest</name>
      <duration>0.112</duration>
      <cases>
        <case>
          <duration>0.0</duration>
          <className>com.rackspace.search.gateway.account.AccountGatewayTest</className>
          <testName>should get account data</testName>
          <skipped>false</skipped>
          <failedSince>0</failedSince>
        </case>
        <case>
          <duration>0.0010</duration>
          <className>com.rackspace.search.gateway.account.AccountGatewayTest</className>
          <testName>get accounts -- should throw exception</testName>
          <skipped>false</skipped>
          <failedSince>0</failedSince>
        </case>
        <case>
          <duration>0.111</duration>
          <className>com.rackspace.search.gateway.account.AccountGatewayTest</className>
          <testName>should get account details </testName>
          <skipped>false</skipped>
          <failedSince>0</failedSince>
        </case>
        <case>
          <duration>0.0</duration>
          <className>com.rackspace.search.gateway.account.AccountGatewayTest</className>
          <testName>get account details -- should throw exception</testName>
          <skipped>false</skipped>
          <failedSince>0</failedSince>
        </case>
      </cases>
    </suite>
    <suite>
      <file>/var/lib/jenkins/jobs/Samatha Fork/workspace/service/target/surefire-reports/TEST-com.rackspace.search.gateway.core.CoreAuthGatewayTest.xml</file>
      <name>com.rackspace.search.gateway.core.CoreAuthGatewayTest</name>
      <duration>0.0</duration>
      <cases>
        <case>
          <duration>0.0</duration>
          <className>com.rackspace.search.gateway.core.CoreAuthGatewayTest</className>
          <testName>should get authtoken</testName>
          <skipped>false</skipped>
          <failedSince>0</failedSince>
        </case>
        <case>
          <duration>0.0</duration>
          <className>com.rackspace.search.gateway.core.CoreAuthGatewayTest</className>
          <testName>should not call core when authtoken is valid</testName>
          <skipped>false</skipped>
          <failedSince>0</failedSince>
        </case>
      </cases>
    </suite>
    <suite>
      <file>/var/lib/jenkins/jobs/Samatha Fork/workspace/service/target/surefire-reports/TEST-com.rackspace.search.gateway.core.CoreTicketGatewayTest.xml</file>
      <name>com.rackspace.search.gateway.core.CoreTicketGatewayTest</name>
      <duration>0.076</duration>
      <cases>
        <case>
          <duration>0.0</duration>
          <className>com.rackspace.search.gateway.core.CoreTicketGatewayTest</className>
          <testName>should get tickets</testName>
          <skipped>false</skipped>
          <failedSince>0</failedSince>
        </case>
        <case>
          <duration>0.076</duration>
          <className>com.rackspace.search.gateway.core.CoreTicketGatewayTest</className>
          <testName>should get tickets -- session key expired</testName>
          <skipped>false</skipped>
          <failedSince>0</failedSince>
        </case>
        <case>
          <duration>0.0</duration>
          <className>com.rackspace.search.gateway.core.CoreTicketGatewayTest</className>
          <testName>get core tickets -- should throw exception</testName>
          <skipped>false</skipped>
          <failedSince>0</failedSince>
        </case>
      </cases>
    </suite>
    <suite>
      <file>/var/lib/jenkins/jobs/Samatha Fork/workspace/service/target/surefire-reports/TEST-com.rackspace.search.gateway.zendesk.ZendeskGatewayTest.xml</file>
      <name>com.rackspace.search.gateway.zendesk.ZendeskGatewayTest</name>
      <duration>0.095</duration>
      <cases>
        <case>
          <duration>0.0</duration>
          <className>com.rackspace.search.gateway.zendesk.ZendeskGatewayTest</className>
          <testName>should get ticket updates</testName>
          <skipped>false</skipped>
          <failedSince>0</failedSince>
        </case>
        <case>
          <duration>0.095</duration>
          <className>com.rackspace.search.gateway.zendesk.ZendeskGatewayTest</className>
          <testName>should get user updates</testName>
          <skipped>false</skipped>
          <failedSince>0</failedSince>
        </case>
        <case>
          <duration>0.0</duration>
          <className>com.rackspace.search.gateway.zendesk.ZendeskGatewayTest</className>
          <testName>should get users</testName>
          <skipped>false</skipped>
          <failedSince>0</failedSince>
        </case>
        <case>
          <duration>0.0</duration>
          <className>com.rackspace.search.gateway.zendesk.ZendeskGatewayTest</className>
          <testName>should get groups</testName>
          <skipped>false</skipped>
          <failedSince>0</failedSince>
        </case>
        <case>
          <duration>0.0</duration>
          <className>com.rackspace.search.gateway.zendesk.ZendeskGatewayTest</className>
          <testName>should get group updates</testName>
          <skipped>false</skipped>
          <failedSince>0</failedSince>
        </case>
        <case>
          <duration>0.0</duration>
          <className>com.rackspace.search.gateway.zendesk.ZendeskGatewayTest</className>
          <testName>should get query string -- without date</testName>
          <skipped>false</skipped>
          <failedSince>0</failedSince>
        </case>
        <case>
          <duration>0.0</duration>
          <className>com.rackspace.search.gateway.zendesk.ZendeskGatewayTest</className>
          <testName>should get query string -- with date</testName>
          <skipped>false</skipped>
          <failedSince>0</failedSince>
        </case>
      </cases>
    </suite>
    <suite>
      <file>/var/lib/jenkins/jobs/Samatha Fork/workspace/service/target/surefire-reports/TEST-com.rackspace.search.service.AccountCacheServiceTest.xml</file>
      <name>com.rackspace.search.service.AccountCacheServiceTest</name>
      <duration>0.0</duration>
      <cases>
        <case>
          <duration>0.0</duration>
          <className>com.rackspace.search.service.AccountCacheServiceTest</className>
          <testName>freshenCache: should check isLatest</testName>
          <skipped>false</skipped>
          <failedSince>0</failedSince>
        </case>
        <case>
          <duration>0.0</duration>
          <className>com.rackspace.search.service.AccountCacheServiceTest</className>
          <testName>test cleanCache </testName>
          <skipped>false</skipped>
          <failedSince>0</failedSince>
        </case>
      </cases>
    </suite>
    <suite>
      <file>/var/lib/jenkins/jobs/Samatha Fork/workspace/service/target/surefire-reports/TEST-com.rackspace.search.service.CoreAccountServiceTest.xml</file>
      <name>com.rackspace.search.service.CoreAccountServiceTest</name>
      <duration>0.061</duration>
      <cases>
        <case>
          <duration>0.059</duration>
          <className>com.rackspace.search.service.CoreAccountServiceTest</className>
          <testName>should get core account details</testName>
          <skipped>false</skipped>
          <failedSince>0</failedSince>
        </case>
        <case>
          <duration>0.0020</duration>
          <className>com.rackspace.search.service.CoreAccountServiceTest</className>
          <testName>should return null If job is not exist</testName>
          <skipped>false</skipped>
          <failedSince>0</failedSince>
        </case>
      </cases>
    </suite>
    <suite>
      <file>/var/lib/jenkins/jobs/Samatha Fork/workspace/service/target/surefire-reports/TEST-com.rackspace.search.service.JobServiceTest.xml</file>
      <name>com.rackspace.search.service.JobServiceTest</name>
      <duration>70.081</duration>
      <cases>
        <case>
          <duration>20.691</duration>
          <className>com.rackspace.search.service.JobServiceTest</className>
          <testName>should get scheduled job details</testName>
          <skipped>false</skipped>
          <errorStackTrace>java.lang.IllegalStateException: Failed to load ApplicationContext
	at org.springframework.test.context.TestContext.getApplicationContext(TestContext.java:308)
	at org.springframework.test.context.support.DependencyInjectionTestExecutionListener.injectDependencies(DependencyInjectionTestExecutionListener.java:109)
	at org.springframework.test.context.support.DependencyInjectionTestExecutionListener.prepareTestInstance(DependencyInjectionTestExecutionListener.java:75)
	at org.springframework.test.context.TestContextManager.prepareTestInstance(TestContextManager.java:321)
	at org.spockframework.spring.SpringTestContextManager.prepareTestInstance(SpringTestContextManager.java:49)
	at org.spockframework.spring.SpringInterceptor.interceptSetupMethod(SpringInterceptor.java:42)
	at org.spockframework.runtime.extension.AbstractMethodInterceptor.intercept(AbstractMethodInterceptor.java:28)
	at org.spockframework.runtime.extension.MethodInvocation.proceed(MethodInvocation.java:84)
	at org.spockframework.util.ReflectionUtil.invokeMethod(ReflectionUtil.java:138)
	at org.spockframework.util.ReflectionUtil.invokeMethod(ReflectionUtil.java:138)
	at org.spockframework.util.ReflectionUtil.invokeMethod(ReflectionUtil.java:138)
	at org.apache.maven.surefire.junit4.JUnit4TestSet.execute(JUnit4TestSet.java:53)
	at org.apache.maven.surefire.junit4.JUnit4Provider.executeTestSet(JUnit4Provider.java:123)
	at org.apache.maven.surefire.junit4.JUnit4Provider.invoke(JUnit4Provider.java:104)
	at org.apache.maven.surefire.util.ReflectionUtils.invokeMethodWithArray(ReflectionUtils.java:164)
	at org.apache.maven.surefire.booter.ProviderFactory$ProviderProxy.invoke(ProviderFactory.java:110)
	at org.apache.maven.surefire.booter.SurefireStarter.invokeProvider(SurefireStarter.java:175)
	at org.apache.maven.surefire.booter.SurefireStarter.runSuitesInProcessWhenForked(SurefireStarter.java:107)
	at org.apache.maven.surefire.booter.ForkedBooter.main(ForkedBooter.java:68)
Caused by: org.springframework.beans.factory.BeanCreationException: Error creating bean with name &apos;jobResource&apos;: Injection of autowired dependencies failed; nested exception is org.springframework.beans.factory.BeanCreationException: Could not autowire field: private com.rackspace.search.service.zendesk.ZendeskTicketOngoingSyncJob com.rackspace.search.endpoint.JobResource.zendeskTicketOngoingSyncJob; nested exception is org.springframework.beans.factory.BeanCreationException: Error creating bean with name &apos;zendeskTicketOngoingSyncJob&apos;: Injection of autowired dependencies failed; nested exception is org.springframework.beans.factory.BeanCreationException: Could not autowire field: private com.rackspace.search.service.zendesk.ZendeskTicketOngoingSyncActor com.rackspace.search.service.zendesk.ZendeskTicketOngoingSyncJob.ticketActor; nested exception is org.springframework.beans.factory.BeanCreationException: Error creating bean with name &apos;zendeskTicketOngoingSyncActor&apos;: Injection of autowired dependencies failed; nested exception is org.springframework.beans.factory.BeanCreationException: Could not autowire field: private com.rackspace.search.service.zendesk.ZendeskTicketProcessor com.rackspace.search.service.zendesk.ZendeskTicketOngoingSyncActor.zendeskTicketProcessor; nested exception is org.springframework.beans.factory.BeanCreationException: Error creating bean with name &apos;zendeskTicketProcessor&apos;: Injection of autowired dependencies failed; nested exception is org.springframework.beans.factory.BeanCreationException: Could not autowire field: private java.lang.Object com.rackspace.search.service.zendesk.ZendeskTicketProcessor.zendeskIndexName; nested exception is java.lang.IllegalArgumentException: Could not resolve placeholder &apos;zendesk.index.name&apos;
	at org.springframework.beans.factory.annotation.AutowiredAnnotationBeanPostProcessor.postProcessPropertyValues(AutowiredAnnotationBeanPostProcessor.java:288)
	at org.springframework.beans.factory.support.AbstractAutowireCapableBeanFactory.populateBean(AbstractAutowireCapableBeanFactory.java:1074)
	at org.springframework.beans.factory.support.AbstractAutowireCapableBeanFactory.doCreateBean(AbstractAutowireCapableBeanFactory.java:517)
	at org.springframework.beans.factory.support.AbstractAutowireCapableBeanFactory.createBean(AbstractAutowireCapableBeanFactory.java:456)
	at org.springframework.beans.factory.support.AbstractBeanFactory$1.getObject(AbstractBeanFactory.java:293)
	at org.springframework.beans.factory.support.DefaultSingletonBeanRegistry.getSingleton(DefaultSingletonBeanRegistry.java:222)
	at org.springframework.beans.factory.support.AbstractBeanFactory.doGetBean(AbstractBeanFactory.java:290)
	at org.springframework.beans.factory.support.AbstractBeanFactory.getBean(AbstractBeanFactory.java:192)
	at org.springframework.beans.factory.support.DefaultListableBeanFactory.preInstantiateSingletons(DefaultListableBeanFactory.java:585)
	at org.springframework.context.support.AbstractApplicationContext.finishBeanFactoryInitialization(AbstractApplicationContext.java:895)
	at org.springframework.context.support.AbstractApplicationContext.refresh(AbstractApplicationContext.java:425)
	at org.springframework.test.context.support.AbstractGenericContextLoader.loadContext(AbstractGenericContextLoader.java:84)
	at org.springframework.test.context.support.AbstractGenericContextLoader.loadContext(AbstractGenericContextLoader.java:1)
	at org.springframework.test.context.TestContext.loadApplicationContext(TestContext.java:280)
	at org.springframework.test.context.TestContext.getApplicationContext(TestContext.java:304)
	... 18 more
Caused by: org.springframework.beans.factory.BeanCreationException: Could not autowire field: private com.rackspace.search.service.zendesk.ZendeskTicketOngoingSyncJob com.rackspace.search.endpoint.JobResource.zendeskTicketOngoingSyncJob; nested exception is org.springframework.beans.factory.BeanCreationException: Error creating bean with name &apos;zendeskTicketOngoingSyncJob&apos;: Injection of autowired dependencies failed; nested exception is org.springframework.beans.factory.BeanCreationException: Could not autowire field: private com.rackspace.search.service.zendesk.ZendeskTicketOngoingSyncActor com.rackspace.search.service.zendesk.ZendeskTicketOngoingSyncJob.ticketActor; nested exception is org.springframework.beans.factory.BeanCreationException: Error creating bean with name &apos;zendeskTicketOngoingSyncActor&apos;: Injection of autowired dependencies failed; nested exception is org.springframework.beans.factory.BeanCreationException: Could not autowire field: private com.rackspace.search.service.zendesk.ZendeskTicketProcessor com.rackspace.search.service.zendesk.ZendeskTicketOngoingSyncActor.zendeskTicketProcessor; nested exception is org.springframework.beans.factory.BeanCreationException: Error creating bean with name &apos;zendeskTicketProcessor&apos;: Injection of autowired dependencies failed; nested exception is org.springframework.beans.factory.BeanCreationException: Could not autowire field: private java.lang.Object com.rackspace.search.service.zendesk.ZendeskTicketProcessor.zendeskIndexName; nested exception is java.lang.IllegalArgumentException: Could not resolve placeholder &apos;zendesk.index.name&apos;
	at org.springframework.beans.factory.annotation.AutowiredAnnotationBeanPostProcessor$AutowiredFieldElement.inject(AutowiredAnnotationBeanPostProcessor.java:508)
	at org.springframework.beans.factory.annotation.InjectionMetadata.inject(InjectionMetadata.java:84)
	at org.springframework.beans.factory.annotation.AutowiredAnnotationBeanPostProcessor.postProcessPropertyValues(AutowiredAnnotationBeanPostProcessor.java:285)
	... 32 more
Caused by: org.springframework.beans.factory.BeanCreationException: Error creating bean with name &apos;zendeskTicketOngoingSyncJob&apos;: Injection of autowired dependencies failed; nested exception is org.springframework.beans.factory.BeanCreationException: Could not autowire field: private com.rackspace.search.service.zendesk.ZendeskTicketOngoingSyncActor com.rackspace.search.service.zendesk.ZendeskTicketOngoingSyncJob.ticketActor; nested exception is org.springframework.beans.factory.BeanCreationException: Error creating bean with name &apos;zendeskTicketOngoingSyncActor&apos;: Injection of autowired dependencies failed; nested exception is org.springframework.beans.factory.BeanCreationException: Could not autowire field: private com.rackspace.search.service.zendesk.ZendeskTicketProcessor com.rackspace.search.service.zendesk.ZendeskTicketOngoingSyncActor.zendeskTicketProcessor; nested exception is org.springframework.beans.factory.BeanCreationException: Error creating bean with name &apos;zendeskTicketProcessor&apos;: Injection of autowired dependencies failed; nested exception is org.springframework.beans.factory.BeanCreationException: Could not autowire field: private java.lang.Object com.rackspace.search.service.zendesk.ZendeskTicketProcessor.zendeskIndexName; nested exception is java.lang.IllegalArgumentException: Could not resolve placeholder &apos;zendesk.index.name&apos;
	at org.springframework.beans.factory.annotation.AutowiredAnnotationBeanPostProcessor.postProcessPropertyValues(AutowiredAnnotationBeanPostProcessor.java:288)
	at org.springframework.beans.factory.support.AbstractAutowireCapableBeanFactory.populateBean(AbstractAutowireCapableBeanFactory.java:1074)
	at org.springframework.beans.factory.support.AbstractAutowireCapableBeanFactory.doCreateBean(AbstractAutowireCapableBeanFactory.java:517)
	at org.springframework.beans.factory.support.AbstractAutowireCapableBeanFactory.createBean(AbstractAutowireCapableBeanFactory.java:456)
	at org.springframework.beans.factory.support.AbstractBeanFactory$1.getObject(AbstractBeanFactory.java:293)
	at org.springframework.beans.factory.support.DefaultSingletonBeanRegistry.getSingleton(DefaultSingletonBeanRegistry.java:222)
	at org.springframework.beans.factory.support.AbstractBeanFactory.doGetBean(AbstractBeanFactory.java:290)
	at org.springframework.beans.factory.support.AbstractBeanFactory.getBean(AbstractBeanFactory.java:192)
	at org.springframework.beans.factory.support.DefaultListableBeanFactory.findAutowireCandidates(DefaultListableBeanFactory.java:848)
	at org.springframework.beans.factory.support.DefaultListableBeanFactory.doResolveDependency(DefaultListableBeanFactory.java:790)
	at org.springframework.beans.factory.support.DefaultListableBeanFactory.resolveDependency(DefaultListableBeanFactory.java:707)
	at org.springframework.beans.factory.annotation.AutowiredAnnotationBeanPostProcessor$AutowiredFieldElement.inject(AutowiredAnnotationBeanPostProcessor.java:480)
	... 34 more
Caused by: org.springframework.beans.factory.BeanCreationException: Could not autowire field: private com.rackspace.search.service.zendesk.ZendeskTicketOngoingSyncActor com.rackspace.search.service.zendesk.ZendeskTicketOngoingSyncJob.ticketActor; nested exception is org.springframework.beans.factory.BeanCreationException: Error creating bean with name &apos;zendeskTicketOngoingSyncActor&apos;: Injection of autowired dependencies failed; nested exception is org.springframework.beans.factory.BeanCreationException: Could not autowire field: private com.rackspace.search.service.zendesk.ZendeskTicketProcessor com.rackspace.search.service.zendesk.ZendeskTicketOngoingSyncActor.zendeskTicketProcessor; nested exception is org.springframework.beans.factory.BeanCreationException: Error creating bean with name &apos;zendeskTicketProcessor&apos;: Injection of autowired dependencies failed; nested exception is org.springframework.beans.factory.BeanCreationException: Could not autowire field: private java.lang.Object com.rackspace.search.service.zendesk.ZendeskTicketProcessor.zendeskIndexName; nested exception is java.lang.IllegalArgumentException: Could not resolve placeholder &apos;zendesk.index.name&apos;
	at org.springframework.beans.factory.annotation.AutowiredAnnotationBeanPostProcessor$AutowiredFieldElement.inject(AutowiredAnnotationBeanPostProcessor.java:508)
	at org.springframework.beans.factory.annotation.InjectionMetadata.inject(InjectionMetadata.java:84)
	at org.springframework.beans.factory.annotation.AutowiredAnnotationBeanPostProcessor.postProcessPropertyValues(AutowiredAnnotationBeanPostProcessor.java:285)
	... 45 more
Caused by: org.springframework.beans.factory.BeanCreationException: Error creating bean with name &apos;zendeskTicketOngoingSyncActor&apos;: Injection of autowired dependencies failed; nested exception is org.springframework.beans.factory.BeanCreationException: Could not autowire field: private com.rackspace.search.service.zendesk.ZendeskTicketProcessor com.rackspace.search.service.zendesk.ZendeskTicketOngoingSyncActor.zendeskTicketProcessor; nested exception is org.springframework.beans.factory.BeanCreationException: Error creating bean with name &apos;zendeskTicketProcessor&apos;: Injection of autowired dependencies failed; nested exception is org.springframework.beans.factory.BeanCreationException: Could not autowire field: private java.lang.Object com.rackspace.search.service.zendesk.ZendeskTicketProcessor.zendeskIndexName; nested exception is java.lang.IllegalArgumentException: Could not resolve placeholder &apos;zendesk.index.name&apos;
	at org.springframework.beans.factory.annotation.AutowiredAnnotationBeanPostProcessor.postProcessPropertyValues(AutowiredAnnotationBeanPostProcessor.java:288)
	at org.springframework.beans.factory.support.AbstractAutowireCapableBeanFactory.populateBean(AbstractAutowireCapableBeanFactory.java:1074)
	at org.springframework.beans.factory.support.AbstractAutowireCapableBeanFactory.doCreateBean(AbstractAutowireCapableBeanFactory.java:517)
	at org.springframework.beans.factory.support.AbstractAutowireCapableBeanFactory.createBean(AbstractAutowireCapableBeanFactory.java:456)
	at org.springframework.beans.factory.support.AbstractBeanFactory$1.getObject(AbstractBeanFactory.java:293)
	at org.springframework.beans.factory.support.DefaultSingletonBeanRegistry.getSingleton(DefaultSingletonBeanRegistry.java:222)
	at org.springframework.beans.factory.support.AbstractBeanFactory.doGetBean(AbstractBeanFactory.java:290)
	at org.springframework.beans.factory.support.AbstractBeanFactory.getBean(AbstractBeanFactory.java:192)
	at org.springframework.beans.factory.support.DefaultListableBeanFactory.findAutowireCandidates(DefaultListableBeanFactory.java:848)
	at org.springframework.beans.factory.support.DefaultListableBeanFactory.doResolveDependency(DefaultListableBeanFactory.java:790)
	at org.springframework.beans.factory.support.DefaultListableBeanFactory.resolveDependency(DefaultListableBeanFactory.java:707)
	at org.springframework.beans.factory.annotation.AutowiredAnnotationBeanPostProcessor$AutowiredFieldElement.inject(AutowiredAnnotationBeanPostProcessor.java:480)
	... 47 more
Caused by: org.springframework.beans.factory.BeanCreationException: Could not autowire field: private com.rackspace.search.service.zendesk.ZendeskTicketProcessor com.rackspace.search.service.zendesk.ZendeskTicketOngoingSyncActor.zendeskTicketProcessor; nested exception is org.springframework.beans.factory.BeanCreationException: Error creating bean with name &apos;zendeskTicketProcessor&apos;: Injection of autowired dependencies failed; nested exception is org.springframework.beans.factory.BeanCreationException: Could not autowire field: private java.lang.Object com.rackspace.search.service.zendesk.ZendeskTicketProcessor.zendeskIndexName; nested exception is java.lang.IllegalArgumentException: Could not resolve placeholder &apos;zendesk.index.name&apos;
	at org.springframework.beans.factory.annotation.AutowiredAnnotationBeanPostProcessor$AutowiredFieldElement.inject(AutowiredAnnotationBeanPostProcessor.java:508)
	at org.springframework.beans.factory.annotation.InjectionMetadata.inject(InjectionMetadata.java:84)
	at org.springframework.beans.factory.annotation.AutowiredAnnotationBeanPostProcessor.postProcessPropertyValues(AutowiredAnnotationBeanPostProcessor.java:285)
	... 58 more
Caused by: org.springframework.beans.factory.BeanCreationException: Error creating bean with name &apos;zendeskTicketProcessor&apos;: Injection of autowired dependencies failed; nested exception is org.springframework.beans.factory.BeanCreationException: Could not autowire field: private java.lang.Object com.rackspace.search.service.zendesk.ZendeskTicketProcessor.zendeskIndexName; nested exception is java.lang.IllegalArgumentException: Could not resolve placeholder &apos;zendesk.index.name&apos;
	at org.springframework.beans.factory.annotation.AutowiredAnnotationBeanPostProcessor.postProcessPropertyValues(AutowiredAnnotationBeanPostProcessor.java:288)
	at org.springframework.beans.factory.support.AbstractAutowireCapableBeanFactory.populateBean(AbstractAutowireCapableBeanFactory.java:1074)
	at org.springframework.beans.factory.support.AbstractAutowireCapableBeanFactory.doCreateBean(AbstractAutowireCapableBeanFactory.java:517)
	at org.springframework.beans.factory.support.AbstractAutowireCapableBeanFactory.createBean(AbstractAutowireCapableBeanFactory.java:456)
	at org.springframework.beans.factory.support.AbstractBeanFactory$1.getObject(AbstractBeanFactory.java:293)
	at org.springframework.beans.factory.support.DefaultSingletonBeanRegistry.getSingleton(DefaultSingletonBeanRegistry.java:222)
	at org.springframework.beans.factory.support.AbstractBeanFactory.doGetBean(AbstractBeanFactory.java:290)
	at org.springframework.beans.factory.support.AbstractBeanFactory.getBean(AbstractBeanFactory.java:192)
	at org.springframework.beans.factory.support.DefaultListableBeanFactory.findAutowireCandidates(DefaultListableBeanFactory.java:848)
	at org.springframework.beans.factory.support.DefaultListableBeanFactory.doResolveDependency(DefaultListableBeanFactory.java:790)
	at org.springframework.beans.factory.support.DefaultListableBeanFactory.resolveDependency(DefaultListableBeanFactory.java:707)
	at org.springframework.beans.factory.annotation.AutowiredAnnotationBeanPostProcessor$AutowiredFieldElement.inject(AutowiredAnnotationBeanPostProcessor.java:480)
	... 60 more
Caused by: org.springframework.beans.factory.BeanCreationException: Could not autowire field: private java.lang.Object com.rackspace.search.service.zendesk.ZendeskTicketProcessor.zendeskIndexName; nested exception is java.lang.IllegalArgumentException: Could not resolve placeholder &apos;zendesk.index.name&apos;
	at org.springframework.beans.factory.annotation.AutowiredAnnotationBeanPostProcessor$AutowiredFieldElement.inject(AutowiredAnnotationBeanPostProcessor.java:508)
	at org.springframework.beans.factory.annotation.InjectionMetadata.inject(InjectionMetadata.java:84)
	at org.springframework.beans.factory.annotation.AutowiredAnnotationBeanPostProcessor.postProcessPropertyValues(AutowiredAnnotationBeanPostProcessor.java:285)
	... 71 more
Caused by: java.lang.IllegalArgumentException: Could not resolve placeholder &apos;zendesk.index.name&apos;
	at org.springframework.util.PropertyPlaceholderHelper.parseStringValue(PropertyPlaceholderHelper.java:173)
	at org.springframework.util.PropertyPlaceholderHelper.replacePlaceholders(PropertyPlaceholderHelper.java:125)
	at org.springframework.beans.factory.config.PropertyPlaceholderConfigurer$PlaceholderResolvingStringValueResolver.resolveStringValue(PropertyPlaceholderConfigurer.java:403)
	at org.springframework.beans.factory.support.AbstractBeanFactory.resolveEmbeddedValue(AbstractBeanFactory.java:747)
	at org.springframework.beans.factory.support.DefaultListableBeanFactory.doResolveDependency(DefaultListableBeanFactory.java:717)
	at org.springframework.beans.factory.support.DefaultListableBeanFactory.resolveDependency(DefaultListableBeanFactory.java:707)
	at org.springframework.beans.factory.annotation.AutowiredAnnotationBeanPostProcessor$AutowiredFieldElement.inject(AutowiredAnnotationBeanPostProcessor.java:480)
	... 73 more
</errorStackTrace>
          <errorDetails>Failed to load ApplicationContext</errorDetails>
          <stdout>22:04:02.745 [main] INFO  c.r.s.common.property.PropertyProvider - Loading properties file from file [/var/lib/jenkins/jobs/Samatha Fork/workspace/service/target/properties/local/search.properties]
22:04:02.753 [main] INFO  c.r.s.common.property.PropertyProvider - Loading properties file from file [/var/lib/jenkins/jobs/Samatha Fork/workspace/service/target/properties/local/search.secrets.properties]
22:04:02.754 [main] INFO  c.r.s.common.property.PropertyProvider - Loading properties file from file [/var/lib/jenkins/jobs/Samatha Fork/workspace/service/target/properties/local/elasticsearch.properties]
22:04:03.323 [main] INFO  c.r.s.elasticsearch.ElasticSearchServer - Starting the Elastic Search server node:
22:04:03.959 [main] INFO  org.elasticsearch.node - [ticket.node] {0.90.2}[25471]: initializing ...
22:04:03.972 [main] INFO  org.elasticsearch.plugins - [ticket.node] loaded [action-updatebyquery], sites []
22:04:08.655 [main] INFO  org.elasticsearch.node - [ticket.node] {0.90.2}[25471]: initialized
22:04:08.655 [main] INFO  c.r.s.elasticsearch.ElasticSearchServer - Starting the Elastic Search server node with these settings:
22:04:08.727 [main] INFO  c.r.s.elasticsearch.ElasticSearchServer - Elasticsearch Settings :  [elastic.config.path:/var/lib/jenkins/jobs/Samatha Fork/workspace/service/target/properties/local/elasticsearch, path.data:/var/lib/jenkins/jobs/Samatha Fork/workspace/service/target/elasticsearch/data, cluster.name:ticket.cluster, ticket.search.allowedNestedParams:account.contacts.name,account.contacts.role,account.contacts.sso, core.secondpass.lookbacktime.minutes:15, http.connection.timeout.in.milliseconds:65000, index.analysis.analyzer.search_standard.type:standard, cluster.health.check.wait.time.seconds:120, path.conf:/var/lib/jenkins/jobs/Samatha Fork/workspace/service/target/properties/local/elasticsearch, syncRequest.max.documents.size:250, ticket.ongoingsync.delay.seconds:2, core.account.caching.enabled:true, path.logs:/var/lib/jenkins/jobs/Samatha Fork/workspace/service/target/elasticsearch/logs, http.enabled:true, ticket.document.idName:number, core.api.endpoint:https://ws.integration.core.rackspace.com/ctkapi, transport.tcp.compress:true, account.highprofile.name:HIGH_PROFILE, core.ongoingsync.loopback.time.seconds:120, account.cache.expiration.time.minutes:120, account.api.username:hybrid_ui, ticket.index.name:ticket, admin.index.name:admin, default.page.size:100, indices.structure:/indices_structure.json, account.filter.necessary.updates:true, index.store.fs.memory.enabled:false, index.number_of_shards:5, syncRequest.search.allowedRangeParams:createdAt,lastRunAt,documentLastUpdatedTimestamp, admin.document.type:syncJob, node.data:true, max.page.size:500, node.name:ticket.node, ticket.core.date.timezone:CST, ticket.search.allowedRangeParams:createdAt,updatedAt,lastPublicCommentDate,updateEventDate,documentLastUpdatedTimestamp, account.document.type:account, core.driver.class:org.postgresql.Driver, ticket.cache.expiration.time.minutes:120, core.api.username:rcameron, syncRequest.document.idName:id, discovery.zen.ping.multicast.enabled:false, core.db.url:jdbc:postgresql://integration.db.core.rackspace.com:5432/core_dev, account.update.tickets.pageSize:250, core.account.updates.enabled:true, account.document.versionParam:updatedAt, index.analysis.analyzer.search_standard.filter:[lowercase], bootstrap.mlockall:true, ticket.core.dateformat:yyyy-MM-dd HH:mm:ss, coreaccount.document.type:coreaccount, coreticket.onetimesync.usedb:true, node.master:true, coreaccount.document.idName:id, syncRequest.document.type:syncRequest, core.account.filter.necessary.updates:true, index.number_of_replicas:0, account.api.events.path:v1.0/accounts/events.atom, account.index.name:account, ticket.document.versionParam:updateEventDate, ticket.core.dateformat.with.millis:yyyy-MM-dd HH:mm:ss.SSSSSS, core.account.cache.expiration.time.minutes:120, ticket.document.type:ticket, account.caching.enabled:true, coreaccount.document.versionParam:updatedAt, ticket.caching.enabled:true, admin.document.idName:name, syncRequest.search.allowedTermParams:documentType,status,createdAt,lastRunAt,documentLastUpdatedTimestamp, core.secondpass.enabled:true, account.api.accounts.path:v1.0/accounts, cluster.routing.allocation.awareness.attributes:machine, facets.display.count:100, core.db.username:usq_read, node.machine:ticket.node, syncRequest.index.name:admin, ticket.search.allowedTermParams:sourceSystem,number,createdAt,updatedAt,updateEventDate,lastPublicCommentDate,status,queue.name,category,categoryObj.name,categoryObj.id,priority,assignee.name,hasWindowsServers,hasLinuxServers,severityName,assignee.sso,queue.id,accountServiceLevel,accountTeamTerritoryCode,account.serviceLevel,account.teamTerritoryCode,statusTypes,account.team,account.id,account.rcn,account.status,account.highProfile,documentLastUpdatedTimestamp,account.teamSegment,submitter.name,submitter.sso,account.contacts.name,account.contacts.role,account.contacts.sso,subCategoryObj.name,subCategoryObj.id,assignee.id,submitter.id, use.updateByQueryPlugin:false, account.api.endpoint:https://test.account.api.rackspace.com/, updated.timestamp.field.name:documentLastUpdatedTimestamp, ticket.elastic.dateformat:yyyy-MM-dd&apos;T&apos;HH:mm:ss.SSSZ, action.auto_create_index:1, account.document.idName:id, name:ticket.node] 
22:04:08.730 [main] INFO  org.elasticsearch.node - [ticket.node] {0.90.2}[25471]: starting ...
22:04:09.723 [main] INFO  org.elasticsearch.transport - [ticket.node] bound_address {inet[/0:0:0:0:0:0:0:0:9300]}, publish_address {inet[/10.14.208.252:9300]}
22:04:12.872 [elasticsearch[ticket.node][clusterService#updateTask][T#1]] INFO  org.elasticsearch.cluster.service - [ticket.node] new_master [ticket.node][4Vijxmt6S7eOEp6Rr78wrw][inet[/10.14.208.252:9300]]{machine=ticket.node, master=true}, reason: zen-disco-join (elected_as_master)
22:04:12.926 [main] INFO  org.elasticsearch.discovery - [ticket.node] ticket.cluster/4Vijxmt6S7eOEp6Rr78wrw
22:04:13.011 [main] INFO  org.elasticsearch.http - [ticket.node] bound_address {inet[/0:0:0:0:0:0:0:0:9200]}, publish_address {inet[/10.14.208.252:9200]}
22:04:13.012 [main] INFO  org.elasticsearch.node - [ticket.node] {0.90.2}[25471]: started
22:04:13.012 [main] INFO  c.r.s.elasticsearch.ElasticSearchServer - Elastic Search server is started.
22:04:13.136 [main] INFO  c.r.s.elasticsearch.ElasticSearchServer - ES cluster status is GREEN. Waiting for ES recovery.
22:04:13.141 [main] INFO  c.r.s.elasticsearch.ElasticSearchServer - Elastic Search Cluster Staus is GREEN
22:04:13.953 [elasticsearch[ticket.node][clusterService#updateTask][T#1]] INFO  org.elasticsearch.gateway - [ticket.node] recovered [0] indices into cluster_state
22:04:16.374 [main] ERROR c.r.s.e.client.ElasticSearchClient - Index is missing
org.elasticsearch.indices.IndexMissingException: [admin] missing
	at org.elasticsearch.cluster.metadata.MetaData.concreteIndex(MetaData.java:616) ~[elasticsearch-0.90.2.jar:na]
	at org.elasticsearch.action.get.TransportGetAction.resolveRequest(TransportGetAction.java:90) ~[elasticsearch-0.90.2.jar:na]
	at org.elasticsearch.action.get.TransportGetAction.resolveRequest(TransportGetAction.java:42) ~[elasticsearch-0.90.2.jar:na]
	at org.elasticsearch.action.support.single.shard.TransportShardSingleOperationAction$AsyncSingleAction.&lt;init&gt;(TransportShardSingleOperationAction.java:114) ~[elasticsearch-0.90.2.jar:na]
	at org.elasticsearch.action.support.single.shard.TransportShardSingleOperationAction$AsyncSingleAction.&lt;init&gt;(TransportShardSingleOperationAction.java:94) ~[elasticsearch-0.90.2.jar:na]
	at org.elasticsearch.action.support.single.shard.TransportShardSingleOperationAction.doExecute(TransportShardSingleOperationAction.java:71) ~[elasticsearch-0.90.2.jar:na]
	at org.elasticsearch.action.support.single.shard.TransportShardSingleOperationAction.doExecute(TransportShardSingleOperationAction.java:46) ~[elasticsearch-0.90.2.jar:na]
	at org.elasticsearch.action.support.TransportAction.execute(TransportAction.java:61) ~[elasticsearch-0.90.2.jar:na]
	at org.elasticsearch.client.node.NodeClient.execute(NodeClient.java:92) ~[elasticsearch-0.90.2.jar:na]
	at org.elasticsearch.client.support.AbstractClient.get(AbstractClient.java:179) ~[elasticsearch-0.90.2.jar:na]
	at org.elasticsearch.action.get.GetRequestBuilder.doExecute(GetRequestBuilder.java:112) ~[elasticsearch-0.90.2.jar:na]
	at org.elasticsearch.action.ActionRequestBuilder.execute(ActionRequestBuilder.java:62) ~[elasticsearch-0.90.2.jar:na]
	at org.elasticsearch.action.ActionRequestBuilder.execute(ActionRequestBuilder.java:57) ~[elasticsearch-0.90.2.jar:na]
	at org.elasticsearch.action.ActionRequestBuilder$execute.call(Unknown Source) ~[na:na]
	at org.codehaus.groovy.runtime.callsite.CallSiteArray.defaultCall(CallSiteArray.java:45) [groovy-all-2.1.1.jar:2.1.1]
	at org.codehaus.groovy.runtime.callsite.AbstractCallSite.call(AbstractCallSite.java:108) [groovy-all-2.1.1.jar:2.1.1]
	at org.codehaus.groovy.runtime.callsite.AbstractCallSite.call(AbstractCallSite.java:112) [groovy-all-2.1.1.jar:2.1.1]
	at com.rackspace.search.elasticsearch.client.ElasticSearchClient.getDocument(ElasticSearchClient.groovy:209) ~[classes/:na]
	at com.rackspace.search.elasticsearch.client.ElasticSearchClient$getDocument.call(Unknown Source) [classes/:na]
	at org.codehaus.groovy.runtime.callsite.CallSiteArray.defaultCall(CallSiteArray.java:45) [groovy-all-2.1.1.jar:2.1.1]
	at org.codehaus.groovy.runtime.callsite.AbstractCallSite.call(AbstractCallSite.java:108) [groovy-all-2.1.1.jar:2.1.1]
	at org.codehaus.groovy.runtime.callsite.AbstractCallSite.call(AbstractCallSite.java:124) [groovy-all-2.1.1.jar:2.1.1]
	at com.rackspace.search.service.JobService.getJob(JobService.groovy:56) [classes/:na]
	at com.rackspace.search.service.JobService$getJob$0.callCurrent(Unknown Source) [classes/:na]
	at org.codehaus.groovy.runtime.callsite.CallSiteArray.defaultCallCurrent(CallSiteArray.java:49) [groovy-all-2.1.1.jar:2.1.1]
	at org.codehaus.groovy.runtime.callsite.AbstractCallSite.callCurrent(AbstractCallSite.java:133) [groovy-all-2.1.1.jar:2.1.1]
	at org.codehaus.groovy.runtime.callsite.AbstractCallSite.callCurrent(AbstractCallSite.java:141) [groovy-all-2.1.1.jar:2.1.1]
	at com.rackspace.search.service.JobService.getJob(JobService.groovy:52) [classes/:na]
	at com.rackspace.search.service.JobService$getJob.call(Unknown Source) [classes/:na]
	at org.codehaus.groovy.runtime.callsite.CallSiteArray.defaultCall(CallSiteArray.java:45) [groovy-all-2.1.1.jar:2.1.1]
	at org.codehaus.groovy.runtime.callsite.AbstractCallSite.call(AbstractCallSite.java:108) [groovy-all-2.1.1.jar:2.1.1]
	at org.codehaus.groovy.runtime.callsite.AbstractCallSite.call(AbstractCallSite.java:116) [groovy-all-2.1.1.jar:2.1.1]
	at com.rackspace.search.service.admin.AccountOndemandSyncJob.windupActivities(AccountOndemandSyncJob.groovy:119) [classes/:na]
	at sun.reflect.NativeMethodAccessorImpl.invoke0(Native Method) ~[na:1.6.0_38]
	at sun.reflect.NativeMethodAccessorImpl.invoke(NativeMethodAccessorImpl.java:39) ~[na:1.6.0_38]
	at sun.reflect.DelegatingMethodAccessorImpl.invoke(DelegatingMethodAccessorImpl.java:25) ~[na:1.6.0_38]
	at java.lang.reflect.Method.invoke(Method.java:597) ~[na:1.6.0_38]
	at org.springframework.beans.factory.annotation.InitDestroyAnnotationBeanPostProcessor$LifecycleElement.invoke(InitDestroyAnnotationBeanPostProcessor.java:340) [spring-beans-3.0.6.RELEASE.jar:3.0.6.RELEASE]
	at org.springframework.beans.factory.annotation.InitDestroyAnnotationBeanPostProcessor$LifecycleMetadata.invokeDestroyMethods(InitDestroyAnnotationBeanPostProcessor.java:305) [spring-beans-3.0.6.RELEASE.jar:3.0.6.RELEASE]
	at org.springframework.beans.factory.annotation.InitDestroyAnnotationBeanPostProcessor.postProcessBeforeDestruction(InitDestroyAnnotationBeanPostProcessor.java:148) [spring-beans-3.0.6.RELEASE.jar:3.0.6.RELEASE]
	at org.springframework.beans.factory.support.DisposableBeanAdapter.destroy(DisposableBeanAdapter.java:166) [spring-beans-3.0.6.RELEASE.jar:3.0.6.RELEASE]
	at org.springframework.beans.factory.support.DefaultSingletonBeanRegistry.destroyBean(DefaultSingletonBeanRegistry.java:487) [spring-beans-3.0.6.RELEASE.jar:3.0.6.RELEASE]
	at org.springframework.beans.factory.support.DefaultSingletonBeanRegistry.destroySingleton(DefaultSingletonBeanRegistry.java:463) [spring-beans-3.0.6.RELEASE.jar:3.0.6.RELEASE]
	at org.springframework.beans.factory.support.DefaultSingletonBeanRegistry.destroySingletons(DefaultSingletonBeanRegistry.java:431) [spring-beans-3.0.6.RELEASE.jar:3.0.6.RELEASE]
	at org.springframework.context.support.AbstractApplicationContext.destroyBeans(AbstractApplicationContext.java:1048) [spring-context-3.0.6.RELEASE.jar:3.0.6.RELEASE]
	at org.springframework.context.support.AbstractApplicationContext.refresh(AbstractApplicationContext.java:433) [spring-context-3.0.6.RELEASE.jar:3.0.6.RELEASE]
	at org.springframework.test.context.support.AbstractGenericContextLoader.loadContext(AbstractGenericContextLoader.java:84) [spring-test-3.0.6.RELEASE.jar:3.0.6.RELEASE]
	at org.springframework.test.context.support.AbstractGenericContextLoader.loadContext(AbstractGenericContextLoader.java:1) [spring-test-3.0.6.RELEASE.jar:3.0.6.RELEASE]
	at org.springframework.test.context.TestContext.loadApplicationContext(TestContext.java:280) [spring-test-3.0.6.RELEASE.jar:3.0.6.RELEASE]
	at org.springframework.test.context.TestContext.getApplicationContext(TestContext.java:304) [spring-test-3.0.6.RELEASE.jar:3.0.6.RELEASE]
	at org.springframework.test.context.support.DependencyInjectionTestExecutionListener.injectDependencies(DependencyInjectionTestExecutionListener.java:109) [spring-test-3.0.6.RELEASE.jar:3.0.6.RELEASE]
	at org.springframework.test.context.support.DependencyInjectionTestExecutionListener.prepareTestInstance(DependencyInjectionTestExecutionListener.java:75) [spring-test-3.0.6.RELEASE.jar:3.0.6.RELEASE]
	at org.springframework.test.context.TestContextManager.prepareTestInstance(TestContextManager.java:321) [spring-test-3.0.6.RELEASE.jar:3.0.6.RELEASE]
	at org.spockframework.spring.SpringTestContextManager.prepareTestInstance(SpringTestContextManager.java:49) [spock-spring-0.7-groovy-2.0.jar:na]
	at org.spockframework.spring.SpringInterceptor.interceptSetupMethod(SpringInterceptor.java:42) [spock-spring-0.7-groovy-2.0.jar:na]
	at org.spockframework.runtime.extension.AbstractMethodInterceptor.intercept(AbstractMethodInterceptor.java:28) [spock-core-0.7-groovy-2.0.jar:na]
	at org.spockframework.runtime.extension.MethodInvocation.proceed(MethodInvocation.java:84) [spock-core-0.7-groovy-2.0.jar:na]
	at org.spockframework.runtime.BaseSpecRunner.invoke(BaseSpecRunner.java:319) [spock-core-0.7-groovy-2.0.jar:na]
	at org.spockframework.runtime.BaseSpecRunner.invokeSetup(BaseSpecRunner.java:279) [spock-core-0.7-groovy-2.0.jar:na]
	at org.spockframework.runtime.BaseSpecRunner.doRunIteration(BaseSpecRunner.java:255) [spock-core-0.7-groovy-2.0.jar:na]
	at sun.reflect.GeneratedMethodAccessor5.invoke(Unknown Source) ~[na:na]
	at sun.reflect.DelegatingMethodAccessorImpl.invoke(DelegatingMethodAccessorImpl.java:25) ~[na:1.6.0_38]
	at java.lang.reflect.Method.invoke(Method.java:597) ~[na:1.6.0_38]
	at org.spockframework.util.ReflectionUtil.invokeMethod(ReflectionUtil.java:138) [spock-core-0.7-groovy-2.0.jar:na]
	at org.spockframework.runtime.BaseSpecRunner.invokeRaw(BaseSpecRunner.java:330) [spock-core-0.7-groovy-2.0.jar:na]
	at org.spockframework.runtime.BaseSpecRunner.invoke(BaseSpecRunner.java:311) [spock-core-0.7-groovy-2.0.jar:na]
	at org.spockframework.runtime.BaseSpecRunner.runIteration(BaseSpecRunner.java:223) [spock-core-0.7-groovy-2.0.jar:na]
	at org.spockframework.runtime.BaseSpecRunner.initializeAndRunIteration(BaseSpecRunner.java:214) [spock-core-0.7-groovy-2.0.jar:na]
	at org.spockframework.runtime.BaseSpecRunner.runSimpleFeature(BaseSpecRunner.java:205) [spock-core-0.7-groovy-2.0.jar:na]
	at org.spockframework.runtime.BaseSpecRunner.doRunFeature(BaseSpecRunner.java:199) [spock-core-0.7-groovy-2.0.jar:na]
	at sun.reflect.GeneratedMethodAccessor7.invoke(Unknown Source) ~[na:na]
	at sun.reflect.DelegatingMethodAccessorImpl.invoke(DelegatingMethodAccessorImpl.java:25) ~[na:1.6.0_38]
	at java.lang.reflect.Method.invoke(Method.java:597) ~[na:1.6.0_38]
	at org.spockframework.util.ReflectionUtil.invokeMethod(ReflectionUtil.java:138) [spock-core-0.7-groovy-2.0.jar:na]
	at org.spockframework.runtime.BaseSpecRunner.invokeRaw(BaseSpecRunner.java:330) [spock-core-0.7-groovy-2.0.jar:na]
	at org.spockframework.runtime.BaseSpecRunner.invoke(BaseSpecRunner.java:311) [spock-core-0.7-groovy-2.0.jar:na]
	at org.spockframework.runtime.BaseSpecRunner.runFeature(BaseSpecRunner.java:175) [spock-core-0.7-groovy-2.0.jar:na]
	at org.spockframework.runtime.BaseSpecRunner.runFeatures(BaseSpecRunner.java:152) [spock-core-0.7-groovy-2.0.jar:na]
	at org.spockframework.runtime.BaseSpecRunner.doRunSpec(BaseSpecRunner.java:112) [spock-core-0.7-groovy-2.0.jar:na]
	at sun.reflect.GeneratedMethodAccessor11.invoke(Unknown Source) ~[na:na]
	at sun.reflect.DelegatingMethodAccessorImpl.invoke(DelegatingMethodAccessorImpl.java:25) ~[na:1.6.0_38]
	at java.lang.reflect.Method.invoke(Method.java:597) ~[na:1.6.0_38]
	at org.spockframework.util.ReflectionUtil.invokeMethod(ReflectionUtil.java:138) [spock-core-0.7-groovy-2.0.jar:na]
	at org.spockframework.runtime.BaseSpecRunner.invokeRaw(BaseSpecRunner.java:330) [spock-core-0.7-groovy-2.0.jar:na]
	at org.spockframework.runtime.BaseSpecRunner.invoke(BaseSpecRunner.java:311) [spock-core-0.7-groovy-2.0.jar:na]
	at org.spockframework.runtime.BaseSpecRunner.runSpec(BaseSpecRunner.java:91) [spock-core-0.7-groovy-2.0.jar:na]
	at org.spockframework.runtime.BaseSpecRunner.run(BaseSpecRunner.java:82) [spock-core-0.7-groovy-2.0.jar:na]
	at org.spockframework.runtime.Sputnik.run(Sputnik.java:63) [spock-core-0.7-groovy-2.0.jar:na]
	at org.apache.maven.surefire.junit4.JUnit4TestSet.execute(JUnit4TestSet.java:53) [surefire-junit4-2.10.jar:2.10]
	at org.apache.maven.surefire.junit4.JUnit4Provider.executeTestSet(JUnit4Provider.java:123) [surefire-junit4-2.10.jar:2.10]
	at org.apache.maven.surefire.junit4.JUnit4Provider.invoke(JUnit4Provider.java:104) [surefire-junit4-2.10.jar:2.10]
	at sun.reflect.NativeMethodAccessorImpl.invoke0(Native Method) ~[na:1.6.0_38]
	at sun.reflect.NativeMethodAccessorImpl.invoke(NativeMethodAccessorImpl.java:39) ~[na:1.6.0_38]
	at sun.reflect.DelegatingMethodAccessorImpl.invoke(DelegatingMethodAccessorImpl.java:25) ~[na:1.6.0_38]
	at java.lang.reflect.Method.invoke(Method.java:597) ~[na:1.6.0_38]
	at org.apache.maven.surefire.util.ReflectionUtils.invokeMethodWithArray(ReflectionUtils.java:164) [surefire-api-2.10.jar:2.10]
	at org.apache.maven.surefire.booter.ProviderFactory$ProviderProxy.invoke(ProviderFactory.java:110) [surefire-booter-2.10.jar:2.10]
	at org.apache.maven.surefire.booter.SurefireStarter.invokeProvider(SurefireStarter.java:175) [surefire-booter-2.10.jar:2.10]
	at org.apache.maven.surefire.booter.SurefireStarter.runSuitesInProcessWhenForked(SurefireStarter.java:107) [surefire-booter-2.10.jar:2.10]
	at org.apache.maven.surefire.booter.ForkedBooter.main(ForkedBooter.java:68) [surefire-booter-2.10.jar:2.10]
22:04:16.400 [main] WARN  o.s.c.a.CommonAnnotationBeanPostProcessor - Invocation of destroy method failed on bean with name &apos;accountOndemandSyncJob&apos;: com.rackspace.search.exception.NotFoundException: Index is missing
22:04:16.407 [main] ERROR c.r.s.e.client.ElasticSearchClient - Index is missing
org.elasticsearch.indices.IndexMissingException: [admin] missing
	at org.elasticsearch.cluster.metadata.MetaData.concreteIndex(MetaData.java:616) ~[elasticsearch-0.90.2.jar:na]
	at org.elasticsearch.action.get.TransportGetAction.resolveRequest(TransportGetAction.java:90) ~[elasticsearch-0.90.2.jar:na]
	at org.elasticsearch.action.get.TransportGetAction.resolveRequest(TransportGetAction.java:42) ~[elasticsearch-0.90.2.jar:na]
	at org.elasticsearch.action.support.single.shard.TransportShardSingleOperationAction$AsyncSingleAction.&lt;init&gt;(TransportShardSingleOperationAction.java:114) ~[elasticsearch-0.90.2.jar:na]
	at org.elasticsearch.action.support.single.shard.TransportShardSingleOperationAction$AsyncSingleAction.&lt;init&gt;(TransportShardSingleOperationAction.java:94) ~[elasticsearch-0.90.2.jar:na]
	at org.elasticsearch.action.support.single.shard.TransportShardSingleOperationAction.doExecute(TransportShardSingleOperationAction.java:71) ~[elasticsearch-0.90.2.jar:na]
	at org.elasticsearch.action.support.single.shard.TransportShardSingleOperationAction.doExecute(TransportShardSingleOperationAction.java:46) ~[elasticsearch-0.90.2.jar:na]
	at org.elasticsearch.action.support.TransportAction.execute(TransportAction.java:61) ~[elasticsearch-0.90.2.jar:na]
	at org.elasticsearch.client.node.NodeClient.execute(NodeClient.java:92) ~[elasticsearch-0.90.2.jar:na]
	at org.elasticsearch.client.support.AbstractClient.get(AbstractClient.java:179) ~[elasticsearch-0.90.2.jar:na]
	at org.elasticsearch.action.get.GetRequestBuilder.doExecute(GetRequestBuilder.java:112) ~[elasticsearch-0.90.2.jar:na]
	at org.elasticsearch.action.ActionRequestBuilder.execute(ActionRequestBuilder.java:62) ~[elasticsearch-0.90.2.jar:na]
	at org.elasticsearch.action.ActionRequestBuilder.execute(ActionRequestBuilder.java:57) ~[elasticsearch-0.90.2.jar:na]
	at org.elasticsearch.action.ActionRequestBuilder$execute.call(Unknown Source) ~[na:na]
	at com.rackspace.search.elasticsearch.client.ElasticSearchClient.getDocument(ElasticSearchClient.groovy:209) ~[classes/:na]
	at com.rackspace.search.elasticsearch.client.ElasticSearchClient$getDocument.call(Unknown Source) [classes/:na]
	at com.rackspace.search.service.JobService.getJob(JobService.groovy:56) [classes/:na]
	at com.rackspace.search.service.JobService$getJob$0.callCurrent(Unknown Source) [classes/:na]
	at com.rackspace.search.service.JobService.getJob(JobService.groovy:52) [classes/:na]
	at com.rackspace.search.service.JobService$getJob.call(Unknown Source) [classes/:na]
	at org.codehaus.groovy.runtime.callsite.CallSiteArray.defaultCall(CallSiteArray.java:45) [groovy-all-2.1.1.jar:2.1.1]
	at org.codehaus.groovy.runtime.callsite.AbstractCallSite.call(AbstractCallSite.java:108) [groovy-all-2.1.1.jar:2.1.1]
	at org.codehaus.groovy.runtime.callsite.AbstractCallSite.call(AbstractCallSite.java:116) [groovy-all-2.1.1.jar:2.1.1]
	at com.rackspace.search.service.account.CoreAccountOnetimeSyncJob.windupActivities(CoreAccountOnetimeSyncJob.groovy:58) [classes/:na]
	at sun.reflect.NativeMethodAccessorImpl.invoke0(Native Method) ~[na:1.6.0_38]
	at sun.reflect.NativeMethodAccessorImpl.invoke(NativeMethodAccessorImpl.java:39) ~[na:1.6.0_38]
	at sun.reflect.DelegatingMethodAccessorImpl.invoke(DelegatingMethodAccessorImpl.java:25) ~[na:1.6.0_38]
	at java.lang.reflect.Method.invoke(Method.java:597) ~[na:1.6.0_38]
	at org.springframework.beans.factory.annotation.InitDestroyAnnotationBeanPostProcessor$LifecycleElement.invoke(InitDestroyAnnotationBeanPostProcessor.java:340) [spring-beans-3.0.6.RELEASE.jar:3.0.6.RELEASE]
	at org.springframework.beans.factory.annotation.InitDestroyAnnotationBeanPostProcessor$LifecycleMetadata.invokeDestroyMethods(InitDestroyAnnotationBeanPostProcessor.java:305) [spring-beans-3.0.6.RELEASE.jar:3.0.6.RELEASE]
	at org.springframework.beans.factory.annotation.InitDestroyAnnotationBeanPostProcessor.postProcessBeforeDestruction(InitDestroyAnnotationBeanPostProcessor.java:148) [spring-beans-3.0.6.RELEASE.jar:3.0.6.RELEASE]
	at org.springframework.beans.factory.support.DisposableBeanAdapter.destroy(DisposableBeanAdapter.java:166) [spring-beans-3.0.6.RELEASE.jar:3.0.6.RELEASE]
	at org.springframework.beans.factory.support.DefaultSingletonBeanRegistry.destroyBean(DefaultSingletonBeanRegistry.java:487) [spring-beans-3.0.6.RELEASE.jar:3.0.6.RELEASE]
	at org.springframework.beans.factory.support.DefaultSingletonBeanRegistry.destroySingleton(DefaultSingletonBeanRegistry.java:463) [spring-beans-3.0.6.RELEASE.jar:3.0.6.RELEASE]
	at org.springframework.beans.factory.support.DefaultSingletonBeanRegistry.destroySingletons(DefaultSingletonBeanRegistry.java:431) [spring-beans-3.0.6.RELEASE.jar:3.0.6.RELEASE]
	at org.springframework.context.support.AbstractApplicationContext.destroyBeans(AbstractApplicationContext.java:1048) [spring-context-3.0.6.RELEASE.jar:3.0.6.RELEASE]
	at org.springframework.context.support.AbstractApplicationContext.refresh(AbstractApplicationContext.java:433) [spring-context-3.0.6.RELEASE.jar:3.0.6.RELEASE]
	at org.springframework.test.context.support.AbstractGenericContextLoader.loadContext(AbstractGenericContextLoader.java:84) [spring-test-3.0.6.RELEASE.jar:3.0.6.RELEASE]
	at org.springframework.test.context.support.AbstractGenericContextLoader.loadContext(AbstractGenericContextLoader.java:1) [spring-test-3.0.6.RELEASE.jar:3.0.6.RELEASE]
	at org.springframework.test.context.TestContext.loadApplicationContext(TestContext.java:280) [spring-test-3.0.6.RELEASE.jar:3.0.6.RELEASE]
	at org.springframework.test.context.TestContext.getApplicationContext(TestContext.java:304) [spring-test-3.0.6.RELEASE.jar:3.0.6.RELEASE]
	at org.springframework.test.context.support.DependencyInjectionTestExecutionListener.injectDependencies(DependencyInjectionTestExecutionListener.java:109) [spring-test-3.0.6.RELEASE.jar:3.0.6.RELEASE]
	at org.springframework.test.context.support.DependencyInjectionTestExecutionListener.prepareTestInstance(DependencyInjectionTestExecutionListener.java:75) [spring-test-3.0.6.RELEASE.jar:3.0.6.RELEASE]
	at org.springframework.test.context.TestContextManager.prepareTestInstance(TestContextManager.java:321) [spring-test-3.0.6.RELEASE.jar:3.0.6.RELEASE]
	at org.spockframework.spring.SpringTestContextManager.prepareTestInstance(SpringTestContextManager.java:49) [spock-spring-0.7-groovy-2.0.jar:na]
	at org.spockframework.spring.SpringInterceptor.interceptSetupMethod(SpringInterceptor.java:42) [spock-spring-0.7-groovy-2.0.jar:na]
	at org.spockframework.runtime.extension.AbstractMethodInterceptor.intercept(AbstractMethodInterceptor.java:28) [spock-core-0.7-groovy-2.0.jar:na]
	at org.spockframework.runtime.extension.MethodInvocation.proceed(MethodInvocation.java:84) [spock-core-0.7-groovy-2.0.jar:na]
	at org.spockframework.runtime.BaseSpecRunner.invoke(BaseSpecRunner.java:319) [spock-core-0.7-groovy-2.0.jar:na]
	at org.spockframework.runtime.BaseSpecRunner.invokeSetup(BaseSpecRunner.java:279) [spock-core-0.7-groovy-2.0.jar:na]
	at org.spockframework.runtime.BaseSpecRunner.doRunIteration(BaseSpecRunner.java:255) [spock-core-0.7-groovy-2.0.jar:na]
	at sun.reflect.GeneratedMethodAccessor5.invoke(Unknown Source) ~[na:na]
	at sun.reflect.DelegatingMethodAccessorImpl.invoke(DelegatingMethodAccessorImpl.java:25) ~[na:1.6.0_38]
	at java.lang.reflect.Method.invoke(Method.java:597) ~[na:1.6.0_38]
	at org.spockframework.util.ReflectionUtil.invokeMethod(ReflectionUtil.java:138) [spock-core-0.7-groovy-2.0.jar:na]
	at org.spockframework.runtime.BaseSpecRunner.invokeRaw(BaseSpecRunner.java:330) [spock-core-0.7-groovy-2.0.jar:na]
	at org.spockframework.runtime.BaseSpecRunner.invoke(BaseSpecRunner.java:311) [spock-core-0.7-groovy-2.0.jar:na]
	at org.spockframework.runtime.BaseSpecRunner.runIteration(BaseSpecRunner.java:223) [spock-core-0.7-groovy-2.0.jar:na]
	at org.spockframework.runtime.BaseSpecRunner.initializeAndRunIteration(BaseSpecRunner.java:214) [spock-core-0.7-groovy-2.0.jar:na]
	at org.spockframework.runtime.BaseSpecRunner.runSimpleFeature(BaseSpecRunner.java:205) [spock-core-0.7-groovy-2.0.jar:na]
	at org.spockframework.runtime.BaseSpecRunner.doRunFeature(BaseSpecRunner.java:199) [spock-core-0.7-groovy-2.0.jar:na]
	at sun.reflect.GeneratedMethodAccessor7.invoke(Unknown Source) ~[na:na]
	at sun.reflect.DelegatingMethodAccessorImpl.invoke(DelegatingMethodAccessorImpl.java:25) ~[na:1.6.0_38]
	at java.lang.reflect.Method.invoke(Method.java:597) ~[na:1.6.0_38]
	at org.spockframework.util.ReflectionUtil.invokeMethod(ReflectionUtil.java:138) [spock-core-0.7-groovy-2.0.jar:na]
	at org.spockframework.runtime.BaseSpecRunner.invokeRaw(BaseSpecRunner.java:330) [spock-core-0.7-groovy-2.0.jar:na]
	at org.spockframework.runtime.BaseSpecRunner.invoke(BaseSpecRunner.java:311) [spock-core-0.7-groovy-2.0.jar:na]
	at org.spockframework.runtime.BaseSpecRunner.runFeature(BaseSpecRunner.java:175) [spock-core-0.7-groovy-2.0.jar:na]
	at org.spockframework.runtime.BaseSpecRunner.runFeatures(BaseSpecRunner.java:152) [spock-core-0.7-groovy-2.0.jar:na]
	at org.spockframework.runtime.BaseSpecRunner.doRunSpec(BaseSpecRunner.java:112) [spock-core-0.7-groovy-2.0.jar:na]
	at sun.reflect.GeneratedMethodAccessor11.invoke(Unknown Source) ~[na:na]
	at sun.reflect.DelegatingMethodAccessorImpl.invoke(DelegatingMethodAccessorImpl.java:25) ~[na:1.6.0_38]
	at java.lang.reflect.Method.invoke(Method.java:597) ~[na:1.6.0_38]
	at org.spockframework.util.ReflectionUtil.invokeMethod(ReflectionUtil.java:138) [spock-core-0.7-groovy-2.0.jar:na]
	at org.spockframework.runtime.BaseSpecRunner.invokeRaw(BaseSpecRunner.java:330) [spock-core-0.7-groovy-2.0.jar:na]
	at org.spockframework.runtime.BaseSpecRunner.invoke(BaseSpecRunner.java:311) [spock-core-0.7-groovy-2.0.jar:na]
	at org.spockframework.runtime.BaseSpecRunner.runSpec(BaseSpecRunner.java:91) [spock-core-0.7-groovy-2.0.jar:na]
	at org.spockframework.runtime.BaseSpecRunner.run(BaseSpecRunner.java:82) [spock-core-0.7-groovy-2.0.jar:na]
	at org.spockframework.runtime.Sputnik.run(Sputnik.java:63) [spock-core-0.7-groovy-2.0.jar:na]
	at org.apache.maven.surefire.junit4.JUnit4TestSet.execute(JUnit4TestSet.java:53) [surefire-junit4-2.10.jar:2.10]
	at org.apache.maven.surefire.junit4.JUnit4Provider.executeTestSet(JUnit4Provider.java:123) [surefire-junit4-2.10.jar:2.10]
	at org.apache.maven.surefire.junit4.JUnit4Provider.invoke(JUnit4Provider.java:104) [surefire-junit4-2.10.jar:2.10]
	at sun.reflect.NativeMethodAccessorImpl.invoke0(Native Method) ~[na:1.6.0_38]
	at sun.reflect.NativeMethodAccessorImpl.invoke(NativeMethodAccessorImpl.java:39) ~[na:1.6.0_38]
	at sun.reflect.DelegatingMethodAccessorImpl.invoke(DelegatingMethodAccessorImpl.java:25) ~[na:1.6.0_38]
	at java.lang.reflect.Method.invoke(Method.java:597) ~[na:1.6.0_38]
	at org.apache.maven.surefire.util.ReflectionUtils.invokeMethodWithArray(ReflectionUtils.java:164) [surefire-api-2.10.jar:2.10]
	at org.apache.maven.surefire.booter.ProviderFactory$ProviderProxy.invoke(ProviderFactory.java:110) [surefire-booter-2.10.jar:2.10]
	at org.apache.maven.surefire.booter.SurefireStarter.invokeProvider(SurefireStarter.java:175) [surefire-booter-2.10.jar:2.10]
	at org.apache.maven.surefire.booter.SurefireStarter.runSuitesInProcessWhenForked(SurefireStarter.java:107) [surefire-booter-2.10.jar:2.10]
	at org.apache.maven.surefire.booter.ForkedBooter.main(ForkedBooter.java:68) [surefire-booter-2.10.jar:2.10]
22:04:16.428 [main] WARN  o.s.c.a.CommonAnnotationBeanPostProcessor - Invocation of destroy method failed on bean with name &apos;coreAccountOnetimeSyncJob&apos;: com.rackspace.search.exception.NotFoundException: Index is missing
22:04:16.444 [main] ERROR c.r.s.e.client.ElasticSearchClient - Index is missing
org.elasticsearch.indices.IndexMissingException: [admin] missing
	at org.elasticsearch.cluster.metadata.MetaData.concreteIndex(MetaData.java:616) ~[elasticsearch-0.90.2.jar:na]
	at org.elasticsearch.action.get.TransportGetAction.resolveRequest(TransportGetAction.java:90) ~[elasticsearch-0.90.2.jar:na]
	at org.elasticsearch.action.get.TransportGetAction.resolveRequest(TransportGetAction.java:42) ~[elasticsearch-0.90.2.jar:na]
	at org.elasticsearch.action.support.single.shard.TransportShardSingleOperationAction$AsyncSingleAction.&lt;init&gt;(TransportShardSingleOperationAction.java:114) ~[elasticsearch-0.90.2.jar:na]
	at org.elasticsearch.action.support.single.shard.TransportShardSingleOperationAction$AsyncSingleAction.&lt;init&gt;(TransportShardSingleOperationAction.java:94) ~[elasticsearch-0.90.2.jar:na]
	at org.elasticsearch.action.support.single.shard.TransportShardSingleOperationAction.doExecute(TransportShardSingleOperationAction.java:71) ~[elasticsearch-0.90.2.jar:na]
	at org.elasticsearch.action.support.single.shard.TransportShardSingleOperationAction.doExecute(TransportShardSingleOperationAction.java:46) ~[elasticsearch-0.90.2.jar:na]
	at org.elasticsearch.action.support.TransportAction.execute(TransportAction.java:61) ~[elasticsearch-0.90.2.jar:na]
	at org.elasticsearch.client.node.NodeClient.execute(NodeClient.java:92) ~[elasticsearch-0.90.2.jar:na]
	at org.elasticsearch.client.support.AbstractClient.get(AbstractClient.java:179) ~[elasticsearch-0.90.2.jar:na]
	at org.elasticsearch.action.get.GetRequestBuilder.doExecute(GetRequestBuilder.java:112) ~[elasticsearch-0.90.2.jar:na]
	at org.elasticsearch.action.ActionRequestBuilder.execute(ActionRequestBuilder.java:62) ~[elasticsearch-0.90.2.jar:na]
	at org.elasticsearch.action.ActionRequestBuilder.execute(ActionRequestBuilder.java:57) ~[elasticsearch-0.90.2.jar:na]
	at org.elasticsearch.action.ActionRequestBuilder$execute.call(Unknown Source) ~[na:na]
	at com.rackspace.search.elasticsearch.client.ElasticSearchClient.getDocument(ElasticSearchClient.groovy:209) ~[classes/:na]
	at com.rackspace.search.elasticsearch.client.ElasticSearchClient$getDocument.call(Unknown Source) [classes/:na]
	at com.rackspace.search.service.JobService.getJob(JobService.groovy:56) [classes/:na]
	at com.rackspace.search.service.JobService$getJob$0.callCurrent(Unknown Source) [classes/:na]
	at com.rackspace.search.service.JobService.getJob(JobService.groovy:52) [classes/:na]
	at com.rackspace.search.service.JobService$getJob.call(Unknown Source) [classes/:na]
	at org.codehaus.groovy.runtime.callsite.CallSiteArray.defaultCall(CallSiteArray.java:45) [groovy-all-2.1.1.jar:2.1.1]
	at org.codehaus.groovy.runtime.callsite.AbstractCallSite.call(AbstractCallSite.java:108) [groovy-all-2.1.1.jar:2.1.1]
	at org.codehaus.groovy.runtime.callsite.AbstractCallSite.call(AbstractCallSite.java:116) [groovy-all-2.1.1.jar:2.1.1]
	at com.rackspace.search.service.account.CoreAccountUpdateSyncJob.windupActivities(CoreAccountUpdateSyncJob.groovy:88) [classes/:na]
	at sun.reflect.NativeMethodAccessorImpl.invoke0(Native Method) ~[na:1.6.0_38]
	at sun.reflect.NativeMethodAccessorImpl.invoke(NativeMethodAccessorImpl.java:39) ~[na:1.6.0_38]
	at sun.reflect.DelegatingMethodAccessorImpl.invoke(DelegatingMethodAccessorImpl.java:25) ~[na:1.6.0_38]
	at java.lang.reflect.Method.invoke(Method.java:597) ~[na:1.6.0_38]
	at org.springframework.beans.factory.annotation.InitDestroyAnnotationBeanPostProcessor$LifecycleElement.invoke(InitDestroyAnnotationBeanPostProcessor.java:340) [spring-beans-3.0.6.RELEASE.jar:3.0.6.RELEASE]
	at org.springframework.beans.factory.annotation.InitDestroyAnnotationBeanPostProcessor$LifecycleMetadata.invokeDestroyMethods(InitDestroyAnnotationBeanPostProcessor.java:305) [spring-beans-3.0.6.RELEASE.jar:3.0.6.RELEASE]
	at org.springframework.beans.factory.annotation.InitDestroyAnnotationBeanPostProcessor.postProcessBeforeDestruction(InitDestroyAnnotationBeanPostProcessor.java:148) [spring-beans-3.0.6.RELEASE.jar:3.0.6.RELEASE]
	at org.springframework.beans.factory.support.DisposableBeanAdapter.destroy(DisposableBeanAdapter.java:166) [spring-beans-3.0.6.RELEASE.jar:3.0.6.RELEASE]
	at org.springframework.beans.factory.support.DefaultSingletonBeanRegistry.destroyBean(DefaultSingletonBeanRegistry.java:487) [spring-beans-3.0.6.RELEASE.jar:3.0.6.RELEASE]
	at org.springframework.beans.factory.support.DefaultSingletonBeanRegistry.destroySingleton(DefaultSingletonBeanRegistry.java:463) [spring-beans-3.0.6.RELEASE.jar:3.0.6.RELEASE]
	at org.springframework.beans.factory.support.DefaultSingletonBeanRegistry.destroySingletons(DefaultSingletonBeanRegistry.java:431) [spring-beans-3.0.6.RELEASE.jar:3.0.6.RELEASE]
	at org.springframework.context.support.AbstractApplicationContext.destroyBeans(AbstractApplicationContext.java:1048) [spring-context-3.0.6.RELEASE.jar:3.0.6.RELEASE]
	at org.springframework.context.support.AbstractApplicationContext.refresh(AbstractApplicationContext.java:433) [spring-context-3.0.6.RELEASE.jar:3.0.6.RELEASE]
	at org.springframework.test.context.support.AbstractGenericContextLoader.loadContext(AbstractGenericContextLoader.java:84) [spring-test-3.0.6.RELEASE.jar:3.0.6.RELEASE]
	at org.springframework.test.context.support.AbstractGenericContextLoader.loadContext(AbstractGenericContextLoader.java:1) [spring-test-3.0.6.RELEASE.jar:3.0.6.RELEASE]
	at org.springframework.test.context.TestContext.loadApplicationContext(TestContext.java:280) [spring-test-3.0.6.RELEASE.jar:3.0.6.RELEASE]
	at org.springframework.test.context.TestContext.getApplicationContext(TestContext.java:304) [spring-test-3.0.6.RELEASE.jar:3.0.6.RELEASE]
	at org.springframework.test.context.support.DependencyInjectionTestExecutionListener.injectDependencies(DependencyInjectionTestExecutionListener.java:109) [spring-test-3.0.6.RELEASE.jar:3.0.6.RELEASE]
	at org.springframework.test.context.support.DependencyInjectionTestExecutionListener.prepareTestInstance(DependencyInjectionTestExecutionListener.java:75) [spring-test-3.0.6.RELEASE.jar:3.0.6.RELEASE]
	at org.springframework.test.context.TestContextManager.prepareTestInstance(TestContextManager.java:321) [spring-test-3.0.6.RELEASE.jar:3.0.6.RELEASE]
	at org.spockframework.spring.SpringTestContextManager.prepareTestInstance(SpringTestContextManager.java:49) [spock-spring-0.7-groovy-2.0.jar:na]
	at org.spockframework.spring.SpringInterceptor.interceptSetupMethod(SpringInterceptor.java:42) [spock-spring-0.7-groovy-2.0.jar:na]
	at org.spockframework.runtime.extension.AbstractMethodInterceptor.intercept(AbstractMethodInterceptor.java:28) [spock-core-0.7-groovy-2.0.jar:na]
	at org.spockframework.runtime.extension.MethodInvocation.proceed(MethodInvocation.java:84) [spock-core-0.7-groovy-2.0.jar:na]
	at org.spockframework.runtime.BaseSpecRunner.invoke(BaseSpecRunner.java:319) [spock-core-0.7-groovy-2.0.jar:na]
	at org.spockframework.runtime.BaseSpecRunner.invokeSetup(BaseSpecRunner.java:279) [spock-core-0.7-groovy-2.0.jar:na]
	at org.spockframework.runtime.BaseSpecRunner.doRunIteration(BaseSpecRunner.java:255) [spock-core-0.7-groovy-2.0.jar:na]
	at sun.reflect.GeneratedMethodAccessor5.invoke(Unknown Source) ~[na:na]
	at sun.reflect.DelegatingMethodAccessorImpl.invoke(DelegatingMethodAccessorImpl.java:25) ~[na:1.6.0_38]
	at java.lang.reflect.Method.invoke(Method.java:597) ~[na:1.6.0_38]
	at org.spockframework.util.ReflectionUtil.invokeMethod(ReflectionUtil.java:138) [spock-core-0.7-groovy-2.0.jar:na]
	at org.spockframework.runtime.BaseSpecRunner.invokeRaw(BaseSpecRunner.java:330) [spock-core-0.7-groovy-2.0.jar:na]
	at org.spockframework.runtime.BaseSpecRunner.invoke(BaseSpecRunner.java:311) [spock-core-0.7-groovy-2.0.jar:na]
	at org.spockframework.runtime.BaseSpecRunner.runIteration(BaseSpecRunner.java:223) [spock-core-0.7-groovy-2.0.jar:na]
	at org.spockframework.runtime.BaseSpecRunner.initializeAndRunIteration(BaseSpecRunner.java:214) [spock-core-0.7-groovy-2.0.jar:na]
	at org.spockframework.runtime.BaseSpecRunner.runSimpleFeature(BaseSpecRunner.java:205) [spock-core-0.7-groovy-2.0.jar:na]
	at org.spockframework.runtime.BaseSpecRunner.doRunFeature(BaseSpecRunner.java:199) [spock-core-0.7-groovy-2.0.jar:na]
	at sun.reflect.GeneratedMethodAccessor7.invoke(Unknown Source) ~[na:na]
	at sun.reflect.DelegatingMethodAccessorImpl.invoke(DelegatingMethodAccessorImpl.java:25) ~[na:1.6.0_38]
	at java.lang.reflect.Method.invoke(Method.java:597) ~[na:1.6.0_38]
	at org.spockframework.util.ReflectionUtil.invokeMethod(ReflectionUtil.java:138) [spock-core-0.7-groovy-2.0.jar:na]
	at org.spockframework.runtime.BaseSpecRunner.invokeRaw(BaseSpecRunner.java:330) [spock-core-0.7-groovy-2.0.jar:na]
	at org.spockframework.runtime.BaseSpecRunner.invoke(BaseSpecRunner.java:311) [spock-core-0.7-groovy-2.0.jar:na]
	at org.spockframework.runtime.BaseSpecRunner.runFeature(BaseSpecRunner.java:175) [spock-core-0.7-groovy-2.0.jar:na]
	at org.spockframework.runtime.BaseSpecRunner.runFeatures(BaseSpecRunner.java:152) [spock-core-0.7-groovy-2.0.jar:na]
	at org.spockframework.runtime.BaseSpecRunner.doRunSpec(BaseSpecRunner.java:112) [spock-core-0.7-groovy-2.0.jar:na]
	at sun.reflect.GeneratedMethodAccessor11.invoke(Unknown Source) ~[na:na]
	at sun.reflect.DelegatingMethodAccessorImpl.invoke(DelegatingMethodAccessorImpl.java:25) ~[na:1.6.0_38]
	at java.lang.reflect.Method.invoke(Method.java:597) ~[na:1.6.0_38]
	at org.spockframework.util.ReflectionUtil.invokeMethod(ReflectionUtil.java:138) [spock-core-0.7-groovy-2.0.jar:na]
	at org.spockframework.runtime.BaseSpecRunner.invokeRaw(BaseSpecRunner.java:330) [spock-core-0.7-groovy-2.0.jar:na]
	at org.spockframework.runtime.BaseSpecRunner.invoke(BaseSpecRunner.java:311) [spock-core-0.7-groovy-2.0.jar:na]
	at org.spockframework.runtime.BaseSpecRunner.runSpec(BaseSpecRunner.java:91) [spock-core-0.7-groovy-2.0.jar:na]
	at org.spockframework.runtime.BaseSpecRunner.run(BaseSpecRunner.java:82) [spock-core-0.7-groovy-2.0.jar:na]
	at org.spockframework.runtime.Sputnik.run(Sputnik.java:63) [spock-core-0.7-groovy-2.0.jar:na]
	at org.apache.maven.surefire.junit4.JUnit4TestSet.execute(JUnit4TestSet.java:53) [surefire-junit4-2.10.jar:2.10]
	at org.apache.maven.surefire.junit4.JUnit4Provider.executeTestSet(JUnit4Provider.java:123) [surefire-junit4-2.10.jar:2.10]
	at org.apache.maven.surefire.junit4.JUnit4Provider.invoke(JUnit4Provider.java:104) [surefire-junit4-2.10.jar:2.10]
	at sun.reflect.NativeMethodAccessorImpl.invoke0(Native Method) ~[na:1.6.0_38]
	at sun.reflect.NativeMethodAccessorImpl.invoke(NativeMethodAccessorImpl.java:39) ~[na:1.6.0_38]
	at sun.reflect.DelegatingMethodAccessorImpl.invoke(DelegatingMethodAccessorImpl.java:25) ~[na:1.6.0_38]
	at java.lang.reflect.Method.invoke(Method.java:597) ~[na:1.6.0_38]
	at org.apache.maven.surefire.util.ReflectionUtils.invokeMethodWithArray(ReflectionUtils.java:164) [surefire-api-2.10.jar:2.10]
	at org.apache.maven.surefire.booter.ProviderFactory$ProviderProxy.invoke(ProviderFactory.java:110) [surefire-booter-2.10.jar:2.10]
	at org.apache.maven.surefire.booter.SurefireStarter.invokeProvider(SurefireStarter.java:175) [surefire-booter-2.10.jar:2.10]
	at org.apache.maven.surefire.booter.SurefireStarter.runSuitesInProcessWhenForked(SurefireStarter.java:107) [surefire-booter-2.10.jar:2.10]
	at org.apache.maven.surefire.booter.ForkedBooter.main(ForkedBooter.java:68) [surefire-booter-2.10.jar:2.10]
22:04:16.459 [main] WARN  o.s.c.a.CommonAnnotationBeanPostProcessor - Invocation of destroy method failed on bean with name &apos;coreAccountUpdateSyncJob&apos;: com.rackspace.search.exception.NotFoundException: Index is missing
22:04:16.466 [main] ERROR c.r.s.e.client.ElasticSearchClient - Index is missing
org.elasticsearch.indices.IndexMissingException: [admin] missing
	at org.elasticsearch.cluster.metadata.MetaData.concreteIndex(MetaData.java:616) ~[elasticsearch-0.90.2.jar:na]
	at org.elasticsearch.action.get.TransportGetAction.resolveRequest(TransportGetAction.java:90) ~[elasticsearch-0.90.2.jar:na]
	at org.elasticsearch.action.get.TransportGetAction.resolveRequest(TransportGetAction.java:42) ~[elasticsearch-0.90.2.jar:na]
	at org.elasticsearch.action.support.single.shard.TransportShardSingleOperationAction$AsyncSingleAction.&lt;init&gt;(TransportShardSingleOperationAction.java:114) ~[elasticsearch-0.90.2.jar:na]
	at org.elasticsearch.action.support.single.shard.TransportShardSingleOperationAction$AsyncSingleAction.&lt;init&gt;(TransportShardSingleOperationAction.java:94) ~[elasticsearch-0.90.2.jar:na]
	at org.elasticsearch.action.support.single.shard.TransportShardSingleOperationAction.doExecute(TransportShardSingleOperationAction.java:71) ~[elasticsearch-0.90.2.jar:na]
	at org.elasticsearch.action.support.single.shard.TransportShardSingleOperationAction.doExecute(TransportShardSingleOperationAction.java:46) ~[elasticsearch-0.90.2.jar:na]
	at org.elasticsearch.action.support.TransportAction.execute(TransportAction.java:61) ~[elasticsearch-0.90.2.jar:na]
	at org.elasticsearch.client.node.NodeClient.execute(NodeClient.java:92) ~[elasticsearch-0.90.2.jar:na]
	at org.elasticsearch.client.support.AbstractClient.get(AbstractClient.java:179) ~[elasticsearch-0.90.2.jar:na]
	at org.elasticsearch.action.get.GetRequestBuilder.doExecute(GetRequestBuilder.java:112) ~[elasticsearch-0.90.2.jar:na]
	at org.elasticsearch.action.ActionRequestBuilder.execute(ActionRequestBuilder.java:62) ~[elasticsearch-0.90.2.jar:na]
	at org.elasticsearch.action.ActionRequestBuilder.execute(ActionRequestBuilder.java:57) ~[elasticsearch-0.90.2.jar:na]
	at org.elasticsearch.action.ActionRequestBuilder$execute.call(Unknown Source) ~[na:na]
	at com.rackspace.search.elasticsearch.client.ElasticSearchClient.getDocument(ElasticSearchClient.groovy:209) ~[classes/:na]
	at com.rackspace.search.elasticsearch.client.ElasticSearchClient$getDocument.call(Unknown Source) [classes/:na]
	at com.rackspace.search.service.JobService.getJob(JobService.groovy:56) [classes/:na]
	at com.rackspace.search.service.JobService$getJob$0.callCurrent(Unknown Source) [classes/:na]
	at com.rackspace.search.service.JobService.getJob(JobService.groovy:52) [classes/:na]
	at com.rackspace.search.service.JobService$getJob.call(Unknown Source) [classes/:na]
	at org.codehaus.groovy.runtime.callsite.CallSiteArray.defaultCall(CallSiteArray.java:45) [groovy-all-2.1.1.jar:2.1.1]
	at org.codehaus.groovy.runtime.callsite.AbstractCallSite.call(AbstractCallSite.java:108) [groovy-all-2.1.1.jar:2.1.1]
	at org.codehaus.groovy.runtime.callsite.AbstractCallSite.call(AbstractCallSite.java:116) [groovy-all-2.1.1.jar:2.1.1]
	at com.rackspace.search.service.core.CoreTicketSecondPassSyncJob.windupActivities(CoreTicketSecondPassSyncJob.groovy:83) [classes/:na]
	at sun.reflect.NativeMethodAccessorImpl.invoke0(Native Method) ~[na:1.6.0_38]
	at sun.reflect.NativeMethodAccessorImpl.invoke(NativeMethodAccessorImpl.java:39) ~[na:1.6.0_38]
	at sun.reflect.DelegatingMethodAccessorImpl.invoke(DelegatingMethodAccessorImpl.java:25) ~[na:1.6.0_38]
	at java.lang.reflect.Method.invoke(Method.java:597) ~[na:1.6.0_38]
	at org.springframework.beans.factory.annotation.InitDestroyAnnotationBeanPostProcessor$LifecycleElement.invoke(InitDestroyAnnotationBeanPostProcessor.java:340) [spring-beans-3.0.6.RELEASE.jar:3.0.6.RELEASE]
	at org.springframework.beans.factory.annotation.InitDestroyAnnotationBeanPostProcessor$LifecycleMetadata.invokeDestroyMethods(InitDestroyAnnotationBeanPostProcessor.java:305) [spring-beans-3.0.6.RELEASE.jar:3.0.6.RELEASE]
	at org.springframework.beans.factory.annotation.InitDestroyAnnotationBeanPostProcessor.postProcessBeforeDestruction(InitDestroyAnnotationBeanPostProcessor.java:148) [spring-beans-3.0.6.RELEASE.jar:3.0.6.RELEASE]
	at org.springframework.beans.factory.support.DisposableBeanAdapter.destroy(DisposableBeanAdapter.java:166) [spring-beans-3.0.6.RELEASE.jar:3.0.6.RELEASE]
	at org.springframework.beans.factory.support.DefaultSingletonBeanRegistry.destroyBean(DefaultSingletonBeanRegistry.java:487) [spring-beans-3.0.6.RELEASE.jar:3.0.6.RELEASE]
	at org.springframework.beans.factory.support.DefaultSingletonBeanRegistry.destroySingleton(DefaultSingletonBeanRegistry.java:463) [spring-beans-3.0.6.RELEASE.jar:3.0.6.RELEASE]
	at org.springframework.beans.factory.support.DefaultSingletonBeanRegistry.destroySingletons(DefaultSingletonBeanRegistry.java:431) [spring-beans-3.0.6.RELEASE.jar:3.0.6.RELEASE]
	at org.springframework.context.support.AbstractApplicationContext.destroyBeans(AbstractApplicationContext.java:1048) [spring-context-3.0.6.RELEASE.jar:3.0.6.RELEASE]
	at org.springframework.context.support.AbstractApplicationContext.refresh(AbstractApplicationContext.java:433) [spring-context-3.0.6.RELEASE.jar:3.0.6.RELEASE]
	at org.springframework.test.context.support.AbstractGenericContextLoader.loadContext(AbstractGenericContextLoader.java:84) [spring-test-3.0.6.RELEASE.jar:3.0.6.RELEASE]
	at org.springframework.test.context.support.AbstractGenericContextLoader.loadContext(AbstractGenericContextLoader.java:1) [spring-test-3.0.6.RELEASE.jar:3.0.6.RELEASE]
	at org.springframework.test.context.TestContext.loadApplicationContext(TestContext.java:280) [spring-test-3.0.6.RELEASE.jar:3.0.6.RELEASE]
	at org.springframework.test.context.TestContext.getApplicationContext(TestContext.java:304) [spring-test-3.0.6.RELEASE.jar:3.0.6.RELEASE]
	at org.springframework.test.context.support.DependencyInjectionTestExecutionListener.injectDependencies(DependencyInjectionTestExecutionListener.java:109) [spring-test-3.0.6.RELEASE.jar:3.0.6.RELEASE]
	at org.springframework.test.context.support.DependencyInjectionTestExecutionListener.prepareTestInstance(DependencyInjectionTestExecutionListener.java:75) [spring-test-3.0.6.RELEASE.jar:3.0.6.RELEASE]
	at org.springframework.test.context.TestContextManager.prepareTestInstance(TestContextManager.java:321) [spring-test-3.0.6.RELEASE.jar:3.0.6.RELEASE]
	at org.spockframework.spring.SpringTestContextManager.prepareTestInstance(SpringTestContextManager.java:49) [spock-spring-0.7-groovy-2.0.jar:na]
	at org.spockframework.spring.SpringInterceptor.interceptSetupMethod(SpringInterceptor.java:42) [spock-spring-0.7-groovy-2.0.jar:na]
	at org.spockframework.runtime.extension.AbstractMethodInterceptor.intercept(AbstractMethodInterceptor.java:28) [spock-core-0.7-groovy-2.0.jar:na]
	at org.spockframework.runtime.extension.MethodInvocation.proceed(MethodInvocation.java:84) [spock-core-0.7-groovy-2.0.jar:na]
	at org.spockframework.runtime.BaseSpecRunner.invoke(BaseSpecRunner.java:319) [spock-core-0.7-groovy-2.0.jar:na]
	at org.spockframework.runtime.BaseSpecRunner.invokeSetup(BaseSpecRunner.java:279) [spock-core-0.7-groovy-2.0.jar:na]
	at org.spockframework.runtime.BaseSpecRunner.doRunIteration(BaseSpecRunner.java:255) [spock-core-0.7-groovy-2.0.jar:na]
	at sun.reflect.GeneratedMethodAccessor5.invoke(Unknown Source) ~[na:na]
	at sun.reflect.DelegatingMethodAccessorImpl.invoke(DelegatingMethodAccessorImpl.java:25) ~[na:1.6.0_38]
	at java.lang.reflect.Method.invoke(Method.java:597) ~[na:1.6.0_38]
	at org.spockframework.util.ReflectionUtil.invokeMethod(ReflectionUtil.java:138) [spock-core-0.7-groovy-2.0.jar:na]
	at org.spockframework.runtime.BaseSpecRunner.invokeRaw(BaseSpecRunner.java:330) [spock-core-0.7-groovy-2.0.jar:na]
	at org.spockframework.runtime.BaseSpecRunner.invoke(BaseSpecRunner.java:311) [spock-core-0.7-groovy-2.0.jar:na]
	at org.spockframework.runtime.BaseSpecRunner.runIteration(BaseSpecRunner.java:223) [spock-core-0.7-groovy-2.0.jar:na]
	at org.spockframework.runtime.BaseSpecRunner.initializeAndRunIteration(BaseSpecRunner.java:214) [spock-core-0.7-groovy-2.0.jar:na]
	at org.spockframework.runtime.BaseSpecRunner.runSimpleFeature(BaseSpecRunner.java:205) [spock-core-0.7-groovy-2.0.jar:na]
	at org.spockframework.runtime.BaseSpecRunner.doRunFeature(BaseSpecRunner.java:199) [spock-core-0.7-groovy-2.0.jar:na]
	at sun.reflect.GeneratedMethodAccessor7.invoke(Unknown Source) ~[na:na]
	at sun.reflect.DelegatingMethodAccessorImpl.invoke(DelegatingMethodAccessorImpl.java:25) ~[na:1.6.0_38]
	at java.lang.reflect.Method.invoke(Method.java:597) ~[na:1.6.0_38]
	at org.spockframework.util.ReflectionUtil.invokeMethod(ReflectionUtil.java:138) [spock-core-0.7-groovy-2.0.jar:na]
	at org.spockframework.runtime.BaseSpecRunner.invokeRaw(BaseSpecRunner.java:330) [spock-core-0.7-groovy-2.0.jar:na]
	at org.spockframework.runtime.BaseSpecRunner.invoke(BaseSpecRunner.java:311) [spock-core-0.7-groovy-2.0.jar:na]
	at org.spockframework.runtime.BaseSpecRunner.runFeature(BaseSpecRunner.java:175) [spock-core-0.7-groovy-2.0.jar:na]
	at org.spockframework.runtime.BaseSpecRunner.runFeatures(BaseSpecRunner.java:152) [spock-core-0.7-groovy-2.0.jar:na]
	at org.spockframework.runtime.BaseSpecRunner.doRunSpec(BaseSpecRunner.java:112) [spock-core-0.7-groovy-2.0.jar:na]
	at sun.reflect.GeneratedMethodAccessor11.invoke(Unknown Source) ~[na:na]
	at sun.reflect.DelegatingMethodAccessorImpl.invoke(DelegatingMethodAccessorImpl.java:25) ~[na:1.6.0_38]
	at java.lang.reflect.Method.invoke(Method.java:597) ~[na:1.6.0_38]
	at org.spockframework.util.ReflectionUtil.invokeMethod(ReflectionUtil.java:138) [spock-core-0.7-groovy-2.0.jar:na]
	at org.spockframework.runtime.BaseSpecRunner.invokeRaw(BaseSpecRunner.java:330) [spock-core-0.7-groovy-2.0.jar:na]
	at org.spockframework.runtime.BaseSpecRunner.invoke(BaseSpecRunner.java:311) [spock-core-0.7-groovy-2.0.jar:na]
	at org.spockframework.runtime.BaseSpecRunner.runSpec(BaseSpecRunner.java:91) [spock-core-0.7-groovy-2.0.jar:na]
	at org.spockframework.runtime.BaseSpecRunner.run(BaseSpecRunner.java:82) [spock-core-0.7-groovy-2.0.jar:na]
	at org.spockframework.runtime.Sputnik.run(Sputnik.java:63) [spock-core-0.7-groovy-2.0.jar:na]
	at org.apache.maven.surefire.junit4.JUnit4TestSet.execute(JUnit4TestSet.java:53) [surefire-junit4-2.10.jar:2.10]
	at org.apache.maven.surefire.junit4.JUnit4Provider.executeTestSet(JUnit4Provider.java:123) [surefire-junit4-2.10.jar:2.10]
	at org.apache.maven.surefire.junit4.JUnit4Provider.invoke(JUnit4Provider.java:104) [surefire-junit4-2.10.jar:2.10]
	at sun.reflect.NativeMethodAccessorImpl.invoke0(Native Method) ~[na:1.6.0_38]
	at sun.reflect.NativeMethodAccessorImpl.invoke(NativeMethodAccessorImpl.java:39) ~[na:1.6.0_38]
	at sun.reflect.DelegatingMethodAccessorImpl.invoke(DelegatingMethodAccessorImpl.java:25) ~[na:1.6.0_38]
	at java.lang.reflect.Method.invoke(Method.java:597) ~[na:1.6.0_38]
	at org.apache.maven.surefire.util.ReflectionUtils.invokeMethodWithArray(ReflectionUtils.java:164) [surefire-api-2.10.jar:2.10]
	at org.apache.maven.surefire.booter.ProviderFactory$ProviderProxy.invoke(ProviderFactory.java:110) [surefire-booter-2.10.jar:2.10]
	at org.apache.maven.surefire.booter.SurefireStarter.invokeProvider(SurefireStarter.java:175) [surefire-booter-2.10.jar:2.10]
	at org.apache.maven.surefire.booter.SurefireStarter.runSuitesInProcessWhenForked(SurefireStarter.java:107) [surefire-booter-2.10.jar:2.10]
	at org.apache.maven.surefire.booter.ForkedBooter.main(ForkedBooter.java:68) [surefire-booter-2.10.jar:2.10]
22:04:16.470 [main] WARN  o.s.c.a.CommonAnnotationBeanPostProcessor - Invocation of destroy method failed on bean with name &apos;coreTicketSecondPassSyncJob&apos;: com.rackspace.search.exception.NotFoundException: Index is missing
22:04:16.475 [main] ERROR c.r.s.e.client.ElasticSearchClient - Index is missing
org.elasticsearch.indices.IndexMissingException: [admin] missing
	at org.elasticsearch.cluster.metadata.MetaData.concreteIndex(MetaData.java:616) ~[elasticsearch-0.90.2.jar:na]
	at org.elasticsearch.action.get.TransportGetAction.resolveRequest(TransportGetAction.java:90) ~[elasticsearch-0.90.2.jar:na]
	at org.elasticsearch.action.get.TransportGetAction.resolveRequest(TransportGetAction.java:42) ~[elasticsearch-0.90.2.jar:na]
	at org.elasticsearch.action.support.single.shard.TransportShardSingleOperationAction$AsyncSingleAction.&lt;init&gt;(TransportShardSingleOperationAction.java:114) ~[elasticsearch-0.90.2.jar:na]
	at org.elasticsearch.action.support.single.shard.TransportShardSingleOperationAction$AsyncSingleAction.&lt;init&gt;(TransportShardSingleOperationAction.java:94) ~[elasticsearch-0.90.2.jar:na]
	at org.elasticsearch.action.support.single.shard.TransportShardSingleOperationAction.doExecute(TransportShardSingleOperationAction.java:71) ~[elasticsearch-0.90.2.jar:na]
	at org.elasticsearch.action.support.single.shard.TransportShardSingleOperationAction.doExecute(TransportShardSingleOperationAction.java:46) ~[elasticsearch-0.90.2.jar:na]
	at org.elasticsearch.action.support.TransportAction.execute(TransportAction.java:61) ~[elasticsearch-0.90.2.jar:na]
	at org.elasticsearch.client.node.NodeClient.execute(NodeClient.java:92) ~[elasticsearch-0.90.2.jar:na]
	at org.elasticsearch.client.support.AbstractClient.get(AbstractClient.java:179) ~[elasticsearch-0.90.2.jar:na]
	at org.elasticsearch.action.get.GetRequestBuilder.doExecute(GetRequestBuilder.java:112) ~[elasticsearch-0.90.2.jar:na]
	at org.elasticsearch.action.ActionRequestBuilder.execute(ActionRequestBuilder.java:62) ~[elasticsearch-0.90.2.jar:na]
	at org.elasticsearch.action.ActionRequestBuilder.execute(ActionRequestBuilder.java:57) ~[elasticsearch-0.90.2.jar:na]
	at org.elasticsearch.action.ActionRequestBuilder$execute.call(Unknown Source) ~[na:na]
	at com.rackspace.search.elasticsearch.client.ElasticSearchClient.getDocument(ElasticSearchClient.groovy:209) ~[classes/:na]
	at com.rackspace.search.elasticsearch.client.ElasticSearchClient$getDocument.call(Unknown Source) [classes/:na]
	at com.rackspace.search.service.JobService.getJob(JobService.groovy:56) [classes/:na]
	at com.rackspace.search.service.JobService$getJob$0.callCurrent(Unknown Source) [classes/:na]
	at com.rackspace.search.service.JobService.getJob(JobService.groovy:52) [classes/:na]
	at com.rackspace.search.service.JobService$getJob.call(Unknown Source) [classes/:na]
	at org.codehaus.groovy.runtime.callsite.CallSiteArray.defaultCall(CallSiteArray.java:45) [groovy-all-2.1.1.jar:2.1.1]
	at org.codehaus.groovy.runtime.callsite.AbstractCallSite.call(AbstractCallSite.java:108) [groovy-all-2.1.1.jar:2.1.1]
	at org.codehaus.groovy.runtime.callsite.AbstractCallSite.call(AbstractCallSite.java:116) [groovy-all-2.1.1.jar:2.1.1]
	at com.rackspace.search.service.admin.CoreTicketOndemandSyncJob.windupActivities(CoreTicketOndemandSyncJob.groovy:91) [classes/:na]
	at sun.reflect.NativeMethodAccessorImpl.invoke0(Native Method) ~[na:1.6.0_38]
	at sun.reflect.NativeMethodAccessorImpl.invoke(NativeMethodAccessorImpl.java:39) ~[na:1.6.0_38]
	at sun.reflect.DelegatingMethodAccessorImpl.invoke(DelegatingMethodAccessorImpl.java:25) ~[na:1.6.0_38]
	at java.lang.reflect.Method.invoke(Method.java:597) ~[na:1.6.0_38]
	at org.springframework.beans.factory.annotation.InitDestroyAnnotationBeanPostProcessor$LifecycleElement.invoke(InitDestroyAnnotationBeanPostProcessor.java:340) [spring-beans-3.0.6.RELEASE.jar:3.0.6.RELEASE]
	at org.springframework.beans.factory.annotation.InitDestroyAnnotationBeanPostProcessor$LifecycleMetadata.invokeDestroyMethods(InitDestroyAnnotationBeanPostProcessor.java:305) [spring-beans-3.0.6.RELEASE.jar:3.0.6.RELEASE]
	at org.springframework.beans.factory.annotation.InitDestroyAnnotationBeanPostProcessor.postProcessBeforeDestruction(InitDestroyAnnotationBeanPostProcessor.java:148) [spring-beans-3.0.6.RELEASE.jar:3.0.6.RELEASE]
	at org.springframework.beans.factory.support.DisposableBeanAdapter.destroy(DisposableBeanAdapter.java:166) [spring-beans-3.0.6.RELEASE.jar:3.0.6.RELEASE]
	at org.springframework.beans.factory.support.DefaultSingletonBeanRegistry.destroyBean(DefaultSingletonBeanRegistry.java:487) [spring-beans-3.0.6.RELEASE.jar:3.0.6.RELEASE]
	at org.springframework.beans.factory.support.DefaultSingletonBeanRegistry.destroySingleton(DefaultSingletonBeanRegistry.java:463) [spring-beans-3.0.6.RELEASE.jar:3.0.6.RELEASE]
	at org.springframework.beans.factory.support.DefaultSingletonBeanRegistry.destroySingletons(DefaultSingletonBeanRegistry.java:431) [spring-beans-3.0.6.RELEASE.jar:3.0.6.RELEASE]
	at org.springframework.context.support.AbstractApplicationContext.destroyBeans(AbstractApplicationContext.java:1048) [spring-context-3.0.6.RELEASE.jar:3.0.6.RELEASE]
	at org.springframework.context.support.AbstractApplicationContext.refresh(AbstractApplicationContext.java:433) [spring-context-3.0.6.RELEASE.jar:3.0.6.RELEASE]
	at org.springframework.test.context.support.AbstractGenericContextLoader.loadContext(AbstractGenericContextLoader.java:84) [spring-test-3.0.6.RELEASE.jar:3.0.6.RELEASE]
	at org.springframework.test.context.support.AbstractGenericContextLoader.loadContext(AbstractGenericContextLoader.java:1) [spring-test-3.0.6.RELEASE.jar:3.0.6.RELEASE]
	at org.springframework.test.context.TestContext.loadApplicationContext(TestContext.java:280) [spring-test-3.0.6.RELEASE.jar:3.0.6.RELEASE]
	at org.springframework.test.context.TestContext.getApplicationContext(TestContext.java:304) [spring-test-3.0.6.RELEASE.jar:3.0.6.RELEASE]
	at org.springframework.test.context.support.DependencyInjectionTestExecutionListener.injectDependencies(DependencyInjectionTestExecutionListener.java:109) [spring-test-3.0.6.RELEASE.jar:3.0.6.RELEASE]
	at org.springframework.test.context.support.DependencyInjectionTestExecutionListener.prepareTestInstance(DependencyInjectionTestExecutionListener.java:75) [spring-test-3.0.6.RELEASE.jar:3.0.6.RELEASE]
	at org.springframework.test.context.TestContextManager.prepareTestInstance(TestContextManager.java:321) [spring-test-3.0.6.RELEASE.jar:3.0.6.RELEASE]
	at org.spockframework.spring.SpringTestContextManager.prepareTestInstance(SpringTestContextManager.java:49) [spock-spring-0.7-groovy-2.0.jar:na]
	at org.spockframework.spring.SpringInterceptor.interceptSetupMethod(SpringInterceptor.java:42) [spock-spring-0.7-groovy-2.0.jar:na]
	at org.spockframework.runtime.extension.AbstractMethodInterceptor.intercept(AbstractMethodInterceptor.java:28) [spock-core-0.7-groovy-2.0.jar:na]
	at org.spockframework.runtime.extension.MethodInvocation.proceed(MethodInvocation.java:84) [spock-core-0.7-groovy-2.0.jar:na]
	at org.spockframework.runtime.BaseSpecRunner.invoke(BaseSpecRunner.java:319) [spock-core-0.7-groovy-2.0.jar:na]
	at org.spockframework.runtime.BaseSpecRunner.invokeSetup(BaseSpecRunner.java:279) [spock-core-0.7-groovy-2.0.jar:na]
	at org.spockframework.runtime.BaseSpecRunner.doRunIteration(BaseSpecRunner.java:255) [spock-core-0.7-groovy-2.0.jar:na]
	at sun.reflect.GeneratedMethodAccessor5.invoke(Unknown Source) ~[na:na]
	at sun.reflect.DelegatingMethodAccessorImpl.invoke(DelegatingMethodAccessorImpl.java:25) ~[na:1.6.0_38]
	at java.lang.reflect.Method.invoke(Method.java:597) ~[na:1.6.0_38]
	at org.spockframework.util.ReflectionUtil.invokeMethod(ReflectionUtil.java:138) [spock-core-0.7-groovy-2.0.jar:na]
	at org.spockframework.runtime.BaseSpecRunner.invokeRaw(BaseSpecRunner.java:330) [spock-core-0.7-groovy-2.0.jar:na]
	at org.spockframework.runtime.BaseSpecRunner.invoke(BaseSpecRunner.java:311) [spock-core-0.7-groovy-2.0.jar:na]
	at org.spockframework.runtime.BaseSpecRunner.runIteration(BaseSpecRunner.java:223) [spock-core-0.7-groovy-2.0.jar:na]
	at org.spockframework.runtime.BaseSpecRunner.initializeAndRunIteration(BaseSpecRunner.java:214) [spock-core-0.7-groovy-2.0.jar:na]
	at org.spockframework.runtime.BaseSpecRunner.runSimpleFeature(BaseSpecRunner.java:205) [spock-core-0.7-groovy-2.0.jar:na]
	at org.spockframework.runtime.BaseSpecRunner.doRunFeature(BaseSpecRunner.java:199) [spock-core-0.7-groovy-2.0.jar:na]
	at sun.reflect.GeneratedMethodAccessor7.invoke(Unknown Source) ~[na:na]
	at sun.reflect.DelegatingMethodAccessorImpl.invoke(DelegatingMethodAccessorImpl.java:25) ~[na:1.6.0_38]
	at java.lang.reflect.Method.invoke(Method.java:597) ~[na:1.6.0_38]
	at org.spockframework.util.ReflectionUtil.invokeMethod(ReflectionUtil.java:138) [spock-core-0.7-groovy-2.0.jar:na]
	at org.spockframework.runtime.BaseSpecRunner.invokeRaw(BaseSpecRunner.java:330) [spock-core-0.7-groovy-2.0.jar:na]
	at org.spockframework.runtime.BaseSpecRunner.invoke(BaseSpecRunner.java:311) [spock-core-0.7-groovy-2.0.jar:na]
	at org.spockframework.runtime.BaseSpecRunner.runFeature(BaseSpecRunner.java:175) [spock-core-0.7-groovy-2.0.jar:na]
	at org.spockframework.runtime.BaseSpecRunner.runFeatures(BaseSpecRunner.java:152) [spock-core-0.7-groovy-2.0.jar:na]
	at org.spockframework.runtime.BaseSpecRunner.doRunSpec(BaseSpecRunner.java:112) [spock-core-0.7-groovy-2.0.jar:na]
	at sun.reflect.GeneratedMethodAccessor11.invoke(Unknown Source) ~[na:na]
	at sun.reflect.DelegatingMethodAccessorImpl.invoke(DelegatingMethodAccessorImpl.java:25) ~[na:1.6.0_38]
	at java.lang.reflect.Method.invoke(Method.java:597) ~[na:1.6.0_38]
	at org.spockframework.util.ReflectionUtil.invokeMethod(ReflectionUtil.java:138) [spock-core-0.7-groovy-2.0.jar:na]
	at org.spockframework.runtime.BaseSpecRunner.invokeRaw(BaseSpecRunner.java:330) [spock-core-0.7-groovy-2.0.jar:na]
	at org.spockframework.runtime.BaseSpecRunner.invoke(BaseSpecRunner.java:311) [spock-core-0.7-groovy-2.0.jar:na]
	at org.spockframework.runtime.BaseSpecRunner.runSpec(BaseSpecRunner.java:91) [spock-core-0.7-groovy-2.0.jar:na]
	at org.spockframework.runtime.BaseSpecRunner.run(BaseSpecRunner.java:82) [spock-core-0.7-groovy-2.0.jar:na]
	at org.spockframework.runtime.Sputnik.run(Sputnik.java:63) [spock-core-0.7-groovy-2.0.jar:na]
	at org.apache.maven.surefire.junit4.JUnit4TestSet.execute(JUnit4TestSet.java:53) [surefire-junit4-2.10.jar:2.10]
	at org.apache.maven.surefire.junit4.JUnit4Provider.executeTestSet(JUnit4Provider.java:123) [surefire-junit4-2.10.jar:2.10]
	at org.apache.maven.surefire.junit4.JUnit4Provider.invoke(JUnit4Provider.java:104) [surefire-junit4-2.10.jar:2.10]
	at sun.reflect.NativeMethodAccessorImpl.invoke0(Native Method) ~[na:1.6.0_38]
	at sun.reflect.NativeMethodAccessorImpl.invoke(NativeMethodAccessorImpl.java:39) ~[na:1.6.0_38]
	at sun.reflect.DelegatingMethodAccessorImpl.invoke(DelegatingMethodAccessorImpl.java:25) ~[na:1.6.0_38]
	at java.lang.reflect.Method.invoke(Method.java:597) ~[na:1.6.0_38]
	at org.apache.maven.surefire.util.ReflectionUtils.invokeMethodWithArray(ReflectionUtils.java:164) [surefire-api-2.10.jar:2.10]
	at org.apache.maven.surefire.booter.ProviderFactory$ProviderProxy.invoke(ProviderFactory.java:110) [surefire-booter-2.10.jar:2.10]
	at org.apache.maven.surefire.booter.SurefireStarter.invokeProvider(SurefireStarter.java:175) [surefire-booter-2.10.jar:2.10]
	at org.apache.maven.surefire.booter.SurefireStarter.runSuitesInProcessWhenForked(SurefireStarter.java:107) [surefire-booter-2.10.jar:2.10]
	at org.apache.maven.surefire.booter.ForkedBooter.main(ForkedBooter.java:68) [surefire-booter-2.10.jar:2.10]
22:04:16.479 [main] WARN  o.s.c.a.CommonAnnotationBeanPostProcessor - Invocation of destroy method failed on bean with name &apos;coreTicketOndemandSyncJob&apos;: com.rackspace.search.exception.NotFoundException: Index is missing
22:04:16.484 [main] ERROR c.r.s.e.client.ElasticSearchClient - Index is missing
org.elasticsearch.indices.IndexMissingException: [admin] missing
	at org.elasticsearch.cluster.metadata.MetaData.concreteIndex(MetaData.java:616) ~[elasticsearch-0.90.2.jar:na]
	at org.elasticsearch.action.get.TransportGetAction.resolveRequest(TransportGetAction.java:90) ~[elasticsearch-0.90.2.jar:na]
	at org.elasticsearch.action.get.TransportGetAction.resolveRequest(TransportGetAction.java:42) ~[elasticsearch-0.90.2.jar:na]
	at org.elasticsearch.action.support.single.shard.TransportShardSingleOperationAction$AsyncSingleAction.&lt;init&gt;(TransportShardSingleOperationAction.java:114) ~[elasticsearch-0.90.2.jar:na]
	at org.elasticsearch.action.support.single.shard.TransportShardSingleOperationAction$AsyncSingleAction.&lt;init&gt;(TransportShardSingleOperationAction.java:94) ~[elasticsearch-0.90.2.jar:na]
	at org.elasticsearch.action.support.single.shard.TransportShardSingleOperationAction.doExecute(TransportShardSingleOperationAction.java:71) ~[elasticsearch-0.90.2.jar:na]
	at org.elasticsearch.action.support.single.shard.TransportShardSingleOperationAction.doExecute(TransportShardSingleOperationAction.java:46) ~[elasticsearch-0.90.2.jar:na]
	at org.elasticsearch.action.support.TransportAction.execute(TransportAction.java:61) ~[elasticsearch-0.90.2.jar:na]
	at org.elasticsearch.client.node.NodeClient.execute(NodeClient.java:92) ~[elasticsearch-0.90.2.jar:na]
	at org.elasticsearch.client.support.AbstractClient.get(AbstractClient.java:179) ~[elasticsearch-0.90.2.jar:na]
	at org.elasticsearch.action.get.GetRequestBuilder.doExecute(GetRequestBuilder.java:112) ~[elasticsearch-0.90.2.jar:na]
	at org.elasticsearch.action.ActionRequestBuilder.execute(ActionRequestBuilder.java:62) ~[elasticsearch-0.90.2.jar:na]
	at org.elasticsearch.action.ActionRequestBuilder.execute(ActionRequestBuilder.java:57) ~[elasticsearch-0.90.2.jar:na]
	at org.elasticsearch.action.ActionRequestBuilder$execute.call(Unknown Source) ~[na:na]
	at com.rackspace.search.elasticsearch.client.ElasticSearchClient.getDocument(ElasticSearchClient.groovy:209) ~[classes/:na]
	at com.rackspace.search.elasticsearch.client.ElasticSearchClient$getDocument.call(Unknown Source) [classes/:na]
	at com.rackspace.search.service.JobService.getJob(JobService.groovy:56) [classes/:na]
	at com.rackspace.search.service.JobService$getJob$0.callCurrent(Unknown Source) [classes/:na]
	at com.rackspace.search.service.JobService.getJob(JobService.groovy:52) [classes/:na]
	at com.rackspace.search.service.JobService$getJob.call(Unknown Source) [classes/:na]
	at org.codehaus.groovy.runtime.callsite.CallSiteArray.defaultCall(CallSiteArray.java:45) [groovy-all-2.1.1.jar:2.1.1]
	at org.codehaus.groovy.runtime.callsite.AbstractCallSite.call(AbstractCallSite.java:108) [groovy-all-2.1.1.jar:2.1.1]
	at org.codehaus.groovy.runtime.callsite.AbstractCallSite.call(AbstractCallSite.java:116) [groovy-all-2.1.1.jar:2.1.1]
	at com.rackspace.search.service.account.AccountOngoingSyncJob.windupActivities(AccountOngoingSyncJob.groovy:89) [classes/:na]
	at sun.reflect.NativeMethodAccessorImpl.invoke0(Native Method) ~[na:1.6.0_38]
	at sun.reflect.NativeMethodAccessorImpl.invoke(NativeMethodAccessorImpl.java:39) ~[na:1.6.0_38]
	at sun.reflect.DelegatingMethodAccessorImpl.invoke(DelegatingMethodAccessorImpl.java:25) ~[na:1.6.0_38]
	at java.lang.reflect.Method.invoke(Method.java:597) ~[na:1.6.0_38]
	at org.springframework.beans.factory.annotation.InitDestroyAnnotationBeanPostProcessor$LifecycleElement.invoke(InitDestroyAnnotationBeanPostProcessor.java:340) [spring-beans-3.0.6.RELEASE.jar:3.0.6.RELEASE]
	at org.springframework.beans.factory.annotation.InitDestroyAnnotationBeanPostProcessor$LifecycleMetadata.invokeDestroyMethods(InitDestroyAnnotationBeanPostProcessor.java:305) [spring-beans-3.0.6.RELEASE.jar:3.0.6.RELEASE]
	at org.springframework.beans.factory.annotation.InitDestroyAnnotationBeanPostProcessor.postProcessBeforeDestruction(InitDestroyAnnotationBeanPostProcessor.java:148) [spring-beans-3.0.6.RELEASE.jar:3.0.6.RELEASE]
	at org.springframework.beans.factory.support.DisposableBeanAdapter.destroy(DisposableBeanAdapter.java:166) [spring-beans-3.0.6.RELEASE.jar:3.0.6.RELEASE]
	at org.springframework.beans.factory.support.DefaultSingletonBeanRegistry.destroyBean(DefaultSingletonBeanRegistry.java:487) [spring-beans-3.0.6.RELEASE.jar:3.0.6.RELEASE]
	at org.springframework.beans.factory.support.DefaultSingletonBeanRegistry.destroySingleton(DefaultSingletonBeanRegistry.java:463) [spring-beans-3.0.6.RELEASE.jar:3.0.6.RELEASE]
	at org.springframework.beans.factory.support.DefaultSingletonBeanRegistry.destroySingletons(DefaultSingletonBeanRegistry.java:431) [spring-beans-3.0.6.RELEASE.jar:3.0.6.RELEASE]
	at org.springframework.context.support.AbstractApplicationContext.destroyBeans(AbstractApplicationContext.java:1048) [spring-context-3.0.6.RELEASE.jar:3.0.6.RELEASE]
	at org.springframework.context.support.AbstractApplicationContext.refresh(AbstractApplicationContext.java:433) [spring-context-3.0.6.RELEASE.jar:3.0.6.RELEASE]
	at org.springframework.test.context.support.AbstractGenericContextLoader.loadContext(AbstractGenericContextLoader.java:84) [spring-test-3.0.6.RELEASE.jar:3.0.6.RELEASE]
	at org.springframework.test.context.support.AbstractGenericContextLoader.loadContext(AbstractGenericContextLoader.java:1) [spring-test-3.0.6.RELEASE.jar:3.0.6.RELEASE]
	at org.springframework.test.context.TestContext.loadApplicationContext(TestContext.java:280) [spring-test-3.0.6.RELEASE.jar:3.0.6.RELEASE]
	at org.springframework.test.context.TestContext.getApplicationContext(TestContext.java:304) [spring-test-3.0.6.RELEASE.jar:3.0.6.RELEASE]
	at org.springframework.test.context.support.DependencyInjectionTestExecutionListener.injectDependencies(DependencyInjectionTestExecutionListener.java:109) [spring-test-3.0.6.RELEASE.jar:3.0.6.RELEASE]
	at org.springframework.test.context.support.DependencyInjectionTestExecutionListener.prepareTestInstance(DependencyInjectionTestExecutionListener.java:75) [spring-test-3.0.6.RELEASE.jar:3.0.6.RELEASE]
	at org.springframework.test.context.TestContextManager.prepareTestInstance(TestContextManager.java:321) [spring-test-3.0.6.RELEASE.jar:3.0.6.RELEASE]
	at org.spockframework.spring.SpringTestContextManager.prepareTestInstance(SpringTestContextManager.java:49) [spock-spring-0.7-groovy-2.0.jar:na]
	at org.spockframework.spring.SpringInterceptor.interceptSetupMethod(SpringInterceptor.java:42) [spock-spring-0.7-groovy-2.0.jar:na]
	at org.spockframework.runtime.extension.AbstractMethodInterceptor.intercept(AbstractMethodInterceptor.java:28) [spock-core-0.7-groovy-2.0.jar:na]
	at org.spockframework.runtime.extension.MethodInvocation.proceed(MethodInvocation.java:84) [spock-core-0.7-groovy-2.0.jar:na]
	at org.spockframework.runtime.BaseSpecRunner.invoke(BaseSpecRunner.java:319) [spock-core-0.7-groovy-2.0.jar:na]
	at org.spockframework.runtime.BaseSpecRunner.invokeSetup(BaseSpecRunner.java:279) [spock-core-0.7-groovy-2.0.jar:na]
	at org.spockframework.runtime.BaseSpecRunner.doRunIteration(BaseSpecRunner.java:255) [spock-core-0.7-groovy-2.0.jar:na]
	at sun.reflect.GeneratedMethodAccessor5.invoke(Unknown Source) ~[na:na]
	at sun.reflect.DelegatingMethodAccessorImpl.invoke(DelegatingMethodAccessorImpl.java:25) ~[na:1.6.0_38]
	at java.lang.reflect.Method.invoke(Method.java:597) ~[na:1.6.0_38]
	at org.spockframework.util.ReflectionUtil.invokeMethod(ReflectionUtil.java:138) [spock-core-0.7-groovy-2.0.jar:na]
	at org.spockframework.runtime.BaseSpecRunner.invokeRaw(BaseSpecRunner.java:330) [spock-core-0.7-groovy-2.0.jar:na]
	at org.spockframework.runtime.BaseSpecRunner.invoke(BaseSpecRunner.java:311) [spock-core-0.7-groovy-2.0.jar:na]
	at org.spockframework.runtime.BaseSpecRunner.runIteration(BaseSpecRunner.java:223) [spock-core-0.7-groovy-2.0.jar:na]
	at org.spockframework.runtime.BaseSpecRunner.initializeAndRunIteration(BaseSpecRunner.java:214) [spock-core-0.7-groovy-2.0.jar:na]
	at org.spockframework.runtime.BaseSpecRunner.runSimpleFeature(BaseSpecRunner.java:205) [spock-core-0.7-groovy-2.0.jar:na]
	at org.spockframework.runtime.BaseSpecRunner.doRunFeature(BaseSpecRunner.java:199) [spock-core-0.7-groovy-2.0.jar:na]
	at sun.reflect.GeneratedMethodAccessor7.invoke(Unknown Source) ~[na:na]
	at sun.reflect.DelegatingMethodAccessorImpl.invoke(DelegatingMethodAccessorImpl.java:25) ~[na:1.6.0_38]
	at java.lang.reflect.Method.invoke(Method.java:597) ~[na:1.6.0_38]
	at org.spockframework.util.ReflectionUtil.invokeMethod(ReflectionUtil.java:138) [spock-core-0.7-groovy-2.0.jar:na]
	at org.spockframework.runtime.BaseSpecRunner.invokeRaw(BaseSpecRunner.java:330) [spock-core-0.7-groovy-2.0.jar:na]
	at org.spockframework.runtime.BaseSpecRunner.invoke(BaseSpecRunner.java:311) [spock-core-0.7-groovy-2.0.jar:na]
	at org.spockframework.runtime.BaseSpecRunner.runFeature(BaseSpecRunner.java:175) [spock-core-0.7-groovy-2.0.jar:na]
	at org.spockframework.runtime.BaseSpecRunner.runFeatures(BaseSpecRunner.java:152) [spock-core-0.7-groovy-2.0.jar:na]
	at org.spockframework.runtime.BaseSpecRunner.doRunSpec(BaseSpecRunner.java:112) [spock-core-0.7-groovy-2.0.jar:na]
	at sun.reflect.GeneratedMethodAccessor11.invoke(Unknown Source) ~[na:na]
	at sun.reflect.DelegatingMethodAccessorImpl.invoke(DelegatingMethodAccessorImpl.java:25) ~[na:1.6.0_38]
	at java.lang.reflect.Method.invoke(Method.java:597) ~[na:1.6.0_38]
	at org.spockframework.util.ReflectionUtil.invokeMethod(ReflectionUtil.java:138) [spock-core-0.7-groovy-2.0.jar:na]
	at org.spockframework.runtime.BaseSpecRunner.invokeRaw(BaseSpecRunner.java:330) [spock-core-0.7-groovy-2.0.jar:na]
	at org.spockframework.runtime.BaseSpecRunner.invoke(BaseSpecRunner.java:311) [spock-core-0.7-groovy-2.0.jar:na]
	at org.spockframework.runtime.BaseSpecRunner.runSpec(BaseSpecRunner.java:91) [spock-core-0.7-groovy-2.0.jar:na]
	at org.spockframework.runtime.BaseSpecRunner.run(BaseSpecRunner.java:82) [spock-core-0.7-groovy-2.0.jar:na]
	at org.spockframework.runtime.Sputnik.run(Sputnik.java:63) [spock-core-0.7-groovy-2.0.jar:na]
	at org.apache.maven.surefire.junit4.JUnit4TestSet.execute(JUnit4TestSet.java:53) [surefire-junit4-2.10.jar:2.10]
	at org.apache.maven.surefire.junit4.JUnit4Provider.executeTestSet(JUnit4Provider.java:123) [surefire-junit4-2.10.jar:2.10]
	at org.apache.maven.surefire.junit4.JUnit4Provider.invoke(JUnit4Provider.java:104) [surefire-junit4-2.10.jar:2.10]
	at sun.reflect.NativeMethodAccessorImpl.invoke0(Native Method) ~[na:1.6.0_38]
	at sun.reflect.NativeMethodAccessorImpl.invoke(NativeMethodAccessorImpl.java:39) ~[na:1.6.0_38]
	at sun.reflect.DelegatingMethodAccessorImpl.invoke(DelegatingMethodAccessorImpl.java:25) ~[na:1.6.0_38]
	at java.lang.reflect.Method.invoke(Method.java:597) ~[na:1.6.0_38]
	at org.apache.maven.surefire.util.ReflectionUtils.invokeMethodWithArray(ReflectionUtils.java:164) [surefire-api-2.10.jar:2.10]
	at org.apache.maven.surefire.booter.ProviderFactory$ProviderProxy.invoke(ProviderFactory.java:110) [surefire-booter-2.10.jar:2.10]
	at org.apache.maven.surefire.booter.SurefireStarter.invokeProvider(SurefireStarter.java:175) [surefire-booter-2.10.jar:2.10]
	at org.apache.maven.surefire.booter.SurefireStarter.runSuitesInProcessWhenForked(SurefireStarter.java:107) [surefire-booter-2.10.jar:2.10]
	at org.apache.maven.surefire.booter.ForkedBooter.main(ForkedBooter.java:68) [surefire-booter-2.10.jar:2.10]
22:04:16.489 [main] WARN  o.s.c.a.CommonAnnotationBeanPostProcessor - Invocation of destroy method failed on bean with name &apos;accountOngoingSyncJob&apos;: com.rackspace.search.exception.NotFoundException: Index is missing
22:04:16.502 [main] ERROR c.r.s.e.client.ElasticSearchClient - Index is missing
org.elasticsearch.indices.IndexMissingException: [admin] missing
	at org.elasticsearch.cluster.metadata.MetaData.concreteIndex(MetaData.java:616) ~[elasticsearch-0.90.2.jar:na]
	at org.elasticsearch.action.get.TransportGetAction.resolveRequest(TransportGetAction.java:90) ~[elasticsearch-0.90.2.jar:na]
	at org.elasticsearch.action.get.TransportGetAction.resolveRequest(TransportGetAction.java:42) ~[elasticsearch-0.90.2.jar:na]
	at org.elasticsearch.action.support.single.shard.TransportShardSingleOperationAction$AsyncSingleAction.&lt;init&gt;(TransportShardSingleOperationAction.java:114) ~[elasticsearch-0.90.2.jar:na]
	at org.elasticsearch.action.support.single.shard.TransportShardSingleOperationAction$AsyncSingleAction.&lt;init&gt;(TransportShardSingleOperationAction.java:94) ~[elasticsearch-0.90.2.jar:na]
	at org.elasticsearch.action.support.single.shard.TransportShardSingleOperationAction.doExecute(TransportShardSingleOperationAction.java:71) ~[elasticsearch-0.90.2.jar:na]
	at org.elasticsearch.action.support.single.shard.TransportShardSingleOperationAction.doExecute(TransportShardSingleOperationAction.java:46) ~[elasticsearch-0.90.2.jar:na]
	at org.elasticsearch.action.support.TransportAction.execute(TransportAction.java:61) ~[elasticsearch-0.90.2.jar:na]
	at org.elasticsearch.client.node.NodeClient.execute(NodeClient.java:92) ~[elasticsearch-0.90.2.jar:na]
	at org.elasticsearch.client.support.AbstractClient.get(AbstractClient.java:179) ~[elasticsearch-0.90.2.jar:na]
	at org.elasticsearch.action.get.GetRequestBuilder.doExecute(GetRequestBuilder.java:112) ~[elasticsearch-0.90.2.jar:na]
	at org.elasticsearch.action.ActionRequestBuilder.execute(ActionRequestBuilder.java:62) ~[elasticsearch-0.90.2.jar:na]
	at org.elasticsearch.action.ActionRequestBuilder.execute(ActionRequestBuilder.java:57) ~[elasticsearch-0.90.2.jar:na]
	at org.elasticsearch.action.ActionRequestBuilder$execute.call(Unknown Source) ~[na:na]
	at com.rackspace.search.elasticsearch.client.ElasticSearchClient.getDocument(ElasticSearchClient.groovy:209) ~[classes/:na]
	at com.rackspace.search.elasticsearch.client.ElasticSearchClient$getDocument.call(Unknown Source) [classes/:na]
	at com.rackspace.search.service.JobService.getJob(JobService.groovy:56) [classes/:na]
	at com.rackspace.search.service.JobService$getJob$0.callCurrent(Unknown Source) [classes/:na]
	at com.rackspace.search.service.JobService.getJob(JobService.groovy:52) [classes/:na]
	at com.rackspace.search.service.JobService$getJob.call(Unknown Source) [classes/:na]
	at org.codehaus.groovy.runtime.callsite.CallSiteArray.defaultCall(CallSiteArray.java:45) [groovy-all-2.1.1.jar:2.1.1]
	at org.codehaus.groovy.runtime.callsite.AbstractCallSite.call(AbstractCallSite.java:108) [groovy-all-2.1.1.jar:2.1.1]
	at org.codehaus.groovy.runtime.callsite.AbstractCallSite.call(AbstractCallSite.java:116) [groovy-all-2.1.1.jar:2.1.1]
	at com.rackspace.search.service.account.AccountOnetimeSyncJob.windupActivities(AccountOneTimeSyncJob.groovy:39) [classes/:na]
	at sun.reflect.NativeMethodAccessorImpl.invoke0(Native Method) ~[na:1.6.0_38]
	at sun.reflect.NativeMethodAccessorImpl.invoke(NativeMethodAccessorImpl.java:39) ~[na:1.6.0_38]
	at sun.reflect.DelegatingMethodAccessorImpl.invoke(DelegatingMethodAccessorImpl.java:25) ~[na:1.6.0_38]
	at java.lang.reflect.Method.invoke(Method.java:597) ~[na:1.6.0_38]
	at org.springframework.beans.factory.annotation.InitDestroyAnnotationBeanPostProcessor$LifecycleElement.invoke(InitDestroyAnnotationBeanPostProcessor.java:340) [spring-beans-3.0.6.RELEASE.jar:3.0.6.RELEASE]
	at org.springframework.beans.factory.annotation.InitDestroyAnnotationBeanPostProcessor$LifecycleMetadata.invokeDestroyMethods(InitDestroyAnnotationBeanPostProcessor.java:305) [spring-beans-3.0.6.RELEASE.jar:3.0.6.RELEASE]
	at org.springframework.beans.factory.annotation.InitDestroyAnnotationBeanPostProcessor.postProcessBeforeDestruction(InitDestroyAnnotationBeanPostProcessor.java:148) [spring-beans-3.0.6.RELEASE.jar:3.0.6.RELEASE]
	at org.springframework.beans.factory.support.DisposableBeanAdapter.destroy(DisposableBeanAdapter.java:166) [spring-beans-3.0.6.RELEASE.jar:3.0.6.RELEASE]
	at org.springframework.beans.factory.support.DefaultSingletonBeanRegistry.destroyBean(DefaultSingletonBeanRegistry.java:487) [spring-beans-3.0.6.RELEASE.jar:3.0.6.RELEASE]
	at org.springframework.beans.factory.support.DefaultSingletonBeanRegistry.destroySingleton(DefaultSingletonBeanRegistry.java:463) [spring-beans-3.0.6.RELEASE.jar:3.0.6.RELEASE]
	at org.springframework.beans.factory.support.DefaultSingletonBeanRegistry.destroySingletons(DefaultSingletonBeanRegistry.java:431) [spring-beans-3.0.6.RELEASE.jar:3.0.6.RELEASE]
	at org.springframework.context.support.AbstractApplicationContext.destroyBeans(AbstractApplicationContext.java:1048) [spring-context-3.0.6.RELEASE.jar:3.0.6.RELEASE]
	at org.springframework.context.support.AbstractApplicationContext.refresh(AbstractApplicationContext.java:433) [spring-context-3.0.6.RELEASE.jar:3.0.6.RELEASE]
	at org.springframework.test.context.support.AbstractGenericContextLoader.loadContext(AbstractGenericContextLoader.java:84) [spring-test-3.0.6.RELEASE.jar:3.0.6.RELEASE]
	at org.springframework.test.context.support.AbstractGenericContextLoader.loadContext(AbstractGenericContextLoader.java:1) [spring-test-3.0.6.RELEASE.jar:3.0.6.RELEASE]
	at org.springframework.test.context.TestContext.loadApplicationContext(TestContext.java:280) [spring-test-3.0.6.RELEASE.jar:3.0.6.RELEASE]
	at org.springframework.test.context.TestContext.getApplicationContext(TestContext.java:304) [spring-test-3.0.6.RELEASE.jar:3.0.6.RELEASE]
	at org.springframework.test.context.support.DependencyInjectionTestExecutionListener.injectDependencies(DependencyInjectionTestExecutionListener.java:109) [spring-test-3.0.6.RELEASE.jar:3.0.6.RELEASE]
	at org.springframework.test.context.support.DependencyInjectionTestExecutionListener.prepareTestInstance(DependencyInjectionTestExecutionListener.java:75) [spring-test-3.0.6.RELEASE.jar:3.0.6.RELEASE]
	at org.springframework.test.context.TestContextManager.prepareTestInstance(TestContextManager.java:321) [spring-test-3.0.6.RELEASE.jar:3.0.6.RELEASE]
	at org.spockframework.spring.SpringTestContextManager.prepareTestInstance(SpringTestContextManager.java:49) [spock-spring-0.7-groovy-2.0.jar:na]
	at org.spockframework.spring.SpringInterceptor.interceptSetupMethod(SpringInterceptor.java:42) [spock-spring-0.7-groovy-2.0.jar:na]
	at org.spockframework.runtime.extension.AbstractMethodInterceptor.intercept(AbstractMethodInterceptor.java:28) [spock-core-0.7-groovy-2.0.jar:na]
	at org.spockframework.runtime.extension.MethodInvocation.proceed(MethodInvocation.java:84) [spock-core-0.7-groovy-2.0.jar:na]
	at org.spockframework.runtime.BaseSpecRunner.invoke(BaseSpecRunner.java:319) [spock-core-0.7-groovy-2.0.jar:na]
	at org.spockframework.runtime.BaseSpecRunner.invokeSetup(BaseSpecRunner.java:279) [spock-core-0.7-groovy-2.0.jar:na]
	at org.spockframework.runtime.BaseSpecRunner.doRunIteration(BaseSpecRunner.java:255) [spock-core-0.7-groovy-2.0.jar:na]
	at sun.reflect.GeneratedMethodAccessor5.invoke(Unknown Source) ~[na:na]
	at sun.reflect.DelegatingMethodAccessorImpl.invoke(DelegatingMethodAccessorImpl.java:25) ~[na:1.6.0_38]
	at java.lang.reflect.Method.invoke(Method.java:597) ~[na:1.6.0_38]
	at org.spockframework.util.ReflectionUtil.invokeMethod(ReflectionUtil.java:138) [spock-core-0.7-groovy-2.0.jar:na]
	at org.spockframework.runtime.BaseSpecRunner.invokeRaw(BaseSpecRunner.java:330) [spock-core-0.7-groovy-2.0.jar:na]
	at org.spockframework.runtime.BaseSpecRunner.invoke(BaseSpecRunner.java:311) [spock-core-0.7-groovy-2.0.jar:na]
	at org.spockframework.runtime.BaseSpecRunner.runIteration(BaseSpecRunner.java:223) [spock-core-0.7-groovy-2.0.jar:na]
	at org.spockframework.runtime.BaseSpecRunner.initializeAndRunIteration(BaseSpecRunner.java:214) [spock-core-0.7-groovy-2.0.jar:na]
	at org.spockframework.runtime.BaseSpecRunner.runSimpleFeature(BaseSpecRunner.java:205) [spock-core-0.7-groovy-2.0.jar:na]
	at org.spockframework.runtime.BaseSpecRunner.doRunFeature(BaseSpecRunner.java:199) [spock-core-0.7-groovy-2.0.jar:na]
	at sun.reflect.GeneratedMethodAccessor7.invoke(Unknown Source) ~[na:na]
	at sun.reflect.DelegatingMethodAccessorImpl.invoke(DelegatingMethodAccessorImpl.java:25) ~[na:1.6.0_38]
	at java.lang.reflect.Method.invoke(Method.java:597) ~[na:1.6.0_38]
	at org.spockframework.util.ReflectionUtil.invokeMethod(ReflectionUtil.java:138) [spock-core-0.7-groovy-2.0.jar:na]
	at org.spockframework.runtime.BaseSpecRunner.invokeRaw(BaseSpecRunner.java:330) [spock-core-0.7-groovy-2.0.jar:na]
	at org.spockframework.runtime.BaseSpecRunner.invoke(BaseSpecRunner.java:311) [spock-core-0.7-groovy-2.0.jar:na]
	at org.spockframework.runtime.BaseSpecRunner.runFeature(BaseSpecRunner.java:175) [spock-core-0.7-groovy-2.0.jar:na]
	at org.spockframework.runtime.BaseSpecRunner.runFeatures(BaseSpecRunner.java:152) [spock-core-0.7-groovy-2.0.jar:na]
	at org.spockframework.runtime.BaseSpecRunner.doRunSpec(BaseSpecRunner.java:112) [spock-core-0.7-groovy-2.0.jar:na]
	at sun.reflect.GeneratedMethodAccessor11.invoke(Unknown Source) ~[na:na]
	at sun.reflect.DelegatingMethodAccessorImpl.invoke(DelegatingMethodAccessorImpl.java:25) ~[na:1.6.0_38]
	at java.lang.reflect.Method.invoke(Method.java:597) ~[na:1.6.0_38]
	at org.spockframework.util.ReflectionUtil.invokeMethod(ReflectionUtil.java:138) [spock-core-0.7-groovy-2.0.jar:na]
	at org.spockframework.runtime.BaseSpecRunner.invokeRaw(BaseSpecRunner.java:330) [spock-core-0.7-groovy-2.0.jar:na]
	at org.spockframework.runtime.BaseSpecRunner.invoke(BaseSpecRunner.java:311) [spock-core-0.7-groovy-2.0.jar:na]
	at org.spockframework.runtime.BaseSpecRunner.runSpec(BaseSpecRunner.java:91) [spock-core-0.7-groovy-2.0.jar:na]
	at org.spockframework.runtime.BaseSpecRunner.run(BaseSpecRunner.java:82) [spock-core-0.7-groovy-2.0.jar:na]
	at org.spockframework.runtime.Sputnik.run(Sputnik.java:63) [spock-core-0.7-groovy-2.0.jar:na]
	at org.apache.maven.surefire.junit4.JUnit4TestSet.execute(JUnit4TestSet.java:53) [surefire-junit4-2.10.jar:2.10]
	at org.apache.maven.surefire.junit4.JUnit4Provider.executeTestSet(JUnit4Provider.java:123) [surefire-junit4-2.10.jar:2.10]
	at org.apache.maven.surefire.junit4.JUnit4Provider.invoke(JUnit4Provider.java:104) [surefire-junit4-2.10.jar:2.10]
	at sun.reflect.NativeMethodAccessorImpl.invoke0(Native Method) ~[na:1.6.0_38]
	at sun.reflect.NativeMethodAccessorImpl.invoke(NativeMethodAccessorImpl.java:39) ~[na:1.6.0_38]
	at sun.reflect.DelegatingMethodAccessorImpl.invoke(DelegatingMethodAccessorImpl.java:25) ~[na:1.6.0_38]
	at java.lang.reflect.Method.invoke(Method.java:597) ~[na:1.6.0_38]
	at org.apache.maven.surefire.util.ReflectionUtils.invokeMethodWithArray(ReflectionUtils.java:164) [surefire-api-2.10.jar:2.10]
	at org.apache.maven.surefire.booter.ProviderFactory$ProviderProxy.invoke(ProviderFactory.java:110) [surefire-booter-2.10.jar:2.10]
	at org.apache.maven.surefire.booter.SurefireStarter.invokeProvider(SurefireStarter.java:175) [surefire-booter-2.10.jar:2.10]
	at org.apache.maven.surefire.booter.SurefireStarter.runSuitesInProcessWhenForked(SurefireStarter.java:107) [surefire-booter-2.10.jar:2.10]
	at org.apache.maven.surefire.booter.ForkedBooter.main(ForkedBooter.java:68) [surefire-booter-2.10.jar:2.10]
22:04:16.506 [main] WARN  o.s.c.a.CommonAnnotationBeanPostProcessor - Invocation of destroy method failed on bean with name &apos;accountOnetimeSyncJob&apos;: com.rackspace.search.exception.NotFoundException: Index is missing
22:04:16.512 [main] ERROR c.r.s.e.client.ElasticSearchClient - Index is missing
org.elasticsearch.indices.IndexMissingException: [admin] missing
	at org.elasticsearch.cluster.metadata.MetaData.concreteIndex(MetaData.java:616) ~[elasticsearch-0.90.2.jar:na]
	at org.elasticsearch.action.get.TransportGetAction.resolveRequest(TransportGetAction.java:90) ~[elasticsearch-0.90.2.jar:na]
	at org.elasticsearch.action.get.TransportGetAction.resolveRequest(TransportGetAction.java:42) ~[elasticsearch-0.90.2.jar:na]
	at org.elasticsearch.action.support.single.shard.TransportShardSingleOperationAction$AsyncSingleAction.&lt;init&gt;(TransportShardSingleOperationAction.java:114) ~[elasticsearch-0.90.2.jar:na]
	at org.elasticsearch.action.support.single.shard.TransportShardSingleOperationAction$AsyncSingleAction.&lt;init&gt;(TransportShardSingleOperationAction.java:94) ~[elasticsearch-0.90.2.jar:na]
	at org.elasticsearch.action.support.single.shard.TransportShardSingleOperationAction.doExecute(TransportShardSingleOperationAction.java:71) ~[elasticsearch-0.90.2.jar:na]
	at org.elasticsearch.action.support.single.shard.TransportShardSingleOperationAction.doExecute(TransportShardSingleOperationAction.java:46) ~[elasticsearch-0.90.2.jar:na]
	at org.elasticsearch.action.support.TransportAction.execute(TransportAction.java:61) ~[elasticsearch-0.90.2.jar:na]
	at org.elasticsearch.client.node.NodeClient.execute(NodeClient.java:92) ~[elasticsearch-0.90.2.jar:na]
	at org.elasticsearch.client.support.AbstractClient.get(AbstractClient.java:179) ~[elasticsearch-0.90.2.jar:na]
	at org.elasticsearch.action.get.GetRequestBuilder.doExecute(GetRequestBuilder.java:112) ~[elasticsearch-0.90.2.jar:na]
	at org.elasticsearch.action.ActionRequestBuilder.execute(ActionRequestBuilder.java:62) ~[elasticsearch-0.90.2.jar:na]
	at org.elasticsearch.action.ActionRequestBuilder.execute(ActionRequestBuilder.java:57) ~[elasticsearch-0.90.2.jar:na]
	at org.elasticsearch.action.ActionRequestBuilder$execute.call(Unknown Source) ~[na:na]
	at com.rackspace.search.elasticsearch.client.ElasticSearchClient.getDocument(ElasticSearchClient.groovy:209) ~[classes/:na]
	at com.rackspace.search.elasticsearch.client.ElasticSearchClient$getDocument.call(Unknown Source) [classes/:na]
	at com.rackspace.search.service.JobService.getJob(JobService.groovy:56) [classes/:na]
	at com.rackspace.search.service.JobService$getJob$0.callCurrent(Unknown Source) [classes/:na]
	at com.rackspace.search.service.JobService.getJob(JobService.groovy:52) [classes/:na]
	at com.rackspace.search.service.JobService$getJob.call(Unknown Source) [classes/:na]
	at org.codehaus.groovy.runtime.callsite.CallSiteArray.defaultCall(CallSiteArray.java:45) [groovy-all-2.1.1.jar:2.1.1]
	at org.codehaus.groovy.runtime.callsite.AbstractCallSite.call(AbstractCallSite.java:108) [groovy-all-2.1.1.jar:2.1.1]
	at org.codehaus.groovy.runtime.callsite.AbstractCallSite.call(AbstractCallSite.java:116) [groovy-all-2.1.1.jar:2.1.1]
	at com.rackspace.search.service.core.CoreTicketOngoingSyncJob.windupActivities(CoreTicketOnGoingSyncJob.groovy:82) [classes/:na]
	at sun.reflect.NativeMethodAccessorImpl.invoke0(Native Method) ~[na:1.6.0_38]
	at sun.reflect.NativeMethodAccessorImpl.invoke(NativeMethodAccessorImpl.java:39) ~[na:1.6.0_38]
	at sun.reflect.DelegatingMethodAccessorImpl.invoke(DelegatingMethodAccessorImpl.java:25) ~[na:1.6.0_38]
	at java.lang.reflect.Method.invoke(Method.java:597) ~[na:1.6.0_38]
	at org.springframework.beans.factory.annotation.InitDestroyAnnotationBeanPostProcessor$LifecycleElement.invoke(InitDestroyAnnotationBeanPostProcessor.java:340) [spring-beans-3.0.6.RELEASE.jar:3.0.6.RELEASE]
	at org.springframework.beans.factory.annotation.InitDestroyAnnotationBeanPostProcessor$LifecycleMetadata.invokeDestroyMethods(InitDestroyAnnotationBeanPostProcessor.java:305) [spring-beans-3.0.6.RELEASE.jar:3.0.6.RELEASE]
	at org.springframework.beans.factory.annotation.InitDestroyAnnotationBeanPostProcessor.postProcessBeforeDestruction(InitDestroyAnnotationBeanPostProcessor.java:148) [spring-beans-3.0.6.RELEASE.jar:3.0.6.RELEASE]
	at org.springframework.beans.factory.support.DisposableBeanAdapter.destroy(DisposableBeanAdapter.java:166) [spring-beans-3.0.6.RELEASE.jar:3.0.6.RELEASE]
	at org.springframework.beans.factory.support.DefaultSingletonBeanRegistry.destroyBean(DefaultSingletonBeanRegistry.java:487) [spring-beans-3.0.6.RELEASE.jar:3.0.6.RELEASE]
	at org.springframework.beans.factory.support.DefaultSingletonBeanRegistry.destroySingleton(DefaultSingletonBeanRegistry.java:463) [spring-beans-3.0.6.RELEASE.jar:3.0.6.RELEASE]
	at org.springframework.beans.factory.support.DefaultSingletonBeanRegistry.destroySingletons(DefaultSingletonBeanRegistry.java:431) [spring-beans-3.0.6.RELEASE.jar:3.0.6.RELEASE]
	at org.springframework.context.support.AbstractApplicationContext.destroyBeans(AbstractApplicationContext.java:1048) [spring-context-3.0.6.RELEASE.jar:3.0.6.RELEASE]
	at org.springframework.context.support.AbstractApplicationContext.refresh(AbstractApplicationContext.java:433) [spring-context-3.0.6.RELEASE.jar:3.0.6.RELEASE]
	at org.springframework.test.context.support.AbstractGenericContextLoader.loadContext(AbstractGenericContextLoader.java:84) [spring-test-3.0.6.RELEASE.jar:3.0.6.RELEASE]
	at org.springframework.test.context.support.AbstractGenericContextLoader.loadContext(AbstractGenericContextLoader.java:1) [spring-test-3.0.6.RELEASE.jar:3.0.6.RELEASE]
	at org.springframework.test.context.TestContext.loadApplicationContext(TestContext.java:280) [spring-test-3.0.6.RELEASE.jar:3.0.6.RELEASE]
	at org.springframework.test.context.TestContext.getApplicationContext(TestContext.java:304) [spring-test-3.0.6.RELEASE.jar:3.0.6.RELEASE]
	at org.springframework.test.context.support.DependencyInjectionTestExecutionListener.injectDependencies(DependencyInjectionTestExecutionListener.java:109) [spring-test-3.0.6.RELEASE.jar:3.0.6.RELEASE]
	at org.springframework.test.context.support.DependencyInjectionTestExecutionListener.prepareTestInstance(DependencyInjectionTestExecutionListener.java:75) [spring-test-3.0.6.RELEASE.jar:3.0.6.RELEASE]
	at org.springframework.test.context.TestContextManager.prepareTestInstance(TestContextManager.java:321) [spring-test-3.0.6.RELEASE.jar:3.0.6.RELEASE]
	at org.spockframework.spring.SpringTestContextManager.prepareTestInstance(SpringTestContextManager.java:49) [spock-spring-0.7-groovy-2.0.jar:na]
	at org.spockframework.spring.SpringInterceptor.interceptSetupMethod(SpringInterceptor.java:42) [spock-spring-0.7-groovy-2.0.jar:na]
	at org.spockframework.runtime.extension.AbstractMethodInterceptor.intercept(AbstractMethodInterceptor.java:28) [spock-core-0.7-groovy-2.0.jar:na]
	at org.spockframework.runtime.extension.MethodInvocation.proceed(MethodInvocation.java:84) [spock-core-0.7-groovy-2.0.jar:na]
	at org.spockframework.runtime.BaseSpecRunner.invoke(BaseSpecRunner.java:319) [spock-core-0.7-groovy-2.0.jar:na]
	at org.spockframework.runtime.BaseSpecRunner.invokeSetup(BaseSpecRunner.java:279) [spock-core-0.7-groovy-2.0.jar:na]
	at org.spockframework.runtime.BaseSpecRunner.doRunIteration(BaseSpecRunner.java:255) [spock-core-0.7-groovy-2.0.jar:na]
	at sun.reflect.GeneratedMethodAccessor5.invoke(Unknown Source) ~[na:na]
	at sun.reflect.DelegatingMethodAccessorImpl.invoke(DelegatingMethodAccessorImpl.java:25) ~[na:1.6.0_38]
	at java.lang.reflect.Method.invoke(Method.java:597) ~[na:1.6.0_38]
	at org.spockframework.util.ReflectionUtil.invokeMethod(ReflectionUtil.java:138) [spock-core-0.7-groovy-2.0.jar:na]
	at org.spockframework.runtime.BaseSpecRunner.invokeRaw(BaseSpecRunner.java:330) [spock-core-0.7-groovy-2.0.jar:na]
	at org.spockframework.runtime.BaseSpecRunner.invoke(BaseSpecRunner.java:311) [spock-core-0.7-groovy-2.0.jar:na]
	at org.spockframework.runtime.BaseSpecRunner.runIteration(BaseSpecRunner.java:223) [spock-core-0.7-groovy-2.0.jar:na]
	at org.spockframework.runtime.BaseSpecRunner.initializeAndRunIteration(BaseSpecRunner.java:214) [spock-core-0.7-groovy-2.0.jar:na]
	at org.spockframework.runtime.BaseSpecRunner.runSimpleFeature(BaseSpecRunner.java:205) [spock-core-0.7-groovy-2.0.jar:na]
	at org.spockframework.runtime.BaseSpecRunner.doRunFeature(BaseSpecRunner.java:199) [spock-core-0.7-groovy-2.0.jar:na]
	at sun.reflect.GeneratedMethodAccessor7.invoke(Unknown Source) ~[na:na]
	at sun.reflect.DelegatingMethodAccessorImpl.invoke(DelegatingMethodAccessorImpl.java:25) ~[na:1.6.0_38]
	at java.lang.reflect.Method.invoke(Method.java:597) ~[na:1.6.0_38]
	at org.spockframework.util.ReflectionUtil.invokeMethod(ReflectionUtil.java:138) [spock-core-0.7-groovy-2.0.jar:na]
	at org.spockframework.runtime.BaseSpecRunner.invokeRaw(BaseSpecRunner.java:330) [spock-core-0.7-groovy-2.0.jar:na]
	at org.spockframework.runtime.BaseSpecRunner.invoke(BaseSpecRunner.java:311) [spock-core-0.7-groovy-2.0.jar:na]
	at org.spockframework.runtime.BaseSpecRunner.runFeature(BaseSpecRunner.java:175) [spock-core-0.7-groovy-2.0.jar:na]
	at org.spockframework.runtime.BaseSpecRunner.runFeatures(BaseSpecRunner.java:152) [spock-core-0.7-groovy-2.0.jar:na]
	at org.spockframework.runtime.BaseSpecRunner.doRunSpec(BaseSpecRunner.java:112) [spock-core-0.7-groovy-2.0.jar:na]
	at sun.reflect.GeneratedMethodAccessor11.invoke(Unknown Source) ~[na:na]
	at sun.reflect.DelegatingMethodAccessorImpl.invoke(DelegatingMethodAccessorImpl.java:25) ~[na:1.6.0_38]
	at java.lang.reflect.Method.invoke(Method.java:597) ~[na:1.6.0_38]
	at org.spockframework.util.ReflectionUtil.invokeMethod(ReflectionUtil.java:138) [spock-core-0.7-groovy-2.0.jar:na]
	at org.spockframework.runtime.BaseSpecRunner.invokeRaw(BaseSpecRunner.java:330) [spock-core-0.7-groovy-2.0.jar:na]
	at org.spockframework.runtime.BaseSpecRunner.invoke(BaseSpecRunner.java:311) [spock-core-0.7-groovy-2.0.jar:na]
	at org.spockframework.runtime.BaseSpecRunner.runSpec(BaseSpecRunner.java:91) [spock-core-0.7-groovy-2.0.jar:na]
	at org.spockframework.runtime.BaseSpecRunner.run(BaseSpecRunner.java:82) [spock-core-0.7-groovy-2.0.jar:na]
	at org.spockframework.runtime.Sputnik.run(Sputnik.java:63) [spock-core-0.7-groovy-2.0.jar:na]
	at org.apache.maven.surefire.junit4.JUnit4TestSet.execute(JUnit4TestSet.java:53) [surefire-junit4-2.10.jar:2.10]
	at org.apache.maven.surefire.junit4.JUnit4Provider.executeTestSet(JUnit4Provider.java:123) [surefire-junit4-2.10.jar:2.10]
	at org.apache.maven.surefire.junit4.JUnit4Provider.invoke(JUnit4Provider.java:104) [surefire-junit4-2.10.jar:2.10]
	at sun.reflect.NativeMethodAccessorImpl.invoke0(Native Method) ~[na:1.6.0_38]
	at sun.reflect.NativeMethodAccessorImpl.invoke(NativeMethodAccessorImpl.java:39) ~[na:1.6.0_38]
	at sun.reflect.DelegatingMethodAccessorImpl.invoke(DelegatingMethodAccessorImpl.java:25) ~[na:1.6.0_38]
	at java.lang.reflect.Method.invoke(Method.java:597) ~[na:1.6.0_38]
	at org.apache.maven.surefire.util.ReflectionUtils.invokeMethodWithArray(ReflectionUtils.java:164) [surefire-api-2.10.jar:2.10]
	at org.apache.maven.surefire.booter.ProviderFactory$ProviderProxy.invoke(ProviderFactory.java:110) [surefire-booter-2.10.jar:2.10]
	at org.apache.maven.surefire.booter.SurefireStarter.invokeProvider(SurefireStarter.java:175) [surefire-booter-2.10.jar:2.10]
	at org.apache.maven.surefire.booter.SurefireStarter.runSuitesInProcessWhenForked(SurefireStarter.java:107) [surefire-booter-2.10.jar:2.10]
	at org.apache.maven.surefire.booter.ForkedBooter.main(ForkedBooter.java:68) [surefire-booter-2.10.jar:2.10]
22:04:16.516 [main] WARN  o.s.c.a.CommonAnnotationBeanPostProcessor - Invocation of destroy method failed on bean with name &apos;coreTicketOngoingSyncJob&apos;: com.rackspace.search.exception.NotFoundException: Index is missing
22:04:16.523 [main] ERROR c.r.s.e.client.ElasticSearchClient - Index is missing
org.elasticsearch.indices.IndexMissingException: [admin] missing
	at org.elasticsearch.cluster.metadata.MetaData.concreteIndex(MetaData.java:616) ~[elasticsearch-0.90.2.jar:na]
	at org.elasticsearch.action.get.TransportGetAction.resolveRequest(TransportGetAction.java:90) ~[elasticsearch-0.90.2.jar:na]
	at org.elasticsearch.action.get.TransportGetAction.resolveRequest(TransportGetAction.java:42) ~[elasticsearch-0.90.2.jar:na]
	at org.elasticsearch.action.support.single.shard.TransportShardSingleOperationAction$AsyncSingleAction.&lt;init&gt;(TransportShardSingleOperationAction.java:114) ~[elasticsearch-0.90.2.jar:na]
	at org.elasticsearch.action.support.single.shard.TransportShardSingleOperationAction$AsyncSingleAction.&lt;init&gt;(TransportShardSingleOperationAction.java:94) ~[elasticsearch-0.90.2.jar:na]
	at org.elasticsearch.action.support.single.shard.TransportShardSingleOperationAction.doExecute(TransportShardSingleOperationAction.java:71) ~[elasticsearch-0.90.2.jar:na]
	at org.elasticsearch.action.support.single.shard.TransportShardSingleOperationAction.doExecute(TransportShardSingleOperationAction.java:46) ~[elasticsearch-0.90.2.jar:na]
	at org.elasticsearch.action.support.TransportAction.execute(TransportAction.java:61) ~[elasticsearch-0.90.2.jar:na]
	at org.elasticsearch.client.node.NodeClient.execute(NodeClient.java:92) ~[elasticsearch-0.90.2.jar:na]
	at org.elasticsearch.client.support.AbstractClient.get(AbstractClient.java:179) ~[elasticsearch-0.90.2.jar:na]
	at org.elasticsearch.action.get.GetRequestBuilder.doExecute(GetRequestBuilder.java:112) ~[elasticsearch-0.90.2.jar:na]
	at org.elasticsearch.action.ActionRequestBuilder.execute(ActionRequestBuilder.java:62) ~[elasticsearch-0.90.2.jar:na]
	at org.elasticsearch.action.ActionRequestBuilder.execute(ActionRequestBuilder.java:57) ~[elasticsearch-0.90.2.jar:na]
	at org.elasticsearch.action.ActionRequestBuilder$execute.call(Unknown Source) ~[na:na]
	at com.rackspace.search.elasticsearch.client.ElasticSearchClient.getDocument(ElasticSearchClient.groovy:209) ~[classes/:na]
	at com.rackspace.search.elasticsearch.client.ElasticSearchClient$getDocument.call(Unknown Source) [classes/:na]
	at com.rackspace.search.service.JobService.getJob(JobService.groovy:56) [classes/:na]
	at com.rackspace.search.service.JobService$getJob$0.callCurrent(Unknown Source) [classes/:na]
	at com.rackspace.search.service.JobService.getJob(JobService.groovy:52) [classes/:na]
	at com.rackspace.search.service.JobService$getJob.call(Unknown Source) [classes/:na]
	at org.codehaus.groovy.runtime.callsite.CallSiteArray.defaultCall(CallSiteArray.java:45) [groovy-all-2.1.1.jar:2.1.1]
	at org.codehaus.groovy.runtime.callsite.AbstractCallSite.call(AbstractCallSite.java:108) [groovy-all-2.1.1.jar:2.1.1]
	at org.codehaus.groovy.runtime.callsite.AbstractCallSite.call(AbstractCallSite.java:116) [groovy-all-2.1.1.jar:2.1.1]
	at com.rackspace.search.service.core.CoreTicketOnetimeSyncJob.windupActivities(CoreTicketOneTimeSyncJob.groovy:45) [classes/:na]
	at sun.reflect.NativeMethodAccessorImpl.invoke0(Native Method) ~[na:1.6.0_38]
	at sun.reflect.NativeMethodAccessorImpl.invoke(NativeMethodAccessorImpl.java:39) ~[na:1.6.0_38]
	at sun.reflect.DelegatingMethodAccessorImpl.invoke(DelegatingMethodAccessorImpl.java:25) ~[na:1.6.0_38]
	at java.lang.reflect.Method.invoke(Method.java:597) ~[na:1.6.0_38]
	at org.springframework.beans.factory.annotation.InitDestroyAnnotationBeanPostProcessor$LifecycleElement.invoke(InitDestroyAnnotationBeanPostProcessor.java:340) [spring-beans-3.0.6.RELEASE.jar:3.0.6.RELEASE]
	at org.springframework.beans.factory.annotation.InitDestroyAnnotationBeanPostProcessor$LifecycleMetadata.invokeDestroyMethods(InitDestroyAnnotationBeanPostProcessor.java:305) [spring-beans-3.0.6.RELEASE.jar:3.0.6.RELEASE]
	at org.springframework.beans.factory.annotation.InitDestroyAnnotationBeanPostProcessor.postProcessBeforeDestruction(InitDestroyAnnotationBeanPostProcessor.java:148) [spring-beans-3.0.6.RELEASE.jar:3.0.6.RELEASE]
	at org.springframework.beans.factory.support.DisposableBeanAdapter.destroy(DisposableBeanAdapter.java:166) [spring-beans-3.0.6.RELEASE.jar:3.0.6.RELEASE]
	at org.springframework.beans.factory.support.DefaultSingletonBeanRegistry.destroyBean(DefaultSingletonBeanRegistry.java:487) [spring-beans-3.0.6.RELEASE.jar:3.0.6.RELEASE]
	at org.springframework.beans.factory.support.DefaultSingletonBeanRegistry.destroySingleton(DefaultSingletonBeanRegistry.java:463) [spring-beans-3.0.6.RELEASE.jar:3.0.6.RELEASE]
	at org.springframework.beans.factory.support.DefaultSingletonBeanRegistry.destroySingletons(DefaultSingletonBeanRegistry.java:431) [spring-beans-3.0.6.RELEASE.jar:3.0.6.RELEASE]
	at org.springframework.context.support.AbstractApplicationContext.destroyBeans(AbstractApplicationContext.java:1048) [spring-context-3.0.6.RELEASE.jar:3.0.6.RELEASE]
	at org.springframework.context.support.AbstractApplicationContext.refresh(AbstractApplicationContext.java:433) [spring-context-3.0.6.RELEASE.jar:3.0.6.RELEASE]
	at org.springframework.test.context.support.AbstractGenericContextLoader.loadContext(AbstractGenericContextLoader.java:84) [spring-test-3.0.6.RELEASE.jar:3.0.6.RELEASE]
	at org.springframework.test.context.support.AbstractGenericContextLoader.loadContext(AbstractGenericContextLoader.java:1) [spring-test-3.0.6.RELEASE.jar:3.0.6.RELEASE]
	at org.springframework.test.context.TestContext.loadApplicationContext(TestContext.java:280) [spring-test-3.0.6.RELEASE.jar:3.0.6.RELEASE]
	at org.springframework.test.context.TestContext.getApplicationContext(TestContext.java:304) [spring-test-3.0.6.RELEASE.jar:3.0.6.RELEASE]
	at org.springframework.test.context.support.DependencyInjectionTestExecutionListener.injectDependencies(DependencyInjectionTestExecutionListener.java:109) [spring-test-3.0.6.RELEASE.jar:3.0.6.RELEASE]
	at org.springframework.test.context.support.DependencyInjectionTestExecutionListener.prepareTestInstance(DependencyInjectionTestExecutionListener.java:75) [spring-test-3.0.6.RELEASE.jar:3.0.6.RELEASE]
	at org.springframework.test.context.TestContextManager.prepareTestInstance(TestContextManager.java:321) [spring-test-3.0.6.RELEASE.jar:3.0.6.RELEASE]
	at org.spockframework.spring.SpringTestContextManager.prepareTestInstance(SpringTestContextManager.java:49) [spock-spring-0.7-groovy-2.0.jar:na]
	at org.spockframework.spring.SpringInterceptor.interceptSetupMethod(SpringInterceptor.java:42) [spock-spring-0.7-groovy-2.0.jar:na]
	at org.spockframework.runtime.extension.AbstractMethodInterceptor.intercept(AbstractMethodInterceptor.java:28) [spock-core-0.7-groovy-2.0.jar:na]
	at org.spockframework.runtime.extension.MethodInvocation.proceed(MethodInvocation.java:84) [spock-core-0.7-groovy-2.0.jar:na]
	at org.spockframework.runtime.BaseSpecRunner.invoke(BaseSpecRunner.java:319) [spock-core-0.7-groovy-2.0.jar:na]
	at org.spockframework.runtime.BaseSpecRunner.invokeSetup(BaseSpecRunner.java:279) [spock-core-0.7-groovy-2.0.jar:na]
	at org.spockframework.runtime.BaseSpecRunner.doRunIteration(BaseSpecRunner.java:255) [spock-core-0.7-groovy-2.0.jar:na]
	at sun.reflect.GeneratedMethodAccessor5.invoke(Unknown Source) ~[na:na]
	at sun.reflect.DelegatingMethodAccessorImpl.invoke(DelegatingMethodAccessorImpl.java:25) ~[na:1.6.0_38]
	at java.lang.reflect.Method.invoke(Method.java:597) ~[na:1.6.0_38]
	at org.spockframework.util.ReflectionUtil.invokeMethod(ReflectionUtil.java:138) [spock-core-0.7-groovy-2.0.jar:na]
	at org.spockframework.runtime.BaseSpecRunner.invokeRaw(BaseSpecRunner.java:330) [spock-core-0.7-groovy-2.0.jar:na]
	at org.spockframework.runtime.BaseSpecRunner.invoke(BaseSpecRunner.java:311) [spock-core-0.7-groovy-2.0.jar:na]
	at org.spockframework.runtime.BaseSpecRunner.runIteration(BaseSpecRunner.java:223) [spock-core-0.7-groovy-2.0.jar:na]
	at org.spockframework.runtime.BaseSpecRunner.initializeAndRunIteration(BaseSpecRunner.java:214) [spock-core-0.7-groovy-2.0.jar:na]
	at org.spockframework.runtime.BaseSpecRunner.runSimpleFeature(BaseSpecRunner.java:205) [spock-core-0.7-groovy-2.0.jar:na]
	at org.spockframework.runtime.BaseSpecRunner.doRunFeature(BaseSpecRunner.java:199) [spock-core-0.7-groovy-2.0.jar:na]
	at sun.reflect.GeneratedMethodAccessor7.invoke(Unknown Source) ~[na:na]
	at sun.reflect.DelegatingMethodAccessorImpl.invoke(DelegatingMethodAccessorImpl.java:25) ~[na:1.6.0_38]
	at java.lang.reflect.Method.invoke(Method.java:597) ~[na:1.6.0_38]
	at org.spockframework.util.ReflectionUtil.invokeMethod(ReflectionUtil.java:138) [spock-core-0.7-groovy-2.0.jar:na]
	at org.spockframework.runtime.BaseSpecRunner.invokeRaw(BaseSpecRunner.java:330) [spock-core-0.7-groovy-2.0.jar:na]
	at org.spockframework.runtime.BaseSpecRunner.invoke(BaseSpecRunner.java:311) [spock-core-0.7-groovy-2.0.jar:na]
	at org.spockframework.runtime.BaseSpecRunner.runFeature(BaseSpecRunner.java:175) [spock-core-0.7-groovy-2.0.jar:na]
	at org.spockframework.runtime.BaseSpecRunner.runFeatures(BaseSpecRunner.java:152) [spock-core-0.7-groovy-2.0.jar:na]
	at org.spockframework.runtime.BaseSpecRunner.doRunSpec(BaseSpecRunner.java:112) [spock-core-0.7-groovy-2.0.jar:na]
	at sun.reflect.GeneratedMethodAccessor11.invoke(Unknown Source) ~[na:na]
	at sun.reflect.DelegatingMethodAccessorImpl.invoke(DelegatingMethodAccessorImpl.java:25) ~[na:1.6.0_38]
	at java.lang.reflect.Method.invoke(Method.java:597) ~[na:1.6.0_38]
	at org.spockframework.util.ReflectionUtil.invokeMethod(ReflectionUtil.java:138) [spock-core-0.7-groovy-2.0.jar:na]
	at org.spockframework.runtime.BaseSpecRunner.invokeRaw(BaseSpecRunner.java:330) [spock-core-0.7-groovy-2.0.jar:na]
	at org.spockframework.runtime.BaseSpecRunner.invoke(BaseSpecRunner.java:311) [spock-core-0.7-groovy-2.0.jar:na]
	at org.spockframework.runtime.BaseSpecRunner.runSpec(BaseSpecRunner.java:91) [spock-core-0.7-groovy-2.0.jar:na]
	at org.spockframework.runtime.BaseSpecRunner.run(BaseSpecRunner.java:82) [spock-core-0.7-groovy-2.0.jar:na]
	at org.spockframework.runtime.Sputnik.run(Sputnik.java:63) [spock-core-0.7-groovy-2.0.jar:na]
	at org.apache.maven.surefire.junit4.JUnit4TestSet.execute(JUnit4TestSet.java:53) [surefire-junit4-2.10.jar:2.10]
	at org.apache.maven.surefire.junit4.JUnit4Provider.executeTestSet(JUnit4Provider.java:123) [surefire-junit4-2.10.jar:2.10]
	at org.apache.maven.surefire.junit4.JUnit4Provider.invoke(JUnit4Provider.java:104) [surefire-junit4-2.10.jar:2.10]
	at sun.reflect.NativeMethodAccessorImpl.invoke0(Native Method) ~[na:1.6.0_38]
	at sun.reflect.NativeMethodAccessorImpl.invoke(NativeMethodAccessorImpl.java:39) ~[na:1.6.0_38]
	at sun.reflect.DelegatingMethodAccessorImpl.invoke(DelegatingMethodAccessorImpl.java:25) ~[na:1.6.0_38]
	at java.lang.reflect.Method.invoke(Method.java:597) ~[na:1.6.0_38]
	at org.apache.maven.surefire.util.ReflectionUtils.invokeMethodWithArray(ReflectionUtils.java:164) [surefire-api-2.10.jar:2.10]
	at org.apache.maven.surefire.booter.ProviderFactory$ProviderProxy.invoke(ProviderFactory.java:110) [surefire-booter-2.10.jar:2.10]
	at org.apache.maven.surefire.booter.SurefireStarter.invokeProvider(SurefireStarter.java:175) [surefire-booter-2.10.jar:2.10]
	at org.apache.maven.surefire.booter.SurefireStarter.runSuitesInProcessWhenForked(SurefireStarter.java:107) [surefire-booter-2.10.jar:2.10]
	at org.apache.maven.surefire.booter.ForkedBooter.main(ForkedBooter.java:68) [surefire-booter-2.10.jar:2.10]
22:04:16.527 [main] WARN  o.s.c.a.CommonAnnotationBeanPostProcessor - Invocation of destroy method failed on bean with name &apos;coreTicketOnetimeSyncJob&apos;: com.rackspace.search.exception.NotFoundException: Index is missing
22:04:16.530 [main] INFO  org.elasticsearch.node - [ticket.node] {0.90.2}[25471]: stopping ...
22:04:16.916 [main] INFO  org.elasticsearch.node - [ticket.node] {0.90.2}[25471]: stopped
22:04:16.936 [main] INFO  org.elasticsearch.node - [ticket.node] {0.90.2}[25471]: closing ...
22:04:17.118 [main] INFO  org.elasticsearch.node - [ticket.node] {0.90.2}[25471]: closed
22:04:17.131 [main] ERROR o.s.test.context.TestContextManager - Caught exception while allowing TestExecutionListener [org.springframework.test.context.support.DependencyInjectionTestExecutionListener@3e1c65f7] to prepare test instance [com.rackspace.search.service.JobServiceTest@3a6a5afc]
java.lang.IllegalStateException: Failed to load ApplicationContext
	at org.springframework.test.context.TestContext.getApplicationContext(TestContext.java:308) ~[spring-test-3.0.6.RELEASE.jar:3.0.6.RELEASE]
	at org.springframework.test.context.support.DependencyInjectionTestExecutionListener.injectDependencies(DependencyInjectionTestExecutionListener.java:109) ~[spring-test-3.0.6.RELEASE.jar:3.0.6.RELEASE]
	at org.springframework.test.context.support.DependencyInjectionTestExecutionListener.prepareTestInstance(DependencyInjectionTestExecutionListener.java:75) ~[spring-test-3.0.6.RELEASE.jar:3.0.6.RELEASE]
	at org.springframework.test.context.TestContextManager.prepareTestInstance(TestContextManager.java:321) ~[spring-test-3.0.6.RELEASE.jar:3.0.6.RELEASE]
	at org.spockframework.spring.SpringTestContextManager.prepareTestInstance(SpringTestContextManager.java:49) [spock-spring-0.7-groovy-2.0.jar:na]
	at org.spockframework.spring.SpringInterceptor.interceptSetupMethod(SpringInterceptor.java:42) [spock-spring-0.7-groovy-2.0.jar:na]
	at org.spockframework.runtime.extension.AbstractMethodInterceptor.intercept(AbstractMethodInterceptor.java:28) [spock-core-0.7-groovy-2.0.jar:na]
	at org.spockframework.runtime.extension.MethodInvocation.proceed(MethodInvocation.java:84) [spock-core-0.7-groovy-2.0.jar:na]
	at org.spockframework.runtime.BaseSpecRunner.invoke(BaseSpecRunner.java:319) [spock-core-0.7-groovy-2.0.jar:na]
	at org.spockframework.runtime.BaseSpecRunner.invokeSetup(BaseSpecRunner.java:279) [spock-core-0.7-groovy-2.0.jar:na]
	at org.spockframework.runtime.BaseSpecRunner.doRunIteration(BaseSpecRunner.java:255) [spock-core-0.7-groovy-2.0.jar:na]
	at sun.reflect.GeneratedMethodAccessor5.invoke(Unknown Source) ~[na:na]
	at sun.reflect.DelegatingMethodAccessorImpl.invoke(DelegatingMethodAccessorImpl.java:25) ~[na:1.6.0_38]
	at java.lang.reflect.Method.invoke(Method.java:597) ~[na:1.6.0_38]
	at org.spockframework.util.ReflectionUtil.invokeMethod(ReflectionUtil.java:138) [spock-core-0.7-groovy-2.0.jar:na]
	at org.spockframework.runtime.BaseSpecRunner.invokeRaw(BaseSpecRunner.java:330) [spock-core-0.7-groovy-2.0.jar:na]
	at org.spockframework.runtime.BaseSpecRunner.invoke(BaseSpecRunner.java:311) [spock-core-0.7-groovy-2.0.jar:na]
	at org.spockframework.runtime.BaseSpecRunner.runIteration(BaseSpecRunner.java:223) [spock-core-0.7-groovy-2.0.jar:na]
	at org.spockframework.runtime.BaseSpecRunner.initializeAndRunIteration(BaseSpecRunner.java:214) [spock-core-0.7-groovy-2.0.jar:na]
	at org.spockframework.runtime.BaseSpecRunner.runSimpleFeature(BaseSpecRunner.java:205) [spock-core-0.7-groovy-2.0.jar:na]
	at org.spockframework.runtime.BaseSpecRunner.doRunFeature(BaseSpecRunner.java:199) [spock-core-0.7-groovy-2.0.jar:na]
	at sun.reflect.GeneratedMethodAccessor7.invoke(Unknown Source) ~[na:na]
	at sun.reflect.DelegatingMethodAccessorImpl.invoke(DelegatingMethodAccessorImpl.java:25) ~[na:1.6.0_38]
	at java.lang.reflect.Method.invoke(Method.java:597) ~[na:1.6.0_38]
	at org.spockframework.util.ReflectionUtil.invokeMethod(ReflectionUtil.java:138) [spock-core-0.7-groovy-2.0.jar:na]
	at org.spockframework.runtime.BaseSpecRunner.invokeRaw(BaseSpecRunner.java:330) [spock-core-0.7-groovy-2.0.jar:na]
	at org.spockframework.runtime.BaseSpecRunner.invoke(BaseSpecRunner.java:311) [spock-core-0.7-groovy-2.0.jar:na]
	at org.spockframework.runtime.BaseSpecRunner.runFeature(BaseSpecRunner.java:175) [spock-core-0.7-groovy-2.0.jar:na]
	at org.spockframework.runtime.BaseSpecRunner.runFeatures(BaseSpecRunner.java:152) [spock-core-0.7-groovy-2.0.jar:na]
	at org.spockframework.runtime.BaseSpecRunner.doRunSpec(BaseSpecRunner.java:112) [spock-core-0.7-groovy-2.0.jar:na]
	at sun.reflect.GeneratedMethodAccessor11.invoke(Unknown Source) ~[na:na]
	at sun.reflect.DelegatingMethodAccessorImpl.invoke(DelegatingMethodAccessorImpl.java:25) ~[na:1.6.0_38]
	at java.lang.reflect.Method.invoke(Method.java:597) ~[na:1.6.0_38]
	at org.spockframework.util.ReflectionUtil.invokeMethod(ReflectionUtil.java:138) [spock-core-0.7-groovy-2.0.jar:na]
	at org.spockframework.runtime.BaseSpecRunner.invokeRaw(BaseSpecRunner.java:330) [spock-core-0.7-groovy-2.0.jar:na]
	at org.spockframework.runtime.BaseSpecRunner.invoke(BaseSpecRunner.java:311) [spock-core-0.7-groovy-2.0.jar:na]
	at org.spockframework.runtime.BaseSpecRunner.runSpec(BaseSpecRunner.java:91) [spock-core-0.7-groovy-2.0.jar:na]
	at org.spockframework.runtime.BaseSpecRunner.run(BaseSpecRunner.java:82) [spock-core-0.7-groovy-2.0.jar:na]
	at org.spockframework.runtime.Sputnik.run(Sputnik.java:63) [spock-core-0.7-groovy-2.0.jar:na]
	at org.apache.maven.surefire.junit4.JUnit4TestSet.execute(JUnit4TestSet.java:53) [surefire-junit4-2.10.jar:2.10]
	at org.apache.maven.surefire.junit4.JUnit4Provider.executeTestSet(JUnit4Provider.java:123) [surefire-junit4-2.10.jar:2.10]
	at org.apache.maven.surefire.junit4.JUnit4Provider.invoke(JUnit4Provider.java:104) [surefire-junit4-2.10.jar:2.10]
	at sun.reflect.NativeMethodAccessorImpl.invoke0(Native Method) ~[na:1.6.0_38]
	at sun.reflect.NativeMethodAccessorImpl.invoke(NativeMethodAccessorImpl.java:39) ~[na:1.6.0_38]
	at sun.reflect.DelegatingMethodAccessorImpl.invoke(DelegatingMethodAccessorImpl.java:25) ~[na:1.6.0_38]
	at java.lang.reflect.Method.invoke(Method.java:597) ~[na:1.6.0_38]
	at org.apache.maven.surefire.util.ReflectionUtils.invokeMethodWithArray(ReflectionUtils.java:164) [surefire-api-2.10.jar:2.10]
	at org.apache.maven.surefire.booter.ProviderFactory$ProviderProxy.invoke(ProviderFactory.java:110) [surefire-booter-2.10.jar:2.10]
	at org.apache.maven.surefire.booter.SurefireStarter.invokeProvider(SurefireStarter.java:175) [surefire-booter-2.10.jar:2.10]
	at org.apache.maven.surefire.booter.SurefireStarter.runSuitesInProcessWhenForked(SurefireStarter.java:107) [surefire-booter-2.10.jar:2.10]
	at org.apache.maven.surefire.booter.ForkedBooter.main(ForkedBooter.java:68) [surefire-booter-2.10.jar:2.10]
Caused by: org.springframework.beans.factory.BeanCreationException: Error creating bean with name &apos;jobResource&apos;: Injection of autowired dependencies failed; nested exception is org.springframework.beans.factory.BeanCreationException: Could not autowire field: private com.rackspace.search.service.zendesk.ZendeskTicketOngoingSyncJob com.rackspace.search.endpoint.JobResource.zendeskTicketOngoingSyncJob; nested exception is org.springframework.beans.factory.BeanCreationException: Error creating bean with name &apos;zendeskTicketOngoingSyncJob&apos;: Injection of autowired dependencies failed; nested exception is org.springframework.beans.factory.BeanCreationException: Could not autowire field: private com.rackspace.search.service.zendesk.ZendeskTicketOngoingSyncActor com.rackspace.search.service.zendesk.ZendeskTicketOngoingSyncJob.ticketActor; nested exception is org.springframework.beans.factory.BeanCreationException: Error creating bean with name &apos;zendeskTicketOngoingSyncActor&apos;: Injection of autowired dependencies failed; nested exception is org.springframework.beans.factory.BeanCreationException: Could not autowire field: private com.rackspace.search.service.zendesk.ZendeskTicketProcessor com.rackspace.search.service.zendesk.ZendeskTicketOngoingSyncActor.zendeskTicketProcessor; nested exception is org.springframework.beans.factory.BeanCreationException: Error creating bean with name &apos;zendeskTicketProcessor&apos;: Injection of autowired dependencies failed; nested exception is org.springframework.beans.factory.BeanCreationException: Could not autowire field: private java.lang.Object com.rackspace.search.service.zendesk.ZendeskTicketProcessor.zendeskIndexName; nested exception is java.lang.IllegalArgumentException: Could not resolve placeholder &apos;zendesk.index.name&apos;
	at org.springframework.beans.factory.annotation.AutowiredAnnotationBeanPostProcessor.postProcessPropertyValues(AutowiredAnnotationBeanPostProcessor.java:288) ~[spring-beans-3.0.6.RELEASE.jar:3.0.6.RELEASE]
	at org.springframework.beans.factory.support.AbstractAutowireCapableBeanFactory.populateBean(AbstractAutowireCapableBeanFactory.java:1074) ~[spring-beans-3.0.6.RELEASE.jar:3.0.6.RELEASE]
	at org.springframework.beans.factory.support.AbstractAutowireCapableBeanFactory.doCreateBean(AbstractAutowireCapableBeanFactory.java:517) ~[spring-beans-3.0.6.RELEASE.jar:3.0.6.RELEASE]
	at org.springframework.beans.factory.support.AbstractAutowireCapableBeanFactory.createBean(AbstractAutowireCapableBeanFactory.java:456) ~[spring-beans-3.0.6.RELEASE.jar:3.0.6.RELEASE]
	at org.springframework.beans.factory.support.AbstractBeanFactory$1.getObject(AbstractBeanFactory.java:293) ~[spring-beans-3.0.6.RELEASE.jar:3.0.6.RELEASE]
	at org.springframework.beans.factory.support.DefaultSingletonBeanRegistry.getSingleton(DefaultSingletonBeanRegistry.java:222) ~[spring-beans-3.0.6.RELEASE.jar:3.0.6.RELEASE]
	at org.springframework.beans.factory.support.AbstractBeanFactory.doGetBean(AbstractBeanFactory.java:290) ~[spring-beans-3.0.6.RELEASE.jar:3.0.6.RELEASE]
	at org.springframework.beans.factory.support.AbstractBeanFactory.getBean(AbstractBeanFactory.java:192) ~[spring-beans-3.0.6.RELEASE.jar:3.0.6.RELEASE]
	at org.springframework.beans.factory.support.DefaultListableBeanFactory.preInstantiateSingletons(DefaultListableBeanFactory.java:585) ~[spring-beans-3.0.6.RELEASE.jar:3.0.6.RELEASE]
	at org.springframework.context.support.AbstractApplicationContext.finishBeanFactoryInitialization(AbstractApplicationContext.java:895) ~[spring-context-3.0.6.RELEASE.jar:3.0.6.RELEASE]
	at org.springframework.context.support.AbstractApplicationContext.refresh(AbstractApplicationContext.java:425) ~[spring-context-3.0.6.RELEASE.jar:3.0.6.RELEASE]
	at org.springframework.test.context.support.AbstractGenericContextLoader.loadContext(AbstractGenericContextLoader.java:84) ~[spring-test-3.0.6.RELEASE.jar:3.0.6.RELEASE]
	at org.springframework.test.context.support.AbstractGenericContextLoader.loadContext(AbstractGenericContextLoader.java:1) ~[spring-test-3.0.6.RELEASE.jar:3.0.6.RELEASE]
	at org.springframework.test.context.TestContext.loadApplicationContext(TestContext.java:280) ~[spring-test-3.0.6.RELEASE.jar:3.0.6.RELEASE]
	at org.springframework.test.context.TestContext.getApplicationContext(TestContext.java:304) ~[spring-test-3.0.6.RELEASE.jar:3.0.6.RELEASE]
	... 50 common frames omitted
Caused by: org.springframework.beans.factory.BeanCreationException: Could not autowire field: private com.rackspace.search.service.zendesk.ZendeskTicketOngoingSyncJob com.rackspace.search.endpoint.JobResource.zendeskTicketOngoingSyncJob; nested exception is org.springframework.beans.factory.BeanCreationException: Error creating bean with name &apos;zendeskTicketOngoingSyncJob&apos;: Injection of autowired dependencies failed; nested exception is org.springframework.beans.factory.BeanCreationException: Could not autowire field: private com.rackspace.search.service.zendesk.ZendeskTicketOngoingSyncActor com.rackspace.search.service.zendesk.ZendeskTicketOngoingSyncJob.ticketActor; nested exception is org.springframework.beans.factory.BeanCreationException: Error creating bean with name &apos;zendeskTicketOngoingSyncActor&apos;: Injection of autowired dependencies failed; nested exception is org.springframework.beans.factory.BeanCreationException: Could not autowire field: private com.rackspace.search.service.zendesk.ZendeskTicketProcessor com.rackspace.search.service.zendesk.ZendeskTicketOngoingSyncActor.zendeskTicketProcessor; nested exception is org.springframework.beans.factory.BeanCreationException: Error creating bean with name &apos;zendeskTicketProcessor&apos;: Injection of autowired dependencies failed; nested exception is org.springframework.beans.factory.BeanCreationException: Could not autowire field: private java.lang.Object com.rackspace.search.service.zendesk.ZendeskTicketProcessor.zendeskIndexName; nested exception is java.lang.IllegalArgumentException: Could not resolve placeholder &apos;zendesk.index.name&apos;
	at org.springframework.beans.factory.annotation.AutowiredAnnotationBeanPostProcessor$AutowiredFieldElement.inject(AutowiredAnnotationBeanPostProcessor.java:508) ~[spring-beans-3.0.6.RELEASE.jar:3.0.6.RELEASE]
	at org.springframework.beans.factory.annotation.InjectionMetadata.inject(InjectionMetadata.java:84) ~[spring-beans-3.0.6.RELEASE.jar:3.0.6.RELEASE]
	at org.springframework.beans.factory.annotation.AutowiredAnnotationBeanPostProcessor.postProcessPropertyValues(AutowiredAnnotationBeanPostProcessor.java:285) ~[spring-beans-3.0.6.RELEASE.jar:3.0.6.RELEASE]
	... 64 common frames omitted
Caused by: org.springframework.beans.factory.BeanCreationException: Error creating bean with name &apos;zendeskTicketOngoingSyncJob&apos;: Injection of autowired dependencies failed; nested exception is org.springframework.beans.factory.BeanCreationException: Could not autowire field: private com.rackspace.search.service.zendesk.ZendeskTicketOngoingSyncActor com.rackspace.search.service.zendesk.ZendeskTicketOngoingSyncJob.ticketActor; nested exception is org.springframework.beans.factory.BeanCreationException: Error creating bean with name &apos;zendeskTicketOngoingSyncActor&apos;: Injection of autowired dependencies failed; nested exception is org.springframework.beans.factory.BeanCreationException: Could not autowire field: private com.rackspace.search.service.zendesk.ZendeskTicketProcessor com.rackspace.search.service.zendesk.ZendeskTicketOngoingSyncActor.zendeskTicketProcessor; nested exception is org.springframework.beans.factory.BeanCreationException: Error creating bean with name &apos;zendeskTicketProcessor&apos;: Injection of autowired dependencies failed; nested exception is org.springframework.beans.factory.BeanCreationException: Could not autowire field: private java.lang.Object com.rackspace.search.service.zendesk.ZendeskTicketProcessor.zendeskIndexName; nested exception is java.lang.IllegalArgumentException: Could not resolve placeholder &apos;zendesk.index.name&apos;
	at org.springframework.beans.factory.annotation.AutowiredAnnotationBeanPostProcessor.postProcessPropertyValues(AutowiredAnnotationBeanPostProcessor.java:288) ~[spring-beans-3.0.6.RELEASE.jar:3.0.6.RELEASE]
	at org.springframework.beans.factory.support.AbstractAutowireCapableBeanFactory.populateBean(AbstractAutowireCapableBeanFactory.java:1074) ~[spring-beans-3.0.6.RELEASE.jar:3.0.6.RELEASE]
	at org.springframework.beans.factory.support.AbstractAutowireCapableBeanFactory.doCreateBean(AbstractAutowireCapableBeanFactory.java:517) ~[spring-beans-3.0.6.RELEASE.jar:3.0.6.RELEASE]
	at org.springframework.beans.factory.support.AbstractAutowireCapableBeanFactory.createBean(AbstractAutowireCapableBeanFactory.java:456) ~[spring-beans-3.0.6.RELEASE.jar:3.0.6.RELEASE]
	at org.springframework.beans.factory.support.AbstractBeanFactory$1.getObject(AbstractBeanFactory.java:293) ~[spring-beans-3.0.6.RELEASE.jar:3.0.6.RELEASE]
	at org.springframework.beans.factory.support.DefaultSingletonBeanRegistry.getSingleton(DefaultSingletonBeanRegistry.java:222) ~[spring-beans-3.0.6.RELEASE.jar:3.0.6.RELEASE]
	at org.springframework.beans.factory.support.AbstractBeanFactory.doGetBean(AbstractBeanFactory.java:290) ~[spring-beans-3.0.6.RELEASE.jar:3.0.6.RELEASE]
	at org.springframework.beans.factory.support.AbstractBeanFactory.getBean(AbstractBeanFactory.java:192) ~[spring-beans-3.0.6.RELEASE.jar:3.0.6.RELEASE]
	at org.springframework.beans.factory.support.DefaultListableBeanFactory.findAutowireCandidates(DefaultListableBeanFactory.java:848) ~[spring-beans-3.0.6.RELEASE.jar:3.0.6.RELEASE]
	at org.springframework.beans.factory.support.DefaultListableBeanFactory.doResolveDependency(DefaultListableBeanFactory.java:790) ~[spring-beans-3.0.6.RELEASE.jar:3.0.6.RELEASE]
	at org.springframework.beans.factory.support.DefaultListableBeanFactory.resolveDependency(DefaultListableBeanFactory.java:707) ~[spring-beans-3.0.6.RELEASE.jar:3.0.6.RELEASE]
	at org.springframework.beans.factory.annotation.AutowiredAnnotationBeanPostProcessor$AutowiredFieldElement.inject(AutowiredAnnotationBeanPostProcessor.java:480) ~[spring-beans-3.0.6.RELEASE.jar:3.0.6.RELEASE]
	... 66 common frames omitted
Caused by: org.springframework.beans.factory.BeanCreationException: Could not autowire field: private com.rackspace.search.service.zendesk.ZendeskTicketOngoingSyncActor com.rackspace.search.service.zendesk.ZendeskTicketOngoingSyncJob.ticketActor; nested exception is org.springframework.beans.factory.BeanCreationException: Error creating bean with name &apos;zendeskTicketOngoingSyncActor&apos;: Injection of autowired dependencies failed; nested exception is org.springframework.beans.factory.BeanCreationException: Could not autowire field: private com.rackspace.search.service.zendesk.ZendeskTicketProcessor com.rackspace.search.service.zendesk.ZendeskTicketOngoingSyncActor.zendeskTicketProcessor; nested exception is org.springframework.beans.factory.BeanCreationException: Error creating bean with name &apos;zendeskTicketProcessor&apos;: Injection of autowired dependencies failed; nested exception is org.springframework.beans.factory.BeanCreationException: Could not autowire field: private java.lang.Object com.rackspace.search.service.zendesk.ZendeskTicketProcessor.zendeskIndexName; nested exception is java.lang.IllegalArgumentException: Could not resolve placeholder &apos;zendesk.index.name&apos;
	at org.springframework.beans.factory.annotation.AutowiredAnnotationBeanPostProcessor$AutowiredFieldElement.inject(AutowiredAnnotationBeanPostProcessor.java:508) ~[spring-beans-3.0.6.RELEASE.jar:3.0.6.RELEASE]
	at org.springframework.beans.factory.annotation.InjectionMetadata.inject(InjectionMetadata.java:84) ~[spring-beans-3.0.6.RELEASE.jar:3.0.6.RELEASE]
	at org.springframework.beans.factory.annotation.AutowiredAnnotationBeanPostProcessor.postProcessPropertyValues(AutowiredAnnotationBeanPostProcessor.java:285) ~[spring-beans-3.0.6.RELEASE.jar:3.0.6.RELEASE]
	... 77 common frames omitted
Caused by: org.springframework.beans.factory.BeanCreationException: Error creating bean with name &apos;zendeskTicketOngoingSyncActor&apos;: Injection of autowired dependencies failed; nested exception is org.springframework.beans.factory.BeanCreationException: Could not autowire field: private com.rackspace.search.service.zendesk.ZendeskTicketProcessor com.rackspace.search.service.zendesk.ZendeskTicketOngoingSyncActor.zendeskTicketProcessor; nested exception is org.springframework.beans.factory.BeanCreationException: Error creating bean with name &apos;zendeskTicketProcessor&apos;: Injection of autowired dependencies failed; nested exception is org.springframework.beans.factory.BeanCreationException: Could not autowire field: private java.lang.Object com.rackspace.search.service.zendesk.ZendeskTicketProcessor.zendeskIndexName; nested exception is java.lang.IllegalArgumentException: Could not resolve placeholder &apos;zendesk.index.name&apos;
	at org.springframework.beans.factory.annotation.AutowiredAnnotationBeanPostProcessor.postProcessPropertyValues(AutowiredAnnotationBeanPostProcessor.java:288) ~[spring-beans-3.0.6.RELEASE.jar:3.0.6.RELEASE]
	at org.springframework.beans.factory.support.AbstractAutowireCapableBeanFactory.populateBean(AbstractAutowireCapableBeanFactory.java:1074) ~[spring-beans-3.0.6.RELEASE.jar:3.0.6.RELEASE]
	at org.springframework.beans.factory.support.AbstractAutowireCapableBeanFactory.doCreateBean(AbstractAutowireCapableBeanFactory.java:517) ~[spring-beans-3.0.6.RELEASE.jar:3.0.6.RELEASE]
	at org.springframework.beans.factory.support.AbstractAutowireCapableBeanFactory.createBean(AbstractAutowireCapableBeanFactory.java:456) ~[spring-beans-3.0.6.RELEASE.jar:3.0.6.RELEASE]
	at org.springframework.beans.factory.support.AbstractBeanFactory$1.getObject(AbstractBeanFactory.java:293) ~[spring-beans-3.0.6.RELEASE.jar:3.0.6.RELEASE]
	at org.springframework.beans.factory.support.DefaultSingletonBeanRegistry.getSingleton(DefaultSingletonBeanRegistry.java:222) ~[spring-beans-3.0.6.RELEASE.jar:3.0.6.RELEASE]
	at org.springframework.beans.factory.support.AbstractBeanFactory.doGetBean(AbstractBeanFactory.java:290) ~[spring-beans-3.0.6.RELEASE.jar:3.0.6.RELEASE]
	at org.springframework.beans.factory.support.AbstractBeanFactory.getBean(AbstractBeanFactory.java:192) ~[spring-beans-3.0.6.RELEASE.jar:3.0.6.RELEASE]
	at org.springframework.beans.factory.support.DefaultListableBeanFactory.findAutowireCandidates(DefaultListableBeanFactory.java:848) ~[spring-beans-3.0.6.RELEASE.jar:3.0.6.RELEASE]
	at org.springframework.beans.factory.support.DefaultListableBeanFactory.doResolveDependency(DefaultListableBeanFactory.java:790) ~[spring-beans-3.0.6.RELEASE.jar:3.0.6.RELEASE]
	at org.springframework.beans.factory.support.DefaultListableBeanFactory.resolveDependency(DefaultListableBeanFactory.java:707) ~[spring-beans-3.0.6.RELEASE.jar:3.0.6.RELEASE]
	at org.springframework.beans.factory.annotation.AutowiredAnnotationBeanPostProcessor$AutowiredFieldElement.inject(AutowiredAnnotationBeanPostProcessor.java:480) ~[spring-beans-3.0.6.RELEASE.jar:3.0.6.RELEASE]
	... 79 common frames omitted
Caused by: org.springframework.beans.factory.BeanCreationException: Could not autowire field: private com.rackspace.search.service.zendesk.ZendeskTicketProcessor com.rackspace.search.service.zendesk.ZendeskTicketOngoingSyncActor.zendeskTicketProcessor; nested exception is org.springframework.beans.factory.BeanCreationException: Error creating bean with name &apos;zendeskTicketProcessor&apos;: Injection of autowired dependencies failed; nested exception is org.springframework.beans.factory.BeanCreationException: Could not autowire field: private java.lang.Object com.rackspace.search.service.zendesk.ZendeskTicketProcessor.zendeskIndexName; nested exception is java.lang.IllegalArgumentException: Could not resolve placeholder &apos;zendesk.index.name&apos;
	at org.springframework.beans.factory.annotation.AutowiredAnnotationBeanPostProcessor$AutowiredFieldElement.inject(AutowiredAnnotationBeanPostProcessor.java:508) ~[spring-beans-3.0.6.RELEASE.jar:3.0.6.RELEASE]
	at org.springframework.beans.factory.annotation.InjectionMetadata.inject(InjectionMetadata.java:84) ~[spring-beans-3.0.6.RELEASE.jar:3.0.6.RELEASE]
	at org.springframework.beans.factory.annotation.AutowiredAnnotationBeanPostProcessor.postProcessPropertyValues(AutowiredAnnotationBeanPostProcessor.java:285) ~[spring-beans-3.0.6.RELEASE.jar:3.0.6.RELEASE]
	... 90 common frames omitted
Caused by: org.springframework.beans.factory.BeanCreationException: Error creating bean with name &apos;zendeskTicketProcessor&apos;: Injection of autowired dependencies failed; nested exception is org.springframework.beans.factory.BeanCreationException: Could not autowire field: private java.lang.Object com.rackspace.search.service.zendesk.ZendeskTicketProcessor.zendeskIndexName; nested exception is java.lang.IllegalArgumentException: Could not resolve placeholder &apos;zendesk.index.name&apos;
	at org.springframework.beans.factory.annotation.AutowiredAnnotationBeanPostProcessor.postProcessPropertyValues(AutowiredAnnotationBeanPostProcessor.java:288) ~[spring-beans-3.0.6.RELEASE.jar:3.0.6.RELEASE]
	at org.springframework.beans.factory.support.AbstractAutowireCapableBeanFactory.populateBean(AbstractAutowireCapableBeanFactory.java:1074) ~[spring-beans-3.0.6.RELEASE.jar:3.0.6.RELEASE]
	at org.springframework.beans.factory.support.AbstractAutowireCapableBeanFactory.doCreateBean(AbstractAutowireCapableBeanFactory.java:517) ~[spring-beans-3.0.6.RELEASE.jar:3.0.6.RELEASE]
	at org.springframework.beans.factory.support.AbstractAutowireCapableBeanFactory.createBean(AbstractAutowireCapableBeanFactory.java:456) ~[spring-beans-3.0.6.RELEASE.jar:3.0.6.RELEASE]
	at org.springframework.beans.factory.support.AbstractBeanFactory$1.getObject(AbstractBeanFactory.java:293) ~[spring-beans-3.0.6.RELEASE.jar:3.0.6.RELEASE]
	at org.springframework.beans.factory.support.DefaultSingletonBeanRegistry.getSingleton(DefaultSingletonBeanRegistry.java:222) ~[spring-beans-3.0.6.RELEASE.jar:3.0.6.RELEASE]
	at org.springframework.beans.factory.support.AbstractBeanFactory.doGetBean(AbstractBeanFactory.java:290) ~[spring-beans-3.0.6.RELEASE.jar:3.0.6.RELEASE]
	at org.springframework.beans.factory.support.AbstractBeanFactory.getBean(AbstractBeanFactory.java:192) ~[spring-beans-3.0.6.RELEASE.jar:3.0.6.RELEASE]
	at org.springframework.beans.factory.support.DefaultListableBeanFactory.findAutowireCandidates(DefaultListableBeanFactory.java:848) ~[spring-beans-3.0.6.RELEASE.jar:3.0.6.RELEASE]
	at org.springframework.beans.factory.support.DefaultListableBeanFactory.doResolveDependency(DefaultListableBeanFactory.java:790) ~[spring-beans-3.0.6.RELEASE.jar:3.0.6.RELEASE]
	at org.springframework.beans.factory.support.DefaultListableBeanFactory.resolveDependency(DefaultListableBeanFactory.java:707) ~[spring-beans-3.0.6.RELEASE.jar:3.0.6.RELEASE]
	at org.springframework.beans.factory.annotation.AutowiredAnnotationBeanPostProcessor$AutowiredFieldElement.inject(AutowiredAnnotationBeanPostProcessor.java:480) ~[spring-beans-3.0.6.RELEASE.jar:3.0.6.RELEASE]
	... 92 common frames omitted
Caused by: org.springframework.beans.factory.BeanCreationException: Could not autowire field: private java.lang.Object com.rackspace.search.service.zendesk.ZendeskTicketProcessor.zendeskIndexName; nested exception is java.lang.IllegalArgumentException: Could not resolve placeholder &apos;zendesk.index.name&apos;
	at org.springframework.beans.factory.annotation.AutowiredAnnotationBeanPostProcessor$AutowiredFieldElement.inject(AutowiredAnnotationBeanPostProcessor.java:508) ~[spring-beans-3.0.6.RELEASE.jar:3.0.6.RELEASE]
	at org.springframework.beans.factory.annotation.InjectionMetadata.inject(InjectionMetadata.java:84) ~[spring-beans-3.0.6.RELEASE.jar:3.0.6.RELEASE]
	at org.springframework.beans.factory.annotation.AutowiredAnnotationBeanPostProcessor.postProcessPropertyValues(AutowiredAnnotationBeanPostProcessor.java:285) ~[spring-beans-3.0.6.RELEASE.jar:3.0.6.RELEASE]
	... 103 common frames omitted
Caused by: java.lang.IllegalArgumentException: Could not resolve placeholder &apos;zendesk.index.name&apos;
	at org.springframework.util.PropertyPlaceholderHelper.parseStringValue(PropertyPlaceholderHelper.java:173) ~[spring-core-3.0.6.RELEASE.jar:3.0.6.RELEASE]
	at org.springframework.util.PropertyPlaceholderHelper.replacePlaceholders(PropertyPlaceholderHelper.java:125) ~[spring-core-3.0.6.RELEASE.jar:3.0.6.RELEASE]
	at org.springframework.beans.factory.config.PropertyPlaceholderConfigurer$PlaceholderResolvingStringValueResolver.resolveStringValue(PropertyPlaceholderConfigurer.java:403) ~[spring-beans-3.0.6.RELEASE.jar:3.0.6.RELEASE]
	at org.springframework.beans.factory.support.AbstractBeanFactory.resolveEmbeddedValue(AbstractBeanFactory.java:747) ~[spring-beans-3.0.6.RELEASE.jar:3.0.6.RELEASE]
	at org.springframework.beans.factory.support.DefaultListableBeanFactory.doResolveDependency(DefaultListableBeanFactory.java:717) ~[spring-beans-3.0.6.RELEASE.jar:3.0.6.RELEASE]
	at org.springframework.beans.factory.support.DefaultListableBeanFactory.resolveDependency(DefaultListableBeanFactory.java:707) ~[spring-beans-3.0.6.RELEASE.jar:3.0.6.RELEASE]
	at org.springframework.beans.factory.annotation.AutowiredAnnotationBeanPostProcessor$AutowiredFieldElement.inject(AutowiredAnnotationBeanPostProcessor.java:480) ~[spring-beans-3.0.6.RELEASE.jar:3.0.6.RELEASE]
	... 105 common frames omitted
</stdout>
          <failedSince>7</failedSince>
        </case>
        <case>
          <duration>20.691</duration>
          <className>com.rackspace.search.service.JobServiceTest</className>
          <testName>should get scheduled job details</testName>
          <skipped>false</skipped>
          <errorStackTrace>java.lang.NullPointerException
	at com.rackspace.search.service.JobServiceTest.cleanup(JobServiceTest.groovy:33)
</errorStackTrace>
          <failedSince>7</failedSince>
        </case>
        <case>
          <duration>7.924</duration>
          <className>com.rackspace.search.service.JobServiceTest</className>
          <testName>should return null If job is not exist</testName>
          <skipped>false</skipped>
          <errorStackTrace>java.lang.IllegalStateException: Failed to load ApplicationContext
	at org.springframework.test.context.TestContext.getApplicationContext(TestContext.java:308)
	at org.springframework.test.context.support.DependencyInjectionTestExecutionListener.injectDependencies(DependencyInjectionTestExecutionListener.java:109)
	at org.springframework.test.context.support.DependencyInjectionTestExecutionListener.prepareTestInstance(DependencyInjectionTestExecutionListener.java:75)
	at org.springframework.test.context.TestContextManager.prepareTestInstance(TestContextManager.java:321)
	at org.spockframework.spring.SpringTestContextManager.prepareTestInstance(SpringTestContextManager.java:49)
	at org.spockframework.spring.SpringInterceptor.interceptSetupMethod(SpringInterceptor.java:42)
	at org.spockframework.runtime.extension.AbstractMethodInterceptor.intercept(AbstractMethodInterceptor.java:28)
	at org.spockframework.runtime.extension.MethodInvocation.proceed(MethodInvocation.java:84)
	at org.spockframework.util.ReflectionUtil.invokeMethod(ReflectionUtil.java:138)
	at org.spockframework.util.ReflectionUtil.invokeMethod(ReflectionUtil.java:138)
	at org.spockframework.util.ReflectionUtil.invokeMethod(ReflectionUtil.java:138)
	at org.apache.maven.surefire.junit4.JUnit4TestSet.execute(JUnit4TestSet.java:53)
	at org.apache.maven.surefire.junit4.JUnit4Provider.executeTestSet(JUnit4Provider.java:123)
	at org.apache.maven.surefire.junit4.JUnit4Provider.invoke(JUnit4Provider.java:104)
	at org.apache.maven.surefire.util.ReflectionUtils.invokeMethodWithArray(ReflectionUtils.java:164)
	at org.apache.maven.surefire.booter.ProviderFactory$ProviderProxy.invoke(ProviderFactory.java:110)
	at org.apache.maven.surefire.booter.SurefireStarter.invokeProvider(SurefireStarter.java:175)
	at org.apache.maven.surefire.booter.SurefireStarter.runSuitesInProcessWhenForked(SurefireStarter.java:107)
	at org.apache.maven.surefire.booter.ForkedBooter.main(ForkedBooter.java:68)
Caused by: org.springframework.beans.factory.BeanCreationException: Error creating bean with name &apos;jobResource&apos;: Injection of autowired dependencies failed; nested exception is org.springframework.beans.factory.BeanCreationException: Could not autowire field: private com.rackspace.search.service.zendesk.ZendeskTicketOngoingSyncJob com.rackspace.search.endpoint.JobResource.zendeskTicketOngoingSyncJob; nested exception is org.springframework.beans.factory.BeanCreationException: Error creating bean with name &apos;zendeskTicketOngoingSyncJob&apos;: Injection of autowired dependencies failed; nested exception is org.springframework.beans.factory.BeanCreationException: Could not autowire field: private com.rackspace.search.service.zendesk.ZendeskTicketOngoingSyncActor com.rackspace.search.service.zendesk.ZendeskTicketOngoingSyncJob.ticketActor; nested exception is org.springframework.beans.factory.BeanCreationException: Error creating bean with name &apos;zendeskTicketOngoingSyncActor&apos;: Injection of autowired dependencies failed; nested exception is org.springframework.beans.factory.BeanCreationException: Could not autowire field: private com.rackspace.search.service.zendesk.ZendeskTicketProcessor com.rackspace.search.service.zendesk.ZendeskTicketOngoingSyncActor.zendeskTicketProcessor; nested exception is org.springframework.beans.factory.BeanCreationException: Error creating bean with name &apos;zendeskTicketProcessor&apos;: Injection of autowired dependencies failed; nested exception is org.springframework.beans.factory.BeanCreationException: Could not autowire field: private java.lang.Object com.rackspace.search.service.zendesk.ZendeskTicketProcessor.zendeskIndexName; nested exception is java.lang.IllegalArgumentException: Could not resolve placeholder &apos;zendesk.index.name&apos;
	at org.springframework.beans.factory.annotation.AutowiredAnnotationBeanPostProcessor.postProcessPropertyValues(AutowiredAnnotationBeanPostProcessor.java:288)
	at org.springframework.beans.factory.support.AbstractAutowireCapableBeanFactory.populateBean(AbstractAutowireCapableBeanFactory.java:1074)
	at org.springframework.beans.factory.support.AbstractAutowireCapableBeanFactory.doCreateBean(AbstractAutowireCapableBeanFactory.java:517)
	at org.springframework.beans.factory.support.AbstractAutowireCapableBeanFactory.createBean(AbstractAutowireCapableBeanFactory.java:456)
	at org.springframework.beans.factory.support.AbstractBeanFactory$1.getObject(AbstractBeanFactory.java:293)
	at org.springframework.beans.factory.support.DefaultSingletonBeanRegistry.getSingleton(DefaultSingletonBeanRegistry.java:222)
	at org.springframework.beans.factory.support.AbstractBeanFactory.doGetBean(AbstractBeanFactory.java:290)
	at org.springframework.beans.factory.support.AbstractBeanFactory.getBean(AbstractBeanFactory.java:192)
	at org.springframework.beans.factory.support.DefaultListableBeanFactory.preInstantiateSingletons(DefaultListableBeanFactory.java:585)
	at org.springframework.context.support.AbstractApplicationContext.finishBeanFactoryInitialization(AbstractApplicationContext.java:895)
	at org.springframework.context.support.AbstractApplicationContext.refresh(AbstractApplicationContext.java:425)
	at org.springframework.test.context.support.AbstractGenericContextLoader.loadContext(AbstractGenericContextLoader.java:84)
	at org.springframework.test.context.support.AbstractGenericContextLoader.loadContext(AbstractGenericContextLoader.java:1)
	at org.springframework.test.context.TestContext.loadApplicationContext(TestContext.java:280)
	at org.springframework.test.context.TestContext.getApplicationContext(TestContext.java:304)
	... 18 more
Caused by: org.springframework.beans.factory.BeanCreationException: Could not autowire field: private com.rackspace.search.service.zendesk.ZendeskTicketOngoingSyncJob com.rackspace.search.endpoint.JobResource.zendeskTicketOngoingSyncJob; nested exception is org.springframework.beans.factory.BeanCreationException: Error creating bean with name &apos;zendeskTicketOngoingSyncJob&apos;: Injection of autowired dependencies failed; nested exception is org.springframework.beans.factory.BeanCreationException: Could not autowire field: private com.rackspace.search.service.zendesk.ZendeskTicketOngoingSyncActor com.rackspace.search.service.zendesk.ZendeskTicketOngoingSyncJob.ticketActor; nested exception is org.springframework.beans.factory.BeanCreationException: Error creating bean with name &apos;zendeskTicketOngoingSyncActor&apos;: Injection of autowired dependencies failed; nested exception is org.springframework.beans.factory.BeanCreationException: Could not autowire field: private com.rackspace.search.service.zendesk.ZendeskTicketProcessor com.rackspace.search.service.zendesk.ZendeskTicketOngoingSyncActor.zendeskTicketProcessor; nested exception is org.springframework.beans.factory.BeanCreationException: Error creating bean with name &apos;zendeskTicketProcessor&apos;: Injection of autowired dependencies failed; nested exception is org.springframework.beans.factory.BeanCreationException: Could not autowire field: private java.lang.Object com.rackspace.search.service.zendesk.ZendeskTicketProcessor.zendeskIndexName; nested exception is java.lang.IllegalArgumentException: Could not resolve placeholder &apos;zendesk.index.name&apos;
	at org.springframework.beans.factory.annotation.AutowiredAnnotationBeanPostProcessor$AutowiredFieldElement.inject(AutowiredAnnotationBeanPostProcessor.java:508)
	at org.springframework.beans.factory.annotation.InjectionMetadata.inject(InjectionMetadata.java:84)
	at org.springframework.beans.factory.annotation.AutowiredAnnotationBeanPostProcessor.postProcessPropertyValues(AutowiredAnnotationBeanPostProcessor.java:285)
	... 32 more
Caused by: org.springframework.beans.factory.BeanCreationException: Error creating bean with name &apos;zendeskTicketOngoingSyncJob&apos;: Injection of autowired dependencies failed; nested exception is org.springframework.beans.factory.BeanCreationException: Could not autowire field: private com.rackspace.search.service.zendesk.ZendeskTicketOngoingSyncActor com.rackspace.search.service.zendesk.ZendeskTicketOngoingSyncJob.ticketActor; nested exception is org.springframework.beans.factory.BeanCreationException: Error creating bean with name &apos;zendeskTicketOngoingSyncActor&apos;: Injection of autowired dependencies failed; nested exception is org.springframework.beans.factory.BeanCreationException: Could not autowire field: private com.rackspace.search.service.zendesk.ZendeskTicketProcessor com.rackspace.search.service.zendesk.ZendeskTicketOngoingSyncActor.zendeskTicketProcessor; nested exception is org.springframework.beans.factory.BeanCreationException: Error creating bean with name &apos;zendeskTicketProcessor&apos;: Injection of autowired dependencies failed; nested exception is org.springframework.beans.factory.BeanCreationException: Could not autowire field: private java.lang.Object com.rackspace.search.service.zendesk.ZendeskTicketProcessor.zendeskIndexName; nested exception is java.lang.IllegalArgumentException: Could not resolve placeholder &apos;zendesk.index.name&apos;
	at org.springframework.beans.factory.annotation.AutowiredAnnotationBeanPostProcessor.postProcessPropertyValues(AutowiredAnnotationBeanPostProcessor.java:288)
	at org.springframework.beans.factory.support.AbstractAutowireCapableBeanFactory.populateBean(AbstractAutowireCapableBeanFactory.java:1074)
	at org.springframework.beans.factory.support.AbstractAutowireCapableBeanFactory.doCreateBean(AbstractAutowireCapableBeanFactory.java:517)
	at org.springframework.beans.factory.support.AbstractAutowireCapableBeanFactory.createBean(AbstractAutowireCapableBeanFactory.java:456)
	at org.springframework.beans.factory.support.AbstractBeanFactory$1.getObject(AbstractBeanFactory.java:293)
	at org.springframework.beans.factory.support.DefaultSingletonBeanRegistry.getSingleton(DefaultSingletonBeanRegistry.java:222)
	at org.springframework.beans.factory.support.AbstractBeanFactory.doGetBean(AbstractBeanFactory.java:290)
	at org.springframework.beans.factory.support.AbstractBeanFactory.getBean(AbstractBeanFactory.java:192)
	at org.springframework.beans.factory.support.DefaultListableBeanFactory.findAutowireCandidates(DefaultListableBeanFactory.java:848)
	at org.springframework.beans.factory.support.DefaultListableBeanFactory.doResolveDependency(DefaultListableBeanFactory.java:790)
	at org.springframework.beans.factory.support.DefaultListableBeanFactory.resolveDependency(DefaultListableBeanFactory.java:707)
	at org.springframework.beans.factory.annotation.AutowiredAnnotationBeanPostProcessor$AutowiredFieldElement.inject(AutowiredAnnotationBeanPostProcessor.java:480)
	... 34 more
Caused by: org.springframework.beans.factory.BeanCreationException: Could not autowire field: private com.rackspace.search.service.zendesk.ZendeskTicketOngoingSyncActor com.rackspace.search.service.zendesk.ZendeskTicketOngoingSyncJob.ticketActor; nested exception is org.springframework.beans.factory.BeanCreationException: Error creating bean with name &apos;zendeskTicketOngoingSyncActor&apos;: Injection of autowired dependencies failed; nested exception is org.springframework.beans.factory.BeanCreationException: Could not autowire field: private com.rackspace.search.service.zendesk.ZendeskTicketProcessor com.rackspace.search.service.zendesk.ZendeskTicketOngoingSyncActor.zendeskTicketProcessor; nested exception is org.springframework.beans.factory.BeanCreationException: Error creating bean with name &apos;zendeskTicketProcessor&apos;: Injection of autowired dependencies failed; nested exception is org.springframework.beans.factory.BeanCreationException: Could not autowire field: private java.lang.Object com.rackspace.search.service.zendesk.ZendeskTicketProcessor.zendeskIndexName; nested exception is java.lang.IllegalArgumentException: Could not resolve placeholder &apos;zendesk.index.name&apos;
	at org.springframework.beans.factory.annotation.AutowiredAnnotationBeanPostProcessor$AutowiredFieldElement.inject(AutowiredAnnotationBeanPostProcessor.java:508)
	at org.springframework.beans.factory.annotation.InjectionMetadata.inject(InjectionMetadata.java:84)
	at org.springframework.beans.factory.annotation.AutowiredAnnotationBeanPostProcessor.postProcessPropertyValues(AutowiredAnnotationBeanPostProcessor.java:285)
	... 45 more
Caused by: org.springframework.beans.factory.BeanCreationException: Error creating bean with name &apos;zendeskTicketOngoingSyncActor&apos;: Injection of autowired dependencies failed; nested exception is org.springframework.beans.factory.BeanCreationException: Could not autowire field: private com.rackspace.search.service.zendesk.ZendeskTicketProcessor com.rackspace.search.service.zendesk.ZendeskTicketOngoingSyncActor.zendeskTicketProcessor; nested exception is org.springframework.beans.factory.BeanCreationException: Error creating bean with name &apos;zendeskTicketProcessor&apos;: Injection of autowired dependencies failed; nested exception is org.springframework.beans.factory.BeanCreationException: Could not autowire field: private java.lang.Object com.rackspace.search.service.zendesk.ZendeskTicketProcessor.zendeskIndexName; nested exception is java.lang.IllegalArgumentException: Could not resolve placeholder &apos;zendesk.index.name&apos;
	at org.springframework.beans.factory.annotation.AutowiredAnnotationBeanPostProcessor.postProcessPropertyValues(AutowiredAnnotationBeanPostProcessor.java:288)
	at org.springframework.beans.factory.support.AbstractAutowireCapableBeanFactory.populateBean(AbstractAutowireCapableBeanFactory.java:1074)
	at org.springframework.beans.factory.support.AbstractAutowireCapableBeanFactory.doCreateBean(AbstractAutowireCapableBeanFactory.java:517)
	at org.springframework.beans.factory.support.AbstractAutowireCapableBeanFactory.createBean(AbstractAutowireCapableBeanFactory.java:456)
	at org.springframework.beans.factory.support.AbstractBeanFactory$1.getObject(AbstractBeanFactory.java:293)
	at org.springframework.beans.factory.support.DefaultSingletonBeanRegistry.getSingleton(DefaultSingletonBeanRegistry.java:222)
	at org.springframework.beans.factory.support.AbstractBeanFactory.doGetBean(AbstractBeanFactory.java:290)
	at org.springframework.beans.factory.support.AbstractBeanFactory.getBean(AbstractBeanFactory.java:192)
	at org.springframework.beans.factory.support.DefaultListableBeanFactory.findAutowireCandidates(DefaultListableBeanFactory.java:848)
	at org.springframework.beans.factory.support.DefaultListableBeanFactory.doResolveDependency(DefaultListableBeanFactory.java:790)
	at org.springframework.beans.factory.support.DefaultListableBeanFactory.resolveDependency(DefaultListableBeanFactory.java:707)
	at org.springframework.beans.factory.annotation.AutowiredAnnotationBeanPostProcessor$AutowiredFieldElement.inject(AutowiredAnnotationBeanPostProcessor.java:480)
	... 47 more
Caused by: org.springframework.beans.factory.BeanCreationException: Could not autowire field: private com.rackspace.search.service.zendesk.ZendeskTicketProcessor com.rackspace.search.service.zendesk.ZendeskTicketOngoingSyncActor.zendeskTicketProcessor; nested exception is org.springframework.beans.factory.BeanCreationException: Error creating bean with name &apos;zendeskTicketProcessor&apos;: Injection of autowired dependencies failed; nested exception is org.springframework.beans.factory.BeanCreationException: Could not autowire field: private java.lang.Object com.rackspace.search.service.zendesk.ZendeskTicketProcessor.zendeskIndexName; nested exception is java.lang.IllegalArgumentException: Could not resolve placeholder &apos;zendesk.index.name&apos;
	at org.springframework.beans.factory.annotation.AutowiredAnnotationBeanPostProcessor$AutowiredFieldElement.inject(AutowiredAnnotationBeanPostProcessor.java:508)
	at org.springframework.beans.factory.annotation.InjectionMetadata.inject(InjectionMetadata.java:84)
	at org.springframework.beans.factory.annotation.AutowiredAnnotationBeanPostProcessor.postProcessPropertyValues(AutowiredAnnotationBeanPostProcessor.java:285)
	... 58 more
Caused by: org.springframework.beans.factory.BeanCreationException: Error creating bean with name &apos;zendeskTicketProcessor&apos;: Injection of autowired dependencies failed; nested exception is org.springframework.beans.factory.BeanCreationException: Could not autowire field: private java.lang.Object com.rackspace.search.service.zendesk.ZendeskTicketProcessor.zendeskIndexName; nested exception is java.lang.IllegalArgumentException: Could not resolve placeholder &apos;zendesk.index.name&apos;
	at org.springframework.beans.factory.annotation.AutowiredAnnotationBeanPostProcessor.postProcessPropertyValues(AutowiredAnnotationBeanPostProcessor.java:288)
	at org.springframework.beans.factory.support.AbstractAutowireCapableBeanFactory.populateBean(AbstractAutowireCapableBeanFactory.java:1074)
	at org.springframework.beans.factory.support.AbstractAutowireCapableBeanFactory.doCreateBean(AbstractAutowireCapableBeanFactory.java:517)
	at org.springframework.beans.factory.support.AbstractAutowireCapableBeanFactory.createBean(AbstractAutowireCapableBeanFactory.java:456)
	at org.springframework.beans.factory.support.AbstractBeanFactory$1.getObject(AbstractBeanFactory.java:293)
	at org.springframework.beans.factory.support.DefaultSingletonBeanRegistry.getSingleton(DefaultSingletonBeanRegistry.java:222)
	at org.springframework.beans.factory.support.AbstractBeanFactory.doGetBean(AbstractBeanFactory.java:290)
	at org.springframework.beans.factory.support.AbstractBeanFactory.getBean(AbstractBeanFactory.java:192)
	at org.springframework.beans.factory.support.DefaultListableBeanFactory.findAutowireCandidates(DefaultListableBeanFactory.java:848)
	at org.springframework.beans.factory.support.DefaultListableBeanFactory.doResolveDependency(DefaultListableBeanFactory.java:790)
	at org.springframework.beans.factory.support.DefaultListableBeanFactory.resolveDependency(DefaultListableBeanFactory.java:707)
	at org.springframework.beans.factory.annotation.AutowiredAnnotationBeanPostProcessor$AutowiredFieldElement.inject(AutowiredAnnotationBeanPostProcessor.java:480)
	... 60 more
Caused by: org.springframework.beans.factory.BeanCreationException: Could not autowire field: private java.lang.Object com.rackspace.search.service.zendesk.ZendeskTicketProcessor.zendeskIndexName; nested exception is java.lang.IllegalArgumentException: Could not resolve placeholder &apos;zendesk.index.name&apos;
	at org.springframework.beans.factory.annotation.AutowiredAnnotationBeanPostProcessor$AutowiredFieldElement.inject(AutowiredAnnotationBeanPostProcessor.java:508)
	at org.springframework.beans.factory.annotation.InjectionMetadata.inject(InjectionMetadata.java:84)
	at org.springframework.beans.factory.annotation.AutowiredAnnotationBeanPostProcessor.postProcessPropertyValues(AutowiredAnnotationBeanPostProcessor.java:285)
	... 71 more
Caused by: java.lang.IllegalArgumentException: Could not resolve placeholder &apos;zendesk.index.name&apos;
	at org.springframework.util.PropertyPlaceholderHelper.parseStringValue(PropertyPlaceholderHelper.java:173)
	at org.springframework.util.PropertyPlaceholderHelper.replacePlaceholders(PropertyPlaceholderHelper.java:125)
	at org.springframework.beans.factory.config.PropertyPlaceholderConfigurer$PlaceholderResolvingStringValueResolver.resolveStringValue(PropertyPlaceholderConfigurer.java:403)
	at org.springframework.beans.factory.support.AbstractBeanFactory.resolveEmbeddedValue(AbstractBeanFactory.java:747)
	at org.springframework.beans.factory.support.DefaultListableBeanFactory.doResolveDependency(DefaultListableBeanFactory.java:717)
	at org.springframework.beans.factory.support.DefaultListableBeanFactory.resolveDependency(DefaultListableBeanFactory.java:707)
	at org.springframework.beans.factory.annotation.AutowiredAnnotationBeanPostProcessor$AutowiredFieldElement.inject(AutowiredAnnotationBeanPostProcessor.java:480)
	... 73 more
</errorStackTrace>
          <errorDetails>Failed to load ApplicationContext</errorDetails>
          <stdout>22:04:18.411 [main] INFO  c.r.s.common.property.PropertyProvider - Loading properties file from file [/var/lib/jenkins/jobs/Samatha Fork/workspace/service/target/properties/local/search.properties]
22:04:18.411 [main] INFO  c.r.s.common.property.PropertyProvider - Loading properties file from file [/var/lib/jenkins/jobs/Samatha Fork/workspace/service/target/properties/local/search.secrets.properties]
22:04:18.411 [main] INFO  c.r.s.common.property.PropertyProvider - Loading properties file from file [/var/lib/jenkins/jobs/Samatha Fork/workspace/service/target/properties/local/elasticsearch.properties]
22:04:18.486 [main] INFO  c.r.s.elasticsearch.ElasticSearchServer - Starting the Elastic Search server node:
22:04:18.491 [main] INFO  org.elasticsearch.node - [ticket.node] {0.90.2}[25471]: initializing ...
22:04:18.492 [main] INFO  org.elasticsearch.plugins - [ticket.node] loaded [action-updatebyquery], sites []
22:04:19.864 [main] INFO  org.elasticsearch.node - [ticket.node] {0.90.2}[25471]: initialized
22:04:19.865 [main] INFO  c.r.s.elasticsearch.ElasticSearchServer - Starting the Elastic Search server node with these settings:
22:04:19.867 [main] INFO  c.r.s.elasticsearch.ElasticSearchServer - Elasticsearch Settings :  [elastic.config.path:/var/lib/jenkins/jobs/Samatha Fork/workspace/service/target/properties/local/elasticsearch, path.data:/var/lib/jenkins/jobs/Samatha Fork/workspace/service/target/elasticsearch/data, cluster.name:ticket.cluster, ticket.search.allowedNestedParams:account.contacts.name,account.contacts.role,account.contacts.sso, core.secondpass.lookbacktime.minutes:15, http.connection.timeout.in.milliseconds:65000, index.analysis.analyzer.search_standard.type:standard, cluster.health.check.wait.time.seconds:120, path.conf:/var/lib/jenkins/jobs/Samatha Fork/workspace/service/target/properties/local/elasticsearch, syncRequest.max.documents.size:250, ticket.ongoingsync.delay.seconds:2, core.account.caching.enabled:true, path.logs:/var/lib/jenkins/jobs/Samatha Fork/workspace/service/target/elasticsearch/logs, http.enabled:true, ticket.document.idName:number, core.api.endpoint:https://ws.integration.core.rackspace.com/ctkapi, transport.tcp.compress:true, account.highprofile.name:HIGH_PROFILE, core.ongoingsync.loopback.time.seconds:120, account.cache.expiration.time.minutes:120, account.api.username:hybrid_ui, ticket.index.name:ticket, admin.index.name:admin, default.page.size:100, indices.structure:/indices_structure.json, account.filter.necessary.updates:true, index.store.fs.memory.enabled:false, index.number_of_shards:5, syncRequest.search.allowedRangeParams:createdAt,lastRunAt,documentLastUpdatedTimestamp, admin.document.type:syncJob, node.data:true, max.page.size:500, node.name:ticket.node, ticket.core.date.timezone:CST, ticket.search.allowedRangeParams:createdAt,updatedAt,lastPublicCommentDate,updateEventDate,documentLastUpdatedTimestamp, account.document.type:account, core.driver.class:org.postgresql.Driver, ticket.cache.expiration.time.minutes:120, core.api.username:rcameron, syncRequest.document.idName:id, discovery.zen.ping.multicast.enabled:false, core.db.url:jdbc:postgresql://integration.db.core.rackspace.com:5432/core_dev, account.update.tickets.pageSize:250, core.account.updates.enabled:true, account.document.versionParam:updatedAt, index.analysis.analyzer.search_standard.filter:[lowercase], bootstrap.mlockall:true, ticket.core.dateformat:yyyy-MM-dd HH:mm:ss, coreaccount.document.type:coreaccount, coreticket.onetimesync.usedb:true, node.master:true, coreaccount.document.idName:id, syncRequest.document.type:syncRequest, core.account.filter.necessary.updates:true, index.number_of_replicas:0, account.api.events.path:v1.0/accounts/events.atom, account.index.name:account, ticket.document.versionParam:updateEventDate, ticket.core.dateformat.with.millis:yyyy-MM-dd HH:mm:ss.SSSSSS, core.account.cache.expiration.time.minutes:120, ticket.document.type:ticket, account.caching.enabled:true, coreaccount.document.versionParam:updatedAt, ticket.caching.enabled:true, admin.document.idName:name, syncRequest.search.allowedTermParams:documentType,status,createdAt,lastRunAt,documentLastUpdatedTimestamp, core.secondpass.enabled:true, account.api.accounts.path:v1.0/accounts, cluster.routing.allocation.awareness.attributes:machine, facets.display.count:100, core.db.username:usq_read, node.machine:ticket.node, syncRequest.index.name:admin, ticket.search.allowedTermParams:sourceSystem,number,createdAt,updatedAt,updateEventDate,lastPublicCommentDate,status,queue.name,category,categoryObj.name,categoryObj.id,priority,assignee.name,hasWindowsServers,hasLinuxServers,severityName,assignee.sso,queue.id,accountServiceLevel,accountTeamTerritoryCode,account.serviceLevel,account.teamTerritoryCode,statusTypes,account.team,account.id,account.rcn,account.status,account.highProfile,documentLastUpdatedTimestamp,account.teamSegment,submitter.name,submitter.sso,account.contacts.name,account.contacts.role,account.contacts.sso,subCategoryObj.name,subCategoryObj.id,assignee.id,submitter.id, use.updateByQueryPlugin:false, account.api.endpoint:https://test.account.api.rackspace.com/, updated.timestamp.field.name:documentLastUpdatedTimestamp, ticket.elastic.dateformat:yyyy-MM-dd&apos;T&apos;HH:mm:ss.SSSZ, action.auto_create_index:1, account.document.idName:id, name:ticket.node] 
22:04:19.868 [main] INFO  org.elasticsearch.node - [ticket.node] {0.90.2}[25471]: starting ...
22:04:19.898 [main] INFO  org.elasticsearch.transport - [ticket.node] bound_address {inet[/0:0:0:0:0:0:0:0:9300]}, publish_address {inet[/10.14.208.252:9300]}
22:04:22.970 [elasticsearch[ticket.node][clusterService#updateTask][T#1]] INFO  org.elasticsearch.cluster.service - [ticket.node] new_master [ticket.node][wsgaqVQeSGWG6Pv456q4nA][inet[/10.14.208.252:9300]]{machine=ticket.node, master=true}, reason: zen-disco-join (elected_as_master)
22:04:23.294 [main] INFO  org.elasticsearch.discovery - [ticket.node] ticket.cluster/wsgaqVQeSGWG6Pv456q4nA
22:04:23.303 [elasticsearch[ticket.node][clusterService#updateTask][T#1]] INFO  org.elasticsearch.gateway - [ticket.node] recovered [0] indices into cluster_state
22:04:23.553 [main] INFO  org.elasticsearch.http - [ticket.node] bound_address {inet[/0:0:0:0:0:0:0:0:9200]}, publish_address {inet[/10.14.208.252:9200]}
22:04:23.554 [main] INFO  org.elasticsearch.node - [ticket.node] {0.90.2}[25471]: started
22:04:23.554 [main] INFO  c.r.s.elasticsearch.ElasticSearchServer - Elastic Search server is started.
22:04:23.555 [main] INFO  c.r.s.elasticsearch.ElasticSearchServer - ES cluster status is GREEN. Waiting for ES recovery.
22:04:23.556 [main] INFO  c.r.s.elasticsearch.ElasticSearchServer - Elastic Search Cluster Staus is GREEN
22:04:24.602 [main] ERROR c.r.s.e.client.ElasticSearchClient - Index is missing
org.elasticsearch.indices.IndexMissingException: [admin] missing
	at org.elasticsearch.cluster.metadata.MetaData.concreteIndex(MetaData.java:616) ~[elasticsearch-0.90.2.jar:na]
	at org.elasticsearch.action.get.TransportGetAction.resolveRequest(TransportGetAction.java:90) ~[elasticsearch-0.90.2.jar:na]
	at org.elasticsearch.action.get.TransportGetAction.resolveRequest(TransportGetAction.java:42) ~[elasticsearch-0.90.2.jar:na]
	at org.elasticsearch.action.support.single.shard.TransportShardSingleOperationAction$AsyncSingleAction.&lt;init&gt;(TransportShardSingleOperationAction.java:114) ~[elasticsearch-0.90.2.jar:na]
	at org.elasticsearch.action.support.single.shard.TransportShardSingleOperationAction$AsyncSingleAction.&lt;init&gt;(TransportShardSingleOperationAction.java:94) ~[elasticsearch-0.90.2.jar:na]
	at org.elasticsearch.action.support.single.shard.TransportShardSingleOperationAction.doExecute(TransportShardSingleOperationAction.java:71) ~[elasticsearch-0.90.2.jar:na]
	at org.elasticsearch.action.support.single.shard.TransportShardSingleOperationAction.doExecute(TransportShardSingleOperationAction.java:46) ~[elasticsearch-0.90.2.jar:na]
	at org.elasticsearch.action.support.TransportAction.execute(TransportAction.java:61) ~[elasticsearch-0.90.2.jar:na]
	at org.elasticsearch.client.node.NodeClient.execute(NodeClient.java:92) ~[elasticsearch-0.90.2.jar:na]
	at org.elasticsearch.client.support.AbstractClient.get(AbstractClient.java:179) ~[elasticsearch-0.90.2.jar:na]
	at org.elasticsearch.action.get.GetRequestBuilder.doExecute(GetRequestBuilder.java:112) ~[elasticsearch-0.90.2.jar:na]
	at org.elasticsearch.action.ActionRequestBuilder.execute(ActionRequestBuilder.java:62) ~[elasticsearch-0.90.2.jar:na]
	at org.elasticsearch.action.ActionRequestBuilder.execute(ActionRequestBuilder.java:57) ~[elasticsearch-0.90.2.jar:na]
	at org.elasticsearch.action.ActionRequestBuilder$execute.call(Unknown Source) ~[na:na]
	at com.rackspace.search.elasticsearch.client.ElasticSearchClient.getDocument(ElasticSearchClient.groovy:209) ~[classes/:na]
	at com.rackspace.search.elasticsearch.client.ElasticSearchClient$getDocument.call(Unknown Source) [classes/:na]
	at com.rackspace.search.service.JobService.getJob(JobService.groovy:56) [classes/:na]
	at com.rackspace.search.service.JobService$getJob$0.callCurrent(Unknown Source) [classes/:na]
	at com.rackspace.search.service.JobService.getJob(JobService.groovy:52) [classes/:na]
	at com.rackspace.search.service.JobService$getJob.call(Unknown Source) [classes/:na]
	at com.rackspace.search.service.admin.AccountOndemandSyncJob.windupActivities(AccountOndemandSyncJob.groovy:119) [classes/:na]
	at sun.reflect.NativeMethodAccessorImpl.invoke0(Native Method) ~[na:1.6.0_38]
	at sun.reflect.NativeMethodAccessorImpl.invoke(NativeMethodAccessorImpl.java:39) ~[na:1.6.0_38]
	at sun.reflect.DelegatingMethodAccessorImpl.invoke(DelegatingMethodAccessorImpl.java:25) ~[na:1.6.0_38]
	at java.lang.reflect.Method.invoke(Method.java:597) ~[na:1.6.0_38]
	at org.springframework.beans.factory.annotation.InitDestroyAnnotationBeanPostProcessor$LifecycleElement.invoke(InitDestroyAnnotationBeanPostProcessor.java:340) [spring-beans-3.0.6.RELEASE.jar:3.0.6.RELEASE]
	at org.springframework.beans.factory.annotation.InitDestroyAnnotationBeanPostProcessor$LifecycleMetadata.invokeDestroyMethods(InitDestroyAnnotationBeanPostProcessor.java:305) [spring-beans-3.0.6.RELEASE.jar:3.0.6.RELEASE]
	at org.springframework.beans.factory.annotation.InitDestroyAnnotationBeanPostProcessor.postProcessBeforeDestruction(InitDestroyAnnotationBeanPostProcessor.java:148) [spring-beans-3.0.6.RELEASE.jar:3.0.6.RELEASE]
	at org.springframework.beans.factory.support.DisposableBeanAdapter.destroy(DisposableBeanAdapter.java:166) [spring-beans-3.0.6.RELEASE.jar:3.0.6.RELEASE]
	at org.springframework.beans.factory.support.DefaultSingletonBeanRegistry.destroyBean(DefaultSingletonBeanRegistry.java:487) [spring-beans-3.0.6.RELEASE.jar:3.0.6.RELEASE]
	at org.springframework.beans.factory.support.DefaultSingletonBeanRegistry.destroySingleton(DefaultSingletonBeanRegistry.java:463) [spring-beans-3.0.6.RELEASE.jar:3.0.6.RELEASE]
	at org.springframework.beans.factory.support.DefaultSingletonBeanRegistry.destroySingletons(DefaultSingletonBeanRegistry.java:431) [spring-beans-3.0.6.RELEASE.jar:3.0.6.RELEASE]
	at org.springframework.context.support.AbstractApplicationContext.destroyBeans(AbstractApplicationContext.java:1048) [spring-context-3.0.6.RELEASE.jar:3.0.6.RELEASE]
	at org.springframework.context.support.AbstractApplicationContext.refresh(AbstractApplicationContext.java:433) [spring-context-3.0.6.RELEASE.jar:3.0.6.RELEASE]
	at org.springframework.test.context.support.AbstractGenericContextLoader.loadContext(AbstractGenericContextLoader.java:84) [spring-test-3.0.6.RELEASE.jar:3.0.6.RELEASE]
	at org.springframework.test.context.support.AbstractGenericContextLoader.loadContext(AbstractGenericContextLoader.java:1) [spring-test-3.0.6.RELEASE.jar:3.0.6.RELEASE]
	at org.springframework.test.context.TestContext.loadApplicationContext(TestContext.java:280) [spring-test-3.0.6.RELEASE.jar:3.0.6.RELEASE]
	at org.springframework.test.context.TestContext.getApplicationContext(TestContext.java:304) [spring-test-3.0.6.RELEASE.jar:3.0.6.RELEASE]
	at org.springframework.test.context.support.DependencyInjectionTestExecutionListener.injectDependencies(DependencyInjectionTestExecutionListener.java:109) [spring-test-3.0.6.RELEASE.jar:3.0.6.RELEASE]
	at org.springframework.test.context.support.DependencyInjectionTestExecutionListener.prepareTestInstance(DependencyInjectionTestExecutionListener.java:75) [spring-test-3.0.6.RELEASE.jar:3.0.6.RELEASE]
	at org.springframework.test.context.TestContextManager.prepareTestInstance(TestContextManager.java:321) [spring-test-3.0.6.RELEASE.jar:3.0.6.RELEASE]
	at org.spockframework.spring.SpringTestContextManager.prepareTestInstance(SpringTestContextManager.java:49) [spock-spring-0.7-groovy-2.0.jar:na]
	at org.spockframework.spring.SpringInterceptor.interceptSetupMethod(SpringInterceptor.java:42) [spock-spring-0.7-groovy-2.0.jar:na]
	at org.spockframework.runtime.extension.AbstractMethodInterceptor.intercept(AbstractMethodInterceptor.java:28) [spock-core-0.7-groovy-2.0.jar:na]
	at org.spockframework.runtime.extension.MethodInvocation.proceed(MethodInvocation.java:84) [spock-core-0.7-groovy-2.0.jar:na]
	at org.spockframework.runtime.BaseSpecRunner.invoke(BaseSpecRunner.java:319) [spock-core-0.7-groovy-2.0.jar:na]
	at org.spockframework.runtime.BaseSpecRunner.invokeSetup(BaseSpecRunner.java:279) [spock-core-0.7-groovy-2.0.jar:na]
	at org.spockframework.runtime.BaseSpecRunner.doRunIteration(BaseSpecRunner.java:255) [spock-core-0.7-groovy-2.0.jar:na]
	at sun.reflect.GeneratedMethodAccessor5.invoke(Unknown Source) ~[na:na]
	at sun.reflect.DelegatingMethodAccessorImpl.invoke(DelegatingMethodAccessorImpl.java:25) ~[na:1.6.0_38]
	at java.lang.reflect.Method.invoke(Method.java:597) ~[na:1.6.0_38]
	at org.spockframework.util.ReflectionUtil.invokeMethod(ReflectionUtil.java:138) [spock-core-0.7-groovy-2.0.jar:na]
	at org.spockframework.runtime.BaseSpecRunner.invokeRaw(BaseSpecRunner.java:330) [spock-core-0.7-groovy-2.0.jar:na]
	at org.spockframework.runtime.BaseSpecRunner.invoke(BaseSpecRunner.java:311) [spock-core-0.7-groovy-2.0.jar:na]
	at org.spockframework.runtime.BaseSpecRunner.runIteration(BaseSpecRunner.java:223) [spock-core-0.7-groovy-2.0.jar:na]
	at org.spockframework.runtime.BaseSpecRunner.initializeAndRunIteration(BaseSpecRunner.java:214) [spock-core-0.7-groovy-2.0.jar:na]
	at org.spockframework.runtime.BaseSpecRunner.runSimpleFeature(BaseSpecRunner.java:205) [spock-core-0.7-groovy-2.0.jar:na]
	at org.spockframework.runtime.BaseSpecRunner.doRunFeature(BaseSpecRunner.java:199) [spock-core-0.7-groovy-2.0.jar:na]
	at sun.reflect.GeneratedMethodAccessor7.invoke(Unknown Source) ~[na:na]
	at sun.reflect.DelegatingMethodAccessorImpl.invoke(DelegatingMethodAccessorImpl.java:25) ~[na:1.6.0_38]
	at java.lang.reflect.Method.invoke(Method.java:597) ~[na:1.6.0_38]
	at org.spockframework.util.ReflectionUtil.invokeMethod(ReflectionUtil.java:138) [spock-core-0.7-groovy-2.0.jar:na]
	at org.spockframework.runtime.BaseSpecRunner.invokeRaw(BaseSpecRunner.java:330) [spock-core-0.7-groovy-2.0.jar:na]
	at org.spockframework.runtime.BaseSpecRunner.invoke(BaseSpecRunner.java:311) [spock-core-0.7-groovy-2.0.jar:na]
	at org.spockframework.runtime.BaseSpecRunner.runFeature(BaseSpecRunner.java:175) [spock-core-0.7-groovy-2.0.jar:na]
	at org.spockframework.runtime.BaseSpecRunner.runFeatures(BaseSpecRunner.java:152) [spock-core-0.7-groovy-2.0.jar:na]
	at org.spockframework.runtime.BaseSpecRunner.doRunSpec(BaseSpecRunner.java:112) [spock-core-0.7-groovy-2.0.jar:na]
	at sun.reflect.GeneratedMethodAccessor11.invoke(Unknown Source) ~[na:na]
	at sun.reflect.DelegatingMethodAccessorImpl.invoke(DelegatingMethodAccessorImpl.java:25) ~[na:1.6.0_38]
	at java.lang.reflect.Method.invoke(Method.java:597) ~[na:1.6.0_38]
	at org.spockframework.util.ReflectionUtil.invokeMethod(ReflectionUtil.java:138) [spock-core-0.7-groovy-2.0.jar:na]
	at org.spockframework.runtime.BaseSpecRunner.invokeRaw(BaseSpecRunner.java:330) [spock-core-0.7-groovy-2.0.jar:na]
	at org.spockframework.runtime.BaseSpecRunner.invoke(BaseSpecRunner.java:311) [spock-core-0.7-groovy-2.0.jar:na]
	at org.spockframework.runtime.BaseSpecRunner.runSpec(BaseSpecRunner.java:91) [spock-core-0.7-groovy-2.0.jar:na]
	at org.spockframework.runtime.BaseSpecRunner.run(BaseSpecRunner.java:82) [spock-core-0.7-groovy-2.0.jar:na]
	at org.spockframework.runtime.Sputnik.run(Sputnik.java:63) [spock-core-0.7-groovy-2.0.jar:na]
	at org.apache.maven.surefire.junit4.JUnit4TestSet.execute(JUnit4TestSet.java:53) [surefire-junit4-2.10.jar:2.10]
	at org.apache.maven.surefire.junit4.JUnit4Provider.executeTestSet(JUnit4Provider.java:123) [surefire-junit4-2.10.jar:2.10]
	at org.apache.maven.surefire.junit4.JUnit4Provider.invoke(JUnit4Provider.java:104) [surefire-junit4-2.10.jar:2.10]
	at sun.reflect.NativeMethodAccessorImpl.invoke0(Native Method) ~[na:1.6.0_38]
	at sun.reflect.NativeMethodAccessorImpl.invoke(NativeMethodAccessorImpl.java:39) ~[na:1.6.0_38]
	at sun.reflect.DelegatingMethodAccessorImpl.invoke(DelegatingMethodAccessorImpl.java:25) ~[na:1.6.0_38]
	at java.lang.reflect.Method.invoke(Method.java:597) ~[na:1.6.0_38]
	at org.apache.maven.surefire.util.ReflectionUtils.invokeMethodWithArray(ReflectionUtils.java:164) [surefire-api-2.10.jar:2.10]
	at org.apache.maven.surefire.booter.ProviderFactory$ProviderProxy.invoke(ProviderFactory.java:110) [surefire-booter-2.10.jar:2.10]
	at org.apache.maven.surefire.booter.SurefireStarter.invokeProvider(SurefireStarter.java:175) [surefire-booter-2.10.jar:2.10]
	at org.apache.maven.surefire.booter.SurefireStarter.runSuitesInProcessWhenForked(SurefireStarter.java:107) [surefire-booter-2.10.jar:2.10]
	at org.apache.maven.surefire.booter.ForkedBooter.main(ForkedBooter.java:68) [surefire-booter-2.10.jar:2.10]
22:04:24.615 [main] WARN  o.s.c.a.CommonAnnotationBeanPostProcessor - Invocation of destroy method failed on bean with name &apos;accountOndemandSyncJob&apos;: com.rackspace.search.exception.NotFoundException: Index is missing
22:04:24.621 [main] ERROR c.r.s.e.client.ElasticSearchClient - Index is missing
org.elasticsearch.indices.IndexMissingException: [admin] missing
	at org.elasticsearch.cluster.metadata.MetaData.concreteIndex(MetaData.java:616) ~[elasticsearch-0.90.2.jar:na]
	at org.elasticsearch.action.get.TransportGetAction.resolveRequest(TransportGetAction.java:90) ~[elasticsearch-0.90.2.jar:na]
	at org.elasticsearch.action.get.TransportGetAction.resolveRequest(TransportGetAction.java:42) ~[elasticsearch-0.90.2.jar:na]
	at org.elasticsearch.action.support.single.shard.TransportShardSingleOperationAction$AsyncSingleAction.&lt;init&gt;(TransportShardSingleOperationAction.java:114) ~[elasticsearch-0.90.2.jar:na]
	at org.elasticsearch.action.support.single.shard.TransportShardSingleOperationAction$AsyncSingleAction.&lt;init&gt;(TransportShardSingleOperationAction.java:94) ~[elasticsearch-0.90.2.jar:na]
	at org.elasticsearch.action.support.single.shard.TransportShardSingleOperationAction.doExecute(TransportShardSingleOperationAction.java:71) ~[elasticsearch-0.90.2.jar:na]
	at org.elasticsearch.action.support.single.shard.TransportShardSingleOperationAction.doExecute(TransportShardSingleOperationAction.java:46) ~[elasticsearch-0.90.2.jar:na]
	at org.elasticsearch.action.support.TransportAction.execute(TransportAction.java:61) ~[elasticsearch-0.90.2.jar:na]
	at org.elasticsearch.client.node.NodeClient.execute(NodeClient.java:92) ~[elasticsearch-0.90.2.jar:na]
	at org.elasticsearch.client.support.AbstractClient.get(AbstractClient.java:179) ~[elasticsearch-0.90.2.jar:na]
	at org.elasticsearch.action.get.GetRequestBuilder.doExecute(GetRequestBuilder.java:112) ~[elasticsearch-0.90.2.jar:na]
	at org.elasticsearch.action.ActionRequestBuilder.execute(ActionRequestBuilder.java:62) ~[elasticsearch-0.90.2.jar:na]
	at org.elasticsearch.action.ActionRequestBuilder.execute(ActionRequestBuilder.java:57) ~[elasticsearch-0.90.2.jar:na]
	at org.elasticsearch.action.ActionRequestBuilder$execute.call(Unknown Source) ~[na:na]
	at com.rackspace.search.elasticsearch.client.ElasticSearchClient.getDocument(ElasticSearchClient.groovy:209) ~[classes/:na]
	at com.rackspace.search.elasticsearch.client.ElasticSearchClient$getDocument.call(Unknown Source) [classes/:na]
	at com.rackspace.search.service.JobService.getJob(JobService.groovy:56) [classes/:na]
	at com.rackspace.search.service.JobService$getJob$0.callCurrent(Unknown Source) [classes/:na]
	at com.rackspace.search.service.JobService.getJob(JobService.groovy:52) [classes/:na]
	at com.rackspace.search.service.JobService$getJob.call(Unknown Source) [classes/:na]
	at com.rackspace.search.service.account.CoreAccountOnetimeSyncJob.windupActivities(CoreAccountOnetimeSyncJob.groovy:58) [classes/:na]
	at sun.reflect.NativeMethodAccessorImpl.invoke0(Native Method) ~[na:1.6.0_38]
	at sun.reflect.NativeMethodAccessorImpl.invoke(NativeMethodAccessorImpl.java:39) ~[na:1.6.0_38]
	at sun.reflect.DelegatingMethodAccessorImpl.invoke(DelegatingMethodAccessorImpl.java:25) ~[na:1.6.0_38]
	at java.lang.reflect.Method.invoke(Method.java:597) ~[na:1.6.0_38]
	at org.springframework.beans.factory.annotation.InitDestroyAnnotationBeanPostProcessor$LifecycleElement.invoke(InitDestroyAnnotationBeanPostProcessor.java:340) [spring-beans-3.0.6.RELEASE.jar:3.0.6.RELEASE]
	at org.springframework.beans.factory.annotation.InitDestroyAnnotationBeanPostProcessor$LifecycleMetadata.invokeDestroyMethods(InitDestroyAnnotationBeanPostProcessor.java:305) [spring-beans-3.0.6.RELEASE.jar:3.0.6.RELEASE]
	at org.springframework.beans.factory.annotation.InitDestroyAnnotationBeanPostProcessor.postProcessBeforeDestruction(InitDestroyAnnotationBeanPostProcessor.java:148) [spring-beans-3.0.6.RELEASE.jar:3.0.6.RELEASE]
	at org.springframework.beans.factory.support.DisposableBeanAdapter.destroy(DisposableBeanAdapter.java:166) [spring-beans-3.0.6.RELEASE.jar:3.0.6.RELEASE]
	at org.springframework.beans.factory.support.DefaultSingletonBeanRegistry.destroyBean(DefaultSingletonBeanRegistry.java:487) [spring-beans-3.0.6.RELEASE.jar:3.0.6.RELEASE]
	at org.springframework.beans.factory.support.DefaultSingletonBeanRegistry.destroySingleton(DefaultSingletonBeanRegistry.java:463) [spring-beans-3.0.6.RELEASE.jar:3.0.6.RELEASE]
	at org.springframework.beans.factory.support.DefaultSingletonBeanRegistry.destroySingletons(DefaultSingletonBeanRegistry.java:431) [spring-beans-3.0.6.RELEASE.jar:3.0.6.RELEASE]
	at org.springframework.context.support.AbstractApplicationContext.destroyBeans(AbstractApplicationContext.java:1048) [spring-context-3.0.6.RELEASE.jar:3.0.6.RELEASE]
	at org.springframework.context.support.AbstractApplicationContext.refresh(AbstractApplicationContext.java:433) [spring-context-3.0.6.RELEASE.jar:3.0.6.RELEASE]
	at org.springframework.test.context.support.AbstractGenericContextLoader.loadContext(AbstractGenericContextLoader.java:84) [spring-test-3.0.6.RELEASE.jar:3.0.6.RELEASE]
	at org.springframework.test.context.support.AbstractGenericContextLoader.loadContext(AbstractGenericContextLoader.java:1) [spring-test-3.0.6.RELEASE.jar:3.0.6.RELEASE]
	at org.springframework.test.context.TestContext.loadApplicationContext(TestContext.java:280) [spring-test-3.0.6.RELEASE.jar:3.0.6.RELEASE]
	at org.springframework.test.context.TestContext.getApplicationContext(TestContext.java:304) [spring-test-3.0.6.RELEASE.jar:3.0.6.RELEASE]
	at org.springframework.test.context.support.DependencyInjectionTestExecutionListener.injectDependencies(DependencyInjectionTestExecutionListener.java:109) [spring-test-3.0.6.RELEASE.jar:3.0.6.RELEASE]
	at org.springframework.test.context.support.DependencyInjectionTestExecutionListener.prepareTestInstance(DependencyInjectionTestExecutionListener.java:75) [spring-test-3.0.6.RELEASE.jar:3.0.6.RELEASE]
	at org.springframework.test.context.TestContextManager.prepareTestInstance(TestContextManager.java:321) [spring-test-3.0.6.RELEASE.jar:3.0.6.RELEASE]
	at org.spockframework.spring.SpringTestContextManager.prepareTestInstance(SpringTestContextManager.java:49) [spock-spring-0.7-groovy-2.0.jar:na]
	at org.spockframework.spring.SpringInterceptor.interceptSetupMethod(SpringInterceptor.java:42) [spock-spring-0.7-groovy-2.0.jar:na]
	at org.spockframework.runtime.extension.AbstractMethodInterceptor.intercept(AbstractMethodInterceptor.java:28) [spock-core-0.7-groovy-2.0.jar:na]
	at org.spockframework.runtime.extension.MethodInvocation.proceed(MethodInvocation.java:84) [spock-core-0.7-groovy-2.0.jar:na]
	at org.spockframework.runtime.BaseSpecRunner.invoke(BaseSpecRunner.java:319) [spock-core-0.7-groovy-2.0.jar:na]
	at org.spockframework.runtime.BaseSpecRunner.invokeSetup(BaseSpecRunner.java:279) [spock-core-0.7-groovy-2.0.jar:na]
	at org.spockframework.runtime.BaseSpecRunner.doRunIteration(BaseSpecRunner.java:255) [spock-core-0.7-groovy-2.0.jar:na]
	at sun.reflect.GeneratedMethodAccessor5.invoke(Unknown Source) ~[na:na]
	at sun.reflect.DelegatingMethodAccessorImpl.invoke(DelegatingMethodAccessorImpl.java:25) ~[na:1.6.0_38]
	at java.lang.reflect.Method.invoke(Method.java:597) ~[na:1.6.0_38]
	at org.spockframework.util.ReflectionUtil.invokeMethod(ReflectionUtil.java:138) [spock-core-0.7-groovy-2.0.jar:na]
	at org.spockframework.runtime.BaseSpecRunner.invokeRaw(BaseSpecRunner.java:330) [spock-core-0.7-groovy-2.0.jar:na]
	at org.spockframework.runtime.BaseSpecRunner.invoke(BaseSpecRunner.java:311) [spock-core-0.7-groovy-2.0.jar:na]
	at org.spockframework.runtime.BaseSpecRunner.runIteration(BaseSpecRunner.java:223) [spock-core-0.7-groovy-2.0.jar:na]
	at org.spockframework.runtime.BaseSpecRunner.initializeAndRunIteration(BaseSpecRunner.java:214) [spock-core-0.7-groovy-2.0.jar:na]
	at org.spockframework.runtime.BaseSpecRunner.runSimpleFeature(BaseSpecRunner.java:205) [spock-core-0.7-groovy-2.0.jar:na]
	at org.spockframework.runtime.BaseSpecRunner.doRunFeature(BaseSpecRunner.java:199) [spock-core-0.7-groovy-2.0.jar:na]
	at sun.reflect.GeneratedMethodAccessor7.invoke(Unknown Source) ~[na:na]
	at sun.reflect.DelegatingMethodAccessorImpl.invoke(DelegatingMethodAccessorImpl.java:25) ~[na:1.6.0_38]
	at java.lang.reflect.Method.invoke(Method.java:597) ~[na:1.6.0_38]
	at org.spockframework.util.ReflectionUtil.invokeMethod(ReflectionUtil.java:138) [spock-core-0.7-groovy-2.0.jar:na]
	at org.spockframework.runtime.BaseSpecRunner.invokeRaw(BaseSpecRunner.java:330) [spock-core-0.7-groovy-2.0.jar:na]
	at org.spockframework.runtime.BaseSpecRunner.invoke(BaseSpecRunner.java:311) [spock-core-0.7-groovy-2.0.jar:na]
	at org.spockframework.runtime.BaseSpecRunner.runFeature(BaseSpecRunner.java:175) [spock-core-0.7-groovy-2.0.jar:na]
	at org.spockframework.runtime.BaseSpecRunner.runFeatures(BaseSpecRunner.java:152) [spock-core-0.7-groovy-2.0.jar:na]
	at org.spockframework.runtime.BaseSpecRunner.doRunSpec(BaseSpecRunner.java:112) [spock-core-0.7-groovy-2.0.jar:na]
	at sun.reflect.GeneratedMethodAccessor11.invoke(Unknown Source) ~[na:na]
	at sun.reflect.DelegatingMethodAccessorImpl.invoke(DelegatingMethodAccessorImpl.java:25) ~[na:1.6.0_38]
	at java.lang.reflect.Method.invoke(Method.java:597) ~[na:1.6.0_38]
	at org.spockframework.util.ReflectionUtil.invokeMethod(ReflectionUtil.java:138) [spock-core-0.7-groovy-2.0.jar:na]
	at org.spockframework.runtime.BaseSpecRunner.invokeRaw(BaseSpecRunner.java:330) [spock-core-0.7-groovy-2.0.jar:na]
	at org.spockframework.runtime.BaseSpecRunner.invoke(BaseSpecRunner.java:311) [spock-core-0.7-groovy-2.0.jar:na]
	at org.spockframework.runtime.BaseSpecRunner.runSpec(BaseSpecRunner.java:91) [spock-core-0.7-groovy-2.0.jar:na]
	at org.spockframework.runtime.BaseSpecRunner.run(BaseSpecRunner.java:82) [spock-core-0.7-groovy-2.0.jar:na]
	at org.spockframework.runtime.Sputnik.run(Sputnik.java:63) [spock-core-0.7-groovy-2.0.jar:na]
	at org.apache.maven.surefire.junit4.JUnit4TestSet.execute(JUnit4TestSet.java:53) [surefire-junit4-2.10.jar:2.10]
	at org.apache.maven.surefire.junit4.JUnit4Provider.executeTestSet(JUnit4Provider.java:123) [surefire-junit4-2.10.jar:2.10]
	at org.apache.maven.surefire.junit4.JUnit4Provider.invoke(JUnit4Provider.java:104) [surefire-junit4-2.10.jar:2.10]
	at sun.reflect.NativeMethodAccessorImpl.invoke0(Native Method) ~[na:1.6.0_38]
	at sun.reflect.NativeMethodAccessorImpl.invoke(NativeMethodAccessorImpl.java:39) ~[na:1.6.0_38]
	at sun.reflect.DelegatingMethodAccessorImpl.invoke(DelegatingMethodAccessorImpl.java:25) ~[na:1.6.0_38]
	at java.lang.reflect.Method.invoke(Method.java:597) ~[na:1.6.0_38]
	at org.apache.maven.surefire.util.ReflectionUtils.invokeMethodWithArray(ReflectionUtils.java:164) [surefire-api-2.10.jar:2.10]
	at org.apache.maven.surefire.booter.ProviderFactory$ProviderProxy.invoke(ProviderFactory.java:110) [surefire-booter-2.10.jar:2.10]
	at org.apache.maven.surefire.booter.SurefireStarter.invokeProvider(SurefireStarter.java:175) [surefire-booter-2.10.jar:2.10]
	at org.apache.maven.surefire.booter.SurefireStarter.runSuitesInProcessWhenForked(SurefireStarter.java:107) [surefire-booter-2.10.jar:2.10]
	at org.apache.maven.surefire.booter.ForkedBooter.main(ForkedBooter.java:68) [surefire-booter-2.10.jar:2.10]
22:04:24.623 [main] WARN  o.s.c.a.CommonAnnotationBeanPostProcessor - Invocation of destroy method failed on bean with name &apos;coreAccountOnetimeSyncJob&apos;: com.rackspace.search.exception.NotFoundException: Index is missing
22:04:24.880 [main] ERROR c.r.s.e.client.ElasticSearchClient - Index is missing
org.elasticsearch.indices.IndexMissingException: [admin] missing
	at org.elasticsearch.cluster.metadata.MetaData.concreteIndex(MetaData.java:616) ~[elasticsearch-0.90.2.jar:na]
	at org.elasticsearch.action.get.TransportGetAction.resolveRequest(TransportGetAction.java:90) ~[elasticsearch-0.90.2.jar:na]
	at org.elasticsearch.action.get.TransportGetAction.resolveRequest(TransportGetAction.java:42) ~[elasticsearch-0.90.2.jar:na]
	at org.elasticsearch.action.support.single.shard.TransportShardSingleOperationAction$AsyncSingleAction.&lt;init&gt;(TransportShardSingleOperationAction.java:114) ~[elasticsearch-0.90.2.jar:na]
	at org.elasticsearch.action.support.single.shard.TransportShardSingleOperationAction$AsyncSingleAction.&lt;init&gt;(TransportShardSingleOperationAction.java:94) ~[elasticsearch-0.90.2.jar:na]
	at org.elasticsearch.action.support.single.shard.TransportShardSingleOperationAction.doExecute(TransportShardSingleOperationAction.java:71) ~[elasticsearch-0.90.2.jar:na]
	at org.elasticsearch.action.support.single.shard.TransportShardSingleOperationAction.doExecute(TransportShardSingleOperationAction.java:46) ~[elasticsearch-0.90.2.jar:na]
	at org.elasticsearch.action.support.TransportAction.execute(TransportAction.java:61) ~[elasticsearch-0.90.2.jar:na]
	at org.elasticsearch.client.node.NodeClient.execute(NodeClient.java:92) ~[elasticsearch-0.90.2.jar:na]
	at org.elasticsearch.client.support.AbstractClient.get(AbstractClient.java:179) ~[elasticsearch-0.90.2.jar:na]
	at org.elasticsearch.action.get.GetRequestBuilder.doExecute(GetRequestBuilder.java:112) ~[elasticsearch-0.90.2.jar:na]
	at org.elasticsearch.action.ActionRequestBuilder.execute(ActionRequestBuilder.java:62) ~[elasticsearch-0.90.2.jar:na]
	at org.elasticsearch.action.ActionRequestBuilder.execute(ActionRequestBuilder.java:57) ~[elasticsearch-0.90.2.jar:na]
	at org.elasticsearch.action.ActionRequestBuilder$execute.call(Unknown Source) ~[na:na]
	at com.rackspace.search.elasticsearch.client.ElasticSearchClient.getDocument(ElasticSearchClient.groovy:209) ~[classes/:na]
	at com.rackspace.search.elasticsearch.client.ElasticSearchClient$getDocument.call(Unknown Source) [classes/:na]
	at com.rackspace.search.service.JobService.getJob(JobService.groovy:56) [classes/:na]
	at com.rackspace.search.service.JobService$getJob$0.callCurrent(Unknown Source) [classes/:na]
	at com.rackspace.search.service.JobService.getJob(JobService.groovy:52) [classes/:na]
	at com.rackspace.search.service.JobService$getJob.call(Unknown Source) [classes/:na]
	at com.rackspace.search.service.account.CoreAccountUpdateSyncJob.windupActivities(CoreAccountUpdateSyncJob.groovy:88) [classes/:na]
	at sun.reflect.NativeMethodAccessorImpl.invoke0(Native Method) ~[na:1.6.0_38]
	at sun.reflect.NativeMethodAccessorImpl.invoke(NativeMethodAccessorImpl.java:39) ~[na:1.6.0_38]
	at sun.reflect.DelegatingMethodAccessorImpl.invoke(DelegatingMethodAccessorImpl.java:25) ~[na:1.6.0_38]
	at java.lang.reflect.Method.invoke(Method.java:597) ~[na:1.6.0_38]
	at org.springframework.beans.factory.annotation.InitDestroyAnnotationBeanPostProcessor$LifecycleElement.invoke(InitDestroyAnnotationBeanPostProcessor.java:340) [spring-beans-3.0.6.RELEASE.jar:3.0.6.RELEASE]
	at org.springframework.beans.factory.annotation.InitDestroyAnnotationBeanPostProcessor$LifecycleMetadata.invokeDestroyMethods(InitDestroyAnnotationBeanPostProcessor.java:305) [spring-beans-3.0.6.RELEASE.jar:3.0.6.RELEASE]
	at org.springframework.beans.factory.annotation.InitDestroyAnnotationBeanPostProcessor.postProcessBeforeDestruction(InitDestroyAnnotationBeanPostProcessor.java:148) [spring-beans-3.0.6.RELEASE.jar:3.0.6.RELEASE]
	at org.springframework.beans.factory.support.DisposableBeanAdapter.destroy(DisposableBeanAdapter.java:166) [spring-beans-3.0.6.RELEASE.jar:3.0.6.RELEASE]
	at org.springframework.beans.factory.support.DefaultSingletonBeanRegistry.destroyBean(DefaultSingletonBeanRegistry.java:487) [spring-beans-3.0.6.RELEASE.jar:3.0.6.RELEASE]
	at org.springframework.beans.factory.support.DefaultSingletonBeanRegistry.destroySingleton(DefaultSingletonBeanRegistry.java:463) [spring-beans-3.0.6.RELEASE.jar:3.0.6.RELEASE]
	at org.springframework.beans.factory.support.DefaultSingletonBeanRegistry.destroySingletons(DefaultSingletonBeanRegistry.java:431) [spring-beans-3.0.6.RELEASE.jar:3.0.6.RELEASE]
	at org.springframework.context.support.AbstractApplicationContext.destroyBeans(AbstractApplicationContext.java:1048) [spring-context-3.0.6.RELEASE.jar:3.0.6.RELEASE]
	at org.springframework.context.support.AbstractApplicationContext.refresh(AbstractApplicationContext.java:433) [spring-context-3.0.6.RELEASE.jar:3.0.6.RELEASE]
	at org.springframework.test.context.support.AbstractGenericContextLoader.loadContext(AbstractGenericContextLoader.java:84) [spring-test-3.0.6.RELEASE.jar:3.0.6.RELEASE]
	at org.springframework.test.context.support.AbstractGenericContextLoader.loadContext(AbstractGenericContextLoader.java:1) [spring-test-3.0.6.RELEASE.jar:3.0.6.RELEASE]
	at org.springframework.test.context.TestContext.loadApplicationContext(TestContext.java:280) [spring-test-3.0.6.RELEASE.jar:3.0.6.RELEASE]
	at org.springframework.test.context.TestContext.getApplicationContext(TestContext.java:304) [spring-test-3.0.6.RELEASE.jar:3.0.6.RELEASE]
	at org.springframework.test.context.support.DependencyInjectionTestExecutionListener.injectDependencies(DependencyInjectionTestExecutionListener.java:109) [spring-test-3.0.6.RELEASE.jar:3.0.6.RELEASE]
	at org.springframework.test.context.support.DependencyInjectionTestExecutionListener.prepareTestInstance(DependencyInjectionTestExecutionListener.java:75) [spring-test-3.0.6.RELEASE.jar:3.0.6.RELEASE]
	at org.springframework.test.context.TestContextManager.prepareTestInstance(TestContextManager.java:321) [spring-test-3.0.6.RELEASE.jar:3.0.6.RELEASE]
	at org.spockframework.spring.SpringTestContextManager.prepareTestInstance(SpringTestContextManager.java:49) [spock-spring-0.7-groovy-2.0.jar:na]
	at org.spockframework.spring.SpringInterceptor.interceptSetupMethod(SpringInterceptor.java:42) [spock-spring-0.7-groovy-2.0.jar:na]
	at org.spockframework.runtime.extension.AbstractMethodInterceptor.intercept(AbstractMethodInterceptor.java:28) [spock-core-0.7-groovy-2.0.jar:na]
	at org.spockframework.runtime.extension.MethodInvocation.proceed(MethodInvocation.java:84) [spock-core-0.7-groovy-2.0.jar:na]
	at org.spockframework.runtime.BaseSpecRunner.invoke(BaseSpecRunner.java:319) [spock-core-0.7-groovy-2.0.jar:na]
	at org.spockframework.runtime.BaseSpecRunner.invokeSetup(BaseSpecRunner.java:279) [spock-core-0.7-groovy-2.0.jar:na]
	at org.spockframework.runtime.BaseSpecRunner.doRunIteration(BaseSpecRunner.java:255) [spock-core-0.7-groovy-2.0.jar:na]
	at sun.reflect.GeneratedMethodAccessor5.invoke(Unknown Source) ~[na:na]
	at sun.reflect.DelegatingMethodAccessorImpl.invoke(DelegatingMethodAccessorImpl.java:25) ~[na:1.6.0_38]
	at java.lang.reflect.Method.invoke(Method.java:597) ~[na:1.6.0_38]
	at org.spockframework.util.ReflectionUtil.invokeMethod(ReflectionUtil.java:138) [spock-core-0.7-groovy-2.0.jar:na]
	at org.spockframework.runtime.BaseSpecRunner.invokeRaw(BaseSpecRunner.java:330) [spock-core-0.7-groovy-2.0.jar:na]
	at org.spockframework.runtime.BaseSpecRunner.invoke(BaseSpecRunner.java:311) [spock-core-0.7-groovy-2.0.jar:na]
	at org.spockframework.runtime.BaseSpecRunner.runIteration(BaseSpecRunner.java:223) [spock-core-0.7-groovy-2.0.jar:na]
	at org.spockframework.runtime.BaseSpecRunner.initializeAndRunIteration(BaseSpecRunner.java:214) [spock-core-0.7-groovy-2.0.jar:na]
	at org.spockframework.runtime.BaseSpecRunner.runSimpleFeature(BaseSpecRunner.java:205) [spock-core-0.7-groovy-2.0.jar:na]
	at org.spockframework.runtime.BaseSpecRunner.doRunFeature(BaseSpecRunner.java:199) [spock-core-0.7-groovy-2.0.jar:na]
	at sun.reflect.GeneratedMethodAccessor7.invoke(Unknown Source) ~[na:na]
	at sun.reflect.DelegatingMethodAccessorImpl.invoke(DelegatingMethodAccessorImpl.java:25) ~[na:1.6.0_38]
	at java.lang.reflect.Method.invoke(Method.java:597) ~[na:1.6.0_38]
	at org.spockframework.util.ReflectionUtil.invokeMethod(ReflectionUtil.java:138) [spock-core-0.7-groovy-2.0.jar:na]
	at org.spockframework.runtime.BaseSpecRunner.invokeRaw(BaseSpecRunner.java:330) [spock-core-0.7-groovy-2.0.jar:na]
	at org.spockframework.runtime.BaseSpecRunner.invoke(BaseSpecRunner.java:311) [spock-core-0.7-groovy-2.0.jar:na]
	at org.spockframework.runtime.BaseSpecRunner.runFeature(BaseSpecRunner.java:175) [spock-core-0.7-groovy-2.0.jar:na]
	at org.spockframework.runtime.BaseSpecRunner.runFeatures(BaseSpecRunner.java:152) [spock-core-0.7-groovy-2.0.jar:na]
	at org.spockframework.runtime.BaseSpecRunner.doRunSpec(BaseSpecRunner.java:112) [spock-core-0.7-groovy-2.0.jar:na]
	at sun.reflect.GeneratedMethodAccessor11.invoke(Unknown Source) ~[na:na]
	at sun.reflect.DelegatingMethodAccessorImpl.invoke(DelegatingMethodAccessorImpl.java:25) ~[na:1.6.0_38]
	at java.lang.reflect.Method.invoke(Method.java:597) ~[na:1.6.0_38]
	at org.spockframework.util.ReflectionUtil.invokeMethod(ReflectionUtil.java:138) [spock-core-0.7-groovy-2.0.jar:na]
	at org.spockframework.runtime.BaseSpecRunner.invokeRaw(BaseSpecRunner.java:330) [spock-core-0.7-groovy-2.0.jar:na]
	at org.spockframework.runtime.BaseSpecRunner.invoke(BaseSpecRunner.java:311) [spock-core-0.7-groovy-2.0.jar:na]
	at org.spockframework.runtime.BaseSpecRunner.runSpec(BaseSpecRunner.java:91) [spock-core-0.7-groovy-2.0.jar:na]
	at org.spockframework.runtime.BaseSpecRunner.run(BaseSpecRunner.java:82) [spock-core-0.7-groovy-2.0.jar:na]
	at org.spockframework.runtime.Sputnik.run(Sputnik.java:63) [spock-core-0.7-groovy-2.0.jar:na]
	at org.apache.maven.surefire.junit4.JUnit4TestSet.execute(JUnit4TestSet.java:53) [surefire-junit4-2.10.jar:2.10]
	at org.apache.maven.surefire.junit4.JUnit4Provider.executeTestSet(JUnit4Provider.java:123) [surefire-junit4-2.10.jar:2.10]
	at org.apache.maven.surefire.junit4.JUnit4Provider.invoke(JUnit4Provider.java:104) [surefire-junit4-2.10.jar:2.10]
	at sun.reflect.NativeMethodAccessorImpl.invoke0(Native Method) ~[na:1.6.0_38]
	at sun.reflect.NativeMethodAccessorImpl.invoke(NativeMethodAccessorImpl.java:39) ~[na:1.6.0_38]
	at sun.reflect.DelegatingMethodAccessorImpl.invoke(DelegatingMethodAccessorImpl.java:25) ~[na:1.6.0_38]
	at java.lang.reflect.Method.invoke(Method.java:597) ~[na:1.6.0_38]
	at org.apache.maven.surefire.util.ReflectionUtils.invokeMethodWithArray(ReflectionUtils.java:164) [surefire-api-2.10.jar:2.10]
	at org.apache.maven.surefire.booter.ProviderFactory$ProviderProxy.invoke(ProviderFactory.java:110) [surefire-booter-2.10.jar:2.10]
	at org.apache.maven.surefire.booter.SurefireStarter.invokeProvider(SurefireStarter.java:175) [surefire-booter-2.10.jar:2.10]
	at org.apache.maven.surefire.booter.SurefireStarter.runSuitesInProcessWhenForked(SurefireStarter.java:107) [surefire-booter-2.10.jar:2.10]
	at org.apache.maven.surefire.booter.ForkedBooter.main(ForkedBooter.java:68) [surefire-booter-2.10.jar:2.10]
22:04:24.882 [main] WARN  o.s.c.a.CommonAnnotationBeanPostProcessor - Invocation of destroy method failed on bean with name &apos;coreAccountUpdateSyncJob&apos;: com.rackspace.search.exception.NotFoundException: Index is missing
22:04:24.888 [main] ERROR c.r.s.e.client.ElasticSearchClient - Index is missing
org.elasticsearch.indices.IndexMissingException: [admin] missing
	at org.elasticsearch.cluster.metadata.MetaData.concreteIndex(MetaData.java:616) ~[elasticsearch-0.90.2.jar:na]
	at org.elasticsearch.action.get.TransportGetAction.resolveRequest(TransportGetAction.java:90) ~[elasticsearch-0.90.2.jar:na]
	at org.elasticsearch.action.get.TransportGetAction.resolveRequest(TransportGetAction.java:42) ~[elasticsearch-0.90.2.jar:na]
	at org.elasticsearch.action.support.single.shard.TransportShardSingleOperationAction$AsyncSingleAction.&lt;init&gt;(TransportShardSingleOperationAction.java:114) ~[elasticsearch-0.90.2.jar:na]
	at org.elasticsearch.action.support.single.shard.TransportShardSingleOperationAction$AsyncSingleAction.&lt;init&gt;(TransportShardSingleOperationAction.java:94) ~[elasticsearch-0.90.2.jar:na]
	at org.elasticsearch.action.support.single.shard.TransportShardSingleOperationAction.doExecute(TransportShardSingleOperationAction.java:71) ~[elasticsearch-0.90.2.jar:na]
	at org.elasticsearch.action.support.single.shard.TransportShardSingleOperationAction.doExecute(TransportShardSingleOperationAction.java:46) ~[elasticsearch-0.90.2.jar:na]
	at org.elasticsearch.action.support.TransportAction.execute(TransportAction.java:61) ~[elasticsearch-0.90.2.jar:na]
	at org.elasticsearch.client.node.NodeClient.execute(NodeClient.java:92) ~[elasticsearch-0.90.2.jar:na]
	at org.elasticsearch.client.support.AbstractClient.get(AbstractClient.java:179) ~[elasticsearch-0.90.2.jar:na]
	at org.elasticsearch.action.get.GetRequestBuilder.doExecute(GetRequestBuilder.java:112) ~[elasticsearch-0.90.2.jar:na]
	at org.elasticsearch.action.ActionRequestBuilder.execute(ActionRequestBuilder.java:62) ~[elasticsearch-0.90.2.jar:na]
	at org.elasticsearch.action.ActionRequestBuilder.execute(ActionRequestBuilder.java:57) ~[elasticsearch-0.90.2.jar:na]
	at org.elasticsearch.action.ActionRequestBuilder$execute.call(Unknown Source) ~[na:na]
	at com.rackspace.search.elasticsearch.client.ElasticSearchClient.getDocument(ElasticSearchClient.groovy:209) ~[classes/:na]
	at com.rackspace.search.elasticsearch.client.ElasticSearchClient$getDocument.call(Unknown Source) [classes/:na]
	at com.rackspace.search.service.JobService.getJob(JobService.groovy:56) [classes/:na]
	at com.rackspace.search.service.JobService$getJob$0.callCurrent(Unknown Source) [classes/:na]
	at com.rackspace.search.service.JobService.getJob(JobService.groovy:52) [classes/:na]
	at com.rackspace.search.service.JobService$getJob.call(Unknown Source) [classes/:na]
	at com.rackspace.search.service.core.CoreTicketSecondPassSyncJob.windupActivities(CoreTicketSecondPassSyncJob.groovy:83) [classes/:na]
	at sun.reflect.NativeMethodAccessorImpl.invoke0(Native Method) ~[na:1.6.0_38]
	at sun.reflect.NativeMethodAccessorImpl.invoke(NativeMethodAccessorImpl.java:39) ~[na:1.6.0_38]
	at sun.reflect.DelegatingMethodAccessorImpl.invoke(DelegatingMethodAccessorImpl.java:25) ~[na:1.6.0_38]
	at java.lang.reflect.Method.invoke(Method.java:597) ~[na:1.6.0_38]
	at org.springframework.beans.factory.annotation.InitDestroyAnnotationBeanPostProcessor$LifecycleElement.invoke(InitDestroyAnnotationBeanPostProcessor.java:340) [spring-beans-3.0.6.RELEASE.jar:3.0.6.RELEASE]
	at org.springframework.beans.factory.annotation.InitDestroyAnnotationBeanPostProcessor$LifecycleMetadata.invokeDestroyMethods(InitDestroyAnnotationBeanPostProcessor.java:305) [spring-beans-3.0.6.RELEASE.jar:3.0.6.RELEASE]
	at org.springframework.beans.factory.annotation.InitDestroyAnnotationBeanPostProcessor.postProcessBeforeDestruction(InitDestroyAnnotationBeanPostProcessor.java:148) [spring-beans-3.0.6.RELEASE.jar:3.0.6.RELEASE]
	at org.springframework.beans.factory.support.DisposableBeanAdapter.destroy(DisposableBeanAdapter.java:166) [spring-beans-3.0.6.RELEASE.jar:3.0.6.RELEASE]
	at org.springframework.beans.factory.support.DefaultSingletonBeanRegistry.destroyBean(DefaultSingletonBeanRegistry.java:487) [spring-beans-3.0.6.RELEASE.jar:3.0.6.RELEASE]
	at org.springframework.beans.factory.support.DefaultSingletonBeanRegistry.destroySingleton(DefaultSingletonBeanRegistry.java:463) [spring-beans-3.0.6.RELEASE.jar:3.0.6.RELEASE]
	at org.springframework.beans.factory.support.DefaultSingletonBeanRegistry.destroySingletons(DefaultSingletonBeanRegistry.java:431) [spring-beans-3.0.6.RELEASE.jar:3.0.6.RELEASE]
	at org.springframework.context.support.AbstractApplicationContext.destroyBeans(AbstractApplicationContext.java:1048) [spring-context-3.0.6.RELEASE.jar:3.0.6.RELEASE]
	at org.springframework.context.support.AbstractApplicationContext.refresh(AbstractApplicationContext.java:433) [spring-context-3.0.6.RELEASE.jar:3.0.6.RELEASE]
	at org.springframework.test.context.support.AbstractGenericContextLoader.loadContext(AbstractGenericContextLoader.java:84) [spring-test-3.0.6.RELEASE.jar:3.0.6.RELEASE]
	at org.springframework.test.context.support.AbstractGenericContextLoader.loadContext(AbstractGenericContextLoader.java:1) [spring-test-3.0.6.RELEASE.jar:3.0.6.RELEASE]
	at org.springframework.test.context.TestContext.loadApplicationContext(TestContext.java:280) [spring-test-3.0.6.RELEASE.jar:3.0.6.RELEASE]
	at org.springframework.test.context.TestContext.getApplicationContext(TestContext.java:304) [spring-test-3.0.6.RELEASE.jar:3.0.6.RELEASE]
	at org.springframework.test.context.support.DependencyInjectionTestExecutionListener.injectDependencies(DependencyInjectionTestExecutionListener.java:109) [spring-test-3.0.6.RELEASE.jar:3.0.6.RELEASE]
	at org.springframework.test.context.support.DependencyInjectionTestExecutionListener.prepareTestInstance(DependencyInjectionTestExecutionListener.java:75) [spring-test-3.0.6.RELEASE.jar:3.0.6.RELEASE]
	at org.springframework.test.context.TestContextManager.prepareTestInstance(TestContextManager.java:321) [spring-test-3.0.6.RELEASE.jar:3.0.6.RELEASE]
	at org.spockframework.spring.SpringTestContextManager.prepareTestInstance(SpringTestContextManager.java:49) [spock-spring-0.7-groovy-2.0.jar:na]
	at org.spockframework.spring.SpringInterceptor.interceptSetupMethod(SpringInterceptor.java:42) [spock-spring-0.7-groovy-2.0.jar:na]
	at org.spockframework.runtime.extension.AbstractMethodInterceptor.intercept(AbstractMethodInterceptor.java:28) [spock-core-0.7-groovy-2.0.jar:na]
	at org.spockframework.runtime.extension.MethodInvocation.proceed(MethodInvocation.java:84) [spock-core-0.7-groovy-2.0.jar:na]
	at org.spockframework.runtime.BaseSpecRunner.invoke(BaseSpecRunner.java:319) [spock-core-0.7-groovy-2.0.jar:na]
	at org.spockframework.runtime.BaseSpecRunner.invokeSetup(BaseSpecRunner.java:279) [spock-core-0.7-groovy-2.0.jar:na]
	at org.spockframework.runtime.BaseSpecRunner.doRunIteration(BaseSpecRunner.java:255) [spock-core-0.7-groovy-2.0.jar:na]
	at sun.reflect.GeneratedMethodAccessor5.invoke(Unknown Source) ~[na:na]
	at sun.reflect.DelegatingMethodAccessorImpl.invoke(DelegatingMethodAccessorImpl.java:25) ~[na:1.6.0_38]
	at java.lang.reflect.Method.invoke(Method.java:597) ~[na:1.6.0_38]
	at org.spockframework.util.ReflectionUtil.invokeMethod(ReflectionUtil.java:138) [spock-core-0.7-groovy-2.0.jar:na]
	at org.spockframework.runtime.BaseSpecRunner.invokeRaw(BaseSpecRunner.java:330) [spock-core-0.7-groovy-2.0.jar:na]
	at org.spockframework.runtime.BaseSpecRunner.invoke(BaseSpecRunner.java:311) [spock-core-0.7-groovy-2.0.jar:na]
	at org.spockframework.runtime.BaseSpecRunner.runIteration(BaseSpecRunner.java:223) [spock-core-0.7-groovy-2.0.jar:na]
	at org.spockframework.runtime.BaseSpecRunner.initializeAndRunIteration(BaseSpecRunner.java:214) [spock-core-0.7-groovy-2.0.jar:na]
	at org.spockframework.runtime.BaseSpecRunner.runSimpleFeature(BaseSpecRunner.java:205) [spock-core-0.7-groovy-2.0.jar:na]
	at org.spockframework.runtime.BaseSpecRunner.doRunFeature(BaseSpecRunner.java:199) [spock-core-0.7-groovy-2.0.jar:na]
	at sun.reflect.GeneratedMethodAccessor7.invoke(Unknown Source) ~[na:na]
	at sun.reflect.DelegatingMethodAccessorImpl.invoke(DelegatingMethodAccessorImpl.java:25) ~[na:1.6.0_38]
	at java.lang.reflect.Method.invoke(Method.java:597) ~[na:1.6.0_38]
	at org.spockframework.util.ReflectionUtil.invokeMethod(ReflectionUtil.java:138) [spock-core-0.7-groovy-2.0.jar:na]
	at org.spockframework.runtime.BaseSpecRunner.invokeRaw(BaseSpecRunner.java:330) [spock-core-0.7-groovy-2.0.jar:na]
	at org.spockframework.runtime.BaseSpecRunner.invoke(BaseSpecRunner.java:311) [spock-core-0.7-groovy-2.0.jar:na]
	at org.spockframework.runtime.BaseSpecRunner.runFeature(BaseSpecRunner.java:175) [spock-core-0.7-groovy-2.0.jar:na]
	at org.spockframework.runtime.BaseSpecRunner.runFeatures(BaseSpecRunner.java:152) [spock-core-0.7-groovy-2.0.jar:na]
	at org.spockframework.runtime.BaseSpecRunner.doRunSpec(BaseSpecRunner.java:112) [spock-core-0.7-groovy-2.0.jar:na]
	at sun.reflect.GeneratedMethodAccessor11.invoke(Unknown Source) ~[na:na]
	at sun.reflect.DelegatingMethodAccessorImpl.invoke(DelegatingMethodAccessorImpl.java:25) ~[na:1.6.0_38]
	at java.lang.reflect.Method.invoke(Method.java:597) ~[na:1.6.0_38]
	at org.spockframework.util.ReflectionUtil.invokeMethod(ReflectionUtil.java:138) [spock-core-0.7-groovy-2.0.jar:na]
	at org.spockframework.runtime.BaseSpecRunner.invokeRaw(BaseSpecRunner.java:330) [spock-core-0.7-groovy-2.0.jar:na]
	at org.spockframework.runtime.BaseSpecRunner.invoke(BaseSpecRunner.java:311) [spock-core-0.7-groovy-2.0.jar:na]
	at org.spockframework.runtime.BaseSpecRunner.runSpec(BaseSpecRunner.java:91) [spock-core-0.7-groovy-2.0.jar:na]
	at org.spockframework.runtime.BaseSpecRunner.run(BaseSpecRunner.java:82) [spock-core-0.7-groovy-2.0.jar:na]
	at org.spockframework.runtime.Sputnik.run(Sputnik.java:63) [spock-core-0.7-groovy-2.0.jar:na]
	at org.apache.maven.surefire.junit4.JUnit4TestSet.execute(JUnit4TestSet.java:53) [surefire-junit4-2.10.jar:2.10]
	at org.apache.maven.surefire.junit4.JUnit4Provider.executeTestSet(JUnit4Provider.java:123) [surefire-junit4-2.10.jar:2.10]
	at org.apache.maven.surefire.junit4.JUnit4Provider.invoke(JUnit4Provider.java:104) [surefire-junit4-2.10.jar:2.10]
	at sun.reflect.NativeMethodAccessorImpl.invoke0(Native Method) ~[na:1.6.0_38]
	at sun.reflect.NativeMethodAccessorImpl.invoke(NativeMethodAccessorImpl.java:39) ~[na:1.6.0_38]
	at sun.reflect.DelegatingMethodAccessorImpl.invoke(DelegatingMethodAccessorImpl.java:25) ~[na:1.6.0_38]
	at java.lang.reflect.Method.invoke(Method.java:597) ~[na:1.6.0_38]
	at org.apache.maven.surefire.util.ReflectionUtils.invokeMethodWithArray(ReflectionUtils.java:164) [surefire-api-2.10.jar:2.10]
	at org.apache.maven.surefire.booter.ProviderFactory$ProviderProxy.invoke(ProviderFactory.java:110) [surefire-booter-2.10.jar:2.10]
	at org.apache.maven.surefire.booter.SurefireStarter.invokeProvider(SurefireStarter.java:175) [surefire-booter-2.10.jar:2.10]
	at org.apache.maven.surefire.booter.SurefireStarter.runSuitesInProcessWhenForked(SurefireStarter.java:107) [surefire-booter-2.10.jar:2.10]
	at org.apache.maven.surefire.booter.ForkedBooter.main(ForkedBooter.java:68) [surefire-booter-2.10.jar:2.10]
22:04:24.891 [main] WARN  o.s.c.a.CommonAnnotationBeanPostProcessor - Invocation of destroy method failed on bean with name &apos;coreTicketSecondPassSyncJob&apos;: com.rackspace.search.exception.NotFoundException: Index is missing
22:04:24.897 [main] ERROR c.r.s.e.client.ElasticSearchClient - Index is missing
org.elasticsearch.indices.IndexMissingException: [admin] missing
	at org.elasticsearch.cluster.metadata.MetaData.concreteIndex(MetaData.java:616) ~[elasticsearch-0.90.2.jar:na]
	at org.elasticsearch.action.get.TransportGetAction.resolveRequest(TransportGetAction.java:90) ~[elasticsearch-0.90.2.jar:na]
	at org.elasticsearch.action.get.TransportGetAction.resolveRequest(TransportGetAction.java:42) ~[elasticsearch-0.90.2.jar:na]
	at org.elasticsearch.action.support.single.shard.TransportShardSingleOperationAction$AsyncSingleAction.&lt;init&gt;(TransportShardSingleOperationAction.java:114) ~[elasticsearch-0.90.2.jar:na]
	at org.elasticsearch.action.support.single.shard.TransportShardSingleOperationAction$AsyncSingleAction.&lt;init&gt;(TransportShardSingleOperationAction.java:94) ~[elasticsearch-0.90.2.jar:na]
	at org.elasticsearch.action.support.single.shard.TransportShardSingleOperationAction.doExecute(TransportShardSingleOperationAction.java:71) ~[elasticsearch-0.90.2.jar:na]
	at org.elasticsearch.action.support.single.shard.TransportShardSingleOperationAction.doExecute(TransportShardSingleOperationAction.java:46) ~[elasticsearch-0.90.2.jar:na]
	at org.elasticsearch.action.support.TransportAction.execute(TransportAction.java:61) ~[elasticsearch-0.90.2.jar:na]
	at org.elasticsearch.client.node.NodeClient.execute(NodeClient.java:92) ~[elasticsearch-0.90.2.jar:na]
	at org.elasticsearch.client.support.AbstractClient.get(AbstractClient.java:179) ~[elasticsearch-0.90.2.jar:na]
	at org.elasticsearch.action.get.GetRequestBuilder.doExecute(GetRequestBuilder.java:112) ~[elasticsearch-0.90.2.jar:na]
	at org.elasticsearch.action.ActionRequestBuilder.execute(ActionRequestBuilder.java:62) ~[elasticsearch-0.90.2.jar:na]
	at org.elasticsearch.action.ActionRequestBuilder.execute(ActionRequestBuilder.java:57) ~[elasticsearch-0.90.2.jar:na]
	at org.elasticsearch.action.ActionRequestBuilder$execute.call(Unknown Source) ~[na:na]
	at com.rackspace.search.elasticsearch.client.ElasticSearchClient.getDocument(ElasticSearchClient.groovy:209) ~[classes/:na]
	at com.rackspace.search.elasticsearch.client.ElasticSearchClient$getDocument.call(Unknown Source) [classes/:na]
	at com.rackspace.search.service.JobService.getJob(JobService.groovy:56) [classes/:na]
	at com.rackspace.search.service.JobService$getJob$0.callCurrent(Unknown Source) [classes/:na]
	at com.rackspace.search.service.JobService.getJob(JobService.groovy:52) [classes/:na]
	at com.rackspace.search.service.JobService$getJob.call(Unknown Source) [classes/:na]
	at com.rackspace.search.service.admin.CoreTicketOndemandSyncJob.windupActivities(CoreTicketOndemandSyncJob.groovy:91) [classes/:na]
	at sun.reflect.NativeMethodAccessorImpl.invoke0(Native Method) ~[na:1.6.0_38]
	at sun.reflect.NativeMethodAccessorImpl.invoke(NativeMethodAccessorImpl.java:39) ~[na:1.6.0_38]
	at sun.reflect.DelegatingMethodAccessorImpl.invoke(DelegatingMethodAccessorImpl.java:25) ~[na:1.6.0_38]
	at java.lang.reflect.Method.invoke(Method.java:597) ~[na:1.6.0_38]
	at org.springframework.beans.factory.annotation.InitDestroyAnnotationBeanPostProcessor$LifecycleElement.invoke(InitDestroyAnnotationBeanPostProcessor.java:340) [spring-beans-3.0.6.RELEASE.jar:3.0.6.RELEASE]
	at org.springframework.beans.factory.annotation.InitDestroyAnnotationBeanPostProcessor$LifecycleMetadata.invokeDestroyMethods(InitDestroyAnnotationBeanPostProcessor.java:305) [spring-beans-3.0.6.RELEASE.jar:3.0.6.RELEASE]
	at org.springframework.beans.factory.annotation.InitDestroyAnnotationBeanPostProcessor.postProcessBeforeDestruction(InitDestroyAnnotationBeanPostProcessor.java:148) [spring-beans-3.0.6.RELEASE.jar:3.0.6.RELEASE]
	at org.springframework.beans.factory.support.DisposableBeanAdapter.destroy(DisposableBeanAdapter.java:166) [spring-beans-3.0.6.RELEASE.jar:3.0.6.RELEASE]
	at org.springframework.beans.factory.support.DefaultSingletonBeanRegistry.destroyBean(DefaultSingletonBeanRegistry.java:487) [spring-beans-3.0.6.RELEASE.jar:3.0.6.RELEASE]
	at org.springframework.beans.factory.support.DefaultSingletonBeanRegistry.destroySingleton(DefaultSingletonBeanRegistry.java:463) [spring-beans-3.0.6.RELEASE.jar:3.0.6.RELEASE]
	at org.springframework.beans.factory.support.DefaultSingletonBeanRegistry.destroySingletons(DefaultSingletonBeanRegistry.java:431) [spring-beans-3.0.6.RELEASE.jar:3.0.6.RELEASE]
	at org.springframework.context.support.AbstractApplicationContext.destroyBeans(AbstractApplicationContext.java:1048) [spring-context-3.0.6.RELEASE.jar:3.0.6.RELEASE]
	at org.springframework.context.support.AbstractApplicationContext.refresh(AbstractApplicationContext.java:433) [spring-context-3.0.6.RELEASE.jar:3.0.6.RELEASE]
	at org.springframework.test.context.support.AbstractGenericContextLoader.loadContext(AbstractGenericContextLoader.java:84) [spring-test-3.0.6.RELEASE.jar:3.0.6.RELEASE]
	at org.springframework.test.context.support.AbstractGenericContextLoader.loadContext(AbstractGenericContextLoader.java:1) [spring-test-3.0.6.RELEASE.jar:3.0.6.RELEASE]
	at org.springframework.test.context.TestContext.loadApplicationContext(TestContext.java:280) [spring-test-3.0.6.RELEASE.jar:3.0.6.RELEASE]
	at org.springframework.test.context.TestContext.getApplicationContext(TestContext.java:304) [spring-test-3.0.6.RELEASE.jar:3.0.6.RELEASE]
	at org.springframework.test.context.support.DependencyInjectionTestExecutionListener.injectDependencies(DependencyInjectionTestExecutionListener.java:109) [spring-test-3.0.6.RELEASE.jar:3.0.6.RELEASE]
	at org.springframework.test.context.support.DependencyInjectionTestExecutionListener.prepareTestInstance(DependencyInjectionTestExecutionListener.java:75) [spring-test-3.0.6.RELEASE.jar:3.0.6.RELEASE]
	at org.springframework.test.context.TestContextManager.prepareTestInstance(TestContextManager.java:321) [spring-test-3.0.6.RELEASE.jar:3.0.6.RELEASE]
	at org.spockframework.spring.SpringTestContextManager.prepareTestInstance(SpringTestContextManager.java:49) [spock-spring-0.7-groovy-2.0.jar:na]
	at org.spockframework.spring.SpringInterceptor.interceptSetupMethod(SpringInterceptor.java:42) [spock-spring-0.7-groovy-2.0.jar:na]
	at org.spockframework.runtime.extension.AbstractMethodInterceptor.intercept(AbstractMethodInterceptor.java:28) [spock-core-0.7-groovy-2.0.jar:na]
	at org.spockframework.runtime.extension.MethodInvocation.proceed(MethodInvocation.java:84) [spock-core-0.7-groovy-2.0.jar:na]
	at org.spockframework.runtime.BaseSpecRunner.invoke(BaseSpecRunner.java:319) [spock-core-0.7-groovy-2.0.jar:na]
	at org.spockframework.runtime.BaseSpecRunner.invokeSetup(BaseSpecRunner.java:279) [spock-core-0.7-groovy-2.0.jar:na]
	at org.spockframework.runtime.BaseSpecRunner.doRunIteration(BaseSpecRunner.java:255) [spock-core-0.7-groovy-2.0.jar:na]
	at sun.reflect.GeneratedMethodAccessor5.invoke(Unknown Source) ~[na:na]
	at sun.reflect.DelegatingMethodAccessorImpl.invoke(DelegatingMethodAccessorImpl.java:25) ~[na:1.6.0_38]
	at java.lang.reflect.Method.invoke(Method.java:597) ~[na:1.6.0_38]
	at org.spockframework.util.ReflectionUtil.invokeMethod(ReflectionUtil.java:138) [spock-core-0.7-groovy-2.0.jar:na]
	at org.spockframework.runtime.BaseSpecRunner.invokeRaw(BaseSpecRunner.java:330) [spock-core-0.7-groovy-2.0.jar:na]
	at org.spockframework.runtime.BaseSpecRunner.invoke(BaseSpecRunner.java:311) [spock-core-0.7-groovy-2.0.jar:na]
	at org.spockframework.runtime.BaseSpecRunner.runIteration(BaseSpecRunner.java:223) [spock-core-0.7-groovy-2.0.jar:na]
	at org.spockframework.runtime.BaseSpecRunner.initializeAndRunIteration(BaseSpecRunner.java:214) [spock-core-0.7-groovy-2.0.jar:na]
	at org.spockframework.runtime.BaseSpecRunner.runSimpleFeature(BaseSpecRunner.java:205) [spock-core-0.7-groovy-2.0.jar:na]
	at org.spockframework.runtime.BaseSpecRunner.doRunFeature(BaseSpecRunner.java:199) [spock-core-0.7-groovy-2.0.jar:na]
	at sun.reflect.GeneratedMethodAccessor7.invoke(Unknown Source) ~[na:na]
	at sun.reflect.DelegatingMethodAccessorImpl.invoke(DelegatingMethodAccessorImpl.java:25) ~[na:1.6.0_38]
	at java.lang.reflect.Method.invoke(Method.java:597) ~[na:1.6.0_38]
	at org.spockframework.util.ReflectionUtil.invokeMethod(ReflectionUtil.java:138) [spock-core-0.7-groovy-2.0.jar:na]
	at org.spockframework.runtime.BaseSpecRunner.invokeRaw(BaseSpecRunner.java:330) [spock-core-0.7-groovy-2.0.jar:na]
	at org.spockframework.runtime.BaseSpecRunner.invoke(BaseSpecRunner.java:311) [spock-core-0.7-groovy-2.0.jar:na]
	at org.spockframework.runtime.BaseSpecRunner.runFeature(BaseSpecRunner.java:175) [spock-core-0.7-groovy-2.0.jar:na]
	at org.spockframework.runtime.BaseSpecRunner.runFeatures(BaseSpecRunner.java:152) [spock-core-0.7-groovy-2.0.jar:na]
	at org.spockframework.runtime.BaseSpecRunner.doRunSpec(BaseSpecRunner.java:112) [spock-core-0.7-groovy-2.0.jar:na]
	at sun.reflect.GeneratedMethodAccessor11.invoke(Unknown Source) ~[na:na]
	at sun.reflect.DelegatingMethodAccessorImpl.invoke(DelegatingMethodAccessorImpl.java:25) ~[na:1.6.0_38]
	at java.lang.reflect.Method.invoke(Method.java:597) ~[na:1.6.0_38]
	at org.spockframework.util.ReflectionUtil.invokeMethod(ReflectionUtil.java:138) [spock-core-0.7-groovy-2.0.jar:na]
	at org.spockframework.runtime.BaseSpecRunner.invokeRaw(BaseSpecRunner.java:330) [spock-core-0.7-groovy-2.0.jar:na]
	at org.spockframework.runtime.BaseSpecRunner.invoke(BaseSpecRunner.java:311) [spock-core-0.7-groovy-2.0.jar:na]
	at org.spockframework.runtime.BaseSpecRunner.runSpec(BaseSpecRunner.java:91) [spock-core-0.7-groovy-2.0.jar:na]
	at org.spockframework.runtime.BaseSpecRunner.run(BaseSpecRunner.java:82) [spock-core-0.7-groovy-2.0.jar:na]
	at org.spockframework.runtime.Sputnik.run(Sputnik.java:63) [spock-core-0.7-groovy-2.0.jar:na]
	at org.apache.maven.surefire.junit4.JUnit4TestSet.execute(JUnit4TestSet.java:53) [surefire-junit4-2.10.jar:2.10]
	at org.apache.maven.surefire.junit4.JUnit4Provider.executeTestSet(JUnit4Provider.java:123) [surefire-junit4-2.10.jar:2.10]
	at org.apache.maven.surefire.junit4.JUnit4Provider.invoke(JUnit4Provider.java:104) [surefire-junit4-2.10.jar:2.10]
	at sun.reflect.NativeMethodAccessorImpl.invoke0(Native Method) ~[na:1.6.0_38]
	at sun.reflect.NativeMethodAccessorImpl.invoke(NativeMethodAccessorImpl.java:39) ~[na:1.6.0_38]
	at sun.reflect.DelegatingMethodAccessorImpl.invoke(DelegatingMethodAccessorImpl.java:25) ~[na:1.6.0_38]
	at java.lang.reflect.Method.invoke(Method.java:597) ~[na:1.6.0_38]
	at org.apache.maven.surefire.util.ReflectionUtils.invokeMethodWithArray(ReflectionUtils.java:164) [surefire-api-2.10.jar:2.10]
	at org.apache.maven.surefire.booter.ProviderFactory$ProviderProxy.invoke(ProviderFactory.java:110) [surefire-booter-2.10.jar:2.10]
	at org.apache.maven.surefire.booter.SurefireStarter.invokeProvider(SurefireStarter.java:175) [surefire-booter-2.10.jar:2.10]
	at org.apache.maven.surefire.booter.SurefireStarter.runSuitesInProcessWhenForked(SurefireStarter.java:107) [surefire-booter-2.10.jar:2.10]
	at org.apache.maven.surefire.booter.ForkedBooter.main(ForkedBooter.java:68) [surefire-booter-2.10.jar:2.10]
22:04:24.899 [main] WARN  o.s.c.a.CommonAnnotationBeanPostProcessor - Invocation of destroy method failed on bean with name &apos;coreTicketOndemandSyncJob&apos;: com.rackspace.search.exception.NotFoundException: Index is missing
22:04:24.905 [main] ERROR c.r.s.e.client.ElasticSearchClient - Index is missing
org.elasticsearch.indices.IndexMissingException: [admin] missing
	at org.elasticsearch.cluster.metadata.MetaData.concreteIndex(MetaData.java:616) ~[elasticsearch-0.90.2.jar:na]
	at org.elasticsearch.action.get.TransportGetAction.resolveRequest(TransportGetAction.java:90) ~[elasticsearch-0.90.2.jar:na]
	at org.elasticsearch.action.get.TransportGetAction.resolveRequest(TransportGetAction.java:42) ~[elasticsearch-0.90.2.jar:na]
	at org.elasticsearch.action.support.single.shard.TransportShardSingleOperationAction$AsyncSingleAction.&lt;init&gt;(TransportShardSingleOperationAction.java:114) ~[elasticsearch-0.90.2.jar:na]
	at org.elasticsearch.action.support.single.shard.TransportShardSingleOperationAction$AsyncSingleAction.&lt;init&gt;(TransportShardSingleOperationAction.java:94) ~[elasticsearch-0.90.2.jar:na]
	at org.elasticsearch.action.support.single.shard.TransportShardSingleOperationAction.doExecute(TransportShardSingleOperationAction.java:71) ~[elasticsearch-0.90.2.jar:na]
	at org.elasticsearch.action.support.single.shard.TransportShardSingleOperationAction.doExecute(TransportShardSingleOperationAction.java:46) ~[elasticsearch-0.90.2.jar:na]
	at org.elasticsearch.action.support.TransportAction.execute(TransportAction.java:61) ~[elasticsearch-0.90.2.jar:na]
	at org.elasticsearch.client.node.NodeClient.execute(NodeClient.java:92) ~[elasticsearch-0.90.2.jar:na]
	at org.elasticsearch.client.support.AbstractClient.get(AbstractClient.java:179) ~[elasticsearch-0.90.2.jar:na]
	at org.elasticsearch.action.get.GetRequestBuilder.doExecute(GetRequestBuilder.java:112) ~[elasticsearch-0.90.2.jar:na]
	at org.elasticsearch.action.ActionRequestBuilder.execute(ActionRequestBuilder.java:62) ~[elasticsearch-0.90.2.jar:na]
	at org.elasticsearch.action.ActionRequestBuilder.execute(ActionRequestBuilder.java:57) ~[elasticsearch-0.90.2.jar:na]
	at org.elasticsearch.action.ActionRequestBuilder$execute.call(Unknown Source) ~[na:na]
	at com.rackspace.search.elasticsearch.client.ElasticSearchClient.getDocument(ElasticSearchClient.groovy:209) ~[classes/:na]
	at com.rackspace.search.elasticsearch.client.ElasticSearchClient$getDocument.call(Unknown Source) [classes/:na]
	at com.rackspace.search.service.JobService.getJob(JobService.groovy:56) [classes/:na]
	at com.rackspace.search.service.JobService$getJob$0.callCurrent(Unknown Source) [classes/:na]
	at com.rackspace.search.service.JobService.getJob(JobService.groovy:52) [classes/:na]
	at com.rackspace.search.service.JobService$getJob.call(Unknown Source) [classes/:na]
	at com.rackspace.search.service.account.AccountOngoingSyncJob.windupActivities(AccountOngoingSyncJob.groovy:89) [classes/:na]
	at sun.reflect.NativeMethodAccessorImpl.invoke0(Native Method) ~[na:1.6.0_38]
	at sun.reflect.NativeMethodAccessorImpl.invoke(NativeMethodAccessorImpl.java:39) ~[na:1.6.0_38]
	at sun.reflect.DelegatingMethodAccessorImpl.invoke(DelegatingMethodAccessorImpl.java:25) ~[na:1.6.0_38]
	at java.lang.reflect.Method.invoke(Method.java:597) ~[na:1.6.0_38]
	at org.springframework.beans.factory.annotation.InitDestroyAnnotationBeanPostProcessor$LifecycleElement.invoke(InitDestroyAnnotationBeanPostProcessor.java:340) [spring-beans-3.0.6.RELEASE.jar:3.0.6.RELEASE]
	at org.springframework.beans.factory.annotation.InitDestroyAnnotationBeanPostProcessor$LifecycleMetadata.invokeDestroyMethods(InitDestroyAnnotationBeanPostProcessor.java:305) [spring-beans-3.0.6.RELEASE.jar:3.0.6.RELEASE]
	at org.springframework.beans.factory.annotation.InitDestroyAnnotationBeanPostProcessor.postProcessBeforeDestruction(InitDestroyAnnotationBeanPostProcessor.java:148) [spring-beans-3.0.6.RELEASE.jar:3.0.6.RELEASE]
	at org.springframework.beans.factory.support.DisposableBeanAdapter.destroy(DisposableBeanAdapter.java:166) [spring-beans-3.0.6.RELEASE.jar:3.0.6.RELEASE]
	at org.springframework.beans.factory.support.DefaultSingletonBeanRegistry.destroyBean(DefaultSingletonBeanRegistry.java:487) [spring-beans-3.0.6.RELEASE.jar:3.0.6.RELEASE]
	at org.springframework.beans.factory.support.DefaultSingletonBeanRegistry.destroySingleton(DefaultSingletonBeanRegistry.java:463) [spring-beans-3.0.6.RELEASE.jar:3.0.6.RELEASE]
	at org.springframework.beans.factory.support.DefaultSingletonBeanRegistry.destroySingletons(DefaultSingletonBeanRegistry.java:431) [spring-beans-3.0.6.RELEASE.jar:3.0.6.RELEASE]
	at org.springframework.context.support.AbstractApplicationContext.destroyBeans(AbstractApplicationContext.java:1048) [spring-context-3.0.6.RELEASE.jar:3.0.6.RELEASE]
	at org.springframework.context.support.AbstractApplicationContext.refresh(AbstractApplicationContext.java:433) [spring-context-3.0.6.RELEASE.jar:3.0.6.RELEASE]
	at org.springframework.test.context.support.AbstractGenericContextLoader.loadContext(AbstractGenericContextLoader.java:84) [spring-test-3.0.6.RELEASE.jar:3.0.6.RELEASE]
	at org.springframework.test.context.support.AbstractGenericContextLoader.loadContext(AbstractGenericContextLoader.java:1) [spring-test-3.0.6.RELEASE.jar:3.0.6.RELEASE]
	at org.springframework.test.context.TestContext.loadApplicationContext(TestContext.java:280) [spring-test-3.0.6.RELEASE.jar:3.0.6.RELEASE]
	at org.springframework.test.context.TestContext.getApplicationContext(TestContext.java:304) [spring-test-3.0.6.RELEASE.jar:3.0.6.RELEASE]
	at org.springframework.test.context.support.DependencyInjectionTestExecutionListener.injectDependencies(DependencyInjectionTestExecutionListener.java:109) [spring-test-3.0.6.RELEASE.jar:3.0.6.RELEASE]
	at org.springframework.test.context.support.DependencyInjectionTestExecutionListener.prepareTestInstance(DependencyInjectionTestExecutionListener.java:75) [spring-test-3.0.6.RELEASE.jar:3.0.6.RELEASE]
	at org.springframework.test.context.TestContextManager.prepareTestInstance(TestContextManager.java:321) [spring-test-3.0.6.RELEASE.jar:3.0.6.RELEASE]
	at org.spockframework.spring.SpringTestContextManager.prepareTestInstance(SpringTestContextManager.java:49) [spock-spring-0.7-groovy-2.0.jar:na]
	at org.spockframework.spring.SpringInterceptor.interceptSetupMethod(SpringInterceptor.java:42) [spock-spring-0.7-groovy-2.0.jar:na]
	at org.spockframework.runtime.extension.AbstractMethodInterceptor.intercept(AbstractMethodInterceptor.java:28) [spock-core-0.7-groovy-2.0.jar:na]
	at org.spockframework.runtime.extension.MethodInvocation.proceed(MethodInvocation.java:84) [spock-core-0.7-groovy-2.0.jar:na]
	at org.spockframework.runtime.BaseSpecRunner.invoke(BaseSpecRunner.java:319) [spock-core-0.7-groovy-2.0.jar:na]
	at org.spockframework.runtime.BaseSpecRunner.invokeSetup(BaseSpecRunner.java:279) [spock-core-0.7-groovy-2.0.jar:na]
	at org.spockframework.runtime.BaseSpecRunner.doRunIteration(BaseSpecRunner.java:255) [spock-core-0.7-groovy-2.0.jar:na]
	at sun.reflect.GeneratedMethodAccessor5.invoke(Unknown Source) ~[na:na]
	at sun.reflect.DelegatingMethodAccessorImpl.invoke(DelegatingMethodAccessorImpl.java:25) ~[na:1.6.0_38]
	at java.lang.reflect.Method.invoke(Method.java:597) ~[na:1.6.0_38]
	at org.spockframework.util.ReflectionUtil.invokeMethod(ReflectionUtil.java:138) [spock-core-0.7-groovy-2.0.jar:na]
	at org.spockframework.runtime.BaseSpecRunner.invokeRaw(BaseSpecRunner.java:330) [spock-core-0.7-groovy-2.0.jar:na]
	at org.spockframework.runtime.BaseSpecRunner.invoke(BaseSpecRunner.java:311) [spock-core-0.7-groovy-2.0.jar:na]
	at org.spockframework.runtime.BaseSpecRunner.runIteration(BaseSpecRunner.java:223) [spock-core-0.7-groovy-2.0.jar:na]
	at org.spockframework.runtime.BaseSpecRunner.initializeAndRunIteration(BaseSpecRunner.java:214) [spock-core-0.7-groovy-2.0.jar:na]
	at org.spockframework.runtime.BaseSpecRunner.runSimpleFeature(BaseSpecRunner.java:205) [spock-core-0.7-groovy-2.0.jar:na]
	at org.spockframework.runtime.BaseSpecRunner.doRunFeature(BaseSpecRunner.java:199) [spock-core-0.7-groovy-2.0.jar:na]
	at sun.reflect.GeneratedMethodAccessor7.invoke(Unknown Source) ~[na:na]
	at sun.reflect.DelegatingMethodAccessorImpl.invoke(DelegatingMethodAccessorImpl.java:25) ~[na:1.6.0_38]
	at java.lang.reflect.Method.invoke(Method.java:597) ~[na:1.6.0_38]
	at org.spockframework.util.ReflectionUtil.invokeMethod(ReflectionUtil.java:138) [spock-core-0.7-groovy-2.0.jar:na]
	at org.spockframework.runtime.BaseSpecRunner.invokeRaw(BaseSpecRunner.java:330) [spock-core-0.7-groovy-2.0.jar:na]
	at org.spockframework.runtime.BaseSpecRunner.invoke(BaseSpecRunner.java:311) [spock-core-0.7-groovy-2.0.jar:na]
	at org.spockframework.runtime.BaseSpecRunner.runFeature(BaseSpecRunner.java:175) [spock-core-0.7-groovy-2.0.jar:na]
	at org.spockframework.runtime.BaseSpecRunner.runFeatures(BaseSpecRunner.java:152) [spock-core-0.7-groovy-2.0.jar:na]
	at org.spockframework.runtime.BaseSpecRunner.doRunSpec(BaseSpecRunner.java:112) [spock-core-0.7-groovy-2.0.jar:na]
	at sun.reflect.GeneratedMethodAccessor11.invoke(Unknown Source) ~[na:na]
	at sun.reflect.DelegatingMethodAccessorImpl.invoke(DelegatingMethodAccessorImpl.java:25) ~[na:1.6.0_38]
	at java.lang.reflect.Method.invoke(Method.java:597) ~[na:1.6.0_38]
	at org.spockframework.util.ReflectionUtil.invokeMethod(ReflectionUtil.java:138) [spock-core-0.7-groovy-2.0.jar:na]
	at org.spockframework.runtime.BaseSpecRunner.invokeRaw(BaseSpecRunner.java:330) [spock-core-0.7-groovy-2.0.jar:na]
	at org.spockframework.runtime.BaseSpecRunner.invoke(BaseSpecRunner.java:311) [spock-core-0.7-groovy-2.0.jar:na]
	at org.spockframework.runtime.BaseSpecRunner.runSpec(BaseSpecRunner.java:91) [spock-core-0.7-groovy-2.0.jar:na]
	at org.spockframework.runtime.BaseSpecRunner.run(BaseSpecRunner.java:82) [spock-core-0.7-groovy-2.0.jar:na]
	at org.spockframework.runtime.Sputnik.run(Sputnik.java:63) [spock-core-0.7-groovy-2.0.jar:na]
	at org.apache.maven.surefire.junit4.JUnit4TestSet.execute(JUnit4TestSet.java:53) [surefire-junit4-2.10.jar:2.10]
	at org.apache.maven.surefire.junit4.JUnit4Provider.executeTestSet(JUnit4Provider.java:123) [surefire-junit4-2.10.jar:2.10]
	at org.apache.maven.surefire.junit4.JUnit4Provider.invoke(JUnit4Provider.java:104) [surefire-junit4-2.10.jar:2.10]
	at sun.reflect.NativeMethodAccessorImpl.invoke0(Native Method) ~[na:1.6.0_38]
	at sun.reflect.NativeMethodAccessorImpl.invoke(NativeMethodAccessorImpl.java:39) ~[na:1.6.0_38]
	at sun.reflect.DelegatingMethodAccessorImpl.invoke(DelegatingMethodAccessorImpl.java:25) ~[na:1.6.0_38]
	at java.lang.reflect.Method.invoke(Method.java:597) ~[na:1.6.0_38]
	at org.apache.maven.surefire.util.ReflectionUtils.invokeMethodWithArray(ReflectionUtils.java:164) [surefire-api-2.10.jar:2.10]
	at org.apache.maven.surefire.booter.ProviderFactory$ProviderProxy.invoke(ProviderFactory.java:110) [surefire-booter-2.10.jar:2.10]
	at org.apache.maven.surefire.booter.SurefireStarter.invokeProvider(SurefireStarter.java:175) [surefire-booter-2.10.jar:2.10]
	at org.apache.maven.surefire.booter.SurefireStarter.runSuitesInProcessWhenForked(SurefireStarter.java:107) [surefire-booter-2.10.jar:2.10]
	at org.apache.maven.surefire.booter.ForkedBooter.main(ForkedBooter.java:68) [surefire-booter-2.10.jar:2.10]
22:04:24.908 [main] WARN  o.s.c.a.CommonAnnotationBeanPostProcessor - Invocation of destroy method failed on bean with name &apos;accountOngoingSyncJob&apos;: com.rackspace.search.exception.NotFoundException: Index is missing
22:04:24.914 [main] ERROR c.r.s.e.client.ElasticSearchClient - Index is missing
org.elasticsearch.indices.IndexMissingException: [admin] missing
	at org.elasticsearch.cluster.metadata.MetaData.concreteIndex(MetaData.java:616) ~[elasticsearch-0.90.2.jar:na]
	at org.elasticsearch.action.get.TransportGetAction.resolveRequest(TransportGetAction.java:90) ~[elasticsearch-0.90.2.jar:na]
	at org.elasticsearch.action.get.TransportGetAction.resolveRequest(TransportGetAction.java:42) ~[elasticsearch-0.90.2.jar:na]
	at org.elasticsearch.action.support.single.shard.TransportShardSingleOperationAction$AsyncSingleAction.&lt;init&gt;(TransportShardSingleOperationAction.java:114) ~[elasticsearch-0.90.2.jar:na]
	at org.elasticsearch.action.support.single.shard.TransportShardSingleOperationAction$AsyncSingleAction.&lt;init&gt;(TransportShardSingleOperationAction.java:94) ~[elasticsearch-0.90.2.jar:na]
	at org.elasticsearch.action.support.single.shard.TransportShardSingleOperationAction.doExecute(TransportShardSingleOperationAction.java:71) ~[elasticsearch-0.90.2.jar:na]
	at org.elasticsearch.action.support.single.shard.TransportShardSingleOperationAction.doExecute(TransportShardSingleOperationAction.java:46) ~[elasticsearch-0.90.2.jar:na]
	at org.elasticsearch.action.support.TransportAction.execute(TransportAction.java:61) ~[elasticsearch-0.90.2.jar:na]
	at org.elasticsearch.client.node.NodeClient.execute(NodeClient.java:92) ~[elasticsearch-0.90.2.jar:na]
	at org.elasticsearch.client.support.AbstractClient.get(AbstractClient.java:179) ~[elasticsearch-0.90.2.jar:na]
	at org.elasticsearch.action.get.GetRequestBuilder.doExecute(GetRequestBuilder.java:112) ~[elasticsearch-0.90.2.jar:na]
	at org.elasticsearch.action.ActionRequestBuilder.execute(ActionRequestBuilder.java:62) ~[elasticsearch-0.90.2.jar:na]
	at org.elasticsearch.action.ActionRequestBuilder.execute(ActionRequestBuilder.java:57) ~[elasticsearch-0.90.2.jar:na]
	at org.elasticsearch.action.ActionRequestBuilder$execute.call(Unknown Source) ~[na:na]
	at com.rackspace.search.elasticsearch.client.ElasticSearchClient.getDocument(ElasticSearchClient.groovy:209) ~[classes/:na]
	at com.rackspace.search.elasticsearch.client.ElasticSearchClient$getDocument.call(Unknown Source) [classes/:na]
	at com.rackspace.search.service.JobService.getJob(JobService.groovy:56) [classes/:na]
	at com.rackspace.search.service.JobService$getJob$0.callCurrent(Unknown Source) [classes/:na]
	at com.rackspace.search.service.JobService.getJob(JobService.groovy:52) [classes/:na]
	at com.rackspace.search.service.JobService$getJob.call(Unknown Source) [classes/:na]
	at com.rackspace.search.service.account.AccountOnetimeSyncJob.windupActivities(AccountOneTimeSyncJob.groovy:39) [classes/:na]
	at sun.reflect.NativeMethodAccessorImpl.invoke0(Native Method) ~[na:1.6.0_38]
	at sun.reflect.NativeMethodAccessorImpl.invoke(NativeMethodAccessorImpl.java:39) ~[na:1.6.0_38]
	at sun.reflect.DelegatingMethodAccessorImpl.invoke(DelegatingMethodAccessorImpl.java:25) ~[na:1.6.0_38]
	at java.lang.reflect.Method.invoke(Method.java:597) ~[na:1.6.0_38]
	at org.springframework.beans.factory.annotation.InitDestroyAnnotationBeanPostProcessor$LifecycleElement.invoke(InitDestroyAnnotationBeanPostProcessor.java:340) [spring-beans-3.0.6.RELEASE.jar:3.0.6.RELEASE]
	at org.springframework.beans.factory.annotation.InitDestroyAnnotationBeanPostProcessor$LifecycleMetadata.invokeDestroyMethods(InitDestroyAnnotationBeanPostProcessor.java:305) [spring-beans-3.0.6.RELEASE.jar:3.0.6.RELEASE]
	at org.springframework.beans.factory.annotation.InitDestroyAnnotationBeanPostProcessor.postProcessBeforeDestruction(InitDestroyAnnotationBeanPostProcessor.java:148) [spring-beans-3.0.6.RELEASE.jar:3.0.6.RELEASE]
	at org.springframework.beans.factory.support.DisposableBeanAdapter.destroy(DisposableBeanAdapter.java:166) [spring-beans-3.0.6.RELEASE.jar:3.0.6.RELEASE]
	at org.springframework.beans.factory.support.DefaultSingletonBeanRegistry.destroyBean(DefaultSingletonBeanRegistry.java:487) [spring-beans-3.0.6.RELEASE.jar:3.0.6.RELEASE]
	at org.springframework.beans.factory.support.DefaultSingletonBeanRegistry.destroySingleton(DefaultSingletonBeanRegistry.java:463) [spring-beans-3.0.6.RELEASE.jar:3.0.6.RELEASE]
	at org.springframework.beans.factory.support.DefaultSingletonBeanRegistry.destroySingletons(DefaultSingletonBeanRegistry.java:431) [spring-beans-3.0.6.RELEASE.jar:3.0.6.RELEASE]
	at org.springframework.context.support.AbstractApplicationContext.destroyBeans(AbstractApplicationContext.java:1048) [spring-context-3.0.6.RELEASE.jar:3.0.6.RELEASE]
	at org.springframework.context.support.AbstractApplicationContext.refresh(AbstractApplicationContext.java:433) [spring-context-3.0.6.RELEASE.jar:3.0.6.RELEASE]
	at org.springframework.test.context.support.AbstractGenericContextLoader.loadContext(AbstractGenericContextLoader.java:84) [spring-test-3.0.6.RELEASE.jar:3.0.6.RELEASE]
	at org.springframework.test.context.support.AbstractGenericContextLoader.loadContext(AbstractGenericContextLoader.java:1) [spring-test-3.0.6.RELEASE.jar:3.0.6.RELEASE]
	at org.springframework.test.context.TestContext.loadApplicationContext(TestContext.java:280) [spring-test-3.0.6.RELEASE.jar:3.0.6.RELEASE]
	at org.springframework.test.context.TestContext.getApplicationContext(TestContext.java:304) [spring-test-3.0.6.RELEASE.jar:3.0.6.RELEASE]
	at org.springframework.test.context.support.DependencyInjectionTestExecutionListener.injectDependencies(DependencyInjectionTestExecutionListener.java:109) [spring-test-3.0.6.RELEASE.jar:3.0.6.RELEASE]
	at org.springframework.test.context.support.DependencyInjectionTestExecutionListener.prepareTestInstance(DependencyInjectionTestExecutionListener.java:75) [spring-test-3.0.6.RELEASE.jar:3.0.6.RELEASE]
	at org.springframework.test.context.TestContextManager.prepareTestInstance(TestContextManager.java:321) [spring-test-3.0.6.RELEASE.jar:3.0.6.RELEASE]
	at org.spockframework.spring.SpringTestContextManager.prepareTestInstance(SpringTestContextManager.java:49) [spock-spring-0.7-groovy-2.0.jar:na]
	at org.spockframework.spring.SpringInterceptor.interceptSetupMethod(SpringInterceptor.java:42) [spock-spring-0.7-groovy-2.0.jar:na]
	at org.spockframework.runtime.extension.AbstractMethodInterceptor.intercept(AbstractMethodInterceptor.java:28) [spock-core-0.7-groovy-2.0.jar:na]
	at org.spockframework.runtime.extension.MethodInvocation.proceed(MethodInvocation.java:84) [spock-core-0.7-groovy-2.0.jar:na]
	at org.spockframework.runtime.BaseSpecRunner.invoke(BaseSpecRunner.java:319) [spock-core-0.7-groovy-2.0.jar:na]
	at org.spockframework.runtime.BaseSpecRunner.invokeSetup(BaseSpecRunner.java:279) [spock-core-0.7-groovy-2.0.jar:na]
	at org.spockframework.runtime.BaseSpecRunner.doRunIteration(BaseSpecRunner.java:255) [spock-core-0.7-groovy-2.0.jar:na]
	at sun.reflect.GeneratedMethodAccessor5.invoke(Unknown Source) ~[na:na]
	at sun.reflect.DelegatingMethodAccessorImpl.invoke(DelegatingMethodAccessorImpl.java:25) ~[na:1.6.0_38]
	at java.lang.reflect.Method.invoke(Method.java:597) ~[na:1.6.0_38]
	at org.spockframework.util.ReflectionUtil.invokeMethod(ReflectionUtil.java:138) [spock-core-0.7-groovy-2.0.jar:na]
	at org.spockframework.runtime.BaseSpecRunner.invokeRaw(BaseSpecRunner.java:330) [spock-core-0.7-groovy-2.0.jar:na]
	at org.spockframework.runtime.BaseSpecRunner.invoke(BaseSpecRunner.java:311) [spock-core-0.7-groovy-2.0.jar:na]
	at org.spockframework.runtime.BaseSpecRunner.runIteration(BaseSpecRunner.java:223) [spock-core-0.7-groovy-2.0.jar:na]
	at org.spockframework.runtime.BaseSpecRunner.initializeAndRunIteration(BaseSpecRunner.java:214) [spock-core-0.7-groovy-2.0.jar:na]
	at org.spockframework.runtime.BaseSpecRunner.runSimpleFeature(BaseSpecRunner.java:205) [spock-core-0.7-groovy-2.0.jar:na]
	at org.spockframework.runtime.BaseSpecRunner.doRunFeature(BaseSpecRunner.java:199) [spock-core-0.7-groovy-2.0.jar:na]
	at sun.reflect.GeneratedMethodAccessor7.invoke(Unknown Source) ~[na:na]
	at sun.reflect.DelegatingMethodAccessorImpl.invoke(DelegatingMethodAccessorImpl.java:25) ~[na:1.6.0_38]
	at java.lang.reflect.Method.invoke(Method.java:597) ~[na:1.6.0_38]
	at org.spockframework.util.ReflectionUtil.invokeMethod(ReflectionUtil.java:138) [spock-core-0.7-groovy-2.0.jar:na]
	at org.spockframework.runtime.BaseSpecRunner.invokeRaw(BaseSpecRunner.java:330) [spock-core-0.7-groovy-2.0.jar:na]
	at org.spockframework.runtime.BaseSpecRunner.invoke(BaseSpecRunner.java:311) [spock-core-0.7-groovy-2.0.jar:na]
	at org.spockframework.runtime.BaseSpecRunner.runFeature(BaseSpecRunner.java:175) [spock-core-0.7-groovy-2.0.jar:na]
	at org.spockframework.runtime.BaseSpecRunner.runFeatures(BaseSpecRunner.java:152) [spock-core-0.7-groovy-2.0.jar:na]
	at org.spockframework.runtime.BaseSpecRunner.doRunSpec(BaseSpecRunner.java:112) [spock-core-0.7-groovy-2.0.jar:na]
	at sun.reflect.GeneratedMethodAccessor11.invoke(Unknown Source) ~[na:na]
	at sun.reflect.DelegatingMethodAccessorImpl.invoke(DelegatingMethodAccessorImpl.java:25) ~[na:1.6.0_38]
	at java.lang.reflect.Method.invoke(Method.java:597) ~[na:1.6.0_38]
	at org.spockframework.util.ReflectionUtil.invokeMethod(ReflectionUtil.java:138) [spock-core-0.7-groovy-2.0.jar:na]
	at org.spockframework.runtime.BaseSpecRunner.invokeRaw(BaseSpecRunner.java:330) [spock-core-0.7-groovy-2.0.jar:na]
	at org.spockframework.runtime.BaseSpecRunner.invoke(BaseSpecRunner.java:311) [spock-core-0.7-groovy-2.0.jar:na]
	at org.spockframework.runtime.BaseSpecRunner.runSpec(BaseSpecRunner.java:91) [spock-core-0.7-groovy-2.0.jar:na]
	at org.spockframework.runtime.BaseSpecRunner.run(BaseSpecRunner.java:82) [spock-core-0.7-groovy-2.0.jar:na]
	at org.spockframework.runtime.Sputnik.run(Sputnik.java:63) [spock-core-0.7-groovy-2.0.jar:na]
	at org.apache.maven.surefire.junit4.JUnit4TestSet.execute(JUnit4TestSet.java:53) [surefire-junit4-2.10.jar:2.10]
	at org.apache.maven.surefire.junit4.JUnit4Provider.executeTestSet(JUnit4Provider.java:123) [surefire-junit4-2.10.jar:2.10]
	at org.apache.maven.surefire.junit4.JUnit4Provider.invoke(JUnit4Provider.java:104) [surefire-junit4-2.10.jar:2.10]
	at sun.reflect.NativeMethodAccessorImpl.invoke0(Native Method) ~[na:1.6.0_38]
	at sun.reflect.NativeMethodAccessorImpl.invoke(NativeMethodAccessorImpl.java:39) ~[na:1.6.0_38]
	at sun.reflect.DelegatingMethodAccessorImpl.invoke(DelegatingMethodAccessorImpl.java:25) ~[na:1.6.0_38]
	at java.lang.reflect.Method.invoke(Method.java:597) ~[na:1.6.0_38]
	at org.apache.maven.surefire.util.ReflectionUtils.invokeMethodWithArray(ReflectionUtils.java:164) [surefire-api-2.10.jar:2.10]
	at org.apache.maven.surefire.booter.ProviderFactory$ProviderProxy.invoke(ProviderFactory.java:110) [surefire-booter-2.10.jar:2.10]
	at org.apache.maven.surefire.booter.SurefireStarter.invokeProvider(SurefireStarter.java:175) [surefire-booter-2.10.jar:2.10]
	at org.apache.maven.surefire.booter.SurefireStarter.runSuitesInProcessWhenForked(SurefireStarter.java:107) [surefire-booter-2.10.jar:2.10]
	at org.apache.maven.surefire.booter.ForkedBooter.main(ForkedBooter.java:68) [surefire-booter-2.10.jar:2.10]
22:04:24.917 [main] WARN  o.s.c.a.CommonAnnotationBeanPostProcessor - Invocation of destroy method failed on bean with name &apos;accountOnetimeSyncJob&apos;: com.rackspace.search.exception.NotFoundException: Index is missing
22:04:24.923 [main] ERROR c.r.s.e.client.ElasticSearchClient - Index is missing
org.elasticsearch.indices.IndexMissingException: [admin] missing
	at org.elasticsearch.cluster.metadata.MetaData.concreteIndex(MetaData.java:616) ~[elasticsearch-0.90.2.jar:na]
	at org.elasticsearch.action.get.TransportGetAction.resolveRequest(TransportGetAction.java:90) ~[elasticsearch-0.90.2.jar:na]
	at org.elasticsearch.action.get.TransportGetAction.resolveRequest(TransportGetAction.java:42) ~[elasticsearch-0.90.2.jar:na]
	at org.elasticsearch.action.support.single.shard.TransportShardSingleOperationAction$AsyncSingleAction.&lt;init&gt;(TransportShardSingleOperationAction.java:114) ~[elasticsearch-0.90.2.jar:na]
	at org.elasticsearch.action.support.single.shard.TransportShardSingleOperationAction$AsyncSingleAction.&lt;init&gt;(TransportShardSingleOperationAction.java:94) ~[elasticsearch-0.90.2.jar:na]
	at org.elasticsearch.action.support.single.shard.TransportShardSingleOperationAction.doExecute(TransportShardSingleOperationAction.java:71) ~[elasticsearch-0.90.2.jar:na]
	at org.elasticsearch.action.support.single.shard.TransportShardSingleOperationAction.doExecute(TransportShardSingleOperationAction.java:46) ~[elasticsearch-0.90.2.jar:na]
	at org.elasticsearch.action.support.TransportAction.execute(TransportAction.java:61) ~[elasticsearch-0.90.2.jar:na]
	at org.elasticsearch.client.node.NodeClient.execute(NodeClient.java:92) ~[elasticsearch-0.90.2.jar:na]
	at org.elasticsearch.client.support.AbstractClient.get(AbstractClient.java:179) ~[elasticsearch-0.90.2.jar:na]
	at org.elasticsearch.action.get.GetRequestBuilder.doExecute(GetRequestBuilder.java:112) ~[elasticsearch-0.90.2.jar:na]
	at org.elasticsearch.action.ActionRequestBuilder.execute(ActionRequestBuilder.java:62) ~[elasticsearch-0.90.2.jar:na]
	at org.elasticsearch.action.ActionRequestBuilder.execute(ActionRequestBuilder.java:57) ~[elasticsearch-0.90.2.jar:na]
	at org.elasticsearch.action.ActionRequestBuilder$execute.call(Unknown Source) ~[na:na]
	at com.rackspace.search.elasticsearch.client.ElasticSearchClient.getDocument(ElasticSearchClient.groovy:209) ~[classes/:na]
	at com.rackspace.search.elasticsearch.client.ElasticSearchClient$getDocument.call(Unknown Source) [classes/:na]
	at com.rackspace.search.service.JobService.getJob(JobService.groovy:56) [classes/:na]
	at com.rackspace.search.service.JobService$getJob$0.callCurrent(Unknown Source) [classes/:na]
	at com.rackspace.search.service.JobService.getJob(JobService.groovy:52) [classes/:na]
	at com.rackspace.search.service.JobService$getJob.call(Unknown Source) [classes/:na]
	at com.rackspace.search.service.core.CoreTicketOngoingSyncJob.windupActivities(CoreTicketOnGoingSyncJob.groovy:82) [classes/:na]
	at sun.reflect.NativeMethodAccessorImpl.invoke0(Native Method) ~[na:1.6.0_38]
	at sun.reflect.NativeMethodAccessorImpl.invoke(NativeMethodAccessorImpl.java:39) ~[na:1.6.0_38]
	at sun.reflect.DelegatingMethodAccessorImpl.invoke(DelegatingMethodAccessorImpl.java:25) ~[na:1.6.0_38]
	at java.lang.reflect.Method.invoke(Method.java:597) ~[na:1.6.0_38]
	at org.springframework.beans.factory.annotation.InitDestroyAnnotationBeanPostProcessor$LifecycleElement.invoke(InitDestroyAnnotationBeanPostProcessor.java:340) [spring-beans-3.0.6.RELEASE.jar:3.0.6.RELEASE]
	at org.springframework.beans.factory.annotation.InitDestroyAnnotationBeanPostProcessor$LifecycleMetadata.invokeDestroyMethods(InitDestroyAnnotationBeanPostProcessor.java:305) [spring-beans-3.0.6.RELEASE.jar:3.0.6.RELEASE]
	at org.springframework.beans.factory.annotation.InitDestroyAnnotationBeanPostProcessor.postProcessBeforeDestruction(InitDestroyAnnotationBeanPostProcessor.java:148) [spring-beans-3.0.6.RELEASE.jar:3.0.6.RELEASE]
	at org.springframework.beans.factory.support.DisposableBeanAdapter.destroy(DisposableBeanAdapter.java:166) [spring-beans-3.0.6.RELEASE.jar:3.0.6.RELEASE]
	at org.springframework.beans.factory.support.DefaultSingletonBeanRegistry.destroyBean(DefaultSingletonBeanRegistry.java:487) [spring-beans-3.0.6.RELEASE.jar:3.0.6.RELEASE]
	at org.springframework.beans.factory.support.DefaultSingletonBeanRegistry.destroySingleton(DefaultSingletonBeanRegistry.java:463) [spring-beans-3.0.6.RELEASE.jar:3.0.6.RELEASE]
	at org.springframework.beans.factory.support.DefaultSingletonBeanRegistry.destroySingletons(DefaultSingletonBeanRegistry.java:431) [spring-beans-3.0.6.RELEASE.jar:3.0.6.RELEASE]
	at org.springframework.context.support.AbstractApplicationContext.destroyBeans(AbstractApplicationContext.java:1048) [spring-context-3.0.6.RELEASE.jar:3.0.6.RELEASE]
	at org.springframework.context.support.AbstractApplicationContext.refresh(AbstractApplicationContext.java:433) [spring-context-3.0.6.RELEASE.jar:3.0.6.RELEASE]
	at org.springframework.test.context.support.AbstractGenericContextLoader.loadContext(AbstractGenericContextLoader.java:84) [spring-test-3.0.6.RELEASE.jar:3.0.6.RELEASE]
	at org.springframework.test.context.support.AbstractGenericContextLoader.loadContext(AbstractGenericContextLoader.java:1) [spring-test-3.0.6.RELEASE.jar:3.0.6.RELEASE]
	at org.springframework.test.context.TestContext.loadApplicationContext(TestContext.java:280) [spring-test-3.0.6.RELEASE.jar:3.0.6.RELEASE]
	at org.springframework.test.context.TestContext.getApplicationContext(TestContext.java:304) [spring-test-3.0.6.RELEASE.jar:3.0.6.RELEASE]
	at org.springframework.test.context.support.DependencyInjectionTestExecutionListener.injectDependencies(DependencyInjectionTestExecutionListener.java:109) [spring-test-3.0.6.RELEASE.jar:3.0.6.RELEASE]
	at org.springframework.test.context.support.DependencyInjectionTestExecutionListener.prepareTestInstance(DependencyInjectionTestExecutionListener.java:75) [spring-test-3.0.6.RELEASE.jar:3.0.6.RELEASE]
	at org.springframework.test.context.TestContextManager.prepareTestInstance(TestContextManager.java:321) [spring-test-3.0.6.RELEASE.jar:3.0.6.RELEASE]
	at org.spockframework.spring.SpringTestContextManager.prepareTestInstance(SpringTestContextManager.java:49) [spock-spring-0.7-groovy-2.0.jar:na]
	at org.spockframework.spring.SpringInterceptor.interceptSetupMethod(SpringInterceptor.java:42) [spock-spring-0.7-groovy-2.0.jar:na]
	at org.spockframework.runtime.extension.AbstractMethodInterceptor.intercept(AbstractMethodInterceptor.java:28) [spock-core-0.7-groovy-2.0.jar:na]
	at org.spockframework.runtime.extension.MethodInvocation.proceed(MethodInvocation.java:84) [spock-core-0.7-groovy-2.0.jar:na]
	at org.spockframework.runtime.BaseSpecRunner.invoke(BaseSpecRunner.java:319) [spock-core-0.7-groovy-2.0.jar:na]
	at org.spockframework.runtime.BaseSpecRunner.invokeSetup(BaseSpecRunner.java:279) [spock-core-0.7-groovy-2.0.jar:na]
	at org.spockframework.runtime.BaseSpecRunner.doRunIteration(BaseSpecRunner.java:255) [spock-core-0.7-groovy-2.0.jar:na]
	at sun.reflect.GeneratedMethodAccessor5.invoke(Unknown Source) ~[na:na]
	at sun.reflect.DelegatingMethodAccessorImpl.invoke(DelegatingMethodAccessorImpl.java:25) ~[na:1.6.0_38]
	at java.lang.reflect.Method.invoke(Method.java:597) ~[na:1.6.0_38]
	at org.spockframework.util.ReflectionUtil.invokeMethod(ReflectionUtil.java:138) [spock-core-0.7-groovy-2.0.jar:na]
	at org.spockframework.runtime.BaseSpecRunner.invokeRaw(BaseSpecRunner.java:330) [spock-core-0.7-groovy-2.0.jar:na]
	at org.spockframework.runtime.BaseSpecRunner.invoke(BaseSpecRunner.java:311) [spock-core-0.7-groovy-2.0.jar:na]
	at org.spockframework.runtime.BaseSpecRunner.runIteration(BaseSpecRunner.java:223) [spock-core-0.7-groovy-2.0.jar:na]
	at org.spockframework.runtime.BaseSpecRunner.initializeAndRunIteration(BaseSpecRunner.java:214) [spock-core-0.7-groovy-2.0.jar:na]
	at org.spockframework.runtime.BaseSpecRunner.runSimpleFeature(BaseSpecRunner.java:205) [spock-core-0.7-groovy-2.0.jar:na]
	at org.spockframework.runtime.BaseSpecRunner.doRunFeature(BaseSpecRunner.java:199) [spock-core-0.7-groovy-2.0.jar:na]
	at sun.reflect.GeneratedMethodAccessor7.invoke(Unknown Source) ~[na:na]
	at sun.reflect.DelegatingMethodAccessorImpl.invoke(DelegatingMethodAccessorImpl.java:25) ~[na:1.6.0_38]
	at java.lang.reflect.Method.invoke(Method.java:597) ~[na:1.6.0_38]
	at org.spockframework.util.ReflectionUtil.invokeMethod(ReflectionUtil.java:138) [spock-core-0.7-groovy-2.0.jar:na]
	at org.spockframework.runtime.BaseSpecRunner.invokeRaw(BaseSpecRunner.java:330) [spock-core-0.7-groovy-2.0.jar:na]
	at org.spockframework.runtime.BaseSpecRunner.invoke(BaseSpecRunner.java:311) [spock-core-0.7-groovy-2.0.jar:na]
	at org.spockframework.runtime.BaseSpecRunner.runFeature(BaseSpecRunner.java:175) [spock-core-0.7-groovy-2.0.jar:na]
	at org.spockframework.runtime.BaseSpecRunner.runFeatures(BaseSpecRunner.java:152) [spock-core-0.7-groovy-2.0.jar:na]
	at org.spockframework.runtime.BaseSpecRunner.doRunSpec(BaseSpecRunner.java:112) [spock-core-0.7-groovy-2.0.jar:na]
	at sun.reflect.GeneratedMethodAccessor11.invoke(Unknown Source) ~[na:na]
	at sun.reflect.DelegatingMethodAccessorImpl.invoke(DelegatingMethodAccessorImpl.java:25) ~[na:1.6.0_38]
	at java.lang.reflect.Method.invoke(Method.java:597) ~[na:1.6.0_38]
	at org.spockframework.util.ReflectionUtil.invokeMethod(ReflectionUtil.java:138) [spock-core-0.7-groovy-2.0.jar:na]
	at org.spockframework.runtime.BaseSpecRunner.invokeRaw(BaseSpecRunner.java:330) [spock-core-0.7-groovy-2.0.jar:na]
	at org.spockframework.runtime.BaseSpecRunner.invoke(BaseSpecRunner.java:311) [spock-core-0.7-groovy-2.0.jar:na]
	at org.spockframework.runtime.BaseSpecRunner.runSpec(BaseSpecRunner.java:91) [spock-core-0.7-groovy-2.0.jar:na]
	at org.spockframework.runtime.BaseSpecRunner.run(BaseSpecRunner.java:82) [spock-core-0.7-groovy-2.0.jar:na]
	at org.spockframework.runtime.Sputnik.run(Sputnik.java:63) [spock-core-0.7-groovy-2.0.jar:na]
	at org.apache.maven.surefire.junit4.JUnit4TestSet.execute(JUnit4TestSet.java:53) [surefire-junit4-2.10.jar:2.10]
	at org.apache.maven.surefire.junit4.JUnit4Provider.executeTestSet(JUnit4Provider.java:123) [surefire-junit4-2.10.jar:2.10]
	at org.apache.maven.surefire.junit4.JUnit4Provider.invoke(JUnit4Provider.java:104) [surefire-junit4-2.10.jar:2.10]
	at sun.reflect.NativeMethodAccessorImpl.invoke0(Native Method) ~[na:1.6.0_38]
	at sun.reflect.NativeMethodAccessorImpl.invoke(NativeMethodAccessorImpl.java:39) ~[na:1.6.0_38]
	at sun.reflect.DelegatingMethodAccessorImpl.invoke(DelegatingMethodAccessorImpl.java:25) ~[na:1.6.0_38]
	at java.lang.reflect.Method.invoke(Method.java:597) ~[na:1.6.0_38]
	at org.apache.maven.surefire.util.ReflectionUtils.invokeMethodWithArray(ReflectionUtils.java:164) [surefire-api-2.10.jar:2.10]
	at org.apache.maven.surefire.booter.ProviderFactory$ProviderProxy.invoke(ProviderFactory.java:110) [surefire-booter-2.10.jar:2.10]
	at org.apache.maven.surefire.booter.SurefireStarter.invokeProvider(SurefireStarter.java:175) [surefire-booter-2.10.jar:2.10]
	at org.apache.maven.surefire.booter.SurefireStarter.runSuitesInProcessWhenForked(SurefireStarter.java:107) [surefire-booter-2.10.jar:2.10]
	at org.apache.maven.surefire.booter.ForkedBooter.main(ForkedBooter.java:68) [surefire-booter-2.10.jar:2.10]
22:04:24.925 [main] WARN  o.s.c.a.CommonAnnotationBeanPostProcessor - Invocation of destroy method failed on bean with name &apos;coreTicketOngoingSyncJob&apos;: com.rackspace.search.exception.NotFoundException: Index is missing
22:04:24.931 [main] ERROR c.r.s.e.client.ElasticSearchClient - Index is missing
org.elasticsearch.indices.IndexMissingException: [admin] missing
	at org.elasticsearch.cluster.metadata.MetaData.concreteIndex(MetaData.java:616) ~[elasticsearch-0.90.2.jar:na]
	at org.elasticsearch.action.get.TransportGetAction.resolveRequest(TransportGetAction.java:90) ~[elasticsearch-0.90.2.jar:na]
	at org.elasticsearch.action.get.TransportGetAction.resolveRequest(TransportGetAction.java:42) ~[elasticsearch-0.90.2.jar:na]
	at org.elasticsearch.action.support.single.shard.TransportShardSingleOperationAction$AsyncSingleAction.&lt;init&gt;(TransportShardSingleOperationAction.java:114) ~[elasticsearch-0.90.2.jar:na]
	at org.elasticsearch.action.support.single.shard.TransportShardSingleOperationAction$AsyncSingleAction.&lt;init&gt;(TransportShardSingleOperationAction.java:94) ~[elasticsearch-0.90.2.jar:na]
	at org.elasticsearch.action.support.single.shard.TransportShardSingleOperationAction.doExecute(TransportShardSingleOperationAction.java:71) ~[elasticsearch-0.90.2.jar:na]
	at org.elasticsearch.action.support.single.shard.TransportShardSingleOperationAction.doExecute(TransportShardSingleOperationAction.java:46) ~[elasticsearch-0.90.2.jar:na]
	at org.elasticsearch.action.support.TransportAction.execute(TransportAction.java:61) ~[elasticsearch-0.90.2.jar:na]
	at org.elasticsearch.client.node.NodeClient.execute(NodeClient.java:92) ~[elasticsearch-0.90.2.jar:na]
	at org.elasticsearch.client.support.AbstractClient.get(AbstractClient.java:179) ~[elasticsearch-0.90.2.jar:na]
	at org.elasticsearch.action.get.GetRequestBuilder.doExecute(GetRequestBuilder.java:112) ~[elasticsearch-0.90.2.jar:na]
	at org.elasticsearch.action.ActionRequestBuilder.execute(ActionRequestBuilder.java:62) ~[elasticsearch-0.90.2.jar:na]
	at org.elasticsearch.action.ActionRequestBuilder.execute(ActionRequestBuilder.java:57) ~[elasticsearch-0.90.2.jar:na]
	at org.elasticsearch.action.ActionRequestBuilder$execute.call(Unknown Source) ~[na:na]
	at com.rackspace.search.elasticsearch.client.ElasticSearchClient.getDocument(ElasticSearchClient.groovy:209) ~[classes/:na]
	at com.rackspace.search.elasticsearch.client.ElasticSearchClient$getDocument.call(Unknown Source) [classes/:na]
	at com.rackspace.search.service.JobService.getJob(JobService.groovy:56) [classes/:na]
	at com.rackspace.search.service.JobService$getJob$0.callCurrent(Unknown Source) [classes/:na]
	at com.rackspace.search.service.JobService.getJob(JobService.groovy:52) [classes/:na]
	at com.rackspace.search.service.JobService$getJob.call(Unknown Source) [classes/:na]
	at com.rackspace.search.service.core.CoreTicketOnetimeSyncJob.windupActivities(CoreTicketOneTimeSyncJob.groovy:45) [classes/:na]
	at sun.reflect.NativeMethodAccessorImpl.invoke0(Native Method) ~[na:1.6.0_38]
	at sun.reflect.NativeMethodAccessorImpl.invoke(NativeMethodAccessorImpl.java:39) ~[na:1.6.0_38]
	at sun.reflect.DelegatingMethodAccessorImpl.invoke(DelegatingMethodAccessorImpl.java:25) ~[na:1.6.0_38]
	at java.lang.reflect.Method.invoke(Method.java:597) ~[na:1.6.0_38]
	at org.springframework.beans.factory.annotation.InitDestroyAnnotationBeanPostProcessor$LifecycleElement.invoke(InitDestroyAnnotationBeanPostProcessor.java:340) [spring-beans-3.0.6.RELEASE.jar:3.0.6.RELEASE]
	at org.springframework.beans.factory.annotation.InitDestroyAnnotationBeanPostProcessor$LifecycleMetadata.invokeDestroyMethods(InitDestroyAnnotationBeanPostProcessor.java:305) [spring-beans-3.0.6.RELEASE.jar:3.0.6.RELEASE]
	at org.springframework.beans.factory.annotation.InitDestroyAnnotationBeanPostProcessor.postProcessBeforeDestruction(InitDestroyAnnotationBeanPostProcessor.java:148) [spring-beans-3.0.6.RELEASE.jar:3.0.6.RELEASE]
	at org.springframework.beans.factory.support.DisposableBeanAdapter.destroy(DisposableBeanAdapter.java:166) [spring-beans-3.0.6.RELEASE.jar:3.0.6.RELEASE]
	at org.springframework.beans.factory.support.DefaultSingletonBeanRegistry.destroyBean(DefaultSingletonBeanRegistry.java:487) [spring-beans-3.0.6.RELEASE.jar:3.0.6.RELEASE]
	at org.springframework.beans.factory.support.DefaultSingletonBeanRegistry.destroySingleton(DefaultSingletonBeanRegistry.java:463) [spring-beans-3.0.6.RELEASE.jar:3.0.6.RELEASE]
	at org.springframework.beans.factory.support.DefaultSingletonBeanRegistry.destroySingletons(DefaultSingletonBeanRegistry.java:431) [spring-beans-3.0.6.RELEASE.jar:3.0.6.RELEASE]
	at org.springframework.context.support.AbstractApplicationContext.destroyBeans(AbstractApplicationContext.java:1048) [spring-context-3.0.6.RELEASE.jar:3.0.6.RELEASE]
	at org.springframework.context.support.AbstractApplicationContext.refresh(AbstractApplicationContext.java:433) [spring-context-3.0.6.RELEASE.jar:3.0.6.RELEASE]
	at org.springframework.test.context.support.AbstractGenericContextLoader.loadContext(AbstractGenericContextLoader.java:84) [spring-test-3.0.6.RELEASE.jar:3.0.6.RELEASE]
	at org.springframework.test.context.support.AbstractGenericContextLoader.loadContext(AbstractGenericContextLoader.java:1) [spring-test-3.0.6.RELEASE.jar:3.0.6.RELEASE]
	at org.springframework.test.context.TestContext.loadApplicationContext(TestContext.java:280) [spring-test-3.0.6.RELEASE.jar:3.0.6.RELEASE]
	at org.springframework.test.context.TestContext.getApplicationContext(TestContext.java:304) [spring-test-3.0.6.RELEASE.jar:3.0.6.RELEASE]
	at org.springframework.test.context.support.DependencyInjectionTestExecutionListener.injectDependencies(DependencyInjectionTestExecutionListener.java:109) [spring-test-3.0.6.RELEASE.jar:3.0.6.RELEASE]
	at org.springframework.test.context.support.DependencyInjectionTestExecutionListener.prepareTestInstance(DependencyInjectionTestExecutionListener.java:75) [spring-test-3.0.6.RELEASE.jar:3.0.6.RELEASE]
	at org.springframework.test.context.TestContextManager.prepareTestInstance(TestContextManager.java:321) [spring-test-3.0.6.RELEASE.jar:3.0.6.RELEASE]
	at org.spockframework.spring.SpringTestContextManager.prepareTestInstance(SpringTestContextManager.java:49) [spock-spring-0.7-groovy-2.0.jar:na]
	at org.spockframework.spring.SpringInterceptor.interceptSetupMethod(SpringInterceptor.java:42) [spock-spring-0.7-groovy-2.0.jar:na]
	at org.spockframework.runtime.extension.AbstractMethodInterceptor.intercept(AbstractMethodInterceptor.java:28) [spock-core-0.7-groovy-2.0.jar:na]
	at org.spockframework.runtime.extension.MethodInvocation.proceed(MethodInvocation.java:84) [spock-core-0.7-groovy-2.0.jar:na]
	at org.spockframework.runtime.BaseSpecRunner.invoke(BaseSpecRunner.java:319) [spock-core-0.7-groovy-2.0.jar:na]
	at org.spockframework.runtime.BaseSpecRunner.invokeSetup(BaseSpecRunner.java:279) [spock-core-0.7-groovy-2.0.jar:na]
	at org.spockframework.runtime.BaseSpecRunner.doRunIteration(BaseSpecRunner.java:255) [spock-core-0.7-groovy-2.0.jar:na]
	at sun.reflect.GeneratedMethodAccessor5.invoke(Unknown Source) ~[na:na]
	at sun.reflect.DelegatingMethodAccessorImpl.invoke(DelegatingMethodAccessorImpl.java:25) ~[na:1.6.0_38]
	at java.lang.reflect.Method.invoke(Method.java:597) ~[na:1.6.0_38]
	at org.spockframework.util.ReflectionUtil.invokeMethod(ReflectionUtil.java:138) [spock-core-0.7-groovy-2.0.jar:na]
	at org.spockframework.runtime.BaseSpecRunner.invokeRaw(BaseSpecRunner.java:330) [spock-core-0.7-groovy-2.0.jar:na]
	at org.spockframework.runtime.BaseSpecRunner.invoke(BaseSpecRunner.java:311) [spock-core-0.7-groovy-2.0.jar:na]
	at org.spockframework.runtime.BaseSpecRunner.runIteration(BaseSpecRunner.java:223) [spock-core-0.7-groovy-2.0.jar:na]
	at org.spockframework.runtime.BaseSpecRunner.initializeAndRunIteration(BaseSpecRunner.java:214) [spock-core-0.7-groovy-2.0.jar:na]
	at org.spockframework.runtime.BaseSpecRunner.runSimpleFeature(BaseSpecRunner.java:205) [spock-core-0.7-groovy-2.0.jar:na]
	at org.spockframework.runtime.BaseSpecRunner.doRunFeature(BaseSpecRunner.java:199) [spock-core-0.7-groovy-2.0.jar:na]
	at sun.reflect.GeneratedMethodAccessor7.invoke(Unknown Source) ~[na:na]
	at sun.reflect.DelegatingMethodAccessorImpl.invoke(DelegatingMethodAccessorImpl.java:25) ~[na:1.6.0_38]
	at java.lang.reflect.Method.invoke(Method.java:597) ~[na:1.6.0_38]
	at org.spockframework.util.ReflectionUtil.invokeMethod(ReflectionUtil.java:138) [spock-core-0.7-groovy-2.0.jar:na]
	at org.spockframework.runtime.BaseSpecRunner.invokeRaw(BaseSpecRunner.java:330) [spock-core-0.7-groovy-2.0.jar:na]
	at org.spockframework.runtime.BaseSpecRunner.invoke(BaseSpecRunner.java:311) [spock-core-0.7-groovy-2.0.jar:na]
	at org.spockframework.runtime.BaseSpecRunner.runFeature(BaseSpecRunner.java:175) [spock-core-0.7-groovy-2.0.jar:na]
	at org.spockframework.runtime.BaseSpecRunner.runFeatures(BaseSpecRunner.java:152) [spock-core-0.7-groovy-2.0.jar:na]
	at org.spockframework.runtime.BaseSpecRunner.doRunSpec(BaseSpecRunner.java:112) [spock-core-0.7-groovy-2.0.jar:na]
	at sun.reflect.GeneratedMethodAccessor11.invoke(Unknown Source) ~[na:na]
	at sun.reflect.DelegatingMethodAccessorImpl.invoke(DelegatingMethodAccessorImpl.java:25) ~[na:1.6.0_38]
	at java.lang.reflect.Method.invoke(Method.java:597) ~[na:1.6.0_38]
	at org.spockframework.util.ReflectionUtil.invokeMethod(ReflectionUtil.java:138) [spock-core-0.7-groovy-2.0.jar:na]
	at org.spockframework.runtime.BaseSpecRunner.invokeRaw(BaseSpecRunner.java:330) [spock-core-0.7-groovy-2.0.jar:na]
	at org.spockframework.runtime.BaseSpecRunner.invoke(BaseSpecRunner.java:311) [spock-core-0.7-groovy-2.0.jar:na]
	at org.spockframework.runtime.BaseSpecRunner.runSpec(BaseSpecRunner.java:91) [spock-core-0.7-groovy-2.0.jar:na]
	at org.spockframework.runtime.BaseSpecRunner.run(BaseSpecRunner.java:82) [spock-core-0.7-groovy-2.0.jar:na]
	at org.spockframework.runtime.Sputnik.run(Sputnik.java:63) [spock-core-0.7-groovy-2.0.jar:na]
	at org.apache.maven.surefire.junit4.JUnit4TestSet.execute(JUnit4TestSet.java:53) [surefire-junit4-2.10.jar:2.10]
	at org.apache.maven.surefire.junit4.JUnit4Provider.executeTestSet(JUnit4Provider.java:123) [surefire-junit4-2.10.jar:2.10]
	at org.apache.maven.surefire.junit4.JUnit4Provider.invoke(JUnit4Provider.java:104) [surefire-junit4-2.10.jar:2.10]
	at sun.reflect.NativeMethodAccessorImpl.invoke0(Native Method) ~[na:1.6.0_38]
	at sun.reflect.NativeMethodAccessorImpl.invoke(NativeMethodAccessorImpl.java:39) ~[na:1.6.0_38]
	at sun.reflect.DelegatingMethodAccessorImpl.invoke(DelegatingMethodAccessorImpl.java:25) ~[na:1.6.0_38]
	at java.lang.reflect.Method.invoke(Method.java:597) ~[na:1.6.0_38]
	at org.apache.maven.surefire.util.ReflectionUtils.invokeMethodWithArray(ReflectionUtils.java:164) [surefire-api-2.10.jar:2.10]
	at org.apache.maven.surefire.booter.ProviderFactory$ProviderProxy.invoke(ProviderFactory.java:110) [surefire-booter-2.10.jar:2.10]
	at org.apache.maven.surefire.booter.SurefireStarter.invokeProvider(SurefireStarter.java:175) [surefire-booter-2.10.jar:2.10]
	at org.apache.maven.surefire.booter.SurefireStarter.runSuitesInProcessWhenForked(SurefireStarter.java:107) [surefire-booter-2.10.jar:2.10]
	at org.apache.maven.surefire.booter.ForkedBooter.main(ForkedBooter.java:68) [surefire-booter-2.10.jar:2.10]
22:04:24.933 [main] WARN  o.s.c.a.CommonAnnotationBeanPostProcessor - Invocation of destroy method failed on bean with name &apos;coreTicketOnetimeSyncJob&apos;: com.rackspace.search.exception.NotFoundException: Index is missing
22:04:24.935 [main] INFO  org.elasticsearch.node - [ticket.node] {0.90.2}[25471]: stopping ...
22:04:25.110 [main] INFO  org.elasticsearch.node - [ticket.node] {0.90.2}[25471]: stopped
22:04:25.111 [main] INFO  org.elasticsearch.node - [ticket.node] {0.90.2}[25471]: closing ...
22:04:25.140 [main] INFO  org.elasticsearch.node - [ticket.node] {0.90.2}[25471]: closed
22:04:25.377 [main] ERROR o.s.test.context.TestContextManager - Caught exception while allowing TestExecutionListener [org.springframework.test.context.support.DependencyInjectionTestExecutionListener@3e1c65f7] to prepare test instance [com.rackspace.search.service.JobServiceTest@2ead3fd4]
java.lang.IllegalStateException: Failed to load ApplicationContext
	at org.springframework.test.context.TestContext.getApplicationContext(TestContext.java:308) ~[spring-test-3.0.6.RELEASE.jar:3.0.6.RELEASE]
	at org.springframework.test.context.support.DependencyInjectionTestExecutionListener.injectDependencies(DependencyInjectionTestExecutionListener.java:109) ~[spring-test-3.0.6.RELEASE.jar:3.0.6.RELEASE]
	at org.springframework.test.context.support.DependencyInjectionTestExecutionListener.prepareTestInstance(DependencyInjectionTestExecutionListener.java:75) ~[spring-test-3.0.6.RELEASE.jar:3.0.6.RELEASE]
	at org.springframework.test.context.TestContextManager.prepareTestInstance(TestContextManager.java:321) ~[spring-test-3.0.6.RELEASE.jar:3.0.6.RELEASE]
	at org.spockframework.spring.SpringTestContextManager.prepareTestInstance(SpringTestContextManager.java:49) [spock-spring-0.7-groovy-2.0.jar:na]
	at org.spockframework.spring.SpringInterceptor.interceptSetupMethod(SpringInterceptor.java:42) [spock-spring-0.7-groovy-2.0.jar:na]
	at org.spockframework.runtime.extension.AbstractMethodInterceptor.intercept(AbstractMethodInterceptor.java:28) [spock-core-0.7-groovy-2.0.jar:na]
	at org.spockframework.runtime.extension.MethodInvocation.proceed(MethodInvocation.java:84) [spock-core-0.7-groovy-2.0.jar:na]
	at org.spockframework.runtime.BaseSpecRunner.invoke(BaseSpecRunner.java:319) [spock-core-0.7-groovy-2.0.jar:na]
	at org.spockframework.runtime.BaseSpecRunner.invokeSetup(BaseSpecRunner.java:279) [spock-core-0.7-groovy-2.0.jar:na]
	at org.spockframework.runtime.BaseSpecRunner.doRunIteration(BaseSpecRunner.java:255) [spock-core-0.7-groovy-2.0.jar:na]
	at sun.reflect.GeneratedMethodAccessor5.invoke(Unknown Source) ~[na:na]
	at sun.reflect.DelegatingMethodAccessorImpl.invoke(DelegatingMethodAccessorImpl.java:25) ~[na:1.6.0_38]
	at java.lang.reflect.Method.invoke(Method.java:597) ~[na:1.6.0_38]
	at org.spockframework.util.ReflectionUtil.invokeMethod(ReflectionUtil.java:138) [spock-core-0.7-groovy-2.0.jar:na]
	at org.spockframework.runtime.BaseSpecRunner.invokeRaw(BaseSpecRunner.java:330) [spock-core-0.7-groovy-2.0.jar:na]
	at org.spockframework.runtime.BaseSpecRunner.invoke(BaseSpecRunner.java:311) [spock-core-0.7-groovy-2.0.jar:na]
	at org.spockframework.runtime.BaseSpecRunner.runIteration(BaseSpecRunner.java:223) [spock-core-0.7-groovy-2.0.jar:na]
	at org.spockframework.runtime.BaseSpecRunner.initializeAndRunIteration(BaseSpecRunner.java:214) [spock-core-0.7-groovy-2.0.jar:na]
	at org.spockframework.runtime.BaseSpecRunner.runSimpleFeature(BaseSpecRunner.java:205) [spock-core-0.7-groovy-2.0.jar:na]
	at org.spockframework.runtime.BaseSpecRunner.doRunFeature(BaseSpecRunner.java:199) [spock-core-0.7-groovy-2.0.jar:na]
	at sun.reflect.GeneratedMethodAccessor7.invoke(Unknown Source) ~[na:na]
	at sun.reflect.DelegatingMethodAccessorImpl.invoke(DelegatingMethodAccessorImpl.java:25) ~[na:1.6.0_38]
	at java.lang.reflect.Method.invoke(Method.java:597) ~[na:1.6.0_38]
	at org.spockframework.util.ReflectionUtil.invokeMethod(ReflectionUtil.java:138) [spock-core-0.7-groovy-2.0.jar:na]
	at org.spockframework.runtime.BaseSpecRunner.invokeRaw(BaseSpecRunner.java:330) [spock-core-0.7-groovy-2.0.jar:na]
	at org.spockframework.runtime.BaseSpecRunner.invoke(BaseSpecRunner.java:311) [spock-core-0.7-groovy-2.0.jar:na]
	at org.spockframework.runtime.BaseSpecRunner.runFeature(BaseSpecRunner.java:175) [spock-core-0.7-groovy-2.0.jar:na]
	at org.spockframework.runtime.BaseSpecRunner.runFeatures(BaseSpecRunner.java:152) [spock-core-0.7-groovy-2.0.jar:na]
	at org.spockframework.runtime.BaseSpecRunner.doRunSpec(BaseSpecRunner.java:112) [spock-core-0.7-groovy-2.0.jar:na]
	at sun.reflect.GeneratedMethodAccessor11.invoke(Unknown Source) ~[na:na]
	at sun.reflect.DelegatingMethodAccessorImpl.invoke(DelegatingMethodAccessorImpl.java:25) ~[na:1.6.0_38]
	at java.lang.reflect.Method.invoke(Method.java:597) ~[na:1.6.0_38]
	at org.spockframework.util.ReflectionUtil.invokeMethod(ReflectionUtil.java:138) [spock-core-0.7-groovy-2.0.jar:na]
	at org.spockframework.runtime.BaseSpecRunner.invokeRaw(BaseSpecRunner.java:330) [spock-core-0.7-groovy-2.0.jar:na]
	at org.spockframework.runtime.BaseSpecRunner.invoke(BaseSpecRunner.java:311) [spock-core-0.7-groovy-2.0.jar:na]
	at org.spockframework.runtime.BaseSpecRunner.runSpec(BaseSpecRunner.java:91) [spock-core-0.7-groovy-2.0.jar:na]
	at org.spockframework.runtime.BaseSpecRunner.run(BaseSpecRunner.java:82) [spock-core-0.7-groovy-2.0.jar:na]
	at org.spockframework.runtime.Sputnik.run(Sputnik.java:63) [spock-core-0.7-groovy-2.0.jar:na]
	at org.apache.maven.surefire.junit4.JUnit4TestSet.execute(JUnit4TestSet.java:53) [surefire-junit4-2.10.jar:2.10]
	at org.apache.maven.surefire.junit4.JUnit4Provider.executeTestSet(JUnit4Provider.java:123) [surefire-junit4-2.10.jar:2.10]
	at org.apache.maven.surefire.junit4.JUnit4Provider.invoke(JUnit4Provider.java:104) [surefire-junit4-2.10.jar:2.10]
	at sun.reflect.NativeMethodAccessorImpl.invoke0(Native Method) ~[na:1.6.0_38]
	at sun.reflect.NativeMethodAccessorImpl.invoke(NativeMethodAccessorImpl.java:39) ~[na:1.6.0_38]
	at sun.reflect.DelegatingMethodAccessorImpl.invoke(DelegatingMethodAccessorImpl.java:25) ~[na:1.6.0_38]
	at java.lang.reflect.Method.invoke(Method.java:597) ~[na:1.6.0_38]
	at org.apache.maven.surefire.util.ReflectionUtils.invokeMethodWithArray(ReflectionUtils.java:164) [surefire-api-2.10.jar:2.10]
	at org.apache.maven.surefire.booter.ProviderFactory$ProviderProxy.invoke(ProviderFactory.java:110) [surefire-booter-2.10.jar:2.10]
	at org.apache.maven.surefire.booter.SurefireStarter.invokeProvider(SurefireStarter.java:175) [surefire-booter-2.10.jar:2.10]
	at org.apache.maven.surefire.booter.SurefireStarter.runSuitesInProcessWhenForked(SurefireStarter.java:107) [surefire-booter-2.10.jar:2.10]
	at org.apache.maven.surefire.booter.ForkedBooter.main(ForkedBooter.java:68) [surefire-booter-2.10.jar:2.10]
Caused by: org.springframework.beans.factory.BeanCreationException: Error creating bean with name &apos;jobResource&apos;: Injection of autowired dependencies failed; nested exception is org.springframework.beans.factory.BeanCreationException: Could not autowire field: private com.rackspace.search.service.zendesk.ZendeskTicketOngoingSyncJob com.rackspace.search.endpoint.JobResource.zendeskTicketOngoingSyncJob; nested exception is org.springframework.beans.factory.BeanCreationException: Error creating bean with name &apos;zendeskTicketOngoingSyncJob&apos;: Injection of autowired dependencies failed; nested exception is org.springframework.beans.factory.BeanCreationException: Could not autowire field: private com.rackspace.search.service.zendesk.ZendeskTicketOngoingSyncActor com.rackspace.search.service.zendesk.ZendeskTicketOngoingSyncJob.ticketActor; nested exception is org.springframework.beans.factory.BeanCreationException: Error creating bean with name &apos;zendeskTicketOngoingSyncActor&apos;: Injection of autowired dependencies failed; nested exception is org.springframework.beans.factory.BeanCreationException: Could not autowire field: private com.rackspace.search.service.zendesk.ZendeskTicketProcessor com.rackspace.search.service.zendesk.ZendeskTicketOngoingSyncActor.zendeskTicketProcessor; nested exception is org.springframework.beans.factory.BeanCreationException: Error creating bean with name &apos;zendeskTicketProcessor&apos;: Injection of autowired dependencies failed; nested exception is org.springframework.beans.factory.BeanCreationException: Could not autowire field: private java.lang.Object com.rackspace.search.service.zendesk.ZendeskTicketProcessor.zendeskIndexName; nested exception is java.lang.IllegalArgumentException: Could not resolve placeholder &apos;zendesk.index.name&apos;
	at org.springframework.beans.factory.annotation.AutowiredAnnotationBeanPostProcessor.postProcessPropertyValues(AutowiredAnnotationBeanPostProcessor.java:288) ~[spring-beans-3.0.6.RELEASE.jar:3.0.6.RELEASE]
	at org.springframework.beans.factory.support.AbstractAutowireCapableBeanFactory.populateBean(AbstractAutowireCapableBeanFactory.java:1074) ~[spring-beans-3.0.6.RELEASE.jar:3.0.6.RELEASE]
	at org.springframework.beans.factory.support.AbstractAutowireCapableBeanFactory.doCreateBean(AbstractAutowireCapableBeanFactory.java:517) ~[spring-beans-3.0.6.RELEASE.jar:3.0.6.RELEASE]
	at org.springframework.beans.factory.support.AbstractAutowireCapableBeanFactory.createBean(AbstractAutowireCapableBeanFactory.java:456) ~[spring-beans-3.0.6.RELEASE.jar:3.0.6.RELEASE]
	at org.springframework.beans.factory.support.AbstractBeanFactory$1.getObject(AbstractBeanFactory.java:293) ~[spring-beans-3.0.6.RELEASE.jar:3.0.6.RELEASE]
	at org.springframework.beans.factory.support.DefaultSingletonBeanRegistry.getSingleton(DefaultSingletonBeanRegistry.java:222) ~[spring-beans-3.0.6.RELEASE.jar:3.0.6.RELEASE]
	at org.springframework.beans.factory.support.AbstractBeanFactory.doGetBean(AbstractBeanFactory.java:290) ~[spring-beans-3.0.6.RELEASE.jar:3.0.6.RELEASE]
	at org.springframework.beans.factory.support.AbstractBeanFactory.getBean(AbstractBeanFactory.java:192) ~[spring-beans-3.0.6.RELEASE.jar:3.0.6.RELEASE]
	at org.springframework.beans.factory.support.DefaultListableBeanFactory.preInstantiateSingletons(DefaultListableBeanFactory.java:585) ~[spring-beans-3.0.6.RELEASE.jar:3.0.6.RELEASE]
	at org.springframework.context.support.AbstractApplicationContext.finishBeanFactoryInitialization(AbstractApplicationContext.java:895) ~[spring-context-3.0.6.RELEASE.jar:3.0.6.RELEASE]
	at org.springframework.context.support.AbstractApplicationContext.refresh(AbstractApplicationContext.java:425) ~[spring-context-3.0.6.RELEASE.jar:3.0.6.RELEASE]
	at org.springframework.test.context.support.AbstractGenericContextLoader.loadContext(AbstractGenericContextLoader.java:84) ~[spring-test-3.0.6.RELEASE.jar:3.0.6.RELEASE]
	at org.springframework.test.context.support.AbstractGenericContextLoader.loadContext(AbstractGenericContextLoader.java:1) ~[spring-test-3.0.6.RELEASE.jar:3.0.6.RELEASE]
	at org.springframework.test.context.TestContext.loadApplicationContext(TestContext.java:280) ~[spring-test-3.0.6.RELEASE.jar:3.0.6.RELEASE]
	at org.springframework.test.context.TestContext.getApplicationContext(TestContext.java:304) ~[spring-test-3.0.6.RELEASE.jar:3.0.6.RELEASE]
	... 50 common frames omitted
Caused by: org.springframework.beans.factory.BeanCreationException: Could not autowire field: private com.rackspace.search.service.zendesk.ZendeskTicketOngoingSyncJob com.rackspace.search.endpoint.JobResource.zendeskTicketOngoingSyncJob; nested exception is org.springframework.beans.factory.BeanCreationException: Error creating bean with name &apos;zendeskTicketOngoingSyncJob&apos;: Injection of autowired dependencies failed; nested exception is org.springframework.beans.factory.BeanCreationException: Could not autowire field: private com.rackspace.search.service.zendesk.ZendeskTicketOngoingSyncActor com.rackspace.search.service.zendesk.ZendeskTicketOngoingSyncJob.ticketActor; nested exception is org.springframework.beans.factory.BeanCreationException: Error creating bean with name &apos;zendeskTicketOngoingSyncActor&apos;: Injection of autowired dependencies failed; nested exception is org.springframework.beans.factory.BeanCreationException: Could not autowire field: private com.rackspace.search.service.zendesk.ZendeskTicketProcessor com.rackspace.search.service.zendesk.ZendeskTicketOngoingSyncActor.zendeskTicketProcessor; nested exception is org.springframework.beans.factory.BeanCreationException: Error creating bean with name &apos;zendeskTicketProcessor&apos;: Injection of autowired dependencies failed; nested exception is org.springframework.beans.factory.BeanCreationException: Could not autowire field: private java.lang.Object com.rackspace.search.service.zendesk.ZendeskTicketProcessor.zendeskIndexName; nested exception is java.lang.IllegalArgumentException: Could not resolve placeholder &apos;zendesk.index.name&apos;
	at org.springframework.beans.factory.annotation.AutowiredAnnotationBeanPostProcessor$AutowiredFieldElement.inject(AutowiredAnnotationBeanPostProcessor.java:508) ~[spring-beans-3.0.6.RELEASE.jar:3.0.6.RELEASE]
	at org.springframework.beans.factory.annotation.InjectionMetadata.inject(InjectionMetadata.java:84) ~[spring-beans-3.0.6.RELEASE.jar:3.0.6.RELEASE]
	at org.springframework.beans.factory.annotation.AutowiredAnnotationBeanPostProcessor.postProcessPropertyValues(AutowiredAnnotationBeanPostProcessor.java:285) ~[spring-beans-3.0.6.RELEASE.jar:3.0.6.RELEASE]
	... 64 common frames omitted
Caused by: org.springframework.beans.factory.BeanCreationException: Error creating bean with name &apos;zendeskTicketOngoingSyncJob&apos;: Injection of autowired dependencies failed; nested exception is org.springframework.beans.factory.BeanCreationException: Could not autowire field: private com.rackspace.search.service.zendesk.ZendeskTicketOngoingSyncActor com.rackspace.search.service.zendesk.ZendeskTicketOngoingSyncJob.ticketActor; nested exception is org.springframework.beans.factory.BeanCreationException: Error creating bean with name &apos;zendeskTicketOngoingSyncActor&apos;: Injection of autowired dependencies failed; nested exception is org.springframework.beans.factory.BeanCreationException: Could not autowire field: private com.rackspace.search.service.zendesk.ZendeskTicketProcessor com.rackspace.search.service.zendesk.ZendeskTicketOngoingSyncActor.zendeskTicketProcessor; nested exception is org.springframework.beans.factory.BeanCreationException: Error creating bean with name &apos;zendeskTicketProcessor&apos;: Injection of autowired dependencies failed; nested exception is org.springframework.beans.factory.BeanCreationException: Could not autowire field: private java.lang.Object com.rackspace.search.service.zendesk.ZendeskTicketProcessor.zendeskIndexName; nested exception is java.lang.IllegalArgumentException: Could not resolve placeholder &apos;zendesk.index.name&apos;
	at org.springframework.beans.factory.annotation.AutowiredAnnotationBeanPostProcessor.postProcessPropertyValues(AutowiredAnnotationBeanPostProcessor.java:288) ~[spring-beans-3.0.6.RELEASE.jar:3.0.6.RELEASE]
	at org.springframework.beans.factory.support.AbstractAutowireCapableBeanFactory.populateBean(AbstractAutowireCapableBeanFactory.java:1074) ~[spring-beans-3.0.6.RELEASE.jar:3.0.6.RELEASE]
	at org.springframework.beans.factory.support.AbstractAutowireCapableBeanFactory.doCreateBean(AbstractAutowireCapableBeanFactory.java:517) ~[spring-beans-3.0.6.RELEASE.jar:3.0.6.RELEASE]
	at org.springframework.beans.factory.support.AbstractAutowireCapableBeanFactory.createBean(AbstractAutowireCapableBeanFactory.java:456) ~[spring-beans-3.0.6.RELEASE.jar:3.0.6.RELEASE]
	at org.springframework.beans.factory.support.AbstractBeanFactory$1.getObject(AbstractBeanFactory.java:293) ~[spring-beans-3.0.6.RELEASE.jar:3.0.6.RELEASE]
	at org.springframework.beans.factory.support.DefaultSingletonBeanRegistry.getSingleton(DefaultSingletonBeanRegistry.java:222) ~[spring-beans-3.0.6.RELEASE.jar:3.0.6.RELEASE]
	at org.springframework.beans.factory.support.AbstractBeanFactory.doGetBean(AbstractBeanFactory.java:290) ~[spring-beans-3.0.6.RELEASE.jar:3.0.6.RELEASE]
	at org.springframework.beans.factory.support.AbstractBeanFactory.getBean(AbstractBeanFactory.java:192) ~[spring-beans-3.0.6.RELEASE.jar:3.0.6.RELEASE]
	at org.springframework.beans.factory.support.DefaultListableBeanFactory.findAutowireCandidates(DefaultListableBeanFactory.java:848) ~[spring-beans-3.0.6.RELEASE.jar:3.0.6.RELEASE]
	at org.springframework.beans.factory.support.DefaultListableBeanFactory.doResolveDependency(DefaultListableBeanFactory.java:790) ~[spring-beans-3.0.6.RELEASE.jar:3.0.6.RELEASE]
	at org.springframework.beans.factory.support.DefaultListableBeanFactory.resolveDependency(DefaultListableBeanFactory.java:707) ~[spring-beans-3.0.6.RELEASE.jar:3.0.6.RELEASE]
	at org.springframework.beans.factory.annotation.AutowiredAnnotationBeanPostProcessor$AutowiredFieldElement.inject(AutowiredAnnotationBeanPostProcessor.java:480) ~[spring-beans-3.0.6.RELEASE.jar:3.0.6.RELEASE]
	... 66 common frames omitted
Caused by: org.springframework.beans.factory.BeanCreationException: Could not autowire field: private com.rackspace.search.service.zendesk.ZendeskTicketOngoingSyncActor com.rackspace.search.service.zendesk.ZendeskTicketOngoingSyncJob.ticketActor; nested exception is org.springframework.beans.factory.BeanCreationException: Error creating bean with name &apos;zendeskTicketOngoingSyncActor&apos;: Injection of autowired dependencies failed; nested exception is org.springframework.beans.factory.BeanCreationException: Could not autowire field: private com.rackspace.search.service.zendesk.ZendeskTicketProcessor com.rackspace.search.service.zendesk.ZendeskTicketOngoingSyncActor.zendeskTicketProcessor; nested exception is org.springframework.beans.factory.BeanCreationException: Error creating bean with name &apos;zendeskTicketProcessor&apos;: Injection of autowired dependencies failed; nested exception is org.springframework.beans.factory.BeanCreationException: Could not autowire field: private java.lang.Object com.rackspace.search.service.zendesk.ZendeskTicketProcessor.zendeskIndexName; nested exception is java.lang.IllegalArgumentException: Could not resolve placeholder &apos;zendesk.index.name&apos;
	at org.springframework.beans.factory.annotation.AutowiredAnnotationBeanPostProcessor$AutowiredFieldElement.inject(AutowiredAnnotationBeanPostProcessor.java:508) ~[spring-beans-3.0.6.RELEASE.jar:3.0.6.RELEASE]
	at org.springframework.beans.factory.annotation.InjectionMetadata.inject(InjectionMetadata.java:84) ~[spring-beans-3.0.6.RELEASE.jar:3.0.6.RELEASE]
	at org.springframework.beans.factory.annotation.AutowiredAnnotationBeanPostProcessor.postProcessPropertyValues(AutowiredAnnotationBeanPostProcessor.java:285) ~[spring-beans-3.0.6.RELEASE.jar:3.0.6.RELEASE]
	... 77 common frames omitted
Caused by: org.springframework.beans.factory.BeanCreationException: Error creating bean with name &apos;zendeskTicketOngoingSyncActor&apos;: Injection of autowired dependencies failed; nested exception is org.springframework.beans.factory.BeanCreationException: Could not autowire field: private com.rackspace.search.service.zendesk.ZendeskTicketProcessor com.rackspace.search.service.zendesk.ZendeskTicketOngoingSyncActor.zendeskTicketProcessor; nested exception is org.springframework.beans.factory.BeanCreationException: Error creating bean with name &apos;zendeskTicketProcessor&apos;: Injection of autowired dependencies failed; nested exception is org.springframework.beans.factory.BeanCreationException: Could not autowire field: private java.lang.Object com.rackspace.search.service.zendesk.ZendeskTicketProcessor.zendeskIndexName; nested exception is java.lang.IllegalArgumentException: Could not resolve placeholder &apos;zendesk.index.name&apos;
	at org.springframework.beans.factory.annotation.AutowiredAnnotationBeanPostProcessor.postProcessPropertyValues(AutowiredAnnotationBeanPostProcessor.java:288) ~[spring-beans-3.0.6.RELEASE.jar:3.0.6.RELEASE]
	at org.springframework.beans.factory.support.AbstractAutowireCapableBeanFactory.populateBean(AbstractAutowireCapableBeanFactory.java:1074) ~[spring-beans-3.0.6.RELEASE.jar:3.0.6.RELEASE]
	at org.springframework.beans.factory.support.AbstractAutowireCapableBeanFactory.doCreateBean(AbstractAutowireCapableBeanFactory.java:517) ~[spring-beans-3.0.6.RELEASE.jar:3.0.6.RELEASE]
	at org.springframework.beans.factory.support.AbstractAutowireCapableBeanFactory.createBean(AbstractAutowireCapableBeanFactory.java:456) ~[spring-beans-3.0.6.RELEASE.jar:3.0.6.RELEASE]
	at org.springframework.beans.factory.support.AbstractBeanFactory$1.getObject(AbstractBeanFactory.java:293) ~[spring-beans-3.0.6.RELEASE.jar:3.0.6.RELEASE]
	at org.springframework.beans.factory.support.DefaultSingletonBeanRegistry.getSingleton(DefaultSingletonBeanRegistry.java:222) ~[spring-beans-3.0.6.RELEASE.jar:3.0.6.RELEASE]
	at org.springframework.beans.factory.support.AbstractBeanFactory.doGetBean(AbstractBeanFactory.java:290) ~[spring-beans-3.0.6.RELEASE.jar:3.0.6.RELEASE]
	at org.springframework.beans.factory.support.AbstractBeanFactory.getBean(AbstractBeanFactory.java:192) ~[spring-beans-3.0.6.RELEASE.jar:3.0.6.RELEASE]
	at org.springframework.beans.factory.support.DefaultListableBeanFactory.findAutowireCandidates(DefaultListableBeanFactory.java:848) ~[spring-beans-3.0.6.RELEASE.jar:3.0.6.RELEASE]
	at org.springframework.beans.factory.support.DefaultListableBeanFactory.doResolveDependency(DefaultListableBeanFactory.java:790) ~[spring-beans-3.0.6.RELEASE.jar:3.0.6.RELEASE]
	at org.springframework.beans.factory.support.DefaultListableBeanFactory.resolveDependency(DefaultListableBeanFactory.java:707) ~[spring-beans-3.0.6.RELEASE.jar:3.0.6.RELEASE]
	at org.springframework.beans.factory.annotation.AutowiredAnnotationBeanPostProcessor$AutowiredFieldElement.inject(AutowiredAnnotationBeanPostProcessor.java:480) ~[spring-beans-3.0.6.RELEASE.jar:3.0.6.RELEASE]
	... 79 common frames omitted
Caused by: org.springframework.beans.factory.BeanCreationException: Could not autowire field: private com.rackspace.search.service.zendesk.ZendeskTicketProcessor com.rackspace.search.service.zendesk.ZendeskTicketOngoingSyncActor.zendeskTicketProcessor; nested exception is org.springframework.beans.factory.BeanCreationException: Error creating bean with name &apos;zendeskTicketProcessor&apos;: Injection of autowired dependencies failed; nested exception is org.springframework.beans.factory.BeanCreationException: Could not autowire field: private java.lang.Object com.rackspace.search.service.zendesk.ZendeskTicketProcessor.zendeskIndexName; nested exception is java.lang.IllegalArgumentException: Could not resolve placeholder &apos;zendesk.index.name&apos;
	at org.springframework.beans.factory.annotation.AutowiredAnnotationBeanPostProcessor$AutowiredFieldElement.inject(AutowiredAnnotationBeanPostProcessor.java:508) ~[spring-beans-3.0.6.RELEASE.jar:3.0.6.RELEASE]
	at org.springframework.beans.factory.annotation.InjectionMetadata.inject(InjectionMetadata.java:84) ~[spring-beans-3.0.6.RELEASE.jar:3.0.6.RELEASE]
	at org.springframework.beans.factory.annotation.AutowiredAnnotationBeanPostProcessor.postProcessPropertyValues(AutowiredAnnotationBeanPostProcessor.java:285) ~[spring-beans-3.0.6.RELEASE.jar:3.0.6.RELEASE]
	... 90 common frames omitted
Caused by: org.springframework.beans.factory.BeanCreationException: Error creating bean with name &apos;zendeskTicketProcessor&apos;: Injection of autowired dependencies failed; nested exception is org.springframework.beans.factory.BeanCreationException: Could not autowire field: private java.lang.Object com.rackspace.search.service.zendesk.ZendeskTicketProcessor.zendeskIndexName; nested exception is java.lang.IllegalArgumentException: Could not resolve placeholder &apos;zendesk.index.name&apos;
	at org.springframework.beans.factory.annotation.AutowiredAnnotationBeanPostProcessor.postProcessPropertyValues(AutowiredAnnotationBeanPostProcessor.java:288) ~[spring-beans-3.0.6.RELEASE.jar:3.0.6.RELEASE]
	at org.springframework.beans.factory.support.AbstractAutowireCapableBeanFactory.populateBean(AbstractAutowireCapableBeanFactory.java:1074) ~[spring-beans-3.0.6.RELEASE.jar:3.0.6.RELEASE]
	at org.springframework.beans.factory.support.AbstractAutowireCapableBeanFactory.doCreateBean(AbstractAutowireCapableBeanFactory.java:517) ~[spring-beans-3.0.6.RELEASE.jar:3.0.6.RELEASE]
	at org.springframework.beans.factory.support.AbstractAutowireCapableBeanFactory.createBean(AbstractAutowireCapableBeanFactory.java:456) ~[spring-beans-3.0.6.RELEASE.jar:3.0.6.RELEASE]
	at org.springframework.beans.factory.support.AbstractBeanFactory$1.getObject(AbstractBeanFactory.java:293) ~[spring-beans-3.0.6.RELEASE.jar:3.0.6.RELEASE]
	at org.springframework.beans.factory.support.DefaultSingletonBeanRegistry.getSingleton(DefaultSingletonBeanRegistry.java:222) ~[spring-beans-3.0.6.RELEASE.jar:3.0.6.RELEASE]
	at org.springframework.beans.factory.support.AbstractBeanFactory.doGetBean(AbstractBeanFactory.java:290) ~[spring-beans-3.0.6.RELEASE.jar:3.0.6.RELEASE]
	at org.springframework.beans.factory.support.AbstractBeanFactory.getBean(AbstractBeanFactory.java:192) ~[spring-beans-3.0.6.RELEASE.jar:3.0.6.RELEASE]
	at org.springframework.beans.factory.support.DefaultListableBeanFactory.findAutowireCandidates(DefaultListableBeanFactory.java:848) ~[spring-beans-3.0.6.RELEASE.jar:3.0.6.RELEASE]
	at org.springframework.beans.factory.support.DefaultListableBeanFactory.doResolveDependency(DefaultListableBeanFactory.java:790) ~[spring-beans-3.0.6.RELEASE.jar:3.0.6.RELEASE]
	at org.springframework.beans.factory.support.DefaultListableBeanFactory.resolveDependency(DefaultListableBeanFactory.java:707) ~[spring-beans-3.0.6.RELEASE.jar:3.0.6.RELEASE]
	at org.springframework.beans.factory.annotation.AutowiredAnnotationBeanPostProcessor$AutowiredFieldElement.inject(AutowiredAnnotationBeanPostProcessor.java:480) ~[spring-beans-3.0.6.RELEASE.jar:3.0.6.RELEASE]
	... 92 common frames omitted
Caused by: org.springframework.beans.factory.BeanCreationException: Could not autowire field: private java.lang.Object com.rackspace.search.service.zendesk.ZendeskTicketProcessor.zendeskIndexName; nested exception is java.lang.IllegalArgumentException: Could not resolve placeholder &apos;zendesk.index.name&apos;
	at org.springframework.beans.factory.annotation.AutowiredAnnotationBeanPostProcessor$AutowiredFieldElement.inject(AutowiredAnnotationBeanPostProcessor.java:508) ~[spring-beans-3.0.6.RELEASE.jar:3.0.6.RELEASE]
	at org.springframework.beans.factory.annotation.InjectionMetadata.inject(InjectionMetadata.java:84) ~[spring-beans-3.0.6.RELEASE.jar:3.0.6.RELEASE]
	at org.springframework.beans.factory.annotation.AutowiredAnnotationBeanPostProcessor.postProcessPropertyValues(AutowiredAnnotationBeanPostProcessor.java:285) ~[spring-beans-3.0.6.RELEASE.jar:3.0.6.RELEASE]
	... 103 common frames omitted
Caused by: java.lang.IllegalArgumentException: Could not resolve placeholder &apos;zendesk.index.name&apos;
	at org.springframework.util.PropertyPlaceholderHelper.parseStringValue(PropertyPlaceholderHelper.java:173) ~[spring-core-3.0.6.RELEASE.jar:3.0.6.RELEASE]
	at org.springframework.util.PropertyPlaceholderHelper.replacePlaceholders(PropertyPlaceholderHelper.java:125) ~[spring-core-3.0.6.RELEASE.jar:3.0.6.RELEASE]
	at org.springframework.beans.factory.config.PropertyPlaceholderConfigurer$PlaceholderResolvingStringValueResolver.resolveStringValue(PropertyPlaceholderConfigurer.java:403) ~[spring-beans-3.0.6.RELEASE.jar:3.0.6.RELEASE]
	at org.springframework.beans.factory.support.AbstractBeanFactory.resolveEmbeddedValue(AbstractBeanFactory.java:747) ~[spring-beans-3.0.6.RELEASE.jar:3.0.6.RELEASE]
	at org.springframework.beans.factory.support.DefaultListableBeanFactory.doResolveDependency(DefaultListableBeanFactory.java:717) ~[spring-beans-3.0.6.RELEASE.jar:3.0.6.RELEASE]
	at org.springframework.beans.factory.support.DefaultListableBeanFactory.resolveDependency(DefaultListableBeanFactory.java:707) ~[spring-beans-3.0.6.RELEASE.jar:3.0.6.RELEASE]
	at org.springframework.beans.factory.annotation.AutowiredAnnotationBeanPostProcessor$AutowiredFieldElement.inject(AutowiredAnnotationBeanPostProcessor.java:480) ~[spring-beans-3.0.6.RELEASE.jar:3.0.6.RELEASE]
	... 105 common frames omitted
</stdout>
          <stderr>Exception in thread &quot;Timer-4&quot; org.elasticsearch.common.util.concurrent.EsRejectedExecutionException: rejected execution of [org.elasticsearch.action.support.master.TransportMasterNodeOperationAction$2]
	at org.elasticsearch.common.util.concurrent.EsAbortPolicy.rejectedExecution(EsAbortPolicy.java:35)
	at java.util.concurrent.ThreadPoolExecutor.reject(ThreadPoolExecutor.java:767)
	at java.util.concurrent.ThreadPoolExecutor.execute(ThreadPoolExecutor.java:658)
	at org.elasticsearch.action.support.master.TransportMasterNodeOperationAction.innerExecute(TransportMasterNodeOperationAction.java:132)
	at org.elasticsearch.action.support.master.TransportMasterNodeOperationAction.doExecute(TransportMasterNodeOperationAction.java:86)
	at org.elasticsearch.action.support.master.TransportMasterNodeOperationAction.doExecute(TransportMasterNodeOperationAction.java:42)
	at org.elasticsearch.action.support.TransportAction.execute(TransportAction.java:61)
	at org.elasticsearch.client.node.NodeClusterAdminClient.execute(NodeClusterAdminClient.java:72)
	at org.elasticsearch.client.support.AbstractClusterAdminClient.health(AbstractClusterAdminClient.java:83)
	at org.elasticsearch.action.admin.cluster.health.ClusterHealthRequestBuilder.doExecute(ClusterHealthRequestBuilder.java:98)
	at org.elasticsearch.action.ActionRequestBuilder.execute(ActionRequestBuilder.java:62)
	at org.elasticsearch.action.ActionRequestBuilder.execute(ActionRequestBuilder.java:57)
	at org.elasticsearch.action.ActionRequestBuilder$execute.call(Unknown Source)
	at com.rackspace.search.elasticsearch.ElasticSearchServer.getHealthInformation(ElasticSearchServer.groovy:55)
	at com.rackspace.search.elasticsearch.ElasticSearchServer.getHealthStatus(ElasticSearchServer.groovy:51)
	at com.rackspace.search.elasticsearch.ElasticSearchServer.waitForYellowStatus(ElasticSearchServer.groovy:69)
	at com.rackspace.search.elasticsearch.ElasticSearchServer$waitForYellowStatus.call(Unknown Source)
	at com.rackspace.search.service.core.CoreTicketOngoingSyncJob.setupJob(CoreTicketOnGoingSyncJob.groovy:89)
	at sun.reflect.NativeMethodAccessorImpl.invoke0(Native Method)
	at sun.reflect.NativeMethodAccessorImpl.invoke(NativeMethodAccessorImpl.java:39)
	at sun.reflect.DelegatingMethodAccessorImpl.invoke(DelegatingMethodAccessorImpl.java:25)
	at java.lang.reflect.Method.invoke(Method.java:597)
	at org.codehaus.groovy.reflection.CachedMethod.invoke(CachedMethod.java:90)
	at groovy.lang.MetaMethod.doMethodInvoke(MetaMethod.java:233)
	at groovy.lang.MetaClassImpl.invokeMethod(MetaClassImpl.java:1085)
	at org.codehaus.groovy.runtime.ScriptBytecodeAdapter.invokeMethodOnCurrentN(ScriptBytecodeAdapter.java:78)
	at com.rackspace.search.service.core.CoreTicketOngoingSyncJob.this$dist$invoke$1(CoreTicketOnGoingSyncJob.groovy)
	at com.rackspace.search.service.core.CoreTicketOngoingSyncJob$1.methodMissing(CoreTicketOnGoingSyncJob.groovy)
	at sun.reflect.NativeMethodAccessorImpl.invoke0(Native Method)
	at sun.reflect.NativeMethodAccessorImpl.invoke(NativeMethodAccessorImpl.java:39)
	at sun.reflect.DelegatingMethodAccessorImpl.invoke(DelegatingMethodAccessorImpl.java:25)
	at java.lang.reflect.Method.invoke(Method.java:597)
	at org.codehaus.groovy.reflection.CachedMethod.invoke(CachedMethod.java:90)
	at groovy.lang.MetaClassImpl.invokeMissingMethod(MetaClassImpl.java:837)
	at groovy.lang.MetaClassImpl.invokePropertyOrMissing(MetaClassImpl.java:1134)
	at groovy.lang.MetaClassImpl.invokeMethod(MetaClassImpl.java:1087)
	at groovy.lang.MetaClassImpl.invokeMethod(MetaClassImpl.java:909)
	at org.codehaus.groovy.runtime.callsite.PogoMetaClassSite.callCurrent(PogoMetaClassSite.java:66)
	at org.codehaus.groovy.runtime.callsite.CallSiteArray.defaultCallCurrent(CallSiteArray.java:49)
	at org.codehaus.groovy.runtime.callsite.AbstractCallSite.callCurrent(AbstractCallSite.java:133)
	at org.codehaus.groovy.runtime.callsite.AbstractCallSite.callCurrent(AbstractCallSite.java:137)
	at com.rackspace.search.service.core.CoreTicketOngoingSyncJob$1.run(CoreTicketOnGoingSyncJob.groovy:72)
	at java.util.TimerThread.mainLoop(Timer.java:512)
	at java.util.TimerThread.run(Timer.java:462)
Exception in thread &quot;Timer-6&quot; org.elasticsearch.common.util.concurrent.EsRejectedExecutionException: rejected execution of [org.elasticsearch.action.support.master.TransportMasterNodeOperationAction$2]
	at org.elasticsearch.common.util.concurrent.EsAbortPolicy.rejectedExecution(EsAbortPolicy.java:35)
	at java.util.concurrent.ThreadPoolExecutor.reject(ThreadPoolExecutor.java:767)
	at java.util.concurrent.ThreadPoolExecutor.execute(ThreadPoolExecutor.java:658)
	at org.elasticsearch.action.support.master.TransportMasterNodeOperationAction.innerExecute(TransportMasterNodeOperationAction.java:132)
	at org.elasticsearch.action.support.master.TransportMasterNodeOperationAction.doExecute(TransportMasterNodeOperationAction.java:86)
	at org.elasticsearch.action.support.master.TransportMasterNodeOperationAction.doExecute(TransportMasterNodeOperationAction.java:42)
	at org.elasticsearch.action.support.TransportAction.execute(TransportAction.java:61)
	at org.elasticsearch.client.node.NodeClusterAdminClient.execute(NodeClusterAdminClient.java:72)
	at org.elasticsearch.client.support.AbstractClusterAdminClient.health(AbstractClusterAdminClient.java:83)
	at org.elasticsearch.action.admin.cluster.health.ClusterHealthRequestBuilder.doExecute(ClusterHealthRequestBuilder.java:98)
	at org.elasticsearch.action.ActionRequestBuilder.execute(ActionRequestBuilder.java:62)
	at org.elasticsearch.action.ActionRequestBuilder.execute(ActionRequestBuilder.java:57)
	at org.elasticsearch.action.ActionRequestBuilder$execute.call(Unknown Source)
	at com.rackspace.search.elasticsearch.ElasticSearchServer.getHealthInformation(ElasticSearchServer.groovy:55)
	at com.rackspace.search.elasticsearch.ElasticSearchServer.getHealthStatus(ElasticSearchServer.groovy:51)
	at com.rackspace.search.elasticsearch.ElasticSearchServer.waitForYellowStatus(ElasticSearchServer.groovy:69)
	at com.rackspace.search.elasticsearch.ElasticSearchServer$waitForYellowStatus.call(Unknown Source)
	at org.codehaus.groovy.runtime.callsite.CallSiteArray.defaultCall(CallSiteArray.java:45)
	at org.codehaus.groovy.runtime.callsite.AbstractCallSite.call(AbstractCallSite.java:108)
	at org.codehaus.groovy.runtime.callsite.AbstractCallSite.call(AbstractCallSite.java:116)
	at com.rackspace.search.service.admin.CoreTicketOndemandSyncJob.setupJob(CoreTicketOndemandSyncJob.groovy:98)
	at sun.reflect.NativeMethodAccessorImpl.invoke0(Native Method)
	at sun.reflect.NativeMethodAccessorImpl.invoke(NativeMethodAccessorImpl.java:39)
	at sun.reflect.DelegatingMethodAccessorImpl.invoke(DelegatingMethodAccessorImpl.java:25)
	at java.lang.reflect.Method.invoke(Method.java:597)
	at org.codehaus.groovy.reflection.CachedMethod.invoke(CachedMethod.java:90)
	at groovy.lang.MetaMethod.doMethodInvoke(MetaMethod.java:233)
	at groovy.lang.MetaClassImpl.invokeMethod(MetaClassImpl.java:1085)
	at org.codehaus.groovy.runtime.ScriptBytecodeAdapter.invokeMethodOnCurrentN(ScriptBytecodeAdapter.java:78)
	at com.rackspace.search.service.admin.CoreTicketOndemandSyncJob.this$dist$invoke$1(CoreTicketOndemandSyncJob.groovy)
	at com.rackspace.search.service.admin.CoreTicketOndemandSyncJob$1.methodMissing(CoreTicketOndemandSyncJob.groovy)
	at sun.reflect.NativeMethodAccessorImpl.invoke0(Native Method)
	at sun.reflect.NativeMethodAccessorImpl.invoke(NativeMethodAccessorImpl.java:39)
	at sun.reflect.DelegatingMethodAccessorImpl.invoke(DelegatingMethodAccessorImpl.java:25)
	at java.lang.reflect.Method.invoke(Method.java:597)
	at org.codehaus.groovy.reflection.CachedMethod.invoke(CachedMethod.java:90)
	at groovy.lang.MetaClassImpl.invokeMissingMethod(MetaClassImpl.java:837)
	at groovy.lang.MetaClassImpl.invokePropertyOrMissing(MetaClassImpl.java:1134)
	at groovy.lang.MetaClassImpl.invokeMethod(MetaClassImpl.java:1087)
	at groovy.lang.MetaClassImpl.invokeMethod(MetaClassImpl.java:909)
	at org.codehaus.groovy.runtime.callsite.PogoMetaClassSite.callCurrent(PogoMetaClassSite.java:66)
	at org.codehaus.groovy.runtime.callsite.CallSiteArray.defaultCallCurrent(CallSiteArray.java:49)
	at org.codehaus.groovy.runtime.callsite.AbstractCallSite.callCurrent(AbstractCallSite.java:133)
	at org.codehaus.groovy.runtime.callsite.AbstractCallSite.callCurrent(AbstractCallSite.java:137)
	at com.rackspace.search.service.admin.CoreTicketOndemandSyncJob$1.run(CoreTicketOndemandSyncJob.groovy:82)
	at java.util.TimerThread.mainLoop(Timer.java:512)
	at java.util.TimerThread.run(Timer.java:462)
Exception in thread &quot;Timer-7&quot; org.elasticsearch.common.util.concurrent.EsRejectedExecutionException: rejected execution of [org.elasticsearch.action.support.master.TransportMasterNodeOperationAction$2]
	at org.elasticsearch.common.util.concurrent.EsAbortPolicy.rejectedExecution(EsAbortPolicy.java:35)
	at java.util.concurrent.ThreadPoolExecutor.reject(ThreadPoolExecutor.java:767)
	at java.util.concurrent.ThreadPoolExecutor.execute(ThreadPoolExecutor.java:658)
	at org.elasticsearch.action.support.master.TransportMasterNodeOperationAction.innerExecute(TransportMasterNodeOperationAction.java:132)
	at org.elasticsearch.action.support.master.TransportMasterNodeOperationAction.doExecute(TransportMasterNodeOperationAction.java:86)
	at org.elasticsearch.action.support.master.TransportMasterNodeOperationAction.doExecute(TransportMasterNodeOperationAction.java:42)
	at org.elasticsearch.action.support.TransportAction.execute(TransportAction.java:61)
	at org.elasticsearch.client.node.NodeClusterAdminClient.execute(NodeClusterAdminClient.java:72)
	at org.elasticsearch.client.support.AbstractClusterAdminClient.health(AbstractClusterAdminClient.java:83)
	at org.elasticsearch.action.admin.cluster.health.ClusterHealthRequestBuilder.doExecute(ClusterHealthRequestBuilder.java:98)
	at org.elasticsearch.action.ActionRequestBuilder.execute(ActionRequestBuilder.java:62)
	at org.elasticsearch.action.ActionRequestBuilder.execute(ActionRequestBuilder.java:57)
	at org.elasticsearch.action.ActionRequestBuilder$execute.call(Unknown Source)
	at com.rackspace.search.elasticsearch.ElasticSearchServer.getHealthInformation(ElasticSearchServer.groovy:55)
	at com.rackspace.search.elasticsearch.ElasticSearchServer.getHealthStatus(ElasticSearchServer.groovy:51)
	at com.rackspace.search.elasticsearch.ElasticSearchServer.waitForYellowStatus(ElasticSearchServer.groovy:69)
	at com.rackspace.search.elasticsearch.ElasticSearchServer$waitForYellowStatus.call(Unknown Source)
	at org.codehaus.groovy.runtime.callsite.CallSiteArray.defaultCall(CallSiteArray.java:45)
	at org.codehaus.groovy.runtime.callsite.AbstractCallSite.call(AbstractCallSite.java:108)
	at org.codehaus.groovy.runtime.callsite.AbstractCallSite.call(AbstractCallSite.java:116)
	at com.rackspace.search.service.core.CoreTicketSecondPassSyncJob.setupJob(CoreTicketSecondPassSyncJob.groovy:90)
	at com.rackspace.search.service.core.CoreTicketSecondPassSyncJob.this$2$setupJob(CoreTicketSecondPassSyncJob.groovy)
	at sun.reflect.NativeMethodAccessorImpl.invoke0(Native Method)
	at sun.reflect.NativeMethodAccessorImpl.invoke(NativeMethodAccessorImpl.java:39)
	at sun.reflect.DelegatingMethodAccessorImpl.invoke(DelegatingMethodAccessorImpl.java:25)
	at java.lang.reflect.Method.invoke(Method.java:597)
	at org.codehaus.groovy.reflection.CachedMethod.invoke(CachedMethod.java:90)
	at groovy.lang.MetaMethod.doMethodInvoke(MetaMethod.java:233)
	at groovy.lang.MetaClassImpl.invokeMethod(MetaClassImpl.java:1085)
	at org.codehaus.groovy.runtime.ScriptBytecodeAdapter.invokeMethodOnCurrentN(ScriptBytecodeAdapter.java:78)
	at com.rackspace.search.service.core.CoreTicketSecondPassSyncJob.this$dist$invoke$1(CoreTicketSecondPassSyncJob.groovy)
	at com.rackspace.search.service.core.CoreTicketSecondPassSyncJob$1.methodMissing(CoreTicketSecondPassSyncJob.groovy)
	at sun.reflect.NativeMethodAccessorImpl.invoke0(Native Method)
	at sun.reflect.NativeMethodAccessorImpl.invoke(NativeMethodAccessorImpl.java:39)
	at sun.reflect.DelegatingMethodAccessorImpl.invoke(DelegatingMethodAccessorImpl.java:25)
	at java.lang.reflect.Method.invoke(Method.java:597)
	at org.codehaus.groovy.reflection.CachedMethod.invoke(CachedMethod.java:90)
	at groovy.lang.MetaClassImpl.invokeMissingMethod(MetaClassImpl.java:837)
	at groovy.lang.MetaClassImpl.invokePropertyOrMissing(MetaClassImpl.java:1134)
	at groovy.lang.MetaClassImpl.invokeMethod(MetaClassImpl.java:1087)
	at groovy.lang.MetaClassImpl.invokeMethod(MetaClassImpl.java:909)
	at org.codehaus.groovy.runtime.callsite.PogoMetaClassSite.callCurrent(PogoMetaClassSite.java:66)
	at org.codehaus.groovy.runtime.callsite.CallSiteArray.defaultCallCurrent(CallSiteArray.java:49)
	at org.codehaus.groovy.runtime.callsite.AbstractCallSite.callCurrent(AbstractCallSite.java:133)
	at org.codehaus.groovy.runtime.callsite.AbstractCallSite.callCurrent(AbstractCallSite.java:137)
	at com.rackspace.search.service.core.CoreTicketSecondPassSyncJob$1.run(CoreTicketSecondPassSyncJob.groovy:74)
	at java.util.TimerThread.mainLoop(Timer.java:512)
	at java.util.TimerThread.run(Timer.java:462)
Exception in thread &quot;Timer-8&quot; org.elasticsearch.common.util.concurrent.EsRejectedExecutionException: rejected execution of [org.elasticsearch.action.support.master.TransportMasterNodeOperationAction$2]
	at org.elasticsearch.common.util.concurrent.EsAbortPolicy.rejectedExecution(EsAbortPolicy.java:35)
	at java.util.concurrent.ThreadPoolExecutor.reject(ThreadPoolExecutor.java:767)
	at java.util.concurrent.ThreadPoolExecutor.execute(ThreadPoolExecutor.java:658)
	at org.elasticsearch.action.support.master.TransportMasterNodeOperationAction.innerExecute(TransportMasterNodeOperationAction.java:132)
	at org.elasticsearch.action.support.master.TransportMasterNodeOperationAction.doExecute(TransportMasterNodeOperationAction.java:86)
	at org.elasticsearch.action.support.master.TransportMasterNodeOperationAction.doExecute(TransportMasterNodeOperationAction.java:42)
	at org.elasticsearch.action.support.TransportAction.execute(TransportAction.java:61)
	at org.elasticsearch.client.node.NodeClusterAdminClient.execute(NodeClusterAdminClient.java:72)
	at org.elasticsearch.client.support.AbstractClusterAdminClient.health(AbstractClusterAdminClient.java:83)
	at org.elasticsearch.action.admin.cluster.health.ClusterHealthRequestBuilder.doExecute(ClusterHealthRequestBuilder.java:98)
	at org.elasticsearch.action.ActionRequestBuilder.execute(ActionRequestBuilder.java:62)
	at org.elasticsearch.action.ActionRequestBuilder.execute(ActionRequestBuilder.java:57)
	at org.elasticsearch.action.ActionRequestBuilder$execute.call(Unknown Source)
	at com.rackspace.search.elasticsearch.ElasticSearchServer.getHealthInformation(ElasticSearchServer.groovy:55)
	at com.rackspace.search.elasticsearch.ElasticSearchServer.getHealthStatus(ElasticSearchServer.groovy:51)
	at com.rackspace.search.elasticsearch.ElasticSearchServer.waitForYellowStatus(ElasticSearchServer.groovy:69)
	at com.rackspace.search.elasticsearch.ElasticSearchServer$waitForYellowStatus.call(Unknown Source)
	at org.codehaus.groovy.runtime.callsite.CallSiteArray.defaultCall(CallSiteArray.java:45)
	at org.codehaus.groovy.runtime.callsite.AbstractCallSite.call(AbstractCallSite.java:108)
	at org.codehaus.groovy.runtime.callsite.AbstractCallSite.call(AbstractCallSite.java:116)
	at com.rackspace.search.service.account.CoreAccountUpdateSyncJob.setupJob(CoreAccountUpdateSyncJob.groovy:95)
	at com.rackspace.search.service.account.CoreAccountUpdateSyncJob.this$2$setupJob(CoreAccountUpdateSyncJob.groovy)
	at sun.reflect.NativeMethodAccessorImpl.invoke0(Native Method)
	at sun.reflect.NativeMethodAccessorImpl.invoke(NativeMethodAccessorImpl.java:39)
	at sun.reflect.DelegatingMethodAccessorImpl.invoke(DelegatingMethodAccessorImpl.java:25)
	at java.lang.reflect.Method.invoke(Method.java:597)
	at org.codehaus.groovy.reflection.CachedMethod.invoke(CachedMethod.java:90)
	at groovy.lang.MetaMethod.doMethodInvoke(MetaMethod.java:233)
	at groovy.lang.MetaClassImpl.invokeMethod(MetaClassImpl.java:1085)
	at org.codehaus.groovy.runtime.ScriptBytecodeAdapter.invokeMethodOnCurrentN(ScriptBytecodeAdapter.java:78)
	at com.rackspace.search.service.account.CoreAccountUpdateSyncJob.this$dist$invoke$1(CoreAccountUpdateSyncJob.groovy)
	at com.rackspace.search.service.account.CoreAccountUpdateSyncJob$1.methodMissing(CoreAccountUpdateSyncJob.groovy)
	at sun.reflect.NativeMethodAccessorImpl.invoke0(Native Method)
	at sun.reflect.NativeMethodAccessorImpl.invoke(NativeMethodAccessorImpl.java:39)
	at sun.reflect.DelegatingMethodAccessorImpl.invoke(DelegatingMethodAccessorImpl.java:25)
	at java.lang.reflect.Method.invoke(Method.java:597)
	at org.codehaus.groovy.reflection.CachedMethod.invoke(CachedMethod.java:90)
	at groovy.lang.MetaClassImpl.invokeMissingMethod(MetaClassImpl.java:837)
	at groovy.lang.MetaClassImpl.invokePropertyOrMissing(MetaClassImpl.java:1134)
	at groovy.lang.MetaClassImpl.invokeMethod(MetaClassImpl.java:1087)
	at groovy.lang.MetaClassImpl.invokeMethod(MetaClassImpl.java:909)
	at org.codehaus.groovy.runtime.callsite.PogoMetaClassSite.callCurrent(PogoMetaClassSite.java:66)
	at org.codehaus.groovy.runtime.callsite.CallSiteArray.defaultCallCurrent(CallSiteArray.java:49)
	at org.codehaus.groovy.runtime.callsite.AbstractCallSite.callCurrent(AbstractCallSite.java:133)
	at org.codehaus.groovy.runtime.callsite.AbstractCallSite.callCurrent(AbstractCallSite.java:137)
	at com.rackspace.search.service.account.CoreAccountUpdateSyncJob$1.run(CoreAccountUpdateSyncJob.groovy:78)
	at java.util.TimerThread.mainLoop(Timer.java:512)
	at java.util.TimerThread.run(Timer.java:462)
Exception in thread &quot;Timer-9&quot; org.elasticsearch.common.util.concurrent.EsRejectedExecutionException: rejected execution of [org.elasticsearch.action.support.master.TransportMasterNodeOperationAction$2]
	at org.elasticsearch.common.util.concurrent.EsAbortPolicy.rejectedExecution(EsAbortPolicy.java:35)
	at java.util.concurrent.ThreadPoolExecutor.reject(ThreadPoolExecutor.java:767)
	at java.util.concurrent.ThreadPoolExecutor.execute(ThreadPoolExecutor.java:658)
	at org.elasticsearch.action.support.master.TransportMasterNodeOperationAction.innerExecute(TransportMasterNodeOperationAction.java:132)
	at org.elasticsearch.action.support.master.TransportMasterNodeOperationAction.doExecute(TransportMasterNodeOperationAction.java:86)
	at org.elasticsearch.action.support.master.TransportMasterNodeOperationAction.doExecute(TransportMasterNodeOperationAction.java:42)
	at org.elasticsearch.action.support.TransportAction.execute(TransportAction.java:61)
	at org.elasticsearch.client.node.NodeClusterAdminClient.execute(NodeClusterAdminClient.java:72)
	at org.elasticsearch.client.support.AbstractClusterAdminClient.health(AbstractClusterAdminClient.java:83)
	at org.elasticsearch.action.admin.cluster.health.ClusterHealthRequestBuilder.doExecute(ClusterHealthRequestBuilder.java:98)
	at org.elasticsearch.action.ActionRequestBuilder.execute(ActionRequestBuilder.java:62)
	at org.elasticsearch.action.ActionRequestBuilder.execute(ActionRequestBuilder.java:57)
	at org.elasticsearch.action.ActionRequestBuilder$execute.call(Unknown Source)
	at com.rackspace.search.elasticsearch.ElasticSearchServer.getHealthInformation(ElasticSearchServer.groovy:55)
	at com.rackspace.search.elasticsearch.ElasticSearchServer.getHealthStatus(ElasticSearchServer.groovy:51)
	at com.rackspace.search.elasticsearch.ElasticSearchServer.waitForYellowStatus(ElasticSearchServer.groovy:69)
	at com.rackspace.search.elasticsearch.ElasticSearchServer$waitForYellowStatus.call(Unknown Source)
	at org.codehaus.groovy.runtime.callsite.CallSiteArray.defaultCall(CallSiteArray.java:45)
	at org.codehaus.groovy.runtime.callsite.AbstractCallSite.call(AbstractCallSite.java:108)
	at org.codehaus.groovy.runtime.callsite.AbstractCallSite.call(AbstractCallSite.java:116)
	at com.rackspace.search.service.admin.AccountOndemandSyncJob.setupJob(AccountOndemandSyncJob.groovy:126)
	at sun.reflect.NativeMethodAccessorImpl.invoke0(Native Method)
	at sun.reflect.NativeMethodAccessorImpl.invoke(NativeMethodAccessorImpl.java:39)
	at sun.reflect.DelegatingMethodAccessorImpl.invoke(DelegatingMethodAccessorImpl.java:25)
	at java.lang.reflect.Method.invoke(Method.java:597)
	at org.codehaus.groovy.reflection.CachedMethod.invoke(CachedMethod.java:90)
	at groovy.lang.MetaMethod.doMethodInvoke(MetaMethod.java:233)
	at groovy.lang.MetaClassImpl.invokeMethod(MetaClassImpl.java:1085)
	at org.codehaus.groovy.runtime.ScriptBytecodeAdapter.invokeMethodOnCurrentN(ScriptBytecodeAdapter.java:78)
	at com.rackspace.search.service.admin.AccountOndemandSyncJob.this$dist$invoke$1(AccountOndemandSyncJob.groovy)
	at com.rackspace.search.service.admin.AccountOndemandSyncJob$1.methodMissing(AccountOndemandSyncJob.groovy)
	at sun.reflect.NativeMethodAccessorImpl.invoke0(Native Method)
	at sun.reflect.NativeMethodAccessorImpl.invoke(NativeMethodAccessorImpl.java:39)
	at sun.reflect.DelegatingMethodAccessorImpl.invoke(DelegatingMethodAccessorImpl.java:25)
	at java.lang.reflect.Method.invoke(Method.java:597)
	at org.codehaus.groovy.reflection.CachedMethod.invoke(CachedMethod.java:90)
	at groovy.lang.MetaClassImpl.invokeMissingMethod(MetaClassImpl.java:837)
	at groovy.lang.MetaClassImpl.invokePropertyOrMissing(MetaClassImpl.java:1134)
	at groovy.lang.MetaClassImpl.invokeMethod(MetaClassImpl.java:1087)
	at groovy.lang.MetaClassImpl.invokeMethod(MetaClassImpl.java:909)
	at org.codehaus.groovy.runtime.callsite.PogoMetaClassSite.callCurrent(PogoMetaClassSite.java:66)
	at org.codehaus.groovy.runtime.callsite.CallSiteArray.defaultCallCurrent(CallSiteArray.java:49)
	at org.codehaus.groovy.runtime.callsite.AbstractCallSite.callCurrent(AbstractCallSite.java:133)
	at org.codehaus.groovy.runtime.callsite.AbstractCallSite.callCurrent(AbstractCallSite.java:137)
	at com.rackspace.search.service.admin.AccountOndemandSyncJob$1.run(AccountOndemandSyncJob.groovy:110)
	at java.util.TimerThread.mainLoop(Timer.java:512)
	at java.util.TimerThread.run(Timer.java:462)
Exception in thread &quot;Timer-5&quot; org.elasticsearch.common.util.concurrent.EsRejectedExecutionException: rejected execution of [org.elasticsearch.action.support.master.TransportMasterNodeOperationAction$2]
	at org.elasticsearch.common.util.concurrent.EsAbortPolicy.rejectedExecution(EsAbortPolicy.java:35)
	at java.util.concurrent.ThreadPoolExecutor.reject(ThreadPoolExecutor.java:767)
	at java.util.concurrent.ThreadPoolExecutor.execute(ThreadPoolExecutor.java:658)
	at org.elasticsearch.action.support.master.TransportMasterNodeOperationAction.innerExecute(TransportMasterNodeOperationAction.java:132)
	at org.elasticsearch.action.support.master.TransportMasterNodeOperationAction.doExecute(TransportMasterNodeOperationAction.java:86)
	at org.elasticsearch.action.support.master.TransportMasterNodeOperationAction.doExecute(TransportMasterNodeOperationAction.java:42)
	at org.elasticsearch.action.support.TransportAction.execute(TransportAction.java:61)
	at org.elasticsearch.client.node.NodeClusterAdminClient.execute(NodeClusterAdminClient.java:72)
	at org.elasticsearch.client.support.AbstractClusterAdminClient.health(AbstractClusterAdminClient.java:83)
	at org.elasticsearch.action.admin.cluster.health.ClusterHealthRequestBuilder.doExecute(ClusterHealthRequestBuilder.java:98)
	at org.elasticsearch.action.ActionRequestBuilder.execute(ActionRequestBuilder.java:62)
	at org.elasticsearch.action.ActionRequestBuilder.execute(ActionRequestBuilder.java:57)
	at org.elasticsearch.action.ActionRequestBuilder$execute.call(Unknown Source)
	at com.rackspace.search.elasticsearch.ElasticSearchServer.getHealthInformation(ElasticSearchServer.groovy:55)
	at com.rackspace.search.elasticsearch.ElasticSearchServer.getHealthStatus(ElasticSearchServer.groovy:51)
	at com.rackspace.search.elasticsearch.ElasticSearchServer.waitForYellowStatus(ElasticSearchServer.groovy:69)
	at com.rackspace.search.elasticsearch.ElasticSearchServer$waitForYellowStatus.call(Unknown Source)
	at org.codehaus.groovy.runtime.callsite.CallSiteArray.defaultCall(CallSiteArray.java:45)
	at org.codehaus.groovy.runtime.callsite.AbstractCallSite.call(AbstractCallSite.java:108)
	at org.codehaus.groovy.runtime.callsite.AbstractCallSite.call(AbstractCallSite.java:116)
	at com.rackspace.search.service.account.AccountOngoingSyncJob.setupJob(AccountOngoingSyncJob.groovy:96)
	at sun.reflect.NativeMethodAccessorImpl.invoke0(Native Method)
	at sun.reflect.NativeMethodAccessorImpl.invoke(NativeMethodAccessorImpl.java:39)
	at sun.reflect.DelegatingMethodAccessorImpl.invoke(DelegatingMethodAccessorImpl.java:25)
	at java.lang.reflect.Method.invoke(Method.java:597)
	at org.codehaus.groovy.reflection.CachedMethod.invoke(CachedMethod.java:90)
	at groovy.lang.MetaMethod.doMethodInvoke(MetaMethod.java:233)
	at groovy.lang.MetaClassImpl.invokeMethod(MetaClassImpl.java:1085)
	at org.codehaus.groovy.runtime.ScriptBytecodeAdapter.invokeMethodOnCurrentN(ScriptBytecodeAdapter.java:78)
	at com.rackspace.search.service.account.AccountOngoingSyncJob.this$dist$invoke$1(AccountOngoingSyncJob.groovy)
	at com.rackspace.search.service.account.AccountOngoingSyncJob$1.methodMissing(AccountOngoingSyncJob.groovy)
	at sun.reflect.NativeMethodAccessorImpl.invoke0(Native Method)
	at sun.reflect.NativeMethodAccessorImpl.invoke(NativeMethodAccessorImpl.java:39)
	at sun.reflect.DelegatingMethodAccessorImpl.invoke(DelegatingMethodAccessorImpl.java:25)
	at java.lang.reflect.Method.invoke(Method.java:597)
	at org.codehaus.groovy.reflection.CachedMethod.invoke(CachedMethod.java:90)
	at groovy.lang.MetaClassImpl.invokeMissingMethod(MetaClassImpl.java:837)
	at groovy.lang.MetaClassImpl.invokePropertyOrMissing(MetaClassImpl.java:1134)
	at groovy.lang.MetaClassImpl.invokeMethod(MetaClassImpl.java:1087)
	at groovy.lang.MetaClassImpl.invokeMethod(MetaClassImpl.java:909)
	at org.codehaus.groovy.runtime.callsite.PogoMetaClassSite.callCurrent(PogoMetaClassSite.java:66)
	at org.codehaus.groovy.runtime.callsite.CallSiteArray.defaultCallCurrent(CallSiteArray.java:49)
	at org.codehaus.groovy.runtime.callsite.AbstractCallSite.callCurrent(AbstractCallSite.java:133)
	at org.codehaus.groovy.runtime.callsite.AbstractCallSite.callCurrent(AbstractCallSite.java:137)
	at com.rackspace.search.service.account.AccountOngoingSyncJob$1.run(AccountOngoingSyncJob.groovy:78)
	at java.util.TimerThread.mainLoop(Timer.java:512)
	at java.util.TimerThread.run(Timer.java:462)
</stderr>
          <failedSince>7</failedSince>
        </case>
        <case>
          <duration>7.924</duration>
          <className>com.rackspace.search.service.JobServiceTest</className>
          <testName>should return null If job is not exist</testName>
          <skipped>false</skipped>
          <errorStackTrace>java.lang.NullPointerException
	at com.rackspace.search.service.JobServiceTest.cleanup(JobServiceTest.groovy:33)
</errorStackTrace>
          <failedSince>7</failedSince>
        </case>
        <case>
          <duration>6.425</duration>
          <className>com.rackspace.search.service.JobServiceTest</className>
          <testName>get All jobs</testName>
          <skipped>false</skipped>
          <errorStackTrace>java.lang.IllegalStateException: Failed to load ApplicationContext
	at org.springframework.test.context.TestContext.getApplicationContext(TestContext.java:308)
	at org.springframework.test.context.support.DependencyInjectionTestExecutionListener.injectDependencies(DependencyInjectionTestExecutionListener.java:109)
	at org.springframework.test.context.support.DependencyInjectionTestExecutionListener.prepareTestInstance(DependencyInjectionTestExecutionListener.java:75)
	at org.springframework.test.context.TestContextManager.prepareTestInstance(TestContextManager.java:321)
	at org.spockframework.spring.SpringTestContextManager.prepareTestInstance(SpringTestContextManager.java:49)
	at org.spockframework.spring.SpringInterceptor.interceptSetupMethod(SpringInterceptor.java:42)
	at org.spockframework.runtime.extension.AbstractMethodInterceptor.intercept(AbstractMethodInterceptor.java:28)
	at org.spockframework.runtime.extension.MethodInvocation.proceed(MethodInvocation.java:84)
	at org.spockframework.util.ReflectionUtil.invokeMethod(ReflectionUtil.java:138)
	at org.spockframework.util.ReflectionUtil.invokeMethod(ReflectionUtil.java:138)
	at org.spockframework.util.ReflectionUtil.invokeMethod(ReflectionUtil.java:138)
	at org.apache.maven.surefire.junit4.JUnit4TestSet.execute(JUnit4TestSet.java:53)
	at org.apache.maven.surefire.junit4.JUnit4Provider.executeTestSet(JUnit4Provider.java:123)
	at org.apache.maven.surefire.junit4.JUnit4Provider.invoke(JUnit4Provider.java:104)
	at org.apache.maven.surefire.util.ReflectionUtils.invokeMethodWithArray(ReflectionUtils.java:164)
	at org.apache.maven.surefire.booter.ProviderFactory$ProviderProxy.invoke(ProviderFactory.java:110)
	at org.apache.maven.surefire.booter.SurefireStarter.invokeProvider(SurefireStarter.java:175)
	at org.apache.maven.surefire.booter.SurefireStarter.runSuitesInProcessWhenForked(SurefireStarter.java:107)
	at org.apache.maven.surefire.booter.ForkedBooter.main(ForkedBooter.java:68)
Caused by: org.springframework.beans.factory.BeanCreationException: Error creating bean with name &apos;jobResource&apos;: Injection of autowired dependencies failed; nested exception is org.springframework.beans.factory.BeanCreationException: Could not autowire field: private com.rackspace.search.service.zendesk.ZendeskTicketOngoingSyncJob com.rackspace.search.endpoint.JobResource.zendeskTicketOngoingSyncJob; nested exception is org.springframework.beans.factory.BeanCreationException: Error creating bean with name &apos;zendeskTicketOngoingSyncJob&apos;: Injection of autowired dependencies failed; nested exception is org.springframework.beans.factory.BeanCreationException: Could not autowire field: private com.rackspace.search.service.zendesk.ZendeskTicketOngoingSyncActor com.rackspace.search.service.zendesk.ZendeskTicketOngoingSyncJob.ticketActor; nested exception is org.springframework.beans.factory.BeanCreationException: Error creating bean with name &apos;zendeskTicketOngoingSyncActor&apos;: Injection of autowired dependencies failed; nested exception is org.springframework.beans.factory.BeanCreationException: Could not autowire field: private com.rackspace.search.service.zendesk.ZendeskTicketProcessor com.rackspace.search.service.zendesk.ZendeskTicketOngoingSyncActor.zendeskTicketProcessor; nested exception is org.springframework.beans.factory.BeanCreationException: Error creating bean with name &apos;zendeskTicketProcessor&apos;: Injection of autowired dependencies failed; nested exception is org.springframework.beans.factory.BeanCreationException: Could not autowire field: private java.lang.Object com.rackspace.search.service.zendesk.ZendeskTicketProcessor.zendeskIndexName; nested exception is java.lang.IllegalArgumentException: Could not resolve placeholder &apos;zendesk.index.name&apos;
	at org.springframework.beans.factory.annotation.AutowiredAnnotationBeanPostProcessor.postProcessPropertyValues(AutowiredAnnotationBeanPostProcessor.java:288)
	at org.springframework.beans.factory.support.AbstractAutowireCapableBeanFactory.populateBean(AbstractAutowireCapableBeanFactory.java:1074)
	at org.springframework.beans.factory.support.AbstractAutowireCapableBeanFactory.doCreateBean(AbstractAutowireCapableBeanFactory.java:517)
	at org.springframework.beans.factory.support.AbstractAutowireCapableBeanFactory.createBean(AbstractAutowireCapableBeanFactory.java:456)
	at org.springframework.beans.factory.support.AbstractBeanFactory$1.getObject(AbstractBeanFactory.java:293)
	at org.springframework.beans.factory.support.DefaultSingletonBeanRegistry.getSingleton(DefaultSingletonBeanRegistry.java:222)
	at org.springframework.beans.factory.support.AbstractBeanFactory.doGetBean(AbstractBeanFactory.java:290)
	at org.springframework.beans.factory.support.AbstractBeanFactory.getBean(AbstractBeanFactory.java:192)
	at org.springframework.beans.factory.support.DefaultListableBeanFactory.preInstantiateSingletons(DefaultListableBeanFactory.java:585)
	at org.springframework.context.support.AbstractApplicationContext.finishBeanFactoryInitialization(AbstractApplicationContext.java:895)
	at org.springframework.context.support.AbstractApplicationContext.refresh(AbstractApplicationContext.java:425)
	at org.springframework.test.context.support.AbstractGenericContextLoader.loadContext(AbstractGenericContextLoader.java:84)
	at org.springframework.test.context.support.AbstractGenericContextLoader.loadContext(AbstractGenericContextLoader.java:1)
	at org.springframework.test.context.TestContext.loadApplicationContext(TestContext.java:280)
	at org.springframework.test.context.TestContext.getApplicationContext(TestContext.java:304)
	... 18 more
Caused by: org.springframework.beans.factory.BeanCreationException: Could not autowire field: private com.rackspace.search.service.zendesk.ZendeskTicketOngoingSyncJob com.rackspace.search.endpoint.JobResource.zendeskTicketOngoingSyncJob; nested exception is org.springframework.beans.factory.BeanCreationException: Error creating bean with name &apos;zendeskTicketOngoingSyncJob&apos;: Injection of autowired dependencies failed; nested exception is org.springframework.beans.factory.BeanCreationException: Could not autowire field: private com.rackspace.search.service.zendesk.ZendeskTicketOngoingSyncActor com.rackspace.search.service.zendesk.ZendeskTicketOngoingSyncJob.ticketActor; nested exception is org.springframework.beans.factory.BeanCreationException: Error creating bean with name &apos;zendeskTicketOngoingSyncActor&apos;: Injection of autowired dependencies failed; nested exception is org.springframework.beans.factory.BeanCreationException: Could not autowire field: private com.rackspace.search.service.zendesk.ZendeskTicketProcessor com.rackspace.search.service.zendesk.ZendeskTicketOngoingSyncActor.zendeskTicketProcessor; nested exception is org.springframework.beans.factory.BeanCreationException: Error creating bean with name &apos;zendeskTicketProcessor&apos;: Injection of autowired dependencies failed; nested exception is org.springframework.beans.factory.BeanCreationException: Could not autowire field: private java.lang.Object com.rackspace.search.service.zendesk.ZendeskTicketProcessor.zendeskIndexName; nested exception is java.lang.IllegalArgumentException: Could not resolve placeholder &apos;zendesk.index.name&apos;
	at org.springframework.beans.factory.annotation.AutowiredAnnotationBeanPostProcessor$AutowiredFieldElement.inject(AutowiredAnnotationBeanPostProcessor.java:508)
	at org.springframework.beans.factory.annotation.InjectionMetadata.inject(InjectionMetadata.java:84)
	at org.springframework.beans.factory.annotation.AutowiredAnnotationBeanPostProcessor.postProcessPropertyValues(AutowiredAnnotationBeanPostProcessor.java:285)
	... 32 more
Caused by: org.springframework.beans.factory.BeanCreationException: Error creating bean with name &apos;zendeskTicketOngoingSyncJob&apos;: Injection of autowired dependencies failed; nested exception is org.springframework.beans.factory.BeanCreationException: Could not autowire field: private com.rackspace.search.service.zendesk.ZendeskTicketOngoingSyncActor com.rackspace.search.service.zendesk.ZendeskTicketOngoingSyncJob.ticketActor; nested exception is org.springframework.beans.factory.BeanCreationException: Error creating bean with name &apos;zendeskTicketOngoingSyncActor&apos;: Injection of autowired dependencies failed; nested exception is org.springframework.beans.factory.BeanCreationException: Could not autowire field: private com.rackspace.search.service.zendesk.ZendeskTicketProcessor com.rackspace.search.service.zendesk.ZendeskTicketOngoingSyncActor.zendeskTicketProcessor; nested exception is org.springframework.beans.factory.BeanCreationException: Error creating bean with name &apos;zendeskTicketProcessor&apos;: Injection of autowired dependencies failed; nested exception is org.springframework.beans.factory.BeanCreationException: Could not autowire field: private java.lang.Object com.rackspace.search.service.zendesk.ZendeskTicketProcessor.zendeskIndexName; nested exception is java.lang.IllegalArgumentException: Could not resolve placeholder &apos;zendesk.index.name&apos;
	at org.springframework.beans.factory.annotation.AutowiredAnnotationBeanPostProcessor.postProcessPropertyValues(AutowiredAnnotationBeanPostProcessor.java:288)
	at org.springframework.beans.factory.support.AbstractAutowireCapableBeanFactory.populateBean(AbstractAutowireCapableBeanFactory.java:1074)
	at org.springframework.beans.factory.support.AbstractAutowireCapableBeanFactory.doCreateBean(AbstractAutowireCapableBeanFactory.java:517)
	at org.springframework.beans.factory.support.AbstractAutowireCapableBeanFactory.createBean(AbstractAutowireCapableBeanFactory.java:456)
	at org.springframework.beans.factory.support.AbstractBeanFactory$1.getObject(AbstractBeanFactory.java:293)
	at org.springframework.beans.factory.support.DefaultSingletonBeanRegistry.getSingleton(DefaultSingletonBeanRegistry.java:222)
	at org.springframework.beans.factory.support.AbstractBeanFactory.doGetBean(AbstractBeanFactory.java:290)
	at org.springframework.beans.factory.support.AbstractBeanFactory.getBean(AbstractBeanFactory.java:192)
	at org.springframework.beans.factory.support.DefaultListableBeanFactory.findAutowireCandidates(DefaultListableBeanFactory.java:848)
	at org.springframework.beans.factory.support.DefaultListableBeanFactory.doResolveDependency(DefaultListableBeanFactory.java:790)
	at org.springframework.beans.factory.support.DefaultListableBeanFactory.resolveDependency(DefaultListableBeanFactory.java:707)
	at org.springframework.beans.factory.annotation.AutowiredAnnotationBeanPostProcessor$AutowiredFieldElement.inject(AutowiredAnnotationBeanPostProcessor.java:480)
	... 34 more
Caused by: org.springframework.beans.factory.BeanCreationException: Could not autowire field: private com.rackspace.search.service.zendesk.ZendeskTicketOngoingSyncActor com.rackspace.search.service.zendesk.ZendeskTicketOngoingSyncJob.ticketActor; nested exception is org.springframework.beans.factory.BeanCreationException: Error creating bean with name &apos;zendeskTicketOngoingSyncActor&apos;: Injection of autowired dependencies failed; nested exception is org.springframework.beans.factory.BeanCreationException: Could not autowire field: private com.rackspace.search.service.zendesk.ZendeskTicketProcessor com.rackspace.search.service.zendesk.ZendeskTicketOngoingSyncActor.zendeskTicketProcessor; nested exception is org.springframework.beans.factory.BeanCreationException: Error creating bean with name &apos;zendeskTicketProcessor&apos;: Injection of autowired dependencies failed; nested exception is org.springframework.beans.factory.BeanCreationException: Could not autowire field: private java.lang.Object com.rackspace.search.service.zendesk.ZendeskTicketProcessor.zendeskIndexName; nested exception is java.lang.IllegalArgumentException: Could not resolve placeholder &apos;zendesk.index.name&apos;
	at org.springframework.beans.factory.annotation.AutowiredAnnotationBeanPostProcessor$AutowiredFieldElement.inject(AutowiredAnnotationBeanPostProcessor.java:508)
	at org.springframework.beans.factory.annotation.InjectionMetadata.inject(InjectionMetadata.java:84)
	at org.springframework.beans.factory.annotation.AutowiredAnnotationBeanPostProcessor.postProcessPropertyValues(AutowiredAnnotationBeanPostProcessor.java:285)
	... 45 more
Caused by: org.springframework.beans.factory.BeanCreationException: Error creating bean with name &apos;zendeskTicketOngoingSyncActor&apos;: Injection of autowired dependencies failed; nested exception is org.springframework.beans.factory.BeanCreationException: Could not autowire field: private com.rackspace.search.service.zendesk.ZendeskTicketProcessor com.rackspace.search.service.zendesk.ZendeskTicketOngoingSyncActor.zendeskTicketProcessor; nested exception is org.springframework.beans.factory.BeanCreationException: Error creating bean with name &apos;zendeskTicketProcessor&apos;: Injection of autowired dependencies failed; nested exception is org.springframework.beans.factory.BeanCreationException: Could not autowire field: private java.lang.Object com.rackspace.search.service.zendesk.ZendeskTicketProcessor.zendeskIndexName; nested exception is java.lang.IllegalArgumentException: Could not resolve placeholder &apos;zendesk.index.name&apos;
	at org.springframework.beans.factory.annotation.AutowiredAnnotationBeanPostProcessor.postProcessPropertyValues(AutowiredAnnotationBeanPostProcessor.java:288)
	at org.springframework.beans.factory.support.AbstractAutowireCapableBeanFactory.populateBean(AbstractAutowireCapableBeanFactory.java:1074)
	at org.springframework.beans.factory.support.AbstractAutowireCapableBeanFactory.doCreateBean(AbstractAutowireCapableBeanFactory.java:517)
	at org.springframework.beans.factory.support.AbstractAutowireCapableBeanFactory.createBean(AbstractAutowireCapableBeanFactory.java:456)
	at org.springframework.beans.factory.support.AbstractBeanFactory$1.getObject(AbstractBeanFactory.java:293)
	at org.springframework.beans.factory.support.DefaultSingletonBeanRegistry.getSingleton(DefaultSingletonBeanRegistry.java:222)
	at org.springframework.beans.factory.support.AbstractBeanFactory.doGetBean(AbstractBeanFactory.java:290)
	at org.springframework.beans.factory.support.AbstractBeanFactory.getBean(AbstractBeanFactory.java:192)
	at org.springframework.beans.factory.support.DefaultListableBeanFactory.findAutowireCandidates(DefaultListableBeanFactory.java:848)
	at org.springframework.beans.factory.support.DefaultListableBeanFactory.doResolveDependency(DefaultListableBeanFactory.java:790)
	at org.springframework.beans.factory.support.DefaultListableBeanFactory.resolveDependency(DefaultListableBeanFactory.java:707)
	at org.springframework.beans.factory.annotation.AutowiredAnnotationBeanPostProcessor$AutowiredFieldElement.inject(AutowiredAnnotationBeanPostProcessor.java:480)
	... 47 more
Caused by: org.springframework.beans.factory.BeanCreationException: Could not autowire field: private com.rackspace.search.service.zendesk.ZendeskTicketProcessor com.rackspace.search.service.zendesk.ZendeskTicketOngoingSyncActor.zendeskTicketProcessor; nested exception is org.springframework.beans.factory.BeanCreationException: Error creating bean with name &apos;zendeskTicketProcessor&apos;: Injection of autowired dependencies failed; nested exception is org.springframework.beans.factory.BeanCreationException: Could not autowire field: private java.lang.Object com.rackspace.search.service.zendesk.ZendeskTicketProcessor.zendeskIndexName; nested exception is java.lang.IllegalArgumentException: Could not resolve placeholder &apos;zendesk.index.name&apos;
	at org.springframework.beans.factory.annotation.AutowiredAnnotationBeanPostProcessor$AutowiredFieldElement.inject(AutowiredAnnotationBeanPostProcessor.java:508)
	at org.springframework.beans.factory.annotation.InjectionMetadata.inject(InjectionMetadata.java:84)
	at org.springframework.beans.factory.annotation.AutowiredAnnotationBeanPostProcessor.postProcessPropertyValues(AutowiredAnnotationBeanPostProcessor.java:285)
	... 58 more
Caused by: org.springframework.beans.factory.BeanCreationException: Error creating bean with name &apos;zendeskTicketProcessor&apos;: Injection of autowired dependencies failed; nested exception is org.springframework.beans.factory.BeanCreationException: Could not autowire field: private java.lang.Object com.rackspace.search.service.zendesk.ZendeskTicketProcessor.zendeskIndexName; nested exception is java.lang.IllegalArgumentException: Could not resolve placeholder &apos;zendesk.index.name&apos;
	at org.springframework.beans.factory.annotation.AutowiredAnnotationBeanPostProcessor.postProcessPropertyValues(AutowiredAnnotationBeanPostProcessor.java:288)
	at org.springframework.beans.factory.support.AbstractAutowireCapableBeanFactory.populateBean(AbstractAutowireCapableBeanFactory.java:1074)
	at org.springframework.beans.factory.support.AbstractAutowireCapableBeanFactory.doCreateBean(AbstractAutowireCapableBeanFactory.java:517)
	at org.springframework.beans.factory.support.AbstractAutowireCapableBeanFactory.createBean(AbstractAutowireCapableBeanFactory.java:456)
	at org.springframework.beans.factory.support.AbstractBeanFactory$1.getObject(AbstractBeanFactory.java:293)
	at org.springframework.beans.factory.support.DefaultSingletonBeanRegistry.getSingleton(DefaultSingletonBeanRegistry.java:222)
	at org.springframework.beans.factory.support.AbstractBeanFactory.doGetBean(AbstractBeanFactory.java:290)
	at org.springframework.beans.factory.support.AbstractBeanFactory.getBean(AbstractBeanFactory.java:192)
	at org.springframework.beans.factory.support.DefaultListableBeanFactory.findAutowireCandidates(DefaultListableBeanFactory.java:848)
	at org.springframework.beans.factory.support.DefaultListableBeanFactory.doResolveDependency(DefaultListableBeanFactory.java:790)
	at org.springframework.beans.factory.support.DefaultListableBeanFactory.resolveDependency(DefaultListableBeanFactory.java:707)
	at org.springframework.beans.factory.annotation.AutowiredAnnotationBeanPostProcessor$AutowiredFieldElement.inject(AutowiredAnnotationBeanPostProcessor.java:480)
	... 60 more
Caused by: org.springframework.beans.factory.BeanCreationException: Could not autowire field: private java.lang.Object com.rackspace.search.service.zendesk.ZendeskTicketProcessor.zendeskIndexName; nested exception is java.lang.IllegalArgumentException: Could not resolve placeholder &apos;zendesk.index.name&apos;
	at org.springframework.beans.factory.annotation.AutowiredAnnotationBeanPostProcessor$AutowiredFieldElement.inject(AutowiredAnnotationBeanPostProcessor.java:508)
	at org.springframework.beans.factory.annotation.InjectionMetadata.inject(InjectionMetadata.java:84)
	at org.springframework.beans.factory.annotation.AutowiredAnnotationBeanPostProcessor.postProcessPropertyValues(AutowiredAnnotationBeanPostProcessor.java:285)
	... 71 more
Caused by: java.lang.IllegalArgumentException: Could not resolve placeholder &apos;zendesk.index.name&apos;
	at org.springframework.util.PropertyPlaceholderHelper.parseStringValue(PropertyPlaceholderHelper.java:173)
	at org.springframework.util.PropertyPlaceholderHelper.replacePlaceholders(PropertyPlaceholderHelper.java:125)
	at org.springframework.beans.factory.config.PropertyPlaceholderConfigurer$PlaceholderResolvingStringValueResolver.resolveStringValue(PropertyPlaceholderConfigurer.java:403)
	at org.springframework.beans.factory.support.AbstractBeanFactory.resolveEmbeddedValue(AbstractBeanFactory.java:747)
	at org.springframework.beans.factory.support.DefaultListableBeanFactory.doResolveDependency(DefaultListableBeanFactory.java:717)
	at org.springframework.beans.factory.support.DefaultListableBeanFactory.resolveDependency(DefaultListableBeanFactory.java:707)
	at org.springframework.beans.factory.annotation.AutowiredAnnotationBeanPostProcessor$AutowiredFieldElement.inject(AutowiredAnnotationBeanPostProcessor.java:480)
	... 73 more
</errorStackTrace>
          <errorDetails>Failed to load ApplicationContext</errorDetails>
          <stdout>22:04:26.154 [main] INFO  c.r.s.common.property.PropertyProvider - Loading properties file from file [/var/lib/jenkins/jobs/Samatha Fork/workspace/service/target/properties/local/search.properties]
22:04:26.155 [main] INFO  c.r.s.common.property.PropertyProvider - Loading properties file from file [/var/lib/jenkins/jobs/Samatha Fork/workspace/service/target/properties/local/search.secrets.properties]
22:04:26.155 [main] INFO  c.r.s.common.property.PropertyProvider - Loading properties file from file [/var/lib/jenkins/jobs/Samatha Fork/workspace/service/target/properties/local/elasticsearch.properties]
22:04:26.190 [main] INFO  c.r.s.elasticsearch.ElasticSearchServer - Starting the Elastic Search server node:
22:04:26.279 [main] INFO  org.elasticsearch.node - [ticket.node] {0.90.2}[25471]: initializing ...
22:04:26.281 [main] INFO  org.elasticsearch.plugins - [ticket.node] loaded [action-updatebyquery], sites []
22:04:27.050 [main] INFO  org.elasticsearch.node - [ticket.node] {0.90.2}[25471]: initialized
22:04:27.051 [main] INFO  c.r.s.elasticsearch.ElasticSearchServer - Starting the Elastic Search server node with these settings:
22:04:27.054 [main] INFO  c.r.s.elasticsearch.ElasticSearchServer - Elasticsearch Settings :  [elastic.config.path:/var/lib/jenkins/jobs/Samatha Fork/workspace/service/target/properties/local/elasticsearch, path.data:/var/lib/jenkins/jobs/Samatha Fork/workspace/service/target/elasticsearch/data, cluster.name:ticket.cluster, ticket.search.allowedNestedParams:account.contacts.name,account.contacts.role,account.contacts.sso, core.secondpass.lookbacktime.minutes:15, http.connection.timeout.in.milliseconds:65000, index.analysis.analyzer.search_standard.type:standard, cluster.health.check.wait.time.seconds:120, path.conf:/var/lib/jenkins/jobs/Samatha Fork/workspace/service/target/properties/local/elasticsearch, syncRequest.max.documents.size:250, ticket.ongoingsync.delay.seconds:2, core.account.caching.enabled:true, path.logs:/var/lib/jenkins/jobs/Samatha Fork/workspace/service/target/elasticsearch/logs, http.enabled:true, ticket.document.idName:number, core.api.endpoint:https://ws.integration.core.rackspace.com/ctkapi, transport.tcp.compress:true, account.highprofile.name:HIGH_PROFILE, core.ongoingsync.loopback.time.seconds:120, account.cache.expiration.time.minutes:120, account.api.username:hybrid_ui, ticket.index.name:ticket, admin.index.name:admin, default.page.size:100, indices.structure:/indices_structure.json, account.filter.necessary.updates:true, index.store.fs.memory.enabled:false, index.number_of_shards:5, syncRequest.search.allowedRangeParams:createdAt,lastRunAt,documentLastUpdatedTimestamp, admin.document.type:syncJob, node.data:true, max.page.size:500, node.name:ticket.node, ticket.core.date.timezone:CST, ticket.search.allowedRangeParams:createdAt,updatedAt,lastPublicCommentDate,updateEventDate,documentLastUpdatedTimestamp, account.document.type:account, core.driver.class:org.postgresql.Driver, ticket.cache.expiration.time.minutes:120, core.api.username:rcameron, syncRequest.document.idName:id, discovery.zen.ping.multicast.enabled:false, core.db.url:jdbc:postgresql://integration.db.core.rackspace.com:5432/core_dev, account.update.tickets.pageSize:250, core.account.updates.enabled:true, account.document.versionParam:updatedAt, index.analysis.analyzer.search_standard.filter:[lowercase], bootstrap.mlockall:true, ticket.core.dateformat:yyyy-MM-dd HH:mm:ss, coreaccount.document.type:coreaccount, coreticket.onetimesync.usedb:true, node.master:true, coreaccount.document.idName:id, syncRequest.document.type:syncRequest, core.account.filter.necessary.updates:true, index.number_of_replicas:0, account.api.events.path:v1.0/accounts/events.atom, account.index.name:account, ticket.document.versionParam:updateEventDate, ticket.core.dateformat.with.millis:yyyy-MM-dd HH:mm:ss.SSSSSS, core.account.cache.expiration.time.minutes:120, ticket.document.type:ticket, account.caching.enabled:true, coreaccount.document.versionParam:updatedAt, ticket.caching.enabled:true, admin.document.idName:name, syncRequest.search.allowedTermParams:documentType,status,createdAt,lastRunAt,documentLastUpdatedTimestamp, core.secondpass.enabled:true, account.api.accounts.path:v1.0/accounts, cluster.routing.allocation.awareness.attributes:machine, facets.display.count:100, core.db.username:usq_read, node.machine:ticket.node, syncRequest.index.name:admin, ticket.search.allowedTermParams:sourceSystem,number,createdAt,updatedAt,updateEventDate,lastPublicCommentDate,status,queue.name,category,categoryObj.name,categoryObj.id,priority,assignee.name,hasWindowsServers,hasLinuxServers,severityName,assignee.sso,queue.id,accountServiceLevel,accountTeamTerritoryCode,account.serviceLevel,account.teamTerritoryCode,statusTypes,account.team,account.id,account.rcn,account.status,account.highProfile,documentLastUpdatedTimestamp,account.teamSegment,submitter.name,submitter.sso,account.contacts.name,account.contacts.role,account.contacts.sso,subCategoryObj.name,subCategoryObj.id,assignee.id,submitter.id, use.updateByQueryPlugin:false, account.api.endpoint:https://test.account.api.rackspace.com/, updated.timestamp.field.name:documentLastUpdatedTimestamp, ticket.elastic.dateformat:yyyy-MM-dd&apos;T&apos;HH:mm:ss.SSSZ, action.auto_create_index:1, account.document.idName:id, name:ticket.node] 
22:04:27.055 [main] INFO  org.elasticsearch.node - [ticket.node] {0.90.2}[25471]: starting ...
22:04:27.092 [main] INFO  org.elasticsearch.transport - [ticket.node] bound_address {inet[/0:0:0:0:0:0:0:0:9300]}, publish_address {inet[/10.14.208.252:9300]}
22:04:30.114 [elasticsearch[ticket.node][clusterService#updateTask][T#1]] INFO  org.elasticsearch.cluster.service - [ticket.node] new_master [ticket.node][6iH-fCF5RF26gCR-dDXwnQ][inet[/10.14.208.252:9300]]{machine=ticket.node, master=true}, reason: zen-disco-join (elected_as_master)
22:04:30.366 [main] INFO  org.elasticsearch.discovery - [ticket.node] ticket.cluster/6iH-fCF5RF26gCR-dDXwnQ
22:04:30.371 [main] INFO  org.elasticsearch.http - [ticket.node] bound_address {inet[/0:0:0:0:0:0:0:0:9200]}, publish_address {inet[/10.14.208.252:9200]}
22:04:30.371 [main] INFO  org.elasticsearch.node - [ticket.node] {0.90.2}[25471]: started
22:04:30.371 [main] INFO  c.r.s.elasticsearch.ElasticSearchServer - Elastic Search server is started.
22:04:30.372 [main] INFO  c.r.s.elasticsearch.ElasticSearchServer - ES cluster status is GREEN. Waiting for ES recovery.
22:04:30.372 [main] INFO  c.r.s.elasticsearch.ElasticSearchServer - Elastic Search Cluster Staus is GREEN
22:04:30.387 [elasticsearch[ticket.node][clusterService#updateTask][T#1]] INFO  org.elasticsearch.gateway - [ticket.node] recovered [0] indices into cluster_state
22:04:31.703 [main] ERROR c.r.s.e.client.ElasticSearchClient - Index is missing
org.elasticsearch.indices.IndexMissingException: [admin] missing
	at org.elasticsearch.cluster.metadata.MetaData.concreteIndex(MetaData.java:616) ~[elasticsearch-0.90.2.jar:na]
	at org.elasticsearch.action.get.TransportGetAction.resolveRequest(TransportGetAction.java:90) ~[elasticsearch-0.90.2.jar:na]
	at org.elasticsearch.action.get.TransportGetAction.resolveRequest(TransportGetAction.java:42) ~[elasticsearch-0.90.2.jar:na]
	at org.elasticsearch.action.support.single.shard.TransportShardSingleOperationAction$AsyncSingleAction.&lt;init&gt;(TransportShardSingleOperationAction.java:114) ~[elasticsearch-0.90.2.jar:na]
	at org.elasticsearch.action.support.single.shard.TransportShardSingleOperationAction$AsyncSingleAction.&lt;init&gt;(TransportShardSingleOperationAction.java:94) ~[elasticsearch-0.90.2.jar:na]
	at org.elasticsearch.action.support.single.shard.TransportShardSingleOperationAction.doExecute(TransportShardSingleOperationAction.java:71) ~[elasticsearch-0.90.2.jar:na]
	at org.elasticsearch.action.support.single.shard.TransportShardSingleOperationAction.doExecute(TransportShardSingleOperationAction.java:46) ~[elasticsearch-0.90.2.jar:na]
	at org.elasticsearch.action.support.TransportAction.execute(TransportAction.java:61) ~[elasticsearch-0.90.2.jar:na]
	at org.elasticsearch.client.node.NodeClient.execute(NodeClient.java:92) ~[elasticsearch-0.90.2.jar:na]
	at org.elasticsearch.client.support.AbstractClient.get(AbstractClient.java:179) ~[elasticsearch-0.90.2.jar:na]
	at org.elasticsearch.action.get.GetRequestBuilder.doExecute(GetRequestBuilder.java:112) ~[elasticsearch-0.90.2.jar:na]
	at org.elasticsearch.action.ActionRequestBuilder.execute(ActionRequestBuilder.java:62) ~[elasticsearch-0.90.2.jar:na]
	at org.elasticsearch.action.ActionRequestBuilder.execute(ActionRequestBuilder.java:57) ~[elasticsearch-0.90.2.jar:na]
	at org.elasticsearch.action.ActionRequestBuilder$execute.call(Unknown Source) ~[na:na]
	at com.rackspace.search.elasticsearch.client.ElasticSearchClient.getDocument(ElasticSearchClient.groovy:209) ~[classes/:na]
	at com.rackspace.search.elasticsearch.client.ElasticSearchClient$getDocument.call(Unknown Source) [classes/:na]
	at com.rackspace.search.service.JobService.getJob(JobService.groovy:56) [classes/:na]
	at com.rackspace.search.service.JobService$getJob$0.callCurrent(Unknown Source) [classes/:na]
	at com.rackspace.search.service.JobService.getJob(JobService.groovy:52) [classes/:na]
	at com.rackspace.search.service.JobService$getJob.call(Unknown Source) [classes/:na]
	at com.rackspace.search.service.admin.AccountOndemandSyncJob.windupActivities(AccountOndemandSyncJob.groovy:119) [classes/:na]
	at sun.reflect.NativeMethodAccessorImpl.invoke0(Native Method) ~[na:1.6.0_38]
	at sun.reflect.NativeMethodAccessorImpl.invoke(NativeMethodAccessorImpl.java:39) ~[na:1.6.0_38]
	at sun.reflect.DelegatingMethodAccessorImpl.invoke(DelegatingMethodAccessorImpl.java:25) ~[na:1.6.0_38]
	at java.lang.reflect.Method.invoke(Method.java:597) ~[na:1.6.0_38]
	at org.springframework.beans.factory.annotation.InitDestroyAnnotationBeanPostProcessor$LifecycleElement.invoke(InitDestroyAnnotationBeanPostProcessor.java:340) [spring-beans-3.0.6.RELEASE.jar:3.0.6.RELEASE]
	at org.springframework.beans.factory.annotation.InitDestroyAnnotationBeanPostProcessor$LifecycleMetadata.invokeDestroyMethods(InitDestroyAnnotationBeanPostProcessor.java:305) [spring-beans-3.0.6.RELEASE.jar:3.0.6.RELEASE]
	at org.springframework.beans.factory.annotation.InitDestroyAnnotationBeanPostProcessor.postProcessBeforeDestruction(InitDestroyAnnotationBeanPostProcessor.java:148) [spring-beans-3.0.6.RELEASE.jar:3.0.6.RELEASE]
	at org.springframework.beans.factory.support.DisposableBeanAdapter.destroy(DisposableBeanAdapter.java:166) [spring-beans-3.0.6.RELEASE.jar:3.0.6.RELEASE]
	at org.springframework.beans.factory.support.DefaultSingletonBeanRegistry.destroyBean(DefaultSingletonBeanRegistry.java:487) [spring-beans-3.0.6.RELEASE.jar:3.0.6.RELEASE]
	at org.springframework.beans.factory.support.DefaultSingletonBeanRegistry.destroySingleton(DefaultSingletonBeanRegistry.java:463) [spring-beans-3.0.6.RELEASE.jar:3.0.6.RELEASE]
	at org.springframework.beans.factory.support.DefaultSingletonBeanRegistry.destroySingletons(DefaultSingletonBeanRegistry.java:431) [spring-beans-3.0.6.RELEASE.jar:3.0.6.RELEASE]
	at org.springframework.context.support.AbstractApplicationContext.destroyBeans(AbstractApplicationContext.java:1048) [spring-context-3.0.6.RELEASE.jar:3.0.6.RELEASE]
	at org.springframework.context.support.AbstractApplicationContext.refresh(AbstractApplicationContext.java:433) [spring-context-3.0.6.RELEASE.jar:3.0.6.RELEASE]
	at org.springframework.test.context.support.AbstractGenericContextLoader.loadContext(AbstractGenericContextLoader.java:84) [spring-test-3.0.6.RELEASE.jar:3.0.6.RELEASE]
	at org.springframework.test.context.support.AbstractGenericContextLoader.loadContext(AbstractGenericContextLoader.java:1) [spring-test-3.0.6.RELEASE.jar:3.0.6.RELEASE]
	at org.springframework.test.context.TestContext.loadApplicationContext(TestContext.java:280) [spring-test-3.0.6.RELEASE.jar:3.0.6.RELEASE]
	at org.springframework.test.context.TestContext.getApplicationContext(TestContext.java:304) [spring-test-3.0.6.RELEASE.jar:3.0.6.RELEASE]
	at org.springframework.test.context.support.DependencyInjectionTestExecutionListener.injectDependencies(DependencyInjectionTestExecutionListener.java:109) [spring-test-3.0.6.RELEASE.jar:3.0.6.RELEASE]
	at org.springframework.test.context.support.DependencyInjectionTestExecutionListener.prepareTestInstance(DependencyInjectionTestExecutionListener.java:75) [spring-test-3.0.6.RELEASE.jar:3.0.6.RELEASE]
	at org.springframework.test.context.TestContextManager.prepareTestInstance(TestContextManager.java:321) [spring-test-3.0.6.RELEASE.jar:3.0.6.RELEASE]
	at org.spockframework.spring.SpringTestContextManager.prepareTestInstance(SpringTestContextManager.java:49) [spock-spring-0.7-groovy-2.0.jar:na]
	at org.spockframework.spring.SpringInterceptor.interceptSetupMethod(SpringInterceptor.java:42) [spock-spring-0.7-groovy-2.0.jar:na]
	at org.spockframework.runtime.extension.AbstractMethodInterceptor.intercept(AbstractMethodInterceptor.java:28) [spock-core-0.7-groovy-2.0.jar:na]
	at org.spockframework.runtime.extension.MethodInvocation.proceed(MethodInvocation.java:84) [spock-core-0.7-groovy-2.0.jar:na]
	at org.spockframework.runtime.BaseSpecRunner.invoke(BaseSpecRunner.java:319) [spock-core-0.7-groovy-2.0.jar:na]
	at org.spockframework.runtime.BaseSpecRunner.invokeSetup(BaseSpecRunner.java:279) [spock-core-0.7-groovy-2.0.jar:na]
	at org.spockframework.runtime.BaseSpecRunner.doRunIteration(BaseSpecRunner.java:255) [spock-core-0.7-groovy-2.0.jar:na]
	at sun.reflect.GeneratedMethodAccessor5.invoke(Unknown Source) ~[na:na]
	at sun.reflect.DelegatingMethodAccessorImpl.invoke(DelegatingMethodAccessorImpl.java:25) ~[na:1.6.0_38]
	at java.lang.reflect.Method.invoke(Method.java:597) ~[na:1.6.0_38]
	at org.spockframework.util.ReflectionUtil.invokeMethod(ReflectionUtil.java:138) [spock-core-0.7-groovy-2.0.jar:na]
	at org.spockframework.runtime.BaseSpecRunner.invokeRaw(BaseSpecRunner.java:330) [spock-core-0.7-groovy-2.0.jar:na]
	at org.spockframework.runtime.BaseSpecRunner.invoke(BaseSpecRunner.java:311) [spock-core-0.7-groovy-2.0.jar:na]
	at org.spockframework.runtime.BaseSpecRunner.runIteration(BaseSpecRunner.java:223) [spock-core-0.7-groovy-2.0.jar:na]
	at org.spockframework.runtime.BaseSpecRunner.initializeAndRunIteration(BaseSpecRunner.java:214) [spock-core-0.7-groovy-2.0.jar:na]
	at org.spockframework.runtime.BaseSpecRunner.runSimpleFeature(BaseSpecRunner.java:205) [spock-core-0.7-groovy-2.0.jar:na]
	at org.spockframework.runtime.BaseSpecRunner.doRunFeature(BaseSpecRunner.java:199) [spock-core-0.7-groovy-2.0.jar:na]
	at sun.reflect.GeneratedMethodAccessor7.invoke(Unknown Source) ~[na:na]
	at sun.reflect.DelegatingMethodAccessorImpl.invoke(DelegatingMethodAccessorImpl.java:25) ~[na:1.6.0_38]
	at java.lang.reflect.Method.invoke(Method.java:597) ~[na:1.6.0_38]
	at org.spockframework.util.ReflectionUtil.invokeMethod(ReflectionUtil.java:138) [spock-core-0.7-groovy-2.0.jar:na]
	at org.spockframework.runtime.BaseSpecRunner.invokeRaw(BaseSpecRunner.java:330) [spock-core-0.7-groovy-2.0.jar:na]
	at org.spockframework.runtime.BaseSpecRunner.invoke(BaseSpecRunner.java:311) [spock-core-0.7-groovy-2.0.jar:na]
	at org.spockframework.runtime.BaseSpecRunner.runFeature(BaseSpecRunner.java:175) [spock-core-0.7-groovy-2.0.jar:na]
	at org.spockframework.runtime.BaseSpecRunner.runFeatures(BaseSpecRunner.java:152) [spock-core-0.7-groovy-2.0.jar:na]
	at org.spockframework.runtime.BaseSpecRunner.doRunSpec(BaseSpecRunner.java:112) [spock-core-0.7-groovy-2.0.jar:na]
	at sun.reflect.GeneratedMethodAccessor11.invoke(Unknown Source) ~[na:na]
	at sun.reflect.DelegatingMethodAccessorImpl.invoke(DelegatingMethodAccessorImpl.java:25) ~[na:1.6.0_38]
	at java.lang.reflect.Method.invoke(Method.java:597) ~[na:1.6.0_38]
	at org.spockframework.util.ReflectionUtil.invokeMethod(ReflectionUtil.java:138) [spock-core-0.7-groovy-2.0.jar:na]
	at org.spockframework.runtime.BaseSpecRunner.invokeRaw(BaseSpecRunner.java:330) [spock-core-0.7-groovy-2.0.jar:na]
	at org.spockframework.runtime.BaseSpecRunner.invoke(BaseSpecRunner.java:311) [spock-core-0.7-groovy-2.0.jar:na]
	at org.spockframework.runtime.BaseSpecRunner.runSpec(BaseSpecRunner.java:91) [spock-core-0.7-groovy-2.0.jar:na]
	at org.spockframework.runtime.BaseSpecRunner.run(BaseSpecRunner.java:82) [spock-core-0.7-groovy-2.0.jar:na]
	at org.spockframework.runtime.Sputnik.run(Sputnik.java:63) [spock-core-0.7-groovy-2.0.jar:na]
	at org.apache.maven.surefire.junit4.JUnit4TestSet.execute(JUnit4TestSet.java:53) [surefire-junit4-2.10.jar:2.10]
	at org.apache.maven.surefire.junit4.JUnit4Provider.executeTestSet(JUnit4Provider.java:123) [surefire-junit4-2.10.jar:2.10]
	at org.apache.maven.surefire.junit4.JUnit4Provider.invoke(JUnit4Provider.java:104) [surefire-junit4-2.10.jar:2.10]
	at sun.reflect.NativeMethodAccessorImpl.invoke0(Native Method) ~[na:1.6.0_38]
	at sun.reflect.NativeMethodAccessorImpl.invoke(NativeMethodAccessorImpl.java:39) ~[na:1.6.0_38]
	at sun.reflect.DelegatingMethodAccessorImpl.invoke(DelegatingMethodAccessorImpl.java:25) ~[na:1.6.0_38]
	at java.lang.reflect.Method.invoke(Method.java:597) ~[na:1.6.0_38]
	at org.apache.maven.surefire.util.ReflectionUtils.invokeMethodWithArray(ReflectionUtils.java:164) [surefire-api-2.10.jar:2.10]
	at org.apache.maven.surefire.booter.ProviderFactory$ProviderProxy.invoke(ProviderFactory.java:110) [surefire-booter-2.10.jar:2.10]
	at org.apache.maven.surefire.booter.SurefireStarter.invokeProvider(SurefireStarter.java:175) [surefire-booter-2.10.jar:2.10]
	at org.apache.maven.surefire.booter.SurefireStarter.runSuitesInProcessWhenForked(SurefireStarter.java:107) [surefire-booter-2.10.jar:2.10]
	at org.apache.maven.surefire.booter.ForkedBooter.main(ForkedBooter.java:68) [surefire-booter-2.10.jar:2.10]
22:04:31.721 [main] WARN  o.s.c.a.CommonAnnotationBeanPostProcessor - Invocation of destroy method failed on bean with name &apos;accountOndemandSyncJob&apos;: com.rackspace.search.exception.NotFoundException: Index is missing
22:04:31.727 [main] ERROR c.r.s.e.client.ElasticSearchClient - Index is missing
org.elasticsearch.indices.IndexMissingException: [admin] missing
	at org.elasticsearch.cluster.metadata.MetaData.concreteIndex(MetaData.java:616) ~[elasticsearch-0.90.2.jar:na]
	at org.elasticsearch.action.get.TransportGetAction.resolveRequest(TransportGetAction.java:90) ~[elasticsearch-0.90.2.jar:na]
	at org.elasticsearch.action.get.TransportGetAction.resolveRequest(TransportGetAction.java:42) ~[elasticsearch-0.90.2.jar:na]
	at org.elasticsearch.action.support.single.shard.TransportShardSingleOperationAction$AsyncSingleAction.&lt;init&gt;(TransportShardSingleOperationAction.java:114) ~[elasticsearch-0.90.2.jar:na]
	at org.elasticsearch.action.support.single.shard.TransportShardSingleOperationAction$AsyncSingleAction.&lt;init&gt;(TransportShardSingleOperationAction.java:94) ~[elasticsearch-0.90.2.jar:na]
	at org.elasticsearch.action.support.single.shard.TransportShardSingleOperationAction.doExecute(TransportShardSingleOperationAction.java:71) ~[elasticsearch-0.90.2.jar:na]
	at org.elasticsearch.action.support.single.shard.TransportShardSingleOperationAction.doExecute(TransportShardSingleOperationAction.java:46) ~[elasticsearch-0.90.2.jar:na]
	at org.elasticsearch.action.support.TransportAction.execute(TransportAction.java:61) ~[elasticsearch-0.90.2.jar:na]
	at org.elasticsearch.client.node.NodeClient.execute(NodeClient.java:92) ~[elasticsearch-0.90.2.jar:na]
	at org.elasticsearch.client.support.AbstractClient.get(AbstractClient.java:179) ~[elasticsearch-0.90.2.jar:na]
	at org.elasticsearch.action.get.GetRequestBuilder.doExecute(GetRequestBuilder.java:112) ~[elasticsearch-0.90.2.jar:na]
	at org.elasticsearch.action.ActionRequestBuilder.execute(ActionRequestBuilder.java:62) ~[elasticsearch-0.90.2.jar:na]
	at org.elasticsearch.action.ActionRequestBuilder.execute(ActionRequestBuilder.java:57) ~[elasticsearch-0.90.2.jar:na]
	at org.elasticsearch.action.ActionRequestBuilder$execute.call(Unknown Source) ~[na:na]
	at com.rackspace.search.elasticsearch.client.ElasticSearchClient.getDocument(ElasticSearchClient.groovy:209) ~[classes/:na]
	at com.rackspace.search.elasticsearch.client.ElasticSearchClient$getDocument.call(Unknown Source) [classes/:na]
	at com.rackspace.search.service.JobService.getJob(JobService.groovy:56) [classes/:na]
	at com.rackspace.search.service.JobService$getJob$0.callCurrent(Unknown Source) [classes/:na]
	at com.rackspace.search.service.JobService.getJob(JobService.groovy:52) [classes/:na]
	at com.rackspace.search.service.JobService$getJob.call(Unknown Source) [classes/:na]
	at com.rackspace.search.service.account.CoreAccountOnetimeSyncJob.windupActivities(CoreAccountOnetimeSyncJob.groovy:58) [classes/:na]
	at sun.reflect.NativeMethodAccessorImpl.invoke0(Native Method) ~[na:1.6.0_38]
	at sun.reflect.NativeMethodAccessorImpl.invoke(NativeMethodAccessorImpl.java:39) ~[na:1.6.0_38]
	at sun.reflect.DelegatingMethodAccessorImpl.invoke(DelegatingMethodAccessorImpl.java:25) ~[na:1.6.0_38]
	at java.lang.reflect.Method.invoke(Method.java:597) ~[na:1.6.0_38]
	at org.springframework.beans.factory.annotation.InitDestroyAnnotationBeanPostProcessor$LifecycleElement.invoke(InitDestroyAnnotationBeanPostProcessor.java:340) [spring-beans-3.0.6.RELEASE.jar:3.0.6.RELEASE]
	at org.springframework.beans.factory.annotation.InitDestroyAnnotationBeanPostProcessor$LifecycleMetadata.invokeDestroyMethods(InitDestroyAnnotationBeanPostProcessor.java:305) [spring-beans-3.0.6.RELEASE.jar:3.0.6.RELEASE]
	at org.springframework.beans.factory.annotation.InitDestroyAnnotationBeanPostProcessor.postProcessBeforeDestruction(InitDestroyAnnotationBeanPostProcessor.java:148) [spring-beans-3.0.6.RELEASE.jar:3.0.6.RELEASE]
	at org.springframework.beans.factory.support.DisposableBeanAdapter.destroy(DisposableBeanAdapter.java:166) [spring-beans-3.0.6.RELEASE.jar:3.0.6.RELEASE]
	at org.springframework.beans.factory.support.DefaultSingletonBeanRegistry.destroyBean(DefaultSingletonBeanRegistry.java:487) [spring-beans-3.0.6.RELEASE.jar:3.0.6.RELEASE]
	at org.springframework.beans.factory.support.DefaultSingletonBeanRegistry.destroySingleton(DefaultSingletonBeanRegistry.java:463) [spring-beans-3.0.6.RELEASE.jar:3.0.6.RELEASE]
	at org.springframework.beans.factory.support.DefaultSingletonBeanRegistry.destroySingletons(DefaultSingletonBeanRegistry.java:431) [spring-beans-3.0.6.RELEASE.jar:3.0.6.RELEASE]
	at org.springframework.context.support.AbstractApplicationContext.destroyBeans(AbstractApplicationContext.java:1048) [spring-context-3.0.6.RELEASE.jar:3.0.6.RELEASE]
	at org.springframework.context.support.AbstractApplicationContext.refresh(AbstractApplicationContext.java:433) [spring-context-3.0.6.RELEASE.jar:3.0.6.RELEASE]
	at org.springframework.test.context.support.AbstractGenericContextLoader.loadContext(AbstractGenericContextLoader.java:84) [spring-test-3.0.6.RELEASE.jar:3.0.6.RELEASE]
	at org.springframework.test.context.support.AbstractGenericContextLoader.loadContext(AbstractGenericContextLoader.java:1) [spring-test-3.0.6.RELEASE.jar:3.0.6.RELEASE]
	at org.springframework.test.context.TestContext.loadApplicationContext(TestContext.java:280) [spring-test-3.0.6.RELEASE.jar:3.0.6.RELEASE]
	at org.springframework.test.context.TestContext.getApplicationContext(TestContext.java:304) [spring-test-3.0.6.RELEASE.jar:3.0.6.RELEASE]
	at org.springframework.test.context.support.DependencyInjectionTestExecutionListener.injectDependencies(DependencyInjectionTestExecutionListener.java:109) [spring-test-3.0.6.RELEASE.jar:3.0.6.RELEASE]
	at org.springframework.test.context.support.DependencyInjectionTestExecutionListener.prepareTestInstance(DependencyInjectionTestExecutionListener.java:75) [spring-test-3.0.6.RELEASE.jar:3.0.6.RELEASE]
	at org.springframework.test.context.TestContextManager.prepareTestInstance(TestContextManager.java:321) [spring-test-3.0.6.RELEASE.jar:3.0.6.RELEASE]
	at org.spockframework.spring.SpringTestContextManager.prepareTestInstance(SpringTestContextManager.java:49) [spock-spring-0.7-groovy-2.0.jar:na]
	at org.spockframework.spring.SpringInterceptor.interceptSetupMethod(SpringInterceptor.java:42) [spock-spring-0.7-groovy-2.0.jar:na]
	at org.spockframework.runtime.extension.AbstractMethodInterceptor.intercept(AbstractMethodInterceptor.java:28) [spock-core-0.7-groovy-2.0.jar:na]
	at org.spockframework.runtime.extension.MethodInvocation.proceed(MethodInvocation.java:84) [spock-core-0.7-groovy-2.0.jar:na]
	at org.spockframework.runtime.BaseSpecRunner.invoke(BaseSpecRunner.java:319) [spock-core-0.7-groovy-2.0.jar:na]
	at org.spockframework.runtime.BaseSpecRunner.invokeSetup(BaseSpecRunner.java:279) [spock-core-0.7-groovy-2.0.jar:na]
	at org.spockframework.runtime.BaseSpecRunner.doRunIteration(BaseSpecRunner.java:255) [spock-core-0.7-groovy-2.0.jar:na]
	at sun.reflect.GeneratedMethodAccessor5.invoke(Unknown Source) ~[na:na]
	at sun.reflect.DelegatingMethodAccessorImpl.invoke(DelegatingMethodAccessorImpl.java:25) ~[na:1.6.0_38]
	at java.lang.reflect.Method.invoke(Method.java:597) ~[na:1.6.0_38]
	at org.spockframework.util.ReflectionUtil.invokeMethod(ReflectionUtil.java:138) [spock-core-0.7-groovy-2.0.jar:na]
	at org.spockframework.runtime.BaseSpecRunner.invokeRaw(BaseSpecRunner.java:330) [spock-core-0.7-groovy-2.0.jar:na]
	at org.spockframework.runtime.BaseSpecRunner.invoke(BaseSpecRunner.java:311) [spock-core-0.7-groovy-2.0.jar:na]
	at org.spockframework.runtime.BaseSpecRunner.runIteration(BaseSpecRunner.java:223) [spock-core-0.7-groovy-2.0.jar:na]
	at org.spockframework.runtime.BaseSpecRunner.initializeAndRunIteration(BaseSpecRunner.java:214) [spock-core-0.7-groovy-2.0.jar:na]
	at org.spockframework.runtime.BaseSpecRunner.runSimpleFeature(BaseSpecRunner.java:205) [spock-core-0.7-groovy-2.0.jar:na]
	at org.spockframework.runtime.BaseSpecRunner.doRunFeature(BaseSpecRunner.java:199) [spock-core-0.7-groovy-2.0.jar:na]
	at sun.reflect.GeneratedMethodAccessor7.invoke(Unknown Source) ~[na:na]
	at sun.reflect.DelegatingMethodAccessorImpl.invoke(DelegatingMethodAccessorImpl.java:25) ~[na:1.6.0_38]
	at java.lang.reflect.Method.invoke(Method.java:597) ~[na:1.6.0_38]
	at org.spockframework.util.ReflectionUtil.invokeMethod(ReflectionUtil.java:138) [spock-core-0.7-groovy-2.0.jar:na]
	at org.spockframework.runtime.BaseSpecRunner.invokeRaw(BaseSpecRunner.java:330) [spock-core-0.7-groovy-2.0.jar:na]
	at org.spockframework.runtime.BaseSpecRunner.invoke(BaseSpecRunner.java:311) [spock-core-0.7-groovy-2.0.jar:na]
	at org.spockframework.runtime.BaseSpecRunner.runFeature(BaseSpecRunner.java:175) [spock-core-0.7-groovy-2.0.jar:na]
	at org.spockframework.runtime.BaseSpecRunner.runFeatures(BaseSpecRunner.java:152) [spock-core-0.7-groovy-2.0.jar:na]
	at org.spockframework.runtime.BaseSpecRunner.doRunSpec(BaseSpecRunner.java:112) [spock-core-0.7-groovy-2.0.jar:na]
	at sun.reflect.GeneratedMethodAccessor11.invoke(Unknown Source) ~[na:na]
	at sun.reflect.DelegatingMethodAccessorImpl.invoke(DelegatingMethodAccessorImpl.java:25) ~[na:1.6.0_38]
	at java.lang.reflect.Method.invoke(Method.java:597) ~[na:1.6.0_38]
	at org.spockframework.util.ReflectionUtil.invokeMethod(ReflectionUtil.java:138) [spock-core-0.7-groovy-2.0.jar:na]
	at org.spockframework.runtime.BaseSpecRunner.invokeRaw(BaseSpecRunner.java:330) [spock-core-0.7-groovy-2.0.jar:na]
	at org.spockframework.runtime.BaseSpecRunner.invoke(BaseSpecRunner.java:311) [spock-core-0.7-groovy-2.0.jar:na]
	at org.spockframework.runtime.BaseSpecRunner.runSpec(BaseSpecRunner.java:91) [spock-core-0.7-groovy-2.0.jar:na]
	at org.spockframework.runtime.BaseSpecRunner.run(BaseSpecRunner.java:82) [spock-core-0.7-groovy-2.0.jar:na]
	at org.spockframework.runtime.Sputnik.run(Sputnik.java:63) [spock-core-0.7-groovy-2.0.jar:na]
	at org.apache.maven.surefire.junit4.JUnit4TestSet.execute(JUnit4TestSet.java:53) [surefire-junit4-2.10.jar:2.10]
	at org.apache.maven.surefire.junit4.JUnit4Provider.executeTestSet(JUnit4Provider.java:123) [surefire-junit4-2.10.jar:2.10]
	at org.apache.maven.surefire.junit4.JUnit4Provider.invoke(JUnit4Provider.java:104) [surefire-junit4-2.10.jar:2.10]
	at sun.reflect.NativeMethodAccessorImpl.invoke0(Native Method) ~[na:1.6.0_38]
	at sun.reflect.NativeMethodAccessorImpl.invoke(NativeMethodAccessorImpl.java:39) ~[na:1.6.0_38]
	at sun.reflect.DelegatingMethodAccessorImpl.invoke(DelegatingMethodAccessorImpl.java:25) ~[na:1.6.0_38]
	at java.lang.reflect.Method.invoke(Method.java:597) ~[na:1.6.0_38]
	at org.apache.maven.surefire.util.ReflectionUtils.invokeMethodWithArray(ReflectionUtils.java:164) [surefire-api-2.10.jar:2.10]
	at org.apache.maven.surefire.booter.ProviderFactory$ProviderProxy.invoke(ProviderFactory.java:110) [surefire-booter-2.10.jar:2.10]
	at org.apache.maven.surefire.booter.SurefireStarter.invokeProvider(SurefireStarter.java:175) [surefire-booter-2.10.jar:2.10]
	at org.apache.maven.surefire.booter.SurefireStarter.runSuitesInProcessWhenForked(SurefireStarter.java:107) [surefire-booter-2.10.jar:2.10]
	at org.apache.maven.surefire.booter.ForkedBooter.main(ForkedBooter.java:68) [surefire-booter-2.10.jar:2.10]
22:04:31.744 [main] WARN  o.s.c.a.CommonAnnotationBeanPostProcessor - Invocation of destroy method failed on bean with name &apos;coreAccountOnetimeSyncJob&apos;: com.rackspace.search.exception.NotFoundException: Index is missing
22:04:31.750 [main] ERROR c.r.s.e.client.ElasticSearchClient - Index is missing
org.elasticsearch.indices.IndexMissingException: [admin] missing
	at org.elasticsearch.cluster.metadata.MetaData.concreteIndex(MetaData.java:616) ~[elasticsearch-0.90.2.jar:na]
	at org.elasticsearch.action.get.TransportGetAction.resolveRequest(TransportGetAction.java:90) ~[elasticsearch-0.90.2.jar:na]
	at org.elasticsearch.action.get.TransportGetAction.resolveRequest(TransportGetAction.java:42) ~[elasticsearch-0.90.2.jar:na]
	at org.elasticsearch.action.support.single.shard.TransportShardSingleOperationAction$AsyncSingleAction.&lt;init&gt;(TransportShardSingleOperationAction.java:114) ~[elasticsearch-0.90.2.jar:na]
	at org.elasticsearch.action.support.single.shard.TransportShardSingleOperationAction$AsyncSingleAction.&lt;init&gt;(TransportShardSingleOperationAction.java:94) ~[elasticsearch-0.90.2.jar:na]
	at org.elasticsearch.action.support.single.shard.TransportShardSingleOperationAction.doExecute(TransportShardSingleOperationAction.java:71) ~[elasticsearch-0.90.2.jar:na]
	at org.elasticsearch.action.support.single.shard.TransportShardSingleOperationAction.doExecute(TransportShardSingleOperationAction.java:46) ~[elasticsearch-0.90.2.jar:na]
	at org.elasticsearch.action.support.TransportAction.execute(TransportAction.java:61) ~[elasticsearch-0.90.2.jar:na]
	at org.elasticsearch.client.node.NodeClient.execute(NodeClient.java:92) ~[elasticsearch-0.90.2.jar:na]
	at org.elasticsearch.client.support.AbstractClient.get(AbstractClient.java:179) ~[elasticsearch-0.90.2.jar:na]
	at org.elasticsearch.action.get.GetRequestBuilder.doExecute(GetRequestBuilder.java:112) ~[elasticsearch-0.90.2.jar:na]
	at org.elasticsearch.action.ActionRequestBuilder.execute(ActionRequestBuilder.java:62) ~[elasticsearch-0.90.2.jar:na]
	at org.elasticsearch.action.ActionRequestBuilder.execute(ActionRequestBuilder.java:57) ~[elasticsearch-0.90.2.jar:na]
	at org.elasticsearch.action.ActionRequestBuilder$execute.call(Unknown Source) ~[na:na]
	at com.rackspace.search.elasticsearch.client.ElasticSearchClient.getDocument(ElasticSearchClient.groovy:209) ~[classes/:na]
	at com.rackspace.search.elasticsearch.client.ElasticSearchClient$getDocument.call(Unknown Source) [classes/:na]
	at com.rackspace.search.service.JobService.getJob(JobService.groovy:56) [classes/:na]
	at com.rackspace.search.service.JobService$getJob$0.callCurrent(Unknown Source) [classes/:na]
	at com.rackspace.search.service.JobService.getJob(JobService.groovy:52) [classes/:na]
	at com.rackspace.search.service.JobService$getJob.call(Unknown Source) [classes/:na]
	at com.rackspace.search.service.account.CoreAccountUpdateSyncJob.windupActivities(CoreAccountUpdateSyncJob.groovy:88) [classes/:na]
	at sun.reflect.NativeMethodAccessorImpl.invoke0(Native Method) ~[na:1.6.0_38]
	at sun.reflect.NativeMethodAccessorImpl.invoke(NativeMethodAccessorImpl.java:39) ~[na:1.6.0_38]
	at sun.reflect.DelegatingMethodAccessorImpl.invoke(DelegatingMethodAccessorImpl.java:25) ~[na:1.6.0_38]
	at java.lang.reflect.Method.invoke(Method.java:597) ~[na:1.6.0_38]
	at org.springframework.beans.factory.annotation.InitDestroyAnnotationBeanPostProcessor$LifecycleElement.invoke(InitDestroyAnnotationBeanPostProcessor.java:340) [spring-beans-3.0.6.RELEASE.jar:3.0.6.RELEASE]
	at org.springframework.beans.factory.annotation.InitDestroyAnnotationBeanPostProcessor$LifecycleMetadata.invokeDestroyMethods(InitDestroyAnnotationBeanPostProcessor.java:305) [spring-beans-3.0.6.RELEASE.jar:3.0.6.RELEASE]
	at org.springframework.beans.factory.annotation.InitDestroyAnnotationBeanPostProcessor.postProcessBeforeDestruction(InitDestroyAnnotationBeanPostProcessor.java:148) [spring-beans-3.0.6.RELEASE.jar:3.0.6.RELEASE]
	at org.springframework.beans.factory.support.DisposableBeanAdapter.destroy(DisposableBeanAdapter.java:166) [spring-beans-3.0.6.RELEASE.jar:3.0.6.RELEASE]
	at org.springframework.beans.factory.support.DefaultSingletonBeanRegistry.destroyBean(DefaultSingletonBeanRegistry.java:487) [spring-beans-3.0.6.RELEASE.jar:3.0.6.RELEASE]
	at org.springframework.beans.factory.support.DefaultSingletonBeanRegistry.destroySingleton(DefaultSingletonBeanRegistry.java:463) [spring-beans-3.0.6.RELEASE.jar:3.0.6.RELEASE]
	at org.springframework.beans.factory.support.DefaultSingletonBeanRegistry.destroySingletons(DefaultSingletonBeanRegistry.java:431) [spring-beans-3.0.6.RELEASE.jar:3.0.6.RELEASE]
	at org.springframework.context.support.AbstractApplicationContext.destroyBeans(AbstractApplicationContext.java:1048) [spring-context-3.0.6.RELEASE.jar:3.0.6.RELEASE]
	at org.springframework.context.support.AbstractApplicationContext.refresh(AbstractApplicationContext.java:433) [spring-context-3.0.6.RELEASE.jar:3.0.6.RELEASE]
	at org.springframework.test.context.support.AbstractGenericContextLoader.loadContext(AbstractGenericContextLoader.java:84) [spring-test-3.0.6.RELEASE.jar:3.0.6.RELEASE]
	at org.springframework.test.context.support.AbstractGenericContextLoader.loadContext(AbstractGenericContextLoader.java:1) [spring-test-3.0.6.RELEASE.jar:3.0.6.RELEASE]
	at org.springframework.test.context.TestContext.loadApplicationContext(TestContext.java:280) [spring-test-3.0.6.RELEASE.jar:3.0.6.RELEASE]
	at org.springframework.test.context.TestContext.getApplicationContext(TestContext.java:304) [spring-test-3.0.6.RELEASE.jar:3.0.6.RELEASE]
	at org.springframework.test.context.support.DependencyInjectionTestExecutionListener.injectDependencies(DependencyInjectionTestExecutionListener.java:109) [spring-test-3.0.6.RELEASE.jar:3.0.6.RELEASE]
	at org.springframework.test.context.support.DependencyInjectionTestExecutionListener.prepareTestInstance(DependencyInjectionTestExecutionListener.java:75) [spring-test-3.0.6.RELEASE.jar:3.0.6.RELEASE]
	at org.springframework.test.context.TestContextManager.prepareTestInstance(TestContextManager.java:321) [spring-test-3.0.6.RELEASE.jar:3.0.6.RELEASE]
	at org.spockframework.spring.SpringTestContextManager.prepareTestInstance(SpringTestContextManager.java:49) [spock-spring-0.7-groovy-2.0.jar:na]
	at org.spockframework.spring.SpringInterceptor.interceptSetupMethod(SpringInterceptor.java:42) [spock-spring-0.7-groovy-2.0.jar:na]
	at org.spockframework.runtime.extension.AbstractMethodInterceptor.intercept(AbstractMethodInterceptor.java:28) [spock-core-0.7-groovy-2.0.jar:na]
	at org.spockframework.runtime.extension.MethodInvocation.proceed(MethodInvocation.java:84) [spock-core-0.7-groovy-2.0.jar:na]
	at org.spockframework.runtime.BaseSpecRunner.invoke(BaseSpecRunner.java:319) [spock-core-0.7-groovy-2.0.jar:na]
	at org.spockframework.runtime.BaseSpecRunner.invokeSetup(BaseSpecRunner.java:279) [spock-core-0.7-groovy-2.0.jar:na]
	at org.spockframework.runtime.BaseSpecRunner.doRunIteration(BaseSpecRunner.java:255) [spock-core-0.7-groovy-2.0.jar:na]
	at sun.reflect.GeneratedMethodAccessor5.invoke(Unknown Source) ~[na:na]
	at sun.reflect.DelegatingMethodAccessorImpl.invoke(DelegatingMethodAccessorImpl.java:25) ~[na:1.6.0_38]
	at java.lang.reflect.Method.invoke(Method.java:597) ~[na:1.6.0_38]
	at org.spockframework.util.ReflectionUtil.invokeMethod(ReflectionUtil.java:138) [spock-core-0.7-groovy-2.0.jar:na]
	at org.spockframework.runtime.BaseSpecRunner.invokeRaw(BaseSpecRunner.java:330) [spock-core-0.7-groovy-2.0.jar:na]
	at org.spockframework.runtime.BaseSpecRunner.invoke(BaseSpecRunner.java:311) [spock-core-0.7-groovy-2.0.jar:na]
	at org.spockframework.runtime.BaseSpecRunner.runIteration(BaseSpecRunner.java:223) [spock-core-0.7-groovy-2.0.jar:na]
	at org.spockframework.runtime.BaseSpecRunner.initializeAndRunIteration(BaseSpecRunner.java:214) [spock-core-0.7-groovy-2.0.jar:na]
	at org.spockframework.runtime.BaseSpecRunner.runSimpleFeature(BaseSpecRunner.java:205) [spock-core-0.7-groovy-2.0.jar:na]
	at org.spockframework.runtime.BaseSpecRunner.doRunFeature(BaseSpecRunner.java:199) [spock-core-0.7-groovy-2.0.jar:na]
	at sun.reflect.GeneratedMethodAccessor7.invoke(Unknown Source) ~[na:na]
	at sun.reflect.DelegatingMethodAccessorImpl.invoke(DelegatingMethodAccessorImpl.java:25) ~[na:1.6.0_38]
	at java.lang.reflect.Method.invoke(Method.java:597) ~[na:1.6.0_38]
	at org.spockframework.util.ReflectionUtil.invokeMethod(ReflectionUtil.java:138) [spock-core-0.7-groovy-2.0.jar:na]
	at org.spockframework.runtime.BaseSpecRunner.invokeRaw(BaseSpecRunner.java:330) [spock-core-0.7-groovy-2.0.jar:na]
	at org.spockframework.runtime.BaseSpecRunner.invoke(BaseSpecRunner.java:311) [spock-core-0.7-groovy-2.0.jar:na]
	at org.spockframework.runtime.BaseSpecRunner.runFeature(BaseSpecRunner.java:175) [spock-core-0.7-groovy-2.0.jar:na]
	at org.spockframework.runtime.BaseSpecRunner.runFeatures(BaseSpecRunner.java:152) [spock-core-0.7-groovy-2.0.jar:na]
	at org.spockframework.runtime.BaseSpecRunner.doRunSpec(BaseSpecRunner.java:112) [spock-core-0.7-groovy-2.0.jar:na]
	at sun.reflect.GeneratedMethodAccessor11.invoke(Unknown Source) ~[na:na]
	at sun.reflect.DelegatingMethodAccessorImpl.invoke(DelegatingMethodAccessorImpl.java:25) ~[na:1.6.0_38]
	at java.lang.reflect.Method.invoke(Method.java:597) ~[na:1.6.0_38]
	at org.spockframework.util.ReflectionUtil.invokeMethod(ReflectionUtil.java:138) [spock-core-0.7-groovy-2.0.jar:na]
	at org.spockframework.runtime.BaseSpecRunner.invokeRaw(BaseSpecRunner.java:330) [spock-core-0.7-groovy-2.0.jar:na]
	at org.spockframework.runtime.BaseSpecRunner.invoke(BaseSpecRunner.java:311) [spock-core-0.7-groovy-2.0.jar:na]
	at org.spockframework.runtime.BaseSpecRunner.runSpec(BaseSpecRunner.java:91) [spock-core-0.7-groovy-2.0.jar:na]
	at org.spockframework.runtime.BaseSpecRunner.run(BaseSpecRunner.java:82) [spock-core-0.7-groovy-2.0.jar:na]
	at org.spockframework.runtime.Sputnik.run(Sputnik.java:63) [spock-core-0.7-groovy-2.0.jar:na]
	at org.apache.maven.surefire.junit4.JUnit4TestSet.execute(JUnit4TestSet.java:53) [surefire-junit4-2.10.jar:2.10]
	at org.apache.maven.surefire.junit4.JUnit4Provider.executeTestSet(JUnit4Provider.java:123) [surefire-junit4-2.10.jar:2.10]
	at org.apache.maven.surefire.junit4.JUnit4Provider.invoke(JUnit4Provider.java:104) [surefire-junit4-2.10.jar:2.10]
	at sun.reflect.NativeMethodAccessorImpl.invoke0(Native Method) ~[na:1.6.0_38]
	at sun.reflect.NativeMethodAccessorImpl.invoke(NativeMethodAccessorImpl.java:39) ~[na:1.6.0_38]
	at sun.reflect.DelegatingMethodAccessorImpl.invoke(DelegatingMethodAccessorImpl.java:25) ~[na:1.6.0_38]
	at java.lang.reflect.Method.invoke(Method.java:597) ~[na:1.6.0_38]
	at org.apache.maven.surefire.util.ReflectionUtils.invokeMethodWithArray(ReflectionUtils.java:164) [surefire-api-2.10.jar:2.10]
	at org.apache.maven.surefire.booter.ProviderFactory$ProviderProxy.invoke(ProviderFactory.java:110) [surefire-booter-2.10.jar:2.10]
	at org.apache.maven.surefire.booter.SurefireStarter.invokeProvider(SurefireStarter.java:175) [surefire-booter-2.10.jar:2.10]
	at org.apache.maven.surefire.booter.SurefireStarter.runSuitesInProcessWhenForked(SurefireStarter.java:107) [surefire-booter-2.10.jar:2.10]
	at org.apache.maven.surefire.booter.ForkedBooter.main(ForkedBooter.java:68) [surefire-booter-2.10.jar:2.10]
22:04:31.767 [main] WARN  o.s.c.a.CommonAnnotationBeanPostProcessor - Invocation of destroy method failed on bean with name &apos;coreAccountUpdateSyncJob&apos;: com.rackspace.search.exception.NotFoundException: Index is missing
22:04:31.772 [main] ERROR c.r.s.e.client.ElasticSearchClient - Index is missing
org.elasticsearch.indices.IndexMissingException: [admin] missing
	at org.elasticsearch.cluster.metadata.MetaData.concreteIndex(MetaData.java:616) ~[elasticsearch-0.90.2.jar:na]
	at org.elasticsearch.action.get.TransportGetAction.resolveRequest(TransportGetAction.java:90) ~[elasticsearch-0.90.2.jar:na]
	at org.elasticsearch.action.get.TransportGetAction.resolveRequest(TransportGetAction.java:42) ~[elasticsearch-0.90.2.jar:na]
	at org.elasticsearch.action.support.single.shard.TransportShardSingleOperationAction$AsyncSingleAction.&lt;init&gt;(TransportShardSingleOperationAction.java:114) ~[elasticsearch-0.90.2.jar:na]
	at org.elasticsearch.action.support.single.shard.TransportShardSingleOperationAction$AsyncSingleAction.&lt;init&gt;(TransportShardSingleOperationAction.java:94) ~[elasticsearch-0.90.2.jar:na]
	at org.elasticsearch.action.support.single.shard.TransportShardSingleOperationAction.doExecute(TransportShardSingleOperationAction.java:71) ~[elasticsearch-0.90.2.jar:na]
	at org.elasticsearch.action.support.single.shard.TransportShardSingleOperationAction.doExecute(TransportShardSingleOperationAction.java:46) ~[elasticsearch-0.90.2.jar:na]
	at org.elasticsearch.action.support.TransportAction.execute(TransportAction.java:61) ~[elasticsearch-0.90.2.jar:na]
	at org.elasticsearch.client.node.NodeClient.execute(NodeClient.java:92) ~[elasticsearch-0.90.2.jar:na]
	at org.elasticsearch.client.support.AbstractClient.get(AbstractClient.java:179) ~[elasticsearch-0.90.2.jar:na]
	at org.elasticsearch.action.get.GetRequestBuilder.doExecute(GetRequestBuilder.java:112) ~[elasticsearch-0.90.2.jar:na]
	at org.elasticsearch.action.ActionRequestBuilder.execute(ActionRequestBuilder.java:62) ~[elasticsearch-0.90.2.jar:na]
	at org.elasticsearch.action.ActionRequestBuilder.execute(ActionRequestBuilder.java:57) ~[elasticsearch-0.90.2.jar:na]
	at org.elasticsearch.action.ActionRequestBuilder$execute.call(Unknown Source) ~[na:na]
	at com.rackspace.search.elasticsearch.client.ElasticSearchClient.getDocument(ElasticSearchClient.groovy:209) ~[classes/:na]
	at com.rackspace.search.elasticsearch.client.ElasticSearchClient$getDocument.call(Unknown Source) [classes/:na]
	at com.rackspace.search.service.JobService.getJob(JobService.groovy:56) [classes/:na]
	at com.rackspace.search.service.JobService$getJob$0.callCurrent(Unknown Source) [classes/:na]
	at com.rackspace.search.service.JobService.getJob(JobService.groovy:52) [classes/:na]
	at com.rackspace.search.service.JobService$getJob.call(Unknown Source) [classes/:na]
	at com.rackspace.search.service.core.CoreTicketSecondPassSyncJob.windupActivities(CoreTicketSecondPassSyncJob.groovy:83) [classes/:na]
	at sun.reflect.NativeMethodAccessorImpl.invoke0(Native Method) ~[na:1.6.0_38]
	at sun.reflect.NativeMethodAccessorImpl.invoke(NativeMethodAccessorImpl.java:39) ~[na:1.6.0_38]
	at sun.reflect.DelegatingMethodAccessorImpl.invoke(DelegatingMethodAccessorImpl.java:25) ~[na:1.6.0_38]
	at java.lang.reflect.Method.invoke(Method.java:597) ~[na:1.6.0_38]
	at org.springframework.beans.factory.annotation.InitDestroyAnnotationBeanPostProcessor$LifecycleElement.invoke(InitDestroyAnnotationBeanPostProcessor.java:340) [spring-beans-3.0.6.RELEASE.jar:3.0.6.RELEASE]
	at org.springframework.beans.factory.annotation.InitDestroyAnnotationBeanPostProcessor$LifecycleMetadata.invokeDestroyMethods(InitDestroyAnnotationBeanPostProcessor.java:305) [spring-beans-3.0.6.RELEASE.jar:3.0.6.RELEASE]
	at org.springframework.beans.factory.annotation.InitDestroyAnnotationBeanPostProcessor.postProcessBeforeDestruction(InitDestroyAnnotationBeanPostProcessor.java:148) [spring-beans-3.0.6.RELEASE.jar:3.0.6.RELEASE]
	at org.springframework.beans.factory.support.DisposableBeanAdapter.destroy(DisposableBeanAdapter.java:166) [spring-beans-3.0.6.RELEASE.jar:3.0.6.RELEASE]
	at org.springframework.beans.factory.support.DefaultSingletonBeanRegistry.destroyBean(DefaultSingletonBeanRegistry.java:487) [spring-beans-3.0.6.RELEASE.jar:3.0.6.RELEASE]
	at org.springframework.beans.factory.support.DefaultSingletonBeanRegistry.destroySingleton(DefaultSingletonBeanRegistry.java:463) [spring-beans-3.0.6.RELEASE.jar:3.0.6.RELEASE]
	at org.springframework.beans.factory.support.DefaultSingletonBeanRegistry.destroySingletons(DefaultSingletonBeanRegistry.java:431) [spring-beans-3.0.6.RELEASE.jar:3.0.6.RELEASE]
	at org.springframework.context.support.AbstractApplicationContext.destroyBeans(AbstractApplicationContext.java:1048) [spring-context-3.0.6.RELEASE.jar:3.0.6.RELEASE]
	at org.springframework.context.support.AbstractApplicationContext.refresh(AbstractApplicationContext.java:433) [spring-context-3.0.6.RELEASE.jar:3.0.6.RELEASE]
	at org.springframework.test.context.support.AbstractGenericContextLoader.loadContext(AbstractGenericContextLoader.java:84) [spring-test-3.0.6.RELEASE.jar:3.0.6.RELEASE]
	at org.springframework.test.context.support.AbstractGenericContextLoader.loadContext(AbstractGenericContextLoader.java:1) [spring-test-3.0.6.RELEASE.jar:3.0.6.RELEASE]
	at org.springframework.test.context.TestContext.loadApplicationContext(TestContext.java:280) [spring-test-3.0.6.RELEASE.jar:3.0.6.RELEASE]
	at org.springframework.test.context.TestContext.getApplicationContext(TestContext.java:304) [spring-test-3.0.6.RELEASE.jar:3.0.6.RELEASE]
	at org.springframework.test.context.support.DependencyInjectionTestExecutionListener.injectDependencies(DependencyInjectionTestExecutionListener.java:109) [spring-test-3.0.6.RELEASE.jar:3.0.6.RELEASE]
	at org.springframework.test.context.support.DependencyInjectionTestExecutionListener.prepareTestInstance(DependencyInjectionTestExecutionListener.java:75) [spring-test-3.0.6.RELEASE.jar:3.0.6.RELEASE]
	at org.springframework.test.context.TestContextManager.prepareTestInstance(TestContextManager.java:321) [spring-test-3.0.6.RELEASE.jar:3.0.6.RELEASE]
	at org.spockframework.spring.SpringTestContextManager.prepareTestInstance(SpringTestContextManager.java:49) [spock-spring-0.7-groovy-2.0.jar:na]
	at org.spockframework.spring.SpringInterceptor.interceptSetupMethod(SpringInterceptor.java:42) [spock-spring-0.7-groovy-2.0.jar:na]
	at org.spockframework.runtime.extension.AbstractMethodInterceptor.intercept(AbstractMethodInterceptor.java:28) [spock-core-0.7-groovy-2.0.jar:na]
	at org.spockframework.runtime.extension.MethodInvocation.proceed(MethodInvocation.java:84) [spock-core-0.7-groovy-2.0.jar:na]
	at org.spockframework.runtime.BaseSpecRunner.invoke(BaseSpecRunner.java:319) [spock-core-0.7-groovy-2.0.jar:na]
	at org.spockframework.runtime.BaseSpecRunner.invokeSetup(BaseSpecRunner.java:279) [spock-core-0.7-groovy-2.0.jar:na]
	at org.spockframework.runtime.BaseSpecRunner.doRunIteration(BaseSpecRunner.java:255) [spock-core-0.7-groovy-2.0.jar:na]
	at sun.reflect.GeneratedMethodAccessor5.invoke(Unknown Source) ~[na:na]
	at sun.reflect.DelegatingMethodAccessorImpl.invoke(DelegatingMethodAccessorImpl.java:25) ~[na:1.6.0_38]
	at java.lang.reflect.Method.invoke(Method.java:597) ~[na:1.6.0_38]
	at org.spockframework.util.ReflectionUtil.invokeMethod(ReflectionUtil.java:138) [spock-core-0.7-groovy-2.0.jar:na]
	at org.spockframework.runtime.BaseSpecRunner.invokeRaw(BaseSpecRunner.java:330) [spock-core-0.7-groovy-2.0.jar:na]
	at org.spockframework.runtime.BaseSpecRunner.invoke(BaseSpecRunner.java:311) [spock-core-0.7-groovy-2.0.jar:na]
	at org.spockframework.runtime.BaseSpecRunner.runIteration(BaseSpecRunner.java:223) [spock-core-0.7-groovy-2.0.jar:na]
	at org.spockframework.runtime.BaseSpecRunner.initializeAndRunIteration(BaseSpecRunner.java:214) [spock-core-0.7-groovy-2.0.jar:na]
	at org.spockframework.runtime.BaseSpecRunner.runSimpleFeature(BaseSpecRunner.java:205) [spock-core-0.7-groovy-2.0.jar:na]
	at org.spockframework.runtime.BaseSpecRunner.doRunFeature(BaseSpecRunner.java:199) [spock-core-0.7-groovy-2.0.jar:na]
	at sun.reflect.GeneratedMethodAccessor7.invoke(Unknown Source) ~[na:na]
	at sun.reflect.DelegatingMethodAccessorImpl.invoke(DelegatingMethodAccessorImpl.java:25) ~[na:1.6.0_38]
	at java.lang.reflect.Method.invoke(Method.java:597) ~[na:1.6.0_38]
	at org.spockframework.util.ReflectionUtil.invokeMethod(ReflectionUtil.java:138) [spock-core-0.7-groovy-2.0.jar:na]
	at org.spockframework.runtime.BaseSpecRunner.invokeRaw(BaseSpecRunner.java:330) [spock-core-0.7-groovy-2.0.jar:na]
	at org.spockframework.runtime.BaseSpecRunner.invoke(BaseSpecRunner.java:311) [spock-core-0.7-groovy-2.0.jar:na]
	at org.spockframework.runtime.BaseSpecRunner.runFeature(BaseSpecRunner.java:175) [spock-core-0.7-groovy-2.0.jar:na]
	at org.spockframework.runtime.BaseSpecRunner.runFeatures(BaseSpecRunner.java:152) [spock-core-0.7-groovy-2.0.jar:na]
	at org.spockframework.runtime.BaseSpecRunner.doRunSpec(BaseSpecRunner.java:112) [spock-core-0.7-groovy-2.0.jar:na]
	at sun.reflect.GeneratedMethodAccessor11.invoke(Unknown Source) ~[na:na]
	at sun.reflect.DelegatingMethodAccessorImpl.invoke(DelegatingMethodAccessorImpl.java:25) ~[na:1.6.0_38]
	at java.lang.reflect.Method.invoke(Method.java:597) ~[na:1.6.0_38]
	at org.spockframework.util.ReflectionUtil.invokeMethod(ReflectionUtil.java:138) [spock-core-0.7-groovy-2.0.jar:na]
	at org.spockframework.runtime.BaseSpecRunner.invokeRaw(BaseSpecRunner.java:330) [spock-core-0.7-groovy-2.0.jar:na]
	at org.spockframework.runtime.BaseSpecRunner.invoke(BaseSpecRunner.java:311) [spock-core-0.7-groovy-2.0.jar:na]
	at org.spockframework.runtime.BaseSpecRunner.runSpec(BaseSpecRunner.java:91) [spock-core-0.7-groovy-2.0.jar:na]
	at org.spockframework.runtime.BaseSpecRunner.run(BaseSpecRunner.java:82) [spock-core-0.7-groovy-2.0.jar:na]
	at org.spockframework.runtime.Sputnik.run(Sputnik.java:63) [spock-core-0.7-groovy-2.0.jar:na]
	at org.apache.maven.surefire.junit4.JUnit4TestSet.execute(JUnit4TestSet.java:53) [surefire-junit4-2.10.jar:2.10]
	at org.apache.maven.surefire.junit4.JUnit4Provider.executeTestSet(JUnit4Provider.java:123) [surefire-junit4-2.10.jar:2.10]
	at org.apache.maven.surefire.junit4.JUnit4Provider.invoke(JUnit4Provider.java:104) [surefire-junit4-2.10.jar:2.10]
	at sun.reflect.NativeMethodAccessorImpl.invoke0(Native Method) ~[na:1.6.0_38]
	at sun.reflect.NativeMethodAccessorImpl.invoke(NativeMethodAccessorImpl.java:39) ~[na:1.6.0_38]
	at sun.reflect.DelegatingMethodAccessorImpl.invoke(DelegatingMethodAccessorImpl.java:25) ~[na:1.6.0_38]
	at java.lang.reflect.Method.invoke(Method.java:597) ~[na:1.6.0_38]
	at org.apache.maven.surefire.util.ReflectionUtils.invokeMethodWithArray(ReflectionUtils.java:164) [surefire-api-2.10.jar:2.10]
	at org.apache.maven.surefire.booter.ProviderFactory$ProviderProxy.invoke(ProviderFactory.java:110) [surefire-booter-2.10.jar:2.10]
	at org.apache.maven.surefire.booter.SurefireStarter.invokeProvider(SurefireStarter.java:175) [surefire-booter-2.10.jar:2.10]
	at org.apache.maven.surefire.booter.SurefireStarter.runSuitesInProcessWhenForked(SurefireStarter.java:107) [surefire-booter-2.10.jar:2.10]
	at org.apache.maven.surefire.booter.ForkedBooter.main(ForkedBooter.java:68) [surefire-booter-2.10.jar:2.10]
22:04:31.790 [main] WARN  o.s.c.a.CommonAnnotationBeanPostProcessor - Invocation of destroy method failed on bean with name &apos;coreTicketSecondPassSyncJob&apos;: com.rackspace.search.exception.NotFoundException: Index is missing
22:04:31.796 [main] ERROR c.r.s.e.client.ElasticSearchClient - Index is missing
org.elasticsearch.indices.IndexMissingException: [admin] missing
	at org.elasticsearch.cluster.metadata.MetaData.concreteIndex(MetaData.java:616) ~[elasticsearch-0.90.2.jar:na]
	at org.elasticsearch.action.get.TransportGetAction.resolveRequest(TransportGetAction.java:90) ~[elasticsearch-0.90.2.jar:na]
	at org.elasticsearch.action.get.TransportGetAction.resolveRequest(TransportGetAction.java:42) ~[elasticsearch-0.90.2.jar:na]
	at org.elasticsearch.action.support.single.shard.TransportShardSingleOperationAction$AsyncSingleAction.&lt;init&gt;(TransportShardSingleOperationAction.java:114) ~[elasticsearch-0.90.2.jar:na]
	at org.elasticsearch.action.support.single.shard.TransportShardSingleOperationAction$AsyncSingleAction.&lt;init&gt;(TransportShardSingleOperationAction.java:94) ~[elasticsearch-0.90.2.jar:na]
	at org.elasticsearch.action.support.single.shard.TransportShardSingleOperationAction.doExecute(TransportShardSingleOperationAction.java:71) ~[elasticsearch-0.90.2.jar:na]
	at org.elasticsearch.action.support.single.shard.TransportShardSingleOperationAction.doExecute(TransportShardSingleOperationAction.java:46) ~[elasticsearch-0.90.2.jar:na]
	at org.elasticsearch.action.support.TransportAction.execute(TransportAction.java:61) ~[elasticsearch-0.90.2.jar:na]
	at org.elasticsearch.client.node.NodeClient.execute(NodeClient.java:92) ~[elasticsearch-0.90.2.jar:na]
	at org.elasticsearch.client.support.AbstractClient.get(AbstractClient.java:179) ~[elasticsearch-0.90.2.jar:na]
	at org.elasticsearch.action.get.GetRequestBuilder.doExecute(GetRequestBuilder.java:112) ~[elasticsearch-0.90.2.jar:na]
	at org.elasticsearch.action.ActionRequestBuilder.execute(ActionRequestBuilder.java:62) ~[elasticsearch-0.90.2.jar:na]
	at org.elasticsearch.action.ActionRequestBuilder.execute(ActionRequestBuilder.java:57) ~[elasticsearch-0.90.2.jar:na]
	at org.elasticsearch.action.ActionRequestBuilder$execute.call(Unknown Source) ~[na:na]
	at com.rackspace.search.elasticsearch.client.ElasticSearchClient.getDocument(ElasticSearchClient.groovy:209) ~[classes/:na]
	at com.rackspace.search.elasticsearch.client.ElasticSearchClient$getDocument.call(Unknown Source) [classes/:na]
	at com.rackspace.search.service.JobService.getJob(JobService.groovy:56) [classes/:na]
	at com.rackspace.search.service.JobService$getJob$0.callCurrent(Unknown Source) [classes/:na]
	at com.rackspace.search.service.JobService.getJob(JobService.groovy:52) [classes/:na]
	at com.rackspace.search.service.JobService$getJob.call(Unknown Source) [classes/:na]
	at com.rackspace.search.service.admin.CoreTicketOndemandSyncJob.windupActivities(CoreTicketOndemandSyncJob.groovy:91) [classes/:na]
	at sun.reflect.NativeMethodAccessorImpl.invoke0(Native Method) ~[na:1.6.0_38]
	at sun.reflect.NativeMethodAccessorImpl.invoke(NativeMethodAccessorImpl.java:39) ~[na:1.6.0_38]
	at sun.reflect.DelegatingMethodAccessorImpl.invoke(DelegatingMethodAccessorImpl.java:25) ~[na:1.6.0_38]
	at java.lang.reflect.Method.invoke(Method.java:597) ~[na:1.6.0_38]
	at org.springframework.beans.factory.annotation.InitDestroyAnnotationBeanPostProcessor$LifecycleElement.invoke(InitDestroyAnnotationBeanPostProcessor.java:340) [spring-beans-3.0.6.RELEASE.jar:3.0.6.RELEASE]
	at org.springframework.beans.factory.annotation.InitDestroyAnnotationBeanPostProcessor$LifecycleMetadata.invokeDestroyMethods(InitDestroyAnnotationBeanPostProcessor.java:305) [spring-beans-3.0.6.RELEASE.jar:3.0.6.RELEASE]
	at org.springframework.beans.factory.annotation.InitDestroyAnnotationBeanPostProcessor.postProcessBeforeDestruction(InitDestroyAnnotationBeanPostProcessor.java:148) [spring-beans-3.0.6.RELEASE.jar:3.0.6.RELEASE]
	at org.springframework.beans.factory.support.DisposableBeanAdapter.destroy(DisposableBeanAdapter.java:166) [spring-beans-3.0.6.RELEASE.jar:3.0.6.RELEASE]
	at org.springframework.beans.factory.support.DefaultSingletonBeanRegistry.destroyBean(DefaultSingletonBeanRegistry.java:487) [spring-beans-3.0.6.RELEASE.jar:3.0.6.RELEASE]
	at org.springframework.beans.factory.support.DefaultSingletonBeanRegistry.destroySingleton(DefaultSingletonBeanRegistry.java:463) [spring-beans-3.0.6.RELEASE.jar:3.0.6.RELEASE]
	at org.springframework.beans.factory.support.DefaultSingletonBeanRegistry.destroySingletons(DefaultSingletonBeanRegistry.java:431) [spring-beans-3.0.6.RELEASE.jar:3.0.6.RELEASE]
	at org.springframework.context.support.AbstractApplicationContext.destroyBeans(AbstractApplicationContext.java:1048) [spring-context-3.0.6.RELEASE.jar:3.0.6.RELEASE]
	at org.springframework.context.support.AbstractApplicationContext.refresh(AbstractApplicationContext.java:433) [spring-context-3.0.6.RELEASE.jar:3.0.6.RELEASE]
	at org.springframework.test.context.support.AbstractGenericContextLoader.loadContext(AbstractGenericContextLoader.java:84) [spring-test-3.0.6.RELEASE.jar:3.0.6.RELEASE]
	at org.springframework.test.context.support.AbstractGenericContextLoader.loadContext(AbstractGenericContextLoader.java:1) [spring-test-3.0.6.RELEASE.jar:3.0.6.RELEASE]
	at org.springframework.test.context.TestContext.loadApplicationContext(TestContext.java:280) [spring-test-3.0.6.RELEASE.jar:3.0.6.RELEASE]
	at org.springframework.test.context.TestContext.getApplicationContext(TestContext.java:304) [spring-test-3.0.6.RELEASE.jar:3.0.6.RELEASE]
	at org.springframework.test.context.support.DependencyInjectionTestExecutionListener.injectDependencies(DependencyInjectionTestExecutionListener.java:109) [spring-test-3.0.6.RELEASE.jar:3.0.6.RELEASE]
	at org.springframework.test.context.support.DependencyInjectionTestExecutionListener.prepareTestInstance(DependencyInjectionTestExecutionListener.java:75) [spring-test-3.0.6.RELEASE.jar:3.0.6.RELEASE]
	at org.springframework.test.context.TestContextManager.prepareTestInstance(TestContextManager.java:321) [spring-test-3.0.6.RELEASE.jar:3.0.6.RELEASE]
	at org.spockframework.spring.SpringTestContextManager.prepareTestInstance(SpringTestContextManager.java:49) [spock-spring-0.7-groovy-2.0.jar:na]
	at org.spockframework.spring.SpringInterceptor.interceptSetupMethod(SpringInterceptor.java:42) [spock-spring-0.7-groovy-2.0.jar:na]
	at org.spockframework.runtime.extension.AbstractMethodInterceptor.intercept(AbstractMethodInterceptor.java:28) [spock-core-0.7-groovy-2.0.jar:na]
	at org.spockframework.runtime.extension.MethodInvocation.proceed(MethodInvocation.java:84) [spock-core-0.7-groovy-2.0.jar:na]
	at org.spockframework.runtime.BaseSpecRunner.invoke(BaseSpecRunner.java:319) [spock-core-0.7-groovy-2.0.jar:na]
	at org.spockframework.runtime.BaseSpecRunner.invokeSetup(BaseSpecRunner.java:279) [spock-core-0.7-groovy-2.0.jar:na]
	at org.spockframework.runtime.BaseSpecRunner.doRunIteration(BaseSpecRunner.java:255) [spock-core-0.7-groovy-2.0.jar:na]
	at sun.reflect.GeneratedMethodAccessor5.invoke(Unknown Source) ~[na:na]
	at sun.reflect.DelegatingMethodAccessorImpl.invoke(DelegatingMethodAccessorImpl.java:25) ~[na:1.6.0_38]
	at java.lang.reflect.Method.invoke(Method.java:597) ~[na:1.6.0_38]
	at org.spockframework.util.ReflectionUtil.invokeMethod(ReflectionUtil.java:138) [spock-core-0.7-groovy-2.0.jar:na]
	at org.spockframework.runtime.BaseSpecRunner.invokeRaw(BaseSpecRunner.java:330) [spock-core-0.7-groovy-2.0.jar:na]
	at org.spockframework.runtime.BaseSpecRunner.invoke(BaseSpecRunner.java:311) [spock-core-0.7-groovy-2.0.jar:na]
	at org.spockframework.runtime.BaseSpecRunner.runIteration(BaseSpecRunner.java:223) [spock-core-0.7-groovy-2.0.jar:na]
	at org.spockframework.runtime.BaseSpecRunner.initializeAndRunIteration(BaseSpecRunner.java:214) [spock-core-0.7-groovy-2.0.jar:na]
	at org.spockframework.runtime.BaseSpecRunner.runSimpleFeature(BaseSpecRunner.java:205) [spock-core-0.7-groovy-2.0.jar:na]
	at org.spockframework.runtime.BaseSpecRunner.doRunFeature(BaseSpecRunner.java:199) [spock-core-0.7-groovy-2.0.jar:na]
	at sun.reflect.GeneratedMethodAccessor7.invoke(Unknown Source) ~[na:na]
	at sun.reflect.DelegatingMethodAccessorImpl.invoke(DelegatingMethodAccessorImpl.java:25) ~[na:1.6.0_38]
	at java.lang.reflect.Method.invoke(Method.java:597) ~[na:1.6.0_38]
	at org.spockframework.util.ReflectionUtil.invokeMethod(ReflectionUtil.java:138) [spock-core-0.7-groovy-2.0.jar:na]
	at org.spockframework.runtime.BaseSpecRunner.invokeRaw(BaseSpecRunner.java:330) [spock-core-0.7-groovy-2.0.jar:na]
	at org.spockframework.runtime.BaseSpecRunner.invoke(BaseSpecRunner.java:311) [spock-core-0.7-groovy-2.0.jar:na]
	at org.spockframework.runtime.BaseSpecRunner.runFeature(BaseSpecRunner.java:175) [spock-core-0.7-groovy-2.0.jar:na]
	at org.spockframework.runtime.BaseSpecRunner.runFeatures(BaseSpecRunner.java:152) [spock-core-0.7-groovy-2.0.jar:na]
	at org.spockframework.runtime.BaseSpecRunner.doRunSpec(BaseSpecRunner.java:112) [spock-core-0.7-groovy-2.0.jar:na]
	at sun.reflect.GeneratedMethodAccessor11.invoke(Unknown Source) ~[na:na]
	at sun.reflect.DelegatingMethodAccessorImpl.invoke(DelegatingMethodAccessorImpl.java:25) ~[na:1.6.0_38]
	at java.lang.reflect.Method.invoke(Method.java:597) ~[na:1.6.0_38]
	at org.spockframework.util.ReflectionUtil.invokeMethod(ReflectionUtil.java:138) [spock-core-0.7-groovy-2.0.jar:na]
	at org.spockframework.runtime.BaseSpecRunner.invokeRaw(BaseSpecRunner.java:330) [spock-core-0.7-groovy-2.0.jar:na]
	at org.spockframework.runtime.BaseSpecRunner.invoke(BaseSpecRunner.java:311) [spock-core-0.7-groovy-2.0.jar:na]
	at org.spockframework.runtime.BaseSpecRunner.runSpec(BaseSpecRunner.java:91) [spock-core-0.7-groovy-2.0.jar:na]
	at org.spockframework.runtime.BaseSpecRunner.run(BaseSpecRunner.java:82) [spock-core-0.7-groovy-2.0.jar:na]
	at org.spockframework.runtime.Sputnik.run(Sputnik.java:63) [spock-core-0.7-groovy-2.0.jar:na]
	at org.apache.maven.surefire.junit4.JUnit4TestSet.execute(JUnit4TestSet.java:53) [surefire-junit4-2.10.jar:2.10]
	at org.apache.maven.surefire.junit4.JUnit4Provider.executeTestSet(JUnit4Provider.java:123) [surefire-junit4-2.10.jar:2.10]
	at org.apache.maven.surefire.junit4.JUnit4Provider.invoke(JUnit4Provider.java:104) [surefire-junit4-2.10.jar:2.10]
	at sun.reflect.NativeMethodAccessorImpl.invoke0(Native Method) ~[na:1.6.0_38]
	at sun.reflect.NativeMethodAccessorImpl.invoke(NativeMethodAccessorImpl.java:39) ~[na:1.6.0_38]
	at sun.reflect.DelegatingMethodAccessorImpl.invoke(DelegatingMethodAccessorImpl.java:25) ~[na:1.6.0_38]
	at java.lang.reflect.Method.invoke(Method.java:597) ~[na:1.6.0_38]
	at org.apache.maven.surefire.util.ReflectionUtils.invokeMethodWithArray(ReflectionUtils.java:164) [surefire-api-2.10.jar:2.10]
	at org.apache.maven.surefire.booter.ProviderFactory$ProviderProxy.invoke(ProviderFactory.java:110) [surefire-booter-2.10.jar:2.10]
	at org.apache.maven.surefire.booter.SurefireStarter.invokeProvider(SurefireStarter.java:175) [surefire-booter-2.10.jar:2.10]
	at org.apache.maven.surefire.booter.SurefireStarter.runSuitesInProcessWhenForked(SurefireStarter.java:107) [surefire-booter-2.10.jar:2.10]
	at org.apache.maven.surefire.booter.ForkedBooter.main(ForkedBooter.java:68) [surefire-booter-2.10.jar:2.10]
22:04:31.812 [main] WARN  o.s.c.a.CommonAnnotationBeanPostProcessor - Invocation of destroy method failed on bean with name &apos;coreTicketOndemandSyncJob&apos;: com.rackspace.search.exception.NotFoundException: Index is missing
22:04:31.818 [main] ERROR c.r.s.e.client.ElasticSearchClient - Index is missing
org.elasticsearch.indices.IndexMissingException: [admin] missing
	at org.elasticsearch.cluster.metadata.MetaData.concreteIndex(MetaData.java:616) ~[elasticsearch-0.90.2.jar:na]
	at org.elasticsearch.action.get.TransportGetAction.resolveRequest(TransportGetAction.java:90) ~[elasticsearch-0.90.2.jar:na]
	at org.elasticsearch.action.get.TransportGetAction.resolveRequest(TransportGetAction.java:42) ~[elasticsearch-0.90.2.jar:na]
	at org.elasticsearch.action.support.single.shard.TransportShardSingleOperationAction$AsyncSingleAction.&lt;init&gt;(TransportShardSingleOperationAction.java:114) ~[elasticsearch-0.90.2.jar:na]
	at org.elasticsearch.action.support.single.shard.TransportShardSingleOperationAction$AsyncSingleAction.&lt;init&gt;(TransportShardSingleOperationAction.java:94) ~[elasticsearch-0.90.2.jar:na]
	at org.elasticsearch.action.support.single.shard.TransportShardSingleOperationAction.doExecute(TransportShardSingleOperationAction.java:71) ~[elasticsearch-0.90.2.jar:na]
	at org.elasticsearch.action.support.single.shard.TransportShardSingleOperationAction.doExecute(TransportShardSingleOperationAction.java:46) ~[elasticsearch-0.90.2.jar:na]
	at org.elasticsearch.action.support.TransportAction.execute(TransportAction.java:61) ~[elasticsearch-0.90.2.jar:na]
	at org.elasticsearch.client.node.NodeClient.execute(NodeClient.java:92) ~[elasticsearch-0.90.2.jar:na]
	at org.elasticsearch.client.support.AbstractClient.get(AbstractClient.java:179) ~[elasticsearch-0.90.2.jar:na]
	at org.elasticsearch.action.get.GetRequestBuilder.doExecute(GetRequestBuilder.java:112) ~[elasticsearch-0.90.2.jar:na]
	at org.elasticsearch.action.ActionRequestBuilder.execute(ActionRequestBuilder.java:62) ~[elasticsearch-0.90.2.jar:na]
	at org.elasticsearch.action.ActionRequestBuilder.execute(ActionRequestBuilder.java:57) ~[elasticsearch-0.90.2.jar:na]
	at org.elasticsearch.action.ActionRequestBuilder$execute.call(Unknown Source) ~[na:na]
	at com.rackspace.search.elasticsearch.client.ElasticSearchClient.getDocument(ElasticSearchClient.groovy:209) ~[classes/:na]
	at com.rackspace.search.elasticsearch.client.ElasticSearchClient$getDocument.call(Unknown Source) [classes/:na]
	at com.rackspace.search.service.JobService.getJob(JobService.groovy:56) [classes/:na]
	at com.rackspace.search.service.JobService$getJob$0.callCurrent(Unknown Source) [classes/:na]
	at com.rackspace.search.service.JobService.getJob(JobService.groovy:52) [classes/:na]
	at com.rackspace.search.service.JobService$getJob.call(Unknown Source) [classes/:na]
	at com.rackspace.search.service.account.AccountOngoingSyncJob.windupActivities(AccountOngoingSyncJob.groovy:89) [classes/:na]
	at sun.reflect.NativeMethodAccessorImpl.invoke0(Native Method) ~[na:1.6.0_38]
	at sun.reflect.NativeMethodAccessorImpl.invoke(NativeMethodAccessorImpl.java:39) ~[na:1.6.0_38]
	at sun.reflect.DelegatingMethodAccessorImpl.invoke(DelegatingMethodAccessorImpl.java:25) ~[na:1.6.0_38]
	at java.lang.reflect.Method.invoke(Method.java:597) ~[na:1.6.0_38]
	at org.springframework.beans.factory.annotation.InitDestroyAnnotationBeanPostProcessor$LifecycleElement.invoke(InitDestroyAnnotationBeanPostProcessor.java:340) [spring-beans-3.0.6.RELEASE.jar:3.0.6.RELEASE]
	at org.springframework.beans.factory.annotation.InitDestroyAnnotationBeanPostProcessor$LifecycleMetadata.invokeDestroyMethods(InitDestroyAnnotationBeanPostProcessor.java:305) [spring-beans-3.0.6.RELEASE.jar:3.0.6.RELEASE]
	at org.springframework.beans.factory.annotation.InitDestroyAnnotationBeanPostProcessor.postProcessBeforeDestruction(InitDestroyAnnotationBeanPostProcessor.java:148) [spring-beans-3.0.6.RELEASE.jar:3.0.6.RELEASE]
	at org.springframework.beans.factory.support.DisposableBeanAdapter.destroy(DisposableBeanAdapter.java:166) [spring-beans-3.0.6.RELEASE.jar:3.0.6.RELEASE]
	at org.springframework.beans.factory.support.DefaultSingletonBeanRegistry.destroyBean(DefaultSingletonBeanRegistry.java:487) [spring-beans-3.0.6.RELEASE.jar:3.0.6.RELEASE]
	at org.springframework.beans.factory.support.DefaultSingletonBeanRegistry.destroySingleton(DefaultSingletonBeanRegistry.java:463) [spring-beans-3.0.6.RELEASE.jar:3.0.6.RELEASE]
	at org.springframework.beans.factory.support.DefaultSingletonBeanRegistry.destroySingletons(DefaultSingletonBeanRegistry.java:431) [spring-beans-3.0.6.RELEASE.jar:3.0.6.RELEASE]
	at org.springframework.context.support.AbstractApplicationContext.destroyBeans(AbstractApplicationContext.java:1048) [spring-context-3.0.6.RELEASE.jar:3.0.6.RELEASE]
	at org.springframework.context.support.AbstractApplicationContext.refresh(AbstractApplicationContext.java:433) [spring-context-3.0.6.RELEASE.jar:3.0.6.RELEASE]
	at org.springframework.test.context.support.AbstractGenericContextLoader.loadContext(AbstractGenericContextLoader.java:84) [spring-test-3.0.6.RELEASE.jar:3.0.6.RELEASE]
	at org.springframework.test.context.support.AbstractGenericContextLoader.loadContext(AbstractGenericContextLoader.java:1) [spring-test-3.0.6.RELEASE.jar:3.0.6.RELEASE]
	at org.springframework.test.context.TestContext.loadApplicationContext(TestContext.java:280) [spring-test-3.0.6.RELEASE.jar:3.0.6.RELEASE]
	at org.springframework.test.context.TestContext.getApplicationContext(TestContext.java:304) [spring-test-3.0.6.RELEASE.jar:3.0.6.RELEASE]
	at org.springframework.test.context.support.DependencyInjectionTestExecutionListener.injectDependencies(DependencyInjectionTestExecutionListener.java:109) [spring-test-3.0.6.RELEASE.jar:3.0.6.RELEASE]
	at org.springframework.test.context.support.DependencyInjectionTestExecutionListener.prepareTestInstance(DependencyInjectionTestExecutionListener.java:75) [spring-test-3.0.6.RELEASE.jar:3.0.6.RELEASE]
	at org.springframework.test.context.TestContextManager.prepareTestInstance(TestContextManager.java:321) [spring-test-3.0.6.RELEASE.jar:3.0.6.RELEASE]
	at org.spockframework.spring.SpringTestContextManager.prepareTestInstance(SpringTestContextManager.java:49) [spock-spring-0.7-groovy-2.0.jar:na]
	at org.spockframework.spring.SpringInterceptor.interceptSetupMethod(SpringInterceptor.java:42) [spock-spring-0.7-groovy-2.0.jar:na]
	at org.spockframework.runtime.extension.AbstractMethodInterceptor.intercept(AbstractMethodInterceptor.java:28) [spock-core-0.7-groovy-2.0.jar:na]
	at org.spockframework.runtime.extension.MethodInvocation.proceed(MethodInvocation.java:84) [spock-core-0.7-groovy-2.0.jar:na]
	at org.spockframework.runtime.BaseSpecRunner.invoke(BaseSpecRunner.java:319) [spock-core-0.7-groovy-2.0.jar:na]
	at org.spockframework.runtime.BaseSpecRunner.invokeSetup(BaseSpecRunner.java:279) [spock-core-0.7-groovy-2.0.jar:na]
	at org.spockframework.runtime.BaseSpecRunner.doRunIteration(BaseSpecRunner.java:255) [spock-core-0.7-groovy-2.0.jar:na]
	at sun.reflect.GeneratedMethodAccessor5.invoke(Unknown Source) ~[na:na]
	at sun.reflect.DelegatingMethodAccessorImpl.invoke(DelegatingMethodAccessorImpl.java:25) ~[na:1.6.0_38]
	at java.lang.reflect.Method.invoke(Method.java:597) ~[na:1.6.0_38]
	at org.spockframework.util.ReflectionUtil.invokeMethod(ReflectionUtil.java:138) [spock-core-0.7-groovy-2.0.jar:na]
	at org.spockframework.runtime.BaseSpecRunner.invokeRaw(BaseSpecRunner.java:330) [spock-core-0.7-groovy-2.0.jar:na]
	at org.spockframework.runtime.BaseSpecRunner.invoke(BaseSpecRunner.java:311) [spock-core-0.7-groovy-2.0.jar:na]
	at org.spockframework.runtime.BaseSpecRunner.runIteration(BaseSpecRunner.java:223) [spock-core-0.7-groovy-2.0.jar:na]
	at org.spockframework.runtime.BaseSpecRunner.initializeAndRunIteration(BaseSpecRunner.java:214) [spock-core-0.7-groovy-2.0.jar:na]
	at org.spockframework.runtime.BaseSpecRunner.runSimpleFeature(BaseSpecRunner.java:205) [spock-core-0.7-groovy-2.0.jar:na]
	at org.spockframework.runtime.BaseSpecRunner.doRunFeature(BaseSpecRunner.java:199) [spock-core-0.7-groovy-2.0.jar:na]
	at sun.reflect.GeneratedMethodAccessor7.invoke(Unknown Source) ~[na:na]
	at sun.reflect.DelegatingMethodAccessorImpl.invoke(DelegatingMethodAccessorImpl.java:25) ~[na:1.6.0_38]
	at java.lang.reflect.Method.invoke(Method.java:597) ~[na:1.6.0_38]
	at org.spockframework.util.ReflectionUtil.invokeMethod(ReflectionUtil.java:138) [spock-core-0.7-groovy-2.0.jar:na]
	at org.spockframework.runtime.BaseSpecRunner.invokeRaw(BaseSpecRunner.java:330) [spock-core-0.7-groovy-2.0.jar:na]
	at org.spockframework.runtime.BaseSpecRunner.invoke(BaseSpecRunner.java:311) [spock-core-0.7-groovy-2.0.jar:na]
	at org.spockframework.runtime.BaseSpecRunner.runFeature(BaseSpecRunner.java:175) [spock-core-0.7-groovy-2.0.jar:na]
	at org.spockframework.runtime.BaseSpecRunner.runFeatures(BaseSpecRunner.java:152) [spock-core-0.7-groovy-2.0.jar:na]
	at org.spockframework.runtime.BaseSpecRunner.doRunSpec(BaseSpecRunner.java:112) [spock-core-0.7-groovy-2.0.jar:na]
	at sun.reflect.GeneratedMethodAccessor11.invoke(Unknown Source) ~[na:na]
	at sun.reflect.DelegatingMethodAccessorImpl.invoke(DelegatingMethodAccessorImpl.java:25) ~[na:1.6.0_38]
	at java.lang.reflect.Method.invoke(Method.java:597) ~[na:1.6.0_38]
	at org.spockframework.util.ReflectionUtil.invokeMethod(ReflectionUtil.java:138) [spock-core-0.7-groovy-2.0.jar:na]
	at org.spockframework.runtime.BaseSpecRunner.invokeRaw(BaseSpecRunner.java:330) [spock-core-0.7-groovy-2.0.jar:na]
	at org.spockframework.runtime.BaseSpecRunner.invoke(BaseSpecRunner.java:311) [spock-core-0.7-groovy-2.0.jar:na]
	at org.spockframework.runtime.BaseSpecRunner.runSpec(BaseSpecRunner.java:91) [spock-core-0.7-groovy-2.0.jar:na]
	at org.spockframework.runtime.BaseSpecRunner.run(BaseSpecRunner.java:82) [spock-core-0.7-groovy-2.0.jar:na]
	at org.spockframework.runtime.Sputnik.run(Sputnik.java:63) [spock-core-0.7-groovy-2.0.jar:na]
	at org.apache.maven.surefire.junit4.JUnit4TestSet.execute(JUnit4TestSet.java:53) [surefire-junit4-2.10.jar:2.10]
	at org.apache.maven.surefire.junit4.JUnit4Provider.executeTestSet(JUnit4Provider.java:123) [surefire-junit4-2.10.jar:2.10]
	at org.apache.maven.surefire.junit4.JUnit4Provider.invoke(JUnit4Provider.java:104) [surefire-junit4-2.10.jar:2.10]
	at sun.reflect.NativeMethodAccessorImpl.invoke0(Native Method) ~[na:1.6.0_38]
	at sun.reflect.NativeMethodAccessorImpl.invoke(NativeMethodAccessorImpl.java:39) ~[na:1.6.0_38]
	at sun.reflect.DelegatingMethodAccessorImpl.invoke(DelegatingMethodAccessorImpl.java:25) ~[na:1.6.0_38]
	at java.lang.reflect.Method.invoke(Method.java:597) ~[na:1.6.0_38]
	at org.apache.maven.surefire.util.ReflectionUtils.invokeMethodWithArray(ReflectionUtils.java:164) [surefire-api-2.10.jar:2.10]
	at org.apache.maven.surefire.booter.ProviderFactory$ProviderProxy.invoke(ProviderFactory.java:110) [surefire-booter-2.10.jar:2.10]
	at org.apache.maven.surefire.booter.SurefireStarter.invokeProvider(SurefireStarter.java:175) [surefire-booter-2.10.jar:2.10]
	at org.apache.maven.surefire.booter.SurefireStarter.runSuitesInProcessWhenForked(SurefireStarter.java:107) [surefire-booter-2.10.jar:2.10]
	at org.apache.maven.surefire.booter.ForkedBooter.main(ForkedBooter.java:68) [surefire-booter-2.10.jar:2.10]
22:04:31.835 [main] WARN  o.s.c.a.CommonAnnotationBeanPostProcessor - Invocation of destroy method failed on bean with name &apos;accountOngoingSyncJob&apos;: com.rackspace.search.exception.NotFoundException: Index is missing
22:04:31.841 [main] ERROR c.r.s.e.client.ElasticSearchClient - Index is missing
org.elasticsearch.indices.IndexMissingException: [admin] missing
	at org.elasticsearch.cluster.metadata.MetaData.concreteIndex(MetaData.java:616) ~[elasticsearch-0.90.2.jar:na]
	at org.elasticsearch.action.get.TransportGetAction.resolveRequest(TransportGetAction.java:90) ~[elasticsearch-0.90.2.jar:na]
	at org.elasticsearch.action.get.TransportGetAction.resolveRequest(TransportGetAction.java:42) ~[elasticsearch-0.90.2.jar:na]
	at org.elasticsearch.action.support.single.shard.TransportShardSingleOperationAction$AsyncSingleAction.&lt;init&gt;(TransportShardSingleOperationAction.java:114) ~[elasticsearch-0.90.2.jar:na]
	at org.elasticsearch.action.support.single.shard.TransportShardSingleOperationAction$AsyncSingleAction.&lt;init&gt;(TransportShardSingleOperationAction.java:94) ~[elasticsearch-0.90.2.jar:na]
	at org.elasticsearch.action.support.single.shard.TransportShardSingleOperationAction.doExecute(TransportShardSingleOperationAction.java:71) ~[elasticsearch-0.90.2.jar:na]
	at org.elasticsearch.action.support.single.shard.TransportShardSingleOperationAction.doExecute(TransportShardSingleOperationAction.java:46) ~[elasticsearch-0.90.2.jar:na]
	at org.elasticsearch.action.support.TransportAction.execute(TransportAction.java:61) ~[elasticsearch-0.90.2.jar:na]
	at org.elasticsearch.client.node.NodeClient.execute(NodeClient.java:92) ~[elasticsearch-0.90.2.jar:na]
	at org.elasticsearch.client.support.AbstractClient.get(AbstractClient.java:179) ~[elasticsearch-0.90.2.jar:na]
	at org.elasticsearch.action.get.GetRequestBuilder.doExecute(GetRequestBuilder.java:112) ~[elasticsearch-0.90.2.jar:na]
	at org.elasticsearch.action.ActionRequestBuilder.execute(ActionRequestBuilder.java:62) ~[elasticsearch-0.90.2.jar:na]
	at org.elasticsearch.action.ActionRequestBuilder.execute(ActionRequestBuilder.java:57) ~[elasticsearch-0.90.2.jar:na]
	at org.elasticsearch.action.ActionRequestBuilder$execute.call(Unknown Source) ~[na:na]
	at com.rackspace.search.elasticsearch.client.ElasticSearchClient.getDocument(ElasticSearchClient.groovy:209) ~[classes/:na]
	at com.rackspace.search.elasticsearch.client.ElasticSearchClient$getDocument.call(Unknown Source) [classes/:na]
	at com.rackspace.search.service.JobService.getJob(JobService.groovy:56) [classes/:na]
	at com.rackspace.search.service.JobService$getJob$0.callCurrent(Unknown Source) [classes/:na]
	at com.rackspace.search.service.JobService.getJob(JobService.groovy:52) [classes/:na]
	at com.rackspace.search.service.JobService$getJob.call(Unknown Source) [classes/:na]
	at com.rackspace.search.service.account.AccountOnetimeSyncJob.windupActivities(AccountOneTimeSyncJob.groovy:39) [classes/:na]
	at sun.reflect.NativeMethodAccessorImpl.invoke0(Native Method) ~[na:1.6.0_38]
	at sun.reflect.NativeMethodAccessorImpl.invoke(NativeMethodAccessorImpl.java:39) ~[na:1.6.0_38]
	at sun.reflect.DelegatingMethodAccessorImpl.invoke(DelegatingMethodAccessorImpl.java:25) ~[na:1.6.0_38]
	at java.lang.reflect.Method.invoke(Method.java:597) ~[na:1.6.0_38]
	at org.springframework.beans.factory.annotation.InitDestroyAnnotationBeanPostProcessor$LifecycleElement.invoke(InitDestroyAnnotationBeanPostProcessor.java:340) [spring-beans-3.0.6.RELEASE.jar:3.0.6.RELEASE]
	at org.springframework.beans.factory.annotation.InitDestroyAnnotationBeanPostProcessor$LifecycleMetadata.invokeDestroyMethods(InitDestroyAnnotationBeanPostProcessor.java:305) [spring-beans-3.0.6.RELEASE.jar:3.0.6.RELEASE]
	at org.springframework.beans.factory.annotation.InitDestroyAnnotationBeanPostProcessor.postProcessBeforeDestruction(InitDestroyAnnotationBeanPostProcessor.java:148) [spring-beans-3.0.6.RELEASE.jar:3.0.6.RELEASE]
	at org.springframework.beans.factory.support.DisposableBeanAdapter.destroy(DisposableBeanAdapter.java:166) [spring-beans-3.0.6.RELEASE.jar:3.0.6.RELEASE]
	at org.springframework.beans.factory.support.DefaultSingletonBeanRegistry.destroyBean(DefaultSingletonBeanRegistry.java:487) [spring-beans-3.0.6.RELEASE.jar:3.0.6.RELEASE]
	at org.springframework.beans.factory.support.DefaultSingletonBeanRegistry.destroySingleton(DefaultSingletonBeanRegistry.java:463) [spring-beans-3.0.6.RELEASE.jar:3.0.6.RELEASE]
	at org.springframework.beans.factory.support.DefaultSingletonBeanRegistry.destroySingletons(DefaultSingletonBeanRegistry.java:431) [spring-beans-3.0.6.RELEASE.jar:3.0.6.RELEASE]
	at org.springframework.context.support.AbstractApplicationContext.destroyBeans(AbstractApplicationContext.java:1048) [spring-context-3.0.6.RELEASE.jar:3.0.6.RELEASE]
	at org.springframework.context.support.AbstractApplicationContext.refresh(AbstractApplicationContext.java:433) [spring-context-3.0.6.RELEASE.jar:3.0.6.RELEASE]
	at org.springframework.test.context.support.AbstractGenericContextLoader.loadContext(AbstractGenericContextLoader.java:84) [spring-test-3.0.6.RELEASE.jar:3.0.6.RELEASE]
	at org.springframework.test.context.support.AbstractGenericContextLoader.loadContext(AbstractGenericContextLoader.java:1) [spring-test-3.0.6.RELEASE.jar:3.0.6.RELEASE]
	at org.springframework.test.context.TestContext.loadApplicationContext(TestContext.java:280) [spring-test-3.0.6.RELEASE.jar:3.0.6.RELEASE]
	at org.springframework.test.context.TestContext.getApplicationContext(TestContext.java:304) [spring-test-3.0.6.RELEASE.jar:3.0.6.RELEASE]
	at org.springframework.test.context.support.DependencyInjectionTestExecutionListener.injectDependencies(DependencyInjectionTestExecutionListener.java:109) [spring-test-3.0.6.RELEASE.jar:3.0.6.RELEASE]
	at org.springframework.test.context.support.DependencyInjectionTestExecutionListener.prepareTestInstance(DependencyInjectionTestExecutionListener.java:75) [spring-test-3.0.6.RELEASE.jar:3.0.6.RELEASE]
	at org.springframework.test.context.TestContextManager.prepareTestInstance(TestContextManager.java:321) [spring-test-3.0.6.RELEASE.jar:3.0.6.RELEASE]
	at org.spockframework.spring.SpringTestContextManager.prepareTestInstance(SpringTestContextManager.java:49) [spock-spring-0.7-groovy-2.0.jar:na]
	at org.spockframework.spring.SpringInterceptor.interceptSetupMethod(SpringInterceptor.java:42) [spock-spring-0.7-groovy-2.0.jar:na]
	at org.spockframework.runtime.extension.AbstractMethodInterceptor.intercept(AbstractMethodInterceptor.java:28) [spock-core-0.7-groovy-2.0.jar:na]
	at org.spockframework.runtime.extension.MethodInvocation.proceed(MethodInvocation.java:84) [spock-core-0.7-groovy-2.0.jar:na]
	at org.spockframework.runtime.BaseSpecRunner.invoke(BaseSpecRunner.java:319) [spock-core-0.7-groovy-2.0.jar:na]
	at org.spockframework.runtime.BaseSpecRunner.invokeSetup(BaseSpecRunner.java:279) [spock-core-0.7-groovy-2.0.jar:na]
	at org.spockframework.runtime.BaseSpecRunner.doRunIteration(BaseSpecRunner.java:255) [spock-core-0.7-groovy-2.0.jar:na]
	at sun.reflect.GeneratedMethodAccessor5.invoke(Unknown Source) ~[na:na]
	at sun.reflect.DelegatingMethodAccessorImpl.invoke(DelegatingMethodAccessorImpl.java:25) ~[na:1.6.0_38]
	at java.lang.reflect.Method.invoke(Method.java:597) ~[na:1.6.0_38]
	at org.spockframework.util.ReflectionUtil.invokeMethod(ReflectionUtil.java:138) [spock-core-0.7-groovy-2.0.jar:na]
	at org.spockframework.runtime.BaseSpecRunner.invokeRaw(BaseSpecRunner.java:330) [spock-core-0.7-groovy-2.0.jar:na]
	at org.spockframework.runtime.BaseSpecRunner.invoke(BaseSpecRunner.java:311) [spock-core-0.7-groovy-2.0.jar:na]
	at org.spockframework.runtime.BaseSpecRunner.runIteration(BaseSpecRunner.java:223) [spock-core-0.7-groovy-2.0.jar:na]
	at org.spockframework.runtime.BaseSpecRunner.initializeAndRunIteration(BaseSpecRunner.java:214) [spock-core-0.7-groovy-2.0.jar:na]
	at org.spockframework.runtime.BaseSpecRunner.runSimpleFeature(BaseSpecRunner.java:205) [spock-core-0.7-groovy-2.0.jar:na]
	at org.spockframework.runtime.BaseSpecRunner.doRunFeature(BaseSpecRunner.java:199) [spock-core-0.7-groovy-2.0.jar:na]
	at sun.reflect.GeneratedMethodAccessor7.invoke(Unknown Source) ~[na:na]
	at sun.reflect.DelegatingMethodAccessorImpl.invoke(DelegatingMethodAccessorImpl.java:25) ~[na:1.6.0_38]
	at java.lang.reflect.Method.invoke(Method.java:597) ~[na:1.6.0_38]
	at org.spockframework.util.ReflectionUtil.invokeMethod(ReflectionUtil.java:138) [spock-core-0.7-groovy-2.0.jar:na]
	at org.spockframework.runtime.BaseSpecRunner.invokeRaw(BaseSpecRunner.java:330) [spock-core-0.7-groovy-2.0.jar:na]
	at org.spockframework.runtime.BaseSpecRunner.invoke(BaseSpecRunner.java:311) [spock-core-0.7-groovy-2.0.jar:na]
	at org.spockframework.runtime.BaseSpecRunner.runFeature(BaseSpecRunner.java:175) [spock-core-0.7-groovy-2.0.jar:na]
	at org.spockframework.runtime.BaseSpecRunner.runFeatures(BaseSpecRunner.java:152) [spock-core-0.7-groovy-2.0.jar:na]
	at org.spockframework.runtime.BaseSpecRunner.doRunSpec(BaseSpecRunner.java:112) [spock-core-0.7-groovy-2.0.jar:na]
	at sun.reflect.GeneratedMethodAccessor11.invoke(Unknown Source) ~[na:na]
	at sun.reflect.DelegatingMethodAccessorImpl.invoke(DelegatingMethodAccessorImpl.java:25) ~[na:1.6.0_38]
	at java.lang.reflect.Method.invoke(Method.java:597) ~[na:1.6.0_38]
	at org.spockframework.util.ReflectionUtil.invokeMethod(ReflectionUtil.java:138) [spock-core-0.7-groovy-2.0.jar:na]
	at org.spockframework.runtime.BaseSpecRunner.invokeRaw(BaseSpecRunner.java:330) [spock-core-0.7-groovy-2.0.jar:na]
	at org.spockframework.runtime.BaseSpecRunner.invoke(BaseSpecRunner.java:311) [spock-core-0.7-groovy-2.0.jar:na]
	at org.spockframework.runtime.BaseSpecRunner.runSpec(BaseSpecRunner.java:91) [spock-core-0.7-groovy-2.0.jar:na]
	at org.spockframework.runtime.BaseSpecRunner.run(BaseSpecRunner.java:82) [spock-core-0.7-groovy-2.0.jar:na]
	at org.spockframework.runtime.Sputnik.run(Sputnik.java:63) [spock-core-0.7-groovy-2.0.jar:na]
	at org.apache.maven.surefire.junit4.JUnit4TestSet.execute(JUnit4TestSet.java:53) [surefire-junit4-2.10.jar:2.10]
	at org.apache.maven.surefire.junit4.JUnit4Provider.executeTestSet(JUnit4Provider.java:123) [surefire-junit4-2.10.jar:2.10]
	at org.apache.maven.surefire.junit4.JUnit4Provider.invoke(JUnit4Provider.java:104) [surefire-junit4-2.10.jar:2.10]
	at sun.reflect.NativeMethodAccessorImpl.invoke0(Native Method) ~[na:1.6.0_38]
	at sun.reflect.NativeMethodAccessorImpl.invoke(NativeMethodAccessorImpl.java:39) ~[na:1.6.0_38]
	at sun.reflect.DelegatingMethodAccessorImpl.invoke(DelegatingMethodAccessorImpl.java:25) ~[na:1.6.0_38]
	at java.lang.reflect.Method.invoke(Method.java:597) ~[na:1.6.0_38]
	at org.apache.maven.surefire.util.ReflectionUtils.invokeMethodWithArray(ReflectionUtils.java:164) [surefire-api-2.10.jar:2.10]
	at org.apache.maven.surefire.booter.ProviderFactory$ProviderProxy.invoke(ProviderFactory.java:110) [surefire-booter-2.10.jar:2.10]
	at org.apache.maven.surefire.booter.SurefireStarter.invokeProvider(SurefireStarter.java:175) [surefire-booter-2.10.jar:2.10]
	at org.apache.maven.surefire.booter.SurefireStarter.runSuitesInProcessWhenForked(SurefireStarter.java:107) [surefire-booter-2.10.jar:2.10]
	at org.apache.maven.surefire.booter.ForkedBooter.main(ForkedBooter.java:68) [surefire-booter-2.10.jar:2.10]
22:04:31.858 [main] WARN  o.s.c.a.CommonAnnotationBeanPostProcessor - Invocation of destroy method failed on bean with name &apos;accountOnetimeSyncJob&apos;: com.rackspace.search.exception.NotFoundException: Index is missing
22:04:31.864 [main] ERROR c.r.s.e.client.ElasticSearchClient - Index is missing
org.elasticsearch.indices.IndexMissingException: [admin] missing
	at org.elasticsearch.cluster.metadata.MetaData.concreteIndex(MetaData.java:616) ~[elasticsearch-0.90.2.jar:na]
	at org.elasticsearch.action.get.TransportGetAction.resolveRequest(TransportGetAction.java:90) ~[elasticsearch-0.90.2.jar:na]
	at org.elasticsearch.action.get.TransportGetAction.resolveRequest(TransportGetAction.java:42) ~[elasticsearch-0.90.2.jar:na]
	at org.elasticsearch.action.support.single.shard.TransportShardSingleOperationAction$AsyncSingleAction.&lt;init&gt;(TransportShardSingleOperationAction.java:114) ~[elasticsearch-0.90.2.jar:na]
	at org.elasticsearch.action.support.single.shard.TransportShardSingleOperationAction$AsyncSingleAction.&lt;init&gt;(TransportShardSingleOperationAction.java:94) ~[elasticsearch-0.90.2.jar:na]
	at org.elasticsearch.action.support.single.shard.TransportShardSingleOperationAction.doExecute(TransportShardSingleOperationAction.java:71) ~[elasticsearch-0.90.2.jar:na]
	at org.elasticsearch.action.support.single.shard.TransportShardSingleOperationAction.doExecute(TransportShardSingleOperationAction.java:46) ~[elasticsearch-0.90.2.jar:na]
	at org.elasticsearch.action.support.TransportAction.execute(TransportAction.java:61) ~[elasticsearch-0.90.2.jar:na]
	at org.elasticsearch.client.node.NodeClient.execute(NodeClient.java:92) ~[elasticsearch-0.90.2.jar:na]
	at org.elasticsearch.client.support.AbstractClient.get(AbstractClient.java:179) ~[elasticsearch-0.90.2.jar:na]
	at org.elasticsearch.action.get.GetRequestBuilder.doExecute(GetRequestBuilder.java:112) ~[elasticsearch-0.90.2.jar:na]
	at org.elasticsearch.action.ActionRequestBuilder.execute(ActionRequestBuilder.java:62) ~[elasticsearch-0.90.2.jar:na]
	at org.elasticsearch.action.ActionRequestBuilder.execute(ActionRequestBuilder.java:57) ~[elasticsearch-0.90.2.jar:na]
	at org.elasticsearch.action.ActionRequestBuilder$execute.call(Unknown Source) ~[na:na]
	at com.rackspace.search.elasticsearch.client.ElasticSearchClient.getDocument(ElasticSearchClient.groovy:209) ~[classes/:na]
	at com.rackspace.search.elasticsearch.client.ElasticSearchClient$getDocument.call(Unknown Source) [classes/:na]
	at com.rackspace.search.service.JobService.getJob(JobService.groovy:56) [classes/:na]
	at com.rackspace.search.service.JobService$getJob$0.callCurrent(Unknown Source) [classes/:na]
	at com.rackspace.search.service.JobService.getJob(JobService.groovy:52) [classes/:na]
	at com.rackspace.search.service.JobService$getJob.call(Unknown Source) [classes/:na]
	at com.rackspace.search.service.core.CoreTicketOngoingSyncJob.windupActivities(CoreTicketOnGoingSyncJob.groovy:82) [classes/:na]
	at sun.reflect.NativeMethodAccessorImpl.invoke0(Native Method) ~[na:1.6.0_38]
	at sun.reflect.NativeMethodAccessorImpl.invoke(NativeMethodAccessorImpl.java:39) ~[na:1.6.0_38]
	at sun.reflect.DelegatingMethodAccessorImpl.invoke(DelegatingMethodAccessorImpl.java:25) ~[na:1.6.0_38]
	at java.lang.reflect.Method.invoke(Method.java:597) ~[na:1.6.0_38]
	at org.springframework.beans.factory.annotation.InitDestroyAnnotationBeanPostProcessor$LifecycleElement.invoke(InitDestroyAnnotationBeanPostProcessor.java:340) [spring-beans-3.0.6.RELEASE.jar:3.0.6.RELEASE]
	at org.springframework.beans.factory.annotation.InitDestroyAnnotationBeanPostProcessor$LifecycleMetadata.invokeDestroyMethods(InitDestroyAnnotationBeanPostProcessor.java:305) [spring-beans-3.0.6.RELEASE.jar:3.0.6.RELEASE]
	at org.springframework.beans.factory.annotation.InitDestroyAnnotationBeanPostProcessor.postProcessBeforeDestruction(InitDestroyAnnotationBeanPostProcessor.java:148) [spring-beans-3.0.6.RELEASE.jar:3.0.6.RELEASE]
	at org.springframework.beans.factory.support.DisposableBeanAdapter.destroy(DisposableBeanAdapter.java:166) [spring-beans-3.0.6.RELEASE.jar:3.0.6.RELEASE]
	at org.springframework.beans.factory.support.DefaultSingletonBeanRegistry.destroyBean(DefaultSingletonBeanRegistry.java:487) [spring-beans-3.0.6.RELEASE.jar:3.0.6.RELEASE]
	at org.springframework.beans.factory.support.DefaultSingletonBeanRegistry.destroySingleton(DefaultSingletonBeanRegistry.java:463) [spring-beans-3.0.6.RELEASE.jar:3.0.6.RELEASE]
	at org.springframework.beans.factory.support.DefaultSingletonBeanRegistry.destroySingletons(DefaultSingletonBeanRegistry.java:431) [spring-beans-3.0.6.RELEASE.jar:3.0.6.RELEASE]
	at org.springframework.context.support.AbstractApplicationContext.destroyBeans(AbstractApplicationContext.java:1048) [spring-context-3.0.6.RELEASE.jar:3.0.6.RELEASE]
	at org.springframework.context.support.AbstractApplicationContext.refresh(AbstractApplicationContext.java:433) [spring-context-3.0.6.RELEASE.jar:3.0.6.RELEASE]
	at org.springframework.test.context.support.AbstractGenericContextLoader.loadContext(AbstractGenericContextLoader.java:84) [spring-test-3.0.6.RELEASE.jar:3.0.6.RELEASE]
	at org.springframework.test.context.support.AbstractGenericContextLoader.loadContext(AbstractGenericContextLoader.java:1) [spring-test-3.0.6.RELEASE.jar:3.0.6.RELEASE]
	at org.springframework.test.context.TestContext.loadApplicationContext(TestContext.java:280) [spring-test-3.0.6.RELEASE.jar:3.0.6.RELEASE]
	at org.springframework.test.context.TestContext.getApplicationContext(TestContext.java:304) [spring-test-3.0.6.RELEASE.jar:3.0.6.RELEASE]
	at org.springframework.test.context.support.DependencyInjectionTestExecutionListener.injectDependencies(DependencyInjectionTestExecutionListener.java:109) [spring-test-3.0.6.RELEASE.jar:3.0.6.RELEASE]
	at org.springframework.test.context.support.DependencyInjectionTestExecutionListener.prepareTestInstance(DependencyInjectionTestExecutionListener.java:75) [spring-test-3.0.6.RELEASE.jar:3.0.6.RELEASE]
	at org.springframework.test.context.TestContextManager.prepareTestInstance(TestContextManager.java:321) [spring-test-3.0.6.RELEASE.jar:3.0.6.RELEASE]
	at org.spockframework.spring.SpringTestContextManager.prepareTestInstance(SpringTestContextManager.java:49) [spock-spring-0.7-groovy-2.0.jar:na]
	at org.spockframework.spring.SpringInterceptor.interceptSetupMethod(SpringInterceptor.java:42) [spock-spring-0.7-groovy-2.0.jar:na]
	at org.spockframework.runtime.extension.AbstractMethodInterceptor.intercept(AbstractMethodInterceptor.java:28) [spock-core-0.7-groovy-2.0.jar:na]
	at org.spockframework.runtime.extension.MethodInvocation.proceed(MethodInvocation.java:84) [spock-core-0.7-groovy-2.0.jar:na]
	at org.spockframework.runtime.BaseSpecRunner.invoke(BaseSpecRunner.java:319) [spock-core-0.7-groovy-2.0.jar:na]
	at org.spockframework.runtime.BaseSpecRunner.invokeSetup(BaseSpecRunner.java:279) [spock-core-0.7-groovy-2.0.jar:na]
	at org.spockframework.runtime.BaseSpecRunner.doRunIteration(BaseSpecRunner.java:255) [spock-core-0.7-groovy-2.0.jar:na]
	at sun.reflect.GeneratedMethodAccessor5.invoke(Unknown Source) ~[na:na]
	at sun.reflect.DelegatingMethodAccessorImpl.invoke(DelegatingMethodAccessorImpl.java:25) ~[na:1.6.0_38]
	at java.lang.reflect.Method.invoke(Method.java:597) ~[na:1.6.0_38]
	at org.spockframework.util.ReflectionUtil.invokeMethod(ReflectionUtil.java:138) [spock-core-0.7-groovy-2.0.jar:na]
	at org.spockframework.runtime.BaseSpecRunner.invokeRaw(BaseSpecRunner.java:330) [spock-core-0.7-groovy-2.0.jar:na]
	at org.spockframework.runtime.BaseSpecRunner.invoke(BaseSpecRunner.java:311) [spock-core-0.7-groovy-2.0.jar:na]
	at org.spockframework.runtime.BaseSpecRunner.runIteration(BaseSpecRunner.java:223) [spock-core-0.7-groovy-2.0.jar:na]
	at org.spockframework.runtime.BaseSpecRunner.initializeAndRunIteration(BaseSpecRunner.java:214) [spock-core-0.7-groovy-2.0.jar:na]
	at org.spockframework.runtime.BaseSpecRunner.runSimpleFeature(BaseSpecRunner.java:205) [spock-core-0.7-groovy-2.0.jar:na]
	at org.spockframework.runtime.BaseSpecRunner.doRunFeature(BaseSpecRunner.java:199) [spock-core-0.7-groovy-2.0.jar:na]
	at sun.reflect.GeneratedMethodAccessor7.invoke(Unknown Source) ~[na:na]
	at sun.reflect.DelegatingMethodAccessorImpl.invoke(DelegatingMethodAccessorImpl.java:25) ~[na:1.6.0_38]
	at java.lang.reflect.Method.invoke(Method.java:597) ~[na:1.6.0_38]
	at org.spockframework.util.ReflectionUtil.invokeMethod(ReflectionUtil.java:138) [spock-core-0.7-groovy-2.0.jar:na]
	at org.spockframework.runtime.BaseSpecRunner.invokeRaw(BaseSpecRunner.java:330) [spock-core-0.7-groovy-2.0.jar:na]
	at org.spockframework.runtime.BaseSpecRunner.invoke(BaseSpecRunner.java:311) [spock-core-0.7-groovy-2.0.jar:na]
	at org.spockframework.runtime.BaseSpecRunner.runFeature(BaseSpecRunner.java:175) [spock-core-0.7-groovy-2.0.jar:na]
	at org.spockframework.runtime.BaseSpecRunner.runFeatures(BaseSpecRunner.java:152) [spock-core-0.7-groovy-2.0.jar:na]
	at org.spockframework.runtime.BaseSpecRunner.doRunSpec(BaseSpecRunner.java:112) [spock-core-0.7-groovy-2.0.jar:na]
	at sun.reflect.GeneratedMethodAccessor11.invoke(Unknown Source) ~[na:na]
	at sun.reflect.DelegatingMethodAccessorImpl.invoke(DelegatingMethodAccessorImpl.java:25) ~[na:1.6.0_38]
	at java.lang.reflect.Method.invoke(Method.java:597) ~[na:1.6.0_38]
	at org.spockframework.util.ReflectionUtil.invokeMethod(ReflectionUtil.java:138) [spock-core-0.7-groovy-2.0.jar:na]
	at org.spockframework.runtime.BaseSpecRunner.invokeRaw(BaseSpecRunner.java:330) [spock-core-0.7-groovy-2.0.jar:na]
	at org.spockframework.runtime.BaseSpecRunner.invoke(BaseSpecRunner.java:311) [spock-core-0.7-groovy-2.0.jar:na]
	at org.spockframework.runtime.BaseSpecRunner.runSpec(BaseSpecRunner.java:91) [spock-core-0.7-groovy-2.0.jar:na]
	at org.spockframework.runtime.BaseSpecRunner.run(BaseSpecRunner.java:82) [spock-core-0.7-groovy-2.0.jar:na]
	at org.spockframework.runtime.Sputnik.run(Sputnik.java:63) [spock-core-0.7-groovy-2.0.jar:na]
	at org.apache.maven.surefire.junit4.JUnit4TestSet.execute(JUnit4TestSet.java:53) [surefire-junit4-2.10.jar:2.10]
	at org.apache.maven.surefire.junit4.JUnit4Provider.executeTestSet(JUnit4Provider.java:123) [surefire-junit4-2.10.jar:2.10]
	at org.apache.maven.surefire.junit4.JUnit4Provider.invoke(JUnit4Provider.java:104) [surefire-junit4-2.10.jar:2.10]
	at sun.reflect.NativeMethodAccessorImpl.invoke0(Native Method) ~[na:1.6.0_38]
	at sun.reflect.NativeMethodAccessorImpl.invoke(NativeMethodAccessorImpl.java:39) ~[na:1.6.0_38]
	at sun.reflect.DelegatingMethodAccessorImpl.invoke(DelegatingMethodAccessorImpl.java:25) ~[na:1.6.0_38]
	at java.lang.reflect.Method.invoke(Method.java:597) ~[na:1.6.0_38]
	at org.apache.maven.surefire.util.ReflectionUtils.invokeMethodWithArray(ReflectionUtils.java:164) [surefire-api-2.10.jar:2.10]
	at org.apache.maven.surefire.booter.ProviderFactory$ProviderProxy.invoke(ProviderFactory.java:110) [surefire-booter-2.10.jar:2.10]
	at org.apache.maven.surefire.booter.SurefireStarter.invokeProvider(SurefireStarter.java:175) [surefire-booter-2.10.jar:2.10]
	at org.apache.maven.surefire.booter.SurefireStarter.runSuitesInProcessWhenForked(SurefireStarter.java:107) [surefire-booter-2.10.jar:2.10]
	at org.apache.maven.surefire.booter.ForkedBooter.main(ForkedBooter.java:68) [surefire-booter-2.10.jar:2.10]
22:04:31.881 [main] WARN  o.s.c.a.CommonAnnotationBeanPostProcessor - Invocation of destroy method failed on bean with name &apos;coreTicketOngoingSyncJob&apos;: com.rackspace.search.exception.NotFoundException: Index is missing
22:04:31.887 [main] ERROR c.r.s.e.client.ElasticSearchClient - Index is missing
org.elasticsearch.indices.IndexMissingException: [admin] missing
	at org.elasticsearch.cluster.metadata.MetaData.concreteIndex(MetaData.java:616) ~[elasticsearch-0.90.2.jar:na]
	at org.elasticsearch.action.get.TransportGetAction.resolveRequest(TransportGetAction.java:90) ~[elasticsearch-0.90.2.jar:na]
	at org.elasticsearch.action.get.TransportGetAction.resolveRequest(TransportGetAction.java:42) ~[elasticsearch-0.90.2.jar:na]
	at org.elasticsearch.action.support.single.shard.TransportShardSingleOperationAction$AsyncSingleAction.&lt;init&gt;(TransportShardSingleOperationAction.java:114) ~[elasticsearch-0.90.2.jar:na]
	at org.elasticsearch.action.support.single.shard.TransportShardSingleOperationAction$AsyncSingleAction.&lt;init&gt;(TransportShardSingleOperationAction.java:94) ~[elasticsearch-0.90.2.jar:na]
	at org.elasticsearch.action.support.single.shard.TransportShardSingleOperationAction.doExecute(TransportShardSingleOperationAction.java:71) ~[elasticsearch-0.90.2.jar:na]
	at org.elasticsearch.action.support.single.shard.TransportShardSingleOperationAction.doExecute(TransportShardSingleOperationAction.java:46) ~[elasticsearch-0.90.2.jar:na]
	at org.elasticsearch.action.support.TransportAction.execute(TransportAction.java:61) ~[elasticsearch-0.90.2.jar:na]
	at org.elasticsearch.client.node.NodeClient.execute(NodeClient.java:92) ~[elasticsearch-0.90.2.jar:na]
	at org.elasticsearch.client.support.AbstractClient.get(AbstractClient.java:179) ~[elasticsearch-0.90.2.jar:na]
	at org.elasticsearch.action.get.GetRequestBuilder.doExecute(GetRequestBuilder.java:112) ~[elasticsearch-0.90.2.jar:na]
	at org.elasticsearch.action.ActionRequestBuilder.execute(ActionRequestBuilder.java:62) ~[elasticsearch-0.90.2.jar:na]
	at org.elasticsearch.action.ActionRequestBuilder.execute(ActionRequestBuilder.java:57) ~[elasticsearch-0.90.2.jar:na]
	at org.elasticsearch.action.ActionRequestBuilder$execute.call(Unknown Source) ~[na:na]
	at com.rackspace.search.elasticsearch.client.ElasticSearchClient.getDocument(ElasticSearchClient.groovy:209) ~[classes/:na]
	at com.rackspace.search.elasticsearch.client.ElasticSearchClient$getDocument.call(Unknown Source) [classes/:na]
	at com.rackspace.search.service.JobService.getJob(JobService.groovy:56) [classes/:na]
	at com.rackspace.search.service.JobService$getJob$0.callCurrent(Unknown Source) [classes/:na]
	at com.rackspace.search.service.JobService.getJob(JobService.groovy:52) [classes/:na]
	at com.rackspace.search.service.JobService$getJob.call(Unknown Source) [classes/:na]
	at com.rackspace.search.service.core.CoreTicketOnetimeSyncJob.windupActivities(CoreTicketOneTimeSyncJob.groovy:45) [classes/:na]
	at sun.reflect.NativeMethodAccessorImpl.invoke0(Native Method) ~[na:1.6.0_38]
	at sun.reflect.NativeMethodAccessorImpl.invoke(NativeMethodAccessorImpl.java:39) ~[na:1.6.0_38]
	at sun.reflect.DelegatingMethodAccessorImpl.invoke(DelegatingMethodAccessorImpl.java:25) ~[na:1.6.0_38]
	at java.lang.reflect.Method.invoke(Method.java:597) ~[na:1.6.0_38]
	at org.springframework.beans.factory.annotation.InitDestroyAnnotationBeanPostProcessor$LifecycleElement.invoke(InitDestroyAnnotationBeanPostProcessor.java:340) [spring-beans-3.0.6.RELEASE.jar:3.0.6.RELEASE]
	at org.springframework.beans.factory.annotation.InitDestroyAnnotationBeanPostProcessor$LifecycleMetadata.invokeDestroyMethods(InitDestroyAnnotationBeanPostProcessor.java:305) [spring-beans-3.0.6.RELEASE.jar:3.0.6.RELEASE]
	at org.springframework.beans.factory.annotation.InitDestroyAnnotationBeanPostProcessor.postProcessBeforeDestruction(InitDestroyAnnotationBeanPostProcessor.java:148) [spring-beans-3.0.6.RELEASE.jar:3.0.6.RELEASE]
	at org.springframework.beans.factory.support.DisposableBeanAdapter.destroy(DisposableBeanAdapter.java:166) [spring-beans-3.0.6.RELEASE.jar:3.0.6.RELEASE]
	at org.springframework.beans.factory.support.DefaultSingletonBeanRegistry.destroyBean(DefaultSingletonBeanRegistry.java:487) [spring-beans-3.0.6.RELEASE.jar:3.0.6.RELEASE]
	at org.springframework.beans.factory.support.DefaultSingletonBeanRegistry.destroySingleton(DefaultSingletonBeanRegistry.java:463) [spring-beans-3.0.6.RELEASE.jar:3.0.6.RELEASE]
	at org.springframework.beans.factory.support.DefaultSingletonBeanRegistry.destroySingletons(DefaultSingletonBeanRegistry.java:431) [spring-beans-3.0.6.RELEASE.jar:3.0.6.RELEASE]
	at org.springframework.context.support.AbstractApplicationContext.destroyBeans(AbstractApplicationContext.java:1048) [spring-context-3.0.6.RELEASE.jar:3.0.6.RELEASE]
	at org.springframework.context.support.AbstractApplicationContext.refresh(AbstractApplicationContext.java:433) [spring-context-3.0.6.RELEASE.jar:3.0.6.RELEASE]
	at org.springframework.test.context.support.AbstractGenericContextLoader.loadContext(AbstractGenericContextLoader.java:84) [spring-test-3.0.6.RELEASE.jar:3.0.6.RELEASE]
	at org.springframework.test.context.support.AbstractGenericContextLoader.loadContext(AbstractGenericContextLoader.java:1) [spring-test-3.0.6.RELEASE.jar:3.0.6.RELEASE]
	at org.springframework.test.context.TestContext.loadApplicationContext(TestContext.java:280) [spring-test-3.0.6.RELEASE.jar:3.0.6.RELEASE]
	at org.springframework.test.context.TestContext.getApplicationContext(TestContext.java:304) [spring-test-3.0.6.RELEASE.jar:3.0.6.RELEASE]
	at org.springframework.test.context.support.DependencyInjectionTestExecutionListener.injectDependencies(DependencyInjectionTestExecutionListener.java:109) [spring-test-3.0.6.RELEASE.jar:3.0.6.RELEASE]
	at org.springframework.test.context.support.DependencyInjectionTestExecutionListener.prepareTestInstance(DependencyInjectionTestExecutionListener.java:75) [spring-test-3.0.6.RELEASE.jar:3.0.6.RELEASE]
	at org.springframework.test.context.TestContextManager.prepareTestInstance(TestContextManager.java:321) [spring-test-3.0.6.RELEASE.jar:3.0.6.RELEASE]
	at org.spockframework.spring.SpringTestContextManager.prepareTestInstance(SpringTestContextManager.java:49) [spock-spring-0.7-groovy-2.0.jar:na]
	at org.spockframework.spring.SpringInterceptor.interceptSetupMethod(SpringInterceptor.java:42) [spock-spring-0.7-groovy-2.0.jar:na]
	at org.spockframework.runtime.extension.AbstractMethodInterceptor.intercept(AbstractMethodInterceptor.java:28) [spock-core-0.7-groovy-2.0.jar:na]
	at org.spockframework.runtime.extension.MethodInvocation.proceed(MethodInvocation.java:84) [spock-core-0.7-groovy-2.0.jar:na]
	at org.spockframework.runtime.BaseSpecRunner.invoke(BaseSpecRunner.java:319) [spock-core-0.7-groovy-2.0.jar:na]
	at org.spockframework.runtime.BaseSpecRunner.invokeSetup(BaseSpecRunner.java:279) [spock-core-0.7-groovy-2.0.jar:na]
	at org.spockframework.runtime.BaseSpecRunner.doRunIteration(BaseSpecRunner.java:255) [spock-core-0.7-groovy-2.0.jar:na]
	at sun.reflect.GeneratedMethodAccessor5.invoke(Unknown Source) ~[na:na]
	at sun.reflect.DelegatingMethodAccessorImpl.invoke(DelegatingMethodAccessorImpl.java:25) ~[na:1.6.0_38]
	at java.lang.reflect.Method.invoke(Method.java:597) ~[na:1.6.0_38]
	at org.spockframework.util.ReflectionUtil.invokeMethod(ReflectionUtil.java:138) [spock-core-0.7-groovy-2.0.jar:na]
	at org.spockframework.runtime.BaseSpecRunner.invokeRaw(BaseSpecRunner.java:330) [spock-core-0.7-groovy-2.0.jar:na]
	at org.spockframework.runtime.BaseSpecRunner.invoke(BaseSpecRunner.java:311) [spock-core-0.7-groovy-2.0.jar:na]
	at org.spockframework.runtime.BaseSpecRunner.runIteration(BaseSpecRunner.java:223) [spock-core-0.7-groovy-2.0.jar:na]
	at org.spockframework.runtime.BaseSpecRunner.initializeAndRunIteration(BaseSpecRunner.java:214) [spock-core-0.7-groovy-2.0.jar:na]
	at org.spockframework.runtime.BaseSpecRunner.runSimpleFeature(BaseSpecRunner.java:205) [spock-core-0.7-groovy-2.0.jar:na]
	at org.spockframework.runtime.BaseSpecRunner.doRunFeature(BaseSpecRunner.java:199) [spock-core-0.7-groovy-2.0.jar:na]
	at sun.reflect.GeneratedMethodAccessor7.invoke(Unknown Source) ~[na:na]
	at sun.reflect.DelegatingMethodAccessorImpl.invoke(DelegatingMethodAccessorImpl.java:25) ~[na:1.6.0_38]
	at java.lang.reflect.Method.invoke(Method.java:597) ~[na:1.6.0_38]
	at org.spockframework.util.ReflectionUtil.invokeMethod(ReflectionUtil.java:138) [spock-core-0.7-groovy-2.0.jar:na]
	at org.spockframework.runtime.BaseSpecRunner.invokeRaw(BaseSpecRunner.java:330) [spock-core-0.7-groovy-2.0.jar:na]
	at org.spockframework.runtime.BaseSpecRunner.invoke(BaseSpecRunner.java:311) [spock-core-0.7-groovy-2.0.jar:na]
	at org.spockframework.runtime.BaseSpecRunner.runFeature(BaseSpecRunner.java:175) [spock-core-0.7-groovy-2.0.jar:na]
	at org.spockframework.runtime.BaseSpecRunner.runFeatures(BaseSpecRunner.java:152) [spock-core-0.7-groovy-2.0.jar:na]
	at org.spockframework.runtime.BaseSpecRunner.doRunSpec(BaseSpecRunner.java:112) [spock-core-0.7-groovy-2.0.jar:na]
	at sun.reflect.GeneratedMethodAccessor11.invoke(Unknown Source) ~[na:na]
	at sun.reflect.DelegatingMethodAccessorImpl.invoke(DelegatingMethodAccessorImpl.java:25) ~[na:1.6.0_38]
	at java.lang.reflect.Method.invoke(Method.java:597) ~[na:1.6.0_38]
	at org.spockframework.util.ReflectionUtil.invokeMethod(ReflectionUtil.java:138) [spock-core-0.7-groovy-2.0.jar:na]
	at org.spockframework.runtime.BaseSpecRunner.invokeRaw(BaseSpecRunner.java:330) [spock-core-0.7-groovy-2.0.jar:na]
	at org.spockframework.runtime.BaseSpecRunner.invoke(BaseSpecRunner.java:311) [spock-core-0.7-groovy-2.0.jar:na]
	at org.spockframework.runtime.BaseSpecRunner.runSpec(BaseSpecRunner.java:91) [spock-core-0.7-groovy-2.0.jar:na]
	at org.spockframework.runtime.BaseSpecRunner.run(BaseSpecRunner.java:82) [spock-core-0.7-groovy-2.0.jar:na]
	at org.spockframework.runtime.Sputnik.run(Sputnik.java:63) [spock-core-0.7-groovy-2.0.jar:na]
	at org.apache.maven.surefire.junit4.JUnit4TestSet.execute(JUnit4TestSet.java:53) [surefire-junit4-2.10.jar:2.10]
	at org.apache.maven.surefire.junit4.JUnit4Provider.executeTestSet(JUnit4Provider.java:123) [surefire-junit4-2.10.jar:2.10]
	at org.apache.maven.surefire.junit4.JUnit4Provider.invoke(JUnit4Provider.java:104) [surefire-junit4-2.10.jar:2.10]
	at sun.reflect.NativeMethodAccessorImpl.invoke0(Native Method) ~[na:1.6.0_38]
	at sun.reflect.NativeMethodAccessorImpl.invoke(NativeMethodAccessorImpl.java:39) ~[na:1.6.0_38]
	at sun.reflect.DelegatingMethodAccessorImpl.invoke(DelegatingMethodAccessorImpl.java:25) ~[na:1.6.0_38]
	at java.lang.reflect.Method.invoke(Method.java:597) ~[na:1.6.0_38]
	at org.apache.maven.surefire.util.ReflectionUtils.invokeMethodWithArray(ReflectionUtils.java:164) [surefire-api-2.10.jar:2.10]
	at org.apache.maven.surefire.booter.ProviderFactory$ProviderProxy.invoke(ProviderFactory.java:110) [surefire-booter-2.10.jar:2.10]
	at org.apache.maven.surefire.booter.SurefireStarter.invokeProvider(SurefireStarter.java:175) [surefire-booter-2.10.jar:2.10]
	at org.apache.maven.surefire.booter.SurefireStarter.runSuitesInProcessWhenForked(SurefireStarter.java:107) [surefire-booter-2.10.jar:2.10]
	at org.apache.maven.surefire.booter.ForkedBooter.main(ForkedBooter.java:68) [surefire-booter-2.10.jar:2.10]
22:04:31.904 [main] WARN  o.s.c.a.CommonAnnotationBeanPostProcessor - Invocation of destroy method failed on bean with name &apos;coreTicketOnetimeSyncJob&apos;: com.rackspace.search.exception.NotFoundException: Index is missing
22:04:31.906 [main] INFO  org.elasticsearch.node - [ticket.node] {0.90.2}[25471]: stopping ...
22:04:31.920 [main] INFO  org.elasticsearch.node - [ticket.node] {0.90.2}[25471]: stopped
22:04:31.920 [main] INFO  org.elasticsearch.node - [ticket.node] {0.90.2}[25471]: closing ...
22:04:31.924 [main] INFO  org.elasticsearch.node - [ticket.node] {0.90.2}[25471]: closed
22:04:31.935 [main] ERROR o.s.test.context.TestContextManager - Caught exception while allowing TestExecutionListener [org.springframework.test.context.support.DependencyInjectionTestExecutionListener@3e1c65f7] to prepare test instance [com.rackspace.search.service.JobServiceTest@76312c50]
java.lang.IllegalStateException: Failed to load ApplicationContext
	at org.springframework.test.context.TestContext.getApplicationContext(TestContext.java:308) ~[spring-test-3.0.6.RELEASE.jar:3.0.6.RELEASE]
	at org.springframework.test.context.support.DependencyInjectionTestExecutionListener.injectDependencies(DependencyInjectionTestExecutionListener.java:109) ~[spring-test-3.0.6.RELEASE.jar:3.0.6.RELEASE]
	at org.springframework.test.context.support.DependencyInjectionTestExecutionListener.prepareTestInstance(DependencyInjectionTestExecutionListener.java:75) ~[spring-test-3.0.6.RELEASE.jar:3.0.6.RELEASE]
	at org.springframework.test.context.TestContextManager.prepareTestInstance(TestContextManager.java:321) ~[spring-test-3.0.6.RELEASE.jar:3.0.6.RELEASE]
	at org.spockframework.spring.SpringTestContextManager.prepareTestInstance(SpringTestContextManager.java:49) [spock-spring-0.7-groovy-2.0.jar:na]
	at org.spockframework.spring.SpringInterceptor.interceptSetupMethod(SpringInterceptor.java:42) [spock-spring-0.7-groovy-2.0.jar:na]
	at org.spockframework.runtime.extension.AbstractMethodInterceptor.intercept(AbstractMethodInterceptor.java:28) [spock-core-0.7-groovy-2.0.jar:na]
	at org.spockframework.runtime.extension.MethodInvocation.proceed(MethodInvocation.java:84) [spock-core-0.7-groovy-2.0.jar:na]
	at org.spockframework.runtime.BaseSpecRunner.invoke(BaseSpecRunner.java:319) [spock-core-0.7-groovy-2.0.jar:na]
	at org.spockframework.runtime.BaseSpecRunner.invokeSetup(BaseSpecRunner.java:279) [spock-core-0.7-groovy-2.0.jar:na]
	at org.spockframework.runtime.BaseSpecRunner.doRunIteration(BaseSpecRunner.java:255) [spock-core-0.7-groovy-2.0.jar:na]
	at sun.reflect.GeneratedMethodAccessor5.invoke(Unknown Source) ~[na:na]
	at sun.reflect.DelegatingMethodAccessorImpl.invoke(DelegatingMethodAccessorImpl.java:25) ~[na:1.6.0_38]
	at java.lang.reflect.Method.invoke(Method.java:597) ~[na:1.6.0_38]
	at org.spockframework.util.ReflectionUtil.invokeMethod(ReflectionUtil.java:138) [spock-core-0.7-groovy-2.0.jar:na]
	at org.spockframework.runtime.BaseSpecRunner.invokeRaw(BaseSpecRunner.java:330) [spock-core-0.7-groovy-2.0.jar:na]
	at org.spockframework.runtime.BaseSpecRunner.invoke(BaseSpecRunner.java:311) [spock-core-0.7-groovy-2.0.jar:na]
	at org.spockframework.runtime.BaseSpecRunner.runIteration(BaseSpecRunner.java:223) [spock-core-0.7-groovy-2.0.jar:na]
	at org.spockframework.runtime.BaseSpecRunner.initializeAndRunIteration(BaseSpecRunner.java:214) [spock-core-0.7-groovy-2.0.jar:na]
	at org.spockframework.runtime.BaseSpecRunner.runSimpleFeature(BaseSpecRunner.java:205) [spock-core-0.7-groovy-2.0.jar:na]
	at org.spockframework.runtime.BaseSpecRunner.doRunFeature(BaseSpecRunner.java:199) [spock-core-0.7-groovy-2.0.jar:na]
	at sun.reflect.GeneratedMethodAccessor7.invoke(Unknown Source) ~[na:na]
	at sun.reflect.DelegatingMethodAccessorImpl.invoke(DelegatingMethodAccessorImpl.java:25) ~[na:1.6.0_38]
	at java.lang.reflect.Method.invoke(Method.java:597) ~[na:1.6.0_38]
	at org.spockframework.util.ReflectionUtil.invokeMethod(ReflectionUtil.java:138) [spock-core-0.7-groovy-2.0.jar:na]
	at org.spockframework.runtime.BaseSpecRunner.invokeRaw(BaseSpecRunner.java:330) [spock-core-0.7-groovy-2.0.jar:na]
	at org.spockframework.runtime.BaseSpecRunner.invoke(BaseSpecRunner.java:311) [spock-core-0.7-groovy-2.0.jar:na]
	at org.spockframework.runtime.BaseSpecRunner.runFeature(BaseSpecRunner.java:175) [spock-core-0.7-groovy-2.0.jar:na]
	at org.spockframework.runtime.BaseSpecRunner.runFeatures(BaseSpecRunner.java:152) [spock-core-0.7-groovy-2.0.jar:na]
	at org.spockframework.runtime.BaseSpecRunner.doRunSpec(BaseSpecRunner.java:112) [spock-core-0.7-groovy-2.0.jar:na]
	at sun.reflect.GeneratedMethodAccessor11.invoke(Unknown Source) ~[na:na]
	at sun.reflect.DelegatingMethodAccessorImpl.invoke(DelegatingMethodAccessorImpl.java:25) ~[na:1.6.0_38]
	at java.lang.reflect.Method.invoke(Method.java:597) ~[na:1.6.0_38]
	at org.spockframework.util.ReflectionUtil.invokeMethod(ReflectionUtil.java:138) [spock-core-0.7-groovy-2.0.jar:na]
	at org.spockframework.runtime.BaseSpecRunner.invokeRaw(BaseSpecRunner.java:330) [spock-core-0.7-groovy-2.0.jar:na]
	at org.spockframework.runtime.BaseSpecRunner.invoke(BaseSpecRunner.java:311) [spock-core-0.7-groovy-2.0.jar:na]
	at org.spockframework.runtime.BaseSpecRunner.runSpec(BaseSpecRunner.java:91) [spock-core-0.7-groovy-2.0.jar:na]
	at org.spockframework.runtime.BaseSpecRunner.run(BaseSpecRunner.java:82) [spock-core-0.7-groovy-2.0.jar:na]
	at org.spockframework.runtime.Sputnik.run(Sputnik.java:63) [spock-core-0.7-groovy-2.0.jar:na]
	at org.apache.maven.surefire.junit4.JUnit4TestSet.execute(JUnit4TestSet.java:53) [surefire-junit4-2.10.jar:2.10]
	at org.apache.maven.surefire.junit4.JUnit4Provider.executeTestSet(JUnit4Provider.java:123) [surefire-junit4-2.10.jar:2.10]
	at org.apache.maven.surefire.junit4.JUnit4Provider.invoke(JUnit4Provider.java:104) [surefire-junit4-2.10.jar:2.10]
	at sun.reflect.NativeMethodAccessorImpl.invoke0(Native Method) ~[na:1.6.0_38]
	at sun.reflect.NativeMethodAccessorImpl.invoke(NativeMethodAccessorImpl.java:39) ~[na:1.6.0_38]
	at sun.reflect.DelegatingMethodAccessorImpl.invoke(DelegatingMethodAccessorImpl.java:25) ~[na:1.6.0_38]
	at java.lang.reflect.Method.invoke(Method.java:597) ~[na:1.6.0_38]
	at org.apache.maven.surefire.util.ReflectionUtils.invokeMethodWithArray(ReflectionUtils.java:164) [surefire-api-2.10.jar:2.10]
	at org.apache.maven.surefire.booter.ProviderFactory$ProviderProxy.invoke(ProviderFactory.java:110) [surefire-booter-2.10.jar:2.10]
	at org.apache.maven.surefire.booter.SurefireStarter.invokeProvider(SurefireStarter.java:175) [surefire-booter-2.10.jar:2.10]
	at org.apache.maven.surefire.booter.SurefireStarter.runSuitesInProcessWhenForked(SurefireStarter.java:107) [surefire-booter-2.10.jar:2.10]
	at org.apache.maven.surefire.booter.ForkedBooter.main(ForkedBooter.java:68) [surefire-booter-2.10.jar:2.10]
Caused by: org.springframework.beans.factory.BeanCreationException: Error creating bean with name &apos;jobResource&apos;: Injection of autowired dependencies failed; nested exception is org.springframework.beans.factory.BeanCreationException: Could not autowire field: private com.rackspace.search.service.zendesk.ZendeskTicketOngoingSyncJob com.rackspace.search.endpoint.JobResource.zendeskTicketOngoingSyncJob; nested exception is org.springframework.beans.factory.BeanCreationException: Error creating bean with name &apos;zendeskTicketOngoingSyncJob&apos;: Injection of autowired dependencies failed; nested exception is org.springframework.beans.factory.BeanCreationException: Could not autowire field: private com.rackspace.search.service.zendesk.ZendeskTicketOngoingSyncActor com.rackspace.search.service.zendesk.ZendeskTicketOngoingSyncJob.ticketActor; nested exception is org.springframework.beans.factory.BeanCreationException: Error creating bean with name &apos;zendeskTicketOngoingSyncActor&apos;: Injection of autowired dependencies failed; nested exception is org.springframework.beans.factory.BeanCreationException: Could not autowire field: private com.rackspace.search.service.zendesk.ZendeskTicketProcessor com.rackspace.search.service.zendesk.ZendeskTicketOngoingSyncActor.zendeskTicketProcessor; nested exception is org.springframework.beans.factory.BeanCreationException: Error creating bean with name &apos;zendeskTicketProcessor&apos;: Injection of autowired dependencies failed; nested exception is org.springframework.beans.factory.BeanCreationException: Could not autowire field: private java.lang.Object com.rackspace.search.service.zendesk.ZendeskTicketProcessor.zendeskIndexName; nested exception is java.lang.IllegalArgumentException: Could not resolve placeholder &apos;zendesk.index.name&apos;
	at org.springframework.beans.factory.annotation.AutowiredAnnotationBeanPostProcessor.postProcessPropertyValues(AutowiredAnnotationBeanPostProcessor.java:288) ~[spring-beans-3.0.6.RELEASE.jar:3.0.6.RELEASE]
	at org.springframework.beans.factory.support.AbstractAutowireCapableBeanFactory.populateBean(AbstractAutowireCapableBeanFactory.java:1074) ~[spring-beans-3.0.6.RELEASE.jar:3.0.6.RELEASE]
	at org.springframework.beans.factory.support.AbstractAutowireCapableBeanFactory.doCreateBean(AbstractAutowireCapableBeanFactory.java:517) ~[spring-beans-3.0.6.RELEASE.jar:3.0.6.RELEASE]
	at org.springframework.beans.factory.support.AbstractAutowireCapableBeanFactory.createBean(AbstractAutowireCapableBeanFactory.java:456) ~[spring-beans-3.0.6.RELEASE.jar:3.0.6.RELEASE]
	at org.springframework.beans.factory.support.AbstractBeanFactory$1.getObject(AbstractBeanFactory.java:293) ~[spring-beans-3.0.6.RELEASE.jar:3.0.6.RELEASE]
	at org.springframework.beans.factory.support.DefaultSingletonBeanRegistry.getSingleton(DefaultSingletonBeanRegistry.java:222) ~[spring-beans-3.0.6.RELEASE.jar:3.0.6.RELEASE]
	at org.springframework.beans.factory.support.AbstractBeanFactory.doGetBean(AbstractBeanFactory.java:290) ~[spring-beans-3.0.6.RELEASE.jar:3.0.6.RELEASE]
	at org.springframework.beans.factory.support.AbstractBeanFactory.getBean(AbstractBeanFactory.java:192) ~[spring-beans-3.0.6.RELEASE.jar:3.0.6.RELEASE]
	at org.springframework.beans.factory.support.DefaultListableBeanFactory.preInstantiateSingletons(DefaultListableBeanFactory.java:585) ~[spring-beans-3.0.6.RELEASE.jar:3.0.6.RELEASE]
	at org.springframework.context.support.AbstractApplicationContext.finishBeanFactoryInitialization(AbstractApplicationContext.java:895) ~[spring-context-3.0.6.RELEASE.jar:3.0.6.RELEASE]
	at org.springframework.context.support.AbstractApplicationContext.refresh(AbstractApplicationContext.java:425) ~[spring-context-3.0.6.RELEASE.jar:3.0.6.RELEASE]
	at org.springframework.test.context.support.AbstractGenericContextLoader.loadContext(AbstractGenericContextLoader.java:84) ~[spring-test-3.0.6.RELEASE.jar:3.0.6.RELEASE]
	at org.springframework.test.context.support.AbstractGenericContextLoader.loadContext(AbstractGenericContextLoader.java:1) ~[spring-test-3.0.6.RELEASE.jar:3.0.6.RELEASE]
	at org.springframework.test.context.TestContext.loadApplicationContext(TestContext.java:280) ~[spring-test-3.0.6.RELEASE.jar:3.0.6.RELEASE]
	at org.springframework.test.context.TestContext.getApplicationContext(TestContext.java:304) ~[spring-test-3.0.6.RELEASE.jar:3.0.6.RELEASE]
	... 50 common frames omitted
Caused by: org.springframework.beans.factory.BeanCreationException: Could not autowire field: private com.rackspace.search.service.zendesk.ZendeskTicketOngoingSyncJob com.rackspace.search.endpoint.JobResource.zendeskTicketOngoingSyncJob; nested exception is org.springframework.beans.factory.BeanCreationException: Error creating bean with name &apos;zendeskTicketOngoingSyncJob&apos;: Injection of autowired dependencies failed; nested exception is org.springframework.beans.factory.BeanCreationException: Could not autowire field: private com.rackspace.search.service.zendesk.ZendeskTicketOngoingSyncActor com.rackspace.search.service.zendesk.ZendeskTicketOngoingSyncJob.ticketActor; nested exception is org.springframework.beans.factory.BeanCreationException: Error creating bean with name &apos;zendeskTicketOngoingSyncActor&apos;: Injection of autowired dependencies failed; nested exception is org.springframework.beans.factory.BeanCreationException: Could not autowire field: private com.rackspace.search.service.zendesk.ZendeskTicketProcessor com.rackspace.search.service.zendesk.ZendeskTicketOngoingSyncActor.zendeskTicketProcessor; nested exception is org.springframework.beans.factory.BeanCreationException: Error creating bean with name &apos;zendeskTicketProcessor&apos;: Injection of autowired dependencies failed; nested exception is org.springframework.beans.factory.BeanCreationException: Could not autowire field: private java.lang.Object com.rackspace.search.service.zendesk.ZendeskTicketProcessor.zendeskIndexName; nested exception is java.lang.IllegalArgumentException: Could not resolve placeholder &apos;zendesk.index.name&apos;
	at org.springframework.beans.factory.annotation.AutowiredAnnotationBeanPostProcessor$AutowiredFieldElement.inject(AutowiredAnnotationBeanPostProcessor.java:508) ~[spring-beans-3.0.6.RELEASE.jar:3.0.6.RELEASE]
	at org.springframework.beans.factory.annotation.InjectionMetadata.inject(InjectionMetadata.java:84) ~[spring-beans-3.0.6.RELEASE.jar:3.0.6.RELEASE]
	at org.springframework.beans.factory.annotation.AutowiredAnnotationBeanPostProcessor.postProcessPropertyValues(AutowiredAnnotationBeanPostProcessor.java:285) ~[spring-beans-3.0.6.RELEASE.jar:3.0.6.RELEASE]
	... 64 common frames omitted
Caused by: org.springframework.beans.factory.BeanCreationException: Error creating bean with name &apos;zendeskTicketOngoingSyncJob&apos;: Injection of autowired dependencies failed; nested exception is org.springframework.beans.factory.BeanCreationException: Could not autowire field: private com.rackspace.search.service.zendesk.ZendeskTicketOngoingSyncActor com.rackspace.search.service.zendesk.ZendeskTicketOngoingSyncJob.ticketActor; nested exception is org.springframework.beans.factory.BeanCreationException: Error creating bean with name &apos;zendeskTicketOngoingSyncActor&apos;: Injection of autowired dependencies failed; nested exception is org.springframework.beans.factory.BeanCreationException: Could not autowire field: private com.rackspace.search.service.zendesk.ZendeskTicketProcessor com.rackspace.search.service.zendesk.ZendeskTicketOngoingSyncActor.zendeskTicketProcessor; nested exception is org.springframework.beans.factory.BeanCreationException: Error creating bean with name &apos;zendeskTicketProcessor&apos;: Injection of autowired dependencies failed; nested exception is org.springframework.beans.factory.BeanCreationException: Could not autowire field: private java.lang.Object com.rackspace.search.service.zendesk.ZendeskTicketProcessor.zendeskIndexName; nested exception is java.lang.IllegalArgumentException: Could not resolve placeholder &apos;zendesk.index.name&apos;
	at org.springframework.beans.factory.annotation.AutowiredAnnotationBeanPostProcessor.postProcessPropertyValues(AutowiredAnnotationBeanPostProcessor.java:288) ~[spring-beans-3.0.6.RELEASE.jar:3.0.6.RELEASE]
	at org.springframework.beans.factory.support.AbstractAutowireCapableBeanFactory.populateBean(AbstractAutowireCapableBeanFactory.java:1074) ~[spring-beans-3.0.6.RELEASE.jar:3.0.6.RELEASE]
	at org.springframework.beans.factory.support.AbstractAutowireCapableBeanFactory.doCreateBean(AbstractAutowireCapableBeanFactory.java:517) ~[spring-beans-3.0.6.RELEASE.jar:3.0.6.RELEASE]
	at org.springframework.beans.factory.support.AbstractAutowireCapableBeanFactory.createBean(AbstractAutowireCapableBeanFactory.java:456) ~[spring-beans-3.0.6.RELEASE.jar:3.0.6.RELEASE]
	at org.springframework.beans.factory.support.AbstractBeanFactory$1.getObject(AbstractBeanFactory.java:293) ~[spring-beans-3.0.6.RELEASE.jar:3.0.6.RELEASE]
	at org.springframework.beans.factory.support.DefaultSingletonBeanRegistry.getSingleton(DefaultSingletonBeanRegistry.java:222) ~[spring-beans-3.0.6.RELEASE.jar:3.0.6.RELEASE]
	at org.springframework.beans.factory.support.AbstractBeanFactory.doGetBean(AbstractBeanFactory.java:290) ~[spring-beans-3.0.6.RELEASE.jar:3.0.6.RELEASE]
	at org.springframework.beans.factory.support.AbstractBeanFactory.getBean(AbstractBeanFactory.java:192) ~[spring-beans-3.0.6.RELEASE.jar:3.0.6.RELEASE]
	at org.springframework.beans.factory.support.DefaultListableBeanFactory.findAutowireCandidates(DefaultListableBeanFactory.java:848) ~[spring-beans-3.0.6.RELEASE.jar:3.0.6.RELEASE]
	at org.springframework.beans.factory.support.DefaultListableBeanFactory.doResolveDependency(DefaultListableBeanFactory.java:790) ~[spring-beans-3.0.6.RELEASE.jar:3.0.6.RELEASE]
	at org.springframework.beans.factory.support.DefaultListableBeanFactory.resolveDependency(DefaultListableBeanFactory.java:707) ~[spring-beans-3.0.6.RELEASE.jar:3.0.6.RELEASE]
	at org.springframework.beans.factory.annotation.AutowiredAnnotationBeanPostProcessor$AutowiredFieldElement.inject(AutowiredAnnotationBeanPostProcessor.java:480) ~[spring-beans-3.0.6.RELEASE.jar:3.0.6.RELEASE]
	... 66 common frames omitted
Caused by: org.springframework.beans.factory.BeanCreationException: Could not autowire field: private com.rackspace.search.service.zendesk.ZendeskTicketOngoingSyncActor com.rackspace.search.service.zendesk.ZendeskTicketOngoingSyncJob.ticketActor; nested exception is org.springframework.beans.factory.BeanCreationException: Error creating bean with name &apos;zendeskTicketOngoingSyncActor&apos;: Injection of autowired dependencies failed; nested exception is org.springframework.beans.factory.BeanCreationException: Could not autowire field: private com.rackspace.search.service.zendesk.ZendeskTicketProcessor com.rackspace.search.service.zendesk.ZendeskTicketOngoingSyncActor.zendeskTicketProcessor; nested exception is org.springframework.beans.factory.BeanCreationException: Error creating bean with name &apos;zendeskTicketProcessor&apos;: Injection of autowired dependencies failed; nested exception is org.springframework.beans.factory.BeanCreationException: Could not autowire field: private java.lang.Object com.rackspace.search.service.zendesk.ZendeskTicketProcessor.zendeskIndexName; nested exception is java.lang.IllegalArgumentException: Could not resolve placeholder &apos;zendesk.index.name&apos;
	at org.springframework.beans.factory.annotation.AutowiredAnnotationBeanPostProcessor$AutowiredFieldElement.inject(AutowiredAnnotationBeanPostProcessor.java:508) ~[spring-beans-3.0.6.RELEASE.jar:3.0.6.RELEASE]
	at org.springframework.beans.factory.annotation.InjectionMetadata.inject(InjectionMetadata.java:84) ~[spring-beans-3.0.6.RELEASE.jar:3.0.6.RELEASE]
	at org.springframework.beans.factory.annotation.AutowiredAnnotationBeanPostProcessor.postProcessPropertyValues(AutowiredAnnotationBeanPostProcessor.java:285) ~[spring-beans-3.0.6.RELEASE.jar:3.0.6.RELEASE]
	... 77 common frames omitted
Caused by: org.springframework.beans.factory.BeanCreationException: Error creating bean with name &apos;zendeskTicketOngoingSyncActor&apos;: Injection of autowired dependencies failed; nested exception is org.springframework.beans.factory.BeanCreationException: Could not autowire field: private com.rackspace.search.service.zendesk.ZendeskTicketProcessor com.rackspace.search.service.zendesk.ZendeskTicketOngoingSyncActor.zendeskTicketProcessor; nested exception is org.springframework.beans.factory.BeanCreationException: Error creating bean with name &apos;zendeskTicketProcessor&apos;: Injection of autowired dependencies failed; nested exception is org.springframework.beans.factory.BeanCreationException: Could not autowire field: private java.lang.Object com.rackspace.search.service.zendesk.ZendeskTicketProcessor.zendeskIndexName; nested exception is java.lang.IllegalArgumentException: Could not resolve placeholder &apos;zendesk.index.name&apos;
	at org.springframework.beans.factory.annotation.AutowiredAnnotationBeanPostProcessor.postProcessPropertyValues(AutowiredAnnotationBeanPostProcessor.java:288) ~[spring-beans-3.0.6.RELEASE.jar:3.0.6.RELEASE]
	at org.springframework.beans.factory.support.AbstractAutowireCapableBeanFactory.populateBean(AbstractAutowireCapableBeanFactory.java:1074) ~[spring-beans-3.0.6.RELEASE.jar:3.0.6.RELEASE]
	at org.springframework.beans.factory.support.AbstractAutowireCapableBeanFactory.doCreateBean(AbstractAutowireCapableBeanFactory.java:517) ~[spring-beans-3.0.6.RELEASE.jar:3.0.6.RELEASE]
	at org.springframework.beans.factory.support.AbstractAutowireCapableBeanFactory.createBean(AbstractAutowireCapableBeanFactory.java:456) ~[spring-beans-3.0.6.RELEASE.jar:3.0.6.RELEASE]
	at org.springframework.beans.factory.support.AbstractBeanFactory$1.getObject(AbstractBeanFactory.java:293) ~[spring-beans-3.0.6.RELEASE.jar:3.0.6.RELEASE]
	at org.springframework.beans.factory.support.DefaultSingletonBeanRegistry.getSingleton(DefaultSingletonBeanRegistry.java:222) ~[spring-beans-3.0.6.RELEASE.jar:3.0.6.RELEASE]
	at org.springframework.beans.factory.support.AbstractBeanFactory.doGetBean(AbstractBeanFactory.java:290) ~[spring-beans-3.0.6.RELEASE.jar:3.0.6.RELEASE]
	at org.springframework.beans.factory.support.AbstractBeanFactory.getBean(AbstractBeanFactory.java:192) ~[spring-beans-3.0.6.RELEASE.jar:3.0.6.RELEASE]
	at org.springframework.beans.factory.support.DefaultListableBeanFactory.findAutowireCandidates(DefaultListableBeanFactory.java:848) ~[spring-beans-3.0.6.RELEASE.jar:3.0.6.RELEASE]
	at org.springframework.beans.factory.support.DefaultListableBeanFactory.doResolveDependency(DefaultListableBeanFactory.java:790) ~[spring-beans-3.0.6.RELEASE.jar:3.0.6.RELEASE]
	at org.springframework.beans.factory.support.DefaultListableBeanFactory.resolveDependency(DefaultListableBeanFactory.java:707) ~[spring-beans-3.0.6.RELEASE.jar:3.0.6.RELEASE]
	at org.springframework.beans.factory.annotation.AutowiredAnnotationBeanPostProcessor$AutowiredFieldElement.inject(AutowiredAnnotationBeanPostProcessor.java:480) ~[spring-beans-3.0.6.RELEASE.jar:3.0.6.RELEASE]
	... 79 common frames omitted
Caused by: org.springframework.beans.factory.BeanCreationException: Could not autowire field: private com.rackspace.search.service.zendesk.ZendeskTicketProcessor com.rackspace.search.service.zendesk.ZendeskTicketOngoingSyncActor.zendeskTicketProcessor; nested exception is org.springframework.beans.factory.BeanCreationException: Error creating bean with name &apos;zendeskTicketProcessor&apos;: Injection of autowired dependencies failed; nested exception is org.springframework.beans.factory.BeanCreationException: Could not autowire field: private java.lang.Object com.rackspace.search.service.zendesk.ZendeskTicketProcessor.zendeskIndexName; nested exception is java.lang.IllegalArgumentException: Could not resolve placeholder &apos;zendesk.index.name&apos;
	at org.springframework.beans.factory.annotation.AutowiredAnnotationBeanPostProcessor$AutowiredFieldElement.inject(AutowiredAnnotationBeanPostProcessor.java:508) ~[spring-beans-3.0.6.RELEASE.jar:3.0.6.RELEASE]
	at org.springframework.beans.factory.annotation.InjectionMetadata.inject(InjectionMetadata.java:84) ~[spring-beans-3.0.6.RELEASE.jar:3.0.6.RELEASE]
	at org.springframework.beans.factory.annotation.AutowiredAnnotationBeanPostProcessor.postProcessPropertyValues(AutowiredAnnotationBeanPostProcessor.java:285) ~[spring-beans-3.0.6.RELEASE.jar:3.0.6.RELEASE]
	... 90 common frames omitted
Caused by: org.springframework.beans.factory.BeanCreationException: Error creating bean with name &apos;zendeskTicketProcessor&apos;: Injection of autowired dependencies failed; nested exception is org.springframework.beans.factory.BeanCreationException: Could not autowire field: private java.lang.Object com.rackspace.search.service.zendesk.ZendeskTicketProcessor.zendeskIndexName; nested exception is java.lang.IllegalArgumentException: Could not resolve placeholder &apos;zendesk.index.name&apos;
	at org.springframework.beans.factory.annotation.AutowiredAnnotationBeanPostProcessor.postProcessPropertyValues(AutowiredAnnotationBeanPostProcessor.java:288) ~[spring-beans-3.0.6.RELEASE.jar:3.0.6.RELEASE]
	at org.springframework.beans.factory.support.AbstractAutowireCapableBeanFactory.populateBean(AbstractAutowireCapableBeanFactory.java:1074) ~[spring-beans-3.0.6.RELEASE.jar:3.0.6.RELEASE]
	at org.springframework.beans.factory.support.AbstractAutowireCapableBeanFactory.doCreateBean(AbstractAutowireCapableBeanFactory.java:517) ~[spring-beans-3.0.6.RELEASE.jar:3.0.6.RELEASE]
	at org.springframework.beans.factory.support.AbstractAutowireCapableBeanFactory.createBean(AbstractAutowireCapableBeanFactory.java:456) ~[spring-beans-3.0.6.RELEASE.jar:3.0.6.RELEASE]
	at org.springframework.beans.factory.support.AbstractBeanFactory$1.getObject(AbstractBeanFactory.java:293) ~[spring-beans-3.0.6.RELEASE.jar:3.0.6.RELEASE]
	at org.springframework.beans.factory.support.DefaultSingletonBeanRegistry.getSingleton(DefaultSingletonBeanRegistry.java:222) ~[spring-beans-3.0.6.RELEASE.jar:3.0.6.RELEASE]
	at org.springframework.beans.factory.support.AbstractBeanFactory.doGetBean(AbstractBeanFactory.java:290) ~[spring-beans-3.0.6.RELEASE.jar:3.0.6.RELEASE]
	at org.springframework.beans.factory.support.AbstractBeanFactory.getBean(AbstractBeanFactory.java:192) ~[spring-beans-3.0.6.RELEASE.jar:3.0.6.RELEASE]
	at org.springframework.beans.factory.support.DefaultListableBeanFactory.findAutowireCandidates(DefaultListableBeanFactory.java:848) ~[spring-beans-3.0.6.RELEASE.jar:3.0.6.RELEASE]
	at org.springframework.beans.factory.support.DefaultListableBeanFactory.doResolveDependency(DefaultListableBeanFactory.java:790) ~[spring-beans-3.0.6.RELEASE.jar:3.0.6.RELEASE]
	at org.springframework.beans.factory.support.DefaultListableBeanFactory.resolveDependency(DefaultListableBeanFactory.java:707) ~[spring-beans-3.0.6.RELEASE.jar:3.0.6.RELEASE]
	at org.springframework.beans.factory.annotation.AutowiredAnnotationBeanPostProcessor$AutowiredFieldElement.inject(AutowiredAnnotationBeanPostProcessor.java:480) ~[spring-beans-3.0.6.RELEASE.jar:3.0.6.RELEASE]
	... 92 common frames omitted
Caused by: org.springframework.beans.factory.BeanCreationException: Could not autowire field: private java.lang.Object com.rackspace.search.service.zendesk.ZendeskTicketProcessor.zendeskIndexName; nested exception is java.lang.IllegalArgumentException: Could not resolve placeholder &apos;zendesk.index.name&apos;
	at org.springframework.beans.factory.annotation.AutowiredAnnotationBeanPostProcessor$AutowiredFieldElement.inject(AutowiredAnnotationBeanPostProcessor.java:508) ~[spring-beans-3.0.6.RELEASE.jar:3.0.6.RELEASE]
	at org.springframework.beans.factory.annotation.InjectionMetadata.inject(InjectionMetadata.java:84) ~[spring-beans-3.0.6.RELEASE.jar:3.0.6.RELEASE]
	at org.springframework.beans.factory.annotation.AutowiredAnnotationBeanPostProcessor.postProcessPropertyValues(AutowiredAnnotationBeanPostProcessor.java:285) ~[spring-beans-3.0.6.RELEASE.jar:3.0.6.RELEASE]
	... 103 common frames omitted
Caused by: java.lang.IllegalArgumentException: Could not resolve placeholder &apos;zendesk.index.name&apos;
	at org.springframework.util.PropertyPlaceholderHelper.parseStringValue(PropertyPlaceholderHelper.java:173) ~[spring-core-3.0.6.RELEASE.jar:3.0.6.RELEASE]
	at org.springframework.util.PropertyPlaceholderHelper.replacePlaceholders(PropertyPlaceholderHelper.java:125) ~[spring-core-3.0.6.RELEASE.jar:3.0.6.RELEASE]
	at org.springframework.beans.factory.config.PropertyPlaceholderConfigurer$PlaceholderResolvingStringValueResolver.resolveStringValue(PropertyPlaceholderConfigurer.java:403) ~[spring-beans-3.0.6.RELEASE.jar:3.0.6.RELEASE]
	at org.springframework.beans.factory.support.AbstractBeanFactory.resolveEmbeddedValue(AbstractBeanFactory.java:747) ~[spring-beans-3.0.6.RELEASE.jar:3.0.6.RELEASE]
	at org.springframework.beans.factory.support.DefaultListableBeanFactory.doResolveDependency(DefaultListableBeanFactory.java:717) ~[spring-beans-3.0.6.RELEASE.jar:3.0.6.RELEASE]
	at org.springframework.beans.factory.support.DefaultListableBeanFactory.resolveDependency(DefaultListableBeanFactory.java:707) ~[spring-beans-3.0.6.RELEASE.jar:3.0.6.RELEASE]
	at org.springframework.beans.factory.annotation.AutowiredAnnotationBeanPostProcessor$AutowiredFieldElement.inject(AutowiredAnnotationBeanPostProcessor.java:480) ~[spring-beans-3.0.6.RELEASE.jar:3.0.6.RELEASE]
	... 105 common frames omitted
</stdout>
          <stderr>Exception in thread &quot;Timer-10&quot; org.elasticsearch.common.util.concurrent.EsRejectedExecutionException: rejected execution of [org.elasticsearch.action.support.master.TransportMasterNodeOperationAction$2]
	at org.elasticsearch.common.util.concurrent.EsAbortPolicy.rejectedExecution(EsAbortPolicy.java:35)
	at java.util.concurrent.ThreadPoolExecutor.reject(ThreadPoolExecutor.java:767)
	at java.util.concurrent.ThreadPoolExecutor.execute(ThreadPoolExecutor.java:658)
	at org.elasticsearch.action.support.master.TransportMasterNodeOperationAction.innerExecute(TransportMasterNodeOperationAction.java:132)
	at org.elasticsearch.action.support.master.TransportMasterNodeOperationAction.doExecute(TransportMasterNodeOperationAction.java:86)
	at org.elasticsearch.action.support.master.TransportMasterNodeOperationAction.doExecute(TransportMasterNodeOperationAction.java:42)
	at org.elasticsearch.action.support.TransportAction.execute(TransportAction.java:61)
	at org.elasticsearch.client.node.NodeClusterAdminClient.execute(NodeClusterAdminClient.java:72)
	at org.elasticsearch.client.support.AbstractClusterAdminClient.health(AbstractClusterAdminClient.java:83)
	at org.elasticsearch.action.admin.cluster.health.ClusterHealthRequestBuilder.doExecute(ClusterHealthRequestBuilder.java:98)
	at org.elasticsearch.action.ActionRequestBuilder.execute(ActionRequestBuilder.java:62)
	at org.elasticsearch.action.ActionRequestBuilder.execute(ActionRequestBuilder.java:57)
	at org.elasticsearch.action.ActionRequestBuilder$execute.call(Unknown Source)
	at com.rackspace.search.elasticsearch.ElasticSearchServer.getHealthInformation(ElasticSearchServer.groovy:55)
	at com.rackspace.search.elasticsearch.ElasticSearchServer.getHealthStatus(ElasticSearchServer.groovy:51)
	at com.rackspace.search.elasticsearch.ElasticSearchServer.waitForYellowStatus(ElasticSearchServer.groovy:69)
	at com.rackspace.search.elasticsearch.ElasticSearchServer$waitForYellowStatus.call(Unknown Source)
	at com.rackspace.search.service.core.CoreTicketOngoingSyncJob.setupJob(CoreTicketOnGoingSyncJob.groovy:89)
	at sun.reflect.NativeMethodAccessorImpl.invoke0(Native Method)
	at sun.reflect.NativeMethodAccessorImpl.invoke(NativeMethodAccessorImpl.java:39)
	at sun.reflect.DelegatingMethodAccessorImpl.invoke(DelegatingMethodAccessorImpl.java:25)
	at java.lang.reflect.Method.invoke(Method.java:597)
	at org.codehaus.groovy.reflection.CachedMethod.invoke(CachedMethod.java:90)
	at groovy.lang.MetaMethod.doMethodInvoke(MetaMethod.java:233)
	at groovy.lang.MetaClassImpl.invokeMethod(MetaClassImpl.java:1085)
	at org.codehaus.groovy.runtime.ScriptBytecodeAdapter.invokeMethodOnCurrentN(ScriptBytecodeAdapter.java:78)
	at com.rackspace.search.service.core.CoreTicketOngoingSyncJob.this$dist$invoke$1(CoreTicketOnGoingSyncJob.groovy)
	at com.rackspace.search.service.core.CoreTicketOngoingSyncJob$1.methodMissing(CoreTicketOnGoingSyncJob.groovy)
	at sun.reflect.NativeMethodAccessorImpl.invoke0(Native Method)
	at sun.reflect.NativeMethodAccessorImpl.invoke(NativeMethodAccessorImpl.java:39)
	at sun.reflect.DelegatingMethodAccessorImpl.invoke(DelegatingMethodAccessorImpl.java:25)
	at java.lang.reflect.Method.invoke(Method.java:597)
	at org.codehaus.groovy.reflection.CachedMethod.invoke(CachedMethod.java:90)
	at groovy.lang.MetaClassImpl.invokeMissingMethod(MetaClassImpl.java:837)
	at groovy.lang.MetaClassImpl.invokePropertyOrMissing(MetaClassImpl.java:1134)
	at groovy.lang.MetaClassImpl.invokeMethod(MetaClassImpl.java:1087)
	at groovy.lang.MetaClassImpl.invokeMethod(MetaClassImpl.java:909)
	at org.codehaus.groovy.runtime.callsite.PogoMetaClassSite.callCurrent(PogoMetaClassSite.java:66)
	at org.codehaus.groovy.runtime.callsite.AbstractCallSite.callCurrent(AbstractCallSite.java:137)
	at com.rackspace.search.service.core.CoreTicketOngoingSyncJob$1.run(CoreTicketOnGoingSyncJob.groovy:72)
	at java.util.TimerThread.mainLoop(Timer.java:512)
	at java.util.TimerThread.run(Timer.java:462)
Exception in thread &quot;Timer-11&quot; org.elasticsearch.common.util.concurrent.EsRejectedExecutionException: rejected execution of [org.elasticsearch.action.support.master.TransportMasterNodeOperationAction$2]
	at org.elasticsearch.common.util.concurrent.EsAbortPolicy.rejectedExecution(EsAbortPolicy.java:35)
	at java.util.concurrent.ThreadPoolExecutor.reject(ThreadPoolExecutor.java:767)
	at java.util.concurrent.ThreadPoolExecutor.execute(ThreadPoolExecutor.java:658)
	at org.elasticsearch.action.support.master.TransportMasterNodeOperationAction.innerExecute(TransportMasterNodeOperationAction.java:132)
	at org.elasticsearch.action.support.master.TransportMasterNodeOperationAction.doExecute(TransportMasterNodeOperationAction.java:86)
	at org.elasticsearch.action.support.master.TransportMasterNodeOperationAction.doExecute(TransportMasterNodeOperationAction.java:42)
	at org.elasticsearch.action.support.TransportAction.execute(TransportAction.java:61)
	at org.elasticsearch.client.node.NodeClusterAdminClient.execute(NodeClusterAdminClient.java:72)
	at org.elasticsearch.client.support.AbstractClusterAdminClient.health(AbstractClusterAdminClient.java:83)
	at org.elasticsearch.action.admin.cluster.health.ClusterHealthRequestBuilder.doExecute(ClusterHealthRequestBuilder.java:98)
	at org.elasticsearch.action.ActionRequestBuilder.execute(ActionRequestBuilder.java:62)
	at org.elasticsearch.action.ActionRequestBuilder.execute(ActionRequestBuilder.java:57)
	at org.elasticsearch.action.ActionRequestBuilder$execute.call(Unknown Source)
	at com.rackspace.search.elasticsearch.ElasticSearchServer.getHealthInformation(ElasticSearchServer.groovy:55)
	at com.rackspace.search.elasticsearch.ElasticSearchServer.getHealthStatus(ElasticSearchServer.groovy:51)
	at com.rackspace.search.elasticsearch.ElasticSearchServer.waitForYellowStatus(ElasticSearchServer.groovy:69)
	at com.rackspace.search.elasticsearch.ElasticSearchServer$waitForYellowStatus.call(Unknown Source)
	at com.rackspace.search.service.account.AccountOngoingSyncJob.setupJob(AccountOngoingSyncJob.groovy:96)
	at sun.reflect.NativeMethodAccessorImpl.invoke0(Native Method)
	at sun.reflect.NativeMethodAccessorImpl.invoke(NativeMethodAccessorImpl.java:39)
	at sun.reflect.DelegatingMethodAccessorImpl.invoke(DelegatingMethodAccessorImpl.java:25)
	at java.lang.reflect.Method.invoke(Method.java:597)
	at org.codehaus.groovy.reflection.CachedMethod.invoke(CachedMethod.java:90)
	at groovy.lang.MetaMethod.doMethodInvoke(MetaMethod.java:233)
	at groovy.lang.MetaClassImpl.invokeMethod(MetaClassImpl.java:1085)
	at org.codehaus.groovy.runtime.ScriptBytecodeAdapter.invokeMethodOnCurrentN(ScriptBytecodeAdapter.java:78)
	at com.rackspace.search.service.account.AccountOngoingSyncJob.this$dist$invoke$1(AccountOngoingSyncJob.groovy)
	at com.rackspace.search.service.account.AccountOngoingSyncJob$1.methodMissing(AccountOngoingSyncJob.groovy)
	at sun.reflect.NativeMethodAccessorImpl.invoke0(Native Method)
	at sun.reflect.NativeMethodAccessorImpl.invoke(NativeMethodAccessorImpl.java:39)
	at sun.reflect.DelegatingMethodAccessorImpl.invoke(DelegatingMethodAccessorImpl.java:25)
	at java.lang.reflect.Method.invoke(Method.java:597)
	at org.codehaus.groovy.reflection.CachedMethod.invoke(CachedMethod.java:90)
	at groovy.lang.MetaClassImpl.invokeMissingMethod(MetaClassImpl.java:837)
	at groovy.lang.MetaClassImpl.invokePropertyOrMissing(MetaClassImpl.java:1134)
	at groovy.lang.MetaClassImpl.invokeMethod(MetaClassImpl.java:1087)
	at groovy.lang.MetaClassImpl.invokeMethod(MetaClassImpl.java:909)
	at org.codehaus.groovy.runtime.callsite.PogoMetaClassSite.callCurrent(PogoMetaClassSite.java:66)
	at org.codehaus.groovy.runtime.callsite.AbstractCallSite.callCurrent(AbstractCallSite.java:137)
	at com.rackspace.search.service.account.AccountOngoingSyncJob$1.run(AccountOngoingSyncJob.groovy:78)
	at java.util.TimerThread.mainLoop(Timer.java:512)
	at java.util.TimerThread.run(Timer.java:462)
Exception in thread &quot;Timer-12&quot; org.elasticsearch.common.util.concurrent.EsRejectedExecutionException: rejected execution of [org.elasticsearch.action.support.master.TransportMasterNodeOperationAction$2]
	at org.elasticsearch.common.util.concurrent.EsAbortPolicy.rejectedExecution(EsAbortPolicy.java:35)
	at java.util.concurrent.ThreadPoolExecutor.reject(ThreadPoolExecutor.java:767)
	at java.util.concurrent.ThreadPoolExecutor.execute(ThreadPoolExecutor.java:658)
	at org.elasticsearch.action.support.master.TransportMasterNodeOperationAction.innerExecute(TransportMasterNodeOperationAction.java:132)
	at org.elasticsearch.action.support.master.TransportMasterNodeOperationAction.doExecute(TransportMasterNodeOperationAction.java:86)
	at org.elasticsearch.action.support.master.TransportMasterNodeOperationAction.doExecute(TransportMasterNodeOperationAction.java:42)
	at org.elasticsearch.action.support.TransportAction.execute(TransportAction.java:61)
	at org.elasticsearch.client.node.NodeClusterAdminClient.execute(NodeClusterAdminClient.java:72)
	at org.elasticsearch.client.support.AbstractClusterAdminClient.health(AbstractClusterAdminClient.java:83)
	at org.elasticsearch.action.admin.cluster.health.ClusterHealthRequestBuilder.doExecute(ClusterHealthRequestBuilder.java:98)
	at org.elasticsearch.action.ActionRequestBuilder.execute(ActionRequestBuilder.java:62)
	at org.elasticsearch.action.ActionRequestBuilder.execute(ActionRequestBuilder.java:57)
	at org.elasticsearch.action.ActionRequestBuilder$execute.call(Unknown Source)
	at com.rackspace.search.elasticsearch.ElasticSearchServer.getHealthInformation(ElasticSearchServer.groovy:55)
	at com.rackspace.search.elasticsearch.ElasticSearchServer.getHealthStatus(ElasticSearchServer.groovy:51)
	at com.rackspace.search.elasticsearch.ElasticSearchServer.waitForYellowStatus(ElasticSearchServer.groovy:69)
	at com.rackspace.search.elasticsearch.ElasticSearchServer$waitForYellowStatus.call(Unknown Source)
	at com.rackspace.search.service.admin.CoreTicketOndemandSyncJob.setupJob(CoreTicketOndemandSyncJob.groovy:98)
	at sun.reflect.NativeMethodAccessorImpl.invoke0(Native Method)
	at sun.reflect.NativeMethodAccessorImpl.invoke(NativeMethodAccessorImpl.java:39)
	at sun.reflect.DelegatingMethodAccessorImpl.invoke(DelegatingMethodAccessorImpl.java:25)
	at java.lang.reflect.Method.invoke(Method.java:597)
	at org.codehaus.groovy.reflection.CachedMethod.invoke(CachedMethod.java:90)
	at groovy.lang.MetaMethod.doMethodInvoke(MetaMethod.java:233)
	at groovy.lang.MetaClassImpl.invokeMethod(MetaClassImpl.java:1085)
	at org.codehaus.groovy.runtime.ScriptBytecodeAdapter.invokeMethodOnCurrentN(ScriptBytecodeAdapter.java:78)
	at com.rackspace.search.service.admin.CoreTicketOndemandSyncJob.this$dist$invoke$1(CoreTicketOndemandSyncJob.groovy)
	at com.rackspace.search.service.admin.CoreTicketOndemandSyncJob$1.methodMissing(CoreTicketOndemandSyncJob.groovy)
	at sun.reflect.NativeMethodAccessorImpl.invoke0(Native Method)
	at sun.reflect.NativeMethodAccessorImpl.invoke(NativeMethodAccessorImpl.java:39)
	at sun.reflect.DelegatingMethodAccessorImpl.invoke(DelegatingMethodAccessorImpl.java:25)
	at java.lang.reflect.Method.invoke(Method.java:597)
	at org.codehaus.groovy.reflection.CachedMethod.invoke(CachedMethod.java:90)
	at groovy.lang.MetaClassImpl.invokeMissingMethod(MetaClassImpl.java:837)
	at groovy.lang.MetaClassImpl.invokePropertyOrMissing(MetaClassImpl.java:1134)
	at groovy.lang.MetaClassImpl.invokeMethod(MetaClassImpl.java:1087)
	at groovy.lang.MetaClassImpl.invokeMethod(MetaClassImpl.java:909)
	at org.codehaus.groovy.runtime.callsite.PogoMetaClassSite.callCurrent(PogoMetaClassSite.java:66)
	at org.codehaus.groovy.runtime.callsite.AbstractCallSite.callCurrent(AbstractCallSite.java:137)
	at com.rackspace.search.service.admin.CoreTicketOndemandSyncJob$1.run(CoreTicketOndemandSyncJob.groovy:82)
	at java.util.TimerThread.mainLoop(Timer.java:512)
	at java.util.TimerThread.run(Timer.java:462)
Exception in thread &quot;Timer-13&quot; org.elasticsearch.common.util.concurrent.EsRejectedExecutionException: rejected execution of [org.elasticsearch.action.support.master.TransportMasterNodeOperationAction$2]
	at org.elasticsearch.common.util.concurrent.EsAbortPolicy.rejectedExecution(EsAbortPolicy.java:35)
	at java.util.concurrent.ThreadPoolExecutor.reject(ThreadPoolExecutor.java:767)
	at java.util.concurrent.ThreadPoolExecutor.execute(ThreadPoolExecutor.java:658)
	at org.elasticsearch.action.support.master.TransportMasterNodeOperationAction.innerExecute(TransportMasterNodeOperationAction.java:132)
	at org.elasticsearch.action.support.master.TransportMasterNodeOperationAction.doExecute(TransportMasterNodeOperationAction.java:86)
	at org.elasticsearch.action.support.master.TransportMasterNodeOperationAction.doExecute(TransportMasterNodeOperationAction.java:42)
	at org.elasticsearch.action.support.TransportAction.execute(TransportAction.java:61)
	at org.elasticsearch.client.node.NodeClusterAdminClient.execute(NodeClusterAdminClient.java:72)
	at org.elasticsearch.client.support.AbstractClusterAdminClient.health(AbstractClusterAdminClient.java:83)
	at org.elasticsearch.action.admin.cluster.health.ClusterHealthRequestBuilder.doExecute(ClusterHealthRequestBuilder.java:98)
	at org.elasticsearch.action.ActionRequestBuilder.execute(ActionRequestBuilder.java:62)
	at org.elasticsearch.action.ActionRequestBuilder.execute(ActionRequestBuilder.java:57)
	at org.elasticsearch.action.ActionRequestBuilder$execute.call(Unknown Source)
	at com.rackspace.search.elasticsearch.ElasticSearchServer.getHealthInformation(ElasticSearchServer.groovy:55)
	at com.rackspace.search.elasticsearch.ElasticSearchServer.getHealthStatus(ElasticSearchServer.groovy:51)
	at com.rackspace.search.elasticsearch.ElasticSearchServer.waitForYellowStatus(ElasticSearchServer.groovy:69)
	at com.rackspace.search.elasticsearch.ElasticSearchServer$waitForYellowStatus.call(Unknown Source)
	at com.rackspace.search.service.core.CoreTicketSecondPassSyncJob.setupJob(CoreTicketSecondPassSyncJob.groovy:90)
	at com.rackspace.search.service.core.CoreTicketSecondPassSyncJob.this$2$setupJob(CoreTicketSecondPassSyncJob.groovy)
	at sun.reflect.NativeMethodAccessorImpl.invoke0(Native Method)
	at sun.reflect.NativeMethodAccessorImpl.invoke(NativeMethodAccessorImpl.java:39)
	at sun.reflect.DelegatingMethodAccessorImpl.invoke(DelegatingMethodAccessorImpl.java:25)
	at java.lang.reflect.Method.invoke(Method.java:597)
	at org.codehaus.groovy.reflection.CachedMethod.invoke(CachedMethod.java:90)
	at groovy.lang.MetaMethod.doMethodInvoke(MetaMethod.java:233)
	at groovy.lang.MetaClassImpl.invokeMethod(MetaClassImpl.java:1085)
	at org.codehaus.groovy.runtime.ScriptBytecodeAdapter.invokeMethodOnCurrentN(ScriptBytecodeAdapter.java:78)
	at com.rackspace.search.service.core.CoreTicketSecondPassSyncJob.this$dist$invoke$1(CoreTicketSecondPassSyncJob.groovy)
	at com.rackspace.search.service.core.CoreTicketSecondPassSyncJob$1.methodMissing(CoreTicketSecondPassSyncJob.groovy)
	at sun.reflect.NativeMethodAccessorImpl.invoke0(Native Method)
	at sun.reflect.NativeMethodAccessorImpl.invoke(NativeMethodAccessorImpl.java:39)
	at sun.reflect.DelegatingMethodAccessorImpl.invoke(DelegatingMethodAccessorImpl.java:25)
	at java.lang.reflect.Method.invoke(Method.java:597)
	at org.codehaus.groovy.reflection.CachedMethod.invoke(CachedMethod.java:90)
	at groovy.lang.MetaClassImpl.invokeMissingMethod(MetaClassImpl.java:837)
	at groovy.lang.MetaClassImpl.invokePropertyOrMissing(MetaClassImpl.java:1134)
	at groovy.lang.MetaClassImpl.invokeMethod(MetaClassImpl.java:1087)
	at groovy.lang.MetaClassImpl.invokeMethod(MetaClassImpl.java:909)
	at org.codehaus.groovy.runtime.callsite.PogoMetaClassSite.callCurrent(PogoMetaClassSite.java:66)
	at org.codehaus.groovy.runtime.callsite.AbstractCallSite.callCurrent(AbstractCallSite.java:137)
	at com.rackspace.search.service.core.CoreTicketSecondPassSyncJob$1.run(CoreTicketSecondPassSyncJob.groovy:74)
	at java.util.TimerThread.mainLoop(Timer.java:512)
	at java.util.TimerThread.run(Timer.java:462)
Exception in thread &quot;Timer-14&quot; org.elasticsearch.common.util.concurrent.EsRejectedExecutionException: rejected execution of [org.elasticsearch.action.support.master.TransportMasterNodeOperationAction$2]
	at org.elasticsearch.common.util.concurrent.EsAbortPolicy.rejectedExecution(EsAbortPolicy.java:35)
	at java.util.concurrent.ThreadPoolExecutor.reject(ThreadPoolExecutor.java:767)
	at java.util.concurrent.ThreadPoolExecutor.execute(ThreadPoolExecutor.java:658)
	at org.elasticsearch.action.support.master.TransportMasterNodeOperationAction.innerExecute(TransportMasterNodeOperationAction.java:132)
	at org.elasticsearch.action.support.master.TransportMasterNodeOperationAction.doExecute(TransportMasterNodeOperationAction.java:86)
	at org.elasticsearch.action.support.master.TransportMasterNodeOperationAction.doExecute(TransportMasterNodeOperationAction.java:42)
	at org.elasticsearch.action.support.TransportAction.execute(TransportAction.java:61)
	at org.elasticsearch.client.node.NodeClusterAdminClient.execute(NodeClusterAdminClient.java:72)
	at org.elasticsearch.client.support.AbstractClusterAdminClient.health(AbstractClusterAdminClient.java:83)
	at org.elasticsearch.action.admin.cluster.health.ClusterHealthRequestBuilder.doExecute(ClusterHealthRequestBuilder.java:98)
	at org.elasticsearch.action.ActionRequestBuilder.execute(ActionRequestBuilder.java:62)
	at org.elasticsearch.action.ActionRequestBuilder.execute(ActionRequestBuilder.java:57)
	at org.elasticsearch.action.ActionRequestBuilder$execute.call(Unknown Source)
	at com.rackspace.search.elasticsearch.ElasticSearchServer.getHealthInformation(ElasticSearchServer.groovy:55)
	at com.rackspace.search.elasticsearch.ElasticSearchServer.getHealthStatus(ElasticSearchServer.groovy:51)
	at com.rackspace.search.elasticsearch.ElasticSearchServer.waitForYellowStatus(ElasticSearchServer.groovy:69)
	at com.rackspace.search.elasticsearch.ElasticSearchServer$waitForYellowStatus.call(Unknown Source)
	at com.rackspace.search.service.account.CoreAccountUpdateSyncJob.setupJob(CoreAccountUpdateSyncJob.groovy:95)
	at com.rackspace.search.service.account.CoreAccountUpdateSyncJob.this$2$setupJob(CoreAccountUpdateSyncJob.groovy)
	at sun.reflect.NativeMethodAccessorImpl.invoke0(Native Method)
	at sun.reflect.NativeMethodAccessorImpl.invoke(NativeMethodAccessorImpl.java:39)
	at sun.reflect.DelegatingMethodAccessorImpl.invoke(DelegatingMethodAccessorImpl.java:25)
	at java.lang.reflect.Method.invoke(Method.java:597)
	at org.codehaus.groovy.reflection.CachedMethod.invoke(CachedMethod.java:90)
	at groovy.lang.MetaMethod.doMethodInvoke(MetaMethod.java:233)
	at groovy.lang.MetaClassImpl.invokeMethod(MetaClassImpl.java:1085)
	at org.codehaus.groovy.runtime.ScriptBytecodeAdapter.invokeMethodOnCurrentN(ScriptBytecodeAdapter.java:78)
	at com.rackspace.search.service.account.CoreAccountUpdateSyncJob.this$dist$invoke$1(CoreAccountUpdateSyncJob.groovy)
	at com.rackspace.search.service.account.CoreAccountUpdateSyncJob$1.methodMissing(CoreAccountUpdateSyncJob.groovy)
	at sun.reflect.NativeMethodAccessorImpl.invoke0(Native Method)
	at sun.reflect.NativeMethodAccessorImpl.invoke(NativeMethodAccessorImpl.java:39)
	at sun.reflect.DelegatingMethodAccessorImpl.invoke(DelegatingMethodAccessorImpl.java:25)
	at java.lang.reflect.Method.invoke(Method.java:597)
	at org.codehaus.groovy.reflection.CachedMethod.invoke(CachedMethod.java:90)
	at groovy.lang.MetaClassImpl.invokeMissingMethod(MetaClassImpl.java:837)
	at groovy.lang.MetaClassImpl.invokePropertyOrMissing(MetaClassImpl.java:1134)
	at groovy.lang.MetaClassImpl.invokeMethod(MetaClassImpl.java:1087)
	at groovy.lang.MetaClassImpl.invokeMethod(MetaClassImpl.java:909)
	at org.codehaus.groovy.runtime.callsite.PogoMetaClassSite.callCurrent(PogoMetaClassSite.java:66)
	at org.codehaus.groovy.runtime.callsite.AbstractCallSite.callCurrent(AbstractCallSite.java:137)
	at com.rackspace.search.service.account.CoreAccountUpdateSyncJob$1.run(CoreAccountUpdateSyncJob.groovy:78)
	at java.util.TimerThread.mainLoop(Timer.java:512)
	at java.util.TimerThread.run(Timer.java:462)
Exception in thread &quot;Timer-15&quot; org.elasticsearch.common.util.concurrent.EsRejectedExecutionException: rejected execution of [org.elasticsearch.action.support.master.TransportMasterNodeOperationAction$2]
	at org.elasticsearch.common.util.concurrent.EsAbortPolicy.rejectedExecution(EsAbortPolicy.java:35)
	at java.util.concurrent.ThreadPoolExecutor.reject(ThreadPoolExecutor.java:767)
	at java.util.concurrent.ThreadPoolExecutor.execute(ThreadPoolExecutor.java:658)
	at org.elasticsearch.action.support.master.TransportMasterNodeOperationAction.innerExecute(TransportMasterNodeOperationAction.java:132)
	at org.elasticsearch.action.support.master.TransportMasterNodeOperationAction.doExecute(TransportMasterNodeOperationAction.java:86)
	at org.elasticsearch.action.support.master.TransportMasterNodeOperationAction.doExecute(TransportMasterNodeOperationAction.java:42)
	at org.elasticsearch.action.support.TransportAction.execute(TransportAction.java:61)
	at org.elasticsearch.client.node.NodeClusterAdminClient.execute(NodeClusterAdminClient.java:72)
	at org.elasticsearch.client.support.AbstractClusterAdminClient.health(AbstractClusterAdminClient.java:83)
	at org.elasticsearch.action.admin.cluster.health.ClusterHealthRequestBuilder.doExecute(ClusterHealthRequestBuilder.java:98)
	at org.elasticsearch.action.ActionRequestBuilder.execute(ActionRequestBuilder.java:62)
	at org.elasticsearch.action.ActionRequestBuilder.execute(ActionRequestBuilder.java:57)
	at org.elasticsearch.action.ActionRequestBuilder$execute.call(Unknown Source)
	at com.rackspace.search.elasticsearch.ElasticSearchServer.getHealthInformation(ElasticSearchServer.groovy:55)
	at com.rackspace.search.elasticsearch.ElasticSearchServer.getHealthStatus(ElasticSearchServer.groovy:51)
	at com.rackspace.search.elasticsearch.ElasticSearchServer.waitForYellowStatus(ElasticSearchServer.groovy:69)
	at com.rackspace.search.elasticsearch.ElasticSearchServer$waitForYellowStatus.call(Unknown Source)
	at com.rackspace.search.service.admin.AccountOndemandSyncJob.setupJob(AccountOndemandSyncJob.groovy:126)
	at sun.reflect.NativeMethodAccessorImpl.invoke0(Native Method)
	at sun.reflect.NativeMethodAccessorImpl.invoke(NativeMethodAccessorImpl.java:39)
	at sun.reflect.DelegatingMethodAccessorImpl.invoke(DelegatingMethodAccessorImpl.java:25)
	at java.lang.reflect.Method.invoke(Method.java:597)
	at org.codehaus.groovy.reflection.CachedMethod.invoke(CachedMethod.java:90)
	at groovy.lang.MetaMethod.doMethodInvoke(MetaMethod.java:233)
	at groovy.lang.MetaClassImpl.invokeMethod(MetaClassImpl.java:1085)
	at org.codehaus.groovy.runtime.ScriptBytecodeAdapter.invokeMethodOnCurrentN(ScriptBytecodeAdapter.java:78)
	at com.rackspace.search.service.admin.AccountOndemandSyncJob.this$dist$invoke$1(AccountOndemandSyncJob.groovy)
	at com.rackspace.search.service.admin.AccountOndemandSyncJob$1.methodMissing(AccountOndemandSyncJob.groovy)
	at sun.reflect.NativeMethodAccessorImpl.invoke0(Native Method)
	at sun.reflect.NativeMethodAccessorImpl.invoke(NativeMethodAccessorImpl.java:39)
	at sun.reflect.DelegatingMethodAccessorImpl.invoke(DelegatingMethodAccessorImpl.java:25)
	at java.lang.reflect.Method.invoke(Method.java:597)
	at org.codehaus.groovy.reflection.CachedMethod.invoke(CachedMethod.java:90)
	at groovy.lang.MetaClassImpl.invokeMissingMethod(MetaClassImpl.java:837)
	at groovy.lang.MetaClassImpl.invokePropertyOrMissing(MetaClassImpl.java:1134)
	at groovy.lang.MetaClassImpl.invokeMethod(MetaClassImpl.java:1087)
	at groovy.lang.MetaClassImpl.invokeMethod(MetaClassImpl.java:909)
	at org.codehaus.groovy.runtime.callsite.PogoMetaClassSite.callCurrent(PogoMetaClassSite.java:66)
	at org.codehaus.groovy.runtime.callsite.AbstractCallSite.callCurrent(AbstractCallSite.java:137)
	at com.rackspace.search.service.admin.AccountOndemandSyncJob$1.run(AccountOndemandSyncJob.groovy:110)
	at java.util.TimerThread.mainLoop(Timer.java:512)
	at java.util.TimerThread.run(Timer.java:462)
</stderr>
          <failedSince>7</failedSince>
        </case>
        <case>
          <duration>6.426</duration>
          <className>com.rackspace.search.service.JobServiceTest</className>
          <testName>get All jobs</testName>
          <skipped>false</skipped>
          <errorStackTrace>java.lang.NullPointerException
	at com.rackspace.search.service.JobServiceTest.cleanup(JobServiceTest.groovy:33)
</errorStackTrace>
          <failedSince>7</failedSince>
        </case>
      </cases>
    </suite>
    <suite>
      <file>/var/lib/jenkins/jobs/Samatha Fork/workspace/service/target/surefire-reports/TEST-com.rackspace.search.service.SyncRequestServiceTest.xml</file>
      <name>com.rackspace.search.service.SyncRequestServiceTest</name>
      <duration>0.089</duration>
      <cases>
        <case>
          <duration>0.034</duration>
          <className>com.rackspace.search.service.SyncRequestServiceTest</className>
          <testName>should get sync request</testName>
          <skipped>false</skipped>
          <failedSince>0</failedSince>
        </case>
        <case>
          <duration>0.0010</duration>
          <className>com.rackspace.search.service.SyncRequestServiceTest</className>
          <testName>should get sync request\u002C no sync request exists</testName>
          <skipped>false</skipped>
          <failedSince>0</failedSince>
        </case>
        <case>
          <duration>0.032</duration>
          <className>com.rackspace.search.service.SyncRequestServiceTest</className>
          <testName>update sync request to scheduled</testName>
          <skipped>false</skipped>
          <failedSince>0</failedSince>
        </case>
        <case>
          <duration>0.0050</duration>
          <className>com.rackspace.search.service.SyncRequestServiceTest</className>
          <testName>update sync request to processed</testName>
          <skipped>false</skipped>
          <failedSince>0</failedSince>
        </case>
        <case>
          <duration>0.0030</duration>
          <className>com.rackspace.search.service.SyncRequestServiceTest</className>
          <testName>update sync request to error</testName>
          <skipped>false</skipped>
          <failedSince>0</failedSince>
        </case>
        <case>
          <duration>0.013</duration>
          <className>com.rackspace.search.service.SyncRequestServiceTest</className>
          <testName>validateDocumentIds for account Type</testName>
          <skipped>false</skipped>
          <failedSince>0</failedSince>
        </case>
        <case>
          <duration>0.0010</duration>
          <className>com.rackspace.search.service.SyncRequestServiceTest</className>
          <testName>validateDocumentIds for ticket Type</testName>
          <skipped>false</skipped>
          <failedSince>0</failedSince>
        </case>
      </cases>
    </suite>
    <suite>
      <file>/var/lib/jenkins/jobs/Samatha Fork/workspace/service/target/surefire-reports/TEST-com.rackspace.search.service.TicketCacheServiceTest.xml</file>
      <name>com.rackspace.search.service.TicketCacheServiceTest</name>
      <duration>0.668</duration>
      <cases>
        <case>
          <duration>0.0</duration>
          <className>com.rackspace.search.service.TicketCacheServiceTest</className>
          <testName>freshenCache: should check isLatest</testName>
          <skipped>false</skipped>
          <failedSince>0</failedSince>
        </case>
        <case>
          <duration>0.0</duration>
          <className>com.rackspace.search.service.TicketCacheServiceTest</className>
          <testName>test cleanCache </testName>
          <skipped>false</skipped>
          <failedSince>0</failedSince>
        </case>
        <case>
          <duration>0.0</duration>
          <className>com.rackspace.search.service.TicketCacheServiceTest</className>
          <testName>isLatest should consider milliseconds</testName>
          <skipped>false</skipped>
          <failedSince>0</failedSince>
        </case>
        <case>
          <duration>0.668</duration>
          <className>com.rackspace.search.service.TicketCacheServiceTest</className>
          <testName>freshenCache should consider milliseconds</testName>
          <skipped>false</skipped>
          <failedSince>0</failedSince>
        </case>
      </cases>
    </suite>
    <suite>
      <file>/var/lib/jenkins/jobs/Samatha Fork/workspace/service/target/surefire-reports/TEST-com.rackspace.search.service.TicketSearchServiceTest.xml</file>
      <name>com.rackspace.search.service.TicketSearchServiceTest</name>
      <duration>34.965</duration>
      <cases>
        <case>
          <duration>7.244</duration>
          <className>com.rackspace.search.service.TicketSearchServiceTest</className>
          <testName>should get ticket</testName>
          <skipped>false</skipped>
          <errorStackTrace>java.lang.IllegalStateException: Failed to load ApplicationContext
	at org.springframework.test.context.TestContext.getApplicationContext(TestContext.java:308)
	at org.springframework.test.context.support.DependencyInjectionTestExecutionListener.injectDependencies(DependencyInjectionTestExecutionListener.java:109)
	at org.springframework.test.context.support.DependencyInjectionTestExecutionListener.prepareTestInstance(DependencyInjectionTestExecutionListener.java:75)
	at org.springframework.test.context.TestContextManager.prepareTestInstance(TestContextManager.java:321)
	at org.spockframework.spring.SpringTestContextManager.prepareTestInstance(SpringTestContextManager.java:49)
	at org.spockframework.spring.SpringInterceptor.interceptSetupMethod(SpringInterceptor.java:42)
	at org.spockframework.runtime.extension.AbstractMethodInterceptor.intercept(AbstractMethodInterceptor.java:28)
	at org.spockframework.runtime.extension.MethodInvocation.proceed(MethodInvocation.java:84)
	at org.spockframework.util.ReflectionUtil.invokeMethod(ReflectionUtil.java:138)
	at org.spockframework.util.ReflectionUtil.invokeMethod(ReflectionUtil.java:138)
	at org.spockframework.util.ReflectionUtil.invokeMethod(ReflectionUtil.java:138)
	at org.apache.maven.surefire.junit4.JUnit4TestSet.execute(JUnit4TestSet.java:53)
	at org.apache.maven.surefire.junit4.JUnit4Provider.executeTestSet(JUnit4Provider.java:123)
	at org.apache.maven.surefire.junit4.JUnit4Provider.invoke(JUnit4Provider.java:104)
	at org.apache.maven.surefire.util.ReflectionUtils.invokeMethodWithArray(ReflectionUtils.java:164)
	at org.apache.maven.surefire.booter.ProviderFactory$ProviderProxy.invoke(ProviderFactory.java:110)
	at org.apache.maven.surefire.booter.SurefireStarter.invokeProvider(SurefireStarter.java:175)
	at org.apache.maven.surefire.booter.SurefireStarter.runSuitesInProcessWhenForked(SurefireStarter.java:107)
	at org.apache.maven.surefire.booter.ForkedBooter.main(ForkedBooter.java:68)
Caused by: org.springframework.beans.factory.BeanCreationException: Error creating bean with name &apos;jobResource&apos;: Injection of autowired dependencies failed; nested exception is org.springframework.beans.factory.BeanCreationException: Could not autowire field: private com.rackspace.search.service.zendesk.ZendeskTicketOngoingSyncJob com.rackspace.search.endpoint.JobResource.zendeskTicketOngoingSyncJob; nested exception is org.springframework.beans.factory.BeanCreationException: Error creating bean with name &apos;zendeskTicketOngoingSyncJob&apos;: Injection of autowired dependencies failed; nested exception is org.springframework.beans.factory.BeanCreationException: Could not autowire field: private com.rackspace.search.service.zendesk.ZendeskTicketOngoingSyncActor com.rackspace.search.service.zendesk.ZendeskTicketOngoingSyncJob.ticketActor; nested exception is org.springframework.beans.factory.BeanCreationException: Error creating bean with name &apos;zendeskTicketOngoingSyncActor&apos;: Injection of autowired dependencies failed; nested exception is org.springframework.beans.factory.BeanCreationException: Could not autowire field: private com.rackspace.search.service.zendesk.ZendeskTicketProcessor com.rackspace.search.service.zendesk.ZendeskTicketOngoingSyncActor.zendeskTicketProcessor; nested exception is org.springframework.beans.factory.BeanCreationException: Error creating bean with name &apos;zendeskTicketProcessor&apos;: Injection of autowired dependencies failed; nested exception is org.springframework.beans.factory.BeanCreationException: Could not autowire field: private java.lang.Object com.rackspace.search.service.zendesk.ZendeskTicketProcessor.zendeskIndexName; nested exception is java.lang.IllegalArgumentException: Could not resolve placeholder &apos;zendesk.index.name&apos;
	at org.springframework.beans.factory.annotation.AutowiredAnnotationBeanPostProcessor.postProcessPropertyValues(AutowiredAnnotationBeanPostProcessor.java:288)
	at org.springframework.beans.factory.support.AbstractAutowireCapableBeanFactory.populateBean(AbstractAutowireCapableBeanFactory.java:1074)
	at org.springframework.beans.factory.support.AbstractAutowireCapableBeanFactory.doCreateBean(AbstractAutowireCapableBeanFactory.java:517)
	at org.springframework.beans.factory.support.AbstractAutowireCapableBeanFactory.createBean(AbstractAutowireCapableBeanFactory.java:456)
	at org.springframework.beans.factory.support.AbstractBeanFactory$1.getObject(AbstractBeanFactory.java:293)
	at org.springframework.beans.factory.support.DefaultSingletonBeanRegistry.getSingleton(DefaultSingletonBeanRegistry.java:222)
	at org.springframework.beans.factory.support.AbstractBeanFactory.doGetBean(AbstractBeanFactory.java:290)
	at org.springframework.beans.factory.support.AbstractBeanFactory.getBean(AbstractBeanFactory.java:192)
	at org.springframework.beans.factory.support.DefaultListableBeanFactory.preInstantiateSingletons(DefaultListableBeanFactory.java:585)
	at org.springframework.context.support.AbstractApplicationContext.finishBeanFactoryInitialization(AbstractApplicationContext.java:895)
	at org.springframework.context.support.AbstractApplicationContext.refresh(AbstractApplicationContext.java:425)
	at org.springframework.test.context.support.AbstractGenericContextLoader.loadContext(AbstractGenericContextLoader.java:84)
	at org.springframework.test.context.support.AbstractGenericContextLoader.loadContext(AbstractGenericContextLoader.java:1)
	at org.springframework.test.context.TestContext.loadApplicationContext(TestContext.java:280)
	at org.springframework.test.context.TestContext.getApplicationContext(TestContext.java:304)
	... 18 more
Caused by: org.springframework.beans.factory.BeanCreationException: Could not autowire field: private com.rackspace.search.service.zendesk.ZendeskTicketOngoingSyncJob com.rackspace.search.endpoint.JobResource.zendeskTicketOngoingSyncJob; nested exception is org.springframework.beans.factory.BeanCreationException: Error creating bean with name &apos;zendeskTicketOngoingSyncJob&apos;: Injection of autowired dependencies failed; nested exception is org.springframework.beans.factory.BeanCreationException: Could not autowire field: private com.rackspace.search.service.zendesk.ZendeskTicketOngoingSyncActor com.rackspace.search.service.zendesk.ZendeskTicketOngoingSyncJob.ticketActor; nested exception is org.springframework.beans.factory.BeanCreationException: Error creating bean with name &apos;zendeskTicketOngoingSyncActor&apos;: Injection of autowired dependencies failed; nested exception is org.springframework.beans.factory.BeanCreationException: Could not autowire field: private com.rackspace.search.service.zendesk.ZendeskTicketProcessor com.rackspace.search.service.zendesk.ZendeskTicketOngoingSyncActor.zendeskTicketProcessor; nested exception is org.springframework.beans.factory.BeanCreationException: Error creating bean with name &apos;zendeskTicketProcessor&apos;: Injection of autowired dependencies failed; nested exception is org.springframework.beans.factory.BeanCreationException: Could not autowire field: private java.lang.Object com.rackspace.search.service.zendesk.ZendeskTicketProcessor.zendeskIndexName; nested exception is java.lang.IllegalArgumentException: Could not resolve placeholder &apos;zendesk.index.name&apos;
	at org.springframework.beans.factory.annotation.AutowiredAnnotationBeanPostProcessor$AutowiredFieldElement.inject(AutowiredAnnotationBeanPostProcessor.java:508)
	at org.springframework.beans.factory.annotation.InjectionMetadata.inject(InjectionMetadata.java:84)
	at org.springframework.beans.factory.annotation.AutowiredAnnotationBeanPostProcessor.postProcessPropertyValues(AutowiredAnnotationBeanPostProcessor.java:285)
	... 32 more
Caused by: org.springframework.beans.factory.BeanCreationException: Error creating bean with name &apos;zendeskTicketOngoingSyncJob&apos;: Injection of autowired dependencies failed; nested exception is org.springframework.beans.factory.BeanCreationException: Could not autowire field: private com.rackspace.search.service.zendesk.ZendeskTicketOngoingSyncActor com.rackspace.search.service.zendesk.ZendeskTicketOngoingSyncJob.ticketActor; nested exception is org.springframework.beans.factory.BeanCreationException: Error creating bean with name &apos;zendeskTicketOngoingSyncActor&apos;: Injection of autowired dependencies failed; nested exception is org.springframework.beans.factory.BeanCreationException: Could not autowire field: private com.rackspace.search.service.zendesk.ZendeskTicketProcessor com.rackspace.search.service.zendesk.ZendeskTicketOngoingSyncActor.zendeskTicketProcessor; nested exception is org.springframework.beans.factory.BeanCreationException: Error creating bean with name &apos;zendeskTicketProcessor&apos;: Injection of autowired dependencies failed; nested exception is org.springframework.beans.factory.BeanCreationException: Could not autowire field: private java.lang.Object com.rackspace.search.service.zendesk.ZendeskTicketProcessor.zendeskIndexName; nested exception is java.lang.IllegalArgumentException: Could not resolve placeholder &apos;zendesk.index.name&apos;
	at org.springframework.beans.factory.annotation.AutowiredAnnotationBeanPostProcessor.postProcessPropertyValues(AutowiredAnnotationBeanPostProcessor.java:288)
	at org.springframework.beans.factory.support.AbstractAutowireCapableBeanFactory.populateBean(AbstractAutowireCapableBeanFactory.java:1074)
	at org.springframework.beans.factory.support.AbstractAutowireCapableBeanFactory.doCreateBean(AbstractAutowireCapableBeanFactory.java:517)
	at org.springframework.beans.factory.support.AbstractAutowireCapableBeanFactory.createBean(AbstractAutowireCapableBeanFactory.java:456)
	at org.springframework.beans.factory.support.AbstractBeanFactory$1.getObject(AbstractBeanFactory.java:293)
	at org.springframework.beans.factory.support.DefaultSingletonBeanRegistry.getSingleton(DefaultSingletonBeanRegistry.java:222)
	at org.springframework.beans.factory.support.AbstractBeanFactory.doGetBean(AbstractBeanFactory.java:290)
	at org.springframework.beans.factory.support.AbstractBeanFactory.getBean(AbstractBeanFactory.java:192)
	at org.springframework.beans.factory.support.DefaultListableBeanFactory.findAutowireCandidates(DefaultListableBeanFactory.java:848)
	at org.springframework.beans.factory.support.DefaultListableBeanFactory.doResolveDependency(DefaultListableBeanFactory.java:790)
	at org.springframework.beans.factory.support.DefaultListableBeanFactory.resolveDependency(DefaultListableBeanFactory.java:707)
	at org.springframework.beans.factory.annotation.AutowiredAnnotationBeanPostProcessor$AutowiredFieldElement.inject(AutowiredAnnotationBeanPostProcessor.java:480)
	... 34 more
Caused by: org.springframework.beans.factory.BeanCreationException: Could not autowire field: private com.rackspace.search.service.zendesk.ZendeskTicketOngoingSyncActor com.rackspace.search.service.zendesk.ZendeskTicketOngoingSyncJob.ticketActor; nested exception is org.springframework.beans.factory.BeanCreationException: Error creating bean with name &apos;zendeskTicketOngoingSyncActor&apos;: Injection of autowired dependencies failed; nested exception is org.springframework.beans.factory.BeanCreationException: Could not autowire field: private com.rackspace.search.service.zendesk.ZendeskTicketProcessor com.rackspace.search.service.zendesk.ZendeskTicketOngoingSyncActor.zendeskTicketProcessor; nested exception is org.springframework.beans.factory.BeanCreationException: Error creating bean with name &apos;zendeskTicketProcessor&apos;: Injection of autowired dependencies failed; nested exception is org.springframework.beans.factory.BeanCreationException: Could not autowire field: private java.lang.Object com.rackspace.search.service.zendesk.ZendeskTicketProcessor.zendeskIndexName; nested exception is java.lang.IllegalArgumentException: Could not resolve placeholder &apos;zendesk.index.name&apos;
	at org.springframework.beans.factory.annotation.AutowiredAnnotationBeanPostProcessor$AutowiredFieldElement.inject(AutowiredAnnotationBeanPostProcessor.java:508)
	at org.springframework.beans.factory.annotation.InjectionMetadata.inject(InjectionMetadata.java:84)
	at org.springframework.beans.factory.annotation.AutowiredAnnotationBeanPostProcessor.postProcessPropertyValues(AutowiredAnnotationBeanPostProcessor.java:285)
	... 45 more
Caused by: org.springframework.beans.factory.BeanCreationException: Error creating bean with name &apos;zendeskTicketOngoingSyncActor&apos;: Injection of autowired dependencies failed; nested exception is org.springframework.beans.factory.BeanCreationException: Could not autowire field: private com.rackspace.search.service.zendesk.ZendeskTicketProcessor com.rackspace.search.service.zendesk.ZendeskTicketOngoingSyncActor.zendeskTicketProcessor; nested exception is org.springframework.beans.factory.BeanCreationException: Error creating bean with name &apos;zendeskTicketProcessor&apos;: Injection of autowired dependencies failed; nested exception is org.springframework.beans.factory.BeanCreationException: Could not autowire field: private java.lang.Object com.rackspace.search.service.zendesk.ZendeskTicketProcessor.zendeskIndexName; nested exception is java.lang.IllegalArgumentException: Could not resolve placeholder &apos;zendesk.index.name&apos;
	at org.springframework.beans.factory.annotation.AutowiredAnnotationBeanPostProcessor.postProcessPropertyValues(AutowiredAnnotationBeanPostProcessor.java:288)
	at org.springframework.beans.factory.support.AbstractAutowireCapableBeanFactory.populateBean(AbstractAutowireCapableBeanFactory.java:1074)
	at org.springframework.beans.factory.support.AbstractAutowireCapableBeanFactory.doCreateBean(AbstractAutowireCapableBeanFactory.java:517)
	at org.springframework.beans.factory.support.AbstractAutowireCapableBeanFactory.createBean(AbstractAutowireCapableBeanFactory.java:456)
	at org.springframework.beans.factory.support.AbstractBeanFactory$1.getObject(AbstractBeanFactory.java:293)
	at org.springframework.beans.factory.support.DefaultSingletonBeanRegistry.getSingleton(DefaultSingletonBeanRegistry.java:222)
	at org.springframework.beans.factory.support.AbstractBeanFactory.doGetBean(AbstractBeanFactory.java:290)
	at org.springframework.beans.factory.support.AbstractBeanFactory.getBean(AbstractBeanFactory.java:192)
	at org.springframework.beans.factory.support.DefaultListableBeanFactory.findAutowireCandidates(DefaultListableBeanFactory.java:848)
	at org.springframework.beans.factory.support.DefaultListableBeanFactory.doResolveDependency(DefaultListableBeanFactory.java:790)
	at org.springframework.beans.factory.support.DefaultListableBeanFactory.resolveDependency(DefaultListableBeanFactory.java:707)
	at org.springframework.beans.factory.annotation.AutowiredAnnotationBeanPostProcessor$AutowiredFieldElement.inject(AutowiredAnnotationBeanPostProcessor.java:480)
	... 47 more
Caused by: org.springframework.beans.factory.BeanCreationException: Could not autowire field: private com.rackspace.search.service.zendesk.ZendeskTicketProcessor com.rackspace.search.service.zendesk.ZendeskTicketOngoingSyncActor.zendeskTicketProcessor; nested exception is org.springframework.beans.factory.BeanCreationException: Error creating bean with name &apos;zendeskTicketProcessor&apos;: Injection of autowired dependencies failed; nested exception is org.springframework.beans.factory.BeanCreationException: Could not autowire field: private java.lang.Object com.rackspace.search.service.zendesk.ZendeskTicketProcessor.zendeskIndexName; nested exception is java.lang.IllegalArgumentException: Could not resolve placeholder &apos;zendesk.index.name&apos;
	at org.springframework.beans.factory.annotation.AutowiredAnnotationBeanPostProcessor$AutowiredFieldElement.inject(AutowiredAnnotationBeanPostProcessor.java:508)
	at org.springframework.beans.factory.annotation.InjectionMetadata.inject(InjectionMetadata.java:84)
	at org.springframework.beans.factory.annotation.AutowiredAnnotationBeanPostProcessor.postProcessPropertyValues(AutowiredAnnotationBeanPostProcessor.java:285)
	... 58 more
Caused by: org.springframework.beans.factory.BeanCreationException: Error creating bean with name &apos;zendeskTicketProcessor&apos;: Injection of autowired dependencies failed; nested exception is org.springframework.beans.factory.BeanCreationException: Could not autowire field: private java.lang.Object com.rackspace.search.service.zendesk.ZendeskTicketProcessor.zendeskIndexName; nested exception is java.lang.IllegalArgumentException: Could not resolve placeholder &apos;zendesk.index.name&apos;
	at org.springframework.beans.factory.annotation.AutowiredAnnotationBeanPostProcessor.postProcessPropertyValues(AutowiredAnnotationBeanPostProcessor.java:288)
	at org.springframework.beans.factory.support.AbstractAutowireCapableBeanFactory.populateBean(AbstractAutowireCapableBeanFactory.java:1074)
	at org.springframework.beans.factory.support.AbstractAutowireCapableBeanFactory.doCreateBean(AbstractAutowireCapableBeanFactory.java:517)
	at org.springframework.beans.factory.support.AbstractAutowireCapableBeanFactory.createBean(AbstractAutowireCapableBeanFactory.java:456)
	at org.springframework.beans.factory.support.AbstractBeanFactory$1.getObject(AbstractBeanFactory.java:293)
	at org.springframework.beans.factory.support.DefaultSingletonBeanRegistry.getSingleton(DefaultSingletonBeanRegistry.java:222)
	at org.springframework.beans.factory.support.AbstractBeanFactory.doGetBean(AbstractBeanFactory.java:290)
	at org.springframework.beans.factory.support.AbstractBeanFactory.getBean(AbstractBeanFactory.java:192)
	at org.springframework.beans.factory.support.DefaultListableBeanFactory.findAutowireCandidates(DefaultListableBeanFactory.java:848)
	at org.springframework.beans.factory.support.DefaultListableBeanFactory.doResolveDependency(DefaultListableBeanFactory.java:790)
	at org.springframework.beans.factory.support.DefaultListableBeanFactory.resolveDependency(DefaultListableBeanFactory.java:707)
	at org.springframework.beans.factory.annotation.AutowiredAnnotationBeanPostProcessor$AutowiredFieldElement.inject(AutowiredAnnotationBeanPostProcessor.java:480)
	... 60 more
Caused by: org.springframework.beans.factory.BeanCreationException: Could not autowire field: private java.lang.Object com.rackspace.search.service.zendesk.ZendeskTicketProcessor.zendeskIndexName; nested exception is java.lang.IllegalArgumentException: Could not resolve placeholder &apos;zendesk.index.name&apos;
	at org.springframework.beans.factory.annotation.AutowiredAnnotationBeanPostProcessor$AutowiredFieldElement.inject(AutowiredAnnotationBeanPostProcessor.java:508)
	at org.springframework.beans.factory.annotation.InjectionMetadata.inject(InjectionMetadata.java:84)
	at org.springframework.beans.factory.annotation.AutowiredAnnotationBeanPostProcessor.postProcessPropertyValues(AutowiredAnnotationBeanPostProcessor.java:285)
	... 71 more
Caused by: java.lang.IllegalArgumentException: Could not resolve placeholder &apos;zendesk.index.name&apos;
	at org.springframework.util.PropertyPlaceholderHelper.parseStringValue(PropertyPlaceholderHelper.java:173)
	at org.springframework.util.PropertyPlaceholderHelper.replacePlaceholders(PropertyPlaceholderHelper.java:125)
	at org.springframework.beans.factory.config.PropertyPlaceholderConfigurer$PlaceholderResolvingStringValueResolver.resolveStringValue(PropertyPlaceholderConfigurer.java:403)
	at org.springframework.beans.factory.support.AbstractBeanFactory.resolveEmbeddedValue(AbstractBeanFactory.java:747)
	at org.springframework.beans.factory.support.DefaultListableBeanFactory.doResolveDependency(DefaultListableBeanFactory.java:717)
	at org.springframework.beans.factory.support.DefaultListableBeanFactory.resolveDependency(DefaultListableBeanFactory.java:707)
	at org.springframework.beans.factory.annotation.AutowiredAnnotationBeanPostProcessor$AutowiredFieldElement.inject(AutowiredAnnotationBeanPostProcessor.java:480)
	... 73 more
</errorStackTrace>
          <errorDetails>Failed to load ApplicationContext</errorDetails>
          <stdout>22:04:32.649 [main] INFO  c.r.s.common.property.PropertyProvider - Loading properties file from file [/var/lib/jenkins/jobs/Samatha Fork/workspace/service/target/properties/local/search.properties]
22:04:32.650 [main] INFO  c.r.s.common.property.PropertyProvider - Loading properties file from file [/var/lib/jenkins/jobs/Samatha Fork/workspace/service/target/properties/local/search.secrets.properties]
22:04:32.650 [main] INFO  c.r.s.common.property.PropertyProvider - Loading properties file from file [/var/lib/jenkins/jobs/Samatha Fork/workspace/service/target/properties/local/elasticsearch.properties]
22:04:32.676 [main] INFO  c.r.s.elasticsearch.ElasticSearchServer - Starting the Elastic Search server node:
22:04:32.680 [main] INFO  org.elasticsearch.node - [ticket.node] {0.90.2}[25471]: initializing ...
22:04:32.680 [main] INFO  org.elasticsearch.plugins - [ticket.node] loaded [action-updatebyquery], sites []
22:04:33.603 [main] INFO  org.elasticsearch.node - [ticket.node] {0.90.2}[25471]: initialized
22:04:33.603 [main] INFO  c.r.s.elasticsearch.ElasticSearchServer - Starting the Elastic Search server node with these settings:
22:04:33.606 [main] INFO  c.r.s.elasticsearch.ElasticSearchServer - Elasticsearch Settings :  [elastic.config.path:/var/lib/jenkins/jobs/Samatha Fork/workspace/service/target/properties/local/elasticsearch, path.data:/var/lib/jenkins/jobs/Samatha Fork/workspace/service/target/elasticsearch/data, cluster.name:ticket.cluster, ticket.search.allowedNestedParams:account.contacts.name,account.contacts.role,account.contacts.sso, core.secondpass.lookbacktime.minutes:15, http.connection.timeout.in.milliseconds:65000, index.analysis.analyzer.search_standard.type:standard, cluster.health.check.wait.time.seconds:120, path.conf:/var/lib/jenkins/jobs/Samatha Fork/workspace/service/target/properties/local/elasticsearch, syncRequest.max.documents.size:250, ticket.ongoingsync.delay.seconds:2, core.account.caching.enabled:true, path.logs:/var/lib/jenkins/jobs/Samatha Fork/workspace/service/target/elasticsearch/logs, http.enabled:true, ticket.document.idName:number, core.api.endpoint:https://ws.integration.core.rackspace.com/ctkapi, transport.tcp.compress:true, account.highprofile.name:HIGH_PROFILE, core.ongoingsync.loopback.time.seconds:120, account.cache.expiration.time.minutes:120, account.api.username:hybrid_ui, ticket.index.name:ticket, admin.index.name:admin, default.page.size:100, indices.structure:/indices_structure.json, account.filter.necessary.updates:true, index.store.fs.memory.enabled:false, index.number_of_shards:5, syncRequest.search.allowedRangeParams:createdAt,lastRunAt,documentLastUpdatedTimestamp, admin.document.type:syncJob, node.data:true, max.page.size:500, node.name:ticket.node, ticket.core.date.timezone:CST, ticket.search.allowedRangeParams:createdAt,updatedAt,lastPublicCommentDate,updateEventDate,documentLastUpdatedTimestamp, account.document.type:account, core.driver.class:org.postgresql.Driver, ticket.cache.expiration.time.minutes:120, core.api.username:rcameron, syncRequest.document.idName:id, discovery.zen.ping.multicast.enabled:false, core.db.url:jdbc:postgresql://integration.db.core.rackspace.com:5432/core_dev, account.update.tickets.pageSize:250, core.account.updates.enabled:true, account.document.versionParam:updatedAt, index.analysis.analyzer.search_standard.filter:[lowercase], bootstrap.mlockall:true, ticket.core.dateformat:yyyy-MM-dd HH:mm:ss, coreaccount.document.type:coreaccount, coreticket.onetimesync.usedb:true, node.master:true, coreaccount.document.idName:id, syncRequest.document.type:syncRequest, core.account.filter.necessary.updates:true, index.number_of_replicas:0, account.api.events.path:v1.0/accounts/events.atom, account.index.name:account, ticket.document.versionParam:updateEventDate, ticket.core.dateformat.with.millis:yyyy-MM-dd HH:mm:ss.SSSSSS, core.account.cache.expiration.time.minutes:120, ticket.document.type:ticket, account.caching.enabled:true, coreaccount.document.versionParam:updatedAt, ticket.caching.enabled:true, admin.document.idName:name, syncRequest.search.allowedTermParams:documentType,status,createdAt,lastRunAt,documentLastUpdatedTimestamp, core.secondpass.enabled:true, account.api.accounts.path:v1.0/accounts, cluster.routing.allocation.awareness.attributes:machine, facets.display.count:100, core.db.username:usq_read, node.machine:ticket.node, syncRequest.index.name:admin, ticket.search.allowedTermParams:sourceSystem,number,createdAt,updatedAt,updateEventDate,lastPublicCommentDate,status,queue.name,category,categoryObj.name,categoryObj.id,priority,assignee.name,hasWindowsServers,hasLinuxServers,severityName,assignee.sso,queue.id,accountServiceLevel,accountTeamTerritoryCode,account.serviceLevel,account.teamTerritoryCode,statusTypes,account.team,account.id,account.rcn,account.status,account.highProfile,documentLastUpdatedTimestamp,account.teamSegment,submitter.name,submitter.sso,account.contacts.name,account.contacts.role,account.contacts.sso,subCategoryObj.name,subCategoryObj.id,assignee.id,submitter.id, use.updateByQueryPlugin:false, account.api.endpoint:https://test.account.api.rackspace.com/, updated.timestamp.field.name:documentLastUpdatedTimestamp, ticket.elastic.dateformat:yyyy-MM-dd&apos;T&apos;HH:mm:ss.SSSZ, action.auto_create_index:1, account.document.idName:id, name:ticket.node] 
22:04:33.607 [main] INFO  org.elasticsearch.node - [ticket.node] {0.90.2}[25471]: starting ...
22:04:34.028 [main] INFO  org.elasticsearch.transport - [ticket.node] bound_address {inet[/0:0:0:0:0:0:0:0:9300]}, publish_address {inet[/10.14.208.252:9300]}
22:04:37.043 [elasticsearch[ticket.node][clusterService#updateTask][T#1]] INFO  org.elasticsearch.cluster.service - [ticket.node] new_master [ticket.node][1rEMDKTmTEeglAPsvksnKg][inet[/10.14.208.252:9300]]{machine=ticket.node, master=true}, reason: zen-disco-join (elected_as_master)
22:04:37.054 [main] INFO  org.elasticsearch.discovery - [ticket.node] ticket.cluster/1rEMDKTmTEeglAPsvksnKg
22:04:37.063 [elasticsearch[ticket.node][clusterService#updateTask][T#1]] INFO  org.elasticsearch.gateway - [ticket.node] recovered [0] indices into cluster_state
22:04:37.214 [main] INFO  org.elasticsearch.http - [ticket.node] bound_address {inet[/0:0:0:0:0:0:0:0:9200]}, publish_address {inet[/10.14.208.252:9200]}
22:04:37.215 [main] INFO  org.elasticsearch.node - [ticket.node] {0.90.2}[25471]: started
22:04:37.216 [main] INFO  c.r.s.elasticsearch.ElasticSearchServer - Elastic Search server is started.
22:04:37.216 [main] INFO  c.r.s.elasticsearch.ElasticSearchServer - ES cluster status is GREEN. Waiting for ES recovery.
22:04:37.217 [main] INFO  c.r.s.elasticsearch.ElasticSearchServer - Elastic Search Cluster Staus is GREEN
22:04:38.134 [main] ERROR c.r.s.e.client.ElasticSearchClient - Index is missing
org.elasticsearch.indices.IndexMissingException: [admin] missing
	at org.elasticsearch.cluster.metadata.MetaData.concreteIndex(MetaData.java:616) ~[elasticsearch-0.90.2.jar:na]
	at org.elasticsearch.action.get.TransportGetAction.resolveRequest(TransportGetAction.java:90) ~[elasticsearch-0.90.2.jar:na]
	at org.elasticsearch.action.get.TransportGetAction.resolveRequest(TransportGetAction.java:42) ~[elasticsearch-0.90.2.jar:na]
	at org.elasticsearch.action.support.single.shard.TransportShardSingleOperationAction$AsyncSingleAction.&lt;init&gt;(TransportShardSingleOperationAction.java:114) ~[elasticsearch-0.90.2.jar:na]
	at org.elasticsearch.action.support.single.shard.TransportShardSingleOperationAction$AsyncSingleAction.&lt;init&gt;(TransportShardSingleOperationAction.java:94) ~[elasticsearch-0.90.2.jar:na]
	at org.elasticsearch.action.support.single.shard.TransportShardSingleOperationAction.doExecute(TransportShardSingleOperationAction.java:71) ~[elasticsearch-0.90.2.jar:na]
	at org.elasticsearch.action.support.single.shard.TransportShardSingleOperationAction.doExecute(TransportShardSingleOperationAction.java:46) ~[elasticsearch-0.90.2.jar:na]
	at org.elasticsearch.action.support.TransportAction.execute(TransportAction.java:61) ~[elasticsearch-0.90.2.jar:na]
	at org.elasticsearch.client.node.NodeClient.execute(NodeClient.java:92) ~[elasticsearch-0.90.2.jar:na]
	at org.elasticsearch.client.support.AbstractClient.get(AbstractClient.java:179) ~[elasticsearch-0.90.2.jar:na]
	at org.elasticsearch.action.get.GetRequestBuilder.doExecute(GetRequestBuilder.java:112) ~[elasticsearch-0.90.2.jar:na]
	at org.elasticsearch.action.ActionRequestBuilder.execute(ActionRequestBuilder.java:62) ~[elasticsearch-0.90.2.jar:na]
	at org.elasticsearch.action.ActionRequestBuilder.execute(ActionRequestBuilder.java:57) ~[elasticsearch-0.90.2.jar:na]
	at org.elasticsearch.action.ActionRequestBuilder$execute.call(Unknown Source) ~[na:na]
	at com.rackspace.search.elasticsearch.client.ElasticSearchClient.getDocument(ElasticSearchClient.groovy:209) ~[classes/:na]
	at com.rackspace.search.elasticsearch.client.ElasticSearchClient$getDocument.call(Unknown Source) [classes/:na]
	at com.rackspace.search.service.JobService.getJob(JobService.groovy:56) [classes/:na]
	at com.rackspace.search.service.JobService$getJob$0.callCurrent(Unknown Source) [classes/:na]
	at com.rackspace.search.service.JobService.getJob(JobService.groovy:52) [classes/:na]
	at com.rackspace.search.service.JobService$getJob.call(Unknown Source) [classes/:na]
	at com.rackspace.search.service.admin.AccountOndemandSyncJob.windupActivities(AccountOndemandSyncJob.groovy:119) [classes/:na]
	at sun.reflect.NativeMethodAccessorImpl.invoke0(Native Method) ~[na:1.6.0_38]
	at sun.reflect.NativeMethodAccessorImpl.invoke(NativeMethodAccessorImpl.java:39) ~[na:1.6.0_38]
	at sun.reflect.DelegatingMethodAccessorImpl.invoke(DelegatingMethodAccessorImpl.java:25) ~[na:1.6.0_38]
	at java.lang.reflect.Method.invoke(Method.java:597) ~[na:1.6.0_38]
	at org.springframework.beans.factory.annotation.InitDestroyAnnotationBeanPostProcessor$LifecycleElement.invoke(InitDestroyAnnotationBeanPostProcessor.java:340) [spring-beans-3.0.6.RELEASE.jar:3.0.6.RELEASE]
	at org.springframework.beans.factory.annotation.InitDestroyAnnotationBeanPostProcessor$LifecycleMetadata.invokeDestroyMethods(InitDestroyAnnotationBeanPostProcessor.java:305) [spring-beans-3.0.6.RELEASE.jar:3.0.6.RELEASE]
	at org.springframework.beans.factory.annotation.InitDestroyAnnotationBeanPostProcessor.postProcessBeforeDestruction(InitDestroyAnnotationBeanPostProcessor.java:148) [spring-beans-3.0.6.RELEASE.jar:3.0.6.RELEASE]
	at org.springframework.beans.factory.support.DisposableBeanAdapter.destroy(DisposableBeanAdapter.java:166) [spring-beans-3.0.6.RELEASE.jar:3.0.6.RELEASE]
	at org.springframework.beans.factory.support.DefaultSingletonBeanRegistry.destroyBean(DefaultSingletonBeanRegistry.java:487) [spring-beans-3.0.6.RELEASE.jar:3.0.6.RELEASE]
	at org.springframework.beans.factory.support.DefaultSingletonBeanRegistry.destroySingleton(DefaultSingletonBeanRegistry.java:463) [spring-beans-3.0.6.RELEASE.jar:3.0.6.RELEASE]
	at org.springframework.beans.factory.support.DefaultSingletonBeanRegistry.destroySingletons(DefaultSingletonBeanRegistry.java:431) [spring-beans-3.0.6.RELEASE.jar:3.0.6.RELEASE]
	at org.springframework.context.support.AbstractApplicationContext.destroyBeans(AbstractApplicationContext.java:1048) [spring-context-3.0.6.RELEASE.jar:3.0.6.RELEASE]
	at org.springframework.context.support.AbstractApplicationContext.refresh(AbstractApplicationContext.java:433) [spring-context-3.0.6.RELEASE.jar:3.0.6.RELEASE]
	at org.springframework.test.context.support.AbstractGenericContextLoader.loadContext(AbstractGenericContextLoader.java:84) [spring-test-3.0.6.RELEASE.jar:3.0.6.RELEASE]
	at org.springframework.test.context.support.AbstractGenericContextLoader.loadContext(AbstractGenericContextLoader.java:1) [spring-test-3.0.6.RELEASE.jar:3.0.6.RELEASE]
	at org.springframework.test.context.TestContext.loadApplicationContext(TestContext.java:280) [spring-test-3.0.6.RELEASE.jar:3.0.6.RELEASE]
	at org.springframework.test.context.TestContext.getApplicationContext(TestContext.java:304) [spring-test-3.0.6.RELEASE.jar:3.0.6.RELEASE]
	at org.springframework.test.context.support.DependencyInjectionTestExecutionListener.injectDependencies(DependencyInjectionTestExecutionListener.java:109) [spring-test-3.0.6.RELEASE.jar:3.0.6.RELEASE]
	at org.springframework.test.context.support.DependencyInjectionTestExecutionListener.prepareTestInstance(DependencyInjectionTestExecutionListener.java:75) [spring-test-3.0.6.RELEASE.jar:3.0.6.RELEASE]
	at org.springframework.test.context.TestContextManager.prepareTestInstance(TestContextManager.java:321) [spring-test-3.0.6.RELEASE.jar:3.0.6.RELEASE]
	at org.spockframework.spring.SpringTestContextManager.prepareTestInstance(SpringTestContextManager.java:49) [spock-spring-0.7-groovy-2.0.jar:na]
	at org.spockframework.spring.SpringInterceptor.interceptSetupMethod(SpringInterceptor.java:42) [spock-spring-0.7-groovy-2.0.jar:na]
	at org.spockframework.runtime.extension.AbstractMethodInterceptor.intercept(AbstractMethodInterceptor.java:28) [spock-core-0.7-groovy-2.0.jar:na]
	at org.spockframework.runtime.extension.MethodInvocation.proceed(MethodInvocation.java:84) [spock-core-0.7-groovy-2.0.jar:na]
	at org.spockframework.runtime.BaseSpecRunner.invoke(BaseSpecRunner.java:319) [spock-core-0.7-groovy-2.0.jar:na]
	at org.spockframework.runtime.BaseSpecRunner.invokeSetup(BaseSpecRunner.java:279) [spock-core-0.7-groovy-2.0.jar:na]
	at org.spockframework.runtime.BaseSpecRunner.doRunIteration(BaseSpecRunner.java:255) [spock-core-0.7-groovy-2.0.jar:na]
	at sun.reflect.GeneratedMethodAccessor5.invoke(Unknown Source) ~[na:na]
	at sun.reflect.DelegatingMethodAccessorImpl.invoke(DelegatingMethodAccessorImpl.java:25) ~[na:1.6.0_38]
	at java.lang.reflect.Method.invoke(Method.java:597) ~[na:1.6.0_38]
	at org.spockframework.util.ReflectionUtil.invokeMethod(ReflectionUtil.java:138) [spock-core-0.7-groovy-2.0.jar:na]
	at org.spockframework.runtime.BaseSpecRunner.invokeRaw(BaseSpecRunner.java:330) [spock-core-0.7-groovy-2.0.jar:na]
	at org.spockframework.runtime.BaseSpecRunner.invoke(BaseSpecRunner.java:311) [spock-core-0.7-groovy-2.0.jar:na]
	at org.spockframework.runtime.BaseSpecRunner.runIteration(BaseSpecRunner.java:223) [spock-core-0.7-groovy-2.0.jar:na]
	at org.spockframework.runtime.BaseSpecRunner.initializeAndRunIteration(BaseSpecRunner.java:214) [spock-core-0.7-groovy-2.0.jar:na]
	at org.spockframework.runtime.BaseSpecRunner.runSimpleFeature(BaseSpecRunner.java:205) [spock-core-0.7-groovy-2.0.jar:na]
	at org.spockframework.runtime.BaseSpecRunner.doRunFeature(BaseSpecRunner.java:199) [spock-core-0.7-groovy-2.0.jar:na]
	at sun.reflect.GeneratedMethodAccessor7.invoke(Unknown Source) ~[na:na]
	at sun.reflect.DelegatingMethodAccessorImpl.invoke(DelegatingMethodAccessorImpl.java:25) ~[na:1.6.0_38]
	at java.lang.reflect.Method.invoke(Method.java:597) ~[na:1.6.0_38]
	at org.spockframework.util.ReflectionUtil.invokeMethod(ReflectionUtil.java:138) [spock-core-0.7-groovy-2.0.jar:na]
	at org.spockframework.runtime.BaseSpecRunner.invokeRaw(BaseSpecRunner.java:330) [spock-core-0.7-groovy-2.0.jar:na]
	at org.spockframework.runtime.BaseSpecRunner.invoke(BaseSpecRunner.java:311) [spock-core-0.7-groovy-2.0.jar:na]
	at org.spockframework.runtime.BaseSpecRunner.runFeature(BaseSpecRunner.java:175) [spock-core-0.7-groovy-2.0.jar:na]
	at org.spockframework.runtime.BaseSpecRunner.runFeatures(BaseSpecRunner.java:152) [spock-core-0.7-groovy-2.0.jar:na]
	at org.spockframework.runtime.BaseSpecRunner.doRunSpec(BaseSpecRunner.java:112) [spock-core-0.7-groovy-2.0.jar:na]
	at sun.reflect.GeneratedMethodAccessor11.invoke(Unknown Source) ~[na:na]
	at sun.reflect.DelegatingMethodAccessorImpl.invoke(DelegatingMethodAccessorImpl.java:25) ~[na:1.6.0_38]
	at java.lang.reflect.Method.invoke(Method.java:597) ~[na:1.6.0_38]
	at org.spockframework.util.ReflectionUtil.invokeMethod(ReflectionUtil.java:138) [spock-core-0.7-groovy-2.0.jar:na]
	at org.spockframework.runtime.BaseSpecRunner.invokeRaw(BaseSpecRunner.java:330) [spock-core-0.7-groovy-2.0.jar:na]
	at org.spockframework.runtime.BaseSpecRunner.invoke(BaseSpecRunner.java:311) [spock-core-0.7-groovy-2.0.jar:na]
	at org.spockframework.runtime.BaseSpecRunner.runSpec(BaseSpecRunner.java:91) [spock-core-0.7-groovy-2.0.jar:na]
	at org.spockframework.runtime.BaseSpecRunner.run(BaseSpecRunner.java:82) [spock-core-0.7-groovy-2.0.jar:na]
	at org.spockframework.runtime.Sputnik.run(Sputnik.java:63) [spock-core-0.7-groovy-2.0.jar:na]
	at org.apache.maven.surefire.junit4.JUnit4TestSet.execute(JUnit4TestSet.java:53) [surefire-junit4-2.10.jar:2.10]
	at org.apache.maven.surefire.junit4.JUnit4Provider.executeTestSet(JUnit4Provider.java:123) [surefire-junit4-2.10.jar:2.10]
	at org.apache.maven.surefire.junit4.JUnit4Provider.invoke(JUnit4Provider.java:104) [surefire-junit4-2.10.jar:2.10]
	at sun.reflect.NativeMethodAccessorImpl.invoke0(Native Method) ~[na:1.6.0_38]
	at sun.reflect.NativeMethodAccessorImpl.invoke(NativeMethodAccessorImpl.java:39) ~[na:1.6.0_38]
	at sun.reflect.DelegatingMethodAccessorImpl.invoke(DelegatingMethodAccessorImpl.java:25) ~[na:1.6.0_38]
	at java.lang.reflect.Method.invoke(Method.java:597) ~[na:1.6.0_38]
	at org.apache.maven.surefire.util.ReflectionUtils.invokeMethodWithArray(ReflectionUtils.java:164) [surefire-api-2.10.jar:2.10]
	at org.apache.maven.surefire.booter.ProviderFactory$ProviderProxy.invoke(ProviderFactory.java:110) [surefire-booter-2.10.jar:2.10]
	at org.apache.maven.surefire.booter.SurefireStarter.invokeProvider(SurefireStarter.java:175) [surefire-booter-2.10.jar:2.10]
	at org.apache.maven.surefire.booter.SurefireStarter.runSuitesInProcessWhenForked(SurefireStarter.java:107) [surefire-booter-2.10.jar:2.10]
	at org.apache.maven.surefire.booter.ForkedBooter.main(ForkedBooter.java:68) [surefire-booter-2.10.jar:2.10]
22:04:38.135 [main] WARN  o.s.c.a.CommonAnnotationBeanPostProcessor - Invocation of destroy method failed on bean with name &apos;accountOndemandSyncJob&apos;: com.rackspace.search.exception.NotFoundException: Index is missing
22:04:38.139 [main] ERROR c.r.s.e.client.ElasticSearchClient - Index is missing
org.elasticsearch.indices.IndexMissingException: [admin] missing
	at org.elasticsearch.cluster.metadata.MetaData.concreteIndex(MetaData.java:616) ~[elasticsearch-0.90.2.jar:na]
	at org.elasticsearch.action.get.TransportGetAction.resolveRequest(TransportGetAction.java:90) ~[elasticsearch-0.90.2.jar:na]
	at org.elasticsearch.action.get.TransportGetAction.resolveRequest(TransportGetAction.java:42) ~[elasticsearch-0.90.2.jar:na]
	at org.elasticsearch.action.support.single.shard.TransportShardSingleOperationAction$AsyncSingleAction.&lt;init&gt;(TransportShardSingleOperationAction.java:114) ~[elasticsearch-0.90.2.jar:na]
	at org.elasticsearch.action.support.single.shard.TransportShardSingleOperationAction$AsyncSingleAction.&lt;init&gt;(TransportShardSingleOperationAction.java:94) ~[elasticsearch-0.90.2.jar:na]
	at org.elasticsearch.action.support.single.shard.TransportShardSingleOperationAction.doExecute(TransportShardSingleOperationAction.java:71) ~[elasticsearch-0.90.2.jar:na]
	at org.elasticsearch.action.support.single.shard.TransportShardSingleOperationAction.doExecute(TransportShardSingleOperationAction.java:46) ~[elasticsearch-0.90.2.jar:na]
	at org.elasticsearch.action.support.TransportAction.execute(TransportAction.java:61) ~[elasticsearch-0.90.2.jar:na]
	at org.elasticsearch.client.node.NodeClient.execute(NodeClient.java:92) ~[elasticsearch-0.90.2.jar:na]
	at org.elasticsearch.client.support.AbstractClient.get(AbstractClient.java:179) ~[elasticsearch-0.90.2.jar:na]
	at org.elasticsearch.action.get.GetRequestBuilder.doExecute(GetRequestBuilder.java:112) ~[elasticsearch-0.90.2.jar:na]
	at org.elasticsearch.action.ActionRequestBuilder.execute(ActionRequestBuilder.java:62) ~[elasticsearch-0.90.2.jar:na]
	at org.elasticsearch.action.ActionRequestBuilder.execute(ActionRequestBuilder.java:57) ~[elasticsearch-0.90.2.jar:na]
	at org.elasticsearch.action.ActionRequestBuilder$execute.call(Unknown Source) ~[na:na]
	at com.rackspace.search.elasticsearch.client.ElasticSearchClient.getDocument(ElasticSearchClient.groovy:209) ~[classes/:na]
	at com.rackspace.search.elasticsearch.client.ElasticSearchClient$getDocument.call(Unknown Source) [classes/:na]
	at com.rackspace.search.service.JobService.getJob(JobService.groovy:56) [classes/:na]
	at com.rackspace.search.service.JobService$getJob$0.callCurrent(Unknown Source) [classes/:na]
	at com.rackspace.search.service.JobService.getJob(JobService.groovy:52) [classes/:na]
	at com.rackspace.search.service.JobService$getJob.call(Unknown Source) [classes/:na]
	at com.rackspace.search.service.account.CoreAccountOnetimeSyncJob.windupActivities(CoreAccountOnetimeSyncJob.groovy:58) [classes/:na]
	at sun.reflect.NativeMethodAccessorImpl.invoke0(Native Method) ~[na:1.6.0_38]
	at sun.reflect.NativeMethodAccessorImpl.invoke(NativeMethodAccessorImpl.java:39) ~[na:1.6.0_38]
	at sun.reflect.DelegatingMethodAccessorImpl.invoke(DelegatingMethodAccessorImpl.java:25) ~[na:1.6.0_38]
	at java.lang.reflect.Method.invoke(Method.java:597) ~[na:1.6.0_38]
	at org.springframework.beans.factory.annotation.InitDestroyAnnotationBeanPostProcessor$LifecycleElement.invoke(InitDestroyAnnotationBeanPostProcessor.java:340) [spring-beans-3.0.6.RELEASE.jar:3.0.6.RELEASE]
	at org.springframework.beans.factory.annotation.InitDestroyAnnotationBeanPostProcessor$LifecycleMetadata.invokeDestroyMethods(InitDestroyAnnotationBeanPostProcessor.java:305) [spring-beans-3.0.6.RELEASE.jar:3.0.6.RELEASE]
	at org.springframework.beans.factory.annotation.InitDestroyAnnotationBeanPostProcessor.postProcessBeforeDestruction(InitDestroyAnnotationBeanPostProcessor.java:148) [spring-beans-3.0.6.RELEASE.jar:3.0.6.RELEASE]
	at org.springframework.beans.factory.support.DisposableBeanAdapter.destroy(DisposableBeanAdapter.java:166) [spring-beans-3.0.6.RELEASE.jar:3.0.6.RELEASE]
	at org.springframework.beans.factory.support.DefaultSingletonBeanRegistry.destroyBean(DefaultSingletonBeanRegistry.java:487) [spring-beans-3.0.6.RELEASE.jar:3.0.6.RELEASE]
	at org.springframework.beans.factory.support.DefaultSingletonBeanRegistry.destroySingleton(DefaultSingletonBeanRegistry.java:463) [spring-beans-3.0.6.RELEASE.jar:3.0.6.RELEASE]
	at org.springframework.beans.factory.support.DefaultSingletonBeanRegistry.destroySingletons(DefaultSingletonBeanRegistry.java:431) [spring-beans-3.0.6.RELEASE.jar:3.0.6.RELEASE]
	at org.springframework.context.support.AbstractApplicationContext.destroyBeans(AbstractApplicationContext.java:1048) [spring-context-3.0.6.RELEASE.jar:3.0.6.RELEASE]
	at org.springframework.context.support.AbstractApplicationContext.refresh(AbstractApplicationContext.java:433) [spring-context-3.0.6.RELEASE.jar:3.0.6.RELEASE]
	at org.springframework.test.context.support.AbstractGenericContextLoader.loadContext(AbstractGenericContextLoader.java:84) [spring-test-3.0.6.RELEASE.jar:3.0.6.RELEASE]
	at org.springframework.test.context.support.AbstractGenericContextLoader.loadContext(AbstractGenericContextLoader.java:1) [spring-test-3.0.6.RELEASE.jar:3.0.6.RELEASE]
	at org.springframework.test.context.TestContext.loadApplicationContext(TestContext.java:280) [spring-test-3.0.6.RELEASE.jar:3.0.6.RELEASE]
	at org.springframework.test.context.TestContext.getApplicationContext(TestContext.java:304) [spring-test-3.0.6.RELEASE.jar:3.0.6.RELEASE]
	at org.springframework.test.context.support.DependencyInjectionTestExecutionListener.injectDependencies(DependencyInjectionTestExecutionListener.java:109) [spring-test-3.0.6.RELEASE.jar:3.0.6.RELEASE]
	at org.springframework.test.context.support.DependencyInjectionTestExecutionListener.prepareTestInstance(DependencyInjectionTestExecutionListener.java:75) [spring-test-3.0.6.RELEASE.jar:3.0.6.RELEASE]
	at org.springframework.test.context.TestContextManager.prepareTestInstance(TestContextManager.java:321) [spring-test-3.0.6.RELEASE.jar:3.0.6.RELEASE]
	at org.spockframework.spring.SpringTestContextManager.prepareTestInstance(SpringTestContextManager.java:49) [spock-spring-0.7-groovy-2.0.jar:na]
	at org.spockframework.spring.SpringInterceptor.interceptSetupMethod(SpringInterceptor.java:42) [spock-spring-0.7-groovy-2.0.jar:na]
	at org.spockframework.runtime.extension.AbstractMethodInterceptor.intercept(AbstractMethodInterceptor.java:28) [spock-core-0.7-groovy-2.0.jar:na]
	at org.spockframework.runtime.extension.MethodInvocation.proceed(MethodInvocation.java:84) [spock-core-0.7-groovy-2.0.jar:na]
	at org.spockframework.runtime.BaseSpecRunner.invoke(BaseSpecRunner.java:319) [spock-core-0.7-groovy-2.0.jar:na]
	at org.spockframework.runtime.BaseSpecRunner.invokeSetup(BaseSpecRunner.java:279) [spock-core-0.7-groovy-2.0.jar:na]
	at org.spockframework.runtime.BaseSpecRunner.doRunIteration(BaseSpecRunner.java:255) [spock-core-0.7-groovy-2.0.jar:na]
	at sun.reflect.GeneratedMethodAccessor5.invoke(Unknown Source) ~[na:na]
	at sun.reflect.DelegatingMethodAccessorImpl.invoke(DelegatingMethodAccessorImpl.java:25) ~[na:1.6.0_38]
	at java.lang.reflect.Method.invoke(Method.java:597) ~[na:1.6.0_38]
	at org.spockframework.util.ReflectionUtil.invokeMethod(ReflectionUtil.java:138) [spock-core-0.7-groovy-2.0.jar:na]
	at org.spockframework.runtime.BaseSpecRunner.invokeRaw(BaseSpecRunner.java:330) [spock-core-0.7-groovy-2.0.jar:na]
	at org.spockframework.runtime.BaseSpecRunner.invoke(BaseSpecRunner.java:311) [spock-core-0.7-groovy-2.0.jar:na]
	at org.spockframework.runtime.BaseSpecRunner.runIteration(BaseSpecRunner.java:223) [spock-core-0.7-groovy-2.0.jar:na]
	at org.spockframework.runtime.BaseSpecRunner.initializeAndRunIteration(BaseSpecRunner.java:214) [spock-core-0.7-groovy-2.0.jar:na]
	at org.spockframework.runtime.BaseSpecRunner.runSimpleFeature(BaseSpecRunner.java:205) [spock-core-0.7-groovy-2.0.jar:na]
	at org.spockframework.runtime.BaseSpecRunner.doRunFeature(BaseSpecRunner.java:199) [spock-core-0.7-groovy-2.0.jar:na]
	at sun.reflect.GeneratedMethodAccessor7.invoke(Unknown Source) ~[na:na]
	at sun.reflect.DelegatingMethodAccessorImpl.invoke(DelegatingMethodAccessorImpl.java:25) ~[na:1.6.0_38]
	at java.lang.reflect.Method.invoke(Method.java:597) ~[na:1.6.0_38]
	at org.spockframework.util.ReflectionUtil.invokeMethod(ReflectionUtil.java:138) [spock-core-0.7-groovy-2.0.jar:na]
	at org.spockframework.runtime.BaseSpecRunner.invokeRaw(BaseSpecRunner.java:330) [spock-core-0.7-groovy-2.0.jar:na]
	at org.spockframework.runtime.BaseSpecRunner.invoke(BaseSpecRunner.java:311) [spock-core-0.7-groovy-2.0.jar:na]
	at org.spockframework.runtime.BaseSpecRunner.runFeature(BaseSpecRunner.java:175) [spock-core-0.7-groovy-2.0.jar:na]
	at org.spockframework.runtime.BaseSpecRunner.runFeatures(BaseSpecRunner.java:152) [spock-core-0.7-groovy-2.0.jar:na]
	at org.spockframework.runtime.BaseSpecRunner.doRunSpec(BaseSpecRunner.java:112) [spock-core-0.7-groovy-2.0.jar:na]
	at sun.reflect.GeneratedMethodAccessor11.invoke(Unknown Source) ~[na:na]
	at sun.reflect.DelegatingMethodAccessorImpl.invoke(DelegatingMethodAccessorImpl.java:25) ~[na:1.6.0_38]
	at java.lang.reflect.Method.invoke(Method.java:597) ~[na:1.6.0_38]
	at org.spockframework.util.ReflectionUtil.invokeMethod(ReflectionUtil.java:138) [spock-core-0.7-groovy-2.0.jar:na]
	at org.spockframework.runtime.BaseSpecRunner.invokeRaw(BaseSpecRunner.java:330) [spock-core-0.7-groovy-2.0.jar:na]
	at org.spockframework.runtime.BaseSpecRunner.invoke(BaseSpecRunner.java:311) [spock-core-0.7-groovy-2.0.jar:na]
	at org.spockframework.runtime.BaseSpecRunner.runSpec(BaseSpecRunner.java:91) [spock-core-0.7-groovy-2.0.jar:na]
	at org.spockframework.runtime.BaseSpecRunner.run(BaseSpecRunner.java:82) [spock-core-0.7-groovy-2.0.jar:na]
	at org.spockframework.runtime.Sputnik.run(Sputnik.java:63) [spock-core-0.7-groovy-2.0.jar:na]
	at org.apache.maven.surefire.junit4.JUnit4TestSet.execute(JUnit4TestSet.java:53) [surefire-junit4-2.10.jar:2.10]
	at org.apache.maven.surefire.junit4.JUnit4Provider.executeTestSet(JUnit4Provider.java:123) [surefire-junit4-2.10.jar:2.10]
	at org.apache.maven.surefire.junit4.JUnit4Provider.invoke(JUnit4Provider.java:104) [surefire-junit4-2.10.jar:2.10]
	at sun.reflect.NativeMethodAccessorImpl.invoke0(Native Method) ~[na:1.6.0_38]
	at sun.reflect.NativeMethodAccessorImpl.invoke(NativeMethodAccessorImpl.java:39) ~[na:1.6.0_38]
	at sun.reflect.DelegatingMethodAccessorImpl.invoke(DelegatingMethodAccessorImpl.java:25) ~[na:1.6.0_38]
	at java.lang.reflect.Method.invoke(Method.java:597) ~[na:1.6.0_38]
	at org.apache.maven.surefire.util.ReflectionUtils.invokeMethodWithArray(ReflectionUtils.java:164) [surefire-api-2.10.jar:2.10]
	at org.apache.maven.surefire.booter.ProviderFactory$ProviderProxy.invoke(ProviderFactory.java:110) [surefire-booter-2.10.jar:2.10]
	at org.apache.maven.surefire.booter.SurefireStarter.invokeProvider(SurefireStarter.java:175) [surefire-booter-2.10.jar:2.10]
	at org.apache.maven.surefire.booter.SurefireStarter.runSuitesInProcessWhenForked(SurefireStarter.java:107) [surefire-booter-2.10.jar:2.10]
	at org.apache.maven.surefire.booter.ForkedBooter.main(ForkedBooter.java:68) [surefire-booter-2.10.jar:2.10]
22:04:38.140 [main] WARN  o.s.c.a.CommonAnnotationBeanPostProcessor - Invocation of destroy method failed on bean with name &apos;coreAccountOnetimeSyncJob&apos;: com.rackspace.search.exception.NotFoundException: Index is missing
22:04:38.145 [main] ERROR c.r.s.e.client.ElasticSearchClient - Index is missing
org.elasticsearch.indices.IndexMissingException: [admin] missing
	at org.elasticsearch.cluster.metadata.MetaData.concreteIndex(MetaData.java:616) ~[elasticsearch-0.90.2.jar:na]
	at org.elasticsearch.action.get.TransportGetAction.resolveRequest(TransportGetAction.java:90) ~[elasticsearch-0.90.2.jar:na]
	at org.elasticsearch.action.get.TransportGetAction.resolveRequest(TransportGetAction.java:42) ~[elasticsearch-0.90.2.jar:na]
	at org.elasticsearch.action.support.single.shard.TransportShardSingleOperationAction$AsyncSingleAction.&lt;init&gt;(TransportShardSingleOperationAction.java:114) ~[elasticsearch-0.90.2.jar:na]
	at org.elasticsearch.action.support.single.shard.TransportShardSingleOperationAction$AsyncSingleAction.&lt;init&gt;(TransportShardSingleOperationAction.java:94) ~[elasticsearch-0.90.2.jar:na]
	at org.elasticsearch.action.support.single.shard.TransportShardSingleOperationAction.doExecute(TransportShardSingleOperationAction.java:71) ~[elasticsearch-0.90.2.jar:na]
	at org.elasticsearch.action.support.single.shard.TransportShardSingleOperationAction.doExecute(TransportShardSingleOperationAction.java:46) ~[elasticsearch-0.90.2.jar:na]
	at org.elasticsearch.action.support.TransportAction.execute(TransportAction.java:61) ~[elasticsearch-0.90.2.jar:na]
	at org.elasticsearch.client.node.NodeClient.execute(NodeClient.java:92) ~[elasticsearch-0.90.2.jar:na]
	at org.elasticsearch.client.support.AbstractClient.get(AbstractClient.java:179) ~[elasticsearch-0.90.2.jar:na]
	at org.elasticsearch.action.get.GetRequestBuilder.doExecute(GetRequestBuilder.java:112) ~[elasticsearch-0.90.2.jar:na]
	at org.elasticsearch.action.ActionRequestBuilder.execute(ActionRequestBuilder.java:62) ~[elasticsearch-0.90.2.jar:na]
	at org.elasticsearch.action.ActionRequestBuilder.execute(ActionRequestBuilder.java:57) ~[elasticsearch-0.90.2.jar:na]
	at org.elasticsearch.action.ActionRequestBuilder$execute.call(Unknown Source) ~[na:na]
	at com.rackspace.search.elasticsearch.client.ElasticSearchClient.getDocument(ElasticSearchClient.groovy:209) ~[classes/:na]
	at com.rackspace.search.elasticsearch.client.ElasticSearchClient$getDocument.call(Unknown Source) [classes/:na]
	at com.rackspace.search.service.JobService.getJob(JobService.groovy:56) [classes/:na]
	at com.rackspace.search.service.JobService$getJob$0.callCurrent(Unknown Source) [classes/:na]
	at com.rackspace.search.service.JobService.getJob(JobService.groovy:52) [classes/:na]
	at com.rackspace.search.service.JobService$getJob.call(Unknown Source) [classes/:na]
	at com.rackspace.search.service.account.CoreAccountUpdateSyncJob.windupActivities(CoreAccountUpdateSyncJob.groovy:88) [classes/:na]
	at sun.reflect.NativeMethodAccessorImpl.invoke0(Native Method) ~[na:1.6.0_38]
	at sun.reflect.NativeMethodAccessorImpl.invoke(NativeMethodAccessorImpl.java:39) ~[na:1.6.0_38]
	at sun.reflect.DelegatingMethodAccessorImpl.invoke(DelegatingMethodAccessorImpl.java:25) ~[na:1.6.0_38]
	at java.lang.reflect.Method.invoke(Method.java:597) ~[na:1.6.0_38]
	at org.springframework.beans.factory.annotation.InitDestroyAnnotationBeanPostProcessor$LifecycleElement.invoke(InitDestroyAnnotationBeanPostProcessor.java:340) [spring-beans-3.0.6.RELEASE.jar:3.0.6.RELEASE]
	at org.springframework.beans.factory.annotation.InitDestroyAnnotationBeanPostProcessor$LifecycleMetadata.invokeDestroyMethods(InitDestroyAnnotationBeanPostProcessor.java:305) [spring-beans-3.0.6.RELEASE.jar:3.0.6.RELEASE]
	at org.springframework.beans.factory.annotation.InitDestroyAnnotationBeanPostProcessor.postProcessBeforeDestruction(InitDestroyAnnotationBeanPostProcessor.java:148) [spring-beans-3.0.6.RELEASE.jar:3.0.6.RELEASE]
	at org.springframework.beans.factory.support.DisposableBeanAdapter.destroy(DisposableBeanAdapter.java:166) [spring-beans-3.0.6.RELEASE.jar:3.0.6.RELEASE]
	at org.springframework.beans.factory.support.DefaultSingletonBeanRegistry.destroyBean(DefaultSingletonBeanRegistry.java:487) [spring-beans-3.0.6.RELEASE.jar:3.0.6.RELEASE]
	at org.springframework.beans.factory.support.DefaultSingletonBeanRegistry.destroySingleton(DefaultSingletonBeanRegistry.java:463) [spring-beans-3.0.6.RELEASE.jar:3.0.6.RELEASE]
	at org.springframework.beans.factory.support.DefaultSingletonBeanRegistry.destroySingletons(DefaultSingletonBeanRegistry.java:431) [spring-beans-3.0.6.RELEASE.jar:3.0.6.RELEASE]
	at org.springframework.context.support.AbstractApplicationContext.destroyBeans(AbstractApplicationContext.java:1048) [spring-context-3.0.6.RELEASE.jar:3.0.6.RELEASE]
	at org.springframework.context.support.AbstractApplicationContext.refresh(AbstractApplicationContext.java:433) [spring-context-3.0.6.RELEASE.jar:3.0.6.RELEASE]
	at org.springframework.test.context.support.AbstractGenericContextLoader.loadContext(AbstractGenericContextLoader.java:84) [spring-test-3.0.6.RELEASE.jar:3.0.6.RELEASE]
	at org.springframework.test.context.support.AbstractGenericContextLoader.loadContext(AbstractGenericContextLoader.java:1) [spring-test-3.0.6.RELEASE.jar:3.0.6.RELEASE]
	at org.springframework.test.context.TestContext.loadApplicationContext(TestContext.java:280) [spring-test-3.0.6.RELEASE.jar:3.0.6.RELEASE]
	at org.springframework.test.context.TestContext.getApplicationContext(TestContext.java:304) [spring-test-3.0.6.RELEASE.jar:3.0.6.RELEASE]
	at org.springframework.test.context.support.DependencyInjectionTestExecutionListener.injectDependencies(DependencyInjectionTestExecutionListener.java:109) [spring-test-3.0.6.RELEASE.jar:3.0.6.RELEASE]
	at org.springframework.test.context.support.DependencyInjectionTestExecutionListener.prepareTestInstance(DependencyInjectionTestExecutionListener.java:75) [spring-test-3.0.6.RELEASE.jar:3.0.6.RELEASE]
	at org.springframework.test.context.TestContextManager.prepareTestInstance(TestContextManager.java:321) [spring-test-3.0.6.RELEASE.jar:3.0.6.RELEASE]
	at org.spockframework.spring.SpringTestContextManager.prepareTestInstance(SpringTestContextManager.java:49) [spock-spring-0.7-groovy-2.0.jar:na]
	at org.spockframework.spring.SpringInterceptor.interceptSetupMethod(SpringInterceptor.java:42) [spock-spring-0.7-groovy-2.0.jar:na]
	at org.spockframework.runtime.extension.AbstractMethodInterceptor.intercept(AbstractMethodInterceptor.java:28) [spock-core-0.7-groovy-2.0.jar:na]
	at org.spockframework.runtime.extension.MethodInvocation.proceed(MethodInvocation.java:84) [spock-core-0.7-groovy-2.0.jar:na]
	at org.spockframework.runtime.BaseSpecRunner.invoke(BaseSpecRunner.java:319) [spock-core-0.7-groovy-2.0.jar:na]
	at org.spockframework.runtime.BaseSpecRunner.invokeSetup(BaseSpecRunner.java:279) [spock-core-0.7-groovy-2.0.jar:na]
	at org.spockframework.runtime.BaseSpecRunner.doRunIteration(BaseSpecRunner.java:255) [spock-core-0.7-groovy-2.0.jar:na]
	at sun.reflect.GeneratedMethodAccessor5.invoke(Unknown Source) ~[na:na]
	at sun.reflect.DelegatingMethodAccessorImpl.invoke(DelegatingMethodAccessorImpl.java:25) ~[na:1.6.0_38]
	at java.lang.reflect.Method.invoke(Method.java:597) ~[na:1.6.0_38]
	at org.spockframework.util.ReflectionUtil.invokeMethod(ReflectionUtil.java:138) [spock-core-0.7-groovy-2.0.jar:na]
	at org.spockframework.runtime.BaseSpecRunner.invokeRaw(BaseSpecRunner.java:330) [spock-core-0.7-groovy-2.0.jar:na]
	at org.spockframework.runtime.BaseSpecRunner.invoke(BaseSpecRunner.java:311) [spock-core-0.7-groovy-2.0.jar:na]
	at org.spockframework.runtime.BaseSpecRunner.runIteration(BaseSpecRunner.java:223) [spock-core-0.7-groovy-2.0.jar:na]
	at org.spockframework.runtime.BaseSpecRunner.initializeAndRunIteration(BaseSpecRunner.java:214) [spock-core-0.7-groovy-2.0.jar:na]
	at org.spockframework.runtime.BaseSpecRunner.runSimpleFeature(BaseSpecRunner.java:205) [spock-core-0.7-groovy-2.0.jar:na]
	at org.spockframework.runtime.BaseSpecRunner.doRunFeature(BaseSpecRunner.java:199) [spock-core-0.7-groovy-2.0.jar:na]
	at sun.reflect.GeneratedMethodAccessor7.invoke(Unknown Source) ~[na:na]
	at sun.reflect.DelegatingMethodAccessorImpl.invoke(DelegatingMethodAccessorImpl.java:25) ~[na:1.6.0_38]
	at java.lang.reflect.Method.invoke(Method.java:597) ~[na:1.6.0_38]
	at org.spockframework.util.ReflectionUtil.invokeMethod(ReflectionUtil.java:138) [spock-core-0.7-groovy-2.0.jar:na]
	at org.spockframework.runtime.BaseSpecRunner.invokeRaw(BaseSpecRunner.java:330) [spock-core-0.7-groovy-2.0.jar:na]
	at org.spockframework.runtime.BaseSpecRunner.invoke(BaseSpecRunner.java:311) [spock-core-0.7-groovy-2.0.jar:na]
	at org.spockframework.runtime.BaseSpecRunner.runFeature(BaseSpecRunner.java:175) [spock-core-0.7-groovy-2.0.jar:na]
	at org.spockframework.runtime.BaseSpecRunner.runFeatures(BaseSpecRunner.java:152) [spock-core-0.7-groovy-2.0.jar:na]
	at org.spockframework.runtime.BaseSpecRunner.doRunSpec(BaseSpecRunner.java:112) [spock-core-0.7-groovy-2.0.jar:na]
	at sun.reflect.GeneratedMethodAccessor11.invoke(Unknown Source) ~[na:na]
	at sun.reflect.DelegatingMethodAccessorImpl.invoke(DelegatingMethodAccessorImpl.java:25) ~[na:1.6.0_38]
	at java.lang.reflect.Method.invoke(Method.java:597) ~[na:1.6.0_38]
	at org.spockframework.util.ReflectionUtil.invokeMethod(ReflectionUtil.java:138) [spock-core-0.7-groovy-2.0.jar:na]
	at org.spockframework.runtime.BaseSpecRunner.invokeRaw(BaseSpecRunner.java:330) [spock-core-0.7-groovy-2.0.jar:na]
	at org.spockframework.runtime.BaseSpecRunner.invoke(BaseSpecRunner.java:311) [spock-core-0.7-groovy-2.0.jar:na]
	at org.spockframework.runtime.BaseSpecRunner.runSpec(BaseSpecRunner.java:91) [spock-core-0.7-groovy-2.0.jar:na]
	at org.spockframework.runtime.BaseSpecRunner.run(BaseSpecRunner.java:82) [spock-core-0.7-groovy-2.0.jar:na]
	at org.spockframework.runtime.Sputnik.run(Sputnik.java:63) [spock-core-0.7-groovy-2.0.jar:na]
	at org.apache.maven.surefire.junit4.JUnit4TestSet.execute(JUnit4TestSet.java:53) [surefire-junit4-2.10.jar:2.10]
	at org.apache.maven.surefire.junit4.JUnit4Provider.executeTestSet(JUnit4Provider.java:123) [surefire-junit4-2.10.jar:2.10]
	at org.apache.maven.surefire.junit4.JUnit4Provider.invoke(JUnit4Provider.java:104) [surefire-junit4-2.10.jar:2.10]
	at sun.reflect.NativeMethodAccessorImpl.invoke0(Native Method) ~[na:1.6.0_38]
	at sun.reflect.NativeMethodAccessorImpl.invoke(NativeMethodAccessorImpl.java:39) ~[na:1.6.0_38]
	at sun.reflect.DelegatingMethodAccessorImpl.invoke(DelegatingMethodAccessorImpl.java:25) ~[na:1.6.0_38]
	at java.lang.reflect.Method.invoke(Method.java:597) ~[na:1.6.0_38]
	at org.apache.maven.surefire.util.ReflectionUtils.invokeMethodWithArray(ReflectionUtils.java:164) [surefire-api-2.10.jar:2.10]
	at org.apache.maven.surefire.booter.ProviderFactory$ProviderProxy.invoke(ProviderFactory.java:110) [surefire-booter-2.10.jar:2.10]
	at org.apache.maven.surefire.booter.SurefireStarter.invokeProvider(SurefireStarter.java:175) [surefire-booter-2.10.jar:2.10]
	at org.apache.maven.surefire.booter.SurefireStarter.runSuitesInProcessWhenForked(SurefireStarter.java:107) [surefire-booter-2.10.jar:2.10]
	at org.apache.maven.surefire.booter.ForkedBooter.main(ForkedBooter.java:68) [surefire-booter-2.10.jar:2.10]
22:04:38.146 [main] WARN  o.s.c.a.CommonAnnotationBeanPostProcessor - Invocation of destroy method failed on bean with name &apos;coreAccountUpdateSyncJob&apos;: com.rackspace.search.exception.NotFoundException: Index is missing
22:04:38.151 [main] ERROR c.r.s.e.client.ElasticSearchClient - Index is missing
org.elasticsearch.indices.IndexMissingException: [admin] missing
	at org.elasticsearch.cluster.metadata.MetaData.concreteIndex(MetaData.java:616) ~[elasticsearch-0.90.2.jar:na]
	at org.elasticsearch.action.get.TransportGetAction.resolveRequest(TransportGetAction.java:90) ~[elasticsearch-0.90.2.jar:na]
	at org.elasticsearch.action.get.TransportGetAction.resolveRequest(TransportGetAction.java:42) ~[elasticsearch-0.90.2.jar:na]
	at org.elasticsearch.action.support.single.shard.TransportShardSingleOperationAction$AsyncSingleAction.&lt;init&gt;(TransportShardSingleOperationAction.java:114) ~[elasticsearch-0.90.2.jar:na]
	at org.elasticsearch.action.support.single.shard.TransportShardSingleOperationAction$AsyncSingleAction.&lt;init&gt;(TransportShardSingleOperationAction.java:94) ~[elasticsearch-0.90.2.jar:na]
	at org.elasticsearch.action.support.single.shard.TransportShardSingleOperationAction.doExecute(TransportShardSingleOperationAction.java:71) ~[elasticsearch-0.90.2.jar:na]
	at org.elasticsearch.action.support.single.shard.TransportShardSingleOperationAction.doExecute(TransportShardSingleOperationAction.java:46) ~[elasticsearch-0.90.2.jar:na]
	at org.elasticsearch.action.support.TransportAction.execute(TransportAction.java:61) ~[elasticsearch-0.90.2.jar:na]
	at org.elasticsearch.client.node.NodeClient.execute(NodeClient.java:92) ~[elasticsearch-0.90.2.jar:na]
	at org.elasticsearch.client.support.AbstractClient.get(AbstractClient.java:179) ~[elasticsearch-0.90.2.jar:na]
	at org.elasticsearch.action.get.GetRequestBuilder.doExecute(GetRequestBuilder.java:112) ~[elasticsearch-0.90.2.jar:na]
	at org.elasticsearch.action.ActionRequestBuilder.execute(ActionRequestBuilder.java:62) ~[elasticsearch-0.90.2.jar:na]
	at org.elasticsearch.action.ActionRequestBuilder.execute(ActionRequestBuilder.java:57) ~[elasticsearch-0.90.2.jar:na]
	at org.elasticsearch.action.ActionRequestBuilder$execute.call(Unknown Source) ~[na:na]
	at com.rackspace.search.elasticsearch.client.ElasticSearchClient.getDocument(ElasticSearchClient.groovy:209) ~[classes/:na]
	at com.rackspace.search.elasticsearch.client.ElasticSearchClient$getDocument.call(Unknown Source) [classes/:na]
	at com.rackspace.search.service.JobService.getJob(JobService.groovy:56) [classes/:na]
	at com.rackspace.search.service.JobService$getJob$0.callCurrent(Unknown Source) [classes/:na]
	at com.rackspace.search.service.JobService.getJob(JobService.groovy:52) [classes/:na]
	at com.rackspace.search.service.JobService$getJob.call(Unknown Source) [classes/:na]
	at com.rackspace.search.service.core.CoreTicketSecondPassSyncJob.windupActivities(CoreTicketSecondPassSyncJob.groovy:83) [classes/:na]
	at sun.reflect.NativeMethodAccessorImpl.invoke0(Native Method) ~[na:1.6.0_38]
	at sun.reflect.NativeMethodAccessorImpl.invoke(NativeMethodAccessorImpl.java:39) ~[na:1.6.0_38]
	at sun.reflect.DelegatingMethodAccessorImpl.invoke(DelegatingMethodAccessorImpl.java:25) ~[na:1.6.0_38]
	at java.lang.reflect.Method.invoke(Method.java:597) ~[na:1.6.0_38]
	at org.springframework.beans.factory.annotation.InitDestroyAnnotationBeanPostProcessor$LifecycleElement.invoke(InitDestroyAnnotationBeanPostProcessor.java:340) [spring-beans-3.0.6.RELEASE.jar:3.0.6.RELEASE]
	at org.springframework.beans.factory.annotation.InitDestroyAnnotationBeanPostProcessor$LifecycleMetadata.invokeDestroyMethods(InitDestroyAnnotationBeanPostProcessor.java:305) [spring-beans-3.0.6.RELEASE.jar:3.0.6.RELEASE]
	at org.springframework.beans.factory.annotation.InitDestroyAnnotationBeanPostProcessor.postProcessBeforeDestruction(InitDestroyAnnotationBeanPostProcessor.java:148) [spring-beans-3.0.6.RELEASE.jar:3.0.6.RELEASE]
	at org.springframework.beans.factory.support.DisposableBeanAdapter.destroy(DisposableBeanAdapter.java:166) [spring-beans-3.0.6.RELEASE.jar:3.0.6.RELEASE]
	at org.springframework.beans.factory.support.DefaultSingletonBeanRegistry.destroyBean(DefaultSingletonBeanRegistry.java:487) [spring-beans-3.0.6.RELEASE.jar:3.0.6.RELEASE]
	at org.springframework.beans.factory.support.DefaultSingletonBeanRegistry.destroySingleton(DefaultSingletonBeanRegistry.java:463) [spring-beans-3.0.6.RELEASE.jar:3.0.6.RELEASE]
	at org.springframework.beans.factory.support.DefaultSingletonBeanRegistry.destroySingletons(DefaultSingletonBeanRegistry.java:431) [spring-beans-3.0.6.RELEASE.jar:3.0.6.RELEASE]
	at org.springframework.context.support.AbstractApplicationContext.destroyBeans(AbstractApplicationContext.java:1048) [spring-context-3.0.6.RELEASE.jar:3.0.6.RELEASE]
	at org.springframework.context.support.AbstractApplicationContext.refresh(AbstractApplicationContext.java:433) [spring-context-3.0.6.RELEASE.jar:3.0.6.RELEASE]
	at org.springframework.test.context.support.AbstractGenericContextLoader.loadContext(AbstractGenericContextLoader.java:84) [spring-test-3.0.6.RELEASE.jar:3.0.6.RELEASE]
	at org.springframework.test.context.support.AbstractGenericContextLoader.loadContext(AbstractGenericContextLoader.java:1) [spring-test-3.0.6.RELEASE.jar:3.0.6.RELEASE]
	at org.springframework.test.context.TestContext.loadApplicationContext(TestContext.java:280) [spring-test-3.0.6.RELEASE.jar:3.0.6.RELEASE]
	at org.springframework.test.context.TestContext.getApplicationContext(TestContext.java:304) [spring-test-3.0.6.RELEASE.jar:3.0.6.RELEASE]
	at org.springframework.test.context.support.DependencyInjectionTestExecutionListener.injectDependencies(DependencyInjectionTestExecutionListener.java:109) [spring-test-3.0.6.RELEASE.jar:3.0.6.RELEASE]
	at org.springframework.test.context.support.DependencyInjectionTestExecutionListener.prepareTestInstance(DependencyInjectionTestExecutionListener.java:75) [spring-test-3.0.6.RELEASE.jar:3.0.6.RELEASE]
	at org.springframework.test.context.TestContextManager.prepareTestInstance(TestContextManager.java:321) [spring-test-3.0.6.RELEASE.jar:3.0.6.RELEASE]
	at org.spockframework.spring.SpringTestContextManager.prepareTestInstance(SpringTestContextManager.java:49) [spock-spring-0.7-groovy-2.0.jar:na]
	at org.spockframework.spring.SpringInterceptor.interceptSetupMethod(SpringInterceptor.java:42) [spock-spring-0.7-groovy-2.0.jar:na]
	at org.spockframework.runtime.extension.AbstractMethodInterceptor.intercept(AbstractMethodInterceptor.java:28) [spock-core-0.7-groovy-2.0.jar:na]
	at org.spockframework.runtime.extension.MethodInvocation.proceed(MethodInvocation.java:84) [spock-core-0.7-groovy-2.0.jar:na]
	at org.spockframework.runtime.BaseSpecRunner.invoke(BaseSpecRunner.java:319) [spock-core-0.7-groovy-2.0.jar:na]
	at org.spockframework.runtime.BaseSpecRunner.invokeSetup(BaseSpecRunner.java:279) [spock-core-0.7-groovy-2.0.jar:na]
	at org.spockframework.runtime.BaseSpecRunner.doRunIteration(BaseSpecRunner.java:255) [spock-core-0.7-groovy-2.0.jar:na]
	at sun.reflect.GeneratedMethodAccessor5.invoke(Unknown Source) ~[na:na]
	at sun.reflect.DelegatingMethodAccessorImpl.invoke(DelegatingMethodAccessorImpl.java:25) ~[na:1.6.0_38]
	at java.lang.reflect.Method.invoke(Method.java:597) ~[na:1.6.0_38]
	at org.spockframework.util.ReflectionUtil.invokeMethod(ReflectionUtil.java:138) [spock-core-0.7-groovy-2.0.jar:na]
	at org.spockframework.runtime.BaseSpecRunner.invokeRaw(BaseSpecRunner.java:330) [spock-core-0.7-groovy-2.0.jar:na]
	at org.spockframework.runtime.BaseSpecRunner.invoke(BaseSpecRunner.java:311) [spock-core-0.7-groovy-2.0.jar:na]
	at org.spockframework.runtime.BaseSpecRunner.runIteration(BaseSpecRunner.java:223) [spock-core-0.7-groovy-2.0.jar:na]
	at org.spockframework.runtime.BaseSpecRunner.initializeAndRunIteration(BaseSpecRunner.java:214) [spock-core-0.7-groovy-2.0.jar:na]
	at org.spockframework.runtime.BaseSpecRunner.runSimpleFeature(BaseSpecRunner.java:205) [spock-core-0.7-groovy-2.0.jar:na]
	at org.spockframework.runtime.BaseSpecRunner.doRunFeature(BaseSpecRunner.java:199) [spock-core-0.7-groovy-2.0.jar:na]
	at sun.reflect.GeneratedMethodAccessor7.invoke(Unknown Source) ~[na:na]
	at sun.reflect.DelegatingMethodAccessorImpl.invoke(DelegatingMethodAccessorImpl.java:25) ~[na:1.6.0_38]
	at java.lang.reflect.Method.invoke(Method.java:597) ~[na:1.6.0_38]
	at org.spockframework.util.ReflectionUtil.invokeMethod(ReflectionUtil.java:138) [spock-core-0.7-groovy-2.0.jar:na]
	at org.spockframework.runtime.BaseSpecRunner.invokeRaw(BaseSpecRunner.java:330) [spock-core-0.7-groovy-2.0.jar:na]
	at org.spockframework.runtime.BaseSpecRunner.invoke(BaseSpecRunner.java:311) [spock-core-0.7-groovy-2.0.jar:na]
	at org.spockframework.runtime.BaseSpecRunner.runFeature(BaseSpecRunner.java:175) [spock-core-0.7-groovy-2.0.jar:na]
	at org.spockframework.runtime.BaseSpecRunner.runFeatures(BaseSpecRunner.java:152) [spock-core-0.7-groovy-2.0.jar:na]
	at org.spockframework.runtime.BaseSpecRunner.doRunSpec(BaseSpecRunner.java:112) [spock-core-0.7-groovy-2.0.jar:na]
	at sun.reflect.GeneratedMethodAccessor11.invoke(Unknown Source) ~[na:na]
	at sun.reflect.DelegatingMethodAccessorImpl.invoke(DelegatingMethodAccessorImpl.java:25) ~[na:1.6.0_38]
	at java.lang.reflect.Method.invoke(Method.java:597) ~[na:1.6.0_38]
	at org.spockframework.util.ReflectionUtil.invokeMethod(ReflectionUtil.java:138) [spock-core-0.7-groovy-2.0.jar:na]
	at org.spockframework.runtime.BaseSpecRunner.invokeRaw(BaseSpecRunner.java:330) [spock-core-0.7-groovy-2.0.jar:na]
	at org.spockframework.runtime.BaseSpecRunner.invoke(BaseSpecRunner.java:311) [spock-core-0.7-groovy-2.0.jar:na]
	at org.spockframework.runtime.BaseSpecRunner.runSpec(BaseSpecRunner.java:91) [spock-core-0.7-groovy-2.0.jar:na]
	at org.spockframework.runtime.BaseSpecRunner.run(BaseSpecRunner.java:82) [spock-core-0.7-groovy-2.0.jar:na]
	at org.spockframework.runtime.Sputnik.run(Sputnik.java:63) [spock-core-0.7-groovy-2.0.jar:na]
	at org.apache.maven.surefire.junit4.JUnit4TestSet.execute(JUnit4TestSet.java:53) [surefire-junit4-2.10.jar:2.10]
	at org.apache.maven.surefire.junit4.JUnit4Provider.executeTestSet(JUnit4Provider.java:123) [surefire-junit4-2.10.jar:2.10]
	at org.apache.maven.surefire.junit4.JUnit4Provider.invoke(JUnit4Provider.java:104) [surefire-junit4-2.10.jar:2.10]
	at sun.reflect.NativeMethodAccessorImpl.invoke0(Native Method) ~[na:1.6.0_38]
	at sun.reflect.NativeMethodAccessorImpl.invoke(NativeMethodAccessorImpl.java:39) ~[na:1.6.0_38]
	at sun.reflect.DelegatingMethodAccessorImpl.invoke(DelegatingMethodAccessorImpl.java:25) ~[na:1.6.0_38]
	at java.lang.reflect.Method.invoke(Method.java:597) ~[na:1.6.0_38]
	at org.apache.maven.surefire.util.ReflectionUtils.invokeMethodWithArray(ReflectionUtils.java:164) [surefire-api-2.10.jar:2.10]
	at org.apache.maven.surefire.booter.ProviderFactory$ProviderProxy.invoke(ProviderFactory.java:110) [surefire-booter-2.10.jar:2.10]
	at org.apache.maven.surefire.booter.SurefireStarter.invokeProvider(SurefireStarter.java:175) [surefire-booter-2.10.jar:2.10]
	at org.apache.maven.surefire.booter.SurefireStarter.runSuitesInProcessWhenForked(SurefireStarter.java:107) [surefire-booter-2.10.jar:2.10]
	at org.apache.maven.surefire.booter.ForkedBooter.main(ForkedBooter.java:68) [surefire-booter-2.10.jar:2.10]
22:04:38.152 [main] WARN  o.s.c.a.CommonAnnotationBeanPostProcessor - Invocation of destroy method failed on bean with name &apos;coreTicketSecondPassSyncJob&apos;: com.rackspace.search.exception.NotFoundException: Index is missing
22:04:38.156 [main] ERROR c.r.s.e.client.ElasticSearchClient - Index is missing
org.elasticsearch.indices.IndexMissingException: [admin] missing
	at org.elasticsearch.cluster.metadata.MetaData.concreteIndex(MetaData.java:616) ~[elasticsearch-0.90.2.jar:na]
	at org.elasticsearch.action.get.TransportGetAction.resolveRequest(TransportGetAction.java:90) ~[elasticsearch-0.90.2.jar:na]
	at org.elasticsearch.action.get.TransportGetAction.resolveRequest(TransportGetAction.java:42) ~[elasticsearch-0.90.2.jar:na]
	at org.elasticsearch.action.support.single.shard.TransportShardSingleOperationAction$AsyncSingleAction.&lt;init&gt;(TransportShardSingleOperationAction.java:114) ~[elasticsearch-0.90.2.jar:na]
	at org.elasticsearch.action.support.single.shard.TransportShardSingleOperationAction$AsyncSingleAction.&lt;init&gt;(TransportShardSingleOperationAction.java:94) ~[elasticsearch-0.90.2.jar:na]
	at org.elasticsearch.action.support.single.shard.TransportShardSingleOperationAction.doExecute(TransportShardSingleOperationAction.java:71) ~[elasticsearch-0.90.2.jar:na]
	at org.elasticsearch.action.support.single.shard.TransportShardSingleOperationAction.doExecute(TransportShardSingleOperationAction.java:46) ~[elasticsearch-0.90.2.jar:na]
	at org.elasticsearch.action.support.TransportAction.execute(TransportAction.java:61) ~[elasticsearch-0.90.2.jar:na]
	at org.elasticsearch.client.node.NodeClient.execute(NodeClient.java:92) ~[elasticsearch-0.90.2.jar:na]
	at org.elasticsearch.client.support.AbstractClient.get(AbstractClient.java:179) ~[elasticsearch-0.90.2.jar:na]
	at org.elasticsearch.action.get.GetRequestBuilder.doExecute(GetRequestBuilder.java:112) ~[elasticsearch-0.90.2.jar:na]
	at org.elasticsearch.action.ActionRequestBuilder.execute(ActionRequestBuilder.java:62) ~[elasticsearch-0.90.2.jar:na]
	at org.elasticsearch.action.ActionRequestBuilder.execute(ActionRequestBuilder.java:57) ~[elasticsearch-0.90.2.jar:na]
	at org.elasticsearch.action.ActionRequestBuilder$execute.call(Unknown Source) ~[na:na]
	at com.rackspace.search.elasticsearch.client.ElasticSearchClient.getDocument(ElasticSearchClient.groovy:209) ~[classes/:na]
	at com.rackspace.search.elasticsearch.client.ElasticSearchClient$getDocument.call(Unknown Source) [classes/:na]
	at com.rackspace.search.service.JobService.getJob(JobService.groovy:56) [classes/:na]
	at com.rackspace.search.service.JobService$getJob$0.callCurrent(Unknown Source) [classes/:na]
	at com.rackspace.search.service.JobService.getJob(JobService.groovy:52) [classes/:na]
	at com.rackspace.search.service.JobService$getJob.call(Unknown Source) [classes/:na]
	at com.rackspace.search.service.admin.CoreTicketOndemandSyncJob.windupActivities(CoreTicketOndemandSyncJob.groovy:91) [classes/:na]
	at sun.reflect.NativeMethodAccessorImpl.invoke0(Native Method) ~[na:1.6.0_38]
	at sun.reflect.NativeMethodAccessorImpl.invoke(NativeMethodAccessorImpl.java:39) ~[na:1.6.0_38]
	at sun.reflect.DelegatingMethodAccessorImpl.invoke(DelegatingMethodAccessorImpl.java:25) ~[na:1.6.0_38]
	at java.lang.reflect.Method.invoke(Method.java:597) ~[na:1.6.0_38]
	at org.springframework.beans.factory.annotation.InitDestroyAnnotationBeanPostProcessor$LifecycleElement.invoke(InitDestroyAnnotationBeanPostProcessor.java:340) [spring-beans-3.0.6.RELEASE.jar:3.0.6.RELEASE]
	at org.springframework.beans.factory.annotation.InitDestroyAnnotationBeanPostProcessor$LifecycleMetadata.invokeDestroyMethods(InitDestroyAnnotationBeanPostProcessor.java:305) [spring-beans-3.0.6.RELEASE.jar:3.0.6.RELEASE]
	at org.springframework.beans.factory.annotation.InitDestroyAnnotationBeanPostProcessor.postProcessBeforeDestruction(InitDestroyAnnotationBeanPostProcessor.java:148) [spring-beans-3.0.6.RELEASE.jar:3.0.6.RELEASE]
	at org.springframework.beans.factory.support.DisposableBeanAdapter.destroy(DisposableBeanAdapter.java:166) [spring-beans-3.0.6.RELEASE.jar:3.0.6.RELEASE]
	at org.springframework.beans.factory.support.DefaultSingletonBeanRegistry.destroyBean(DefaultSingletonBeanRegistry.java:487) [spring-beans-3.0.6.RELEASE.jar:3.0.6.RELEASE]
	at org.springframework.beans.factory.support.DefaultSingletonBeanRegistry.destroySingleton(DefaultSingletonBeanRegistry.java:463) [spring-beans-3.0.6.RELEASE.jar:3.0.6.RELEASE]
	at org.springframework.beans.factory.support.DefaultSingletonBeanRegistry.destroySingletons(DefaultSingletonBeanRegistry.java:431) [spring-beans-3.0.6.RELEASE.jar:3.0.6.RELEASE]
	at org.springframework.context.support.AbstractApplicationContext.destroyBeans(AbstractApplicationContext.java:1048) [spring-context-3.0.6.RELEASE.jar:3.0.6.RELEASE]
	at org.springframework.context.support.AbstractApplicationContext.refresh(AbstractApplicationContext.java:433) [spring-context-3.0.6.RELEASE.jar:3.0.6.RELEASE]
	at org.springframework.test.context.support.AbstractGenericContextLoader.loadContext(AbstractGenericContextLoader.java:84) [spring-test-3.0.6.RELEASE.jar:3.0.6.RELEASE]
	at org.springframework.test.context.support.AbstractGenericContextLoader.loadContext(AbstractGenericContextLoader.java:1) [spring-test-3.0.6.RELEASE.jar:3.0.6.RELEASE]
	at org.springframework.test.context.TestContext.loadApplicationContext(TestContext.java:280) [spring-test-3.0.6.RELEASE.jar:3.0.6.RELEASE]
	at org.springframework.test.context.TestContext.getApplicationContext(TestContext.java:304) [spring-test-3.0.6.RELEASE.jar:3.0.6.RELEASE]
	at org.springframework.test.context.support.DependencyInjectionTestExecutionListener.injectDependencies(DependencyInjectionTestExecutionListener.java:109) [spring-test-3.0.6.RELEASE.jar:3.0.6.RELEASE]
	at org.springframework.test.context.support.DependencyInjectionTestExecutionListener.prepareTestInstance(DependencyInjectionTestExecutionListener.java:75) [spring-test-3.0.6.RELEASE.jar:3.0.6.RELEASE]
	at org.springframework.test.context.TestContextManager.prepareTestInstance(TestContextManager.java:321) [spring-test-3.0.6.RELEASE.jar:3.0.6.RELEASE]
	at org.spockframework.spring.SpringTestContextManager.prepareTestInstance(SpringTestContextManager.java:49) [spock-spring-0.7-groovy-2.0.jar:na]
	at org.spockframework.spring.SpringInterceptor.interceptSetupMethod(SpringInterceptor.java:42) [spock-spring-0.7-groovy-2.0.jar:na]
	at org.spockframework.runtime.extension.AbstractMethodInterceptor.intercept(AbstractMethodInterceptor.java:28) [spock-core-0.7-groovy-2.0.jar:na]
	at org.spockframework.runtime.extension.MethodInvocation.proceed(MethodInvocation.java:84) [spock-core-0.7-groovy-2.0.jar:na]
	at org.spockframework.runtime.BaseSpecRunner.invoke(BaseSpecRunner.java:319) [spock-core-0.7-groovy-2.0.jar:na]
	at org.spockframework.runtime.BaseSpecRunner.invokeSetup(BaseSpecRunner.java:279) [spock-core-0.7-groovy-2.0.jar:na]
	at org.spockframework.runtime.BaseSpecRunner.doRunIteration(BaseSpecRunner.java:255) [spock-core-0.7-groovy-2.0.jar:na]
	at sun.reflect.GeneratedMethodAccessor5.invoke(Unknown Source) ~[na:na]
	at sun.reflect.DelegatingMethodAccessorImpl.invoke(DelegatingMethodAccessorImpl.java:25) ~[na:1.6.0_38]
	at java.lang.reflect.Method.invoke(Method.java:597) ~[na:1.6.0_38]
	at org.spockframework.util.ReflectionUtil.invokeMethod(ReflectionUtil.java:138) [spock-core-0.7-groovy-2.0.jar:na]
	at org.spockframework.runtime.BaseSpecRunner.invokeRaw(BaseSpecRunner.java:330) [spock-core-0.7-groovy-2.0.jar:na]
	at org.spockframework.runtime.BaseSpecRunner.invoke(BaseSpecRunner.java:311) [spock-core-0.7-groovy-2.0.jar:na]
	at org.spockframework.runtime.BaseSpecRunner.runIteration(BaseSpecRunner.java:223) [spock-core-0.7-groovy-2.0.jar:na]
	at org.spockframework.runtime.BaseSpecRunner.initializeAndRunIteration(BaseSpecRunner.java:214) [spock-core-0.7-groovy-2.0.jar:na]
	at org.spockframework.runtime.BaseSpecRunner.runSimpleFeature(BaseSpecRunner.java:205) [spock-core-0.7-groovy-2.0.jar:na]
	at org.spockframework.runtime.BaseSpecRunner.doRunFeature(BaseSpecRunner.java:199) [spock-core-0.7-groovy-2.0.jar:na]
	at sun.reflect.GeneratedMethodAccessor7.invoke(Unknown Source) ~[na:na]
	at sun.reflect.DelegatingMethodAccessorImpl.invoke(DelegatingMethodAccessorImpl.java:25) ~[na:1.6.0_38]
	at java.lang.reflect.Method.invoke(Method.java:597) ~[na:1.6.0_38]
	at org.spockframework.util.ReflectionUtil.invokeMethod(ReflectionUtil.java:138) [spock-core-0.7-groovy-2.0.jar:na]
	at org.spockframework.runtime.BaseSpecRunner.invokeRaw(BaseSpecRunner.java:330) [spock-core-0.7-groovy-2.0.jar:na]
	at org.spockframework.runtime.BaseSpecRunner.invoke(BaseSpecRunner.java:311) [spock-core-0.7-groovy-2.0.jar:na]
	at org.spockframework.runtime.BaseSpecRunner.runFeature(BaseSpecRunner.java:175) [spock-core-0.7-groovy-2.0.jar:na]
	at org.spockframework.runtime.BaseSpecRunner.runFeatures(BaseSpecRunner.java:152) [spock-core-0.7-groovy-2.0.jar:na]
	at org.spockframework.runtime.BaseSpecRunner.doRunSpec(BaseSpecRunner.java:112) [spock-core-0.7-groovy-2.0.jar:na]
	at sun.reflect.GeneratedMethodAccessor11.invoke(Unknown Source) ~[na:na]
	at sun.reflect.DelegatingMethodAccessorImpl.invoke(DelegatingMethodAccessorImpl.java:25) ~[na:1.6.0_38]
	at java.lang.reflect.Method.invoke(Method.java:597) ~[na:1.6.0_38]
	at org.spockframework.util.ReflectionUtil.invokeMethod(ReflectionUtil.java:138) [spock-core-0.7-groovy-2.0.jar:na]
	at org.spockframework.runtime.BaseSpecRunner.invokeRaw(BaseSpecRunner.java:330) [spock-core-0.7-groovy-2.0.jar:na]
	at org.spockframework.runtime.BaseSpecRunner.invoke(BaseSpecRunner.java:311) [spock-core-0.7-groovy-2.0.jar:na]
	at org.spockframework.runtime.BaseSpecRunner.runSpec(BaseSpecRunner.java:91) [spock-core-0.7-groovy-2.0.jar:na]
	at org.spockframework.runtime.BaseSpecRunner.run(BaseSpecRunner.java:82) [spock-core-0.7-groovy-2.0.jar:na]
	at org.spockframework.runtime.Sputnik.run(Sputnik.java:63) [spock-core-0.7-groovy-2.0.jar:na]
	at org.apache.maven.surefire.junit4.JUnit4TestSet.execute(JUnit4TestSet.java:53) [surefire-junit4-2.10.jar:2.10]
	at org.apache.maven.surefire.junit4.JUnit4Provider.executeTestSet(JUnit4Provider.java:123) [surefire-junit4-2.10.jar:2.10]
	at org.apache.maven.surefire.junit4.JUnit4Provider.invoke(JUnit4Provider.java:104) [surefire-junit4-2.10.jar:2.10]
	at sun.reflect.NativeMethodAccessorImpl.invoke0(Native Method) ~[na:1.6.0_38]
	at sun.reflect.NativeMethodAccessorImpl.invoke(NativeMethodAccessorImpl.java:39) ~[na:1.6.0_38]
	at sun.reflect.DelegatingMethodAccessorImpl.invoke(DelegatingMethodAccessorImpl.java:25) ~[na:1.6.0_38]
	at java.lang.reflect.Method.invoke(Method.java:597) ~[na:1.6.0_38]
	at org.apache.maven.surefire.util.ReflectionUtils.invokeMethodWithArray(ReflectionUtils.java:164) [surefire-api-2.10.jar:2.10]
	at org.apache.maven.surefire.booter.ProviderFactory$ProviderProxy.invoke(ProviderFactory.java:110) [surefire-booter-2.10.jar:2.10]
	at org.apache.maven.surefire.booter.SurefireStarter.invokeProvider(SurefireStarter.java:175) [surefire-booter-2.10.jar:2.10]
	at org.apache.maven.surefire.booter.SurefireStarter.runSuitesInProcessWhenForked(SurefireStarter.java:107) [surefire-booter-2.10.jar:2.10]
	at org.apache.maven.surefire.booter.ForkedBooter.main(ForkedBooter.java:68) [surefire-booter-2.10.jar:2.10]
22:04:38.157 [main] WARN  o.s.c.a.CommonAnnotationBeanPostProcessor - Invocation of destroy method failed on bean with name &apos;coreTicketOndemandSyncJob&apos;: com.rackspace.search.exception.NotFoundException: Index is missing
22:04:38.162 [main] ERROR c.r.s.e.client.ElasticSearchClient - Index is missing
org.elasticsearch.indices.IndexMissingException: [admin] missing
	at org.elasticsearch.cluster.metadata.MetaData.concreteIndex(MetaData.java:616) ~[elasticsearch-0.90.2.jar:na]
	at org.elasticsearch.action.get.TransportGetAction.resolveRequest(TransportGetAction.java:90) ~[elasticsearch-0.90.2.jar:na]
	at org.elasticsearch.action.get.TransportGetAction.resolveRequest(TransportGetAction.java:42) ~[elasticsearch-0.90.2.jar:na]
	at org.elasticsearch.action.support.single.shard.TransportShardSingleOperationAction$AsyncSingleAction.&lt;init&gt;(TransportShardSingleOperationAction.java:114) ~[elasticsearch-0.90.2.jar:na]
	at org.elasticsearch.action.support.single.shard.TransportShardSingleOperationAction$AsyncSingleAction.&lt;init&gt;(TransportShardSingleOperationAction.java:94) ~[elasticsearch-0.90.2.jar:na]
	at org.elasticsearch.action.support.single.shard.TransportShardSingleOperationAction.doExecute(TransportShardSingleOperationAction.java:71) ~[elasticsearch-0.90.2.jar:na]
	at org.elasticsearch.action.support.single.shard.TransportShardSingleOperationAction.doExecute(TransportShardSingleOperationAction.java:46) ~[elasticsearch-0.90.2.jar:na]
	at org.elasticsearch.action.support.TransportAction.execute(TransportAction.java:61) ~[elasticsearch-0.90.2.jar:na]
	at org.elasticsearch.client.node.NodeClient.execute(NodeClient.java:92) ~[elasticsearch-0.90.2.jar:na]
	at org.elasticsearch.client.support.AbstractClient.get(AbstractClient.java:179) ~[elasticsearch-0.90.2.jar:na]
	at org.elasticsearch.action.get.GetRequestBuilder.doExecute(GetRequestBuilder.java:112) ~[elasticsearch-0.90.2.jar:na]
	at org.elasticsearch.action.ActionRequestBuilder.execute(ActionRequestBuilder.java:62) ~[elasticsearch-0.90.2.jar:na]
	at org.elasticsearch.action.ActionRequestBuilder.execute(ActionRequestBuilder.java:57) ~[elasticsearch-0.90.2.jar:na]
	at org.elasticsearch.action.ActionRequestBuilder$execute.call(Unknown Source) ~[na:na]
	at com.rackspace.search.elasticsearch.client.ElasticSearchClient.getDocument(ElasticSearchClient.groovy:209) ~[classes/:na]
	at com.rackspace.search.elasticsearch.client.ElasticSearchClient$getDocument.call(Unknown Source) [classes/:na]
	at com.rackspace.search.service.JobService.getJob(JobService.groovy:56) [classes/:na]
	at com.rackspace.search.service.JobService$getJob$0.callCurrent(Unknown Source) [classes/:na]
	at com.rackspace.search.service.JobService.getJob(JobService.groovy:52) [classes/:na]
	at com.rackspace.search.service.JobService$getJob.call(Unknown Source) [classes/:na]
	at com.rackspace.search.service.account.AccountOngoingSyncJob.windupActivities(AccountOngoingSyncJob.groovy:89) [classes/:na]
	at sun.reflect.NativeMethodAccessorImpl.invoke0(Native Method) ~[na:1.6.0_38]
	at sun.reflect.NativeMethodAccessorImpl.invoke(NativeMethodAccessorImpl.java:39) ~[na:1.6.0_38]
	at sun.reflect.DelegatingMethodAccessorImpl.invoke(DelegatingMethodAccessorImpl.java:25) ~[na:1.6.0_38]
	at java.lang.reflect.Method.invoke(Method.java:597) ~[na:1.6.0_38]
	at org.springframework.beans.factory.annotation.InitDestroyAnnotationBeanPostProcessor$LifecycleElement.invoke(InitDestroyAnnotationBeanPostProcessor.java:340) [spring-beans-3.0.6.RELEASE.jar:3.0.6.RELEASE]
	at org.springframework.beans.factory.annotation.InitDestroyAnnotationBeanPostProcessor$LifecycleMetadata.invokeDestroyMethods(InitDestroyAnnotationBeanPostProcessor.java:305) [spring-beans-3.0.6.RELEASE.jar:3.0.6.RELEASE]
	at org.springframework.beans.factory.annotation.InitDestroyAnnotationBeanPostProcessor.postProcessBeforeDestruction(InitDestroyAnnotationBeanPostProcessor.java:148) [spring-beans-3.0.6.RELEASE.jar:3.0.6.RELEASE]
	at org.springframework.beans.factory.support.DisposableBeanAdapter.destroy(DisposableBeanAdapter.java:166) [spring-beans-3.0.6.RELEASE.jar:3.0.6.RELEASE]
	at org.springframework.beans.factory.support.DefaultSingletonBeanRegistry.destroyBean(DefaultSingletonBeanRegistry.java:487) [spring-beans-3.0.6.RELEASE.jar:3.0.6.RELEASE]
	at org.springframework.beans.factory.support.DefaultSingletonBeanRegistry.destroySingleton(DefaultSingletonBeanRegistry.java:463) [spring-beans-3.0.6.RELEASE.jar:3.0.6.RELEASE]
	at org.springframework.beans.factory.support.DefaultSingletonBeanRegistry.destroySingletons(DefaultSingletonBeanRegistry.java:431) [spring-beans-3.0.6.RELEASE.jar:3.0.6.RELEASE]
	at org.springframework.context.support.AbstractApplicationContext.destroyBeans(AbstractApplicationContext.java:1048) [spring-context-3.0.6.RELEASE.jar:3.0.6.RELEASE]
	at org.springframework.context.support.AbstractApplicationContext.refresh(AbstractApplicationContext.java:433) [spring-context-3.0.6.RELEASE.jar:3.0.6.RELEASE]
	at org.springframework.test.context.support.AbstractGenericContextLoader.loadContext(AbstractGenericContextLoader.java:84) [spring-test-3.0.6.RELEASE.jar:3.0.6.RELEASE]
	at org.springframework.test.context.support.AbstractGenericContextLoader.loadContext(AbstractGenericContextLoader.java:1) [spring-test-3.0.6.RELEASE.jar:3.0.6.RELEASE]
	at org.springframework.test.context.TestContext.loadApplicationContext(TestContext.java:280) [spring-test-3.0.6.RELEASE.jar:3.0.6.RELEASE]
	at org.springframework.test.context.TestContext.getApplicationContext(TestContext.java:304) [spring-test-3.0.6.RELEASE.jar:3.0.6.RELEASE]
	at org.springframework.test.context.support.DependencyInjectionTestExecutionListener.injectDependencies(DependencyInjectionTestExecutionListener.java:109) [spring-test-3.0.6.RELEASE.jar:3.0.6.RELEASE]
	at org.springframework.test.context.support.DependencyInjectionTestExecutionListener.prepareTestInstance(DependencyInjectionTestExecutionListener.java:75) [spring-test-3.0.6.RELEASE.jar:3.0.6.RELEASE]
	at org.springframework.test.context.TestContextManager.prepareTestInstance(TestContextManager.java:321) [spring-test-3.0.6.RELEASE.jar:3.0.6.RELEASE]
	at org.spockframework.spring.SpringTestContextManager.prepareTestInstance(SpringTestContextManager.java:49) [spock-spring-0.7-groovy-2.0.jar:na]
	at org.spockframework.spring.SpringInterceptor.interceptSetupMethod(SpringInterceptor.java:42) [spock-spring-0.7-groovy-2.0.jar:na]
	at org.spockframework.runtime.extension.AbstractMethodInterceptor.intercept(AbstractMethodInterceptor.java:28) [spock-core-0.7-groovy-2.0.jar:na]
	at org.spockframework.runtime.extension.MethodInvocation.proceed(MethodInvocation.java:84) [spock-core-0.7-groovy-2.0.jar:na]
	at org.spockframework.runtime.BaseSpecRunner.invoke(BaseSpecRunner.java:319) [spock-core-0.7-groovy-2.0.jar:na]
	at org.spockframework.runtime.BaseSpecRunner.invokeSetup(BaseSpecRunner.java:279) [spock-core-0.7-groovy-2.0.jar:na]
	at org.spockframework.runtime.BaseSpecRunner.doRunIteration(BaseSpecRunner.java:255) [spock-core-0.7-groovy-2.0.jar:na]
	at sun.reflect.GeneratedMethodAccessor5.invoke(Unknown Source) ~[na:na]
	at sun.reflect.DelegatingMethodAccessorImpl.invoke(DelegatingMethodAccessorImpl.java:25) ~[na:1.6.0_38]
	at java.lang.reflect.Method.invoke(Method.java:597) ~[na:1.6.0_38]
	at org.spockframework.util.ReflectionUtil.invokeMethod(ReflectionUtil.java:138) [spock-core-0.7-groovy-2.0.jar:na]
	at org.spockframework.runtime.BaseSpecRunner.invokeRaw(BaseSpecRunner.java:330) [spock-core-0.7-groovy-2.0.jar:na]
	at org.spockframework.runtime.BaseSpecRunner.invoke(BaseSpecRunner.java:311) [spock-core-0.7-groovy-2.0.jar:na]
	at org.spockframework.runtime.BaseSpecRunner.runIteration(BaseSpecRunner.java:223) [spock-core-0.7-groovy-2.0.jar:na]
	at org.spockframework.runtime.BaseSpecRunner.initializeAndRunIteration(BaseSpecRunner.java:214) [spock-core-0.7-groovy-2.0.jar:na]
	at org.spockframework.runtime.BaseSpecRunner.runSimpleFeature(BaseSpecRunner.java:205) [spock-core-0.7-groovy-2.0.jar:na]
	at org.spockframework.runtime.BaseSpecRunner.doRunFeature(BaseSpecRunner.java:199) [spock-core-0.7-groovy-2.0.jar:na]
	at sun.reflect.GeneratedMethodAccessor7.invoke(Unknown Source) ~[na:na]
	at sun.reflect.DelegatingMethodAccessorImpl.invoke(DelegatingMethodAccessorImpl.java:25) ~[na:1.6.0_38]
	at java.lang.reflect.Method.invoke(Method.java:597) ~[na:1.6.0_38]
	at org.spockframework.util.ReflectionUtil.invokeMethod(ReflectionUtil.java:138) [spock-core-0.7-groovy-2.0.jar:na]
	at org.spockframework.runtime.BaseSpecRunner.invokeRaw(BaseSpecRunner.java:330) [spock-core-0.7-groovy-2.0.jar:na]
	at org.spockframework.runtime.BaseSpecRunner.invoke(BaseSpecRunner.java:311) [spock-core-0.7-groovy-2.0.jar:na]
	at org.spockframework.runtime.BaseSpecRunner.runFeature(BaseSpecRunner.java:175) [spock-core-0.7-groovy-2.0.jar:na]
	at org.spockframework.runtime.BaseSpecRunner.runFeatures(BaseSpecRunner.java:152) [spock-core-0.7-groovy-2.0.jar:na]
	at org.spockframework.runtime.BaseSpecRunner.doRunSpec(BaseSpecRunner.java:112) [spock-core-0.7-groovy-2.0.jar:na]
	at sun.reflect.GeneratedMethodAccessor11.invoke(Unknown Source) ~[na:na]
	at sun.reflect.DelegatingMethodAccessorImpl.invoke(DelegatingMethodAccessorImpl.java:25) ~[na:1.6.0_38]
	at java.lang.reflect.Method.invoke(Method.java:597) ~[na:1.6.0_38]
	at org.spockframework.util.ReflectionUtil.invokeMethod(ReflectionUtil.java:138) [spock-core-0.7-groovy-2.0.jar:na]
	at org.spockframework.runtime.BaseSpecRunner.invokeRaw(BaseSpecRunner.java:330) [spock-core-0.7-groovy-2.0.jar:na]
	at org.spockframework.runtime.BaseSpecRunner.invoke(BaseSpecRunner.java:311) [spock-core-0.7-groovy-2.0.jar:na]
	at org.spockframework.runtime.BaseSpecRunner.runSpec(BaseSpecRunner.java:91) [spock-core-0.7-groovy-2.0.jar:na]
	at org.spockframework.runtime.BaseSpecRunner.run(BaseSpecRunner.java:82) [spock-core-0.7-groovy-2.0.jar:na]
	at org.spockframework.runtime.Sputnik.run(Sputnik.java:63) [spock-core-0.7-groovy-2.0.jar:na]
	at org.apache.maven.surefire.junit4.JUnit4TestSet.execute(JUnit4TestSet.java:53) [surefire-junit4-2.10.jar:2.10]
	at org.apache.maven.surefire.junit4.JUnit4Provider.executeTestSet(JUnit4Provider.java:123) [surefire-junit4-2.10.jar:2.10]
	at org.apache.maven.surefire.junit4.JUnit4Provider.invoke(JUnit4Provider.java:104) [surefire-junit4-2.10.jar:2.10]
	at sun.reflect.NativeMethodAccessorImpl.invoke0(Native Method) ~[na:1.6.0_38]
	at sun.reflect.NativeMethodAccessorImpl.invoke(NativeMethodAccessorImpl.java:39) ~[na:1.6.0_38]
	at sun.reflect.DelegatingMethodAccessorImpl.invoke(DelegatingMethodAccessorImpl.java:25) ~[na:1.6.0_38]
	at java.lang.reflect.Method.invoke(Method.java:597) ~[na:1.6.0_38]
	at org.apache.maven.surefire.util.ReflectionUtils.invokeMethodWithArray(ReflectionUtils.java:164) [surefire-api-2.10.jar:2.10]
	at org.apache.maven.surefire.booter.ProviderFactory$ProviderProxy.invoke(ProviderFactory.java:110) [surefire-booter-2.10.jar:2.10]
	at org.apache.maven.surefire.booter.SurefireStarter.invokeProvider(SurefireStarter.java:175) [surefire-booter-2.10.jar:2.10]
	at org.apache.maven.surefire.booter.SurefireStarter.runSuitesInProcessWhenForked(SurefireStarter.java:107) [surefire-booter-2.10.jar:2.10]
	at org.apache.maven.surefire.booter.ForkedBooter.main(ForkedBooter.java:68) [surefire-booter-2.10.jar:2.10]
22:04:38.163 [main] WARN  o.s.c.a.CommonAnnotationBeanPostProcessor - Invocation of destroy method failed on bean with name &apos;accountOngoingSyncJob&apos;: com.rackspace.search.exception.NotFoundException: Index is missing
22:04:38.168 [main] ERROR c.r.s.e.client.ElasticSearchClient - Index is missing
org.elasticsearch.indices.IndexMissingException: [admin] missing
	at org.elasticsearch.cluster.metadata.MetaData.concreteIndex(MetaData.java:616) ~[elasticsearch-0.90.2.jar:na]
	at org.elasticsearch.action.get.TransportGetAction.resolveRequest(TransportGetAction.java:90) ~[elasticsearch-0.90.2.jar:na]
	at org.elasticsearch.action.get.TransportGetAction.resolveRequest(TransportGetAction.java:42) ~[elasticsearch-0.90.2.jar:na]
	at org.elasticsearch.action.support.single.shard.TransportShardSingleOperationAction$AsyncSingleAction.&lt;init&gt;(TransportShardSingleOperationAction.java:114) ~[elasticsearch-0.90.2.jar:na]
	at org.elasticsearch.action.support.single.shard.TransportShardSingleOperationAction$AsyncSingleAction.&lt;init&gt;(TransportShardSingleOperationAction.java:94) ~[elasticsearch-0.90.2.jar:na]
	at org.elasticsearch.action.support.single.shard.TransportShardSingleOperationAction.doExecute(TransportShardSingleOperationAction.java:71) ~[elasticsearch-0.90.2.jar:na]
	at org.elasticsearch.action.support.single.shard.TransportShardSingleOperationAction.doExecute(TransportShardSingleOperationAction.java:46) ~[elasticsearch-0.90.2.jar:na]
	at org.elasticsearch.action.support.TransportAction.execute(TransportAction.java:61) ~[elasticsearch-0.90.2.jar:na]
	at org.elasticsearch.client.node.NodeClient.execute(NodeClient.java:92) ~[elasticsearch-0.90.2.jar:na]
	at org.elasticsearch.client.support.AbstractClient.get(AbstractClient.java:179) ~[elasticsearch-0.90.2.jar:na]
	at org.elasticsearch.action.get.GetRequestBuilder.doExecute(GetRequestBuilder.java:112) ~[elasticsearch-0.90.2.jar:na]
	at org.elasticsearch.action.ActionRequestBuilder.execute(ActionRequestBuilder.java:62) ~[elasticsearch-0.90.2.jar:na]
	at org.elasticsearch.action.ActionRequestBuilder.execute(ActionRequestBuilder.java:57) ~[elasticsearch-0.90.2.jar:na]
	at org.elasticsearch.action.ActionRequestBuilder$execute.call(Unknown Source) ~[na:na]
	at com.rackspace.search.elasticsearch.client.ElasticSearchClient.getDocument(ElasticSearchClient.groovy:209) ~[classes/:na]
	at com.rackspace.search.elasticsearch.client.ElasticSearchClient$getDocument.call(Unknown Source) [classes/:na]
	at com.rackspace.search.service.JobService.getJob(JobService.groovy:56) [classes/:na]
	at com.rackspace.search.service.JobService$getJob$0.callCurrent(Unknown Source) [classes/:na]
	at com.rackspace.search.service.JobService.getJob(JobService.groovy:52) [classes/:na]
	at com.rackspace.search.service.JobService$getJob.call(Unknown Source) [classes/:na]
	at com.rackspace.search.service.account.AccountOnetimeSyncJob.windupActivities(AccountOneTimeSyncJob.groovy:39) [classes/:na]
	at sun.reflect.NativeMethodAccessorImpl.invoke0(Native Method) ~[na:1.6.0_38]
	at sun.reflect.NativeMethodAccessorImpl.invoke(NativeMethodAccessorImpl.java:39) ~[na:1.6.0_38]
	at sun.reflect.DelegatingMethodAccessorImpl.invoke(DelegatingMethodAccessorImpl.java:25) ~[na:1.6.0_38]
	at java.lang.reflect.Method.invoke(Method.java:597) ~[na:1.6.0_38]
	at org.springframework.beans.factory.annotation.InitDestroyAnnotationBeanPostProcessor$LifecycleElement.invoke(InitDestroyAnnotationBeanPostProcessor.java:340) [spring-beans-3.0.6.RELEASE.jar:3.0.6.RELEASE]
	at org.springframework.beans.factory.annotation.InitDestroyAnnotationBeanPostProcessor$LifecycleMetadata.invokeDestroyMethods(InitDestroyAnnotationBeanPostProcessor.java:305) [spring-beans-3.0.6.RELEASE.jar:3.0.6.RELEASE]
	at org.springframework.beans.factory.annotation.InitDestroyAnnotationBeanPostProcessor.postProcessBeforeDestruction(InitDestroyAnnotationBeanPostProcessor.java:148) [spring-beans-3.0.6.RELEASE.jar:3.0.6.RELEASE]
	at org.springframework.beans.factory.support.DisposableBeanAdapter.destroy(DisposableBeanAdapter.java:166) [spring-beans-3.0.6.RELEASE.jar:3.0.6.RELEASE]
	at org.springframework.beans.factory.support.DefaultSingletonBeanRegistry.destroyBean(DefaultSingletonBeanRegistry.java:487) [spring-beans-3.0.6.RELEASE.jar:3.0.6.RELEASE]
	at org.springframework.beans.factory.support.DefaultSingletonBeanRegistry.destroySingleton(DefaultSingletonBeanRegistry.java:463) [spring-beans-3.0.6.RELEASE.jar:3.0.6.RELEASE]
	at org.springframework.beans.factory.support.DefaultSingletonBeanRegistry.destroySingletons(DefaultSingletonBeanRegistry.java:431) [spring-beans-3.0.6.RELEASE.jar:3.0.6.RELEASE]
	at org.springframework.context.support.AbstractApplicationContext.destroyBeans(AbstractApplicationContext.java:1048) [spring-context-3.0.6.RELEASE.jar:3.0.6.RELEASE]
	at org.springframework.context.support.AbstractApplicationContext.refresh(AbstractApplicationContext.java:433) [spring-context-3.0.6.RELEASE.jar:3.0.6.RELEASE]
	at org.springframework.test.context.support.AbstractGenericContextLoader.loadContext(AbstractGenericContextLoader.java:84) [spring-test-3.0.6.RELEASE.jar:3.0.6.RELEASE]
	at org.springframework.test.context.support.AbstractGenericContextLoader.loadContext(AbstractGenericContextLoader.java:1) [spring-test-3.0.6.RELEASE.jar:3.0.6.RELEASE]
	at org.springframework.test.context.TestContext.loadApplicationContext(TestContext.java:280) [spring-test-3.0.6.RELEASE.jar:3.0.6.RELEASE]
	at org.springframework.test.context.TestContext.getApplicationContext(TestContext.java:304) [spring-test-3.0.6.RELEASE.jar:3.0.6.RELEASE]
	at org.springframework.test.context.support.DependencyInjectionTestExecutionListener.injectDependencies(DependencyInjectionTestExecutionListener.java:109) [spring-test-3.0.6.RELEASE.jar:3.0.6.RELEASE]
	at org.springframework.test.context.support.DependencyInjectionTestExecutionListener.prepareTestInstance(DependencyInjectionTestExecutionListener.java:75) [spring-test-3.0.6.RELEASE.jar:3.0.6.RELEASE]
	at org.springframework.test.context.TestContextManager.prepareTestInstance(TestContextManager.java:321) [spring-test-3.0.6.RELEASE.jar:3.0.6.RELEASE]
	at org.spockframework.spring.SpringTestContextManager.prepareTestInstance(SpringTestContextManager.java:49) [spock-spring-0.7-groovy-2.0.jar:na]
	at org.spockframework.spring.SpringInterceptor.interceptSetupMethod(SpringInterceptor.java:42) [spock-spring-0.7-groovy-2.0.jar:na]
	at org.spockframework.runtime.extension.AbstractMethodInterceptor.intercept(AbstractMethodInterceptor.java:28) [spock-core-0.7-groovy-2.0.jar:na]
	at org.spockframework.runtime.extension.MethodInvocation.proceed(MethodInvocation.java:84) [spock-core-0.7-groovy-2.0.jar:na]
	at org.spockframework.runtime.BaseSpecRunner.invoke(BaseSpecRunner.java:319) [spock-core-0.7-groovy-2.0.jar:na]
	at org.spockframework.runtime.BaseSpecRunner.invokeSetup(BaseSpecRunner.java:279) [spock-core-0.7-groovy-2.0.jar:na]
	at org.spockframework.runtime.BaseSpecRunner.doRunIteration(BaseSpecRunner.java:255) [spock-core-0.7-groovy-2.0.jar:na]
	at sun.reflect.GeneratedMethodAccessor5.invoke(Unknown Source) ~[na:na]
	at sun.reflect.DelegatingMethodAccessorImpl.invoke(DelegatingMethodAccessorImpl.java:25) ~[na:1.6.0_38]
	at java.lang.reflect.Method.invoke(Method.java:597) ~[na:1.6.0_38]
	at org.spockframework.util.ReflectionUtil.invokeMethod(ReflectionUtil.java:138) [spock-core-0.7-groovy-2.0.jar:na]
	at org.spockframework.runtime.BaseSpecRunner.invokeRaw(BaseSpecRunner.java:330) [spock-core-0.7-groovy-2.0.jar:na]
	at org.spockframework.runtime.BaseSpecRunner.invoke(BaseSpecRunner.java:311) [spock-core-0.7-groovy-2.0.jar:na]
	at org.spockframework.runtime.BaseSpecRunner.runIteration(BaseSpecRunner.java:223) [spock-core-0.7-groovy-2.0.jar:na]
	at org.spockframework.runtime.BaseSpecRunner.initializeAndRunIteration(BaseSpecRunner.java:214) [spock-core-0.7-groovy-2.0.jar:na]
	at org.spockframework.runtime.BaseSpecRunner.runSimpleFeature(BaseSpecRunner.java:205) [spock-core-0.7-groovy-2.0.jar:na]
	at org.spockframework.runtime.BaseSpecRunner.doRunFeature(BaseSpecRunner.java:199) [spock-core-0.7-groovy-2.0.jar:na]
	at sun.reflect.GeneratedMethodAccessor7.invoke(Unknown Source) ~[na:na]
	at sun.reflect.DelegatingMethodAccessorImpl.invoke(DelegatingMethodAccessorImpl.java:25) ~[na:1.6.0_38]
	at java.lang.reflect.Method.invoke(Method.java:597) ~[na:1.6.0_38]
	at org.spockframework.util.ReflectionUtil.invokeMethod(ReflectionUtil.java:138) [spock-core-0.7-groovy-2.0.jar:na]
	at org.spockframework.runtime.BaseSpecRunner.invokeRaw(BaseSpecRunner.java:330) [spock-core-0.7-groovy-2.0.jar:na]
	at org.spockframework.runtime.BaseSpecRunner.invoke(BaseSpecRunner.java:311) [spock-core-0.7-groovy-2.0.jar:na]
	at org.spockframework.runtime.BaseSpecRunner.runFeature(BaseSpecRunner.java:175) [spock-core-0.7-groovy-2.0.jar:na]
	at org.spockframework.runtime.BaseSpecRunner.runFeatures(BaseSpecRunner.java:152) [spock-core-0.7-groovy-2.0.jar:na]
	at org.spockframework.runtime.BaseSpecRunner.doRunSpec(BaseSpecRunner.java:112) [spock-core-0.7-groovy-2.0.jar:na]
	at sun.reflect.GeneratedMethodAccessor11.invoke(Unknown Source) ~[na:na]
	at sun.reflect.DelegatingMethodAccessorImpl.invoke(DelegatingMethodAccessorImpl.java:25) ~[na:1.6.0_38]
	at java.lang.reflect.Method.invoke(Method.java:597) ~[na:1.6.0_38]
	at org.spockframework.util.ReflectionUtil.invokeMethod(ReflectionUtil.java:138) [spock-core-0.7-groovy-2.0.jar:na]
	at org.spockframework.runtime.BaseSpecRunner.invokeRaw(BaseSpecRunner.java:330) [spock-core-0.7-groovy-2.0.jar:na]
	at org.spockframework.runtime.BaseSpecRunner.invoke(BaseSpecRunner.java:311) [spock-core-0.7-groovy-2.0.jar:na]
	at org.spockframework.runtime.BaseSpecRunner.runSpec(BaseSpecRunner.java:91) [spock-core-0.7-groovy-2.0.jar:na]
	at org.spockframework.runtime.BaseSpecRunner.run(BaseSpecRunner.java:82) [spock-core-0.7-groovy-2.0.jar:na]
	at org.spockframework.runtime.Sputnik.run(Sputnik.java:63) [spock-core-0.7-groovy-2.0.jar:na]
	at org.apache.maven.surefire.junit4.JUnit4TestSet.execute(JUnit4TestSet.java:53) [surefire-junit4-2.10.jar:2.10]
	at org.apache.maven.surefire.junit4.JUnit4Provider.executeTestSet(JUnit4Provider.java:123) [surefire-junit4-2.10.jar:2.10]
	at org.apache.maven.surefire.junit4.JUnit4Provider.invoke(JUnit4Provider.java:104) [surefire-junit4-2.10.jar:2.10]
	at sun.reflect.NativeMethodAccessorImpl.invoke0(Native Method) ~[na:1.6.0_38]
	at sun.reflect.NativeMethodAccessorImpl.invoke(NativeMethodAccessorImpl.java:39) ~[na:1.6.0_38]
	at sun.reflect.DelegatingMethodAccessorImpl.invoke(DelegatingMethodAccessorImpl.java:25) ~[na:1.6.0_38]
	at java.lang.reflect.Method.invoke(Method.java:597) ~[na:1.6.0_38]
	at org.apache.maven.surefire.util.ReflectionUtils.invokeMethodWithArray(ReflectionUtils.java:164) [surefire-api-2.10.jar:2.10]
	at org.apache.maven.surefire.booter.ProviderFactory$ProviderProxy.invoke(ProviderFactory.java:110) [surefire-booter-2.10.jar:2.10]
	at org.apache.maven.surefire.booter.SurefireStarter.invokeProvider(SurefireStarter.java:175) [surefire-booter-2.10.jar:2.10]
	at org.apache.maven.surefire.booter.SurefireStarter.runSuitesInProcessWhenForked(SurefireStarter.java:107) [surefire-booter-2.10.jar:2.10]
	at org.apache.maven.surefire.booter.ForkedBooter.main(ForkedBooter.java:68) [surefire-booter-2.10.jar:2.10]
22:04:38.169 [main] WARN  o.s.c.a.CommonAnnotationBeanPostProcessor - Invocation of destroy method failed on bean with name &apos;accountOnetimeSyncJob&apos;: com.rackspace.search.exception.NotFoundException: Index is missing
22:04:38.173 [main] ERROR c.r.s.e.client.ElasticSearchClient - Index is missing
org.elasticsearch.indices.IndexMissingException: [admin] missing
	at org.elasticsearch.cluster.metadata.MetaData.concreteIndex(MetaData.java:616) ~[elasticsearch-0.90.2.jar:na]
	at org.elasticsearch.action.get.TransportGetAction.resolveRequest(TransportGetAction.java:90) ~[elasticsearch-0.90.2.jar:na]
	at org.elasticsearch.action.get.TransportGetAction.resolveRequest(TransportGetAction.java:42) ~[elasticsearch-0.90.2.jar:na]
	at org.elasticsearch.action.support.single.shard.TransportShardSingleOperationAction$AsyncSingleAction.&lt;init&gt;(TransportShardSingleOperationAction.java:114) ~[elasticsearch-0.90.2.jar:na]
	at org.elasticsearch.action.support.single.shard.TransportShardSingleOperationAction$AsyncSingleAction.&lt;init&gt;(TransportShardSingleOperationAction.java:94) ~[elasticsearch-0.90.2.jar:na]
	at org.elasticsearch.action.support.single.shard.TransportShardSingleOperationAction.doExecute(TransportShardSingleOperationAction.java:71) ~[elasticsearch-0.90.2.jar:na]
	at org.elasticsearch.action.support.single.shard.TransportShardSingleOperationAction.doExecute(TransportShardSingleOperationAction.java:46) ~[elasticsearch-0.90.2.jar:na]
	at org.elasticsearch.action.support.TransportAction.execute(TransportAction.java:61) ~[elasticsearch-0.90.2.jar:na]
	at org.elasticsearch.client.node.NodeClient.execute(NodeClient.java:92) ~[elasticsearch-0.90.2.jar:na]
	at org.elasticsearch.client.support.AbstractClient.get(AbstractClient.java:179) ~[elasticsearch-0.90.2.jar:na]
	at org.elasticsearch.action.get.GetRequestBuilder.doExecute(GetRequestBuilder.java:112) ~[elasticsearch-0.90.2.jar:na]
	at org.elasticsearch.action.ActionRequestBuilder.execute(ActionRequestBuilder.java:62) ~[elasticsearch-0.90.2.jar:na]
	at org.elasticsearch.action.ActionRequestBuilder.execute(ActionRequestBuilder.java:57) ~[elasticsearch-0.90.2.jar:na]
	at org.elasticsearch.action.ActionRequestBuilder$execute.call(Unknown Source) ~[na:na]
	at com.rackspace.search.elasticsearch.client.ElasticSearchClient.getDocument(ElasticSearchClient.groovy:209) ~[classes/:na]
	at com.rackspace.search.elasticsearch.client.ElasticSearchClient$getDocument.call(Unknown Source) [classes/:na]
	at com.rackspace.search.service.JobService.getJob(JobService.groovy:56) [classes/:na]
	at com.rackspace.search.service.JobService$getJob$0.callCurrent(Unknown Source) [classes/:na]
	at com.rackspace.search.service.JobService.getJob(JobService.groovy:52) [classes/:na]
	at com.rackspace.search.service.JobService$getJob.call(Unknown Source) [classes/:na]
	at com.rackspace.search.service.core.CoreTicketOngoingSyncJob.windupActivities(CoreTicketOnGoingSyncJob.groovy:82) [classes/:na]
	at sun.reflect.NativeMethodAccessorImpl.invoke0(Native Method) ~[na:1.6.0_38]
	at sun.reflect.NativeMethodAccessorImpl.invoke(NativeMethodAccessorImpl.java:39) ~[na:1.6.0_38]
	at sun.reflect.DelegatingMethodAccessorImpl.invoke(DelegatingMethodAccessorImpl.java:25) ~[na:1.6.0_38]
	at java.lang.reflect.Method.invoke(Method.java:597) ~[na:1.6.0_38]
	at org.springframework.beans.factory.annotation.InitDestroyAnnotationBeanPostProcessor$LifecycleElement.invoke(InitDestroyAnnotationBeanPostProcessor.java:340) [spring-beans-3.0.6.RELEASE.jar:3.0.6.RELEASE]
	at org.springframework.beans.factory.annotation.InitDestroyAnnotationBeanPostProcessor$LifecycleMetadata.invokeDestroyMethods(InitDestroyAnnotationBeanPostProcessor.java:305) [spring-beans-3.0.6.RELEASE.jar:3.0.6.RELEASE]
	at org.springframework.beans.factory.annotation.InitDestroyAnnotationBeanPostProcessor.postProcessBeforeDestruction(InitDestroyAnnotationBeanPostProcessor.java:148) [spring-beans-3.0.6.RELEASE.jar:3.0.6.RELEASE]
	at org.springframework.beans.factory.support.DisposableBeanAdapter.destroy(DisposableBeanAdapter.java:166) [spring-beans-3.0.6.RELEASE.jar:3.0.6.RELEASE]
	at org.springframework.beans.factory.support.DefaultSingletonBeanRegistry.destroyBean(DefaultSingletonBeanRegistry.java:487) [spring-beans-3.0.6.RELEASE.jar:3.0.6.RELEASE]
	at org.springframework.beans.factory.support.DefaultSingletonBeanRegistry.destroySingleton(DefaultSingletonBeanRegistry.java:463) [spring-beans-3.0.6.RELEASE.jar:3.0.6.RELEASE]
	at org.springframework.beans.factory.support.DefaultSingletonBeanRegistry.destroySingletons(DefaultSingletonBeanRegistry.java:431) [spring-beans-3.0.6.RELEASE.jar:3.0.6.RELEASE]
	at org.springframework.context.support.AbstractApplicationContext.destroyBeans(AbstractApplicationContext.java:1048) [spring-context-3.0.6.RELEASE.jar:3.0.6.RELEASE]
	at org.springframework.context.support.AbstractApplicationContext.refresh(AbstractApplicationContext.java:433) [spring-context-3.0.6.RELEASE.jar:3.0.6.RELEASE]
	at org.springframework.test.context.support.AbstractGenericContextLoader.loadContext(AbstractGenericContextLoader.java:84) [spring-test-3.0.6.RELEASE.jar:3.0.6.RELEASE]
	at org.springframework.test.context.support.AbstractGenericContextLoader.loadContext(AbstractGenericContextLoader.java:1) [spring-test-3.0.6.RELEASE.jar:3.0.6.RELEASE]
	at org.springframework.test.context.TestContext.loadApplicationContext(TestContext.java:280) [spring-test-3.0.6.RELEASE.jar:3.0.6.RELEASE]
	at org.springframework.test.context.TestContext.getApplicationContext(TestContext.java:304) [spring-test-3.0.6.RELEASE.jar:3.0.6.RELEASE]
	at org.springframework.test.context.support.DependencyInjectionTestExecutionListener.injectDependencies(DependencyInjectionTestExecutionListener.java:109) [spring-test-3.0.6.RELEASE.jar:3.0.6.RELEASE]
	at org.springframework.test.context.support.DependencyInjectionTestExecutionListener.prepareTestInstance(DependencyInjectionTestExecutionListener.java:75) [spring-test-3.0.6.RELEASE.jar:3.0.6.RELEASE]
	at org.springframework.test.context.TestContextManager.prepareTestInstance(TestContextManager.java:321) [spring-test-3.0.6.RELEASE.jar:3.0.6.RELEASE]
	at org.spockframework.spring.SpringTestContextManager.prepareTestInstance(SpringTestContextManager.java:49) [spock-spring-0.7-groovy-2.0.jar:na]
	at org.spockframework.spring.SpringInterceptor.interceptSetupMethod(SpringInterceptor.java:42) [spock-spring-0.7-groovy-2.0.jar:na]
	at org.spockframework.runtime.extension.AbstractMethodInterceptor.intercept(AbstractMethodInterceptor.java:28) [spock-core-0.7-groovy-2.0.jar:na]
	at org.spockframework.runtime.extension.MethodInvocation.proceed(MethodInvocation.java:84) [spock-core-0.7-groovy-2.0.jar:na]
	at org.spockframework.runtime.BaseSpecRunner.invoke(BaseSpecRunner.java:319) [spock-core-0.7-groovy-2.0.jar:na]
	at org.spockframework.runtime.BaseSpecRunner.invokeSetup(BaseSpecRunner.java:279) [spock-core-0.7-groovy-2.0.jar:na]
	at org.spockframework.runtime.BaseSpecRunner.doRunIteration(BaseSpecRunner.java:255) [spock-core-0.7-groovy-2.0.jar:na]
	at sun.reflect.GeneratedMethodAccessor5.invoke(Unknown Source) ~[na:na]
	at sun.reflect.DelegatingMethodAccessorImpl.invoke(DelegatingMethodAccessorImpl.java:25) ~[na:1.6.0_38]
	at java.lang.reflect.Method.invoke(Method.java:597) ~[na:1.6.0_38]
	at org.spockframework.util.ReflectionUtil.invokeMethod(ReflectionUtil.java:138) [spock-core-0.7-groovy-2.0.jar:na]
	at org.spockframework.runtime.BaseSpecRunner.invokeRaw(BaseSpecRunner.java:330) [spock-core-0.7-groovy-2.0.jar:na]
	at org.spockframework.runtime.BaseSpecRunner.invoke(BaseSpecRunner.java:311) [spock-core-0.7-groovy-2.0.jar:na]
	at org.spockframework.runtime.BaseSpecRunner.runIteration(BaseSpecRunner.java:223) [spock-core-0.7-groovy-2.0.jar:na]
	at org.spockframework.runtime.BaseSpecRunner.initializeAndRunIteration(BaseSpecRunner.java:214) [spock-core-0.7-groovy-2.0.jar:na]
	at org.spockframework.runtime.BaseSpecRunner.runSimpleFeature(BaseSpecRunner.java:205) [spock-core-0.7-groovy-2.0.jar:na]
	at org.spockframework.runtime.BaseSpecRunner.doRunFeature(BaseSpecRunner.java:199) [spock-core-0.7-groovy-2.0.jar:na]
	at sun.reflect.GeneratedMethodAccessor7.invoke(Unknown Source) ~[na:na]
	at sun.reflect.DelegatingMethodAccessorImpl.invoke(DelegatingMethodAccessorImpl.java:25) ~[na:1.6.0_38]
	at java.lang.reflect.Method.invoke(Method.java:597) ~[na:1.6.0_38]
	at org.spockframework.util.ReflectionUtil.invokeMethod(ReflectionUtil.java:138) [spock-core-0.7-groovy-2.0.jar:na]
	at org.spockframework.runtime.BaseSpecRunner.invokeRaw(BaseSpecRunner.java:330) [spock-core-0.7-groovy-2.0.jar:na]
	at org.spockframework.runtime.BaseSpecRunner.invoke(BaseSpecRunner.java:311) [spock-core-0.7-groovy-2.0.jar:na]
	at org.spockframework.runtime.BaseSpecRunner.runFeature(BaseSpecRunner.java:175) [spock-core-0.7-groovy-2.0.jar:na]
	at org.spockframework.runtime.BaseSpecRunner.runFeatures(BaseSpecRunner.java:152) [spock-core-0.7-groovy-2.0.jar:na]
	at org.spockframework.runtime.BaseSpecRunner.doRunSpec(BaseSpecRunner.java:112) [spock-core-0.7-groovy-2.0.jar:na]
	at sun.reflect.GeneratedMethodAccessor11.invoke(Unknown Source) ~[na:na]
	at sun.reflect.DelegatingMethodAccessorImpl.invoke(DelegatingMethodAccessorImpl.java:25) ~[na:1.6.0_38]
	at java.lang.reflect.Method.invoke(Method.java:597) ~[na:1.6.0_38]
	at org.spockframework.util.ReflectionUtil.invokeMethod(ReflectionUtil.java:138) [spock-core-0.7-groovy-2.0.jar:na]
	at org.spockframework.runtime.BaseSpecRunner.invokeRaw(BaseSpecRunner.java:330) [spock-core-0.7-groovy-2.0.jar:na]
	at org.spockframework.runtime.BaseSpecRunner.invoke(BaseSpecRunner.java:311) [spock-core-0.7-groovy-2.0.jar:na]
	at org.spockframework.runtime.BaseSpecRunner.runSpec(BaseSpecRunner.java:91) [spock-core-0.7-groovy-2.0.jar:na]
	at org.spockframework.runtime.BaseSpecRunner.run(BaseSpecRunner.java:82) [spock-core-0.7-groovy-2.0.jar:na]
	at org.spockframework.runtime.Sputnik.run(Sputnik.java:63) [spock-core-0.7-groovy-2.0.jar:na]
	at org.apache.maven.surefire.junit4.JUnit4TestSet.execute(JUnit4TestSet.java:53) [surefire-junit4-2.10.jar:2.10]
	at org.apache.maven.surefire.junit4.JUnit4Provider.executeTestSet(JUnit4Provider.java:123) [surefire-junit4-2.10.jar:2.10]
	at org.apache.maven.surefire.junit4.JUnit4Provider.invoke(JUnit4Provider.java:104) [surefire-junit4-2.10.jar:2.10]
	at sun.reflect.NativeMethodAccessorImpl.invoke0(Native Method) ~[na:1.6.0_38]
	at sun.reflect.NativeMethodAccessorImpl.invoke(NativeMethodAccessorImpl.java:39) ~[na:1.6.0_38]
	at sun.reflect.DelegatingMethodAccessorImpl.invoke(DelegatingMethodAccessorImpl.java:25) ~[na:1.6.0_38]
	at java.lang.reflect.Method.invoke(Method.java:597) ~[na:1.6.0_38]
	at org.apache.maven.surefire.util.ReflectionUtils.invokeMethodWithArray(ReflectionUtils.java:164) [surefire-api-2.10.jar:2.10]
	at org.apache.maven.surefire.booter.ProviderFactory$ProviderProxy.invoke(ProviderFactory.java:110) [surefire-booter-2.10.jar:2.10]
	at org.apache.maven.surefire.booter.SurefireStarter.invokeProvider(SurefireStarter.java:175) [surefire-booter-2.10.jar:2.10]
	at org.apache.maven.surefire.booter.SurefireStarter.runSuitesInProcessWhenForked(SurefireStarter.java:107) [surefire-booter-2.10.jar:2.10]
	at org.apache.maven.surefire.booter.ForkedBooter.main(ForkedBooter.java:68) [surefire-booter-2.10.jar:2.10]
22:04:38.174 [main] WARN  o.s.c.a.CommonAnnotationBeanPostProcessor - Invocation of destroy method failed on bean with name &apos;coreTicketOngoingSyncJob&apos;: com.rackspace.search.exception.NotFoundException: Index is missing
22:04:38.179 [main] ERROR c.r.s.e.client.ElasticSearchClient - Index is missing
org.elasticsearch.indices.IndexMissingException: [admin] missing
	at org.elasticsearch.cluster.metadata.MetaData.concreteIndex(MetaData.java:616) ~[elasticsearch-0.90.2.jar:na]
	at org.elasticsearch.action.get.TransportGetAction.resolveRequest(TransportGetAction.java:90) ~[elasticsearch-0.90.2.jar:na]
	at org.elasticsearch.action.get.TransportGetAction.resolveRequest(TransportGetAction.java:42) ~[elasticsearch-0.90.2.jar:na]
	at org.elasticsearch.action.support.single.shard.TransportShardSingleOperationAction$AsyncSingleAction.&lt;init&gt;(TransportShardSingleOperationAction.java:114) ~[elasticsearch-0.90.2.jar:na]
	at org.elasticsearch.action.support.single.shard.TransportShardSingleOperationAction$AsyncSingleAction.&lt;init&gt;(TransportShardSingleOperationAction.java:94) ~[elasticsearch-0.90.2.jar:na]
	at org.elasticsearch.action.support.single.shard.TransportShardSingleOperationAction.doExecute(TransportShardSingleOperationAction.java:71) ~[elasticsearch-0.90.2.jar:na]
	at org.elasticsearch.action.support.single.shard.TransportShardSingleOperationAction.doExecute(TransportShardSingleOperationAction.java:46) ~[elasticsearch-0.90.2.jar:na]
	at org.elasticsearch.action.support.TransportAction.execute(TransportAction.java:61) ~[elasticsearch-0.90.2.jar:na]
	at org.elasticsearch.client.node.NodeClient.execute(NodeClient.java:92) ~[elasticsearch-0.90.2.jar:na]
	at org.elasticsearch.client.support.AbstractClient.get(AbstractClient.java:179) ~[elasticsearch-0.90.2.jar:na]
	at org.elasticsearch.action.get.GetRequestBuilder.doExecute(GetRequestBuilder.java:112) ~[elasticsearch-0.90.2.jar:na]
	at org.elasticsearch.action.ActionRequestBuilder.execute(ActionRequestBuilder.java:62) ~[elasticsearch-0.90.2.jar:na]
	at org.elasticsearch.action.ActionRequestBuilder.execute(ActionRequestBuilder.java:57) ~[elasticsearch-0.90.2.jar:na]
	at org.elasticsearch.action.ActionRequestBuilder$execute.call(Unknown Source) ~[na:na]
	at com.rackspace.search.elasticsearch.client.ElasticSearchClient.getDocument(ElasticSearchClient.groovy:209) ~[classes/:na]
	at com.rackspace.search.elasticsearch.client.ElasticSearchClient$getDocument.call(Unknown Source) [classes/:na]
	at com.rackspace.search.service.JobService.getJob(JobService.groovy:56) [classes/:na]
	at com.rackspace.search.service.JobService$getJob$0.callCurrent(Unknown Source) [classes/:na]
	at com.rackspace.search.service.JobService.getJob(JobService.groovy:52) [classes/:na]
	at com.rackspace.search.service.JobService$getJob.call(Unknown Source) [classes/:na]
	at com.rackspace.search.service.core.CoreTicketOnetimeSyncJob.windupActivities(CoreTicketOneTimeSyncJob.groovy:45) [classes/:na]
	at sun.reflect.NativeMethodAccessorImpl.invoke0(Native Method) ~[na:1.6.0_38]
	at sun.reflect.NativeMethodAccessorImpl.invoke(NativeMethodAccessorImpl.java:39) ~[na:1.6.0_38]
	at sun.reflect.DelegatingMethodAccessorImpl.invoke(DelegatingMethodAccessorImpl.java:25) ~[na:1.6.0_38]
	at java.lang.reflect.Method.invoke(Method.java:597) ~[na:1.6.0_38]
	at org.springframework.beans.factory.annotation.InitDestroyAnnotationBeanPostProcessor$LifecycleElement.invoke(InitDestroyAnnotationBeanPostProcessor.java:340) [spring-beans-3.0.6.RELEASE.jar:3.0.6.RELEASE]
	at org.springframework.beans.factory.annotation.InitDestroyAnnotationBeanPostProcessor$LifecycleMetadata.invokeDestroyMethods(InitDestroyAnnotationBeanPostProcessor.java:305) [spring-beans-3.0.6.RELEASE.jar:3.0.6.RELEASE]
	at org.springframework.beans.factory.annotation.InitDestroyAnnotationBeanPostProcessor.postProcessBeforeDestruction(InitDestroyAnnotationBeanPostProcessor.java:148) [spring-beans-3.0.6.RELEASE.jar:3.0.6.RELEASE]
	at org.springframework.beans.factory.support.DisposableBeanAdapter.destroy(DisposableBeanAdapter.java:166) [spring-beans-3.0.6.RELEASE.jar:3.0.6.RELEASE]
	at org.springframework.beans.factory.support.DefaultSingletonBeanRegistry.destroyBean(DefaultSingletonBeanRegistry.java:487) [spring-beans-3.0.6.RELEASE.jar:3.0.6.RELEASE]
	at org.springframework.beans.factory.support.DefaultSingletonBeanRegistry.destroySingleton(DefaultSingletonBeanRegistry.java:463) [spring-beans-3.0.6.RELEASE.jar:3.0.6.RELEASE]
	at org.springframework.beans.factory.support.DefaultSingletonBeanRegistry.destroySingletons(DefaultSingletonBeanRegistry.java:431) [spring-beans-3.0.6.RELEASE.jar:3.0.6.RELEASE]
	at org.springframework.context.support.AbstractApplicationContext.destroyBeans(AbstractApplicationContext.java:1048) [spring-context-3.0.6.RELEASE.jar:3.0.6.RELEASE]
	at org.springframework.context.support.AbstractApplicationContext.refresh(AbstractApplicationContext.java:433) [spring-context-3.0.6.RELEASE.jar:3.0.6.RELEASE]
	at org.springframework.test.context.support.AbstractGenericContextLoader.loadContext(AbstractGenericContextLoader.java:84) [spring-test-3.0.6.RELEASE.jar:3.0.6.RELEASE]
	at org.springframework.test.context.support.AbstractGenericContextLoader.loadContext(AbstractGenericContextLoader.java:1) [spring-test-3.0.6.RELEASE.jar:3.0.6.RELEASE]
	at org.springframework.test.context.TestContext.loadApplicationContext(TestContext.java:280) [spring-test-3.0.6.RELEASE.jar:3.0.6.RELEASE]
	at org.springframework.test.context.TestContext.getApplicationContext(TestContext.java:304) [spring-test-3.0.6.RELEASE.jar:3.0.6.RELEASE]
	at org.springframework.test.context.support.DependencyInjectionTestExecutionListener.injectDependencies(DependencyInjectionTestExecutionListener.java:109) [spring-test-3.0.6.RELEASE.jar:3.0.6.RELEASE]
	at org.springframework.test.context.support.DependencyInjectionTestExecutionListener.prepareTestInstance(DependencyInjectionTestExecutionListener.java:75) [spring-test-3.0.6.RELEASE.jar:3.0.6.RELEASE]
	at org.springframework.test.context.TestContextManager.prepareTestInstance(TestContextManager.java:321) [spring-test-3.0.6.RELEASE.jar:3.0.6.RELEASE]
	at org.spockframework.spring.SpringTestContextManager.prepareTestInstance(SpringTestContextManager.java:49) [spock-spring-0.7-groovy-2.0.jar:na]
	at org.spockframework.spring.SpringInterceptor.interceptSetupMethod(SpringInterceptor.java:42) [spock-spring-0.7-groovy-2.0.jar:na]
	at org.spockframework.runtime.extension.AbstractMethodInterceptor.intercept(AbstractMethodInterceptor.java:28) [spock-core-0.7-groovy-2.0.jar:na]
	at org.spockframework.runtime.extension.MethodInvocation.proceed(MethodInvocation.java:84) [spock-core-0.7-groovy-2.0.jar:na]
	at org.spockframework.runtime.BaseSpecRunner.invoke(BaseSpecRunner.java:319) [spock-core-0.7-groovy-2.0.jar:na]
	at org.spockframework.runtime.BaseSpecRunner.invokeSetup(BaseSpecRunner.java:279) [spock-core-0.7-groovy-2.0.jar:na]
	at org.spockframework.runtime.BaseSpecRunner.doRunIteration(BaseSpecRunner.java:255) [spock-core-0.7-groovy-2.0.jar:na]
	at sun.reflect.GeneratedMethodAccessor5.invoke(Unknown Source) ~[na:na]
	at sun.reflect.DelegatingMethodAccessorImpl.invoke(DelegatingMethodAccessorImpl.java:25) ~[na:1.6.0_38]
	at java.lang.reflect.Method.invoke(Method.java:597) ~[na:1.6.0_38]
	at org.spockframework.util.ReflectionUtil.invokeMethod(ReflectionUtil.java:138) [spock-core-0.7-groovy-2.0.jar:na]
	at org.spockframework.runtime.BaseSpecRunner.invokeRaw(BaseSpecRunner.java:330) [spock-core-0.7-groovy-2.0.jar:na]
	at org.spockframework.runtime.BaseSpecRunner.invoke(BaseSpecRunner.java:311) [spock-core-0.7-groovy-2.0.jar:na]
	at org.spockframework.runtime.BaseSpecRunner.runIteration(BaseSpecRunner.java:223) [spock-core-0.7-groovy-2.0.jar:na]
	at org.spockframework.runtime.BaseSpecRunner.initializeAndRunIteration(BaseSpecRunner.java:214) [spock-core-0.7-groovy-2.0.jar:na]
	at org.spockframework.runtime.BaseSpecRunner.runSimpleFeature(BaseSpecRunner.java:205) [spock-core-0.7-groovy-2.0.jar:na]
	at org.spockframework.runtime.BaseSpecRunner.doRunFeature(BaseSpecRunner.java:199) [spock-core-0.7-groovy-2.0.jar:na]
	at sun.reflect.GeneratedMethodAccessor7.invoke(Unknown Source) ~[na:na]
	at sun.reflect.DelegatingMethodAccessorImpl.invoke(DelegatingMethodAccessorImpl.java:25) ~[na:1.6.0_38]
	at java.lang.reflect.Method.invoke(Method.java:597) ~[na:1.6.0_38]
	at org.spockframework.util.ReflectionUtil.invokeMethod(ReflectionUtil.java:138) [spock-core-0.7-groovy-2.0.jar:na]
	at org.spockframework.runtime.BaseSpecRunner.invokeRaw(BaseSpecRunner.java:330) [spock-core-0.7-groovy-2.0.jar:na]
	at org.spockframework.runtime.BaseSpecRunner.invoke(BaseSpecRunner.java:311) [spock-core-0.7-groovy-2.0.jar:na]
	at org.spockframework.runtime.BaseSpecRunner.runFeature(BaseSpecRunner.java:175) [spock-core-0.7-groovy-2.0.jar:na]
	at org.spockframework.runtime.BaseSpecRunner.runFeatures(BaseSpecRunner.java:152) [spock-core-0.7-groovy-2.0.jar:na]
	at org.spockframework.runtime.BaseSpecRunner.doRunSpec(BaseSpecRunner.java:112) [spock-core-0.7-groovy-2.0.jar:na]
	at sun.reflect.GeneratedMethodAccessor11.invoke(Unknown Source) ~[na:na]
	at sun.reflect.DelegatingMethodAccessorImpl.invoke(DelegatingMethodAccessorImpl.java:25) ~[na:1.6.0_38]
	at java.lang.reflect.Method.invoke(Method.java:597) ~[na:1.6.0_38]
	at org.spockframework.util.ReflectionUtil.invokeMethod(ReflectionUtil.java:138) [spock-core-0.7-groovy-2.0.jar:na]
	at org.spockframework.runtime.BaseSpecRunner.invokeRaw(BaseSpecRunner.java:330) [spock-core-0.7-groovy-2.0.jar:na]
	at org.spockframework.runtime.BaseSpecRunner.invoke(BaseSpecRunner.java:311) [spock-core-0.7-groovy-2.0.jar:na]
	at org.spockframework.runtime.BaseSpecRunner.runSpec(BaseSpecRunner.java:91) [spock-core-0.7-groovy-2.0.jar:na]
	at org.spockframework.runtime.BaseSpecRunner.run(BaseSpecRunner.java:82) [spock-core-0.7-groovy-2.0.jar:na]
	at org.spockframework.runtime.Sputnik.run(Sputnik.java:63) [spock-core-0.7-groovy-2.0.jar:na]
	at org.apache.maven.surefire.junit4.JUnit4TestSet.execute(JUnit4TestSet.java:53) [surefire-junit4-2.10.jar:2.10]
	at org.apache.maven.surefire.junit4.JUnit4Provider.executeTestSet(JUnit4Provider.java:123) [surefire-junit4-2.10.jar:2.10]
	at org.apache.maven.surefire.junit4.JUnit4Provider.invoke(JUnit4Provider.java:104) [surefire-junit4-2.10.jar:2.10]
	at sun.reflect.NativeMethodAccessorImpl.invoke0(Native Method) ~[na:1.6.0_38]
	at sun.reflect.NativeMethodAccessorImpl.invoke(NativeMethodAccessorImpl.java:39) ~[na:1.6.0_38]
	at sun.reflect.DelegatingMethodAccessorImpl.invoke(DelegatingMethodAccessorImpl.java:25) ~[na:1.6.0_38]
	at java.lang.reflect.Method.invoke(Method.java:597) ~[na:1.6.0_38]
	at org.apache.maven.surefire.util.ReflectionUtils.invokeMethodWithArray(ReflectionUtils.java:164) [surefire-api-2.10.jar:2.10]
	at org.apache.maven.surefire.booter.ProviderFactory$ProviderProxy.invoke(ProviderFactory.java:110) [surefire-booter-2.10.jar:2.10]
	at org.apache.maven.surefire.booter.SurefireStarter.invokeProvider(SurefireStarter.java:175) [surefire-booter-2.10.jar:2.10]
	at org.apache.maven.surefire.booter.SurefireStarter.runSuitesInProcessWhenForked(SurefireStarter.java:107) [surefire-booter-2.10.jar:2.10]
	at org.apache.maven.surefire.booter.ForkedBooter.main(ForkedBooter.java:68) [surefire-booter-2.10.jar:2.10]
22:04:38.685 [main] WARN  o.s.c.a.CommonAnnotationBeanPostProcessor - Invocation of destroy method failed on bean with name &apos;coreTicketOnetimeSyncJob&apos;: com.rackspace.search.exception.NotFoundException: Index is missing
22:04:38.687 [main] INFO  org.elasticsearch.node - [ticket.node] {0.90.2}[25471]: stopping ...
22:04:38.953 [main] INFO  org.elasticsearch.node - [ticket.node] {0.90.2}[25471]: stopped
22:04:38.954 [main] INFO  org.elasticsearch.node - [ticket.node] {0.90.2}[25471]: closing ...
22:04:39.208 [main] INFO  org.elasticsearch.node - [ticket.node] {0.90.2}[25471]: closed
22:04:39.219 [main] ERROR o.s.test.context.TestContextManager - Caught exception while allowing TestExecutionListener [org.springframework.test.context.support.DependencyInjectionTestExecutionListener@62a16977] to prepare test instance [com.rackspace.search.service.TicketSearchServiceTest@53133637]
java.lang.IllegalStateException: Failed to load ApplicationContext
	at org.springframework.test.context.TestContext.getApplicationContext(TestContext.java:308) ~[spring-test-3.0.6.RELEASE.jar:3.0.6.RELEASE]
	at org.springframework.test.context.support.DependencyInjectionTestExecutionListener.injectDependencies(DependencyInjectionTestExecutionListener.java:109) ~[spring-test-3.0.6.RELEASE.jar:3.0.6.RELEASE]
	at org.springframework.test.context.support.DependencyInjectionTestExecutionListener.prepareTestInstance(DependencyInjectionTestExecutionListener.java:75) ~[spring-test-3.0.6.RELEASE.jar:3.0.6.RELEASE]
	at org.springframework.test.context.TestContextManager.prepareTestInstance(TestContextManager.java:321) ~[spring-test-3.0.6.RELEASE.jar:3.0.6.RELEASE]
	at org.spockframework.spring.SpringTestContextManager.prepareTestInstance(SpringTestContextManager.java:49) [spock-spring-0.7-groovy-2.0.jar:na]
	at org.spockframework.spring.SpringInterceptor.interceptSetupMethod(SpringInterceptor.java:42) [spock-spring-0.7-groovy-2.0.jar:na]
	at org.spockframework.runtime.extension.AbstractMethodInterceptor.intercept(AbstractMethodInterceptor.java:28) [spock-core-0.7-groovy-2.0.jar:na]
	at org.spockframework.runtime.extension.MethodInvocation.proceed(MethodInvocation.java:84) [spock-core-0.7-groovy-2.0.jar:na]
	at org.spockframework.runtime.BaseSpecRunner.invoke(BaseSpecRunner.java:319) [spock-core-0.7-groovy-2.0.jar:na]
	at org.spockframework.runtime.BaseSpecRunner.invokeSetup(BaseSpecRunner.java:279) [spock-core-0.7-groovy-2.0.jar:na]
	at org.spockframework.runtime.BaseSpecRunner.doRunIteration(BaseSpecRunner.java:255) [spock-core-0.7-groovy-2.0.jar:na]
	at sun.reflect.GeneratedMethodAccessor5.invoke(Unknown Source) ~[na:na]
	at sun.reflect.DelegatingMethodAccessorImpl.invoke(DelegatingMethodAccessorImpl.java:25) ~[na:1.6.0_38]
	at java.lang.reflect.Method.invoke(Method.java:597) ~[na:1.6.0_38]
	at org.spockframework.util.ReflectionUtil.invokeMethod(ReflectionUtil.java:138) [spock-core-0.7-groovy-2.0.jar:na]
	at org.spockframework.runtime.BaseSpecRunner.invokeRaw(BaseSpecRunner.java:330) [spock-core-0.7-groovy-2.0.jar:na]
	at org.spockframework.runtime.BaseSpecRunner.invoke(BaseSpecRunner.java:311) [spock-core-0.7-groovy-2.0.jar:na]
	at org.spockframework.runtime.BaseSpecRunner.runIteration(BaseSpecRunner.java:223) [spock-core-0.7-groovy-2.0.jar:na]
	at org.spockframework.runtime.BaseSpecRunner.initializeAndRunIteration(BaseSpecRunner.java:214) [spock-core-0.7-groovy-2.0.jar:na]
	at org.spockframework.runtime.BaseSpecRunner.runSimpleFeature(BaseSpecRunner.java:205) [spock-core-0.7-groovy-2.0.jar:na]
	at org.spockframework.runtime.BaseSpecRunner.doRunFeature(BaseSpecRunner.java:199) [spock-core-0.7-groovy-2.0.jar:na]
	at sun.reflect.GeneratedMethodAccessor7.invoke(Unknown Source) ~[na:na]
	at sun.reflect.DelegatingMethodAccessorImpl.invoke(DelegatingMethodAccessorImpl.java:25) ~[na:1.6.0_38]
	at java.lang.reflect.Method.invoke(Method.java:597) ~[na:1.6.0_38]
	at org.spockframework.util.ReflectionUtil.invokeMethod(ReflectionUtil.java:138) [spock-core-0.7-groovy-2.0.jar:na]
	at org.spockframework.runtime.BaseSpecRunner.invokeRaw(BaseSpecRunner.java:330) [spock-core-0.7-groovy-2.0.jar:na]
	at org.spockframework.runtime.BaseSpecRunner.invoke(BaseSpecRunner.java:311) [spock-core-0.7-groovy-2.0.jar:na]
	at org.spockframework.runtime.BaseSpecRunner.runFeature(BaseSpecRunner.java:175) [spock-core-0.7-groovy-2.0.jar:na]
	at org.spockframework.runtime.BaseSpecRunner.runFeatures(BaseSpecRunner.java:152) [spock-core-0.7-groovy-2.0.jar:na]
	at org.spockframework.runtime.BaseSpecRunner.doRunSpec(BaseSpecRunner.java:112) [spock-core-0.7-groovy-2.0.jar:na]
	at sun.reflect.GeneratedMethodAccessor11.invoke(Unknown Source) ~[na:na]
	at sun.reflect.DelegatingMethodAccessorImpl.invoke(DelegatingMethodAccessorImpl.java:25) ~[na:1.6.0_38]
	at java.lang.reflect.Method.invoke(Method.java:597) ~[na:1.6.0_38]
	at org.spockframework.util.ReflectionUtil.invokeMethod(ReflectionUtil.java:138) [spock-core-0.7-groovy-2.0.jar:na]
	at org.spockframework.runtime.BaseSpecRunner.invokeRaw(BaseSpecRunner.java:330) [spock-core-0.7-groovy-2.0.jar:na]
	at org.spockframework.runtime.BaseSpecRunner.invoke(BaseSpecRunner.java:311) [spock-core-0.7-groovy-2.0.jar:na]
	at org.spockframework.runtime.BaseSpecRunner.runSpec(BaseSpecRunner.java:91) [spock-core-0.7-groovy-2.0.jar:na]
	at org.spockframework.runtime.BaseSpecRunner.run(BaseSpecRunner.java:82) [spock-core-0.7-groovy-2.0.jar:na]
	at org.spockframework.runtime.Sputnik.run(Sputnik.java:63) [spock-core-0.7-groovy-2.0.jar:na]
	at org.apache.maven.surefire.junit4.JUnit4TestSet.execute(JUnit4TestSet.java:53) [surefire-junit4-2.10.jar:2.10]
	at org.apache.maven.surefire.junit4.JUnit4Provider.executeTestSet(JUnit4Provider.java:123) [surefire-junit4-2.10.jar:2.10]
	at org.apache.maven.surefire.junit4.JUnit4Provider.invoke(JUnit4Provider.java:104) [surefire-junit4-2.10.jar:2.10]
	at sun.reflect.NativeMethodAccessorImpl.invoke0(Native Method) ~[na:1.6.0_38]
	at sun.reflect.NativeMethodAccessorImpl.invoke(NativeMethodAccessorImpl.java:39) ~[na:1.6.0_38]
	at sun.reflect.DelegatingMethodAccessorImpl.invoke(DelegatingMethodAccessorImpl.java:25) ~[na:1.6.0_38]
	at java.lang.reflect.Method.invoke(Method.java:597) ~[na:1.6.0_38]
	at org.apache.maven.surefire.util.ReflectionUtils.invokeMethodWithArray(ReflectionUtils.java:164) [surefire-api-2.10.jar:2.10]
	at org.apache.maven.surefire.booter.ProviderFactory$ProviderProxy.invoke(ProviderFactory.java:110) [surefire-booter-2.10.jar:2.10]
	at org.apache.maven.surefire.booter.SurefireStarter.invokeProvider(SurefireStarter.java:175) [surefire-booter-2.10.jar:2.10]
	at org.apache.maven.surefire.booter.SurefireStarter.runSuitesInProcessWhenForked(SurefireStarter.java:107) [surefire-booter-2.10.jar:2.10]
	at org.apache.maven.surefire.booter.ForkedBooter.main(ForkedBooter.java:68) [surefire-booter-2.10.jar:2.10]
Caused by: org.springframework.beans.factory.BeanCreationException: Error creating bean with name &apos;jobResource&apos;: Injection of autowired dependencies failed; nested exception is org.springframework.beans.factory.BeanCreationException: Could not autowire field: private com.rackspace.search.service.zendesk.ZendeskTicketOngoingSyncJob com.rackspace.search.endpoint.JobResource.zendeskTicketOngoingSyncJob; nested exception is org.springframework.beans.factory.BeanCreationException: Error creating bean with name &apos;zendeskTicketOngoingSyncJob&apos;: Injection of autowired dependencies failed; nested exception is org.springframework.beans.factory.BeanCreationException: Could not autowire field: private com.rackspace.search.service.zendesk.ZendeskTicketOngoingSyncActor com.rackspace.search.service.zendesk.ZendeskTicketOngoingSyncJob.ticketActor; nested exception is org.springframework.beans.factory.BeanCreationException: Error creating bean with name &apos;zendeskTicketOngoingSyncActor&apos;: Injection of autowired dependencies failed; nested exception is org.springframework.beans.factory.BeanCreationException: Could not autowire field: private com.rackspace.search.service.zendesk.ZendeskTicketProcessor com.rackspace.search.service.zendesk.ZendeskTicketOngoingSyncActor.zendeskTicketProcessor; nested exception is org.springframework.beans.factory.BeanCreationException: Error creating bean with name &apos;zendeskTicketProcessor&apos;: Injection of autowired dependencies failed; nested exception is org.springframework.beans.factory.BeanCreationException: Could not autowire field: private java.lang.Object com.rackspace.search.service.zendesk.ZendeskTicketProcessor.zendeskIndexName; nested exception is java.lang.IllegalArgumentException: Could not resolve placeholder &apos;zendesk.index.name&apos;
	at org.springframework.beans.factory.annotation.AutowiredAnnotationBeanPostProcessor.postProcessPropertyValues(AutowiredAnnotationBeanPostProcessor.java:288) ~[spring-beans-3.0.6.RELEASE.jar:3.0.6.RELEASE]
	at org.springframework.beans.factory.support.AbstractAutowireCapableBeanFactory.populateBean(AbstractAutowireCapableBeanFactory.java:1074) ~[spring-beans-3.0.6.RELEASE.jar:3.0.6.RELEASE]
	at org.springframework.beans.factory.support.AbstractAutowireCapableBeanFactory.doCreateBean(AbstractAutowireCapableBeanFactory.java:517) ~[spring-beans-3.0.6.RELEASE.jar:3.0.6.RELEASE]
	at org.springframework.beans.factory.support.AbstractAutowireCapableBeanFactory.createBean(AbstractAutowireCapableBeanFactory.java:456) ~[spring-beans-3.0.6.RELEASE.jar:3.0.6.RELEASE]
	at org.springframework.beans.factory.support.AbstractBeanFactory$1.getObject(AbstractBeanFactory.java:293) ~[spring-beans-3.0.6.RELEASE.jar:3.0.6.RELEASE]
	at org.springframework.beans.factory.support.DefaultSingletonBeanRegistry.getSingleton(DefaultSingletonBeanRegistry.java:222) ~[spring-beans-3.0.6.RELEASE.jar:3.0.6.RELEASE]
	at org.springframework.beans.factory.support.AbstractBeanFactory.doGetBean(AbstractBeanFactory.java:290) ~[spring-beans-3.0.6.RELEASE.jar:3.0.6.RELEASE]
	at org.springframework.beans.factory.support.AbstractBeanFactory.getBean(AbstractBeanFactory.java:192) ~[spring-beans-3.0.6.RELEASE.jar:3.0.6.RELEASE]
	at org.springframework.beans.factory.support.DefaultListableBeanFactory.preInstantiateSingletons(DefaultListableBeanFactory.java:585) ~[spring-beans-3.0.6.RELEASE.jar:3.0.6.RELEASE]
	at org.springframework.context.support.AbstractApplicationContext.finishBeanFactoryInitialization(AbstractApplicationContext.java:895) ~[spring-context-3.0.6.RELEASE.jar:3.0.6.RELEASE]
	at org.springframework.context.support.AbstractApplicationContext.refresh(AbstractApplicationContext.java:425) ~[spring-context-3.0.6.RELEASE.jar:3.0.6.RELEASE]
	at org.springframework.test.context.support.AbstractGenericContextLoader.loadContext(AbstractGenericContextLoader.java:84) ~[spring-test-3.0.6.RELEASE.jar:3.0.6.RELEASE]
	at org.springframework.test.context.support.AbstractGenericContextLoader.loadContext(AbstractGenericContextLoader.java:1) ~[spring-test-3.0.6.RELEASE.jar:3.0.6.RELEASE]
	at org.springframework.test.context.TestContext.loadApplicationContext(TestContext.java:280) ~[spring-test-3.0.6.RELEASE.jar:3.0.6.RELEASE]
	at org.springframework.test.context.TestContext.getApplicationContext(TestContext.java:304) ~[spring-test-3.0.6.RELEASE.jar:3.0.6.RELEASE]
	... 50 common frames omitted
Caused by: org.springframework.beans.factory.BeanCreationException: Could not autowire field: private com.rackspace.search.service.zendesk.ZendeskTicketOngoingSyncJob com.rackspace.search.endpoint.JobResource.zendeskTicketOngoingSyncJob; nested exception is org.springframework.beans.factory.BeanCreationException: Error creating bean with name &apos;zendeskTicketOngoingSyncJob&apos;: Injection of autowired dependencies failed; nested exception is org.springframework.beans.factory.BeanCreationException: Could not autowire field: private com.rackspace.search.service.zendesk.ZendeskTicketOngoingSyncActor com.rackspace.search.service.zendesk.ZendeskTicketOngoingSyncJob.ticketActor; nested exception is org.springframework.beans.factory.BeanCreationException: Error creating bean with name &apos;zendeskTicketOngoingSyncActor&apos;: Injection of autowired dependencies failed; nested exception is org.springframework.beans.factory.BeanCreationException: Could not autowire field: private com.rackspace.search.service.zendesk.ZendeskTicketProcessor com.rackspace.search.service.zendesk.ZendeskTicketOngoingSyncActor.zendeskTicketProcessor; nested exception is org.springframework.beans.factory.BeanCreationException: Error creating bean with name &apos;zendeskTicketProcessor&apos;: Injection of autowired dependencies failed; nested exception is org.springframework.beans.factory.BeanCreationException: Could not autowire field: private java.lang.Object com.rackspace.search.service.zendesk.ZendeskTicketProcessor.zendeskIndexName; nested exception is java.lang.IllegalArgumentException: Could not resolve placeholder &apos;zendesk.index.name&apos;
	at org.springframework.beans.factory.annotation.AutowiredAnnotationBeanPostProcessor$AutowiredFieldElement.inject(AutowiredAnnotationBeanPostProcessor.java:508) ~[spring-beans-3.0.6.RELEASE.jar:3.0.6.RELEASE]
	at org.springframework.beans.factory.annotation.InjectionMetadata.inject(InjectionMetadata.java:84) ~[spring-beans-3.0.6.RELEASE.jar:3.0.6.RELEASE]
	at org.springframework.beans.factory.annotation.AutowiredAnnotationBeanPostProcessor.postProcessPropertyValues(AutowiredAnnotationBeanPostProcessor.java:285) ~[spring-beans-3.0.6.RELEASE.jar:3.0.6.RELEASE]
	... 64 common frames omitted
Caused by: org.springframework.beans.factory.BeanCreationException: Error creating bean with name &apos;zendeskTicketOngoingSyncJob&apos;: Injection of autowired dependencies failed; nested exception is org.springframework.beans.factory.BeanCreationException: Could not autowire field: private com.rackspace.search.service.zendesk.ZendeskTicketOngoingSyncActor com.rackspace.search.service.zendesk.ZendeskTicketOngoingSyncJob.ticketActor; nested exception is org.springframework.beans.factory.BeanCreationException: Error creating bean with name &apos;zendeskTicketOngoingSyncActor&apos;: Injection of autowired dependencies failed; nested exception is org.springframework.beans.factory.BeanCreationException: Could not autowire field: private com.rackspace.search.service.zendesk.ZendeskTicketProcessor com.rackspace.search.service.zendesk.ZendeskTicketOngoingSyncActor.zendeskTicketProcessor; nested exception is org.springframework.beans.factory.BeanCreationException: Error creating bean with name &apos;zendeskTicketProcessor&apos;: Injection of autowired dependencies failed; nested exception is org.springframework.beans.factory.BeanCreationException: Could not autowire field: private java.lang.Object com.rackspace.search.service.zendesk.ZendeskTicketProcessor.zendeskIndexName; nested exception is java.lang.IllegalArgumentException: Could not resolve placeholder &apos;zendesk.index.name&apos;
	at org.springframework.beans.factory.annotation.AutowiredAnnotationBeanPostProcessor.postProcessPropertyValues(AutowiredAnnotationBeanPostProcessor.java:288) ~[spring-beans-3.0.6.RELEASE.jar:3.0.6.RELEASE]
	at org.springframework.beans.factory.support.AbstractAutowireCapableBeanFactory.populateBean(AbstractAutowireCapableBeanFactory.java:1074) ~[spring-beans-3.0.6.RELEASE.jar:3.0.6.RELEASE]
	at org.springframework.beans.factory.support.AbstractAutowireCapableBeanFactory.doCreateBean(AbstractAutowireCapableBeanFactory.java:517) ~[spring-beans-3.0.6.RELEASE.jar:3.0.6.RELEASE]
	at org.springframework.beans.factory.support.AbstractAutowireCapableBeanFactory.createBean(AbstractAutowireCapableBeanFactory.java:456) ~[spring-beans-3.0.6.RELEASE.jar:3.0.6.RELEASE]
	at org.springframework.beans.factory.support.AbstractBeanFactory$1.getObject(AbstractBeanFactory.java:293) ~[spring-beans-3.0.6.RELEASE.jar:3.0.6.RELEASE]
	at org.springframework.beans.factory.support.DefaultSingletonBeanRegistry.getSingleton(DefaultSingletonBeanRegistry.java:222) ~[spring-beans-3.0.6.RELEASE.jar:3.0.6.RELEASE]
	at org.springframework.beans.factory.support.AbstractBeanFactory.doGetBean(AbstractBeanFactory.java:290) ~[spring-beans-3.0.6.RELEASE.jar:3.0.6.RELEASE]
	at org.springframework.beans.factory.support.AbstractBeanFactory.getBean(AbstractBeanFactory.java:192) ~[spring-beans-3.0.6.RELEASE.jar:3.0.6.RELEASE]
	at org.springframework.beans.factory.support.DefaultListableBeanFactory.findAutowireCandidates(DefaultListableBeanFactory.java:848) ~[spring-beans-3.0.6.RELEASE.jar:3.0.6.RELEASE]
	at org.springframework.beans.factory.support.DefaultListableBeanFactory.doResolveDependency(DefaultListableBeanFactory.java:790) ~[spring-beans-3.0.6.RELEASE.jar:3.0.6.RELEASE]
	at org.springframework.beans.factory.support.DefaultListableBeanFactory.resolveDependency(DefaultListableBeanFactory.java:707) ~[spring-beans-3.0.6.RELEASE.jar:3.0.6.RELEASE]
	at org.springframework.beans.factory.annotation.AutowiredAnnotationBeanPostProcessor$AutowiredFieldElement.inject(AutowiredAnnotationBeanPostProcessor.java:480) ~[spring-beans-3.0.6.RELEASE.jar:3.0.6.RELEASE]
	... 66 common frames omitted
Caused by: org.springframework.beans.factory.BeanCreationException: Could not autowire field: private com.rackspace.search.service.zendesk.ZendeskTicketOngoingSyncActor com.rackspace.search.service.zendesk.ZendeskTicketOngoingSyncJob.ticketActor; nested exception is org.springframework.beans.factory.BeanCreationException: Error creating bean with name &apos;zendeskTicketOngoingSyncActor&apos;: Injection of autowired dependencies failed; nested exception is org.springframework.beans.factory.BeanCreationException: Could not autowire field: private com.rackspace.search.service.zendesk.ZendeskTicketProcessor com.rackspace.search.service.zendesk.ZendeskTicketOngoingSyncActor.zendeskTicketProcessor; nested exception is org.springframework.beans.factory.BeanCreationException: Error creating bean with name &apos;zendeskTicketProcessor&apos;: Injection of autowired dependencies failed; nested exception is org.springframework.beans.factory.BeanCreationException: Could not autowire field: private java.lang.Object com.rackspace.search.service.zendesk.ZendeskTicketProcessor.zendeskIndexName; nested exception is java.lang.IllegalArgumentException: Could not resolve placeholder &apos;zendesk.index.name&apos;
	at org.springframework.beans.factory.annotation.AutowiredAnnotationBeanPostProcessor$AutowiredFieldElement.inject(AutowiredAnnotationBeanPostProcessor.java:508) ~[spring-beans-3.0.6.RELEASE.jar:3.0.6.RELEASE]
	at org.springframework.beans.factory.annotation.InjectionMetadata.inject(InjectionMetadata.java:84) ~[spring-beans-3.0.6.RELEASE.jar:3.0.6.RELEASE]
	at org.springframework.beans.factory.annotation.AutowiredAnnotationBeanPostProcessor.postProcessPropertyValues(AutowiredAnnotationBeanPostProcessor.java:285) ~[spring-beans-3.0.6.RELEASE.jar:3.0.6.RELEASE]
	... 77 common frames omitted
Caused by: org.springframework.beans.factory.BeanCreationException: Error creating bean with name &apos;zendeskTicketOngoingSyncActor&apos;: Injection of autowired dependencies failed; nested exception is org.springframework.beans.factory.BeanCreationException: Could not autowire field: private com.rackspace.search.service.zendesk.ZendeskTicketProcessor com.rackspace.search.service.zendesk.ZendeskTicketOngoingSyncActor.zendeskTicketProcessor; nested exception is org.springframework.beans.factory.BeanCreationException: Error creating bean with name &apos;zendeskTicketProcessor&apos;: Injection of autowired dependencies failed; nested exception is org.springframework.beans.factory.BeanCreationException: Could not autowire field: private java.lang.Object com.rackspace.search.service.zendesk.ZendeskTicketProcessor.zendeskIndexName; nested exception is java.lang.IllegalArgumentException: Could not resolve placeholder &apos;zendesk.index.name&apos;
	at org.springframework.beans.factory.annotation.AutowiredAnnotationBeanPostProcessor.postProcessPropertyValues(AutowiredAnnotationBeanPostProcessor.java:288) ~[spring-beans-3.0.6.RELEASE.jar:3.0.6.RELEASE]
	at org.springframework.beans.factory.support.AbstractAutowireCapableBeanFactory.populateBean(AbstractAutowireCapableBeanFactory.java:1074) ~[spring-beans-3.0.6.RELEASE.jar:3.0.6.RELEASE]
	at org.springframework.beans.factory.support.AbstractAutowireCapableBeanFactory.doCreateBean(AbstractAutowireCapableBeanFactory.java:517) ~[spring-beans-3.0.6.RELEASE.jar:3.0.6.RELEASE]
	at org.springframework.beans.factory.support.AbstractAutowireCapableBeanFactory.createBean(AbstractAutowireCapableBeanFactory.java:456) ~[spring-beans-3.0.6.RELEASE.jar:3.0.6.RELEASE]
	at org.springframework.beans.factory.support.AbstractBeanFactory$1.getObject(AbstractBeanFactory.java:293) ~[spring-beans-3.0.6.RELEASE.jar:3.0.6.RELEASE]
	at org.springframework.beans.factory.support.DefaultSingletonBeanRegistry.getSingleton(DefaultSingletonBeanRegistry.java:222) ~[spring-beans-3.0.6.RELEASE.jar:3.0.6.RELEASE]
	at org.springframework.beans.factory.support.AbstractBeanFactory.doGetBean(AbstractBeanFactory.java:290) ~[spring-beans-3.0.6.RELEASE.jar:3.0.6.RELEASE]
	at org.springframework.beans.factory.support.AbstractBeanFactory.getBean(AbstractBeanFactory.java:192) ~[spring-beans-3.0.6.RELEASE.jar:3.0.6.RELEASE]
	at org.springframework.beans.factory.support.DefaultListableBeanFactory.findAutowireCandidates(DefaultListableBeanFactory.java:848) ~[spring-beans-3.0.6.RELEASE.jar:3.0.6.RELEASE]
	at org.springframework.beans.factory.support.DefaultListableBeanFactory.doResolveDependency(DefaultListableBeanFactory.java:790) ~[spring-beans-3.0.6.RELEASE.jar:3.0.6.RELEASE]
	at org.springframework.beans.factory.support.DefaultListableBeanFactory.resolveDependency(DefaultListableBeanFactory.java:707) ~[spring-beans-3.0.6.RELEASE.jar:3.0.6.RELEASE]
	at org.springframework.beans.factory.annotation.AutowiredAnnotationBeanPostProcessor$AutowiredFieldElement.inject(AutowiredAnnotationBeanPostProcessor.java:480) ~[spring-beans-3.0.6.RELEASE.jar:3.0.6.RELEASE]
	... 79 common frames omitted
Caused by: org.springframework.beans.factory.BeanCreationException: Could not autowire field: private com.rackspace.search.service.zendesk.ZendeskTicketProcessor com.rackspace.search.service.zendesk.ZendeskTicketOngoingSyncActor.zendeskTicketProcessor; nested exception is org.springframework.beans.factory.BeanCreationException: Error creating bean with name &apos;zendeskTicketProcessor&apos;: Injection of autowired dependencies failed; nested exception is org.springframework.beans.factory.BeanCreationException: Could not autowire field: private java.lang.Object com.rackspace.search.service.zendesk.ZendeskTicketProcessor.zendeskIndexName; nested exception is java.lang.IllegalArgumentException: Could not resolve placeholder &apos;zendesk.index.name&apos;
	at org.springframework.beans.factory.annotation.AutowiredAnnotationBeanPostProcessor$AutowiredFieldElement.inject(AutowiredAnnotationBeanPostProcessor.java:508) ~[spring-beans-3.0.6.RELEASE.jar:3.0.6.RELEASE]
	at org.springframework.beans.factory.annotation.InjectionMetadata.inject(InjectionMetadata.java:84) ~[spring-beans-3.0.6.RELEASE.jar:3.0.6.RELEASE]
	at org.springframework.beans.factory.annotation.AutowiredAnnotationBeanPostProcessor.postProcessPropertyValues(AutowiredAnnotationBeanPostProcessor.java:285) ~[spring-beans-3.0.6.RELEASE.jar:3.0.6.RELEASE]
	... 90 common frames omitted
Caused by: org.springframework.beans.factory.BeanCreationException: Error creating bean with name &apos;zendeskTicketProcessor&apos;: Injection of autowired dependencies failed; nested exception is org.springframework.beans.factory.BeanCreationException: Could not autowire field: private java.lang.Object com.rackspace.search.service.zendesk.ZendeskTicketProcessor.zendeskIndexName; nested exception is java.lang.IllegalArgumentException: Could not resolve placeholder &apos;zendesk.index.name&apos;
	at org.springframework.beans.factory.annotation.AutowiredAnnotationBeanPostProcessor.postProcessPropertyValues(AutowiredAnnotationBeanPostProcessor.java:288) ~[spring-beans-3.0.6.RELEASE.jar:3.0.6.RELEASE]
	at org.springframework.beans.factory.support.AbstractAutowireCapableBeanFactory.populateBean(AbstractAutowireCapableBeanFactory.java:1074) ~[spring-beans-3.0.6.RELEASE.jar:3.0.6.RELEASE]
	at org.springframework.beans.factory.support.AbstractAutowireCapableBeanFactory.doCreateBean(AbstractAutowireCapableBeanFactory.java:517) ~[spring-beans-3.0.6.RELEASE.jar:3.0.6.RELEASE]
	at org.springframework.beans.factory.support.AbstractAutowireCapableBeanFactory.createBean(AbstractAutowireCapableBeanFactory.java:456) ~[spring-beans-3.0.6.RELEASE.jar:3.0.6.RELEASE]
	at org.springframework.beans.factory.support.AbstractBeanFactory$1.getObject(AbstractBeanFactory.java:293) ~[spring-beans-3.0.6.RELEASE.jar:3.0.6.RELEASE]
	at org.springframework.beans.factory.support.DefaultSingletonBeanRegistry.getSingleton(DefaultSingletonBeanRegistry.java:222) ~[spring-beans-3.0.6.RELEASE.jar:3.0.6.RELEASE]
	at org.springframework.beans.factory.support.AbstractBeanFactory.doGetBean(AbstractBeanFactory.java:290) ~[spring-beans-3.0.6.RELEASE.jar:3.0.6.RELEASE]
	at org.springframework.beans.factory.support.AbstractBeanFactory.getBean(AbstractBeanFactory.java:192) ~[spring-beans-3.0.6.RELEASE.jar:3.0.6.RELEASE]
	at org.springframework.beans.factory.support.DefaultListableBeanFactory.findAutowireCandidates(DefaultListableBeanFactory.java:848) ~[spring-beans-3.0.6.RELEASE.jar:3.0.6.RELEASE]
	at org.springframework.beans.factory.support.DefaultListableBeanFactory.doResolveDependency(DefaultListableBeanFactory.java:790) ~[spring-beans-3.0.6.RELEASE.jar:3.0.6.RELEASE]
	at org.springframework.beans.factory.support.DefaultListableBeanFactory.resolveDependency(DefaultListableBeanFactory.java:707) ~[spring-beans-3.0.6.RELEASE.jar:3.0.6.RELEASE]
	at org.springframework.beans.factory.annotation.AutowiredAnnotationBeanPostProcessor$AutowiredFieldElement.inject(AutowiredAnnotationBeanPostProcessor.java:480) ~[spring-beans-3.0.6.RELEASE.jar:3.0.6.RELEASE]
	... 92 common frames omitted
Caused by: org.springframework.beans.factory.BeanCreationException: Could not autowire field: private java.lang.Object com.rackspace.search.service.zendesk.ZendeskTicketProcessor.zendeskIndexName; nested exception is java.lang.IllegalArgumentException: Could not resolve placeholder &apos;zendesk.index.name&apos;
	at org.springframework.beans.factory.annotation.AutowiredAnnotationBeanPostProcessor$AutowiredFieldElement.inject(AutowiredAnnotationBeanPostProcessor.java:508) ~[spring-beans-3.0.6.RELEASE.jar:3.0.6.RELEASE]
	at org.springframework.beans.factory.annotation.InjectionMetadata.inject(InjectionMetadata.java:84) ~[spring-beans-3.0.6.RELEASE.jar:3.0.6.RELEASE]
	at org.springframework.beans.factory.annotation.AutowiredAnnotationBeanPostProcessor.postProcessPropertyValues(AutowiredAnnotationBeanPostProcessor.java:285) ~[spring-beans-3.0.6.RELEASE.jar:3.0.6.RELEASE]
	... 103 common frames omitted
Caused by: java.lang.IllegalArgumentException: Could not resolve placeholder &apos;zendesk.index.name&apos;
	at org.springframework.util.PropertyPlaceholderHelper.parseStringValue(PropertyPlaceholderHelper.java:173) ~[spring-core-3.0.6.RELEASE.jar:3.0.6.RELEASE]
	at org.springframework.util.PropertyPlaceholderHelper.replacePlaceholders(PropertyPlaceholderHelper.java:125) ~[spring-core-3.0.6.RELEASE.jar:3.0.6.RELEASE]
	at org.springframework.beans.factory.config.PropertyPlaceholderConfigurer$PlaceholderResolvingStringValueResolver.resolveStringValue(PropertyPlaceholderConfigurer.java:403) ~[spring-beans-3.0.6.RELEASE.jar:3.0.6.RELEASE]
	at org.springframework.beans.factory.support.AbstractBeanFactory.resolveEmbeddedValue(AbstractBeanFactory.java:747) ~[spring-beans-3.0.6.RELEASE.jar:3.0.6.RELEASE]
	at org.springframework.beans.factory.support.DefaultListableBeanFactory.doResolveDependency(DefaultListableBeanFactory.java:717) ~[spring-beans-3.0.6.RELEASE.jar:3.0.6.RELEASE]
	at org.springframework.beans.factory.support.DefaultListableBeanFactory.resolveDependency(DefaultListableBeanFactory.java:707) ~[spring-beans-3.0.6.RELEASE.jar:3.0.6.RELEASE]
	at org.springframework.beans.factory.annotation.AutowiredAnnotationBeanPostProcessor$AutowiredFieldElement.inject(AutowiredAnnotationBeanPostProcessor.java:480) ~[spring-beans-3.0.6.RELEASE.jar:3.0.6.RELEASE]
	... 105 common frames omitted
</stdout>
          <stderr>Exception in thread &quot;Timer-16&quot; org.elasticsearch.common.util.concurrent.EsRejectedExecutionException: rejected execution of [org.elasticsearch.action.support.master.TransportMasterNodeOperationAction$2]
	at org.elasticsearch.common.util.concurrent.EsAbortPolicy.rejectedExecution(EsAbortPolicy.java:35)
	at java.util.concurrent.ThreadPoolExecutor.reject(ThreadPoolExecutor.java:767)
	at java.util.concurrent.ThreadPoolExecutor.execute(ThreadPoolExecutor.java:658)
	at org.elasticsearch.action.support.master.TransportMasterNodeOperationAction.innerExecute(TransportMasterNodeOperationAction.java:132)
	at org.elasticsearch.action.support.master.TransportMasterNodeOperationAction.doExecute(TransportMasterNodeOperationAction.java:86)
	at org.elasticsearch.action.support.master.TransportMasterNodeOperationAction.doExecute(TransportMasterNodeOperationAction.java:42)
	at org.elasticsearch.action.support.TransportAction.execute(TransportAction.java:61)
	at org.elasticsearch.client.node.NodeClusterAdminClient.execute(NodeClusterAdminClient.java:72)
	at org.elasticsearch.client.support.AbstractClusterAdminClient.health(AbstractClusterAdminClient.java:83)
	at org.elasticsearch.action.admin.cluster.health.ClusterHealthRequestBuilder.doExecute(ClusterHealthRequestBuilder.java:98)
	at org.elasticsearch.action.ActionRequestBuilder.execute(ActionRequestBuilder.java:62)
	at org.elasticsearch.action.ActionRequestBuilder.execute(ActionRequestBuilder.java:57)
	at org.elasticsearch.action.ActionRequestBuilder$execute.call(Unknown Source)
	at com.rackspace.search.elasticsearch.ElasticSearchServer.getHealthInformation(ElasticSearchServer.groovy:55)
	at com.rackspace.search.elasticsearch.ElasticSearchServer.getHealthStatus(ElasticSearchServer.groovy:51)
	at com.rackspace.search.elasticsearch.ElasticSearchServer.waitForYellowStatus(ElasticSearchServer.groovy:69)
	at com.rackspace.search.elasticsearch.ElasticSearchServer$waitForYellowStatus.call(Unknown Source)
	at com.rackspace.search.service.core.CoreTicketOngoingSyncJob.setupJob(CoreTicketOnGoingSyncJob.groovy:89)
	at sun.reflect.NativeMethodAccessorImpl.invoke0(Native Method)
	at sun.reflect.NativeMethodAccessorImpl.invoke(NativeMethodAccessorImpl.java:39)
	at sun.reflect.DelegatingMethodAccessorImpl.invoke(DelegatingMethodAccessorImpl.java:25)
	at java.lang.reflect.Method.invoke(Method.java:597)
	at org.codehaus.groovy.reflection.CachedMethod.invoke(CachedMethod.java:90)
	at groovy.lang.MetaMethod.doMethodInvoke(MetaMethod.java:233)
	at groovy.lang.MetaClassImpl.invokeMethod(MetaClassImpl.java:1085)
	at org.codehaus.groovy.runtime.ScriptBytecodeAdapter.invokeMethodOnCurrentN(ScriptBytecodeAdapter.java:78)
	at com.rackspace.search.service.core.CoreTicketOngoingSyncJob.this$dist$invoke$1(CoreTicketOnGoingSyncJob.groovy)
	at com.rackspace.search.service.core.CoreTicketOngoingSyncJob$1.methodMissing(CoreTicketOnGoingSyncJob.groovy)
	at sun.reflect.NativeMethodAccessorImpl.invoke0(Native Method)
	at sun.reflect.NativeMethodAccessorImpl.invoke(NativeMethodAccessorImpl.java:39)
	at sun.reflect.DelegatingMethodAccessorImpl.invoke(DelegatingMethodAccessorImpl.java:25)
	at java.lang.reflect.Method.invoke(Method.java:597)
	at org.codehaus.groovy.reflection.CachedMethod.invoke(CachedMethod.java:90)
	at groovy.lang.MetaClassImpl.invokeMissingMethod(MetaClassImpl.java:837)
	at groovy.lang.MetaClassImpl.invokePropertyOrMissing(MetaClassImpl.java:1134)
	at groovy.lang.MetaClassImpl.invokeMethod(MetaClassImpl.java:1087)
	at groovy.lang.MetaClassImpl.invokeMethod(MetaClassImpl.java:909)
	at org.codehaus.groovy.runtime.callsite.PogoMetaClassSite.callCurrent(PogoMetaClassSite.java:66)
	at org.codehaus.groovy.runtime.callsite.AbstractCallSite.callCurrent(AbstractCallSite.java:137)
	at com.rackspace.search.service.core.CoreTicketOngoingSyncJob$1.run(CoreTicketOnGoingSyncJob.groovy:72)
	at java.util.TimerThread.mainLoop(Timer.java:512)
	at java.util.TimerThread.run(Timer.java:462)
Exception in thread &quot;Timer-17&quot; org.elasticsearch.common.util.concurrent.EsRejectedExecutionException: rejected execution of [org.elasticsearch.action.support.master.TransportMasterNodeOperationAction$2]
	at org.elasticsearch.common.util.concurrent.EsAbortPolicy.rejectedExecution(EsAbortPolicy.java:35)
	at java.util.concurrent.ThreadPoolExecutor.reject(ThreadPoolExecutor.java:767)
	at java.util.concurrent.ThreadPoolExecutor.execute(ThreadPoolExecutor.java:658)
	at org.elasticsearch.action.support.master.TransportMasterNodeOperationAction.innerExecute(TransportMasterNodeOperationAction.java:132)
	at org.elasticsearch.action.support.master.TransportMasterNodeOperationAction.doExecute(TransportMasterNodeOperationAction.java:86)
	at org.elasticsearch.action.support.master.TransportMasterNodeOperationAction.doExecute(TransportMasterNodeOperationAction.java:42)
	at org.elasticsearch.action.support.TransportAction.execute(TransportAction.java:61)
	at org.elasticsearch.client.node.NodeClusterAdminClient.execute(NodeClusterAdminClient.java:72)
	at org.elasticsearch.client.support.AbstractClusterAdminClient.health(AbstractClusterAdminClient.java:83)
	at org.elasticsearch.action.admin.cluster.health.ClusterHealthRequestBuilder.doExecute(ClusterHealthRequestBuilder.java:98)
	at org.elasticsearch.action.ActionRequestBuilder.execute(ActionRequestBuilder.java:62)
	at org.elasticsearch.action.ActionRequestBuilder.execute(ActionRequestBuilder.java:57)
	at org.elasticsearch.action.ActionRequestBuilder$execute.call(Unknown Source)
	at com.rackspace.search.elasticsearch.ElasticSearchServer.getHealthInformation(ElasticSearchServer.groovy:55)
	at com.rackspace.search.elasticsearch.ElasticSearchServer.getHealthStatus(ElasticSearchServer.groovy:51)
	at com.rackspace.search.elasticsearch.ElasticSearchServer.waitForYellowStatus(ElasticSearchServer.groovy:69)
	at com.rackspace.search.elasticsearch.ElasticSearchServer$waitForYellowStatus.call(Unknown Source)
	at com.rackspace.search.service.account.AccountOngoingSyncJob.setupJob(AccountOngoingSyncJob.groovy:96)
	at sun.reflect.NativeMethodAccessorImpl.invoke0(Native Method)
	at sun.reflect.NativeMethodAccessorImpl.invoke(NativeMethodAccessorImpl.java:39)
	at sun.reflect.DelegatingMethodAccessorImpl.invoke(DelegatingMethodAccessorImpl.java:25)
	at java.lang.reflect.Method.invoke(Method.java:597)
	at org.codehaus.groovy.reflection.CachedMethod.invoke(CachedMethod.java:90)
	at groovy.lang.MetaMethod.doMethodInvoke(MetaMethod.java:233)
	at groovy.lang.MetaClassImpl.invokeMethod(MetaClassImpl.java:1085)
	at org.codehaus.groovy.runtime.ScriptBytecodeAdapter.invokeMethodOnCurrentN(ScriptBytecodeAdapter.java:78)
	at com.rackspace.search.service.account.AccountOngoingSyncJob.this$dist$invoke$1(AccountOngoingSyncJob.groovy)
	at com.rackspace.search.service.account.AccountOngoingSyncJob$1.methodMissing(AccountOngoingSyncJob.groovy)
	at sun.reflect.NativeMethodAccessorImpl.invoke0(Native Method)
	at sun.reflect.NativeMethodAccessorImpl.invoke(NativeMethodAccessorImpl.java:39)
	at sun.reflect.DelegatingMethodAccessorImpl.invoke(DelegatingMethodAccessorImpl.java:25)
	at java.lang.reflect.Method.invoke(Method.java:597)
	at org.codehaus.groovy.reflection.CachedMethod.invoke(CachedMethod.java:90)
	at groovy.lang.MetaClassImpl.invokeMissingMethod(MetaClassImpl.java:837)
	at groovy.lang.MetaClassImpl.invokePropertyOrMissing(MetaClassImpl.java:1134)
	at groovy.lang.MetaClassImpl.invokeMethod(MetaClassImpl.java:1087)
	at groovy.lang.MetaClassImpl.invokeMethod(MetaClassImpl.java:909)
	at org.codehaus.groovy.runtime.callsite.PogoMetaClassSite.callCurrent(PogoMetaClassSite.java:66)
	at org.codehaus.groovy.runtime.callsite.AbstractCallSite.callCurrent(AbstractCallSite.java:137)
	at com.rackspace.search.service.account.AccountOngoingSyncJob$1.run(AccountOngoingSyncJob.groovy:78)
	at java.util.TimerThread.mainLoop(Timer.java:512)
	at java.util.TimerThread.run(Timer.java:462)
Exception in thread &quot;Timer-18&quot; org.elasticsearch.common.util.concurrent.EsRejectedExecutionException: rejected execution of [org.elasticsearch.action.support.master.TransportMasterNodeOperationAction$2]
	at org.elasticsearch.common.util.concurrent.EsAbortPolicy.rejectedExecution(EsAbortPolicy.java:35)
	at java.util.concurrent.ThreadPoolExecutor.reject(ThreadPoolExecutor.java:767)
	at java.util.concurrent.ThreadPoolExecutor.execute(ThreadPoolExecutor.java:658)
	at org.elasticsearch.action.support.master.TransportMasterNodeOperationAction.innerExecute(TransportMasterNodeOperationAction.java:132)
	at org.elasticsearch.action.support.master.TransportMasterNodeOperationAction.doExecute(TransportMasterNodeOperationAction.java:86)
	at org.elasticsearch.action.support.master.TransportMasterNodeOperationAction.doExecute(TransportMasterNodeOperationAction.java:42)
	at org.elasticsearch.action.support.TransportAction.execute(TransportAction.java:61)
	at org.elasticsearch.client.node.NodeClusterAdminClient.execute(NodeClusterAdminClient.java:72)
	at org.elasticsearch.client.support.AbstractClusterAdminClient.health(AbstractClusterAdminClient.java:83)
	at org.elasticsearch.action.admin.cluster.health.ClusterHealthRequestBuilder.doExecute(ClusterHealthRequestBuilder.java:98)
	at org.elasticsearch.action.ActionRequestBuilder.execute(ActionRequestBuilder.java:62)
	at org.elasticsearch.action.ActionRequestBuilder.execute(ActionRequestBuilder.java:57)
	at org.elasticsearch.action.ActionRequestBuilder$execute.call(Unknown Source)
	at com.rackspace.search.elasticsearch.ElasticSearchServer.getHealthInformation(ElasticSearchServer.groovy:55)
	at com.rackspace.search.elasticsearch.ElasticSearchServer.getHealthStatus(ElasticSearchServer.groovy:51)
	at com.rackspace.search.elasticsearch.ElasticSearchServer.waitForYellowStatus(ElasticSearchServer.groovy:69)
	at com.rackspace.search.elasticsearch.ElasticSearchServer$waitForYellowStatus.call(Unknown Source)
	at com.rackspace.search.service.admin.CoreTicketOndemandSyncJob.setupJob(CoreTicketOndemandSyncJob.groovy:98)
	at sun.reflect.NativeMethodAccessorImpl.invoke0(Native Method)
	at sun.reflect.NativeMethodAccessorImpl.invoke(NativeMethodAccessorImpl.java:39)
	at sun.reflect.DelegatingMethodAccessorImpl.invoke(DelegatingMethodAccessorImpl.java:25)
	at java.lang.reflect.Method.invoke(Method.java:597)
	at org.codehaus.groovy.reflection.CachedMethod.invoke(CachedMethod.java:90)
	at groovy.lang.MetaMethod.doMethodInvoke(MetaMethod.java:233)
	at groovy.lang.MetaClassImpl.invokeMethod(MetaClassImpl.java:1085)
	at org.codehaus.groovy.runtime.ScriptBytecodeAdapter.invokeMethodOnCurrentN(ScriptBytecodeAdapter.java:78)
	at com.rackspace.search.service.admin.CoreTicketOndemandSyncJob.this$dist$invoke$1(CoreTicketOndemandSyncJob.groovy)
	at com.rackspace.search.service.admin.CoreTicketOndemandSyncJob$1.methodMissing(CoreTicketOndemandSyncJob.groovy)
	at sun.reflect.NativeMethodAccessorImpl.invoke0(Native Method)
	at sun.reflect.NativeMethodAccessorImpl.invoke(NativeMethodAccessorImpl.java:39)
	at sun.reflect.DelegatingMethodAccessorImpl.invoke(DelegatingMethodAccessorImpl.java:25)
	at java.lang.reflect.Method.invoke(Method.java:597)
	at org.codehaus.groovy.reflection.CachedMethod.invoke(CachedMethod.java:90)
	at groovy.lang.MetaClassImpl.invokeMissingMethod(MetaClassImpl.java:837)
	at groovy.lang.MetaClassImpl.invokePropertyOrMissing(MetaClassImpl.java:1134)
	at groovy.lang.MetaClassImpl.invokeMethod(MetaClassImpl.java:1087)
	at groovy.lang.MetaClassImpl.invokeMethod(MetaClassImpl.java:909)
	at org.codehaus.groovy.runtime.callsite.PogoMetaClassSite.callCurrent(PogoMetaClassSite.java:66)
	at org.codehaus.groovy.runtime.callsite.AbstractCallSite.callCurrent(AbstractCallSite.java:137)
	at com.rackspace.search.service.admin.CoreTicketOndemandSyncJob$1.run(CoreTicketOndemandSyncJob.groovy:82)
	at java.util.TimerThread.mainLoop(Timer.java:512)
	at java.util.TimerThread.run(Timer.java:462)
Exception in thread &quot;Timer-19&quot; org.elasticsearch.common.util.concurrent.EsRejectedExecutionException: rejected execution of [org.elasticsearch.action.support.master.TransportMasterNodeOperationAction$2]
	at org.elasticsearch.common.util.concurrent.EsAbortPolicy.rejectedExecution(EsAbortPolicy.java:35)
	at java.util.concurrent.ThreadPoolExecutor.reject(ThreadPoolExecutor.java:767)
	at java.util.concurrent.ThreadPoolExecutor.execute(ThreadPoolExecutor.java:658)
	at org.elasticsearch.action.support.master.TransportMasterNodeOperationAction.innerExecute(TransportMasterNodeOperationAction.java:132)
	at org.elasticsearch.action.support.master.TransportMasterNodeOperationAction.doExecute(TransportMasterNodeOperationAction.java:86)
	at org.elasticsearch.action.support.master.TransportMasterNodeOperationAction.doExecute(TransportMasterNodeOperationAction.java:42)
	at org.elasticsearch.action.support.TransportAction.execute(TransportAction.java:61)
	at org.elasticsearch.client.node.NodeClusterAdminClient.execute(NodeClusterAdminClient.java:72)
	at org.elasticsearch.client.support.AbstractClusterAdminClient.health(AbstractClusterAdminClient.java:83)
	at org.elasticsearch.action.admin.cluster.health.ClusterHealthRequestBuilder.doExecute(ClusterHealthRequestBuilder.java:98)
	at org.elasticsearch.action.ActionRequestBuilder.execute(ActionRequestBuilder.java:62)
	at org.elasticsearch.action.ActionRequestBuilder.execute(ActionRequestBuilder.java:57)
	at org.elasticsearch.action.ActionRequestBuilder$execute.call(Unknown Source)
	at com.rackspace.search.elasticsearch.ElasticSearchServer.getHealthInformation(ElasticSearchServer.groovy:55)
	at com.rackspace.search.elasticsearch.ElasticSearchServer.getHealthStatus(ElasticSearchServer.groovy:51)
	at com.rackspace.search.elasticsearch.ElasticSearchServer.waitForYellowStatus(ElasticSearchServer.groovy:69)
	at com.rackspace.search.elasticsearch.ElasticSearchServer$waitForYellowStatus.call(Unknown Source)
	at com.rackspace.search.service.core.CoreTicketSecondPassSyncJob.setupJob(CoreTicketSecondPassSyncJob.groovy:90)
	at com.rackspace.search.service.core.CoreTicketSecondPassSyncJob.this$2$setupJob(CoreTicketSecondPassSyncJob.groovy)
	at sun.reflect.NativeMethodAccessorImpl.invoke0(Native Method)
	at sun.reflect.NativeMethodAccessorImpl.invoke(NativeMethodAccessorImpl.java:39)
	at sun.reflect.DelegatingMethodAccessorImpl.invoke(DelegatingMethodAccessorImpl.java:25)
	at java.lang.reflect.Method.invoke(Method.java:597)
	at org.codehaus.groovy.reflection.CachedMethod.invoke(CachedMethod.java:90)
	at groovy.lang.MetaMethod.doMethodInvoke(MetaMethod.java:233)
	at groovy.lang.MetaClassImpl.invokeMethod(MetaClassImpl.java:1085)
	at org.codehaus.groovy.runtime.ScriptBytecodeAdapter.invokeMethodOnCurrentN(ScriptBytecodeAdapter.java:78)
	at com.rackspace.search.service.core.CoreTicketSecondPassSyncJob.this$dist$invoke$1(CoreTicketSecondPassSyncJob.groovy)
	at com.rackspace.search.service.core.CoreTicketSecondPassSyncJob$1.methodMissing(CoreTicketSecondPassSyncJob.groovy)
	at sun.reflect.NativeMethodAccessorImpl.invoke0(Native Method)
	at sun.reflect.NativeMethodAccessorImpl.invoke(NativeMethodAccessorImpl.java:39)
	at sun.reflect.DelegatingMethodAccessorImpl.invoke(DelegatingMethodAccessorImpl.java:25)
	at java.lang.reflect.Method.invoke(Method.java:597)
	at org.codehaus.groovy.reflection.CachedMethod.invoke(CachedMethod.java:90)
	at groovy.lang.MetaClassImpl.invokeMissingMethod(MetaClassImpl.java:837)
	at groovy.lang.MetaClassImpl.invokePropertyOrMissing(MetaClassImpl.java:1134)
	at groovy.lang.MetaClassImpl.invokeMethod(MetaClassImpl.java:1087)
	at groovy.lang.MetaClassImpl.invokeMethod(MetaClassImpl.java:909)
	at org.codehaus.groovy.runtime.callsite.PogoMetaClassSite.callCurrent(PogoMetaClassSite.java:66)
	at org.codehaus.groovy.runtime.callsite.AbstractCallSite.callCurrent(AbstractCallSite.java:137)
	at com.rackspace.search.service.core.CoreTicketSecondPassSyncJob$1.run(CoreTicketSecondPassSyncJob.groovy:74)
	at java.util.TimerThread.mainLoop(Timer.java:512)
	at java.util.TimerThread.run(Timer.java:462)
Exception in thread &quot;Timer-20&quot; org.elasticsearch.common.util.concurrent.EsRejectedExecutionException: rejected execution of [org.elasticsearch.action.support.master.TransportMasterNodeOperationAction$2]
	at org.elasticsearch.common.util.concurrent.EsAbortPolicy.rejectedExecution(EsAbortPolicy.java:35)
	at java.util.concurrent.ThreadPoolExecutor.reject(ThreadPoolExecutor.java:767)
	at java.util.concurrent.ThreadPoolExecutor.execute(ThreadPoolExecutor.java:658)
	at org.elasticsearch.action.support.master.TransportMasterNodeOperationAction.innerExecute(TransportMasterNodeOperationAction.java:132)
	at org.elasticsearch.action.support.master.TransportMasterNodeOperationAction.doExecute(TransportMasterNodeOperationAction.java:86)
	at org.elasticsearch.action.support.master.TransportMasterNodeOperationAction.doExecute(TransportMasterNodeOperationAction.java:42)
	at org.elasticsearch.action.support.TransportAction.execute(TransportAction.java:61)
	at org.elasticsearch.client.node.NodeClusterAdminClient.execute(NodeClusterAdminClient.java:72)
	at org.elasticsearch.client.support.AbstractClusterAdminClient.health(AbstractClusterAdminClient.java:83)
	at org.elasticsearch.action.admin.cluster.health.ClusterHealthRequestBuilder.doExecute(ClusterHealthRequestBuilder.java:98)
	at org.elasticsearch.action.ActionRequestBuilder.execute(ActionRequestBuilder.java:62)
	at org.elasticsearch.action.ActionRequestBuilder.execute(ActionRequestBuilder.java:57)
	at org.elasticsearch.action.ActionRequestBuilder$execute.call(Unknown Source)
	at com.rackspace.search.elasticsearch.ElasticSearchServer.getHealthInformation(ElasticSearchServer.groovy:55)
	at com.rackspace.search.elasticsearch.ElasticSearchServer.getHealthStatus(ElasticSearchServer.groovy:51)
	at com.rackspace.search.elasticsearch.ElasticSearchServer.waitForYellowStatus(ElasticSearchServer.groovy:69)
	at com.rackspace.search.elasticsearch.ElasticSearchServer$waitForYellowStatus.call(Unknown Source)
	at com.rackspace.search.service.account.CoreAccountUpdateSyncJob.setupJob(CoreAccountUpdateSyncJob.groovy:95)
	at com.rackspace.search.service.account.CoreAccountUpdateSyncJob.this$2$setupJob(CoreAccountUpdateSyncJob.groovy)
	at sun.reflect.NativeMethodAccessorImpl.invoke0(Native Method)
	at sun.reflect.NativeMethodAccessorImpl.invoke(NativeMethodAccessorImpl.java:39)
	at sun.reflect.DelegatingMethodAccessorImpl.invoke(DelegatingMethodAccessorImpl.java:25)
	at java.lang.reflect.Method.invoke(Method.java:597)
	at org.codehaus.groovy.reflection.CachedMethod.invoke(CachedMethod.java:90)
	at groovy.lang.MetaMethod.doMethodInvoke(MetaMethod.java:233)
	at groovy.lang.MetaClassImpl.invokeMethod(MetaClassImpl.java:1085)
	at org.codehaus.groovy.runtime.ScriptBytecodeAdapter.invokeMethodOnCurrentN(ScriptBytecodeAdapter.java:78)
	at com.rackspace.search.service.account.CoreAccountUpdateSyncJob.this$dist$invoke$1(CoreAccountUpdateSyncJob.groovy)
	at com.rackspace.search.service.account.CoreAccountUpdateSyncJob$1.methodMissing(CoreAccountUpdateSyncJob.groovy)
	at sun.reflect.NativeMethodAccessorImpl.invoke0(Native Method)
	at sun.reflect.NativeMethodAccessorImpl.invoke(NativeMethodAccessorImpl.java:39)
	at sun.reflect.DelegatingMethodAccessorImpl.invoke(DelegatingMethodAccessorImpl.java:25)
	at java.lang.reflect.Method.invoke(Method.java:597)
	at org.codehaus.groovy.reflection.CachedMethod.invoke(CachedMethod.java:90)
	at groovy.lang.MetaClassImpl.invokeMissingMethod(MetaClassImpl.java:837)
	at groovy.lang.MetaClassImpl.invokePropertyOrMissing(MetaClassImpl.java:1134)
	at groovy.lang.MetaClassImpl.invokeMethod(MetaClassImpl.java:1087)
	at groovy.lang.MetaClassImpl.invokeMethod(MetaClassImpl.java:909)
	at org.codehaus.groovy.runtime.callsite.PogoMetaClassSite.callCurrent(PogoMetaClassSite.java:66)
	at org.codehaus.groovy.runtime.callsite.AbstractCallSite.callCurrent(AbstractCallSite.java:137)
	at com.rackspace.search.service.account.CoreAccountUpdateSyncJob$1.run(CoreAccountUpdateSyncJob.groovy:78)
	at java.util.TimerThread.mainLoop(Timer.java:512)
	at java.util.TimerThread.run(Timer.java:462)
Exception in thread &quot;Timer-21&quot; org.elasticsearch.common.util.concurrent.EsRejectedExecutionException: rejected execution of [org.elasticsearch.action.support.master.TransportMasterNodeOperationAction$2]
	at org.elasticsearch.common.util.concurrent.EsAbortPolicy.rejectedExecution(EsAbortPolicy.java:35)
	at java.util.concurrent.ThreadPoolExecutor.reject(ThreadPoolExecutor.java:767)
	at java.util.concurrent.ThreadPoolExecutor.execute(ThreadPoolExecutor.java:658)
	at org.elasticsearch.action.support.master.TransportMasterNodeOperationAction.innerExecute(TransportMasterNodeOperationAction.java:132)
	at org.elasticsearch.action.support.master.TransportMasterNodeOperationAction.doExecute(TransportMasterNodeOperationAction.java:86)
	at org.elasticsearch.action.support.master.TransportMasterNodeOperationAction.doExecute(TransportMasterNodeOperationAction.java:42)
	at org.elasticsearch.action.support.TransportAction.execute(TransportAction.java:61)
	at org.elasticsearch.client.node.NodeClusterAdminClient.execute(NodeClusterAdminClient.java:72)
	at org.elasticsearch.client.support.AbstractClusterAdminClient.health(AbstractClusterAdminClient.java:83)
	at org.elasticsearch.action.admin.cluster.health.ClusterHealthRequestBuilder.doExecute(ClusterHealthRequestBuilder.java:98)
	at org.elasticsearch.action.ActionRequestBuilder.execute(ActionRequestBuilder.java:62)
	at org.elasticsearch.action.ActionRequestBuilder.execute(ActionRequestBuilder.java:57)
	at org.elasticsearch.action.ActionRequestBuilder$execute.call(Unknown Source)
	at com.rackspace.search.elasticsearch.ElasticSearchServer.getHealthInformation(ElasticSearchServer.groovy:55)
	at com.rackspace.search.elasticsearch.ElasticSearchServer.getHealthStatus(ElasticSearchServer.groovy:51)
	at com.rackspace.search.elasticsearch.ElasticSearchServer.waitForYellowStatus(ElasticSearchServer.groovy:69)
	at com.rackspace.search.elasticsearch.ElasticSearchServer$waitForYellowStatus.call(Unknown Source)
	at com.rackspace.search.service.admin.AccountOndemandSyncJob.setupJob(AccountOndemandSyncJob.groovy:126)
	at sun.reflect.NativeMethodAccessorImpl.invoke0(Native Method)
	at sun.reflect.NativeMethodAccessorImpl.invoke(NativeMethodAccessorImpl.java:39)
	at sun.reflect.DelegatingMethodAccessorImpl.invoke(DelegatingMethodAccessorImpl.java:25)
	at java.lang.reflect.Method.invoke(Method.java:597)
	at org.codehaus.groovy.reflection.CachedMethod.invoke(CachedMethod.java:90)
	at groovy.lang.MetaMethod.doMethodInvoke(MetaMethod.java:233)
	at groovy.lang.MetaClassImpl.invokeMethod(MetaClassImpl.java:1085)
	at org.codehaus.groovy.runtime.ScriptBytecodeAdapter.invokeMethodOnCurrentN(ScriptBytecodeAdapter.java:78)
	at com.rackspace.search.service.admin.AccountOndemandSyncJob.this$dist$invoke$1(AccountOndemandSyncJob.groovy)
	at com.rackspace.search.service.admin.AccountOndemandSyncJob$1.methodMissing(AccountOndemandSyncJob.groovy)
	at sun.reflect.NativeMethodAccessorImpl.invoke0(Native Method)
	at sun.reflect.NativeMethodAccessorImpl.invoke(NativeMethodAccessorImpl.java:39)
	at sun.reflect.DelegatingMethodAccessorImpl.invoke(DelegatingMethodAccessorImpl.java:25)
	at java.lang.reflect.Method.invoke(Method.java:597)
	at org.codehaus.groovy.reflection.CachedMethod.invoke(CachedMethod.java:90)
	at groovy.lang.MetaClassImpl.invokeMissingMethod(MetaClassImpl.java:837)
	at groovy.lang.MetaClassImpl.invokePropertyOrMissing(MetaClassImpl.java:1134)
	at groovy.lang.MetaClassImpl.invokeMethod(MetaClassImpl.java:1087)
	at groovy.lang.MetaClassImpl.invokeMethod(MetaClassImpl.java:909)
	at org.codehaus.groovy.runtime.callsite.PogoMetaClassSite.callCurrent(PogoMetaClassSite.java:66)
	at org.codehaus.groovy.runtime.callsite.AbstractCallSite.callCurrent(AbstractCallSite.java:137)
	at com.rackspace.search.service.admin.AccountOndemandSyncJob$1.run(AccountOndemandSyncJob.groovy:110)
	at java.util.TimerThread.mainLoop(Timer.java:512)
	at java.util.TimerThread.run(Timer.java:462)
</stderr>
          <failedSince>7</failedSince>
        </case>
        <case>
          <duration>7.244</duration>
          <className>com.rackspace.search.service.TicketSearchServiceTest</className>
          <testName>should get ticket</testName>
          <skipped>false</skipped>
          <errorStackTrace>java.lang.NullPointerException
	at com.rackspace.search.service.TicketSearchServiceTest.cleanup(TicketSearchServiceTest.groovy:42)
</errorStackTrace>
          <failedSince>7</failedSince>
        </case>
        <case>
          <duration>5.613</duration>
          <className>com.rackspace.search.service.TicketSearchServiceTest</className>
          <testName>should throw not found exception</testName>
          <skipped>false</skipped>
          <errorStackTrace>java.lang.IllegalStateException: Failed to load ApplicationContext
	at org.springframework.test.context.TestContext.getApplicationContext(TestContext.java:308)
	at org.springframework.test.context.support.DependencyInjectionTestExecutionListener.injectDependencies(DependencyInjectionTestExecutionListener.java:109)
	at org.springframework.test.context.support.DependencyInjectionTestExecutionListener.prepareTestInstance(DependencyInjectionTestExecutionListener.java:75)
	at org.springframework.test.context.TestContextManager.prepareTestInstance(TestContextManager.java:321)
	at org.spockframework.spring.SpringTestContextManager.prepareTestInstance(SpringTestContextManager.java:49)
	at org.spockframework.spring.SpringInterceptor.interceptSetupMethod(SpringInterceptor.java:42)
	at org.spockframework.runtime.extension.AbstractMethodInterceptor.intercept(AbstractMethodInterceptor.java:28)
	at org.spockframework.runtime.extension.MethodInvocation.proceed(MethodInvocation.java:84)
	at org.spockframework.util.ReflectionUtil.invokeMethod(ReflectionUtil.java:138)
	at org.spockframework.util.ReflectionUtil.invokeMethod(ReflectionUtil.java:138)
	at org.spockframework.util.ReflectionUtil.invokeMethod(ReflectionUtil.java:138)
	at org.apache.maven.surefire.junit4.JUnit4TestSet.execute(JUnit4TestSet.java:53)
	at org.apache.maven.surefire.junit4.JUnit4Provider.executeTestSet(JUnit4Provider.java:123)
	at org.apache.maven.surefire.junit4.JUnit4Provider.invoke(JUnit4Provider.java:104)
	at org.apache.maven.surefire.util.ReflectionUtils.invokeMethodWithArray(ReflectionUtils.java:164)
	at org.apache.maven.surefire.booter.ProviderFactory$ProviderProxy.invoke(ProviderFactory.java:110)
	at org.apache.maven.surefire.booter.SurefireStarter.invokeProvider(SurefireStarter.java:175)
	at org.apache.maven.surefire.booter.SurefireStarter.runSuitesInProcessWhenForked(SurefireStarter.java:107)
	at org.apache.maven.surefire.booter.ForkedBooter.main(ForkedBooter.java:68)
Caused by: org.springframework.beans.factory.BeanCreationException: Error creating bean with name &apos;jobResource&apos;: Injection of autowired dependencies failed; nested exception is org.springframework.beans.factory.BeanCreationException: Could not autowire field: private com.rackspace.search.service.zendesk.ZendeskTicketOngoingSyncJob com.rackspace.search.endpoint.JobResource.zendeskTicketOngoingSyncJob; nested exception is org.springframework.beans.factory.BeanCreationException: Error creating bean with name &apos;zendeskTicketOngoingSyncJob&apos;: Injection of autowired dependencies failed; nested exception is org.springframework.beans.factory.BeanCreationException: Could not autowire field: private com.rackspace.search.service.zendesk.ZendeskTicketOngoingSyncActor com.rackspace.search.service.zendesk.ZendeskTicketOngoingSyncJob.ticketActor; nested exception is org.springframework.beans.factory.BeanCreationException: Error creating bean with name &apos;zendeskTicketOngoingSyncActor&apos;: Injection of autowired dependencies failed; nested exception is org.springframework.beans.factory.BeanCreationException: Could not autowire field: private com.rackspace.search.service.zendesk.ZendeskTicketProcessor com.rackspace.search.service.zendesk.ZendeskTicketOngoingSyncActor.zendeskTicketProcessor; nested exception is org.springframework.beans.factory.BeanCreationException: Error creating bean with name &apos;zendeskTicketProcessor&apos;: Injection of autowired dependencies failed; nested exception is org.springframework.beans.factory.BeanCreationException: Could not autowire field: private java.lang.Object com.rackspace.search.service.zendesk.ZendeskTicketProcessor.zendeskIndexName; nested exception is java.lang.IllegalArgumentException: Could not resolve placeholder &apos;zendesk.index.name&apos;
	at org.springframework.beans.factory.annotation.AutowiredAnnotationBeanPostProcessor.postProcessPropertyValues(AutowiredAnnotationBeanPostProcessor.java:288)
	at org.springframework.beans.factory.support.AbstractAutowireCapableBeanFactory.populateBean(AbstractAutowireCapableBeanFactory.java:1074)
	at org.springframework.beans.factory.support.AbstractAutowireCapableBeanFactory.doCreateBean(AbstractAutowireCapableBeanFactory.java:517)
	at org.springframework.beans.factory.support.AbstractAutowireCapableBeanFactory.createBean(AbstractAutowireCapableBeanFactory.java:456)
	at org.springframework.beans.factory.support.AbstractBeanFactory$1.getObject(AbstractBeanFactory.java:293)
	at org.springframework.beans.factory.support.DefaultSingletonBeanRegistry.getSingleton(DefaultSingletonBeanRegistry.java:222)
	at org.springframework.beans.factory.support.AbstractBeanFactory.doGetBean(AbstractBeanFactory.java:290)
	at org.springframework.beans.factory.support.AbstractBeanFactory.getBean(AbstractBeanFactory.java:192)
	at org.springframework.beans.factory.support.DefaultListableBeanFactory.preInstantiateSingletons(DefaultListableBeanFactory.java:585)
	at org.springframework.context.support.AbstractApplicationContext.finishBeanFactoryInitialization(AbstractApplicationContext.java:895)
	at org.springframework.context.support.AbstractApplicationContext.refresh(AbstractApplicationContext.java:425)
	at org.springframework.test.context.support.AbstractGenericContextLoader.loadContext(AbstractGenericContextLoader.java:84)
	at org.springframework.test.context.support.AbstractGenericContextLoader.loadContext(AbstractGenericContextLoader.java:1)
	at org.springframework.test.context.TestContext.loadApplicationContext(TestContext.java:280)
	at org.springframework.test.context.TestContext.getApplicationContext(TestContext.java:304)
	... 18 more
Caused by: org.springframework.beans.factory.BeanCreationException: Could not autowire field: private com.rackspace.search.service.zendesk.ZendeskTicketOngoingSyncJob com.rackspace.search.endpoint.JobResource.zendeskTicketOngoingSyncJob; nested exception is org.springframework.beans.factory.BeanCreationException: Error creating bean with name &apos;zendeskTicketOngoingSyncJob&apos;: Injection of autowired dependencies failed; nested exception is org.springframework.beans.factory.BeanCreationException: Could not autowire field: private com.rackspace.search.service.zendesk.ZendeskTicketOngoingSyncActor com.rackspace.search.service.zendesk.ZendeskTicketOngoingSyncJob.ticketActor; nested exception is org.springframework.beans.factory.BeanCreationException: Error creating bean with name &apos;zendeskTicketOngoingSyncActor&apos;: Injection of autowired dependencies failed; nested exception is org.springframework.beans.factory.BeanCreationException: Could not autowire field: private com.rackspace.search.service.zendesk.ZendeskTicketProcessor com.rackspace.search.service.zendesk.ZendeskTicketOngoingSyncActor.zendeskTicketProcessor; nested exception is org.springframework.beans.factory.BeanCreationException: Error creating bean with name &apos;zendeskTicketProcessor&apos;: Injection of autowired dependencies failed; nested exception is org.springframework.beans.factory.BeanCreationException: Could not autowire field: private java.lang.Object com.rackspace.search.service.zendesk.ZendeskTicketProcessor.zendeskIndexName; nested exception is java.lang.IllegalArgumentException: Could not resolve placeholder &apos;zendesk.index.name&apos;
	at org.springframework.beans.factory.annotation.AutowiredAnnotationBeanPostProcessor$AutowiredFieldElement.inject(AutowiredAnnotationBeanPostProcessor.java:508)
	at org.springframework.beans.factory.annotation.InjectionMetadata.inject(InjectionMetadata.java:84)
	at org.springframework.beans.factory.annotation.AutowiredAnnotationBeanPostProcessor.postProcessPropertyValues(AutowiredAnnotationBeanPostProcessor.java:285)
	... 32 more
Caused by: org.springframework.beans.factory.BeanCreationException: Error creating bean with name &apos;zendeskTicketOngoingSyncJob&apos;: Injection of autowired dependencies failed; nested exception is org.springframework.beans.factory.BeanCreationException: Could not autowire field: private com.rackspace.search.service.zendesk.ZendeskTicketOngoingSyncActor com.rackspace.search.service.zendesk.ZendeskTicketOngoingSyncJob.ticketActor; nested exception is org.springframework.beans.factory.BeanCreationException: Error creating bean with name &apos;zendeskTicketOngoingSyncActor&apos;: Injection of autowired dependencies failed; nested exception is org.springframework.beans.factory.BeanCreationException: Could not autowire field: private com.rackspace.search.service.zendesk.ZendeskTicketProcessor com.rackspace.search.service.zendesk.ZendeskTicketOngoingSyncActor.zendeskTicketProcessor; nested exception is org.springframework.beans.factory.BeanCreationException: Error creating bean with name &apos;zendeskTicketProcessor&apos;: Injection of autowired dependencies failed; nested exception is org.springframework.beans.factory.BeanCreationException: Could not autowire field: private java.lang.Object com.rackspace.search.service.zendesk.ZendeskTicketProcessor.zendeskIndexName; nested exception is java.lang.IllegalArgumentException: Could not resolve placeholder &apos;zendesk.index.name&apos;
	at org.springframework.beans.factory.annotation.AutowiredAnnotationBeanPostProcessor.postProcessPropertyValues(AutowiredAnnotationBeanPostProcessor.java:288)
	at org.springframework.beans.factory.support.AbstractAutowireCapableBeanFactory.populateBean(AbstractAutowireCapableBeanFactory.java:1074)
	at org.springframework.beans.factory.support.AbstractAutowireCapableBeanFactory.doCreateBean(AbstractAutowireCapableBeanFactory.java:517)
	at org.springframework.beans.factory.support.AbstractAutowireCapableBeanFactory.createBean(AbstractAutowireCapableBeanFactory.java:456)
	at org.springframework.beans.factory.support.AbstractBeanFactory$1.getObject(AbstractBeanFactory.java:293)
	at org.springframework.beans.factory.support.DefaultSingletonBeanRegistry.getSingleton(DefaultSingletonBeanRegistry.java:222)
	at org.springframework.beans.factory.support.AbstractBeanFactory.doGetBean(AbstractBeanFactory.java:290)
	at org.springframework.beans.factory.support.AbstractBeanFactory.getBean(AbstractBeanFactory.java:192)
	at org.springframework.beans.factory.support.DefaultListableBeanFactory.findAutowireCandidates(DefaultListableBeanFactory.java:848)
	at org.springframework.beans.factory.support.DefaultListableBeanFactory.doResolveDependency(DefaultListableBeanFactory.java:790)
	at org.springframework.beans.factory.support.DefaultListableBeanFactory.resolveDependency(DefaultListableBeanFactory.java:707)
	at org.springframework.beans.factory.annotation.AutowiredAnnotationBeanPostProcessor$AutowiredFieldElement.inject(AutowiredAnnotationBeanPostProcessor.java:480)
	... 34 more
Caused by: org.springframework.beans.factory.BeanCreationException: Could not autowire field: private com.rackspace.search.service.zendesk.ZendeskTicketOngoingSyncActor com.rackspace.search.service.zendesk.ZendeskTicketOngoingSyncJob.ticketActor; nested exception is org.springframework.beans.factory.BeanCreationException: Error creating bean with name &apos;zendeskTicketOngoingSyncActor&apos;: Injection of autowired dependencies failed; nested exception is org.springframework.beans.factory.BeanCreationException: Could not autowire field: private com.rackspace.search.service.zendesk.ZendeskTicketProcessor com.rackspace.search.service.zendesk.ZendeskTicketOngoingSyncActor.zendeskTicketProcessor; nested exception is org.springframework.beans.factory.BeanCreationException: Error creating bean with name &apos;zendeskTicketProcessor&apos;: Injection of autowired dependencies failed; nested exception is org.springframework.beans.factory.BeanCreationException: Could not autowire field: private java.lang.Object com.rackspace.search.service.zendesk.ZendeskTicketProcessor.zendeskIndexName; nested exception is java.lang.IllegalArgumentException: Could not resolve placeholder &apos;zendesk.index.name&apos;
	at org.springframework.beans.factory.annotation.AutowiredAnnotationBeanPostProcessor$AutowiredFieldElement.inject(AutowiredAnnotationBeanPostProcessor.java:508)
	at org.springframework.beans.factory.annotation.InjectionMetadata.inject(InjectionMetadata.java:84)
	at org.springframework.beans.factory.annotation.AutowiredAnnotationBeanPostProcessor.postProcessPropertyValues(AutowiredAnnotationBeanPostProcessor.java:285)
	... 45 more
Caused by: org.springframework.beans.factory.BeanCreationException: Error creating bean with name &apos;zendeskTicketOngoingSyncActor&apos;: Injection of autowired dependencies failed; nested exception is org.springframework.beans.factory.BeanCreationException: Could not autowire field: private com.rackspace.search.service.zendesk.ZendeskTicketProcessor com.rackspace.search.service.zendesk.ZendeskTicketOngoingSyncActor.zendeskTicketProcessor; nested exception is org.springframework.beans.factory.BeanCreationException: Error creating bean with name &apos;zendeskTicketProcessor&apos;: Injection of autowired dependencies failed; nested exception is org.springframework.beans.factory.BeanCreationException: Could not autowire field: private java.lang.Object com.rackspace.search.service.zendesk.ZendeskTicketProcessor.zendeskIndexName; nested exception is java.lang.IllegalArgumentException: Could not resolve placeholder &apos;zendesk.index.name&apos;
	at org.springframework.beans.factory.annotation.AutowiredAnnotationBeanPostProcessor.postProcessPropertyValues(AutowiredAnnotationBeanPostProcessor.java:288)
	at org.springframework.beans.factory.support.AbstractAutowireCapableBeanFactory.populateBean(AbstractAutowireCapableBeanFactory.java:1074)
	at org.springframework.beans.factory.support.AbstractAutowireCapableBeanFactory.doCreateBean(AbstractAutowireCapableBeanFactory.java:517)
	at org.springframework.beans.factory.support.AbstractAutowireCapableBeanFactory.createBean(AbstractAutowireCapableBeanFactory.java:456)
	at org.springframework.beans.factory.support.AbstractBeanFactory$1.getObject(AbstractBeanFactory.java:293)
	at org.springframework.beans.factory.support.DefaultSingletonBeanRegistry.getSingleton(DefaultSingletonBeanRegistry.java:222)
	at org.springframework.beans.factory.support.AbstractBeanFactory.doGetBean(AbstractBeanFactory.java:290)
	at org.springframework.beans.factory.support.AbstractBeanFactory.getBean(AbstractBeanFactory.java:192)
	at org.springframework.beans.factory.support.DefaultListableBeanFactory.findAutowireCandidates(DefaultListableBeanFactory.java:848)
	at org.springframework.beans.factory.support.DefaultListableBeanFactory.doResolveDependency(DefaultListableBeanFactory.java:790)
	at org.springframework.beans.factory.support.DefaultListableBeanFactory.resolveDependency(DefaultListableBeanFactory.java:707)
	at org.springframework.beans.factory.annotation.AutowiredAnnotationBeanPostProcessor$AutowiredFieldElement.inject(AutowiredAnnotationBeanPostProcessor.java:480)
	... 47 more
Caused by: org.springframework.beans.factory.BeanCreationException: Could not autowire field: private com.rackspace.search.service.zendesk.ZendeskTicketProcessor com.rackspace.search.service.zendesk.ZendeskTicketOngoingSyncActor.zendeskTicketProcessor; nested exception is org.springframework.beans.factory.BeanCreationException: Error creating bean with name &apos;zendeskTicketProcessor&apos;: Injection of autowired dependencies failed; nested exception is org.springframework.beans.factory.BeanCreationException: Could not autowire field: private java.lang.Object com.rackspace.search.service.zendesk.ZendeskTicketProcessor.zendeskIndexName; nested exception is java.lang.IllegalArgumentException: Could not resolve placeholder &apos;zendesk.index.name&apos;
	at org.springframework.beans.factory.annotation.AutowiredAnnotationBeanPostProcessor$AutowiredFieldElement.inject(AutowiredAnnotationBeanPostProcessor.java:508)
	at org.springframework.beans.factory.annotation.InjectionMetadata.inject(InjectionMetadata.java:84)
	at org.springframework.beans.factory.annotation.AutowiredAnnotationBeanPostProcessor.postProcessPropertyValues(AutowiredAnnotationBeanPostProcessor.java:285)
	... 58 more
Caused by: org.springframework.beans.factory.BeanCreationException: Error creating bean with name &apos;zendeskTicketProcessor&apos;: Injection of autowired dependencies failed; nested exception is org.springframework.beans.factory.BeanCreationException: Could not autowire field: private java.lang.Object com.rackspace.search.service.zendesk.ZendeskTicketProcessor.zendeskIndexName; nested exception is java.lang.IllegalArgumentException: Could not resolve placeholder &apos;zendesk.index.name&apos;
	at org.springframework.beans.factory.annotation.AutowiredAnnotationBeanPostProcessor.postProcessPropertyValues(AutowiredAnnotationBeanPostProcessor.java:288)
	at org.springframework.beans.factory.support.AbstractAutowireCapableBeanFactory.populateBean(AbstractAutowireCapableBeanFactory.java:1074)
	at org.springframework.beans.factory.support.AbstractAutowireCapableBeanFactory.doCreateBean(AbstractAutowireCapableBeanFactory.java:517)
	at org.springframework.beans.factory.support.AbstractAutowireCapableBeanFactory.createBean(AbstractAutowireCapableBeanFactory.java:456)
	at org.springframework.beans.factory.support.AbstractBeanFactory$1.getObject(AbstractBeanFactory.java:293)
	at org.springframework.beans.factory.support.DefaultSingletonBeanRegistry.getSingleton(DefaultSingletonBeanRegistry.java:222)
	at org.springframework.beans.factory.support.AbstractBeanFactory.doGetBean(AbstractBeanFactory.java:290)
	at org.springframework.beans.factory.support.AbstractBeanFactory.getBean(AbstractBeanFactory.java:192)
	at org.springframework.beans.factory.support.DefaultListableBeanFactory.findAutowireCandidates(DefaultListableBeanFactory.java:848)
	at org.springframework.beans.factory.support.DefaultListableBeanFactory.doResolveDependency(DefaultListableBeanFactory.java:790)
	at org.springframework.beans.factory.support.DefaultListableBeanFactory.resolveDependency(DefaultListableBeanFactory.java:707)
	at org.springframework.beans.factory.annotation.AutowiredAnnotationBeanPostProcessor$AutowiredFieldElement.inject(AutowiredAnnotationBeanPostProcessor.java:480)
	... 60 more
Caused by: org.springframework.beans.factory.BeanCreationException: Could not autowire field: private java.lang.Object com.rackspace.search.service.zendesk.ZendeskTicketProcessor.zendeskIndexName; nested exception is java.lang.IllegalArgumentException: Could not resolve placeholder &apos;zendesk.index.name&apos;
	at org.springframework.beans.factory.annotation.AutowiredAnnotationBeanPostProcessor$AutowiredFieldElement.inject(AutowiredAnnotationBeanPostProcessor.java:508)
	at org.springframework.beans.factory.annotation.InjectionMetadata.inject(InjectionMetadata.java:84)
	at org.springframework.beans.factory.annotation.AutowiredAnnotationBeanPostProcessor.postProcessPropertyValues(AutowiredAnnotationBeanPostProcessor.java:285)
	... 71 more
Caused by: java.lang.IllegalArgumentException: Could not resolve placeholder &apos;zendesk.index.name&apos;
	at org.springframework.util.PropertyPlaceholderHelper.parseStringValue(PropertyPlaceholderHelper.java:173)
	at org.springframework.util.PropertyPlaceholderHelper.replacePlaceholders(PropertyPlaceholderHelper.java:125)
	at org.springframework.beans.factory.config.PropertyPlaceholderConfigurer$PlaceholderResolvingStringValueResolver.resolveStringValue(PropertyPlaceholderConfigurer.java:403)
	at org.springframework.beans.factory.support.AbstractBeanFactory.resolveEmbeddedValue(AbstractBeanFactory.java:747)
	at org.springframework.beans.factory.support.DefaultListableBeanFactory.doResolveDependency(DefaultListableBeanFactory.java:717)
	at org.springframework.beans.factory.support.DefaultListableBeanFactory.resolveDependency(DefaultListableBeanFactory.java:707)
	at org.springframework.beans.factory.annotation.AutowiredAnnotationBeanPostProcessor$AutowiredFieldElement.inject(AutowiredAnnotationBeanPostProcessor.java:480)
	... 73 more
</errorStackTrace>
          <errorDetails>Failed to load ApplicationContext</errorDetails>
          <stdout>22:04:39.779 [main] INFO  c.r.s.common.property.PropertyProvider - Loading properties file from file [/var/lib/jenkins/jobs/Samatha Fork/workspace/service/target/properties/local/search.properties]
22:04:39.779 [main] INFO  c.r.s.common.property.PropertyProvider - Loading properties file from file [/var/lib/jenkins/jobs/Samatha Fork/workspace/service/target/properties/local/search.secrets.properties]
22:04:39.779 [main] INFO  c.r.s.common.property.PropertyProvider - Loading properties file from file [/var/lib/jenkins/jobs/Samatha Fork/workspace/service/target/properties/local/elasticsearch.properties]
22:04:39.829 [main] INFO  c.r.s.elasticsearch.ElasticSearchServer - Starting the Elastic Search server node:
22:04:39.835 [main] INFO  org.elasticsearch.node - [ticket.node] {0.90.2}[25471]: initializing ...
22:04:39.837 [main] INFO  org.elasticsearch.plugins - [ticket.node] loaded [action-updatebyquery], sites []
22:04:40.324 [main] INFO  org.elasticsearch.node - [ticket.node] {0.90.2}[25471]: initialized
22:04:40.325 [main] INFO  c.r.s.elasticsearch.ElasticSearchServer - Starting the Elastic Search server node with these settings:
22:04:40.349 [main] INFO  c.r.s.elasticsearch.ElasticSearchServer - Elasticsearch Settings :  [elastic.config.path:/var/lib/jenkins/jobs/Samatha Fork/workspace/service/target/properties/local/elasticsearch, path.data:/var/lib/jenkins/jobs/Samatha Fork/workspace/service/target/elasticsearch/data, cluster.name:ticket.cluster, ticket.search.allowedNestedParams:account.contacts.name,account.contacts.role,account.contacts.sso, core.secondpass.lookbacktime.minutes:15, http.connection.timeout.in.milliseconds:65000, index.analysis.analyzer.search_standard.type:standard, cluster.health.check.wait.time.seconds:120, path.conf:/var/lib/jenkins/jobs/Samatha Fork/workspace/service/target/properties/local/elasticsearch, syncRequest.max.documents.size:250, ticket.ongoingsync.delay.seconds:2, core.account.caching.enabled:true, path.logs:/var/lib/jenkins/jobs/Samatha Fork/workspace/service/target/elasticsearch/logs, http.enabled:true, ticket.document.idName:number, core.api.endpoint:https://ws.integration.core.rackspace.com/ctkapi, transport.tcp.compress:true, account.highprofile.name:HIGH_PROFILE, core.ongoingsync.loopback.time.seconds:120, account.cache.expiration.time.minutes:120, account.api.username:hybrid_ui, ticket.index.name:ticket, admin.index.name:admin, default.page.size:100, indices.structure:/indices_structure.json, account.filter.necessary.updates:true, index.store.fs.memory.enabled:false, index.number_of_shards:5, syncRequest.search.allowedRangeParams:createdAt,lastRunAt,documentLastUpdatedTimestamp, admin.document.type:syncJob, node.data:true, max.page.size:500, node.name:ticket.node, ticket.core.date.timezone:CST, ticket.search.allowedRangeParams:createdAt,updatedAt,lastPublicCommentDate,updateEventDate,documentLastUpdatedTimestamp, account.document.type:account, core.driver.class:org.postgresql.Driver, ticket.cache.expiration.time.minutes:120, core.api.username:rcameron, syncRequest.document.idName:id, discovery.zen.ping.multicast.enabled:false, core.db.url:jdbc:postgresql://integration.db.core.rackspace.com:5432/core_dev, account.update.tickets.pageSize:250, core.account.updates.enabled:true, account.document.versionParam:updatedAt, index.analysis.analyzer.search_standard.filter:[lowercase], bootstrap.mlockall:true, ticket.core.dateformat:yyyy-MM-dd HH:mm:ss, coreaccount.document.type:coreaccount, coreticket.onetimesync.usedb:true, node.master:true, coreaccount.document.idName:id, syncRequest.document.type:syncRequest, core.account.filter.necessary.updates:true, index.number_of_replicas:0, account.api.events.path:v1.0/accounts/events.atom, account.index.name:account, ticket.document.versionParam:updateEventDate, ticket.core.dateformat.with.millis:yyyy-MM-dd HH:mm:ss.SSSSSS, core.account.cache.expiration.time.minutes:120, ticket.document.type:ticket, account.caching.enabled:true, coreaccount.document.versionParam:updatedAt, ticket.caching.enabled:true, admin.document.idName:name, syncRequest.search.allowedTermParams:documentType,status,createdAt,lastRunAt,documentLastUpdatedTimestamp, core.secondpass.enabled:true, account.api.accounts.path:v1.0/accounts, cluster.routing.allocation.awareness.attributes:machine, facets.display.count:100, core.db.username:usq_read, node.machine:ticket.node, syncRequest.index.name:admin, ticket.search.allowedTermParams:sourceSystem,number,createdAt,updatedAt,updateEventDate,lastPublicCommentDate,status,queue.name,category,categoryObj.name,categoryObj.id,priority,assignee.name,hasWindowsServers,hasLinuxServers,severityName,assignee.sso,queue.id,accountServiceLevel,accountTeamTerritoryCode,account.serviceLevel,account.teamTerritoryCode,statusTypes,account.team,account.id,account.rcn,account.status,account.highProfile,documentLastUpdatedTimestamp,account.teamSegment,submitter.name,submitter.sso,account.contacts.name,account.contacts.role,account.contacts.sso,subCategoryObj.name,subCategoryObj.id,assignee.id,submitter.id, use.updateByQueryPlugin:false, account.api.endpoint:https://test.account.api.rackspace.com/, updated.timestamp.field.name:documentLastUpdatedTimestamp, ticket.elastic.dateformat:yyyy-MM-dd&apos;T&apos;HH:mm:ss.SSSZ, action.auto_create_index:1, account.document.idName:id, name:ticket.node] 
22:04:40.352 [main] INFO  org.elasticsearch.node - [ticket.node] {0.90.2}[25471]: starting ...
22:04:40.401 [main] INFO  org.elasticsearch.transport - [ticket.node] bound_address {inet[/0:0:0:0:0:0:0:0:9300]}, publish_address {inet[/10.14.208.252:9300]}
22:04:43.418 [elasticsearch[ticket.node][clusterService#updateTask][T#1]] INFO  org.elasticsearch.cluster.service - [ticket.node] new_master [ticket.node][wQIjx_1aQ9edr-xF6QTvYA][inet[/10.14.208.252:9300]]{machine=ticket.node, master=true}, reason: zen-disco-join (elected_as_master)
22:04:43.488 [main] INFO  org.elasticsearch.discovery - [ticket.node] ticket.cluster/wQIjx_1aQ9edr-xF6QTvYA
22:04:43.623 [elasticsearch[ticket.node][clusterService#updateTask][T#1]] INFO  org.elasticsearch.gateway - [ticket.node] recovered [0] indices into cluster_state
22:04:43.740 [main] INFO  org.elasticsearch.http - [ticket.node] bound_address {inet[/0:0:0:0:0:0:0:0:9200]}, publish_address {inet[/10.14.208.252:9200]}
22:04:43.741 [main] INFO  org.elasticsearch.node - [ticket.node] {0.90.2}[25471]: started
22:04:43.741 [main] INFO  c.r.s.elasticsearch.ElasticSearchServer - Elastic Search server is started.
22:04:43.742 [main] INFO  c.r.s.elasticsearch.ElasticSearchServer - ES cluster status is GREEN. Waiting for ES recovery.
22:04:43.743 [main] INFO  c.r.s.elasticsearch.ElasticSearchServer - Elastic Search Cluster Staus is GREEN
22:04:44.397 [main] ERROR c.r.s.e.client.ElasticSearchClient - Index is missing
org.elasticsearch.indices.IndexMissingException: [admin] missing
	at org.elasticsearch.cluster.metadata.MetaData.concreteIndex(MetaData.java:616) ~[elasticsearch-0.90.2.jar:na]
	at org.elasticsearch.action.get.TransportGetAction.resolveRequest(TransportGetAction.java:90) ~[elasticsearch-0.90.2.jar:na]
	at org.elasticsearch.action.get.TransportGetAction.resolveRequest(TransportGetAction.java:42) ~[elasticsearch-0.90.2.jar:na]
	at org.elasticsearch.action.support.single.shard.TransportShardSingleOperationAction$AsyncSingleAction.&lt;init&gt;(TransportShardSingleOperationAction.java:114) ~[elasticsearch-0.90.2.jar:na]
	at org.elasticsearch.action.support.single.shard.TransportShardSingleOperationAction$AsyncSingleAction.&lt;init&gt;(TransportShardSingleOperationAction.java:94) ~[elasticsearch-0.90.2.jar:na]
	at org.elasticsearch.action.support.single.shard.TransportShardSingleOperationAction.doExecute(TransportShardSingleOperationAction.java:71) ~[elasticsearch-0.90.2.jar:na]
	at org.elasticsearch.action.support.single.shard.TransportShardSingleOperationAction.doExecute(TransportShardSingleOperationAction.java:46) ~[elasticsearch-0.90.2.jar:na]
	at org.elasticsearch.action.support.TransportAction.execute(TransportAction.java:61) ~[elasticsearch-0.90.2.jar:na]
	at org.elasticsearch.client.node.NodeClient.execute(NodeClient.java:92) ~[elasticsearch-0.90.2.jar:na]
	at org.elasticsearch.client.support.AbstractClient.get(AbstractClient.java:179) ~[elasticsearch-0.90.2.jar:na]
	at org.elasticsearch.action.get.GetRequestBuilder.doExecute(GetRequestBuilder.java:112) ~[elasticsearch-0.90.2.jar:na]
	at org.elasticsearch.action.ActionRequestBuilder.execute(ActionRequestBuilder.java:62) ~[elasticsearch-0.90.2.jar:na]
	at org.elasticsearch.action.ActionRequestBuilder.execute(ActionRequestBuilder.java:57) ~[elasticsearch-0.90.2.jar:na]
	at org.elasticsearch.action.ActionRequestBuilder$execute.call(Unknown Source) ~[na:na]
	at com.rackspace.search.elasticsearch.client.ElasticSearchClient.getDocument(ElasticSearchClient.groovy:209) ~[classes/:na]
	at com.rackspace.search.elasticsearch.client.ElasticSearchClient$getDocument.call(Unknown Source) [classes/:na]
	at com.rackspace.search.service.JobService.getJob(JobService.groovy:56) [classes/:na]
	at com.rackspace.search.service.JobService$getJob$0.callCurrent(Unknown Source) [classes/:na]
	at com.rackspace.search.service.JobService.getJob(JobService.groovy:52) [classes/:na]
	at com.rackspace.search.service.JobService$getJob.call(Unknown Source) [classes/:na]
	at com.rackspace.search.service.admin.AccountOndemandSyncJob.windupActivities(AccountOndemandSyncJob.groovy:119) [classes/:na]
	at sun.reflect.NativeMethodAccessorImpl.invoke0(Native Method) ~[na:1.6.0_38]
	at sun.reflect.NativeMethodAccessorImpl.invoke(NativeMethodAccessorImpl.java:39) ~[na:1.6.0_38]
	at sun.reflect.DelegatingMethodAccessorImpl.invoke(DelegatingMethodAccessorImpl.java:25) ~[na:1.6.0_38]
	at java.lang.reflect.Method.invoke(Method.java:597) ~[na:1.6.0_38]
	at org.springframework.beans.factory.annotation.InitDestroyAnnotationBeanPostProcessor$LifecycleElement.invoke(InitDestroyAnnotationBeanPostProcessor.java:340) [spring-beans-3.0.6.RELEASE.jar:3.0.6.RELEASE]
	at org.springframework.beans.factory.annotation.InitDestroyAnnotationBeanPostProcessor$LifecycleMetadata.invokeDestroyMethods(InitDestroyAnnotationBeanPostProcessor.java:305) [spring-beans-3.0.6.RELEASE.jar:3.0.6.RELEASE]
	at org.springframework.beans.factory.annotation.InitDestroyAnnotationBeanPostProcessor.postProcessBeforeDestruction(InitDestroyAnnotationBeanPostProcessor.java:148) [spring-beans-3.0.6.RELEASE.jar:3.0.6.RELEASE]
	at org.springframework.beans.factory.support.DisposableBeanAdapter.destroy(DisposableBeanAdapter.java:166) [spring-beans-3.0.6.RELEASE.jar:3.0.6.RELEASE]
	at org.springframework.beans.factory.support.DefaultSingletonBeanRegistry.destroyBean(DefaultSingletonBeanRegistry.java:487) [spring-beans-3.0.6.RELEASE.jar:3.0.6.RELEASE]
	at org.springframework.beans.factory.support.DefaultSingletonBeanRegistry.destroySingleton(DefaultSingletonBeanRegistry.java:463) [spring-beans-3.0.6.RELEASE.jar:3.0.6.RELEASE]
	at org.springframework.beans.factory.support.DefaultSingletonBeanRegistry.destroySingletons(DefaultSingletonBeanRegistry.java:431) [spring-beans-3.0.6.RELEASE.jar:3.0.6.RELEASE]
	at org.springframework.context.support.AbstractApplicationContext.destroyBeans(AbstractApplicationContext.java:1048) [spring-context-3.0.6.RELEASE.jar:3.0.6.RELEASE]
	at org.springframework.context.support.AbstractApplicationContext.refresh(AbstractApplicationContext.java:433) [spring-context-3.0.6.RELEASE.jar:3.0.6.RELEASE]
	at org.springframework.test.context.support.AbstractGenericContextLoader.loadContext(AbstractGenericContextLoader.java:84) [spring-test-3.0.6.RELEASE.jar:3.0.6.RELEASE]
	at org.springframework.test.context.support.AbstractGenericContextLoader.loadContext(AbstractGenericContextLoader.java:1) [spring-test-3.0.6.RELEASE.jar:3.0.6.RELEASE]
	at org.springframework.test.context.TestContext.loadApplicationContext(TestContext.java:280) [spring-test-3.0.6.RELEASE.jar:3.0.6.RELEASE]
	at org.springframework.test.context.TestContext.getApplicationContext(TestContext.java:304) [spring-test-3.0.6.RELEASE.jar:3.0.6.RELEASE]
	at org.springframework.test.context.support.DependencyInjectionTestExecutionListener.injectDependencies(DependencyInjectionTestExecutionListener.java:109) [spring-test-3.0.6.RELEASE.jar:3.0.6.RELEASE]
	at org.springframework.test.context.support.DependencyInjectionTestExecutionListener.prepareTestInstance(DependencyInjectionTestExecutionListener.java:75) [spring-test-3.0.6.RELEASE.jar:3.0.6.RELEASE]
	at org.springframework.test.context.TestContextManager.prepareTestInstance(TestContextManager.java:321) [spring-test-3.0.6.RELEASE.jar:3.0.6.RELEASE]
	at org.spockframework.spring.SpringTestContextManager.prepareTestInstance(SpringTestContextManager.java:49) [spock-spring-0.7-groovy-2.0.jar:na]
	at org.spockframework.spring.SpringInterceptor.interceptSetupMethod(SpringInterceptor.java:42) [spock-spring-0.7-groovy-2.0.jar:na]
	at org.spockframework.runtime.extension.AbstractMethodInterceptor.intercept(AbstractMethodInterceptor.java:28) [spock-core-0.7-groovy-2.0.jar:na]
	at org.spockframework.runtime.extension.MethodInvocation.proceed(MethodInvocation.java:84) [spock-core-0.7-groovy-2.0.jar:na]
	at org.spockframework.runtime.BaseSpecRunner.invoke(BaseSpecRunner.java:319) [spock-core-0.7-groovy-2.0.jar:na]
	at org.spockframework.runtime.BaseSpecRunner.invokeSetup(BaseSpecRunner.java:279) [spock-core-0.7-groovy-2.0.jar:na]
	at org.spockframework.runtime.BaseSpecRunner.doRunIteration(BaseSpecRunner.java:255) [spock-core-0.7-groovy-2.0.jar:na]
	at sun.reflect.GeneratedMethodAccessor5.invoke(Unknown Source) ~[na:na]
	at sun.reflect.DelegatingMethodAccessorImpl.invoke(DelegatingMethodAccessorImpl.java:25) ~[na:1.6.0_38]
	at java.lang.reflect.Method.invoke(Method.java:597) ~[na:1.6.0_38]
	at org.spockframework.util.ReflectionUtil.invokeMethod(ReflectionUtil.java:138) [spock-core-0.7-groovy-2.0.jar:na]
	at org.spockframework.runtime.BaseSpecRunner.invokeRaw(BaseSpecRunner.java:330) [spock-core-0.7-groovy-2.0.jar:na]
	at org.spockframework.runtime.BaseSpecRunner.invoke(BaseSpecRunner.java:311) [spock-core-0.7-groovy-2.0.jar:na]
	at org.spockframework.runtime.BaseSpecRunner.runIteration(BaseSpecRunner.java:223) [spock-core-0.7-groovy-2.0.jar:na]
	at org.spockframework.runtime.BaseSpecRunner.initializeAndRunIteration(BaseSpecRunner.java:214) [spock-core-0.7-groovy-2.0.jar:na]
	at org.spockframework.runtime.BaseSpecRunner.runSimpleFeature(BaseSpecRunner.java:205) [spock-core-0.7-groovy-2.0.jar:na]
	at org.spockframework.runtime.BaseSpecRunner.doRunFeature(BaseSpecRunner.java:199) [spock-core-0.7-groovy-2.0.jar:na]
	at sun.reflect.GeneratedMethodAccessor7.invoke(Unknown Source) ~[na:na]
	at sun.reflect.DelegatingMethodAccessorImpl.invoke(DelegatingMethodAccessorImpl.java:25) ~[na:1.6.0_38]
	at java.lang.reflect.Method.invoke(Method.java:597) ~[na:1.6.0_38]
	at org.spockframework.util.ReflectionUtil.invokeMethod(ReflectionUtil.java:138) [spock-core-0.7-groovy-2.0.jar:na]
	at org.spockframework.runtime.BaseSpecRunner.invokeRaw(BaseSpecRunner.java:330) [spock-core-0.7-groovy-2.0.jar:na]
	at org.spockframework.runtime.BaseSpecRunner.invoke(BaseSpecRunner.java:311) [spock-core-0.7-groovy-2.0.jar:na]
	at org.spockframework.runtime.BaseSpecRunner.runFeature(BaseSpecRunner.java:175) [spock-core-0.7-groovy-2.0.jar:na]
	at org.spockframework.runtime.BaseSpecRunner.runFeatures(BaseSpecRunner.java:152) [spock-core-0.7-groovy-2.0.jar:na]
	at org.spockframework.runtime.BaseSpecRunner.doRunSpec(BaseSpecRunner.java:112) [spock-core-0.7-groovy-2.0.jar:na]
	at sun.reflect.GeneratedMethodAccessor11.invoke(Unknown Source) ~[na:na]
	at sun.reflect.DelegatingMethodAccessorImpl.invoke(DelegatingMethodAccessorImpl.java:25) ~[na:1.6.0_38]
	at java.lang.reflect.Method.invoke(Method.java:597) ~[na:1.6.0_38]
	at org.spockframework.util.ReflectionUtil.invokeMethod(ReflectionUtil.java:138) [spock-core-0.7-groovy-2.0.jar:na]
	at org.spockframework.runtime.BaseSpecRunner.invokeRaw(BaseSpecRunner.java:330) [spock-core-0.7-groovy-2.0.jar:na]
	at org.spockframework.runtime.BaseSpecRunner.invoke(BaseSpecRunner.java:311) [spock-core-0.7-groovy-2.0.jar:na]
	at org.spockframework.runtime.BaseSpecRunner.runSpec(BaseSpecRunner.java:91) [spock-core-0.7-groovy-2.0.jar:na]
	at org.spockframework.runtime.BaseSpecRunner.run(BaseSpecRunner.java:82) [spock-core-0.7-groovy-2.0.jar:na]
	at org.spockframework.runtime.Sputnik.run(Sputnik.java:63) [spock-core-0.7-groovy-2.0.jar:na]
	at org.apache.maven.surefire.junit4.JUnit4TestSet.execute(JUnit4TestSet.java:53) [surefire-junit4-2.10.jar:2.10]
	at org.apache.maven.surefire.junit4.JUnit4Provider.executeTestSet(JUnit4Provider.java:123) [surefire-junit4-2.10.jar:2.10]
	at org.apache.maven.surefire.junit4.JUnit4Provider.invoke(JUnit4Provider.java:104) [surefire-junit4-2.10.jar:2.10]
	at sun.reflect.NativeMethodAccessorImpl.invoke0(Native Method) ~[na:1.6.0_38]
	at sun.reflect.NativeMethodAccessorImpl.invoke(NativeMethodAccessorImpl.java:39) ~[na:1.6.0_38]
	at sun.reflect.DelegatingMethodAccessorImpl.invoke(DelegatingMethodAccessorImpl.java:25) ~[na:1.6.0_38]
	at java.lang.reflect.Method.invoke(Method.java:597) ~[na:1.6.0_38]
	at org.apache.maven.surefire.util.ReflectionUtils.invokeMethodWithArray(ReflectionUtils.java:164) [surefire-api-2.10.jar:2.10]
	at org.apache.maven.surefire.booter.ProviderFactory$ProviderProxy.invoke(ProviderFactory.java:110) [surefire-booter-2.10.jar:2.10]
	at org.apache.maven.surefire.booter.SurefireStarter.invokeProvider(SurefireStarter.java:175) [surefire-booter-2.10.jar:2.10]
	at org.apache.maven.surefire.booter.SurefireStarter.runSuitesInProcessWhenForked(SurefireStarter.java:107) [surefire-booter-2.10.jar:2.10]
	at org.apache.maven.surefire.booter.ForkedBooter.main(ForkedBooter.java:68) [surefire-booter-2.10.jar:2.10]
22:04:44.399 [main] WARN  o.s.c.a.CommonAnnotationBeanPostProcessor - Invocation of destroy method failed on bean with name &apos;accountOndemandSyncJob&apos;: com.rackspace.search.exception.NotFoundException: Index is missing
22:04:44.405 [main] ERROR c.r.s.e.client.ElasticSearchClient - Index is missing
org.elasticsearch.indices.IndexMissingException: [admin] missing
	at org.elasticsearch.cluster.metadata.MetaData.concreteIndex(MetaData.java:616) ~[elasticsearch-0.90.2.jar:na]
	at org.elasticsearch.action.get.TransportGetAction.resolveRequest(TransportGetAction.java:90) ~[elasticsearch-0.90.2.jar:na]
	at org.elasticsearch.action.get.TransportGetAction.resolveRequest(TransportGetAction.java:42) ~[elasticsearch-0.90.2.jar:na]
	at org.elasticsearch.action.support.single.shard.TransportShardSingleOperationAction$AsyncSingleAction.&lt;init&gt;(TransportShardSingleOperationAction.java:114) ~[elasticsearch-0.90.2.jar:na]
	at org.elasticsearch.action.support.single.shard.TransportShardSingleOperationAction$AsyncSingleAction.&lt;init&gt;(TransportShardSingleOperationAction.java:94) ~[elasticsearch-0.90.2.jar:na]
	at org.elasticsearch.action.support.single.shard.TransportShardSingleOperationAction.doExecute(TransportShardSingleOperationAction.java:71) ~[elasticsearch-0.90.2.jar:na]
	at org.elasticsearch.action.support.single.shard.TransportShardSingleOperationAction.doExecute(TransportShardSingleOperationAction.java:46) ~[elasticsearch-0.90.2.jar:na]
	at org.elasticsearch.action.support.TransportAction.execute(TransportAction.java:61) ~[elasticsearch-0.90.2.jar:na]
	at org.elasticsearch.client.node.NodeClient.execute(NodeClient.java:92) ~[elasticsearch-0.90.2.jar:na]
	at org.elasticsearch.client.support.AbstractClient.get(AbstractClient.java:179) ~[elasticsearch-0.90.2.jar:na]
	at org.elasticsearch.action.get.GetRequestBuilder.doExecute(GetRequestBuilder.java:112) ~[elasticsearch-0.90.2.jar:na]
	at org.elasticsearch.action.ActionRequestBuilder.execute(ActionRequestBuilder.java:62) ~[elasticsearch-0.90.2.jar:na]
	at org.elasticsearch.action.ActionRequestBuilder.execute(ActionRequestBuilder.java:57) ~[elasticsearch-0.90.2.jar:na]
	at org.elasticsearch.action.ActionRequestBuilder$execute.call(Unknown Source) ~[na:na]
	at com.rackspace.search.elasticsearch.client.ElasticSearchClient.getDocument(ElasticSearchClient.groovy:209) ~[classes/:na]
	at com.rackspace.search.elasticsearch.client.ElasticSearchClient$getDocument.call(Unknown Source) [classes/:na]
	at com.rackspace.search.service.JobService.getJob(JobService.groovy:56) [classes/:na]
	at com.rackspace.search.service.JobService$getJob$0.callCurrent(Unknown Source) [classes/:na]
	at com.rackspace.search.service.JobService.getJob(JobService.groovy:52) [classes/:na]
	at com.rackspace.search.service.JobService$getJob.call(Unknown Source) [classes/:na]
	at com.rackspace.search.service.account.CoreAccountOnetimeSyncJob.windupActivities(CoreAccountOnetimeSyncJob.groovy:58) [classes/:na]
	at sun.reflect.NativeMethodAccessorImpl.invoke0(Native Method) ~[na:1.6.0_38]
	at sun.reflect.NativeMethodAccessorImpl.invoke(NativeMethodAccessorImpl.java:39) ~[na:1.6.0_38]
	at sun.reflect.DelegatingMethodAccessorImpl.invoke(DelegatingMethodAccessorImpl.java:25) ~[na:1.6.0_38]
	at java.lang.reflect.Method.invoke(Method.java:597) ~[na:1.6.0_38]
	at org.springframework.beans.factory.annotation.InitDestroyAnnotationBeanPostProcessor$LifecycleElement.invoke(InitDestroyAnnotationBeanPostProcessor.java:340) [spring-beans-3.0.6.RELEASE.jar:3.0.6.RELEASE]
	at org.springframework.beans.factory.annotation.InitDestroyAnnotationBeanPostProcessor$LifecycleMetadata.invokeDestroyMethods(InitDestroyAnnotationBeanPostProcessor.java:305) [spring-beans-3.0.6.RELEASE.jar:3.0.6.RELEASE]
	at org.springframework.beans.factory.annotation.InitDestroyAnnotationBeanPostProcessor.postProcessBeforeDestruction(InitDestroyAnnotationBeanPostProcessor.java:148) [spring-beans-3.0.6.RELEASE.jar:3.0.6.RELEASE]
	at org.springframework.beans.factory.support.DisposableBeanAdapter.destroy(DisposableBeanAdapter.java:166) [spring-beans-3.0.6.RELEASE.jar:3.0.6.RELEASE]
	at org.springframework.beans.factory.support.DefaultSingletonBeanRegistry.destroyBean(DefaultSingletonBeanRegistry.java:487) [spring-beans-3.0.6.RELEASE.jar:3.0.6.RELEASE]
	at org.springframework.beans.factory.support.DefaultSingletonBeanRegistry.destroySingleton(DefaultSingletonBeanRegistry.java:463) [spring-beans-3.0.6.RELEASE.jar:3.0.6.RELEASE]
	at org.springframework.beans.factory.support.DefaultSingletonBeanRegistry.destroySingletons(DefaultSingletonBeanRegistry.java:431) [spring-beans-3.0.6.RELEASE.jar:3.0.6.RELEASE]
	at org.springframework.context.support.AbstractApplicationContext.destroyBeans(AbstractApplicationContext.java:1048) [spring-context-3.0.6.RELEASE.jar:3.0.6.RELEASE]
	at org.springframework.context.support.AbstractApplicationContext.refresh(AbstractApplicationContext.java:433) [spring-context-3.0.6.RELEASE.jar:3.0.6.RELEASE]
	at org.springframework.test.context.support.AbstractGenericContextLoader.loadContext(AbstractGenericContextLoader.java:84) [spring-test-3.0.6.RELEASE.jar:3.0.6.RELEASE]
	at org.springframework.test.context.support.AbstractGenericContextLoader.loadContext(AbstractGenericContextLoader.java:1) [spring-test-3.0.6.RELEASE.jar:3.0.6.RELEASE]
	at org.springframework.test.context.TestContext.loadApplicationContext(TestContext.java:280) [spring-test-3.0.6.RELEASE.jar:3.0.6.RELEASE]
	at org.springframework.test.context.TestContext.getApplicationContext(TestContext.java:304) [spring-test-3.0.6.RELEASE.jar:3.0.6.RELEASE]
	at org.springframework.test.context.support.DependencyInjectionTestExecutionListener.injectDependencies(DependencyInjectionTestExecutionListener.java:109) [spring-test-3.0.6.RELEASE.jar:3.0.6.RELEASE]
	at org.springframework.test.context.support.DependencyInjectionTestExecutionListener.prepareTestInstance(DependencyInjectionTestExecutionListener.java:75) [spring-test-3.0.6.RELEASE.jar:3.0.6.RELEASE]
	at org.springframework.test.context.TestContextManager.prepareTestInstance(TestContextManager.java:321) [spring-test-3.0.6.RELEASE.jar:3.0.6.RELEASE]
	at org.spockframework.spring.SpringTestContextManager.prepareTestInstance(SpringTestContextManager.java:49) [spock-spring-0.7-groovy-2.0.jar:na]
	at org.spockframework.spring.SpringInterceptor.interceptSetupMethod(SpringInterceptor.java:42) [spock-spring-0.7-groovy-2.0.jar:na]
	at org.spockframework.runtime.extension.AbstractMethodInterceptor.intercept(AbstractMethodInterceptor.java:28) [spock-core-0.7-groovy-2.0.jar:na]
	at org.spockframework.runtime.extension.MethodInvocation.proceed(MethodInvocation.java:84) [spock-core-0.7-groovy-2.0.jar:na]
	at org.spockframework.runtime.BaseSpecRunner.invoke(BaseSpecRunner.java:319) [spock-core-0.7-groovy-2.0.jar:na]
	at org.spockframework.runtime.BaseSpecRunner.invokeSetup(BaseSpecRunner.java:279) [spock-core-0.7-groovy-2.0.jar:na]
	at org.spockframework.runtime.BaseSpecRunner.doRunIteration(BaseSpecRunner.java:255) [spock-core-0.7-groovy-2.0.jar:na]
	at sun.reflect.GeneratedMethodAccessor5.invoke(Unknown Source) ~[na:na]
	at sun.reflect.DelegatingMethodAccessorImpl.invoke(DelegatingMethodAccessorImpl.java:25) ~[na:1.6.0_38]
	at java.lang.reflect.Method.invoke(Method.java:597) ~[na:1.6.0_38]
	at org.spockframework.util.ReflectionUtil.invokeMethod(ReflectionUtil.java:138) [spock-core-0.7-groovy-2.0.jar:na]
	at org.spockframework.runtime.BaseSpecRunner.invokeRaw(BaseSpecRunner.java:330) [spock-core-0.7-groovy-2.0.jar:na]
	at org.spockframework.runtime.BaseSpecRunner.invoke(BaseSpecRunner.java:311) [spock-core-0.7-groovy-2.0.jar:na]
	at org.spockframework.runtime.BaseSpecRunner.runIteration(BaseSpecRunner.java:223) [spock-core-0.7-groovy-2.0.jar:na]
	at org.spockframework.runtime.BaseSpecRunner.initializeAndRunIteration(BaseSpecRunner.java:214) [spock-core-0.7-groovy-2.0.jar:na]
	at org.spockframework.runtime.BaseSpecRunner.runSimpleFeature(BaseSpecRunner.java:205) [spock-core-0.7-groovy-2.0.jar:na]
	at org.spockframework.runtime.BaseSpecRunner.doRunFeature(BaseSpecRunner.java:199) [spock-core-0.7-groovy-2.0.jar:na]
	at sun.reflect.GeneratedMethodAccessor7.invoke(Unknown Source) ~[na:na]
	at sun.reflect.DelegatingMethodAccessorImpl.invoke(DelegatingMethodAccessorImpl.java:25) ~[na:1.6.0_38]
	at java.lang.reflect.Method.invoke(Method.java:597) ~[na:1.6.0_38]
	at org.spockframework.util.ReflectionUtil.invokeMethod(ReflectionUtil.java:138) [spock-core-0.7-groovy-2.0.jar:na]
	at org.spockframework.runtime.BaseSpecRunner.invokeRaw(BaseSpecRunner.java:330) [spock-core-0.7-groovy-2.0.jar:na]
	at org.spockframework.runtime.BaseSpecRunner.invoke(BaseSpecRunner.java:311) [spock-core-0.7-groovy-2.0.jar:na]
	at org.spockframework.runtime.BaseSpecRunner.runFeature(BaseSpecRunner.java:175) [spock-core-0.7-groovy-2.0.jar:na]
	at org.spockframework.runtime.BaseSpecRunner.runFeatures(BaseSpecRunner.java:152) [spock-core-0.7-groovy-2.0.jar:na]
	at org.spockframework.runtime.BaseSpecRunner.doRunSpec(BaseSpecRunner.java:112) [spock-core-0.7-groovy-2.0.jar:na]
	at sun.reflect.GeneratedMethodAccessor11.invoke(Unknown Source) ~[na:na]
	at sun.reflect.DelegatingMethodAccessorImpl.invoke(DelegatingMethodAccessorImpl.java:25) ~[na:1.6.0_38]
	at java.lang.reflect.Method.invoke(Method.java:597) ~[na:1.6.0_38]
	at org.spockframework.util.ReflectionUtil.invokeMethod(ReflectionUtil.java:138) [spock-core-0.7-groovy-2.0.jar:na]
	at org.spockframework.runtime.BaseSpecRunner.invokeRaw(BaseSpecRunner.java:330) [spock-core-0.7-groovy-2.0.jar:na]
	at org.spockframework.runtime.BaseSpecRunner.invoke(BaseSpecRunner.java:311) [spock-core-0.7-groovy-2.0.jar:na]
	at org.spockframework.runtime.BaseSpecRunner.runSpec(BaseSpecRunner.java:91) [spock-core-0.7-groovy-2.0.jar:na]
	at org.spockframework.runtime.BaseSpecRunner.run(BaseSpecRunner.java:82) [spock-core-0.7-groovy-2.0.jar:na]
	at org.spockframework.runtime.Sputnik.run(Sputnik.java:63) [spock-core-0.7-groovy-2.0.jar:na]
	at org.apache.maven.surefire.junit4.JUnit4TestSet.execute(JUnit4TestSet.java:53) [surefire-junit4-2.10.jar:2.10]
	at org.apache.maven.surefire.junit4.JUnit4Provider.executeTestSet(JUnit4Provider.java:123) [surefire-junit4-2.10.jar:2.10]
	at org.apache.maven.surefire.junit4.JUnit4Provider.invoke(JUnit4Provider.java:104) [surefire-junit4-2.10.jar:2.10]
	at sun.reflect.NativeMethodAccessorImpl.invoke0(Native Method) ~[na:1.6.0_38]
	at sun.reflect.NativeMethodAccessorImpl.invoke(NativeMethodAccessorImpl.java:39) ~[na:1.6.0_38]
	at sun.reflect.DelegatingMethodAccessorImpl.invoke(DelegatingMethodAccessorImpl.java:25) ~[na:1.6.0_38]
	at java.lang.reflect.Method.invoke(Method.java:597) ~[na:1.6.0_38]
	at org.apache.maven.surefire.util.ReflectionUtils.invokeMethodWithArray(ReflectionUtils.java:164) [surefire-api-2.10.jar:2.10]
	at org.apache.maven.surefire.booter.ProviderFactory$ProviderProxy.invoke(ProviderFactory.java:110) [surefire-booter-2.10.jar:2.10]
	at org.apache.maven.surefire.booter.SurefireStarter.invokeProvider(SurefireStarter.java:175) [surefire-booter-2.10.jar:2.10]
	at org.apache.maven.surefire.booter.SurefireStarter.runSuitesInProcessWhenForked(SurefireStarter.java:107) [surefire-booter-2.10.jar:2.10]
	at org.apache.maven.surefire.booter.ForkedBooter.main(ForkedBooter.java:68) [surefire-booter-2.10.jar:2.10]
22:04:44.406 [main] WARN  o.s.c.a.CommonAnnotationBeanPostProcessor - Invocation of destroy method failed on bean with name &apos;coreAccountOnetimeSyncJob&apos;: com.rackspace.search.exception.NotFoundException: Index is missing
22:04:44.412 [main] ERROR c.r.s.e.client.ElasticSearchClient - Index is missing
org.elasticsearch.indices.IndexMissingException: [admin] missing
	at org.elasticsearch.cluster.metadata.MetaData.concreteIndex(MetaData.java:616) ~[elasticsearch-0.90.2.jar:na]
	at org.elasticsearch.action.get.TransportGetAction.resolveRequest(TransportGetAction.java:90) ~[elasticsearch-0.90.2.jar:na]
	at org.elasticsearch.action.get.TransportGetAction.resolveRequest(TransportGetAction.java:42) ~[elasticsearch-0.90.2.jar:na]
	at org.elasticsearch.action.support.single.shard.TransportShardSingleOperationAction$AsyncSingleAction.&lt;init&gt;(TransportShardSingleOperationAction.java:114) ~[elasticsearch-0.90.2.jar:na]
	at org.elasticsearch.action.support.single.shard.TransportShardSingleOperationAction$AsyncSingleAction.&lt;init&gt;(TransportShardSingleOperationAction.java:94) ~[elasticsearch-0.90.2.jar:na]
	at org.elasticsearch.action.support.single.shard.TransportShardSingleOperationAction.doExecute(TransportShardSingleOperationAction.java:71) ~[elasticsearch-0.90.2.jar:na]
	at org.elasticsearch.action.support.single.shard.TransportShardSingleOperationAction.doExecute(TransportShardSingleOperationAction.java:46) ~[elasticsearch-0.90.2.jar:na]
	at org.elasticsearch.action.support.TransportAction.execute(TransportAction.java:61) ~[elasticsearch-0.90.2.jar:na]
	at org.elasticsearch.client.node.NodeClient.execute(NodeClient.java:92) ~[elasticsearch-0.90.2.jar:na]
	at org.elasticsearch.client.support.AbstractClient.get(AbstractClient.java:179) ~[elasticsearch-0.90.2.jar:na]
	at org.elasticsearch.action.get.GetRequestBuilder.doExecute(GetRequestBuilder.java:112) ~[elasticsearch-0.90.2.jar:na]
	at org.elasticsearch.action.ActionRequestBuilder.execute(ActionRequestBuilder.java:62) ~[elasticsearch-0.90.2.jar:na]
	at org.elasticsearch.action.ActionRequestBuilder.execute(ActionRequestBuilder.java:57) ~[elasticsearch-0.90.2.jar:na]
	at org.elasticsearch.action.ActionRequestBuilder$execute.call(Unknown Source) ~[na:na]
	at com.rackspace.search.elasticsearch.client.ElasticSearchClient.getDocument(ElasticSearchClient.groovy:209) ~[classes/:na]
	at com.rackspace.search.elasticsearch.client.ElasticSearchClient$getDocument.call(Unknown Source) [classes/:na]
	at com.rackspace.search.service.JobService.getJob(JobService.groovy:56) [classes/:na]
	at com.rackspace.search.service.JobService$getJob$0.callCurrent(Unknown Source) [classes/:na]
	at com.rackspace.search.service.JobService.getJob(JobService.groovy:52) [classes/:na]
	at com.rackspace.search.service.JobService$getJob.call(Unknown Source) [classes/:na]
	at com.rackspace.search.service.account.CoreAccountUpdateSyncJob.windupActivities(CoreAccountUpdateSyncJob.groovy:88) [classes/:na]
	at sun.reflect.NativeMethodAccessorImpl.invoke0(Native Method) ~[na:1.6.0_38]
	at sun.reflect.NativeMethodAccessorImpl.invoke(NativeMethodAccessorImpl.java:39) ~[na:1.6.0_38]
	at sun.reflect.DelegatingMethodAccessorImpl.invoke(DelegatingMethodAccessorImpl.java:25) ~[na:1.6.0_38]
	at java.lang.reflect.Method.invoke(Method.java:597) ~[na:1.6.0_38]
	at org.springframework.beans.factory.annotation.InitDestroyAnnotationBeanPostProcessor$LifecycleElement.invoke(InitDestroyAnnotationBeanPostProcessor.java:340) [spring-beans-3.0.6.RELEASE.jar:3.0.6.RELEASE]
	at org.springframework.beans.factory.annotation.InitDestroyAnnotationBeanPostProcessor$LifecycleMetadata.invokeDestroyMethods(InitDestroyAnnotationBeanPostProcessor.java:305) [spring-beans-3.0.6.RELEASE.jar:3.0.6.RELEASE]
	at org.springframework.beans.factory.annotation.InitDestroyAnnotationBeanPostProcessor.postProcessBeforeDestruction(InitDestroyAnnotationBeanPostProcessor.java:148) [spring-beans-3.0.6.RELEASE.jar:3.0.6.RELEASE]
	at org.springframework.beans.factory.support.DisposableBeanAdapter.destroy(DisposableBeanAdapter.java:166) [spring-beans-3.0.6.RELEASE.jar:3.0.6.RELEASE]
	at org.springframework.beans.factory.support.DefaultSingletonBeanRegistry.destroyBean(DefaultSingletonBeanRegistry.java:487) [spring-beans-3.0.6.RELEASE.jar:3.0.6.RELEASE]
	at org.springframework.beans.factory.support.DefaultSingletonBeanRegistry.destroySingleton(DefaultSingletonBeanRegistry.java:463) [spring-beans-3.0.6.RELEASE.jar:3.0.6.RELEASE]
	at org.springframework.beans.factory.support.DefaultSingletonBeanRegistry.destroySingletons(DefaultSingletonBeanRegistry.java:431) [spring-beans-3.0.6.RELEASE.jar:3.0.6.RELEASE]
	at org.springframework.context.support.AbstractApplicationContext.destroyBeans(AbstractApplicationContext.java:1048) [spring-context-3.0.6.RELEASE.jar:3.0.6.RELEASE]
	at org.springframework.context.support.AbstractApplicationContext.refresh(AbstractApplicationContext.java:433) [spring-context-3.0.6.RELEASE.jar:3.0.6.RELEASE]
	at org.springframework.test.context.support.AbstractGenericContextLoader.loadContext(AbstractGenericContextLoader.java:84) [spring-test-3.0.6.RELEASE.jar:3.0.6.RELEASE]
	at org.springframework.test.context.support.AbstractGenericContextLoader.loadContext(AbstractGenericContextLoader.java:1) [spring-test-3.0.6.RELEASE.jar:3.0.6.RELEASE]
	at org.springframework.test.context.TestContext.loadApplicationContext(TestContext.java:280) [spring-test-3.0.6.RELEASE.jar:3.0.6.RELEASE]
	at org.springframework.test.context.TestContext.getApplicationContext(TestContext.java:304) [spring-test-3.0.6.RELEASE.jar:3.0.6.RELEASE]
	at org.springframework.test.context.support.DependencyInjectionTestExecutionListener.injectDependencies(DependencyInjectionTestExecutionListener.java:109) [spring-test-3.0.6.RELEASE.jar:3.0.6.RELEASE]
	at org.springframework.test.context.support.DependencyInjectionTestExecutionListener.prepareTestInstance(DependencyInjectionTestExecutionListener.java:75) [spring-test-3.0.6.RELEASE.jar:3.0.6.RELEASE]
	at org.springframework.test.context.TestContextManager.prepareTestInstance(TestContextManager.java:321) [spring-test-3.0.6.RELEASE.jar:3.0.6.RELEASE]
	at org.spockframework.spring.SpringTestContextManager.prepareTestInstance(SpringTestContextManager.java:49) [spock-spring-0.7-groovy-2.0.jar:na]
	at org.spockframework.spring.SpringInterceptor.interceptSetupMethod(SpringInterceptor.java:42) [spock-spring-0.7-groovy-2.0.jar:na]
	at org.spockframework.runtime.extension.AbstractMethodInterceptor.intercept(AbstractMethodInterceptor.java:28) [spock-core-0.7-groovy-2.0.jar:na]
	at org.spockframework.runtime.extension.MethodInvocation.proceed(MethodInvocation.java:84) [spock-core-0.7-groovy-2.0.jar:na]
	at org.spockframework.runtime.BaseSpecRunner.invoke(BaseSpecRunner.java:319) [spock-core-0.7-groovy-2.0.jar:na]
	at org.spockframework.runtime.BaseSpecRunner.invokeSetup(BaseSpecRunner.java:279) [spock-core-0.7-groovy-2.0.jar:na]
	at org.spockframework.runtime.BaseSpecRunner.doRunIteration(BaseSpecRunner.java:255) [spock-core-0.7-groovy-2.0.jar:na]
	at sun.reflect.GeneratedMethodAccessor5.invoke(Unknown Source) ~[na:na]
	at sun.reflect.DelegatingMethodAccessorImpl.invoke(DelegatingMethodAccessorImpl.java:25) ~[na:1.6.0_38]
	at java.lang.reflect.Method.invoke(Method.java:597) ~[na:1.6.0_38]
	at org.spockframework.util.ReflectionUtil.invokeMethod(ReflectionUtil.java:138) [spock-core-0.7-groovy-2.0.jar:na]
	at org.spockframework.runtime.BaseSpecRunner.invokeRaw(BaseSpecRunner.java:330) [spock-core-0.7-groovy-2.0.jar:na]
	at org.spockframework.runtime.BaseSpecRunner.invoke(BaseSpecRunner.java:311) [spock-core-0.7-groovy-2.0.jar:na]
	at org.spockframework.runtime.BaseSpecRunner.runIteration(BaseSpecRunner.java:223) [spock-core-0.7-groovy-2.0.jar:na]
	at org.spockframework.runtime.BaseSpecRunner.initializeAndRunIteration(BaseSpecRunner.java:214) [spock-core-0.7-groovy-2.0.jar:na]
	at org.spockframework.runtime.BaseSpecRunner.runSimpleFeature(BaseSpecRunner.java:205) [spock-core-0.7-groovy-2.0.jar:na]
	at org.spockframework.runtime.BaseSpecRunner.doRunFeature(BaseSpecRunner.java:199) [spock-core-0.7-groovy-2.0.jar:na]
	at sun.reflect.GeneratedMethodAccessor7.invoke(Unknown Source) ~[na:na]
	at sun.reflect.DelegatingMethodAccessorImpl.invoke(DelegatingMethodAccessorImpl.java:25) ~[na:1.6.0_38]
	at java.lang.reflect.Method.invoke(Method.java:597) ~[na:1.6.0_38]
	at org.spockframework.util.ReflectionUtil.invokeMethod(ReflectionUtil.java:138) [spock-core-0.7-groovy-2.0.jar:na]
	at org.spockframework.runtime.BaseSpecRunner.invokeRaw(BaseSpecRunner.java:330) [spock-core-0.7-groovy-2.0.jar:na]
	at org.spockframework.runtime.BaseSpecRunner.invoke(BaseSpecRunner.java:311) [spock-core-0.7-groovy-2.0.jar:na]
	at org.spockframework.runtime.BaseSpecRunner.runFeature(BaseSpecRunner.java:175) [spock-core-0.7-groovy-2.0.jar:na]
	at org.spockframework.runtime.BaseSpecRunner.runFeatures(BaseSpecRunner.java:152) [spock-core-0.7-groovy-2.0.jar:na]
	at org.spockframework.runtime.BaseSpecRunner.doRunSpec(BaseSpecRunner.java:112) [spock-core-0.7-groovy-2.0.jar:na]
	at sun.reflect.GeneratedMethodAccessor11.invoke(Unknown Source) ~[na:na]
	at sun.reflect.DelegatingMethodAccessorImpl.invoke(DelegatingMethodAccessorImpl.java:25) ~[na:1.6.0_38]
	at java.lang.reflect.Method.invoke(Method.java:597) ~[na:1.6.0_38]
	at org.spockframework.util.ReflectionUtil.invokeMethod(ReflectionUtil.java:138) [spock-core-0.7-groovy-2.0.jar:na]
	at org.spockframework.runtime.BaseSpecRunner.invokeRaw(BaseSpecRunner.java:330) [spock-core-0.7-groovy-2.0.jar:na]
	at org.spockframework.runtime.BaseSpecRunner.invoke(BaseSpecRunner.java:311) [spock-core-0.7-groovy-2.0.jar:na]
	at org.spockframework.runtime.BaseSpecRunner.runSpec(BaseSpecRunner.java:91) [spock-core-0.7-groovy-2.0.jar:na]
	at org.spockframework.runtime.BaseSpecRunner.run(BaseSpecRunner.java:82) [spock-core-0.7-groovy-2.0.jar:na]
	at org.spockframework.runtime.Sputnik.run(Sputnik.java:63) [spock-core-0.7-groovy-2.0.jar:na]
	at org.apache.maven.surefire.junit4.JUnit4TestSet.execute(JUnit4TestSet.java:53) [surefire-junit4-2.10.jar:2.10]
	at org.apache.maven.surefire.junit4.JUnit4Provider.executeTestSet(JUnit4Provider.java:123) [surefire-junit4-2.10.jar:2.10]
	at org.apache.maven.surefire.junit4.JUnit4Provider.invoke(JUnit4Provider.java:104) [surefire-junit4-2.10.jar:2.10]
	at sun.reflect.NativeMethodAccessorImpl.invoke0(Native Method) ~[na:1.6.0_38]
	at sun.reflect.NativeMethodAccessorImpl.invoke(NativeMethodAccessorImpl.java:39) ~[na:1.6.0_38]
	at sun.reflect.DelegatingMethodAccessorImpl.invoke(DelegatingMethodAccessorImpl.java:25) ~[na:1.6.0_38]
	at java.lang.reflect.Method.invoke(Method.java:597) ~[na:1.6.0_38]
	at org.apache.maven.surefire.util.ReflectionUtils.invokeMethodWithArray(ReflectionUtils.java:164) [surefire-api-2.10.jar:2.10]
	at org.apache.maven.surefire.booter.ProviderFactory$ProviderProxy.invoke(ProviderFactory.java:110) [surefire-booter-2.10.jar:2.10]
	at org.apache.maven.surefire.booter.SurefireStarter.invokeProvider(SurefireStarter.java:175) [surefire-booter-2.10.jar:2.10]
	at org.apache.maven.surefire.booter.SurefireStarter.runSuitesInProcessWhenForked(SurefireStarter.java:107) [surefire-booter-2.10.jar:2.10]
	at org.apache.maven.surefire.booter.ForkedBooter.main(ForkedBooter.java:68) [surefire-booter-2.10.jar:2.10]
22:04:44.414 [main] WARN  o.s.c.a.CommonAnnotationBeanPostProcessor - Invocation of destroy method failed on bean with name &apos;coreAccountUpdateSyncJob&apos;: com.rackspace.search.exception.NotFoundException: Index is missing
22:04:44.419 [main] ERROR c.r.s.e.client.ElasticSearchClient - Index is missing
org.elasticsearch.indices.IndexMissingException: [admin] missing
	at org.elasticsearch.cluster.metadata.MetaData.concreteIndex(MetaData.java:616) ~[elasticsearch-0.90.2.jar:na]
	at org.elasticsearch.action.get.TransportGetAction.resolveRequest(TransportGetAction.java:90) ~[elasticsearch-0.90.2.jar:na]
	at org.elasticsearch.action.get.TransportGetAction.resolveRequest(TransportGetAction.java:42) ~[elasticsearch-0.90.2.jar:na]
	at org.elasticsearch.action.support.single.shard.TransportShardSingleOperationAction$AsyncSingleAction.&lt;init&gt;(TransportShardSingleOperationAction.java:114) ~[elasticsearch-0.90.2.jar:na]
	at org.elasticsearch.action.support.single.shard.TransportShardSingleOperationAction$AsyncSingleAction.&lt;init&gt;(TransportShardSingleOperationAction.java:94) ~[elasticsearch-0.90.2.jar:na]
	at org.elasticsearch.action.support.single.shard.TransportShardSingleOperationAction.doExecute(TransportShardSingleOperationAction.java:71) ~[elasticsearch-0.90.2.jar:na]
	at org.elasticsearch.action.support.single.shard.TransportShardSingleOperationAction.doExecute(TransportShardSingleOperationAction.java:46) ~[elasticsearch-0.90.2.jar:na]
	at org.elasticsearch.action.support.TransportAction.execute(TransportAction.java:61) ~[elasticsearch-0.90.2.jar:na]
	at org.elasticsearch.client.node.NodeClient.execute(NodeClient.java:92) ~[elasticsearch-0.90.2.jar:na]
	at org.elasticsearch.client.support.AbstractClient.get(AbstractClient.java:179) ~[elasticsearch-0.90.2.jar:na]
	at org.elasticsearch.action.get.GetRequestBuilder.doExecute(GetRequestBuilder.java:112) ~[elasticsearch-0.90.2.jar:na]
	at org.elasticsearch.action.ActionRequestBuilder.execute(ActionRequestBuilder.java:62) ~[elasticsearch-0.90.2.jar:na]
	at org.elasticsearch.action.ActionRequestBuilder.execute(ActionRequestBuilder.java:57) ~[elasticsearch-0.90.2.jar:na]
	at org.elasticsearch.action.ActionRequestBuilder$execute.call(Unknown Source) ~[na:na]
	at com.rackspace.search.elasticsearch.client.ElasticSearchClient.getDocument(ElasticSearchClient.groovy:209) ~[classes/:na]
	at com.rackspace.search.elasticsearch.client.ElasticSearchClient$getDocument.call(Unknown Source) [classes/:na]
	at com.rackspace.search.service.JobService.getJob(JobService.groovy:56) [classes/:na]
	at com.rackspace.search.service.JobService$getJob$0.callCurrent(Unknown Source) [classes/:na]
	at com.rackspace.search.service.JobService.getJob(JobService.groovy:52) [classes/:na]
	at com.rackspace.search.service.JobService$getJob.call(Unknown Source) [classes/:na]
	at com.rackspace.search.service.core.CoreTicketSecondPassSyncJob.windupActivities(CoreTicketSecondPassSyncJob.groovy:83) [classes/:na]
	at sun.reflect.NativeMethodAccessorImpl.invoke0(Native Method) ~[na:1.6.0_38]
	at sun.reflect.NativeMethodAccessorImpl.invoke(NativeMethodAccessorImpl.java:39) ~[na:1.6.0_38]
	at sun.reflect.DelegatingMethodAccessorImpl.invoke(DelegatingMethodAccessorImpl.java:25) ~[na:1.6.0_38]
	at java.lang.reflect.Method.invoke(Method.java:597) ~[na:1.6.0_38]
	at org.springframework.beans.factory.annotation.InitDestroyAnnotationBeanPostProcessor$LifecycleElement.invoke(InitDestroyAnnotationBeanPostProcessor.java:340) [spring-beans-3.0.6.RELEASE.jar:3.0.6.RELEASE]
	at org.springframework.beans.factory.annotation.InitDestroyAnnotationBeanPostProcessor$LifecycleMetadata.invokeDestroyMethods(InitDestroyAnnotationBeanPostProcessor.java:305) [spring-beans-3.0.6.RELEASE.jar:3.0.6.RELEASE]
	at org.springframework.beans.factory.annotation.InitDestroyAnnotationBeanPostProcessor.postProcessBeforeDestruction(InitDestroyAnnotationBeanPostProcessor.java:148) [spring-beans-3.0.6.RELEASE.jar:3.0.6.RELEASE]
	at org.springframework.beans.factory.support.DisposableBeanAdapter.destroy(DisposableBeanAdapter.java:166) [spring-beans-3.0.6.RELEASE.jar:3.0.6.RELEASE]
	at org.springframework.beans.factory.support.DefaultSingletonBeanRegistry.destroyBean(DefaultSingletonBeanRegistry.java:487) [spring-beans-3.0.6.RELEASE.jar:3.0.6.RELEASE]
	at org.springframework.beans.factory.support.DefaultSingletonBeanRegistry.destroySingleton(DefaultSingletonBeanRegistry.java:463) [spring-beans-3.0.6.RELEASE.jar:3.0.6.RELEASE]
	at org.springframework.beans.factory.support.DefaultSingletonBeanRegistry.destroySingletons(DefaultSingletonBeanRegistry.java:431) [spring-beans-3.0.6.RELEASE.jar:3.0.6.RELEASE]
	at org.springframework.context.support.AbstractApplicationContext.destroyBeans(AbstractApplicationContext.java:1048) [spring-context-3.0.6.RELEASE.jar:3.0.6.RELEASE]
	at org.springframework.context.support.AbstractApplicationContext.refresh(AbstractApplicationContext.java:433) [spring-context-3.0.6.RELEASE.jar:3.0.6.RELEASE]
	at org.springframework.test.context.support.AbstractGenericContextLoader.loadContext(AbstractGenericContextLoader.java:84) [spring-test-3.0.6.RELEASE.jar:3.0.6.RELEASE]
	at org.springframework.test.context.support.AbstractGenericContextLoader.loadContext(AbstractGenericContextLoader.java:1) [spring-test-3.0.6.RELEASE.jar:3.0.6.RELEASE]
	at org.springframework.test.context.TestContext.loadApplicationContext(TestContext.java:280) [spring-test-3.0.6.RELEASE.jar:3.0.6.RELEASE]
	at org.springframework.test.context.TestContext.getApplicationContext(TestContext.java:304) [spring-test-3.0.6.RELEASE.jar:3.0.6.RELEASE]
	at org.springframework.test.context.support.DependencyInjectionTestExecutionListener.injectDependencies(DependencyInjectionTestExecutionListener.java:109) [spring-test-3.0.6.RELEASE.jar:3.0.6.RELEASE]
	at org.springframework.test.context.support.DependencyInjectionTestExecutionListener.prepareTestInstance(DependencyInjectionTestExecutionListener.java:75) [spring-test-3.0.6.RELEASE.jar:3.0.6.RELEASE]
	at org.springframework.test.context.TestContextManager.prepareTestInstance(TestContextManager.java:321) [spring-test-3.0.6.RELEASE.jar:3.0.6.RELEASE]
	at org.spockframework.spring.SpringTestContextManager.prepareTestInstance(SpringTestContextManager.java:49) [spock-spring-0.7-groovy-2.0.jar:na]
	at org.spockframework.spring.SpringInterceptor.interceptSetupMethod(SpringInterceptor.java:42) [spock-spring-0.7-groovy-2.0.jar:na]
	at org.spockframework.runtime.extension.AbstractMethodInterceptor.intercept(AbstractMethodInterceptor.java:28) [spock-core-0.7-groovy-2.0.jar:na]
	at org.spockframework.runtime.extension.MethodInvocation.proceed(MethodInvocation.java:84) [spock-core-0.7-groovy-2.0.jar:na]
	at org.spockframework.runtime.BaseSpecRunner.invoke(BaseSpecRunner.java:319) [spock-core-0.7-groovy-2.0.jar:na]
	at org.spockframework.runtime.BaseSpecRunner.invokeSetup(BaseSpecRunner.java:279) [spock-core-0.7-groovy-2.0.jar:na]
	at org.spockframework.runtime.BaseSpecRunner.doRunIteration(BaseSpecRunner.java:255) [spock-core-0.7-groovy-2.0.jar:na]
	at sun.reflect.GeneratedMethodAccessor5.invoke(Unknown Source) ~[na:na]
	at sun.reflect.DelegatingMethodAccessorImpl.invoke(DelegatingMethodAccessorImpl.java:25) ~[na:1.6.0_38]
	at java.lang.reflect.Method.invoke(Method.java:597) ~[na:1.6.0_38]
	at org.spockframework.util.ReflectionUtil.invokeMethod(ReflectionUtil.java:138) [spock-core-0.7-groovy-2.0.jar:na]
	at org.spockframework.runtime.BaseSpecRunner.invokeRaw(BaseSpecRunner.java:330) [spock-core-0.7-groovy-2.0.jar:na]
	at org.spockframework.runtime.BaseSpecRunner.invoke(BaseSpecRunner.java:311) [spock-core-0.7-groovy-2.0.jar:na]
	at org.spockframework.runtime.BaseSpecRunner.runIteration(BaseSpecRunner.java:223) [spock-core-0.7-groovy-2.0.jar:na]
	at org.spockframework.runtime.BaseSpecRunner.initializeAndRunIteration(BaseSpecRunner.java:214) [spock-core-0.7-groovy-2.0.jar:na]
	at org.spockframework.runtime.BaseSpecRunner.runSimpleFeature(BaseSpecRunner.java:205) [spock-core-0.7-groovy-2.0.jar:na]
	at org.spockframework.runtime.BaseSpecRunner.doRunFeature(BaseSpecRunner.java:199) [spock-core-0.7-groovy-2.0.jar:na]
	at sun.reflect.GeneratedMethodAccessor7.invoke(Unknown Source) ~[na:na]
	at sun.reflect.DelegatingMethodAccessorImpl.invoke(DelegatingMethodAccessorImpl.java:25) ~[na:1.6.0_38]
	at java.lang.reflect.Method.invoke(Method.java:597) ~[na:1.6.0_38]
	at org.spockframework.util.ReflectionUtil.invokeMethod(ReflectionUtil.java:138) [spock-core-0.7-groovy-2.0.jar:na]
	at org.spockframework.runtime.BaseSpecRunner.invokeRaw(BaseSpecRunner.java:330) [spock-core-0.7-groovy-2.0.jar:na]
	at org.spockframework.runtime.BaseSpecRunner.invoke(BaseSpecRunner.java:311) [spock-core-0.7-groovy-2.0.jar:na]
	at org.spockframework.runtime.BaseSpecRunner.runFeature(BaseSpecRunner.java:175) [spock-core-0.7-groovy-2.0.jar:na]
	at org.spockframework.runtime.BaseSpecRunner.runFeatures(BaseSpecRunner.java:152) [spock-core-0.7-groovy-2.0.jar:na]
	at org.spockframework.runtime.BaseSpecRunner.doRunSpec(BaseSpecRunner.java:112) [spock-core-0.7-groovy-2.0.jar:na]
	at sun.reflect.GeneratedMethodAccessor11.invoke(Unknown Source) ~[na:na]
	at sun.reflect.DelegatingMethodAccessorImpl.invoke(DelegatingMethodAccessorImpl.java:25) ~[na:1.6.0_38]
	at java.lang.reflect.Method.invoke(Method.java:597) ~[na:1.6.0_38]
	at org.spockframework.util.ReflectionUtil.invokeMethod(ReflectionUtil.java:138) [spock-core-0.7-groovy-2.0.jar:na]
	at org.spockframework.runtime.BaseSpecRunner.invokeRaw(BaseSpecRunner.java:330) [spock-core-0.7-groovy-2.0.jar:na]
	at org.spockframework.runtime.BaseSpecRunner.invoke(BaseSpecRunner.java:311) [spock-core-0.7-groovy-2.0.jar:na]
	at org.spockframework.runtime.BaseSpecRunner.runSpec(BaseSpecRunner.java:91) [spock-core-0.7-groovy-2.0.jar:na]
	at org.spockframework.runtime.BaseSpecRunner.run(BaseSpecRunner.java:82) [spock-core-0.7-groovy-2.0.jar:na]
	at org.spockframework.runtime.Sputnik.run(Sputnik.java:63) [spock-core-0.7-groovy-2.0.jar:na]
	at org.apache.maven.surefire.junit4.JUnit4TestSet.execute(JUnit4TestSet.java:53) [surefire-junit4-2.10.jar:2.10]
	at org.apache.maven.surefire.junit4.JUnit4Provider.executeTestSet(JUnit4Provider.java:123) [surefire-junit4-2.10.jar:2.10]
	at org.apache.maven.surefire.junit4.JUnit4Provider.invoke(JUnit4Provider.java:104) [surefire-junit4-2.10.jar:2.10]
	at sun.reflect.NativeMethodAccessorImpl.invoke0(Native Method) ~[na:1.6.0_38]
	at sun.reflect.NativeMethodAccessorImpl.invoke(NativeMethodAccessorImpl.java:39) ~[na:1.6.0_38]
	at sun.reflect.DelegatingMethodAccessorImpl.invoke(DelegatingMethodAccessorImpl.java:25) ~[na:1.6.0_38]
	at java.lang.reflect.Method.invoke(Method.java:597) ~[na:1.6.0_38]
	at org.apache.maven.surefire.util.ReflectionUtils.invokeMethodWithArray(ReflectionUtils.java:164) [surefire-api-2.10.jar:2.10]
	at org.apache.maven.surefire.booter.ProviderFactory$ProviderProxy.invoke(ProviderFactory.java:110) [surefire-booter-2.10.jar:2.10]
	at org.apache.maven.surefire.booter.SurefireStarter.invokeProvider(SurefireStarter.java:175) [surefire-booter-2.10.jar:2.10]
	at org.apache.maven.surefire.booter.SurefireStarter.runSuitesInProcessWhenForked(SurefireStarter.java:107) [surefire-booter-2.10.jar:2.10]
	at org.apache.maven.surefire.booter.ForkedBooter.main(ForkedBooter.java:68) [surefire-booter-2.10.jar:2.10]
22:04:44.421 [main] WARN  o.s.c.a.CommonAnnotationBeanPostProcessor - Invocation of destroy method failed on bean with name &apos;coreTicketSecondPassSyncJob&apos;: com.rackspace.search.exception.NotFoundException: Index is missing
22:04:44.527 [main] ERROR c.r.s.e.client.ElasticSearchClient - Index is missing
org.elasticsearch.indices.IndexMissingException: [admin] missing
	at org.elasticsearch.cluster.metadata.MetaData.concreteIndex(MetaData.java:616) ~[elasticsearch-0.90.2.jar:na]
	at org.elasticsearch.action.get.TransportGetAction.resolveRequest(TransportGetAction.java:90) ~[elasticsearch-0.90.2.jar:na]
	at org.elasticsearch.action.get.TransportGetAction.resolveRequest(TransportGetAction.java:42) ~[elasticsearch-0.90.2.jar:na]
	at org.elasticsearch.action.support.single.shard.TransportShardSingleOperationAction$AsyncSingleAction.&lt;init&gt;(TransportShardSingleOperationAction.java:114) ~[elasticsearch-0.90.2.jar:na]
	at org.elasticsearch.action.support.single.shard.TransportShardSingleOperationAction$AsyncSingleAction.&lt;init&gt;(TransportShardSingleOperationAction.java:94) ~[elasticsearch-0.90.2.jar:na]
	at org.elasticsearch.action.support.single.shard.TransportShardSingleOperationAction.doExecute(TransportShardSingleOperationAction.java:71) ~[elasticsearch-0.90.2.jar:na]
	at org.elasticsearch.action.support.single.shard.TransportShardSingleOperationAction.doExecute(TransportShardSingleOperationAction.java:46) ~[elasticsearch-0.90.2.jar:na]
	at org.elasticsearch.action.support.TransportAction.execute(TransportAction.java:61) ~[elasticsearch-0.90.2.jar:na]
	at org.elasticsearch.client.node.NodeClient.execute(NodeClient.java:92) ~[elasticsearch-0.90.2.jar:na]
	at org.elasticsearch.client.support.AbstractClient.get(AbstractClient.java:179) ~[elasticsearch-0.90.2.jar:na]
	at org.elasticsearch.action.get.GetRequestBuilder.doExecute(GetRequestBuilder.java:112) ~[elasticsearch-0.90.2.jar:na]
	at org.elasticsearch.action.ActionRequestBuilder.execute(ActionRequestBuilder.java:62) ~[elasticsearch-0.90.2.jar:na]
	at org.elasticsearch.action.ActionRequestBuilder.execute(ActionRequestBuilder.java:57) ~[elasticsearch-0.90.2.jar:na]
	at org.elasticsearch.action.ActionRequestBuilder$execute.call(Unknown Source) ~[na:na]
	at com.rackspace.search.elasticsearch.client.ElasticSearchClient.getDocument(ElasticSearchClient.groovy:209) ~[classes/:na]
	at com.rackspace.search.elasticsearch.client.ElasticSearchClient$getDocument.call(Unknown Source) [classes/:na]
	at com.rackspace.search.service.JobService.getJob(JobService.groovy:56) [classes/:na]
	at com.rackspace.search.service.JobService$getJob$0.callCurrent(Unknown Source) [classes/:na]
	at com.rackspace.search.service.JobService.getJob(JobService.groovy:52) [classes/:na]
	at com.rackspace.search.service.JobService$getJob.call(Unknown Source) [classes/:na]
	at com.rackspace.search.service.admin.CoreTicketOndemandSyncJob.windupActivities(CoreTicketOndemandSyncJob.groovy:91) [classes/:na]
	at sun.reflect.NativeMethodAccessorImpl.invoke0(Native Method) ~[na:1.6.0_38]
	at sun.reflect.NativeMethodAccessorImpl.invoke(NativeMethodAccessorImpl.java:39) ~[na:1.6.0_38]
	at sun.reflect.DelegatingMethodAccessorImpl.invoke(DelegatingMethodAccessorImpl.java:25) ~[na:1.6.0_38]
	at java.lang.reflect.Method.invoke(Method.java:597) ~[na:1.6.0_38]
	at org.springframework.beans.factory.annotation.InitDestroyAnnotationBeanPostProcessor$LifecycleElement.invoke(InitDestroyAnnotationBeanPostProcessor.java:340) [spring-beans-3.0.6.RELEASE.jar:3.0.6.RELEASE]
	at org.springframework.beans.factory.annotation.InitDestroyAnnotationBeanPostProcessor$LifecycleMetadata.invokeDestroyMethods(InitDestroyAnnotationBeanPostProcessor.java:305) [spring-beans-3.0.6.RELEASE.jar:3.0.6.RELEASE]
	at org.springframework.beans.factory.annotation.InitDestroyAnnotationBeanPostProcessor.postProcessBeforeDestruction(InitDestroyAnnotationBeanPostProcessor.java:148) [spring-beans-3.0.6.RELEASE.jar:3.0.6.RELEASE]
	at org.springframework.beans.factory.support.DisposableBeanAdapter.destroy(DisposableBeanAdapter.java:166) [spring-beans-3.0.6.RELEASE.jar:3.0.6.RELEASE]
	at org.springframework.beans.factory.support.DefaultSingletonBeanRegistry.destroyBean(DefaultSingletonBeanRegistry.java:487) [spring-beans-3.0.6.RELEASE.jar:3.0.6.RELEASE]
	at org.springframework.beans.factory.support.DefaultSingletonBeanRegistry.destroySingleton(DefaultSingletonBeanRegistry.java:463) [spring-beans-3.0.6.RELEASE.jar:3.0.6.RELEASE]
	at org.springframework.beans.factory.support.DefaultSingletonBeanRegistry.destroySingletons(DefaultSingletonBeanRegistry.java:431) [spring-beans-3.0.6.RELEASE.jar:3.0.6.RELEASE]
	at org.springframework.context.support.AbstractApplicationContext.destroyBeans(AbstractApplicationContext.java:1048) [spring-context-3.0.6.RELEASE.jar:3.0.6.RELEASE]
	at org.springframework.context.support.AbstractApplicationContext.refresh(AbstractApplicationContext.java:433) [spring-context-3.0.6.RELEASE.jar:3.0.6.RELEASE]
	at org.springframework.test.context.support.AbstractGenericContextLoader.loadContext(AbstractGenericContextLoader.java:84) [spring-test-3.0.6.RELEASE.jar:3.0.6.RELEASE]
	at org.springframework.test.context.support.AbstractGenericContextLoader.loadContext(AbstractGenericContextLoader.java:1) [spring-test-3.0.6.RELEASE.jar:3.0.6.RELEASE]
	at org.springframework.test.context.TestContext.loadApplicationContext(TestContext.java:280) [spring-test-3.0.6.RELEASE.jar:3.0.6.RELEASE]
	at org.springframework.test.context.TestContext.getApplicationContext(TestContext.java:304) [spring-test-3.0.6.RELEASE.jar:3.0.6.RELEASE]
	at org.springframework.test.context.support.DependencyInjectionTestExecutionListener.injectDependencies(DependencyInjectionTestExecutionListener.java:109) [spring-test-3.0.6.RELEASE.jar:3.0.6.RELEASE]
	at org.springframework.test.context.support.DependencyInjectionTestExecutionListener.prepareTestInstance(DependencyInjectionTestExecutionListener.java:75) [spring-test-3.0.6.RELEASE.jar:3.0.6.RELEASE]
	at org.springframework.test.context.TestContextManager.prepareTestInstance(TestContextManager.java:321) [spring-test-3.0.6.RELEASE.jar:3.0.6.RELEASE]
	at org.spockframework.spring.SpringTestContextManager.prepareTestInstance(SpringTestContextManager.java:49) [spock-spring-0.7-groovy-2.0.jar:na]
	at org.spockframework.spring.SpringInterceptor.interceptSetupMethod(SpringInterceptor.java:42) [spock-spring-0.7-groovy-2.0.jar:na]
	at org.spockframework.runtime.extension.AbstractMethodInterceptor.intercept(AbstractMethodInterceptor.java:28) [spock-core-0.7-groovy-2.0.jar:na]
	at org.spockframework.runtime.extension.MethodInvocation.proceed(MethodInvocation.java:84) [spock-core-0.7-groovy-2.0.jar:na]
	at org.spockframework.runtime.BaseSpecRunner.invoke(BaseSpecRunner.java:319) [spock-core-0.7-groovy-2.0.jar:na]
	at org.spockframework.runtime.BaseSpecRunner.invokeSetup(BaseSpecRunner.java:279) [spock-core-0.7-groovy-2.0.jar:na]
	at org.spockframework.runtime.BaseSpecRunner.doRunIteration(BaseSpecRunner.java:255) [spock-core-0.7-groovy-2.0.jar:na]
	at sun.reflect.GeneratedMethodAccessor5.invoke(Unknown Source) ~[na:na]
	at sun.reflect.DelegatingMethodAccessorImpl.invoke(DelegatingMethodAccessorImpl.java:25) ~[na:1.6.0_38]
	at java.lang.reflect.Method.invoke(Method.java:597) ~[na:1.6.0_38]
	at org.spockframework.util.ReflectionUtil.invokeMethod(ReflectionUtil.java:138) [spock-core-0.7-groovy-2.0.jar:na]
	at org.spockframework.runtime.BaseSpecRunner.invokeRaw(BaseSpecRunner.java:330) [spock-core-0.7-groovy-2.0.jar:na]
	at org.spockframework.runtime.BaseSpecRunner.invoke(BaseSpecRunner.java:311) [spock-core-0.7-groovy-2.0.jar:na]
	at org.spockframework.runtime.BaseSpecRunner.runIteration(BaseSpecRunner.java:223) [spock-core-0.7-groovy-2.0.jar:na]
	at org.spockframework.runtime.BaseSpecRunner.initializeAndRunIteration(BaseSpecRunner.java:214) [spock-core-0.7-groovy-2.0.jar:na]
	at org.spockframework.runtime.BaseSpecRunner.runSimpleFeature(BaseSpecRunner.java:205) [spock-core-0.7-groovy-2.0.jar:na]
	at org.spockframework.runtime.BaseSpecRunner.doRunFeature(BaseSpecRunner.java:199) [spock-core-0.7-groovy-2.0.jar:na]
	at sun.reflect.GeneratedMethodAccessor7.invoke(Unknown Source) ~[na:na]
	at sun.reflect.DelegatingMethodAccessorImpl.invoke(DelegatingMethodAccessorImpl.java:25) ~[na:1.6.0_38]
	at java.lang.reflect.Method.invoke(Method.java:597) ~[na:1.6.0_38]
	at org.spockframework.util.ReflectionUtil.invokeMethod(ReflectionUtil.java:138) [spock-core-0.7-groovy-2.0.jar:na]
	at org.spockframework.runtime.BaseSpecRunner.invokeRaw(BaseSpecRunner.java:330) [spock-core-0.7-groovy-2.0.jar:na]
	at org.spockframework.runtime.BaseSpecRunner.invoke(BaseSpecRunner.java:311) [spock-core-0.7-groovy-2.0.jar:na]
	at org.spockframework.runtime.BaseSpecRunner.runFeature(BaseSpecRunner.java:175) [spock-core-0.7-groovy-2.0.jar:na]
	at org.spockframework.runtime.BaseSpecRunner.runFeatures(BaseSpecRunner.java:152) [spock-core-0.7-groovy-2.0.jar:na]
	at org.spockframework.runtime.BaseSpecRunner.doRunSpec(BaseSpecRunner.java:112) [spock-core-0.7-groovy-2.0.jar:na]
	at sun.reflect.GeneratedMethodAccessor11.invoke(Unknown Source) ~[na:na]
	at sun.reflect.DelegatingMethodAccessorImpl.invoke(DelegatingMethodAccessorImpl.java:25) ~[na:1.6.0_38]
	at java.lang.reflect.Method.invoke(Method.java:597) ~[na:1.6.0_38]
	at org.spockframework.util.ReflectionUtil.invokeMethod(ReflectionUtil.java:138) [spock-core-0.7-groovy-2.0.jar:na]
	at org.spockframework.runtime.BaseSpecRunner.invokeRaw(BaseSpecRunner.java:330) [spock-core-0.7-groovy-2.0.jar:na]
	at org.spockframework.runtime.BaseSpecRunner.invoke(BaseSpecRunner.java:311) [spock-core-0.7-groovy-2.0.jar:na]
	at org.spockframework.runtime.BaseSpecRunner.runSpec(BaseSpecRunner.java:91) [spock-core-0.7-groovy-2.0.jar:na]
	at org.spockframework.runtime.BaseSpecRunner.run(BaseSpecRunner.java:82) [spock-core-0.7-groovy-2.0.jar:na]
	at org.spockframework.runtime.Sputnik.run(Sputnik.java:63) [spock-core-0.7-groovy-2.0.jar:na]
	at org.apache.maven.surefire.junit4.JUnit4TestSet.execute(JUnit4TestSet.java:53) [surefire-junit4-2.10.jar:2.10]
	at org.apache.maven.surefire.junit4.JUnit4Provider.executeTestSet(JUnit4Provider.java:123) [surefire-junit4-2.10.jar:2.10]
	at org.apache.maven.surefire.junit4.JUnit4Provider.invoke(JUnit4Provider.java:104) [surefire-junit4-2.10.jar:2.10]
	at sun.reflect.NativeMethodAccessorImpl.invoke0(Native Method) ~[na:1.6.0_38]
	at sun.reflect.NativeMethodAccessorImpl.invoke(NativeMethodAccessorImpl.java:39) ~[na:1.6.0_38]
	at sun.reflect.DelegatingMethodAccessorImpl.invoke(DelegatingMethodAccessorImpl.java:25) ~[na:1.6.0_38]
	at java.lang.reflect.Method.invoke(Method.java:597) ~[na:1.6.0_38]
	at org.apache.maven.surefire.util.ReflectionUtils.invokeMethodWithArray(ReflectionUtils.java:164) [surefire-api-2.10.jar:2.10]
	at org.apache.maven.surefire.booter.ProviderFactory$ProviderProxy.invoke(ProviderFactory.java:110) [surefire-booter-2.10.jar:2.10]
	at org.apache.maven.surefire.booter.SurefireStarter.invokeProvider(SurefireStarter.java:175) [surefire-booter-2.10.jar:2.10]
	at org.apache.maven.surefire.booter.SurefireStarter.runSuitesInProcessWhenForked(SurefireStarter.java:107) [surefire-booter-2.10.jar:2.10]
	at org.apache.maven.surefire.booter.ForkedBooter.main(ForkedBooter.java:68) [surefire-booter-2.10.jar:2.10]
22:04:44.529 [main] WARN  o.s.c.a.CommonAnnotationBeanPostProcessor - Invocation of destroy method failed on bean with name &apos;coreTicketOndemandSyncJob&apos;: com.rackspace.search.exception.NotFoundException: Index is missing
22:04:44.534 [main] ERROR c.r.s.e.client.ElasticSearchClient - Index is missing
org.elasticsearch.indices.IndexMissingException: [admin] missing
	at org.elasticsearch.cluster.metadata.MetaData.concreteIndex(MetaData.java:616) ~[elasticsearch-0.90.2.jar:na]
	at org.elasticsearch.action.get.TransportGetAction.resolveRequest(TransportGetAction.java:90) ~[elasticsearch-0.90.2.jar:na]
	at org.elasticsearch.action.get.TransportGetAction.resolveRequest(TransportGetAction.java:42) ~[elasticsearch-0.90.2.jar:na]
	at org.elasticsearch.action.support.single.shard.TransportShardSingleOperationAction$AsyncSingleAction.&lt;init&gt;(TransportShardSingleOperationAction.java:114) ~[elasticsearch-0.90.2.jar:na]
	at org.elasticsearch.action.support.single.shard.TransportShardSingleOperationAction$AsyncSingleAction.&lt;init&gt;(TransportShardSingleOperationAction.java:94) ~[elasticsearch-0.90.2.jar:na]
	at org.elasticsearch.action.support.single.shard.TransportShardSingleOperationAction.doExecute(TransportShardSingleOperationAction.java:71) ~[elasticsearch-0.90.2.jar:na]
	at org.elasticsearch.action.support.single.shard.TransportShardSingleOperationAction.doExecute(TransportShardSingleOperationAction.java:46) ~[elasticsearch-0.90.2.jar:na]
	at org.elasticsearch.action.support.TransportAction.execute(TransportAction.java:61) ~[elasticsearch-0.90.2.jar:na]
	at org.elasticsearch.client.node.NodeClient.execute(NodeClient.java:92) ~[elasticsearch-0.90.2.jar:na]
	at org.elasticsearch.client.support.AbstractClient.get(AbstractClient.java:179) ~[elasticsearch-0.90.2.jar:na]
	at org.elasticsearch.action.get.GetRequestBuilder.doExecute(GetRequestBuilder.java:112) ~[elasticsearch-0.90.2.jar:na]
	at org.elasticsearch.action.ActionRequestBuilder.execute(ActionRequestBuilder.java:62) ~[elasticsearch-0.90.2.jar:na]
	at org.elasticsearch.action.ActionRequestBuilder.execute(ActionRequestBuilder.java:57) ~[elasticsearch-0.90.2.jar:na]
	at org.elasticsearch.action.ActionRequestBuilder$execute.call(Unknown Source) ~[na:na]
	at com.rackspace.search.elasticsearch.client.ElasticSearchClient.getDocument(ElasticSearchClient.groovy:209) ~[classes/:na]
	at com.rackspace.search.elasticsearch.client.ElasticSearchClient$getDocument.call(Unknown Source) [classes/:na]
	at com.rackspace.search.service.JobService.getJob(JobService.groovy:56) [classes/:na]
	at com.rackspace.search.service.JobService$getJob$0.callCurrent(Unknown Source) [classes/:na]
	at com.rackspace.search.service.JobService.getJob(JobService.groovy:52) [classes/:na]
	at com.rackspace.search.service.JobService$getJob.call(Unknown Source) [classes/:na]
	at com.rackspace.search.service.account.AccountOngoingSyncJob.windupActivities(AccountOngoingSyncJob.groovy:89) [classes/:na]
	at sun.reflect.NativeMethodAccessorImpl.invoke0(Native Method) ~[na:1.6.0_38]
	at sun.reflect.NativeMethodAccessorImpl.invoke(NativeMethodAccessorImpl.java:39) ~[na:1.6.0_38]
	at sun.reflect.DelegatingMethodAccessorImpl.invoke(DelegatingMethodAccessorImpl.java:25) ~[na:1.6.0_38]
	at java.lang.reflect.Method.invoke(Method.java:597) ~[na:1.6.0_38]
	at org.springframework.beans.factory.annotation.InitDestroyAnnotationBeanPostProcessor$LifecycleElement.invoke(InitDestroyAnnotationBeanPostProcessor.java:340) [spring-beans-3.0.6.RELEASE.jar:3.0.6.RELEASE]
	at org.springframework.beans.factory.annotation.InitDestroyAnnotationBeanPostProcessor$LifecycleMetadata.invokeDestroyMethods(InitDestroyAnnotationBeanPostProcessor.java:305) [spring-beans-3.0.6.RELEASE.jar:3.0.6.RELEASE]
	at org.springframework.beans.factory.annotation.InitDestroyAnnotationBeanPostProcessor.postProcessBeforeDestruction(InitDestroyAnnotationBeanPostProcessor.java:148) [spring-beans-3.0.6.RELEASE.jar:3.0.6.RELEASE]
	at org.springframework.beans.factory.support.DisposableBeanAdapter.destroy(DisposableBeanAdapter.java:166) [spring-beans-3.0.6.RELEASE.jar:3.0.6.RELEASE]
	at org.springframework.beans.factory.support.DefaultSingletonBeanRegistry.destroyBean(DefaultSingletonBeanRegistry.java:487) [spring-beans-3.0.6.RELEASE.jar:3.0.6.RELEASE]
	at org.springframework.beans.factory.support.DefaultSingletonBeanRegistry.destroySingleton(DefaultSingletonBeanRegistry.java:463) [spring-beans-3.0.6.RELEASE.jar:3.0.6.RELEASE]
	at org.springframework.beans.factory.support.DefaultSingletonBeanRegistry.destroySingletons(DefaultSingletonBeanRegistry.java:431) [spring-beans-3.0.6.RELEASE.jar:3.0.6.RELEASE]
	at org.springframework.context.support.AbstractApplicationContext.destroyBeans(AbstractApplicationContext.java:1048) [spring-context-3.0.6.RELEASE.jar:3.0.6.RELEASE]
	at org.springframework.context.support.AbstractApplicationContext.refresh(AbstractApplicationContext.java:433) [spring-context-3.0.6.RELEASE.jar:3.0.6.RELEASE]
	at org.springframework.test.context.support.AbstractGenericContextLoader.loadContext(AbstractGenericContextLoader.java:84) [spring-test-3.0.6.RELEASE.jar:3.0.6.RELEASE]
	at org.springframework.test.context.support.AbstractGenericContextLoader.loadContext(AbstractGenericContextLoader.java:1) [spring-test-3.0.6.RELEASE.jar:3.0.6.RELEASE]
	at org.springframework.test.context.TestContext.loadApplicationContext(TestContext.java:280) [spring-test-3.0.6.RELEASE.jar:3.0.6.RELEASE]
	at org.springframework.test.context.TestContext.getApplicationContext(TestContext.java:304) [spring-test-3.0.6.RELEASE.jar:3.0.6.RELEASE]
	at org.springframework.test.context.support.DependencyInjectionTestExecutionListener.injectDependencies(DependencyInjectionTestExecutionListener.java:109) [spring-test-3.0.6.RELEASE.jar:3.0.6.RELEASE]
	at org.springframework.test.context.support.DependencyInjectionTestExecutionListener.prepareTestInstance(DependencyInjectionTestExecutionListener.java:75) [spring-test-3.0.6.RELEASE.jar:3.0.6.RELEASE]
	at org.springframework.test.context.TestContextManager.prepareTestInstance(TestContextManager.java:321) [spring-test-3.0.6.RELEASE.jar:3.0.6.RELEASE]
	at org.spockframework.spring.SpringTestContextManager.prepareTestInstance(SpringTestContextManager.java:49) [spock-spring-0.7-groovy-2.0.jar:na]
	at org.spockframework.spring.SpringInterceptor.interceptSetupMethod(SpringInterceptor.java:42) [spock-spring-0.7-groovy-2.0.jar:na]
	at org.spockframework.runtime.extension.AbstractMethodInterceptor.intercept(AbstractMethodInterceptor.java:28) [spock-core-0.7-groovy-2.0.jar:na]
	at org.spockframework.runtime.extension.MethodInvocation.proceed(MethodInvocation.java:84) [spock-core-0.7-groovy-2.0.jar:na]
	at org.spockframework.runtime.BaseSpecRunner.invoke(BaseSpecRunner.java:319) [spock-core-0.7-groovy-2.0.jar:na]
	at org.spockframework.runtime.BaseSpecRunner.invokeSetup(BaseSpecRunner.java:279) [spock-core-0.7-groovy-2.0.jar:na]
	at org.spockframework.runtime.BaseSpecRunner.doRunIteration(BaseSpecRunner.java:255) [spock-core-0.7-groovy-2.0.jar:na]
	at sun.reflect.GeneratedMethodAccessor5.invoke(Unknown Source) ~[na:na]
	at sun.reflect.DelegatingMethodAccessorImpl.invoke(DelegatingMethodAccessorImpl.java:25) ~[na:1.6.0_38]
	at java.lang.reflect.Method.invoke(Method.java:597) ~[na:1.6.0_38]
	at org.spockframework.util.ReflectionUtil.invokeMethod(ReflectionUtil.java:138) [spock-core-0.7-groovy-2.0.jar:na]
	at org.spockframework.runtime.BaseSpecRunner.invokeRaw(BaseSpecRunner.java:330) [spock-core-0.7-groovy-2.0.jar:na]
	at org.spockframework.runtime.BaseSpecRunner.invoke(BaseSpecRunner.java:311) [spock-core-0.7-groovy-2.0.jar:na]
	at org.spockframework.runtime.BaseSpecRunner.runIteration(BaseSpecRunner.java:223) [spock-core-0.7-groovy-2.0.jar:na]
	at org.spockframework.runtime.BaseSpecRunner.initializeAndRunIteration(BaseSpecRunner.java:214) [spock-core-0.7-groovy-2.0.jar:na]
	at org.spockframework.runtime.BaseSpecRunner.runSimpleFeature(BaseSpecRunner.java:205) [spock-core-0.7-groovy-2.0.jar:na]
	at org.spockframework.runtime.BaseSpecRunner.doRunFeature(BaseSpecRunner.java:199) [spock-core-0.7-groovy-2.0.jar:na]
	at sun.reflect.GeneratedMethodAccessor7.invoke(Unknown Source) ~[na:na]
	at sun.reflect.DelegatingMethodAccessorImpl.invoke(DelegatingMethodAccessorImpl.java:25) ~[na:1.6.0_38]
	at java.lang.reflect.Method.invoke(Method.java:597) ~[na:1.6.0_38]
	at org.spockframework.util.ReflectionUtil.invokeMethod(ReflectionUtil.java:138) [spock-core-0.7-groovy-2.0.jar:na]
	at org.spockframework.runtime.BaseSpecRunner.invokeRaw(BaseSpecRunner.java:330) [spock-core-0.7-groovy-2.0.jar:na]
	at org.spockframework.runtime.BaseSpecRunner.invoke(BaseSpecRunner.java:311) [spock-core-0.7-groovy-2.0.jar:na]
	at org.spockframework.runtime.BaseSpecRunner.runFeature(BaseSpecRunner.java:175) [spock-core-0.7-groovy-2.0.jar:na]
	at org.spockframework.runtime.BaseSpecRunner.runFeatures(BaseSpecRunner.java:152) [spock-core-0.7-groovy-2.0.jar:na]
	at org.spockframework.runtime.BaseSpecRunner.doRunSpec(BaseSpecRunner.java:112) [spock-core-0.7-groovy-2.0.jar:na]
	at sun.reflect.GeneratedMethodAccessor11.invoke(Unknown Source) ~[na:na]
	at sun.reflect.DelegatingMethodAccessorImpl.invoke(DelegatingMethodAccessorImpl.java:25) ~[na:1.6.0_38]
	at java.lang.reflect.Method.invoke(Method.java:597) ~[na:1.6.0_38]
	at org.spockframework.util.ReflectionUtil.invokeMethod(ReflectionUtil.java:138) [spock-core-0.7-groovy-2.0.jar:na]
	at org.spockframework.runtime.BaseSpecRunner.invokeRaw(BaseSpecRunner.java:330) [spock-core-0.7-groovy-2.0.jar:na]
	at org.spockframework.runtime.BaseSpecRunner.invoke(BaseSpecRunner.java:311) [spock-core-0.7-groovy-2.0.jar:na]
	at org.spockframework.runtime.BaseSpecRunner.runSpec(BaseSpecRunner.java:91) [spock-core-0.7-groovy-2.0.jar:na]
	at org.spockframework.runtime.BaseSpecRunner.run(BaseSpecRunner.java:82) [spock-core-0.7-groovy-2.0.jar:na]
	at org.spockframework.runtime.Sputnik.run(Sputnik.java:63) [spock-core-0.7-groovy-2.0.jar:na]
	at org.apache.maven.surefire.junit4.JUnit4TestSet.execute(JUnit4TestSet.java:53) [surefire-junit4-2.10.jar:2.10]
	at org.apache.maven.surefire.junit4.JUnit4Provider.executeTestSet(JUnit4Provider.java:123) [surefire-junit4-2.10.jar:2.10]
	at org.apache.maven.surefire.junit4.JUnit4Provider.invoke(JUnit4Provider.java:104) [surefire-junit4-2.10.jar:2.10]
	at sun.reflect.NativeMethodAccessorImpl.invoke0(Native Method) ~[na:1.6.0_38]
	at sun.reflect.NativeMethodAccessorImpl.invoke(NativeMethodAccessorImpl.java:39) ~[na:1.6.0_38]
	at sun.reflect.DelegatingMethodAccessorImpl.invoke(DelegatingMethodAccessorImpl.java:25) ~[na:1.6.0_38]
	at java.lang.reflect.Method.invoke(Method.java:597) ~[na:1.6.0_38]
	at org.apache.maven.surefire.util.ReflectionUtils.invokeMethodWithArray(ReflectionUtils.java:164) [surefire-api-2.10.jar:2.10]
	at org.apache.maven.surefire.booter.ProviderFactory$ProviderProxy.invoke(ProviderFactory.java:110) [surefire-booter-2.10.jar:2.10]
	at org.apache.maven.surefire.booter.SurefireStarter.invokeProvider(SurefireStarter.java:175) [surefire-booter-2.10.jar:2.10]
	at org.apache.maven.surefire.booter.SurefireStarter.runSuitesInProcessWhenForked(SurefireStarter.java:107) [surefire-booter-2.10.jar:2.10]
	at org.apache.maven.surefire.booter.ForkedBooter.main(ForkedBooter.java:68) [surefire-booter-2.10.jar:2.10]
22:04:44.535 [main] WARN  o.s.c.a.CommonAnnotationBeanPostProcessor - Invocation of destroy method failed on bean with name &apos;accountOngoingSyncJob&apos;: com.rackspace.search.exception.NotFoundException: Index is missing
22:04:44.540 [main] ERROR c.r.s.e.client.ElasticSearchClient - Index is missing
org.elasticsearch.indices.IndexMissingException: [admin] missing
	at org.elasticsearch.cluster.metadata.MetaData.concreteIndex(MetaData.java:616) ~[elasticsearch-0.90.2.jar:na]
	at org.elasticsearch.action.get.TransportGetAction.resolveRequest(TransportGetAction.java:90) ~[elasticsearch-0.90.2.jar:na]
	at org.elasticsearch.action.get.TransportGetAction.resolveRequest(TransportGetAction.java:42) ~[elasticsearch-0.90.2.jar:na]
	at org.elasticsearch.action.support.single.shard.TransportShardSingleOperationAction$AsyncSingleAction.&lt;init&gt;(TransportShardSingleOperationAction.java:114) ~[elasticsearch-0.90.2.jar:na]
	at org.elasticsearch.action.support.single.shard.TransportShardSingleOperationAction$AsyncSingleAction.&lt;init&gt;(TransportShardSingleOperationAction.java:94) ~[elasticsearch-0.90.2.jar:na]
	at org.elasticsearch.action.support.single.shard.TransportShardSingleOperationAction.doExecute(TransportShardSingleOperationAction.java:71) ~[elasticsearch-0.90.2.jar:na]
	at org.elasticsearch.action.support.single.shard.TransportShardSingleOperationAction.doExecute(TransportShardSingleOperationAction.java:46) ~[elasticsearch-0.90.2.jar:na]
	at org.elasticsearch.action.support.TransportAction.execute(TransportAction.java:61) ~[elasticsearch-0.90.2.jar:na]
	at org.elasticsearch.client.node.NodeClient.execute(NodeClient.java:92) ~[elasticsearch-0.90.2.jar:na]
	at org.elasticsearch.client.support.AbstractClient.get(AbstractClient.java:179) ~[elasticsearch-0.90.2.jar:na]
	at org.elasticsearch.action.get.GetRequestBuilder.doExecute(GetRequestBuilder.java:112) ~[elasticsearch-0.90.2.jar:na]
	at org.elasticsearch.action.ActionRequestBuilder.execute(ActionRequestBuilder.java:62) ~[elasticsearch-0.90.2.jar:na]
	at org.elasticsearch.action.ActionRequestBuilder.execute(ActionRequestBuilder.java:57) ~[elasticsearch-0.90.2.jar:na]
	at org.elasticsearch.action.ActionRequestBuilder$execute.call(Unknown Source) ~[na:na]
	at com.rackspace.search.elasticsearch.client.ElasticSearchClient.getDocument(ElasticSearchClient.groovy:209) ~[classes/:na]
	at com.rackspace.search.elasticsearch.client.ElasticSearchClient$getDocument.call(Unknown Source) [classes/:na]
	at com.rackspace.search.service.JobService.getJob(JobService.groovy:56) [classes/:na]
	at com.rackspace.search.service.JobService$getJob$0.callCurrent(Unknown Source) [classes/:na]
	at com.rackspace.search.service.JobService.getJob(JobService.groovy:52) [classes/:na]
	at com.rackspace.search.service.JobService$getJob.call(Unknown Source) [classes/:na]
	at com.rackspace.search.service.account.AccountOnetimeSyncJob.windupActivities(AccountOneTimeSyncJob.groovy:39) [classes/:na]
	at sun.reflect.NativeMethodAccessorImpl.invoke0(Native Method) ~[na:1.6.0_38]
	at sun.reflect.NativeMethodAccessorImpl.invoke(NativeMethodAccessorImpl.java:39) ~[na:1.6.0_38]
	at sun.reflect.DelegatingMethodAccessorImpl.invoke(DelegatingMethodAccessorImpl.java:25) ~[na:1.6.0_38]
	at java.lang.reflect.Method.invoke(Method.java:597) ~[na:1.6.0_38]
	at org.springframework.beans.factory.annotation.InitDestroyAnnotationBeanPostProcessor$LifecycleElement.invoke(InitDestroyAnnotationBeanPostProcessor.java:340) [spring-beans-3.0.6.RELEASE.jar:3.0.6.RELEASE]
	at org.springframework.beans.factory.annotation.InitDestroyAnnotationBeanPostProcessor$LifecycleMetadata.invokeDestroyMethods(InitDestroyAnnotationBeanPostProcessor.java:305) [spring-beans-3.0.6.RELEASE.jar:3.0.6.RELEASE]
	at org.springframework.beans.factory.annotation.InitDestroyAnnotationBeanPostProcessor.postProcessBeforeDestruction(InitDestroyAnnotationBeanPostProcessor.java:148) [spring-beans-3.0.6.RELEASE.jar:3.0.6.RELEASE]
	at org.springframework.beans.factory.support.DisposableBeanAdapter.destroy(DisposableBeanAdapter.java:166) [spring-beans-3.0.6.RELEASE.jar:3.0.6.RELEASE]
	at org.springframework.beans.factory.support.DefaultSingletonBeanRegistry.destroyBean(DefaultSingletonBeanRegistry.java:487) [spring-beans-3.0.6.RELEASE.jar:3.0.6.RELEASE]
	at org.springframework.beans.factory.support.DefaultSingletonBeanRegistry.destroySingleton(DefaultSingletonBeanRegistry.java:463) [spring-beans-3.0.6.RELEASE.jar:3.0.6.RELEASE]
	at org.springframework.beans.factory.support.DefaultSingletonBeanRegistry.destroySingletons(DefaultSingletonBeanRegistry.java:431) [spring-beans-3.0.6.RELEASE.jar:3.0.6.RELEASE]
	at org.springframework.context.support.AbstractApplicationContext.destroyBeans(AbstractApplicationContext.java:1048) [spring-context-3.0.6.RELEASE.jar:3.0.6.RELEASE]
	at org.springframework.context.support.AbstractApplicationContext.refresh(AbstractApplicationContext.java:433) [spring-context-3.0.6.RELEASE.jar:3.0.6.RELEASE]
	at org.springframework.test.context.support.AbstractGenericContextLoader.loadContext(AbstractGenericContextLoader.java:84) [spring-test-3.0.6.RELEASE.jar:3.0.6.RELEASE]
	at org.springframework.test.context.support.AbstractGenericContextLoader.loadContext(AbstractGenericContextLoader.java:1) [spring-test-3.0.6.RELEASE.jar:3.0.6.RELEASE]
	at org.springframework.test.context.TestContext.loadApplicationContext(TestContext.java:280) [spring-test-3.0.6.RELEASE.jar:3.0.6.RELEASE]
	at org.springframework.test.context.TestContext.getApplicationContext(TestContext.java:304) [spring-test-3.0.6.RELEASE.jar:3.0.6.RELEASE]
	at org.springframework.test.context.support.DependencyInjectionTestExecutionListener.injectDependencies(DependencyInjectionTestExecutionListener.java:109) [spring-test-3.0.6.RELEASE.jar:3.0.6.RELEASE]
	at org.springframework.test.context.support.DependencyInjectionTestExecutionListener.prepareTestInstance(DependencyInjectionTestExecutionListener.java:75) [spring-test-3.0.6.RELEASE.jar:3.0.6.RELEASE]
	at org.springframework.test.context.TestContextManager.prepareTestInstance(TestContextManager.java:321) [spring-test-3.0.6.RELEASE.jar:3.0.6.RELEASE]
	at org.spockframework.spring.SpringTestContextManager.prepareTestInstance(SpringTestContextManager.java:49) [spock-spring-0.7-groovy-2.0.jar:na]
	at org.spockframework.spring.SpringInterceptor.interceptSetupMethod(SpringInterceptor.java:42) [spock-spring-0.7-groovy-2.0.jar:na]
	at org.spockframework.runtime.extension.AbstractMethodInterceptor.intercept(AbstractMethodInterceptor.java:28) [spock-core-0.7-groovy-2.0.jar:na]
	at org.spockframework.runtime.extension.MethodInvocation.proceed(MethodInvocation.java:84) [spock-core-0.7-groovy-2.0.jar:na]
	at org.spockframework.runtime.BaseSpecRunner.invoke(BaseSpecRunner.java:319) [spock-core-0.7-groovy-2.0.jar:na]
	at org.spockframework.runtime.BaseSpecRunner.invokeSetup(BaseSpecRunner.java:279) [spock-core-0.7-groovy-2.0.jar:na]
	at org.spockframework.runtime.BaseSpecRunner.doRunIteration(BaseSpecRunner.java:255) [spock-core-0.7-groovy-2.0.jar:na]
	at sun.reflect.GeneratedMethodAccessor5.invoke(Unknown Source) ~[na:na]
	at sun.reflect.DelegatingMethodAccessorImpl.invoke(DelegatingMethodAccessorImpl.java:25) ~[na:1.6.0_38]
	at java.lang.reflect.Method.invoke(Method.java:597) ~[na:1.6.0_38]
	at org.spockframework.util.ReflectionUtil.invokeMethod(ReflectionUtil.java:138) [spock-core-0.7-groovy-2.0.jar:na]
	at org.spockframework.runtime.BaseSpecRunner.invokeRaw(BaseSpecRunner.java:330) [spock-core-0.7-groovy-2.0.jar:na]
	at org.spockframework.runtime.BaseSpecRunner.invoke(BaseSpecRunner.java:311) [spock-core-0.7-groovy-2.0.jar:na]
	at org.spockframework.runtime.BaseSpecRunner.runIteration(BaseSpecRunner.java:223) [spock-core-0.7-groovy-2.0.jar:na]
	at org.spockframework.runtime.BaseSpecRunner.initializeAndRunIteration(BaseSpecRunner.java:214) [spock-core-0.7-groovy-2.0.jar:na]
	at org.spockframework.runtime.BaseSpecRunner.runSimpleFeature(BaseSpecRunner.java:205) [spock-core-0.7-groovy-2.0.jar:na]
	at org.spockframework.runtime.BaseSpecRunner.doRunFeature(BaseSpecRunner.java:199) [spock-core-0.7-groovy-2.0.jar:na]
	at sun.reflect.GeneratedMethodAccessor7.invoke(Unknown Source) ~[na:na]
	at sun.reflect.DelegatingMethodAccessorImpl.invoke(DelegatingMethodAccessorImpl.java:25) ~[na:1.6.0_38]
	at java.lang.reflect.Method.invoke(Method.java:597) ~[na:1.6.0_38]
	at org.spockframework.util.ReflectionUtil.invokeMethod(ReflectionUtil.java:138) [spock-core-0.7-groovy-2.0.jar:na]
	at org.spockframework.runtime.BaseSpecRunner.invokeRaw(BaseSpecRunner.java:330) [spock-core-0.7-groovy-2.0.jar:na]
	at org.spockframework.runtime.BaseSpecRunner.invoke(BaseSpecRunner.java:311) [spock-core-0.7-groovy-2.0.jar:na]
	at org.spockframework.runtime.BaseSpecRunner.runFeature(BaseSpecRunner.java:175) [spock-core-0.7-groovy-2.0.jar:na]
	at org.spockframework.runtime.BaseSpecRunner.runFeatures(BaseSpecRunner.java:152) [spock-core-0.7-groovy-2.0.jar:na]
	at org.spockframework.runtime.BaseSpecRunner.doRunSpec(BaseSpecRunner.java:112) [spock-core-0.7-groovy-2.0.jar:na]
	at sun.reflect.GeneratedMethodAccessor11.invoke(Unknown Source) ~[na:na]
	at sun.reflect.DelegatingMethodAccessorImpl.invoke(DelegatingMethodAccessorImpl.java:25) ~[na:1.6.0_38]
	at java.lang.reflect.Method.invoke(Method.java:597) ~[na:1.6.0_38]
	at org.spockframework.util.ReflectionUtil.invokeMethod(ReflectionUtil.java:138) [spock-core-0.7-groovy-2.0.jar:na]
	at org.spockframework.runtime.BaseSpecRunner.invokeRaw(BaseSpecRunner.java:330) [spock-core-0.7-groovy-2.0.jar:na]
	at org.spockframework.runtime.BaseSpecRunner.invoke(BaseSpecRunner.java:311) [spock-core-0.7-groovy-2.0.jar:na]
	at org.spockframework.runtime.BaseSpecRunner.runSpec(BaseSpecRunner.java:91) [spock-core-0.7-groovy-2.0.jar:na]
	at org.spockframework.runtime.BaseSpecRunner.run(BaseSpecRunner.java:82) [spock-core-0.7-groovy-2.0.jar:na]
	at org.spockframework.runtime.Sputnik.run(Sputnik.java:63) [spock-core-0.7-groovy-2.0.jar:na]
	at org.apache.maven.surefire.junit4.JUnit4TestSet.execute(JUnit4TestSet.java:53) [surefire-junit4-2.10.jar:2.10]
	at org.apache.maven.surefire.junit4.JUnit4Provider.executeTestSet(JUnit4Provider.java:123) [surefire-junit4-2.10.jar:2.10]
	at org.apache.maven.surefire.junit4.JUnit4Provider.invoke(JUnit4Provider.java:104) [surefire-junit4-2.10.jar:2.10]
	at sun.reflect.NativeMethodAccessorImpl.invoke0(Native Method) ~[na:1.6.0_38]
	at sun.reflect.NativeMethodAccessorImpl.invoke(NativeMethodAccessorImpl.java:39) ~[na:1.6.0_38]
	at sun.reflect.DelegatingMethodAccessorImpl.invoke(DelegatingMethodAccessorImpl.java:25) ~[na:1.6.0_38]
	at java.lang.reflect.Method.invoke(Method.java:597) ~[na:1.6.0_38]
	at org.apache.maven.surefire.util.ReflectionUtils.invokeMethodWithArray(ReflectionUtils.java:164) [surefire-api-2.10.jar:2.10]
	at org.apache.maven.surefire.booter.ProviderFactory$ProviderProxy.invoke(ProviderFactory.java:110) [surefire-booter-2.10.jar:2.10]
	at org.apache.maven.surefire.booter.SurefireStarter.invokeProvider(SurefireStarter.java:175) [surefire-booter-2.10.jar:2.10]
	at org.apache.maven.surefire.booter.SurefireStarter.runSuitesInProcessWhenForked(SurefireStarter.java:107) [surefire-booter-2.10.jar:2.10]
	at org.apache.maven.surefire.booter.ForkedBooter.main(ForkedBooter.java:68) [surefire-booter-2.10.jar:2.10]
22:04:44.542 [main] WARN  o.s.c.a.CommonAnnotationBeanPostProcessor - Invocation of destroy method failed on bean with name &apos;accountOnetimeSyncJob&apos;: com.rackspace.search.exception.NotFoundException: Index is missing
22:04:44.547 [main] ERROR c.r.s.e.client.ElasticSearchClient - Index is missing
org.elasticsearch.indices.IndexMissingException: [admin] missing
	at org.elasticsearch.cluster.metadata.MetaData.concreteIndex(MetaData.java:616) ~[elasticsearch-0.90.2.jar:na]
	at org.elasticsearch.action.get.TransportGetAction.resolveRequest(TransportGetAction.java:90) ~[elasticsearch-0.90.2.jar:na]
	at org.elasticsearch.action.get.TransportGetAction.resolveRequest(TransportGetAction.java:42) ~[elasticsearch-0.90.2.jar:na]
	at org.elasticsearch.action.support.single.shard.TransportShardSingleOperationAction$AsyncSingleAction.&lt;init&gt;(TransportShardSingleOperationAction.java:114) ~[elasticsearch-0.90.2.jar:na]
	at org.elasticsearch.action.support.single.shard.TransportShardSingleOperationAction$AsyncSingleAction.&lt;init&gt;(TransportShardSingleOperationAction.java:94) ~[elasticsearch-0.90.2.jar:na]
	at org.elasticsearch.action.support.single.shard.TransportShardSingleOperationAction.doExecute(TransportShardSingleOperationAction.java:71) ~[elasticsearch-0.90.2.jar:na]
	at org.elasticsearch.action.support.single.shard.TransportShardSingleOperationAction.doExecute(TransportShardSingleOperationAction.java:46) ~[elasticsearch-0.90.2.jar:na]
	at org.elasticsearch.action.support.TransportAction.execute(TransportAction.java:61) ~[elasticsearch-0.90.2.jar:na]
	at org.elasticsearch.client.node.NodeClient.execute(NodeClient.java:92) ~[elasticsearch-0.90.2.jar:na]
	at org.elasticsearch.client.support.AbstractClient.get(AbstractClient.java:179) ~[elasticsearch-0.90.2.jar:na]
	at org.elasticsearch.action.get.GetRequestBuilder.doExecute(GetRequestBuilder.java:112) ~[elasticsearch-0.90.2.jar:na]
	at org.elasticsearch.action.ActionRequestBuilder.execute(ActionRequestBuilder.java:62) ~[elasticsearch-0.90.2.jar:na]
	at org.elasticsearch.action.ActionRequestBuilder.execute(ActionRequestBuilder.java:57) ~[elasticsearch-0.90.2.jar:na]
	at org.elasticsearch.action.ActionRequestBuilder$execute.call(Unknown Source) ~[na:na]
	at com.rackspace.search.elasticsearch.client.ElasticSearchClient.getDocument(ElasticSearchClient.groovy:209) ~[classes/:na]
	at com.rackspace.search.elasticsearch.client.ElasticSearchClient$getDocument.call(Unknown Source) [classes/:na]
	at com.rackspace.search.service.JobService.getJob(JobService.groovy:56) [classes/:na]
	at com.rackspace.search.service.JobService$getJob$0.callCurrent(Unknown Source) [classes/:na]
	at com.rackspace.search.service.JobService.getJob(JobService.groovy:52) [classes/:na]
	at com.rackspace.search.service.JobService$getJob.call(Unknown Source) [classes/:na]
	at com.rackspace.search.service.core.CoreTicketOngoingSyncJob.windupActivities(CoreTicketOnGoingSyncJob.groovy:82) [classes/:na]
	at sun.reflect.NativeMethodAccessorImpl.invoke0(Native Method) ~[na:1.6.0_38]
	at sun.reflect.NativeMethodAccessorImpl.invoke(NativeMethodAccessorImpl.java:39) ~[na:1.6.0_38]
	at sun.reflect.DelegatingMethodAccessorImpl.invoke(DelegatingMethodAccessorImpl.java:25) ~[na:1.6.0_38]
	at java.lang.reflect.Method.invoke(Method.java:597) ~[na:1.6.0_38]
	at org.springframework.beans.factory.annotation.InitDestroyAnnotationBeanPostProcessor$LifecycleElement.invoke(InitDestroyAnnotationBeanPostProcessor.java:340) [spring-beans-3.0.6.RELEASE.jar:3.0.6.RELEASE]
	at org.springframework.beans.factory.annotation.InitDestroyAnnotationBeanPostProcessor$LifecycleMetadata.invokeDestroyMethods(InitDestroyAnnotationBeanPostProcessor.java:305) [spring-beans-3.0.6.RELEASE.jar:3.0.6.RELEASE]
	at org.springframework.beans.factory.annotation.InitDestroyAnnotationBeanPostProcessor.postProcessBeforeDestruction(InitDestroyAnnotationBeanPostProcessor.java:148) [spring-beans-3.0.6.RELEASE.jar:3.0.6.RELEASE]
	at org.springframework.beans.factory.support.DisposableBeanAdapter.destroy(DisposableBeanAdapter.java:166) [spring-beans-3.0.6.RELEASE.jar:3.0.6.RELEASE]
	at org.springframework.beans.factory.support.DefaultSingletonBeanRegistry.destroyBean(DefaultSingletonBeanRegistry.java:487) [spring-beans-3.0.6.RELEASE.jar:3.0.6.RELEASE]
	at org.springframework.beans.factory.support.DefaultSingletonBeanRegistry.destroySingleton(DefaultSingletonBeanRegistry.java:463) [spring-beans-3.0.6.RELEASE.jar:3.0.6.RELEASE]
	at org.springframework.beans.factory.support.DefaultSingletonBeanRegistry.destroySingletons(DefaultSingletonBeanRegistry.java:431) [spring-beans-3.0.6.RELEASE.jar:3.0.6.RELEASE]
	at org.springframework.context.support.AbstractApplicationContext.destroyBeans(AbstractApplicationContext.java:1048) [spring-context-3.0.6.RELEASE.jar:3.0.6.RELEASE]
	at org.springframework.context.support.AbstractApplicationContext.refresh(AbstractApplicationContext.java:433) [spring-context-3.0.6.RELEASE.jar:3.0.6.RELEASE]
	at org.springframework.test.context.support.AbstractGenericContextLoader.loadContext(AbstractGenericContextLoader.java:84) [spring-test-3.0.6.RELEASE.jar:3.0.6.RELEASE]
	at org.springframework.test.context.support.AbstractGenericContextLoader.loadContext(AbstractGenericContextLoader.java:1) [spring-test-3.0.6.RELEASE.jar:3.0.6.RELEASE]
	at org.springframework.test.context.TestContext.loadApplicationContext(TestContext.java:280) [spring-test-3.0.6.RELEASE.jar:3.0.6.RELEASE]
	at org.springframework.test.context.TestContext.getApplicationContext(TestContext.java:304) [spring-test-3.0.6.RELEASE.jar:3.0.6.RELEASE]
	at org.springframework.test.context.support.DependencyInjectionTestExecutionListener.injectDependencies(DependencyInjectionTestExecutionListener.java:109) [spring-test-3.0.6.RELEASE.jar:3.0.6.RELEASE]
	at org.springframework.test.context.support.DependencyInjectionTestExecutionListener.prepareTestInstance(DependencyInjectionTestExecutionListener.java:75) [spring-test-3.0.6.RELEASE.jar:3.0.6.RELEASE]
	at org.springframework.test.context.TestContextManager.prepareTestInstance(TestContextManager.java:321) [spring-test-3.0.6.RELEASE.jar:3.0.6.RELEASE]
	at org.spockframework.spring.SpringTestContextManager.prepareTestInstance(SpringTestContextManager.java:49) [spock-spring-0.7-groovy-2.0.jar:na]
	at org.spockframework.spring.SpringInterceptor.interceptSetupMethod(SpringInterceptor.java:42) [spock-spring-0.7-groovy-2.0.jar:na]
	at org.spockframework.runtime.extension.AbstractMethodInterceptor.intercept(AbstractMethodInterceptor.java:28) [spock-core-0.7-groovy-2.0.jar:na]
	at org.spockframework.runtime.extension.MethodInvocation.proceed(MethodInvocation.java:84) [spock-core-0.7-groovy-2.0.jar:na]
	at org.spockframework.runtime.BaseSpecRunner.invoke(BaseSpecRunner.java:319) [spock-core-0.7-groovy-2.0.jar:na]
	at org.spockframework.runtime.BaseSpecRunner.invokeSetup(BaseSpecRunner.java:279) [spock-core-0.7-groovy-2.0.jar:na]
	at org.spockframework.runtime.BaseSpecRunner.doRunIteration(BaseSpecRunner.java:255) [spock-core-0.7-groovy-2.0.jar:na]
	at sun.reflect.GeneratedMethodAccessor5.invoke(Unknown Source) ~[na:na]
	at sun.reflect.DelegatingMethodAccessorImpl.invoke(DelegatingMethodAccessorImpl.java:25) ~[na:1.6.0_38]
	at java.lang.reflect.Method.invoke(Method.java:597) ~[na:1.6.0_38]
	at org.spockframework.util.ReflectionUtil.invokeMethod(ReflectionUtil.java:138) [spock-core-0.7-groovy-2.0.jar:na]
	at org.spockframework.runtime.BaseSpecRunner.invokeRaw(BaseSpecRunner.java:330) [spock-core-0.7-groovy-2.0.jar:na]
	at org.spockframework.runtime.BaseSpecRunner.invoke(BaseSpecRunner.java:311) [spock-core-0.7-groovy-2.0.jar:na]
	at org.spockframework.runtime.BaseSpecRunner.runIteration(BaseSpecRunner.java:223) [spock-core-0.7-groovy-2.0.jar:na]
	at org.spockframework.runtime.BaseSpecRunner.initializeAndRunIteration(BaseSpecRunner.java:214) [spock-core-0.7-groovy-2.0.jar:na]
	at org.spockframework.runtime.BaseSpecRunner.runSimpleFeature(BaseSpecRunner.java:205) [spock-core-0.7-groovy-2.0.jar:na]
	at org.spockframework.runtime.BaseSpecRunner.doRunFeature(BaseSpecRunner.java:199) [spock-core-0.7-groovy-2.0.jar:na]
	at sun.reflect.GeneratedMethodAccessor7.invoke(Unknown Source) ~[na:na]
	at sun.reflect.DelegatingMethodAccessorImpl.invoke(DelegatingMethodAccessorImpl.java:25) ~[na:1.6.0_38]
	at java.lang.reflect.Method.invoke(Method.java:597) ~[na:1.6.0_38]
	at org.spockframework.util.ReflectionUtil.invokeMethod(ReflectionUtil.java:138) [spock-core-0.7-groovy-2.0.jar:na]
	at org.spockframework.runtime.BaseSpecRunner.invokeRaw(BaseSpecRunner.java:330) [spock-core-0.7-groovy-2.0.jar:na]
	at org.spockframework.runtime.BaseSpecRunner.invoke(BaseSpecRunner.java:311) [spock-core-0.7-groovy-2.0.jar:na]
	at org.spockframework.runtime.BaseSpecRunner.runFeature(BaseSpecRunner.java:175) [spock-core-0.7-groovy-2.0.jar:na]
	at org.spockframework.runtime.BaseSpecRunner.runFeatures(BaseSpecRunner.java:152) [spock-core-0.7-groovy-2.0.jar:na]
	at org.spockframework.runtime.BaseSpecRunner.doRunSpec(BaseSpecRunner.java:112) [spock-core-0.7-groovy-2.0.jar:na]
	at sun.reflect.GeneratedMethodAccessor11.invoke(Unknown Source) ~[na:na]
	at sun.reflect.DelegatingMethodAccessorImpl.invoke(DelegatingMethodAccessorImpl.java:25) ~[na:1.6.0_38]
	at java.lang.reflect.Method.invoke(Method.java:597) ~[na:1.6.0_38]
	at org.spockframework.util.ReflectionUtil.invokeMethod(ReflectionUtil.java:138) [spock-core-0.7-groovy-2.0.jar:na]
	at org.spockframework.runtime.BaseSpecRunner.invokeRaw(BaseSpecRunner.java:330) [spock-core-0.7-groovy-2.0.jar:na]
	at org.spockframework.runtime.BaseSpecRunner.invoke(BaseSpecRunner.java:311) [spock-core-0.7-groovy-2.0.jar:na]
	at org.spockframework.runtime.BaseSpecRunner.runSpec(BaseSpecRunner.java:91) [spock-core-0.7-groovy-2.0.jar:na]
	at org.spockframework.runtime.BaseSpecRunner.run(BaseSpecRunner.java:82) [spock-core-0.7-groovy-2.0.jar:na]
	at org.spockframework.runtime.Sputnik.run(Sputnik.java:63) [spock-core-0.7-groovy-2.0.jar:na]
	at org.apache.maven.surefire.junit4.JUnit4TestSet.execute(JUnit4TestSet.java:53) [surefire-junit4-2.10.jar:2.10]
	at org.apache.maven.surefire.junit4.JUnit4Provider.executeTestSet(JUnit4Provider.java:123) [surefire-junit4-2.10.jar:2.10]
	at org.apache.maven.surefire.junit4.JUnit4Provider.invoke(JUnit4Provider.java:104) [surefire-junit4-2.10.jar:2.10]
	at sun.reflect.NativeMethodAccessorImpl.invoke0(Native Method) ~[na:1.6.0_38]
	at sun.reflect.NativeMethodAccessorImpl.invoke(NativeMethodAccessorImpl.java:39) ~[na:1.6.0_38]
	at sun.reflect.DelegatingMethodAccessorImpl.invoke(DelegatingMethodAccessorImpl.java:25) ~[na:1.6.0_38]
	at java.lang.reflect.Method.invoke(Method.java:597) ~[na:1.6.0_38]
	at org.apache.maven.surefire.util.ReflectionUtils.invokeMethodWithArray(ReflectionUtils.java:164) [surefire-api-2.10.jar:2.10]
	at org.apache.maven.surefire.booter.ProviderFactory$ProviderProxy.invoke(ProviderFactory.java:110) [surefire-booter-2.10.jar:2.10]
	at org.apache.maven.surefire.booter.SurefireStarter.invokeProvider(SurefireStarter.java:175) [surefire-booter-2.10.jar:2.10]
	at org.apache.maven.surefire.booter.SurefireStarter.runSuitesInProcessWhenForked(SurefireStarter.java:107) [surefire-booter-2.10.jar:2.10]
	at org.apache.maven.surefire.booter.ForkedBooter.main(ForkedBooter.java:68) [surefire-booter-2.10.jar:2.10]
22:04:44.549 [main] WARN  o.s.c.a.CommonAnnotationBeanPostProcessor - Invocation of destroy method failed on bean with name &apos;coreTicketOngoingSyncJob&apos;: com.rackspace.search.exception.NotFoundException: Index is missing
22:04:44.553 [main] ERROR c.r.s.e.client.ElasticSearchClient - Index is missing
org.elasticsearch.indices.IndexMissingException: [admin] missing
	at org.elasticsearch.cluster.metadata.MetaData.concreteIndex(MetaData.java:616) ~[elasticsearch-0.90.2.jar:na]
	at org.elasticsearch.action.get.TransportGetAction.resolveRequest(TransportGetAction.java:90) ~[elasticsearch-0.90.2.jar:na]
	at org.elasticsearch.action.get.TransportGetAction.resolveRequest(TransportGetAction.java:42) ~[elasticsearch-0.90.2.jar:na]
	at org.elasticsearch.action.support.single.shard.TransportShardSingleOperationAction$AsyncSingleAction.&lt;init&gt;(TransportShardSingleOperationAction.java:114) ~[elasticsearch-0.90.2.jar:na]
	at org.elasticsearch.action.support.single.shard.TransportShardSingleOperationAction$AsyncSingleAction.&lt;init&gt;(TransportShardSingleOperationAction.java:94) ~[elasticsearch-0.90.2.jar:na]
	at org.elasticsearch.action.support.single.shard.TransportShardSingleOperationAction.doExecute(TransportShardSingleOperationAction.java:71) ~[elasticsearch-0.90.2.jar:na]
	at org.elasticsearch.action.support.single.shard.TransportShardSingleOperationAction.doExecute(TransportShardSingleOperationAction.java:46) ~[elasticsearch-0.90.2.jar:na]
	at org.elasticsearch.action.support.TransportAction.execute(TransportAction.java:61) ~[elasticsearch-0.90.2.jar:na]
	at org.elasticsearch.client.node.NodeClient.execute(NodeClient.java:92) ~[elasticsearch-0.90.2.jar:na]
	at org.elasticsearch.client.support.AbstractClient.get(AbstractClient.java:179) ~[elasticsearch-0.90.2.jar:na]
	at org.elasticsearch.action.get.GetRequestBuilder.doExecute(GetRequestBuilder.java:112) ~[elasticsearch-0.90.2.jar:na]
	at org.elasticsearch.action.ActionRequestBuilder.execute(ActionRequestBuilder.java:62) ~[elasticsearch-0.90.2.jar:na]
	at org.elasticsearch.action.ActionRequestBuilder.execute(ActionRequestBuilder.java:57) ~[elasticsearch-0.90.2.jar:na]
	at org.elasticsearch.action.ActionRequestBuilder$execute.call(Unknown Source) ~[na:na]
	at com.rackspace.search.elasticsearch.client.ElasticSearchClient.getDocument(ElasticSearchClient.groovy:209) ~[classes/:na]
	at com.rackspace.search.elasticsearch.client.ElasticSearchClient$getDocument.call(Unknown Source) [classes/:na]
	at com.rackspace.search.service.JobService.getJob(JobService.groovy:56) [classes/:na]
	at com.rackspace.search.service.JobService$getJob$0.callCurrent(Unknown Source) [classes/:na]
	at com.rackspace.search.service.JobService.getJob(JobService.groovy:52) [classes/:na]
	at com.rackspace.search.service.JobService$getJob.call(Unknown Source) [classes/:na]
	at com.rackspace.search.service.core.CoreTicketOnetimeSyncJob.windupActivities(CoreTicketOneTimeSyncJob.groovy:45) [classes/:na]
	at sun.reflect.NativeMethodAccessorImpl.invoke0(Native Method) ~[na:1.6.0_38]
	at sun.reflect.NativeMethodAccessorImpl.invoke(NativeMethodAccessorImpl.java:39) ~[na:1.6.0_38]
	at sun.reflect.DelegatingMethodAccessorImpl.invoke(DelegatingMethodAccessorImpl.java:25) ~[na:1.6.0_38]
	at java.lang.reflect.Method.invoke(Method.java:597) ~[na:1.6.0_38]
	at org.springframework.beans.factory.annotation.InitDestroyAnnotationBeanPostProcessor$LifecycleElement.invoke(InitDestroyAnnotationBeanPostProcessor.java:340) [spring-beans-3.0.6.RELEASE.jar:3.0.6.RELEASE]
	at org.springframework.beans.factory.annotation.InitDestroyAnnotationBeanPostProcessor$LifecycleMetadata.invokeDestroyMethods(InitDestroyAnnotationBeanPostProcessor.java:305) [spring-beans-3.0.6.RELEASE.jar:3.0.6.RELEASE]
	at org.springframework.beans.factory.annotation.InitDestroyAnnotationBeanPostProcessor.postProcessBeforeDestruction(InitDestroyAnnotationBeanPostProcessor.java:148) [spring-beans-3.0.6.RELEASE.jar:3.0.6.RELEASE]
	at org.springframework.beans.factory.support.DisposableBeanAdapter.destroy(DisposableBeanAdapter.java:166) [spring-beans-3.0.6.RELEASE.jar:3.0.6.RELEASE]
	at org.springframework.beans.factory.support.DefaultSingletonBeanRegistry.destroyBean(DefaultSingletonBeanRegistry.java:487) [spring-beans-3.0.6.RELEASE.jar:3.0.6.RELEASE]
	at org.springframework.beans.factory.support.DefaultSingletonBeanRegistry.destroySingleton(DefaultSingletonBeanRegistry.java:463) [spring-beans-3.0.6.RELEASE.jar:3.0.6.RELEASE]
	at org.springframework.beans.factory.support.DefaultSingletonBeanRegistry.destroySingletons(DefaultSingletonBeanRegistry.java:431) [spring-beans-3.0.6.RELEASE.jar:3.0.6.RELEASE]
	at org.springframework.context.support.AbstractApplicationContext.destroyBeans(AbstractApplicationContext.java:1048) [spring-context-3.0.6.RELEASE.jar:3.0.6.RELEASE]
	at org.springframework.context.support.AbstractApplicationContext.refresh(AbstractApplicationContext.java:433) [spring-context-3.0.6.RELEASE.jar:3.0.6.RELEASE]
	at org.springframework.test.context.support.AbstractGenericContextLoader.loadContext(AbstractGenericContextLoader.java:84) [spring-test-3.0.6.RELEASE.jar:3.0.6.RELEASE]
	at org.springframework.test.context.support.AbstractGenericContextLoader.loadContext(AbstractGenericContextLoader.java:1) [spring-test-3.0.6.RELEASE.jar:3.0.6.RELEASE]
	at org.springframework.test.context.TestContext.loadApplicationContext(TestContext.java:280) [spring-test-3.0.6.RELEASE.jar:3.0.6.RELEASE]
	at org.springframework.test.context.TestContext.getApplicationContext(TestContext.java:304) [spring-test-3.0.6.RELEASE.jar:3.0.6.RELEASE]
	at org.springframework.test.context.support.DependencyInjectionTestExecutionListener.injectDependencies(DependencyInjectionTestExecutionListener.java:109) [spring-test-3.0.6.RELEASE.jar:3.0.6.RELEASE]
	at org.springframework.test.context.support.DependencyInjectionTestExecutionListener.prepareTestInstance(DependencyInjectionTestExecutionListener.java:75) [spring-test-3.0.6.RELEASE.jar:3.0.6.RELEASE]
	at org.springframework.test.context.TestContextManager.prepareTestInstance(TestContextManager.java:321) [spring-test-3.0.6.RELEASE.jar:3.0.6.RELEASE]
	at org.spockframework.spring.SpringTestContextManager.prepareTestInstance(SpringTestContextManager.java:49) [spock-spring-0.7-groovy-2.0.jar:na]
	at org.spockframework.spring.SpringInterceptor.interceptSetupMethod(SpringInterceptor.java:42) [spock-spring-0.7-groovy-2.0.jar:na]
	at org.spockframework.runtime.extension.AbstractMethodInterceptor.intercept(AbstractMethodInterceptor.java:28) [spock-core-0.7-groovy-2.0.jar:na]
	at org.spockframework.runtime.extension.MethodInvocation.proceed(MethodInvocation.java:84) [spock-core-0.7-groovy-2.0.jar:na]
	at org.spockframework.runtime.BaseSpecRunner.invoke(BaseSpecRunner.java:319) [spock-core-0.7-groovy-2.0.jar:na]
	at org.spockframework.runtime.BaseSpecRunner.invokeSetup(BaseSpecRunner.java:279) [spock-core-0.7-groovy-2.0.jar:na]
	at org.spockframework.runtime.BaseSpecRunner.doRunIteration(BaseSpecRunner.java:255) [spock-core-0.7-groovy-2.0.jar:na]
	at sun.reflect.GeneratedMethodAccessor5.invoke(Unknown Source) ~[na:na]
	at sun.reflect.DelegatingMethodAccessorImpl.invoke(DelegatingMethodAccessorImpl.java:25) ~[na:1.6.0_38]
	at java.lang.reflect.Method.invoke(Method.java:597) ~[na:1.6.0_38]
	at org.spockframework.util.ReflectionUtil.invokeMethod(ReflectionUtil.java:138) [spock-core-0.7-groovy-2.0.jar:na]
	at org.spockframework.runtime.BaseSpecRunner.invokeRaw(BaseSpecRunner.java:330) [spock-core-0.7-groovy-2.0.jar:na]
	at org.spockframework.runtime.BaseSpecRunner.invoke(BaseSpecRunner.java:311) [spock-core-0.7-groovy-2.0.jar:na]
	at org.spockframework.runtime.BaseSpecRunner.runIteration(BaseSpecRunner.java:223) [spock-core-0.7-groovy-2.0.jar:na]
	at org.spockframework.runtime.BaseSpecRunner.initializeAndRunIteration(BaseSpecRunner.java:214) [spock-core-0.7-groovy-2.0.jar:na]
	at org.spockframework.runtime.BaseSpecRunner.runSimpleFeature(BaseSpecRunner.java:205) [spock-core-0.7-groovy-2.0.jar:na]
	at org.spockframework.runtime.BaseSpecRunner.doRunFeature(BaseSpecRunner.java:199) [spock-core-0.7-groovy-2.0.jar:na]
	at sun.reflect.GeneratedMethodAccessor7.invoke(Unknown Source) ~[na:na]
	at sun.reflect.DelegatingMethodAccessorImpl.invoke(DelegatingMethodAccessorImpl.java:25) ~[na:1.6.0_38]
	at java.lang.reflect.Method.invoke(Method.java:597) ~[na:1.6.0_38]
	at org.spockframework.util.ReflectionUtil.invokeMethod(ReflectionUtil.java:138) [spock-core-0.7-groovy-2.0.jar:na]
	at org.spockframework.runtime.BaseSpecRunner.invokeRaw(BaseSpecRunner.java:330) [spock-core-0.7-groovy-2.0.jar:na]
	at org.spockframework.runtime.BaseSpecRunner.invoke(BaseSpecRunner.java:311) [spock-core-0.7-groovy-2.0.jar:na]
	at org.spockframework.runtime.BaseSpecRunner.runFeature(BaseSpecRunner.java:175) [spock-core-0.7-groovy-2.0.jar:na]
	at org.spockframework.runtime.BaseSpecRunner.runFeatures(BaseSpecRunner.java:152) [spock-core-0.7-groovy-2.0.jar:na]
	at org.spockframework.runtime.BaseSpecRunner.doRunSpec(BaseSpecRunner.java:112) [spock-core-0.7-groovy-2.0.jar:na]
	at sun.reflect.GeneratedMethodAccessor11.invoke(Unknown Source) ~[na:na]
	at sun.reflect.DelegatingMethodAccessorImpl.invoke(DelegatingMethodAccessorImpl.java:25) ~[na:1.6.0_38]
	at java.lang.reflect.Method.invoke(Method.java:597) ~[na:1.6.0_38]
	at org.spockframework.util.ReflectionUtil.invokeMethod(ReflectionUtil.java:138) [spock-core-0.7-groovy-2.0.jar:na]
	at org.spockframework.runtime.BaseSpecRunner.invokeRaw(BaseSpecRunner.java:330) [spock-core-0.7-groovy-2.0.jar:na]
	at org.spockframework.runtime.BaseSpecRunner.invoke(BaseSpecRunner.java:311) [spock-core-0.7-groovy-2.0.jar:na]
	at org.spockframework.runtime.BaseSpecRunner.runSpec(BaseSpecRunner.java:91) [spock-core-0.7-groovy-2.0.jar:na]
	at org.spockframework.runtime.BaseSpecRunner.run(BaseSpecRunner.java:82) [spock-core-0.7-groovy-2.0.jar:na]
	at org.spockframework.runtime.Sputnik.run(Sputnik.java:63) [spock-core-0.7-groovy-2.0.jar:na]
	at org.apache.maven.surefire.junit4.JUnit4TestSet.execute(JUnit4TestSet.java:53) [surefire-junit4-2.10.jar:2.10]
	at org.apache.maven.surefire.junit4.JUnit4Provider.executeTestSet(JUnit4Provider.java:123) [surefire-junit4-2.10.jar:2.10]
	at org.apache.maven.surefire.junit4.JUnit4Provider.invoke(JUnit4Provider.java:104) [surefire-junit4-2.10.jar:2.10]
	at sun.reflect.NativeMethodAccessorImpl.invoke0(Native Method) ~[na:1.6.0_38]
	at sun.reflect.NativeMethodAccessorImpl.invoke(NativeMethodAccessorImpl.java:39) ~[na:1.6.0_38]
	at sun.reflect.DelegatingMethodAccessorImpl.invoke(DelegatingMethodAccessorImpl.java:25) ~[na:1.6.0_38]
	at java.lang.reflect.Method.invoke(Method.java:597) ~[na:1.6.0_38]
	at org.apache.maven.surefire.util.ReflectionUtils.invokeMethodWithArray(ReflectionUtils.java:164) [surefire-api-2.10.jar:2.10]
	at org.apache.maven.surefire.booter.ProviderFactory$ProviderProxy.invoke(ProviderFactory.java:110) [surefire-booter-2.10.jar:2.10]
	at org.apache.maven.surefire.booter.SurefireStarter.invokeProvider(SurefireStarter.java:175) [surefire-booter-2.10.jar:2.10]
	at org.apache.maven.surefire.booter.SurefireStarter.runSuitesInProcessWhenForked(SurefireStarter.java:107) [surefire-booter-2.10.jar:2.10]
	at org.apache.maven.surefire.booter.ForkedBooter.main(ForkedBooter.java:68) [surefire-booter-2.10.jar:2.10]
22:04:44.555 [main] WARN  o.s.c.a.CommonAnnotationBeanPostProcessor - Invocation of destroy method failed on bean with name &apos;coreTicketOnetimeSyncJob&apos;: com.rackspace.search.exception.NotFoundException: Index is missing
22:04:44.556 [main] INFO  org.elasticsearch.node - [ticket.node] {0.90.2}[25471]: stopping ...
22:04:44.624 [main] INFO  org.elasticsearch.node - [ticket.node] {0.90.2}[25471]: stopped
22:04:44.624 [main] INFO  org.elasticsearch.node - [ticket.node] {0.90.2}[25471]: closing ...
22:04:44.636 [main] INFO  org.elasticsearch.node - [ticket.node] {0.90.2}[25471]: closed
22:04:44.647 [main] ERROR o.s.test.context.TestContextManager - Caught exception while allowing TestExecutionListener [org.springframework.test.context.support.DependencyInjectionTestExecutionListener@62a16977] to prepare test instance [com.rackspace.search.service.TicketSearchServiceTest@1fa76740]
java.lang.IllegalStateException: Failed to load ApplicationContext
	at org.springframework.test.context.TestContext.getApplicationContext(TestContext.java:308) ~[spring-test-3.0.6.RELEASE.jar:3.0.6.RELEASE]
	at org.springframework.test.context.support.DependencyInjectionTestExecutionListener.injectDependencies(DependencyInjectionTestExecutionListener.java:109) ~[spring-test-3.0.6.RELEASE.jar:3.0.6.RELEASE]
	at org.springframework.test.context.support.DependencyInjectionTestExecutionListener.prepareTestInstance(DependencyInjectionTestExecutionListener.java:75) ~[spring-test-3.0.6.RELEASE.jar:3.0.6.RELEASE]
	at org.springframework.test.context.TestContextManager.prepareTestInstance(TestContextManager.java:321) ~[spring-test-3.0.6.RELEASE.jar:3.0.6.RELEASE]
	at org.spockframework.spring.SpringTestContextManager.prepareTestInstance(SpringTestContextManager.java:49) [spock-spring-0.7-groovy-2.0.jar:na]
	at org.spockframework.spring.SpringInterceptor.interceptSetupMethod(SpringInterceptor.java:42) [spock-spring-0.7-groovy-2.0.jar:na]
	at org.spockframework.runtime.extension.AbstractMethodInterceptor.intercept(AbstractMethodInterceptor.java:28) [spock-core-0.7-groovy-2.0.jar:na]
	at org.spockframework.runtime.extension.MethodInvocation.proceed(MethodInvocation.java:84) [spock-core-0.7-groovy-2.0.jar:na]
	at org.spockframework.runtime.BaseSpecRunner.invoke(BaseSpecRunner.java:319) [spock-core-0.7-groovy-2.0.jar:na]
	at org.spockframework.runtime.BaseSpecRunner.invokeSetup(BaseSpecRunner.java:279) [spock-core-0.7-groovy-2.0.jar:na]
	at org.spockframework.runtime.BaseSpecRunner.doRunIteration(BaseSpecRunner.java:255) [spock-core-0.7-groovy-2.0.jar:na]
	at sun.reflect.GeneratedMethodAccessor5.invoke(Unknown Source) ~[na:na]
	at sun.reflect.DelegatingMethodAccessorImpl.invoke(DelegatingMethodAccessorImpl.java:25) ~[na:1.6.0_38]
	at java.lang.reflect.Method.invoke(Method.java:597) ~[na:1.6.0_38]
	at org.spockframework.util.ReflectionUtil.invokeMethod(ReflectionUtil.java:138) [spock-core-0.7-groovy-2.0.jar:na]
	at org.spockframework.runtime.BaseSpecRunner.invokeRaw(BaseSpecRunner.java:330) [spock-core-0.7-groovy-2.0.jar:na]
	at org.spockframework.runtime.BaseSpecRunner.invoke(BaseSpecRunner.java:311) [spock-core-0.7-groovy-2.0.jar:na]
	at org.spockframework.runtime.BaseSpecRunner.runIteration(BaseSpecRunner.java:223) [spock-core-0.7-groovy-2.0.jar:na]
	at org.spockframework.runtime.BaseSpecRunner.initializeAndRunIteration(BaseSpecRunner.java:214) [spock-core-0.7-groovy-2.0.jar:na]
	at org.spockframework.runtime.BaseSpecRunner.runSimpleFeature(BaseSpecRunner.java:205) [spock-core-0.7-groovy-2.0.jar:na]
	at org.spockframework.runtime.BaseSpecRunner.doRunFeature(BaseSpecRunner.java:199) [spock-core-0.7-groovy-2.0.jar:na]
	at sun.reflect.GeneratedMethodAccessor7.invoke(Unknown Source) ~[na:na]
	at sun.reflect.DelegatingMethodAccessorImpl.invoke(DelegatingMethodAccessorImpl.java:25) ~[na:1.6.0_38]
	at java.lang.reflect.Method.invoke(Method.java:597) ~[na:1.6.0_38]
	at org.spockframework.util.ReflectionUtil.invokeMethod(ReflectionUtil.java:138) [spock-core-0.7-groovy-2.0.jar:na]
	at org.spockframework.runtime.BaseSpecRunner.invokeRaw(BaseSpecRunner.java:330) [spock-core-0.7-groovy-2.0.jar:na]
	at org.spockframework.runtime.BaseSpecRunner.invoke(BaseSpecRunner.java:311) [spock-core-0.7-groovy-2.0.jar:na]
	at org.spockframework.runtime.BaseSpecRunner.runFeature(BaseSpecRunner.java:175) [spock-core-0.7-groovy-2.0.jar:na]
	at org.spockframework.runtime.BaseSpecRunner.runFeatures(BaseSpecRunner.java:152) [spock-core-0.7-groovy-2.0.jar:na]
	at org.spockframework.runtime.BaseSpecRunner.doRunSpec(BaseSpecRunner.java:112) [spock-core-0.7-groovy-2.0.jar:na]
	at sun.reflect.GeneratedMethodAccessor11.invoke(Unknown Source) ~[na:na]
	at sun.reflect.DelegatingMethodAccessorImpl.invoke(DelegatingMethodAccessorImpl.java:25) ~[na:1.6.0_38]
	at java.lang.reflect.Method.invoke(Method.java:597) ~[na:1.6.0_38]
	at org.spockframework.util.ReflectionUtil.invokeMethod(ReflectionUtil.java:138) [spock-core-0.7-groovy-2.0.jar:na]
	at org.spockframework.runtime.BaseSpecRunner.invokeRaw(BaseSpecRunner.java:330) [spock-core-0.7-groovy-2.0.jar:na]
	at org.spockframework.runtime.BaseSpecRunner.invoke(BaseSpecRunner.java:311) [spock-core-0.7-groovy-2.0.jar:na]
	at org.spockframework.runtime.BaseSpecRunner.runSpec(BaseSpecRunner.java:91) [spock-core-0.7-groovy-2.0.jar:na]
	at org.spockframework.runtime.BaseSpecRunner.run(BaseSpecRunner.java:82) [spock-core-0.7-groovy-2.0.jar:na]
	at org.spockframework.runtime.Sputnik.run(Sputnik.java:63) [spock-core-0.7-groovy-2.0.jar:na]
	at org.apache.maven.surefire.junit4.JUnit4TestSet.execute(JUnit4TestSet.java:53) [surefire-junit4-2.10.jar:2.10]
	at org.apache.maven.surefire.junit4.JUnit4Provider.executeTestSet(JUnit4Provider.java:123) [surefire-junit4-2.10.jar:2.10]
	at org.apache.maven.surefire.junit4.JUnit4Provider.invoke(JUnit4Provider.java:104) [surefire-junit4-2.10.jar:2.10]
	at sun.reflect.NativeMethodAccessorImpl.invoke0(Native Method) ~[na:1.6.0_38]
	at sun.reflect.NativeMethodAccessorImpl.invoke(NativeMethodAccessorImpl.java:39) ~[na:1.6.0_38]
	at sun.reflect.DelegatingMethodAccessorImpl.invoke(DelegatingMethodAccessorImpl.java:25) ~[na:1.6.0_38]
	at java.lang.reflect.Method.invoke(Method.java:597) ~[na:1.6.0_38]
	at org.apache.maven.surefire.util.ReflectionUtils.invokeMethodWithArray(ReflectionUtils.java:164) [surefire-api-2.10.jar:2.10]
	at org.apache.maven.surefire.booter.ProviderFactory$ProviderProxy.invoke(ProviderFactory.java:110) [surefire-booter-2.10.jar:2.10]
	at org.apache.maven.surefire.booter.SurefireStarter.invokeProvider(SurefireStarter.java:175) [surefire-booter-2.10.jar:2.10]
	at org.apache.maven.surefire.booter.SurefireStarter.runSuitesInProcessWhenForked(SurefireStarter.java:107) [surefire-booter-2.10.jar:2.10]
	at org.apache.maven.surefire.booter.ForkedBooter.main(ForkedBooter.java:68) [surefire-booter-2.10.jar:2.10]
Caused by: org.springframework.beans.factory.BeanCreationException: Error creating bean with name &apos;jobResource&apos;: Injection of autowired dependencies failed; nested exception is org.springframework.beans.factory.BeanCreationException: Could not autowire field: private com.rackspace.search.service.zendesk.ZendeskTicketOngoingSyncJob com.rackspace.search.endpoint.JobResource.zendeskTicketOngoingSyncJob; nested exception is org.springframework.beans.factory.BeanCreationException: Error creating bean with name &apos;zendeskTicketOngoingSyncJob&apos;: Injection of autowired dependencies failed; nested exception is org.springframework.beans.factory.BeanCreationException: Could not autowire field: private com.rackspace.search.service.zendesk.ZendeskTicketOngoingSyncActor com.rackspace.search.service.zendesk.ZendeskTicketOngoingSyncJob.ticketActor; nested exception is org.springframework.beans.factory.BeanCreationException: Error creating bean with name &apos;zendeskTicketOngoingSyncActor&apos;: Injection of autowired dependencies failed; nested exception is org.springframework.beans.factory.BeanCreationException: Could not autowire field: private com.rackspace.search.service.zendesk.ZendeskTicketProcessor com.rackspace.search.service.zendesk.ZendeskTicketOngoingSyncActor.zendeskTicketProcessor; nested exception is org.springframework.beans.factory.BeanCreationException: Error creating bean with name &apos;zendeskTicketProcessor&apos;: Injection of autowired dependencies failed; nested exception is org.springframework.beans.factory.BeanCreationException: Could not autowire field: private java.lang.Object com.rackspace.search.service.zendesk.ZendeskTicketProcessor.zendeskIndexName; nested exception is java.lang.IllegalArgumentException: Could not resolve placeholder &apos;zendesk.index.name&apos;
	at org.springframework.beans.factory.annotation.AutowiredAnnotationBeanPostProcessor.postProcessPropertyValues(AutowiredAnnotationBeanPostProcessor.java:288) ~[spring-beans-3.0.6.RELEASE.jar:3.0.6.RELEASE]
	at org.springframework.beans.factory.support.AbstractAutowireCapableBeanFactory.populateBean(AbstractAutowireCapableBeanFactory.java:1074) ~[spring-beans-3.0.6.RELEASE.jar:3.0.6.RELEASE]
	at org.springframework.beans.factory.support.AbstractAutowireCapableBeanFactory.doCreateBean(AbstractAutowireCapableBeanFactory.java:517) ~[spring-beans-3.0.6.RELEASE.jar:3.0.6.RELEASE]
	at org.springframework.beans.factory.support.AbstractAutowireCapableBeanFactory.createBean(AbstractAutowireCapableBeanFactory.java:456) ~[spring-beans-3.0.6.RELEASE.jar:3.0.6.RELEASE]
	at org.springframework.beans.factory.support.AbstractBeanFactory$1.getObject(AbstractBeanFactory.java:293) ~[spring-beans-3.0.6.RELEASE.jar:3.0.6.RELEASE]
	at org.springframework.beans.factory.support.DefaultSingletonBeanRegistry.getSingleton(DefaultSingletonBeanRegistry.java:222) ~[spring-beans-3.0.6.RELEASE.jar:3.0.6.RELEASE]
	at org.springframework.beans.factory.support.AbstractBeanFactory.doGetBean(AbstractBeanFactory.java:290) ~[spring-beans-3.0.6.RELEASE.jar:3.0.6.RELEASE]
	at org.springframework.beans.factory.support.AbstractBeanFactory.getBean(AbstractBeanFactory.java:192) ~[spring-beans-3.0.6.RELEASE.jar:3.0.6.RELEASE]
	at org.springframework.beans.factory.support.DefaultListableBeanFactory.preInstantiateSingletons(DefaultListableBeanFactory.java:585) ~[spring-beans-3.0.6.RELEASE.jar:3.0.6.RELEASE]
	at org.springframework.context.support.AbstractApplicationContext.finishBeanFactoryInitialization(AbstractApplicationContext.java:895) ~[spring-context-3.0.6.RELEASE.jar:3.0.6.RELEASE]
	at org.springframework.context.support.AbstractApplicationContext.refresh(AbstractApplicationContext.java:425) ~[spring-context-3.0.6.RELEASE.jar:3.0.6.RELEASE]
	at org.springframework.test.context.support.AbstractGenericContextLoader.loadContext(AbstractGenericContextLoader.java:84) ~[spring-test-3.0.6.RELEASE.jar:3.0.6.RELEASE]
	at org.springframework.test.context.support.AbstractGenericContextLoader.loadContext(AbstractGenericContextLoader.java:1) ~[spring-test-3.0.6.RELEASE.jar:3.0.6.RELEASE]
	at org.springframework.test.context.TestContext.loadApplicationContext(TestContext.java:280) ~[spring-test-3.0.6.RELEASE.jar:3.0.6.RELEASE]
	at org.springframework.test.context.TestContext.getApplicationContext(TestContext.java:304) ~[spring-test-3.0.6.RELEASE.jar:3.0.6.RELEASE]
	... 50 common frames omitted
Caused by: org.springframework.beans.factory.BeanCreationException: Could not autowire field: private com.rackspace.search.service.zendesk.ZendeskTicketOngoingSyncJob com.rackspace.search.endpoint.JobResource.zendeskTicketOngoingSyncJob; nested exception is org.springframework.beans.factory.BeanCreationException: Error creating bean with name &apos;zendeskTicketOngoingSyncJob&apos;: Injection of autowired dependencies failed; nested exception is org.springframework.beans.factory.BeanCreationException: Could not autowire field: private com.rackspace.search.service.zendesk.ZendeskTicketOngoingSyncActor com.rackspace.search.service.zendesk.ZendeskTicketOngoingSyncJob.ticketActor; nested exception is org.springframework.beans.factory.BeanCreationException: Error creating bean with name &apos;zendeskTicketOngoingSyncActor&apos;: Injection of autowired dependencies failed; nested exception is org.springframework.beans.factory.BeanCreationException: Could not autowire field: private com.rackspace.search.service.zendesk.ZendeskTicketProcessor com.rackspace.search.service.zendesk.ZendeskTicketOngoingSyncActor.zendeskTicketProcessor; nested exception is org.springframework.beans.factory.BeanCreationException: Error creating bean with name &apos;zendeskTicketProcessor&apos;: Injection of autowired dependencies failed; nested exception is org.springframework.beans.factory.BeanCreationException: Could not autowire field: private java.lang.Object com.rackspace.search.service.zendesk.ZendeskTicketProcessor.zendeskIndexName; nested exception is java.lang.IllegalArgumentException: Could not resolve placeholder &apos;zendesk.index.name&apos;
	at org.springframework.beans.factory.annotation.AutowiredAnnotationBeanPostProcessor$AutowiredFieldElement.inject(AutowiredAnnotationBeanPostProcessor.java:508) ~[spring-beans-3.0.6.RELEASE.jar:3.0.6.RELEASE]
	at org.springframework.beans.factory.annotation.InjectionMetadata.inject(InjectionMetadata.java:84) ~[spring-beans-3.0.6.RELEASE.jar:3.0.6.RELEASE]
	at org.springframework.beans.factory.annotation.AutowiredAnnotationBeanPostProcessor.postProcessPropertyValues(AutowiredAnnotationBeanPostProcessor.java:285) ~[spring-beans-3.0.6.RELEASE.jar:3.0.6.RELEASE]
	... 64 common frames omitted
Caused by: org.springframework.beans.factory.BeanCreationException: Error creating bean with name &apos;zendeskTicketOngoingSyncJob&apos;: Injection of autowired dependencies failed; nested exception is org.springframework.beans.factory.BeanCreationException: Could not autowire field: private com.rackspace.search.service.zendesk.ZendeskTicketOngoingSyncActor com.rackspace.search.service.zendesk.ZendeskTicketOngoingSyncJob.ticketActor; nested exception is org.springframework.beans.factory.BeanCreationException: Error creating bean with name &apos;zendeskTicketOngoingSyncActor&apos;: Injection of autowired dependencies failed; nested exception is org.springframework.beans.factory.BeanCreationException: Could not autowire field: private com.rackspace.search.service.zendesk.ZendeskTicketProcessor com.rackspace.search.service.zendesk.ZendeskTicketOngoingSyncActor.zendeskTicketProcessor; nested exception is org.springframework.beans.factory.BeanCreationException: Error creating bean with name &apos;zendeskTicketProcessor&apos;: Injection of autowired dependencies failed; nested exception is org.springframework.beans.factory.BeanCreationException: Could not autowire field: private java.lang.Object com.rackspace.search.service.zendesk.ZendeskTicketProcessor.zendeskIndexName; nested exception is java.lang.IllegalArgumentException: Could not resolve placeholder &apos;zendesk.index.name&apos;
	at org.springframework.beans.factory.annotation.AutowiredAnnotationBeanPostProcessor.postProcessPropertyValues(AutowiredAnnotationBeanPostProcessor.java:288) ~[spring-beans-3.0.6.RELEASE.jar:3.0.6.RELEASE]
	at org.springframework.beans.factory.support.AbstractAutowireCapableBeanFactory.populateBean(AbstractAutowireCapableBeanFactory.java:1074) ~[spring-beans-3.0.6.RELEASE.jar:3.0.6.RELEASE]
	at org.springframework.beans.factory.support.AbstractAutowireCapableBeanFactory.doCreateBean(AbstractAutowireCapableBeanFactory.java:517) ~[spring-beans-3.0.6.RELEASE.jar:3.0.6.RELEASE]
	at org.springframework.beans.factory.support.AbstractAutowireCapableBeanFactory.createBean(AbstractAutowireCapableBeanFactory.java:456) ~[spring-beans-3.0.6.RELEASE.jar:3.0.6.RELEASE]
	at org.springframework.beans.factory.support.AbstractBeanFactory$1.getObject(AbstractBeanFactory.java:293) ~[spring-beans-3.0.6.RELEASE.jar:3.0.6.RELEASE]
	at org.springframework.beans.factory.support.DefaultSingletonBeanRegistry.getSingleton(DefaultSingletonBeanRegistry.java:222) ~[spring-beans-3.0.6.RELEASE.jar:3.0.6.RELEASE]
	at org.springframework.beans.factory.support.AbstractBeanFactory.doGetBean(AbstractBeanFactory.java:290) ~[spring-beans-3.0.6.RELEASE.jar:3.0.6.RELEASE]
	at org.springframework.beans.factory.support.AbstractBeanFactory.getBean(AbstractBeanFactory.java:192) ~[spring-beans-3.0.6.RELEASE.jar:3.0.6.RELEASE]
	at org.springframework.beans.factory.support.DefaultListableBeanFactory.findAutowireCandidates(DefaultListableBeanFactory.java:848) ~[spring-beans-3.0.6.RELEASE.jar:3.0.6.RELEASE]
	at org.springframework.beans.factory.support.DefaultListableBeanFactory.doResolveDependency(DefaultListableBeanFactory.java:790) ~[spring-beans-3.0.6.RELEASE.jar:3.0.6.RELEASE]
	at org.springframework.beans.factory.support.DefaultListableBeanFactory.resolveDependency(DefaultListableBeanFactory.java:707) ~[spring-beans-3.0.6.RELEASE.jar:3.0.6.RELEASE]
	at org.springframework.beans.factory.annotation.AutowiredAnnotationBeanPostProcessor$AutowiredFieldElement.inject(AutowiredAnnotationBeanPostProcessor.java:480) ~[spring-beans-3.0.6.RELEASE.jar:3.0.6.RELEASE]
	... 66 common frames omitted
Caused by: org.springframework.beans.factory.BeanCreationException: Could not autowire field: private com.rackspace.search.service.zendesk.ZendeskTicketOngoingSyncActor com.rackspace.search.service.zendesk.ZendeskTicketOngoingSyncJob.ticketActor; nested exception is org.springframework.beans.factory.BeanCreationException: Error creating bean with name &apos;zendeskTicketOngoingSyncActor&apos;: Injection of autowired dependencies failed; nested exception is org.springframework.beans.factory.BeanCreationException: Could not autowire field: private com.rackspace.search.service.zendesk.ZendeskTicketProcessor com.rackspace.search.service.zendesk.ZendeskTicketOngoingSyncActor.zendeskTicketProcessor; nested exception is org.springframework.beans.factory.BeanCreationException: Error creating bean with name &apos;zendeskTicketProcessor&apos;: Injection of autowired dependencies failed; nested exception is org.springframework.beans.factory.BeanCreationException: Could not autowire field: private java.lang.Object com.rackspace.search.service.zendesk.ZendeskTicketProcessor.zendeskIndexName; nested exception is java.lang.IllegalArgumentException: Could not resolve placeholder &apos;zendesk.index.name&apos;
	at org.springframework.beans.factory.annotation.AutowiredAnnotationBeanPostProcessor$AutowiredFieldElement.inject(AutowiredAnnotationBeanPostProcessor.java:508) ~[spring-beans-3.0.6.RELEASE.jar:3.0.6.RELEASE]
	at org.springframework.beans.factory.annotation.InjectionMetadata.inject(InjectionMetadata.java:84) ~[spring-beans-3.0.6.RELEASE.jar:3.0.6.RELEASE]
	at org.springframework.beans.factory.annotation.AutowiredAnnotationBeanPostProcessor.postProcessPropertyValues(AutowiredAnnotationBeanPostProcessor.java:285) ~[spring-beans-3.0.6.RELEASE.jar:3.0.6.RELEASE]
	... 77 common frames omitted
Caused by: org.springframework.beans.factory.BeanCreationException: Error creating bean with name &apos;zendeskTicketOngoingSyncActor&apos;: Injection of autowired dependencies failed; nested exception is org.springframework.beans.factory.BeanCreationException: Could not autowire field: private com.rackspace.search.service.zendesk.ZendeskTicketProcessor com.rackspace.search.service.zendesk.ZendeskTicketOngoingSyncActor.zendeskTicketProcessor; nested exception is org.springframework.beans.factory.BeanCreationException: Error creating bean with name &apos;zendeskTicketProcessor&apos;: Injection of autowired dependencies failed; nested exception is org.springframework.beans.factory.BeanCreationException: Could not autowire field: private java.lang.Object com.rackspace.search.service.zendesk.ZendeskTicketProcessor.zendeskIndexName; nested exception is java.lang.IllegalArgumentException: Could not resolve placeholder &apos;zendesk.index.name&apos;
	at org.springframework.beans.factory.annotation.AutowiredAnnotationBeanPostProcessor.postProcessPropertyValues(AutowiredAnnotationBeanPostProcessor.java:288) ~[spring-beans-3.0.6.RELEASE.jar:3.0.6.RELEASE]
	at org.springframework.beans.factory.support.AbstractAutowireCapableBeanFactory.populateBean(AbstractAutowireCapableBeanFactory.java:1074) ~[spring-beans-3.0.6.RELEASE.jar:3.0.6.RELEASE]
	at org.springframework.beans.factory.support.AbstractAutowireCapableBeanFactory.doCreateBean(AbstractAutowireCapableBeanFactory.java:517) ~[spring-beans-3.0.6.RELEASE.jar:3.0.6.RELEASE]
	at org.springframework.beans.factory.support.AbstractAutowireCapableBeanFactory.createBean(AbstractAutowireCapableBeanFactory.java:456) ~[spring-beans-3.0.6.RELEASE.jar:3.0.6.RELEASE]
	at org.springframework.beans.factory.support.AbstractBeanFactory$1.getObject(AbstractBeanFactory.java:293) ~[spring-beans-3.0.6.RELEASE.jar:3.0.6.RELEASE]
	at org.springframework.beans.factory.support.DefaultSingletonBeanRegistry.getSingleton(DefaultSingletonBeanRegistry.java:222) ~[spring-beans-3.0.6.RELEASE.jar:3.0.6.RELEASE]
	at org.springframework.beans.factory.support.AbstractBeanFactory.doGetBean(AbstractBeanFactory.java:290) ~[spring-beans-3.0.6.RELEASE.jar:3.0.6.RELEASE]
	at org.springframework.beans.factory.support.AbstractBeanFactory.getBean(AbstractBeanFactory.java:192) ~[spring-beans-3.0.6.RELEASE.jar:3.0.6.RELEASE]
	at org.springframework.beans.factory.support.DefaultListableBeanFactory.findAutowireCandidates(DefaultListableBeanFactory.java:848) ~[spring-beans-3.0.6.RELEASE.jar:3.0.6.RELEASE]
	at org.springframework.beans.factory.support.DefaultListableBeanFactory.doResolveDependency(DefaultListableBeanFactory.java:790) ~[spring-beans-3.0.6.RELEASE.jar:3.0.6.RELEASE]
	at org.springframework.beans.factory.support.DefaultListableBeanFactory.resolveDependency(DefaultListableBeanFactory.java:707) ~[spring-beans-3.0.6.RELEASE.jar:3.0.6.RELEASE]
	at org.springframework.beans.factory.annotation.AutowiredAnnotationBeanPostProcessor$AutowiredFieldElement.inject(AutowiredAnnotationBeanPostProcessor.java:480) ~[spring-beans-3.0.6.RELEASE.jar:3.0.6.RELEASE]
	... 79 common frames omitted
Caused by: org.springframework.beans.factory.BeanCreationException: Could not autowire field: private com.rackspace.search.service.zendesk.ZendeskTicketProcessor com.rackspace.search.service.zendesk.ZendeskTicketOngoingSyncActor.zendeskTicketProcessor; nested exception is org.springframework.beans.factory.BeanCreationException: Error creating bean with name &apos;zendeskTicketProcessor&apos;: Injection of autowired dependencies failed; nested exception is org.springframework.beans.factory.BeanCreationException: Could not autowire field: private java.lang.Object com.rackspace.search.service.zendesk.ZendeskTicketProcessor.zendeskIndexName; nested exception is java.lang.IllegalArgumentException: Could not resolve placeholder &apos;zendesk.index.name&apos;
	at org.springframework.beans.factory.annotation.AutowiredAnnotationBeanPostProcessor$AutowiredFieldElement.inject(AutowiredAnnotationBeanPostProcessor.java:508) ~[spring-beans-3.0.6.RELEASE.jar:3.0.6.RELEASE]
	at org.springframework.beans.factory.annotation.InjectionMetadata.inject(InjectionMetadata.java:84) ~[spring-beans-3.0.6.RELEASE.jar:3.0.6.RELEASE]
	at org.springframework.beans.factory.annotation.AutowiredAnnotationBeanPostProcessor.postProcessPropertyValues(AutowiredAnnotationBeanPostProcessor.java:285) ~[spring-beans-3.0.6.RELEASE.jar:3.0.6.RELEASE]
	... 90 common frames omitted
Caused by: org.springframework.beans.factory.BeanCreationException: Error creating bean with name &apos;zendeskTicketProcessor&apos;: Injection of autowired dependencies failed; nested exception is org.springframework.beans.factory.BeanCreationException: Could not autowire field: private java.lang.Object com.rackspace.search.service.zendesk.ZendeskTicketProcessor.zendeskIndexName; nested exception is java.lang.IllegalArgumentException: Could not resolve placeholder &apos;zendesk.index.name&apos;
	at org.springframework.beans.factory.annotation.AutowiredAnnotationBeanPostProcessor.postProcessPropertyValues(AutowiredAnnotationBeanPostProcessor.java:288) ~[spring-beans-3.0.6.RELEASE.jar:3.0.6.RELEASE]
	at org.springframework.beans.factory.support.AbstractAutowireCapableBeanFactory.populateBean(AbstractAutowireCapableBeanFactory.java:1074) ~[spring-beans-3.0.6.RELEASE.jar:3.0.6.RELEASE]
	at org.springframework.beans.factory.support.AbstractAutowireCapableBeanFactory.doCreateBean(AbstractAutowireCapableBeanFactory.java:517) ~[spring-beans-3.0.6.RELEASE.jar:3.0.6.RELEASE]
	at org.springframework.beans.factory.support.AbstractAutowireCapableBeanFactory.createBean(AbstractAutowireCapableBeanFactory.java:456) ~[spring-beans-3.0.6.RELEASE.jar:3.0.6.RELEASE]
	at org.springframework.beans.factory.support.AbstractBeanFactory$1.getObject(AbstractBeanFactory.java:293) ~[spring-beans-3.0.6.RELEASE.jar:3.0.6.RELEASE]
	at org.springframework.beans.factory.support.DefaultSingletonBeanRegistry.getSingleton(DefaultSingletonBeanRegistry.java:222) ~[spring-beans-3.0.6.RELEASE.jar:3.0.6.RELEASE]
	at org.springframework.beans.factory.support.AbstractBeanFactory.doGetBean(AbstractBeanFactory.java:290) ~[spring-beans-3.0.6.RELEASE.jar:3.0.6.RELEASE]
	at org.springframework.beans.factory.support.AbstractBeanFactory.getBean(AbstractBeanFactory.java:192) ~[spring-beans-3.0.6.RELEASE.jar:3.0.6.RELEASE]
	at org.springframework.beans.factory.support.DefaultListableBeanFactory.findAutowireCandidates(DefaultListableBeanFactory.java:848) ~[spring-beans-3.0.6.RELEASE.jar:3.0.6.RELEASE]
	at org.springframework.beans.factory.support.DefaultListableBeanFactory.doResolveDependency(DefaultListableBeanFactory.java:790) ~[spring-beans-3.0.6.RELEASE.jar:3.0.6.RELEASE]
	at org.springframework.beans.factory.support.DefaultListableBeanFactory.resolveDependency(DefaultListableBeanFactory.java:707) ~[spring-beans-3.0.6.RELEASE.jar:3.0.6.RELEASE]
	at org.springframework.beans.factory.annotation.AutowiredAnnotationBeanPostProcessor$AutowiredFieldElement.inject(AutowiredAnnotationBeanPostProcessor.java:480) ~[spring-beans-3.0.6.RELEASE.jar:3.0.6.RELEASE]
	... 92 common frames omitted
Caused by: org.springframework.beans.factory.BeanCreationException: Could not autowire field: private java.lang.Object com.rackspace.search.service.zendesk.ZendeskTicketProcessor.zendeskIndexName; nested exception is java.lang.IllegalArgumentException: Could not resolve placeholder &apos;zendesk.index.name&apos;
	at org.springframework.beans.factory.annotation.AutowiredAnnotationBeanPostProcessor$AutowiredFieldElement.inject(AutowiredAnnotationBeanPostProcessor.java:508) ~[spring-beans-3.0.6.RELEASE.jar:3.0.6.RELEASE]
	at org.springframework.beans.factory.annotation.InjectionMetadata.inject(InjectionMetadata.java:84) ~[spring-beans-3.0.6.RELEASE.jar:3.0.6.RELEASE]
	at org.springframework.beans.factory.annotation.AutowiredAnnotationBeanPostProcessor.postProcessPropertyValues(AutowiredAnnotationBeanPostProcessor.java:285) ~[spring-beans-3.0.6.RELEASE.jar:3.0.6.RELEASE]
	... 103 common frames omitted
Caused by: java.lang.IllegalArgumentException: Could not resolve placeholder &apos;zendesk.index.name&apos;
	at org.springframework.util.PropertyPlaceholderHelper.parseStringValue(PropertyPlaceholderHelper.java:173) ~[spring-core-3.0.6.RELEASE.jar:3.0.6.RELEASE]
	at org.springframework.util.PropertyPlaceholderHelper.replacePlaceholders(PropertyPlaceholderHelper.java:125) ~[spring-core-3.0.6.RELEASE.jar:3.0.6.RELEASE]
	at org.springframework.beans.factory.config.PropertyPlaceholderConfigurer$PlaceholderResolvingStringValueResolver.resolveStringValue(PropertyPlaceholderConfigurer.java:403) ~[spring-beans-3.0.6.RELEASE.jar:3.0.6.RELEASE]
	at org.springframework.beans.factory.support.AbstractBeanFactory.resolveEmbeddedValue(AbstractBeanFactory.java:747) ~[spring-beans-3.0.6.RELEASE.jar:3.0.6.RELEASE]
	at org.springframework.beans.factory.support.DefaultListableBeanFactory.doResolveDependency(DefaultListableBeanFactory.java:717) ~[spring-beans-3.0.6.RELEASE.jar:3.0.6.RELEASE]
	at org.springframework.beans.factory.support.DefaultListableBeanFactory.resolveDependency(DefaultListableBeanFactory.java:707) ~[spring-beans-3.0.6.RELEASE.jar:3.0.6.RELEASE]
	at org.springframework.beans.factory.annotation.AutowiredAnnotationBeanPostProcessor$AutowiredFieldElement.inject(AutowiredAnnotationBeanPostProcessor.java:480) ~[spring-beans-3.0.6.RELEASE.jar:3.0.6.RELEASE]
	... 105 common frames omitted
</stdout>
          <stderr>Exception in thread &quot;Timer-22&quot; org.elasticsearch.common.util.concurrent.EsRejectedExecutionException: rejected execution of [org.elasticsearch.action.support.master.TransportMasterNodeOperationAction$2]
	at org.elasticsearch.common.util.concurrent.EsAbortPolicy.rejectedExecution(EsAbortPolicy.java:35)
	at java.util.concurrent.ThreadPoolExecutor.reject(ThreadPoolExecutor.java:767)
	at java.util.concurrent.ThreadPoolExecutor.execute(ThreadPoolExecutor.java:658)
	at org.elasticsearch.action.support.master.TransportMasterNodeOperationAction.innerExecute(TransportMasterNodeOperationAction.java:132)
	at org.elasticsearch.action.support.master.TransportMasterNodeOperationAction.doExecute(TransportMasterNodeOperationAction.java:86)
	at org.elasticsearch.action.support.master.TransportMasterNodeOperationAction.doExecute(TransportMasterNodeOperationAction.java:42)
	at org.elasticsearch.action.support.TransportAction.execute(TransportAction.java:61)
	at org.elasticsearch.client.node.NodeClusterAdminClient.execute(NodeClusterAdminClient.java:72)
	at org.elasticsearch.client.support.AbstractClusterAdminClient.health(AbstractClusterAdminClient.java:83)
	at org.elasticsearch.action.admin.cluster.health.ClusterHealthRequestBuilder.doExecute(ClusterHealthRequestBuilder.java:98)
	at org.elasticsearch.action.ActionRequestBuilder.execute(ActionRequestBuilder.java:62)
	at org.elasticsearch.action.ActionRequestBuilder.execute(ActionRequestBuilder.java:57)
	at org.elasticsearch.action.ActionRequestBuilder$execute.call(Unknown Source)
	at com.rackspace.search.elasticsearch.ElasticSearchServer.getHealthInformation(ElasticSearchServer.groovy:55)
	at com.rackspace.search.elasticsearch.ElasticSearchServer.getHealthStatus(ElasticSearchServer.groovy:51)
	at com.rackspace.search.elasticsearch.ElasticSearchServer.waitForYellowStatus(ElasticSearchServer.groovy:69)
	at com.rackspace.search.elasticsearch.ElasticSearchServer$waitForYellowStatus.call(Unknown Source)
	at com.rackspace.search.service.core.CoreTicketOngoingSyncJob.setupJob(CoreTicketOnGoingSyncJob.groovy:89)
	at sun.reflect.NativeMethodAccessorImpl.invoke0(Native Method)
	at sun.reflect.NativeMethodAccessorImpl.invoke(NativeMethodAccessorImpl.java:39)
	at sun.reflect.DelegatingMethodAccessorImpl.invoke(DelegatingMethodAccessorImpl.java:25)
	at java.lang.reflect.Method.invoke(Method.java:597)
	at org.codehaus.groovy.reflection.CachedMethod.invoke(CachedMethod.java:90)
	at groovy.lang.MetaMethod.doMethodInvoke(MetaMethod.java:233)
	at groovy.lang.MetaClassImpl.invokeMethod(MetaClassImpl.java:1085)
	at org.codehaus.groovy.runtime.ScriptBytecodeAdapter.invokeMethodOnCurrentN(ScriptBytecodeAdapter.java:78)
	at com.rackspace.search.service.core.CoreTicketOngoingSyncJob.this$dist$invoke$1(CoreTicketOnGoingSyncJob.groovy)
	at com.rackspace.search.service.core.CoreTicketOngoingSyncJob$1.methodMissing(CoreTicketOnGoingSyncJob.groovy)
	at sun.reflect.NativeMethodAccessorImpl.invoke0(Native Method)
	at sun.reflect.NativeMethodAccessorImpl.invoke(NativeMethodAccessorImpl.java:39)
	at sun.reflect.DelegatingMethodAccessorImpl.invoke(DelegatingMethodAccessorImpl.java:25)
	at java.lang.reflect.Method.invoke(Method.java:597)
	at org.codehaus.groovy.reflection.CachedMethod.invoke(CachedMethod.java:90)
	at groovy.lang.MetaClassImpl.invokeMissingMethod(MetaClassImpl.java:837)
	at groovy.lang.MetaClassImpl.invokePropertyOrMissing(MetaClassImpl.java:1134)
	at groovy.lang.MetaClassImpl.invokeMethod(MetaClassImpl.java:1087)
	at groovy.lang.MetaClassImpl.invokeMethod(MetaClassImpl.java:909)
	at org.codehaus.groovy.runtime.callsite.PogoMetaClassSite.callCurrent(PogoMetaClassSite.java:66)
	at org.codehaus.groovy.runtime.callsite.AbstractCallSite.callCurrent(AbstractCallSite.java:137)
	at com.rackspace.search.service.core.CoreTicketOngoingSyncJob$1.run(CoreTicketOnGoingSyncJob.groovy:72)
	at java.util.TimerThread.mainLoop(Timer.java:512)
	at java.util.TimerThread.run(Timer.java:462)
Exception in thread &quot;Timer-23&quot; org.elasticsearch.common.util.concurrent.EsRejectedExecutionException: rejected execution of [org.elasticsearch.action.support.master.TransportMasterNodeOperationAction$2]
	at org.elasticsearch.common.util.concurrent.EsAbortPolicy.rejectedExecution(EsAbortPolicy.java:35)
	at java.util.concurrent.ThreadPoolExecutor.reject(ThreadPoolExecutor.java:767)
	at java.util.concurrent.ThreadPoolExecutor.execute(ThreadPoolExecutor.java:658)
	at org.elasticsearch.action.support.master.TransportMasterNodeOperationAction.innerExecute(TransportMasterNodeOperationAction.java:132)
	at org.elasticsearch.action.support.master.TransportMasterNodeOperationAction.doExecute(TransportMasterNodeOperationAction.java:86)
	at org.elasticsearch.action.support.master.TransportMasterNodeOperationAction.doExecute(TransportMasterNodeOperationAction.java:42)
	at org.elasticsearch.action.support.TransportAction.execute(TransportAction.java:61)
	at org.elasticsearch.client.node.NodeClusterAdminClient.execute(NodeClusterAdminClient.java:72)
	at org.elasticsearch.client.support.AbstractClusterAdminClient.health(AbstractClusterAdminClient.java:83)
	at org.elasticsearch.action.admin.cluster.health.ClusterHealthRequestBuilder.doExecute(ClusterHealthRequestBuilder.java:98)
	at org.elasticsearch.action.ActionRequestBuilder.execute(ActionRequestBuilder.java:62)
	at org.elasticsearch.action.ActionRequestBuilder.execute(ActionRequestBuilder.java:57)
	at org.elasticsearch.action.ActionRequestBuilder$execute.call(Unknown Source)
	at com.rackspace.search.elasticsearch.ElasticSearchServer.getHealthInformation(ElasticSearchServer.groovy:55)
	at com.rackspace.search.elasticsearch.ElasticSearchServer.getHealthStatus(ElasticSearchServer.groovy:51)
	at com.rackspace.search.elasticsearch.ElasticSearchServer.waitForYellowStatus(ElasticSearchServer.groovy:69)
	at com.rackspace.search.elasticsearch.ElasticSearchServer$waitForYellowStatus.call(Unknown Source)
	at com.rackspace.search.service.account.AccountOngoingSyncJob.setupJob(AccountOngoingSyncJob.groovy:96)
	at sun.reflect.NativeMethodAccessorImpl.invoke0(Native Method)
	at sun.reflect.NativeMethodAccessorImpl.invoke(NativeMethodAccessorImpl.java:39)
	at sun.reflect.DelegatingMethodAccessorImpl.invoke(DelegatingMethodAccessorImpl.java:25)
	at java.lang.reflect.Method.invoke(Method.java:597)
	at org.codehaus.groovy.reflection.CachedMethod.invoke(CachedMethod.java:90)
	at groovy.lang.MetaMethod.doMethodInvoke(MetaMethod.java:233)
	at groovy.lang.MetaClassImpl.invokeMethod(MetaClassImpl.java:1085)
	at org.codehaus.groovy.runtime.ScriptBytecodeAdapter.invokeMethodOnCurrentN(ScriptBytecodeAdapter.java:78)
	at com.rackspace.search.service.account.AccountOngoingSyncJob.this$dist$invoke$1(AccountOngoingSyncJob.groovy)
	at com.rackspace.search.service.account.AccountOngoingSyncJob$1.methodMissing(AccountOngoingSyncJob.groovy)
	at sun.reflect.NativeMethodAccessorImpl.invoke0(Native Method)
	at sun.reflect.NativeMethodAccessorImpl.invoke(NativeMethodAccessorImpl.java:39)
	at sun.reflect.DelegatingMethodAccessorImpl.invoke(DelegatingMethodAccessorImpl.java:25)
	at java.lang.reflect.Method.invoke(Method.java:597)
	at org.codehaus.groovy.reflection.CachedMethod.invoke(CachedMethod.java:90)
	at groovy.lang.MetaClassImpl.invokeMissingMethod(MetaClassImpl.java:837)
	at groovy.lang.MetaClassImpl.invokePropertyOrMissing(MetaClassImpl.java:1134)
	at groovy.lang.MetaClassImpl.invokeMethod(MetaClassImpl.java:1087)
	at groovy.lang.MetaClassImpl.invokeMethod(MetaClassImpl.java:909)
	at org.codehaus.groovy.runtime.callsite.PogoMetaClassSite.callCurrent(PogoMetaClassSite.java:66)
	at org.codehaus.groovy.runtime.callsite.AbstractCallSite.callCurrent(AbstractCallSite.java:137)
	at com.rackspace.search.service.account.AccountOngoingSyncJob$1.run(AccountOngoingSyncJob.groovy:78)
	at java.util.TimerThread.mainLoop(Timer.java:512)
	at java.util.TimerThread.run(Timer.java:462)
Exception in thread &quot;Timer-24&quot; org.elasticsearch.common.util.concurrent.EsRejectedExecutionException: rejected execution of [org.elasticsearch.action.support.master.TransportMasterNodeOperationAction$2]
	at org.elasticsearch.common.util.concurrent.EsAbortPolicy.rejectedExecution(EsAbortPolicy.java:35)
	at java.util.concurrent.ThreadPoolExecutor.reject(ThreadPoolExecutor.java:767)
	at java.util.concurrent.ThreadPoolExecutor.execute(ThreadPoolExecutor.java:658)
	at org.elasticsearch.action.support.master.TransportMasterNodeOperationAction.innerExecute(TransportMasterNodeOperationAction.java:132)
	at org.elasticsearch.action.support.master.TransportMasterNodeOperationAction.doExecute(TransportMasterNodeOperationAction.java:86)
	at org.elasticsearch.action.support.master.TransportMasterNodeOperationAction.doExecute(TransportMasterNodeOperationAction.java:42)
	at org.elasticsearch.action.support.TransportAction.execute(TransportAction.java:61)
	at org.elasticsearch.client.node.NodeClusterAdminClient.execute(NodeClusterAdminClient.java:72)
	at org.elasticsearch.client.support.AbstractClusterAdminClient.health(AbstractClusterAdminClient.java:83)
	at org.elasticsearch.action.admin.cluster.health.ClusterHealthRequestBuilder.doExecute(ClusterHealthRequestBuilder.java:98)
	at org.elasticsearch.action.ActionRequestBuilder.execute(ActionRequestBuilder.java:62)
	at org.elasticsearch.action.ActionRequestBuilder.execute(ActionRequestBuilder.java:57)
	at org.elasticsearch.action.ActionRequestBuilder$execute.call(Unknown Source)
	at com.rackspace.search.elasticsearch.ElasticSearchServer.getHealthInformation(ElasticSearchServer.groovy:55)
	at com.rackspace.search.elasticsearch.ElasticSearchServer.getHealthStatus(ElasticSearchServer.groovy:51)
	at com.rackspace.search.elasticsearch.ElasticSearchServer.waitForYellowStatus(ElasticSearchServer.groovy:69)
	at com.rackspace.search.elasticsearch.ElasticSearchServer$waitForYellowStatus.call(Unknown Source)
	at com.rackspace.search.service.admin.CoreTicketOndemandSyncJob.setupJob(CoreTicketOndemandSyncJob.groovy:98)
	at sun.reflect.NativeMethodAccessorImpl.invoke0(Native Method)
	at sun.reflect.NativeMethodAccessorImpl.invoke(NativeMethodAccessorImpl.java:39)
	at sun.reflect.DelegatingMethodAccessorImpl.invoke(DelegatingMethodAccessorImpl.java:25)
	at java.lang.reflect.Method.invoke(Method.java:597)
	at org.codehaus.groovy.reflection.CachedMethod.invoke(CachedMethod.java:90)
	at groovy.lang.MetaMethod.doMethodInvoke(MetaMethod.java:233)
	at groovy.lang.MetaClassImpl.invokeMethod(MetaClassImpl.java:1085)
	at org.codehaus.groovy.runtime.ScriptBytecodeAdapter.invokeMethodOnCurrentN(ScriptBytecodeAdapter.java:78)
	at com.rackspace.search.service.admin.CoreTicketOndemandSyncJob.this$dist$invoke$1(CoreTicketOndemandSyncJob.groovy)
	at com.rackspace.search.service.admin.CoreTicketOndemandSyncJob$1.methodMissing(CoreTicketOndemandSyncJob.groovy)
	at sun.reflect.NativeMethodAccessorImpl.invoke0(Native Method)
	at sun.reflect.NativeMethodAccessorImpl.invoke(NativeMethodAccessorImpl.java:39)
	at sun.reflect.DelegatingMethodAccessorImpl.invoke(DelegatingMethodAccessorImpl.java:25)
	at java.lang.reflect.Method.invoke(Method.java:597)
	at org.codehaus.groovy.reflection.CachedMethod.invoke(CachedMethod.java:90)
	at groovy.lang.MetaClassImpl.invokeMissingMethod(MetaClassImpl.java:837)
	at groovy.lang.MetaClassImpl.invokePropertyOrMissing(MetaClassImpl.java:1134)
	at groovy.lang.MetaClassImpl.invokeMethod(MetaClassImpl.java:1087)
	at groovy.lang.MetaClassImpl.invokeMethod(MetaClassImpl.java:909)
	at org.codehaus.groovy.runtime.callsite.PogoMetaClassSite.callCurrent(PogoMetaClassSite.java:66)
	at org.codehaus.groovy.runtime.callsite.AbstractCallSite.callCurrent(AbstractCallSite.java:137)
	at com.rackspace.search.service.admin.CoreTicketOndemandSyncJob$1.run(CoreTicketOndemandSyncJob.groovy:82)
	at java.util.TimerThread.mainLoop(Timer.java:512)
	at java.util.TimerThread.run(Timer.java:462)
Exception in thread &quot;Timer-25&quot; org.elasticsearch.common.util.concurrent.EsRejectedExecutionException: rejected execution of [org.elasticsearch.action.support.master.TransportMasterNodeOperationAction$2]
	at org.elasticsearch.common.util.concurrent.EsAbortPolicy.rejectedExecution(EsAbortPolicy.java:35)
	at java.util.concurrent.ThreadPoolExecutor.reject(ThreadPoolExecutor.java:767)
	at java.util.concurrent.ThreadPoolExecutor.execute(ThreadPoolExecutor.java:658)
	at org.elasticsearch.action.support.master.TransportMasterNodeOperationAction.innerExecute(TransportMasterNodeOperationAction.java:132)
	at org.elasticsearch.action.support.master.TransportMasterNodeOperationAction.doExecute(TransportMasterNodeOperationAction.java:86)
	at org.elasticsearch.action.support.master.TransportMasterNodeOperationAction.doExecute(TransportMasterNodeOperationAction.java:42)
	at org.elasticsearch.action.support.TransportAction.execute(TransportAction.java:61)
	at org.elasticsearch.client.node.NodeClusterAdminClient.execute(NodeClusterAdminClient.java:72)
	at org.elasticsearch.client.support.AbstractClusterAdminClient.health(AbstractClusterAdminClient.java:83)
	at org.elasticsearch.action.admin.cluster.health.ClusterHealthRequestBuilder.doExecute(ClusterHealthRequestBuilder.java:98)
	at org.elasticsearch.action.ActionRequestBuilder.execute(ActionRequestBuilder.java:62)
	at org.elasticsearch.action.ActionRequestBuilder.execute(ActionRequestBuilder.java:57)
	at org.elasticsearch.action.ActionRequestBuilder$execute.call(Unknown Source)
	at com.rackspace.search.elasticsearch.ElasticSearchServer.getHealthInformation(ElasticSearchServer.groovy:55)
	at com.rackspace.search.elasticsearch.ElasticSearchServer.getHealthStatus(ElasticSearchServer.groovy:51)
	at com.rackspace.search.elasticsearch.ElasticSearchServer.waitForYellowStatus(ElasticSearchServer.groovy:69)
	at com.rackspace.search.elasticsearch.ElasticSearchServer$waitForYellowStatus.call(Unknown Source)
	at com.rackspace.search.service.core.CoreTicketSecondPassSyncJob.setupJob(CoreTicketSecondPassSyncJob.groovy:90)
	at com.rackspace.search.service.core.CoreTicketSecondPassSyncJob.this$2$setupJob(CoreTicketSecondPassSyncJob.groovy)
	at sun.reflect.NativeMethodAccessorImpl.invoke0(Native Method)
	at sun.reflect.NativeMethodAccessorImpl.invoke(NativeMethodAccessorImpl.java:39)
	at sun.reflect.DelegatingMethodAccessorImpl.invoke(DelegatingMethodAccessorImpl.java:25)
	at java.lang.reflect.Method.invoke(Method.java:597)
	at org.codehaus.groovy.reflection.CachedMethod.invoke(CachedMethod.java:90)
	at groovy.lang.MetaMethod.doMethodInvoke(MetaMethod.java:233)
	at groovy.lang.MetaClassImpl.invokeMethod(MetaClassImpl.java:1085)
	at org.codehaus.groovy.runtime.ScriptBytecodeAdapter.invokeMethodOnCurrentN(ScriptBytecodeAdapter.java:78)
	at com.rackspace.search.service.core.CoreTicketSecondPassSyncJob.this$dist$invoke$1(CoreTicketSecondPassSyncJob.groovy)
	at com.rackspace.search.service.core.CoreTicketSecondPassSyncJob$1.methodMissing(CoreTicketSecondPassSyncJob.groovy)
	at sun.reflect.NativeMethodAccessorImpl.invoke0(Native Method)
	at sun.reflect.NativeMethodAccessorImpl.invoke(NativeMethodAccessorImpl.java:39)
	at sun.reflect.DelegatingMethodAccessorImpl.invoke(DelegatingMethodAccessorImpl.java:25)
	at java.lang.reflect.Method.invoke(Method.java:597)
	at org.codehaus.groovy.reflection.CachedMethod.invoke(CachedMethod.java:90)
	at groovy.lang.MetaClassImpl.invokeMissingMethod(MetaClassImpl.java:837)
	at groovy.lang.MetaClassImpl.invokePropertyOrMissing(MetaClassImpl.java:1134)
	at groovy.lang.MetaClassImpl.invokeMethod(MetaClassImpl.java:1087)
	at groovy.lang.MetaClassImpl.invokeMethod(MetaClassImpl.java:909)
	at org.codehaus.groovy.runtime.callsite.PogoMetaClassSite.callCurrent(PogoMetaClassSite.java:66)
	at org.codehaus.groovy.runtime.callsite.AbstractCallSite.callCurrent(AbstractCallSite.java:137)
	at com.rackspace.search.service.core.CoreTicketSecondPassSyncJob$1.run(CoreTicketSecondPassSyncJob.groovy:74)
	at java.util.TimerThread.mainLoop(Timer.java:512)
	at java.util.TimerThread.run(Timer.java:462)
Exception in thread &quot;Timer-26&quot; org.elasticsearch.common.util.concurrent.EsRejectedExecutionException: rejected execution of [org.elasticsearch.action.support.master.TransportMasterNodeOperationAction$2]
	at org.elasticsearch.common.util.concurrent.EsAbortPolicy.rejectedExecution(EsAbortPolicy.java:35)
	at java.util.concurrent.ThreadPoolExecutor.reject(ThreadPoolExecutor.java:767)
	at java.util.concurrent.ThreadPoolExecutor.execute(ThreadPoolExecutor.java:658)
	at org.elasticsearch.action.support.master.TransportMasterNodeOperationAction.innerExecute(TransportMasterNodeOperationAction.java:132)
	at org.elasticsearch.action.support.master.TransportMasterNodeOperationAction.doExecute(TransportMasterNodeOperationAction.java:86)
	at org.elasticsearch.action.support.master.TransportMasterNodeOperationAction.doExecute(TransportMasterNodeOperationAction.java:42)
	at org.elasticsearch.action.support.TransportAction.execute(TransportAction.java:61)
	at org.elasticsearch.client.node.NodeClusterAdminClient.execute(NodeClusterAdminClient.java:72)
	at org.elasticsearch.client.support.AbstractClusterAdminClient.health(AbstractClusterAdminClient.java:83)
	at org.elasticsearch.action.admin.cluster.health.ClusterHealthRequestBuilder.doExecute(ClusterHealthRequestBuilder.java:98)
	at org.elasticsearch.action.ActionRequestBuilder.execute(ActionRequestBuilder.java:62)
	at org.elasticsearch.action.ActionRequestBuilder.execute(ActionRequestBuilder.java:57)
	at org.elasticsearch.action.ActionRequestBuilder$execute.call(Unknown Source)
	at com.rackspace.search.elasticsearch.ElasticSearchServer.getHealthInformation(ElasticSearchServer.groovy:55)
	at com.rackspace.search.elasticsearch.ElasticSearchServer.getHealthStatus(ElasticSearchServer.groovy:51)
	at com.rackspace.search.elasticsearch.ElasticSearchServer.waitForYellowStatus(ElasticSearchServer.groovy:69)
	at com.rackspace.search.elasticsearch.ElasticSearchServer$waitForYellowStatus.call(Unknown Source)
	at com.rackspace.search.service.account.CoreAccountUpdateSyncJob.setupJob(CoreAccountUpdateSyncJob.groovy:95)
	at com.rackspace.search.service.account.CoreAccountUpdateSyncJob.this$2$setupJob(CoreAccountUpdateSyncJob.groovy)
	at sun.reflect.NativeMethodAccessorImpl.invoke0(Native Method)
	at sun.reflect.NativeMethodAccessorImpl.invoke(NativeMethodAccessorImpl.java:39)
	at sun.reflect.DelegatingMethodAccessorImpl.invoke(DelegatingMethodAccessorImpl.java:25)
	at java.lang.reflect.Method.invoke(Method.java:597)
	at org.codehaus.groovy.reflection.CachedMethod.invoke(CachedMethod.java:90)
	at groovy.lang.MetaMethod.doMethodInvoke(MetaMethod.java:233)
	at groovy.lang.MetaClassImpl.invokeMethod(MetaClassImpl.java:1085)
	at org.codehaus.groovy.runtime.ScriptBytecodeAdapter.invokeMethodOnCurrentN(ScriptBytecodeAdapter.java:78)
	at com.rackspace.search.service.account.CoreAccountUpdateSyncJob.this$dist$invoke$1(CoreAccountUpdateSyncJob.groovy)
	at com.rackspace.search.service.account.CoreAccountUpdateSyncJob$1.methodMissing(CoreAccountUpdateSyncJob.groovy)
	at sun.reflect.NativeMethodAccessorImpl.invoke0(Native Method)
	at sun.reflect.NativeMethodAccessorImpl.invoke(NativeMethodAccessorImpl.java:39)
	at sun.reflect.DelegatingMethodAccessorImpl.invoke(DelegatingMethodAccessorImpl.java:25)
	at java.lang.reflect.Method.invoke(Method.java:597)
	at org.codehaus.groovy.reflection.CachedMethod.invoke(CachedMethod.java:90)
	at groovy.lang.MetaClassImpl.invokeMissingMethod(MetaClassImpl.java:837)
	at groovy.lang.MetaClassImpl.invokePropertyOrMissing(MetaClassImpl.java:1134)
	at groovy.lang.MetaClassImpl.invokeMethod(MetaClassImpl.java:1087)
	at groovy.lang.MetaClassImpl.invokeMethod(MetaClassImpl.java:909)
	at org.codehaus.groovy.runtime.callsite.PogoMetaClassSite.callCurrent(PogoMetaClassSite.java:66)
	at org.codehaus.groovy.runtime.callsite.AbstractCallSite.callCurrent(AbstractCallSite.java:137)
	at com.rackspace.search.service.account.CoreAccountUpdateSyncJob$1.run(CoreAccountUpdateSyncJob.groovy:78)
	at java.util.TimerThread.mainLoop(Timer.java:512)
	at java.util.TimerThread.run(Timer.java:462)
Exception in thread &quot;Timer-27&quot; org.elasticsearch.common.util.concurrent.EsRejectedExecutionException: rejected execution of [org.elasticsearch.action.support.master.TransportMasterNodeOperationAction$2]
	at org.elasticsearch.common.util.concurrent.EsAbortPolicy.rejectedExecution(EsAbortPolicy.java:35)
	at java.util.concurrent.ThreadPoolExecutor.reject(ThreadPoolExecutor.java:767)
	at java.util.concurrent.ThreadPoolExecutor.execute(ThreadPoolExecutor.java:658)
	at org.elasticsearch.action.support.master.TransportMasterNodeOperationAction.innerExecute(TransportMasterNodeOperationAction.java:132)
	at org.elasticsearch.action.support.master.TransportMasterNodeOperationAction.doExecute(TransportMasterNodeOperationAction.java:86)
	at org.elasticsearch.action.support.master.TransportMasterNodeOperationAction.doExecute(TransportMasterNodeOperationAction.java:42)
	at org.elasticsearch.action.support.TransportAction.execute(TransportAction.java:61)
	at org.elasticsearch.client.node.NodeClusterAdminClient.execute(NodeClusterAdminClient.java:72)
	at org.elasticsearch.client.support.AbstractClusterAdminClient.health(AbstractClusterAdminClient.java:83)
	at org.elasticsearch.action.admin.cluster.health.ClusterHealthRequestBuilder.doExecute(ClusterHealthRequestBuilder.java:98)
	at org.elasticsearch.action.ActionRequestBuilder.execute(ActionRequestBuilder.java:62)
	at org.elasticsearch.action.ActionRequestBuilder.execute(ActionRequestBuilder.java:57)
	at org.elasticsearch.action.ActionRequestBuilder$execute.call(Unknown Source)
	at com.rackspace.search.elasticsearch.ElasticSearchServer.getHealthInformation(ElasticSearchServer.groovy:55)
	at com.rackspace.search.elasticsearch.ElasticSearchServer.getHealthStatus(ElasticSearchServer.groovy:51)
	at com.rackspace.search.elasticsearch.ElasticSearchServer.waitForYellowStatus(ElasticSearchServer.groovy:69)
	at com.rackspace.search.elasticsearch.ElasticSearchServer$waitForYellowStatus.call(Unknown Source)
	at com.rackspace.search.service.admin.AccountOndemandSyncJob.setupJob(AccountOndemandSyncJob.groovy:126)
	at sun.reflect.NativeMethodAccessorImpl.invoke0(Native Method)
	at sun.reflect.NativeMethodAccessorImpl.invoke(NativeMethodAccessorImpl.java:39)
	at sun.reflect.DelegatingMethodAccessorImpl.invoke(DelegatingMethodAccessorImpl.java:25)
	at java.lang.reflect.Method.invoke(Method.java:597)
	at org.codehaus.groovy.reflection.CachedMethod.invoke(CachedMethod.java:90)
	at groovy.lang.MetaMethod.doMethodInvoke(MetaMethod.java:233)
	at groovy.lang.MetaClassImpl.invokeMethod(MetaClassImpl.java:1085)
	at org.codehaus.groovy.runtime.ScriptBytecodeAdapter.invokeMethodOnCurrentN(ScriptBytecodeAdapter.java:78)
	at com.rackspace.search.service.admin.AccountOndemandSyncJob.this$dist$invoke$1(AccountOndemandSyncJob.groovy)
	at com.rackspace.search.service.admin.AccountOndemandSyncJob$1.methodMissing(AccountOndemandSyncJob.groovy)
	at sun.reflect.NativeMethodAccessorImpl.invoke0(Native Method)
	at sun.reflect.NativeMethodAccessorImpl.invoke(NativeMethodAccessorImpl.java:39)
	at sun.reflect.DelegatingMethodAccessorImpl.invoke(DelegatingMethodAccessorImpl.java:25)
	at java.lang.reflect.Method.invoke(Method.java:597)
	at org.codehaus.groovy.reflection.CachedMethod.invoke(CachedMethod.java:90)
	at groovy.lang.MetaClassImpl.invokeMissingMethod(MetaClassImpl.java:837)
	at groovy.lang.MetaClassImpl.invokePropertyOrMissing(MetaClassImpl.java:1134)
	at groovy.lang.MetaClassImpl.invokeMethod(MetaClassImpl.java:1087)
	at groovy.lang.MetaClassImpl.invokeMethod(MetaClassImpl.java:909)
	at org.codehaus.groovy.runtime.callsite.PogoMetaClassSite.callCurrent(PogoMetaClassSite.java:66)
	at org.codehaus.groovy.runtime.callsite.AbstractCallSite.callCurrent(AbstractCallSite.java:137)
	at com.rackspace.search.service.admin.AccountOndemandSyncJob$1.run(AccountOndemandSyncJob.groovy:110)
	at java.util.TimerThread.mainLoop(Timer.java:512)
	at java.util.TimerThread.run(Timer.java:462)
</stderr>
          <failedSince>7</failedSince>
        </case>
        <case>
          <duration>5.614</duration>
          <className>com.rackspace.search.service.TicketSearchServiceTest</className>
          <testName>should throw not found exception</testName>
          <skipped>false</skipped>
          <errorStackTrace>java.lang.NullPointerException
	at com.rackspace.search.service.TicketSearchServiceTest.cleanup(TicketSearchServiceTest.groovy:42)
</errorStackTrace>
          <failedSince>7</failedSince>
        </case>
        <case>
          <duration>4.625</duration>
          <className>com.rackspace.search.service.TicketSearchServiceTest</className>
          <testName>findTicket: should return null when ticket not found</testName>
          <skipped>false</skipped>
          <errorStackTrace>java.lang.IllegalStateException: Failed to load ApplicationContext
	at org.springframework.test.context.TestContext.getApplicationContext(TestContext.java:308)
	at org.springframework.test.context.support.DependencyInjectionTestExecutionListener.injectDependencies(DependencyInjectionTestExecutionListener.java:109)
	at org.springframework.test.context.support.DependencyInjectionTestExecutionListener.prepareTestInstance(DependencyInjectionTestExecutionListener.java:75)
	at org.springframework.test.context.TestContextManager.prepareTestInstance(TestContextManager.java:321)
	at org.spockframework.spring.SpringTestContextManager.prepareTestInstance(SpringTestContextManager.java:49)
	at org.spockframework.spring.SpringInterceptor.interceptSetupMethod(SpringInterceptor.java:42)
	at org.spockframework.runtime.extension.AbstractMethodInterceptor.intercept(AbstractMethodInterceptor.java:28)
	at org.spockframework.runtime.extension.MethodInvocation.proceed(MethodInvocation.java:84)
	at org.spockframework.util.ReflectionUtil.invokeMethod(ReflectionUtil.java:138)
	at org.spockframework.util.ReflectionUtil.invokeMethod(ReflectionUtil.java:138)
	at org.spockframework.util.ReflectionUtil.invokeMethod(ReflectionUtil.java:138)
	at org.apache.maven.surefire.junit4.JUnit4TestSet.execute(JUnit4TestSet.java:53)
	at org.apache.maven.surefire.junit4.JUnit4Provider.executeTestSet(JUnit4Provider.java:123)
	at org.apache.maven.surefire.junit4.JUnit4Provider.invoke(JUnit4Provider.java:104)
	at org.apache.maven.surefire.util.ReflectionUtils.invokeMethodWithArray(ReflectionUtils.java:164)
	at org.apache.maven.surefire.booter.ProviderFactory$ProviderProxy.invoke(ProviderFactory.java:110)
	at org.apache.maven.surefire.booter.SurefireStarter.invokeProvider(SurefireStarter.java:175)
	at org.apache.maven.surefire.booter.SurefireStarter.runSuitesInProcessWhenForked(SurefireStarter.java:107)
	at org.apache.maven.surefire.booter.ForkedBooter.main(ForkedBooter.java:68)
Caused by: org.springframework.beans.factory.BeanCreationException: Error creating bean with name &apos;jobResource&apos;: Injection of autowired dependencies failed; nested exception is org.springframework.beans.factory.BeanCreationException: Could not autowire field: private com.rackspace.search.service.zendesk.ZendeskTicketOngoingSyncJob com.rackspace.search.endpoint.JobResource.zendeskTicketOngoingSyncJob; nested exception is org.springframework.beans.factory.BeanCreationException: Error creating bean with name &apos;zendeskTicketOngoingSyncJob&apos;: Injection of autowired dependencies failed; nested exception is org.springframework.beans.factory.BeanCreationException: Could not autowire field: private com.rackspace.search.service.zendesk.ZendeskTicketOngoingSyncActor com.rackspace.search.service.zendesk.ZendeskTicketOngoingSyncJob.ticketActor; nested exception is org.springframework.beans.factory.BeanCreationException: Error creating bean with name &apos;zendeskTicketOngoingSyncActor&apos;: Injection of autowired dependencies failed; nested exception is org.springframework.beans.factory.BeanCreationException: Could not autowire field: private com.rackspace.search.service.zendesk.ZendeskTicketProcessor com.rackspace.search.service.zendesk.ZendeskTicketOngoingSyncActor.zendeskTicketProcessor; nested exception is org.springframework.beans.factory.BeanCreationException: Error creating bean with name &apos;zendeskTicketProcessor&apos;: Injection of autowired dependencies failed; nested exception is org.springframework.beans.factory.BeanCreationException: Could not autowire field: private java.lang.Object com.rackspace.search.service.zendesk.ZendeskTicketProcessor.zendeskIndexName; nested exception is java.lang.IllegalArgumentException: Could not resolve placeholder &apos;zendesk.index.name&apos;
	at org.springframework.beans.factory.annotation.AutowiredAnnotationBeanPostProcessor.postProcessPropertyValues(AutowiredAnnotationBeanPostProcessor.java:288)
	at org.springframework.beans.factory.support.AbstractAutowireCapableBeanFactory.populateBean(AbstractAutowireCapableBeanFactory.java:1074)
	at org.springframework.beans.factory.support.AbstractAutowireCapableBeanFactory.doCreateBean(AbstractAutowireCapableBeanFactory.java:517)
	at org.springframework.beans.factory.support.AbstractAutowireCapableBeanFactory.createBean(AbstractAutowireCapableBeanFactory.java:456)
	at org.springframework.beans.factory.support.AbstractBeanFactory$1.getObject(AbstractBeanFactory.java:293)
	at org.springframework.beans.factory.support.DefaultSingletonBeanRegistry.getSingleton(DefaultSingletonBeanRegistry.java:222)
	at org.springframework.beans.factory.support.AbstractBeanFactory.doGetBean(AbstractBeanFactory.java:290)
	at org.springframework.beans.factory.support.AbstractBeanFactory.getBean(AbstractBeanFactory.java:192)
	at org.springframework.beans.factory.support.DefaultListableBeanFactory.preInstantiateSingletons(DefaultListableBeanFactory.java:585)
	at org.springframework.context.support.AbstractApplicationContext.finishBeanFactoryInitialization(AbstractApplicationContext.java:895)
	at org.springframework.context.support.AbstractApplicationContext.refresh(AbstractApplicationContext.java:425)
	at org.springframework.test.context.support.AbstractGenericContextLoader.loadContext(AbstractGenericContextLoader.java:84)
	at org.springframework.test.context.support.AbstractGenericContextLoader.loadContext(AbstractGenericContextLoader.java:1)
	at org.springframework.test.context.TestContext.loadApplicationContext(TestContext.java:280)
	at org.springframework.test.context.TestContext.getApplicationContext(TestContext.java:304)
	... 18 more
Caused by: org.springframework.beans.factory.BeanCreationException: Could not autowire field: private com.rackspace.search.service.zendesk.ZendeskTicketOngoingSyncJob com.rackspace.search.endpoint.JobResource.zendeskTicketOngoingSyncJob; nested exception is org.springframework.beans.factory.BeanCreationException: Error creating bean with name &apos;zendeskTicketOngoingSyncJob&apos;: Injection of autowired dependencies failed; nested exception is org.springframework.beans.factory.BeanCreationException: Could not autowire field: private com.rackspace.search.service.zendesk.ZendeskTicketOngoingSyncActor com.rackspace.search.service.zendesk.ZendeskTicketOngoingSyncJob.ticketActor; nested exception is org.springframework.beans.factory.BeanCreationException: Error creating bean with name &apos;zendeskTicketOngoingSyncActor&apos;: Injection of autowired dependencies failed; nested exception is org.springframework.beans.factory.BeanCreationException: Could not autowire field: private com.rackspace.search.service.zendesk.ZendeskTicketProcessor com.rackspace.search.service.zendesk.ZendeskTicketOngoingSyncActor.zendeskTicketProcessor; nested exception is org.springframework.beans.factory.BeanCreationException: Error creating bean with name &apos;zendeskTicketProcessor&apos;: Injection of autowired dependencies failed; nested exception is org.springframework.beans.factory.BeanCreationException: Could not autowire field: private java.lang.Object com.rackspace.search.service.zendesk.ZendeskTicketProcessor.zendeskIndexName; nested exception is java.lang.IllegalArgumentException: Could not resolve placeholder &apos;zendesk.index.name&apos;
	at org.springframework.beans.factory.annotation.AutowiredAnnotationBeanPostProcessor$AutowiredFieldElement.inject(AutowiredAnnotationBeanPostProcessor.java:508)
	at org.springframework.beans.factory.annotation.InjectionMetadata.inject(InjectionMetadata.java:84)
	at org.springframework.beans.factory.annotation.AutowiredAnnotationBeanPostProcessor.postProcessPropertyValues(AutowiredAnnotationBeanPostProcessor.java:285)
	... 32 more
Caused by: org.springframework.beans.factory.BeanCreationException: Error creating bean with name &apos;zendeskTicketOngoingSyncJob&apos;: Injection of autowired dependencies failed; nested exception is org.springframework.beans.factory.BeanCreationException: Could not autowire field: private com.rackspace.search.service.zendesk.ZendeskTicketOngoingSyncActor com.rackspace.search.service.zendesk.ZendeskTicketOngoingSyncJob.ticketActor; nested exception is org.springframework.beans.factory.BeanCreationException: Error creating bean with name &apos;zendeskTicketOngoingSyncActor&apos;: Injection of autowired dependencies failed; nested exception is org.springframework.beans.factory.BeanCreationException: Could not autowire field: private com.rackspace.search.service.zendesk.ZendeskTicketProcessor com.rackspace.search.service.zendesk.ZendeskTicketOngoingSyncActor.zendeskTicketProcessor; nested exception is org.springframework.beans.factory.BeanCreationException: Error creating bean with name &apos;zendeskTicketProcessor&apos;: Injection of autowired dependencies failed; nested exception is org.springframework.beans.factory.BeanCreationException: Could not autowire field: private java.lang.Object com.rackspace.search.service.zendesk.ZendeskTicketProcessor.zendeskIndexName; nested exception is java.lang.IllegalArgumentException: Could not resolve placeholder &apos;zendesk.index.name&apos;
	at org.springframework.beans.factory.annotation.AutowiredAnnotationBeanPostProcessor.postProcessPropertyValues(AutowiredAnnotationBeanPostProcessor.java:288)
	at org.springframework.beans.factory.support.AbstractAutowireCapableBeanFactory.populateBean(AbstractAutowireCapableBeanFactory.java:1074)
	at org.springframework.beans.factory.support.AbstractAutowireCapableBeanFactory.doCreateBean(AbstractAutowireCapableBeanFactory.java:517)
	at org.springframework.beans.factory.support.AbstractAutowireCapableBeanFactory.createBean(AbstractAutowireCapableBeanFactory.java:456)
	at org.springframework.beans.factory.support.AbstractBeanFactory$1.getObject(AbstractBeanFactory.java:293)
	at org.springframework.beans.factory.support.DefaultSingletonBeanRegistry.getSingleton(DefaultSingletonBeanRegistry.java:222)
	at org.springframework.beans.factory.support.AbstractBeanFactory.doGetBean(AbstractBeanFactory.java:290)
	at org.springframework.beans.factory.support.AbstractBeanFactory.getBean(AbstractBeanFactory.java:192)
	at org.springframework.beans.factory.support.DefaultListableBeanFactory.findAutowireCandidates(DefaultListableBeanFactory.java:848)
	at org.springframework.beans.factory.support.DefaultListableBeanFactory.doResolveDependency(DefaultListableBeanFactory.java:790)
	at org.springframework.beans.factory.support.DefaultListableBeanFactory.resolveDependency(DefaultListableBeanFactory.java:707)
	at org.springframework.beans.factory.annotation.AutowiredAnnotationBeanPostProcessor$AutowiredFieldElement.inject(AutowiredAnnotationBeanPostProcessor.java:480)
	... 34 more
Caused by: org.springframework.beans.factory.BeanCreationException: Could not autowire field: private com.rackspace.search.service.zendesk.ZendeskTicketOngoingSyncActor com.rackspace.search.service.zendesk.ZendeskTicketOngoingSyncJob.ticketActor; nested exception is org.springframework.beans.factory.BeanCreationException: Error creating bean with name &apos;zendeskTicketOngoingSyncActor&apos;: Injection of autowired dependencies failed; nested exception is org.springframework.beans.factory.BeanCreationException: Could not autowire field: private com.rackspace.search.service.zendesk.ZendeskTicketProcessor com.rackspace.search.service.zendesk.ZendeskTicketOngoingSyncActor.zendeskTicketProcessor; nested exception is org.springframework.beans.factory.BeanCreationException: Error creating bean with name &apos;zendeskTicketProcessor&apos;: Injection of autowired dependencies failed; nested exception is org.springframework.beans.factory.BeanCreationException: Could not autowire field: private java.lang.Object com.rackspace.search.service.zendesk.ZendeskTicketProcessor.zendeskIndexName; nested exception is java.lang.IllegalArgumentException: Could not resolve placeholder &apos;zendesk.index.name&apos;
	at org.springframework.beans.factory.annotation.AutowiredAnnotationBeanPostProcessor$AutowiredFieldElement.inject(AutowiredAnnotationBeanPostProcessor.java:508)
	at org.springframework.beans.factory.annotation.InjectionMetadata.inject(InjectionMetadata.java:84)
	at org.springframework.beans.factory.annotation.AutowiredAnnotationBeanPostProcessor.postProcessPropertyValues(AutowiredAnnotationBeanPostProcessor.java:285)
	... 45 more
Caused by: org.springframework.beans.factory.BeanCreationException: Error creating bean with name &apos;zendeskTicketOngoingSyncActor&apos;: Injection of autowired dependencies failed; nested exception is org.springframework.beans.factory.BeanCreationException: Could not autowire field: private com.rackspace.search.service.zendesk.ZendeskTicketProcessor com.rackspace.search.service.zendesk.ZendeskTicketOngoingSyncActor.zendeskTicketProcessor; nested exception is org.springframework.beans.factory.BeanCreationException: Error creating bean with name &apos;zendeskTicketProcessor&apos;: Injection of autowired dependencies failed; nested exception is org.springframework.beans.factory.BeanCreationException: Could not autowire field: private java.lang.Object com.rackspace.search.service.zendesk.ZendeskTicketProcessor.zendeskIndexName; nested exception is java.lang.IllegalArgumentException: Could not resolve placeholder &apos;zendesk.index.name&apos;
	at org.springframework.beans.factory.annotation.AutowiredAnnotationBeanPostProcessor.postProcessPropertyValues(AutowiredAnnotationBeanPostProcessor.java:288)
	at org.springframework.beans.factory.support.AbstractAutowireCapableBeanFactory.populateBean(AbstractAutowireCapableBeanFactory.java:1074)
	at org.springframework.beans.factory.support.AbstractAutowireCapableBeanFactory.doCreateBean(AbstractAutowireCapableBeanFactory.java:517)
	at org.springframework.beans.factory.support.AbstractAutowireCapableBeanFactory.createBean(AbstractAutowireCapableBeanFactory.java:456)
	at org.springframework.beans.factory.support.AbstractBeanFactory$1.getObject(AbstractBeanFactory.java:293)
	at org.springframework.beans.factory.support.DefaultSingletonBeanRegistry.getSingleton(DefaultSingletonBeanRegistry.java:222)
	at org.springframework.beans.factory.support.AbstractBeanFactory.doGetBean(AbstractBeanFactory.java:290)
	at org.springframework.beans.factory.support.AbstractBeanFactory.getBean(AbstractBeanFactory.java:192)
	at org.springframework.beans.factory.support.DefaultListableBeanFactory.findAutowireCandidates(DefaultListableBeanFactory.java:848)
	at org.springframework.beans.factory.support.DefaultListableBeanFactory.doResolveDependency(DefaultListableBeanFactory.java:790)
	at org.springframework.beans.factory.support.DefaultListableBeanFactory.resolveDependency(DefaultListableBeanFactory.java:707)
	at org.springframework.beans.factory.annotation.AutowiredAnnotationBeanPostProcessor$AutowiredFieldElement.inject(AutowiredAnnotationBeanPostProcessor.java:480)
	... 47 more
Caused by: org.springframework.beans.factory.BeanCreationException: Could not autowire field: private com.rackspace.search.service.zendesk.ZendeskTicketProcessor com.rackspace.search.service.zendesk.ZendeskTicketOngoingSyncActor.zendeskTicketProcessor; nested exception is org.springframework.beans.factory.BeanCreationException: Error creating bean with name &apos;zendeskTicketProcessor&apos;: Injection of autowired dependencies failed; nested exception is org.springframework.beans.factory.BeanCreationException: Could not autowire field: private java.lang.Object com.rackspace.search.service.zendesk.ZendeskTicketProcessor.zendeskIndexName; nested exception is java.lang.IllegalArgumentException: Could not resolve placeholder &apos;zendesk.index.name&apos;
	at org.springframework.beans.factory.annotation.AutowiredAnnotationBeanPostProcessor$AutowiredFieldElement.inject(AutowiredAnnotationBeanPostProcessor.java:508)
	at org.springframework.beans.factory.annotation.InjectionMetadata.inject(InjectionMetadata.java:84)
	at org.springframework.beans.factory.annotation.AutowiredAnnotationBeanPostProcessor.postProcessPropertyValues(AutowiredAnnotationBeanPostProcessor.java:285)
	... 58 more
Caused by: org.springframework.beans.factory.BeanCreationException: Error creating bean with name &apos;zendeskTicketProcessor&apos;: Injection of autowired dependencies failed; nested exception is org.springframework.beans.factory.BeanCreationException: Could not autowire field: private java.lang.Object com.rackspace.search.service.zendesk.ZendeskTicketProcessor.zendeskIndexName; nested exception is java.lang.IllegalArgumentException: Could not resolve placeholder &apos;zendesk.index.name&apos;
	at org.springframework.beans.factory.annotation.AutowiredAnnotationBeanPostProcessor.postProcessPropertyValues(AutowiredAnnotationBeanPostProcessor.java:288)
	at org.springframework.beans.factory.support.AbstractAutowireCapableBeanFactory.populateBean(AbstractAutowireCapableBeanFactory.java:1074)
	at org.springframework.beans.factory.support.AbstractAutowireCapableBeanFactory.doCreateBean(AbstractAutowireCapableBeanFactory.java:517)
	at org.springframework.beans.factory.support.AbstractAutowireCapableBeanFactory.createBean(AbstractAutowireCapableBeanFactory.java:456)
	at org.springframework.beans.factory.support.AbstractBeanFactory$1.getObject(AbstractBeanFactory.java:293)
	at org.springframework.beans.factory.support.DefaultSingletonBeanRegistry.getSingleton(DefaultSingletonBeanRegistry.java:222)
	at org.springframework.beans.factory.support.AbstractBeanFactory.doGetBean(AbstractBeanFactory.java:290)
	at org.springframework.beans.factory.support.AbstractBeanFactory.getBean(AbstractBeanFactory.java:192)
	at org.springframework.beans.factory.support.DefaultListableBeanFactory.findAutowireCandidates(DefaultListableBeanFactory.java:848)
	at org.springframework.beans.factory.support.DefaultListableBeanFactory.doResolveDependency(DefaultListableBeanFactory.java:790)
	at org.springframework.beans.factory.support.DefaultListableBeanFactory.resolveDependency(DefaultListableBeanFactory.java:707)
	at org.springframework.beans.factory.annotation.AutowiredAnnotationBeanPostProcessor$AutowiredFieldElement.inject(AutowiredAnnotationBeanPostProcessor.java:480)
	... 60 more
Caused by: org.springframework.beans.factory.BeanCreationException: Could not autowire field: private java.lang.Object com.rackspace.search.service.zendesk.ZendeskTicketProcessor.zendeskIndexName; nested exception is java.lang.IllegalArgumentException: Could not resolve placeholder &apos;zendesk.index.name&apos;
	at org.springframework.beans.factory.annotation.AutowiredAnnotationBeanPostProcessor$AutowiredFieldElement.inject(AutowiredAnnotationBeanPostProcessor.java:508)
	at org.springframework.beans.factory.annotation.InjectionMetadata.inject(InjectionMetadata.java:84)
	at org.springframework.beans.factory.annotation.AutowiredAnnotationBeanPostProcessor.postProcessPropertyValues(AutowiredAnnotationBeanPostProcessor.java:285)
	... 71 more
Caused by: java.lang.IllegalArgumentException: Could not resolve placeholder &apos;zendesk.index.name&apos;
	at org.springframework.util.PropertyPlaceholderHelper.parseStringValue(PropertyPlaceholderHelper.java:173)
	at org.springframework.util.PropertyPlaceholderHelper.replacePlaceholders(PropertyPlaceholderHelper.java:125)
	at org.springframework.beans.factory.config.PropertyPlaceholderConfigurer$PlaceholderResolvingStringValueResolver.resolveStringValue(PropertyPlaceholderConfigurer.java:403)
	at org.springframework.beans.factory.support.AbstractBeanFactory.resolveEmbeddedValue(AbstractBeanFactory.java:747)
	at org.springframework.beans.factory.support.DefaultListableBeanFactory.doResolveDependency(DefaultListableBeanFactory.java:717)
	at org.springframework.beans.factory.support.DefaultListableBeanFactory.resolveDependency(DefaultListableBeanFactory.java:707)
	at org.springframework.beans.factory.annotation.AutowiredAnnotationBeanPostProcessor$AutowiredFieldElement.inject(AutowiredAnnotationBeanPostProcessor.java:480)
	... 73 more
</errorStackTrace>
          <errorDetails>Failed to load ApplicationContext</errorDetails>
          <stdout>22:04:44.887 [main] INFO  c.r.s.common.property.PropertyProvider - Loading properties file from file [/var/lib/jenkins/jobs/Samatha Fork/workspace/service/target/properties/local/search.properties]
22:04:44.888 [main] INFO  c.r.s.common.property.PropertyProvider - Loading properties file from file [/var/lib/jenkins/jobs/Samatha Fork/workspace/service/target/properties/local/search.secrets.properties]
22:04:44.888 [main] INFO  c.r.s.common.property.PropertyProvider - Loading properties file from file [/var/lib/jenkins/jobs/Samatha Fork/workspace/service/target/properties/local/elasticsearch.properties]
22:04:44.911 [main] INFO  c.r.s.elasticsearch.ElasticSearchServer - Starting the Elastic Search server node:
22:04:44.914 [main] INFO  org.elasticsearch.node - [ticket.node] {0.90.2}[25471]: initializing ...
22:04:44.915 [main] INFO  org.elasticsearch.plugins - [ticket.node] loaded [action-updatebyquery], sites []
22:04:45.589 [main] INFO  org.elasticsearch.node - [ticket.node] {0.90.2}[25471]: initialized
22:04:45.590 [main] INFO  c.r.s.elasticsearch.ElasticSearchServer - Starting the Elastic Search server node with these settings:
22:04:45.593 [main] INFO  c.r.s.elasticsearch.ElasticSearchServer - Elasticsearch Settings :  [elastic.config.path:/var/lib/jenkins/jobs/Samatha Fork/workspace/service/target/properties/local/elasticsearch, path.data:/var/lib/jenkins/jobs/Samatha Fork/workspace/service/target/elasticsearch/data, cluster.name:ticket.cluster, ticket.search.allowedNestedParams:account.contacts.name,account.contacts.role,account.contacts.sso, core.secondpass.lookbacktime.minutes:15, http.connection.timeout.in.milliseconds:65000, index.analysis.analyzer.search_standard.type:standard, cluster.health.check.wait.time.seconds:120, path.conf:/var/lib/jenkins/jobs/Samatha Fork/workspace/service/target/properties/local/elasticsearch, syncRequest.max.documents.size:250, ticket.ongoingsync.delay.seconds:2, core.account.caching.enabled:true, path.logs:/var/lib/jenkins/jobs/Samatha Fork/workspace/service/target/elasticsearch/logs, http.enabled:true, ticket.document.idName:number, core.api.endpoint:https://ws.integration.core.rackspace.com/ctkapi, transport.tcp.compress:true, account.highprofile.name:HIGH_PROFILE, core.ongoingsync.loopback.time.seconds:120, account.cache.expiration.time.minutes:120, account.api.username:hybrid_ui, ticket.index.name:ticket, admin.index.name:admin, default.page.size:100, indices.structure:/indices_structure.json, account.filter.necessary.updates:true, index.store.fs.memory.enabled:false, index.number_of_shards:5, syncRequest.search.allowedRangeParams:createdAt,lastRunAt,documentLastUpdatedTimestamp, admin.document.type:syncJob, node.data:true, max.page.size:500, node.name:ticket.node, ticket.core.date.timezone:CST, ticket.search.allowedRangeParams:createdAt,updatedAt,lastPublicCommentDate,updateEventDate,documentLastUpdatedTimestamp, account.document.type:account, core.driver.class:org.postgresql.Driver, ticket.cache.expiration.time.minutes:120, core.api.username:rcameron, syncRequest.document.idName:id, discovery.zen.ping.multicast.enabled:false, core.db.url:jdbc:postgresql://integration.db.core.rackspace.com:5432/core_dev, account.update.tickets.pageSize:250, core.account.updates.enabled:true, account.document.versionParam:updatedAt, index.analysis.analyzer.search_standard.filter:[lowercase], bootstrap.mlockall:true, ticket.core.dateformat:yyyy-MM-dd HH:mm:ss, coreaccount.document.type:coreaccount, coreticket.onetimesync.usedb:true, node.master:true, coreaccount.document.idName:id, syncRequest.document.type:syncRequest, core.account.filter.necessary.updates:true, index.number_of_replicas:0, account.api.events.path:v1.0/accounts/events.atom, account.index.name:account, ticket.document.versionParam:updateEventDate, ticket.core.dateformat.with.millis:yyyy-MM-dd HH:mm:ss.SSSSSS, core.account.cache.expiration.time.minutes:120, ticket.document.type:ticket, account.caching.enabled:true, coreaccount.document.versionParam:updatedAt, ticket.caching.enabled:true, admin.document.idName:name, syncRequest.search.allowedTermParams:documentType,status,createdAt,lastRunAt,documentLastUpdatedTimestamp, core.secondpass.enabled:true, account.api.accounts.path:v1.0/accounts, cluster.routing.allocation.awareness.attributes:machine, facets.display.count:100, core.db.username:usq_read, node.machine:ticket.node, syncRequest.index.name:admin, ticket.search.allowedTermParams:sourceSystem,number,createdAt,updatedAt,updateEventDate,lastPublicCommentDate,status,queue.name,category,categoryObj.name,categoryObj.id,priority,assignee.name,hasWindowsServers,hasLinuxServers,severityName,assignee.sso,queue.id,accountServiceLevel,accountTeamTerritoryCode,account.serviceLevel,account.teamTerritoryCode,statusTypes,account.team,account.id,account.rcn,account.status,account.highProfile,documentLastUpdatedTimestamp,account.teamSegment,submitter.name,submitter.sso,account.contacts.name,account.contacts.role,account.contacts.sso,subCategoryObj.name,subCategoryObj.id,assignee.id,submitter.id, use.updateByQueryPlugin:false, account.api.endpoint:https://test.account.api.rackspace.com/, updated.timestamp.field.name:documentLastUpdatedTimestamp, ticket.elastic.dateformat:yyyy-MM-dd&apos;T&apos;HH:mm:ss.SSSZ, action.auto_create_index:1, account.document.idName:id, name:ticket.node] 
22:04:45.594 [main] INFO  org.elasticsearch.node - [ticket.node] {0.90.2}[25471]: starting ...
22:04:45.601 [main] INFO  org.elasticsearch.transport - [ticket.node] bound_address {inet[/0:0:0:0:0:0:0:0:9300]}, publish_address {inet[/10.14.208.252:9300]}
22:04:48.621 [elasticsearch[ticket.node][clusterService#updateTask][T#1]] INFO  org.elasticsearch.cluster.service - [ticket.node] new_master [ticket.node][7_Dd5XkGSx-L0cInSganlQ][inet[/10.14.208.252:9300]]{machine=ticket.node, master=true}, reason: zen-disco-join (elected_as_master)
22:04:48.630 [main] INFO  org.elasticsearch.discovery - [ticket.node] ticket.cluster/7_Dd5XkGSx-L0cInSganlQ
22:04:48.651 [elasticsearch[ticket.node][clusterService#updateTask][T#1]] INFO  org.elasticsearch.gateway - [ticket.node] recovered [0] indices into cluster_state
22:04:48.751 [main] INFO  org.elasticsearch.http - [ticket.node] bound_address {inet[/0:0:0:0:0:0:0:0:9200]}, publish_address {inet[/10.14.208.252:9200]}
22:04:48.751 [main] INFO  org.elasticsearch.node - [ticket.node] {0.90.2}[25471]: started
22:04:48.752 [main] INFO  c.r.s.elasticsearch.ElasticSearchServer - Elastic Search server is started.
22:04:48.752 [main] INFO  c.r.s.elasticsearch.ElasticSearchServer - ES cluster status is GREEN. Waiting for ES recovery.
22:04:48.753 [main] INFO  c.r.s.elasticsearch.ElasticSearchServer - Elastic Search Cluster Staus is GREEN
22:04:49.138 [main] ERROR c.r.s.e.client.ElasticSearchClient - Index is missing
org.elasticsearch.indices.IndexMissingException: [admin] missing
	at org.elasticsearch.cluster.metadata.MetaData.concreteIndex(MetaData.java:616) ~[elasticsearch-0.90.2.jar:na]
	at org.elasticsearch.action.get.TransportGetAction.resolveRequest(TransportGetAction.java:90) ~[elasticsearch-0.90.2.jar:na]
	at org.elasticsearch.action.get.TransportGetAction.resolveRequest(TransportGetAction.java:42) ~[elasticsearch-0.90.2.jar:na]
	at org.elasticsearch.action.support.single.shard.TransportShardSingleOperationAction$AsyncSingleAction.&lt;init&gt;(TransportShardSingleOperationAction.java:114) ~[elasticsearch-0.90.2.jar:na]
	at org.elasticsearch.action.support.single.shard.TransportShardSingleOperationAction$AsyncSingleAction.&lt;init&gt;(TransportShardSingleOperationAction.java:94) ~[elasticsearch-0.90.2.jar:na]
	at org.elasticsearch.action.support.single.shard.TransportShardSingleOperationAction.doExecute(TransportShardSingleOperationAction.java:71) ~[elasticsearch-0.90.2.jar:na]
	at org.elasticsearch.action.support.single.shard.TransportShardSingleOperationAction.doExecute(TransportShardSingleOperationAction.java:46) ~[elasticsearch-0.90.2.jar:na]
	at org.elasticsearch.action.support.TransportAction.execute(TransportAction.java:61) ~[elasticsearch-0.90.2.jar:na]
	at org.elasticsearch.client.node.NodeClient.execute(NodeClient.java:92) ~[elasticsearch-0.90.2.jar:na]
	at org.elasticsearch.client.support.AbstractClient.get(AbstractClient.java:179) ~[elasticsearch-0.90.2.jar:na]
	at org.elasticsearch.action.get.GetRequestBuilder.doExecute(GetRequestBuilder.java:112) ~[elasticsearch-0.90.2.jar:na]
	at org.elasticsearch.action.ActionRequestBuilder.execute(ActionRequestBuilder.java:62) ~[elasticsearch-0.90.2.jar:na]
	at org.elasticsearch.action.ActionRequestBuilder.execute(ActionRequestBuilder.java:57) ~[elasticsearch-0.90.2.jar:na]
	at org.elasticsearch.action.ActionRequestBuilder$execute.call(Unknown Source) ~[na:na]
	at com.rackspace.search.elasticsearch.client.ElasticSearchClient.getDocument(ElasticSearchClient.groovy:209) ~[classes/:na]
	at com.rackspace.search.elasticsearch.client.ElasticSearchClient$getDocument.call(Unknown Source) [classes/:na]
	at com.rackspace.search.service.JobService.getJob(JobService.groovy:56) [classes/:na]
	at com.rackspace.search.service.JobService$getJob$0.callCurrent(Unknown Source) [classes/:na]
	at com.rackspace.search.service.JobService.getJob(JobService.groovy:52) [classes/:na]
	at com.rackspace.search.service.JobService$getJob.call(Unknown Source) [classes/:na]
	at com.rackspace.search.service.admin.AccountOndemandSyncJob.windupActivities(AccountOndemandSyncJob.groovy:119) [classes/:na]
	at sun.reflect.NativeMethodAccessorImpl.invoke0(Native Method) ~[na:1.6.0_38]
	at sun.reflect.NativeMethodAccessorImpl.invoke(NativeMethodAccessorImpl.java:39) ~[na:1.6.0_38]
	at sun.reflect.DelegatingMethodAccessorImpl.invoke(DelegatingMethodAccessorImpl.java:25) ~[na:1.6.0_38]
	at java.lang.reflect.Method.invoke(Method.java:597) ~[na:1.6.0_38]
	at org.springframework.beans.factory.annotation.InitDestroyAnnotationBeanPostProcessor$LifecycleElement.invoke(InitDestroyAnnotationBeanPostProcessor.java:340) [spring-beans-3.0.6.RELEASE.jar:3.0.6.RELEASE]
	at org.springframework.beans.factory.annotation.InitDestroyAnnotationBeanPostProcessor$LifecycleMetadata.invokeDestroyMethods(InitDestroyAnnotationBeanPostProcessor.java:305) [spring-beans-3.0.6.RELEASE.jar:3.0.6.RELEASE]
	at org.springframework.beans.factory.annotation.InitDestroyAnnotationBeanPostProcessor.postProcessBeforeDestruction(InitDestroyAnnotationBeanPostProcessor.java:148) [spring-beans-3.0.6.RELEASE.jar:3.0.6.RELEASE]
	at org.springframework.beans.factory.support.DisposableBeanAdapter.destroy(DisposableBeanAdapter.java:166) [spring-beans-3.0.6.RELEASE.jar:3.0.6.RELEASE]
	at org.springframework.beans.factory.support.DefaultSingletonBeanRegistry.destroyBean(DefaultSingletonBeanRegistry.java:487) [spring-beans-3.0.6.RELEASE.jar:3.0.6.RELEASE]
	at org.springframework.beans.factory.support.DefaultSingletonBeanRegistry.destroySingleton(DefaultSingletonBeanRegistry.java:463) [spring-beans-3.0.6.RELEASE.jar:3.0.6.RELEASE]
	at org.springframework.beans.factory.support.DefaultSingletonBeanRegistry.destroySingletons(DefaultSingletonBeanRegistry.java:431) [spring-beans-3.0.6.RELEASE.jar:3.0.6.RELEASE]
	at org.springframework.context.support.AbstractApplicationContext.destroyBeans(AbstractApplicationContext.java:1048) [spring-context-3.0.6.RELEASE.jar:3.0.6.RELEASE]
	at org.springframework.context.support.AbstractApplicationContext.refresh(AbstractApplicationContext.java:433) [spring-context-3.0.6.RELEASE.jar:3.0.6.RELEASE]
	at org.springframework.test.context.support.AbstractGenericContextLoader.loadContext(AbstractGenericContextLoader.java:84) [spring-test-3.0.6.RELEASE.jar:3.0.6.RELEASE]
	at org.springframework.test.context.support.AbstractGenericContextLoader.loadContext(AbstractGenericContextLoader.java:1) [spring-test-3.0.6.RELEASE.jar:3.0.6.RELEASE]
	at org.springframework.test.context.TestContext.loadApplicationContext(TestContext.java:280) [spring-test-3.0.6.RELEASE.jar:3.0.6.RELEASE]
	at org.springframework.test.context.TestContext.getApplicationContext(TestContext.java:304) [spring-test-3.0.6.RELEASE.jar:3.0.6.RELEASE]
	at org.springframework.test.context.support.DependencyInjectionTestExecutionListener.injectDependencies(DependencyInjectionTestExecutionListener.java:109) [spring-test-3.0.6.RELEASE.jar:3.0.6.RELEASE]
	at org.springframework.test.context.support.DependencyInjectionTestExecutionListener.prepareTestInstance(DependencyInjectionTestExecutionListener.java:75) [spring-test-3.0.6.RELEASE.jar:3.0.6.RELEASE]
	at org.springframework.test.context.TestContextManager.prepareTestInstance(TestContextManager.java:321) [spring-test-3.0.6.RELEASE.jar:3.0.6.RELEASE]
	at org.spockframework.spring.SpringTestContextManager.prepareTestInstance(SpringTestContextManager.java:49) [spock-spring-0.7-groovy-2.0.jar:na]
	at org.spockframework.spring.SpringInterceptor.interceptSetupMethod(SpringInterceptor.java:42) [spock-spring-0.7-groovy-2.0.jar:na]
	at org.spockframework.runtime.extension.AbstractMethodInterceptor.intercept(AbstractMethodInterceptor.java:28) [spock-core-0.7-groovy-2.0.jar:na]
	at org.spockframework.runtime.extension.MethodInvocation.proceed(MethodInvocation.java:84) [spock-core-0.7-groovy-2.0.jar:na]
	at org.spockframework.runtime.BaseSpecRunner.invoke(BaseSpecRunner.java:319) [spock-core-0.7-groovy-2.0.jar:na]
	at org.spockframework.runtime.BaseSpecRunner.invokeSetup(BaseSpecRunner.java:279) [spock-core-0.7-groovy-2.0.jar:na]
	at org.spockframework.runtime.BaseSpecRunner.doRunIteration(BaseSpecRunner.java:255) [spock-core-0.7-groovy-2.0.jar:na]
	at sun.reflect.GeneratedMethodAccessor5.invoke(Unknown Source) ~[na:na]
	at sun.reflect.DelegatingMethodAccessorImpl.invoke(DelegatingMethodAccessorImpl.java:25) ~[na:1.6.0_38]
	at java.lang.reflect.Method.invoke(Method.java:597) ~[na:1.6.0_38]
	at org.spockframework.util.ReflectionUtil.invokeMethod(ReflectionUtil.java:138) [spock-core-0.7-groovy-2.0.jar:na]
	at org.spockframework.runtime.BaseSpecRunner.invokeRaw(BaseSpecRunner.java:330) [spock-core-0.7-groovy-2.0.jar:na]
	at org.spockframework.runtime.BaseSpecRunner.invoke(BaseSpecRunner.java:311) [spock-core-0.7-groovy-2.0.jar:na]
	at org.spockframework.runtime.BaseSpecRunner.runIteration(BaseSpecRunner.java:223) [spock-core-0.7-groovy-2.0.jar:na]
	at org.spockframework.runtime.BaseSpecRunner.initializeAndRunIteration(BaseSpecRunner.java:214) [spock-core-0.7-groovy-2.0.jar:na]
	at org.spockframework.runtime.BaseSpecRunner.runSimpleFeature(BaseSpecRunner.java:205) [spock-core-0.7-groovy-2.0.jar:na]
	at org.spockframework.runtime.BaseSpecRunner.doRunFeature(BaseSpecRunner.java:199) [spock-core-0.7-groovy-2.0.jar:na]
	at sun.reflect.GeneratedMethodAccessor7.invoke(Unknown Source) ~[na:na]
	at sun.reflect.DelegatingMethodAccessorImpl.invoke(DelegatingMethodAccessorImpl.java:25) ~[na:1.6.0_38]
	at java.lang.reflect.Method.invoke(Method.java:597) ~[na:1.6.0_38]
	at org.spockframework.util.ReflectionUtil.invokeMethod(ReflectionUtil.java:138) [spock-core-0.7-groovy-2.0.jar:na]
	at org.spockframework.runtime.BaseSpecRunner.invokeRaw(BaseSpecRunner.java:330) [spock-core-0.7-groovy-2.0.jar:na]
	at org.spockframework.runtime.BaseSpecRunner.invoke(BaseSpecRunner.java:311) [spock-core-0.7-groovy-2.0.jar:na]
	at org.spockframework.runtime.BaseSpecRunner.runFeature(BaseSpecRunner.java:175) [spock-core-0.7-groovy-2.0.jar:na]
	at org.spockframework.runtime.BaseSpecRunner.runFeatures(BaseSpecRunner.java:152) [spock-core-0.7-groovy-2.0.jar:na]
	at org.spockframework.runtime.BaseSpecRunner.doRunSpec(BaseSpecRunner.java:112) [spock-core-0.7-groovy-2.0.jar:na]
	at sun.reflect.GeneratedMethodAccessor11.invoke(Unknown Source) ~[na:na]
	at sun.reflect.DelegatingMethodAccessorImpl.invoke(DelegatingMethodAccessorImpl.java:25) ~[na:1.6.0_38]
	at java.lang.reflect.Method.invoke(Method.java:597) ~[na:1.6.0_38]
	at org.spockframework.util.ReflectionUtil.invokeMethod(ReflectionUtil.java:138) [spock-core-0.7-groovy-2.0.jar:na]
	at org.spockframework.runtime.BaseSpecRunner.invokeRaw(BaseSpecRunner.java:330) [spock-core-0.7-groovy-2.0.jar:na]
	at org.spockframework.runtime.BaseSpecRunner.invoke(BaseSpecRunner.java:311) [spock-core-0.7-groovy-2.0.jar:na]
	at org.spockframework.runtime.BaseSpecRunner.runSpec(BaseSpecRunner.java:91) [spock-core-0.7-groovy-2.0.jar:na]
	at org.spockframework.runtime.BaseSpecRunner.run(BaseSpecRunner.java:82) [spock-core-0.7-groovy-2.0.jar:na]
	at org.spockframework.runtime.Sputnik.run(Sputnik.java:63) [spock-core-0.7-groovy-2.0.jar:na]
	at org.apache.maven.surefire.junit4.JUnit4TestSet.execute(JUnit4TestSet.java:53) [surefire-junit4-2.10.jar:2.10]
	at org.apache.maven.surefire.junit4.JUnit4Provider.executeTestSet(JUnit4Provider.java:123) [surefire-junit4-2.10.jar:2.10]
	at org.apache.maven.surefire.junit4.JUnit4Provider.invoke(JUnit4Provider.java:104) [surefire-junit4-2.10.jar:2.10]
	at sun.reflect.NativeMethodAccessorImpl.invoke0(Native Method) ~[na:1.6.0_38]
	at sun.reflect.NativeMethodAccessorImpl.invoke(NativeMethodAccessorImpl.java:39) ~[na:1.6.0_38]
	at sun.reflect.DelegatingMethodAccessorImpl.invoke(DelegatingMethodAccessorImpl.java:25) ~[na:1.6.0_38]
	at java.lang.reflect.Method.invoke(Method.java:597) ~[na:1.6.0_38]
	at org.apache.maven.surefire.util.ReflectionUtils.invokeMethodWithArray(ReflectionUtils.java:164) [surefire-api-2.10.jar:2.10]
	at org.apache.maven.surefire.booter.ProviderFactory$ProviderProxy.invoke(ProviderFactory.java:110) [surefire-booter-2.10.jar:2.10]
	at org.apache.maven.surefire.booter.SurefireStarter.invokeProvider(SurefireStarter.java:175) [surefire-booter-2.10.jar:2.10]
	at org.apache.maven.surefire.booter.SurefireStarter.runSuitesInProcessWhenForked(SurefireStarter.java:107) [surefire-booter-2.10.jar:2.10]
	at org.apache.maven.surefire.booter.ForkedBooter.main(ForkedBooter.java:68) [surefire-booter-2.10.jar:2.10]
22:04:49.139 [main] WARN  o.s.c.a.CommonAnnotationBeanPostProcessor - Invocation of destroy method failed on bean with name &apos;accountOndemandSyncJob&apos;: com.rackspace.search.exception.NotFoundException: Index is missing
22:04:49.144 [main] ERROR c.r.s.e.client.ElasticSearchClient - Index is missing
org.elasticsearch.indices.IndexMissingException: [admin] missing
	at org.elasticsearch.cluster.metadata.MetaData.concreteIndex(MetaData.java:616) ~[elasticsearch-0.90.2.jar:na]
	at org.elasticsearch.action.get.TransportGetAction.resolveRequest(TransportGetAction.java:90) ~[elasticsearch-0.90.2.jar:na]
	at org.elasticsearch.action.get.TransportGetAction.resolveRequest(TransportGetAction.java:42) ~[elasticsearch-0.90.2.jar:na]
	at org.elasticsearch.action.support.single.shard.TransportShardSingleOperationAction$AsyncSingleAction.&lt;init&gt;(TransportShardSingleOperationAction.java:114) ~[elasticsearch-0.90.2.jar:na]
	at org.elasticsearch.action.support.single.shard.TransportShardSingleOperationAction$AsyncSingleAction.&lt;init&gt;(TransportShardSingleOperationAction.java:94) ~[elasticsearch-0.90.2.jar:na]
	at org.elasticsearch.action.support.single.shard.TransportShardSingleOperationAction.doExecute(TransportShardSingleOperationAction.java:71) ~[elasticsearch-0.90.2.jar:na]
	at org.elasticsearch.action.support.single.shard.TransportShardSingleOperationAction.doExecute(TransportShardSingleOperationAction.java:46) ~[elasticsearch-0.90.2.jar:na]
	at org.elasticsearch.action.support.TransportAction.execute(TransportAction.java:61) ~[elasticsearch-0.90.2.jar:na]
	at org.elasticsearch.client.node.NodeClient.execute(NodeClient.java:92) ~[elasticsearch-0.90.2.jar:na]
	at org.elasticsearch.client.support.AbstractClient.get(AbstractClient.java:179) ~[elasticsearch-0.90.2.jar:na]
	at org.elasticsearch.action.get.GetRequestBuilder.doExecute(GetRequestBuilder.java:112) ~[elasticsearch-0.90.2.jar:na]
	at org.elasticsearch.action.ActionRequestBuilder.execute(ActionRequestBuilder.java:62) ~[elasticsearch-0.90.2.jar:na]
	at org.elasticsearch.action.ActionRequestBuilder.execute(ActionRequestBuilder.java:57) ~[elasticsearch-0.90.2.jar:na]
	at org.elasticsearch.action.ActionRequestBuilder$execute.call(Unknown Source) ~[na:na]
	at com.rackspace.search.elasticsearch.client.ElasticSearchClient.getDocument(ElasticSearchClient.groovy:209) ~[classes/:na]
	at com.rackspace.search.elasticsearch.client.ElasticSearchClient$getDocument.call(Unknown Source) [classes/:na]
	at com.rackspace.search.service.JobService.getJob(JobService.groovy:56) [classes/:na]
	at com.rackspace.search.service.JobService$getJob$0.callCurrent(Unknown Source) [classes/:na]
	at com.rackspace.search.service.JobService.getJob(JobService.groovy:52) [classes/:na]
	at com.rackspace.search.service.JobService$getJob.call(Unknown Source) [classes/:na]
	at com.rackspace.search.service.account.CoreAccountOnetimeSyncJob.windupActivities(CoreAccountOnetimeSyncJob.groovy:58) [classes/:na]
	at sun.reflect.NativeMethodAccessorImpl.invoke0(Native Method) ~[na:1.6.0_38]
	at sun.reflect.NativeMethodAccessorImpl.invoke(NativeMethodAccessorImpl.java:39) ~[na:1.6.0_38]
	at sun.reflect.DelegatingMethodAccessorImpl.invoke(DelegatingMethodAccessorImpl.java:25) ~[na:1.6.0_38]
	at java.lang.reflect.Method.invoke(Method.java:597) ~[na:1.6.0_38]
	at org.springframework.beans.factory.annotation.InitDestroyAnnotationBeanPostProcessor$LifecycleElement.invoke(InitDestroyAnnotationBeanPostProcessor.java:340) [spring-beans-3.0.6.RELEASE.jar:3.0.6.RELEASE]
	at org.springframework.beans.factory.annotation.InitDestroyAnnotationBeanPostProcessor$LifecycleMetadata.invokeDestroyMethods(InitDestroyAnnotationBeanPostProcessor.java:305) [spring-beans-3.0.6.RELEASE.jar:3.0.6.RELEASE]
	at org.springframework.beans.factory.annotation.InitDestroyAnnotationBeanPostProcessor.postProcessBeforeDestruction(InitDestroyAnnotationBeanPostProcessor.java:148) [spring-beans-3.0.6.RELEASE.jar:3.0.6.RELEASE]
	at org.springframework.beans.factory.support.DisposableBeanAdapter.destroy(DisposableBeanAdapter.java:166) [spring-beans-3.0.6.RELEASE.jar:3.0.6.RELEASE]
	at org.springframework.beans.factory.support.DefaultSingletonBeanRegistry.destroyBean(DefaultSingletonBeanRegistry.java:487) [spring-beans-3.0.6.RELEASE.jar:3.0.6.RELEASE]
	at org.springframework.beans.factory.support.DefaultSingletonBeanRegistry.destroySingleton(DefaultSingletonBeanRegistry.java:463) [spring-beans-3.0.6.RELEASE.jar:3.0.6.RELEASE]
	at org.springframework.beans.factory.support.DefaultSingletonBeanRegistry.destroySingletons(DefaultSingletonBeanRegistry.java:431) [spring-beans-3.0.6.RELEASE.jar:3.0.6.RELEASE]
	at org.springframework.context.support.AbstractApplicationContext.destroyBeans(AbstractApplicationContext.java:1048) [spring-context-3.0.6.RELEASE.jar:3.0.6.RELEASE]
	at org.springframework.context.support.AbstractApplicationContext.refresh(AbstractApplicationContext.java:433) [spring-context-3.0.6.RELEASE.jar:3.0.6.RELEASE]
	at org.springframework.test.context.support.AbstractGenericContextLoader.loadContext(AbstractGenericContextLoader.java:84) [spring-test-3.0.6.RELEASE.jar:3.0.6.RELEASE]
	at org.springframework.test.context.support.AbstractGenericContextLoader.loadContext(AbstractGenericContextLoader.java:1) [spring-test-3.0.6.RELEASE.jar:3.0.6.RELEASE]
	at org.springframework.test.context.TestContext.loadApplicationContext(TestContext.java:280) [spring-test-3.0.6.RELEASE.jar:3.0.6.RELEASE]
	at org.springframework.test.context.TestContext.getApplicationContext(TestContext.java:304) [spring-test-3.0.6.RELEASE.jar:3.0.6.RELEASE]
	at org.springframework.test.context.support.DependencyInjectionTestExecutionListener.injectDependencies(DependencyInjectionTestExecutionListener.java:109) [spring-test-3.0.6.RELEASE.jar:3.0.6.RELEASE]
	at org.springframework.test.context.support.DependencyInjectionTestExecutionListener.prepareTestInstance(DependencyInjectionTestExecutionListener.java:75) [spring-test-3.0.6.RELEASE.jar:3.0.6.RELEASE]
	at org.springframework.test.context.TestContextManager.prepareTestInstance(TestContextManager.java:321) [spring-test-3.0.6.RELEASE.jar:3.0.6.RELEASE]
	at org.spockframework.spring.SpringTestContextManager.prepareTestInstance(SpringTestContextManager.java:49) [spock-spring-0.7-groovy-2.0.jar:na]
	at org.spockframework.spring.SpringInterceptor.interceptSetupMethod(SpringInterceptor.java:42) [spock-spring-0.7-groovy-2.0.jar:na]
	at org.spockframework.runtime.extension.AbstractMethodInterceptor.intercept(AbstractMethodInterceptor.java:28) [spock-core-0.7-groovy-2.0.jar:na]
	at org.spockframework.runtime.extension.MethodInvocation.proceed(MethodInvocation.java:84) [spock-core-0.7-groovy-2.0.jar:na]
	at org.spockframework.runtime.BaseSpecRunner.invoke(BaseSpecRunner.java:319) [spock-core-0.7-groovy-2.0.jar:na]
	at org.spockframework.runtime.BaseSpecRunner.invokeSetup(BaseSpecRunner.java:279) [spock-core-0.7-groovy-2.0.jar:na]
	at org.spockframework.runtime.BaseSpecRunner.doRunIteration(BaseSpecRunner.java:255) [spock-core-0.7-groovy-2.0.jar:na]
	at sun.reflect.GeneratedMethodAccessor5.invoke(Unknown Source) ~[na:na]
	at sun.reflect.DelegatingMethodAccessorImpl.invoke(DelegatingMethodAccessorImpl.java:25) ~[na:1.6.0_38]
	at java.lang.reflect.Method.invoke(Method.java:597) ~[na:1.6.0_38]
	at org.spockframework.util.ReflectionUtil.invokeMethod(ReflectionUtil.java:138) [spock-core-0.7-groovy-2.0.jar:na]
	at org.spockframework.runtime.BaseSpecRunner.invokeRaw(BaseSpecRunner.java:330) [spock-core-0.7-groovy-2.0.jar:na]
	at org.spockframework.runtime.BaseSpecRunner.invoke(BaseSpecRunner.java:311) [spock-core-0.7-groovy-2.0.jar:na]
	at org.spockframework.runtime.BaseSpecRunner.runIteration(BaseSpecRunner.java:223) [spock-core-0.7-groovy-2.0.jar:na]
	at org.spockframework.runtime.BaseSpecRunner.initializeAndRunIteration(BaseSpecRunner.java:214) [spock-core-0.7-groovy-2.0.jar:na]
	at org.spockframework.runtime.BaseSpecRunner.runSimpleFeature(BaseSpecRunner.java:205) [spock-core-0.7-groovy-2.0.jar:na]
	at org.spockframework.runtime.BaseSpecRunner.doRunFeature(BaseSpecRunner.java:199) [spock-core-0.7-groovy-2.0.jar:na]
	at sun.reflect.GeneratedMethodAccessor7.invoke(Unknown Source) ~[na:na]
	at sun.reflect.DelegatingMethodAccessorImpl.invoke(DelegatingMethodAccessorImpl.java:25) ~[na:1.6.0_38]
	at java.lang.reflect.Method.invoke(Method.java:597) ~[na:1.6.0_38]
	at org.spockframework.util.ReflectionUtil.invokeMethod(ReflectionUtil.java:138) [spock-core-0.7-groovy-2.0.jar:na]
	at org.spockframework.runtime.BaseSpecRunner.invokeRaw(BaseSpecRunner.java:330) [spock-core-0.7-groovy-2.0.jar:na]
	at org.spockframework.runtime.BaseSpecRunner.invoke(BaseSpecRunner.java:311) [spock-core-0.7-groovy-2.0.jar:na]
	at org.spockframework.runtime.BaseSpecRunner.runFeature(BaseSpecRunner.java:175) [spock-core-0.7-groovy-2.0.jar:na]
	at org.spockframework.runtime.BaseSpecRunner.runFeatures(BaseSpecRunner.java:152) [spock-core-0.7-groovy-2.0.jar:na]
	at org.spockframework.runtime.BaseSpecRunner.doRunSpec(BaseSpecRunner.java:112) [spock-core-0.7-groovy-2.0.jar:na]
	at sun.reflect.GeneratedMethodAccessor11.invoke(Unknown Source) ~[na:na]
	at sun.reflect.DelegatingMethodAccessorImpl.invoke(DelegatingMethodAccessorImpl.java:25) ~[na:1.6.0_38]
	at java.lang.reflect.Method.invoke(Method.java:597) ~[na:1.6.0_38]
	at org.spockframework.util.ReflectionUtil.invokeMethod(ReflectionUtil.java:138) [spock-core-0.7-groovy-2.0.jar:na]
	at org.spockframework.runtime.BaseSpecRunner.invokeRaw(BaseSpecRunner.java:330) [spock-core-0.7-groovy-2.0.jar:na]
	at org.spockframework.runtime.BaseSpecRunner.invoke(BaseSpecRunner.java:311) [spock-core-0.7-groovy-2.0.jar:na]
	at org.spockframework.runtime.BaseSpecRunner.runSpec(BaseSpecRunner.java:91) [spock-core-0.7-groovy-2.0.jar:na]
	at org.spockframework.runtime.BaseSpecRunner.run(BaseSpecRunner.java:82) [spock-core-0.7-groovy-2.0.jar:na]
	at org.spockframework.runtime.Sputnik.run(Sputnik.java:63) [spock-core-0.7-groovy-2.0.jar:na]
	at org.apache.maven.surefire.junit4.JUnit4TestSet.execute(JUnit4TestSet.java:53) [surefire-junit4-2.10.jar:2.10]
	at org.apache.maven.surefire.junit4.JUnit4Provider.executeTestSet(JUnit4Provider.java:123) [surefire-junit4-2.10.jar:2.10]
	at org.apache.maven.surefire.junit4.JUnit4Provider.invoke(JUnit4Provider.java:104) [surefire-junit4-2.10.jar:2.10]
	at sun.reflect.NativeMethodAccessorImpl.invoke0(Native Method) ~[na:1.6.0_38]
	at sun.reflect.NativeMethodAccessorImpl.invoke(NativeMethodAccessorImpl.java:39) ~[na:1.6.0_38]
	at sun.reflect.DelegatingMethodAccessorImpl.invoke(DelegatingMethodAccessorImpl.java:25) ~[na:1.6.0_38]
	at java.lang.reflect.Method.invoke(Method.java:597) ~[na:1.6.0_38]
	at org.apache.maven.surefire.util.ReflectionUtils.invokeMethodWithArray(ReflectionUtils.java:164) [surefire-api-2.10.jar:2.10]
	at org.apache.maven.surefire.booter.ProviderFactory$ProviderProxy.invoke(ProviderFactory.java:110) [surefire-booter-2.10.jar:2.10]
	at org.apache.maven.surefire.booter.SurefireStarter.invokeProvider(SurefireStarter.java:175) [surefire-booter-2.10.jar:2.10]
	at org.apache.maven.surefire.booter.SurefireStarter.runSuitesInProcessWhenForked(SurefireStarter.java:107) [surefire-booter-2.10.jar:2.10]
	at org.apache.maven.surefire.booter.ForkedBooter.main(ForkedBooter.java:68) [surefire-booter-2.10.jar:2.10]
22:04:49.145 [main] WARN  o.s.c.a.CommonAnnotationBeanPostProcessor - Invocation of destroy method failed on bean with name &apos;coreAccountOnetimeSyncJob&apos;: com.rackspace.search.exception.NotFoundException: Index is missing
22:04:49.150 [main] ERROR c.r.s.e.client.ElasticSearchClient - Index is missing
org.elasticsearch.indices.IndexMissingException: [admin] missing
	at org.elasticsearch.cluster.metadata.MetaData.concreteIndex(MetaData.java:616) ~[elasticsearch-0.90.2.jar:na]
	at org.elasticsearch.action.get.TransportGetAction.resolveRequest(TransportGetAction.java:90) ~[elasticsearch-0.90.2.jar:na]
	at org.elasticsearch.action.get.TransportGetAction.resolveRequest(TransportGetAction.java:42) ~[elasticsearch-0.90.2.jar:na]
	at org.elasticsearch.action.support.single.shard.TransportShardSingleOperationAction$AsyncSingleAction.&lt;init&gt;(TransportShardSingleOperationAction.java:114) ~[elasticsearch-0.90.2.jar:na]
	at org.elasticsearch.action.support.single.shard.TransportShardSingleOperationAction$AsyncSingleAction.&lt;init&gt;(TransportShardSingleOperationAction.java:94) ~[elasticsearch-0.90.2.jar:na]
	at org.elasticsearch.action.support.single.shard.TransportShardSingleOperationAction.doExecute(TransportShardSingleOperationAction.java:71) ~[elasticsearch-0.90.2.jar:na]
	at org.elasticsearch.action.support.single.shard.TransportShardSingleOperationAction.doExecute(TransportShardSingleOperationAction.java:46) ~[elasticsearch-0.90.2.jar:na]
	at org.elasticsearch.action.support.TransportAction.execute(TransportAction.java:61) ~[elasticsearch-0.90.2.jar:na]
	at org.elasticsearch.client.node.NodeClient.execute(NodeClient.java:92) ~[elasticsearch-0.90.2.jar:na]
	at org.elasticsearch.client.support.AbstractClient.get(AbstractClient.java:179) ~[elasticsearch-0.90.2.jar:na]
	at org.elasticsearch.action.get.GetRequestBuilder.doExecute(GetRequestBuilder.java:112) ~[elasticsearch-0.90.2.jar:na]
	at org.elasticsearch.action.ActionRequestBuilder.execute(ActionRequestBuilder.java:62) ~[elasticsearch-0.90.2.jar:na]
	at org.elasticsearch.action.ActionRequestBuilder.execute(ActionRequestBuilder.java:57) ~[elasticsearch-0.90.2.jar:na]
	at org.elasticsearch.action.ActionRequestBuilder$execute.call(Unknown Source) ~[na:na]
	at com.rackspace.search.elasticsearch.client.ElasticSearchClient.getDocument(ElasticSearchClient.groovy:209) ~[classes/:na]
	at com.rackspace.search.elasticsearch.client.ElasticSearchClient$getDocument.call(Unknown Source) [classes/:na]
	at com.rackspace.search.service.JobService.getJob(JobService.groovy:56) [classes/:na]
	at com.rackspace.search.service.JobService$getJob$0.callCurrent(Unknown Source) [classes/:na]
	at com.rackspace.search.service.JobService.getJob(JobService.groovy:52) [classes/:na]
	at com.rackspace.search.service.JobService$getJob.call(Unknown Source) [classes/:na]
	at com.rackspace.search.service.account.CoreAccountUpdateSyncJob.windupActivities(CoreAccountUpdateSyncJob.groovy:88) [classes/:na]
	at sun.reflect.NativeMethodAccessorImpl.invoke0(Native Method) ~[na:1.6.0_38]
	at sun.reflect.NativeMethodAccessorImpl.invoke(NativeMethodAccessorImpl.java:39) ~[na:1.6.0_38]
	at sun.reflect.DelegatingMethodAccessorImpl.invoke(DelegatingMethodAccessorImpl.java:25) ~[na:1.6.0_38]
	at java.lang.reflect.Method.invoke(Method.java:597) ~[na:1.6.0_38]
	at org.springframework.beans.factory.annotation.InitDestroyAnnotationBeanPostProcessor$LifecycleElement.invoke(InitDestroyAnnotationBeanPostProcessor.java:340) [spring-beans-3.0.6.RELEASE.jar:3.0.6.RELEASE]
	at org.springframework.beans.factory.annotation.InitDestroyAnnotationBeanPostProcessor$LifecycleMetadata.invokeDestroyMethods(InitDestroyAnnotationBeanPostProcessor.java:305) [spring-beans-3.0.6.RELEASE.jar:3.0.6.RELEASE]
	at org.springframework.beans.factory.annotation.InitDestroyAnnotationBeanPostProcessor.postProcessBeforeDestruction(InitDestroyAnnotationBeanPostProcessor.java:148) [spring-beans-3.0.6.RELEASE.jar:3.0.6.RELEASE]
	at org.springframework.beans.factory.support.DisposableBeanAdapter.destroy(DisposableBeanAdapter.java:166) [spring-beans-3.0.6.RELEASE.jar:3.0.6.RELEASE]
	at org.springframework.beans.factory.support.DefaultSingletonBeanRegistry.destroyBean(DefaultSingletonBeanRegistry.java:487) [spring-beans-3.0.6.RELEASE.jar:3.0.6.RELEASE]
	at org.springframework.beans.factory.support.DefaultSingletonBeanRegistry.destroySingleton(DefaultSingletonBeanRegistry.java:463) [spring-beans-3.0.6.RELEASE.jar:3.0.6.RELEASE]
	at org.springframework.beans.factory.support.DefaultSingletonBeanRegistry.destroySingletons(DefaultSingletonBeanRegistry.java:431) [spring-beans-3.0.6.RELEASE.jar:3.0.6.RELEASE]
	at org.springframework.context.support.AbstractApplicationContext.destroyBeans(AbstractApplicationContext.java:1048) [spring-context-3.0.6.RELEASE.jar:3.0.6.RELEASE]
	at org.springframework.context.support.AbstractApplicationContext.refresh(AbstractApplicationContext.java:433) [spring-context-3.0.6.RELEASE.jar:3.0.6.RELEASE]
	at org.springframework.test.context.support.AbstractGenericContextLoader.loadContext(AbstractGenericContextLoader.java:84) [spring-test-3.0.6.RELEASE.jar:3.0.6.RELEASE]
	at org.springframework.test.context.support.AbstractGenericContextLoader.loadContext(AbstractGenericContextLoader.java:1) [spring-test-3.0.6.RELEASE.jar:3.0.6.RELEASE]
	at org.springframework.test.context.TestContext.loadApplicationContext(TestContext.java:280) [spring-test-3.0.6.RELEASE.jar:3.0.6.RELEASE]
	at org.springframework.test.context.TestContext.getApplicationContext(TestContext.java:304) [spring-test-3.0.6.RELEASE.jar:3.0.6.RELEASE]
	at org.springframework.test.context.support.DependencyInjectionTestExecutionListener.injectDependencies(DependencyInjectionTestExecutionListener.java:109) [spring-test-3.0.6.RELEASE.jar:3.0.6.RELEASE]
	at org.springframework.test.context.support.DependencyInjectionTestExecutionListener.prepareTestInstance(DependencyInjectionTestExecutionListener.java:75) [spring-test-3.0.6.RELEASE.jar:3.0.6.RELEASE]
	at org.springframework.test.context.TestContextManager.prepareTestInstance(TestContextManager.java:321) [spring-test-3.0.6.RELEASE.jar:3.0.6.RELEASE]
	at org.spockframework.spring.SpringTestContextManager.prepareTestInstance(SpringTestContextManager.java:49) [spock-spring-0.7-groovy-2.0.jar:na]
	at org.spockframework.spring.SpringInterceptor.interceptSetupMethod(SpringInterceptor.java:42) [spock-spring-0.7-groovy-2.0.jar:na]
	at org.spockframework.runtime.extension.AbstractMethodInterceptor.intercept(AbstractMethodInterceptor.java:28) [spock-core-0.7-groovy-2.0.jar:na]
	at org.spockframework.runtime.extension.MethodInvocation.proceed(MethodInvocation.java:84) [spock-core-0.7-groovy-2.0.jar:na]
	at org.spockframework.runtime.BaseSpecRunner.invoke(BaseSpecRunner.java:319) [spock-core-0.7-groovy-2.0.jar:na]
	at org.spockframework.runtime.BaseSpecRunner.invokeSetup(BaseSpecRunner.java:279) [spock-core-0.7-groovy-2.0.jar:na]
	at org.spockframework.runtime.BaseSpecRunner.doRunIteration(BaseSpecRunner.java:255) [spock-core-0.7-groovy-2.0.jar:na]
	at sun.reflect.GeneratedMethodAccessor5.invoke(Unknown Source) ~[na:na]
	at sun.reflect.DelegatingMethodAccessorImpl.invoke(DelegatingMethodAccessorImpl.java:25) ~[na:1.6.0_38]
	at java.lang.reflect.Method.invoke(Method.java:597) ~[na:1.6.0_38]
	at org.spockframework.util.ReflectionUtil.invokeMethod(ReflectionUtil.java:138) [spock-core-0.7-groovy-2.0.jar:na]
	at org.spockframework.runtime.BaseSpecRunner.invokeRaw(BaseSpecRunner.java:330) [spock-core-0.7-groovy-2.0.jar:na]
	at org.spockframework.runtime.BaseSpecRunner.invoke(BaseSpecRunner.java:311) [spock-core-0.7-groovy-2.0.jar:na]
	at org.spockframework.runtime.BaseSpecRunner.runIteration(BaseSpecRunner.java:223) [spock-core-0.7-groovy-2.0.jar:na]
	at org.spockframework.runtime.BaseSpecRunner.initializeAndRunIteration(BaseSpecRunner.java:214) [spock-core-0.7-groovy-2.0.jar:na]
	at org.spockframework.runtime.BaseSpecRunner.runSimpleFeature(BaseSpecRunner.java:205) [spock-core-0.7-groovy-2.0.jar:na]
	at org.spockframework.runtime.BaseSpecRunner.doRunFeature(BaseSpecRunner.java:199) [spock-core-0.7-groovy-2.0.jar:na]
	at sun.reflect.GeneratedMethodAccessor7.invoke(Unknown Source) ~[na:na]
	at sun.reflect.DelegatingMethodAccessorImpl.invoke(DelegatingMethodAccessorImpl.java:25) ~[na:1.6.0_38]
	at java.lang.reflect.Method.invoke(Method.java:597) ~[na:1.6.0_38]
	at org.spockframework.util.ReflectionUtil.invokeMethod(ReflectionUtil.java:138) [spock-core-0.7-groovy-2.0.jar:na]
	at org.spockframework.runtime.BaseSpecRunner.invokeRaw(BaseSpecRunner.java:330) [spock-core-0.7-groovy-2.0.jar:na]
	at org.spockframework.runtime.BaseSpecRunner.invoke(BaseSpecRunner.java:311) [spock-core-0.7-groovy-2.0.jar:na]
	at org.spockframework.runtime.BaseSpecRunner.runFeature(BaseSpecRunner.java:175) [spock-core-0.7-groovy-2.0.jar:na]
	at org.spockframework.runtime.BaseSpecRunner.runFeatures(BaseSpecRunner.java:152) [spock-core-0.7-groovy-2.0.jar:na]
	at org.spockframework.runtime.BaseSpecRunner.doRunSpec(BaseSpecRunner.java:112) [spock-core-0.7-groovy-2.0.jar:na]
	at sun.reflect.GeneratedMethodAccessor11.invoke(Unknown Source) ~[na:na]
	at sun.reflect.DelegatingMethodAccessorImpl.invoke(DelegatingMethodAccessorImpl.java:25) ~[na:1.6.0_38]
	at java.lang.reflect.Method.invoke(Method.java:597) ~[na:1.6.0_38]
	at org.spockframework.util.ReflectionUtil.invokeMethod(ReflectionUtil.java:138) [spock-core-0.7-groovy-2.0.jar:na]
	at org.spockframework.runtime.BaseSpecRunner.invokeRaw(BaseSpecRunner.java:330) [spock-core-0.7-groovy-2.0.jar:na]
	at org.spockframework.runtime.BaseSpecRunner.invoke(BaseSpecRunner.java:311) [spock-core-0.7-groovy-2.0.jar:na]
	at org.spockframework.runtime.BaseSpecRunner.runSpec(BaseSpecRunner.java:91) [spock-core-0.7-groovy-2.0.jar:na]
	at org.spockframework.runtime.BaseSpecRunner.run(BaseSpecRunner.java:82) [spock-core-0.7-groovy-2.0.jar:na]
	at org.spockframework.runtime.Sputnik.run(Sputnik.java:63) [spock-core-0.7-groovy-2.0.jar:na]
	at org.apache.maven.surefire.junit4.JUnit4TestSet.execute(JUnit4TestSet.java:53) [surefire-junit4-2.10.jar:2.10]
	at org.apache.maven.surefire.junit4.JUnit4Provider.executeTestSet(JUnit4Provider.java:123) [surefire-junit4-2.10.jar:2.10]
	at org.apache.maven.surefire.junit4.JUnit4Provider.invoke(JUnit4Provider.java:104) [surefire-junit4-2.10.jar:2.10]
	at sun.reflect.NativeMethodAccessorImpl.invoke0(Native Method) ~[na:1.6.0_38]
	at sun.reflect.NativeMethodAccessorImpl.invoke(NativeMethodAccessorImpl.java:39) ~[na:1.6.0_38]
	at sun.reflect.DelegatingMethodAccessorImpl.invoke(DelegatingMethodAccessorImpl.java:25) ~[na:1.6.0_38]
	at java.lang.reflect.Method.invoke(Method.java:597) ~[na:1.6.0_38]
	at org.apache.maven.surefire.util.ReflectionUtils.invokeMethodWithArray(ReflectionUtils.java:164) [surefire-api-2.10.jar:2.10]
	at org.apache.maven.surefire.booter.ProviderFactory$ProviderProxy.invoke(ProviderFactory.java:110) [surefire-booter-2.10.jar:2.10]
	at org.apache.maven.surefire.booter.SurefireStarter.invokeProvider(SurefireStarter.java:175) [surefire-booter-2.10.jar:2.10]
	at org.apache.maven.surefire.booter.SurefireStarter.runSuitesInProcessWhenForked(SurefireStarter.java:107) [surefire-booter-2.10.jar:2.10]
	at org.apache.maven.surefire.booter.ForkedBooter.main(ForkedBooter.java:68) [surefire-booter-2.10.jar:2.10]
22:04:49.151 [main] WARN  o.s.c.a.CommonAnnotationBeanPostProcessor - Invocation of destroy method failed on bean with name &apos;coreAccountUpdateSyncJob&apos;: com.rackspace.search.exception.NotFoundException: Index is missing
22:04:49.156 [main] ERROR c.r.s.e.client.ElasticSearchClient - Index is missing
org.elasticsearch.indices.IndexMissingException: [admin] missing
	at org.elasticsearch.cluster.metadata.MetaData.concreteIndex(MetaData.java:616) ~[elasticsearch-0.90.2.jar:na]
	at org.elasticsearch.action.get.TransportGetAction.resolveRequest(TransportGetAction.java:90) ~[elasticsearch-0.90.2.jar:na]
	at org.elasticsearch.action.get.TransportGetAction.resolveRequest(TransportGetAction.java:42) ~[elasticsearch-0.90.2.jar:na]
	at org.elasticsearch.action.support.single.shard.TransportShardSingleOperationAction$AsyncSingleAction.&lt;init&gt;(TransportShardSingleOperationAction.java:114) ~[elasticsearch-0.90.2.jar:na]
	at org.elasticsearch.action.support.single.shard.TransportShardSingleOperationAction$AsyncSingleAction.&lt;init&gt;(TransportShardSingleOperationAction.java:94) ~[elasticsearch-0.90.2.jar:na]
	at org.elasticsearch.action.support.single.shard.TransportShardSingleOperationAction.doExecute(TransportShardSingleOperationAction.java:71) ~[elasticsearch-0.90.2.jar:na]
	at org.elasticsearch.action.support.single.shard.TransportShardSingleOperationAction.doExecute(TransportShardSingleOperationAction.java:46) ~[elasticsearch-0.90.2.jar:na]
	at org.elasticsearch.action.support.TransportAction.execute(TransportAction.java:61) ~[elasticsearch-0.90.2.jar:na]
	at org.elasticsearch.client.node.NodeClient.execute(NodeClient.java:92) ~[elasticsearch-0.90.2.jar:na]
	at org.elasticsearch.client.support.AbstractClient.get(AbstractClient.java:179) ~[elasticsearch-0.90.2.jar:na]
	at org.elasticsearch.action.get.GetRequestBuilder.doExecute(GetRequestBuilder.java:112) ~[elasticsearch-0.90.2.jar:na]
	at org.elasticsearch.action.ActionRequestBuilder.execute(ActionRequestBuilder.java:62) ~[elasticsearch-0.90.2.jar:na]
	at org.elasticsearch.action.ActionRequestBuilder.execute(ActionRequestBuilder.java:57) ~[elasticsearch-0.90.2.jar:na]
	at org.elasticsearch.action.ActionRequestBuilder$execute.call(Unknown Source) ~[na:na]
	at com.rackspace.search.elasticsearch.client.ElasticSearchClient.getDocument(ElasticSearchClient.groovy:209) ~[classes/:na]
	at com.rackspace.search.elasticsearch.client.ElasticSearchClient$getDocument.call(Unknown Source) [classes/:na]
	at com.rackspace.search.service.JobService.getJob(JobService.groovy:56) [classes/:na]
	at com.rackspace.search.service.JobService$getJob$0.callCurrent(Unknown Source) [classes/:na]
	at com.rackspace.search.service.JobService.getJob(JobService.groovy:52) [classes/:na]
	at com.rackspace.search.service.JobService$getJob.call(Unknown Source) [classes/:na]
	at com.rackspace.search.service.core.CoreTicketSecondPassSyncJob.windupActivities(CoreTicketSecondPassSyncJob.groovy:83) [classes/:na]
	at sun.reflect.NativeMethodAccessorImpl.invoke0(Native Method) ~[na:1.6.0_38]
	at sun.reflect.NativeMethodAccessorImpl.invoke(NativeMethodAccessorImpl.java:39) ~[na:1.6.0_38]
	at sun.reflect.DelegatingMethodAccessorImpl.invoke(DelegatingMethodAccessorImpl.java:25) ~[na:1.6.0_38]
	at java.lang.reflect.Method.invoke(Method.java:597) ~[na:1.6.0_38]
	at org.springframework.beans.factory.annotation.InitDestroyAnnotationBeanPostProcessor$LifecycleElement.invoke(InitDestroyAnnotationBeanPostProcessor.java:340) [spring-beans-3.0.6.RELEASE.jar:3.0.6.RELEASE]
	at org.springframework.beans.factory.annotation.InitDestroyAnnotationBeanPostProcessor$LifecycleMetadata.invokeDestroyMethods(InitDestroyAnnotationBeanPostProcessor.java:305) [spring-beans-3.0.6.RELEASE.jar:3.0.6.RELEASE]
	at org.springframework.beans.factory.annotation.InitDestroyAnnotationBeanPostProcessor.postProcessBeforeDestruction(InitDestroyAnnotationBeanPostProcessor.java:148) [spring-beans-3.0.6.RELEASE.jar:3.0.6.RELEASE]
	at org.springframework.beans.factory.support.DisposableBeanAdapter.destroy(DisposableBeanAdapter.java:166) [spring-beans-3.0.6.RELEASE.jar:3.0.6.RELEASE]
	at org.springframework.beans.factory.support.DefaultSingletonBeanRegistry.destroyBean(DefaultSingletonBeanRegistry.java:487) [spring-beans-3.0.6.RELEASE.jar:3.0.6.RELEASE]
	at org.springframework.beans.factory.support.DefaultSingletonBeanRegistry.destroySingleton(DefaultSingletonBeanRegistry.java:463) [spring-beans-3.0.6.RELEASE.jar:3.0.6.RELEASE]
	at org.springframework.beans.factory.support.DefaultSingletonBeanRegistry.destroySingletons(DefaultSingletonBeanRegistry.java:431) [spring-beans-3.0.6.RELEASE.jar:3.0.6.RELEASE]
	at org.springframework.context.support.AbstractApplicationContext.destroyBeans(AbstractApplicationContext.java:1048) [spring-context-3.0.6.RELEASE.jar:3.0.6.RELEASE]
	at org.springframework.context.support.AbstractApplicationContext.refresh(AbstractApplicationContext.java:433) [spring-context-3.0.6.RELEASE.jar:3.0.6.RELEASE]
	at org.springframework.test.context.support.AbstractGenericContextLoader.loadContext(AbstractGenericContextLoader.java:84) [spring-test-3.0.6.RELEASE.jar:3.0.6.RELEASE]
	at org.springframework.test.context.support.AbstractGenericContextLoader.loadContext(AbstractGenericContextLoader.java:1) [spring-test-3.0.6.RELEASE.jar:3.0.6.RELEASE]
	at org.springframework.test.context.TestContext.loadApplicationContext(TestContext.java:280) [spring-test-3.0.6.RELEASE.jar:3.0.6.RELEASE]
	at org.springframework.test.context.TestContext.getApplicationContext(TestContext.java:304) [spring-test-3.0.6.RELEASE.jar:3.0.6.RELEASE]
	at org.springframework.test.context.support.DependencyInjectionTestExecutionListener.injectDependencies(DependencyInjectionTestExecutionListener.java:109) [spring-test-3.0.6.RELEASE.jar:3.0.6.RELEASE]
	at org.springframework.test.context.support.DependencyInjectionTestExecutionListener.prepareTestInstance(DependencyInjectionTestExecutionListener.java:75) [spring-test-3.0.6.RELEASE.jar:3.0.6.RELEASE]
	at org.springframework.test.context.TestContextManager.prepareTestInstance(TestContextManager.java:321) [spring-test-3.0.6.RELEASE.jar:3.0.6.RELEASE]
	at org.spockframework.spring.SpringTestContextManager.prepareTestInstance(SpringTestContextManager.java:49) [spock-spring-0.7-groovy-2.0.jar:na]
	at org.spockframework.spring.SpringInterceptor.interceptSetupMethod(SpringInterceptor.java:42) [spock-spring-0.7-groovy-2.0.jar:na]
	at org.spockframework.runtime.extension.AbstractMethodInterceptor.intercept(AbstractMethodInterceptor.java:28) [spock-core-0.7-groovy-2.0.jar:na]
	at org.spockframework.runtime.extension.MethodInvocation.proceed(MethodInvocation.java:84) [spock-core-0.7-groovy-2.0.jar:na]
	at org.spockframework.runtime.BaseSpecRunner.invoke(BaseSpecRunner.java:319) [spock-core-0.7-groovy-2.0.jar:na]
	at org.spockframework.runtime.BaseSpecRunner.invokeSetup(BaseSpecRunner.java:279) [spock-core-0.7-groovy-2.0.jar:na]
	at org.spockframework.runtime.BaseSpecRunner.doRunIteration(BaseSpecRunner.java:255) [spock-core-0.7-groovy-2.0.jar:na]
	at sun.reflect.GeneratedMethodAccessor5.invoke(Unknown Source) ~[na:na]
	at sun.reflect.DelegatingMethodAccessorImpl.invoke(DelegatingMethodAccessorImpl.java:25) ~[na:1.6.0_38]
	at java.lang.reflect.Method.invoke(Method.java:597) ~[na:1.6.0_38]
	at org.spockframework.util.ReflectionUtil.invokeMethod(ReflectionUtil.java:138) [spock-core-0.7-groovy-2.0.jar:na]
	at org.spockframework.runtime.BaseSpecRunner.invokeRaw(BaseSpecRunner.java:330) [spock-core-0.7-groovy-2.0.jar:na]
	at org.spockframework.runtime.BaseSpecRunner.invoke(BaseSpecRunner.java:311) [spock-core-0.7-groovy-2.0.jar:na]
	at org.spockframework.runtime.BaseSpecRunner.runIteration(BaseSpecRunner.java:223) [spock-core-0.7-groovy-2.0.jar:na]
	at org.spockframework.runtime.BaseSpecRunner.initializeAndRunIteration(BaseSpecRunner.java:214) [spock-core-0.7-groovy-2.0.jar:na]
	at org.spockframework.runtime.BaseSpecRunner.runSimpleFeature(BaseSpecRunner.java:205) [spock-core-0.7-groovy-2.0.jar:na]
	at org.spockframework.runtime.BaseSpecRunner.doRunFeature(BaseSpecRunner.java:199) [spock-core-0.7-groovy-2.0.jar:na]
	at sun.reflect.GeneratedMethodAccessor7.invoke(Unknown Source) ~[na:na]
	at sun.reflect.DelegatingMethodAccessorImpl.invoke(DelegatingMethodAccessorImpl.java:25) ~[na:1.6.0_38]
	at java.lang.reflect.Method.invoke(Method.java:597) ~[na:1.6.0_38]
	at org.spockframework.util.ReflectionUtil.invokeMethod(ReflectionUtil.java:138) [spock-core-0.7-groovy-2.0.jar:na]
	at org.spockframework.runtime.BaseSpecRunner.invokeRaw(BaseSpecRunner.java:330) [spock-core-0.7-groovy-2.0.jar:na]
	at org.spockframework.runtime.BaseSpecRunner.invoke(BaseSpecRunner.java:311) [spock-core-0.7-groovy-2.0.jar:na]
	at org.spockframework.runtime.BaseSpecRunner.runFeature(BaseSpecRunner.java:175) [spock-core-0.7-groovy-2.0.jar:na]
	at org.spockframework.runtime.BaseSpecRunner.runFeatures(BaseSpecRunner.java:152) [spock-core-0.7-groovy-2.0.jar:na]
	at org.spockframework.runtime.BaseSpecRunner.doRunSpec(BaseSpecRunner.java:112) [spock-core-0.7-groovy-2.0.jar:na]
	at sun.reflect.GeneratedMethodAccessor11.invoke(Unknown Source) ~[na:na]
	at sun.reflect.DelegatingMethodAccessorImpl.invoke(DelegatingMethodAccessorImpl.java:25) ~[na:1.6.0_38]
	at java.lang.reflect.Method.invoke(Method.java:597) ~[na:1.6.0_38]
	at org.spockframework.util.ReflectionUtil.invokeMethod(ReflectionUtil.java:138) [spock-core-0.7-groovy-2.0.jar:na]
	at org.spockframework.runtime.BaseSpecRunner.invokeRaw(BaseSpecRunner.java:330) [spock-core-0.7-groovy-2.0.jar:na]
	at org.spockframework.runtime.BaseSpecRunner.invoke(BaseSpecRunner.java:311) [spock-core-0.7-groovy-2.0.jar:na]
	at org.spockframework.runtime.BaseSpecRunner.runSpec(BaseSpecRunner.java:91) [spock-core-0.7-groovy-2.0.jar:na]
	at org.spockframework.runtime.BaseSpecRunner.run(BaseSpecRunner.java:82) [spock-core-0.7-groovy-2.0.jar:na]
	at org.spockframework.runtime.Sputnik.run(Sputnik.java:63) [spock-core-0.7-groovy-2.0.jar:na]
	at org.apache.maven.surefire.junit4.JUnit4TestSet.execute(JUnit4TestSet.java:53) [surefire-junit4-2.10.jar:2.10]
	at org.apache.maven.surefire.junit4.JUnit4Provider.executeTestSet(JUnit4Provider.java:123) [surefire-junit4-2.10.jar:2.10]
	at org.apache.maven.surefire.junit4.JUnit4Provider.invoke(JUnit4Provider.java:104) [surefire-junit4-2.10.jar:2.10]
	at sun.reflect.NativeMethodAccessorImpl.invoke0(Native Method) ~[na:1.6.0_38]
	at sun.reflect.NativeMethodAccessorImpl.invoke(NativeMethodAccessorImpl.java:39) ~[na:1.6.0_38]
	at sun.reflect.DelegatingMethodAccessorImpl.invoke(DelegatingMethodAccessorImpl.java:25) ~[na:1.6.0_38]
	at java.lang.reflect.Method.invoke(Method.java:597) ~[na:1.6.0_38]
	at org.apache.maven.surefire.util.ReflectionUtils.invokeMethodWithArray(ReflectionUtils.java:164) [surefire-api-2.10.jar:2.10]
	at org.apache.maven.surefire.booter.ProviderFactory$ProviderProxy.invoke(ProviderFactory.java:110) [surefire-booter-2.10.jar:2.10]
	at org.apache.maven.surefire.booter.SurefireStarter.invokeProvider(SurefireStarter.java:175) [surefire-booter-2.10.jar:2.10]
	at org.apache.maven.surefire.booter.SurefireStarter.runSuitesInProcessWhenForked(SurefireStarter.java:107) [surefire-booter-2.10.jar:2.10]
	at org.apache.maven.surefire.booter.ForkedBooter.main(ForkedBooter.java:68) [surefire-booter-2.10.jar:2.10]
22:04:49.157 [main] WARN  o.s.c.a.CommonAnnotationBeanPostProcessor - Invocation of destroy method failed on bean with name &apos;coreTicketSecondPassSyncJob&apos;: com.rackspace.search.exception.NotFoundException: Index is missing
22:04:49.161 [main] ERROR c.r.s.e.client.ElasticSearchClient - Index is missing
org.elasticsearch.indices.IndexMissingException: [admin] missing
	at org.elasticsearch.cluster.metadata.MetaData.concreteIndex(MetaData.java:616) ~[elasticsearch-0.90.2.jar:na]
	at org.elasticsearch.action.get.TransportGetAction.resolveRequest(TransportGetAction.java:90) ~[elasticsearch-0.90.2.jar:na]
	at org.elasticsearch.action.get.TransportGetAction.resolveRequest(TransportGetAction.java:42) ~[elasticsearch-0.90.2.jar:na]
	at org.elasticsearch.action.support.single.shard.TransportShardSingleOperationAction$AsyncSingleAction.&lt;init&gt;(TransportShardSingleOperationAction.java:114) ~[elasticsearch-0.90.2.jar:na]
	at org.elasticsearch.action.support.single.shard.TransportShardSingleOperationAction$AsyncSingleAction.&lt;init&gt;(TransportShardSingleOperationAction.java:94) ~[elasticsearch-0.90.2.jar:na]
	at org.elasticsearch.action.support.single.shard.TransportShardSingleOperationAction.doExecute(TransportShardSingleOperationAction.java:71) ~[elasticsearch-0.90.2.jar:na]
	at org.elasticsearch.action.support.single.shard.TransportShardSingleOperationAction.doExecute(TransportShardSingleOperationAction.java:46) ~[elasticsearch-0.90.2.jar:na]
	at org.elasticsearch.action.support.TransportAction.execute(TransportAction.java:61) ~[elasticsearch-0.90.2.jar:na]
	at org.elasticsearch.client.node.NodeClient.execute(NodeClient.java:92) ~[elasticsearch-0.90.2.jar:na]
	at org.elasticsearch.client.support.AbstractClient.get(AbstractClient.java:179) ~[elasticsearch-0.90.2.jar:na]
	at org.elasticsearch.action.get.GetRequestBuilder.doExecute(GetRequestBuilder.java:112) ~[elasticsearch-0.90.2.jar:na]
	at org.elasticsearch.action.ActionRequestBuilder.execute(ActionRequestBuilder.java:62) ~[elasticsearch-0.90.2.jar:na]
	at org.elasticsearch.action.ActionRequestBuilder.execute(ActionRequestBuilder.java:57) ~[elasticsearch-0.90.2.jar:na]
	at org.elasticsearch.action.ActionRequestBuilder$execute.call(Unknown Source) ~[na:na]
	at com.rackspace.search.elasticsearch.client.ElasticSearchClient.getDocument(ElasticSearchClient.groovy:209) ~[classes/:na]
	at com.rackspace.search.elasticsearch.client.ElasticSearchClient$getDocument.call(Unknown Source) [classes/:na]
	at com.rackspace.search.service.JobService.getJob(JobService.groovy:56) [classes/:na]
	at com.rackspace.search.service.JobService$getJob$0.callCurrent(Unknown Source) [classes/:na]
	at com.rackspace.search.service.JobService.getJob(JobService.groovy:52) [classes/:na]
	at com.rackspace.search.service.JobService$getJob.call(Unknown Source) [classes/:na]
	at com.rackspace.search.service.admin.CoreTicketOndemandSyncJob.windupActivities(CoreTicketOndemandSyncJob.groovy:91) [classes/:na]
	at sun.reflect.NativeMethodAccessorImpl.invoke0(Native Method) ~[na:1.6.0_38]
	at sun.reflect.NativeMethodAccessorImpl.invoke(NativeMethodAccessorImpl.java:39) ~[na:1.6.0_38]
	at sun.reflect.DelegatingMethodAccessorImpl.invoke(DelegatingMethodAccessorImpl.java:25) ~[na:1.6.0_38]
	at java.lang.reflect.Method.invoke(Method.java:597) ~[na:1.6.0_38]
	at org.springframework.beans.factory.annotation.InitDestroyAnnotationBeanPostProcessor$LifecycleElement.invoke(InitDestroyAnnotationBeanPostProcessor.java:340) [spring-beans-3.0.6.RELEASE.jar:3.0.6.RELEASE]
	at org.springframework.beans.factory.annotation.InitDestroyAnnotationBeanPostProcessor$LifecycleMetadata.invokeDestroyMethods(InitDestroyAnnotationBeanPostProcessor.java:305) [spring-beans-3.0.6.RELEASE.jar:3.0.6.RELEASE]
	at org.springframework.beans.factory.annotation.InitDestroyAnnotationBeanPostProcessor.postProcessBeforeDestruction(InitDestroyAnnotationBeanPostProcessor.java:148) [spring-beans-3.0.6.RELEASE.jar:3.0.6.RELEASE]
	at org.springframework.beans.factory.support.DisposableBeanAdapter.destroy(DisposableBeanAdapter.java:166) [spring-beans-3.0.6.RELEASE.jar:3.0.6.RELEASE]
	at org.springframework.beans.factory.support.DefaultSingletonBeanRegistry.destroyBean(DefaultSingletonBeanRegistry.java:487) [spring-beans-3.0.6.RELEASE.jar:3.0.6.RELEASE]
	at org.springframework.beans.factory.support.DefaultSingletonBeanRegistry.destroySingleton(DefaultSingletonBeanRegistry.java:463) [spring-beans-3.0.6.RELEASE.jar:3.0.6.RELEASE]
	at org.springframework.beans.factory.support.DefaultSingletonBeanRegistry.destroySingletons(DefaultSingletonBeanRegistry.java:431) [spring-beans-3.0.6.RELEASE.jar:3.0.6.RELEASE]
	at org.springframework.context.support.AbstractApplicationContext.destroyBeans(AbstractApplicationContext.java:1048) [spring-context-3.0.6.RELEASE.jar:3.0.6.RELEASE]
	at org.springframework.context.support.AbstractApplicationContext.refresh(AbstractApplicationContext.java:433) [spring-context-3.0.6.RELEASE.jar:3.0.6.RELEASE]
	at org.springframework.test.context.support.AbstractGenericContextLoader.loadContext(AbstractGenericContextLoader.java:84) [spring-test-3.0.6.RELEASE.jar:3.0.6.RELEASE]
	at org.springframework.test.context.support.AbstractGenericContextLoader.loadContext(AbstractGenericContextLoader.java:1) [spring-test-3.0.6.RELEASE.jar:3.0.6.RELEASE]
	at org.springframework.test.context.TestContext.loadApplicationContext(TestContext.java:280) [spring-test-3.0.6.RELEASE.jar:3.0.6.RELEASE]
	at org.springframework.test.context.TestContext.getApplicationContext(TestContext.java:304) [spring-test-3.0.6.RELEASE.jar:3.0.6.RELEASE]
	at org.springframework.test.context.support.DependencyInjectionTestExecutionListener.injectDependencies(DependencyInjectionTestExecutionListener.java:109) [spring-test-3.0.6.RELEASE.jar:3.0.6.RELEASE]
	at org.springframework.test.context.support.DependencyInjectionTestExecutionListener.prepareTestInstance(DependencyInjectionTestExecutionListener.java:75) [spring-test-3.0.6.RELEASE.jar:3.0.6.RELEASE]
	at org.springframework.test.context.TestContextManager.prepareTestInstance(TestContextManager.java:321) [spring-test-3.0.6.RELEASE.jar:3.0.6.RELEASE]
	at org.spockframework.spring.SpringTestContextManager.prepareTestInstance(SpringTestContextManager.java:49) [spock-spring-0.7-groovy-2.0.jar:na]
	at org.spockframework.spring.SpringInterceptor.interceptSetupMethod(SpringInterceptor.java:42) [spock-spring-0.7-groovy-2.0.jar:na]
	at org.spockframework.runtime.extension.AbstractMethodInterceptor.intercept(AbstractMethodInterceptor.java:28) [spock-core-0.7-groovy-2.0.jar:na]
	at org.spockframework.runtime.extension.MethodInvocation.proceed(MethodInvocation.java:84) [spock-core-0.7-groovy-2.0.jar:na]
	at org.spockframework.runtime.BaseSpecRunner.invoke(BaseSpecRunner.java:319) [spock-core-0.7-groovy-2.0.jar:na]
	at org.spockframework.runtime.BaseSpecRunner.invokeSetup(BaseSpecRunner.java:279) [spock-core-0.7-groovy-2.0.jar:na]
	at org.spockframework.runtime.BaseSpecRunner.doRunIteration(BaseSpecRunner.java:255) [spock-core-0.7-groovy-2.0.jar:na]
	at sun.reflect.GeneratedMethodAccessor5.invoke(Unknown Source) ~[na:na]
	at sun.reflect.DelegatingMethodAccessorImpl.invoke(DelegatingMethodAccessorImpl.java:25) ~[na:1.6.0_38]
	at java.lang.reflect.Method.invoke(Method.java:597) ~[na:1.6.0_38]
	at org.spockframework.util.ReflectionUtil.invokeMethod(ReflectionUtil.java:138) [spock-core-0.7-groovy-2.0.jar:na]
	at org.spockframework.runtime.BaseSpecRunner.invokeRaw(BaseSpecRunner.java:330) [spock-core-0.7-groovy-2.0.jar:na]
	at org.spockframework.runtime.BaseSpecRunner.invoke(BaseSpecRunner.java:311) [spock-core-0.7-groovy-2.0.jar:na]
	at org.spockframework.runtime.BaseSpecRunner.runIteration(BaseSpecRunner.java:223) [spock-core-0.7-groovy-2.0.jar:na]
	at org.spockframework.runtime.BaseSpecRunner.initializeAndRunIteration(BaseSpecRunner.java:214) [spock-core-0.7-groovy-2.0.jar:na]
	at org.spockframework.runtime.BaseSpecRunner.runSimpleFeature(BaseSpecRunner.java:205) [spock-core-0.7-groovy-2.0.jar:na]
	at org.spockframework.runtime.BaseSpecRunner.doRunFeature(BaseSpecRunner.java:199) [spock-core-0.7-groovy-2.0.jar:na]
	at sun.reflect.GeneratedMethodAccessor7.invoke(Unknown Source) ~[na:na]
	at sun.reflect.DelegatingMethodAccessorImpl.invoke(DelegatingMethodAccessorImpl.java:25) ~[na:1.6.0_38]
	at java.lang.reflect.Method.invoke(Method.java:597) ~[na:1.6.0_38]
	at org.spockframework.util.ReflectionUtil.invokeMethod(ReflectionUtil.java:138) [spock-core-0.7-groovy-2.0.jar:na]
	at org.spockframework.runtime.BaseSpecRunner.invokeRaw(BaseSpecRunner.java:330) [spock-core-0.7-groovy-2.0.jar:na]
	at org.spockframework.runtime.BaseSpecRunner.invoke(BaseSpecRunner.java:311) [spock-core-0.7-groovy-2.0.jar:na]
	at org.spockframework.runtime.BaseSpecRunner.runFeature(BaseSpecRunner.java:175) [spock-core-0.7-groovy-2.0.jar:na]
	at org.spockframework.runtime.BaseSpecRunner.runFeatures(BaseSpecRunner.java:152) [spock-core-0.7-groovy-2.0.jar:na]
	at org.spockframework.runtime.BaseSpecRunner.doRunSpec(BaseSpecRunner.java:112) [spock-core-0.7-groovy-2.0.jar:na]
	at sun.reflect.GeneratedMethodAccessor11.invoke(Unknown Source) ~[na:na]
	at sun.reflect.DelegatingMethodAccessorImpl.invoke(DelegatingMethodAccessorImpl.java:25) ~[na:1.6.0_38]
	at java.lang.reflect.Method.invoke(Method.java:597) ~[na:1.6.0_38]
	at org.spockframework.util.ReflectionUtil.invokeMethod(ReflectionUtil.java:138) [spock-core-0.7-groovy-2.0.jar:na]
	at org.spockframework.runtime.BaseSpecRunner.invokeRaw(BaseSpecRunner.java:330) [spock-core-0.7-groovy-2.0.jar:na]
	at org.spockframework.runtime.BaseSpecRunner.invoke(BaseSpecRunner.java:311) [spock-core-0.7-groovy-2.0.jar:na]
	at org.spockframework.runtime.BaseSpecRunner.runSpec(BaseSpecRunner.java:91) [spock-core-0.7-groovy-2.0.jar:na]
	at org.spockframework.runtime.BaseSpecRunner.run(BaseSpecRunner.java:82) [spock-core-0.7-groovy-2.0.jar:na]
	at org.spockframework.runtime.Sputnik.run(Sputnik.java:63) [spock-core-0.7-groovy-2.0.jar:na]
	at org.apache.maven.surefire.junit4.JUnit4TestSet.execute(JUnit4TestSet.java:53) [surefire-junit4-2.10.jar:2.10]
	at org.apache.maven.surefire.junit4.JUnit4Provider.executeTestSet(JUnit4Provider.java:123) [surefire-junit4-2.10.jar:2.10]
	at org.apache.maven.surefire.junit4.JUnit4Provider.invoke(JUnit4Provider.java:104) [surefire-junit4-2.10.jar:2.10]
	at sun.reflect.NativeMethodAccessorImpl.invoke0(Native Method) ~[na:1.6.0_38]
	at sun.reflect.NativeMethodAccessorImpl.invoke(NativeMethodAccessorImpl.java:39) ~[na:1.6.0_38]
	at sun.reflect.DelegatingMethodAccessorImpl.invoke(DelegatingMethodAccessorImpl.java:25) ~[na:1.6.0_38]
	at java.lang.reflect.Method.invoke(Method.java:597) ~[na:1.6.0_38]
	at org.apache.maven.surefire.util.ReflectionUtils.invokeMethodWithArray(ReflectionUtils.java:164) [surefire-api-2.10.jar:2.10]
	at org.apache.maven.surefire.booter.ProviderFactory$ProviderProxy.invoke(ProviderFactory.java:110) [surefire-booter-2.10.jar:2.10]
	at org.apache.maven.surefire.booter.SurefireStarter.invokeProvider(SurefireStarter.java:175) [surefire-booter-2.10.jar:2.10]
	at org.apache.maven.surefire.booter.SurefireStarter.runSuitesInProcessWhenForked(SurefireStarter.java:107) [surefire-booter-2.10.jar:2.10]
	at org.apache.maven.surefire.booter.ForkedBooter.main(ForkedBooter.java:68) [surefire-booter-2.10.jar:2.10]
22:04:49.166 [main] WARN  o.s.c.a.CommonAnnotationBeanPostProcessor - Invocation of destroy method failed on bean with name &apos;coreTicketOndemandSyncJob&apos;: com.rackspace.search.exception.NotFoundException: Index is missing
22:04:49.171 [main] ERROR c.r.s.e.client.ElasticSearchClient - Index is missing
org.elasticsearch.indices.IndexMissingException: [admin] missing
	at org.elasticsearch.cluster.metadata.MetaData.concreteIndex(MetaData.java:616) ~[elasticsearch-0.90.2.jar:na]
	at org.elasticsearch.action.get.TransportGetAction.resolveRequest(TransportGetAction.java:90) ~[elasticsearch-0.90.2.jar:na]
	at org.elasticsearch.action.get.TransportGetAction.resolveRequest(TransportGetAction.java:42) ~[elasticsearch-0.90.2.jar:na]
	at org.elasticsearch.action.support.single.shard.TransportShardSingleOperationAction$AsyncSingleAction.&lt;init&gt;(TransportShardSingleOperationAction.java:114) ~[elasticsearch-0.90.2.jar:na]
	at org.elasticsearch.action.support.single.shard.TransportShardSingleOperationAction$AsyncSingleAction.&lt;init&gt;(TransportShardSingleOperationAction.java:94) ~[elasticsearch-0.90.2.jar:na]
	at org.elasticsearch.action.support.single.shard.TransportShardSingleOperationAction.doExecute(TransportShardSingleOperationAction.java:71) ~[elasticsearch-0.90.2.jar:na]
	at org.elasticsearch.action.support.single.shard.TransportShardSingleOperationAction.doExecute(TransportShardSingleOperationAction.java:46) ~[elasticsearch-0.90.2.jar:na]
	at org.elasticsearch.action.support.TransportAction.execute(TransportAction.java:61) ~[elasticsearch-0.90.2.jar:na]
	at org.elasticsearch.client.node.NodeClient.execute(NodeClient.java:92) ~[elasticsearch-0.90.2.jar:na]
	at org.elasticsearch.client.support.AbstractClient.get(AbstractClient.java:179) ~[elasticsearch-0.90.2.jar:na]
	at org.elasticsearch.action.get.GetRequestBuilder.doExecute(GetRequestBuilder.java:112) ~[elasticsearch-0.90.2.jar:na]
	at org.elasticsearch.action.ActionRequestBuilder.execute(ActionRequestBuilder.java:62) ~[elasticsearch-0.90.2.jar:na]
	at org.elasticsearch.action.ActionRequestBuilder.execute(ActionRequestBuilder.java:57) ~[elasticsearch-0.90.2.jar:na]
	at org.elasticsearch.action.ActionRequestBuilder$execute.call(Unknown Source) ~[na:na]
	at com.rackspace.search.elasticsearch.client.ElasticSearchClient.getDocument(ElasticSearchClient.groovy:209) ~[classes/:na]
	at com.rackspace.search.elasticsearch.client.ElasticSearchClient$getDocument.call(Unknown Source) [classes/:na]
	at com.rackspace.search.service.JobService.getJob(JobService.groovy:56) [classes/:na]
	at com.rackspace.search.service.JobService$getJob$0.callCurrent(Unknown Source) [classes/:na]
	at com.rackspace.search.service.JobService.getJob(JobService.groovy:52) [classes/:na]
	at com.rackspace.search.service.JobService$getJob.call(Unknown Source) [classes/:na]
	at com.rackspace.search.service.account.AccountOngoingSyncJob.windupActivities(AccountOngoingSyncJob.groovy:89) [classes/:na]
	at sun.reflect.NativeMethodAccessorImpl.invoke0(Native Method) ~[na:1.6.0_38]
	at sun.reflect.NativeMethodAccessorImpl.invoke(NativeMethodAccessorImpl.java:39) ~[na:1.6.0_38]
	at sun.reflect.DelegatingMethodAccessorImpl.invoke(DelegatingMethodAccessorImpl.java:25) ~[na:1.6.0_38]
	at java.lang.reflect.Method.invoke(Method.java:597) ~[na:1.6.0_38]
	at org.springframework.beans.factory.annotation.InitDestroyAnnotationBeanPostProcessor$LifecycleElement.invoke(InitDestroyAnnotationBeanPostProcessor.java:340) [spring-beans-3.0.6.RELEASE.jar:3.0.6.RELEASE]
	at org.springframework.beans.factory.annotation.InitDestroyAnnotationBeanPostProcessor$LifecycleMetadata.invokeDestroyMethods(InitDestroyAnnotationBeanPostProcessor.java:305) [spring-beans-3.0.6.RELEASE.jar:3.0.6.RELEASE]
	at org.springframework.beans.factory.annotation.InitDestroyAnnotationBeanPostProcessor.postProcessBeforeDestruction(InitDestroyAnnotationBeanPostProcessor.java:148) [spring-beans-3.0.6.RELEASE.jar:3.0.6.RELEASE]
	at org.springframework.beans.factory.support.DisposableBeanAdapter.destroy(DisposableBeanAdapter.java:166) [spring-beans-3.0.6.RELEASE.jar:3.0.6.RELEASE]
	at org.springframework.beans.factory.support.DefaultSingletonBeanRegistry.destroyBean(DefaultSingletonBeanRegistry.java:487) [spring-beans-3.0.6.RELEASE.jar:3.0.6.RELEASE]
	at org.springframework.beans.factory.support.DefaultSingletonBeanRegistry.destroySingleton(DefaultSingletonBeanRegistry.java:463) [spring-beans-3.0.6.RELEASE.jar:3.0.6.RELEASE]
	at org.springframework.beans.factory.support.DefaultSingletonBeanRegistry.destroySingletons(DefaultSingletonBeanRegistry.java:431) [spring-beans-3.0.6.RELEASE.jar:3.0.6.RELEASE]
	at org.springframework.context.support.AbstractApplicationContext.destroyBeans(AbstractApplicationContext.java:1048) [spring-context-3.0.6.RELEASE.jar:3.0.6.RELEASE]
	at org.springframework.context.support.AbstractApplicationContext.refresh(AbstractApplicationContext.java:433) [spring-context-3.0.6.RELEASE.jar:3.0.6.RELEASE]
	at org.springframework.test.context.support.AbstractGenericContextLoader.loadContext(AbstractGenericContextLoader.java:84) [spring-test-3.0.6.RELEASE.jar:3.0.6.RELEASE]
	at org.springframework.test.context.support.AbstractGenericContextLoader.loadContext(AbstractGenericContextLoader.java:1) [spring-test-3.0.6.RELEASE.jar:3.0.6.RELEASE]
	at org.springframework.test.context.TestContext.loadApplicationContext(TestContext.java:280) [spring-test-3.0.6.RELEASE.jar:3.0.6.RELEASE]
	at org.springframework.test.context.TestContext.getApplicationContext(TestContext.java:304) [spring-test-3.0.6.RELEASE.jar:3.0.6.RELEASE]
	at org.springframework.test.context.support.DependencyInjectionTestExecutionListener.injectDependencies(DependencyInjectionTestExecutionListener.java:109) [spring-test-3.0.6.RELEASE.jar:3.0.6.RELEASE]
	at org.springframework.test.context.support.DependencyInjectionTestExecutionListener.prepareTestInstance(DependencyInjectionTestExecutionListener.java:75) [spring-test-3.0.6.RELEASE.jar:3.0.6.RELEASE]
	at org.springframework.test.context.TestContextManager.prepareTestInstance(TestContextManager.java:321) [spring-test-3.0.6.RELEASE.jar:3.0.6.RELEASE]
	at org.spockframework.spring.SpringTestContextManager.prepareTestInstance(SpringTestContextManager.java:49) [spock-spring-0.7-groovy-2.0.jar:na]
	at org.spockframework.spring.SpringInterceptor.interceptSetupMethod(SpringInterceptor.java:42) [spock-spring-0.7-groovy-2.0.jar:na]
	at org.spockframework.runtime.extension.AbstractMethodInterceptor.intercept(AbstractMethodInterceptor.java:28) [spock-core-0.7-groovy-2.0.jar:na]
	at org.spockframework.runtime.extension.MethodInvocation.proceed(MethodInvocation.java:84) [spock-core-0.7-groovy-2.0.jar:na]
	at org.spockframework.runtime.BaseSpecRunner.invoke(BaseSpecRunner.java:319) [spock-core-0.7-groovy-2.0.jar:na]
	at org.spockframework.runtime.BaseSpecRunner.invokeSetup(BaseSpecRunner.java:279) [spock-core-0.7-groovy-2.0.jar:na]
	at org.spockframework.runtime.BaseSpecRunner.doRunIteration(BaseSpecRunner.java:255) [spock-core-0.7-groovy-2.0.jar:na]
	at sun.reflect.GeneratedMethodAccessor5.invoke(Unknown Source) ~[na:na]
	at sun.reflect.DelegatingMethodAccessorImpl.invoke(DelegatingMethodAccessorImpl.java:25) ~[na:1.6.0_38]
	at java.lang.reflect.Method.invoke(Method.java:597) ~[na:1.6.0_38]
	at org.spockframework.util.ReflectionUtil.invokeMethod(ReflectionUtil.java:138) [spock-core-0.7-groovy-2.0.jar:na]
	at org.spockframework.runtime.BaseSpecRunner.invokeRaw(BaseSpecRunner.java:330) [spock-core-0.7-groovy-2.0.jar:na]
	at org.spockframework.runtime.BaseSpecRunner.invoke(BaseSpecRunner.java:311) [spock-core-0.7-groovy-2.0.jar:na]
	at org.spockframework.runtime.BaseSpecRunner.runIteration(BaseSpecRunner.java:223) [spock-core-0.7-groovy-2.0.jar:na]
	at org.spockframework.runtime.BaseSpecRunner.initializeAndRunIteration(BaseSpecRunner.java:214) [spock-core-0.7-groovy-2.0.jar:na]
	at org.spockframework.runtime.BaseSpecRunner.runSimpleFeature(BaseSpecRunner.java:205) [spock-core-0.7-groovy-2.0.jar:na]
	at org.spockframework.runtime.BaseSpecRunner.doRunFeature(BaseSpecRunner.java:199) [spock-core-0.7-groovy-2.0.jar:na]
	at sun.reflect.GeneratedMethodAccessor7.invoke(Unknown Source) ~[na:na]
	at sun.reflect.DelegatingMethodAccessorImpl.invoke(DelegatingMethodAccessorImpl.java:25) ~[na:1.6.0_38]
	at java.lang.reflect.Method.invoke(Method.java:597) ~[na:1.6.0_38]
	at org.spockframework.util.ReflectionUtil.invokeMethod(ReflectionUtil.java:138) [spock-core-0.7-groovy-2.0.jar:na]
	at org.spockframework.runtime.BaseSpecRunner.invokeRaw(BaseSpecRunner.java:330) [spock-core-0.7-groovy-2.0.jar:na]
	at org.spockframework.runtime.BaseSpecRunner.invoke(BaseSpecRunner.java:311) [spock-core-0.7-groovy-2.0.jar:na]
	at org.spockframework.runtime.BaseSpecRunner.runFeature(BaseSpecRunner.java:175) [spock-core-0.7-groovy-2.0.jar:na]
	at org.spockframework.runtime.BaseSpecRunner.runFeatures(BaseSpecRunner.java:152) [spock-core-0.7-groovy-2.0.jar:na]
	at org.spockframework.runtime.BaseSpecRunner.doRunSpec(BaseSpecRunner.java:112) [spock-core-0.7-groovy-2.0.jar:na]
	at sun.reflect.GeneratedMethodAccessor11.invoke(Unknown Source) ~[na:na]
	at sun.reflect.DelegatingMethodAccessorImpl.invoke(DelegatingMethodAccessorImpl.java:25) ~[na:1.6.0_38]
	at java.lang.reflect.Method.invoke(Method.java:597) ~[na:1.6.0_38]
	at org.spockframework.util.ReflectionUtil.invokeMethod(ReflectionUtil.java:138) [spock-core-0.7-groovy-2.0.jar:na]
	at org.spockframework.runtime.BaseSpecRunner.invokeRaw(BaseSpecRunner.java:330) [spock-core-0.7-groovy-2.0.jar:na]
	at org.spockframework.runtime.BaseSpecRunner.invoke(BaseSpecRunner.java:311) [spock-core-0.7-groovy-2.0.jar:na]
	at org.spockframework.runtime.BaseSpecRunner.runSpec(BaseSpecRunner.java:91) [spock-core-0.7-groovy-2.0.jar:na]
	at org.spockframework.runtime.BaseSpecRunner.run(BaseSpecRunner.java:82) [spock-core-0.7-groovy-2.0.jar:na]
	at org.spockframework.runtime.Sputnik.run(Sputnik.java:63) [spock-core-0.7-groovy-2.0.jar:na]
	at org.apache.maven.surefire.junit4.JUnit4TestSet.execute(JUnit4TestSet.java:53) [surefire-junit4-2.10.jar:2.10]
	at org.apache.maven.surefire.junit4.JUnit4Provider.executeTestSet(JUnit4Provider.java:123) [surefire-junit4-2.10.jar:2.10]
	at org.apache.maven.surefire.junit4.JUnit4Provider.invoke(JUnit4Provider.java:104) [surefire-junit4-2.10.jar:2.10]
	at sun.reflect.NativeMethodAccessorImpl.invoke0(Native Method) ~[na:1.6.0_38]
	at sun.reflect.NativeMethodAccessorImpl.invoke(NativeMethodAccessorImpl.java:39) ~[na:1.6.0_38]
	at sun.reflect.DelegatingMethodAccessorImpl.invoke(DelegatingMethodAccessorImpl.java:25) ~[na:1.6.0_38]
	at java.lang.reflect.Method.invoke(Method.java:597) ~[na:1.6.0_38]
	at org.apache.maven.surefire.util.ReflectionUtils.invokeMethodWithArray(ReflectionUtils.java:164) [surefire-api-2.10.jar:2.10]
	at org.apache.maven.surefire.booter.ProviderFactory$ProviderProxy.invoke(ProviderFactory.java:110) [surefire-booter-2.10.jar:2.10]
	at org.apache.maven.surefire.booter.SurefireStarter.invokeProvider(SurefireStarter.java:175) [surefire-booter-2.10.jar:2.10]
	at org.apache.maven.surefire.booter.SurefireStarter.runSuitesInProcessWhenForked(SurefireStarter.java:107) [surefire-booter-2.10.jar:2.10]
	at org.apache.maven.surefire.booter.ForkedBooter.main(ForkedBooter.java:68) [surefire-booter-2.10.jar:2.10]
22:04:49.172 [main] WARN  o.s.c.a.CommonAnnotationBeanPostProcessor - Invocation of destroy method failed on bean with name &apos;accountOngoingSyncJob&apos;: com.rackspace.search.exception.NotFoundException: Index is missing
22:04:49.177 [main] ERROR c.r.s.e.client.ElasticSearchClient - Index is missing
org.elasticsearch.indices.IndexMissingException: [admin] missing
	at org.elasticsearch.cluster.metadata.MetaData.concreteIndex(MetaData.java:616) ~[elasticsearch-0.90.2.jar:na]
	at org.elasticsearch.action.get.TransportGetAction.resolveRequest(TransportGetAction.java:90) ~[elasticsearch-0.90.2.jar:na]
	at org.elasticsearch.action.get.TransportGetAction.resolveRequest(TransportGetAction.java:42) ~[elasticsearch-0.90.2.jar:na]
	at org.elasticsearch.action.support.single.shard.TransportShardSingleOperationAction$AsyncSingleAction.&lt;init&gt;(TransportShardSingleOperationAction.java:114) ~[elasticsearch-0.90.2.jar:na]
	at org.elasticsearch.action.support.single.shard.TransportShardSingleOperationAction$AsyncSingleAction.&lt;init&gt;(TransportShardSingleOperationAction.java:94) ~[elasticsearch-0.90.2.jar:na]
	at org.elasticsearch.action.support.single.shard.TransportShardSingleOperationAction.doExecute(TransportShardSingleOperationAction.java:71) ~[elasticsearch-0.90.2.jar:na]
	at org.elasticsearch.action.support.single.shard.TransportShardSingleOperationAction.doExecute(TransportShardSingleOperationAction.java:46) ~[elasticsearch-0.90.2.jar:na]
	at org.elasticsearch.action.support.TransportAction.execute(TransportAction.java:61) ~[elasticsearch-0.90.2.jar:na]
	at org.elasticsearch.client.node.NodeClient.execute(NodeClient.java:92) ~[elasticsearch-0.90.2.jar:na]
	at org.elasticsearch.client.support.AbstractClient.get(AbstractClient.java:179) ~[elasticsearch-0.90.2.jar:na]
	at org.elasticsearch.action.get.GetRequestBuilder.doExecute(GetRequestBuilder.java:112) ~[elasticsearch-0.90.2.jar:na]
	at org.elasticsearch.action.ActionRequestBuilder.execute(ActionRequestBuilder.java:62) ~[elasticsearch-0.90.2.jar:na]
	at org.elasticsearch.action.ActionRequestBuilder.execute(ActionRequestBuilder.java:57) ~[elasticsearch-0.90.2.jar:na]
	at org.elasticsearch.action.ActionRequestBuilder$execute.call(Unknown Source) ~[na:na]
	at com.rackspace.search.elasticsearch.client.ElasticSearchClient.getDocument(ElasticSearchClient.groovy:209) ~[classes/:na]
	at com.rackspace.search.elasticsearch.client.ElasticSearchClient$getDocument.call(Unknown Source) [classes/:na]
	at com.rackspace.search.service.JobService.getJob(JobService.groovy:56) [classes/:na]
	at com.rackspace.search.service.JobService$getJob$0.callCurrent(Unknown Source) [classes/:na]
	at com.rackspace.search.service.JobService.getJob(JobService.groovy:52) [classes/:na]
	at com.rackspace.search.service.JobService$getJob.call(Unknown Source) [classes/:na]
	at com.rackspace.search.service.account.AccountOnetimeSyncJob.windupActivities(AccountOneTimeSyncJob.groovy:39) [classes/:na]
	at sun.reflect.NativeMethodAccessorImpl.invoke0(Native Method) ~[na:1.6.0_38]
	at sun.reflect.NativeMethodAccessorImpl.invoke(NativeMethodAccessorImpl.java:39) ~[na:1.6.0_38]
	at sun.reflect.DelegatingMethodAccessorImpl.invoke(DelegatingMethodAccessorImpl.java:25) ~[na:1.6.0_38]
	at java.lang.reflect.Method.invoke(Method.java:597) ~[na:1.6.0_38]
	at org.springframework.beans.factory.annotation.InitDestroyAnnotationBeanPostProcessor$LifecycleElement.invoke(InitDestroyAnnotationBeanPostProcessor.java:340) [spring-beans-3.0.6.RELEASE.jar:3.0.6.RELEASE]
	at org.springframework.beans.factory.annotation.InitDestroyAnnotationBeanPostProcessor$LifecycleMetadata.invokeDestroyMethods(InitDestroyAnnotationBeanPostProcessor.java:305) [spring-beans-3.0.6.RELEASE.jar:3.0.6.RELEASE]
	at org.springframework.beans.factory.annotation.InitDestroyAnnotationBeanPostProcessor.postProcessBeforeDestruction(InitDestroyAnnotationBeanPostProcessor.java:148) [spring-beans-3.0.6.RELEASE.jar:3.0.6.RELEASE]
	at org.springframework.beans.factory.support.DisposableBeanAdapter.destroy(DisposableBeanAdapter.java:166) [spring-beans-3.0.6.RELEASE.jar:3.0.6.RELEASE]
	at org.springframework.beans.factory.support.DefaultSingletonBeanRegistry.destroyBean(DefaultSingletonBeanRegistry.java:487) [spring-beans-3.0.6.RELEASE.jar:3.0.6.RELEASE]
	at org.springframework.beans.factory.support.DefaultSingletonBeanRegistry.destroySingleton(DefaultSingletonBeanRegistry.java:463) [spring-beans-3.0.6.RELEASE.jar:3.0.6.RELEASE]
	at org.springframework.beans.factory.support.DefaultSingletonBeanRegistry.destroySingletons(DefaultSingletonBeanRegistry.java:431) [spring-beans-3.0.6.RELEASE.jar:3.0.6.RELEASE]
	at org.springframework.context.support.AbstractApplicationContext.destroyBeans(AbstractApplicationContext.java:1048) [spring-context-3.0.6.RELEASE.jar:3.0.6.RELEASE]
	at org.springframework.context.support.AbstractApplicationContext.refresh(AbstractApplicationContext.java:433) [spring-context-3.0.6.RELEASE.jar:3.0.6.RELEASE]
	at org.springframework.test.context.support.AbstractGenericContextLoader.loadContext(AbstractGenericContextLoader.java:84) [spring-test-3.0.6.RELEASE.jar:3.0.6.RELEASE]
	at org.springframework.test.context.support.AbstractGenericContextLoader.loadContext(AbstractGenericContextLoader.java:1) [spring-test-3.0.6.RELEASE.jar:3.0.6.RELEASE]
	at org.springframework.test.context.TestContext.loadApplicationContext(TestContext.java:280) [spring-test-3.0.6.RELEASE.jar:3.0.6.RELEASE]
	at org.springframework.test.context.TestContext.getApplicationContext(TestContext.java:304) [spring-test-3.0.6.RELEASE.jar:3.0.6.RELEASE]
	at org.springframework.test.context.support.DependencyInjectionTestExecutionListener.injectDependencies(DependencyInjectionTestExecutionListener.java:109) [spring-test-3.0.6.RELEASE.jar:3.0.6.RELEASE]
	at org.springframework.test.context.support.DependencyInjectionTestExecutionListener.prepareTestInstance(DependencyInjectionTestExecutionListener.java:75) [spring-test-3.0.6.RELEASE.jar:3.0.6.RELEASE]
	at org.springframework.test.context.TestContextManager.prepareTestInstance(TestContextManager.java:321) [spring-test-3.0.6.RELEASE.jar:3.0.6.RELEASE]
	at org.spockframework.spring.SpringTestContextManager.prepareTestInstance(SpringTestContextManager.java:49) [spock-spring-0.7-groovy-2.0.jar:na]
	at org.spockframework.spring.SpringInterceptor.interceptSetupMethod(SpringInterceptor.java:42) [spock-spring-0.7-groovy-2.0.jar:na]
	at org.spockframework.runtime.extension.AbstractMethodInterceptor.intercept(AbstractMethodInterceptor.java:28) [spock-core-0.7-groovy-2.0.jar:na]
	at org.spockframework.runtime.extension.MethodInvocation.proceed(MethodInvocation.java:84) [spock-core-0.7-groovy-2.0.jar:na]
	at org.spockframework.runtime.BaseSpecRunner.invoke(BaseSpecRunner.java:319) [spock-core-0.7-groovy-2.0.jar:na]
	at org.spockframework.runtime.BaseSpecRunner.invokeSetup(BaseSpecRunner.java:279) [spock-core-0.7-groovy-2.0.jar:na]
	at org.spockframework.runtime.BaseSpecRunner.doRunIteration(BaseSpecRunner.java:255) [spock-core-0.7-groovy-2.0.jar:na]
	at sun.reflect.GeneratedMethodAccessor5.invoke(Unknown Source) ~[na:na]
	at sun.reflect.DelegatingMethodAccessorImpl.invoke(DelegatingMethodAccessorImpl.java:25) ~[na:1.6.0_38]
	at java.lang.reflect.Method.invoke(Method.java:597) ~[na:1.6.0_38]
	at org.spockframework.util.ReflectionUtil.invokeMethod(ReflectionUtil.java:138) [spock-core-0.7-groovy-2.0.jar:na]
	at org.spockframework.runtime.BaseSpecRunner.invokeRaw(BaseSpecRunner.java:330) [spock-core-0.7-groovy-2.0.jar:na]
	at org.spockframework.runtime.BaseSpecRunner.invoke(BaseSpecRunner.java:311) [spock-core-0.7-groovy-2.0.jar:na]
	at org.spockframework.runtime.BaseSpecRunner.runIteration(BaseSpecRunner.java:223) [spock-core-0.7-groovy-2.0.jar:na]
	at org.spockframework.runtime.BaseSpecRunner.initializeAndRunIteration(BaseSpecRunner.java:214) [spock-core-0.7-groovy-2.0.jar:na]
	at org.spockframework.runtime.BaseSpecRunner.runSimpleFeature(BaseSpecRunner.java:205) [spock-core-0.7-groovy-2.0.jar:na]
	at org.spockframework.runtime.BaseSpecRunner.doRunFeature(BaseSpecRunner.java:199) [spock-core-0.7-groovy-2.0.jar:na]
	at sun.reflect.GeneratedMethodAccessor7.invoke(Unknown Source) ~[na:na]
	at sun.reflect.DelegatingMethodAccessorImpl.invoke(DelegatingMethodAccessorImpl.java:25) ~[na:1.6.0_38]
	at java.lang.reflect.Method.invoke(Method.java:597) ~[na:1.6.0_38]
	at org.spockframework.util.ReflectionUtil.invokeMethod(ReflectionUtil.java:138) [spock-core-0.7-groovy-2.0.jar:na]
	at org.spockframework.runtime.BaseSpecRunner.invokeRaw(BaseSpecRunner.java:330) [spock-core-0.7-groovy-2.0.jar:na]
	at org.spockframework.runtime.BaseSpecRunner.invoke(BaseSpecRunner.java:311) [spock-core-0.7-groovy-2.0.jar:na]
	at org.spockframework.runtime.BaseSpecRunner.runFeature(BaseSpecRunner.java:175) [spock-core-0.7-groovy-2.0.jar:na]
	at org.spockframework.runtime.BaseSpecRunner.runFeatures(BaseSpecRunner.java:152) [spock-core-0.7-groovy-2.0.jar:na]
	at org.spockframework.runtime.BaseSpecRunner.doRunSpec(BaseSpecRunner.java:112) [spock-core-0.7-groovy-2.0.jar:na]
	at sun.reflect.GeneratedMethodAccessor11.invoke(Unknown Source) ~[na:na]
	at sun.reflect.DelegatingMethodAccessorImpl.invoke(DelegatingMethodAccessorImpl.java:25) ~[na:1.6.0_38]
	at java.lang.reflect.Method.invoke(Method.java:597) ~[na:1.6.0_38]
	at org.spockframework.util.ReflectionUtil.invokeMethod(ReflectionUtil.java:138) [spock-core-0.7-groovy-2.0.jar:na]
	at org.spockframework.runtime.BaseSpecRunner.invokeRaw(BaseSpecRunner.java:330) [spock-core-0.7-groovy-2.0.jar:na]
	at org.spockframework.runtime.BaseSpecRunner.invoke(BaseSpecRunner.java:311) [spock-core-0.7-groovy-2.0.jar:na]
	at org.spockframework.runtime.BaseSpecRunner.runSpec(BaseSpecRunner.java:91) [spock-core-0.7-groovy-2.0.jar:na]
	at org.spockframework.runtime.BaseSpecRunner.run(BaseSpecRunner.java:82) [spock-core-0.7-groovy-2.0.jar:na]
	at org.spockframework.runtime.Sputnik.run(Sputnik.java:63) [spock-core-0.7-groovy-2.0.jar:na]
	at org.apache.maven.surefire.junit4.JUnit4TestSet.execute(JUnit4TestSet.java:53) [surefire-junit4-2.10.jar:2.10]
	at org.apache.maven.surefire.junit4.JUnit4Provider.executeTestSet(JUnit4Provider.java:123) [surefire-junit4-2.10.jar:2.10]
	at org.apache.maven.surefire.junit4.JUnit4Provider.invoke(JUnit4Provider.java:104) [surefire-junit4-2.10.jar:2.10]
	at sun.reflect.NativeMethodAccessorImpl.invoke0(Native Method) ~[na:1.6.0_38]
	at sun.reflect.NativeMethodAccessorImpl.invoke(NativeMethodAccessorImpl.java:39) ~[na:1.6.0_38]
	at sun.reflect.DelegatingMethodAccessorImpl.invoke(DelegatingMethodAccessorImpl.java:25) ~[na:1.6.0_38]
	at java.lang.reflect.Method.invoke(Method.java:597) ~[na:1.6.0_38]
	at org.apache.maven.surefire.util.ReflectionUtils.invokeMethodWithArray(ReflectionUtils.java:164) [surefire-api-2.10.jar:2.10]
	at org.apache.maven.surefire.booter.ProviderFactory$ProviderProxy.invoke(ProviderFactory.java:110) [surefire-booter-2.10.jar:2.10]
	at org.apache.maven.surefire.booter.SurefireStarter.invokeProvider(SurefireStarter.java:175) [surefire-booter-2.10.jar:2.10]
	at org.apache.maven.surefire.booter.SurefireStarter.runSuitesInProcessWhenForked(SurefireStarter.java:107) [surefire-booter-2.10.jar:2.10]
	at org.apache.maven.surefire.booter.ForkedBooter.main(ForkedBooter.java:68) [surefire-booter-2.10.jar:2.10]
22:04:49.178 [main] WARN  o.s.c.a.CommonAnnotationBeanPostProcessor - Invocation of destroy method failed on bean with name &apos;accountOnetimeSyncJob&apos;: com.rackspace.search.exception.NotFoundException: Index is missing
22:04:49.424 [main] ERROR c.r.s.e.client.ElasticSearchClient - Index is missing
org.elasticsearch.indices.IndexMissingException: [admin] missing
	at org.elasticsearch.cluster.metadata.MetaData.concreteIndex(MetaData.java:616) ~[elasticsearch-0.90.2.jar:na]
	at org.elasticsearch.action.get.TransportGetAction.resolveRequest(TransportGetAction.java:90) ~[elasticsearch-0.90.2.jar:na]
	at org.elasticsearch.action.get.TransportGetAction.resolveRequest(TransportGetAction.java:42) ~[elasticsearch-0.90.2.jar:na]
	at org.elasticsearch.action.support.single.shard.TransportShardSingleOperationAction$AsyncSingleAction.&lt;init&gt;(TransportShardSingleOperationAction.java:114) ~[elasticsearch-0.90.2.jar:na]
	at org.elasticsearch.action.support.single.shard.TransportShardSingleOperationAction$AsyncSingleAction.&lt;init&gt;(TransportShardSingleOperationAction.java:94) ~[elasticsearch-0.90.2.jar:na]
	at org.elasticsearch.action.support.single.shard.TransportShardSingleOperationAction.doExecute(TransportShardSingleOperationAction.java:71) ~[elasticsearch-0.90.2.jar:na]
	at org.elasticsearch.action.support.single.shard.TransportShardSingleOperationAction.doExecute(TransportShardSingleOperationAction.java:46) ~[elasticsearch-0.90.2.jar:na]
	at org.elasticsearch.action.support.TransportAction.execute(TransportAction.java:61) ~[elasticsearch-0.90.2.jar:na]
	at org.elasticsearch.client.node.NodeClient.execute(NodeClient.java:92) ~[elasticsearch-0.90.2.jar:na]
	at org.elasticsearch.client.support.AbstractClient.get(AbstractClient.java:179) ~[elasticsearch-0.90.2.jar:na]
	at org.elasticsearch.action.get.GetRequestBuilder.doExecute(GetRequestBuilder.java:112) ~[elasticsearch-0.90.2.jar:na]
	at org.elasticsearch.action.ActionRequestBuilder.execute(ActionRequestBuilder.java:62) ~[elasticsearch-0.90.2.jar:na]
	at org.elasticsearch.action.ActionRequestBuilder.execute(ActionRequestBuilder.java:57) ~[elasticsearch-0.90.2.jar:na]
	at org.elasticsearch.action.ActionRequestBuilder$execute.call(Unknown Source) ~[na:na]
	at com.rackspace.search.elasticsearch.client.ElasticSearchClient.getDocument(ElasticSearchClient.groovy:209) ~[classes/:na]
	at com.rackspace.search.elasticsearch.client.ElasticSearchClient$getDocument.call(Unknown Source) [classes/:na]
	at com.rackspace.search.service.JobService.getJob(JobService.groovy:56) [classes/:na]
	at com.rackspace.search.service.JobService$getJob$0.callCurrent(Unknown Source) [classes/:na]
	at com.rackspace.search.service.JobService.getJob(JobService.groovy:52) [classes/:na]
	at com.rackspace.search.service.JobService$getJob.call(Unknown Source) [classes/:na]
	at com.rackspace.search.service.core.CoreTicketOngoingSyncJob.windupActivities(CoreTicketOnGoingSyncJob.groovy:82) [classes/:na]
	at sun.reflect.NativeMethodAccessorImpl.invoke0(Native Method) ~[na:1.6.0_38]
	at sun.reflect.NativeMethodAccessorImpl.invoke(NativeMethodAccessorImpl.java:39) ~[na:1.6.0_38]
	at sun.reflect.DelegatingMethodAccessorImpl.invoke(DelegatingMethodAccessorImpl.java:25) ~[na:1.6.0_38]
	at java.lang.reflect.Method.invoke(Method.java:597) ~[na:1.6.0_38]
	at org.springframework.beans.factory.annotation.InitDestroyAnnotationBeanPostProcessor$LifecycleElement.invoke(InitDestroyAnnotationBeanPostProcessor.java:340) [spring-beans-3.0.6.RELEASE.jar:3.0.6.RELEASE]
	at org.springframework.beans.factory.annotation.InitDestroyAnnotationBeanPostProcessor$LifecycleMetadata.invokeDestroyMethods(InitDestroyAnnotationBeanPostProcessor.java:305) [spring-beans-3.0.6.RELEASE.jar:3.0.6.RELEASE]
	at org.springframework.beans.factory.annotation.InitDestroyAnnotationBeanPostProcessor.postProcessBeforeDestruction(InitDestroyAnnotationBeanPostProcessor.java:148) [spring-beans-3.0.6.RELEASE.jar:3.0.6.RELEASE]
	at org.springframework.beans.factory.support.DisposableBeanAdapter.destroy(DisposableBeanAdapter.java:166) [spring-beans-3.0.6.RELEASE.jar:3.0.6.RELEASE]
	at org.springframework.beans.factory.support.DefaultSingletonBeanRegistry.destroyBean(DefaultSingletonBeanRegistry.java:487) [spring-beans-3.0.6.RELEASE.jar:3.0.6.RELEASE]
	at org.springframework.beans.factory.support.DefaultSingletonBeanRegistry.destroySingleton(DefaultSingletonBeanRegistry.java:463) [spring-beans-3.0.6.RELEASE.jar:3.0.6.RELEASE]
	at org.springframework.beans.factory.support.DefaultSingletonBeanRegistry.destroySingletons(DefaultSingletonBeanRegistry.java:431) [spring-beans-3.0.6.RELEASE.jar:3.0.6.RELEASE]
	at org.springframework.context.support.AbstractApplicationContext.destroyBeans(AbstractApplicationContext.java:1048) [spring-context-3.0.6.RELEASE.jar:3.0.6.RELEASE]
	at org.springframework.context.support.AbstractApplicationContext.refresh(AbstractApplicationContext.java:433) [spring-context-3.0.6.RELEASE.jar:3.0.6.RELEASE]
	at org.springframework.test.context.support.AbstractGenericContextLoader.loadContext(AbstractGenericContextLoader.java:84) [spring-test-3.0.6.RELEASE.jar:3.0.6.RELEASE]
	at org.springframework.test.context.support.AbstractGenericContextLoader.loadContext(AbstractGenericContextLoader.java:1) [spring-test-3.0.6.RELEASE.jar:3.0.6.RELEASE]
	at org.springframework.test.context.TestContext.loadApplicationContext(TestContext.java:280) [spring-test-3.0.6.RELEASE.jar:3.0.6.RELEASE]
	at org.springframework.test.context.TestContext.getApplicationContext(TestContext.java:304) [spring-test-3.0.6.RELEASE.jar:3.0.6.RELEASE]
	at org.springframework.test.context.support.DependencyInjectionTestExecutionListener.injectDependencies(DependencyInjectionTestExecutionListener.java:109) [spring-test-3.0.6.RELEASE.jar:3.0.6.RELEASE]
	at org.springframework.test.context.support.DependencyInjectionTestExecutionListener.prepareTestInstance(DependencyInjectionTestExecutionListener.java:75) [spring-test-3.0.6.RELEASE.jar:3.0.6.RELEASE]
	at org.springframework.test.context.TestContextManager.prepareTestInstance(TestContextManager.java:321) [spring-test-3.0.6.RELEASE.jar:3.0.6.RELEASE]
	at org.spockframework.spring.SpringTestContextManager.prepareTestInstance(SpringTestContextManager.java:49) [spock-spring-0.7-groovy-2.0.jar:na]
	at org.spockframework.spring.SpringInterceptor.interceptSetupMethod(SpringInterceptor.java:42) [spock-spring-0.7-groovy-2.0.jar:na]
	at org.spockframework.runtime.extension.AbstractMethodInterceptor.intercept(AbstractMethodInterceptor.java:28) [spock-core-0.7-groovy-2.0.jar:na]
	at org.spockframework.runtime.extension.MethodInvocation.proceed(MethodInvocation.java:84) [spock-core-0.7-groovy-2.0.jar:na]
	at org.spockframework.runtime.BaseSpecRunner.invoke(BaseSpecRunner.java:319) [spock-core-0.7-groovy-2.0.jar:na]
	at org.spockframework.runtime.BaseSpecRunner.invokeSetup(BaseSpecRunner.java:279) [spock-core-0.7-groovy-2.0.jar:na]
	at org.spockframework.runtime.BaseSpecRunner.doRunIteration(BaseSpecRunner.java:255) [spock-core-0.7-groovy-2.0.jar:na]
	at sun.reflect.GeneratedMethodAccessor5.invoke(Unknown Source) ~[na:na]
	at sun.reflect.DelegatingMethodAccessorImpl.invoke(DelegatingMethodAccessorImpl.java:25) ~[na:1.6.0_38]
	at java.lang.reflect.Method.invoke(Method.java:597) ~[na:1.6.0_38]
	at org.spockframework.util.ReflectionUtil.invokeMethod(ReflectionUtil.java:138) [spock-core-0.7-groovy-2.0.jar:na]
	at org.spockframework.runtime.BaseSpecRunner.invokeRaw(BaseSpecRunner.java:330) [spock-core-0.7-groovy-2.0.jar:na]
	at org.spockframework.runtime.BaseSpecRunner.invoke(BaseSpecRunner.java:311) [spock-core-0.7-groovy-2.0.jar:na]
	at org.spockframework.runtime.BaseSpecRunner.runIteration(BaseSpecRunner.java:223) [spock-core-0.7-groovy-2.0.jar:na]
	at org.spockframework.runtime.BaseSpecRunner.initializeAndRunIteration(BaseSpecRunner.java:214) [spock-core-0.7-groovy-2.0.jar:na]
	at org.spockframework.runtime.BaseSpecRunner.runSimpleFeature(BaseSpecRunner.java:205) [spock-core-0.7-groovy-2.0.jar:na]
	at org.spockframework.runtime.BaseSpecRunner.doRunFeature(BaseSpecRunner.java:199) [spock-core-0.7-groovy-2.0.jar:na]
	at sun.reflect.GeneratedMethodAccessor7.invoke(Unknown Source) ~[na:na]
	at sun.reflect.DelegatingMethodAccessorImpl.invoke(DelegatingMethodAccessorImpl.java:25) ~[na:1.6.0_38]
	at java.lang.reflect.Method.invoke(Method.java:597) ~[na:1.6.0_38]
	at org.spockframework.util.ReflectionUtil.invokeMethod(ReflectionUtil.java:138) [spock-core-0.7-groovy-2.0.jar:na]
	at org.spockframework.runtime.BaseSpecRunner.invokeRaw(BaseSpecRunner.java:330) [spock-core-0.7-groovy-2.0.jar:na]
	at org.spockframework.runtime.BaseSpecRunner.invoke(BaseSpecRunner.java:311) [spock-core-0.7-groovy-2.0.jar:na]
	at org.spockframework.runtime.BaseSpecRunner.runFeature(BaseSpecRunner.java:175) [spock-core-0.7-groovy-2.0.jar:na]
	at org.spockframework.runtime.BaseSpecRunner.runFeatures(BaseSpecRunner.java:152) [spock-core-0.7-groovy-2.0.jar:na]
	at org.spockframework.runtime.BaseSpecRunner.doRunSpec(BaseSpecRunner.java:112) [spock-core-0.7-groovy-2.0.jar:na]
	at sun.reflect.GeneratedMethodAccessor11.invoke(Unknown Source) ~[na:na]
	at sun.reflect.DelegatingMethodAccessorImpl.invoke(DelegatingMethodAccessorImpl.java:25) ~[na:1.6.0_38]
	at java.lang.reflect.Method.invoke(Method.java:597) ~[na:1.6.0_38]
	at org.spockframework.util.ReflectionUtil.invokeMethod(ReflectionUtil.java:138) [spock-core-0.7-groovy-2.0.jar:na]
	at org.spockframework.runtime.BaseSpecRunner.invokeRaw(BaseSpecRunner.java:330) [spock-core-0.7-groovy-2.0.jar:na]
	at org.spockframework.runtime.BaseSpecRunner.invoke(BaseSpecRunner.java:311) [spock-core-0.7-groovy-2.0.jar:na]
	at org.spockframework.runtime.BaseSpecRunner.runSpec(BaseSpecRunner.java:91) [spock-core-0.7-groovy-2.0.jar:na]
	at org.spockframework.runtime.BaseSpecRunner.run(BaseSpecRunner.java:82) [spock-core-0.7-groovy-2.0.jar:na]
	at org.spockframework.runtime.Sputnik.run(Sputnik.java:63) [spock-core-0.7-groovy-2.0.jar:na]
	at org.apache.maven.surefire.junit4.JUnit4TestSet.execute(JUnit4TestSet.java:53) [surefire-junit4-2.10.jar:2.10]
	at org.apache.maven.surefire.junit4.JUnit4Provider.executeTestSet(JUnit4Provider.java:123) [surefire-junit4-2.10.jar:2.10]
	at org.apache.maven.surefire.junit4.JUnit4Provider.invoke(JUnit4Provider.java:104) [surefire-junit4-2.10.jar:2.10]
	at sun.reflect.NativeMethodAccessorImpl.invoke0(Native Method) ~[na:1.6.0_38]
	at sun.reflect.NativeMethodAccessorImpl.invoke(NativeMethodAccessorImpl.java:39) ~[na:1.6.0_38]
	at sun.reflect.DelegatingMethodAccessorImpl.invoke(DelegatingMethodAccessorImpl.java:25) ~[na:1.6.0_38]
	at java.lang.reflect.Method.invoke(Method.java:597) ~[na:1.6.0_38]
	at org.apache.maven.surefire.util.ReflectionUtils.invokeMethodWithArray(ReflectionUtils.java:164) [surefire-api-2.10.jar:2.10]
	at org.apache.maven.surefire.booter.ProviderFactory$ProviderProxy.invoke(ProviderFactory.java:110) [surefire-booter-2.10.jar:2.10]
	at org.apache.maven.surefire.booter.SurefireStarter.invokeProvider(SurefireStarter.java:175) [surefire-booter-2.10.jar:2.10]
	at org.apache.maven.surefire.booter.SurefireStarter.runSuitesInProcessWhenForked(SurefireStarter.java:107) [surefire-booter-2.10.jar:2.10]
	at org.apache.maven.surefire.booter.ForkedBooter.main(ForkedBooter.java:68) [surefire-booter-2.10.jar:2.10]
22:04:49.425 [main] WARN  o.s.c.a.CommonAnnotationBeanPostProcessor - Invocation of destroy method failed on bean with name &apos;coreTicketOngoingSyncJob&apos;: com.rackspace.search.exception.NotFoundException: Index is missing
22:04:49.430 [main] ERROR c.r.s.e.client.ElasticSearchClient - Index is missing
org.elasticsearch.indices.IndexMissingException: [admin] missing
	at org.elasticsearch.cluster.metadata.MetaData.concreteIndex(MetaData.java:616) ~[elasticsearch-0.90.2.jar:na]
	at org.elasticsearch.action.get.TransportGetAction.resolveRequest(TransportGetAction.java:90) ~[elasticsearch-0.90.2.jar:na]
	at org.elasticsearch.action.get.TransportGetAction.resolveRequest(TransportGetAction.java:42) ~[elasticsearch-0.90.2.jar:na]
	at org.elasticsearch.action.support.single.shard.TransportShardSingleOperationAction$AsyncSingleAction.&lt;init&gt;(TransportShardSingleOperationAction.java:114) ~[elasticsearch-0.90.2.jar:na]
	at org.elasticsearch.action.support.single.shard.TransportShardSingleOperationAction$AsyncSingleAction.&lt;init&gt;(TransportShardSingleOperationAction.java:94) ~[elasticsearch-0.90.2.jar:na]
	at org.elasticsearch.action.support.single.shard.TransportShardSingleOperationAction.doExecute(TransportShardSingleOperationAction.java:71) ~[elasticsearch-0.90.2.jar:na]
	at org.elasticsearch.action.support.single.shard.TransportShardSingleOperationAction.doExecute(TransportShardSingleOperationAction.java:46) ~[elasticsearch-0.90.2.jar:na]
	at org.elasticsearch.action.support.TransportAction.execute(TransportAction.java:61) ~[elasticsearch-0.90.2.jar:na]
	at org.elasticsearch.client.node.NodeClient.execute(NodeClient.java:92) ~[elasticsearch-0.90.2.jar:na]
	at org.elasticsearch.client.support.AbstractClient.get(AbstractClient.java:179) ~[elasticsearch-0.90.2.jar:na]
	at org.elasticsearch.action.get.GetRequestBuilder.doExecute(GetRequestBuilder.java:112) ~[elasticsearch-0.90.2.jar:na]
	at org.elasticsearch.action.ActionRequestBuilder.execute(ActionRequestBuilder.java:62) ~[elasticsearch-0.90.2.jar:na]
	at org.elasticsearch.action.ActionRequestBuilder.execute(ActionRequestBuilder.java:57) ~[elasticsearch-0.90.2.jar:na]
	at org.elasticsearch.action.ActionRequestBuilder$execute.call(Unknown Source) ~[na:na]
	at com.rackspace.search.elasticsearch.client.ElasticSearchClient.getDocument(ElasticSearchClient.groovy:209) ~[classes/:na]
	at com.rackspace.search.elasticsearch.client.ElasticSearchClient$getDocument.call(Unknown Source) [classes/:na]
	at com.rackspace.search.service.JobService.getJob(JobService.groovy:56) [classes/:na]
	at com.rackspace.search.service.JobService$getJob$0.callCurrent(Unknown Source) [classes/:na]
	at com.rackspace.search.service.JobService.getJob(JobService.groovy:52) [classes/:na]
	at com.rackspace.search.service.JobService$getJob.call(Unknown Source) [classes/:na]
	at com.rackspace.search.service.core.CoreTicketOnetimeSyncJob.windupActivities(CoreTicketOneTimeSyncJob.groovy:45) [classes/:na]
	at sun.reflect.NativeMethodAccessorImpl.invoke0(Native Method) ~[na:1.6.0_38]
	at sun.reflect.NativeMethodAccessorImpl.invoke(NativeMethodAccessorImpl.java:39) ~[na:1.6.0_38]
	at sun.reflect.DelegatingMethodAccessorImpl.invoke(DelegatingMethodAccessorImpl.java:25) ~[na:1.6.0_38]
	at java.lang.reflect.Method.invoke(Method.java:597) ~[na:1.6.0_38]
	at org.springframework.beans.factory.annotation.InitDestroyAnnotationBeanPostProcessor$LifecycleElement.invoke(InitDestroyAnnotationBeanPostProcessor.java:340) [spring-beans-3.0.6.RELEASE.jar:3.0.6.RELEASE]
	at org.springframework.beans.factory.annotation.InitDestroyAnnotationBeanPostProcessor$LifecycleMetadata.invokeDestroyMethods(InitDestroyAnnotationBeanPostProcessor.java:305) [spring-beans-3.0.6.RELEASE.jar:3.0.6.RELEASE]
	at org.springframework.beans.factory.annotation.InitDestroyAnnotationBeanPostProcessor.postProcessBeforeDestruction(InitDestroyAnnotationBeanPostProcessor.java:148) [spring-beans-3.0.6.RELEASE.jar:3.0.6.RELEASE]
	at org.springframework.beans.factory.support.DisposableBeanAdapter.destroy(DisposableBeanAdapter.java:166) [spring-beans-3.0.6.RELEASE.jar:3.0.6.RELEASE]
	at org.springframework.beans.factory.support.DefaultSingletonBeanRegistry.destroyBean(DefaultSingletonBeanRegistry.java:487) [spring-beans-3.0.6.RELEASE.jar:3.0.6.RELEASE]
	at org.springframework.beans.factory.support.DefaultSingletonBeanRegistry.destroySingleton(DefaultSingletonBeanRegistry.java:463) [spring-beans-3.0.6.RELEASE.jar:3.0.6.RELEASE]
	at org.springframework.beans.factory.support.DefaultSingletonBeanRegistry.destroySingletons(DefaultSingletonBeanRegistry.java:431) [spring-beans-3.0.6.RELEASE.jar:3.0.6.RELEASE]
	at org.springframework.context.support.AbstractApplicationContext.destroyBeans(AbstractApplicationContext.java:1048) [spring-context-3.0.6.RELEASE.jar:3.0.6.RELEASE]
	at org.springframework.context.support.AbstractApplicationContext.refresh(AbstractApplicationContext.java:433) [spring-context-3.0.6.RELEASE.jar:3.0.6.RELEASE]
	at org.springframework.test.context.support.AbstractGenericContextLoader.loadContext(AbstractGenericContextLoader.java:84) [spring-test-3.0.6.RELEASE.jar:3.0.6.RELEASE]
	at org.springframework.test.context.support.AbstractGenericContextLoader.loadContext(AbstractGenericContextLoader.java:1) [spring-test-3.0.6.RELEASE.jar:3.0.6.RELEASE]
	at org.springframework.test.context.TestContext.loadApplicationContext(TestContext.java:280) [spring-test-3.0.6.RELEASE.jar:3.0.6.RELEASE]
	at org.springframework.test.context.TestContext.getApplicationContext(TestContext.java:304) [spring-test-3.0.6.RELEASE.jar:3.0.6.RELEASE]
	at org.springframework.test.context.support.DependencyInjectionTestExecutionListener.injectDependencies(DependencyInjectionTestExecutionListener.java:109) [spring-test-3.0.6.RELEASE.jar:3.0.6.RELEASE]
	at org.springframework.test.context.support.DependencyInjectionTestExecutionListener.prepareTestInstance(DependencyInjectionTestExecutionListener.java:75) [spring-test-3.0.6.RELEASE.jar:3.0.6.RELEASE]
	at org.springframework.test.context.TestContextManager.prepareTestInstance(TestContextManager.java:321) [spring-test-3.0.6.RELEASE.jar:3.0.6.RELEASE]
	at org.spockframework.spring.SpringTestContextManager.prepareTestInstance(SpringTestContextManager.java:49) [spock-spring-0.7-groovy-2.0.jar:na]
	at org.spockframework.spring.SpringInterceptor.interceptSetupMethod(SpringInterceptor.java:42) [spock-spring-0.7-groovy-2.0.jar:na]
	at org.spockframework.runtime.extension.AbstractMethodInterceptor.intercept(AbstractMethodInterceptor.java:28) [spock-core-0.7-groovy-2.0.jar:na]
	at org.spockframework.runtime.extension.MethodInvocation.proceed(MethodInvocation.java:84) [spock-core-0.7-groovy-2.0.jar:na]
	at org.spockframework.runtime.BaseSpecRunner.invoke(BaseSpecRunner.java:319) [spock-core-0.7-groovy-2.0.jar:na]
	at org.spockframework.runtime.BaseSpecRunner.invokeSetup(BaseSpecRunner.java:279) [spock-core-0.7-groovy-2.0.jar:na]
	at org.spockframework.runtime.BaseSpecRunner.doRunIteration(BaseSpecRunner.java:255) [spock-core-0.7-groovy-2.0.jar:na]
	at sun.reflect.GeneratedMethodAccessor5.invoke(Unknown Source) ~[na:na]
	at sun.reflect.DelegatingMethodAccessorImpl.invoke(DelegatingMethodAccessorImpl.java:25) ~[na:1.6.0_38]
	at java.lang.reflect.Method.invoke(Method.java:597) ~[na:1.6.0_38]
	at org.spockframework.util.ReflectionUtil.invokeMethod(ReflectionUtil.java:138) [spock-core-0.7-groovy-2.0.jar:na]
	at org.spockframework.runtime.BaseSpecRunner.invokeRaw(BaseSpecRunner.java:330) [spock-core-0.7-groovy-2.0.jar:na]
	at org.spockframework.runtime.BaseSpecRunner.invoke(BaseSpecRunner.java:311) [spock-core-0.7-groovy-2.0.jar:na]
	at org.spockframework.runtime.BaseSpecRunner.runIteration(BaseSpecRunner.java:223) [spock-core-0.7-groovy-2.0.jar:na]
	at org.spockframework.runtime.BaseSpecRunner.initializeAndRunIteration(BaseSpecRunner.java:214) [spock-core-0.7-groovy-2.0.jar:na]
	at org.spockframework.runtime.BaseSpecRunner.runSimpleFeature(BaseSpecRunner.java:205) [spock-core-0.7-groovy-2.0.jar:na]
	at org.spockframework.runtime.BaseSpecRunner.doRunFeature(BaseSpecRunner.java:199) [spock-core-0.7-groovy-2.0.jar:na]
	at sun.reflect.GeneratedMethodAccessor7.invoke(Unknown Source) ~[na:na]
	at sun.reflect.DelegatingMethodAccessorImpl.invoke(DelegatingMethodAccessorImpl.java:25) ~[na:1.6.0_38]
	at java.lang.reflect.Method.invoke(Method.java:597) ~[na:1.6.0_38]
	at org.spockframework.util.ReflectionUtil.invokeMethod(ReflectionUtil.java:138) [spock-core-0.7-groovy-2.0.jar:na]
	at org.spockframework.runtime.BaseSpecRunner.invokeRaw(BaseSpecRunner.java:330) [spock-core-0.7-groovy-2.0.jar:na]
	at org.spockframework.runtime.BaseSpecRunner.invoke(BaseSpecRunner.java:311) [spock-core-0.7-groovy-2.0.jar:na]
	at org.spockframework.runtime.BaseSpecRunner.runFeature(BaseSpecRunner.java:175) [spock-core-0.7-groovy-2.0.jar:na]
	at org.spockframework.runtime.BaseSpecRunner.runFeatures(BaseSpecRunner.java:152) [spock-core-0.7-groovy-2.0.jar:na]
	at org.spockframework.runtime.BaseSpecRunner.doRunSpec(BaseSpecRunner.java:112) [spock-core-0.7-groovy-2.0.jar:na]
	at sun.reflect.GeneratedMethodAccessor11.invoke(Unknown Source) ~[na:na]
	at sun.reflect.DelegatingMethodAccessorImpl.invoke(DelegatingMethodAccessorImpl.java:25) ~[na:1.6.0_38]
	at java.lang.reflect.Method.invoke(Method.java:597) ~[na:1.6.0_38]
	at org.spockframework.util.ReflectionUtil.invokeMethod(ReflectionUtil.java:138) [spock-core-0.7-groovy-2.0.jar:na]
	at org.spockframework.runtime.BaseSpecRunner.invokeRaw(BaseSpecRunner.java:330) [spock-core-0.7-groovy-2.0.jar:na]
	at org.spockframework.runtime.BaseSpecRunner.invoke(BaseSpecRunner.java:311) [spock-core-0.7-groovy-2.0.jar:na]
	at org.spockframework.runtime.BaseSpecRunner.runSpec(BaseSpecRunner.java:91) [spock-core-0.7-groovy-2.0.jar:na]
	at org.spockframework.runtime.BaseSpecRunner.run(BaseSpecRunner.java:82) [spock-core-0.7-groovy-2.0.jar:na]
	at org.spockframework.runtime.Sputnik.run(Sputnik.java:63) [spock-core-0.7-groovy-2.0.jar:na]
	at org.apache.maven.surefire.junit4.JUnit4TestSet.execute(JUnit4TestSet.java:53) [surefire-junit4-2.10.jar:2.10]
	at org.apache.maven.surefire.junit4.JUnit4Provider.executeTestSet(JUnit4Provider.java:123) [surefire-junit4-2.10.jar:2.10]
	at org.apache.maven.surefire.junit4.JUnit4Provider.invoke(JUnit4Provider.java:104) [surefire-junit4-2.10.jar:2.10]
	at sun.reflect.NativeMethodAccessorImpl.invoke0(Native Method) ~[na:1.6.0_38]
	at sun.reflect.NativeMethodAccessorImpl.invoke(NativeMethodAccessorImpl.java:39) ~[na:1.6.0_38]
	at sun.reflect.DelegatingMethodAccessorImpl.invoke(DelegatingMethodAccessorImpl.java:25) ~[na:1.6.0_38]
	at java.lang.reflect.Method.invoke(Method.java:597) ~[na:1.6.0_38]
	at org.apache.maven.surefire.util.ReflectionUtils.invokeMethodWithArray(ReflectionUtils.java:164) [surefire-api-2.10.jar:2.10]
	at org.apache.maven.surefire.booter.ProviderFactory$ProviderProxy.invoke(ProviderFactory.java:110) [surefire-booter-2.10.jar:2.10]
	at org.apache.maven.surefire.booter.SurefireStarter.invokeProvider(SurefireStarter.java:175) [surefire-booter-2.10.jar:2.10]
	at org.apache.maven.surefire.booter.SurefireStarter.runSuitesInProcessWhenForked(SurefireStarter.java:107) [surefire-booter-2.10.jar:2.10]
	at org.apache.maven.surefire.booter.ForkedBooter.main(ForkedBooter.java:68) [surefire-booter-2.10.jar:2.10]
22:04:49.431 [main] WARN  o.s.c.a.CommonAnnotationBeanPostProcessor - Invocation of destroy method failed on bean with name &apos;coreTicketOnetimeSyncJob&apos;: com.rackspace.search.exception.NotFoundException: Index is missing
22:04:49.432 [main] INFO  org.elasticsearch.node - [ticket.node] {0.90.2}[25471]: stopping ...
22:04:49.472 [main] INFO  org.elasticsearch.node - [ticket.node] {0.90.2}[25471]: stopped
22:04:49.472 [main] INFO  org.elasticsearch.node - [ticket.node] {0.90.2}[25471]: closing ...
22:04:49.475 [main] INFO  org.elasticsearch.node - [ticket.node] {0.90.2}[25471]: closed
22:04:49.485 [main] ERROR o.s.test.context.TestContextManager - Caught exception while allowing TestExecutionListener [org.springframework.test.context.support.DependencyInjectionTestExecutionListener@62a16977] to prepare test instance [com.rackspace.search.service.TicketSearchServiceTest@7a462718]
java.lang.IllegalStateException: Failed to load ApplicationContext
	at org.springframework.test.context.TestContext.getApplicationContext(TestContext.java:308) ~[spring-test-3.0.6.RELEASE.jar:3.0.6.RELEASE]
	at org.springframework.test.context.support.DependencyInjectionTestExecutionListener.injectDependencies(DependencyInjectionTestExecutionListener.java:109) ~[spring-test-3.0.6.RELEASE.jar:3.0.6.RELEASE]
	at org.springframework.test.context.support.DependencyInjectionTestExecutionListener.prepareTestInstance(DependencyInjectionTestExecutionListener.java:75) ~[spring-test-3.0.6.RELEASE.jar:3.0.6.RELEASE]
	at org.springframework.test.context.TestContextManager.prepareTestInstance(TestContextManager.java:321) ~[spring-test-3.0.6.RELEASE.jar:3.0.6.RELEASE]
	at org.spockframework.spring.SpringTestContextManager.prepareTestInstance(SpringTestContextManager.java:49) [spock-spring-0.7-groovy-2.0.jar:na]
	at org.spockframework.spring.SpringInterceptor.interceptSetupMethod(SpringInterceptor.java:42) [spock-spring-0.7-groovy-2.0.jar:na]
	at org.spockframework.runtime.extension.AbstractMethodInterceptor.intercept(AbstractMethodInterceptor.java:28) [spock-core-0.7-groovy-2.0.jar:na]
	at org.spockframework.runtime.extension.MethodInvocation.proceed(MethodInvocation.java:84) [spock-core-0.7-groovy-2.0.jar:na]
	at org.spockframework.runtime.BaseSpecRunner.invoke(BaseSpecRunner.java:319) [spock-core-0.7-groovy-2.0.jar:na]
	at org.spockframework.runtime.BaseSpecRunner.invokeSetup(BaseSpecRunner.java:279) [spock-core-0.7-groovy-2.0.jar:na]
	at org.spockframework.runtime.BaseSpecRunner.doRunIteration(BaseSpecRunner.java:255) [spock-core-0.7-groovy-2.0.jar:na]
	at sun.reflect.GeneratedMethodAccessor5.invoke(Unknown Source) ~[na:na]
	at sun.reflect.DelegatingMethodAccessorImpl.invoke(DelegatingMethodAccessorImpl.java:25) ~[na:1.6.0_38]
	at java.lang.reflect.Method.invoke(Method.java:597) ~[na:1.6.0_38]
	at org.spockframework.util.ReflectionUtil.invokeMethod(ReflectionUtil.java:138) [spock-core-0.7-groovy-2.0.jar:na]
	at org.spockframework.runtime.BaseSpecRunner.invokeRaw(BaseSpecRunner.java:330) [spock-core-0.7-groovy-2.0.jar:na]
	at org.spockframework.runtime.BaseSpecRunner.invoke(BaseSpecRunner.java:311) [spock-core-0.7-groovy-2.0.jar:na]
	at org.spockframework.runtime.BaseSpecRunner.runIteration(BaseSpecRunner.java:223) [spock-core-0.7-groovy-2.0.jar:na]
	at org.spockframework.runtime.BaseSpecRunner.initializeAndRunIteration(BaseSpecRunner.java:214) [spock-core-0.7-groovy-2.0.jar:na]
	at org.spockframework.runtime.BaseSpecRunner.runSimpleFeature(BaseSpecRunner.java:205) [spock-core-0.7-groovy-2.0.jar:na]
	at org.spockframework.runtime.BaseSpecRunner.doRunFeature(BaseSpecRunner.java:199) [spock-core-0.7-groovy-2.0.jar:na]
	at sun.reflect.GeneratedMethodAccessor7.invoke(Unknown Source) ~[na:na]
	at sun.reflect.DelegatingMethodAccessorImpl.invoke(DelegatingMethodAccessorImpl.java:25) ~[na:1.6.0_38]
	at java.lang.reflect.Method.invoke(Method.java:597) ~[na:1.6.0_38]
	at org.spockframework.util.ReflectionUtil.invokeMethod(ReflectionUtil.java:138) [spock-core-0.7-groovy-2.0.jar:na]
	at org.spockframework.runtime.BaseSpecRunner.invokeRaw(BaseSpecRunner.java:330) [spock-core-0.7-groovy-2.0.jar:na]
	at org.spockframework.runtime.BaseSpecRunner.invoke(BaseSpecRunner.java:311) [spock-core-0.7-groovy-2.0.jar:na]
	at org.spockframework.runtime.BaseSpecRunner.runFeature(BaseSpecRunner.java:175) [spock-core-0.7-groovy-2.0.jar:na]
	at org.spockframework.runtime.BaseSpecRunner.runFeatures(BaseSpecRunner.java:152) [spock-core-0.7-groovy-2.0.jar:na]
	at org.spockframework.runtime.BaseSpecRunner.doRunSpec(BaseSpecRunner.java:112) [spock-core-0.7-groovy-2.0.jar:na]
	at sun.reflect.GeneratedMethodAccessor11.invoke(Unknown Source) ~[na:na]
	at sun.reflect.DelegatingMethodAccessorImpl.invoke(DelegatingMethodAccessorImpl.java:25) ~[na:1.6.0_38]
	at java.lang.reflect.Method.invoke(Method.java:597) ~[na:1.6.0_38]
	at org.spockframework.util.ReflectionUtil.invokeMethod(ReflectionUtil.java:138) [spock-core-0.7-groovy-2.0.jar:na]
	at org.spockframework.runtime.BaseSpecRunner.invokeRaw(BaseSpecRunner.java:330) [spock-core-0.7-groovy-2.0.jar:na]
	at org.spockframework.runtime.BaseSpecRunner.invoke(BaseSpecRunner.java:311) [spock-core-0.7-groovy-2.0.jar:na]
	at org.spockframework.runtime.BaseSpecRunner.runSpec(BaseSpecRunner.java:91) [spock-core-0.7-groovy-2.0.jar:na]
	at org.spockframework.runtime.BaseSpecRunner.run(BaseSpecRunner.java:82) [spock-core-0.7-groovy-2.0.jar:na]
	at org.spockframework.runtime.Sputnik.run(Sputnik.java:63) [spock-core-0.7-groovy-2.0.jar:na]
	at org.apache.maven.surefire.junit4.JUnit4TestSet.execute(JUnit4TestSet.java:53) [surefire-junit4-2.10.jar:2.10]
	at org.apache.maven.surefire.junit4.JUnit4Provider.executeTestSet(JUnit4Provider.java:123) [surefire-junit4-2.10.jar:2.10]
	at org.apache.maven.surefire.junit4.JUnit4Provider.invoke(JUnit4Provider.java:104) [surefire-junit4-2.10.jar:2.10]
	at sun.reflect.NativeMethodAccessorImpl.invoke0(Native Method) ~[na:1.6.0_38]
	at sun.reflect.NativeMethodAccessorImpl.invoke(NativeMethodAccessorImpl.java:39) ~[na:1.6.0_38]
	at sun.reflect.DelegatingMethodAccessorImpl.invoke(DelegatingMethodAccessorImpl.java:25) ~[na:1.6.0_38]
	at java.lang.reflect.Method.invoke(Method.java:597) ~[na:1.6.0_38]
	at org.apache.maven.surefire.util.ReflectionUtils.invokeMethodWithArray(ReflectionUtils.java:164) [surefire-api-2.10.jar:2.10]
	at org.apache.maven.surefire.booter.ProviderFactory$ProviderProxy.invoke(ProviderFactory.java:110) [surefire-booter-2.10.jar:2.10]
	at org.apache.maven.surefire.booter.SurefireStarter.invokeProvider(SurefireStarter.java:175) [surefire-booter-2.10.jar:2.10]
	at org.apache.maven.surefire.booter.SurefireStarter.runSuitesInProcessWhenForked(SurefireStarter.java:107) [surefire-booter-2.10.jar:2.10]
	at org.apache.maven.surefire.booter.ForkedBooter.main(ForkedBooter.java:68) [surefire-booter-2.10.jar:2.10]
Caused by: org.springframework.beans.factory.BeanCreationException: Error creating bean with name &apos;jobResource&apos;: Injection of autowired dependencies failed; nested exception is org.springframework.beans.factory.BeanCreationException: Could not autowire field: private com.rackspace.search.service.zendesk.ZendeskTicketOngoingSyncJob com.rackspace.search.endpoint.JobResource.zendeskTicketOngoingSyncJob; nested exception is org.springframework.beans.factory.BeanCreationException: Error creating bean with name &apos;zendeskTicketOngoingSyncJob&apos;: Injection of autowired dependencies failed; nested exception is org.springframework.beans.factory.BeanCreationException: Could not autowire field: private com.rackspace.search.service.zendesk.ZendeskTicketOngoingSyncActor com.rackspace.search.service.zendesk.ZendeskTicketOngoingSyncJob.ticketActor; nested exception is org.springframework.beans.factory.BeanCreationException: Error creating bean with name &apos;zendeskTicketOngoingSyncActor&apos;: Injection of autowired dependencies failed; nested exception is org.springframework.beans.factory.BeanCreationException: Could not autowire field: private com.rackspace.search.service.zendesk.ZendeskTicketProcessor com.rackspace.search.service.zendesk.ZendeskTicketOngoingSyncActor.zendeskTicketProcessor; nested exception is org.springframework.beans.factory.BeanCreationException: Error creating bean with name &apos;zendeskTicketProcessor&apos;: Injection of autowired dependencies failed; nested exception is org.springframework.beans.factory.BeanCreationException: Could not autowire field: private java.lang.Object com.rackspace.search.service.zendesk.ZendeskTicketProcessor.zendeskIndexName; nested exception is java.lang.IllegalArgumentException: Could not resolve placeholder &apos;zendesk.index.name&apos;
	at org.springframework.beans.factory.annotation.AutowiredAnnotationBeanPostProcessor.postProcessPropertyValues(AutowiredAnnotationBeanPostProcessor.java:288) ~[spring-beans-3.0.6.RELEASE.jar:3.0.6.RELEASE]
	at org.springframework.beans.factory.support.AbstractAutowireCapableBeanFactory.populateBean(AbstractAutowireCapableBeanFactory.java:1074) ~[spring-beans-3.0.6.RELEASE.jar:3.0.6.RELEASE]
	at org.springframework.beans.factory.support.AbstractAutowireCapableBeanFactory.doCreateBean(AbstractAutowireCapableBeanFactory.java:517) ~[spring-beans-3.0.6.RELEASE.jar:3.0.6.RELEASE]
	at org.springframework.beans.factory.support.AbstractAutowireCapableBeanFactory.createBean(AbstractAutowireCapableBeanFactory.java:456) ~[spring-beans-3.0.6.RELEASE.jar:3.0.6.RELEASE]
	at org.springframework.beans.factory.support.AbstractBeanFactory$1.getObject(AbstractBeanFactory.java:293) ~[spring-beans-3.0.6.RELEASE.jar:3.0.6.RELEASE]
	at org.springframework.beans.factory.support.DefaultSingletonBeanRegistry.getSingleton(DefaultSingletonBeanRegistry.java:222) ~[spring-beans-3.0.6.RELEASE.jar:3.0.6.RELEASE]
	at org.springframework.beans.factory.support.AbstractBeanFactory.doGetBean(AbstractBeanFactory.java:290) ~[spring-beans-3.0.6.RELEASE.jar:3.0.6.RELEASE]
	at org.springframework.beans.factory.support.AbstractBeanFactory.getBean(AbstractBeanFactory.java:192) ~[spring-beans-3.0.6.RELEASE.jar:3.0.6.RELEASE]
	at org.springframework.beans.factory.support.DefaultListableBeanFactory.preInstantiateSingletons(DefaultListableBeanFactory.java:585) ~[spring-beans-3.0.6.RELEASE.jar:3.0.6.RELEASE]
	at org.springframework.context.support.AbstractApplicationContext.finishBeanFactoryInitialization(AbstractApplicationContext.java:895) ~[spring-context-3.0.6.RELEASE.jar:3.0.6.RELEASE]
	at org.springframework.context.support.AbstractApplicationContext.refresh(AbstractApplicationContext.java:425) ~[spring-context-3.0.6.RELEASE.jar:3.0.6.RELEASE]
	at org.springframework.test.context.support.AbstractGenericContextLoader.loadContext(AbstractGenericContextLoader.java:84) ~[spring-test-3.0.6.RELEASE.jar:3.0.6.RELEASE]
	at org.springframework.test.context.support.AbstractGenericContextLoader.loadContext(AbstractGenericContextLoader.java:1) ~[spring-test-3.0.6.RELEASE.jar:3.0.6.RELEASE]
	at org.springframework.test.context.TestContext.loadApplicationContext(TestContext.java:280) ~[spring-test-3.0.6.RELEASE.jar:3.0.6.RELEASE]
	at org.springframework.test.context.TestContext.getApplicationContext(TestContext.java:304) ~[spring-test-3.0.6.RELEASE.jar:3.0.6.RELEASE]
	... 50 common frames omitted
Caused by: org.springframework.beans.factory.BeanCreationException: Could not autowire field: private com.rackspace.search.service.zendesk.ZendeskTicketOngoingSyncJob com.rackspace.search.endpoint.JobResource.zendeskTicketOngoingSyncJob; nested exception is org.springframework.beans.factory.BeanCreationException: Error creating bean with name &apos;zendeskTicketOngoingSyncJob&apos;: Injection of autowired dependencies failed; nested exception is org.springframework.beans.factory.BeanCreationException: Could not autowire field: private com.rackspace.search.service.zendesk.ZendeskTicketOngoingSyncActor com.rackspace.search.service.zendesk.ZendeskTicketOngoingSyncJob.ticketActor; nested exception is org.springframework.beans.factory.BeanCreationException: Error creating bean with name &apos;zendeskTicketOngoingSyncActor&apos;: Injection of autowired dependencies failed; nested exception is org.springframework.beans.factory.BeanCreationException: Could not autowire field: private com.rackspace.search.service.zendesk.ZendeskTicketProcessor com.rackspace.search.service.zendesk.ZendeskTicketOngoingSyncActor.zendeskTicketProcessor; nested exception is org.springframework.beans.factory.BeanCreationException: Error creating bean with name &apos;zendeskTicketProcessor&apos;: Injection of autowired dependencies failed; nested exception is org.springframework.beans.factory.BeanCreationException: Could not autowire field: private java.lang.Object com.rackspace.search.service.zendesk.ZendeskTicketProcessor.zendeskIndexName; nested exception is java.lang.IllegalArgumentException: Could not resolve placeholder &apos;zendesk.index.name&apos;
	at org.springframework.beans.factory.annotation.AutowiredAnnotationBeanPostProcessor$AutowiredFieldElement.inject(AutowiredAnnotationBeanPostProcessor.java:508) ~[spring-beans-3.0.6.RELEASE.jar:3.0.6.RELEASE]
	at org.springframework.beans.factory.annotation.InjectionMetadata.inject(InjectionMetadata.java:84) ~[spring-beans-3.0.6.RELEASE.jar:3.0.6.RELEASE]
	at org.springframework.beans.factory.annotation.AutowiredAnnotationBeanPostProcessor.postProcessPropertyValues(AutowiredAnnotationBeanPostProcessor.java:285) ~[spring-beans-3.0.6.RELEASE.jar:3.0.6.RELEASE]
	... 64 common frames omitted
Caused by: org.springframework.beans.factory.BeanCreationException: Error creating bean with name &apos;zendeskTicketOngoingSyncJob&apos;: Injection of autowired dependencies failed; nested exception is org.springframework.beans.factory.BeanCreationException: Could not autowire field: private com.rackspace.search.service.zendesk.ZendeskTicketOngoingSyncActor com.rackspace.search.service.zendesk.ZendeskTicketOngoingSyncJob.ticketActor; nested exception is org.springframework.beans.factory.BeanCreationException: Error creating bean with name &apos;zendeskTicketOngoingSyncActor&apos;: Injection of autowired dependencies failed; nested exception is org.springframework.beans.factory.BeanCreationException: Could not autowire field: private com.rackspace.search.service.zendesk.ZendeskTicketProcessor com.rackspace.search.service.zendesk.ZendeskTicketOngoingSyncActor.zendeskTicketProcessor; nested exception is org.springframework.beans.factory.BeanCreationException: Error creating bean with name &apos;zendeskTicketProcessor&apos;: Injection of autowired dependencies failed; nested exception is org.springframework.beans.factory.BeanCreationException: Could not autowire field: private java.lang.Object com.rackspace.search.service.zendesk.ZendeskTicketProcessor.zendeskIndexName; nested exception is java.lang.IllegalArgumentException: Could not resolve placeholder &apos;zendesk.index.name&apos;
	at org.springframework.beans.factory.annotation.AutowiredAnnotationBeanPostProcessor.postProcessPropertyValues(AutowiredAnnotationBeanPostProcessor.java:288) ~[spring-beans-3.0.6.RELEASE.jar:3.0.6.RELEASE]
	at org.springframework.beans.factory.support.AbstractAutowireCapableBeanFactory.populateBean(AbstractAutowireCapableBeanFactory.java:1074) ~[spring-beans-3.0.6.RELEASE.jar:3.0.6.RELEASE]
	at org.springframework.beans.factory.support.AbstractAutowireCapableBeanFactory.doCreateBean(AbstractAutowireCapableBeanFactory.java:517) ~[spring-beans-3.0.6.RELEASE.jar:3.0.6.RELEASE]
	at org.springframework.beans.factory.support.AbstractAutowireCapableBeanFactory.createBean(AbstractAutowireCapableBeanFactory.java:456) ~[spring-beans-3.0.6.RELEASE.jar:3.0.6.RELEASE]
	at org.springframework.beans.factory.support.AbstractBeanFactory$1.getObject(AbstractBeanFactory.java:293) ~[spring-beans-3.0.6.RELEASE.jar:3.0.6.RELEASE]
	at org.springframework.beans.factory.support.DefaultSingletonBeanRegistry.getSingleton(DefaultSingletonBeanRegistry.java:222) ~[spring-beans-3.0.6.RELEASE.jar:3.0.6.RELEASE]
	at org.springframework.beans.factory.support.AbstractBeanFactory.doGetBean(AbstractBeanFactory.java:290) ~[spring-beans-3.0.6.RELEASE.jar:3.0.6.RELEASE]
	at org.springframework.beans.factory.support.AbstractBeanFactory.getBean(AbstractBeanFactory.java:192) ~[spring-beans-3.0.6.RELEASE.jar:3.0.6.RELEASE]
	at org.springframework.beans.factory.support.DefaultListableBeanFactory.findAutowireCandidates(DefaultListableBeanFactory.java:848) ~[spring-beans-3.0.6.RELEASE.jar:3.0.6.RELEASE]
	at org.springframework.beans.factory.support.DefaultListableBeanFactory.doResolveDependency(DefaultListableBeanFactory.java:790) ~[spring-beans-3.0.6.RELEASE.jar:3.0.6.RELEASE]
	at org.springframework.beans.factory.support.DefaultListableBeanFactory.resolveDependency(DefaultListableBeanFactory.java:707) ~[spring-beans-3.0.6.RELEASE.jar:3.0.6.RELEASE]
	at org.springframework.beans.factory.annotation.AutowiredAnnotationBeanPostProcessor$AutowiredFieldElement.inject(AutowiredAnnotationBeanPostProcessor.java:480) ~[spring-beans-3.0.6.RELEASE.jar:3.0.6.RELEASE]
	... 66 common frames omitted
Caused by: org.springframework.beans.factory.BeanCreationException: Could not autowire field: private com.rackspace.search.service.zendesk.ZendeskTicketOngoingSyncActor com.rackspace.search.service.zendesk.ZendeskTicketOngoingSyncJob.ticketActor; nested exception is org.springframework.beans.factory.BeanCreationException: Error creating bean with name &apos;zendeskTicketOngoingSyncActor&apos;: Injection of autowired dependencies failed; nested exception is org.springframework.beans.factory.BeanCreationException: Could not autowire field: private com.rackspace.search.service.zendesk.ZendeskTicketProcessor com.rackspace.search.service.zendesk.ZendeskTicketOngoingSyncActor.zendeskTicketProcessor; nested exception is org.springframework.beans.factory.BeanCreationException: Error creating bean with name &apos;zendeskTicketProcessor&apos;: Injection of autowired dependencies failed; nested exception is org.springframework.beans.factory.BeanCreationException: Could not autowire field: private java.lang.Object com.rackspace.search.service.zendesk.ZendeskTicketProcessor.zendeskIndexName; nested exception is java.lang.IllegalArgumentException: Could not resolve placeholder &apos;zendesk.index.name&apos;
	at org.springframework.beans.factory.annotation.AutowiredAnnotationBeanPostProcessor$AutowiredFieldElement.inject(AutowiredAnnotationBeanPostProcessor.java:508) ~[spring-beans-3.0.6.RELEASE.jar:3.0.6.RELEASE]
	at org.springframework.beans.factory.annotation.InjectionMetadata.inject(InjectionMetadata.java:84) ~[spring-beans-3.0.6.RELEASE.jar:3.0.6.RELEASE]
	at org.springframework.beans.factory.annotation.AutowiredAnnotationBeanPostProcessor.postProcessPropertyValues(AutowiredAnnotationBeanPostProcessor.java:285) ~[spring-beans-3.0.6.RELEASE.jar:3.0.6.RELEASE]
	... 77 common frames omitted
Caused by: org.springframework.beans.factory.BeanCreationException: Error creating bean with name &apos;zendeskTicketOngoingSyncActor&apos;: Injection of autowired dependencies failed; nested exception is org.springframework.beans.factory.BeanCreationException: Could not autowire field: private com.rackspace.search.service.zendesk.ZendeskTicketProcessor com.rackspace.search.service.zendesk.ZendeskTicketOngoingSyncActor.zendeskTicketProcessor; nested exception is org.springframework.beans.factory.BeanCreationException: Error creating bean with name &apos;zendeskTicketProcessor&apos;: Injection of autowired dependencies failed; nested exception is org.springframework.beans.factory.BeanCreationException: Could not autowire field: private java.lang.Object com.rackspace.search.service.zendesk.ZendeskTicketProcessor.zendeskIndexName; nested exception is java.lang.IllegalArgumentException: Could not resolve placeholder &apos;zendesk.index.name&apos;
	at org.springframework.beans.factory.annotation.AutowiredAnnotationBeanPostProcessor.postProcessPropertyValues(AutowiredAnnotationBeanPostProcessor.java:288) ~[spring-beans-3.0.6.RELEASE.jar:3.0.6.RELEASE]
	at org.springframework.beans.factory.support.AbstractAutowireCapableBeanFactory.populateBean(AbstractAutowireCapableBeanFactory.java:1074) ~[spring-beans-3.0.6.RELEASE.jar:3.0.6.RELEASE]
	at org.springframework.beans.factory.support.AbstractAutowireCapableBeanFactory.doCreateBean(AbstractAutowireCapableBeanFactory.java:517) ~[spring-beans-3.0.6.RELEASE.jar:3.0.6.RELEASE]
	at org.springframework.beans.factory.support.AbstractAutowireCapableBeanFactory.createBean(AbstractAutowireCapableBeanFactory.java:456) ~[spring-beans-3.0.6.RELEASE.jar:3.0.6.RELEASE]
	at org.springframework.beans.factory.support.AbstractBeanFactory$1.getObject(AbstractBeanFactory.java:293) ~[spring-beans-3.0.6.RELEASE.jar:3.0.6.RELEASE]
	at org.springframework.beans.factory.support.DefaultSingletonBeanRegistry.getSingleton(DefaultSingletonBeanRegistry.java:222) ~[spring-beans-3.0.6.RELEASE.jar:3.0.6.RELEASE]
	at org.springframework.beans.factory.support.AbstractBeanFactory.doGetBean(AbstractBeanFactory.java:290) ~[spring-beans-3.0.6.RELEASE.jar:3.0.6.RELEASE]
	at org.springframework.beans.factory.support.AbstractBeanFactory.getBean(AbstractBeanFactory.java:192) ~[spring-beans-3.0.6.RELEASE.jar:3.0.6.RELEASE]
	at org.springframework.beans.factory.support.DefaultListableBeanFactory.findAutowireCandidates(DefaultListableBeanFactory.java:848) ~[spring-beans-3.0.6.RELEASE.jar:3.0.6.RELEASE]
	at org.springframework.beans.factory.support.DefaultListableBeanFactory.doResolveDependency(DefaultListableBeanFactory.java:790) ~[spring-beans-3.0.6.RELEASE.jar:3.0.6.RELEASE]
	at org.springframework.beans.factory.support.DefaultListableBeanFactory.resolveDependency(DefaultListableBeanFactory.java:707) ~[spring-beans-3.0.6.RELEASE.jar:3.0.6.RELEASE]
	at org.springframework.beans.factory.annotation.AutowiredAnnotationBeanPostProcessor$AutowiredFieldElement.inject(AutowiredAnnotationBeanPostProcessor.java:480) ~[spring-beans-3.0.6.RELEASE.jar:3.0.6.RELEASE]
	... 79 common frames omitted
Caused by: org.springframework.beans.factory.BeanCreationException: Could not autowire field: private com.rackspace.search.service.zendesk.ZendeskTicketProcessor com.rackspace.search.service.zendesk.ZendeskTicketOngoingSyncActor.zendeskTicketProcessor; nested exception is org.springframework.beans.factory.BeanCreationException: Error creating bean with name &apos;zendeskTicketProcessor&apos;: Injection of autowired dependencies failed; nested exception is org.springframework.beans.factory.BeanCreationException: Could not autowire field: private java.lang.Object com.rackspace.search.service.zendesk.ZendeskTicketProcessor.zendeskIndexName; nested exception is java.lang.IllegalArgumentException: Could not resolve placeholder &apos;zendesk.index.name&apos;
	at org.springframework.beans.factory.annotation.AutowiredAnnotationBeanPostProcessor$AutowiredFieldElement.inject(AutowiredAnnotationBeanPostProcessor.java:508) ~[spring-beans-3.0.6.RELEASE.jar:3.0.6.RELEASE]
	at org.springframework.beans.factory.annotation.InjectionMetadata.inject(InjectionMetadata.java:84) ~[spring-beans-3.0.6.RELEASE.jar:3.0.6.RELEASE]
	at org.springframework.beans.factory.annotation.AutowiredAnnotationBeanPostProcessor.postProcessPropertyValues(AutowiredAnnotationBeanPostProcessor.java:285) ~[spring-beans-3.0.6.RELEASE.jar:3.0.6.RELEASE]
	... 90 common frames omitted
Caused by: org.springframework.beans.factory.BeanCreationException: Error creating bean with name &apos;zendeskTicketProcessor&apos;: Injection of autowired dependencies failed; nested exception is org.springframework.beans.factory.BeanCreationException: Could not autowire field: private java.lang.Object com.rackspace.search.service.zendesk.ZendeskTicketProcessor.zendeskIndexName; nested exception is java.lang.IllegalArgumentException: Could not resolve placeholder &apos;zendesk.index.name&apos;
	at org.springframework.beans.factory.annotation.AutowiredAnnotationBeanPostProcessor.postProcessPropertyValues(AutowiredAnnotationBeanPostProcessor.java:288) ~[spring-beans-3.0.6.RELEASE.jar:3.0.6.RELEASE]
	at org.springframework.beans.factory.support.AbstractAutowireCapableBeanFactory.populateBean(AbstractAutowireCapableBeanFactory.java:1074) ~[spring-beans-3.0.6.RELEASE.jar:3.0.6.RELEASE]
	at org.springframework.beans.factory.support.AbstractAutowireCapableBeanFactory.doCreateBean(AbstractAutowireCapableBeanFactory.java:517) ~[spring-beans-3.0.6.RELEASE.jar:3.0.6.RELEASE]
	at org.springframework.beans.factory.support.AbstractAutowireCapableBeanFactory.createBean(AbstractAutowireCapableBeanFactory.java:456) ~[spring-beans-3.0.6.RELEASE.jar:3.0.6.RELEASE]
	at org.springframework.beans.factory.support.AbstractBeanFactory$1.getObject(AbstractBeanFactory.java:293) ~[spring-beans-3.0.6.RELEASE.jar:3.0.6.RELEASE]
	at org.springframework.beans.factory.support.DefaultSingletonBeanRegistry.getSingleton(DefaultSingletonBeanRegistry.java:222) ~[spring-beans-3.0.6.RELEASE.jar:3.0.6.RELEASE]
	at org.springframework.beans.factory.support.AbstractBeanFactory.doGetBean(AbstractBeanFactory.java:290) ~[spring-beans-3.0.6.RELEASE.jar:3.0.6.RELEASE]
	at org.springframework.beans.factory.support.AbstractBeanFactory.getBean(AbstractBeanFactory.java:192) ~[spring-beans-3.0.6.RELEASE.jar:3.0.6.RELEASE]
	at org.springframework.beans.factory.support.DefaultListableBeanFactory.findAutowireCandidates(DefaultListableBeanFactory.java:848) ~[spring-beans-3.0.6.RELEASE.jar:3.0.6.RELEASE]
	at org.springframework.beans.factory.support.DefaultListableBeanFactory.doResolveDependency(DefaultListableBeanFactory.java:790) ~[spring-beans-3.0.6.RELEASE.jar:3.0.6.RELEASE]
	at org.springframework.beans.factory.support.DefaultListableBeanFactory.resolveDependency(DefaultListableBeanFactory.java:707) ~[spring-beans-3.0.6.RELEASE.jar:3.0.6.RELEASE]
	at org.springframework.beans.factory.annotation.AutowiredAnnotationBeanPostProcessor$AutowiredFieldElement.inject(AutowiredAnnotationBeanPostProcessor.java:480) ~[spring-beans-3.0.6.RELEASE.jar:3.0.6.RELEASE]
	... 92 common frames omitted
Caused by: org.springframework.beans.factory.BeanCreationException: Could not autowire field: private java.lang.Object com.rackspace.search.service.zendesk.ZendeskTicketProcessor.zendeskIndexName; nested exception is java.lang.IllegalArgumentException: Could not resolve placeholder &apos;zendesk.index.name&apos;
	at org.springframework.beans.factory.annotation.AutowiredAnnotationBeanPostProcessor$AutowiredFieldElement.inject(AutowiredAnnotationBeanPostProcessor.java:508) ~[spring-beans-3.0.6.RELEASE.jar:3.0.6.RELEASE]
	at org.springframework.beans.factory.annotation.InjectionMetadata.inject(InjectionMetadata.java:84) ~[spring-beans-3.0.6.RELEASE.jar:3.0.6.RELEASE]
	at org.springframework.beans.factory.annotation.AutowiredAnnotationBeanPostProcessor.postProcessPropertyValues(AutowiredAnnotationBeanPostProcessor.java:285) ~[spring-beans-3.0.6.RELEASE.jar:3.0.6.RELEASE]
	... 103 common frames omitted
Caused by: java.lang.IllegalArgumentException: Could not resolve placeholder &apos;zendesk.index.name&apos;
	at org.springframework.util.PropertyPlaceholderHelper.parseStringValue(PropertyPlaceholderHelper.java:173) ~[spring-core-3.0.6.RELEASE.jar:3.0.6.RELEASE]
	at org.springframework.util.PropertyPlaceholderHelper.replacePlaceholders(PropertyPlaceholderHelper.java:125) ~[spring-core-3.0.6.RELEASE.jar:3.0.6.RELEASE]
	at org.springframework.beans.factory.config.PropertyPlaceholderConfigurer$PlaceholderResolvingStringValueResolver.resolveStringValue(PropertyPlaceholderConfigurer.java:403) ~[spring-beans-3.0.6.RELEASE.jar:3.0.6.RELEASE]
	at org.springframework.beans.factory.support.AbstractBeanFactory.resolveEmbeddedValue(AbstractBeanFactory.java:747) ~[spring-beans-3.0.6.RELEASE.jar:3.0.6.RELEASE]
	at org.springframework.beans.factory.support.DefaultListableBeanFactory.doResolveDependency(DefaultListableBeanFactory.java:717) ~[spring-beans-3.0.6.RELEASE.jar:3.0.6.RELEASE]
	at org.springframework.beans.factory.support.DefaultListableBeanFactory.resolveDependency(DefaultListableBeanFactory.java:707) ~[spring-beans-3.0.6.RELEASE.jar:3.0.6.RELEASE]
	at org.springframework.beans.factory.annotation.AutowiredAnnotationBeanPostProcessor$AutowiredFieldElement.inject(AutowiredAnnotationBeanPostProcessor.java:480) ~[spring-beans-3.0.6.RELEASE.jar:3.0.6.RELEASE]
	... 105 common frames omitted
</stdout>
          <stderr>Exception in thread &quot;Timer-28&quot; org.elasticsearch.common.util.concurrent.EsRejectedExecutionException: rejected execution of [org.elasticsearch.action.support.master.TransportMasterNodeOperationAction$2]
	at org.elasticsearch.common.util.concurrent.EsAbortPolicy.rejectedExecution(EsAbortPolicy.java:35)
	at java.util.concurrent.ThreadPoolExecutor.reject(ThreadPoolExecutor.java:767)
	at java.util.concurrent.ThreadPoolExecutor.execute(ThreadPoolExecutor.java:658)
	at org.elasticsearch.action.support.master.TransportMasterNodeOperationAction.innerExecute(TransportMasterNodeOperationAction.java:132)
	at org.elasticsearch.action.support.master.TransportMasterNodeOperationAction.doExecute(TransportMasterNodeOperationAction.java:86)
	at org.elasticsearch.action.support.master.TransportMasterNodeOperationAction.doExecute(TransportMasterNodeOperationAction.java:42)
	at org.elasticsearch.action.support.TransportAction.execute(TransportAction.java:61)
	at org.elasticsearch.client.node.NodeClusterAdminClient.execute(NodeClusterAdminClient.java:72)
	at org.elasticsearch.client.support.AbstractClusterAdminClient.health(AbstractClusterAdminClient.java:83)
	at org.elasticsearch.action.admin.cluster.health.ClusterHealthRequestBuilder.doExecute(ClusterHealthRequestBuilder.java:98)
	at org.elasticsearch.action.ActionRequestBuilder.execute(ActionRequestBuilder.java:62)
	at org.elasticsearch.action.ActionRequestBuilder.execute(ActionRequestBuilder.java:57)
	at org.elasticsearch.action.ActionRequestBuilder$execute.call(Unknown Source)
	at com.rackspace.search.elasticsearch.ElasticSearchServer.getHealthInformation(ElasticSearchServer.groovy:55)
	at com.rackspace.search.elasticsearch.ElasticSearchServer.getHealthStatus(ElasticSearchServer.groovy:51)
	at com.rackspace.search.elasticsearch.ElasticSearchServer.waitForYellowStatus(ElasticSearchServer.groovy:69)
	at com.rackspace.search.elasticsearch.ElasticSearchServer$waitForYellowStatus.call(Unknown Source)
	at com.rackspace.search.service.core.CoreTicketOngoingSyncJob.setupJob(CoreTicketOnGoingSyncJob.groovy:89)
	at sun.reflect.NativeMethodAccessorImpl.invoke0(Native Method)
	at sun.reflect.NativeMethodAccessorImpl.invoke(NativeMethodAccessorImpl.java:39)
	at sun.reflect.DelegatingMethodAccessorImpl.invoke(DelegatingMethodAccessorImpl.java:25)
	at java.lang.reflect.Method.invoke(Method.java:597)
	at org.codehaus.groovy.reflection.CachedMethod.invoke(CachedMethod.java:90)
	at groovy.lang.MetaMethod.doMethodInvoke(MetaMethod.java:233)
	at groovy.lang.MetaClassImpl.invokeMethod(MetaClassImpl.java:1085)
	at org.codehaus.groovy.runtime.ScriptBytecodeAdapter.invokeMethodOnCurrentN(ScriptBytecodeAdapter.java:78)
	at com.rackspace.search.service.core.CoreTicketOngoingSyncJob.this$dist$invoke$1(CoreTicketOnGoingSyncJob.groovy)
	at com.rackspace.search.service.core.CoreTicketOngoingSyncJob$1.methodMissing(CoreTicketOnGoingSyncJob.groovy)
	at sun.reflect.NativeMethodAccessorImpl.invoke0(Native Method)
	at sun.reflect.NativeMethodAccessorImpl.invoke(NativeMethodAccessorImpl.java:39)
	at sun.reflect.DelegatingMethodAccessorImpl.invoke(DelegatingMethodAccessorImpl.java:25)
	at java.lang.reflect.Method.invoke(Method.java:597)
	at org.codehaus.groovy.reflection.CachedMethod.invoke(CachedMethod.java:90)
	at groovy.lang.MetaClassImpl.invokeMissingMethod(MetaClassImpl.java:837)
	at groovy.lang.MetaClassImpl.invokePropertyOrMissing(MetaClassImpl.java:1134)
	at groovy.lang.MetaClassImpl.invokeMethod(MetaClassImpl.java:1087)
	at groovy.lang.MetaClassImpl.invokeMethod(MetaClassImpl.java:909)
	at org.codehaus.groovy.runtime.callsite.PogoMetaClassSite.callCurrent(PogoMetaClassSite.java:66)
	at org.codehaus.groovy.runtime.callsite.AbstractCallSite.callCurrent(AbstractCallSite.java:137)
	at com.rackspace.search.service.core.CoreTicketOngoingSyncJob$1.run(CoreTicketOnGoingSyncJob.groovy:72)
	at java.util.TimerThread.mainLoop(Timer.java:512)
	at java.util.TimerThread.run(Timer.java:462)
Exception in thread &quot;Timer-29&quot; org.elasticsearch.common.util.concurrent.EsRejectedExecutionException: rejected execution of [org.elasticsearch.action.support.master.TransportMasterNodeOperationAction$2]
	at org.elasticsearch.common.util.concurrent.EsAbortPolicy.rejectedExecution(EsAbortPolicy.java:35)
	at java.util.concurrent.ThreadPoolExecutor.reject(ThreadPoolExecutor.java:767)
	at java.util.concurrent.ThreadPoolExecutor.execute(ThreadPoolExecutor.java:658)
	at org.elasticsearch.action.support.master.TransportMasterNodeOperationAction.innerExecute(TransportMasterNodeOperationAction.java:132)
	at org.elasticsearch.action.support.master.TransportMasterNodeOperationAction.doExecute(TransportMasterNodeOperationAction.java:86)
	at org.elasticsearch.action.support.master.TransportMasterNodeOperationAction.doExecute(TransportMasterNodeOperationAction.java:42)
	at org.elasticsearch.action.support.TransportAction.execute(TransportAction.java:61)
	at org.elasticsearch.client.node.NodeClusterAdminClient.execute(NodeClusterAdminClient.java:72)
	at org.elasticsearch.client.support.AbstractClusterAdminClient.health(AbstractClusterAdminClient.java:83)
	at org.elasticsearch.action.admin.cluster.health.ClusterHealthRequestBuilder.doExecute(ClusterHealthRequestBuilder.java:98)
	at org.elasticsearch.action.ActionRequestBuilder.execute(ActionRequestBuilder.java:62)
	at org.elasticsearch.action.ActionRequestBuilder.execute(ActionRequestBuilder.java:57)
	at org.elasticsearch.action.ActionRequestBuilder$execute.call(Unknown Source)
	at com.rackspace.search.elasticsearch.ElasticSearchServer.getHealthInformation(ElasticSearchServer.groovy:55)
	at com.rackspace.search.elasticsearch.ElasticSearchServer.getHealthStatus(ElasticSearchServer.groovy:51)
	at com.rackspace.search.elasticsearch.ElasticSearchServer.waitForYellowStatus(ElasticSearchServer.groovy:69)
	at com.rackspace.search.elasticsearch.ElasticSearchServer$waitForYellowStatus.call(Unknown Source)
	at com.rackspace.search.service.account.AccountOngoingSyncJob.setupJob(AccountOngoingSyncJob.groovy:96)
	at sun.reflect.NativeMethodAccessorImpl.invoke0(Native Method)
	at sun.reflect.NativeMethodAccessorImpl.invoke(NativeMethodAccessorImpl.java:39)
	at sun.reflect.DelegatingMethodAccessorImpl.invoke(DelegatingMethodAccessorImpl.java:25)
	at java.lang.reflect.Method.invoke(Method.java:597)
	at org.codehaus.groovy.reflection.CachedMethod.invoke(CachedMethod.java:90)
	at groovy.lang.MetaMethod.doMethodInvoke(MetaMethod.java:233)
	at groovy.lang.MetaClassImpl.invokeMethod(MetaClassImpl.java:1085)
	at org.codehaus.groovy.runtime.ScriptBytecodeAdapter.invokeMethodOnCurrentN(ScriptBytecodeAdapter.java:78)
	at com.rackspace.search.service.account.AccountOngoingSyncJob.this$dist$invoke$1(AccountOngoingSyncJob.groovy)
	at com.rackspace.search.service.account.AccountOngoingSyncJob$1.methodMissing(AccountOngoingSyncJob.groovy)
	at sun.reflect.NativeMethodAccessorImpl.invoke0(Native Method)
	at sun.reflect.NativeMethodAccessorImpl.invoke(NativeMethodAccessorImpl.java:39)
	at sun.reflect.DelegatingMethodAccessorImpl.invoke(DelegatingMethodAccessorImpl.java:25)
	at java.lang.reflect.Method.invoke(Method.java:597)
	at org.codehaus.groovy.reflection.CachedMethod.invoke(CachedMethod.java:90)
	at groovy.lang.MetaClassImpl.invokeMissingMethod(MetaClassImpl.java:837)
	at groovy.lang.MetaClassImpl.invokePropertyOrMissing(MetaClassImpl.java:1134)
	at groovy.lang.MetaClassImpl.invokeMethod(MetaClassImpl.java:1087)
	at groovy.lang.MetaClassImpl.invokeMethod(MetaClassImpl.java:909)
	at org.codehaus.groovy.runtime.callsite.PogoMetaClassSite.callCurrent(PogoMetaClassSite.java:66)
	at org.codehaus.groovy.runtime.callsite.AbstractCallSite.callCurrent(AbstractCallSite.java:137)
	at com.rackspace.search.service.account.AccountOngoingSyncJob$1.run(AccountOngoingSyncJob.groovy:78)
	at java.util.TimerThread.mainLoop(Timer.java:512)
	at java.util.TimerThread.run(Timer.java:462)
Exception in thread &quot;Timer-30&quot; org.elasticsearch.common.util.concurrent.EsRejectedExecutionException: rejected execution of [org.elasticsearch.action.support.master.TransportMasterNodeOperationAction$2]
	at org.elasticsearch.common.util.concurrent.EsAbortPolicy.rejectedExecution(EsAbortPolicy.java:35)
	at java.util.concurrent.ThreadPoolExecutor.reject(ThreadPoolExecutor.java:767)
	at java.util.concurrent.ThreadPoolExecutor.execute(ThreadPoolExecutor.java:658)
	at org.elasticsearch.action.support.master.TransportMasterNodeOperationAction.innerExecute(TransportMasterNodeOperationAction.java:132)
	at org.elasticsearch.action.support.master.TransportMasterNodeOperationAction.doExecute(TransportMasterNodeOperationAction.java:86)
	at org.elasticsearch.action.support.master.TransportMasterNodeOperationAction.doExecute(TransportMasterNodeOperationAction.java:42)
	at org.elasticsearch.action.support.TransportAction.execute(TransportAction.java:61)
	at org.elasticsearch.client.node.NodeClusterAdminClient.execute(NodeClusterAdminClient.java:72)
	at org.elasticsearch.client.support.AbstractClusterAdminClient.health(AbstractClusterAdminClient.java:83)
	at org.elasticsearch.action.admin.cluster.health.ClusterHealthRequestBuilder.doExecute(ClusterHealthRequestBuilder.java:98)
	at org.elasticsearch.action.ActionRequestBuilder.execute(ActionRequestBuilder.java:62)
	at org.elasticsearch.action.ActionRequestBuilder.execute(ActionRequestBuilder.java:57)
	at org.elasticsearch.action.ActionRequestBuilder$execute.call(Unknown Source)
	at com.rackspace.search.elasticsearch.ElasticSearchServer.getHealthInformation(ElasticSearchServer.groovy:55)
	at com.rackspace.search.elasticsearch.ElasticSearchServer.getHealthStatus(ElasticSearchServer.groovy:51)
	at com.rackspace.search.elasticsearch.ElasticSearchServer.waitForYellowStatus(ElasticSearchServer.groovy:69)
	at com.rackspace.search.elasticsearch.ElasticSearchServer$waitForYellowStatus.call(Unknown Source)
	at com.rackspace.search.service.admin.CoreTicketOndemandSyncJob.setupJob(CoreTicketOndemandSyncJob.groovy:98)
	at sun.reflect.NativeMethodAccessorImpl.invoke0(Native Method)
	at sun.reflect.NativeMethodAccessorImpl.invoke(NativeMethodAccessorImpl.java:39)
	at sun.reflect.DelegatingMethodAccessorImpl.invoke(DelegatingMethodAccessorImpl.java:25)
	at java.lang.reflect.Method.invoke(Method.java:597)
	at org.codehaus.groovy.reflection.CachedMethod.invoke(CachedMethod.java:90)
	at groovy.lang.MetaMethod.doMethodInvoke(MetaMethod.java:233)
	at groovy.lang.MetaClassImpl.invokeMethod(MetaClassImpl.java:1085)
	at org.codehaus.groovy.runtime.ScriptBytecodeAdapter.invokeMethodOnCurrentN(ScriptBytecodeAdapter.java:78)
	at com.rackspace.search.service.admin.CoreTicketOndemandSyncJob.this$dist$invoke$1(CoreTicketOndemandSyncJob.groovy)
	at com.rackspace.search.service.admin.CoreTicketOndemandSyncJob$1.methodMissing(CoreTicketOndemandSyncJob.groovy)
	at sun.reflect.NativeMethodAccessorImpl.invoke0(Native Method)
	at sun.reflect.NativeMethodAccessorImpl.invoke(NativeMethodAccessorImpl.java:39)
	at sun.reflect.DelegatingMethodAccessorImpl.invoke(DelegatingMethodAccessorImpl.java:25)
	at java.lang.reflect.Method.invoke(Method.java:597)
	at org.codehaus.groovy.reflection.CachedMethod.invoke(CachedMethod.java:90)
	at groovy.lang.MetaClassImpl.invokeMissingMethod(MetaClassImpl.java:837)
	at groovy.lang.MetaClassImpl.invokePropertyOrMissing(MetaClassImpl.java:1134)
	at groovy.lang.MetaClassImpl.invokeMethod(MetaClassImpl.java:1087)
	at groovy.lang.MetaClassImpl.invokeMethod(MetaClassImpl.java:909)
	at org.codehaus.groovy.runtime.callsite.PogoMetaClassSite.callCurrent(PogoMetaClassSite.java:66)
	at org.codehaus.groovy.runtime.callsite.AbstractCallSite.callCurrent(AbstractCallSite.java:137)
	at com.rackspace.search.service.admin.CoreTicketOndemandSyncJob$1.run(CoreTicketOndemandSyncJob.groovy:82)
	at java.util.TimerThread.mainLoop(Timer.java:512)
	at java.util.TimerThread.run(Timer.java:462)
Exception in thread &quot;Timer-31&quot; org.elasticsearch.common.util.concurrent.EsRejectedExecutionException: rejected execution of [org.elasticsearch.action.support.master.TransportMasterNodeOperationAction$2]
	at org.elasticsearch.common.util.concurrent.EsAbortPolicy.rejectedExecution(EsAbortPolicy.java:35)
	at java.util.concurrent.ThreadPoolExecutor.reject(ThreadPoolExecutor.java:767)
	at java.util.concurrent.ThreadPoolExecutor.execute(ThreadPoolExecutor.java:658)
	at org.elasticsearch.action.support.master.TransportMasterNodeOperationAction.innerExecute(TransportMasterNodeOperationAction.java:132)
	at org.elasticsearch.action.support.master.TransportMasterNodeOperationAction.doExecute(TransportMasterNodeOperationAction.java:86)
	at org.elasticsearch.action.support.master.TransportMasterNodeOperationAction.doExecute(TransportMasterNodeOperationAction.java:42)
	at org.elasticsearch.action.support.TransportAction.execute(TransportAction.java:61)
	at org.elasticsearch.client.node.NodeClusterAdminClient.execute(NodeClusterAdminClient.java:72)
	at org.elasticsearch.client.support.AbstractClusterAdminClient.health(AbstractClusterAdminClient.java:83)
	at org.elasticsearch.action.admin.cluster.health.ClusterHealthRequestBuilder.doExecute(ClusterHealthRequestBuilder.java:98)
	at org.elasticsearch.action.ActionRequestBuilder.execute(ActionRequestBuilder.java:62)
	at org.elasticsearch.action.ActionRequestBuilder.execute(ActionRequestBuilder.java:57)
	at org.elasticsearch.action.ActionRequestBuilder$execute.call(Unknown Source)
	at com.rackspace.search.elasticsearch.ElasticSearchServer.getHealthInformation(ElasticSearchServer.groovy:55)
	at com.rackspace.search.elasticsearch.ElasticSearchServer.getHealthStatus(ElasticSearchServer.groovy:51)
	at com.rackspace.search.elasticsearch.ElasticSearchServer.waitForYellowStatus(ElasticSearchServer.groovy:69)
	at com.rackspace.search.elasticsearch.ElasticSearchServer$waitForYellowStatus.call(Unknown Source)
	at com.rackspace.search.service.core.CoreTicketSecondPassSyncJob.setupJob(CoreTicketSecondPassSyncJob.groovy:90)
	at com.rackspace.search.service.core.CoreTicketSecondPassSyncJob.this$2$setupJob(CoreTicketSecondPassSyncJob.groovy)
	at sun.reflect.NativeMethodAccessorImpl.invoke0(Native Method)
	at sun.reflect.NativeMethodAccessorImpl.invoke(NativeMethodAccessorImpl.java:39)
	at sun.reflect.DelegatingMethodAccessorImpl.invoke(DelegatingMethodAccessorImpl.java:25)
	at java.lang.reflect.Method.invoke(Method.java:597)
	at org.codehaus.groovy.reflection.CachedMethod.invoke(CachedMethod.java:90)
	at groovy.lang.MetaMethod.doMethodInvoke(MetaMethod.java:233)
	at groovy.lang.MetaClassImpl.invokeMethod(MetaClassImpl.java:1085)
	at org.codehaus.groovy.runtime.ScriptBytecodeAdapter.invokeMethodOnCurrentN(ScriptBytecodeAdapter.java:78)
	at com.rackspace.search.service.core.CoreTicketSecondPassSyncJob.this$dist$invoke$1(CoreTicketSecondPassSyncJob.groovy)
	at com.rackspace.search.service.core.CoreTicketSecondPassSyncJob$1.methodMissing(CoreTicketSecondPassSyncJob.groovy)
	at sun.reflect.NativeMethodAccessorImpl.invoke0(Native Method)
	at sun.reflect.NativeMethodAccessorImpl.invoke(NativeMethodAccessorImpl.java:39)
	at sun.reflect.DelegatingMethodAccessorImpl.invoke(DelegatingMethodAccessorImpl.java:25)
	at java.lang.reflect.Method.invoke(Method.java:597)
	at org.codehaus.groovy.reflection.CachedMethod.invoke(CachedMethod.java:90)
	at groovy.lang.MetaClassImpl.invokeMissingMethod(MetaClassImpl.java:837)
	at groovy.lang.MetaClassImpl.invokePropertyOrMissing(MetaClassImpl.java:1134)
	at groovy.lang.MetaClassImpl.invokeMethod(MetaClassImpl.java:1087)
	at groovy.lang.MetaClassImpl.invokeMethod(MetaClassImpl.java:909)
	at org.codehaus.groovy.runtime.callsite.PogoMetaClassSite.callCurrent(PogoMetaClassSite.java:66)
	at org.codehaus.groovy.runtime.callsite.AbstractCallSite.callCurrent(AbstractCallSite.java:137)
	at com.rackspace.search.service.core.CoreTicketSecondPassSyncJob$1.run(CoreTicketSecondPassSyncJob.groovy:74)
	at java.util.TimerThread.mainLoop(Timer.java:512)
	at java.util.TimerThread.run(Timer.java:462)
Exception in thread &quot;Timer-32&quot; org.elasticsearch.common.util.concurrent.EsRejectedExecutionException: rejected execution of [org.elasticsearch.action.support.master.TransportMasterNodeOperationAction$2]
	at org.elasticsearch.common.util.concurrent.EsAbortPolicy.rejectedExecution(EsAbortPolicy.java:35)
	at java.util.concurrent.ThreadPoolExecutor.reject(ThreadPoolExecutor.java:767)
	at java.util.concurrent.ThreadPoolExecutor.execute(ThreadPoolExecutor.java:658)
	at org.elasticsearch.action.support.master.TransportMasterNodeOperationAction.innerExecute(TransportMasterNodeOperationAction.java:132)
	at org.elasticsearch.action.support.master.TransportMasterNodeOperationAction.doExecute(TransportMasterNodeOperationAction.java:86)
	at org.elasticsearch.action.support.master.TransportMasterNodeOperationAction.doExecute(TransportMasterNodeOperationAction.java:42)
	at org.elasticsearch.action.support.TransportAction.execute(TransportAction.java:61)
	at org.elasticsearch.client.node.NodeClusterAdminClient.execute(NodeClusterAdminClient.java:72)
	at org.elasticsearch.client.support.AbstractClusterAdminClient.health(AbstractClusterAdminClient.java:83)
	at org.elasticsearch.action.admin.cluster.health.ClusterHealthRequestBuilder.doExecute(ClusterHealthRequestBuilder.java:98)
	at org.elasticsearch.action.ActionRequestBuilder.execute(ActionRequestBuilder.java:62)
	at org.elasticsearch.action.ActionRequestBuilder.execute(ActionRequestBuilder.java:57)
	at org.elasticsearch.action.ActionRequestBuilder$execute.call(Unknown Source)
	at com.rackspace.search.elasticsearch.ElasticSearchServer.getHealthInformation(ElasticSearchServer.groovy:55)
	at com.rackspace.search.elasticsearch.ElasticSearchServer.getHealthStatus(ElasticSearchServer.groovy:51)
	at com.rackspace.search.elasticsearch.ElasticSearchServer.waitForYellowStatus(ElasticSearchServer.groovy:69)
	at com.rackspace.search.elasticsearch.ElasticSearchServer$waitForYellowStatus.call(Unknown Source)
	at com.rackspace.search.service.account.CoreAccountUpdateSyncJob.setupJob(CoreAccountUpdateSyncJob.groovy:95)
	at com.rackspace.search.service.account.CoreAccountUpdateSyncJob.this$2$setupJob(CoreAccountUpdateSyncJob.groovy)
	at sun.reflect.NativeMethodAccessorImpl.invoke0(Native Method)
	at sun.reflect.NativeMethodAccessorImpl.invoke(NativeMethodAccessorImpl.java:39)
	at sun.reflect.DelegatingMethodAccessorImpl.invoke(DelegatingMethodAccessorImpl.java:25)
	at java.lang.reflect.Method.invoke(Method.java:597)
	at org.codehaus.groovy.reflection.CachedMethod.invoke(CachedMethod.java:90)
	at groovy.lang.MetaMethod.doMethodInvoke(MetaMethod.java:233)
	at groovy.lang.MetaClassImpl.invokeMethod(MetaClassImpl.java:1085)
	at org.codehaus.groovy.runtime.ScriptBytecodeAdapter.invokeMethodOnCurrentN(ScriptBytecodeAdapter.java:78)
	at com.rackspace.search.service.account.CoreAccountUpdateSyncJob.this$dist$invoke$1(CoreAccountUpdateSyncJob.groovy)
	at com.rackspace.search.service.account.CoreAccountUpdateSyncJob$1.methodMissing(CoreAccountUpdateSyncJob.groovy)
	at sun.reflect.NativeMethodAccessorImpl.invoke0(Native Method)
	at sun.reflect.NativeMethodAccessorImpl.invoke(NativeMethodAccessorImpl.java:39)
	at sun.reflect.DelegatingMethodAccessorImpl.invoke(DelegatingMethodAccessorImpl.java:25)
	at java.lang.reflect.Method.invoke(Method.java:597)
	at org.codehaus.groovy.reflection.CachedMethod.invoke(CachedMethod.java:90)
	at groovy.lang.MetaClassImpl.invokeMissingMethod(MetaClassImpl.java:837)
	at groovy.lang.MetaClassImpl.invokePropertyOrMissing(MetaClassImpl.java:1134)
	at groovy.lang.MetaClassImpl.invokeMethod(MetaClassImpl.java:1087)
	at groovy.lang.MetaClassImpl.invokeMethod(MetaClassImpl.java:909)
	at org.codehaus.groovy.runtime.callsite.PogoMetaClassSite.callCurrent(PogoMetaClassSite.java:66)
	at org.codehaus.groovy.runtime.callsite.AbstractCallSite.callCurrent(AbstractCallSite.java:137)
	at com.rackspace.search.service.account.CoreAccountUpdateSyncJob$1.run(CoreAccountUpdateSyncJob.groovy:78)
	at java.util.TimerThread.mainLoop(Timer.java:512)
	at java.util.TimerThread.run(Timer.java:462)
Exception in thread &quot;Timer-33&quot; org.elasticsearch.common.util.concurrent.EsRejectedExecutionException: rejected execution of [org.elasticsearch.action.support.master.TransportMasterNodeOperationAction$2]
	at org.elasticsearch.common.util.concurrent.EsAbortPolicy.rejectedExecution(EsAbortPolicy.java:35)
	at java.util.concurrent.ThreadPoolExecutor.reject(ThreadPoolExecutor.java:767)
	at java.util.concurrent.ThreadPoolExecutor.execute(ThreadPoolExecutor.java:658)
	at org.elasticsearch.action.support.master.TransportMasterNodeOperationAction.innerExecute(TransportMasterNodeOperationAction.java:132)
	at org.elasticsearch.action.support.master.TransportMasterNodeOperationAction.doExecute(TransportMasterNodeOperationAction.java:86)
	at org.elasticsearch.action.support.master.TransportMasterNodeOperationAction.doExecute(TransportMasterNodeOperationAction.java:42)
	at org.elasticsearch.action.support.TransportAction.execute(TransportAction.java:61)
	at org.elasticsearch.client.node.NodeClusterAdminClient.execute(NodeClusterAdminClient.java:72)
	at org.elasticsearch.client.support.AbstractClusterAdminClient.health(AbstractClusterAdminClient.java:83)
	at org.elasticsearch.action.admin.cluster.health.ClusterHealthRequestBuilder.doExecute(ClusterHealthRequestBuilder.java:98)
	at org.elasticsearch.action.ActionRequestBuilder.execute(ActionRequestBuilder.java:62)
	at org.elasticsearch.action.ActionRequestBuilder.execute(ActionRequestBuilder.java:57)
	at org.elasticsearch.action.ActionRequestBuilder$execute.call(Unknown Source)
	at com.rackspace.search.elasticsearch.ElasticSearchServer.getHealthInformation(ElasticSearchServer.groovy:55)
	at com.rackspace.search.elasticsearch.ElasticSearchServer.getHealthStatus(ElasticSearchServer.groovy:51)
	at com.rackspace.search.elasticsearch.ElasticSearchServer.waitForYellowStatus(ElasticSearchServer.groovy:69)
	at com.rackspace.search.elasticsearch.ElasticSearchServer$waitForYellowStatus.call(Unknown Source)
	at com.rackspace.search.service.admin.AccountOndemandSyncJob.setupJob(AccountOndemandSyncJob.groovy:126)
	at sun.reflect.NativeMethodAccessorImpl.invoke0(Native Method)
	at sun.reflect.NativeMethodAccessorImpl.invoke(NativeMethodAccessorImpl.java:39)
	at sun.reflect.DelegatingMethodAccessorImpl.invoke(DelegatingMethodAccessorImpl.java:25)
	at java.lang.reflect.Method.invoke(Method.java:597)
	at org.codehaus.groovy.reflection.CachedMethod.invoke(CachedMethod.java:90)
	at groovy.lang.MetaMethod.doMethodInvoke(MetaMethod.java:233)
	at groovy.lang.MetaClassImpl.invokeMethod(MetaClassImpl.java:1085)
	at org.codehaus.groovy.runtime.ScriptBytecodeAdapter.invokeMethodOnCurrentN(ScriptBytecodeAdapter.java:78)
	at com.rackspace.search.service.admin.AccountOndemandSyncJob.this$dist$invoke$1(AccountOndemandSyncJob.groovy)
	at com.rackspace.search.service.admin.AccountOndemandSyncJob$1.methodMissing(AccountOndemandSyncJob.groovy)
	at sun.reflect.NativeMethodAccessorImpl.invoke0(Native Method)
	at sun.reflect.NativeMethodAccessorImpl.invoke(NativeMethodAccessorImpl.java:39)
	at sun.reflect.DelegatingMethodAccessorImpl.invoke(DelegatingMethodAccessorImpl.java:25)
	at java.lang.reflect.Method.invoke(Method.java:597)
	at org.codehaus.groovy.reflection.CachedMethod.invoke(CachedMethod.java:90)
	at groovy.lang.MetaClassImpl.invokeMissingMethod(MetaClassImpl.java:837)
	at groovy.lang.MetaClassImpl.invokePropertyOrMissing(MetaClassImpl.java:1134)
	at groovy.lang.MetaClassImpl.invokeMethod(MetaClassImpl.java:1087)
	at groovy.lang.MetaClassImpl.invokeMethod(MetaClassImpl.java:909)
	at org.codehaus.groovy.runtime.callsite.PogoMetaClassSite.callCurrent(PogoMetaClassSite.java:66)
	at org.codehaus.groovy.runtime.callsite.AbstractCallSite.callCurrent(AbstractCallSite.java:137)
	at com.rackspace.search.service.admin.AccountOndemandSyncJob$1.run(AccountOndemandSyncJob.groovy:110)
	at java.util.TimerThread.mainLoop(Timer.java:512)
	at java.util.TimerThread.run(Timer.java:462)
</stderr>
          <failedSince>7</failedSince>
        </case>
        <case>
          <duration>4.625</duration>
          <className>com.rackspace.search.service.TicketSearchServiceTest</className>
          <testName>findTicket: should return null when ticket not found</testName>
          <skipped>false</skipped>
          <errorStackTrace>java.lang.NullPointerException
	at com.rackspace.search.service.TicketSearchServiceTest.cleanup(TicketSearchServiceTest.groovy:42)
</errorStackTrace>
          <failedSince>7</failedSince>
        </case>
      </cases>
    </suite>
    <suite>
      <file>/var/lib/jenkins/jobs/Samatha Fork/workspace/service/target/surefire-reports/TEST-com.rackspace.search.service.account.AccountOnetimeSyncActorTest.xml</file>
      <name>com.rackspace.search.service.account.AccountOnetimeSyncActorTest</name>
      <duration>0.0</duration>
      <cases>
        <case>
          <duration>0.0</duration>
          <className>com.rackspace.search.service.account.AccountOnetimeSyncActorTest</className>
          <testName>should post data to searchClient</testName>
          <skipped>false</skipped>
          <failedSince>0</failedSince>
        </case>
        <case>
          <duration>0.0</duration>
          <className>com.rackspace.search.service.account.AccountOnetimeSyncActorTest</className>
          <testName>multiple messages to actor result in posting multiple payloads to searchClient</testName>
          <skipped>false</skipped>
          <failedSince>0</failedSince>
        </case>
        <case>
          <duration>0.0</duration>
          <className>com.rackspace.search.service.account.AccountOnetimeSyncActorTest</className>
          <testName>should test when completed message is sent</testName>
          <skipped>false</skipped>
          <failedSince>0</failedSince>
        </case>
      </cases>
    </suite>
    <suite>
      <file>/var/lib/jenkins/jobs/Samatha Fork/workspace/service/target/surefire-reports/TEST-com.rackspace.search.service.account.AccountOnetimeSyncJobTest.xml</file>
      <name>com.rackspace.search.service.account.AccountOnetimeSyncJobTest</name>
      <duration>0.154</duration>
      <cases>
        <case>
          <duration>0.154</duration>
          <className>com.rackspace.search.service.account.AccountOnetimeSyncJobTest</className>
          <testName>should test starting job</testName>
          <skipped>false</skipped>
          <failedSince>0</failedSince>
        </case>
      </cases>
    </suite>
    <suite>
      <file>/var/lib/jenkins/jobs/Samatha Fork/workspace/service/target/surefire-reports/TEST-com.rackspace.search.service.account.AccountOngoingSyncActorTest.xml</file>
      <name>com.rackspace.search.service.account.AccountOngoingSyncActorTest</name>
      <duration>0.029</duration>
      <cases>
        <case>
          <duration>0.0070</duration>
          <className>com.rackspace.search.service.account.AccountOngoingSyncActorTest</className>
          <testName>should post data to searchClient</testName>
          <skipped>false</skipped>
          <failedSince>0</failedSince>
        </case>
        <case>
          <duration>0.011</duration>
          <className>com.rackspace.search.service.account.AccountOngoingSyncActorTest</className>
          <testName>multiple messages to actor result in posting multiple payloads to searchClient</testName>
          <skipped>false</skipped>
          <failedSince>0</failedSince>
        </case>
        <case>
          <duration>0.011</duration>
          <className>com.rackspace.search.service.account.AccountOngoingSyncActorTest</className>
          <testName>should post data to searchClient If syncJob status is not STOPPED</testName>
          <skipped>false</skipped>
          <failedSince>0</failedSince>
        </case>
      </cases>
    </suite>
    <suite>
      <file>/var/lib/jenkins/jobs/Samatha Fork/workspace/service/target/surefire-reports/TEST-com.rackspace.search.service.account.AccountOngoingSyncJobTest.xml</file>
      <name>com.rackspace.search.service.account.AccountOngoingSyncJobTest</name>
      <duration>0.732</duration>
      <cases>
        <case>
          <duration>0.64</duration>
          <className>com.rackspace.search.service.account.AccountOngoingSyncJobTest</className>
          <testName>should test starting job</testName>
          <skipped>false</skipped>
          <failedSince>0</failedSince>
        </case>
        <case>
          <duration>0.0</duration>
          <className>com.rackspace.search.service.account.AccountOngoingSyncJobTest</className>
          <testName>should test sync accounts</testName>
          <skipped>false</skipped>
          <failedSince>0</failedSince>
        </case>
        <case>
          <duration>0.091</duration>
          <className>com.rackspace.search.service.account.AccountOngoingSyncJobTest</className>
          <testName>ongoing sync should not go beyond threshold days into past</testName>
          <skipped>false</skipped>
          <failedSince>0</failedSince>
        </case>
        <case>
          <duration>0.0010</duration>
          <className>com.rackspace.search.service.account.AccountOngoingSyncJobTest</className>
          <testName>ongoing sync should move forward with new Synctime when within threshold even if it is in the past</testName>
          <skipped>false</skipped>
          <failedSince>0</failedSince>
        </case>
        <case>
          <duration>0.0</duration>
          <className>com.rackspace.search.service.account.AccountOngoingSyncJobTest</className>
          <testName>should filter data if cache is enabled</testName>
          <skipped>false</skipped>
          <failedSince>0</failedSince>
        </case>
        <case>
          <duration>0.0</duration>
          <className>com.rackspace.search.service.account.AccountOngoingSyncJobTest</className>
          <testName>should not filter the data is cache is disabled</testName>
          <skipped>false</skipped>
          <failedSince>0</failedSince>
        </case>
        <case>
          <duration>0.0</duration>
          <className>com.rackspace.search.service.account.AccountOngoingSyncJobTest</className>
          <testName>should test is account changed</testName>
          <skipped>false</skipped>
          <failedSince>0</failedSince>
        </case>
      </cases>
    </suite>
    <suite>
      <file>/var/lib/jenkins/jobs/Samatha Fork/workspace/service/target/surefire-reports/TEST-com.rackspace.search.service.account.CoreAccountProcessorTest.xml</file>
      <name>com.rackspace.search.service.account.CoreAccountProcessorTest</name>
      <duration>0.0</duration>
      <cases>
        <case>
          <duration>0.0</duration>
          <className>com.rackspace.search.service.account.CoreAccountProcessorTest</className>
          <testName>make sure date in millis is converted to UTC time zone</testName>
          <skipped>false</skipped>
          <failedSince>0</failedSince>
        </case>
      </cases>
    </suite>
    <suite>
      <file>/var/lib/jenkins/jobs/Samatha Fork/workspace/service/target/surefire-reports/TEST-com.rackspace.search.service.account.CoreAccountUpdateSyncJobTest.xml</file>
      <name>com.rackspace.search.service.account.CoreAccountUpdateSyncJobTest</name>
      <duration>0.067999996</duration>
      <cases>
        <case>
          <duration>0.065</duration>
          <className>com.rackspace.search.service.account.CoreAccountUpdateSyncJobTest</className>
          <testName>testing: is Fields Changed</testName>
          <skipped>false</skipped>
          <failedSince>0</failedSince>
        </case>
        <case>
          <duration>0.0030</duration>
          <className>com.rackspace.search.service.account.CoreAccountUpdateSyncJobTest</className>
          <testName>testing: is Fields Changed -- no coreaccount in ES</testName>
          <skipped>false</skipped>
          <failedSince>0</failedSince>
        </case>
      </cases>
    </suite>
    <suite>
      <file>/var/lib/jenkins/jobs/Samatha Fork/workspace/service/target/surefire-reports/TEST-com.rackspace.search.service.admin.AccountOndemandSyncJobTest.xml</file>
      <name>com.rackspace.search.service.admin.AccountOndemandSyncJobTest</name>
      <duration>0.152</duration>
      <cases>
        <case>
          <duration>0.0</duration>
          <className>com.rackspace.search.service.admin.AccountOndemandSyncJobTest</className>
          <testName>should test starting job</testName>
          <skipped>false</skipped>
          <failedSince>0</failedSince>
        </case>
        <case>
          <duration>0.152</duration>
          <className>com.rackspace.search.service.admin.AccountOndemandSyncJobTest</className>
          <testName>should test sync Accounts job</testName>
          <skipped>false</skipped>
          <failedSince>0</failedSince>
        </case>
      </cases>
    </suite>
    <suite>
      <file>/var/lib/jenkins/jobs/Samatha Fork/workspace/service/target/surefire-reports/TEST-com.rackspace.search.service.core.CoreTicketOnetimeSyncActorTest.xml</file>
      <name>com.rackspace.search.service.core.CoreTicketOnetimeSyncActorTest</name>
      <duration>1.9020001</duration>
      <cases>
        <case>
          <duration>1.791</duration>
          <className>com.rackspace.search.service.core.CoreTicketOnetimeSyncActorTest</className>
          <testName>should post data to searchClient</testName>
          <skipped>false</skipped>
          <failedSince>0</failedSince>
        </case>
        <case>
          <duration>0.105</duration>
          <className>com.rackspace.search.service.core.CoreTicketOnetimeSyncActorTest</className>
          <testName>multiple messages to actor result in posting multiple payloads to searchClient</testName>
          <skipped>false</skipped>
          <failedSince>0</failedSince>
        </case>
        <case>
          <duration>0.0060</duration>
          <className>com.rackspace.search.service.core.CoreTicketOnetimeSyncActorTest</className>
          <testName>should test when completed message is sent</testName>
          <skipped>false</skipped>
          <failedSince>0</failedSince>
        </case>
      </cases>
    </suite>
    <suite>
      <file>/var/lib/jenkins/jobs/Samatha Fork/workspace/service/target/surefire-reports/TEST-com.rackspace.search.service.core.CoreTicketOnetimeSyncJobTest.xml</file>
      <name>com.rackspace.search.service.core.CoreTicketOnetimeSyncJobTest</name>
      <duration>1.021</duration>
      <cases>
        <case>
          <duration>1.021</duration>
          <className>com.rackspace.search.service.core.CoreTicketOnetimeSyncJobTest</className>
          <testName>should test starting job</testName>
          <skipped>false</skipped>
          <failedSince>0</failedSince>
        </case>
      </cases>
    </suite>
    <suite>
      <file>/var/lib/jenkins/jobs/Samatha Fork/workspace/service/target/surefire-reports/TEST-com.rackspace.search.service.core.CoreTicketOngoingSyncActorTest.xml</file>
      <name>com.rackspace.search.service.core.CoreTicketOngoingSyncActorTest</name>
      <duration>0.13399999</duration>
      <cases>
        <case>
          <duration>0.12</duration>
          <className>com.rackspace.search.service.core.CoreTicketOngoingSyncActorTest</className>
          <testName>should post data to searchClient</testName>
          <skipped>false</skipped>
          <failedSince>0</failedSince>
        </case>
        <case>
          <duration>0.0080</duration>
          <className>com.rackspace.search.service.core.CoreTicketOngoingSyncActorTest</className>
          <testName>multiple messages to actor result in posting multiple payloads to searchClient</testName>
          <skipped>false</skipped>
          <failedSince>0</failedSince>
        </case>
        <case>
          <duration>0.0060</duration>
          <className>com.rackspace.search.service.core.CoreTicketOngoingSyncActorTest</className>
          <testName>should post data to searchClient If syncJob status is not STOPPED</testName>
          <skipped>false</skipped>
          <failedSince>0</failedSince>
        </case>
      </cases>
    </suite>
    <suite>
      <file>/var/lib/jenkins/jobs/Samatha Fork/workspace/service/target/surefire-reports/TEST-com.rackspace.search.service.core.CoreTicketOngoingSyncJobTest.xml</file>
      <name>com.rackspace.search.service.core.CoreTicketOngoingSyncJobTest</name>
      <duration>2.736</duration>
      <cases>
        <case>
          <duration>0.965</duration>
          <className>com.rackspace.search.service.core.CoreTicketOngoingSyncJobTest</className>
          <testName>should test starting job</testName>
          <skipped>false</skipped>
          <failedSince>0</failedSince>
        </case>
        <case>
          <duration>1.766</duration>
          <className>com.rackspace.search.service.core.CoreTicketOngoingSyncJobTest</className>
          <testName>should filter data if cache is enabled</testName>
          <skipped>false</skipped>
          <failedSince>0</failedSince>
        </case>
        <case>
          <duration>0.0050</duration>
          <className>com.rackspace.search.service.core.CoreTicketOngoingSyncJobTest</className>
          <testName>should not filter the data is cache is disabled</testName>
          <skipped>false</skipped>
          <failedSince>0</failedSince>
        </case>
      </cases>
    </suite>
    <suite>
      <file>/var/lib/jenkins/jobs/Samatha Fork/workspace/service/target/surefire-reports/TEST-com.rackspace.search.service.core.CoreTicketProcessorTest.xml</file>
      <name>com.rackspace.search.service.core.CoreTicketProcessorTest</name>
      <duration>0.172</duration>
      <cases>
        <case>
          <duration>0.172</duration>
          <className>com.rackspace.search.service.core.CoreTicketProcessorTest</className>
          <testName>make sure date in millis is converted to UTC time zone</testName>
          <skipped>false</skipped>
          <failedSince>0</failedSince>
        </case>
      </cases>
    </suite>
    <suite>
      <file>/var/lib/jenkins/jobs/Samatha Fork/workspace/service/target/surefire-reports/TEST-com.rackspace.search.service.core.CoreTicketSecondpassSyncJobTest.xml</file>
      <name>com.rackspace.search.service.core.CoreTicketSecondpassSyncJobTest</name>
      <duration>0.56900007</duration>
      <cases>
        <case>
          <duration>0.478</duration>
          <className>com.rackspace.search.service.core.CoreTicketSecondpassSyncJobTest</className>
          <testName>should test starting job</testName>
          <skipped>false</skipped>
          <failedSince>0</failedSince>
        </case>
        <case>
          <duration>0.0060</duration>
          <className>com.rackspace.search.service.core.CoreTicketSecondpassSyncJobTest</className>
          <testName>scondpass Sync job shouldn\&apos;t run when ongoing sync job is not running</testName>
          <skipped>false</skipped>
          <failedSince>0</failedSince>
        </case>
        <case>
          <duration>0.0070</duration>
          <className>com.rackspace.search.service.core.CoreTicketSecondpassSyncJobTest</className>
          <testName>should iterate when there are more than one page of records</testName>
          <skipped>false</skipped>
          <failedSince>0</failedSince>
        </case>
        <case>
          <duration>0.058</duration>
          <className>com.rackspace.search.service.core.CoreTicketSecondpassSyncJobTest</className>
          <testName>shouldn\&apos;t pass already synced records to actor</testName>
          <skipped>false</skipped>
          <failedSince>0</failedSince>
        </case>
        <case>
          <duration>0.0070</duration>
          <className>com.rackspace.search.service.core.CoreTicketSecondpassSyncJobTest</className>
          <testName>should create syncRequest when there are tickets to sync</testName>
          <skipped>false</skipped>
          <failedSince>0</failedSince>
        </case>
        <case>
          <duration>0.013</duration>
          <className>com.rackspace.search.service.core.CoreTicketSecondpassSyncJobTest</className>
          <testName>shouldn\&apos;t create syncRequest when no tickets to sync</testName>
          <skipped>false</skipped>
          <failedSince>0</failedSince>
        </case>
      </cases>
    </suite>
    <suite>
      <file>/var/lib/jenkins/jobs/Samatha Fork/workspace/service/target/surefire-reports/TEST-com.rackspace.search.service.zendesk.ZendeskGroupOnetimeSyncActorTest.xml</file>
      <name>com.rackspace.search.service.zendesk.ZendeskGroupOnetimeSyncActorTest</name>
      <duration>0.042999998</duration>
      <cases>
        <case>
          <duration>0.035</duration>
          <className>com.rackspace.search.service.zendesk.ZendeskGroupOnetimeSyncActorTest</className>
          <testName>should post data to searchClient</testName>
          <skipped>false</skipped>
          <failedSince>0</failedSince>
        </case>
        <case>
          <duration>0.0050</duration>
          <className>com.rackspace.search.service.zendesk.ZendeskGroupOnetimeSyncActorTest</className>
          <testName>multiple messages to actor result in posting multiple payloads to searchClient</testName>
          <skipped>false</skipped>
          <failedSince>0</failedSince>
        </case>
        <case>
          <duration>0.0030</duration>
          <className>com.rackspace.search.service.zendesk.ZendeskGroupOnetimeSyncActorTest</className>
          <testName>should test when completed message is sent</testName>
          <skipped>false</skipped>
          <failedSince>0</failedSince>
        </case>
      </cases>
    </suite>
    <suite>
      <file>/var/lib/jenkins/jobs/Samatha Fork/workspace/service/target/surefire-reports/TEST-com.rackspace.search.service.zendesk.ZendeskGroupOnetimeSyncJobTest.xml</file>
      <name>com.rackspace.search.service.zendesk.ZendeskGroupOnetimeSyncJobTest</name>
      <duration>0.491</duration>
      <cases>
        <case>
          <duration>0.412</duration>
          <className>com.rackspace.search.service.zendesk.ZendeskGroupOnetimeSyncJobTest</className>
          <testName>should test starting job</testName>
          <skipped>false</skipped>
          <failedSince>0</failedSince>
        </case>
        <case>
          <duration>0.075</duration>
          <className>com.rackspace.search.service.zendesk.ZendeskGroupOnetimeSyncJobTest</className>
          <testName>should test sync groups</testName>
          <skipped>false</skipped>
          <failedSince>0</failedSince>
        </case>
        <case>
          <duration>0.0040</duration>
          <className>com.rackspace.search.service.zendesk.ZendeskGroupOnetimeSyncJobTest</className>
          <testName>should test sync groups -- stopping the sync</testName>
          <skipped>false</skipped>
          <failedSince>0</failedSince>
        </case>
      </cases>
    </suite>
    <suite>
      <file>/var/lib/jenkins/jobs/Samatha Fork/workspace/service/target/surefire-reports/TEST-com.rackspace.search.service.zendesk.ZendeskGroupOngoingSyncActorTest.xml</file>
      <name>com.rackspace.search.service.zendesk.ZendeskGroupOngoingSyncActorTest</name>
      <duration>0.024999999</duration>
      <cases>
        <case>
          <duration>0.018</duration>
          <className>com.rackspace.search.service.zendesk.ZendeskGroupOngoingSyncActorTest</className>
          <testName>should post data to searchClient</testName>
          <skipped>false</skipped>
          <failedSince>0</failedSince>
        </case>
        <case>
          <duration>0.0070</duration>
          <className>com.rackspace.search.service.zendesk.ZendeskGroupOngoingSyncActorTest</className>
          <testName>multiple messages to actor result in posting multiple payloads to searchClient</testName>
          <skipped>false</skipped>
          <failedSince>0</failedSince>
        </case>
      </cases>
    </suite>
    <suite>
      <file>/var/lib/jenkins/jobs/Samatha Fork/workspace/service/target/surefire-reports/TEST-com.rackspace.search.service.zendesk.ZendeskGroupOngoingSyncJobTest.xml</file>
      <name>com.rackspace.search.service.zendesk.ZendeskGroupOngoingSyncJobTest</name>
      <duration>0.077</duration>
      <cases>
        <case>
          <duration>0.056</duration>
          <className>com.rackspace.search.service.zendesk.ZendeskGroupOngoingSyncJobTest</className>
          <testName>should test starting job</testName>
          <skipped>false</skipped>
          <failedSince>0</failedSince>
        </case>
        <case>
          <duration>0.014</duration>
          <className>com.rackspace.search.service.zendesk.ZendeskGroupOngoingSyncJobTest</className>
          <testName>should test sync groups</testName>
          <skipped>false</skipped>
          <failedSince>0</failedSince>
        </case>
        <case>
          <duration>0.0070</duration>
          <className>com.rackspace.search.service.zendesk.ZendeskGroupOngoingSyncJobTest</className>
          <testName>should test sync groups -- stopping the sync</testName>
          <skipped>false</skipped>
          <failedSince>0</failedSince>
        </case>
      </cases>
    </suite>
    <suite>
      <file>/var/lib/jenkins/jobs/Samatha Fork/workspace/service/target/surefire-reports/TEST-com.rackspace.search.service.zendesk.ZendeskSearchResultProcessorTest.xml</file>
      <name>com.rackspace.search.service.zendesk.ZendeskSearchResultProcessorTest</name>
      <duration>0.0030</duration>
      <cases>
        <case>
          <duration>0.0030</duration>
          <className>com.rackspace.search.service.zendesk.ZendeskSearchResultProcessorTest</className>
          <testName>make sure date in millis is converted to UTC time zone</testName>
          <skipped>false</skipped>
          <failedSince>0</failedSince>
        </case>
      </cases>
    </suite>
    <suite>
      <file>/var/lib/jenkins/jobs/Samatha Fork/workspace/service/target/surefire-reports/TEST-com.rackspace.search.service.zendesk.ZendeskTicketOnetimeSyncActorTest.xml</file>
      <name>com.rackspace.search.service.zendesk.ZendeskTicketOnetimeSyncActorTest</name>
      <duration>0.717</duration>
      <cases>
        <case>
          <duration>0.69</duration>
          <className>com.rackspace.search.service.zendesk.ZendeskTicketOnetimeSyncActorTest</className>
          <testName>should post data to searchClient</testName>
          <skipped>false</skipped>
          <failedSince>0</failedSince>
        </case>
        <case>
          <duration>0.0070</duration>
          <className>com.rackspace.search.service.zendesk.ZendeskTicketOnetimeSyncActorTest</className>
          <testName>multiple messages to actor result in posting multiple payloads to searchClient</testName>
          <skipped>false</skipped>
          <failedSince>0</failedSince>
        </case>
        <case>
          <duration>0.02</duration>
          <className>com.rackspace.search.service.zendesk.ZendeskTicketOnetimeSyncActorTest</className>
          <testName>should test when completed message is sent</testName>
          <skipped>false</skipped>
          <failedSince>0</failedSince>
        </case>
      </cases>
    </suite>
    <suite>
      <file>/var/lib/jenkins/jobs/Samatha Fork/workspace/service/target/surefire-reports/TEST-com.rackspace.search.service.zendesk.ZendeskTicketOnetimeSyncJobTest.xml</file>
      <name>com.rackspace.search.service.zendesk.ZendeskTicketOnetimeSyncJobTest</name>
      <duration>0.243</duration>
      <cases>
        <case>
          <duration>0.217</duration>
          <className>com.rackspace.search.service.zendesk.ZendeskTicketOnetimeSyncJobTest</className>
          <testName>should test starting job</testName>
          <skipped>false</skipped>
          <failedSince>0</failedSince>
        </case>
        <case>
          <duration>0.017</duration>
          <className>com.rackspace.search.service.zendesk.ZendeskTicketOnetimeSyncJobTest</className>
          <testName>should test sync tickets</testName>
          <skipped>false</skipped>
          <failedSince>0</failedSince>
        </case>
        <case>
          <duration>0.0090</duration>
          <className>com.rackspace.search.service.zendesk.ZendeskTicketOnetimeSyncJobTest</className>
          <testName>should test sync users -- stopping the sync</testName>
          <skipped>false</skipped>
          <failedSince>0</failedSince>
        </case>
      </cases>
    </suite>
    <suite>
      <file>/var/lib/jenkins/jobs/Samatha Fork/workspace/service/target/surefire-reports/TEST-com.rackspace.search.service.zendesk.ZendeskTicketOngoingSyncActorTest.xml</file>
      <name>com.rackspace.search.service.zendesk.ZendeskTicketOngoingSyncActorTest</name>
      <duration>0.057</duration>
      <cases>
        <case>
          <duration>0.011</duration>
          <className>com.rackspace.search.service.zendesk.ZendeskTicketOngoingSyncActorTest</className>
          <testName>should post data to searchClient</testName>
          <skipped>false</skipped>
          <failedSince>0</failedSince>
        </case>
        <case>
          <duration>0.046</duration>
          <className>com.rackspace.search.service.zendesk.ZendeskTicketOngoingSyncActorTest</className>
          <testName>multiple messages to actor result in posting multiple payloads to searchClient</testName>
          <skipped>false</skipped>
          <failedSince>0</failedSince>
        </case>
      </cases>
    </suite>
    <suite>
      <file>/var/lib/jenkins/jobs/Samatha Fork/workspace/service/target/surefire-reports/TEST-com.rackspace.search.service.zendesk.ZendeskTicketOngoingSyncJobTest.xml</file>
      <name>com.rackspace.search.service.zendesk.ZendeskTicketOngoingSyncJobTest</name>
      <duration>0.40800002</duration>
      <cases>
        <case>
          <duration>0.389</duration>
          <className>com.rackspace.search.service.zendesk.ZendeskTicketOngoingSyncJobTest</className>
          <testName>should test starting job</testName>
          <skipped>false</skipped>
          <failedSince>0</failedSince>
        </case>
        <case>
          <duration>0.013</duration>
          <className>com.rackspace.search.service.zendesk.ZendeskTicketOngoingSyncJobTest</className>
          <testName>should test sync tickets</testName>
          <skipped>false</skipped>
          <failedSince>0</failedSince>
        </case>
        <case>
          <duration>0.0060</duration>
          <className>com.rackspace.search.service.zendesk.ZendeskTicketOngoingSyncJobTest</className>
          <testName>should test sync tickets -- stopping the sync</testName>
          <skipped>false</skipped>
          <failedSince>0</failedSince>
        </case>
      </cases>
    </suite>
    <suite>
      <file>/var/lib/jenkins/jobs/Samatha Fork/workspace/service/target/surefire-reports/TEST-com.rackspace.search.service.zendesk.ZendeskTicketProcessorTest.xml</file>
      <name>com.rackspace.search.service.zendesk.ZendeskTicketProcessorTest</name>
      <duration>0.030000001</duration>
      <cases>
        <case>
          <duration>0.025</duration>
          <className>com.rackspace.search.service.zendesk.ZendeskTicketProcessorTest</className>
          <testName>make sure date in millis is converted to UTC time zone</testName>
          <skipped>false</skipped>
          <failedSince>0</failedSince>
        </case>
        <case>
          <duration>0.0030</duration>
          <className>com.rackspace.search.service.zendesk.ZendeskTicketProcessorTest</className>
          <testName>make sure millis is added</testName>
          <skipped>false</skipped>
          <failedSince>0</failedSince>
        </case>
        <case>
          <duration>0.0020</duration>
          <className>com.rackspace.search.service.zendesk.ZendeskTicketProcessorTest</className>
          <testName>make sure millis is not added</testName>
          <skipped>false</skipped>
          <failedSince>0</failedSince>
        </case>
      </cases>
    </suite>
    <suite>
      <file>/var/lib/jenkins/jobs/Samatha Fork/workspace/service/target/surefire-reports/TEST-com.rackspace.search.service.zendesk.ZendeskUserOnetimeSyncActorTest.xml</file>
      <name>com.rackspace.search.service.zendesk.ZendeskUserOnetimeSyncActorTest</name>
      <duration>0.079</duration>
      <cases>
        <case>
          <duration>0.06</duration>
          <className>com.rackspace.search.service.zendesk.ZendeskUserOnetimeSyncActorTest</className>
          <testName>should post data to searchClient</testName>
          <skipped>false</skipped>
          <failedSince>0</failedSince>
        </case>
        <case>
          <duration>0.014</duration>
          <className>com.rackspace.search.service.zendesk.ZendeskUserOnetimeSyncActorTest</className>
          <testName>multiple messages to actor result in posting multiple payloads to searchClient</testName>
          <skipped>false</skipped>
          <failedSince>0</failedSince>
        </case>
        <case>
          <duration>0.0050</duration>
          <className>com.rackspace.search.service.zendesk.ZendeskUserOnetimeSyncActorTest</className>
          <testName>should test when completed message is sent</testName>
          <skipped>false</skipped>
          <failedSince>0</failedSince>
        </case>
      </cases>
    </suite>
    <suite>
      <file>/var/lib/jenkins/jobs/Samatha Fork/workspace/service/target/surefire-reports/TEST-com.rackspace.search.service.zendesk.ZendeskUserOnetimeSyncJobTest.xml</file>
      <name>com.rackspace.search.service.zendesk.ZendeskUserOnetimeSyncJobTest</name>
      <duration>0.42399997</duration>
      <cases>
        <case>
          <duration>0.413</duration>
          <className>com.rackspace.search.service.zendesk.ZendeskUserOnetimeSyncJobTest</className>
          <testName>should test starting job</testName>
          <skipped>false</skipped>
          <failedSince>0</failedSince>
        </case>
        <case>
          <duration>0.0080</duration>
          <className>com.rackspace.search.service.zendesk.ZendeskUserOnetimeSyncJobTest</className>
          <testName>should test sync users</testName>
          <skipped>false</skipped>
          <failedSince>0</failedSince>
        </case>
        <case>
          <duration>0.0030</duration>
          <className>com.rackspace.search.service.zendesk.ZendeskUserOnetimeSyncJobTest</className>
          <testName>should test sync users -- stopping the sync</testName>
          <skipped>false</skipped>
          <failedSince>0</failedSince>
        </case>
      </cases>
    </suite>
    <suite>
      <file>/var/lib/jenkins/jobs/Samatha Fork/workspace/service/target/surefire-reports/TEST-com.rackspace.search.service.zendesk.ZendeskUserOngoingSyncActorTest.xml</file>
      <name>com.rackspace.search.service.zendesk.ZendeskUserOngoingSyncActorTest</name>
      <duration>0.13599999</duration>
      <cases>
        <case>
          <duration>0.13</duration>
          <className>com.rackspace.search.service.zendesk.ZendeskUserOngoingSyncActorTest</className>
          <testName>should post data to searchClient</testName>
          <skipped>false</skipped>
          <failedSince>0</failedSince>
        </case>
        <case>
          <duration>0.0060</duration>
          <className>com.rackspace.search.service.zendesk.ZendeskUserOngoingSyncActorTest</className>
          <testName>multiple messages to actor result in posting multiple payloads to searchClient</testName>
          <skipped>false</skipped>
          <failedSince>0</failedSince>
        </case>
      </cases>
    </suite>
    <suite>
      <file>/var/lib/jenkins/jobs/Samatha Fork/workspace/service/target/surefire-reports/TEST-com.rackspace.search.service.zendesk.ZendeskUserOngoingSyncJobTest.xml</file>
      <name>com.rackspace.search.service.zendesk.ZendeskUserOngoingSyncJobTest</name>
      <duration>0.124000005</duration>
      <cases>
        <case>
          <duration>0.071</duration>
          <className>com.rackspace.search.service.zendesk.ZendeskUserOngoingSyncJobTest</className>
          <testName>should test starting job</testName>
          <skipped>false</skipped>
          <failedSince>0</failedSince>
        </case>
        <case>
          <duration>0.042</duration>
          <className>com.rackspace.search.service.zendesk.ZendeskUserOngoingSyncJobTest</className>
          <testName>should test sync users</testName>
          <skipped>false</skipped>
          <failedSince>0</failedSince>
        </case>
        <case>
          <duration>0.011</duration>
          <className>com.rackspace.search.service.zendesk.ZendeskUserOngoingSyncJobTest</className>
          <testName>should test sync users -- stopping the sync</testName>
          <skipped>false</skipped>
          <failedSince>0</failedSince>
        </case>
      </cases>
    </suite>
    <suite>
      <file>/var/lib/jenkins/jobs/Samatha Fork/workspace/service/target/surefire-reports/TEST-com.rackspace.search.util.DateUtilTest.xml</file>
      <name>com.rackspace.search.util.DateUtilTest</name>
      <duration>0.0</duration>
      <cases>
        <case>
          <duration>0.0</duration>
          <className>com.rackspace.search.util.DateUtilTest</className>
          <testName>test parse core date</testName>
          <skipped>false</skipped>
          <failedSince>0</failedSince>
        </case>
      </cases>
    </suite>
  </suites>
  <duration>250.68999</duration>
  <keepLongStdio>false</keepLongStdio>
</result>