<?xml version='1.0' encoding='UTF-8'?>
<result>
  <suites>
    <suite>
      <file>/var/lib/jenkins/jobs/TSearchUnittest/workspace/service/target/surefire-reports/TEST-com.rackspace.search.elasticsearch.client.ElasticSearchClientFactoryBeanTest.xml</file>
      <name>com.rackspace.search.elasticsearch.client.ElasticSearchClientFactoryBeanTest</name>
      <duration>0.059</duration>
      <cases>
        <case>
          <duration>0.033</duration>
          <className>com.rackspace.search.elasticsearch.client.ElasticSearchClientFactoryBeanTest</className>
          <testName>is Index exist</testName>
          <skipped>false</skipped>
          <failedSince>0</failedSince>
        </case>
        <case>
          <duration>0.026</duration>
          <className>com.rackspace.search.elasticsearch.client.ElasticSearchClientFactoryBeanTest</className>
          <testName>validate Index Settings</testName>
          <skipped>false</skipped>
          <failedSince>0</failedSince>
        </case>
      </cases>
    </suite>
    <suite>
      <file>/var/lib/jenkins/jobs/TSearchUnittest/workspace/service/target/surefire-reports/TEST-com.rackspace.search.elasticsearch.client.ElasticSearchClientTest.xml</file>
      <name>com.rackspace.search.elasticsearch.client.ElasticSearchClientTest</name>
      <duration>30.807</duration>
      <cases>
        <case>
          <duration>3.632</duration>
          <className>com.rackspace.search.elasticsearch.client.ElasticSearchClientTest</className>
          <testName>post bulk data</testName>
          <skipped>false</skipped>
          <failedSince>0</failedSince>
        </case>
        <case>
          <duration>3.361</duration>
          <className>com.rackspace.search.elasticsearch.client.ElasticSearchClientTest</className>
          <testName>get All Tickets</testName>
          <skipped>false</skipped>
          <failedSince>0</failedSince>
        </case>
        <case>
          <duration>3.992</duration>
          <className>com.rackspace.search.elasticsearch.client.ElasticSearchClientTest</className>
          <testName>test search tickets for string filed user with single &amp; multiple values and negation</testName>
          <skipped>false</skipped>
          <failedSince>0</failedSince>
        </case>
        <case>
          <duration>3.369</duration>
          <className>com.rackspace.search.elasticsearch.client.ElasticSearchClientTest</className>
          <testName>test search tickets with a range filter and negated range filter</testName>
          <skipped>false</skipped>
          <failedSince>0</failedSince>
        </case>
        <case>
          <duration>3.323</duration>
          <className>com.rackspace.search.elasticsearch.client.ElasticSearchClientTest</className>
          <testName>test sort tickets with single &amp; multiple values</testName>
          <skipped>false</skipped>
          <failedSince>0</failedSince>
        </case>
        <case>
          <duration>3.364</duration>
          <className>com.rackspace.search.elasticsearch.client.ElasticSearchClientTest</className>
          <testName>test sort tickets for Priority field without sorting order</testName>
          <skipped>false</skipped>
          <failedSince>0</failedSince>
        </case>
        <case>
          <duration>3.342</duration>
          <className>com.rackspace.search.elasticsearch.client.ElasticSearchClientTest</className>
          <testName>should throw Bad Request If the limit value has less than 0</testName>
          <skipped>false</skipped>
          <failedSince>0</failedSince>
        </case>
        <case>
          <duration>3.199</duration>
          <className>com.rackspace.search.elasticsearch.client.ElasticSearchClientTest</className>
          <testName>if there is no value set for limit in the QueryParams\u002C should return default size as 100 </testName>
          <skipped>false</skipped>
          <failedSince>0</failedSince>
        </case>
        <case>
          <duration>3.225</duration>
          <className>com.rackspace.search.elasticsearch.client.ElasticSearchClientTest</className>
          <testName>if there is a valid value set to limit in the QueryParams\u002C should return given size</testName>
          <skipped>false</skipped>
          <failedSince>0</failedSince>
        </case>
      </cases>
    </suite>
    <suite>
      <file>/var/lib/jenkins/jobs/TSearchUnittest/workspace/service/target/surefire-reports/TEST-com.rackspace.search.gateway.account.AccountGatewayTest.xml</file>
      <name>com.rackspace.search.gateway.account.AccountGatewayTest</name>
      <duration>0.011</duration>
      <cases>
        <case>
          <duration>0.0040</duration>
          <className>com.rackspace.search.gateway.account.AccountGatewayTest</className>
          <testName>should get account data</testName>
          <skipped>false</skipped>
          <failedSince>0</failedSince>
        </case>
        <case>
          <duration>0.0070</duration>
          <className>com.rackspace.search.gateway.account.AccountGatewayTest</className>
          <testName>get accounts -- should throw exception</testName>
          <skipped>false</skipped>
          <failedSince>0</failedSince>
        </case>
      </cases>
    </suite>
    <suite>
      <file>/var/lib/jenkins/jobs/TSearchUnittest/workspace/service/target/surefire-reports/TEST-com.rackspace.search.gateway.core.CoreAuthGatewayTest.xml</file>
      <name>com.rackspace.search.gateway.core.CoreAuthGatewayTest</name>
      <duration>0.0</duration>
      <cases>
        <case>
          <duration>0.0</duration>
          <className>com.rackspace.search.gateway.core.CoreAuthGatewayTest</className>
          <testName>should get authtoken</testName>
          <skipped>false</skipped>
          <failedSince>0</failedSince>
        </case>
        <case>
          <duration>0.0</duration>
          <className>com.rackspace.search.gateway.core.CoreAuthGatewayTest</className>
          <testName>should not call core when authtoken is valid</testName>
          <skipped>false</skipped>
          <failedSince>0</failedSince>
        </case>
      </cases>
    </suite>
    <suite>
      <file>/var/lib/jenkins/jobs/TSearchUnittest/workspace/service/target/surefire-reports/TEST-com.rackspace.search.gateway.core.CoreTicketGatewayTest.xml</file>
      <name>com.rackspace.search.gateway.core.CoreTicketGatewayTest</name>
      <duration>0.12100001</duration>
      <cases>
        <case>
          <duration>0.079</duration>
          <className>com.rackspace.search.gateway.core.CoreTicketGatewayTest</className>
          <testName>should get tickets</testName>
          <skipped>false</skipped>
          <failedSince>0</failedSince>
        </case>
        <case>
          <duration>0.034</duration>
          <className>com.rackspace.search.gateway.core.CoreTicketGatewayTest</className>
          <testName>should get tickets -- session key expired</testName>
          <skipped>false</skipped>
          <failedSince>0</failedSince>
        </case>
        <case>
          <duration>0.0</duration>
          <className>com.rackspace.search.gateway.core.CoreTicketGatewayTest</className>
          <testName>get core tickets -- should throw exception</testName>
          <skipped>false</skipped>
          <failedSince>0</failedSince>
        </case>
        <case>
          <duration>0.0010</duration>
          <className>com.rackspace.search.gateway.core.CoreTicketGatewayTest</className>
          <testName>get Core Tickets for CoreTicketOnGoingSync</testName>
          <skipped>false</skipped>
          <failedSince>0</failedSince>
        </case>
        <case>
          <duration>0.0070</duration>
          <className>com.rackspace.search.gateway.core.CoreTicketGatewayTest</className>
          <testName>get core tickets for OnGoingSync -- should throw exception</testName>
          <skipped>false</skipped>
          <failedSince>0</failedSince>
        </case>
      </cases>
    </suite>
    <suite>
      <file>/var/lib/jenkins/jobs/TSearchUnittest/workspace/service/target/surefire-reports/TEST-com.rackspace.search.service.JobServiceTest.xml</file>
      <name>com.rackspace.search.service.JobServiceTest</name>
      <duration>18.171</duration>
      <cases>
        <case>
          <duration>13.865</duration>
          <className>com.rackspace.search.service.JobServiceTest</className>
          <testName>should get scheduled job details</testName>
          <skipped>false</skipped>
          <failedSince>0</failedSince>
        </case>
        <case>
          <duration>2.008</duration>
          <className>com.rackspace.search.service.JobServiceTest</className>
          <testName>should return null If job is not exist</testName>
          <skipped>false</skipped>
          <failedSince>0</failedSince>
        </case>
        <case>
          <duration>2.298</duration>
          <className>com.rackspace.search.service.JobServiceTest</className>
          <testName>get All jobs</testName>
          <skipped>false</skipped>
          <failedSince>0</failedSince>
        </case>
      </cases>
    </suite>
    <suite>
      <file>/var/lib/jenkins/jobs/TSearchUnittest/workspace/service/target/surefire-reports/TEST-com.rackspace.search.service.TicketSearchServiceTest.xml</file>
      <name>com.rackspace.search.service.TicketSearchServiceTest</name>
      <duration>7.5039997</duration>
      <cases>
        <case>
          <duration>5.481</duration>
          <className>com.rackspace.search.service.TicketSearchServiceTest</className>
          <testName>should get ticket</testName>
          <skipped>false</skipped>
          <failedSince>0</failedSince>
        </case>
        <case>
          <duration>2.023</duration>
          <className>com.rackspace.search.service.TicketSearchServiceTest</className>
          <testName>should throw not found exception</testName>
          <skipped>false</skipped>
          <failedSince>0</failedSince>
        </case>
      </cases>
    </suite>
    <suite>
      <file>/var/lib/jenkins/jobs/TSearchUnittest/workspace/service/target/surefire-reports/TEST-com.rackspace.search.service.account.AccountOnetimeSyncActorTest.xml</file>
      <name>com.rackspace.search.service.account.AccountOnetimeSyncActorTest</name>
      <duration>0.0</duration>
      <cases>
        <case>
          <duration>0.0</duration>
          <className>com.rackspace.search.service.account.AccountOnetimeSyncActorTest</className>
          <testName>should post data to searchClient</testName>
          <skipped>false</skipped>
          <failedSince>0</failedSince>
        </case>
        <case>
          <duration>0.0</duration>
          <className>com.rackspace.search.service.account.AccountOnetimeSyncActorTest</className>
          <testName>multiple messages to actor result in posting multiple payloads to searchClient</testName>
          <skipped>false</skipped>
          <failedSince>0</failedSince>
        </case>
        <case>
          <duration>0.0</duration>
          <className>com.rackspace.search.service.account.AccountOnetimeSyncActorTest</className>
          <testName>should test when completed message is sent</testName>
          <skipped>false</skipped>
          <failedSince>0</failedSince>
        </case>
      </cases>
    </suite>
    <suite>
      <file>/var/lib/jenkins/jobs/TSearchUnittest/workspace/service/target/surefire-reports/TEST-com.rackspace.search.service.account.AccountOnetimeSyncJobTest.xml</file>
      <name>com.rackspace.search.service.account.AccountOnetimeSyncJobTest</name>
      <duration>0.063</duration>
      <cases>
        <case>
          <duration>0.063</duration>
          <className>com.rackspace.search.service.account.AccountOnetimeSyncJobTest</className>
          <testName>should test starting job</testName>
          <skipped>false</skipped>
          <failedSince>0</failedSince>
        </case>
        <case>
          <duration>0.0</duration>
          <className>com.rackspace.search.service.account.AccountOnetimeSyncJobTest</className>
          <testName>Job already running .. should throw exception</testName>
          <skipped>false</skipped>
          <failedSince>0</failedSince>
        </case>
        <case>
          <duration>0.0</duration>
          <className>com.rackspace.search.service.account.AccountOnetimeSyncJobTest</className>
          <testName>sync job not exists.. create new one</testName>
          <skipped>false</skipped>
          <failedSince>0</failedSince>
        </case>
        <case>
          <duration>0.0</duration>
          <className>com.rackspace.search.service.account.AccountOnetimeSyncJobTest</className>
          <testName>Job should stop .. If the request Json has is_enabled = false</testName>
          <skipped>false</skipped>
          <failedSince>0</failedSince>
        </case>
      </cases>
    </suite>
    <suite>
      <file>/var/lib/jenkins/jobs/TSearchUnittest/workspace/service/target/surefire-reports/TEST-com.rackspace.search.service.account.AccountOngoingSyncActorTest.xml</file>
      <name>com.rackspace.search.service.account.AccountOngoingSyncActorTest</name>
      <duration>0.0060</duration>
      <cases>
        <case>
          <duration>0.0</duration>
          <className>com.rackspace.search.service.account.AccountOngoingSyncActorTest</className>
          <testName>should post data to searchClient</testName>
          <skipped>false</skipped>
          <failedSince>0</failedSince>
        </case>
        <case>
          <duration>0.0020</duration>
          <className>com.rackspace.search.service.account.AccountOngoingSyncActorTest</className>
          <testName>multiple messages to actor result in posting multiple payloads to searchClient</testName>
          <skipped>false</skipped>
          <failedSince>0</failedSince>
        </case>
        <case>
          <duration>0.0040</duration>
          <className>com.rackspace.search.service.account.AccountOngoingSyncActorTest</className>
          <testName>should post data to searchClient If syncJob status is not STOPPED</testName>
          <skipped>false</skipped>
          <failedSince>0</failedSince>
        </case>
      </cases>
    </suite>
    <suite>
      <file>/var/lib/jenkins/jobs/TSearchUnittest/workspace/service/target/surefire-reports/TEST-com.rackspace.search.service.account.AccountOngoingSyncJobTest.xml</file>
      <name>com.rackspace.search.service.account.AccountOngoingSyncJobTest</name>
      <duration>0.307</duration>
      <cases>
        <case>
          <duration>0.147</duration>
          <className>com.rackspace.search.service.account.AccountOngoingSyncJobTest</className>
          <testName>should test starting job</testName>
          <skipped>false</skipped>
          <failedSince>0</failedSince>
        </case>
        <case>
          <duration>0.0030</duration>
          <className>com.rackspace.search.service.account.AccountOngoingSyncJobTest</className>
          <testName>Job already running .. should throw exception</testName>
          <skipped>false</skipped>
          <failedSince>0</failedSince>
        </case>
        <case>
          <duration>0.0020</duration>
          <className>com.rackspace.search.service.account.AccountOngoingSyncJobTest</className>
          <testName>if the request Json have is_enabled false.. should update the job Status</testName>
          <skipped>false</skipped>
          <failedSince>0</failedSince>
        </case>
        <case>
          <duration>0.155</duration>
          <className>com.rackspace.search.service.account.AccountOngoingSyncJobTest</className>
          <testName>should test sync accounts</testName>
          <skipped>false</skipped>
          <failedSince>0</failedSince>
        </case>
      </cases>
    </suite>
    <suite>
      <file>/var/lib/jenkins/jobs/TSearchUnittest/workspace/service/target/surefire-reports/TEST-com.rackspace.search.service.core.CoreTicketOnetimeSyncActorTest.xml</file>
      <name>com.rackspace.search.service.core.CoreTicketOnetimeSyncActorTest</name>
      <duration>0.38</duration>
      <cases>
        <case>
          <duration>0.369</duration>
          <className>com.rackspace.search.service.core.CoreTicketOnetimeSyncActorTest</className>
          <testName>should post data to searchClient</testName>
          <skipped>false</skipped>
          <failedSince>0</failedSince>
        </case>
        <case>
          <duration>0.0060</duration>
          <className>com.rackspace.search.service.core.CoreTicketOnetimeSyncActorTest</className>
          <testName>multiple messages to actor result in posting multiple payloads to searchClient</testName>
          <skipped>false</skipped>
          <failedSince>0</failedSince>
        </case>
        <case>
          <duration>0.0050</duration>
          <className>com.rackspace.search.service.core.CoreTicketOnetimeSyncActorTest</className>
          <testName>should test when completed message is sent</testName>
          <skipped>false</skipped>
          <failedSince>0</failedSince>
        </case>
      </cases>
    </suite>
    <suite>
      <file>/var/lib/jenkins/jobs/TSearchUnittest/workspace/service/target/surefire-reports/TEST-com.rackspace.search.service.core.CoreTicketOnetimeSyncJobTest.xml</file>
      <name>com.rackspace.search.service.core.CoreTicketOnetimeSyncJobTest</name>
      <duration>1.2119999</duration>
      <cases>
        <case>
          <duration>1.189</duration>
          <className>com.rackspace.search.service.core.CoreTicketOnetimeSyncJobTest</className>
          <testName>should test starting job</testName>
          <skipped>false</skipped>
          <failedSince>0</failedSince>
        </case>
        <case>
          <duration>0.0090</duration>
          <className>com.rackspace.search.service.core.CoreTicketOnetimeSyncJobTest</className>
          <testName>Job already running .. should throw exception</testName>
          <skipped>false</skipped>
          <failedSince>0</failedSince>
        </case>
        <case>
          <duration>0.01</duration>
          <className>com.rackspace.search.service.core.CoreTicketOnetimeSyncJobTest</className>
          <testName>sync job not exists.. create new one</testName>
          <skipped>false</skipped>
          <failedSince>0</failedSince>
        </case>
        <case>
          <duration>0.0040</duration>
          <className>com.rackspace.search.service.core.CoreTicketOnetimeSyncJobTest</className>
          <testName>Job should stop .. If the request Json has is_enabled = false</testName>
          <skipped>false</skipped>
          <failedSince>0</failedSince>
        </case>
      </cases>
    </suite>
    <suite>
      <file>/var/lib/jenkins/jobs/TSearchUnittest/workspace/service/target/surefire-reports/TEST-com.rackspace.search.service.core.CoreTicketOngoingSyncActorTest.xml</file>
      <name>com.rackspace.search.service.core.CoreTicketOngoingSyncActorTest</name>
      <duration>0.02</duration>
      <cases>
        <case>
          <duration>0.0090</duration>
          <className>com.rackspace.search.service.core.CoreTicketOngoingSyncActorTest</className>
          <testName>should post data to searchClient</testName>
          <skipped>false</skipped>
          <failedSince>0</failedSince>
        </case>
        <case>
          <duration>0.0050</duration>
          <className>com.rackspace.search.service.core.CoreTicketOngoingSyncActorTest</className>
          <testName>multiple messages to actor result in posting multiple payloads to searchClient</testName>
          <skipped>false</skipped>
          <failedSince>0</failedSince>
        </case>
        <case>
          <duration>0.0060</duration>
          <className>com.rackspace.search.service.core.CoreTicketOngoingSyncActorTest</className>
          <testName>should post data to searchClient If syncJob status is not STOPPED</testName>
          <skipped>false</skipped>
          <failedSince>0</failedSince>
        </case>
      </cases>
    </suite>
    <suite>
      <file>/var/lib/jenkins/jobs/TSearchUnittest/workspace/service/target/surefire-reports/TEST-com.rackspace.search.service.core.CoreTicketOngoingSyncJobTest.xml</file>
      <name>com.rackspace.search.service.core.CoreTicketOngoingSyncJobTest</name>
      <duration>0.19999999</duration>
      <cases>
        <case>
          <duration>0.147</duration>
          <className>com.rackspace.search.service.core.CoreTicketOngoingSyncJobTest</className>
          <testName>should test starting job</testName>
          <skipped>false</skipped>
          <failedSince>0</failedSince>
        </case>
        <case>
          <duration>0.049</duration>
          <className>com.rackspace.search.service.core.CoreTicketOngoingSyncJobTest</className>
          <testName>Job already running .. should throw exception</testName>
          <skipped>false</skipped>
          <failedSince>0</failedSince>
        </case>
        <case>
          <duration>0.0040</duration>
          <className>com.rackspace.search.service.core.CoreTicketOngoingSyncJobTest</className>
          <testName>if the request Json have is_enabled false.. should update the job Status</testName>
          <skipped>false</skipped>
          <failedSince>0</failedSince>
        </case>
      </cases>
    </suite>
    <suite>
      <file>/var/lib/jenkins/jobs/TSearchUnittest/workspace/service/target/surefire-reports/TEST-com.rackspace.search.service.core.CoreTicketProcessorTest.xml</file>
      <name>com.rackspace.search.service.core.CoreTicketProcessorTest</name>
      <duration>0.053</duration>
      <cases>
        <case>
          <duration>0.053</duration>
          <className>com.rackspace.search.service.core.CoreTicketProcessorTest</className>
          <testName>make sure date is converted to UTC time zone</testName>
          <skipped>false</skipped>
          <failedSince>0</failedSince>
        </case>
      </cases>
    </suite>
  </suites>
  <duration>58.914</duration>
  <keepLongStdio>false</keepLongStdio>
</result>