<?xml version='1.0' encoding='UTF-8'?>
<result>
  <suites>
    <suite>
      <file>/var/lib/jenkins/jobs/TSearchUnittest/workspace/service/target/surefire-reports/TEST-com.rackspace.search.elasticsearch.client.ElasticSearchClientFactoryBeanTest.xml</file>
      <name>com.rackspace.search.elasticsearch.client.ElasticSearchClientFactoryBeanTest</name>
      <duration>0.02</duration>
      <cases>
        <case>
          <duration>0.0010</duration>
          <className>com.rackspace.search.elasticsearch.client.ElasticSearchClientFactoryBeanTest</className>
          <testName>is Index exist</testName>
          <skipped>false</skipped>
          <failedSince>0</failedSince>
        </case>
        <case>
          <duration>0.019</duration>
          <className>com.rackspace.search.elasticsearch.client.ElasticSearchClientFactoryBeanTest</className>
          <testName>validate Index Settings</testName>
          <skipped>false</skipped>
          <failedSince>0</failedSince>
        </case>
      </cases>
    </suite>
    <suite>
      <file>/var/lib/jenkins/jobs/TSearchUnittest/workspace/service/target/surefire-reports/TEST-com.rackspace.search.elasticsearch.client.ElasticSearchClientTest.xml</file>
      <name>com.rackspace.search.elasticsearch.client.ElasticSearchClientTest</name>
      <duration>30.706001</duration>
      <cases>
        <case>
          <duration>3.664</duration>
          <className>com.rackspace.search.elasticsearch.client.ElasticSearchClientTest</className>
          <testName>post bulk data</testName>
          <skipped>false</skipped>
          <failedSince>0</failedSince>
        </case>
        <case>
          <duration>3.362</duration>
          <className>com.rackspace.search.elasticsearch.client.ElasticSearchClientTest</className>
          <testName>get All Tickets</testName>
          <skipped>false</skipped>
          <failedSince>0</failedSince>
        </case>
        <case>
          <duration>3.597</duration>
          <className>com.rackspace.search.elasticsearch.client.ElasticSearchClientTest</className>
          <testName>test search tickets for string filed user with single &amp; multiple values and negation</testName>
          <skipped>false</skipped>
          <failedSince>0</failedSince>
        </case>
        <case>
          <duration>3.557</duration>
          <className>com.rackspace.search.elasticsearch.client.ElasticSearchClientTest</className>
          <testName>test search tickets with a range filter and negated range filter</testName>
          <skipped>false</skipped>
          <failedSince>0</failedSince>
        </case>
        <case>
          <duration>3.375</duration>
          <className>com.rackspace.search.elasticsearch.client.ElasticSearchClientTest</className>
          <testName>test sort tickets with single &amp; multiple values</testName>
          <skipped>false</skipped>
          <failedSince>0</failedSince>
        </case>
        <case>
          <duration>3.285</duration>
          <className>com.rackspace.search.elasticsearch.client.ElasticSearchClientTest</className>
          <testName>test sort tickets for Priority field without sorting order</testName>
          <skipped>false</skipped>
          <failedSince>0</failedSince>
        </case>
        <case>
          <duration>3.337</duration>
          <className>com.rackspace.search.elasticsearch.client.ElasticSearchClientTest</className>
          <testName>should throw Bad Request If the limit value has less than 0</testName>
          <skipped>false</skipped>
          <failedSince>0</failedSince>
        </case>
        <case>
          <duration>3.274</duration>
          <className>com.rackspace.search.elasticsearch.client.ElasticSearchClientTest</className>
          <testName>if there is no value set for limit in the QueryParams\u002C should return default size as 100 </testName>
          <skipped>false</skipped>
          <failedSince>0</failedSince>
        </case>
        <case>
          <duration>3.255</duration>
          <className>com.rackspace.search.elasticsearch.client.ElasticSearchClientTest</className>
          <testName>if there is a valid value set to limit in the QueryParams\u002C should return given size</testName>
          <skipped>false</skipped>
          <failedSince>0</failedSince>
        </case>
      </cases>
    </suite>
    <suite>
      <file>/var/lib/jenkins/jobs/TSearchUnittest/workspace/service/target/surefire-reports/TEST-com.rackspace.search.gateway.account.AccountGatewayTest.xml</file>
      <name>com.rackspace.search.gateway.account.AccountGatewayTest</name>
      <duration>0.0</duration>
      <cases>
        <case>
          <duration>0.0</duration>
          <className>com.rackspace.search.gateway.account.AccountGatewayTest</className>
          <testName>should get account data</testName>
          <skipped>false</skipped>
          <failedSince>0</failedSince>
        </case>
        <case>
          <duration>0.0</duration>
          <className>com.rackspace.search.gateway.account.AccountGatewayTest</className>
          <testName>get accounts -- should throw exception</testName>
          <skipped>false</skipped>
          <failedSince>0</failedSince>
        </case>
      </cases>
    </suite>
    <suite>
      <file>/var/lib/jenkins/jobs/TSearchUnittest/workspace/service/target/surefire-reports/TEST-com.rackspace.search.gateway.core.CoreAuthGatewayTest.xml</file>
      <name>com.rackspace.search.gateway.core.CoreAuthGatewayTest</name>
      <duration>0.0010</duration>
      <cases>
        <case>
          <duration>0.0</duration>
          <className>com.rackspace.search.gateway.core.CoreAuthGatewayTest</className>
          <testName>should get authtoken</testName>
          <skipped>false</skipped>
          <failedSince>0</failedSince>
        </case>
        <case>
          <duration>0.0010</duration>
          <className>com.rackspace.search.gateway.core.CoreAuthGatewayTest</className>
          <testName>should not call core when authtoken is valid</testName>
          <skipped>false</skipped>
          <failedSince>0</failedSince>
        </case>
      </cases>
    </suite>
    <suite>
      <file>/var/lib/jenkins/jobs/TSearchUnittest/workspace/service/target/surefire-reports/TEST-com.rackspace.search.gateway.core.CoreTicketGatewayTest.xml</file>
      <name>com.rackspace.search.gateway.core.CoreTicketGatewayTest</name>
      <duration>0.0</duration>
      <cases>
        <case>
          <duration>0.0</duration>
          <className>com.rackspace.search.gateway.core.CoreTicketGatewayTest</className>
          <testName>should get tickets</testName>
          <skipped>false</skipped>
          <failedSince>0</failedSince>
        </case>
        <case>
          <duration>0.0</duration>
          <className>com.rackspace.search.gateway.core.CoreTicketGatewayTest</className>
          <testName>should get tickets -- session key expired</testName>
          <skipped>false</skipped>
          <failedSince>0</failedSince>
        </case>
        <case>
          <duration>0.0</duration>
          <className>com.rackspace.search.gateway.core.CoreTicketGatewayTest</className>
          <testName>get core tickets -- should throw exception</testName>
          <skipped>false</skipped>
          <failedSince>0</failedSince>
        </case>
        <case>
          <duration>0.0</duration>
          <className>com.rackspace.search.gateway.core.CoreTicketGatewayTest</className>
          <testName>get Core Tickets for CoreTicketOnGoingSync</testName>
          <skipped>false</skipped>
          <failedSince>0</failedSince>
        </case>
        <case>
          <duration>0.0</duration>
          <className>com.rackspace.search.gateway.core.CoreTicketGatewayTest</className>
          <testName>get core tickets for OnGoingSync -- should throw exception</testName>
          <skipped>false</skipped>
          <failedSince>0</failedSince>
        </case>
      </cases>
    </suite>
    <suite>
      <file>/var/lib/jenkins/jobs/TSearchUnittest/workspace/service/target/surefire-reports/TEST-com.rackspace.search.service.JobServiceTest.xml</file>
      <name>com.rackspace.search.service.JobServiceTest</name>
      <duration>17.539</duration>
      <cases>
        <case>
          <duration>13.025</duration>
          <className>com.rackspace.search.service.JobServiceTest</className>
          <testName>should get scheduled job details</testName>
          <skipped>false</skipped>
          <failedSince>0</failedSince>
        </case>
        <case>
          <duration>2.01</duration>
          <className>com.rackspace.search.service.JobServiceTest</className>
          <testName>should return null If job is not exist</testName>
          <skipped>false</skipped>
          <failedSince>0</failedSince>
        </case>
        <case>
          <duration>2.504</duration>
          <className>com.rackspace.search.service.JobServiceTest</className>
          <testName>get All jobs</testName>
          <skipped>false</skipped>
          <failedSince>0</failedSince>
        </case>
      </cases>
    </suite>
    <suite>
      <file>/var/lib/jenkins/jobs/TSearchUnittest/workspace/service/target/surefire-reports/TEST-com.rackspace.search.service.TicketSearchServiceTest.xml</file>
      <name>com.rackspace.search.service.TicketSearchServiceTest</name>
      <duration>7.0810003</duration>
      <cases>
        <case>
          <duration>5.077</duration>
          <className>com.rackspace.search.service.TicketSearchServiceTest</className>
          <testName>should get ticket</testName>
          <skipped>false</skipped>
          <failedSince>0</failedSince>
        </case>
        <case>
          <duration>2.004</duration>
          <className>com.rackspace.search.service.TicketSearchServiceTest</className>
          <testName>should throw not found exception</testName>
          <skipped>false</skipped>
          <failedSince>0</failedSince>
        </case>
      </cases>
    </suite>
    <suite>
      <file>/var/lib/jenkins/jobs/TSearchUnittest/workspace/service/target/surefire-reports/TEST-com.rackspace.search.service.account.AccountOnetimeSyncActorTest.xml</file>
      <name>com.rackspace.search.service.account.AccountOnetimeSyncActorTest</name>
      <duration>0.489</duration>
      <cases>
        <case>
          <duration>0.489</duration>
          <className>com.rackspace.search.service.account.AccountOnetimeSyncActorTest</className>
          <testName>should post data to searchClient</testName>
          <skipped>false</skipped>
          <failedSince>0</failedSince>
        </case>
        <case>
          <duration>0.0</duration>
          <className>com.rackspace.search.service.account.AccountOnetimeSyncActorTest</className>
          <testName>multiple messages to actor result in posting multiple payloads to searchClient</testName>
          <skipped>false</skipped>
          <failedSince>0</failedSince>
        </case>
        <case>
          <duration>0.0</duration>
          <className>com.rackspace.search.service.account.AccountOnetimeSyncActorTest</className>
          <testName>should test when completed message is sent</testName>
          <skipped>false</skipped>
          <failedSince>0</failedSince>
        </case>
      </cases>
    </suite>
    <suite>
      <file>/var/lib/jenkins/jobs/TSearchUnittest/workspace/service/target/surefire-reports/TEST-com.rackspace.search.service.account.AccountOnetimeSyncJobTest.xml</file>
      <name>com.rackspace.search.service.account.AccountOnetimeSyncJobTest</name>
      <duration>0.059999995</duration>
      <cases>
        <case>
          <duration>0.051</duration>
          <className>com.rackspace.search.service.account.AccountOnetimeSyncJobTest</className>
          <testName>should test starting job</testName>
          <skipped>false</skipped>
          <failedSince>0</failedSince>
        </case>
        <case>
          <duration>0.0030</duration>
          <className>com.rackspace.search.service.account.AccountOnetimeSyncJobTest</className>
          <testName>Job already running .. should throw exception</testName>
          <skipped>false</skipped>
          <failedSince>0</failedSince>
        </case>
        <case>
          <duration>0.0030</duration>
          <className>com.rackspace.search.service.account.AccountOnetimeSyncJobTest</className>
          <testName>sync job not exists.. create new one</testName>
          <skipped>false</skipped>
          <failedSince>0</failedSince>
        </case>
        <case>
          <duration>0.0030</duration>
          <className>com.rackspace.search.service.account.AccountOnetimeSyncJobTest</className>
          <testName>Job should stop .. If the request Json has is_enabled = false</testName>
          <skipped>false</skipped>
          <failedSince>0</failedSince>
        </case>
      </cases>
    </suite>
    <suite>
      <file>/var/lib/jenkins/jobs/TSearchUnittest/workspace/service/target/surefire-reports/TEST-com.rackspace.search.service.account.AccountOngoingSyncActorTest.xml</file>
      <name>com.rackspace.search.service.account.AccountOngoingSyncActorTest</name>
      <duration>0.013</duration>
      <cases>
        <case>
          <duration>0.0050</duration>
          <className>com.rackspace.search.service.account.AccountOngoingSyncActorTest</className>
          <testName>should post data to searchClient</testName>
          <skipped>false</skipped>
          <failedSince>0</failedSince>
        </case>
        <case>
          <duration>0.0040</duration>
          <className>com.rackspace.search.service.account.AccountOngoingSyncActorTest</className>
          <testName>multiple messages to actor result in posting multiple payloads to searchClient</testName>
          <skipped>false</skipped>
          <failedSince>0</failedSince>
        </case>
        <case>
          <duration>0.0040</duration>
          <className>com.rackspace.search.service.account.AccountOngoingSyncActorTest</className>
          <testName>should post data to searchClient If syncJob status is not STOPPED</testName>
          <skipped>false</skipped>
          <failedSince>0</failedSince>
        </case>
      </cases>
    </suite>
    <suite>
      <file>/var/lib/jenkins/jobs/TSearchUnittest/workspace/service/target/surefire-reports/TEST-com.rackspace.search.service.account.AccountOngoingSyncJobTest.xml</file>
      <name>com.rackspace.search.service.account.AccountOngoingSyncJobTest</name>
      <duration>0.276</duration>
      <cases>
        <case>
          <duration>0.093</duration>
          <className>com.rackspace.search.service.account.AccountOngoingSyncJobTest</className>
          <testName>should test starting job</testName>
          <skipped>false</skipped>
          <failedSince>0</failedSince>
        </case>
        <case>
          <duration>0.0</duration>
          <className>com.rackspace.search.service.account.AccountOngoingSyncJobTest</className>
          <testName>Job already running .. should throw exception</testName>
          <skipped>false</skipped>
          <failedSince>0</failedSince>
        </case>
        <case>
          <duration>0.0</duration>
          <className>com.rackspace.search.service.account.AccountOngoingSyncJobTest</className>
          <testName>if the request Json have is_enabled false.. should update the job Status</testName>
          <skipped>false</skipped>
          <failedSince>0</failedSince>
        </case>
        <case>
          <duration>0.183</duration>
          <className>com.rackspace.search.service.account.AccountOngoingSyncJobTest</className>
          <testName>should test sync accounts</testName>
          <skipped>false</skipped>
          <failedSince>0</failedSince>
        </case>
      </cases>
    </suite>
    <suite>
      <file>/var/lib/jenkins/jobs/TSearchUnittest/workspace/service/target/surefire-reports/TEST-com.rackspace.search.service.core.CoreTicketOnetimeSyncActorTest.xml</file>
      <name>com.rackspace.search.service.core.CoreTicketOnetimeSyncActorTest</name>
      <duration>1.114</duration>
      <cases>
        <case>
          <duration>1.114</duration>
          <className>com.rackspace.search.service.core.CoreTicketOnetimeSyncActorTest</className>
          <testName>should post data to searchClient</testName>
          <skipped>false</skipped>
          <failedSince>0</failedSince>
        </case>
        <case>
          <duration>0.0</duration>
          <className>com.rackspace.search.service.core.CoreTicketOnetimeSyncActorTest</className>
          <testName>multiple messages to actor result in posting multiple payloads to searchClient</testName>
          <skipped>false</skipped>
          <failedSince>0</failedSince>
        </case>
        <case>
          <duration>0.0</duration>
          <className>com.rackspace.search.service.core.CoreTicketOnetimeSyncActorTest</className>
          <testName>should test when completed message is sent</testName>
          <skipped>false</skipped>
          <failedSince>0</failedSince>
        </case>
      </cases>
    </suite>
    <suite>
      <file>/var/lib/jenkins/jobs/TSearchUnittest/workspace/service/target/surefire-reports/TEST-com.rackspace.search.service.core.CoreTicketOnetimeSyncJobTest.xml</file>
      <name>com.rackspace.search.service.core.CoreTicketOnetimeSyncJobTest</name>
      <duration>1.4749999</duration>
      <cases>
        <case>
          <duration>1.451</duration>
          <className>com.rackspace.search.service.core.CoreTicketOnetimeSyncJobTest</className>
          <testName>should test starting job</testName>
          <skipped>false</skipped>
          <failedSince>0</failedSince>
        </case>
        <case>
          <duration>0.01</duration>
          <className>com.rackspace.search.service.core.CoreTicketOnetimeSyncJobTest</className>
          <testName>Job already running .. should throw exception</testName>
          <skipped>false</skipped>
          <failedSince>0</failedSince>
        </case>
        <case>
          <duration>0.01</duration>
          <className>com.rackspace.search.service.core.CoreTicketOnetimeSyncJobTest</className>
          <testName>sync job not exists.. create new one</testName>
          <skipped>false</skipped>
          <failedSince>0</failedSince>
        </case>
        <case>
          <duration>0.0040</duration>
          <className>com.rackspace.search.service.core.CoreTicketOnetimeSyncJobTest</className>
          <testName>Job should stop .. If the request Json has is_enabled = false</testName>
          <skipped>false</skipped>
          <failedSince>0</failedSince>
        </case>
      </cases>
    </suite>
    <suite>
      <file>/var/lib/jenkins/jobs/TSearchUnittest/workspace/service/target/surefire-reports/TEST-com.rackspace.search.service.core.CoreTicketOngoingSyncActorTest.xml</file>
      <name>com.rackspace.search.service.core.CoreTicketOngoingSyncActorTest</name>
      <duration>0.0</duration>
      <cases>
        <case>
          <duration>0.0</duration>
          <className>com.rackspace.search.service.core.CoreTicketOngoingSyncActorTest</className>
          <testName>should post data to searchClient</testName>
          <skipped>false</skipped>
          <failedSince>0</failedSince>
        </case>
        <case>
          <duration>0.0</duration>
          <className>com.rackspace.search.service.core.CoreTicketOngoingSyncActorTest</className>
          <testName>multiple messages to actor result in posting multiple payloads to searchClient</testName>
          <skipped>false</skipped>
          <failedSince>0</failedSince>
        </case>
        <case>
          <duration>0.0</duration>
          <className>com.rackspace.search.service.core.CoreTicketOngoingSyncActorTest</className>
          <testName>should post data to searchClient If syncJob status is not STOPPED</testName>
          <skipped>false</skipped>
          <failedSince>0</failedSince>
        </case>
      </cases>
    </suite>
    <suite>
      <file>/var/lib/jenkins/jobs/TSearchUnittest/workspace/service/target/surefire-reports/TEST-com.rackspace.search.service.core.CoreTicketOngoingSyncJobTest.xml</file>
      <name>com.rackspace.search.service.core.CoreTicketOngoingSyncJobTest</name>
      <duration>0.211</duration>
      <cases>
        <case>
          <duration>0.168</duration>
          <className>com.rackspace.search.service.core.CoreTicketOngoingSyncJobTest</className>
          <testName>should test starting job</testName>
          <skipped>false</skipped>
          <failedSince>0</failedSince>
        </case>
        <case>
          <duration>0.043</duration>
          <className>com.rackspace.search.service.core.CoreTicketOngoingSyncJobTest</className>
          <testName>Job already running .. should throw exception</testName>
          <skipped>false</skipped>
          <failedSince>0</failedSince>
        </case>
        <case>
          <duration>0.0</duration>
          <className>com.rackspace.search.service.core.CoreTicketOngoingSyncJobTest</className>
          <testName>if the request Json have is_enabled false.. should update the job Status</testName>
          <skipped>false</skipped>
          <failedSince>0</failedSince>
        </case>
      </cases>
    </suite>
    <suite>
      <file>/var/lib/jenkins/jobs/TSearchUnittest/workspace/service/target/surefire-reports/TEST-com.rackspace.search.service.core.CoreTicketProcessorTest.xml</file>
      <name>com.rackspace.search.service.core.CoreTicketProcessorTest</name>
      <duration>0.125</duration>
      <cases>
        <case>
          <duration>0.125</duration>
          <className>com.rackspace.search.service.core.CoreTicketProcessorTest</className>
          <testName>make sure date is converted to UTC time zone</testName>
          <skipped>false</skipped>
          <failedSince>0</failedSince>
        </case>
      </cases>
    </suite>
  </suites>
  <duration>59.109997</duration>
  <keepLongStdio>false</keepLongStdio>
</result>