<?xml version='1.0' encoding='UTF-8'?>
<result>
  <suites>
    <suite>
      <file>/var/lib/jenkins/jobs/TSearchUnittest/workspace/service/target/surefire-reports/TEST-com.rackspace.search.elasticsearch.SyncJobTest.xml</file>
      <name>com.rackspace.search.elasticsearch.SyncJobTest</name>
      <duration>0.0</duration>
      <cases>
        <case>
          <duration>0.0</duration>
          <className>com.rackspace.search.elasticsearch.SyncJobTest</className>
          <testName>verifying health status for Ongoing sync job</testName>
          <skipped>false</skipped>
          <failedSince>0</failedSince>
        </case>
        <case>
          <duration>0.0</duration>
          <className>com.rackspace.search.elasticsearch.SyncJobTest</className>
          <testName>verifying health status for Onetime sync job</testName>
          <skipped>false</skipped>
          <failedSince>0</failedSince>
        </case>
        <case>
          <duration>0.0</duration>
          <className>com.rackspace.search.elasticsearch.SyncJobTest</className>
          <testName>verifying sync job type</testName>
          <skipped>false</skipped>
          <failedSince>0</failedSince>
        </case>
      </cases>
    </suite>
    <suite>
      <file>/var/lib/jenkins/jobs/TSearchUnittest/workspace/service/target/surefire-reports/TEST-com.rackspace.search.elasticsearch.client.ElasticSearchClientFactoryBeanTest.xml</file>
      <name>com.rackspace.search.elasticsearch.client.ElasticSearchClientFactoryBeanTest</name>
      <duration>14.410001</duration>
      <cases>
        <case>
          <duration>14.409</duration>
          <className>com.rackspace.search.elasticsearch.client.ElasticSearchClientFactoryBeanTest</className>
          <testName>is Index exist</testName>
          <skipped>false</skipped>
          <failedSince>0</failedSince>
        </case>
        <case>
          <duration>0.0010</duration>
          <className>com.rackspace.search.elasticsearch.client.ElasticSearchClientFactoryBeanTest</className>
          <testName>validate Index Settings</testName>
          <skipped>false</skipped>
          <failedSince>0</failedSince>
        </case>
      </cases>
    </suite>
    <suite>
      <file>/var/lib/jenkins/jobs/TSearchUnittest/workspace/service/target/surefire-reports/TEST-com.rackspace.search.elasticsearch.client.QueryParserTest.xml</file>
      <name>com.rackspace.search.elasticsearch.client.QueryParserTest</name>
      <duration>0.0</duration>
      <cases>
        <case>
          <duration>0.0</duration>
          <className>com.rackspace.search.elasticsearch.client.QueryParserTest</className>
          <testName>should test query parser --- url query params are handled</testName>
          <skipped>false</skipped>
          <failedSince>0</failedSince>
        </case>
        <case>
          <duration>0.0</duration>
          <className>com.rackspace.search.elasticsearch.client.QueryParserTest</className>
          <testName>should test query parser --- one single filter</testName>
          <skipped>false</skipped>
          <failedSince>0</failedSince>
        </case>
        <case>
          <duration>0.0</duration>
          <className>com.rackspace.search.elasticsearch.client.QueryParserTest</className>
          <testName>should test query parser --- not filter</testName>
          <skipped>false</skipped>
          <failedSince>0</failedSince>
        </case>
        <case>
          <duration>0.0</duration>
          <className>com.rackspace.search.elasticsearch.client.QueryParserTest</className>
          <testName>should test query parser --- range filter</testName>
          <skipped>false</skipped>
          <failedSince>0</failedSince>
        </case>
        <case>
          <duration>0.0</duration>
          <className>com.rackspace.search.elasticsearch.client.QueryParserTest</className>
          <testName>should test query parser --- and filter</testName>
          <skipped>false</skipped>
          <failedSince>0</failedSince>
        </case>
        <case>
          <duration>0.0</duration>
          <className>com.rackspace.search.elasticsearch.client.QueryParserTest</className>
          <testName>should test query parser --- or filter</testName>
          <skipped>false</skipped>
          <failedSince>0</failedSince>
        </case>
        <case>
          <duration>0.0</duration>
          <className>com.rackspace.search.elasticsearch.client.QueryParserTest</className>
          <testName>should test query parser --- exists filter</testName>
          <skipped>false</skipped>
          <failedSince>0</failedSince>
        </case>
        <case>
          <duration>0.0</duration>
          <className>com.rackspace.search.elasticsearch.client.QueryParserTest</className>
          <testName>should test query parser --- missing filter</testName>
          <skipped>false</skipped>
          <failedSince>0</failedSince>
        </case>
      </cases>
    </suite>
    <suite>
      <file>/var/lib/jenkins/jobs/TSearchUnittest/workspace/service/target/surefire-reports/TEST-com.rackspace.search.endpoint.JobResourceTest.xml</file>
      <name>com.rackspace.search.endpoint.JobResourceTest</name>
      <duration>1.4300001</duration>
      <cases>
        <case>
          <duration>1.329</duration>
          <className>com.rackspace.search.endpoint.JobResourceTest</className>
          <testName>Job should stop .. If the request Json has is_enabled = false</testName>
          <skipped>false</skipped>
          <failedSince>0</failedSince>
        </case>
        <case>
          <duration>0.014</duration>
          <className>com.rackspace.search.endpoint.JobResourceTest</className>
          <testName>Job already running .. should throw exception</testName>
          <skipped>false</skipped>
          <failedSince>0</failedSince>
        </case>
        <case>
          <duration>0.087</duration>
          <className>com.rackspace.search.endpoint.JobResourceTest</className>
          <testName>sync job not exists.. create new one</testName>
          <skipped>false</skipped>
          <failedSince>0</failedSince>
        </case>
      </cases>
    </suite>
    <suite>
      <file>/var/lib/jenkins/jobs/TSearchUnittest/workspace/service/target/surefire-reports/TEST-com.rackspace.search.gateway.account.AccountGatewayTest.xml</file>
      <name>com.rackspace.search.gateway.account.AccountGatewayTest</name>
      <duration>0.022999998</duration>
      <cases>
        <case>
          <duration>0.0050</duration>
          <className>com.rackspace.search.gateway.account.AccountGatewayTest</className>
          <testName>should get account data</testName>
          <skipped>false</skipped>
          <failedSince>0</failedSince>
        </case>
        <case>
          <duration>0.0080</duration>
          <className>com.rackspace.search.gateway.account.AccountGatewayTest</className>
          <testName>get accounts -- should throw exception</testName>
          <skipped>false</skipped>
          <failedSince>0</failedSince>
        </case>
        <case>
          <duration>0.0050</duration>
          <className>com.rackspace.search.gateway.account.AccountGatewayTest</className>
          <testName>should get account details </testName>
          <skipped>false</skipped>
          <failedSince>0</failedSince>
        </case>
        <case>
          <duration>0.0050</duration>
          <className>com.rackspace.search.gateway.account.AccountGatewayTest</className>
          <testName>get account details -- should throw exception</testName>
          <skipped>false</skipped>
          <failedSince>0</failedSince>
        </case>
      </cases>
    </suite>
    <suite>
      <file>/var/lib/jenkins/jobs/TSearchUnittest/workspace/service/target/surefire-reports/TEST-com.rackspace.search.gateway.core.CoreAuthGatewayTest.xml</file>
      <name>com.rackspace.search.gateway.core.CoreAuthGatewayTest</name>
      <duration>0.075</duration>
      <cases>
        <case>
          <duration>0.074</duration>
          <className>com.rackspace.search.gateway.core.CoreAuthGatewayTest</className>
          <testName>should get authtoken</testName>
          <skipped>false</skipped>
          <failedSince>0</failedSince>
        </case>
        <case>
          <duration>0.0010</duration>
          <className>com.rackspace.search.gateway.core.CoreAuthGatewayTest</className>
          <testName>should not call core when authtoken is valid</testName>
          <skipped>false</skipped>
          <failedSince>0</failedSince>
        </case>
      </cases>
    </suite>
    <suite>
      <file>/var/lib/jenkins/jobs/TSearchUnittest/workspace/service/target/surefire-reports/TEST-com.rackspace.search.gateway.core.CoreTicketGatewayTest.xml</file>
      <name>com.rackspace.search.gateway.core.CoreTicketGatewayTest</name>
      <duration>0.109000005</duration>
      <cases>
        <case>
          <duration>0.071</duration>
          <className>com.rackspace.search.gateway.core.CoreTicketGatewayTest</className>
          <testName>should get tickets</testName>
          <skipped>false</skipped>
          <failedSince>0</failedSince>
        </case>
        <case>
          <duration>0.027</duration>
          <className>com.rackspace.search.gateway.core.CoreTicketGatewayTest</className>
          <testName>should get tickets -- session key expired</testName>
          <skipped>false</skipped>
          <failedSince>0</failedSince>
        </case>
        <case>
          <duration>0.011</duration>
          <className>com.rackspace.search.gateway.core.CoreTicketGatewayTest</className>
          <testName>get core tickets -- should throw exception</testName>
          <skipped>false</skipped>
          <failedSince>0</failedSince>
        </case>
      </cases>
    </suite>
    <suite>
      <file>/var/lib/jenkins/jobs/TSearchUnittest/workspace/service/target/surefire-reports/TEST-com.rackspace.search.gateway.zendesk.ZendeskGatewayTest.xml</file>
      <name>com.rackspace.search.gateway.zendesk.ZendeskGatewayTest</name>
      <duration>0.039</duration>
      <cases>
        <case>
          <duration>0.037</duration>
          <className>com.rackspace.search.gateway.zendesk.ZendeskGatewayTest</className>
          <testName>should get query string -- without date</testName>
          <skipped>false</skipped>
          <failedSince>0</failedSince>
        </case>
        <case>
          <duration>0.0020</duration>
          <className>com.rackspace.search.gateway.zendesk.ZendeskGatewayTest</className>
          <testName>should get query string -- with date</testName>
          <skipped>false</skipped>
          <failedSince>0</failedSince>
        </case>
      </cases>
    </suite>
    <suite>
      <file>/var/lib/jenkins/jobs/TSearchUnittest/workspace/service/target/surefire-reports/TEST-com.rackspace.search.service.AccountCacheServiceTest.xml</file>
      <name>com.rackspace.search.service.AccountCacheServiceTest</name>
      <duration>0.05</duration>
      <cases>
        <case>
          <duration>0.039</duration>
          <className>com.rackspace.search.service.AccountCacheServiceTest</className>
          <testName>freshenCache: should check isLatest</testName>
          <skipped>false</skipped>
          <failedSince>0</failedSince>
        </case>
        <case>
          <duration>0.011</duration>
          <className>com.rackspace.search.service.AccountCacheServiceTest</className>
          <testName>test cleanCache </testName>
          <skipped>false</skipped>
          <failedSince>0</failedSince>
        </case>
      </cases>
    </suite>
    <suite>
      <file>/var/lib/jenkins/jobs/TSearchUnittest/workspace/service/target/surefire-reports/TEST-com.rackspace.search.service.CoreAccountServiceTest.xml</file>
      <name>com.rackspace.search.service.CoreAccountServiceTest</name>
      <duration>0.0</duration>
      <cases>
        <case>
          <duration>0.0</duration>
          <className>com.rackspace.search.service.CoreAccountServiceTest</className>
          <testName>should get core account details</testName>
          <skipped>false</skipped>
          <failedSince>0</failedSince>
        </case>
        <case>
          <duration>0.0</duration>
          <className>com.rackspace.search.service.CoreAccountServiceTest</className>
          <testName>should return null If job is not exist</testName>
          <skipped>false</skipped>
          <failedSince>0</failedSince>
        </case>
      </cases>
    </suite>
    <suite>
      <file>/var/lib/jenkins/jobs/TSearchUnittest/workspace/service/target/surefire-reports/TEST-com.rackspace.search.service.SyncRequestServiceTest.xml</file>
      <name>com.rackspace.search.service.SyncRequestServiceTest</name>
      <duration>0.08499999</duration>
      <cases>
        <case>
          <duration>0.022</duration>
          <className>com.rackspace.search.service.SyncRequestServiceTest</className>
          <testName>should get sync request</testName>
          <skipped>false</skipped>
          <failedSince>0</failedSince>
        </case>
        <case>
          <duration>0.0030</duration>
          <className>com.rackspace.search.service.SyncRequestServiceTest</className>
          <testName>should get sync request\u002C no sync request exists</testName>
          <skipped>false</skipped>
          <failedSince>0</failedSince>
        </case>
        <case>
          <duration>0.036</duration>
          <className>com.rackspace.search.service.SyncRequestServiceTest</className>
          <testName>update sync request to scheduled</testName>
          <skipped>false</skipped>
          <failedSince>0</failedSince>
        </case>
        <case>
          <duration>0.0080</duration>
          <className>com.rackspace.search.service.SyncRequestServiceTest</className>
          <testName>update sync request to processed</testName>
          <skipped>false</skipped>
          <failedSince>0</failedSince>
        </case>
        <case>
          <duration>0.0030</duration>
          <className>com.rackspace.search.service.SyncRequestServiceTest</className>
          <testName>update sync request to error</testName>
          <skipped>false</skipped>
          <failedSince>0</failedSince>
        </case>
        <case>
          <duration>0.013</duration>
          <className>com.rackspace.search.service.SyncRequestServiceTest</className>
          <testName>validateDocumentIds for account Type</testName>
          <skipped>false</skipped>
          <failedSince>0</failedSince>
        </case>
        <case>
          <duration>0.0</duration>
          <className>com.rackspace.search.service.SyncRequestServiceTest</className>
          <testName>validateDocumentIds for core ticket Type</testName>
          <skipped>false</skipped>
          <failedSince>0</failedSince>
        </case>
        <case>
          <duration>0.0</duration>
          <className>com.rackspace.search.service.SyncRequestServiceTest</className>
          <testName>validateDocumentIds for zendesk ticket Type</testName>
          <skipped>false</skipped>
          <failedSince>0</failedSince>
        </case>
      </cases>
    </suite>
    <suite>
      <file>/var/lib/jenkins/jobs/TSearchUnittest/workspace/service/target/surefire-reports/TEST-com.rackspace.search.service.TicketCacheServiceTest.xml</file>
      <name>com.rackspace.search.service.TicketCacheServiceTest</name>
      <duration>0.026</duration>
      <cases>
        <case>
          <duration>0.0060</duration>
          <className>com.rackspace.search.service.TicketCacheServiceTest</className>
          <testName>freshenCache: should check isLatest</testName>
          <skipped>false</skipped>
          <failedSince>0</failedSince>
        </case>
        <case>
          <duration>0.0030</duration>
          <className>com.rackspace.search.service.TicketCacheServiceTest</className>
          <testName>test cleanCache </testName>
          <skipped>false</skipped>
          <failedSince>0</failedSince>
        </case>
        <case>
          <duration>0.014</duration>
          <className>com.rackspace.search.service.TicketCacheServiceTest</className>
          <testName>isLatest should consider milliseconds</testName>
          <skipped>false</skipped>
          <failedSince>0</failedSince>
        </case>
        <case>
          <duration>0.0030</duration>
          <className>com.rackspace.search.service.TicketCacheServiceTest</className>
          <testName>freshenCache should consider milliseconds</testName>
          <skipped>false</skipped>
          <failedSince>0</failedSince>
        </case>
      </cases>
    </suite>
    <suite>
      <file>/var/lib/jenkins/jobs/TSearchUnittest/workspace/service/target/surefire-reports/TEST-com.rackspace.search.service.account.AccountOnetimeSyncActorTest.xml</file>
      <name>com.rackspace.search.service.account.AccountOnetimeSyncActorTest</name>
      <duration>0.0</duration>
      <cases>
        <case>
          <duration>0.0</duration>
          <className>com.rackspace.search.service.account.AccountOnetimeSyncActorTest</className>
          <testName>should post data to searchClient</testName>
          <skipped>false</skipped>
          <failedSince>0</failedSince>
        </case>
        <case>
          <duration>0.0</duration>
          <className>com.rackspace.search.service.account.AccountOnetimeSyncActorTest</className>
          <testName>multiple messages to actor result in posting multiple payloads to searchClient</testName>
          <skipped>false</skipped>
          <failedSince>0</failedSince>
        </case>
        <case>
          <duration>0.0</duration>
          <className>com.rackspace.search.service.account.AccountOnetimeSyncActorTest</className>
          <testName>should test when completed message is sent</testName>
          <skipped>false</skipped>
          <failedSince>0</failedSince>
        </case>
      </cases>
    </suite>
    <suite>
      <file>/var/lib/jenkins/jobs/TSearchUnittest/workspace/service/target/surefire-reports/TEST-com.rackspace.search.service.account.AccountOnetimeSyncJobTest.xml</file>
      <name>com.rackspace.search.service.account.AccountOnetimeSyncJobTest</name>
      <duration>0.038</duration>
      <cases>
        <case>
          <duration>0.038</duration>
          <className>com.rackspace.search.service.account.AccountOnetimeSyncJobTest</className>
          <testName>should test starting job</testName>
          <skipped>false</skipped>
          <failedSince>0</failedSince>
        </case>
      </cases>
    </suite>
    <suite>
      <file>/var/lib/jenkins/jobs/TSearchUnittest/workspace/service/target/surefire-reports/TEST-com.rackspace.search.service.account.AccountOngoingSyncActorTest.xml</file>
      <name>com.rackspace.search.service.account.AccountOngoingSyncActorTest</name>
      <duration>0.048</duration>
      <cases>
        <case>
          <duration>0.0020</duration>
          <className>com.rackspace.search.service.account.AccountOngoingSyncActorTest</className>
          <testName>should post data to searchClient</testName>
          <skipped>false</skipped>
          <failedSince>0</failedSince>
        </case>
        <case>
          <duration>0.0040</duration>
          <className>com.rackspace.search.service.account.AccountOngoingSyncActorTest</className>
          <testName>multiple messages to actor result in posting multiple payloads to searchClient</testName>
          <skipped>false</skipped>
          <failedSince>0</failedSince>
        </case>
        <case>
          <duration>0.042</duration>
          <className>com.rackspace.search.service.account.AccountOngoingSyncActorTest</className>
          <testName>should post data to searchClient If syncJob status is not STOPPED</testName>
          <skipped>false</skipped>
          <failedSince>0</failedSince>
        </case>
      </cases>
    </suite>
    <suite>
      <file>/var/lib/jenkins/jobs/TSearchUnittest/workspace/service/target/surefire-reports/TEST-com.rackspace.search.service.account.AccountOngoingSyncJobTest.xml</file>
      <name>com.rackspace.search.service.account.AccountOngoingSyncJobTest</name>
      <duration>0.305</duration>
      <cases>
        <case>
          <duration>0.305</duration>
          <className>com.rackspace.search.service.account.AccountOngoingSyncJobTest</className>
          <testName>should test starting job</testName>
          <skipped>false</skipped>
          <failedSince>0</failedSince>
        </case>
        <case>
          <duration>0.0</duration>
          <className>com.rackspace.search.service.account.AccountOngoingSyncJobTest</className>
          <testName>should test sync accounts</testName>
          <skipped>false</skipped>
          <failedSince>0</failedSince>
        </case>
        <case>
          <duration>0.0</duration>
          <className>com.rackspace.search.service.account.AccountOngoingSyncJobTest</className>
          <testName>ongoing sync should not go beyond threshold days into past</testName>
          <skipped>false</skipped>
          <failedSince>0</failedSince>
        </case>
        <case>
          <duration>0.0</duration>
          <className>com.rackspace.search.service.account.AccountOngoingSyncJobTest</className>
          <testName>ongoing sync should move forward with new Synctime when within threshold even if it is in the past</testName>
          <skipped>false</skipped>
          <failedSince>0</failedSince>
        </case>
        <case>
          <duration>0.0</duration>
          <className>com.rackspace.search.service.account.AccountOngoingSyncJobTest</className>
          <testName>should filter data if cache is enabled</testName>
          <skipped>false</skipped>
          <failedSince>0</failedSince>
        </case>
        <case>
          <duration>0.0</duration>
          <className>com.rackspace.search.service.account.AccountOngoingSyncJobTest</className>
          <testName>should not filter the data is cache is disabled</testName>
          <skipped>false</skipped>
          <failedSince>0</failedSince>
        </case>
        <case>
          <duration>0.0</duration>
          <className>com.rackspace.search.service.account.AccountOngoingSyncJobTest</className>
          <testName>should test is account changed</testName>
          <skipped>false</skipped>
          <failedSince>0</failedSince>
        </case>
      </cases>
    </suite>
    <suite>
      <file>/var/lib/jenkins/jobs/TSearchUnittest/workspace/service/target/surefire-reports/TEST-com.rackspace.search.service.account.CoreAccountProcessorTest.xml</file>
      <name>com.rackspace.search.service.account.CoreAccountProcessorTest</name>
      <duration>0.094</duration>
      <cases>
        <case>
          <duration>0.094</duration>
          <className>com.rackspace.search.service.account.CoreAccountProcessorTest</className>
          <testName>make sure date in millis is converted to UTC time zone</testName>
          <skipped>false</skipped>
          <failedSince>0</failedSince>
        </case>
      </cases>
    </suite>
    <suite>
      <file>/var/lib/jenkins/jobs/TSearchUnittest/workspace/service/target/surefire-reports/TEST-com.rackspace.search.service.account.CoreAccountUpdateSyncJobTest.xml</file>
      <name>com.rackspace.search.service.account.CoreAccountUpdateSyncJobTest</name>
      <duration>0.065</duration>
      <cases>
        <case>
          <duration>0.065</duration>
          <className>com.rackspace.search.service.account.CoreAccountUpdateSyncJobTest</className>
          <testName>testing: is Fields Changed</testName>
          <skipped>false</skipped>
          <failedSince>0</failedSince>
        </case>
        <case>
          <duration>0.0</duration>
          <className>com.rackspace.search.service.account.CoreAccountUpdateSyncJobTest</className>
          <testName>testing: is Fields Changed -- no coreaccount in ES</testName>
          <skipped>false</skipped>
          <failedSince>0</failedSince>
        </case>
      </cases>
    </suite>
    <suite>
      <file>/var/lib/jenkins/jobs/TSearchUnittest/workspace/service/target/surefire-reports/TEST-com.rackspace.search.service.admin.AccountOndemandSyncJobTest.xml</file>
      <name>com.rackspace.search.service.admin.AccountOndemandSyncJobTest</name>
      <duration>0.092</duration>
      <cases>
        <case>
          <duration>0.042</duration>
          <className>com.rackspace.search.service.admin.AccountOndemandSyncJobTest</className>
          <testName>should test starting job</testName>
          <skipped>false</skipped>
          <failedSince>0</failedSince>
        </case>
        <case>
          <duration>0.05</duration>
          <className>com.rackspace.search.service.admin.AccountOndemandSyncJobTest</className>
          <testName>should test sync Accounts job</testName>
          <skipped>false</skipped>
          <failedSince>0</failedSince>
        </case>
      </cases>
    </suite>
    <suite>
      <file>/var/lib/jenkins/jobs/TSearchUnittest/workspace/service/target/surefire-reports/TEST-com.rackspace.search.service.admin.ZendeskTicketOndemandSyncJobTest.xml</file>
      <name>com.rackspace.search.service.admin.ZendeskTicketOndemandSyncJobTest</name>
      <duration>0.038000003</duration>
      <cases>
        <case>
          <duration>0.027</duration>
          <className>com.rackspace.search.service.admin.ZendeskTicketOndemandSyncJobTest</className>
          <testName>should test starting job</testName>
          <skipped>false</skipped>
          <failedSince>0</failedSince>
        </case>
        <case>
          <duration>0.011</duration>
          <className>com.rackspace.search.service.admin.ZendeskTicketOndemandSyncJobTest</className>
          <testName>should test sync Tickets job</testName>
          <skipped>false</skipped>
          <failedSince>0</failedSince>
        </case>
      </cases>
    </suite>
    <suite>
      <file>/var/lib/jenkins/jobs/TSearchUnittest/workspace/service/target/surefire-reports/TEST-com.rackspace.search.service.core.CoreTicketOnetimeSyncActorTest.xml</file>
      <name>com.rackspace.search.service.core.CoreTicketOnetimeSyncActorTest</name>
      <duration>0.11399999</duration>
      <cases>
        <case>
          <duration>0.098</duration>
          <className>com.rackspace.search.service.core.CoreTicketOnetimeSyncActorTest</className>
          <testName>should post data to searchClient</testName>
          <skipped>false</skipped>
          <failedSince>0</failedSince>
        </case>
        <case>
          <duration>0.0070</duration>
          <className>com.rackspace.search.service.core.CoreTicketOnetimeSyncActorTest</className>
          <testName>multiple messages to actor result in posting multiple payloads to searchClient</testName>
          <skipped>false</skipped>
          <failedSince>0</failedSince>
        </case>
        <case>
          <duration>0.0090</duration>
          <className>com.rackspace.search.service.core.CoreTicketOnetimeSyncActorTest</className>
          <testName>should test when completed message is sent</testName>
          <skipped>false</skipped>
          <failedSince>0</failedSince>
        </case>
      </cases>
    </suite>
    <suite>
      <file>/var/lib/jenkins/jobs/TSearchUnittest/workspace/service/target/surefire-reports/TEST-com.rackspace.search.service.core.CoreTicketOnetimeSyncJobTest.xml</file>
      <name>com.rackspace.search.service.core.CoreTicketOnetimeSyncJobTest</name>
      <duration>0.192</duration>
      <cases>
        <case>
          <duration>0.192</duration>
          <className>com.rackspace.search.service.core.CoreTicketOnetimeSyncJobTest</className>
          <testName>should test starting job</testName>
          <skipped>false</skipped>
          <failedSince>0</failedSince>
        </case>
      </cases>
    </suite>
    <suite>
      <file>/var/lib/jenkins/jobs/TSearchUnittest/workspace/service/target/surefire-reports/TEST-com.rackspace.search.service.core.CoreTicketOngoingSyncActorTest.xml</file>
      <name>com.rackspace.search.service.core.CoreTicketOngoingSyncActorTest</name>
      <duration>0.201</duration>
      <cases>
        <case>
          <duration>0.033</duration>
          <className>com.rackspace.search.service.core.CoreTicketOngoingSyncActorTest</className>
          <testName>should post data to searchClient</testName>
          <skipped>false</skipped>
          <failedSince>0</failedSince>
        </case>
        <case>
          <duration>0.0070</duration>
          <className>com.rackspace.search.service.core.CoreTicketOngoingSyncActorTest</className>
          <testName>multiple messages to actor result in posting multiple payloads to searchClient</testName>
          <skipped>false</skipped>
          <failedSince>0</failedSince>
        </case>
        <case>
          <duration>0.161</duration>
          <className>com.rackspace.search.service.core.CoreTicketOngoingSyncActorTest</className>
          <testName>should post data to searchClient If syncJob status is not STOPPED</testName>
          <skipped>false</skipped>
          <failedSince>0</failedSince>
        </case>
      </cases>
    </suite>
    <suite>
      <file>/var/lib/jenkins/jobs/TSearchUnittest/workspace/service/target/surefire-reports/TEST-com.rackspace.search.service.core.CoreTicketOngoingSyncJobTest.xml</file>
      <name>com.rackspace.search.service.core.CoreTicketOngoingSyncJobTest</name>
      <duration>0.611</duration>
      <cases>
        <case>
          <duration>0.369</duration>
          <className>com.rackspace.search.service.core.CoreTicketOngoingSyncJobTest</className>
          <testName>should test starting job</testName>
          <skipped>false</skipped>
          <failedSince>0</failedSince>
        </case>
        <case>
          <duration>0.242</duration>
          <className>com.rackspace.search.service.core.CoreTicketOngoingSyncJobTest</className>
          <testName>should filter data if cache is enabled</testName>
          <skipped>false</skipped>
          <failedSince>0</failedSince>
        </case>
        <case>
          <duration>0.0</duration>
          <className>com.rackspace.search.service.core.CoreTicketOngoingSyncJobTest</className>
          <testName>should not filter the data is cache is disabled</testName>
          <skipped>false</skipped>
          <failedSince>0</failedSince>
        </case>
      </cases>
    </suite>
    <suite>
      <file>/var/lib/jenkins/jobs/TSearchUnittest/workspace/service/target/surefire-reports/TEST-com.rackspace.search.service.core.CoreTicketProcessorTest.xml</file>
      <name>com.rackspace.search.service.core.CoreTicketProcessorTest</name>
      <duration>0.0010</duration>
      <cases>
        <case>
          <duration>0.0010</duration>
          <className>com.rackspace.search.service.core.CoreTicketProcessorTest</className>
          <testName>make sure date in millis is converted to UTC time zone</testName>
          <skipped>false</skipped>
          <failedSince>0</failedSince>
        </case>
      </cases>
    </suite>
    <suite>
      <file>/var/lib/jenkins/jobs/TSearchUnittest/workspace/service/target/surefire-reports/TEST-com.rackspace.search.service.core.CoreTicketSecondpassSyncJobTest.xml</file>
      <name>com.rackspace.search.service.core.CoreTicketSecondpassSyncJobTest</name>
      <duration>0.799</duration>
      <cases>
        <case>
          <duration>0.0</duration>
          <className>com.rackspace.search.service.core.CoreTicketSecondpassSyncJobTest</className>
          <testName>should test starting job</testName>
          <skipped>false</skipped>
          <failedSince>0</failedSince>
        </case>
        <case>
          <duration>0.0</duration>
          <className>com.rackspace.search.service.core.CoreTicketSecondpassSyncJobTest</className>
          <testName>scondpass Sync job shouldn\&apos;t run when ongoing sync job is not running</testName>
          <skipped>false</skipped>
          <failedSince>0</failedSince>
        </case>
        <case>
          <duration>0.0</duration>
          <className>com.rackspace.search.service.core.CoreTicketSecondpassSyncJobTest</className>
          <testName>should iterate when there are more than one page of records</testName>
          <skipped>false</skipped>
          <failedSince>0</failedSince>
        </case>
        <case>
          <duration>0.799</duration>
          <className>com.rackspace.search.service.core.CoreTicketSecondpassSyncJobTest</className>
          <testName>shouldn\&apos;t pass already synced records to actor</testName>
          <skipped>false</skipped>
          <failedSince>0</failedSince>
        </case>
        <case>
          <duration>0.0</duration>
          <className>com.rackspace.search.service.core.CoreTicketSecondpassSyncJobTest</className>
          <testName>should create syncRequest when there are tickets to sync</testName>
          <skipped>false</skipped>
          <failedSince>0</failedSince>
        </case>
        <case>
          <duration>0.0</duration>
          <className>com.rackspace.search.service.core.CoreTicketSecondpassSyncJobTest</className>
          <testName>shouldn\&apos;t create syncRequest when no tickets to sync</testName>
          <skipped>false</skipped>
          <failedSince>0</failedSince>
        </case>
      </cases>
    </suite>
    <suite>
      <file>/var/lib/jenkins/jobs/TSearchUnittest/workspace/service/target/surefire-reports/TEST-com.rackspace.search.service.zendesk.ZendeskGroupOnetimeSyncActorTest.xml</file>
      <name>com.rackspace.search.service.zendesk.ZendeskGroupOnetimeSyncActorTest</name>
      <duration>0.036</duration>
      <cases>
        <case>
          <duration>0.022</duration>
          <className>com.rackspace.search.service.zendesk.ZendeskGroupOnetimeSyncActorTest</className>
          <testName>should post data to searchClient</testName>
          <skipped>false</skipped>
          <failedSince>0</failedSince>
        </case>
        <case>
          <duration>0.0050</duration>
          <className>com.rackspace.search.service.zendesk.ZendeskGroupOnetimeSyncActorTest</className>
          <testName>multiple messages to actor result in posting multiple payloads to searchClient</testName>
          <skipped>false</skipped>
          <failedSince>0</failedSince>
        </case>
        <case>
          <duration>0.0090</duration>
          <className>com.rackspace.search.service.zendesk.ZendeskGroupOnetimeSyncActorTest</className>
          <testName>should test when completed message is sent</testName>
          <skipped>false</skipped>
          <failedSince>0</failedSince>
        </case>
      </cases>
    </suite>
    <suite>
      <file>/var/lib/jenkins/jobs/TSearchUnittest/workspace/service/target/surefire-reports/TEST-com.rackspace.search.service.zendesk.ZendeskGroupOnetimeSyncJobTest.xml</file>
      <name>com.rackspace.search.service.zendesk.ZendeskGroupOnetimeSyncJobTest</name>
      <duration>0.094000004</duration>
      <cases>
        <case>
          <duration>0.026</duration>
          <className>com.rackspace.search.service.zendesk.ZendeskGroupOnetimeSyncJobTest</className>
          <testName>should test starting job</testName>
          <skipped>false</skipped>
          <failedSince>0</failedSince>
        </case>
        <case>
          <duration>0.064</duration>
          <className>com.rackspace.search.service.zendesk.ZendeskGroupOnetimeSyncJobTest</className>
          <testName>should test sync groups</testName>
          <skipped>false</skipped>
          <failedSince>0</failedSince>
        </case>
        <case>
          <duration>0.0040</duration>
          <className>com.rackspace.search.service.zendesk.ZendeskGroupOnetimeSyncJobTest</className>
          <testName>should test sync groups -- stopping the sync</testName>
          <skipped>false</skipped>
          <failedSince>0</failedSince>
        </case>
      </cases>
    </suite>
    <suite>
      <file>/var/lib/jenkins/jobs/TSearchUnittest/workspace/service/target/surefire-reports/TEST-com.rackspace.search.service.zendesk.ZendeskGroupOngoingSyncActorTest.xml</file>
      <name>com.rackspace.search.service.zendesk.ZendeskGroupOngoingSyncActorTest</name>
      <duration>0.0</duration>
      <cases>
        <case>
          <duration>0.0</duration>
          <className>com.rackspace.search.service.zendesk.ZendeskGroupOngoingSyncActorTest</className>
          <testName>should post data to searchClient</testName>
          <skipped>false</skipped>
          <failedSince>0</failedSince>
        </case>
        <case>
          <duration>0.0</duration>
          <className>com.rackspace.search.service.zendesk.ZendeskGroupOngoingSyncActorTest</className>
          <testName>multiple messages to actor result in posting multiple payloads to searchClient</testName>
          <skipped>false</skipped>
          <failedSince>0</failedSince>
        </case>
      </cases>
    </suite>
    <suite>
      <file>/var/lib/jenkins/jobs/TSearchUnittest/workspace/service/target/surefire-reports/TEST-com.rackspace.search.service.zendesk.ZendeskGroupOngoingSyncJobTest.xml</file>
      <name>com.rackspace.search.service.zendesk.ZendeskGroupOngoingSyncJobTest</name>
      <duration>0.0</duration>
      <cases>
        <case>
          <duration>0.0</duration>
          <className>com.rackspace.search.service.zendesk.ZendeskGroupOngoingSyncJobTest</className>
          <testName>should test sync groups</testName>
          <skipped>false</skipped>
          <failedSince>0</failedSince>
        </case>
        <case>
          <duration>0.0</duration>
          <className>com.rackspace.search.service.zendesk.ZendeskGroupOngoingSyncJobTest</className>
          <testName>should test sync groups -- stopping the sync</testName>
          <skipped>false</skipped>
          <failedSince>0</failedSince>
        </case>
      </cases>
    </suite>
    <suite>
      <file>/var/lib/jenkins/jobs/TSearchUnittest/workspace/service/target/surefire-reports/TEST-com.rackspace.search.service.zendesk.ZendeskSearchResultProcessorTest.xml</file>
      <name>com.rackspace.search.service.zendesk.ZendeskSearchResultProcessorTest</name>
      <duration>0.0090</duration>
      <cases>
        <case>
          <duration>0.0090</duration>
          <className>com.rackspace.search.service.zendesk.ZendeskSearchResultProcessorTest</className>
          <testName>make sure date in millis is converted to UTC time zone</testName>
          <skipped>false</skipped>
          <failedSince>0</failedSince>
        </case>
      </cases>
    </suite>
    <suite>
      <file>/var/lib/jenkins/jobs/TSearchUnittest/workspace/service/target/surefire-reports/TEST-com.rackspace.search.service.zendesk.ZendeskTicketOnetimeSyncActorTest.xml</file>
      <name>com.rackspace.search.service.zendesk.ZendeskTicketOnetimeSyncActorTest</name>
      <duration>0.047</duration>
      <cases>
        <case>
          <duration>0.027</duration>
          <className>com.rackspace.search.service.zendesk.ZendeskTicketOnetimeSyncActorTest</className>
          <testName>should post data to searchClient</testName>
          <skipped>false</skipped>
          <failedSince>0</failedSince>
        </case>
        <case>
          <duration>0.017</duration>
          <className>com.rackspace.search.service.zendesk.ZendeskTicketOnetimeSyncActorTest</className>
          <testName>multiple messages to actor result in posting multiple payloads to searchClient</testName>
          <skipped>false</skipped>
          <failedSince>0</failedSince>
        </case>
        <case>
          <duration>0.0030</duration>
          <className>com.rackspace.search.service.zendesk.ZendeskTicketOnetimeSyncActorTest</className>
          <testName>should test when completed message is sent</testName>
          <skipped>false</skipped>
          <failedSince>0</failedSince>
        </case>
      </cases>
    </suite>
    <suite>
      <file>/var/lib/jenkins/jobs/TSearchUnittest/workspace/service/target/surefire-reports/TEST-com.rackspace.search.service.zendesk.ZendeskTicketOnetimeSyncJobTest.xml</file>
      <name>com.rackspace.search.service.zendesk.ZendeskTicketOnetimeSyncJobTest</name>
      <duration>0.16</duration>
      <cases>
        <case>
          <duration>0.146</duration>
          <className>com.rackspace.search.service.zendesk.ZendeskTicketOnetimeSyncJobTest</className>
          <testName>should test starting job</testName>
          <skipped>false</skipped>
          <failedSince>0</failedSince>
        </case>
        <case>
          <duration>0.0090</duration>
          <className>com.rackspace.search.service.zendesk.ZendeskTicketOnetimeSyncJobTest</className>
          <testName>should test sync tickets</testName>
          <skipped>false</skipped>
          <failedSince>0</failedSince>
        </case>
        <case>
          <duration>0.0050</duration>
          <className>com.rackspace.search.service.zendesk.ZendeskTicketOnetimeSyncJobTest</className>
          <testName>should test sync users -- stopping the sync</testName>
          <skipped>false</skipped>
          <failedSince>0</failedSince>
        </case>
      </cases>
    </suite>
    <suite>
      <file>/var/lib/jenkins/jobs/TSearchUnittest/workspace/service/target/surefire-reports/TEST-com.rackspace.search.service.zendesk.ZendeskTicketOngoingSyncActorTest.xml</file>
      <name>com.rackspace.search.service.zendesk.ZendeskTicketOngoingSyncActorTest</name>
      <duration>0.0</duration>
      <cases>
        <case>
          <duration>0.0</duration>
          <className>com.rackspace.search.service.zendesk.ZendeskTicketOngoingSyncActorTest</className>
          <testName>should post data to searchClient</testName>
          <skipped>false</skipped>
          <failedSince>0</failedSince>
        </case>
        <case>
          <duration>0.0</duration>
          <className>com.rackspace.search.service.zendesk.ZendeskTicketOngoingSyncActorTest</className>
          <testName>multiple messages to actor result in posting multiple payloads to searchClient</testName>
          <skipped>false</skipped>
          <failedSince>0</failedSince>
        </case>
      </cases>
    </suite>
    <suite>
      <file>/var/lib/jenkins/jobs/TSearchUnittest/workspace/service/target/surefire-reports/TEST-com.rackspace.search.service.zendesk.ZendeskTicketOngoingSyncJobTest.xml</file>
      <name>com.rackspace.search.service.zendesk.ZendeskTicketOngoingSyncJobTest</name>
      <duration>0.1</duration>
      <cases>
        <case>
          <duration>0.1</duration>
          <className>com.rackspace.search.service.zendesk.ZendeskTicketOngoingSyncJobTest</className>
          <testName>should test sync tickets</testName>
          <skipped>false</skipped>
          <failedSince>0</failedSince>
        </case>
        <case>
          <duration>0.0</duration>
          <className>com.rackspace.search.service.zendesk.ZendeskTicketOngoingSyncJobTest</className>
          <testName>should test sync tickets -- stopping the sync</testName>
          <skipped>false</skipped>
          <failedSince>0</failedSince>
        </case>
      </cases>
    </suite>
    <suite>
      <file>/var/lib/jenkins/jobs/TSearchUnittest/workspace/service/target/surefire-reports/TEST-com.rackspace.search.service.zendesk.ZendeskTicketProcessorTest.xml</file>
      <name>com.rackspace.search.service.zendesk.ZendeskTicketProcessorTest</name>
      <duration>0.0</duration>
      <cases>
        <case>
          <duration>0.0</duration>
          <className>com.rackspace.search.service.zendesk.ZendeskTicketProcessorTest</className>
          <testName>make sure date in millis is converted to UTC time zone</testName>
          <skipped>false</skipped>
          <failedSince>0</failedSince>
        </case>
        <case>
          <duration>0.0</duration>
          <className>com.rackspace.search.service.zendesk.ZendeskTicketProcessorTest</className>
          <testName>make sure millis is added</testName>
          <skipped>false</skipped>
          <failedSince>0</failedSince>
        </case>
        <case>
          <duration>0.0</duration>
          <className>com.rackspace.search.service.zendesk.ZendeskTicketProcessorTest</className>
          <testName>make sure millis is not added</testName>
          <skipped>false</skipped>
          <failedSince>0</failedSince>
        </case>
      </cases>
    </suite>
    <suite>
      <file>/var/lib/jenkins/jobs/TSearchUnittest/workspace/service/target/surefire-reports/TEST-com.rackspace.search.service.zendesk.ZendeskUserOnetimeSyncActorTest.xml</file>
      <name>com.rackspace.search.service.zendesk.ZendeskUserOnetimeSyncActorTest</name>
      <duration>0.0</duration>
      <cases>
        <case>
          <duration>0.0</duration>
          <className>com.rackspace.search.service.zendesk.ZendeskUserOnetimeSyncActorTest</className>
          <testName>should post data to searchClient</testName>
          <skipped>false</skipped>
          <failedSince>0</failedSince>
        </case>
        <case>
          <duration>0.0</duration>
          <className>com.rackspace.search.service.zendesk.ZendeskUserOnetimeSyncActorTest</className>
          <testName>multiple messages to actor result in posting multiple payloads to searchClient</testName>
          <skipped>false</skipped>
          <failedSince>0</failedSince>
        </case>
        <case>
          <duration>0.0</duration>
          <className>com.rackspace.search.service.zendesk.ZendeskUserOnetimeSyncActorTest</className>
          <testName>should test when completed message is sent</testName>
          <skipped>false</skipped>
          <failedSince>0</failedSince>
        </case>
      </cases>
    </suite>
    <suite>
      <file>/var/lib/jenkins/jobs/TSearchUnittest/workspace/service/target/surefire-reports/TEST-com.rackspace.search.service.zendesk.ZendeskUserOnetimeSyncJobTest.xml</file>
      <name>com.rackspace.search.service.zendesk.ZendeskUserOnetimeSyncJobTest</name>
      <duration>0.114</duration>
      <cases>
        <case>
          <duration>0.104</duration>
          <className>com.rackspace.search.service.zendesk.ZendeskUserOnetimeSyncJobTest</className>
          <testName>should test starting job</testName>
          <skipped>false</skipped>
          <failedSince>0</failedSince>
        </case>
        <case>
          <duration>0.0060</duration>
          <className>com.rackspace.search.service.zendesk.ZendeskUserOnetimeSyncJobTest</className>
          <testName>should test sync users</testName>
          <skipped>false</skipped>
          <failedSince>0</failedSince>
        </case>
        <case>
          <duration>0.0040</duration>
          <className>com.rackspace.search.service.zendesk.ZendeskUserOnetimeSyncJobTest</className>
          <testName>should test sync users -- stopping the sync</testName>
          <skipped>false</skipped>
          <failedSince>0</failedSince>
        </case>
      </cases>
    </suite>
    <suite>
      <file>/var/lib/jenkins/jobs/TSearchUnittest/workspace/service/target/surefire-reports/TEST-com.rackspace.search.service.zendesk.ZendeskUserOngoingSyncActorTest.xml</file>
      <name>com.rackspace.search.service.zendesk.ZendeskUserOngoingSyncActorTest</name>
      <duration>0.533</duration>
      <cases>
        <case>
          <duration>0.533</duration>
          <className>com.rackspace.search.service.zendesk.ZendeskUserOngoingSyncActorTest</className>
          <testName>should post data to searchClient</testName>
          <skipped>false</skipped>
          <failedSince>0</failedSince>
        </case>
        <case>
          <duration>0.0</duration>
          <className>com.rackspace.search.service.zendesk.ZendeskUserOngoingSyncActorTest</className>
          <testName>multiple messages to actor result in posting multiple payloads to searchClient</testName>
          <skipped>false</skipped>
          <failedSince>0</failedSince>
        </case>
      </cases>
    </suite>
    <suite>
      <file>/var/lib/jenkins/jobs/TSearchUnittest/workspace/service/target/surefire-reports/TEST-com.rackspace.search.service.zendesk.ZendeskUserOngoingSyncJobTest.xml</file>
      <name>com.rackspace.search.service.zendesk.ZendeskUserOngoingSyncJobTest</name>
      <duration>0.71999997</duration>
      <cases>
        <case>
          <duration>0.715</duration>
          <className>com.rackspace.search.service.zendesk.ZendeskUserOngoingSyncJobTest</className>
          <testName>should test sync users</testName>
          <skipped>false</skipped>
          <failedSince>0</failedSince>
        </case>
        <case>
          <duration>0.0050</duration>
          <className>com.rackspace.search.service.zendesk.ZendeskUserOngoingSyncJobTest</className>
          <testName>should test sync users -- stopping the sync</testName>
          <skipped>false</skipped>
          <failedSince>0</failedSince>
        </case>
      </cases>
    </suite>
    <suite>
      <file>/var/lib/jenkins/jobs/TSearchUnittest/workspace/service/target/surefire-reports/TEST-com.rackspace.search.util.DateUtilTest.xml</file>
      <name>com.rackspace.search.util.DateUtilTest</name>
      <duration>0.0030</duration>
      <cases>
        <case>
          <duration>0.0030</duration>
          <className>com.rackspace.search.util.DateUtilTest</className>
          <testName>test parse core date</testName>
          <skipped>false</skipped>
          <failedSince>0</failedSince>
        </case>
      </cases>
    </suite>
  </suites>
  <duration>20.661</duration>
  <keepLongStdio>false</keepLongStdio>
</result>